status file for recon-all
Sun Mar  8 20:40:27 CET 2026
#@# MotionCor Sun Mar  8 20:40:29 CET 2026
#@# Talairach Sun Mar  8 20:40:36 CET 2026
#@# Talairach Failure Detection Sun Mar  8 20:45:00 CET 2026
#@# Nu Intensity Correction Sun Mar  8 20:45:00 CET 2026
#@# Intensity Normalization Sun Mar  8 20:48:14 CET 2026
recon-all -s sub-v1s15x0050200_ses-1 finished without error at Sun Mar  8 20:49:49 CET 2026



#New# invocation of recon-all 



status file for recon-all
Sun Mar  8 20:56:50 CET 2026
#@# EM Registration Sun Mar  8 20:56:50 CET 2026
recon-all -s sub-v1s15x0050200_ses-1 finished without error at Sun Mar  8 20:58:28 CET 2026



#New# invocation of recon-all 



status file for recon-all
Sun Mar  8 20:58:31 CET 2026
#@# CA Normalize Sun Mar  8 20:58:31 CET 2026
#@# CA Reg Sun Mar  8 20:59:54 CET 2026
#@# SubCort Seg Sun Mar  8 21:44:10 CET 2026
#@# CC Seg Sun Mar  8 22:12:51 CET 2026
#@# Merge ASeg Sun Mar  8 22:13:47 CET 2026
#@# Intensity Normalization2 Sun Mar  8 22:13:47 CET 2026
#@# Mask BFS Sun Mar  8 22:16:11 CET 2026
#@# WM Segmentation Sun Mar  8 22:16:12 CET 2026
#@# Fill Sun Mar  8 22:18:06 CET 2026
recon-all -s sub-v1s15x0050200_ses-1 finished without error at Sun Mar  8 22:19:08 CET 2026



#New# invocation of recon-all 



status file for recon-all
Sun Mar  8 23:11:06 CET 2026
#@# white curv lh Sun Mar  8 23:11:06 CET 2026
#@# white area lh Sun Mar  8 23:11:06 CET 2026
#@# pial curv lh Sun Mar  8 23:11:06 CET 2026
#@# pial area lh Sun Mar  8 23:11:06 CET 2026
#@# thickness lh Sun Mar  8 23:11:06 CET 2026
#@# area and vertex vol lh Sun Mar  8 23:11:06 CET 2026
#@# white curv rh Sun Mar  8 23:11:06 CET 2026
#@# white area rh Sun Mar  8 23:11:06 CET 2026
#@# pial curv rh Sun Mar  8 23:11:06 CET 2026
#@# pial area rh Sun Mar  8 23:11:06 CET 2026
#@# thickness rh Sun Mar  8 23:11:06 CET 2026
#@# area and vertex vol rh Sun Mar  8 23:11:06 CET 2026
#@# Cortical ribbon mask Sun Mar  8 23:11:06 CET 2026
recon-all -s sub-v1s15x0050200_ses-1 finished without error at Sun Mar  8 23:19:07 CET 2026



#New# invocation of recon-all 



status file for recon-all
Sun Mar  8 23:25:14 CET 2026
#@# white curv lh Sun Mar  8 23:25:14 CET 2026
#@# white area lh Sun Mar  8 23:25:14 CET 2026
#@# pial curv lh Sun Mar  8 23:25:14 CET 2026
#@# pial area lh Sun Mar  8 23:25:14 CET 2026
#@# thickness lh Sun Mar  8 23:25:14 CET 2026
#@# area and vertex vol lh Sun Mar  8 23:25:14 CET 2026
#@# white curv rh Sun Mar  8 23:25:14 CET 2026
#@# white area rh Sun Mar  8 23:25:14 CET 2026
#@# pial curv rh Sun Mar  8 23:25:14 CET 2026
#@# pial area rh Sun Mar  8 23:25:14 CET 2026
#@# thickness rh Sun Mar  8 23:25:14 CET 2026
#@# area and vertex vol rh Sun Mar  8 23:25:14 CET 2026
#@# Curvature Stats lh Sun Mar  8 23:25:14 CET 2026
#@# Curvature Stats rh Sun Mar  8 23:25:16 CET 2026
#@# Relabel Hypointensities Sun Mar  8 23:25:18 CET 2026
#@# APas-to-ASeg Sun Mar  8 23:25:33 CET 2026
#@# AParc-to-ASeg aparc Sun Mar  8 23:25:41 CET 2026
#@# AParc-to-ASeg aparc.a2009s Sun Mar  8 23:26:18 CET 2026
#@# AParc-to-ASeg aparc.DKTatlas Sun Mar  8 23:26:54 CET 2026
#@# WMParc Sun Mar  8 23:27:31 CET 2026
#@# ASeg Stats Sun Mar  8 23:31:03 CET 2026
recon-all -s sub-v1s15x0050200_ses-1 finished without error at Sun Mar  8 23:31:33 CET 2026
