status file for recon-all
Sun Mar  8 22:19:12 CET 2026
#@# Tessellate lh Sun Mar  8 22:19:12 CET 2026
#@# Smooth1 lh Sun Mar  8 22:19:16 CET 2026
#@# Inflation1 lh Sun Mar  8 22:19:18 CET 2026
#@# QSphere lh Sun Mar  8 22:19:29 CET 2026
#@# Fix Topology lh Sun Mar  8 22:20:21 CET 2026
#@# Smooth2 lh Sun Mar  8 22:35:00 CET 2026
#@# Inflation2 lh Sun Mar  8 22:35:03 CET 2026
#@# Curv .H and .K lh Sun Mar  8 22:35:14 CET 2026
#@# Sphere lh Sun Mar  8 22:36:02 CET 2026
#@# Surf Reg lh Sun Mar  8 22:39:33 CET 2026
#@# Jacobian white lh Sun Mar  8 22:43:10 CET 2026
#@# AvgCurv lh Sun Mar  8 22:43:11 CET 2026
#@# Cortical Parc lh Sun Mar  8 22:43:12 CET 2026
#@# white curv lh Sun Mar  8 22:49:34 CET 2026
#@# white area lh Sun Mar  8 22:49:35 CET 2026
#@# pial curv lh Sun Mar  8 22:49:36 CET 2026
#@# pial area lh Sun Mar  8 22:49:37 CET 2026
#@# thickness lh Sun Mar  8 22:49:38 CET 2026
#@# area and vertex vol lh Sun Mar  8 22:50:09 CET 2026
#@# Curvature Stats lh Sun Mar  8 22:50:10 CET 2026
#@# Cortical Parc 2 lh Sun Mar  8 22:50:13 CET 2026
#@# Cortical Parc 3 lh Sun Mar  8 22:50:26 CET 2026
#@# WM/GM Contrast lh Sun Mar  8 22:50:36 CET 2026
recon-all -s sub-v1s15x0050200_ses-1 finished without error at Sun Mar  8 22:50:38 CET 2026



#New# invocation of recon-all 



status file for recon-all
Sun Mar  8 23:19:14 CET 2026
#@# white curv lh Sun Mar  8 23:19:14 CET 2026
#@# white area lh Sun Mar  8 23:19:14 CET 2026
#@# pial curv lh Sun Mar  8 23:19:14 CET 2026
#@# pial area lh Sun Mar  8 23:19:14 CET 2026
#@# thickness lh Sun Mar  8 23:19:14 CET 2026
#@# area and vertex vol lh Sun Mar  8 23:19:14 CET 2026
#@# Parcellation Stats lh Sun Mar  8 23:19:14 CET 2026
#@# Parcellation Stats 2 lh Sun Mar  8 23:19:33 CET 2026
#@# Parcellation Stats 3 lh Sun Mar  8 23:19:43 CET 2026
#@# BA_exvivo Labels lh Sun Mar  8 23:19:53 CET 2026
recon-all -s sub-v1s15x0050200_ses-1 finished without error at Sun Mar  8 23:22:18 CET 2026
