status file for recon-all
Sun Mar  8 22:17:56 CET 2026
#@# Tessellate lh Sun Mar  8 22:17:56 CET 2026
#@# Smooth1 lh Sun Mar  8 22:18:00 CET 2026
#@# Inflation1 lh Sun Mar  8 22:18:02 CET 2026
#@# QSphere lh Sun Mar  8 22:18:12 CET 2026
#@# Fix Topology lh Sun Mar  8 22:19:14 CET 2026
#@# Smooth2 lh Sun Mar  8 22:25:36 CET 2026
#@# Inflation2 lh Sun Mar  8 22:25:39 CET 2026
#@# Curv .H and .K lh Sun Mar  8 22:25:50 CET 2026
#@# Sphere lh Sun Mar  8 22:26:41 CET 2026
#@# Surf Reg lh Sun Mar  8 22:29:51 CET 2026
#@# Jacobian white lh Sun Mar  8 22:33:19 CET 2026
#@# AvgCurv lh Sun Mar  8 22:33:20 CET 2026
#@# Cortical Parc lh Sun Mar  8 22:33:21 CET 2026
#@# white curv lh Sun Mar  8 22:39:44 CET 2026
#@# white area lh Sun Mar  8 22:39:45 CET 2026
#@# pial curv lh Sun Mar  8 22:39:46 CET 2026
#@# pial area lh Sun Mar  8 22:39:48 CET 2026
#@# thickness lh Sun Mar  8 22:39:48 CET 2026
#@# area and vertex vol lh Sun Mar  8 22:40:21 CET 2026
#@# Curvature Stats lh Sun Mar  8 22:40:22 CET 2026
#@# Cortical Parc 2 lh Sun Mar  8 22:40:25 CET 2026
#@# Cortical Parc 3 lh Sun Mar  8 22:40:38 CET 2026
#@# WM/GM Contrast lh Sun Mar  8 22:40:48 CET 2026
recon-all -s sub-v1s15x0050201_ses-1 finished without error at Sun Mar  8 22:40:51 CET 2026



#New# invocation of recon-all 



status file for recon-all
Sun Mar  8 23:19:28 CET 2026
#@# white curv lh Sun Mar  8 23:19:28 CET 2026
#@# white area lh Sun Mar  8 23:19:28 CET 2026
#@# pial curv lh Sun Mar  8 23:19:28 CET 2026
#@# pial area lh Sun Mar  8 23:19:28 CET 2026
#@# thickness lh Sun Mar  8 23:19:28 CET 2026
#@# area and vertex vol lh Sun Mar  8 23:19:28 CET 2026
#@# Parcellation Stats lh Sun Mar  8 23:19:28 CET 2026
#@# Parcellation Stats 2 lh Sun Mar  8 23:19:50 CET 2026
#@# Parcellation Stats 3 lh Sun Mar  8 23:20:01 CET 2026
#@# BA_exvivo Labels lh Sun Mar  8 23:20:11 CET 2026
recon-all -s sub-v1s15x0050201_ses-1 finished without error at Sun Mar  8 23:22:41 CET 2026
