/out/sourcedata/freesurfer/sub-v1s15x0050208_ses-1/mri
/opt/freesurfer/bin/talairach_avi
--i orig_nu.mgz --xfm transforms/talairach.auto.xfm
talairach_avi 7.3.2
Linux dna063 5.14.0-427.37.1.el9_4.x86_64 #1 SMP PREEMPT_DYNAMIC Fri Sep 13 12:41:50 EDT 2024 x86_64 x86_64 x86_64 GNU/Linux
Sun Mar  8 21:24:59 CET 2026
mri_convert orig_nu.mgz talsrcimg.img 
reading from orig_nu.mgz...
TR=0.00, TE=0.00, TI=0.00, flip angle=0.00
i_ras = (-1, 0, 0)
j_ras = (0, 0, -1)
k_ras = (0, 1, 0)
writing to talsrcimg.img...
Analyze Output Matrix
-1.00000   0.00000   0.00000   134.18750;
 0.00000   0.00000   1.00000  -121.70300;
 0.00000  -1.00000   0.00000   108.75800;
 0.00000   0.00000   0.00000   1.00000;
--------------------
INFO: set hdr.hist.orient to -1
mpr2mni305 talsrcimg
Sun Mar  8 21:24:59 CET 2026
/opt/freesurfer/bin/mpr2mni305 talsrcimg
mpr2mni305 7.3.2
target=711-2C_as_mni_average_305

---------------------------------------------------------------------
analyzeto4dfp talsrcimg -O0 -y
---------------------------------------------------------------------

freesurfer ifh2hdr.c
Sun Mar  8 21:24:59 2026
Writing: talsrcimg.4dfp.hdr
freesurfer analyzeto4dfp.c
Reading: talsrcimg.hdr
header size 348 bytes
hdr.dime.datatype	offset=70	value=2
hdr.dime.bitpix		offset=72	value=8
hdr.hist.orient		offset=252	value=-1
dimensionality     4
dimensions       256       256       256         1
Reading: talsrcimg.img
Writing: talsrcimg.4dfp.img
Writing: talsrcimg.4dfp.ifh
ifh2hdr talsrcimg -r0to232
ori=2

---------------------------------------------------------------------
gauss_4dfp talsrcimg 1.1
---------------------------------------------------------------------

freesurfer gauss_4dfp.c
Reading: talsrcimg.4dfp.img
Writing: talsrcimg_g11.4dfp.img
image dimensions 256 256 256 padded to 288 288 288
processing volume 1freesurfer ifh2hdr.c
Sun Mar  8 21:25:01 2026
Writing: talsrcimg_g11.4dfp.hdr

Writing: talsrcimg_g11.4dfp.ifh
including: talsrcimg.4dfp.img.rec in talsrcimg_g11.4dfp.img.rec

---------------------------------------------------------------------
imgreg_4dfp /opt/freesurfer/average/711-2C_as_mni_average_305 none talsrcimg_g11 none talsrcimg_to_711-2C_as_mni_average_305_t4 4355
---------------------------------------------------------------------

freesurfer imgreg_4dfp.c
/opt/freesurfer/average/711-2C_as_mni_average_305.4dfp.img
       256       256       256         1
  1.000000  1.000000  1.000000
orientation T byte_order littleendian
Reading image: /opt/freesurfer/average/711-2C_as_mni_average_305.4dfp.img
dimensions:      256       256       256
mmppix:       1.0000   -1.0000   -1.0000
center:     128.0000 -129.0000 -129.0000
talsrcimg_g11.4dfp.img
       256       256       256         1
  1.000000  1.000000  1.000000
orientation T byte_order littleendian
Reading image: talsrcimg_g11.4dfp.img
dimensions:      256       256       256
mmppix:       1.0000   -1.0000   -1.0000
center:     128.0000 -129.0000 -129.0000
t4_read: open error in t4_sub.f l:  41 t4_file(1:l)talsrcimg_to_711-2C_as_mni_average_305_t4 
t4_read: transform initialized to I4
rotation matrix determinant  1.000000
image alignment mode   4355 decimal     1103 hex
   -7.5000  -45.0000  -45.0000 5683.3599   20.6143
    0.0000  -45.0000  -45.0000 5918.6812   20.6499
    7.5000  -45.0000  -45.0000 5661.9331   20.6252
   -7.5000  -37.5000  -45.0000 6228.7163   20.1483
    0.0000  -37.5000  -45.0000 6488.1084   20.1718
    7.5000  -37.5000  -45.0000 6221.4033   20.1389
   -7.5000  -30.0000  -45.0000 7059.1089   20.0716
    0.0000  -30.0000  -45.0000 7353.9761   20.0824
    7.5000  -30.0000  -45.0000 7049.2368   20.0415
   -7.5000  -22.5000  -45.0000 7958.6494   20.0709
    0.0000  -22.5000  -45.0000 8284.2842   20.0811
    7.5000  -22.5000  -45.0000 7937.3735   20.0419
   -7.5000  -15.0000  -45.0000 8851.0088   20.0671
    0.0000  -15.0000  -45.0000 9219.1055   20.0878
    7.5000  -15.0000  -45.0000 8811.3652   20.0561
   -7.5000   -7.5000  -45.0000 9737.3252   20.0495
    0.0000   -7.5000  -45.000010121.9326   20.0821
    7.5000   -7.5000  -45.0000 9659.8447   20.0580
   -7.5000    0.0000  -45.000010475.9004   20.0364
    0.0000    0.0000  -45.000010897.1875   20.0711
    7.5000    0.0000  -45.000010397.3730   20.0479
   -7.5000    7.5000  -45.000010407.2754   20.0464
    0.0000    7.5000  -45.000010810.7148   20.0696
    7.5000    7.5000  -45.000010329.1221   20.0371
   -7.5000   15.0000  -45.000010241.4102   20.0632
    0.0000   15.0000  -45.000010648.0283   20.0738
    7.5000   15.0000  -45.000010169.2422   20.0329
   -7.5000   22.5000  -45.000010016.5654   20.0680
    0.0000   22.5000  -45.000010410.2266   20.0782
    7.5000   22.5000  -45.0000 9968.2822   20.0390
   -7.5000   30.0000  -45.0000 9640.9482   19.7997
    0.0000   30.0000  -45.000010059.0205   19.8201
    7.5000   30.0000  -45.0000 9664.6787   19.7889
   -7.5000   37.5000  -45.0000 9580.7246   19.7823
    0.0000   37.5000  -45.0000 9988.7402   19.8145
    7.5000   37.5000  -45.0000 9616.5479   19.7907
   -7.5000   45.0000  -45.0000 9131.3008   19.2674
    0.0000   45.0000  -45.0000 9497.6455   19.3008
    7.5000   45.0000  -45.0000 9144.3057   19.2784
   -7.5000  -45.0000  -37.5000 6029.7939   20.4654
    0.0000  -45.0000  -37.5000 6272.1475   20.4989
    7.5000  -45.0000  -37.5000 6040.9590   20.4928
   -7.5000  -37.5000  -37.5000 6617.6660   20.0097
    0.0000  -37.5000  -37.5000 6885.8428   20.0331
    7.5000  -37.5000  -37.5000 6625.8145   20.0183
   -7.5000  -30.0000  -37.5000 7518.7422   19.9422
    0.0000  -30.0000  -37.5000 7844.0513   19.9566
    7.5000  -30.0000  -37.5000 7531.3096   19.9338
   -7.5000  -22.5000  -37.5000 8494.6846   19.9453
    0.0000  -22.5000  -37.5000 8860.8086   19.9605
    7.5000  -22.5000  -37.5000 8487.1855   19.9389
   -7.5000  -15.0000  -37.5000 9451.3086   19.9371
    0.0000  -15.0000  -37.5000 9855.1367   19.9611
    7.5000  -15.0000  -37.5000 9418.0703   19.9472
   -7.5000   -7.5000  -37.500010360.4072   19.9124
    0.0000   -7.5000  -37.500010798.3506   19.9446
    7.5000   -7.5000  -37.500010303.5264   19.9382
   -7.5000    0.0000  -37.500011134.5938   19.8958
    0.0000    0.0000  -37.500011587.2754   19.9282
    7.5000    0.0000  -37.500011073.8467   19.9225
   -7.5000    7.5000  -37.500011015.0166   19.9093
    0.0000    7.5000  -37.500011477.9600   19.9325
    7.5000    7.5000  -37.500010967.9619   19.9178
   -7.5000   15.0000  -37.500010818.5254   19.9339
    0.0000   15.0000  -37.500011293.6260   19.9482
    7.5000   15.0000  -37.500010780.8984   19.9253
   -7.5000   22.5000  -37.500010567.4922   19.9424
    0.0000   22.5000  -37.500011044.2217   19.9576
    7.5000   22.5000  -37.500010556.4395   19.9360
   -7.5000   30.0000  -37.500010180.9795   19.6714
    0.0000   30.0000  -37.500010657.6475   19.6951
    7.5000   30.0000  -37.500010203.6250   19.6813
   -7.5000   37.5000  -37.500010133.9297   19.6470
    0.0000   37.5000  -37.500010584.5322   19.6788
    7.5000   37.5000  -37.500010139.8057   19.6725
   -7.5000   45.0000  -37.5000 9636.5791   19.1322
    0.0000   45.0000  -37.500010039.1729   19.1634
    7.5000   45.0000  -37.5000 9631.0986   19.1579
   -7.5000  -45.0000  -30.0000 6481.0830   21.3259
    0.0000  -45.0000  -30.0000 6753.8364   21.3603
    7.5000  -45.0000  -30.0000 6496.6196   21.3745
   -7.5000  -37.5000  -30.0000 7125.7993   20.8475
    0.0000  -37.5000  -30.0000 7438.2900   20.8705
    7.5000  -37.5000  -30.0000 7156.5664   20.8747
   -7.5000  -30.0000  -30.0000 8162.2676   20.7847
    0.0000  -30.0000  -30.0000 8534.6133   20.7996
    7.5000  -30.0000  -30.0000 8191.4297   20.7957
   -7.5000  -22.5000  -30.0000 9233.0850   20.8001
    0.0000  -22.5000  -30.0000 9643.5312   20.8183
    7.5000  -22.5000  -30.0000 9237.7656   20.8165
   -7.5000  -15.0000  -30.000010260.5625   20.7953
    0.0000  -15.0000  -30.000010725.5322   20.8240
    7.5000  -15.0000  -30.000010237.6572   20.8312
   -7.5000   -7.5000  -30.000011221.7471   20.7608
    0.0000   -7.5000  -30.000011718.3906   20.7965
    7.5000   -7.5000  -30.000011136.9512   20.8110
   -7.5000    0.0000  -30.000012064.4141   20.7324
    0.0000    0.0000  -30.000012544.3154   20.7657
    7.5000    0.0000  -30.000011956.4932   20.7794
   -7.5000    7.5000  -30.000011918.0742   20.7429
    0.0000    7.5000  -30.000012430.3105   20.7657
    7.5000    7.5000  -30.000011838.0742   20.7699
   -7.5000   15.0000  -30.000011703.3906   20.7761
    0.0000   15.0000  -30.000012218.2959   20.7908
    7.5000   15.0000  -30.000011620.5029   20.7868
   -7.5000   22.5000  -30.000011429.4043   20.7950
    0.0000   22.5000  -30.000011966.7861   20.8131
    7.5000   22.5000  -30.000011378.5996   20.8114
   -7.5000   30.0000  -30.000010994.0010   20.5202
    0.0000   30.0000  -30.000011523.6064   20.5485
    7.5000   30.0000  -30.000010971.3760   20.5555
   -7.5000   37.5000  -30.000010909.1123   20.4861
    0.0000   37.5000  -30.000011413.0586   20.5214
    7.5000   37.5000  -30.000010868.8252   20.5357
   -7.5000   45.0000  -30.000010313.1953   19.9513
    0.0000   45.0000  -30.000010777.1816   19.9833
    7.5000   45.0000  -30.000010291.8398   19.9965
   -7.5000  -45.0000  -22.5000 6986.5708   22.1131
    0.0000  -45.0000  -22.5000 7288.4238   22.1513
    7.5000  -45.0000  -22.5000 7001.6387   22.1659
   -7.5000  -37.5000  -22.5000 7703.4546   21.6080
    0.0000  -37.5000  -22.5000 8029.9141   21.6322
    7.5000  -37.5000  -22.5000 7714.5850   21.6360
   -7.5000  -30.0000  -22.5000 8870.1182   21.5418
    0.0000  -30.0000  -22.5000 9244.9521   21.5551
    7.5000  -30.0000  -22.5000 8848.8857   21.5510
   -7.5000  -22.5000  -22.500010011.8711   21.5674
    0.0000  -22.5000  -22.500010440.2363   21.5840
    7.5000  -22.5000  -22.5000 9965.1191   21.5832
   -7.5000  -15.0000  -22.500011113.6045   21.5713
    0.0000  -15.0000  -22.500011591.0303   21.6014
    7.5000  -15.0000  -22.500011040.0508   21.6107
   -7.5000   -7.5000  -22.500012147.2266   21.5339
    0.0000   -7.5000  -22.500012675.5859   21.5736
    7.5000   -7.5000  -22.500012029.1758   21.5900
   -7.5000    0.0000  -22.500013029.4746   21.4962
    0.0000    0.0000  -22.500013572.0830   21.5333
    7.5000    0.0000  -22.500012886.3447   21.5478
   -7.5000    7.5000  -22.500012863.8975   21.4991
    0.0000    7.5000  -22.500013419.3086   21.5233
    7.5000    7.5000  -22.500012737.1055   21.5272
   -7.5000   15.0000  -22.500012643.4121   21.5329
    0.0000   15.0000  -22.500013202.9307   21.5460
    7.5000   15.0000  -22.500012511.5254   21.5418
   -7.5000   22.5000  -22.500012322.0078   21.5605
    0.0000   22.5000  -22.500012932.3271   21.5772
    7.5000   22.5000  -22.500012235.9297   21.5764
   -7.5000   30.0000  -22.500011813.7979   21.2892
    0.0000   30.0000  -22.500012430.7002   21.3188
    7.5000   30.0000  -22.500011771.9346   21.3280
   -7.5000   37.5000  -22.500011668.8594   21.2523
    0.0000   37.5000  -22.500012267.7109   21.2914
    7.5000   37.5000  -22.500011623.7891   21.3075
   -7.5000   45.0000  -22.500011021.4912   20.7019
    0.0000   45.0000  -22.500011584.3281   20.7376
    7.5000   45.0000  -22.500011000.1367   20.7516
   -7.5000  -45.0000  -15.0000 7514.6733   22.6890
    0.0000  -45.0000  -15.0000 7828.4810   22.7287
    7.5000  -45.0000  -15.0000 7507.3696   22.7240
   -7.5000  -37.5000  -15.0000 8290.4932   22.1662
    0.0000  -37.5000  -15.0000 8635.2100   22.1895
    7.5000  -37.5000  -15.0000 8278.8857   22.1745
   -7.5000  -30.0000  -15.0000 9523.8789   22.0897
    0.0000  -30.0000  -15.0000 9916.0791   22.0974
    7.5000  -30.0000  -15.0000 9486.3438   22.0746
   -7.5000  -22.5000  -15.000010765.8242   22.1116
    0.0000  -22.5000  -15.000011221.5332   22.1209
    7.5000  -22.5000  -15.000010691.9629   22.1022
   -7.5000  -15.0000  -15.000011948.7578   22.1201
    0.0000  -15.0000  -15.000012456.6377   22.1448
    7.5000  -15.0000  -15.000011855.7207   22.1363
   -7.5000   -7.5000  -15.000013079.0039   22.0896
    0.0000   -7.5000  -15.000013619.7344   22.1283
    7.5000   -7.5000  -15.000012922.3994   22.1266
   -7.5000    0.0000  -15.000013990.8750   22.0548
    0.0000    0.0000  -15.000014578.5146   22.0936
    7.5000    0.0000  -15.000013812.9473   22.0901
   -7.5000    7.5000  -15.000013755.0059   22.0542
    0.0000    7.5000  -15.000014359.0693   22.0775
    7.5000    7.5000  -15.000013617.9131   22.0627
   -7.5000   15.0000  -15.000013503.3848   22.0804
    0.0000   15.0000  -15.000014114.4131   22.0880
    7.5000   15.0000  -15.000013348.3867   22.0651
   -7.5000   22.5000  -15.000013185.2959   22.1036
    0.0000   22.5000  -15.000013840.5938   22.1129
    7.5000   22.5000  -15.000013056.5078   22.0942
   -7.5000   30.0000  -15.000012658.8076   21.8338
    0.0000   30.0000  -15.000013307.9658   21.8582
    7.5000   30.0000  -15.000012554.7744   21.8498
   -7.5000   37.5000  -15.000012486.1172   21.8037
    0.0000   37.5000  -15.000013124.9727   21.8420
    7.5000   37.5000  -15.000012392.8486   21.8403
   -7.5000   45.0000  -15.000011767.6162   21.2527
    0.0000   45.0000  -15.000012377.4180   21.2901
    7.5000   45.0000  -15.000011700.2539   21.2867
   -7.5000  -45.0000   -7.5000 8074.9844   22.9411
    0.0000  -45.0000   -7.5000 8410.0020   22.9804
    7.5000  -45.0000   -7.5000 8047.7100   22.9548
   -7.5000  -37.5000   -7.5000 8904.0781   22.4176
    0.0000  -37.5000   -7.5000 9287.3779   22.4403
    7.5000  -37.5000   -7.5000 8871.5449   22.4052
   -7.5000  -30.0000   -7.500010190.9951   22.3325
    0.0000  -30.0000   -7.500010640.5430   22.3381
    7.5000  -30.0000   -7.500010152.7275   22.2950
   -7.5000  -22.5000   -7.500011526.5879   22.3406
    0.0000  -22.5000   -7.500012014.1504   22.3463
    7.5000  -22.5000   -7.500011447.7412   22.3068
   -7.5000  -15.0000   -7.500012829.1035   22.3443
    0.0000  -15.0000   -7.500013391.3877   22.3648
    7.5000  -15.0000   -7.500012747.7412   22.3344
   -7.5000   -7.5000   -7.500014057.6670   22.3227
    0.0000   -7.5000   -7.500014663.9053   22.3593
    7.5000   -7.5000   -7.500013907.8828   22.3359
   -7.5000    0.0000   -7.500015007.7559   22.3002
    0.0000    0.0000   -7.500015675.4355   22.3388
    7.5000    0.0000   -7.500014812.2979   22.3150
   -7.5000    7.5000   -7.500014671.0225   22.3044
    0.0000    7.5000   -7.500015353.3516   22.3270
    7.5000    7.5000   -7.500014543.3965   22.2923
   -7.5000   15.0000   -7.500014368.0117   22.3231
    0.0000   15.0000   -7.500015018.9971   22.3286
    7.5000   15.0000   -7.500014242.2344   22.2855
   -7.5000   22.5000   -7.500014033.2783   22.3301
    0.0000   22.5000   -7.500014744.9316   22.3358
    7.5000   22.5000   -7.500013919.8584   22.2963
   -7.5000   30.0000   -7.500013508.8848   22.0546
    0.0000   30.0000   -7.500014183.7021   22.0748
    7.5000   30.0000   -7.500013384.9082   22.0447
   -7.5000   37.5000   -7.500013346.5410   22.0332
    0.0000   37.5000   -7.500014005.8574   22.0693
    7.5000   37.5000   -7.500013192.3057   22.0463
   -7.5000   45.0000   -7.500012589.4736   21.4932
    0.0000   45.0000   -7.500013224.7500   21.5304
    7.5000   45.0000   -7.500012447.0293   21.5075
   -7.5000  -45.0000    0.0000 8545.1152   22.9370
    0.0000  -45.0000    0.0000 8905.7314   22.9764
    7.5000  -45.0000    0.0000 8533.9609   22.9483
   -7.5000  -37.5000    0.0000 9433.1396   22.4220
    0.0000  -37.5000    0.0000 9850.0459   22.4477
    7.5000  -37.5000    0.0000 9412.8066   22.4108
   -7.5000  -30.0000    0.000010793.1309   22.3375
    0.0000  -30.0000    0.000011283.7178   22.3491
    7.5000  -30.0000    0.000010741.6992   22.3034
   -7.5000  -22.5000    0.000012193.4238   22.3366
    0.0000  -22.5000    0.000012732.2646   22.3477
    7.5000  -22.5000    0.000012108.5947   22.3039
   -7.5000  -15.0000    0.000013544.0225   22.3319
    0.0000  -15.0000    0.000014144.4219   22.3547
    7.5000  -15.0000    0.000013466.0635   22.3192
   -7.5000   -7.5000    0.000014902.9873   22.3121
    0.0000   -7.5000    0.000015574.1875   22.3481
    7.5000   -7.5000    0.000014776.2422   22.3208
   -7.5000    0.0000    0.000015996.9902   22.2977
    0.0000    0.0000    0.000016706.8672   22.3360
    7.5000    0.0000    0.000015802.3682   22.3096
   -7.5000    7.5000    0.000015568.1689   22.3091
    0.0000    7.5000    0.000016231.4521   22.3347
    7.5000    7.5000    0.000015452.2148   22.2981
   -7.5000   15.0000    0.000015130.8369   22.3282
    0.0000   15.0000    0.000015733.9727   22.3397
    7.5000   15.0000    0.000015054.9736   22.2940
   -7.5000   22.5000    0.000014769.7549   22.3261
    0.0000   22.5000    0.000015414.4414   22.3372
    7.5000   22.5000    0.000014688.3984   22.2935
   -7.5000   30.0000    0.000014224.1553   22.0429
    0.0000   30.0000    0.000014884.5400   22.0654
    7.5000   30.0000    0.000014125.1426   22.0304
   -7.5000   37.5000    0.000014059.2646   22.0233
    0.0000   37.5000    0.000014744.3672   22.0589
    7.5000   37.5000    0.000013929.0566   22.0320
   -7.5000   45.0000    0.000013243.0771   21.4924
    0.0000   45.0000    0.000013902.4043   21.5293
    7.5000   45.0000    0.000013123.2168   21.5038
   -7.5000  -45.0000    7.5000 8356.6279   22.8952
    0.0000  -45.0000    7.5000 8721.9854   22.9326
    7.5000  -45.0000    7.5000 8340.1924   22.9258
   -7.5000  -37.5000    7.5000 9239.2832   22.3854
    0.0000  -37.5000    7.5000 9644.5908   22.4116
    7.5000  -37.5000    7.5000 9213.7090   22.3950
   -7.5000  -30.0000    7.500010545.8965   22.3098
    0.0000  -30.0000    7.500011024.5537   22.3259
    7.5000  -30.0000    7.500010524.0527   22.3003
   -7.5000  -22.5000    7.500011844.4131   22.3132
    0.0000  -22.5000    7.500012382.7490   22.3301
    7.5000  -22.5000    7.500011827.8252   22.3060
   -7.5000  -15.0000    7.500013138.2246   22.3041
    0.0000  -15.0000    7.500013721.3467   22.3309
    7.5000  -15.0000    7.500013120.7959   22.3154
   -7.5000   -7.5000    7.500014522.8047   22.2766
    0.0000   -7.5000    7.500015206.7109   22.3126
    7.5000   -7.5000    7.500014490.1494   22.3055
   -7.5000    0.0000    7.500015796.3525   22.2582
    0.0000    0.0000    7.500016577.9590   22.2944
    7.5000    0.0000    7.500015716.5381   22.2880
   -7.5000    7.5000    7.500015442.0068   22.2731
    0.0000    7.5000    7.500015960.6279   22.2990
    7.5000    7.5000    7.500015387.2441   22.2826
   -7.5000   15.0000    7.500014821.0615   22.3005
    0.0000   15.0000    7.500015229.5498   22.3165
    7.5000   15.0000    7.500014829.2734   22.2908
   -7.5000   22.5000    7.500014406.0439   22.3027
    0.0000   22.5000    7.500014890.8857   22.3197
    7.5000   22.5000    7.500014416.2471   22.2956
   -7.5000   30.0000    7.500013893.2139   22.0154
    0.0000   30.0000    7.500014458.3164   22.0419
    7.5000   30.0000    7.500013899.8545   22.0266
   -7.5000   37.5000    7.500013749.5039   21.9883
    0.0000   37.5000    7.500014352.6436   22.0239
    7.5000   37.5000    7.500013698.3857   22.0169
   -7.5000   45.0000    7.500012973.5195   21.4543
    0.0000   45.0000    7.500013525.1963   21.4892
    7.5000   45.0000    7.500012897.3682   21.4830
   -7.5000  -45.0000   15.0000 8042.4194   22.9004
    0.0000  -45.0000   15.0000 8404.4229   22.9374
    7.5000  -45.0000   15.0000 8007.3657   22.9527
   -7.5000  -37.5000   15.0000 8895.9355   22.3867
    0.0000  -37.5000   15.0000 9310.4775   22.4115
    7.5000  -37.5000   15.0000 8859.9209   22.4159
   -7.5000  -30.0000   15.000010157.2959   22.3193
    0.0000  -30.0000   15.000010624.2051   22.3353
    7.5000  -30.0000   15.000010142.6055   22.3311
   -7.5000  -22.5000   15.000011408.8662   22.3359
    0.0000  -22.5000   15.000011921.6230   22.3554
    7.5000  -22.5000   15.000011392.7744   22.3535
   -7.5000  -15.0000   15.000012597.9014   22.3307
    0.0000  -15.0000   15.000013167.2236   22.3616
    7.5000  -15.0000   15.000012622.8193   22.3692
   -7.5000   -7.5000   15.000013820.7217   22.2937
    0.0000   -7.5000   15.000014499.5713   22.3320
    7.5000   -7.5000   15.000013922.1953   22.3476
   -7.5000    0.0000   15.000015089.2783   22.2631
    0.0000    0.0000   15.000015790.4111   22.2989
    7.5000    0.0000   15.000015176.8223   22.3136
   -7.5000    7.5000   15.000014884.0312   22.2744
    0.0000    7.5000   15.000015261.4131   22.2989
    7.5000    7.5000   15.000014958.6592   22.3034
   -7.5000   15.0000   15.000014357.5186   22.3100
    0.0000   15.0000   15.000014626.7422   22.3259
    7.5000   15.0000   15.000014466.2480   22.3216
   -7.5000   22.5000   15.000014000.4404   22.3254
    0.0000   22.5000   15.000014321.6592   22.3449
    7.5000   22.5000   15.000014028.8672   22.3430
   -7.5000   30.0000   15.000013510.2949   22.0417
    0.0000   30.0000   15.000013905.3643   22.0722
    7.5000   30.0000   15.000013438.7705   22.0797
   -7.5000   37.5000   15.000013353.3232   22.0051
    0.0000   37.5000   15.000013781.2744   22.0430
    7.5000   37.5000   15.000013193.3379   22.0584
   -7.5000   45.0000   15.000012565.0039   21.4591
    0.0000   45.0000   15.000012980.7402   21.4935
    7.5000   45.0000   15.000012367.2568   21.5077
   -7.5000  -45.0000   22.5000 7663.3833   22.9567
    0.0000  -45.0000   22.5000 8024.1494   22.9964
    7.5000  -45.0000   22.5000 7662.8408   23.0116
   -7.5000  -37.5000   22.5000 8480.0996   22.4324
    0.0000  -37.5000   22.5000 8884.6768   22.4575
    7.5000  -37.5000   22.5000 8476.9180   22.4615
   -7.5000  -30.0000   22.5000 9658.1465   22.3638
    0.0000  -30.0000   22.500010110.5518   22.3776
    7.5000  -30.0000   22.5000 9684.2412   22.3733
   -7.5000  -22.5000   22.500010806.3975   22.3903
    0.0000  -22.5000   22.500011332.3037   22.4076
    7.5000  -22.5000   22.500010868.3047   22.4068
   -7.5000  -15.0000   22.500011907.4951   22.3943
    0.0000  -15.0000   22.500012480.5215   22.4256
    7.5000  -15.0000   22.500012041.9219   22.4352
   -7.5000   -7.5000   22.500013015.8047   22.3555
    0.0000   -7.5000   22.500013681.6738   22.3966
    7.5000   -7.5000   22.500013229.7129   22.4137
   -7.5000    0.0000   22.500014131.6250   22.3163
    0.0000    0.0000   22.500014749.0908   22.3548
    7.5000    0.0000   22.500014269.5791   22.3699
   -7.5000    7.5000   22.500014107.8721   22.3194
    0.0000    7.5000   22.500014592.3652   22.3445
    7.5000    7.5000   22.500014052.9004   22.3485
   -7.5000   15.0000   22.500013945.4824   22.3544
    0.0000   15.0000   22.500014419.2109   22.3681
    7.5000   15.0000   22.500013785.9600   22.3637
   -7.5000   22.5000   22.500013694.1729   22.3798
    0.0000   22.5000   22.500014127.8008   22.3971
    7.5000   22.5000   22.500013445.9736   22.3963
   -7.5000   30.0000   22.500013141.5469   22.1045
    0.0000   30.0000   22.500013528.1826   22.1353
    7.5000   30.0000   22.500012859.1855   22.1449
   -7.5000   37.5000   22.500012856.7002   22.0662
    0.0000   37.5000   22.500013225.3975   22.1068
    7.5000   37.5000   22.500012584.2607   22.1236
   -7.5000   45.0000   22.500011998.2139   21.5103
    0.0000   45.0000   22.500012355.3125   21.5474
    7.5000   45.0000   22.500011770.2529   21.5620
   -7.5000  -45.0000   30.0000 7181.2661   23.0108
    0.0000  -45.0000   30.0000 7521.9341   23.0511
    7.5000  -45.0000   30.0000 7192.6655   23.0464
   -7.5000  -37.5000   30.0000 7943.5181   22.4809
    0.0000  -37.5000   30.0000 8343.3291   22.5045
    7.5000  -37.5000   30.0000 7962.7593   22.4893
   -7.5000  -30.0000   30.0000 9047.3164   22.4034
    0.0000  -30.0000   30.0000 9491.4941   22.4112
    7.5000  -30.0000   30.0000 9081.6729   22.3881
   -7.5000  -22.5000   30.000010119.0000   22.4257
    0.0000  -22.5000   30.000010623.0430   22.4352
    7.5000  -22.5000   30.000010188.5518   22.4163
   -7.5000  -15.0000   30.000011181.2246   22.4343
    0.0000  -15.0000   30.000011733.7334   22.4594
    7.5000  -15.0000   30.000011283.1084   22.4508
   -7.5000   -7.5000   30.000012279.0049   22.4032
    0.0000   -7.5000   30.000012903.1875   22.4426
    7.5000   -7.5000   30.000012392.9541   22.4409
   -7.5000    0.0000   30.000013329.2002   22.3678
    0.0000    0.0000   30.000013879.3701   22.4072
    7.5000    0.0000   30.000013309.8672   22.4037
   -7.5000    7.5000   30.000013218.9473   22.3672
    0.0000    7.5000   30.000013676.9482   22.3909
    7.5000    7.5000   30.000013082.0215   22.3759
   -7.5000   15.0000   30.000012978.0869   22.3940
    0.0000   15.0000   30.000013454.6855   22.4017
    7.5000   15.0000   30.000012843.3652   22.3785
   -7.5000   22.5000   30.000012711.5928   22.4152
    0.0000   22.5000   30.000013215.0391   22.4247
    7.5000   22.5000   30.000012592.9902   22.4057
   -7.5000   30.0000   30.000012233.2256   22.1439
    0.0000   30.0000   30.000012718.0811   22.1688
    7.5000   30.0000   30.000012107.0967   22.1602
   -7.5000   37.5000   30.000011989.6602   22.1133
    0.0000   37.5000   30.000012499.5410   22.1521
    7.5000   37.5000   30.000011894.9951   22.1504
   -7.5000   45.0000   30.000011222.1982   21.5600
    0.0000   45.0000   30.000011701.9404   21.5980
    7.5000   45.0000   30.000011096.4609   21.5945
   -7.5000  -45.0000   37.5000 6914.0015   23.0288
    0.0000  -45.0000   37.5000 7228.5532   23.0686
    7.5000  -45.0000   37.5000 6914.1885   23.0428
   -7.5000  -37.5000   37.5000 7650.1089   22.5034
    0.0000  -37.5000   37.5000 8020.8740   22.5264
    7.5000  -37.5000   37.5000 7635.5425   22.4910
   -7.5000  -30.0000   37.5000 8735.9238   22.4183
    0.0000  -30.0000   37.5000 9140.9678   22.4241
    7.5000  -30.0000   37.5000 8704.9072   22.3805
   -7.5000  -22.5000   37.5000 9813.4521   22.4268
    0.0000  -22.5000   37.500010253.7373   22.4326
    7.5000  -22.5000   37.5000 9752.0000   22.3925
   -7.5000  -15.0000   37.500010839.5156   22.4304
    0.0000  -15.0000   37.500011325.3711   22.4513
    7.5000  -15.0000   37.500010807.7930   22.4204
   -7.5000   -7.5000   37.500011844.8320   22.4084
    0.0000   -7.5000   37.500012408.1982   22.4454
    7.5000   -7.5000   37.500011836.5820   22.4218
   -7.5000    0.0000   37.500012778.5703   22.3855
    0.0000    0.0000   37.500013292.5723   22.4245
    7.5000    0.0000   37.500012704.1748   22.4006
   -7.5000    7.5000   37.500012609.7061   22.3898
    0.0000    7.5000   37.500013087.7412   22.4127
    7.5000    7.5000   37.500012537.6279   22.3778
   -7.5000   15.0000   37.500012340.2080   22.4089
    0.0000   15.0000   37.500012829.3906   22.4146
    7.5000   15.0000   37.500012320.0010   22.3710
   -7.5000   22.5000   37.500012030.7402   22.4163
    0.0000   22.5000   37.500012514.7559   22.4221
    7.5000   22.5000   37.500012047.2773   22.3820
   -7.5000   30.0000   37.500011598.9326   22.1402
    0.0000   30.0000   37.500012074.4893   22.1607
    7.5000   30.0000   37.500011606.0566   22.1302
   -7.5000   37.5000   37.500011442.3496   22.1184
    0.0000   37.5000   37.500011927.1074   22.1549
    7.5000   37.5000   37.500011449.6006   22.1317
   -7.5000   45.0000   37.500010749.7188   21.5771
    0.0000   45.0000   37.500011197.7441   21.6147
    7.5000   45.0000   37.500010721.9668   21.5916
   -7.5000  -45.0000   45.0000 6325.8892   23.1692
    0.0000  -45.0000   45.0000 6612.1304   23.2112
    7.5000  -45.0000   45.0000 6317.8770   23.1825
   -7.5000  -37.5000   45.0000 7011.9795   22.6422
    0.0000  -37.5000   45.0000 7340.4917   22.6699
    7.5000  -37.5000   45.0000 6982.9795   22.6322
   -7.5000  -30.0000   45.0000 8003.5059   22.5561
    0.0000  -30.0000   45.0000 8373.5576   22.5691
    7.5000  -30.0000   45.0000 7962.0547   22.5225
   -7.5000  -22.5000   45.0000 8970.7100   22.5546
    0.0000  -22.5000   45.0000 9394.4697   22.5670
    7.5000  -22.5000   45.0000 8933.4385   22.5224
   -7.5000  -15.0000   45.0000 9875.3320   22.5492
    0.0000  -15.0000   45.000010359.8613   22.5739
    7.5000  -15.0000   45.0000 9880.3096   22.5377
   -7.5000   -7.5000   45.000010773.7256   22.5289
    0.0000   -7.5000   45.000011328.7832   22.5674
    7.5000   -7.5000   45.000010805.1787   22.5395
   -7.5000    0.0000   45.000011610.1582   22.5147
    0.0000    0.0000   45.000012130.5889   22.5555
    7.5000    0.0000   45.000011589.8877   22.5285
   -7.5000    7.5000   45.000011474.3467   22.5270
    0.0000    7.5000   45.000011970.5957   22.5545
    7.5000    7.5000   45.000011469.7549   22.5172
   -7.5000   15.0000   45.000011232.3359   22.5466
    0.0000   15.0000   45.000011740.1543   22.5594
    7.5000   15.0000   45.000011266.1455   22.5127
   -7.5000   22.5000   45.000010909.1182   22.5440
    0.0000   22.5000   45.000011396.4355   22.5564
    7.5000   22.5000   45.000010968.3066   22.5117
   -7.5000   30.0000   45.000010515.9775   22.2555
    0.0000   30.0000   45.000010955.2090   22.2799
    7.5000   30.0000   45.000010544.5146   22.2441
   -7.5000   37.5000   45.000010409.7324   22.2354
    0.0000   37.5000   45.000010867.0801   22.2734
    7.5000   37.5000   45.000010431.7969   22.2459
   -7.5000   45.0000   45.0000 9786.2656   21.7114
    0.0000   45.0000   45.000010206.3613   21.7508
    7.5000   45.0000   45.0000 9785.2793   21.7248

---------------------------------------------------------------------
imgreg_4dfp /opt/freesurfer/average/711-2C_as_mni_average_305 /opt/freesurfer/average/711-2B_as_mni_average_305_mask talsrcimg_g11 none talsrcimg_to_711-2C_as_mni_average_305_t4 4355
---------------------------------------------------------------------

freesurfer imgreg_4dfp.c
/opt/freesurfer/average/711-2C_as_mni_average_305.4dfp.img
       256       256       256         1
  1.000000  1.000000  1.000000
orientation T byte_order littleendian
Reading image: /opt/freesurfer/average/711-2C_as_mni_average_305.4dfp.img
dimensions:      256       256       256
mmppix:       1.0000   -1.0000   -1.0000
center:     128.0000 -129.0000 -129.0000
/opt/freesurfer/average/711-2B_as_mni_average_305_mask.4dfp.img
       256       256       256         1
  1.000000  1.000000  1.000000
orientation T byte_order littleendian
Reading mask: /opt/freesurfer/average/711-2B_as_mni_average_305_mask.4dfp.img (2306576 pixels)
talsrcimg_g11.4dfp.img
       256       256       256         1
  1.000000  1.000000  1.000000
orientation T byte_order littleendian
Reading image: talsrcimg_g11.4dfp.img
dimensions:      256       256       256
mmppix:       1.0000   -1.0000   -1.0000
center:     128.0000 -129.0000 -129.0000
rotation matrix determinant  1.000000
image alignment mode   4355 decimal     1103 hex
   -7.5000  -45.0000  -45.0000 1671.1191   33.9442
    0.0000  -45.0000  -45.0000 1677.5239   33.6506
    7.5000  -45.0000  -45.0000 1657.5089   33.8585
   -7.5000  -37.5000  -45.0000 1790.4248   29.8576
    0.0000  -37.5000  -45.0000 1797.4032   29.4995
    7.5000  -37.5000  -45.0000 1781.4752   29.7304
   -7.5000  -30.0000  -45.0000 1887.0044   26.4523
    0.0000  -30.0000  -45.0000 1893.3004   26.1783
    7.5000  -30.0000  -45.0000 1877.0609   26.3413
   -7.5000  -22.5000  -45.0000 1986.0170   23.8433
    0.0000  -22.5000  -45.0000 1989.7821   23.6165
    7.5000  -22.5000  -45.0000 1971.1956   23.7504
   -7.5000  -15.0000  -45.0000 2069.9368   21.7589
    0.0000  -15.0000  -45.0000 2077.9746   21.6013
    7.5000  -15.0000  -45.0000 2057.4802   21.7140
   -7.5000   -7.5000  -45.0000 2139.7529   20.1796
    0.0000   -7.5000  -45.0000 2139.6882   20.0872
    7.5000   -7.5000  -45.0000 2116.7732   20.2189
   -7.5000    0.0000  -45.0000 2179.0918   19.1243
    0.0000    0.0000  -45.0000 2179.0298   19.0259
    7.5000    0.0000  -45.0000 2158.1475   19.1397
   -7.5000    7.5000  -45.0000 2199.5925   18.5024
    0.0000    7.5000  -45.0000 2203.9517   18.3163
    7.5000    7.5000  -45.0000 2186.7468   18.5355
   -7.5000   15.0000  -45.0000 2198.0728   18.2571
    0.0000   15.0000  -45.0000 2209.0015   18.1084
    7.5000   15.0000  -45.0000 2190.6628   18.3531
   -7.5000   22.5000  -45.0000 2200.0796   18.4154
    0.0000   22.5000  -45.0000 2207.3430   18.2202
    7.5000   22.5000  -45.0000 2187.9041   18.5304
   -7.5000   30.0000  -45.0000 2167.1765   18.9488
    0.0000   30.0000  -45.0000 2181.5830   18.7231
    7.5000   30.0000  -45.0000 2166.8840   19.0124
   -7.5000   37.5000  -45.0000 2120.2600   19.7391
    0.0000   37.5000  -45.0000 2134.1165   19.5001
    7.5000   37.5000  -45.0000 2121.5688   19.8211
   -7.5000   45.0000  -45.0000 2058.9873   20.9376
    0.0000   45.0000  -45.0000 2072.8445   20.6467
    7.5000   45.0000  -45.0000 2056.5203   21.0184
   -7.5000  -45.0000  -37.5000 1729.8226   31.6732
    0.0000  -45.0000  -37.5000 1734.2194   31.3877
    7.5000  -45.0000  -37.5000 1727.3356   31.6509
   -7.5000  -37.5000  -37.5000 1857.1056   27.6539
    0.0000  -37.5000  -37.5000 1860.3567   27.4411
    7.5000  -37.5000  -37.5000 1847.9310   27.6515
   -7.5000  -30.0000  -37.5000 1962.6682   24.5072
    0.0000  -30.0000  -37.5000 1967.8467   24.3111
    7.5000  -30.0000  -37.5000 1951.6271   24.4317
   -7.5000  -22.5000  -37.5000 2071.6599   22.0634
    0.0000  -22.5000  -37.5000 2078.7134   21.8521
    7.5000  -22.5000  -37.5000 2058.0476   21.9992
   -7.5000  -15.0000  -37.5000 2164.6843   20.1510
    0.0000  -15.0000  -37.5000 2169.3918   20.0185
    7.5000  -15.0000  -37.5000 2148.7217   20.0720
   -7.5000   -7.5000  -37.5000 2236.1260   18.6967
    0.0000   -7.5000  -37.5000 2237.9666   18.5841
    7.5000   -7.5000  -37.5000 2217.6904   18.6615
   -7.5000    0.0000  -37.5000 2274.4429   17.6660
    0.0000    0.0000  -37.5000 2276.6350   17.5573
    7.5000    0.0000  -37.5000 2258.8123   17.6047
   -7.5000    7.5000  -37.5000 2293.2898   17.0462
    0.0000    7.5000  -37.5000 2300.6238   16.9127
    7.5000    7.5000  -37.5000 2285.7454   17.0357
   -7.5000   15.0000  -37.5000 2299.1880   16.7968
    0.0000   15.0000  -37.5000 2315.8130   16.6981
    7.5000   15.0000  -37.5000 2296.2083   16.8536
   -7.5000   22.5000  -37.5000 2297.9563   16.9000
    0.0000   22.5000  -37.5000 2311.4746   16.7762
    7.5000   22.5000  -37.5000 2297.2102   16.9907
   -7.5000   30.0000  -37.5000 2266.4133   17.3558
    0.0000   30.0000  -37.5000 2288.8096   17.1983
    7.5000   30.0000  -37.5000 2274.2554   17.4322
   -7.5000   37.5000  -37.5000 2223.2268   18.1001
    0.0000   37.5000  -37.5000 2243.7534   17.9335
    7.5000   37.5000  -37.5000 2228.6187   18.1538
   -7.5000   45.0000  -37.5000 2161.0251   19.2072
    0.0000   45.0000  -37.5000 2176.8333   19.0059
    7.5000   45.0000  -37.5000 2160.0730   19.2827
   -7.5000  -45.0000  -30.0000 1805.0244   30.7797
    0.0000  -45.0000  -30.0000 1812.5541   30.4851
    7.5000  -45.0000  -30.0000 1809.3999   30.7099
   -7.5000  -37.5000  -30.0000 1944.6631   26.8697
    0.0000  -37.5000  -30.0000 1949.9971   26.6328
    7.5000  -37.5000  -30.0000 1948.2164   26.7627
   -7.5000  -30.0000  -30.0000 2069.3152   23.8071
    0.0000  -30.0000  -30.0000 2076.2742   23.6111
    7.5000  -30.0000  -30.0000 2065.0142   23.6331
   -7.5000  -22.5000  -30.0000 2189.4097   21.3384
    0.0000  -22.5000  -30.0000 2198.2966   21.1459
    7.5000  -22.5000  -30.0000 2178.9858   21.1759
   -7.5000  -15.0000  -30.0000 2290.8708   19.3861
    0.0000  -15.0000  -30.0000 2298.7383   19.2413
    7.5000  -15.0000  -30.0000 2273.8401   19.3081
   -7.5000   -7.5000  -30.0000 2364.7439   17.9288
    0.0000   -7.5000  -30.0000 2371.0476   17.8232
    7.5000   -7.5000  -30.0000 2342.4797   17.8637
   -7.5000    0.0000  -30.0000 2410.5039   16.8919
    0.0000    0.0000  -30.0000 2412.2202   16.8028
    7.5000    0.0000  -30.0000 2390.3132   16.8540
   -7.5000    7.5000  -30.0000 2436.4771   16.2428
    0.0000    7.5000  -30.0000 2446.5994   16.1669
    7.5000    7.5000  -30.0000 2427.7217   16.2517
   -7.5000   15.0000  -30.0000 2448.1145   16.0624
    0.0000   15.0000  -30.0000 2464.2537   15.9748
    7.5000   15.0000  -30.0000 2445.2136   16.0959
   -7.5000   22.5000  -30.0000 2449.4783   16.1695
    0.0000   22.5000  -30.0000 2467.0122   16.0952
    7.5000   22.5000  -30.0000 2446.7957   16.2178
   -7.5000   30.0000  -30.0000 2417.1514   16.6248
    0.0000   30.0000  -30.0000 2438.3000   16.5091
    7.5000   30.0000  -30.0000 2423.2283   16.7058
   -7.5000   37.5000  -30.0000 2365.7039   17.3311
    0.0000   37.5000  -30.0000 2386.6680   17.2055
    7.5000   37.5000  -30.0000 2373.5564   17.3753
   -7.5000   45.0000  -30.0000 2288.1921   18.3804
    0.0000   45.0000  -30.0000 2308.2437   18.1847
    7.5000   45.0000  -30.0000 2295.7097   18.4090
   -7.5000  -45.0000  -22.5000 1870.1543   29.7588
    0.0000  -45.0000  -22.5000 1879.2596   29.4554
    7.5000  -45.0000  -22.5000 1876.9954   29.6541
   -7.5000  -37.5000  -22.5000 2013.9583   25.8538
    0.0000  -37.5000  -22.5000 2023.3341   25.6439
    7.5000  -37.5000  -22.5000 2020.2047   25.7047
   -7.5000  -30.0000  -22.5000 2155.4756   22.8807
    0.0000  -30.0000  -22.5000 2163.2485   22.6310
    7.5000  -30.0000  -22.5000 2151.4453   22.6348
   -7.5000  -22.5000  -22.5000 2285.8506   20.4941
    0.0000  -22.5000  -22.5000 2291.9976   20.3019
    7.5000  -22.5000  -22.5000 2269.2417   20.2722
   -7.5000  -15.0000  -22.5000 2391.7014   18.5965
    0.0000  -15.0000  -22.5000 2396.5957   18.4200
    7.5000  -15.0000  -22.5000 2372.8425   18.4390
   -7.5000   -7.5000  -22.5000 2469.2844   17.1027
    0.0000   -7.5000  -22.5000 2474.9436   16.9783
    7.5000   -7.5000  -22.5000 2448.1597   16.9729
   -7.5000    0.0000  -22.5000 2521.5439   16.0467
    0.0000    0.0000  -22.5000 2533.3013   15.9441
    7.5000    0.0000  -22.5000 2508.1980   15.9904
   -7.5000    7.5000  -22.5000 2560.5813   15.3531
    0.0000    7.5000  -22.5000 2571.3511   15.3241
    7.5000    7.5000  -22.5000 2552.5828   15.3739
   -7.5000   15.0000  -22.5000 2583.4214   15.1930
    0.0000   15.0000  -22.5000 2597.9121   15.1602
    7.5000   15.0000  -22.5000 2578.9060   15.2184
   -7.5000   22.5000  -22.5000 2578.9673   15.3971
    0.0000   22.5000  -22.5000 2600.2424   15.3316
    7.5000   22.5000  -22.5000 2580.1958   15.4069
   -7.5000   30.0000  -22.5000 2544.8350   15.8391
    0.0000   30.0000  -22.5000 2568.4656   15.7573
    7.5000   30.0000  -22.5000 2551.9644   15.8853
   -7.5000   37.5000  -22.5000 2486.9492   16.5233
    0.0000   37.5000  -22.5000 2514.3049   16.4305
    7.5000   37.5000  -22.5000 2495.2717   16.5572
   -7.5000   45.0000  -22.5000 2404.4172   17.4870
    0.0000   45.0000  -22.5000 2430.0972   17.3652
    7.5000   45.0000  -22.5000 2414.1770   17.4939
   -7.5000  -45.0000  -15.0000 1914.1680   28.7075
    0.0000  -45.0000  -15.0000 1920.8514   28.4498
    7.5000  -45.0000  -15.0000 1911.8607   28.6060
   -7.5000  -37.5000  -15.0000 2064.9785   24.8344
    0.0000  -37.5000  -15.0000 2071.2673   24.6170
    7.5000  -37.5000  -15.0000 2062.6230   24.7727
   -7.5000  -30.0000  -15.0000 2214.3577   21.9093
    0.0000  -30.0000  -15.0000 2220.8923   21.6640
    7.5000  -30.0000  -15.0000 2203.3423   21.7627
   -7.5000  -22.5000  -15.0000 2343.9761   19.5518
    0.0000  -22.5000  -15.0000 2351.2190   19.3441
    7.5000  -22.5000  -15.0000 2327.5781   19.4315
   -7.5000  -15.0000  -15.0000 2450.9192   17.7043
    0.0000  -15.0000  -15.0000 2459.6113   17.5403
    7.5000  -15.0000  -15.0000 2437.8486   17.5766
   -7.5000   -7.5000  -15.0000 2542.8281   16.2937
    0.0000   -7.5000  -15.0000 2550.5542   16.1880
    7.5000   -7.5000  -15.0000 2527.6008   16.1769
   -7.5000    0.0000  -15.0000 2601.1750   15.2131
    0.0000    0.0000  -15.0000 2614.4277   15.1236
    7.5000    0.0000  -15.0000 2596.5574   15.1564
   -7.5000    7.5000  -15.0000 2642.1975   14.4783
    0.0000    7.5000  -15.0000 2659.5022   14.4578
    7.5000    7.5000  -15.0000 2643.7539   14.4931
   -7.5000   15.0000  -15.0000 2675.0310   14.3065
    0.0000   15.0000  -15.0000 2691.1848   14.2700
    7.5000   15.0000  -15.0000 2670.9497   14.3040
   -7.5000   22.5000  -15.0000 2681.0457   14.5578
    0.0000   22.5000  -15.0000 2703.8657   14.5140
    7.5000   22.5000  -15.0000 2676.2798   14.5461
   -7.5000   30.0000  -15.0000 2648.6323   15.0286
    0.0000   30.0000  -15.0000 2673.4319   14.9750
    7.5000   30.0000  -15.0000 2650.6753   15.0116
   -7.5000   37.5000  -15.0000 2581.4124   15.6866
    0.0000   37.5000  -15.0000 2609.9243   15.6276
    7.5000   37.5000  -15.0000 2590.6743   15.7047
   -7.5000   45.0000  -15.0000 2495.3176   16.6224
    0.0000   45.0000  -15.0000 2522.0247   16.5472
    7.5000   45.0000  -15.0000 2502.4060   16.6768
   -7.5000  -45.0000   -7.5000 1942.9585   27.6095
    0.0000  -45.0000   -7.5000 1950.2188   27.4136
    7.5000  -45.0000   -7.5000 1943.7080   27.6281
   -7.5000  -37.5000   -7.5000 2102.7505   23.8442
    0.0000  -37.5000   -7.5000 2108.0312   23.6493
    7.5000  -37.5000   -7.5000 2090.0962   23.8237
   -7.5000  -30.0000   -7.5000 2253.5220   20.9502
    0.0000  -30.0000   -7.5000 2260.1897   20.7636
    7.5000  -30.0000   -7.5000 2235.9692   20.9259
   -7.5000  -22.5000   -7.5000 2384.0205   18.6746
    0.0000  -22.5000   -7.5000 2395.2444   18.4860
    7.5000  -22.5000   -7.5000 2368.1555   18.6245
   -7.5000  -15.0000   -7.5000 2501.5203   16.9074
    0.0000  -15.0000   -7.5000 2512.1606   16.7230
    7.5000  -15.0000   -7.5000 2493.5093   16.8487
   -7.5000   -7.5000   -7.5000 2597.9851   15.5027
    0.0000   -7.5000   -7.5000 2611.8831   15.3632
    7.5000   -7.5000   -7.5000 2592.5125   15.4654
   -7.5000    0.0000   -7.5000 2671.3423   14.4687
    0.0000    0.0000   -7.5000 2690.4460   14.3514
    7.5000    0.0000   -7.5000 2669.3281   14.4249
   -7.5000    7.5000   -7.5000 2715.7532   13.6722
    0.0000    7.5000   -7.5000 2740.3770   13.6267
    7.5000    7.5000   -7.5000 2716.5210   13.6968
   -7.5000   15.0000   -7.5000 2755.0688   13.4592
    0.0000   15.0000   -7.5000 2777.0364   13.3919
    7.5000   15.0000   -7.5000 2751.1770   13.4692
   -7.5000   22.5000   -7.5000 2760.0806   13.6991
    0.0000   22.5000   -7.5000 2791.6934   13.6417
    7.5000   22.5000   -7.5000 2759.5664   13.7019
   -7.5000   30.0000   -7.5000 2731.3901   14.1585
    0.0000   30.0000   -7.5000 2760.4373   14.1297
    7.5000   30.0000   -7.5000 2733.6394   14.2063
   -7.5000   37.5000   -7.5000 2666.2827   14.8627
    0.0000   37.5000   -7.5000 2695.1057   14.7912
    7.5000   37.5000   -7.5000 2672.3818   14.8935
   -7.5000   45.0000   -7.5000 2569.0559   15.8172
    0.0000   45.0000   -7.5000 2597.5989   15.7394
    7.5000   45.0000   -7.5000 2573.9338   15.8776
   -7.5000  -45.0000    0.0000 1956.7004   26.8390
    0.0000  -45.0000    0.0000 1965.6783   26.6882
    7.5000  -45.0000    0.0000 1962.9760   27.1707
   -7.5000  -37.5000    0.0000 2116.5825   23.1338
    0.0000  -37.5000    0.0000 2125.3542   22.9714
    7.5000  -37.5000    0.0000 2113.2876   23.3142
   -7.5000  -30.0000    0.0000 2265.3667   20.2811
    0.0000  -30.0000    0.0000 2278.8899   20.1135
    7.5000  -30.0000    0.0000 2253.0408   20.3249
   -7.5000  -22.5000    0.0000 2406.1106   18.0976
    0.0000  -22.5000    0.0000 2418.7234   17.8899
    7.5000  -22.5000    0.0000 2391.3159   18.0846
   -7.5000  -15.0000    0.0000 2527.9094   16.3215
    0.0000  -15.0000    0.0000 2545.0674   16.1504
    7.5000  -15.0000    0.0000 2519.5286   16.3228
   -7.5000   -7.5000    0.0000 2641.0288   14.9559
    0.0000   -7.5000    0.0000 2659.1631   14.7906
    7.5000   -7.5000    0.0000 2637.5376   14.9727
   -7.5000    0.0000    0.0000 2732.0549   13.9478
    0.0000    0.0000    0.0000 2757.9380   13.7756
    7.5000    0.0000    0.0000 2726.1372   13.9185
   -7.5000    7.5000    0.0000 2784.6125   13.1298
    0.0000    7.5000    0.0000 2811.9434   12.9783
    7.5000    7.5000    0.0000 2779.2793   13.1688
   -7.5000   15.0000    0.0000 2826.0813   12.8014
    0.0000   15.0000    0.0000 2849.0745   12.6776
    7.5000   15.0000    0.0000 2820.8882   12.8723
   -7.5000   22.5000    0.0000 2832.0146   13.0024
    0.0000   22.5000    0.0000 2863.1709   12.9329
    7.5000   22.5000    0.0000 2831.7124   13.0665
   -7.5000   30.0000    0.0000 2794.9082   13.4999
    0.0000   30.0000    0.0000 2827.9016   13.4053
    7.5000   30.0000    0.0000 2797.9822   13.5721
   -7.5000   37.5000    0.0000 2725.8542   14.2424
    0.0000   37.5000    0.0000 2756.7576   14.1588
    7.5000   37.5000    0.0000 2733.2549   14.3111
   -7.5000   45.0000    0.0000 2619.5669   15.2304
    0.0000   45.0000    0.0000 2646.2634   15.1541
    7.5000   45.0000    0.0000 2624.4180   15.3200
   -7.5000  -45.0000    7.5000 1968.4541   26.7543
    0.0000  -45.0000    7.5000 1973.6605   26.6481
    7.5000  -45.0000    7.5000 1965.9702   27.0989
   -7.5000  -37.5000    7.5000 2124.4565   22.9444
    0.0000  -37.5000    7.5000 2133.0156   22.7781
    7.5000  -37.5000    7.5000 2119.9866   23.2294
   -7.5000  -30.0000    7.5000 2267.1719   19.9979
    0.0000  -30.0000    7.5000 2282.4399   19.7817
    7.5000  -30.0000    7.5000 2264.9529   20.1820
   -7.5000  -22.5000    7.5000 2402.9548   17.7513
    0.0000  -22.5000    7.5000 2419.5132   17.5371
    7.5000  -22.5000    7.5000 2398.6052   17.8926
   -7.5000  -15.0000    7.5000 2534.0881   15.9998
    0.0000  -15.0000    7.5000 2551.2981   15.7775
    7.5000  -15.0000    7.5000 2527.3154   16.1272
   -7.5000   -7.5000    7.5000 2657.3970   14.6587
    0.0000   -7.5000    7.5000 2679.1785   14.4603
    7.5000   -7.5000    7.5000 2657.4785   14.7827
   -7.5000    0.0000    7.5000 2767.1963   13.7168
    0.0000    0.0000    7.5000 2793.3608   13.5084
    7.5000    0.0000    7.5000 2762.6924   13.7746
   -7.5000    7.5000    7.5000 2840.1975   12.8973
    0.0000    7.5000    7.5000 2869.4863   12.6424
    7.5000    7.5000    7.5000 2833.4392   12.9997
   -7.5000   15.0000    7.5000 2877.1423   12.4184
    0.0000   15.0000    7.5000 2900.8081   12.1721
    7.5000   15.0000    7.5000 2871.4617   12.6265
   -7.5000   22.5000    7.5000 2877.1091   12.6094
    0.0000   22.5000    7.5000 2908.9756   12.3723
    7.5000   22.5000    7.5000 2879.2595   12.7584
   -7.5000   30.0000    7.5000 2830.0488   13.1941
    0.0000   30.0000    7.5000 2868.0085   13.0035
    7.5000   30.0000    7.5000 2847.6462   13.3192
   -7.5000   37.5000    7.5000 2755.5718   13.9329
    0.0000   37.5000    7.5000 2784.6216   13.8122
    7.5000   37.5000    7.5000 2766.4473   14.0502
   -7.5000   45.0000    7.5000 2650.3662   14.9120
    0.0000   45.0000    7.5000 2672.1753   14.8083
    7.5000   45.0000    7.5000 2658.8645   15.0037
   -7.5000  -45.0000   15.0000 1965.6821   26.9178
    0.0000  -45.0000   15.0000 1972.4498   26.8027
    7.5000  -45.0000   15.0000 1957.1023   27.3678
   -7.5000  -37.5000   15.0000 2117.1274   23.0981
    0.0000  -37.5000   15.0000 2128.1265   22.8373
    7.5000  -37.5000   15.0000 2109.7227   23.3071
   -7.5000  -30.0000   15.0000 2256.1697   20.0751
    0.0000  -30.0000   15.0000 2268.8528   19.7906
    7.5000  -30.0000   15.0000 2250.7546   20.2666
   -7.5000  -22.5000   15.0000 2390.4255   17.7805
    0.0000  -22.5000   15.0000 2403.1770   17.4926
    7.5000  -22.5000   15.0000 2387.0527   17.9879
   -7.5000  -15.0000   15.0000 2520.0278   16.0265
    0.0000  -15.0000   15.0000 2539.7595   15.7266
    7.5000  -15.0000   15.0000 2514.9387   16.1821
   -7.5000   -7.5000   15.0000 2643.7896   14.6650
    0.0000   -7.5000   15.0000 2670.3550   14.3688
    7.5000   -7.5000   15.0000 2649.0847   14.8256
   -7.5000    0.0000   15.0000 2759.5320   13.6968
    0.0000    0.0000   15.0000 2784.1057   13.3989
    7.5000    0.0000   15.0000 2770.6724   13.8432
   -7.5000    7.5000   15.0000 2851.2510   12.9381
    0.0000    7.5000   15.0000 2872.8972   12.6204
    7.5000    7.5000   15.0000 2854.6228   13.0900
   -7.5000   15.0000   15.0000 2904.4714   12.5297
    0.0000   15.0000   15.0000 2910.3545   12.1166
    7.5000   15.0000   15.0000 2895.8149   12.6977
   -7.5000   22.5000   15.0000 2905.2275   12.6256
    0.0000   22.5000   15.0000 2921.4546   12.3065
    7.5000   22.5000   15.0000 2898.9846   12.7528
   -7.5000   30.0000   15.0000 2848.3889   13.1462
    0.0000   30.0000   15.0000 2874.0247   12.8941
    7.5000   30.0000   15.0000 2851.1633   13.2045
   -7.5000   37.5000   15.0000 2760.5742   13.8955
    0.0000   37.5000   15.0000 2776.9600   13.7000
    7.5000   37.5000   15.0000 2763.6423   13.9348
   -7.5000   45.0000   15.0000 2649.9333   14.9259
    0.0000   45.0000   15.0000 2664.1167   14.7310
    7.5000   45.0000   15.0000 2649.8232   14.9402
   -7.5000  -45.0000   22.5000 1946.8286   27.5927
    0.0000  -45.0000   22.5000 1955.2504   27.4721
    7.5000  -45.0000   22.5000 1939.9852   28.0190
   -7.5000  -37.5000   22.5000 2104.8477   23.5261
    0.0000  -37.5000   22.5000 2114.1096   23.3021
    7.5000  -37.5000   22.5000 2092.5212   23.7280
   -7.5000  -30.0000   22.5000 2238.5691   20.3322
    0.0000  -30.0000   22.5000 2249.1389   20.0877
    7.5000  -30.0000   22.5000 2233.5234   20.5817
   -7.5000  -22.5000   22.5000 2367.1738   17.9881
    0.0000  -22.5000   22.5000 2383.7854   17.7091
    7.5000  -22.5000   22.5000 2367.2871   18.2406
   -7.5000  -15.0000   22.5000 2490.4824   16.2455
    0.0000  -15.0000   22.5000 2516.0630   15.9577
    7.5000  -15.0000   22.5000 2500.5920   16.4564
   -7.5000   -7.5000   22.5000 2607.6941   14.9100
    0.0000   -7.5000   22.5000 2639.7573   14.6235
    7.5000   -7.5000   22.5000 2630.6326   15.1158
   -7.5000    0.0000   22.5000 2725.7810   14.0265
    0.0000    0.0000   22.5000 2755.8606   13.7540
    7.5000    0.0000   22.5000 2746.9297   14.1598
   -7.5000    7.5000   22.5000 2831.3223   13.3753
    0.0000    7.5000   22.5000 2853.3892   13.0219
    7.5000    7.5000   22.5000 2835.5046   13.4023
   -7.5000   15.0000   22.5000 2894.4226   13.0937
    0.0000   15.0000   22.5000 2907.3113   12.7936
    7.5000   15.0000   22.5000 2882.5342   13.0305
   -7.5000   22.5000   22.5000 2896.3040   13.2094
    0.0000   22.5000   22.5000 2912.5042   12.9857
    7.5000   22.5000   22.5000 2881.9587   13.1515
   -7.5000   30.0000   22.5000 2831.1721   13.5571
    0.0000   30.0000   22.5000 2857.3271   13.3677
    7.5000   30.0000   22.5000 2830.7983   13.5018
   -7.5000   37.5000   22.5000 2735.1565   14.1672
    0.0000   37.5000   22.5000 2754.4849   13.9912
    7.5000   37.5000   22.5000 2738.0266   14.1250
   -7.5000   45.0000   22.5000 2621.8787   15.0945
    0.0000   45.0000   22.5000 2635.7236   14.9252
    7.5000   45.0000   22.5000 2623.2280   15.0575
   -7.5000  -45.0000   30.0000 1914.3209   28.6092
    0.0000  -45.0000   30.0000 1921.3593   28.4109
    7.5000  -45.0000   30.0000 1914.4421   29.0336
   -7.5000  -37.5000   30.0000 2070.5122   24.2479
    0.0000  -37.5000   30.0000 2083.5347   23.9604
    7.5000  -37.5000   30.0000 2067.7156   24.4921
   -7.5000  -30.0000   30.0000 2205.1646   20.9618
    0.0000  -30.0000   30.0000 2222.1833   20.7007
    7.5000  -30.0000   30.0000 2210.8210   21.2579
   -7.5000  -22.5000   30.0000 2332.2615   18.6215
    0.0000  -22.5000   30.0000 2357.3484   18.3511
    7.5000  -22.5000   30.0000 2345.7942   18.8436
   -7.5000  -15.0000   30.0000 2452.7673   16.8706
    0.0000  -15.0000   30.0000 2481.0815   16.6311
    7.5000  -15.0000   30.0000 2471.6689   17.0685
   -7.5000   -7.5000   30.0000 2572.2207   15.6114
    0.0000   -7.5000   30.0000 2604.0508   15.3713
    7.5000   -7.5000   30.0000 2593.9927   15.7427
   -7.5000    0.0000   30.0000 2682.1499   14.7313
    0.0000    0.0000   30.0000 2716.9275   14.4185
    7.5000    0.0000   30.0000 2700.6699   14.7391
   -7.5000    7.5000   30.0000 2779.3625   13.9950
    0.0000    7.5000   30.0000 2805.5933   13.6582
    7.5000    7.5000   30.0000 2779.9531   13.9361
   -7.5000   15.0000   30.0000 2830.0566   13.7187
    0.0000   15.0000   30.0000 2853.9717   13.4785
    7.5000   15.0000   30.0000 2828.0195   13.6419
   -7.5000   22.5000   30.0000 2831.1187   13.8402
    0.0000   22.5000   30.0000 2854.1238   13.6405
    7.5000   22.5000   30.0000 2829.2400   13.7348
   -7.5000   30.0000   30.0000 2775.1697   14.2240
    0.0000   30.0000   30.0000 2795.2598   14.0374
    7.5000   30.0000   30.0000 2770.7114   14.1413
   -7.5000   37.5000   30.0000 2684.2952   14.8195
    0.0000   37.5000   30.0000 2709.2212   14.7409
    7.5000   37.5000   30.0000 2683.9651   14.8029
   -7.5000   45.0000   30.0000 2571.0037   15.6807
    0.0000   45.0000   30.0000 2595.6409   15.6214
    7.5000   45.0000   30.0000 2566.5322   15.6761
   -7.5000  -45.0000   37.5000 1872.6144   29.9045
    0.0000  -45.0000   37.5000 1882.6573   29.5873
    7.5000  -45.0000   37.5000 1874.3618   30.2440
   -7.5000  -37.5000   37.5000 2028.5988   25.3594
    0.0000  -37.5000   37.5000 2043.7949   25.0740
    7.5000  -37.5000   37.5000 2029.6085   25.6003
   -7.5000  -30.0000   37.5000 2168.8027   22.0327
    0.0000  -30.0000   37.5000 2182.1619   21.7768
    7.5000  -30.0000   37.5000 2167.8296   22.1958
   -7.5000  -22.5000   37.5000 2298.8789   19.6819
    0.0000  -22.5000   37.5000 2319.2686   19.4243
    7.5000  -22.5000   37.5000 2299.7461   19.7724
   -7.5000  -15.0000   37.5000 2415.1724   17.9158
    0.0000  -15.0000   37.5000 2442.2107   17.6597
    7.5000  -15.0000   37.5000 2427.8840   17.9638
   -7.5000   -7.5000   37.5000 2526.9912   16.5321
    0.0000   -7.5000   37.5000 2559.0879   16.3118
    7.5000   -7.5000   37.5000 2543.6711   16.5935
   -7.5000    0.0000   37.5000 2631.0605   15.5246
    0.0000    0.0000   37.5000 2663.4143   15.2160
    7.5000    0.0000   37.5000 2638.8403   15.5267
   -7.5000    7.5000   37.5000 2711.4055   14.7572
    0.0000    7.5000   37.5000 2733.9363   14.4884
    7.5000    7.5000   37.5000 2712.2122   14.7324
   -7.5000   15.0000   37.5000 2745.8091   14.5259
    0.0000   15.0000   37.5000 2770.8909   14.2989
    7.5000   15.0000   37.5000 2754.0234   14.4706
   -7.5000   22.5000   37.5000 2741.3984   14.6103
    0.0000   22.5000   37.5000 2765.3730   14.3874
    7.5000   22.5000   37.5000 2752.0635   14.5581
   -7.5000   30.0000   37.5000 2689.0496   14.9894
    0.0000   30.0000   37.5000 2714.6243   14.7762
    7.5000   30.0000   37.5000 2697.8521   14.9743
   -7.5000   37.5000   37.5000 2609.0496   15.5943
    0.0000   37.5000   37.5000 2634.5518   15.4306
    7.5000   37.5000   37.5000 2614.3450   15.6234
   -7.5000   45.0000   37.5000 2503.3691   16.5289
    0.0000   45.0000   37.5000 2529.7988   16.3992
    7.5000   45.0000   37.5000 2508.6321   16.5273
   -7.5000  -45.0000   45.0000 1816.5430   31.9544
    0.0000  -45.0000   45.0000 1828.0956   31.6460
    7.5000  -45.0000   45.0000 1819.1412   32.0570
   -7.5000  -37.5000   45.0000 1972.8477   27.0677
    0.0000  -37.5000   45.0000 1986.2203   26.7813
    7.5000  -37.5000   45.0000 1973.2842   27.1133
   -7.5000  -30.0000   45.0000 2115.1836   23.5000
    0.0000  -30.0000   45.0000 2129.8323   23.2475
    7.5000  -30.0000   45.0000 2115.9734   23.4897
   -7.5000  -22.5000   45.0000 2242.6211   20.9401
    0.0000  -22.5000   45.0000 2268.3604   20.7028
    7.5000  -22.5000   45.0000 2245.0176   20.9236
   -7.5000  -15.0000   45.0000 2357.3643   19.0455
    0.0000  -15.0000   45.0000 2388.5957   18.7999
    7.5000  -15.0000   45.0000 2365.7405   19.0579
   -7.5000   -7.5000   45.0000 2462.4751   17.6101
    0.0000   -7.5000   45.0000 2501.1992   17.3841
    7.5000   -7.5000   45.0000 2477.3135   17.6516
   -7.5000    0.0000   45.0000 2556.2922   16.5172
    0.0000    0.0000   45.0000 2590.4402   16.2782
    7.5000    0.0000   45.0000 2565.7983   16.5459
   -7.5000    7.5000   45.0000 2624.1824   15.7677
    0.0000    7.5000   45.0000 2650.8987   15.5538
    7.5000    7.5000   45.0000 2632.5161   15.7775
   -7.5000   15.0000   45.0000 2647.5425   15.5301
    0.0000   15.0000   45.0000 2680.4434   15.3242
    7.5000   15.0000   45.0000 2661.6484   15.4990
   -7.5000   22.5000   45.0000 2633.4204   15.5733
    0.0000   22.5000   45.0000 2659.9597   15.3808
    7.5000   22.5000   45.0000 2649.3867   15.5526
   -7.5000   30.0000   45.0000 2585.2542   15.9224
    0.0000   30.0000   45.0000 2608.3442   15.7406
    7.5000   30.0000   45.0000 2595.5151   15.9507
   -7.5000   37.5000   45.0000 2510.4434   16.5429
    0.0000   37.5000   45.0000 2542.9412   16.3730
    7.5000   37.5000   45.0000 2525.7356   16.5733
   -7.5000   45.0000   45.0000 2417.1724   17.4621
    0.0000   45.0000   45.0000 2443.7495   17.2994
    7.5000   45.0000   45.0000 2428.5869   17.4625

---------------------------------------------------------------------
imgreg_4dfp /opt/freesurfer/average/711-2C_as_mni_average_305 /opt/freesurfer/average/711-2B_as_mni_average_305_mask talsrcimg_g11 none talsrcimg_to_711-2C_as_mni_average_305_t4 1283
---------------------------------------------------------------------

freesurfer imgreg_4dfp.c
/opt/freesurfer/average/711-2C_as_mni_average_305.4dfp.img
       256       256       256         1
  1.000000  1.000000  1.000000
orientation T byte_order littleendian
Reading image: /opt/freesurfer/average/711-2C_as_mni_average_305.4dfp.img
dimensions:      256       256       256
mmppix:       1.0000   -1.0000   -1.0000
center:     128.0000 -129.0000 -129.0000
/opt/freesurfer/average/711-2B_as_mni_average_305_mask.4dfp.img
       256       256       256         1
  1.000000  1.000000  1.000000
orientation T byte_order littleendian
Reading mask: /opt/freesurfer/average/711-2B_as_mni_average_305_mask.4dfp.img (2306576 pixels)
talsrcimg_g11.4dfp.img
       256       256       256         1
  1.000000  1.000000  1.000000
orientation T byte_order littleendian
Reading image: talsrcimg_g11.4dfp.img
dimensions:      256       256       256
mmppix:       1.0000   -1.0000   -1.0000
center:     128.0000 -129.0000 -129.0000
rotation matrix determinant  1.000000
fimgreg.f
image alignment mode   1283 decimal      503 hex
parameters
    0.0000   22.5000   15.0000    0.0000    0.0000    0.0000
eta,q 0.91733 12.25794
niter,ni,del,rscale     5    3   12.0000    1.2000
parameter  1 -1.096635 -> -0.500000 qaram    1.1500
parameter  2  0.872015 ->  0.500000 qaram    1.1500
parameter  4 -2.797473 ->  0.500000 qaram    1.1500
parameter  6  1.310236 ->  0.500000 qaram    1.1500
parameters
    3.4500   19.0500   15.4209   -3.4500   -1.7650   -3.4500
eta,q 0.92133 12.10822
  0.0895  0.0823  0.0898  0.0797  0.0821  0.0784
  0.0925  0.0838  0.0892  0.0803  0.0815  0.0785
  0.0898  0.0850  0.0853  0.0818  0.0809  0.0793
  0.0864  0.0856  0.0846  0.0841  0.0806  0.0809
  0.0873  0.0868  0.0845  0.0860  0.0817  0.0825
  0.0859  0.0906  0.0859  0.0870  0.0840  0.0843
  0.0878  0.0956  0.0898  0.0869  0.0874  0.0864
niter,ni,del,rscale     7    3   12.0000    1.2000
parameters
    1.6286   18.2920   17.3824   -3.9238   -1.9505   -6.6639
eta,q 0.92336 12.23104
  0.0833  0.0859  0.0850  0.0822  0.0812  0.0782
  0.0800  0.0807  0.0830  0.0795  0.0789  0.0769
  0.0787  0.0796  0.0799  0.0777  0.0775  0.0765
  0.0787  0.0788  0.0789  0.0773  0.0773  0.0773
  0.0801  0.0815  0.0772  0.0784  0.0776  0.0799
  0.0879  0.0851  0.0775  0.0810  0.0795  0.0828
  0.0975  0.0872  0.0806  0.0833  0.0817  0.0851
niter,ni,del,rscale     6    3   12.0000    1.2000
parameters
   -0.5386   19.5548   16.7553   -7.1494   -0.6280   -5.8271
eta,q 0.92307 12.17385
  0.0776  0.0940  0.0810  0.0783  0.0805  0.0820
  0.0779  0.0852  0.0794  0.0776  0.0787  0.0805
  0.0774  0.0793  0.0796  0.0771  0.0774  0.0791
  0.0766  0.0774  0.0775  0.0781  0.0771  0.0774
  0.0769  0.0785  0.0780  0.0801  0.0776  0.0768
  0.0811  0.0809  0.0806  0.0828  0.0775  0.0783
  0.0902  0.0840  0.0835  0.0867  0.0782  0.0811
niter,ni,del,rscale     5    3   12.0000    1.2000
parameters
   -0.6913   21.6908   15.5479   -9.0278   -1.0598   -5.6523
eta,q 0.92438 12.08067
  0.0804  0.0896  0.0777  0.0793  0.0787  0.0805
  0.0774  0.0845  0.0764  0.0778  0.0770  0.0789
  0.0773  0.0793  0.0770  0.0758  0.0760  0.0771
  0.0769  0.0770  0.0754  0.0765  0.0757  0.0757
  0.0768  0.0754  0.0757  0.0790  0.0760  0.0758
  0.0766  0.0767  0.0785  0.0816  0.0771  0.0780
  0.0817  0.0802  0.0820  0.0857  0.0804  0.0808
niter,ni,del,rscale     4    3   12.0000    1.2000
parameters
    1.3380   21.6202   14.9334  -10.0414   -0.3282   -6.3200
eta,q 0.92477 12.08512
  0.0808  0.0836  0.0766  0.0795  0.0804  0.0812
  0.0773  0.0816  0.0755  0.0774  0.0785  0.0781
  0.0770  0.0777  0.0751  0.0763  0.0769  0.0759
  0.0756  0.0752  0.0752  0.0756  0.0756  0.0753
  0.0751  0.0769  0.0741  0.0773  0.0750  0.0769
  0.0740  0.0800  0.0751  0.0796  0.0763  0.0804
  0.0773  0.0855  0.0793  0.0818  0.0793  0.0834
niter,ni,del,rscale     3    3   12.0000    1.2000
parameters
    0.7951   21.8224   12.7011   -9.2314   -0.4084   -7.0006
eta,q 0.92600 11.98921
  0.0802  0.0840  0.0751  0.0822  0.0790  0.0801
  0.0800  0.0814  0.0747  0.0792  0.0771  0.0768
  0.0775  0.0780  0.0742  0.0760  0.0751  0.0744
  0.0752  0.0757  0.0756  0.0740  0.0741  0.0741
  0.0736  0.0766  0.0750  0.0748  0.0750  0.0758
  0.0772  0.0796  0.0762  0.0769  0.0769  0.0790
  0.0879  0.0842  0.0796  0.0794  0.0796  0.0825
niter,ni,del,rscale     2    3   12.0000    1.2000
parameters
    0.8559   21.8408   10.9339   -9.0836   -0.8099   -8.2179
eta,q 0.92527 12.04400
  0.0829  0.0812  0.0748  0.0820  0.0794  0.0787
  0.0825  0.0789  0.0753  0.0785  0.0771  0.0767
  0.0779  0.0769  0.0752  0.0748  0.0753  0.0751
  0.0740  0.0740  0.0740  0.0749  0.0750  0.0749
  0.0737  0.0758  0.0756  0.0763  0.0762  0.0763
  0.0769  0.0785  0.0750  0.0786  0.0782  0.0792
  0.0874  0.0818  0.0755  0.0806  0.0802  0.0829
niter,ni,del,rscale     1    3   12.0000    1.2000
parameters
    0.6761   22.9981   11.6398   -8.6222   -0.5133   -8.0262
eta,q 0.92547 12.03399
  0.0844  0.0815  0.0789  0.0823  0.0815  0.0810
  0.0817  0.0792  0.0747  0.0783  0.0788  0.0778
  0.0779  0.0778  0.0750  0.0747  0.0757  0.0757
  0.0747  0.0748  0.0746  0.0743  0.0745  0.0746
  0.0760  0.0749  0.0750  0.0757  0.0759  0.0750
  0.0794  0.0758  0.0768  0.0776  0.0782  0.0772
  0.0884  0.0794  0.0756  0.0797  0.0800  0.0806
registration optimization eta report
parameter search radius
    6.9000    6.9000    6.0000    6.9000    6.0000    6.9000
100000*second partial in parameter space
       23.       11.        7.       14.       16.       13.
  0.0844  0.0815  0.0789  0.0823  0.0815  0.0810
  0.0817  0.0792  0.0747  0.0783  0.0788  0.0778
  0.0779  0.0778  0.0750  0.0747  0.0757  0.0757
  0.0747  0.0748  0.0746  0.0743  0.0745  0.0746
  0.0760  0.0749  0.0750  0.0757  0.0759  0.0750
  0.0794  0.0758  0.0768  0.0776  0.0782  0.0772
  0.0884  0.0794  0.0756  0.0797  0.0800  0.0806
    0.6761   22.9981   11.6398   -8.6222   -0.5133   -8.0262
eta,q 0.92547 12.03399

---------------------------------------------------------------------
imgreg_4dfp /opt/freesurfer/average/711-2C_as_mni_average_305 /opt/freesurfer/average/711-2B_as_mni_average_305_mask talsrcimg_g11 none talsrcimg_to_711-2C_as_mni_average_305_t4 3335
---------------------------------------------------------------------

freesurfer imgreg_4dfp.c
/opt/freesurfer/average/711-2C_as_mni_average_305.4dfp.img
       256       256       256         1
  1.000000  1.000000  1.000000
orientation T byte_order littleendian
Reading image: /opt/freesurfer/average/711-2C_as_mni_average_305.4dfp.img
dimensions:      256       256       256
mmppix:       1.0000   -1.0000   -1.0000
center:     128.0000 -129.0000 -129.0000
/opt/freesurfer/average/711-2B_as_mni_average_305_mask.4dfp.img
       256       256       256         1
  1.000000  1.000000  1.000000
orientation T byte_order littleendian
Reading mask: /opt/freesurfer/average/711-2B_as_mni_average_305_mask.4dfp.img (2306576 pixels)
talsrcimg_g11.4dfp.img
       256       256       256         1
  1.000000  1.000000  1.000000
orientation T byte_order littleendian
Reading image: talsrcimg_g11.4dfp.img
dimensions:      256       256       256
mmppix:       1.0000   -1.0000   -1.0000
center:     128.0000 -129.0000 -129.0000
fimgreg.f
image alignment mode   3335 decimal      D07 hex
parameters
    0.6761   22.9981   11.6398   -0.9835   -2.0799   -1.1341
   13.6718    2.9703  -13.9621   14.7213   -0.8958  -14.9912
eta,q 0.92714 12.10510
niter,ni,del,rscale     5    3    5.0000    1.2000
parameter  3  1.076520 -> -0.500000 qaram    1.1500
parameter  4-23.135561 ->  0.500000 qaram    1.1500
parameter  5  5.166072 ->  0.500000 qaram    1.1500
parameter  6 34.871990 ->  0.500000 qaram    1.1500
parameter  7  1.170821 ->  0.500000 qaram    1.1500
parameter  8 -0.544958 -> -0.500000 qaram    1.1500
parameter  9 -0.959758 -> -0.500000 qaram    1.1500
parameters
    1.1882   22.8574   13.0198   -5.1235   -6.2199   -5.2741
    9.5318    7.1103   -9.8221   14.5803   -0.4069  -11.6809
eta,q 0.95230 11.82555
  0.0743  0.0741  0.0731  0.0620  0.0583  0.0476  0.0500  0.0572  0.0531  0.0519  0.0501  0.0518
  0.0737  0.0734  0.0729  0.0653  0.0611  0.0505  0.0502  0.0546  0.0516  0.0505  0.0492  0.0505
  0.0732  0.0729  0.0729  0.0689  0.0639  0.0556  0.0508  0.0522  0.0503  0.0490  0.0485  0.0492
  0.0729  0.0728  0.0727  0.0721  0.0663  0.0619  0.0516  0.0503  0.0492  0.0482  0.0482  0.0482
  0.0727  0.0730  0.0724  0.0751  0.0693  0.0678  0.0527  0.0493  0.0485  0.0486  0.0482  0.0477
  0.0729  0.0736  0.0720  0.0783  0.0727  0.0721  0.0541  0.0493  0.0481  0.0503  0.0488  0.0479
  0.0735  0.0745  0.0717  0.0817  0.0762  0.0764  0.0557  0.0502  0.0480  0.0526  0.0497  0.0485
niter,ni,del,rscale     7    3    5.0000    1.2000
parameter  1  0.620343 ->  0.500000 qaram    1.1500
parameter  4  1.838157 ->  0.500000 qaram    1.3225
parameter  5  8.759810 ->  0.500000 qaram    1.3225
parameter  6  0.581120 ->  0.500000 qaram    1.3225
parameter 12  0.674838 ->  0.500000 qaram    1.1500
parameters
   -0.1918   21.9489   13.7279   -9.8845  -10.9809  -10.0351
    8.6051    5.3240   -9.9606   12.8986   -1.0662  -15.8209
eta,q 0.96899 11.65339
  0.0471  0.0473  0.0513  0.0378  0.0298  0.0328  0.0349  0.0371  0.0344  0.0334  0.0328  0.0312
  0.0466  0.0465  0.0489  0.0387  0.0332  0.0322  0.0333  0.0335  0.0328  0.0322  0.0321  0.0310
  0.0468  0.0462  0.0472  0.0416  0.0366  0.0325  0.0323  0.0319  0.0319  0.0316  0.0317  0.0311
  0.0477  0.0466  0.0462  0.0461  0.0393  0.0342  0.0321  0.0321  0.0317  0.0317  0.0316  0.0316
  0.0493  0.0476  0.0461  0.0513  0.0427  0.0384  0.0328  0.0346  0.0320  0.0325  0.0318  0.0322
  0.0515  0.0491  0.0467  0.0566  0.0465  0.0456  0.0343  0.0388  0.0330  0.0341  0.0324  0.0331
  0.0541  0.0508  0.0479  0.0611  0.0503  0.0533  0.0364  0.0434  0.0345  0.0365  0.0334  0.0341
niter,ni,del,rscale     7    3    5.0000    1.2000
parameter  2  0.696802 ->  0.500000 qaram    1.1500
parameter  3  0.686361 ->  0.500000 qaram    1.3225
parameter  5  0.869529 ->  0.500000 qaram    1.5209
parameters
   -0.1464   20.5689   12.1409  -12.2837  -16.4560  -10.0151
    9.5512    5.5371  -10.0913   13.8181   -1.3701  -18.4497
eta,q 0.97506 11.60795
  0.0371  0.0303  0.0290  0.0329  0.0265  0.0306  0.0300  0.0327  0.0283  0.0290  0.0258  0.0257
  0.0339  0.0299  0.0287  0.0312  0.0254  0.0283  0.0279  0.0284  0.0266  0.0270  0.0254  0.0251
  0.0318  0.0301  0.0290  0.0297  0.0261  0.0267  0.0262  0.0260  0.0255  0.0258  0.0252  0.0249
  0.0310  0.0310  0.0299  0.0288  0.0293  0.0253  0.0253  0.0252  0.0251  0.0251  0.0251  0.0251
  0.0317  0.0323  0.0313  0.0309  0.0338  0.0237  0.0253  0.0255  0.0256  0.0252  0.0252  0.0256
  0.0337  0.0340  0.0332  0.0363  0.0375  0.0252  0.0264  0.0277  0.0267  0.0259  0.0254  0.0265
  0.0367  0.0358  0.0357  0.0427  0.0418  0.0335  0.0285  0.0322  0.0285  0.0275  0.0260  0.0276
niter,ni,del,rscale     7    3    5.0000    1.2000
parameters
    0.0186   21.6744   11.9688  -11.9408  -19.0473   -9.9846
    9.4641    5.7823  -10.3014   15.4563   -1.5864  -20.4543
eta,q 0.97614 11.53139
  0.0301  0.0325  0.0260  0.0300  0.0290  0.0294  0.0275  0.0312  0.0268  0.0271  0.0248  0.0247
  0.0274  0.0293  0.0250  0.0278  0.0266  0.0271  0.0258  0.0270  0.0252  0.0254  0.0242  0.0241
  0.0257  0.0267  0.0244  0.0260  0.0245  0.0254  0.0246  0.0247  0.0243  0.0244  0.0240  0.0239
  0.0249  0.0249  0.0241  0.0241  0.0239  0.0240  0.0240  0.0240  0.0240  0.0240  0.0239  0.0239
  0.0252  0.0241  0.0243  0.0232  0.0271  0.0223  0.0243  0.0243  0.0244  0.0240  0.0240  0.0243
  0.0266  0.0245  0.0252  0.0256  0.0322  0.0244  0.0257  0.0263  0.0255  0.0243  0.0243  0.0251
  0.0291  0.0259  0.0267  0.0310  0.0365  0.0321  0.0279  0.0305  0.0271  0.0251  0.0249  0.0260
niter,ni,del,rscale     6    3    5.0000    1.2000
parameters
    0.0869   22.4691   11.7071  -11.8709  -20.3931  -10.3237
    9.3035    6.0550  -10.3639   17.8019   -1.7122  -21.4982
eta,q 0.97622 11.49386
  0.0286  0.0295  0.0252  0.0289  0.0296  0.0290  0.0271  0.0307  0.0265  0.0264  0.0247  0.0248
  0.0261  0.0269  0.0241  0.0270  0.0272  0.0269  0.0255  0.0268  0.0250  0.0251  0.0241  0.0242
  0.0245  0.0250  0.0236  0.0253  0.0250  0.0252  0.0245  0.0246  0.0242  0.0244  0.0238  0.0239
  0.0239  0.0238  0.0235  0.0235  0.0234  0.0238  0.0240  0.0240  0.0240  0.0240  0.0238  0.0238
  0.0242  0.0234  0.0237  0.0227  0.0248  0.0222  0.0242  0.0242  0.0243  0.0238  0.0239  0.0241
  0.0257  0.0240  0.0245  0.0253  0.0297  0.0252  0.0255  0.0261  0.0252  0.0239  0.0242  0.0246
  0.0282  0.0255  0.0261  0.0306  0.0342  0.0328  0.0276  0.0299  0.0265  0.0245  0.0248  0.0255
niter,ni,del,rscale     5    3    5.0000    1.2000
parameters
    0.1438   23.1478   11.2129  -12.1903  -21.7033  -10.9227
    9.1400    6.3609  -10.2832   20.3996   -1.7839  -22.3575
eta,q 0.97603 11.42965
  0.0283  0.0285  0.0250  0.0284  0.0292  0.0288  0.0269  0.0306  0.0266  0.0264  0.0249  0.0250
  0.0259  0.0264  0.0240  0.0266  0.0271  0.0269  0.0256  0.0269  0.0253  0.0256  0.0243  0.0244
  0.0244  0.0248  0.0235  0.0251  0.0251  0.0253  0.0247  0.0250  0.0246  0.0248  0.0240  0.0241
  0.0238  0.0238  0.0235  0.0234  0.0236  0.0241  0.0243  0.0243  0.0243  0.0243  0.0240  0.0240
  0.0241  0.0235  0.0239  0.0229  0.0244  0.0226  0.0245  0.0245  0.0245  0.0240  0.0241  0.0242
  0.0255  0.0240  0.0248  0.0257  0.0290  0.0258  0.0256  0.0262  0.0253  0.0240  0.0244  0.0248
  0.0281  0.0255  0.0265  0.0310  0.0340  0.0334  0.0274  0.0299  0.0265  0.0248  0.0249  0.0255
niter,ni,del,rscale     4    3    5.0000    1.2000
parameters
    0.2121   23.8247   10.5700  -12.6111  -23.1236  -11.7737
    8.9707    6.6854  -10.2516   22.1727   -1.5237  -22.9223
eta,q 0.97567 11.32253
  0.0283  0.0286  0.0249  0.0280  0.0289  0.0285  0.0269  0.0306  0.0269  0.0270  0.0251  0.0253
  0.0260  0.0265  0.0240  0.0264  0.0268  0.0268  0.0257  0.0271  0.0256  0.0260  0.0246  0.0248
  0.0245  0.0249  0.0236  0.0251  0.0251  0.0255  0.0249  0.0253  0.0249  0.0252  0.0244  0.0244
  0.0240  0.0240  0.0237  0.0236  0.0238  0.0242  0.0246  0.0246  0.0246  0.0246  0.0243  0.0243
  0.0243  0.0237  0.0241  0.0230  0.0244  0.0231  0.0248  0.0247  0.0248  0.0243  0.0244  0.0245
  0.0256  0.0242  0.0252  0.0256  0.0286  0.0262  0.0257  0.0263  0.0256  0.0245  0.0245  0.0250
  0.0280  0.0257  0.0268  0.0308  0.0341  0.0339  0.0273  0.0299  0.0268  0.0256  0.0249  0.0256
niter,ni,del,rscale     3    3    5.0000    1.2000
parameters
    0.3016   24.3605   10.0614  -12.8138  -24.1740  -12.5319
    8.8035    6.8560  -10.2783   23.2198   -1.0002  -23.2228
eta,q 0.97533 11.23593
  0.0282  0.0286  0.0254  0.0281  0.0292  0.0286  0.0271  0.0305  0.0272  0.0273  0.0253  0.0256
  0.0261  0.0266  0.0246  0.0265  0.0272  0.0270  0.0259  0.0272  0.0259  0.0262  0.0249  0.0251
  0.0248  0.0252  0.0242  0.0253  0.0255  0.0257  0.0251  0.0255  0.0251  0.0254  0.0247  0.0248
  0.0243  0.0243  0.0241  0.0241  0.0242  0.0245  0.0248  0.0248  0.0248  0.0248  0.0247  0.0247
  0.0246  0.0242  0.0245  0.0234  0.0244  0.0234  0.0251  0.0249  0.0251  0.0247  0.0247  0.0248
  0.0257  0.0248  0.0253  0.0254  0.0280  0.0260  0.0259  0.0266  0.0259  0.0251  0.0248  0.0252
  0.0279  0.0263  0.0267  0.0301  0.0333  0.0335  0.0274  0.0303  0.0272  0.0264  0.0251  0.0258
niter,ni,del,rscale     2    3    5.0000    1.2000
parameters
    0.3590   24.7064    9.7285  -12.8340  -24.8039  -13.0924
    8.7032    6.8822  -10.3412   23.8743   -0.7084  -23.3811
eta,q 0.97507 11.18700
  0.0283  0.0284  0.0259  0.0283  0.0297  0.0288  0.0273  0.0304  0.0274  0.0274  0.0254  0.0259
  0.0263  0.0266  0.0251  0.0268  0.0276  0.0272  0.0261  0.0273  0.0261  0.0263  0.0251  0.0254
  0.0251  0.0253  0.0247  0.0256  0.0259  0.0260  0.0253  0.0257  0.0253  0.0255  0.0250  0.0250
  0.0247  0.0247  0.0246  0.0246  0.0246  0.0248  0.0250  0.0250  0.0250  0.0250  0.0249  0.0249
  0.0249  0.0247  0.0249  0.0238  0.0245  0.0236  0.0252  0.0251  0.0253  0.0250  0.0249  0.0251
  0.0260  0.0255  0.0255  0.0255  0.0276  0.0257  0.0261  0.0270  0.0262  0.0255  0.0250  0.0254
  0.0281  0.0270  0.0267  0.0298  0.0326  0.0330  0.0276  0.0307  0.0274  0.0269  0.0254  0.0260
niter,ni,del,rscale     1    3    5.0000    1.2000
parameters
    0.3820   24.9278    9.5121  -12.8232  -25.1886  -13.4770
    8.6586    6.8946  -10.3715   24.2905   -0.5544  -23.4164
eta,q 0.97488 11.15732
  0.0284  0.0283  0.0263  0.0284  0.0300  0.0290  0.0275  0.0305  0.0275  0.0275  0.0256  0.0261
  0.0265  0.0266  0.0255  0.0269  0.0279  0.0274  0.0263  0.0275  0.0262  0.0264  0.0253  0.0256
  0.0254  0.0255  0.0250  0.0259  0.0262  0.0262  0.0255  0.0259  0.0254  0.0256  0.0252  0.0252
  0.0249  0.0249  0.0249  0.0249  0.0249  0.0250  0.0252  0.0252  0.0252  0.0252  0.0251  0.0251
  0.0252  0.0251  0.0251  0.0241  0.0247  0.0238  0.0254  0.0253  0.0255  0.0252  0.0251  0.0252
  0.0263  0.0259  0.0257  0.0257  0.0274  0.0255  0.0262  0.0272  0.0263  0.0258  0.0252  0.0256
  0.0284  0.0275  0.0268  0.0298  0.0322  0.0325  0.0277  0.0309  0.0275  0.0273  0.0256  0.0261
registration optimization eta report
parameter search radius
    2.7600    2.7600    3.1740    9.5220   10.9503    9.5220
    8.2800    8.2800    8.2800    7.2000    7.2000    8.2800
100000*second partial in parameter space
       45.       39.       16.        5.        5.        7.
        4.        8.        3.        4.        1.        1.
  0.0284  0.0283  0.0263  0.0284  0.0300  0.0290  0.0275  0.0305  0.0275  0.0275  0.0256  0.0261
  0.0265  0.0266  0.0255  0.0269  0.0279  0.0274  0.0263  0.0275  0.0262  0.0264  0.0253  0.0256
  0.0254  0.0255  0.0250  0.0259  0.0262  0.0262  0.0255  0.0259  0.0254  0.0256  0.0252  0.0252
  0.0249  0.0249  0.0249  0.0249  0.0249  0.0250  0.0252  0.0252  0.0252  0.0252  0.0251  0.0251
  0.0252  0.0251  0.0251  0.0241  0.0247  0.0238  0.0254  0.0253  0.0255  0.0252  0.0251  0.0252
  0.0263  0.0259  0.0257  0.0257  0.0274  0.0255  0.0262  0.0272  0.0263  0.0258  0.0252  0.0256
  0.0284  0.0275  0.0268  0.0298  0.0322  0.0325  0.0277  0.0309  0.0275  0.0273  0.0256  0.0261
    0.3820   24.9278    9.5121  -12.8232  -25.1886  -13.4770
    8.6586    6.8946  -10.3715   24.2905   -0.5544  -23.4164
eta,q 0.97488 11.15732

---------------------------------------------------------------------
imgreg_4dfp /opt/freesurfer/average/711-2C_as_mni_average_305 /opt/freesurfer/average/711-2B_as_mni_average_305_mask talsrcimg_g11 none talsrcimg_to_711-2C_as_mni_average_305_t4 2311
---------------------------------------------------------------------

freesurfer imgreg_4dfp.c
/opt/freesurfer/average/711-2C_as_mni_average_305.4dfp.img
       256       256       256         1
  1.000000  1.000000  1.000000
orientation T byte_order littleendian
Reading image: /opt/freesurfer/average/711-2C_as_mni_average_305.4dfp.img
dimensions:      256       256       256
mmppix:       1.0000   -1.0000   -1.0000
center:     128.0000 -129.0000 -129.0000
/opt/freesurfer/average/711-2B_as_mni_average_305_mask.4dfp.img
       256       256       256         1
  1.000000  1.000000  1.000000
orientation T byte_order littleendian
Reading mask: /opt/freesurfer/average/711-2B_as_mni_average_305_mask.4dfp.img (2306576 pixels)
talsrcimg_g11.4dfp.img
       256       256       256         1
  1.000000  1.000000  1.000000
orientation T byte_order littleendian
Reading image: talsrcimg_g11.4dfp.img
dimensions:      256       256       256
mmppix:       1.0000   -1.0000   -1.0000
center:     128.0000 -129.0000 -129.0000
fimgreg.f
image alignment mode   2311 decimal      907 hex
parameters
    0.3820   24.9278    9.5121  -12.8232  -25.1886  -13.4770
    8.6586    6.8946  -10.3715   24.2905   -0.5544  -23.4164
eta,q 0.97488 11.15732
niter,ni,del,rscale     5    3    5.0000    0.8000
parameter  4 -0.861083 -> -0.500000 qaram    1.1500
parameters
    0.4523   25.0937    9.4254  -10.0632  -23.2719  -11.9309
    7.8376    6.8827  -10.6784   23.6263   -1.6801  -24.5296
eta,q 0.97655 11.41398
  0.0263  0.0263  0.0254  0.0265  0.0263  0.0259  0.0245  0.0273  0.0246  0.0247  0.0240  0.0237
  0.0257  0.0257  0.0253  0.0260  0.0256  0.0251  0.0239  0.0253  0.0240  0.0241  0.0236  0.0235
  0.0253  0.0253  0.0251  0.0256  0.0249  0.0245  0.0236  0.0240  0.0236  0.0237  0.0235  0.0235
  0.0251  0.0251  0.0251  0.0251  0.0244  0.0240  0.0236  0.0235  0.0235  0.0235  0.0235  0.0235
  0.0252  0.0252  0.0251  0.0246  0.0240  0.0235  0.0239  0.0240  0.0237  0.0238  0.0238  0.0236
  0.0255  0.0254  0.0253  0.0244  0.0240  0.0235  0.0245  0.0253  0.0242  0.0245  0.0242  0.0238
  0.0261  0.0259  0.0255  0.0248  0.0247  0.0246  0.0254  0.0273  0.0249  0.0258  0.0248  0.0241
niter,ni,del,rscale     5    3    5.0000    0.8000
parameters
    0.2635   24.6541    9.9235  -10.9776  -22.9739  -10.7858
    8.4885    6.9660  -10.4243   23.1690   -2.2334  -24.6659
eta,q 0.97713 11.45197
  0.0250  0.0240  0.0245  0.0252  0.0252  0.0256  0.0244  0.0268  0.0242  0.0242  0.0236  0.0233
  0.0240  0.0236  0.0239  0.0245  0.0245  0.0248  0.0237  0.0247  0.0235  0.0236  0.0231  0.0231
  0.0235  0.0233  0.0236  0.0238  0.0239  0.0241  0.0232  0.0234  0.0230  0.0231  0.0229  0.0229
  0.0235  0.0234  0.0233  0.0233  0.0234  0.0234  0.0229  0.0229  0.0229  0.0229  0.0229  0.0229
  0.0239  0.0238  0.0233  0.0237  0.0233  0.0228  0.0229  0.0233  0.0230  0.0231  0.0231  0.0229
  0.0247  0.0245  0.0234  0.0254  0.0238  0.0230  0.0232  0.0245  0.0233  0.0238  0.0234  0.0231
  0.0259  0.0256  0.0236  0.0279  0.0251  0.0246  0.0238  0.0265  0.0239  0.0251  0.0240  0.0234
niter,ni,del,rscale     4    3    5.0000    0.7000
parameters
    0.2454   24.4531   10.1062  -11.2118  -22.4601  -10.4462
    8.5487    7.0473  -10.2628   22.8324   -2.5465  -24.7206
eta,q 0.97731 11.48126
  0.0243  0.0236  0.0237  0.0247  0.0244  0.0248  0.0237  0.0257  0.0236  0.0237  0.0233  0.0230
  0.0235  0.0232  0.0233  0.0241  0.0238  0.0241  0.0232  0.0241  0.0231  0.0232  0.0229  0.0228
  0.0230  0.0229  0.0230  0.0234  0.0233  0.0235  0.0228  0.0231  0.0228  0.0229  0.0227  0.0227
  0.0229  0.0229  0.0229  0.0229  0.0229  0.0228  0.0227  0.0227  0.0227  0.0227  0.0227  0.0227
  0.0230  0.0231  0.0229  0.0229  0.0228  0.0225  0.0228  0.0230  0.0228  0.0228  0.0228  0.0227
  0.0235  0.0235  0.0231  0.0239  0.0231  0.0231  0.0231  0.0239  0.0230  0.0233  0.0231  0.0229
  0.0244  0.0242  0.0233  0.0258  0.0240  0.0248  0.0236  0.0255  0.0235  0.0243  0.0235  0.0231
niter,ni,del,rscale     3    3    5.0000    0.6000
parameters
    0.2569   24.3237   10.1794  -11.0811  -22.0677  -10.1451
    8.4482    7.1269  -10.1618   22.5152   -2.7340  -24.7606
eta,q 0.97752 11.51003
  0.0238  0.0233  0.0233  0.0244  0.0238  0.0242  0.0232  0.0249  0.0232  0.0233  0.0230  0.0228
  0.0232  0.0229  0.0229  0.0238  0.0234  0.0237  0.0228  0.0236  0.0228  0.0229  0.0227  0.0226
  0.0228  0.0227  0.0227  0.0232  0.0230  0.0232  0.0226  0.0228  0.0226  0.0226  0.0225  0.0225
  0.0227  0.0227  0.0227  0.0227  0.0227  0.0226  0.0225  0.0225  0.0225  0.0225  0.0225  0.0225
  0.0228  0.0228  0.0227  0.0226  0.0226  0.0223  0.0226  0.0227  0.0225  0.0226  0.0226  0.0225
  0.0231  0.0231  0.0229  0.0232  0.0228  0.0229  0.0228  0.0235  0.0228  0.0230  0.0228  0.0226
  0.0237  0.0236  0.0231  0.0246  0.0236  0.0242  0.0233  0.0247  0.0231  0.0237  0.0231  0.0228
niter,ni,del,rscale     2    3    5.0000    0.5000
parameters
    0.2588   24.2278   10.2737  -10.9265  -21.7367   -9.8399
    8.3663    7.1706  -10.0767   22.1819   -2.8580  -24.7397
eta,q 0.97769 11.53335
  0.0233  0.0229  0.0230  0.0239  0.0234  0.0238  0.0228  0.0241  0.0228  0.0228  0.0227  0.0225
  0.0228  0.0227  0.0227  0.0233  0.0230  0.0233  0.0225  0.0232  0.0225  0.0226  0.0225  0.0224
  0.0226  0.0225  0.0225  0.0228  0.0227  0.0229  0.0224  0.0225  0.0224  0.0224  0.0223  0.0223
  0.0225  0.0225  0.0225  0.0225  0.0225  0.0224  0.0223  0.0223  0.0223  0.0223  0.0223  0.0223
  0.0226  0.0226  0.0225  0.0225  0.0224  0.0222  0.0224  0.0225  0.0224  0.0224  0.0224  0.0223
  0.0228  0.0228  0.0226  0.0229  0.0226  0.0226  0.0226  0.0231  0.0225  0.0227  0.0225  0.0224
  0.0233  0.0232  0.0228  0.0239  0.0232  0.0236  0.0229  0.0240  0.0228  0.0232  0.0228  0.0225
niter,ni,del,rscale     1    3    5.0000    0.4000
parameters
    0.2520   24.1240   10.3977  -10.7910  -21.4187   -9.5138
    8.3109    7.1844  -10.0087   21.7930   -2.9263  -24.6357
eta,q 0.97784 11.55355
  0.0228  0.0226  0.0227  0.0233  0.0229  0.0233  0.0225  0.0234  0.0225  0.0225  0.0225  0.0223
  0.0225  0.0224  0.0225  0.0229  0.0227  0.0230  0.0223  0.0227  0.0223  0.0223  0.0223  0.0222
  0.0224  0.0223  0.0224  0.0225  0.0224  0.0226  0.0222  0.0223  0.0222  0.0222  0.0222  0.0222
  0.0223  0.0223  0.0223  0.0223  0.0223  0.0223  0.0222  0.0222  0.0222  0.0222  0.0222  0.0222
  0.0224  0.0224  0.0223  0.0223  0.0222  0.0221  0.0222  0.0223  0.0222  0.0223  0.0222  0.0222
  0.0226  0.0225  0.0224  0.0226  0.0224  0.0224  0.0223  0.0227  0.0223  0.0225  0.0223  0.0222
  0.0228  0.0228  0.0225  0.0233  0.0227  0.0231  0.0226  0.0234  0.0225  0.0228  0.0225  0.0223
registration optimization eta report
parameter search radius
    0.8000    0.8000    0.8000    2.7600    2.4000    2.4000
    2.4000    2.4000    2.4000    2.4000    2.4000    2.4000
100000*second partial in parameter space
       83.       58.       44.       13.       10.       17.
        7.       21.        6.        9.        6.        3.
  0.0228  0.0226  0.0227  0.0233  0.0229  0.0233  0.0225  0.0234  0.0225  0.0225  0.0225  0.0223
  0.0225  0.0224  0.0225  0.0229  0.0227  0.0230  0.0223  0.0227  0.0223  0.0223  0.0223  0.0222
  0.0224  0.0223  0.0224  0.0225  0.0224  0.0226  0.0222  0.0223  0.0222  0.0222  0.0222  0.0222
  0.0223  0.0223  0.0223  0.0223  0.0223  0.0223  0.0222  0.0222  0.0222  0.0222  0.0222  0.0222
  0.0224  0.0224  0.0223  0.0223  0.0222  0.0221  0.0222  0.0223  0.0222  0.0223  0.0222  0.0222
  0.0226  0.0225  0.0224  0.0226  0.0224  0.0224  0.0223  0.0227  0.0223  0.0225  0.0223  0.0222
  0.0228  0.0228  0.0225  0.0233  0.0227  0.0231  0.0226  0.0234  0.0225  0.0228  0.0225  0.0223
    0.2520   24.1240   10.3977  -10.7910  -21.4187   -9.5138
    8.3109    7.1844  -10.0087   21.7930   -2.9263  -24.6357
eta,q 0.97784 11.55355

---------------------------------------------------------------------
imgreg_4dfp /opt/freesurfer/average/711-2C_as_mni_average_305 /opt/freesurfer/average/711-2B_as_mni_average_305_mask talsrcimg_g11 none talsrcimg_to_711-2C_as_mni_average_305_t4 2311
---------------------------------------------------------------------

freesurfer imgreg_4dfp.c
/opt/freesurfer/average/711-2C_as_mni_average_305.4dfp.img
       256       256       256         1
  1.000000  1.000000  1.000000
orientation T byte_order littleendian
Reading image: /opt/freesurfer/average/711-2C_as_mni_average_305.4dfp.img
dimensions:      256       256       256
mmppix:       1.0000   -1.0000   -1.0000
center:     128.0000 -129.0000 -129.0000
/opt/freesurfer/average/711-2B_as_mni_average_305_mask.4dfp.img
       256       256       256         1
  1.000000  1.000000  1.000000
orientation T byte_order littleendian
Reading mask: /opt/freesurfer/average/711-2B_as_mni_average_305_mask.4dfp.img (2306576 pixels)
talsrcimg_g11.4dfp.img
       256       256       256         1
  1.000000  1.000000  1.000000
orientation T byte_order littleendian
Reading image: talsrcimg_g11.4dfp.img
dimensions:      256       256       256
mmppix:       1.0000   -1.0000   -1.0000
center:     128.0000 -129.0000 -129.0000
fimgreg.f
image alignment mode   2311 decimal      907 hex
parameters
    0.2520   24.1240   10.3977  -10.7910  -21.4187   -9.5138
    8.3109    7.1844  -10.0087   21.7930   -2.9263  -24.6357
eta,q 0.97784 11.55355
niter,ni,del,rscale     5    3    5.0000    0.8000
parameters
    0.2324   23.9472   10.6217  -11.3451  -21.8271   -9.9339
    8.5616    7.0928  -10.0547   21.7875   -2.8160  -23.9813
eta,q 0.97751 11.51364
  0.0243  0.0233  0.0238  0.0241  0.0239  0.0247  0.0239  0.0259  0.0236  0.0239  0.0235  0.0232
  0.0231  0.0226  0.0229  0.0234  0.0232  0.0239  0.0232  0.0241  0.0230  0.0233  0.0229  0.0228
  0.0224  0.0222  0.0224  0.0226  0.0226  0.0232  0.0227  0.0229  0.0226  0.0228  0.0226  0.0226
  0.0222  0.0222  0.0222  0.0221  0.0222  0.0223  0.0225  0.0225  0.0225  0.0225  0.0225  0.0225
  0.0224  0.0224  0.0222  0.0224  0.0224  0.0223  0.0226  0.0229  0.0226  0.0225  0.0226  0.0225
  0.0232  0.0230  0.0225  0.0238  0.0233  0.0239  0.0229  0.0242  0.0230  0.0230  0.0229  0.0226
  0.0244  0.0241  0.0230  0.0260  0.0251  0.0269  0.0237  0.0262  0.0236  0.0241  0.0234  0.0229
niter,ni,del,rscale     4    3    5.0000    0.7000
parameters
    0.2705   23.9915   10.4575  -11.0668  -21.6981   -9.9634
    8.4608    7.1153  -10.1119   21.7616   -2.8456  -24.0901
eta,q 0.97760 11.52538
  0.0240  0.0236  0.0230  0.0243  0.0239  0.0244  0.0234  0.0254  0.0233  0.0235  0.0232  0.0228
  0.0232  0.0230  0.0227  0.0237  0.0233  0.0237  0.0228  0.0238  0.0228  0.0230  0.0227  0.0225
  0.0227  0.0226  0.0225  0.0230  0.0228  0.0231  0.0225  0.0228  0.0225  0.0226  0.0225  0.0224
  0.0225  0.0225  0.0225  0.0225  0.0224  0.0224  0.0224  0.0224  0.0224  0.0224  0.0224  0.0224
  0.0226  0.0226  0.0226  0.0224  0.0223  0.0222  0.0225  0.0227  0.0225  0.0224  0.0225  0.0224
  0.0231  0.0229  0.0229  0.0229  0.0228  0.0231  0.0229  0.0237  0.0228  0.0228  0.0228  0.0226
  0.0239  0.0235  0.0233  0.0243  0.0240  0.0251  0.0235  0.0254  0.0233  0.0237  0.0232  0.0228
niter,ni,del,rscale     3    3    5.0000    0.6000
parameters
    0.2638   24.0144   10.4539  -10.8598  -21.5411   -9.8024
    8.4043    7.1368  -10.0875   21.6857   -2.8954  -24.2034
eta,q 0.97773 11.54055
  0.0235  0.0232  0.0229  0.0239  0.0235  0.0240  0.0230  0.0247  0.0230  0.0231  0.0229  0.0226
  0.0229  0.0228  0.0226  0.0234  0.0231  0.0234  0.0226  0.0234  0.0226  0.0227  0.0225  0.0224
  0.0225  0.0225  0.0224  0.0228  0.0226  0.0229  0.0224  0.0226  0.0224  0.0224  0.0223  0.0223
  0.0224  0.0224  0.0224  0.0224  0.0224  0.0223  0.0223  0.0223  0.0223  0.0223  0.0223  0.0223
  0.0225  0.0225  0.0225  0.0224  0.0223  0.0221  0.0224  0.0225  0.0223  0.0223  0.0224  0.0223
  0.0229  0.0227  0.0226  0.0228  0.0227  0.0227  0.0226  0.0233  0.0226  0.0227  0.0226  0.0224
  0.0235  0.0232  0.0229  0.0239  0.0236  0.0242  0.0231  0.0246  0.0229  0.0233  0.0229  0.0226
niter,ni,del,rscale     2    3    5.0000    0.5000
parameters
    0.2491   23.9820   10.5070  -10.7412  -21.3228   -9.5656
    8.3586    7.1432  -10.0319   21.4908   -2.9467  -24.2618
eta,q 0.97785 11.55653
  0.0231  0.0228  0.0227  0.0235  0.0232  0.0236  0.0227  0.0240  0.0227  0.0227  0.0226  0.0224
  0.0226  0.0225  0.0225  0.0230  0.0228  0.0232  0.0224  0.0230  0.0224  0.0224  0.0224  0.0222
  0.0224  0.0223  0.0223  0.0226  0.0225  0.0227  0.0222  0.0224  0.0222  0.0222  0.0222  0.0222
  0.0223  0.0223  0.0223  0.0223  0.0223  0.0222  0.0222  0.0221  0.0222  0.0221  0.0222  0.0222
  0.0224  0.0223  0.0223  0.0223  0.0222  0.0221  0.0222  0.0223  0.0222  0.0222  0.0222  0.0222
  0.0227  0.0225  0.0224  0.0227  0.0225  0.0225  0.0224  0.0230  0.0224  0.0225  0.0224  0.0223
  0.0231  0.0229  0.0226  0.0235  0.0231  0.0236  0.0228  0.0240  0.0226  0.0230  0.0227  0.0224
niter,ni,del,rscale     1    3    5.0000    0.4000
parameters
    0.2345   23.9147   10.5926  -10.6569  -21.0681   -9.2751
    8.3338    7.1439   -9.9760   21.2087   -2.9755  -24.2558
eta,q 0.97797 11.57276
  0.0227  0.0225  0.0225  0.0230  0.0228  0.0232  0.0224  0.0233  0.0224  0.0224  0.0224  0.0222
  0.0224  0.0223  0.0223  0.0226  0.0225  0.0228  0.0222  0.0226  0.0222  0.0222  0.0222  0.0221
  0.0222  0.0222  0.0222  0.0223  0.0223  0.0225  0.0221  0.0222  0.0221  0.0221  0.0221  0.0220
  0.0222  0.0222  0.0222  0.0222  0.0221  0.0221  0.0220  0.0220  0.0220  0.0220  0.0220  0.0220
  0.0222  0.0222  0.0222  0.0222  0.0221  0.0220  0.0221  0.0222  0.0221  0.0221  0.0221  0.0221
  0.0224  0.0224  0.0222  0.0225  0.0223  0.0223  0.0222  0.0226  0.0222  0.0223  0.0222  0.0221
  0.0227  0.0226  0.0224  0.0230  0.0227  0.0230  0.0224  0.0233  0.0224  0.0226  0.0224  0.0222
registration optimization eta report
parameter search radius
    0.8000    0.8000    0.8000    2.4000    2.4000    2.4000
    2.4000    2.4000    2.4000    2.4000    2.4000    2.4000
100000*second partial in parameter space
       88.       59.       46.       15.       10.       17.
        7.       22.        6.        8.        6.        3.
  0.0227  0.0225  0.0225  0.0230  0.0228  0.0232  0.0224  0.0233  0.0224  0.0224  0.0224  0.0222
  0.0224  0.0223  0.0223  0.0226  0.0225  0.0228  0.0222  0.0226  0.0222  0.0222  0.0222  0.0221
  0.0222  0.0222  0.0222  0.0223  0.0223  0.0225  0.0221  0.0222  0.0221  0.0221  0.0221  0.0220
  0.0222  0.0222  0.0222  0.0222  0.0221  0.0221  0.0220  0.0220  0.0220  0.0220  0.0220  0.0220
  0.0222  0.0222  0.0222  0.0222  0.0221  0.0220  0.0221  0.0222  0.0221  0.0221  0.0221  0.0221
  0.0224  0.0224  0.0222  0.0225  0.0223  0.0223  0.0222  0.0226  0.0222  0.0223  0.0222  0.0221
  0.0227  0.0226  0.0224  0.0230  0.0227  0.0230  0.0224  0.0233  0.0224  0.0226  0.0224  0.0222
    0.2345   23.9147   10.5926  -10.6569  -21.0681   -9.2751
    8.3338    7.1439   -9.9760   21.2087   -2.9755  -24.2558
eta,q 0.97797 11.57276

---------------------------------------------------------------------
compute_vox2vox talsrcimg talsrcimg_to_711-2C_as_mni_average_305_t4 /opt/freesurfer/average/711-2C_as_mni_average_305
---------------------------------------------------------------------

freesurfer compute_vox2vox.c
Reading: talsrcimg.4dfp.ifh
Reading: talsrcimg_to_711-2C_as_mni_average_305_t4
Reading: /opt/freesurfer/average/711-2C_as_mni_average_305.4dfp.ifh
Writing: talsrcimg_to_711-2C_as_mni_average_305_t4_vox2vox.txt

start time Sun Mar 8 21:24:59 CET 2026
end		time Sun Mar 8 21:26:27 CET 2026

mpr2mni305 success

avi2talxfm orig_nu.mgz /opt/freesurfer/average/mni305.cor.mgz talsrcimg_to_711-2C_as_mni_average_305_t4_vox2vox.txt transforms/talairach.auto.xfm
avi2talxfm done
mv -f /out/sourcedata/freesurfer/sub-v1s15x0050208_ses-1/mri/talsrcimg_to_711-2C_as_mni_average_305_t4_vox2vox.txt /out/sourcedata/freesurfer/sub-v1s15x0050208_ses-1/mri/transforms/talsrcimg_to_711-2C_as_mni_average_305_t4_vox2vox.txt
lta_convert --src orig_nu.mgz --trg /opt/freesurfer/average/mni305.cor.mgz --inxfm transforms/talairach.auto.xfm --outlta transforms/talairach.auto.xfm.lta --subject fsaverage
7.3.2

--src: orig_nu.mgz src image (geometry).
--trg: /opt/freesurfer/average/mni305.cor.mgz trg image (geometry).
--inmni: transforms/talairach.auto.xfm input MNI/XFM transform.
--outlta: transforms/talairach.auto.xfm.lta output LTA.
--s: fsaverage subject name
 LTA read, type : 1
 1.10252  -0.05561  -0.13350  -4.54842;
 0.06849   1.02490   0.30772  -19.81174;
 0.12094  -0.28242   1.16736  -0.17322;
 0.00000   0.00000   0.00000   1.00000;
setting subject to fsaverage
Writing  LTA to file transforms/talairach.auto.xfm.lta...
lta_convert successful.
 
 
Started at Sun Mar 8 21:24:59 CET 2026
Ended   at Sun Mar  8 21:26:28 CET 2026
talairach_avi done
