status file for recon-all
Sun Mar  8 21:42:48 CET 2026
#@# Tessellate lh Sun Mar  8 21:42:48 CET 2026
#@# Smooth1 lh Sun Mar  8 21:42:50 CET 2026
#@# Inflation1 lh Sun Mar  8 21:42:53 CET 2026
#@# QSphere lh Sun Mar  8 21:43:01 CET 2026
#@# Fix Topology lh Sun Mar  8 21:43:49 CET 2026
#@# Smooth2 lh Sun Mar  8 21:49:17 CET 2026
#@# Inflation2 lh Sun Mar  8 21:49:20 CET 2026
#@# Curv .H and .K lh Sun Mar  8 21:49:28 CET 2026
#@# Sphere lh Sun Mar  8 21:50:10 CET 2026
#@# Surf Reg lh Sun Mar  8 21:52:12 CET 2026
#@# Jacobian white lh Sun Mar  8 21:54:57 CET 2026
#@# AvgCurv lh Sun Mar  8 21:54:57 CET 2026
#@# Cortical Parc lh Sun Mar  8 21:54:58 CET 2026
#@# white curv lh Sun Mar  8 22:00:58 CET 2026
#@# white area lh Sun Mar  8 22:00:59 CET 2026
#@# pial curv lh Sun Mar  8 22:00:59 CET 2026
#@# pial area lh Sun Mar  8 22:01:01 CET 2026
#@# thickness lh Sun Mar  8 22:01:01 CET 2026
#@# area and vertex vol lh Sun Mar  8 22:01:23 CET 2026
#@# Curvature Stats lh Sun Mar  8 22:01:24 CET 2026
#@# Cortical Parc 2 lh Sun Mar  8 22:01:26 CET 2026
#@# Cortical Parc 3 lh Sun Mar  8 22:01:36 CET 2026
#@# WM/GM Contrast lh Sun Mar  8 22:01:43 CET 2026
recon-all -s sub-v1s15x0050187_ses-1 finished without error at Sun Mar  8 22:01:46 CET 2026



#New# invocation of recon-all 



status file for recon-all
Sun Mar  8 22:24:46 CET 2026
#@# white curv lh Sun Mar  8 22:24:46 CET 2026
#@# white area lh Sun Mar  8 22:24:46 CET 2026
#@# pial curv lh Sun Mar  8 22:24:46 CET 2026
#@# pial area lh Sun Mar  8 22:24:46 CET 2026
#@# thickness lh Sun Mar  8 22:24:46 CET 2026
#@# area and vertex vol lh Sun Mar  8 22:24:46 CET 2026
#@# Parcellation Stats lh Sun Mar  8 22:24:46 CET 2026
#@# Parcellation Stats 2 lh Sun Mar  8 22:25:05 CET 2026
#@# Parcellation Stats 3 lh Sun Mar  8 22:25:14 CET 2026
#@# BA_exvivo Labels lh Sun Mar  8 22:25:23 CET 2026
recon-all -s sub-v1s15x0050187_ses-1 finished without error at Sun Mar  8 22:27:30 CET 2026
