status file for recon-all
Sun Mar  8 22:01:49 CET 2026
#@# Tessellate rh Sun Mar  8 22:01:49 CET 2026
#@# Smooth1 rh Sun Mar  8 22:01:52 CET 2026
#@# Inflation1 rh Sun Mar  8 22:01:54 CET 2026
#@# QSphere rh Sun Mar  8 22:02:02 CET 2026
#@# Fix Topology rh Sun Mar  8 22:02:57 CET 2026
#@# Smooth2 rh Sun Mar  8 22:07:22 CET 2026
#@# Inflation2 rh Sun Mar  8 22:07:24 CET 2026
#@# Curv .H and .K rh Sun Mar  8 22:07:32 CET 2026
#@# Sphere rh Sun Mar  8 22:08:13 CET 2026
#@# Surf Reg rh Sun Mar  8 22:10:34 CET 2026
#@# Jacobian white rh Sun Mar  8 22:13:18 CET 2026
#@# AvgCurv rh Sun Mar  8 22:13:18 CET 2026
#@# Cortical Parc rh Sun Mar  8 22:13:19 CET 2026
#@# white curv rh Sun Mar  8 22:19:08 CET 2026
#@# white area rh Sun Mar  8 22:19:10 CET 2026
#@# pial curv rh Sun Mar  8 22:19:10 CET 2026
#@# pial area rh Sun Mar  8 22:19:12 CET 2026
#@# thickness rh Sun Mar  8 22:19:12 CET 2026
#@# area and vertex vol rh Sun Mar  8 22:19:35 CET 2026
#@# Curvature Stats rh Sun Mar  8 22:19:36 CET 2026
#@# Cortical Parc 2 rh Sun Mar  8 22:19:38 CET 2026
#@# Cortical Parc 3 rh Sun Mar  8 22:19:50 CET 2026
#@# WM/GM Contrast rh Sun Mar  8 22:19:58 CET 2026
recon-all -s sub-v1s15x0050187_ses-1 finished without error at Sun Mar  8 22:20:00 CET 2026



#New# invocation of recon-all 



status file for recon-all
Sun Mar  8 22:27:32 CET 2026
#@# white curv rh Sun Mar  8 22:27:32 CET 2026
#@# white area rh Sun Mar  8 22:27:32 CET 2026
#@# pial curv rh Sun Mar  8 22:27:32 CET 2026
#@# pial area rh Sun Mar  8 22:27:32 CET 2026
#@# thickness rh Sun Mar  8 22:27:32 CET 2026
#@# area and vertex vol rh Sun Mar  8 22:27:32 CET 2026
#@# Parcellation Stats rh Sun Mar  8 22:27:32 CET 2026
#@# Parcellation Stats 2 rh Sun Mar  8 22:27:50 CET 2026
#@# Parcellation Stats 3 rh Sun Mar  8 22:27:59 CET 2026
#@# BA_exvivo Labels rh Sun Mar  8 22:28:08 CET 2026
recon-all -s sub-v1s15x0050187_ses-1 finished without error at Sun Mar  8 22:30:12 CET 2026
