/out/sourcedata/freesurfer/sub-v1s15x0050195_ses-1/mri
/opt/freesurfer/bin/talairach_avi
--i orig_nu.mgz --xfm transforms/talairach.auto.xfm
talairach_avi 7.3.2
Linux dna018 5.14.0-427.37.1.el9_4.x86_64 #1 SMP PREEMPT_DYNAMIC Fri Sep 13 12:41:50 EDT 2024 x86_64 x86_64 x86_64 GNU/Linux
Sun Mar  8 20:36:11 CET 2026
mri_convert orig_nu.mgz talsrcimg.img 
reading from orig_nu.mgz...
TR=0.00, TE=0.00, TI=0.00, flip angle=0.00
i_ras = (-1, 0, 0)
j_ras = (0, 0, -1)
k_ras = (0, 1, 0)
writing to talsrcimg.img...
Analyze Output Matrix
-1.00000   0.00000   0.00000   132.31219;
 0.00000   0.00000   1.00000  -122.87500;
 0.00000  -1.00000   0.00000   77.93719;
 0.00000   0.00000   0.00000   1.00000;
--------------------
INFO: set hdr.hist.orient to -1
mpr2mni305 talsrcimg
Sun Mar  8 20:36:12 CET 2026
/opt/freesurfer/bin/mpr2mni305 talsrcimg
mpr2mni305 7.3.2
target=711-2C_as_mni_average_305

---------------------------------------------------------------------
analyzeto4dfp talsrcimg -O0 -y
---------------------------------------------------------------------

freesurfer ifh2hdr.c
Sun Mar  8 20:36:12 2026
Writing: talsrcimg.4dfp.hdr
freesurfer analyzeto4dfp.c
Reading: talsrcimg.hdr
header size 348 bytes
hdr.dime.datatype	offset=70	value=2
hdr.dime.bitpix		offset=72	value=8
hdr.hist.orient		offset=252	value=-1
dimensionality     4
dimensions       256       256       256         1
Reading: talsrcimg.img
Writing: talsrcimg.4dfp.img
Writing: talsrcimg.4dfp.ifh
ifh2hdr talsrcimg -r0to218
ori=2

---------------------------------------------------------------------
gauss_4dfp talsrcimg 1.1
---------------------------------------------------------------------

freesurfer gauss_4dfp.c
Reading: talsrcimg.4dfp.img
Writing: talsrcimg_g11.4dfp.img
image dimensions 256 256 256 padded to 288 288 288
processing volume 1freesurfer ifh2hdr.c
Sun Mar  8 20:36:14 2026
Writing: talsrcimg_g11.4dfp.hdr

Writing: talsrcimg_g11.4dfp.ifh
including: talsrcimg.4dfp.img.rec in talsrcimg_g11.4dfp.img.rec

---------------------------------------------------------------------
imgreg_4dfp /opt/freesurfer/average/711-2C_as_mni_average_305 none talsrcimg_g11 none talsrcimg_to_711-2C_as_mni_average_305_t4 4355
---------------------------------------------------------------------

freesurfer imgreg_4dfp.c
/opt/freesurfer/average/711-2C_as_mni_average_305.4dfp.img
       256       256       256         1
  1.000000  1.000000  1.000000
orientation T byte_order littleendian
Reading image: /opt/freesurfer/average/711-2C_as_mni_average_305.4dfp.img
dimensions:      256       256       256
mmppix:       1.0000   -1.0000   -1.0000
center:     128.0000 -129.0000 -129.0000
talsrcimg_g11.4dfp.img
       256       256       256         1
  1.000000  1.000000  1.000000
orientation T byte_order littleendian
Reading image: talsrcimg_g11.4dfp.img
dimensions:      256       256       256
mmppix:       1.0000   -1.0000   -1.0000
center:     128.0000 -129.0000 -129.0000
t4_read: open error in t4_sub.f l:  41 t4_file(1:l)talsrcimg_to_711-2C_as_mni_average_305_t4 
t4_read: transform initialized to I4
rotation matrix determinant  1.000000
image alignment mode   4355 decimal     1103 hex
   -7.5000  -45.0000  -45.0000 4915.0332   23.5017
    0.0000  -45.0000  -45.0000 5129.0249   23.5799
    7.5000  -45.0000  -45.0000 4883.0537   23.5776
   -7.5000  -37.5000  -45.0000 5498.4185   22.7763
    0.0000  -37.5000  -45.0000 5738.2988   22.8499
    7.5000  -37.5000  -45.0000 5467.6191   22.8490
   -7.5000  -30.0000  -45.0000 6322.1074   22.3055
    0.0000  -30.0000  -45.0000 6591.5156   22.3837
    7.5000  -30.0000  -45.0000 6292.2480   22.3904
   -7.5000  -22.5000  -45.0000 7185.2129   22.1722
    0.0000  -22.5000  -45.0000 7491.3760   22.2468
    7.5000  -22.5000  -45.0000 7160.2207   22.2492
   -7.5000  -15.0000  -45.0000 8074.7808   22.1748
    0.0000  -15.0000  -45.0000 8402.8154   22.2471
    7.5000  -15.0000  -45.0000 8014.0063   22.2439
   -7.5000   -7.5000  -45.0000 8965.9355   22.1835
    0.0000   -7.5000  -45.0000 9333.6113   22.2547
    7.5000   -7.5000  -45.0000 8886.5947   22.2506
   -7.5000    0.0000  -45.0000 9856.3535   22.1781
    0.0000    0.0000  -45.000010260.0791   22.2467
    7.5000    0.0000  -45.0000 9748.4580   22.2427
   -7.5000    7.5000  -45.0000 9926.0225   22.1556
    0.0000    7.5000  -45.000010347.5576   22.2273
    7.5000    7.5000  -45.0000 9813.6377   22.2280
   -7.5000   15.0000  -45.0000 9820.8105   22.1412
    0.0000   15.0000  -45.000010246.2207   22.2175
    7.5000   15.0000  -45.0000 9736.3994   22.2237
   -7.5000   22.5000  -45.0000 9652.9170   22.1505
    0.0000   22.5000  -45.000010077.0635   22.2248
    7.5000   22.5000  -45.0000 9573.0391   22.2272
   -7.5000   30.0000  -45.0000 9465.4844   21.8779
    0.0000   30.0000  -45.0000 9858.9932   21.9492
    7.5000   30.0000  -45.0000 9343.8418   21.9461
   -7.5000   37.5000  -45.0000 9524.9023   21.8879
    0.0000   37.5000  -45.0000 9906.6387   21.9581
    7.5000   37.5000  -45.0000 9420.2578   21.9541
   -7.5000   45.0000  -45.0000 9153.2461   21.3269
    0.0000   45.0000  -45.0000 9511.6016   21.3929
    7.5000   45.0000  -45.0000 9086.7256   21.3890
   -7.5000  -45.0000  -37.5000 5263.1284   23.4536
    0.0000  -45.0000  -37.5000 5492.2759   23.5536
    7.5000  -45.0000  -37.5000 5238.0039   23.5657
   -7.5000  -37.5000  -37.5000 5873.7007   22.7360
    0.0000  -37.5000  -37.5000 6124.2241   22.8253
    7.5000  -37.5000  -37.5000 5863.9780   22.8323
   -7.5000  -30.0000  -37.5000 6739.9458   22.2876
    0.0000  -30.0000  -37.5000 7022.5742   22.3713
    7.5000  -30.0000  -37.5000 6734.8218   22.3794
   -7.5000  -22.5000  -37.5000 7681.7349   22.1694
    0.0000  -22.5000  -37.5000 7992.5503   22.2450
    7.5000  -22.5000  -37.5000 7650.3774   22.2497
   -7.5000  -15.0000  -37.5000 8646.9717   22.1694
    0.0000  -15.0000  -37.5000 8991.4473   22.2453
    7.5000  -15.0000  -37.5000 8569.5039   22.2503
   -7.5000   -7.5000  -37.5000 9606.9355   22.1571
    0.0000   -7.5000  -37.500010004.2598   22.2405
    7.5000   -7.5000  -37.5000 9514.8818   22.2497
   -7.5000    0.0000  -37.500010542.9395   22.1353
    0.0000    0.0000  -37.500010976.4785   22.2229
    7.5000    0.0000  -37.500010438.9941   22.2317
   -7.5000    7.5000  -37.500010588.4658   22.1190
    0.0000    7.5000  -37.500011045.1895   22.2055
    7.5000    7.5000  -37.500010503.6426   22.2132
   -7.5000   15.0000  -37.500010481.5234   22.1235
    0.0000   15.0000  -37.500010929.8535   22.2053
    7.5000   15.0000  -37.500010383.8740   22.2131
   -7.5000   22.5000  -37.500010294.6367   22.1476
    0.0000   22.5000  -37.500010736.1084   22.2230
    7.5000   22.5000  -37.500010174.4336   22.2276
   -7.5000   30.0000  -37.500010057.0645   21.8725
    0.0000   30.0000  -37.500010473.6670   21.9475
    7.5000   30.0000  -37.5000 9935.0205   21.9524
   -7.5000   37.5000  -37.500010110.9785   21.8618
    0.0000   37.5000  -37.500010531.0977   21.9441
    7.5000   37.5000  -37.500010005.0928   21.9532
   -7.5000   45.0000  -37.5000 9702.9229   21.2858
    0.0000   45.0000  -37.500010109.6055   21.3700
    7.5000   45.0000  -37.5000 9625.4678   21.3785
   -7.5000  -45.0000  -30.0000 5688.1436   24.4534
    0.0000  -45.0000  -30.0000 5942.7700   24.5824
    7.5000  -45.0000  -30.0000 5681.8345   24.6173
   -7.5000  -37.5000  -30.0000 6331.5439   23.7046
    0.0000  -37.5000  -30.0000 6595.3706   23.8179
    7.5000  -37.5000  -30.0000 6316.3623   23.8453
   -7.5000  -30.0000  -30.0000 7266.7222   23.2502
    0.0000  -30.0000  -30.0000 7574.4604   23.3514
    7.5000  -30.0000  -30.0000 7234.1392   23.3759
   -7.5000  -22.5000  -30.0000 8319.0000   23.1388
    0.0000  -22.5000  -30.0000 8667.3721   23.2291
    7.5000  -22.5000  -30.0000 8261.1943   23.2491
   -7.5000  -15.0000  -30.0000 9377.2197   23.1398
    0.0000  -15.0000  -30.0000 9790.2012   23.2326
    7.5000  -15.0000  -30.0000 9309.6533   23.2545
   -7.5000   -7.5000  -30.000010424.5479   23.1139
    0.0000   -7.5000  -30.000010860.7920   23.2191
    7.5000   -7.5000  -30.000010329.3730   23.2475
   -7.5000    0.0000  -30.000011419.7539   23.0785
    0.0000    0.0000  -30.000011902.3369   23.1913
    7.5000    0.0000  -30.000011316.6729   23.2208
   -7.5000    7.5000  -30.000011489.1650   23.0624
    0.0000    7.5000  -30.000011982.1982   23.1718
    7.5000    7.5000  -30.000011364.7695   23.1988
   -7.5000   15.0000  -30.000011343.2959   23.0789
    0.0000   15.0000  -30.000011844.1719   23.1779
    7.5000   15.0000  -30.000011213.4619   23.2019
   -7.5000   22.5000  -30.000011133.7900   23.1136
    0.0000   22.5000  -30.000011633.9307   23.2036
    7.5000   22.5000  -30.000010989.6279   23.2236
   -7.5000   30.0000  -30.000010864.8643   22.8321
    0.0000   30.0000  -30.000011342.2627   22.9237
    7.5000   30.0000  -30.000010735.5029   22.9453
   -7.5000   37.5000  -30.000010920.1475   22.8080
    0.0000   37.5000  -30.000011414.0518   22.9119
    7.5000   37.5000  -30.000010814.3379   22.9399
   -7.5000   45.0000  -30.000010452.8447   22.2090
    0.0000   45.0000  -30.000010913.8516   22.3176
    7.5000   45.0000  -30.000010358.6934   22.3460
   -7.5000  -45.0000  -22.5000 6103.3960   25.3200
    0.0000  -45.0000  -22.5000 6366.1787   25.4548
    7.5000  -45.0000  -22.5000 6097.8535   25.4989
   -7.5000  -37.5000  -22.5000 6781.6504   24.5361
    0.0000  -37.5000  -22.5000 7077.3496   24.6562
    7.5000  -37.5000  -22.5000 6775.8574   24.6986
   -7.5000  -30.0000  -22.5000 7808.1118   24.0554
    0.0000  -30.0000  -22.5000 8154.8613   24.1675
    7.5000  -30.0000  -22.5000 7781.0396   24.2088
   -7.5000  -22.5000  -22.5000 8989.3076   23.9372
    0.0000  -22.5000  -22.5000 9375.2988   24.0404
    7.5000  -22.5000  -22.5000 8927.1064   24.0731
   -7.5000  -15.0000  -22.500010139.3486   23.9444
    0.0000  -15.0000  -22.500010577.2559   24.0490
    7.5000  -15.0000  -22.500010070.9434   24.0776
   -7.5000   -7.5000  -22.500011269.0029   23.9287
    0.0000   -7.5000  -22.500011731.4580   24.0419
    7.5000   -7.5000  -22.500011160.6250   24.0749
   -7.5000    0.0000  -22.500012330.3867   23.8956
    0.0000    0.0000  -22.500012864.4365   24.0134
    7.5000    0.0000  -22.500012175.7432   24.0515
   -7.5000    7.5000  -22.500012397.3477   23.8707
    0.0000    7.5000  -22.500012923.6543   23.9868
    7.5000    7.5000  -22.500012237.9697   24.0285
   -7.5000   15.0000  -22.500012218.6846   23.8780
    0.0000   15.0000  -22.500012756.9033   23.9878
    7.5000   15.0000  -22.500012063.9180   24.0283
   -7.5000   22.5000  -22.500011999.8037   23.9096
    0.0000   22.5000  -22.500012556.2021   24.0123
    7.5000   22.5000  -22.500011837.8682   24.0449
   -7.5000   30.0000  -22.500011694.2236   23.6297
    0.0000   30.0000  -22.500012258.3848   23.7329
    7.5000   30.0000  -22.500011552.0859   23.7612
   -7.5000   37.5000  -22.500011735.4131   23.6157
    0.0000   37.5000  -22.500012317.7197   23.7274
    7.5000   37.5000  -22.500011599.2705   23.7600
   -7.5000   45.0000  -22.500011189.5703   23.0127
    0.0000   45.0000  -22.500011735.6338   23.1261
    7.5000   45.0000  -22.500011062.4863   23.1628
   -7.5000  -45.0000  -15.0000 6524.4121   25.9407
    0.0000  -45.0000  -15.0000 6817.4707   26.0541
    7.5000  -45.0000  -15.0000 6502.2310   26.0843
   -7.5000  -37.5000  -15.0000 7254.5586   25.1275
    0.0000  -37.5000  -15.0000 7589.2251   25.2346
    7.5000  -37.5000  -15.0000 7247.3145   25.2715
   -7.5000  -30.0000  -15.0000 8407.5635   24.6086
    0.0000  -30.0000  -15.0000 8769.8037   24.7192
    7.5000  -30.0000  -15.0000 8370.6221   24.7618
   -7.5000  -22.5000  -15.0000 9700.7969   24.4715
    0.0000  -22.5000  -15.000010095.3086   24.5762
    7.5000  -22.5000  -15.0000 9617.2305   24.6073
   -7.5000  -15.0000  -15.000010947.3887   24.4859
    0.0000  -15.0000  -15.000011383.3037   24.5869
    7.5000  -15.0000  -15.000010827.9258   24.6059
   -7.5000   -7.5000  -15.000012153.6250   24.4973
    0.0000   -7.5000  -15.000012654.6465   24.5972
    7.5000   -7.5000  -15.000011999.1494   24.6153
   -7.5000    0.0000  -15.000013249.1855   24.4810
    0.0000    0.0000  -15.000013817.6396   24.5800
    7.5000    0.0000  -15.000013064.8516   24.6058
   -7.5000    7.5000  -15.000013281.6367   24.4445
    0.0000    7.5000  -15.000013838.0186   24.5484
    7.5000    7.5000  -15.000013111.5547   24.5856
   -7.5000   15.0000  -15.000013086.8906   24.4275
    0.0000   15.0000  -15.000013660.3691   24.5356
    7.5000   15.0000  -15.000012923.1807   24.5773
   -7.5000   22.5000  -15.000012828.6338   24.4422
    0.0000   22.5000  -15.000013432.6338   24.5465
    7.5000   22.5000  -15.000012664.0674   24.5775
   -7.5000   30.0000  -15.000012510.9971   24.1675
    0.0000   30.0000  -15.000013139.7568   24.2672
    7.5000   30.0000  -15.000012328.8555   24.2859
   -7.5000   37.5000  -15.000012567.7773   24.1802
    0.0000   37.5000  -15.000013208.3564   24.2789
    7.5000   37.5000  -15.000012384.4023   24.2967
   -7.5000   45.0000  -15.000011986.9424   23.5907
    0.0000   45.0000  -15.000012591.4551   23.6861
    7.5000   45.0000  -15.000011817.7012   23.7109
   -7.5000  -45.0000   -7.5000 7004.2686   26.2295
    0.0000  -45.0000   -7.5000 7297.4360   26.3181
    7.5000  -45.0000   -7.5000 6955.0117   26.3243
   -7.5000  -37.5000   -7.5000 7832.6465   25.4104
    0.0000  -37.5000   -7.5000 8160.6797   25.4978
    7.5000  -37.5000   -7.5000 7781.4927   25.5121
   -7.5000  -30.0000   -7.5000 9065.4541   24.8737
    0.0000  -30.0000   -7.5000 9458.3594   24.9713
    7.5000  -30.0000   -7.5000 9005.7344   24.9963
   -7.5000  -22.5000   -7.500010406.6641   24.7218
    0.0000  -22.5000   -7.500010845.3613   24.8163
    7.5000  -22.5000   -7.500010320.5791   24.8327
   -7.5000  -15.0000   -7.500011749.7666   24.7327
    0.0000  -15.0000   -7.500012221.0518   24.8214
    7.5000  -15.0000   -7.500011636.0332   24.8253
   -7.5000   -7.5000   -7.500013054.3916   24.7557
    0.0000   -7.5000   -7.500013590.1445   24.8382
    7.5000   -7.5000   -7.500012910.2764   24.8380
   -7.5000    0.0000   -7.500014253.0645   24.7536
    0.0000    0.0000   -7.500014850.2598   24.8313
    7.5000    0.0000   -7.500014078.9648   24.8351
   -7.5000    7.5000   -7.500014265.2422   24.7186
    0.0000    7.5000   -7.500014856.3350   24.8038
    7.5000    7.5000   -7.500014083.0469   24.8195
   -7.5000   15.0000   -7.500014023.6982   24.6908
    0.0000   15.0000   -7.500014641.5215   24.7861
    7.5000   15.0000   -7.500013855.8096   24.8103
   -7.5000   22.5000   -7.500013719.6104   24.6896
    0.0000   22.5000   -7.500014341.8535   24.7838
    7.5000   22.5000   -7.500013534.0820   24.8000
   -7.5000   30.0000   -7.500013388.3516   24.4104
    0.0000   30.0000   -7.500014016.7012   24.4980
    7.5000   30.0000   -7.500013168.4189   24.5018
   -7.5000   37.5000   -7.500013477.2988   24.4347
    0.0000   37.5000   -7.500014136.1113   24.5161
    7.5000   37.5000   -7.500013247.4473   24.5159
   -7.5000   45.0000   -7.500012879.7373   23.8578
    0.0000   45.0000   -7.500013524.3574   23.9327
    7.5000   45.0000   -7.500012661.6084   23.9364
   -7.5000  -45.0000    0.0000 7398.6709   26.2506
    0.0000  -45.0000    0.0000 7712.2485   26.3377
    7.5000  -45.0000    0.0000 7337.5742   26.3351
   -7.5000  -37.5000    0.0000 8309.7842   25.4418
    0.0000  -37.5000    0.0000 8667.0742   25.5238
    7.5000  -37.5000    0.0000 8260.7080   25.5229
   -7.5000  -30.0000    0.0000 9606.2549   24.9171
    0.0000  -30.0000    0.000010033.8652   25.0044
    7.5000  -30.0000    0.0000 9570.1543   25.0119
   -7.5000  -22.5000    0.000011023.4062   24.7686
    0.0000  -22.5000    0.000011483.2861   24.8519
    7.5000  -22.5000    0.000010963.3115   24.8546
   -7.5000  -15.0000    0.000012463.9951   24.7715
    0.0000  -15.0000    0.000012952.8818   24.8521
    7.5000  -15.0000    0.000012349.3818   24.8486
   -7.5000   -7.5000    0.000013898.7256   24.7809
    0.0000   -7.5000    0.000014468.1475   24.8602
    7.5000   -7.5000    0.000013729.6240   24.8558
   -7.5000    0.0000    0.000015236.7383   24.7748
    0.0000    0.0000    0.000015885.6768   24.8512
    7.5000    0.0000    0.000015020.8398   24.8467
   -7.5000    7.5000    0.000015262.5127   24.7497
    0.0000    7.5000    0.000015909.4170   24.8296
    7.5000    7.5000    0.000015043.5225   24.8305
   -7.5000   15.0000    0.000014941.5303   24.7339
    0.0000   15.0000    0.000015602.6533   24.8190
    7.5000   15.0000    0.000014727.0186   24.8260
   -7.5000   22.5000    0.000014586.4492   24.7364
    0.0000   22.5000    0.000015219.3936   24.8193
    7.5000   22.5000    0.000014346.8145   24.8220
   -7.5000   30.0000    0.000014205.3145   24.4494
    0.0000   30.0000    0.000014864.6914   24.5289
    7.5000   30.0000    0.000013949.6025   24.5255
   -7.5000   37.5000    0.000014344.7314   24.4602
    0.0000   37.5000    0.000015025.3174   24.5385
    7.5000   37.5000    0.000014076.2754   24.5341
   -7.5000   45.0000    0.000013695.1621   23.8800
    0.0000   45.0000    0.000014371.2275   23.9537
    7.5000   45.0000    0.000013455.7021   23.9494
   -7.5000  -45.0000    7.5000 7183.7251   26.2395
    0.0000  -45.0000    7.5000 7484.4253   26.3513
    7.5000  -45.0000    7.5000 7116.0752   26.3649
   -7.5000  -37.5000    7.5000 8123.5581   25.4367
    0.0000  -37.5000    7.5000 8470.9326   25.5366
    7.5000  -37.5000    7.5000 8066.2041   25.5444
   -7.5000  -30.0000    7.5000 9437.5117   24.9350
    0.0000  -30.0000    7.5000 9845.4316   25.0287
    7.5000  -30.0000    7.5000 9400.7744   25.0378
   -7.5000  -22.5000    7.500010815.8408   24.8028
    0.0000  -22.5000    7.500011274.2305   24.8875
    7.5000  -22.5000    7.500010760.1094   24.8928
   -7.5000  -15.0000    7.500012191.9121   24.8029
    0.0000  -15.0000    7.500012697.6514   24.8879
    7.5000  -15.0000    7.500012111.3672   24.8935
   -7.5000   -7.5000    7.500013574.8721   24.7893
    0.0000   -7.5000    7.500014152.7061   24.8826
    7.5000   -7.5000    7.500013415.3701   24.8929
   -7.5000    0.0000    7.500014951.2939   24.7649
    0.0000    0.0000    7.500015574.7881   24.8629
    7.5000    0.0000    7.500014696.0146   24.8727
   -7.5000    7.5000    7.500015065.0449   24.7466
    0.0000    7.5000    7.500015709.5176   24.8433
    7.5000    7.5000    7.500014816.7764   24.8519
   -7.5000   15.0000    7.500014698.4639   24.7515
    0.0000   15.0000    7.500015274.5684   24.8430
    7.5000   15.0000    7.500014488.5977   24.8517
   -7.5000   22.5000    7.500014157.8457   24.7704
    0.0000   22.5000    7.500014670.9531   24.8548
    7.5000   22.5000    7.500013963.0342   24.8600
   -7.5000   30.0000    7.500013756.6934   24.4804
    0.0000   30.0000    7.500014291.3818   24.5643
    7.5000   30.0000    7.500013568.4375   24.5698
   -7.5000   37.5000    7.500013893.7988   24.4684
    0.0000   37.5000    7.500014483.3096   24.5606
    7.5000   37.5000    7.500013734.5137   24.5707
   -7.5000   45.0000    7.500013306.4521   23.8706
    0.0000   45.0000    7.500013929.6924   23.9650
    7.5000   45.0000    7.500013168.1836   23.9745
   -7.5000  -45.0000   15.0000 6904.8760   26.2589
    0.0000  -45.0000   15.0000 7209.6499   26.3974
    7.5000  -45.0000   15.0000 6891.7671   26.4349
   -7.5000  -37.5000   15.0000 7851.4663   25.4548
    0.0000  -37.5000   15.0000 8192.8008   25.5765
    7.5000  -37.5000   15.0000 7814.2969   25.6059
   -7.5000  -30.0000   15.0000 9119.9512   24.9669
    0.0000  -30.0000   15.0000 9522.4590   25.0755
    7.5000  -30.0000   15.0000 9042.0615   25.1019
   -7.5000  -22.5000   15.000010425.1924   24.8472
    0.0000  -22.5000   15.000010873.3926   24.9442
    7.5000  -22.5000   15.000010328.6836   24.9657
   -7.5000  -15.0000   15.000011762.8604   24.8483
    0.0000  -15.0000   15.000012246.8145   24.9479
    7.5000  -15.0000   15.000011618.6904   24.9715
   -7.5000   -7.5000   15.000013080.6143   24.8205
    0.0000   -7.5000   15.000013610.5029   24.9335
    7.5000   -7.5000   15.000012902.8848   24.9640
   -7.5000    0.0000   15.000014379.9678   24.7824
    0.0000    0.0000   15.000014986.9766   24.9037
    7.5000    0.0000   15.000014155.7646   24.9353
   -7.5000    7.5000   15.000014575.8662   24.7652
    0.0000    7.5000   15.000015134.1211   24.8827
    7.5000    7.5000   15.000014336.7227   24.9117
   -7.5000   15.0000   15.000014201.6553   24.7829
    0.0000   15.0000   15.000014631.6670   24.8892
    7.5000   15.0000   15.000014159.7344   24.9150
   -7.5000   22.5000   15.000013651.8730   24.8147
    0.0000   22.5000   15.000014034.2510   24.9114
    7.5000   22.5000   15.000013708.5986   24.9328
   -7.5000   30.0000   15.000013271.1182   24.5251
    0.0000   30.0000   15.000013692.7627   24.6235
    7.5000   30.0000   15.000013300.5723   24.6467
   -7.5000   37.5000   15.000013480.8164   24.4993
    0.0000   37.5000   15.000013974.5771   24.6108
    7.5000   37.5000   15.000013411.3057   24.6409
   -7.5000   45.0000   15.000013021.6895   23.8874
    0.0000   45.0000   15.000013532.5400   24.0043
    7.5000   45.0000   15.000012840.3750   24.0348
   -7.5000  -45.0000   22.5000 6548.3848   26.2887
    0.0000  -45.0000   22.5000 6839.9570   26.4287
    7.5000  -45.0000   22.5000 6521.4600   26.4744
   -7.5000  -37.5000   22.5000 7465.9717   25.4748
    0.0000  -37.5000   22.5000 7800.5391   25.5996
    7.5000  -37.5000   22.5000 7417.3423   25.6435
   -7.5000  -30.0000   22.5000 8692.4922   24.9756
    0.0000  -30.0000   22.5000 9080.7920   25.0921
    7.5000  -30.0000   22.5000 8627.6074   25.1349
   -7.5000  -22.5000   22.5000 9958.1172   24.8529
    0.0000  -22.5000   22.500010399.7832   24.9600
    7.5000  -22.5000   22.5000 9874.2373   24.9940
   -7.5000  -15.0000   22.500011203.0146   24.8603
    0.0000  -15.0000   22.500011717.2197   24.9689
    7.5000  -15.0000   22.500011090.0635   24.9986
   -7.5000   -7.5000   22.500012411.5332   24.8440
    0.0000   -7.5000   22.500012964.1465   24.9615
    7.5000   -7.5000   22.500012278.6924   24.9957
   -7.5000    0.0000   22.500013603.2695   24.8096
    0.0000    0.0000   22.500014198.4980   24.9319
    7.5000    0.0000   22.500013460.3906   24.9715
   -7.5000    7.5000   22.500013680.6299   24.7838
    0.0000    7.5000   22.500014196.7910   24.9044
    7.5000    7.5000   22.500013588.7246   24.9477
   -7.5000   15.0000   22.500013461.9824   24.7915
    0.0000   15.0000   22.500013916.8652   24.9055
    7.5000   15.0000   22.500013465.2139   24.9475
   -7.5000   22.5000   22.500013259.1006   24.8204
    0.0000   22.5000   22.500013697.0557   24.9271
    7.5000   22.5000   22.500013183.1582   24.9609
   -7.5000   30.0000   22.500013016.7939   24.5370
    0.0000   30.0000   22.500013448.1465   24.6442
    7.5000   30.0000   22.500012839.1816   24.6735
   -7.5000   37.5000   22.500013186.5762   24.5225
    0.0000   37.5000   22.500013564.9414   24.6385
    7.5000   37.5000   22.500012899.5596   24.6723
   -7.5000   45.0000   22.500012648.4561   23.9136
    0.0000   45.0000   22.500013012.6182   24.0315
    7.5000   45.0000   22.500012296.1221   24.0696
   -7.5000  -45.0000   30.0000 6136.0708   26.3255
    0.0000  -45.0000   30.0000 6389.3579   26.4406
    7.5000  -45.0000   30.0000 6100.6284   26.4711
   -7.5000  -37.5000   30.0000 7010.7271   25.5006
    0.0000  -37.5000   30.0000 7307.2979   25.6095
    7.5000  -37.5000   30.0000 6959.2549   25.6468
   -7.5000  -30.0000   30.0000 8136.2378   24.9749
    0.0000  -30.0000   30.0000 8511.1689   25.0872
    7.5000  -30.0000   30.0000 8080.1177   25.1303
   -7.5000  -22.5000   30.0000 9309.3115   24.8355
    0.0000  -22.5000   30.0000 9756.1172   24.9419
    7.5000  -22.5000   30.0000 9250.8027   24.9734
   -7.5000  -15.0000   30.000010472.4922   24.8500
    0.0000  -15.0000   30.000010973.6797   24.9527
    7.5000  -15.0000   30.000010395.2627   24.9718
   -7.5000   -7.5000   30.000011604.2070   24.8617
    0.0000   -7.5000   30.000012149.7090   24.9632
    7.5000   -7.5000   30.000011535.5488   24.9814
   -7.5000    0.0000   30.000012715.6689   24.8451
    0.0000    0.0000   30.000013306.6094   24.9457
    7.5000    0.0000   30.000012654.9688   24.9717
   -7.5000    7.5000   30.000012839.2881   24.8080
    0.0000    7.5000   30.000013325.8994   24.9136
    7.5000    7.5000   30.000012751.2969   24.9513
   -7.5000   15.0000   30.000012730.0176   24.7908
    0.0000   15.0000   30.000013155.1152   24.9007
    7.5000   15.0000   30.000012612.5361   24.9429
   -7.5000   22.5000   30.000012569.8809   24.8031
    0.0000   22.5000   30.000012958.2373   24.9091
    7.5000   22.5000   30.000012367.0742   24.9404
   -7.5000   30.0000   30.000012295.5234   24.5269
    0.0000   30.0000   30.000012648.3203   24.6283
    7.5000   30.0000   30.000012025.4297   24.6471
   -7.5000   37.5000   30.000012403.9326   24.5399
    0.0000   37.5000   30.000012727.2500   24.6401
    7.5000   37.5000   30.000012096.1572   24.6581
   -7.5000   45.0000   30.000011854.9102   23.9478
    0.0000   45.0000   30.000012198.5264   24.0448
    7.5000   45.0000   30.000011559.2793   24.0698
   -7.5000  -45.0000   37.5000 5908.8164   26.3632
    0.0000  -45.0000   37.5000 6161.8994   26.4528
    7.5000  -45.0000   37.5000 5888.0464   26.4586
   -7.5000  -37.5000   37.5000 6716.3311   25.5405
    0.0000  -37.5000   37.5000 7016.0166   25.6288
    7.5000  -37.5000   37.5000 6704.3140   25.6427
   -7.5000  -30.0000   37.5000 7807.0635   25.0020
    0.0000  -30.0000   37.5000 8159.2085   25.1005
    7.5000  -30.0000   37.5000 7789.3184   25.1254
   -7.5000  -22.5000   37.5000 8980.6484   24.8493
    0.0000  -22.5000   37.5000 9391.1982   24.9448
    7.5000  -22.5000   37.5000 8935.8594   24.9612
   -7.5000  -15.0000   37.500010133.7246   24.8604
    0.0000  -15.0000   37.500010586.9424   24.9503
    7.5000  -15.0000   37.500010020.4912   24.9541
   -7.5000   -7.5000   37.500011246.0293   24.8834
    0.0000   -7.5000   37.500011740.8086   24.9669
    7.5000   -7.5000   37.500011096.7959   24.9665
   -7.5000    0.0000   37.500012327.3047   24.8809
    0.0000    0.0000   37.500012839.5742   24.9593
    7.5000    0.0000   37.500012136.2939   24.9628
   -7.5000    7.5000   37.500012388.7881   24.8454
    0.0000    7.5000   37.500012828.2637   24.9314
    7.5000    7.5000   37.500012208.2354   24.9469
   -7.5000   15.0000   37.500012230.8945   24.8177
    0.0000   15.0000   37.500012642.6973   24.9139
    7.5000   15.0000   37.500012067.0420   24.9380
   -7.5000   22.5000   37.500012009.1777   24.8169
    0.0000   22.5000   37.500012396.4375   24.9121
    7.5000   22.5000   37.500011814.9053   24.9284
   -7.5000   30.0000   37.500011703.7295   24.5371
    0.0000   30.0000   37.500012060.5059   24.6258
    7.5000   30.0000   37.500011498.3936   24.6296
   -7.5000   37.5000   37.500011780.5713   24.5614
    0.0000   37.5000   37.500012135.2783   24.6438
    7.5000   37.5000   37.500011585.9131   24.6434
   -7.5000   45.0000   37.500011277.2705   23.9823
    0.0000   45.0000   37.500011645.1953   24.0579
    7.5000   45.0000   37.500011103.7676   24.0613
   -7.5000  -45.0000   45.0000 5408.3926   26.6365
    0.0000  -45.0000   45.0000 5649.9326   26.7264
    7.5000  -45.0000   45.0000 5406.6040   26.7222
   -7.5000  -37.5000   45.0000 6167.3560   25.8039
    0.0000  -37.5000   45.0000 6431.6768   25.8886
    7.5000  -37.5000   45.0000 6144.2754   25.8859
   -7.5000  -30.0000   45.0000 7211.0381   25.2655
    0.0000  -30.0000   45.0000 7525.4219   25.3559
    7.5000  -30.0000   45.0000 7154.3911   25.3619
   -7.5000  -22.5000   45.0000 8294.6631   25.1148
    0.0000  -22.5000   45.0000 8670.4795   25.2013
    7.5000  -22.5000   45.0000 8215.6865   25.2027
   -7.5000  -15.0000   45.0000 9333.2900   25.1184
    0.0000  -15.0000   45.0000 9752.2793   25.2021
    7.5000  -15.0000   45.0000 9223.8135   25.1975
   -7.5000   -7.5000   45.000010334.0322   25.1260
    0.0000   -7.5000   45.000010797.4424   25.2081
    7.5000   -7.5000   45.000010203.6240   25.2024
   -7.5000    0.0000   45.000011283.7910   25.1171
    0.0000    0.0000   45.000011777.4805   25.1959
    7.5000    0.0000   45.000011150.5361   25.1899
   -7.5000    7.5000   45.000011323.6230   25.0909
    0.0000    7.5000   45.000011775.6582   25.1733
    7.5000    7.5000   45.000011201.0957   25.1725
   -7.5000   15.0000   45.000011201.1465   25.0764
    0.0000   15.0000   45.000011645.2432   25.1645
    7.5000   15.0000   45.000011099.8076   25.1700
   -7.5000   22.5000   45.000010977.2373   25.0816
    0.0000   22.5000   45.000011392.0752   25.1678
    7.5000   22.5000   45.000010868.6182   25.1691
   -7.5000   30.0000   45.000010665.3438   24.7895
    0.0000   30.0000   45.000011059.9941   24.8722
    7.5000   30.0000   45.000010555.3760   24.8676
   -7.5000   37.5000   45.000010731.3584   24.7987
    0.0000   37.5000   45.000011106.8184   24.8797
    7.5000   37.5000   45.000010619.5264   24.8740
   -7.5000   45.0000   45.000010321.0156   24.2210
    0.0000   45.0000   45.000010696.3652   24.2969
    7.5000   45.0000   45.000010209.1631   24.2912

---------------------------------------------------------------------
imgreg_4dfp /opt/freesurfer/average/711-2C_as_mni_average_305 /opt/freesurfer/average/711-2B_as_mni_average_305_mask talsrcimg_g11 none talsrcimg_to_711-2C_as_mni_average_305_t4 4355
---------------------------------------------------------------------

freesurfer imgreg_4dfp.c
/opt/freesurfer/average/711-2C_as_mni_average_305.4dfp.img
       256       256       256         1
  1.000000  1.000000  1.000000
orientation T byte_order littleendian
Reading image: /opt/freesurfer/average/711-2C_as_mni_average_305.4dfp.img
dimensions:      256       256       256
mmppix:       1.0000   -1.0000   -1.0000
center:     128.0000 -129.0000 -129.0000
/opt/freesurfer/average/711-2B_as_mni_average_305_mask.4dfp.img
       256       256       256         1
  1.000000  1.000000  1.000000
orientation T byte_order littleendian
Reading mask: /opt/freesurfer/average/711-2B_as_mni_average_305_mask.4dfp.img (2306576 pixels)
talsrcimg_g11.4dfp.img
       256       256       256         1
  1.000000  1.000000  1.000000
orientation T byte_order littleendian
Reading image: talsrcimg_g11.4dfp.img
dimensions:      256       256       256
mmppix:       1.0000   -1.0000   -1.0000
center:     128.0000 -129.0000 -129.0000
rotation matrix determinant  1.000000
image alignment mode   4355 decimal     1103 hex
   -7.5000  -37.5000  -45.0000 1590.6650   39.0691
    0.0000  -37.5000  -45.0000 1590.8571   39.1189
    7.5000  -37.5000  -45.0000 1569.6904   39.4345
   -7.5000  -30.0000  -45.0000 1714.9469   33.8192
    0.0000  -30.0000  -45.0000 1717.1008   33.8173
    7.5000  -30.0000  -45.0000 1701.8055   34.0797
   -7.5000  -22.5000  -45.0000 1830.8851   29.8292
    0.0000  -22.5000  -45.0000 1835.6788   29.7913
    7.5000  -22.5000  -45.0000 1820.9075   30.0538
   -7.5000  -15.0000  -45.0000 1941.0409   26.7101
    0.0000  -15.0000  -45.0000 1941.7871   26.6244
    7.5000  -15.0000  -45.0000 1926.0305   26.8649
   -7.5000   -7.5000  -45.0000 2038.7776   24.3214
    0.0000   -7.5000  -45.0000 2041.0983   24.3074
    7.5000   -7.5000  -45.0000 2021.0040   24.5019
   -7.5000    0.0000  -45.0000 2124.6069   22.5229
    0.0000    0.0000  -45.0000 2125.2217   22.5276
    7.5000    0.0000  -45.0000 2097.2368   22.6963
   -7.5000    7.5000  -45.0000 2175.1045   21.2106
    0.0000    7.5000  -45.0000 2179.6023   21.2281
    7.5000    7.5000  -45.0000 2147.1777   21.4263
   -7.5000   15.0000  -45.0000 2201.3354   20.4725
    0.0000   15.0000  -45.0000 2206.7639   20.4458
    7.5000   15.0000  -45.0000 2176.8518   20.7106
   -7.5000   22.5000  -45.0000 2211.5825   20.1245
    0.0000   22.5000  -45.0000 2219.2144   20.1094
    7.5000   22.5000  -45.0000 2191.6848   20.4555
   -7.5000   30.0000  -45.0000 2206.8604   20.2974
    0.0000   30.0000  -45.0000 2214.4846   20.2357
    7.5000   30.0000  -45.0000 2177.8347   20.6088
   -7.5000   37.5000  -45.0000 2178.5737   20.9398
    0.0000   37.5000  -45.0000 2185.0854   20.8545
    7.5000   37.5000  -45.0000 2150.8330   21.1920
   -7.5000   45.0000  -45.0000 2129.9963   21.8938
    0.0000   45.0000  -45.0000 2136.8035   21.7552
    7.5000   45.0000  -45.0000 2108.8025   22.1437
   -7.5000   52.5000  -45.0000 2043.6472   23.0430
    0.0000   52.5000  -45.0000 2049.8176   22.8806
    7.5000   52.5000  -45.0000 2019.4070   23.3149
   -7.5000  -37.5000  -37.5000 1653.4419   36.4358
    0.0000  -37.5000  -37.5000 1654.4567   36.4257
    7.5000  -37.5000  -37.5000 1638.1162   36.8168
   -7.5000  -30.0000  -37.5000 1777.9128   31.4351
    0.0000  -30.0000  -37.5000 1782.4047   31.4487
    7.5000  -30.0000  -37.5000 1769.0701   31.7669
   -7.5000  -22.5000  -37.5000 1906.9564   27.6383
    0.0000  -22.5000  -37.5000 1906.6584   27.5853
    7.5000  -22.5000  -37.5000 1891.5310   27.9019
   -7.5000  -15.0000  -37.5000 2026.5096   24.8057
    0.0000  -15.0000  -37.5000 2025.6521   24.7233
    7.5000  -15.0000  -37.5000 2001.5813   24.9487
   -7.5000   -7.5000  -37.5000 2128.9106   22.5888
    0.0000   -7.5000  -37.5000 2133.0627   22.5565
    7.5000   -7.5000  -37.5000 2110.1475   22.7177
   -7.5000    0.0000  -37.5000 2216.7012   20.8644
    0.0000    0.0000  -37.5000 2223.2654   20.8629
    7.5000    0.0000  -37.5000 2198.1748   20.9982
   -7.5000    7.5000  -37.5000 2270.2998   19.6375
    0.0000    7.5000  -37.5000 2278.3821   19.6513
    7.5000    7.5000  -37.5000 2254.8594   19.8116
   -7.5000   15.0000  -37.5000 2300.3010   18.9395
    0.0000   15.0000  -37.5000 2307.9834   18.9383
    7.5000   15.0000  -37.5000 2282.6372   19.1381
   -7.5000   22.5000  -37.5000 2311.0930   18.6739
    0.0000   22.5000  -37.5000 2320.0522   18.6769
    7.5000   22.5000  -37.5000 2291.5823   18.8985
   -7.5000   30.0000  -37.5000 2302.3735   18.7351
    0.0000   30.0000  -37.5000 2309.9114   18.6820
    7.5000   30.0000  -37.5000 2282.5029   18.9644
   -7.5000   37.5000  -37.5000 2275.1289   19.1829
    0.0000   37.5000  -37.5000 2282.4907   19.1188
    7.5000   37.5000  -37.5000 2254.3381   19.4248
   -7.5000   45.0000  -37.5000 2229.5679   19.9986
    0.0000   45.0000  -37.5000 2239.6169   19.9252
    7.5000   45.0000  -37.5000 2208.8225   20.2560
   -7.5000   52.5000  -37.5000 2143.8174   21.0753
    0.0000   52.5000  -37.5000 2153.5281   21.0083
    7.5000   52.5000  -37.5000 2121.2314   21.3513
   -7.5000  -37.5000  -30.0000 1730.8253   35.2806
    0.0000  -37.5000  -30.0000 1731.7915   35.3783
    7.5000  -37.5000  -30.0000 1723.5692   35.7906
   -7.5000  -30.0000  -30.0000 1868.6320   30.5434
    0.0000  -30.0000  -30.0000 1872.0332   30.5446
    7.5000  -30.0000  -30.0000 1858.3696   30.9124
   -7.5000  -22.5000  -30.0000 2009.4895   26.9097
    0.0000  -22.5000  -30.0000 2013.2390   26.8840
    7.5000  -22.5000  -30.0000 1993.1859   27.1219
   -7.5000  -15.0000  -30.0000 2140.3716   24.0798
    0.0000  -15.0000  -30.0000 2148.7930   24.0674
    7.5000  -15.0000  -30.0000 2119.5315   24.2262
   -7.5000   -7.5000  -30.0000 2252.1272   21.7632
    0.0000   -7.5000  -30.0000 2259.8425   21.7525
    7.5000   -7.5000  -30.0000 2234.6902   21.9351
   -7.5000    0.0000  -30.0000 2350.8384   20.0086
    0.0000    0.0000  -30.0000 2359.1067   20.0212
    7.5000    0.0000  -30.0000 2331.5439   20.2039
   -7.5000    7.5000  -30.0000 2412.1096   18.8426
    0.0000    7.5000  -30.0000 2419.8899   18.8837
    7.5000    7.5000  -30.0000 2391.6006   19.0440
   -7.5000   15.0000  -30.0000 2442.9734   18.1435
    0.0000   15.0000  -30.0000 2451.6223   18.1654
    7.5000   15.0000  -30.0000 2423.2927   18.3552
   -7.5000   22.5000  -30.0000 2460.1956   17.8547
    0.0000   22.5000  -30.0000 2473.9075   17.8749
    7.5000   22.5000  -30.0000 2438.3621   18.0984
   -7.5000   30.0000  -30.0000 2452.0771   17.9477
    0.0000   30.0000  -30.0000 2460.9434   17.9408
    7.5000   30.0000  -30.0000 2432.0588   18.1610
   -7.5000   37.5000  -30.0000 2425.1006   18.3562
    0.0000   37.5000  -30.0000 2439.5452   18.3343
    7.5000   37.5000  -30.0000 2405.0647   18.5942
   -7.5000   45.0000  -30.0000 2375.1423   19.1120
    0.0000   45.0000  -30.0000 2389.2466   19.0713
    7.5000   45.0000  -30.0000 2354.9497   19.3732
   -7.5000   52.5000  -30.0000 2281.1272   20.1523
    0.0000   52.5000  -30.0000 2291.7793   20.0686
    7.5000   52.5000  -30.0000 2259.1028   20.4278
   -7.5000  -37.5000  -22.5000 1792.2493   34.2136
    0.0000  -37.5000  -22.5000 1797.4691   34.1515
    7.5000  -37.5000  -22.5000 1789.7640   34.6707
   -7.5000  -30.0000  -22.5000 1935.0216   29.4759
    0.0000  -30.0000  -22.5000 1943.7556   29.4688
    7.5000  -30.0000  -22.5000 1928.8033   29.7690
   -7.5000  -22.5000  -22.5000 2089.6016   25.9733
    0.0000  -22.5000  -22.5000 2096.3337   25.9384
    7.5000  -22.5000  -22.5000 2077.4866   26.1336
   -7.5000  -15.0000  -22.5000 2227.8159   23.1485
    0.0000  -15.0000  -22.5000 2235.9236   23.1460
    7.5000  -15.0000  -22.5000 2212.3279   23.3081
   -7.5000   -7.5000  -22.5000 2350.1853   20.8967
    0.0000   -7.5000  -22.5000 2356.0264   20.8726
    7.5000   -7.5000  -22.5000 2330.1865   21.0124
   -7.5000    0.0000  -22.5000 2453.9321   19.1086
    0.0000    0.0000  -22.5000 2461.5061   19.0857
    7.5000    0.0000  -22.5000 2426.4734   19.2661
   -7.5000    7.5000  -22.5000 2529.2070   17.9110
    0.0000    7.5000  -22.5000 2537.2715   17.9524
    7.5000    7.5000  -22.5000 2500.4529   18.0760
   -7.5000   15.0000  -22.5000 2567.3721   17.1794
    0.0000   15.0000  -22.5000 2574.3416   17.1995
    7.5000   15.0000  -22.5000 2541.1257   17.3914
   -7.5000   22.5000  -22.5000 2595.6123   16.9294
    0.0000   22.5000  -22.5000 2608.8679   16.9486
    7.5000   22.5000  -22.5000 2566.7480   17.1195
   -7.5000   30.0000  -22.5000 2590.6494   17.0563
    0.0000   30.0000  -22.5000 2603.4980   17.0806
    7.5000   30.0000  -22.5000 2563.1465   17.2713
   -7.5000   37.5000  -22.5000 2555.0391   17.4823
    0.0000   37.5000  -22.5000 2573.3179   17.4860
    7.5000   37.5000  -22.5000 2533.9624   17.6947
   -7.5000   45.0000  -22.5000 2498.0122   18.2118
    0.0000   45.0000  -22.5000 2513.5740   18.1786
    7.5000   45.0000  -22.5000 2472.5613   18.4209
   -7.5000   52.5000  -22.5000 2396.5837   19.1512
    0.0000   52.5000  -22.5000 2409.9016   19.1355
    7.5000   52.5000  -22.5000 2370.8535   19.4262
   -7.5000  -37.5000  -15.0000 1826.8988   33.1280
    0.0000  -37.5000  -15.0000 1838.3440   33.0160
    7.5000  -37.5000  -15.0000 1818.8779   33.4168
   -7.5000  -30.0000  -15.0000 1981.6090   28.4203
    0.0000  -30.0000  -15.0000 1988.9905   28.3608
    7.5000  -30.0000  -15.0000 1968.9991   28.7493
   -7.5000  -22.5000  -15.0000 2144.4072   24.9829
    0.0000  -22.5000  -15.0000 2151.1956   24.8753
    7.5000  -22.5000  -15.0000 2126.4780   25.1788
   -7.5000  -15.0000  -15.0000 2287.4119   22.1775
    0.0000  -15.0000  -15.0000 2292.4753   22.0920
    7.5000  -15.0000  -15.0000 2261.8879   22.3178
   -7.5000   -7.5000  -15.0000 2415.5596   19.9458
    0.0000   -7.5000  -15.0000 2422.6431   19.8863
    7.5000   -7.5000  -15.0000 2387.0916   20.0124
   -7.5000    0.0000  -15.0000 2521.7024   18.2077
    0.0000    0.0000  -15.0000 2530.1895   18.1852
    7.5000    0.0000  -15.0000 2491.7314   18.3149
   -7.5000    7.5000  -15.0000 2606.9722   16.9690
    0.0000    7.5000  -15.0000 2613.7742   16.9697
    7.5000    7.5000  -15.0000 2577.1191   17.1195
   -7.5000   15.0000  -15.0000 2655.4097   16.2093
    0.0000   15.0000  -15.0000 2661.5186   16.2375
    7.5000   15.0000  -15.0000 2628.8801   16.4175
   -7.5000   22.5000  -15.0000 2686.6172   15.9644
    0.0000   22.5000  -15.0000 2702.3308   15.9821
    7.5000   22.5000  -15.0000 2661.6360   16.1201
   -7.5000   30.0000  -15.0000 2691.1641   16.1305
    0.0000   30.0000  -15.0000 2707.0291   16.1571
    7.5000   30.0000  -15.0000 2655.5183   16.2689
   -7.5000   37.5000  -15.0000 2662.3867   16.5635
    0.0000   37.5000  -15.0000 2681.6526   16.6093
    7.5000   37.5000  -15.0000 2628.8213   16.7198
   -7.5000   45.0000  -15.0000 2597.2319   17.2912
    0.0000   45.0000  -15.0000 2615.3025   17.3129
    7.5000   45.0000  -15.0000 2567.2043   17.4508
   -7.5000   52.5000  -15.0000 2488.2114   18.1617
    0.0000   52.5000  -15.0000 2505.5415   18.1876
    7.5000   52.5000  -15.0000 2455.9033   18.4014
   -7.5000  -37.5000   -7.5000 1859.0648   32.0754
    0.0000  -37.5000   -7.5000 1865.8342   31.9690
    7.5000  -37.5000   -7.5000 1846.8685   32.2849
   -7.5000  -30.0000   -7.5000 2023.4110   27.5073
    0.0000  -30.0000   -7.5000 2028.6420   27.3635
    7.5000  -30.0000   -7.5000 2004.9888   27.6461
   -7.5000  -22.5000   -7.5000 2182.3015   23.9662
    0.0000  -22.5000   -7.5000 2189.0303   23.7965
    7.5000  -22.5000   -7.5000 2157.6794   24.0897
   -7.5000  -15.0000   -7.5000 2323.9231   21.1838
    0.0000  -15.0000   -7.5000 2329.4399   21.0386
    7.5000  -15.0000   -7.5000 2297.7998   21.3120
   -7.5000   -7.5000   -7.5000 2456.9365   19.0316
    0.0000   -7.5000   -7.5000 2467.1316   18.9207
    7.5000   -7.5000   -7.5000 2432.5500   19.1226
   -7.5000    0.0000   -7.5000 2570.9185   17.3543
    0.0000    0.0000   -7.5000 2581.5093   17.2895
    7.5000    0.0000   -7.5000 2547.9958   17.4500
   -7.5000    7.5000   -7.5000 2671.6118   16.1320
    0.0000    7.5000   -7.5000 2679.3247   16.1038
    7.5000    7.5000   -7.5000 2645.4663   16.2500
   -7.5000   15.0000   -7.5000 2729.9573   15.2947
    0.0000   15.0000   -7.5000 2739.4832   15.3352
    7.5000   15.0000   -7.5000 2703.9431   15.4691
   -7.5000   22.5000   -7.5000 2766.3328   15.0278
    0.0000   22.5000   -7.5000 2779.1904   15.0628
    7.5000   22.5000   -7.5000 2737.9358   15.1567
   -7.5000   30.0000   -7.5000 2776.2642   15.1480
    0.0000   30.0000   -7.5000 2794.5596   15.1721
    7.5000   30.0000   -7.5000 2738.8950   15.2416
   -7.5000   37.5000   -7.5000 2751.6487   15.6073
    0.0000   37.5000   -7.5000 2766.8540   15.6468
    7.5000   37.5000   -7.5000 2708.8606   15.7189
   -7.5000   45.0000   -7.5000 2686.4456   16.3468
    0.0000   45.0000   -7.5000 2701.7561   16.3758
    7.5000   45.0000   -7.5000 2649.1006   16.5072
   -7.5000   52.5000   -7.5000 2567.9585   17.1993
    0.0000   52.5000   -7.5000 2584.8291   17.2200
    7.5000   52.5000   -7.5000 2535.3833   17.4083
   -7.5000  -37.5000    0.0000 1883.6566   31.4159
    0.0000  -37.5000    0.0000 1892.2540   31.3220
    7.5000  -37.5000    0.0000 1867.6327   31.8361
   -7.5000  -30.0000    0.0000 2041.1121   26.8159
    0.0000  -30.0000    0.0000 2049.8733   26.6584
    7.5000  -30.0000    0.0000 2026.7880   27.0855
   -7.5000  -22.5000    0.0000 2190.4463   23.2204
    0.0000  -22.5000    0.0000 2200.3464   23.0719
    7.5000  -22.5000    0.0000 2177.2131   23.4771
   -7.5000  -15.0000    0.0000 2340.8423   20.5216
    0.0000  -15.0000    0.0000 2343.9795   20.3517
    7.5000  -15.0000    0.0000 2319.5886   20.7081
   -7.5000   -7.5000    0.0000 2482.2910   18.4261
    0.0000   -7.5000    0.0000 2493.1904   18.3035
    7.5000   -7.5000    0.0000 2458.4233   18.5430
   -7.5000    0.0000    0.0000 2607.7058   16.7771
    0.0000    0.0000    0.0000 2618.3604   16.6894
    7.5000    0.0000    0.0000 2583.3970   16.9050
   -7.5000    7.5000    0.0000 2719.1704   15.5376
    0.0000    7.5000    0.0000 2734.3223   15.4941
    7.5000    7.5000    0.0000 2690.1936   15.6519
   -7.5000   15.0000    0.0000 2792.6606   14.6134
    0.0000   15.0000    0.0000 2807.7612   14.5944
    7.5000   15.0000    0.0000 2757.5837   14.7844
   -7.5000   22.5000    0.0000 2840.5129   14.2779
    0.0000   22.5000    0.0000 2853.1753   14.2756
    7.5000   22.5000    0.0000 2803.6040   14.3950
   -7.5000   30.0000    0.0000 2857.1487   14.3457
    0.0000   30.0000    0.0000 2872.3650   14.3540
    7.5000   30.0000    0.0000 2812.4763   14.4588
   -7.5000   37.5000    0.0000 2831.3557   14.8134
    0.0000   37.5000    0.0000 2845.5422   14.8494
    7.5000   37.5000    0.0000 2782.5410   14.9802
   -7.5000   45.0000    0.0000 2751.3838   15.5540
    0.0000   45.0000    0.0000 2767.1003   15.5694
    7.5000   45.0000    0.0000 2711.8816   15.7445
   -7.5000   52.5000    0.0000 2619.2734   16.4778
    0.0000   52.5000    0.0000 2636.8665   16.4940
    7.5000   52.5000    0.0000 2587.2708   16.6988
   -7.5000  -37.5000    7.5000 1896.9618   31.2686
    0.0000  -37.5000    7.5000 1900.9003   31.1617
    7.5000  -37.5000    7.5000 1880.3041   31.7030
   -7.5000  -30.0000    7.5000 2050.8877   26.6303
    0.0000  -30.0000    7.5000 2056.8184   26.5308
    7.5000  -30.0000    7.5000 2039.2493   26.9932
   -7.5000  -22.5000    7.5000 2197.8105   23.0108
    0.0000  -22.5000    7.5000 2206.7881   22.8537
    7.5000  -22.5000    7.5000 2189.8557   23.3861
   -7.5000  -15.0000    7.5000 2346.4167   20.2464
    0.0000  -15.0000    7.5000 2356.0923   20.0750
    7.5000  -15.0000    7.5000 2334.6240   20.5122
   -7.5000   -7.5000    7.5000 2488.2917   18.1107
    0.0000   -7.5000    7.5000 2500.9858   17.9861
    7.5000   -7.5000    7.5000 2469.8765   18.3423
   -7.5000    0.0000    7.5000 2619.7500   16.4502
    0.0000    0.0000    7.5000 2631.8486   16.3543
    7.5000    0.0000    7.5000 2594.4783   16.6522
   -7.5000    7.5000    7.5000 2741.9719   15.1846
    0.0000    7.5000    7.5000 2756.7859   15.1094
    7.5000    7.5000    7.5000 2711.1162   15.3899
   -7.5000   15.0000    7.5000 2835.8550   14.2310
    0.0000   15.0000    7.5000 2855.6008   14.1606
    7.5000   15.0000    7.5000 2792.9170   14.5182
   -7.5000   22.5000    7.5000 2892.3811   13.6987
    0.0000   22.5000    7.5000 2909.0708   13.6263
    7.5000   22.5000    7.5000 2844.8237   13.9768
   -7.5000   30.0000    7.5000 2910.4902   13.7220
    0.0000   30.0000    7.5000 2927.0608   13.6827
    7.5000   30.0000    7.5000 2861.9365   13.9748
   -7.5000   37.5000    7.5000 2874.8062   14.2682
    0.0000   37.5000    7.5000 2892.0889   14.2345
    7.5000   37.5000    7.5000 2833.5515   14.5571
   -7.5000   45.0000    7.5000 2787.6401   15.1004
    0.0000   45.0000    7.5000 2807.7458   15.1087
    7.5000   45.0000    7.5000 2756.2959   15.4154
   -7.5000   52.5000    7.5000 2654.9985   16.0360
    0.0000   52.5000    7.5000 2669.0398   16.0896
    7.5000   52.5000    7.5000 2627.4985   16.3630
   -7.5000  -37.5000   15.0000 1894.7985   31.5849
    0.0000  -37.5000   15.0000 1896.2808   31.3956
    7.5000  -37.5000   15.0000 1881.9443   31.9917
   -7.5000  -30.0000   15.0000 2046.0497   26.7099
    0.0000  -30.0000   15.0000 2057.2458   26.4985
    7.5000  -30.0000   15.0000 2036.7775   27.0372
   -7.5000  -22.5000   15.0000 2187.3252   23.0589
    0.0000  -22.5000   15.0000 2200.7659   22.8393
    7.5000  -22.5000   15.0000 2176.9072   23.3578
   -7.5000  -15.0000   15.0000 2336.3127   20.2578
    0.0000  -15.0000   15.0000 2348.3667   20.0180
    7.5000  -15.0000   15.0000 2318.1658   20.5286
   -7.5000   -7.5000   15.0000 2479.9238   18.1232
    0.0000   -7.5000   15.0000 2493.6755   17.9361
    7.5000   -7.5000   15.0000 2457.1968   18.3984
   -7.5000    0.0000   15.0000 2612.9131   16.4148
    0.0000    0.0000   15.0000 2625.4395   16.2418
    7.5000    0.0000   15.0000 2587.3152   16.7194
   -7.5000    7.5000   15.0000 2737.9285   15.1514
    0.0000    7.5000   15.0000 2749.4089   14.9965
    7.5000    7.5000   15.0000 2710.3521   15.4488
   -7.5000   15.0000   15.0000 2840.8303   14.2165
    0.0000   15.0000   15.0000 2860.8342   14.0826
    7.5000   15.0000   15.0000 2806.5205   14.5807
   -7.5000   22.5000   15.0000 2904.4485   13.6148
    0.0000   22.5000   15.0000 2921.8308   13.4484
    7.5000   22.5000   15.0000 2868.7625   14.0800
   -7.5000   30.0000   15.0000 2934.0532   13.6082
    0.0000   30.0000   15.0000 2946.4568   13.4863
    7.5000   30.0000   15.0000 2895.1414   14.0592
   -7.5000   37.5000   15.0000 2897.2446   14.1712
    0.0000   37.5000   15.0000 2914.8997   14.1228
    7.5000   37.5000   15.0000 2859.8354   14.5268
   -7.5000   45.0000   15.0000 2810.5139   15.0169
    0.0000   45.0000   15.0000 2827.8386   15.0063
    7.5000   45.0000   15.0000 2775.9614   15.3152
   -7.5000   52.5000   15.0000 2664.0664   16.0105
    0.0000   52.5000   15.0000 2677.6978   16.0111
    7.5000   52.5000   15.0000 2634.9873   16.2929
   -7.5000  -37.5000   22.5000 1869.3374   32.1564
    0.0000  -37.5000   22.5000 1874.4611   31.8949
    7.5000  -37.5000   22.5000 1864.5887   32.5222
   -7.5000  -30.0000   22.5000 2027.9979   27.1690
    0.0000  -30.0000   22.5000 2039.8712   27.0059
    7.5000  -30.0000   22.5000 2018.1293   27.4713
   -7.5000  -22.5000   22.5000 2177.9307   23.3380
    0.0000  -22.5000   22.5000 2187.6296   23.1750
    7.5000  -22.5000   22.5000 2162.1897   23.7311
   -7.5000  -15.0000   22.5000 2319.4595   20.4848
    0.0000  -15.0000   22.5000 2335.4094   20.3101
    7.5000  -15.0000   22.5000 2302.1333   20.8120
   -7.5000   -7.5000   22.5000 2458.6055   18.2907
    0.0000   -7.5000   22.5000 2473.0715   18.1090
    7.5000   -7.5000   22.5000 2436.3020   18.6113
   -7.5000    0.0000   22.5000 2583.8677   16.5992
    0.0000    0.0000   22.5000 2600.5645   16.4036
    7.5000    0.0000   22.5000 2564.3291   16.9300
   -7.5000    7.5000   22.5000 2702.4160   15.3771
    0.0000    7.5000   22.5000 2722.8245   15.1734
    7.5000    7.5000   22.5000 2689.0305   15.7235
   -7.5000   15.0000   22.5000 2811.2056   14.5358
    0.0000   15.0000   22.5000 2831.3704   14.3427
    7.5000   15.0000   22.5000 2790.8274   14.9361
   -7.5000   22.5000   22.5000 2897.0271   14.1371
    0.0000   22.5000   22.5000 2915.0007   13.9482
    7.5000   22.5000   22.5000 2863.9143   14.4812
   -7.5000   30.0000   22.5000 2929.1135   14.1637
    0.0000   30.0000   22.5000 2942.6572   14.0404
    7.5000   30.0000   22.5000 2885.0935   14.4277
   -7.5000   37.5000   22.5000 2888.2961   14.5874
    0.0000   37.5000   22.5000 2897.0210   14.4997
    7.5000   37.5000   22.5000 2842.7905   14.8088
   -7.5000   45.0000   22.5000 2797.8787   15.2719
    0.0000   45.0000   22.5000 2810.6716   15.1766
    7.5000   45.0000   22.5000 2758.1809   15.4753
   -7.5000   52.5000   22.5000 2644.6272   16.2051
    0.0000   52.5000   22.5000 2657.1121   16.1145
    7.5000   52.5000   22.5000 2617.4331   16.3848
   -7.5000  -37.5000   30.0000 1836.6028   33.3220
    0.0000  -37.5000   30.0000 1838.7574   33.0201
    7.5000  -37.5000   30.0000 1832.9264   33.6368
   -7.5000  -30.0000   30.0000 1995.0934   27.9159
    0.0000  -30.0000   30.0000 2004.5096   27.7294
    7.5000  -30.0000   30.0000 1988.6307   28.3132
   -7.5000  -22.5000   30.0000 2143.5757   23.8315
    0.0000  -22.5000   30.0000 2158.0752   23.6716
    7.5000  -22.5000   30.0000 2134.9819   24.2798
   -7.5000  -15.0000   30.0000 2286.9795   20.9518
    0.0000  -15.0000   30.0000 2303.4312   20.7819
    7.5000  -15.0000   30.0000 2279.5767   21.3679
   -7.5000   -7.5000   30.0000 2417.8025   18.7887
    0.0000   -7.5000   30.0000 2438.2456   18.6096
    7.5000   -7.5000   30.0000 2413.2065   19.2288
   -7.5000    0.0000   30.0000 2543.9326   17.2112
    0.0000    0.0000   30.0000 2563.1384   17.0007
    7.5000    0.0000   30.0000 2538.4375   17.5810
   -7.5000    7.5000   30.0000 2668.4092   16.0757
    0.0000    7.5000   30.0000 2688.4133   15.8476
    7.5000    7.5000   30.0000 2656.5618   16.3616
   -7.5000   15.0000   30.0000 2773.2371   15.2274
    0.0000   15.0000   30.0000 2786.2375   14.9644
    7.5000   15.0000   30.0000 2751.1499   15.5527
   -7.5000   22.5000   30.0000 2847.7566   14.8321
    0.0000   22.5000   30.0000 2862.4482   14.6280
    7.5000   22.5000   30.0000 2820.3638   15.0628
   -7.5000   30.0000   30.0000 2866.7573   14.8674
    0.0000   30.0000   30.0000 2877.3459   14.6894
    7.5000   30.0000   30.0000 2834.8447   14.9855
   -7.5000   37.5000   30.0000 2824.6135   15.2253
    0.0000   37.5000   30.0000 2828.5610   15.0664
    7.5000   37.5000   30.0000 2788.9883   15.3345
   -7.5000   45.0000   30.0000 2744.3621   15.8451
    0.0000   45.0000   30.0000 2753.6641   15.7802
    7.5000   45.0000   30.0000 2706.2703   16.0187
   -7.5000   52.5000   30.0000 2603.9961   16.6935
    0.0000   52.5000   30.0000 2617.9248   16.6483
    7.5000   52.5000   30.0000 2578.4226   16.8952
   -7.5000  -37.5000   37.5000 1790.0706   34.6867
    0.0000  -37.5000   37.5000 1798.1927   34.3741
    7.5000  -37.5000   37.5000 1789.9167   35.0724
   -7.5000  -30.0000   37.5000 1948.5947   29.0184
    0.0000  -30.0000   37.5000 1959.4617   28.7389
    7.5000  -30.0000   37.5000 1951.1527   29.4934
   -7.5000  -22.5000   37.5000 2105.4771   24.8913
    0.0000  -22.5000   37.5000 2118.9053   24.6771
    7.5000  -22.5000   37.5000 2106.7261   25.3467
   -7.5000  -15.0000   37.5000 2251.8430   22.0237
    0.0000  -15.0000   37.5000 2263.7734   21.8086
    7.5000  -15.0000   37.5000 2246.6770   22.3665
   -7.5000   -7.5000   37.5000 2383.8376   19.8225
    0.0000   -7.5000   37.5000 2399.4089   19.6497
    7.5000   -7.5000   37.5000 2373.7629   20.1105
   -7.5000    0.0000   37.5000 2504.6555   18.2041
    0.0000    0.0000   37.5000 2523.9133   17.9945
    7.5000    0.0000   37.5000 2493.5745   18.4837
   -7.5000    7.5000   37.5000 2622.1758   16.9555
    0.0000    7.5000   37.5000 2642.4741   16.6828
    7.5000    7.5000   37.5000 2609.3213   17.2371
   -7.5000   15.0000   37.5000 2716.3079   16.0407
    0.0000   15.0000   37.5000 2730.8687   15.8398
    7.5000   15.0000   37.5000 2694.9944   16.3408
   -7.5000   22.5000   37.5000 2774.6667   15.6881
    0.0000   22.5000   37.5000 2789.6418   15.4919
    7.5000   22.5000   37.5000 2750.8184   15.8877
   -7.5000   30.0000   37.5000 2780.7373   15.7047
    0.0000   30.0000   37.5000 2790.9436   15.5211
    7.5000   30.0000   37.5000 2756.3877   15.8289
   -7.5000   37.5000   37.5000 2743.8762   16.0200
    0.0000   37.5000   37.5000 2748.7468   15.8513
    7.5000   37.5000   37.5000 2719.4956   16.1392
   -7.5000   45.0000   37.5000 2664.4065   16.6326
    0.0000   45.0000   37.5000 2673.1301   16.5168
    7.5000   45.0000   37.5000 2636.6699   16.7917
   -7.5000   52.5000   37.5000 2539.0684   17.4815
    0.0000   52.5000   37.5000 2553.4192   17.4010
    7.5000   52.5000   37.5000 2510.4402   17.6539
   -7.5000  -37.5000   45.0000 1739.7843   36.8294
    0.0000  -37.5000   45.0000 1746.5085   36.4559
    7.5000  -37.5000   45.0000 1734.6530   37.1812
   -7.5000  -30.0000   45.0000 1902.7419   30.8991
    0.0000  -30.0000   45.0000 1910.4409   30.5870
    7.5000  -30.0000   45.0000 1899.1809   31.1311
   -7.5000  -22.5000   45.0000 2061.6338   26.5945
    0.0000  -22.5000   45.0000 2071.0989   26.3707
    7.5000  -22.5000   45.0000 2057.1511   26.8532
   -7.5000  -15.0000   45.0000 2200.6370   23.4497
    0.0000  -15.0000   45.0000 2213.1362   23.2754
    7.5000  -15.0000   45.0000 2192.7878   23.6445
   -7.5000   -7.5000   45.0000 2327.6741   21.0730
    0.0000   -7.5000   45.0000 2347.5781   20.8956
    7.5000   -7.5000   45.0000 2316.9983   21.3264
   -7.5000    0.0000   45.0000 2446.1194   19.2937
    0.0000    0.0000   45.0000 2468.4431   19.1243
    7.5000    0.0000   45.0000 2435.8267   19.5926
   -7.5000    7.5000   45.0000 2554.8833   17.9593
    0.0000    7.5000   45.0000 2582.3162   17.7632
    7.5000    7.5000   45.0000 2542.2856   18.2703
   -7.5000   15.0000   45.0000 2643.7002   17.0772
    0.0000   15.0000   45.0000 2662.7922   16.9450
    7.5000   15.0000   45.0000 2625.9421   17.3813
   -7.5000   22.5000   45.0000 2688.9438   16.7439
    0.0000   22.5000   45.0000 2705.2070   16.5711
    7.5000   22.5000   45.0000 2671.1013   16.9680
   -7.5000   30.0000   45.0000 2681.5239   16.7273
    0.0000   30.0000   45.0000 2695.6562   16.5751
    7.5000   30.0000   45.0000 2665.0122   16.8994
   -7.5000   37.5000   45.0000 2646.8584   17.0054
    0.0000   37.5000   45.0000 2652.7141   16.8427
    7.5000   37.5000   45.0000 2628.1724   17.1682
   -7.5000   45.0000   45.0000 2572.6965   17.6210
    0.0000   45.0000   45.0000 2584.2700   17.4808
    7.5000   45.0000   45.0000 2552.5381   17.8062
   -7.5000   52.5000   45.0000 2456.1050   18.4543
    0.0000   52.5000   45.0000 2474.9695   18.3505
    7.5000   52.5000   45.0000 2435.5264   18.6381

---------------------------------------------------------------------
imgreg_4dfp /opt/freesurfer/average/711-2C_as_mni_average_305 /opt/freesurfer/average/711-2B_as_mni_average_305_mask talsrcimg_g11 none talsrcimg_to_711-2C_as_mni_average_305_t4 1283
---------------------------------------------------------------------

freesurfer imgreg_4dfp.c
/opt/freesurfer/average/711-2C_as_mni_average_305.4dfp.img
       256       256       256         1
  1.000000  1.000000  1.000000
orientation T byte_order littleendian
Reading image: /opt/freesurfer/average/711-2C_as_mni_average_305.4dfp.img
dimensions:      256       256       256
mmppix:       1.0000   -1.0000   -1.0000
center:     128.0000 -129.0000 -129.0000
/opt/freesurfer/average/711-2B_as_mni_average_305_mask.4dfp.img
       256       256       256         1
  1.000000  1.000000  1.000000
orientation T byte_order littleendian
Reading mask: /opt/freesurfer/average/711-2B_as_mni_average_305_mask.4dfp.img (2306576 pixels)
talsrcimg_g11.4dfp.img
       256       256       256         1
  1.000000  1.000000  1.000000
orientation T byte_order littleendian
Reading image: talsrcimg_g11.4dfp.img
dimensions:      256       256       256
mmppix:       1.0000   -1.0000   -1.0000
center:     128.0000 -129.0000 -129.0000
rotation matrix determinant  1.000000
fimgreg.f
image alignment mode   1283 decimal      503 hex
parameters
    0.0000   30.0000   15.0000    0.0000    0.0000    0.0000
eta,q 0.92504 13.42530
niter,ni,del,rscale     5    3   12.0000    1.2000
parameter  3  2.446503 -> -0.500000 qaram    1.1500
parameters
   -0.7774   28.3054   18.4500   -2.6418   -0.6230    0.5156
eta,q 0.92889 13.61177
  0.0790  0.0786  0.0757  0.0737  0.0744  0.0761
  0.0788  0.0749  0.0743  0.0721  0.0715  0.0736
  0.0781  0.0746  0.0739  0.0716  0.0705  0.0720
  0.0763  0.0766  0.0746  0.0726  0.0716  0.0712
  0.0764  0.0774  0.0752  0.0752  0.0727  0.0713
  0.0786  0.0796  0.0722  0.0778  0.0731  0.0724
  0.0836  0.0844  0.0729  0.0805  0.0745  0.0748
niter,ni,del,rscale     5    3   12.0000    1.2000
parameters
   -1.2323   29.5115   15.9770   -4.9114    1.2197   -0.3341
eta,q 0.92773 13.45845
  0.0749  0.0856  0.0721  0.0750  0.0758  0.0754
  0.0730  0.0794  0.0730  0.0738  0.0733  0.0734
  0.0715  0.0743  0.0735  0.0728  0.0730  0.0724
  0.0711  0.0712  0.0709  0.0736  0.0729  0.0725
  0.0720  0.0714  0.0723  0.0757  0.0724  0.0735
  0.0734  0.0736  0.0770  0.0777  0.0723  0.0752
  0.0766  0.0777  0.0830  0.0791  0.0732  0.0772
niter,ni,del,rscale     4    3   12.0000    1.2000
parameter  5 -0.606898 -> -0.500000 qaram    1.1500
parameters
   -2.0799   31.3308   14.0930   -7.2587    4.6697   -0.0098
eta,q 0.93061 13.33473
  0.0761  0.0791  0.0722  0.0730  0.0770  0.0729
  0.0735  0.0761  0.0717  0.0717  0.0754  0.0710
  0.0722  0.0742  0.0719  0.0708  0.0731  0.0697
  0.0723  0.0722  0.0721  0.0719  0.0708  0.0694
  0.0730  0.0721  0.0709  0.0736  0.0695  0.0696
  0.0759  0.0725  0.0729  0.0754  0.0695  0.0706
  0.0789  0.0743  0.0770  0.0764  0.0708  0.0721
niter,ni,del,rscale     4    3   12.0000    1.2000
parameters
   -2.2550   33.6046   13.5529   -8.1493    4.1437    0.1200
eta,q 0.93360 13.40051
  0.0770  0.0777  0.0734  0.0728  0.0737  0.0712
  0.0722  0.0763  0.0716  0.0697  0.0707  0.0694
  0.0701  0.0732  0.0688  0.0669  0.0676  0.0676
  0.0694  0.0694  0.0669  0.0669  0.0666  0.0664
  0.0702  0.0670  0.0692  0.0695  0.0687  0.0669
  0.0726  0.0677  0.0721  0.0730  0.0719  0.0687
  0.0783  0.0723  0.0765  0.0768  0.0764  0.0712
niter,ni,del,rscale     3    3   12.0000    1.2000
parameters
   -1.8757   33.7188   13.2202   -8.5087    4.0113    0.1911
eta,q 0.93368 13.41296
  0.0767  0.0775  0.0727  0.0737  0.0744  0.0713
  0.0725  0.0743  0.0711  0.0707  0.0714  0.0695
  0.0691  0.0693  0.0688  0.0674  0.0679  0.0675
  0.0664  0.0662  0.0661  0.0663  0.0663  0.0663
  0.0670  0.0671  0.0679  0.0681  0.0682  0.0669
  0.0699  0.0718  0.0708  0.0717  0.0711  0.0689
  0.0755  0.0786  0.0753  0.0758  0.0756  0.0715
niter,ni,del,rscale     2    3   12.0000    1.2000
parameters
   -1.8365   33.8837   13.1785   -8.6711    3.9559    0.1996
eta,q 0.93371 13.42347
  0.0760  0.0781  0.0730  0.0740  0.0745  0.0712
  0.0723  0.0748  0.0711  0.0709  0.0716  0.0695
  0.0688  0.0696  0.0692  0.0676  0.0680  0.0675
  0.0663  0.0663  0.0663  0.0663  0.0663  0.0663
  0.0675  0.0673  0.0673  0.0677  0.0681  0.0669
  0.0707  0.0719  0.0701  0.0711  0.0709  0.0690
  0.0770  0.0788  0.0745  0.0752  0.0753  0.0717
niter,ni,del,rscale     1    3   12.0000    1.2000
parameters
   -1.8123   33.9731   13.1651   -8.7533    3.9281    0.1972
eta,q 0.93372 13.42966
  0.0760  0.0781  0.0729  0.0741  0.0745  0.0712
  0.0723  0.0747  0.0710  0.0710  0.0717  0.0695
  0.0688  0.0694  0.0692  0.0677  0.0680  0.0674
  0.0663  0.0663  0.0663  0.0663  0.0663  0.0663
  0.0675  0.0675  0.0671  0.0675  0.0680  0.0669
  0.0708  0.0723  0.0700  0.0709  0.0709  0.0690
  0.0772  0.0793  0.0744  0.0750  0.0752  0.0718
registration optimization eta report
parameter search radius
    6.0000    6.0000    6.9000    6.0000    6.9000    6.0000
100000*second partial in parameter space
       27.       33.       14.       22.       17.       14.
  0.0760  0.0781  0.0729  0.0741  0.0745  0.0712
  0.0723  0.0747  0.0710  0.0710  0.0717  0.0695
  0.0688  0.0694  0.0692  0.0677  0.0680  0.0674
  0.0663  0.0663  0.0663  0.0663  0.0663  0.0663
  0.0675  0.0675  0.0671  0.0675  0.0680  0.0669
  0.0708  0.0723  0.0700  0.0709  0.0709  0.0690
  0.0772  0.0793  0.0744  0.0750  0.0752  0.0718
   -1.8123   33.9731   13.1651   -8.7533    3.9281    0.1972
eta,q 0.93372 13.42966

---------------------------------------------------------------------
imgreg_4dfp /opt/freesurfer/average/711-2C_as_mni_average_305 /opt/freesurfer/average/711-2B_as_mni_average_305_mask talsrcimg_g11 none talsrcimg_to_711-2C_as_mni_average_305_t4 3335
---------------------------------------------------------------------

freesurfer imgreg_4dfp.c
/opt/freesurfer/average/711-2C_as_mni_average_305.4dfp.img
       256       256       256         1
  1.000000  1.000000  1.000000
orientation T byte_order littleendian
Reading image: /opt/freesurfer/average/711-2C_as_mni_average_305.4dfp.img
dimensions:      256       256       256
mmppix:       1.0000   -1.0000   -1.0000
center:     128.0000 -129.0000 -129.0000
/opt/freesurfer/average/711-2B_as_mni_average_305_mask.4dfp.img
       256       256       256         1
  1.000000  1.000000  1.000000
orientation T byte_order littleendian
Reading mask: /opt/freesurfer/average/711-2B_as_mni_average_305_mask.4dfp.img (2306576 pixels)
talsrcimg_g11.4dfp.img
       256       256       256         1
  1.000000  1.000000  1.000000
orientation T byte_order littleendian
Reading image: talsrcimg_g11.4dfp.img
dimensions:      256       256       256
mmppix:       1.0000   -1.0000   -1.0000
center:     128.0000 -129.0000 -129.0000
fimgreg.f
image alignment mode   3335 decimal      D07 hex
parameters
   -1.8123   33.9731   13.1651   -0.2355   -1.1617   -1.3969
    0.7024   -6.8229    0.3433   15.1947    6.8504  -15.1824
eta,q 0.93123 13.54198
niter,ni,del,rscale     5    3    5.0000    1.2000
parameter  3  1.660328 -> -0.500000 qaram    1.1500
parameter  4  3.295019 ->  0.500000 qaram    1.1500
parameter  5  2.877306 ->  0.500000 qaram    1.1500
parameter  6  2.633771 ->  0.500000 qaram    1.1500
parameter  8 -1.156178 -> -0.500000 qaram    1.1500
parameter 12 -0.619872 -> -0.500000 qaram    1.1500
parameters
   -1.5098   33.6806   14.5451   -4.3755   -5.3017   -5.5369
   -0.1548   -2.6829   -1.5222   14.2953    5.5135  -11.0424
eta,q 0.95334 12.90007
  0.0706  0.0698  0.0693  0.0585  0.0523  0.0485  0.0517  0.0587  0.0480  0.0497  0.0481  0.0495
  0.0697  0.0691  0.0690  0.0610  0.0551  0.0499  0.0509  0.0557  0.0475  0.0482  0.0475  0.0485
  0.0691  0.0687  0.0689  0.0642  0.0584  0.0524  0.0505  0.0530  0.0472  0.0473  0.0472  0.0477
  0.0688  0.0687  0.0687  0.0678  0.0618  0.0560  0.0504  0.0504  0.0473  0.0472  0.0472  0.0471
  0.0687  0.0690  0.0682  0.0718  0.0658  0.0599  0.0507  0.0483  0.0477  0.0479  0.0475  0.0468
  0.0691  0.0695  0.0677  0.0762  0.0704  0.0632  0.0514  0.0471  0.0485  0.0492  0.0482  0.0467
  0.0700  0.0704  0.0673  0.0805  0.0754  0.0671  0.0525  0.0472  0.0496  0.0515  0.0493  0.0469
niter,ni,del,rscale     7    3    5.0000    1.2000
parameter  4  1.510746 ->  0.500000 qaram    1.3225
parameter  5  2.410410 ->  0.500000 qaram    1.3225
parameter  6  0.712620 ->  0.500000 qaram    1.3225
parameters
   -2.3053   33.2344   14.2773   -9.1365  -10.0627  -10.2979
    1.7717   -0.5314   -1.5614   14.6797    3.4910  -11.1304
eta,q 0.96714 12.46641
  0.0477  0.0475  0.0483  0.0397  0.0324  0.0337  0.0377  0.0428  0.0352  0.0366  0.0335  0.0345
  0.0467  0.0468  0.0472  0.0405  0.0350  0.0337  0.0360  0.0391  0.0340  0.0350  0.0330  0.0336
  0.0463  0.0464  0.0465  0.0427  0.0377  0.0344  0.0346  0.0358  0.0332  0.0337  0.0329  0.0331
  0.0467  0.0463  0.0463  0.0463  0.0410  0.0357  0.0338  0.0336  0.0330  0.0330  0.0329  0.0329
  0.0477  0.0468  0.0468  0.0508  0.0448  0.0396  0.0336  0.0330  0.0333  0.0331  0.0333  0.0330
  0.0493  0.0477  0.0479  0.0556  0.0489  0.0460  0.0340  0.0341  0.0340  0.0342  0.0339  0.0336
  0.0515  0.0490  0.0493  0.0601  0.0540  0.0506  0.0351  0.0370  0.0352  0.0362  0.0349  0.0345
niter,ni,del,rscale     7    3    5.0000    1.2000
parameter  2  0.575500 ->  0.500000 qaram    1.1500
parameter  3  0.953780 ->  0.500000 qaram    1.3225
parameter  5  2.049765 ->  0.500000 qaram    1.5209
parameter 12  0.669392 ->  0.500000 qaram    1.3225
parameters
   -2.2552   31.8544   12.6903  -13.2881  -15.5379  -11.8909
    2.2219   -0.0117   -1.2321   13.5034    3.9911  -15.8914
eta,q 0.97552 12.14466
  0.0367  0.0326  0.0304  0.0309  0.0232  0.0289  0.0283  0.0313  0.0279  0.0278  0.0258  0.0248
  0.0347  0.0321  0.0303  0.0303  0.0243  0.0272  0.0268  0.0281  0.0265  0.0263  0.0255  0.0245
  0.0334  0.0322  0.0309  0.0301  0.0270  0.0258  0.0257  0.0260  0.0256  0.0254  0.0253  0.0246
  0.0329  0.0329  0.0321  0.0304  0.0302  0.0250  0.0253  0.0253  0.0253  0.0253  0.0252  0.0252
  0.0333  0.0340  0.0338  0.0324  0.0338  0.0256  0.0255  0.0257  0.0255  0.0260  0.0252  0.0261
  0.0345  0.0355  0.0359  0.0364  0.0373  0.0287  0.0263  0.0272  0.0262  0.0278  0.0254  0.0272
  0.0364  0.0374  0.0380  0.0417  0.0417  0.0356  0.0276  0.0300  0.0274  0.0304  0.0257  0.0284
niter,ni,del,rscale     7    3    5.0000    1.2000
parameters
   -1.9867   31.4283   11.3893  -12.9723  -20.0147  -11.1501
    2.2065    0.1084   -1.2523   14.6951    4.5325  -17.7849
eta,q 0.97790 12.06139
  0.0283  0.0276  0.0248  0.0269  0.0257  0.0280  0.0250  0.0282  0.0248  0.0266  0.0230  0.0234
  0.0264  0.0255  0.0240  0.0253  0.0237  0.0259  0.0236  0.0249  0.0235  0.0246  0.0226  0.0225
  0.0251  0.0244  0.0238  0.0243  0.0226  0.0243  0.0227  0.0229  0.0226  0.0231  0.0223  0.0221
  0.0245  0.0244  0.0243  0.0238  0.0238  0.0227  0.0224  0.0224  0.0224  0.0224  0.0222  0.0222
  0.0246  0.0255  0.0254  0.0235  0.0274  0.0213  0.0227  0.0229  0.0227  0.0222  0.0222  0.0227
  0.0254  0.0275  0.0271  0.0242  0.0321  0.0225  0.0237  0.0246  0.0235  0.0229  0.0224  0.0236
  0.0269  0.0301  0.0295  0.0271  0.0363  0.0284  0.0250  0.0279  0.0248  0.0246  0.0228  0.0248
niter,ni,del,rscale     6    3    5.0000    1.2000
parameters
   -2.0055   31.8970   11.4795  -11.7764  -20.9508  -11.0857
    2.3180    0.0678   -1.2742   15.3335    4.2141  -18.5709
eta,q 0.97818 12.08440
  0.0252  0.0277  0.0247  0.0255  0.0276  0.0276  0.0246  0.0278  0.0243  0.0255  0.0225  0.0235
  0.0235  0.0250  0.0232  0.0238  0.0252  0.0255  0.0231  0.0245  0.0230  0.0236  0.0221  0.0224
  0.0224  0.0231  0.0223  0.0227  0.0231  0.0237  0.0222  0.0225  0.0221  0.0224  0.0219  0.0219
  0.0221  0.0221  0.0220  0.0220  0.0217  0.0219  0.0219  0.0219  0.0219  0.0219  0.0218  0.0218
  0.0225  0.0221  0.0222  0.0214  0.0227  0.0207  0.0222  0.0225  0.0222  0.0220  0.0219  0.0222
  0.0236  0.0231  0.0230  0.0220  0.0262  0.0233  0.0231  0.0245  0.0230  0.0227  0.0222  0.0230
  0.0253  0.0249  0.0245  0.0246  0.0310  0.0298  0.0244  0.0280  0.0243  0.0245  0.0227  0.0241
niter,ni,del,rscale     5    3    5.0000    1.2000
parameters
   -2.0042   32.0415   11.4668  -11.8359  -21.2450  -11.0236
    2.2630    0.1023   -1.2791   15.5629    4.1306  -18.8321
eta,q 0.97814 12.07192
  0.0250  0.0262  0.0244  0.0249  0.0281  0.0277  0.0245  0.0279  0.0242  0.0251  0.0226  0.0238
  0.0233  0.0239  0.0229  0.0234  0.0256  0.0256  0.0230  0.0246  0.0229  0.0233  0.0222  0.0226
  0.0222  0.0224  0.0221  0.0225  0.0234  0.0237  0.0221  0.0225  0.0221  0.0223  0.0220  0.0220
  0.0218  0.0218  0.0218  0.0218  0.0218  0.0219  0.0219  0.0219  0.0219  0.0219  0.0219  0.0219
  0.0221  0.0222  0.0221  0.0214  0.0221  0.0207  0.0222  0.0224  0.0222  0.0221  0.0219  0.0222
  0.0232  0.0234  0.0229  0.0226  0.0253  0.0234  0.0231  0.0244  0.0230  0.0229  0.0222  0.0228
  0.0250  0.0253  0.0245  0.0259  0.0300  0.0299  0.0245  0.0278  0.0242  0.0248  0.0227  0.0239
niter,ni,del,rscale     4    3    5.0000    1.2000
parameters
   -1.9894   32.0984   11.4480  -11.8039  -21.3448  -11.0278
    2.2513    0.1274   -1.2850   15.6511    4.1110  -18.9244
eta,q 0.97812 12.06926
  0.0250  0.0259  0.0245  0.0250  0.0282  0.0277  0.0245  0.0279  0.0242  0.0249  0.0226  0.0238
  0.0233  0.0237  0.0230  0.0235  0.0257  0.0256  0.0231  0.0246  0.0229  0.0232  0.0222  0.0226
  0.0222  0.0223  0.0221  0.0226  0.0235  0.0237  0.0222  0.0225  0.0221  0.0222  0.0220  0.0220
  0.0219  0.0219  0.0219  0.0219  0.0219  0.0219  0.0219  0.0219  0.0219  0.0219  0.0219  0.0219
  0.0222  0.0223  0.0221  0.0214  0.0220  0.0207  0.0222  0.0225  0.0222  0.0221  0.0219  0.0222
  0.0232  0.0235  0.0230  0.0226  0.0250  0.0236  0.0231  0.0244  0.0230  0.0230  0.0222  0.0228
  0.0250  0.0255  0.0246  0.0258  0.0296  0.0300  0.0244  0.0278  0.0241  0.0249  0.0227  0.0238
niter,ni,del,rscale     3    3    5.0000    1.2000
parameters
   -1.9828   32.1178   11.4445  -11.7937  -21.3807  -11.0285
    2.2449    0.1348   -1.2893   15.6819    4.1094  -18.9650
eta,q 0.97811 12.06834
  0.0250  0.0258  0.0245  0.0250  0.0283  0.0277  0.0245  0.0278  0.0242  0.0249  0.0226  0.0239
  0.0233  0.0236  0.0230  0.0235  0.0257  0.0256  0.0231  0.0246  0.0229  0.0232  0.0222  0.0227
  0.0223  0.0223  0.0222  0.0226  0.0235  0.0238  0.0222  0.0225  0.0221  0.0222  0.0220  0.0220
  0.0219  0.0219  0.0219  0.0219  0.0219  0.0219  0.0219  0.0219  0.0219  0.0219  0.0219  0.0219
  0.0222  0.0223  0.0221  0.0215  0.0220  0.0207  0.0222  0.0225  0.0222  0.0221  0.0220  0.0222
  0.0232  0.0236  0.0230  0.0227  0.0249  0.0236  0.0231  0.0244  0.0230  0.0230  0.0222  0.0228
  0.0250  0.0256  0.0246  0.0259  0.0295  0.0301  0.0244  0.0279  0.0241  0.0249  0.0227  0.0238
registration optimization eta report
parameter search radius
    2.4000    2.7600    3.1740    9.5220   10.9503    9.5220
    7.2000    8.2800    7.2000    7.2000    7.2000    9.5220
100000*second partial in parameter space
       54.       50.       27.        4.        6.        8.
        5.        9.        4.        6.        1.        2.
  0.0250  0.0258  0.0245  0.0250  0.0283  0.0277  0.0245  0.0278  0.0242  0.0249  0.0226  0.0239
  0.0233  0.0236  0.0230  0.0235  0.0257  0.0256  0.0231  0.0246  0.0229  0.0232  0.0222  0.0227
  0.0223  0.0223  0.0222  0.0226  0.0235  0.0238  0.0222  0.0225  0.0221  0.0222  0.0220  0.0220
  0.0219  0.0219  0.0219  0.0219  0.0219  0.0219  0.0219  0.0219  0.0219  0.0219  0.0219  0.0219
  0.0222  0.0223  0.0221  0.0215  0.0220  0.0207  0.0222  0.0225  0.0222  0.0221  0.0220  0.0222
  0.0232  0.0236  0.0230  0.0227  0.0249  0.0236  0.0231  0.0244  0.0230  0.0230  0.0222  0.0228
  0.0250  0.0256  0.0246  0.0259  0.0295  0.0301  0.0244  0.0279  0.0241  0.0249  0.0227  0.0238
   -1.9828   32.1178   11.4445  -11.7937  -21.3807  -11.0285
    2.2449    0.1348   -1.2893   15.6819    4.1094  -18.9650
eta,q 0.97811 12.06834

---------------------------------------------------------------------
imgreg_4dfp /opt/freesurfer/average/711-2C_as_mni_average_305 /opt/freesurfer/average/711-2B_as_mni_average_305_mask talsrcimg_g11 none talsrcimg_to_711-2C_as_mni_average_305_t4 2311
---------------------------------------------------------------------

freesurfer imgreg_4dfp.c
/opt/freesurfer/average/711-2C_as_mni_average_305.4dfp.img
       256       256       256         1
  1.000000  1.000000  1.000000
orientation T byte_order littleendian
Reading image: /opt/freesurfer/average/711-2C_as_mni_average_305.4dfp.img
dimensions:      256       256       256
mmppix:       1.0000   -1.0000   -1.0000
center:     128.0000 -129.0000 -129.0000
/opt/freesurfer/average/711-2B_as_mni_average_305_mask.4dfp.img
       256       256       256         1
  1.000000  1.000000  1.000000
orientation T byte_order littleendian
Reading mask: /opt/freesurfer/average/711-2B_as_mni_average_305_mask.4dfp.img (2306576 pixels)
talsrcimg_g11.4dfp.img
       256       256       256         1
  1.000000  1.000000  1.000000
orientation T byte_order littleendian
Reading image: talsrcimg_g11.4dfp.img
dimensions:      256       256       256
mmppix:       1.0000   -1.0000   -1.0000
center:     128.0000 -129.0000 -129.0000
fimgreg.f
image alignment mode   2311 decimal      907 hex
parameters
   -1.9828   32.1178   11.4445  -11.7937  -21.3807  -11.0286
    2.2449    0.1348   -1.2893   15.6819    4.1094  -18.9650
eta,q 0.97811 12.06834
niter,ni,del,rscale     5    3    5.0000    0.8000
parameter  4 -0.613323 -> -0.500000 qaram    1.1500
parameters
   -1.9665   32.0899   11.4615   -9.0337  -20.2160   -9.5778
    2.4799    0.1516   -1.0288   15.6901    3.9622  -18.7658
eta,q 0.97940 12.23579
  0.0233  0.0232  0.0225  0.0230  0.0238  0.0243  0.0224  0.0241  0.0221  0.0227  0.0214  0.0215
  0.0225  0.0224  0.0222  0.0226  0.0229  0.0232  0.0214  0.0223  0.0213  0.0216  0.0210  0.0210
  0.0221  0.0220  0.0220  0.0222  0.0221  0.0222  0.0209  0.0211  0.0208  0.0209  0.0207  0.0207
  0.0219  0.0219  0.0219  0.0219  0.0215  0.0213  0.0206  0.0206  0.0206  0.0206  0.0206  0.0206
  0.0220  0.0221  0.0220  0.0216  0.0212  0.0206  0.0207  0.0210  0.0207  0.0207  0.0207  0.0207
  0.0225  0.0225  0.0221  0.0215  0.0216  0.0208  0.0212  0.0222  0.0211  0.0215  0.0210  0.0209
  0.0233  0.0232  0.0225  0.0218  0.0225  0.0224  0.0221  0.0241  0.0218  0.0229  0.0216  0.0213
niter,ni,del,rscale     5    3    5.0000    0.8000
parameters
   -2.1183   31.8531   11.7611  -10.3659  -20.1731   -9.3415
    2.4443    0.0289   -1.0550   15.4734    3.8481  -18.5678
eta,q 0.97952 12.20938
  0.0222  0.0218  0.0221  0.0216  0.0226  0.0235  0.0219  0.0235  0.0217  0.0224  0.0212  0.0213
  0.0212  0.0210  0.0213  0.0211  0.0217  0.0225  0.0211  0.0218  0.0210  0.0214  0.0208  0.0208
  0.0207  0.0206  0.0208  0.0207  0.0210  0.0214  0.0206  0.0208  0.0206  0.0207  0.0206  0.0206
  0.0206  0.0206  0.0205  0.0205  0.0206  0.0206  0.0205  0.0205  0.0205  0.0205  0.0205  0.0205
  0.0210  0.0209  0.0205  0.0210  0.0207  0.0204  0.0207  0.0209  0.0206  0.0207  0.0206  0.0205
  0.0217  0.0217  0.0208  0.0222  0.0214  0.0215  0.0212  0.0220  0.0211  0.0215  0.0208  0.0208
  0.0229  0.0227  0.0213  0.0242  0.0227  0.0236  0.0220  0.0238  0.0218  0.0229  0.0213  0.0212
niter,ni,del,rscale     4    3    5.0000    0.7000
parameters
   -2.1020   31.8460   11.6374  -10.5528  -20.0597   -9.1668
    2.4321    0.0412   -1.0280   15.4483    3.8604  -18.6404
eta,q 0.97957 12.20621
  0.0219  0.0217  0.0212  0.0216  0.0221  0.0229  0.0216  0.0230  0.0214  0.0221  0.0210  0.0210
  0.0211  0.0210  0.0208  0.0212  0.0214  0.0220  0.0209  0.0216  0.0209  0.0212  0.0207  0.0207
  0.0206  0.0206  0.0205  0.0208  0.0208  0.0212  0.0205  0.0207  0.0205  0.0207  0.0205  0.0205
  0.0205  0.0205  0.0205  0.0205  0.0205  0.0205  0.0204  0.0204  0.0204  0.0204  0.0204  0.0204
  0.0206  0.0206  0.0206  0.0205  0.0206  0.0204  0.0206  0.0207  0.0205  0.0205  0.0205  0.0205
  0.0211  0.0211  0.0210  0.0210  0.0211  0.0213  0.0210  0.0216  0.0209  0.0211  0.0207  0.0207
  0.0218  0.0218  0.0215  0.0221  0.0221  0.0231  0.0216  0.0229  0.0214  0.0222  0.0210  0.0210
niter,ni,del,rscale     3    3    5.0000    0.6000
parameters
   -2.0871   31.8374   11.6302  -10.4400  -20.0195   -9.0240
    2.4245    0.0343   -1.0205   15.4842    3.8666  -18.6980
eta,q 0.97963 12.21279
  0.0215  0.0214  0.0211  0.0214  0.0216  0.0224  0.0212  0.0223  0.0211  0.0217  0.0208  0.0208
  0.0209  0.0209  0.0207  0.0210  0.0211  0.0217  0.0208  0.0213  0.0207  0.0210  0.0206  0.0206
  0.0206  0.0205  0.0205  0.0207  0.0206  0.0210  0.0205  0.0206  0.0205  0.0206  0.0204  0.0204
  0.0204  0.0204  0.0204  0.0204  0.0204  0.0204  0.0204  0.0204  0.0204  0.0204  0.0204  0.0204
  0.0205  0.0205  0.0205  0.0204  0.0205  0.0204  0.0205  0.0206  0.0205  0.0205  0.0204  0.0204
  0.0209  0.0209  0.0207  0.0207  0.0209  0.0211  0.0208  0.0213  0.0207  0.0209  0.0206  0.0206
  0.0214  0.0214  0.0211  0.0215  0.0217  0.0225  0.0212  0.0223  0.0211  0.0217  0.0208  0.0208
niter,ni,del,rscale     2    3    5.0000    0.5000
parameters
   -2.0929   31.8327   11.6586  -10.3002  -19.9907   -8.8980
    2.4305    0.0224   -1.0133   15.5096    3.8425  -18.7312
eta,q 0.97967 12.21978
  0.0211  0.0210  0.0209  0.0211  0.0213  0.0219  0.0210  0.0217  0.0209  0.0212  0.0207  0.0206
  0.0207  0.0207  0.0206  0.0208  0.0208  0.0213  0.0206  0.0210  0.0206  0.0208  0.0205  0.0205
  0.0205  0.0205  0.0204  0.0206  0.0205  0.0207  0.0204  0.0205  0.0204  0.0205  0.0204  0.0204
  0.0204  0.0204  0.0204  0.0204  0.0204  0.0204  0.0203  0.0203  0.0203  0.0203  0.0203  0.0203
  0.0204  0.0205  0.0204  0.0204  0.0204  0.0204  0.0204  0.0205  0.0204  0.0204  0.0204  0.0204
  0.0207  0.0207  0.0206  0.0206  0.0207  0.0209  0.0206  0.0210  0.0206  0.0207  0.0205  0.0205
  0.0211  0.0211  0.0208  0.0211  0.0213  0.0219  0.0209  0.0218  0.0209  0.0213  0.0207  0.0207
niter,ni,del,rscale     1    3    5.0000    0.4000
parameters
   -2.1063   31.8285   11.6866  -10.1725  -19.9672   -8.7841
    2.4356    0.0103   -1.0066   15.5368    3.8242  -18.7590
eta,q 0.97970 12.22588
  0.0208  0.0208  0.0207  0.0209  0.0209  0.0215  0.0207  0.0212  0.0207  0.0209  0.0205  0.0205
  0.0205  0.0205  0.0205  0.0206  0.0206  0.0210  0.0205  0.0207  0.0205  0.0206  0.0204  0.0204
  0.0204  0.0204  0.0204  0.0204  0.0204  0.0206  0.0204  0.0204  0.0203  0.0204  0.0203  0.0203
  0.0203  0.0203  0.0203  0.0203  0.0203  0.0203  0.0203  0.0203  0.0203  0.0203  0.0203  0.0203
  0.0204  0.0204  0.0204  0.0203  0.0204  0.0203  0.0203  0.0204  0.0203  0.0204  0.0203  0.0203
  0.0205  0.0205  0.0205  0.0205  0.0206  0.0207  0.0205  0.0207  0.0205  0.0205  0.0204  0.0204
  0.0208  0.0208  0.0206  0.0208  0.0209  0.0214  0.0207  0.0213  0.0206  0.0209  0.0205  0.0205
registration optimization eta report
parameter search radius
    0.8000    0.8000    0.8000    2.7600    2.4000    2.4000
    2.4000    2.4000    2.4000    2.4000    2.4000    2.4000
100000*second partial in parameter space
       73.       69.       50.        7.       10.       19.
        7.       17.        6.       11.        4.        4.
  0.0208  0.0208  0.0207  0.0209  0.0209  0.0215  0.0207  0.0212  0.0207  0.0209  0.0205  0.0205
  0.0205  0.0205  0.0205  0.0206  0.0206  0.0210  0.0205  0.0207  0.0205  0.0206  0.0204  0.0204
  0.0204  0.0204  0.0204  0.0204  0.0204  0.0206  0.0204  0.0204  0.0203  0.0204  0.0203  0.0203
  0.0203  0.0203  0.0203  0.0203  0.0203  0.0203  0.0203  0.0203  0.0203  0.0203  0.0203  0.0203
  0.0204  0.0204  0.0204  0.0203  0.0204  0.0203  0.0203  0.0204  0.0203  0.0204  0.0203  0.0203
  0.0205  0.0205  0.0205  0.0205  0.0206  0.0207  0.0205  0.0207  0.0205  0.0205  0.0204  0.0204
  0.0208  0.0208  0.0206  0.0208  0.0209  0.0214  0.0207  0.0213  0.0206  0.0209  0.0205  0.0205
   -2.1063   31.8285   11.6866  -10.1725  -19.9672   -8.7841
    2.4356    0.0103   -1.0066   15.5368    3.8242  -18.7590
eta,q 0.97970 12.22588

---------------------------------------------------------------------
imgreg_4dfp /opt/freesurfer/average/711-2C_as_mni_average_305 /opt/freesurfer/average/711-2B_as_mni_average_305_mask talsrcimg_g11 none talsrcimg_to_711-2C_as_mni_average_305_t4 2311
---------------------------------------------------------------------

freesurfer imgreg_4dfp.c
/opt/freesurfer/average/711-2C_as_mni_average_305.4dfp.img
       256       256       256         1
  1.000000  1.000000  1.000000
orientation T byte_order littleendian
Reading image: /opt/freesurfer/average/711-2C_as_mni_average_305.4dfp.img
dimensions:      256       256       256
mmppix:       1.0000   -1.0000   -1.0000
center:     128.0000 -129.0000 -129.0000
/opt/freesurfer/average/711-2B_as_mni_average_305_mask.4dfp.img
       256       256       256         1
  1.000000  1.000000  1.000000
orientation T byte_order littleendian
Reading mask: /opt/freesurfer/average/711-2B_as_mni_average_305_mask.4dfp.img (2306576 pixels)
talsrcimg_g11.4dfp.img
       256       256       256         1
  1.000000  1.000000  1.000000
orientation T byte_order littleendian
Reading image: talsrcimg_g11.4dfp.img
dimensions:      256       256       256
mmppix:       1.0000   -1.0000   -1.0000
center:     128.0000 -129.0000 -129.0000
fimgreg.f
image alignment mode   2311 decimal      907 hex
parameters
   -2.1063   31.8285   11.6866  -10.1725  -19.9672   -8.7840
    2.4356    0.0103   -1.0066   15.5368    3.8242  -18.7590
eta,q 0.97970 12.22588
niter,ni,del,rscale     5    3    5.0000    0.8000
parameters
   -2.1209   31.8261   11.7232  -10.7403  -20.2805   -9.1990
    2.4154    0.0243   -1.0383   15.4244    3.8182  -18.6504
eta,q 0.97951 12.19307
  0.0222  0.0220  0.0217  0.0214  0.0222  0.0230  0.0219  0.0236  0.0217  0.0225  0.0212  0.0213
  0.0211  0.0211  0.0209  0.0209  0.0213  0.0220  0.0211  0.0219  0.0210  0.0214  0.0208  0.0208
  0.0205  0.0205  0.0205  0.0205  0.0207  0.0211  0.0206  0.0208  0.0206  0.0208  0.0206  0.0206
  0.0203  0.0203  0.0203  0.0203  0.0203  0.0204  0.0205  0.0205  0.0205  0.0205  0.0205  0.0205
  0.0205  0.0205  0.0204  0.0204  0.0206  0.0207  0.0207  0.0208  0.0206  0.0207  0.0206  0.0206
  0.0212  0.0211  0.0209  0.0211  0.0215  0.0223  0.0212  0.0219  0.0211  0.0214  0.0208  0.0208
  0.0222  0.0221  0.0215  0.0224  0.0230  0.0249  0.0219  0.0236  0.0218  0.0228  0.0212  0.0212
niter,ni,del,rscale     4    3    5.0000    0.7000
parameters
   -2.0852   31.8610   11.6114  -10.3932  -20.1308   -9.1941
    2.4283    0.0614   -1.0120   15.4848    3.8715  -18.6942
eta,q 0.97958 12.20861
  0.0219  0.0218  0.0212  0.0215  0.0221  0.0228  0.0216  0.0230  0.0214  0.0221  0.0210  0.0210
  0.0211  0.0211  0.0208  0.0211  0.0214  0.0219  0.0209  0.0216  0.0209  0.0213  0.0207  0.0207
  0.0207  0.0207  0.0205  0.0208  0.0208  0.0211  0.0206  0.0207  0.0205  0.0207  0.0205  0.0205
  0.0205  0.0205  0.0205  0.0205  0.0204  0.0204  0.0204  0.0204  0.0204  0.0204  0.0204  0.0204
  0.0206  0.0206  0.0206  0.0204  0.0205  0.0204  0.0206  0.0207  0.0205  0.0205  0.0205  0.0205
  0.0210  0.0210  0.0210  0.0207  0.0210  0.0215  0.0210  0.0216  0.0209  0.0211  0.0207  0.0207
  0.0218  0.0217  0.0215  0.0214  0.0221  0.0233  0.0216  0.0229  0.0214  0.0221  0.0210  0.0210
niter,ni,del,rscale     3    3    5.0000    0.6000
parameters
   -2.0901   31.8435   11.6430  -10.2462  -20.0487   -9.0616
    2.4267    0.0416   -1.0060   15.5093    3.8603  -18.7085
eta,q 0.97963 12.21825
  0.0215  0.0213  0.0211  0.0212  0.0217  0.0224  0.0212  0.0223  0.0211  0.0216  0.0208  0.0208
  0.0209  0.0208  0.0207  0.0209  0.0211  0.0217  0.0208  0.0212  0.0207  0.0210  0.0206  0.0206
  0.0205  0.0205  0.0205  0.0206  0.0206  0.0209  0.0205  0.0206  0.0205  0.0206  0.0204  0.0204
  0.0204  0.0204  0.0204  0.0204  0.0204  0.0204  0.0204  0.0204  0.0204  0.0204  0.0204  0.0204
  0.0205  0.0205  0.0205  0.0204  0.0205  0.0204  0.0205  0.0206  0.0205  0.0205  0.0204  0.0204
  0.0209  0.0209  0.0207  0.0207  0.0209  0.0211  0.0208  0.0213  0.0207  0.0209  0.0206  0.0206
  0.0215  0.0214  0.0210  0.0212  0.0217  0.0225  0.0212  0.0224  0.0211  0.0217  0.0208  0.0208
niter,ni,del,rscale     2    3    5.0000    0.5000
parameters
   -2.1026   31.8324   11.6759  -10.1441  -20.0057   -8.9228
    2.4214    0.0227   -1.0044   15.5168    3.8390  -18.7125
eta,q 0.97967 12.22436
  0.0211  0.0210  0.0209  0.0210  0.0213  0.0219  0.0209  0.0217  0.0209  0.0212  0.0207  0.0206
  0.0207  0.0207  0.0206  0.0207  0.0208  0.0213  0.0206  0.0210  0.0206  0.0208  0.0205  0.0205
  0.0204  0.0204  0.0204  0.0205  0.0205  0.0207  0.0204  0.0205  0.0204  0.0205  0.0204  0.0204
  0.0204  0.0204  0.0204  0.0204  0.0204  0.0204  0.0203  0.0203  0.0203  0.0203  0.0203  0.0203
  0.0204  0.0204  0.0204  0.0204  0.0204  0.0203  0.0204  0.0205  0.0204  0.0204  0.0204  0.0204
  0.0207  0.0207  0.0206  0.0206  0.0207  0.0209  0.0206  0.0210  0.0206  0.0207  0.0205  0.0205
  0.0211  0.0211  0.0208  0.0210  0.0213  0.0219  0.0209  0.0218  0.0209  0.0213  0.0207  0.0206
niter,ni,del,rscale     1    3    5.0000    0.4000
parameters
   -2.1141   31.8264   11.7026  -10.0569  -19.9802   -8.8046
    2.4229    0.0151   -1.0018   15.5370    3.8110  -18.7366
eta,q 0.97970 12.22917
  0.0208  0.0208  0.0207  0.0207  0.0209  0.0215  0.0207  0.0212  0.0206  0.0209  0.0205  0.0205
  0.0205  0.0205  0.0205  0.0206  0.0206  0.0210  0.0205  0.0207  0.0205  0.0206  0.0204  0.0204
  0.0204  0.0204  0.0204  0.0204  0.0204  0.0206  0.0203  0.0204  0.0203  0.0204  0.0203  0.0203
  0.0203  0.0203  0.0203  0.0203  0.0203  0.0203  0.0203  0.0203  0.0203  0.0203  0.0203  0.0203
  0.0204  0.0204  0.0204  0.0203  0.0204  0.0203  0.0203  0.0204  0.0203  0.0203  0.0203  0.0203
  0.0205  0.0205  0.0205  0.0205  0.0206  0.0207  0.0205  0.0207  0.0205  0.0206  0.0204  0.0204
  0.0208  0.0208  0.0206  0.0207  0.0209  0.0214  0.0207  0.0213  0.0206  0.0209  0.0205  0.0205
registration optimization eta report
parameter search radius
    0.8000    0.8000    0.8000    2.4000    2.4000    2.4000
    2.4000    2.4000    2.4000    2.4000    2.4000    2.4000
100000*second partial in parameter space
       74.       69.       50.        7.       10.       19.
        7.       17.        6.       11.        4.        4.
  0.0208  0.0208  0.0207  0.0207  0.0209  0.0215  0.0207  0.0212  0.0206  0.0209  0.0205  0.0205
  0.0205  0.0205  0.0205  0.0206  0.0206  0.0210  0.0205  0.0207  0.0205  0.0206  0.0204  0.0204
  0.0204  0.0204  0.0204  0.0204  0.0204  0.0206  0.0203  0.0204  0.0203  0.0204  0.0203  0.0203
  0.0203  0.0203  0.0203  0.0203  0.0203  0.0203  0.0203  0.0203  0.0203  0.0203  0.0203  0.0203
  0.0204  0.0204  0.0204  0.0203  0.0204  0.0203  0.0203  0.0204  0.0203  0.0203  0.0203  0.0203
  0.0205  0.0205  0.0205  0.0205  0.0206  0.0207  0.0205  0.0207  0.0205  0.0206  0.0204  0.0204
  0.0208  0.0208  0.0206  0.0207  0.0209  0.0214  0.0207  0.0213  0.0206  0.0209  0.0205  0.0205
   -2.1141   31.8264   11.7026  -10.0569  -19.9802   -8.8046
    2.4229    0.0151   -1.0018   15.5370    3.8110  -18.7366
eta,q 0.97970 12.22917

---------------------------------------------------------------------
compute_vox2vox talsrcimg talsrcimg_to_711-2C_as_mni_average_305_t4 /opt/freesurfer/average/711-2C_as_mni_average_305
---------------------------------------------------------------------

freesurfer compute_vox2vox.c
Reading: talsrcimg.4dfp.ifh
Reading: talsrcimg_to_711-2C_as_mni_average_305_t4
Reading: /opt/freesurfer/average/711-2C_as_mni_average_305.4dfp.ifh
Writing: talsrcimg_to_711-2C_as_mni_average_305_t4_vox2vox.txt

start time Sun Mar 8 20:36:12 CET 2026
end		time Sun Mar 8 20:37:39 CET 2026

mpr2mni305 success

avi2talxfm orig_nu.mgz /opt/freesurfer/average/mni305.cor.mgz talsrcimg_to_711-2C_as_mni_average_305_t4_vox2vox.txt transforms/talairach.auto.xfm
avi2talxfm done
mv -f /out/sourcedata/freesurfer/sub-v1s15x0050195_ses-1/mri/talsrcimg_to_711-2C_as_mni_average_305_t4_vox2vox.txt /out/sourcedata/freesurfer/sub-v1s15x0050195_ses-1/mri/transforms/talsrcimg_to_711-2C_as_mni_average_305_t4_vox2vox.txt
lta_convert --src orig_nu.mgz --trg /opt/freesurfer/average/mni305.cor.mgz --inxfm transforms/talairach.auto.xfm --outlta transforms/talairach.auto.xfm.lta --subject fsaverage
7.3.2

--src: orig_nu.mgz src image (geometry).
--trg: /opt/freesurfer/average/mni305.cor.mgz trg image (geometry).
--inmni: transforms/talairach.auto.xfm input MNI/XFM transform.
--outlta: transforms/talairach.auto.xfm.lta output LTA.
--s: fsaverage subject name
 LTA read, type : 1
 1.11123   0.00534  -0.03240  -2.04436;
-0.04191   1.05428   0.24813  -13.91772;
 0.02205  -0.20464   1.20111   26.52209;
 0.00000   0.00000   0.00000   1.00000;
setting subject to fsaverage
Writing  LTA to file transforms/talairach.auto.xfm.lta...
lta_convert successful.
 
 
Started at Sun Mar 8 20:36:11 CET 2026
Ended   at Sun Mar  8 20:37:40 CET 2026
talairach_avi done
