/out/sourcedata/freesurfer/sub-v1s15x0050217_ses-1/mri
/opt/freesurfer/bin/talairach_avi
--i orig_nu.mgz --xfm transforms/talairach.auto.xfm
talairach_avi 7.3.2
Linux dna078 5.14.0-427.37.1.el9_4.x86_64 #1 SMP PREEMPT_DYNAMIC Fri Sep 13 12:41:50 EDT 2024 x86_64 x86_64 x86_64 GNU/Linux
Sun Mar  8 22:02:20 CET 2026
mri_convert orig_nu.mgz talsrcimg.img 
reading from orig_nu.mgz...
TR=0.00, TE=0.00, TI=0.00, flip angle=0.00
i_ras = (-1, 0, 0)
j_ras = (0, 0, -1)
k_ras = (0, 1, 0)
writing to talsrcimg.img...
Analyze Output Matrix
-1.00000   0.00000   0.00000   131.84351;
 0.00000   0.00000   1.00000  -127.56200;
 0.00000  -1.00000   0.00000   116.37500;
 0.00000   0.00000   0.00000   1.00000;
--------------------
INFO: set hdr.hist.orient to -1
mpr2mni305 talsrcimg
Sun Mar  8 22:02:21 CET 2026
/opt/freesurfer/bin/mpr2mni305 talsrcimg
mpr2mni305 7.3.2
target=711-2C_as_mni_average_305

---------------------------------------------------------------------
analyzeto4dfp talsrcimg -O0 -y
---------------------------------------------------------------------

freesurfer ifh2hdr.c
Sun Mar  8 22:02:21 2026
Writing: talsrcimg.4dfp.hdr
freesurfer analyzeto4dfp.c
Reading: talsrcimg.hdr
header size 348 bytes
hdr.dime.datatype	offset=70	value=2
hdr.dime.bitpix		offset=72	value=8
hdr.hist.orient		offset=252	value=-1
dimensionality     4
dimensions       256       256       256         1
Reading: talsrcimg.img
Writing: talsrcimg.4dfp.img
Writing: talsrcimg.4dfp.ifh
ifh2hdr talsrcimg -r0to227
ori=2

---------------------------------------------------------------------
gauss_4dfp talsrcimg 1.1
---------------------------------------------------------------------

freesurfer gauss_4dfp.c
Reading: talsrcimg.4dfp.img
Writing: talsrcimg_g11.4dfp.img
image dimensions 256 256 256 padded to 288 288 288
processing volume 1freesurfer ifh2hdr.c
Sun Mar  8 22:02:22 2026
Writing: talsrcimg_g11.4dfp.hdr

Writing: talsrcimg_g11.4dfp.ifh
including: talsrcimg.4dfp.img.rec in talsrcimg_g11.4dfp.img.rec

---------------------------------------------------------------------
imgreg_4dfp /opt/freesurfer/average/711-2C_as_mni_average_305 none talsrcimg_g11 none talsrcimg_to_711-2C_as_mni_average_305_t4 4355
---------------------------------------------------------------------

freesurfer imgreg_4dfp.c
/opt/freesurfer/average/711-2C_as_mni_average_305.4dfp.img
       256       256       256         1
  1.000000  1.000000  1.000000
orientation T byte_order littleendian
Reading image: /opt/freesurfer/average/711-2C_as_mni_average_305.4dfp.img
dimensions:      256       256       256
mmppix:       1.0000   -1.0000   -1.0000
center:     128.0000 -129.0000 -129.0000
talsrcimg_g11.4dfp.img
       256       256       256         1
  1.000000  1.000000  1.000000
orientation T byte_order littleendian
Reading image: talsrcimg_g11.4dfp.img
dimensions:      256       256       256
mmppix:       1.0000   -1.0000   -1.0000
center:     128.0000 -129.0000 -129.0000
t4_read: open error in t4_sub.f l:  41 t4_file(1:l)talsrcimg_to_711-2C_as_mni_average_305_t4 
t4_read: transform initialized to I4
rotation matrix determinant  1.000000
image alignment mode   4355 decimal     1103 hex
   -7.5000  -45.0000  -45.0000 5171.6421   19.7631
    0.0000  -45.0000  -45.0000 5425.9038   19.7902
    7.5000  -45.0000  -45.0000 5182.3989   19.7938
   -7.5000  -37.5000  -45.0000 5700.8677   19.3141
    0.0000  -37.5000  -45.0000 5969.4038   19.3335
    7.5000  -37.5000  -45.0000 5711.3032   19.3371
   -7.5000  -30.0000  -45.0000 6465.7964   19.0178
    0.0000  -30.0000  -45.0000 6759.4785   19.0370
    7.5000  -30.0000  -45.0000 6473.9282   19.0445
   -7.5000  -22.5000  -45.0000 7312.5962   18.8736
    0.0000  -22.5000  -45.0000 7643.4995   18.9017
    7.5000  -22.5000  -45.0000 7310.9062   18.9146
   -7.5000  -15.0000  -45.0000 8149.0957   18.8336
    0.0000  -15.0000  -45.0000 8534.2812   18.8697
    7.5000  -15.0000  -45.0000 8160.7676   18.8834
   -7.5000   -7.5000  -45.0000 9037.8984   18.8477
    0.0000   -7.5000  -45.0000 9468.0020   18.8822
    7.5000   -7.5000  -45.0000 9052.0303   18.8899
   -7.5000    0.0000  -45.0000 9847.5684   18.8873
    0.0000    0.0000  -45.000010321.7275   18.9138
    7.5000    0.0000  -45.0000 9858.3535   18.9154
   -7.5000    7.5000  -45.0000 9824.0039   18.9130
    0.0000    7.5000  -45.000010337.9053   18.9317
    7.5000    7.5000  -45.0000 9830.1582   18.9338
   -7.5000   15.0000  -45.0000 9704.0420   18.9023
    0.0000   15.0000  -45.000010209.8242   18.9209
    7.5000   15.0000  -45.0000 9687.6748   18.9283
   -7.5000   22.5000  -45.0000 9521.6426   18.8597
    0.0000   22.5000  -45.000010021.1582   18.8876
    7.5000   22.5000  -45.0000 9518.8486   18.9006
   -7.5000   30.0000  -45.0000 9287.9453   18.5825
    0.0000   30.0000  -45.0000 9750.1162   18.6181
    7.5000   30.0000  -45.0000 9300.3838   18.6316
   -7.5000   37.5000  -45.0000 9393.6670   18.5965
    0.0000   37.5000  -45.0000 9849.5576   18.6306
    7.5000   37.5000  -45.0000 9420.0010   18.6382
   -7.5000   45.0000  -45.0000 9102.3711   18.1624
    0.0000   45.0000  -45.0000 9521.6084   18.1879
    7.5000   45.0000  -45.0000 9108.3906   18.1894
   -7.5000  -45.0000  -37.5000 5542.6655   19.4946
    0.0000  -45.0000  -37.5000 5806.4253   19.5245
    7.5000  -45.0000  -37.5000 5569.6997   19.5390
   -7.5000  -37.5000  -37.5000 6109.5825   19.0630
    0.0000  -37.5000  -37.5000 6374.3784   19.0847
    7.5000  -37.5000  -37.5000 6118.8716   19.0939
   -7.5000  -30.0000  -37.5000 6925.6602   18.7867
    0.0000  -30.0000  -37.5000 7231.6260   18.8062
    7.5000  -30.0000  -37.5000 6925.3062   18.8155
   -7.5000  -22.5000  -37.5000 7824.9658   18.6549
    0.0000  -22.5000  -37.5000 8194.2617   18.6816
    7.5000  -22.5000  -37.5000 7820.8477   18.6966
   -7.5000  -15.0000  -37.5000 8730.1836   18.6138
    0.0000  -15.0000  -37.5000 9165.9297   18.6491
    7.5000  -15.0000  -37.5000 8746.8740   18.6685
   -7.5000   -7.5000  -37.5000 9699.9668   18.6133
    0.0000   -7.5000  -37.500010191.5293   18.6490
    7.5000   -7.5000  -37.5000 9733.1641   18.6662
   -7.5000    0.0000  -37.500010555.2256   18.6419
    0.0000    0.0000  -37.500011094.2510   18.6707
    7.5000    0.0000  -37.500010596.7236   18.6821
   -7.5000    7.5000  -37.500010504.0693   18.6723
    0.0000    7.5000  -37.500011075.8398   18.6932
    7.5000    7.5000  -37.500010557.9668   18.7008
   -7.5000   15.0000  -37.500010341.9668   18.6739
    0.0000   15.0000  -37.500010910.6465   18.6930
    7.5000   15.0000  -37.500010356.0371   18.7021
   -7.5000   22.5000  -37.500010117.4541   18.6414
    0.0000   22.5000  -37.500010664.7539   18.6679
    7.5000   22.5000  -37.500010121.7041   18.6828
   -7.5000   30.0000  -37.5000 9869.0996   18.3656
    0.0000   30.0000  -37.500010377.0117   18.4004
    7.5000   30.0000  -37.5000 9863.0986   18.4195
   -7.5000   37.5000  -37.5000 9987.9346   18.3652
    0.0000   37.5000  -37.500010506.3008   18.4004
    7.5000   37.5000  -37.5000 9997.6904   18.4174
   -7.5000   45.0000  -37.5000 9658.6826   17.9264
    0.0000   45.0000  -37.500010136.0439   17.9542
    7.5000   45.0000  -37.5000 9656.6260   17.9651
   -7.5000  -45.0000  -30.0000 6005.8447   20.0626
    0.0000  -45.0000  -30.0000 6278.6235   20.1054
    7.5000  -45.0000  -30.0000 6033.6631   20.1307
   -7.5000  -37.5000  -30.0000 6608.3877   19.6241
    0.0000  -37.5000  -30.0000 6892.0356   19.6557
    7.5000  -37.5000  -30.0000 6625.0522   19.6688
   -7.5000  -30.0000  -30.0000 7511.3755   19.3521
    0.0000  -30.0000  -30.0000 7841.7881   19.3783
    7.5000  -30.0000  -30.0000 7518.5708   19.3845
   -7.5000  -22.5000  -30.0000 8500.6836   19.2300
    0.0000  -22.5000  -30.0000 8897.4336   19.2623
    7.5000  -22.5000  -30.0000 8512.8145   19.2731
   -7.5000  -15.0000  -30.0000 9516.9092   19.1912
    0.0000  -15.0000  -30.0000 9990.0215   19.2339
    7.5000  -15.0000  -30.0000 9536.8682   19.2537
   -7.5000   -7.5000  -30.000010574.9834   19.1792
    0.0000   -7.5000  -30.000011090.6680   19.2257
    7.5000   -7.5000  -30.000010561.7705   19.2506
   -7.5000    0.0000  -30.000011464.4941   19.1964
    0.0000    0.0000  -30.000012040.9336   19.2373
    7.5000    0.0000  -30.000011454.8193   19.2584
   -7.5000    7.5000  -30.000011396.2686   19.2271
    0.0000    7.5000  -30.000011995.2324   19.2575
    7.5000    7.5000  -30.000011390.7002   19.2689
   -7.5000   15.0000  -30.000011200.5088   19.2376
    0.0000   15.0000  -30.000011814.6680   19.2632
    7.5000   15.0000  -30.000011165.4131   19.2693
   -7.5000   22.5000  -30.000010941.6162   19.2142
    0.0000   22.5000  -30.000011529.1885   19.2464
    7.5000   22.5000  -30.000010912.1826   19.2571
   -7.5000   30.0000  -30.000010627.9268   18.9371
    0.0000   30.0000  -30.000011202.6982   18.9793
    7.5000   30.0000  -30.000010615.8008   18.9988
   -7.5000   37.5000  -30.000010737.4600   18.9255
    0.0000   37.5000  -30.000011310.4268   18.9713
    7.5000   37.5000  -30.000010742.1523   18.9959
   -7.5000   45.0000  -30.000010352.3320   18.4732
    0.0000   45.0000  -30.000010894.3057   18.5125
    7.5000   45.0000  -30.000010352.1621   18.5329
   -7.5000  -45.0000  -22.5000 6554.3101   20.7324
    0.0000  -45.0000  -22.5000 6854.1938   20.7848
    7.5000  -45.0000  -22.5000 6588.5723   20.8082
   -7.5000  -37.5000  -22.5000 7213.9902   20.2749
    0.0000  -37.5000  -22.5000 7536.2974   20.3147
    7.5000  -37.5000  -22.5000 7230.6289   20.3257
   -7.5000  -30.0000  -22.5000 8216.2178   19.9906
    0.0000  -30.0000  -22.5000 8579.9678   20.0236
    7.5000  -30.0000  -22.5000 8226.8232   20.0261
   -7.5000  -22.5000  -22.5000 9302.1953   19.8677
    0.0000  -22.5000  -22.5000 9744.8447   19.9065
    7.5000  -22.5000  -22.5000 9329.6221   19.9114
   -7.5000  -15.0000  -22.500010430.9033   19.8332
    0.0000  -15.0000  -22.500010927.6992   19.8824
    7.5000  -15.0000  -22.500010443.5635   19.8954
   -7.5000   -7.5000  -22.500011540.1377   19.8239
    0.0000   -7.5000  -22.500012101.0498   19.8787
    7.5000   -7.5000  -22.500011534.0635   19.8990
   -7.5000    0.0000  -22.500012483.3115   19.8395
    0.0000    0.0000  -22.500013120.5635   19.8897
    7.5000    0.0000  -22.500012489.7344   19.9088
   -7.5000    7.5000  -22.500012387.0967   19.8653
    0.0000    7.5000  -22.500013033.5889   19.9037
    7.5000    7.5000  -22.500012407.2510   19.9131
   -7.5000   15.0000  -22.500012179.6611   19.8729
    0.0000   15.0000  -22.500012860.5195   19.9052
    7.5000   15.0000  -22.500012172.1396   19.9076
   -7.5000   22.5000  -22.500011885.2578   19.8500
    0.0000   22.5000  -22.500012553.1289   19.8887
    7.5000   22.5000  -22.500011867.3682   19.8935
   -7.5000   30.0000  -22.500011532.3105   19.5736
    0.0000   30.0000  -22.500012184.1631   19.6222
    7.5000   30.0000  -22.500011510.6660   19.6350
   -7.5000   37.5000  -22.500011626.8994   19.5646
    0.0000   37.5000  -22.500012268.3682   19.6187
    7.5000   37.5000  -22.500011607.2207   19.6387
   -7.5000   45.0000  -22.500011166.4805   19.1064
    0.0000   45.0000  -22.500011761.4150   19.1547
    7.5000   45.0000  -22.500011136.4023   19.1732
   -7.5000  -45.0000  -15.0000 7123.0093   21.2266
    0.0000  -45.0000  -15.0000 7455.3188   21.2784
    7.5000  -45.0000  -15.0000 7166.2285   21.2900
   -7.5000  -37.5000  -15.0000 7858.2651   20.7540
    0.0000  -37.5000  -15.0000 8211.0850   20.7940
    7.5000  -37.5000  -15.0000 7870.6421   20.7986
   -7.5000  -30.0000  -15.0000 8964.0820   20.4506
    0.0000  -30.0000  -15.0000 9380.5645   20.4858
    7.5000  -30.0000  -15.0000 8964.2764   20.4868
   -7.5000  -22.5000  -15.000010163.3652   20.3158
    0.0000  -22.5000  -15.000010649.2656   20.3578
    7.5000  -22.5000  -15.000010162.2637   20.3615
   -7.5000  -15.0000  -15.000011362.4004   20.2825
    0.0000  -15.0000  -15.000011898.0635   20.3336
    7.5000  -15.0000  -15.000011343.6836   20.3414
   -7.5000   -7.5000  -15.000012535.1289   20.2870
    0.0000   -7.5000  -15.000013155.0654   20.3418
    7.5000   -7.5000  -15.000012529.8867   20.3523
   -7.5000    0.0000  -15.000013532.1494   20.3130
    0.0000    0.0000  -15.000014234.4785   20.3628
    7.5000    0.0000  -15.000013557.6865   20.3712
   -7.5000    7.5000  -15.000013416.9023   20.3347
    0.0000    7.5000  -15.000014121.5830   20.3734
    7.5000    7.5000  -15.000013450.0850   20.3765
   -7.5000   15.0000  -15.000013211.0332   20.3304
    0.0000   15.0000  -15.000013922.7246   20.3650
    7.5000   15.0000  -15.000013190.6611   20.3659
   -7.5000   22.5000  -15.000012899.2539   20.2968
    0.0000   22.5000  -15.000013592.0098   20.3387
    7.5000   22.5000  -15.000012842.9844   20.3423
   -7.5000   30.0000  -15.000012495.0459   20.0198
    0.0000   30.0000  -15.000013206.0439   20.0702
    7.5000   30.0000  -15.000012455.0986   20.0780
   -7.5000   37.5000  -15.000012555.5303   20.0244
    0.0000   37.5000  -15.000013292.1455   20.0786
    7.5000   37.5000  -15.000012550.0566   20.0889
   -7.5000   45.0000  -15.000012012.8018   19.5742
    0.0000   45.0000  -15.000012681.2246   19.6222
    7.5000   45.0000  -15.000011976.5566   19.6303
   -7.5000  -45.0000   -7.5000 7709.7856   21.4516
    0.0000  -45.0000   -7.5000 8073.1470   21.4909
    7.5000  -45.0000   -7.5000 7759.0396   21.4929
   -7.5000  -37.5000   -7.5000 8528.4316   20.9735
    0.0000  -37.5000   -7.5000 8926.0039   21.0036
    7.5000  -37.5000   -7.5000 8564.4902   21.0043
   -7.5000  -30.0000   -7.5000 9741.4941   20.6579
    0.0000  -30.0000   -7.500010197.4258   20.6863
    7.5000  -30.0000   -7.5000 9759.9873   20.6894
   -7.5000  -22.5000   -7.500011023.8076   20.5099
    0.0000  -22.5000   -7.500011535.0381   20.5467
    7.5000  -22.5000   -7.500011015.8447   20.5541
   -7.5000  -15.0000   -7.500012291.3252   20.4734
    0.0000  -15.0000   -7.500012864.4365   20.5183
    7.5000  -15.0000   -7.500012289.4912   20.5270
   -7.5000   -7.5000   -7.500013563.4199   20.4897
    0.0000   -7.5000   -7.500014232.2451   20.5347
    7.5000   -7.5000   -7.500013567.8789   20.5394
   -7.5000    0.0000   -7.500014661.5957   20.5278
    0.0000    0.0000   -7.500015390.0996   20.5660
    7.5000    0.0000   -7.500014668.8975   20.5660
   -7.5000    7.5000   -7.500014550.7002   20.5499
    0.0000    7.5000   -7.500015254.4658   20.5790
    7.5000    7.5000   -7.500014565.9521   20.5783
   -7.5000   15.0000   -7.500014294.9170   20.5363
    0.0000   15.0000   -7.500015005.0020   20.5641
    7.5000   15.0000   -7.500014255.7656   20.5670
   -7.5000   22.5000   -7.500013925.5518   20.4884
    0.0000   22.5000   -7.500014666.0312   20.5252
    7.5000   22.5000   -7.500013872.3359   20.5326
   -7.5000   30.0000   -7.500013478.5117   20.2077
    0.0000   30.0000   -7.500014261.0010   20.2520
    7.5000   30.0000   -7.500013461.3965   20.2606
   -7.5000   37.5000   -7.500013564.3633   20.2239
    0.0000   37.5000   -7.500014351.1152   20.2684
    7.5000   37.5000   -7.500013550.9395   20.2730
   -7.5000   45.0000   -7.500012933.6758   19.7850
    0.0000   45.0000   -7.500013660.0244   19.8218
    7.5000   45.0000   -7.500012891.2305   19.8218
   -7.5000  -45.0000    0.0000 8255.2734   21.4767
    0.0000  -45.0000    0.0000 8650.3672   21.5051
    7.5000  -45.0000    0.0000 8288.2119   21.5084
   -7.5000  -37.5000    0.0000 9188.7129   21.0016
    0.0000  -37.5000    0.0000 9617.7764   21.0221
    7.5000  -37.5000    0.0000 9208.6465   21.0254
   -7.5000  -30.0000    0.000010504.2988   20.6879
    0.0000  -30.0000    0.000010990.6025   20.7080
    7.5000  -30.0000    0.000010507.1963   20.7153
   -7.5000  -22.5000    0.000011848.7246   20.5362
    0.0000  -22.5000    0.000012390.3301   20.5652
    7.5000  -22.5000    0.000011858.5928   20.5782
   -7.5000  -15.0000    0.000013177.8584   20.4953
    0.0000  -15.0000    0.000013807.6904   20.5326
    7.5000  -15.0000    0.000013197.5449   20.5466
   -7.5000   -7.5000    0.000014539.8008   20.5104
    0.0000   -7.5000    0.000015256.1084   20.5463
    7.5000   -7.5000    0.000014538.2588   20.5540
   -7.5000    0.0000    0.000015740.5889   20.5512
    0.0000    0.0000    0.000016518.3105   20.5791
    7.5000    0.0000    0.000015734.0469   20.5803
   -7.5000    7.5000    0.000015613.9561   20.5775
    0.0000    7.5000    0.000016394.7969   20.5974
    7.5000    7.5000    0.000015605.1641   20.5990
   -7.5000   15.0000    0.000015296.5977   20.5658
    0.0000   15.0000    0.000016058.0938   20.5853
    7.5000   15.0000    0.000015241.1670   20.5924
   -7.5000   22.5000    0.000014865.3398   20.5147
    0.0000   22.5000    0.000015643.1982   20.5436
    7.5000   22.5000    0.000014832.0576   20.5566
   -7.5000   30.0000    0.000014403.5156   20.2299
    0.0000   30.0000    0.000015206.0234   20.2667
    7.5000   30.0000    0.000014395.7275   20.2805
   -7.5000   37.5000    0.000014519.3330   20.2450
    0.0000   37.5000    0.000015307.6572   20.2804
    7.5000   37.5000    0.000014479.1133   20.2880
   -7.5000   45.0000    0.000013797.7529   19.8090
    0.0000   45.0000    0.000014553.0869   19.8359
    7.5000   45.0000    0.000013746.4600   19.8371
   -7.5000  -45.0000    7.5000 8164.2993   21.4809
    0.0000  -45.0000    7.5000 8563.8926   21.5134
    7.5000  -45.0000    7.5000 8194.1426   21.5291
   -7.5000  -37.5000    7.5000 9097.0918   21.0113
    0.0000  -37.5000    7.5000 9575.0596   21.0347
    7.5000  -37.5000    7.5000 9116.7217   21.0443
   -7.5000  -30.0000    7.500010414.8906   20.7106
    0.0000  -30.0000    7.500010939.4092   20.7315
    7.5000  -30.0000    7.500010408.5557   20.7409
   -7.5000  -22.5000    7.500011770.1738   20.5678
    0.0000  -22.5000    7.500012327.7617   20.5966
    7.5000  -22.5000    7.500011754.9482   20.6123
   -7.5000  -15.0000    7.500013093.8213   20.5241
    0.0000  -15.0000    7.500013694.9717   20.5626
    7.5000  -15.0000    7.500013066.2988   20.5834
   -7.5000   -7.5000    7.500014439.0928   20.5241
    0.0000   -7.5000    7.500015075.0244   20.5632
    7.5000   -7.5000    7.500014372.3086   20.5819
   -7.5000    0.0000    7.500015647.7490   20.5551
    0.0000    0.0000    7.500016353.5664   20.5865
    7.5000    0.0000    7.500015600.4287   20.5988
   -7.5000    7.5000    7.500015563.1787   20.5871
    0.0000    7.5000    7.500016294.5781   20.6096
    7.5000    7.5000    7.500015488.7744   20.6175
   -7.5000   15.0000    7.500015190.4795   20.5881
    0.0000   15.0000    7.500015881.6357   20.6085
    7.5000   15.0000    7.500015086.0449   20.6177
   -7.5000   22.5000    7.500014726.7734   20.5464
    0.0000   22.5000    7.500015436.3564   20.5750
    7.5000   22.5000    7.500014660.0273   20.5907
   -7.5000   30.0000    7.500014295.6318   20.2582
    0.0000   30.0000    7.500015000.7305   20.2963
    7.5000   30.0000    7.500014230.3359   20.3168
   -7.5000   37.5000    7.500014413.7734   20.2585
    0.0000   37.5000    7.500015108.2734   20.2971
    7.5000   37.5000    7.500014326.8311   20.3156
   -7.5000   45.0000    7.500013660.4619   19.8127
    0.0000   45.0000    7.500014341.1094   19.8430
    7.5000   45.0000    7.500013566.5146   19.8548
   -7.5000  -45.0000   15.0000 7955.2881   21.5022
    0.0000  -45.0000   15.0000 8337.4033   21.5476
    7.5000  -45.0000   15.0000 7982.6587   21.5745
   -7.5000  -37.5000   15.0000 8882.1885   21.0329
    0.0000  -37.5000   15.0000 9348.1680   21.0665
    7.5000  -37.5000   15.0000 8907.7451   21.0804
   -7.5000  -30.0000   15.000010190.1035   20.7421
    0.0000  -30.0000   15.000010690.2217   20.7699
    7.5000  -30.0000   15.000010169.1689   20.7766
   -7.5000  -22.5000   15.000011529.3213   20.6118
    0.0000  -22.5000   15.000012075.9258   20.6462
    7.5000  -22.5000   15.000011498.2129   20.6578
   -7.5000  -15.0000   15.000012828.0391   20.5705
    0.0000  -15.0000   15.000013406.3223   20.6160
    7.5000  -15.0000   15.000012778.3242   20.6370
   -7.5000   -7.5000   15.000014114.3115   20.5575
    0.0000   -7.5000   15.000014696.8311   20.6069
    7.5000   -7.5000   15.000014023.1582   20.6333
   -7.5000    0.0000   15.000015378.1357   20.5756
    0.0000    0.0000   15.000016026.5684   20.6190
    7.5000    0.0000   15.000015242.6660   20.6414
   -7.5000    7.5000   15.000015464.5449   20.6082
    0.0000    7.5000   15.000016122.3418   20.6405
    7.5000    7.5000   15.000015281.0342   20.6527
   -7.5000   15.0000   15.000015123.6387   20.6196
    0.0000   15.0000   15.000015647.4365   20.6469
    7.5000   15.0000   15.000014947.1133   20.6534
   -7.5000   22.5000   15.000014626.8291   20.5903
    0.0000   22.5000   15.000015163.9727   20.6246
    7.5000   22.5000   15.000014467.7676   20.6361
   -7.5000   30.0000   15.000014191.8242   20.3041
    0.0000   30.0000   15.000014781.5352   20.3490
    7.5000   30.0000   15.000014030.2549   20.3697
   -7.5000   37.5000   15.000014262.9502   20.2915
    0.0000   37.5000   15.000014910.9004   20.3402
    7.5000   37.5000   15.000014099.4639   20.3663
   -7.5000   45.0000   15.000013473.3447   19.8325
    0.0000   45.0000   15.000014098.8604   19.8743
    7.5000   45.0000   15.000013289.4727   19.8959
   -7.5000  -45.0000   22.5000 7641.4941   21.5210
    0.0000  -45.0000   22.5000 8032.0952   21.5755
    7.5000  -45.0000   22.5000 7659.6099   21.5997
   -7.5000  -37.5000   22.5000 8546.4297   21.0462
    0.0000  -37.5000   22.5000 9003.9170   21.0875
    7.5000  -37.5000   22.5000 8561.5439   21.0989
   -7.5000  -30.0000   22.5000 9814.3789   20.7511
    0.0000  -30.0000   22.500010332.0918   20.7853
    7.5000  -30.0000   22.5000 9807.7773   20.7879
   -7.5000  -22.5000   22.500011127.7969   20.6235
    0.0000  -22.5000   22.500011694.9531   20.6637
    7.5000  -22.5000   22.500011121.1064   20.6688
   -7.5000  -15.0000   22.500012385.8535   20.5877
    0.0000  -15.0000   22.500012984.2686   20.6388
    7.5000  -15.0000   22.500012343.3994   20.6523
   -7.5000   -7.5000   22.500013610.9326   20.5781
    0.0000   -7.5000   22.500014201.1895   20.6349
    7.5000   -7.5000   22.500013546.7168   20.6560
   -7.5000    0.0000   22.500014837.4590   20.5942
    0.0000    0.0000   22.500015427.5527   20.6463
    7.5000    0.0000   22.500014719.2227   20.6662
   -7.5000    7.5000   22.500014932.7246   20.6210
    0.0000    7.5000   22.500015462.2314   20.6609
    7.5000    7.5000   22.500014721.1230   20.6706
   -7.5000   15.0000   22.500014667.8428   20.6289
    0.0000   15.0000   22.500015102.6377   20.6625
    7.5000   15.0000   22.500014407.1855   20.6650
   -7.5000   22.5000   22.500014296.6787   20.6020
    0.0000   22.5000   22.500014696.9834   20.6421
    7.5000   22.5000   22.500013968.7148   20.6472
   -7.5000   30.0000   22.500013876.7354   20.3211
    0.0000   30.0000   22.500014338.4102   20.3715
    7.5000   30.0000   22.500013523.8203   20.3848
   -7.5000   37.5000   22.500013878.3848   20.3118
    0.0000   37.5000   22.500014410.7861   20.3679
    7.5000   37.5000   22.500013583.7979   20.3887
   -7.5000   45.0000   22.500012998.8457   19.8504
    0.0000   45.0000   22.500013528.3877   19.9007
    7.5000   45.0000   22.500012764.1006   19.9198
   -7.5000  -45.0000   30.0000 7244.0854   21.5215
    0.0000  -45.0000   30.0000 7618.6348   21.5741
    7.5000  -45.0000   30.0000 7278.8193   21.5858
   -7.5000  -37.5000   30.0000 8114.7808   21.0424
    0.0000  -37.5000   30.0000 8528.1494   21.0830
    7.5000  -37.5000   30.0000 8136.2910   21.0875
   -7.5000  -30.0000   30.0000 9318.3721   20.7349
    0.0000  -30.0000   30.0000 9801.5293   20.7706
    7.5000  -30.0000   30.0000 9321.2666   20.7716
   -7.5000  -22.5000   30.000010547.3584   20.5982
    0.0000  -22.5000   30.000011115.9150   20.6409
    7.5000  -22.5000   30.000010542.4531   20.6445
   -7.5000  -15.0000   30.000011712.0840   20.5644
    0.0000  -15.0000   30.000012346.0088   20.6162
    7.5000  -15.0000   30.000011683.2812   20.6241
   -7.5000   -7.5000   30.000012907.1133   20.5688
    0.0000   -7.5000   30.000013578.7764   20.6244
    7.5000   -7.5000   30.000012832.4658   20.6349
   -7.5000    0.0000   30.000014066.1992   20.5950
    0.0000    0.0000   30.000014728.2744   20.6456
    7.5000    0.0000   30.000013925.1064   20.6541
   -7.5000    7.5000   30.000014048.6436   20.6171
    0.0000    7.5000   30.000014648.1289   20.6564
    7.5000    7.5000   30.000013860.1709   20.6595
   -7.5000   15.0000   30.000013780.5508   20.6130
    0.0000   15.0000   30.000014320.9707   20.6480
    7.5000   15.0000   30.000013554.9707   20.6489
   -7.5000   22.5000   30.000013479.0605   20.5767
    0.0000   22.5000   30.000013990.6426   20.6193
    7.5000   22.5000   30.000013206.7148   20.6228
   -7.5000   30.0000   30.000013083.6748   20.2980
    0.0000   30.0000   30.000013626.3936   20.3492
    7.5000   30.0000   30.000012820.8145   20.3570
   -7.5000   37.5000   30.000013082.6826   20.3026
    0.0000   37.5000   30.000013632.4883   20.3575
    7.5000   37.5000   30.000012865.1943   20.3679
   -7.5000   45.0000   30.000012252.8350   19.8512
    0.0000   45.0000   30.000012758.2412   19.8999
    7.5000   45.0000   30.000012071.1055   19.9082
   -7.5000  -45.0000   37.5000 7030.8545   21.5160
    0.0000  -45.0000   37.5000 7391.1260   21.5554
    7.5000  -45.0000   37.5000 7067.4897   21.5575
   -7.5000  -37.5000   37.5000 7865.6372   21.0360
    0.0000  -37.5000   37.5000 8278.3174   21.0661
    7.5000  -37.5000   37.5000 7894.7651   21.0668
   -7.5000  -30.0000   37.5000 9022.3457   20.7193
    0.0000  -30.0000   37.5000 9505.6104   20.7478
    7.5000  -30.0000   37.5000 9042.5049   20.7509
   -7.5000  -22.5000   37.500010211.1533   20.5710
    0.0000  -22.5000   37.500010771.6904   20.6080
    7.5000  -22.5000   37.500010224.6016   20.6154
   -7.5000  -15.0000   37.500011372.5596   20.5345
    0.0000  -15.0000   37.500011972.0361   20.5795
    7.5000  -15.0000   37.500011358.1387   20.5882
   -7.5000   -7.5000   37.500012531.2471   20.5505
    0.0000   -7.5000   37.500013172.4639   20.5957
    7.5000   -7.5000   37.500012498.0605   20.6005
   -7.5000    0.0000   37.500013596.5586   20.5886
    0.0000    0.0000   37.500014216.7637   20.6269
    7.5000    0.0000   37.500013539.8701   20.6269
   -7.5000    7.5000   37.500013512.2881   20.6107
    0.0000    7.5000   37.500014076.3438   20.6398
    7.5000    7.5000   37.500013465.2217   20.6392
   -7.5000   15.0000   37.500013231.5205   20.5973
    0.0000   15.0000   37.500013770.2461   20.6251
    7.5000   15.0000   37.500013184.5508   20.6280
   -7.5000   22.5000   37.500012909.7520   20.5495
    0.0000   22.5000   37.500013439.1709   20.5864
    7.5000   22.5000   37.500012854.8955   20.5938
   -7.5000   30.0000   37.500012568.8174   20.2685
    0.0000   30.0000   37.500013062.6865   20.3130
    7.5000   30.0000   37.500012476.3555   20.3216
   -7.5000   37.5000   37.500012632.5908   20.2846
    0.0000   37.5000   37.500013118.4336   20.3292
    7.5000   37.5000   37.500012521.0605   20.3339
   -7.5000   45.0000   37.500011866.0479   19.8450
    0.0000   45.0000   37.500012324.8555   19.8820
    7.5000   45.0000   37.500011733.8643   19.8820
   -7.5000  -45.0000   45.0000 6500.7642   21.4951
    0.0000  -45.0000   45.0000 6822.1631   21.5235
    7.5000  -45.0000   45.0000 6522.3164   21.5268
   -7.5000  -37.5000   45.0000 7281.9683   21.0169
    0.0000  -37.5000   45.0000 7624.2573   21.0374
    7.5000  -37.5000   45.0000 7286.2178   21.0404
   -7.5000  -30.0000   45.0000 8317.8887   20.7014
    0.0000  -30.0000   45.0000 8737.4619   20.7214
    7.5000  -30.0000   45.0000 8357.6123   20.7284
   -7.5000  -22.5000   45.0000 9386.5742   20.5489
    0.0000  -22.5000   45.0000 9873.5635   20.5780
    7.5000  -22.5000   45.0000 9439.6914   20.5908
   -7.5000  -15.0000   45.000010438.7656   20.5077
    0.0000  -15.0000   45.000010986.9688   20.5451
    7.5000  -15.0000   45.000010498.2725   20.5591
   -7.5000   -7.5000   45.000011507.3652   20.5224
    0.0000   -7.5000   45.000012060.7520   20.5585
    7.5000   -7.5000   45.000011537.6348   20.5662
   -7.5000    0.0000   45.000012457.4775   20.5631
    0.0000    0.0000   45.000013008.4648   20.5909
    7.5000    0.0000   45.000012477.1387   20.5922
   -7.5000    7.5000   45.000012359.4082   20.5895
    0.0000    7.5000   45.000012874.0107   20.6094
    7.5000    7.5000   45.000012367.8877   20.6108
   -7.5000   15.0000   45.000012123.6143   20.5782
    0.0000   15.0000   45.000012627.5049   20.5978
    7.5000   15.0000   45.000012145.1553   20.6045
   -7.5000   22.5000   45.000011827.7637   20.5273
    0.0000   22.5000   45.000012328.1143   20.5563
    7.5000   22.5000   45.000011848.9902   20.5690
   -7.5000   30.0000   45.000011523.9424   20.2404
    0.0000   30.0000   45.000011985.4443   20.2773
    7.5000   30.0000   45.000011505.5137   20.2911
   -7.5000   37.5000   45.000011597.2891   20.2551
    0.0000   37.5000   45.000012049.2393   20.2906
    7.5000   37.5000   45.000011554.4990   20.2983
   -7.5000   45.0000   45.000010926.7793   19.8294
    0.0000   45.0000   45.000011350.4688   19.8563
    7.5000   45.0000   45.000010866.7373   19.8575

---------------------------------------------------------------------
imgreg_4dfp /opt/freesurfer/average/711-2C_as_mni_average_305 /opt/freesurfer/average/711-2B_as_mni_average_305_mask talsrcimg_g11 none talsrcimg_to_711-2C_as_mni_average_305_t4 4355
---------------------------------------------------------------------

freesurfer imgreg_4dfp.c
/opt/freesurfer/average/711-2C_as_mni_average_305.4dfp.img
       256       256       256         1
  1.000000  1.000000  1.000000
orientation T byte_order littleendian
Reading image: /opt/freesurfer/average/711-2C_as_mni_average_305.4dfp.img
dimensions:      256       256       256
mmppix:       1.0000   -1.0000   -1.0000
center:     128.0000 -129.0000 -129.0000
/opt/freesurfer/average/711-2B_as_mni_average_305_mask.4dfp.img
       256       256       256         1
  1.000000  1.000000  1.000000
orientation T byte_order littleendian
Reading mask: /opt/freesurfer/average/711-2B_as_mni_average_305_mask.4dfp.img (2306576 pixels)
talsrcimg_g11.4dfp.img
       256       256       256         1
  1.000000  1.000000  1.000000
orientation T byte_order littleendian
Reading image: talsrcimg_g11.4dfp.img
dimensions:      256       256       256
mmppix:       1.0000   -1.0000   -1.0000
center:     128.0000 -129.0000 -129.0000
rotation matrix determinant  1.000000
image alignment mode   4355 decimal     1103 hex
   -7.5000  -45.0000  -45.0000 1548.9458   38.7244
    0.0000  -45.0000  -45.0000 1563.7301   38.8028
    7.5000  -45.0000  -45.0000 1542.6569   39.1812
   -7.5000  -37.5000  -45.0000 1662.6936   33.5271
    0.0000  -37.5000  -45.0000 1671.8740   33.5347
    7.5000  -37.5000  -45.0000 1657.0140   34.0072
   -7.5000  -30.0000  -45.0000 1765.4520   29.4969
    0.0000  -30.0000  -45.0000 1771.9949   29.4185
    7.5000  -30.0000  -45.0000 1756.3741   29.7442
   -7.5000  -22.5000  -45.0000 1875.9536   26.2236
    0.0000  -22.5000  -45.0000 1881.3495   26.1267
    7.5000  -22.5000  -45.0000 1867.7192   26.3492
   -7.5000  -15.0000  -45.0000 1971.4810   23.6214
    0.0000  -15.0000  -45.0000 1978.7637   23.6317
    7.5000  -15.0000  -45.0000 1964.3235   23.7587
   -7.5000   -7.5000  -45.0000 2069.4192   21.8243
    0.0000   -7.5000  -45.0000 2073.2161   21.8430
    7.5000   -7.5000  -45.0000 2056.2373   21.9270
   -7.5000    0.0000  -45.0000 2126.6960   20.6991
    0.0000    0.0000  -45.0000 2129.1670   20.6953
    7.5000    0.0000  -45.0000 2112.3948   20.7430
   -7.5000    7.5000  -45.0000 2153.2666   19.8799
    0.0000    7.5000  -45.0000 2161.1614   19.8347
    7.5000    7.5000  -45.0000 2137.5466   19.9561
   -7.5000   15.0000  -45.0000 2163.0273   19.2822
    0.0000   15.0000  -45.0000 2170.3015   19.1881
    7.5000   15.0000  -45.0000 2148.2532   19.3949
   -7.5000   22.5000  -45.0000 2159.3503   19.1129
    0.0000   22.5000  -45.0000 2167.3455   18.9800
    7.5000   22.5000  -45.0000 2148.0139   19.2376
   -7.5000   30.0000  -45.0000 2136.9983   19.4910
    0.0000   30.0000  -45.0000 2149.9136   19.2928
    7.5000   30.0000  -45.0000 2130.5352   19.5539
   -7.5000   37.5000  -45.0000 2103.5801   20.3081
    0.0000   37.5000  -45.0000 2114.2722   20.0934
    7.5000   37.5000  -45.0000 2097.4395   20.3417
   -7.5000   45.0000  -45.0000 2055.2097   21.5012
    0.0000   45.0000  -45.0000 2067.5742   21.2778
    7.5000   45.0000  -45.0000 2046.5424   21.5342
   -7.5000  -45.0000  -37.5000 1623.8771   35.5019
    0.0000  -45.0000  -37.5000 1637.0710   35.6864
    7.5000  -45.0000  -37.5000 1617.2421   36.0500
   -7.5000  -37.5000  -37.5000 1745.4415   30.6661
    0.0000  -37.5000  -37.5000 1747.0941   30.7072
    7.5000  -37.5000  -37.5000 1732.2234   31.0703
   -7.5000  -30.0000  -37.5000 1855.0417   26.9412
    0.0000  -30.0000  -37.5000 1858.8080   26.8986
    7.5000  -30.0000  -37.5000 1838.7703   27.1966
   -7.5000  -22.5000  -37.5000 1969.7838   23.9932
    0.0000  -22.5000  -37.5000 1979.4694   23.9500
    7.5000  -22.5000  -37.5000 1955.9857   24.1575
   -7.5000  -15.0000  -37.5000 2070.6211   21.6675
    0.0000  -15.0000  -37.5000 2084.4255   21.6727
    7.5000  -15.0000  -37.5000 2063.2241   21.7971
   -7.5000   -7.5000  -37.5000 2173.4812   20.0598
    0.0000   -7.5000  -37.5000 2185.2361   20.0556
    7.5000   -7.5000  -37.5000 2165.6101   20.1390
   -7.5000    0.0000  -37.5000 2235.6621   18.9854
    0.0000    0.0000  -37.5000 2245.5454   19.0198
    7.5000    0.0000  -37.5000 2226.2056   19.0345
   -7.5000    7.5000  -37.5000 2258.7759   18.2048
    0.0000    7.5000  -37.5000 2269.8115   18.2207
    7.5000    7.5000  -37.5000 2251.5278   18.2742
   -7.5000   15.0000  -37.5000 2268.6921   17.7304
    0.0000   15.0000  -37.5000 2276.6479   17.6805
    7.5000   15.0000  -37.5000 2259.0281   17.7790
   -7.5000   22.5000  -37.5000 2261.8547   17.5728
    0.0000   22.5000  -37.5000 2271.3518   17.5156
    7.5000   22.5000  -37.5000 2257.4160   17.6157
   -7.5000   30.0000  -37.5000 2246.7454   17.8245
    0.0000   30.0000  -37.5000 2256.8269   17.6996
    7.5000   30.0000  -37.5000 2236.5393   17.9038
   -7.5000   37.5000  -37.5000 2216.4011   18.4845
    0.0000   37.5000  -37.5000 2228.4592   18.3593
    7.5000   37.5000  -37.5000 2205.1160   18.5644
   -7.5000   45.0000  -37.5000 2162.5071   19.5258
    0.0000   45.0000  -37.5000 2174.7124   19.3703
    7.5000   45.0000  -37.5000 2153.6443   19.6157
   -7.5000  -45.0000  -30.0000 1721.2620   34.0087
    0.0000  -45.0000  -30.0000 1729.7754   34.1097
    7.5000  -45.0000  -30.0000 1716.4082   34.5345
   -7.5000  -37.5000  -30.0000 1849.8456   29.3013
    0.0000  -37.5000  -30.0000 1852.2278   29.3081
    7.5000  -37.5000  -30.0000 1836.6495   29.6552
   -7.5000  -30.0000  -30.0000 1968.6940   25.7148
    0.0000  -30.0000  -30.0000 1972.8174   25.6876
    7.5000  -30.0000  -30.0000 1952.3203   25.9007
   -7.5000  -22.5000  -30.0000 2094.4045   22.8269
    0.0000  -22.5000  -30.0000 2100.9456   22.8457
    7.5000  -22.5000  -30.0000 2082.8987   23.0070
   -7.5000  -15.0000  -30.0000 2211.3691   20.6489
    0.0000  -15.0000  -30.0000 2223.1982   20.6453
    7.5000  -15.0000  -30.0000 2202.0505   20.7557
   -7.5000   -7.5000  -30.0000 2321.9783   19.0716
    0.0000   -7.5000  -30.0000 2331.1130   19.1016
    7.5000   -7.5000  -30.0000 2303.5764   19.1875
   -7.5000    0.0000  -30.0000 2384.1365   18.0217
    0.0000    0.0000  -30.0000 2391.4023   18.0304
    7.5000    0.0000  -30.0000 2360.0554   18.0879
   -7.5000    7.5000  -30.0000 2411.4458   17.2836
    0.0000    7.5000  -30.0000 2424.2463   17.2721
    7.5000    7.5000  -30.0000 2391.9243   17.3247
   -7.5000   15.0000  -30.0000 2426.2612   16.8501
    0.0000   15.0000  -30.0000 2436.6956   16.8014
    7.5000   15.0000  -30.0000 2406.2983   16.8286
   -7.5000   22.5000  -30.0000 2422.7805   16.6986
    0.0000   22.5000  -30.0000 2433.5203   16.6340
    7.5000   22.5000  -30.0000 2408.8940   16.7018
   -7.5000   30.0000  -30.0000 2402.0332   16.9147
    0.0000   30.0000  -30.0000 2411.6096   16.8374
    7.5000   30.0000  -30.0000 2387.6211   16.9800
   -7.5000   37.5000  -30.0000 2368.6604   17.5260
    0.0000   37.5000  -30.0000 2377.9880   17.4483
    7.5000   37.5000  -30.0000 2359.2754   17.6256
   -7.5000   45.0000  -30.0000 2312.5806   18.5330
    0.0000   45.0000  -30.0000 2323.4490   18.4108
    7.5000   45.0000  -30.0000 2302.5273   18.6314
   -7.5000  -45.0000  -22.5000 1796.8892   32.3008
    0.0000  -45.0000  -22.5000 1804.1954   32.2570
    7.5000  -45.0000  -22.5000 1789.5082   32.5933
   -7.5000  -37.5000  -22.5000 1933.1378   27.7938
    0.0000  -37.5000  -22.5000 1936.2732   27.6887
    7.5000  -37.5000  -22.5000 1917.4279   27.9282
   -7.5000  -30.0000  -22.5000 2060.6643   24.3143
    0.0000  -30.0000  -22.5000 2065.2451   24.2727
    7.5000  -30.0000  -22.5000 2044.8527   24.4006
   -7.5000  -22.5000  -22.5000 2195.3862   21.5953
    0.0000  -22.5000  -22.5000 2202.4661   21.5681
    7.5000  -22.5000  -22.5000 2180.9175   21.6797
   -7.5000  -15.0000  -22.5000 2319.3499   19.5056
    0.0000  -15.0000  -22.5000 2328.9751   19.5002
    7.5000  -15.0000  -22.5000 2306.4175   19.5915
   -7.5000   -7.5000  -22.5000 2432.3430   18.0030
    0.0000   -7.5000  -22.5000 2443.8713   17.9705
    7.5000   -7.5000  -22.5000 2413.9932   18.0337
   -7.5000    0.0000  -22.5000 2497.8191   16.9547
    0.0000    0.0000  -22.5000 2509.1909   16.9347
    7.5000    0.0000  -22.5000 2475.8711   17.0201
   -7.5000    7.5000  -22.5000 2531.7571   16.2430
    0.0000    7.5000  -22.5000 2542.1187   16.2270
    7.5000    7.5000  -22.5000 2510.1304   16.2977
   -7.5000   15.0000  -22.5000 2553.6196   15.8149
    0.0000   15.0000  -22.5000 2566.4148   15.7691
    7.5000   15.0000  -22.5000 2533.0090   15.8138
   -7.5000   22.5000  -22.5000 2560.4524   15.6726
    0.0000   22.5000  -22.5000 2577.2893   15.5995
    7.5000   22.5000  -22.5000 2545.5571   15.6526
   -7.5000   30.0000  -22.5000 2544.2932   15.8786
    0.0000   30.0000  -22.5000 2557.8872   15.8265
    7.5000   30.0000  -22.5000 2526.7627   15.9187
   -7.5000   37.5000  -22.5000 2505.4255   16.5081
    0.0000   37.5000  -22.5000 2520.4106   16.4484
    7.5000   37.5000  -22.5000 2485.4758   16.5760
   -7.5000   45.0000  -22.5000 2439.6851   17.4562
    0.0000   45.0000  -22.5000 2452.5762   17.3837
    7.5000   45.0000  -22.5000 2422.6631   17.5491
   -7.5000  -45.0000  -15.0000 1842.3658   30.7167
    0.0000  -45.0000  -15.0000 1850.8162   30.5738
    7.5000  -45.0000  -15.0000 1835.3606   30.9830
   -7.5000  -37.5000  -15.0000 1986.8676   26.3945
    0.0000  -37.5000  -15.0000 1992.6750   26.2518
    7.5000  -37.5000  -15.0000 1967.6898   26.5143
   -7.5000  -30.0000  -15.0000 2123.7136   23.0311
    0.0000  -30.0000  -15.0000 2132.1074   22.8976
    7.5000  -30.0000  -15.0000 2101.2705   23.0447
   -7.5000  -22.5000  -15.0000 2266.8772   20.3895
    0.0000  -22.5000  -15.0000 2275.8162   20.2677
    7.5000  -22.5000  -15.0000 2243.2866   20.3667
   -7.5000  -15.0000  -15.0000 2395.3892   18.3721
    0.0000  -15.0000  -15.0000 2402.8037   18.2860
    7.5000  -15.0000  -15.0000 2374.9573   18.3655
   -7.5000   -7.5000  -15.0000 2509.5833   16.9421
    0.0000   -7.5000  -15.0000 2522.3357   16.8481
    7.5000   -7.5000  -15.0000 2489.6431   16.8906
   -7.5000    0.0000  -15.0000 2582.0464   15.9142
    0.0000    0.0000  -15.0000 2591.4402   15.8545
    7.5000    0.0000  -15.0000 2561.4324   15.9209
   -7.5000    7.5000  -15.0000 2623.9338   15.2333
    0.0000    7.5000  -15.0000 2632.1135   15.1760
    7.5000    7.5000  -15.0000 2601.0234   15.2593
   -7.5000   15.0000  -15.0000 2657.4277   14.7957
    0.0000   15.0000  -15.0000 2669.6104   14.7257
    7.5000   15.0000  -15.0000 2635.8066   14.7968
   -7.5000   22.5000  -15.0000 2676.2375   14.6384
    0.0000   22.5000  -15.0000 2692.4478   14.5652
    7.5000   22.5000  -15.0000 2653.3950   14.6347
   -7.5000   30.0000  -15.0000 2658.5466   14.8554
    0.0000   30.0000  -15.0000 2679.7935   14.7999
    7.5000   30.0000  -15.0000 2638.5376   14.8810
   -7.5000   37.5000  -15.0000 2613.1946   15.4854
    0.0000   37.5000  -15.0000 2637.3376   15.4480
    7.5000   37.5000  -15.0000 2592.9365   15.5385
   -7.5000   45.0000  -15.0000 2542.9580   16.4145
    0.0000   45.0000  -15.0000 2561.8516   16.3792
    7.5000   45.0000  -15.0000 2521.2432   16.4926
   -7.5000  -45.0000   -7.5000 1878.7057   29.5275
    0.0000  -45.0000   -7.5000 1885.7336   29.2448
    7.5000  -45.0000   -7.5000 1867.2206   29.4930
   -7.5000  -37.5000   -7.5000 2027.7520   25.1894
    0.0000  -37.5000   -7.5000 2034.2427   24.9708
    7.5000  -37.5000   -7.5000 2012.8969   25.1909
   -7.5000  -30.0000   -7.5000 2172.4458   21.9000
    0.0000  -30.0000   -7.5000 2181.8489   21.6615
    7.5000  -30.0000   -7.5000 2154.2874   21.8535
   -7.5000  -22.5000   -7.5000 2315.8467   19.3111
    0.0000  -22.5000   -7.5000 2325.9207   19.0933
    7.5000  -22.5000   -7.5000 2298.8511   19.2930
   -7.5000  -15.0000   -7.5000 2443.2500   17.3843
    0.0000  -15.0000   -7.5000 2452.5911   17.1869
    7.5000  -15.0000   -7.5000 2432.4370   17.3039
   -7.5000   -7.5000   -7.5000 2562.8672   15.9534
    0.0000   -7.5000   -7.5000 2575.1543   15.7984
    7.5000   -7.5000   -7.5000 2549.1670   15.8999
   -7.5000    0.0000   -7.5000 2649.3059   14.9682
    0.0000    0.0000   -7.5000 2660.5249   14.8470
    7.5000    0.0000   -7.5000 2631.6323   14.9206
   -7.5000    7.5000   -7.5000 2708.5793   14.2857
    0.0000    7.5000   -7.5000 2715.4836   14.1749
    7.5000    7.5000   -7.5000 2686.5259   14.2541
   -7.5000   15.0000   -7.5000 2749.4597   13.8621
    0.0000   15.0000   -7.5000 2760.7234   13.7614
    7.5000   15.0000   -7.5000 2724.4404   13.8452
   -7.5000   22.5000   -7.5000 2768.0215   13.6890
    0.0000   22.5000   -7.5000 2788.4497   13.6086
    7.5000   22.5000   -7.5000 2748.2854   13.6884
   -7.5000   30.0000   -7.5000 2753.3496   13.9054
    0.0000   30.0000   -7.5000 2781.7954   13.8396
    7.5000   30.0000   -7.5000 2741.2087   13.9237
   -7.5000   37.5000   -7.5000 2710.4382   14.5251
    0.0000   37.5000   -7.5000 2735.5823   14.4740
    7.5000   37.5000   -7.5000 2692.9814   14.5656
   -7.5000   45.0000   -7.5000 2631.4617   15.4667
    0.0000   45.0000   -7.5000 2652.1099   15.3962
    7.5000   45.0000   -7.5000 2613.2104   15.5052
   -7.5000  -45.0000    0.0000 1907.1744   28.5529
    0.0000  -45.0000    0.0000 1915.5077   28.3068
    7.5000  -45.0000    0.0000 1893.9652   28.5327
   -7.5000  -37.5000    0.0000 2064.9580   24.3684
    0.0000  -37.5000    0.0000 2073.4080   24.0554
    7.5000  -37.5000    0.0000 2048.7651   24.2678
   -7.5000  -30.0000    0.0000 2215.4863   21.1090
    0.0000  -30.0000    0.0000 2223.9893   20.7915
    7.5000  -30.0000    0.0000 2197.0918   21.0274
   -7.5000  -22.5000    0.0000 2351.1494   18.5491
    0.0000  -22.5000    0.0000 2362.1675   18.2791
    7.5000  -22.5000    0.0000 2342.2727   18.4911
   -7.5000  -15.0000    0.0000 2477.8853   16.6391
    0.0000  -15.0000    0.0000 2491.7729   16.3860
    7.5000  -15.0000    0.0000 2474.0625   16.5386
   -7.5000   -7.5000    0.0000 2602.5928   15.2061
    0.0000   -7.5000    0.0000 2617.7861   15.0060
    7.5000   -7.5000    0.0000 2593.3574   15.1488
   -7.5000    0.0000    0.0000 2700.1086   14.2224
    0.0000    0.0000    0.0000 2714.0159   14.0302
    7.5000    0.0000    0.0000 2684.2842   14.1417
   -7.5000    7.5000    0.0000 2777.5391   13.5203
    0.0000    7.5000    0.0000 2792.3145   13.3694
    7.5000    7.5000    0.0000 2755.4312   13.4708
   -7.5000   15.0000    0.0000 2827.8030   13.0784
    0.0000   15.0000    0.0000 2845.1646   12.9472
    7.5000   15.0000    0.0000 2803.9512   13.0565
   -7.5000   22.5000    0.0000 2851.6863   12.9285
    0.0000   22.5000    0.0000 2877.2249   12.8220
    7.5000   22.5000    0.0000 2834.3420   12.9160
   -7.5000   30.0000    0.0000 2835.4954   13.1639
    0.0000   30.0000    0.0000 2867.1616   13.0702
    7.5000   30.0000    0.0000 2829.7085   13.1658
   -7.5000   37.5000    0.0000 2789.5737   13.7731
    0.0000   37.5000    0.0000 2813.8062   13.6741
    7.5000   37.5000    0.0000 2774.9319   13.7959
   -7.5000   45.0000    0.0000 2698.7764   14.6908
    0.0000   45.0000    0.0000 2721.8857   14.5920
    7.5000   45.0000    0.0000 2687.1492   14.7182
   -7.5000  -45.0000    7.5000 1921.8636   27.9726
    0.0000  -45.0000    7.5000 1925.5258   27.6335
    7.5000  -45.0000    7.5000 1912.9341   27.8925
   -7.5000  -37.5000    7.5000 2082.8958   23.8452
    0.0000  -37.5000    7.5000 2095.0762   23.4994
    7.5000  -37.5000    7.5000 2072.3667   23.6992
   -7.5000  -30.0000    7.5000 2229.5295   20.6009
    0.0000  -30.0000    7.5000 2247.8472   20.3153
    7.5000  -30.0000    7.5000 2222.1672   20.5204
   -7.5000  -22.5000    7.5000 2375.1460   18.0968
    0.0000  -22.5000    7.5000 2388.6533   17.7910
    7.5000  -22.5000    7.5000 2365.0466   18.0293
   -7.5000  -15.0000    7.5000 2506.5605   16.1410
    0.0000  -15.0000    7.5000 2520.8796   15.8529
    7.5000  -15.0000    7.5000 2495.4341   16.0943
   -7.5000   -7.5000    7.5000 2636.3416   14.7240
    0.0000   -7.5000    7.5000 2646.9531   14.4276
    7.5000   -7.5000    7.5000 2620.0571   14.6611
   -7.5000    0.0000    7.5000 2738.3047   13.7033
    0.0000    0.0000    7.5000 2753.5886   13.4431
    7.5000    0.0000    7.5000 2723.6509   13.6450
   -7.5000    7.5000    7.5000 2829.4722   12.9993
    0.0000    7.5000    7.5000 2848.5242   12.7951
    7.5000    7.5000    7.5000 2807.2773   12.9685
   -7.5000   15.0000    7.5000 2894.3445   12.5384
    0.0000   15.0000    7.5000 2923.6926   12.3305
    7.5000   15.0000    7.5000 2866.0698   12.5304
   -7.5000   22.5000    7.5000 2926.0308   12.3926
    0.0000   22.5000    7.5000 2955.9036   12.2059
    7.5000   22.5000    7.5000 2902.6265   12.3912
   -7.5000   30.0000    7.5000 2907.1519   12.6423
    0.0000   30.0000    7.5000 2937.8567   12.5080
    7.5000   30.0000    7.5000 2896.3665   12.6723
   -7.5000   37.5000    7.5000 2852.1726   13.2289
    0.0000   37.5000    7.5000 2874.5305   13.1075
    7.5000   37.5000    7.5000 2837.8040   13.2865
   -7.5000   45.0000    7.5000 2750.7537   14.1536
    0.0000   45.0000    7.5000 2772.4912   14.0410
    7.5000   45.0000    7.5000 2738.1511   14.2281
   -7.5000  -45.0000   15.0000 1922.0864   28.0110
    0.0000  -45.0000   15.0000 1927.5179   27.5193
    7.5000  -45.0000   15.0000 1912.5710   27.8188
   -7.5000  -37.5000   15.0000 2091.0781   23.7836
    0.0000  -37.5000   15.0000 2109.6235   23.3420
    7.5000  -37.5000   15.0000 2083.8882   23.6472
   -7.5000  -30.0000   15.0000 2239.6365   20.4842
    0.0000  -30.0000   15.0000 2257.1985   20.0634
    7.5000  -30.0000   15.0000 2229.6990   20.3285
   -7.5000  -22.5000   15.0000 2383.8037   17.9121
    0.0000  -22.5000   15.0000 2397.2258   17.5200
    7.5000  -22.5000   15.0000 2374.1897   17.7986
   -7.5000  -15.0000   15.0000 2515.0020   15.9580
    0.0000  -15.0000   15.0000 2525.2617   15.5865
    7.5000  -15.0000   15.0000 2501.9695   15.8587
   -7.5000   -7.5000   15.0000 2643.7249   14.4905
    0.0000   -7.5000   15.0000 2650.0469   14.1488
    7.5000   -7.5000   15.0000 2627.4265   14.4226
   -7.5000    0.0000   15.0000 2754.1499   13.4403
    0.0000    0.0000   15.0000 2764.6714   13.1146
    7.5000    0.0000   15.0000 2736.0393   13.3824
   -7.5000    7.5000   15.0000 2856.5010   12.7691
    0.0000    7.5000   15.0000 2872.4438   12.4758
    7.5000    7.5000   15.0000 2832.4006   12.6979
   -7.5000   15.0000   15.0000 2937.4851   12.3169
    0.0000   15.0000   15.0000 2968.1091   12.0200
    7.5000   15.0000   15.0000 2903.4031   12.2852
   -7.5000   22.5000   15.0000 2984.2034   12.1139
    0.0000   22.5000   15.0000 3013.7512   11.8276
    7.5000   22.5000   15.0000 2943.8579   12.1373
   -7.5000   30.0000   15.0000 2958.6501   12.3910
    0.0000   30.0000   15.0000 2984.6184   12.1886
    7.5000   30.0000   15.0000 2935.9299   12.4263
   -7.5000   37.5000   15.0000 2886.3730   13.0074
    0.0000   37.5000   15.0000 2912.0925   12.8704
    7.5000   37.5000   15.0000 2868.3621   13.0636
   -7.5000   45.0000   15.0000 2780.2185   13.9113
    0.0000   45.0000   15.0000 2804.0144   13.7888
    7.5000   45.0000   15.0000 2764.2200   13.9463
   -7.5000  -45.0000   22.5000 1909.0138   28.3308
    0.0000  -45.0000   22.5000 1914.5022   27.8223
    7.5000  -45.0000   22.5000 1898.1488   28.0008
   -7.5000  -37.5000   22.5000 2081.9990   23.9527
    0.0000  -37.5000   22.5000 2095.1521   23.5271
    7.5000  -37.5000   22.5000 2068.0171   23.7131
   -7.5000  -30.0000   22.5000 2233.7156   20.5832
    0.0000  -30.0000   22.5000 2251.7051   20.1958
    7.5000  -30.0000   22.5000 2222.3542   20.3856
   -7.5000  -22.5000   22.5000 2379.9214   17.9455
    0.0000  -22.5000   22.5000 2400.0059   17.5932
    7.5000  -22.5000   22.5000 2372.7896   17.8259
   -7.5000  -15.0000   22.5000 2513.5161   15.9679
    0.0000  -15.0000   22.5000 2528.4153   15.6103
    7.5000  -15.0000   22.5000 2503.2510   15.8818
   -7.5000   -7.5000   22.5000 2639.8198   14.4775
    0.0000   -7.5000   22.5000 2649.7063   14.1359
    7.5000   -7.5000   22.5000 2627.2529   14.4056
   -7.5000    0.0000   22.5000 2757.9143   13.4155
    0.0000    0.0000   22.5000 2760.7590   13.0755
    7.5000    0.0000   22.5000 2738.5403   13.3497
   -7.5000    7.5000   22.5000 2863.7400   12.7562
    0.0000    7.5000   22.5000 2875.9558   12.4256
    7.5000    7.5000   22.5000 2842.0049   12.6535
   -7.5000   15.0000   22.5000 2946.7395   12.3433
    0.0000   15.0000   22.5000 2973.5327   12.0022
    7.5000   15.0000   22.5000 2910.0193   12.2337
   -7.5000   22.5000   22.5000 2996.2253   12.1905
    0.0000   22.5000   22.5000 3015.1240   11.8677
    7.5000   22.5000   22.5000 2944.2825   12.0998
   -7.5000   30.0000   22.5000 2970.7046   12.4376
    0.0000   30.0000   22.5000 2993.7722   12.2355
    7.5000   30.0000   22.5000 2935.4595   12.3719
   -7.5000   37.5000   22.5000 2889.6516   13.0207
    0.0000   37.5000   22.5000 2918.1663   12.8551
    7.5000   37.5000   22.5000 2871.4333   13.0051
   -7.5000   45.0000   22.5000 2777.3340   13.8721
    0.0000   45.0000   22.5000 2804.5693   13.7303
    7.5000   45.0000   22.5000 2764.7327   13.8778
   -7.5000  -45.0000   30.0000 1890.8253   28.8638
    0.0000  -45.0000   30.0000 1894.9686   28.5082
    7.5000  -45.0000   30.0000 1879.0323   28.5743
   -7.5000  -37.5000   30.0000 2060.1021   24.3630
    0.0000  -37.5000   30.0000 2068.2393   23.9567
    7.5000  -37.5000   30.0000 2049.0286   24.1038
   -7.5000  -30.0000   30.0000 2214.1707   20.8980
    0.0000  -30.0000   30.0000 2224.2163   20.4743
    7.5000  -30.0000   30.0000 2205.4495   20.6695
   -7.5000  -22.5000   30.0000 2366.0466   18.1961
    0.0000  -22.5000   30.0000 2384.2791   17.8619
    7.5000  -22.5000   30.0000 2360.3281   18.0634
   -7.5000  -15.0000   30.0000 2497.5632   16.2274
    0.0000  -15.0000   30.0000 2517.5725   15.9165
    7.5000  -15.0000   30.0000 2489.6470   16.0904
   -7.5000   -7.5000   30.0000 2626.5840   14.7866
    0.0000   -7.5000   30.0000 2646.3906   14.4967
    7.5000   -7.5000   30.0000 2616.1973   14.6874
   -7.5000    0.0000   30.0000 2748.8167   13.7650
    0.0000    0.0000   30.0000 2763.2932   13.4660
    7.5000    0.0000   30.0000 2728.6643   13.6434
   -7.5000    7.5000   30.0000 2854.3582   13.0580
    0.0000    7.5000   30.0000 2871.9065   12.7719
    7.5000    7.5000   30.0000 2827.6956   12.9256
   -7.5000   15.0000   30.0000 2922.2068   12.6053
    0.0000   15.0000   30.0000 2939.2927   12.3127
    7.5000   15.0000   30.0000 2888.2727   12.5094
   -7.5000   22.5000   30.0000 2957.8123   12.4762
    0.0000   22.5000   30.0000 2974.6274   12.2862
    7.5000   22.5000   30.0000 2921.2791   12.3899
   -7.5000   30.0000   30.0000 2933.3633   12.7462
    0.0000   30.0000   30.0000 2959.7329   12.5976
    7.5000   30.0000   30.0000 2907.7097   12.6574
   -7.5000   37.5000   30.0000 2861.0481   13.3441
    0.0000   37.5000   30.0000 2886.1091   13.2066
    7.5000   37.5000   30.0000 2842.1204   13.2762
   -7.5000   45.0000   30.0000 2753.1870   14.1731
    0.0000   45.0000   30.0000 2774.3809   14.0402
    7.5000   45.0000   30.0000 2739.0266   14.1545
   -7.5000  -45.0000   37.5000 1863.8922   29.5870
    0.0000  -45.0000   37.5000 1873.7574   29.2039
    7.5000  -45.0000   37.5000 1854.6694   29.4444
   -7.5000  -37.5000   37.5000 2037.0504   24.9639
    0.0000  -37.5000   37.5000 2044.4547   24.6153
    7.5000  -37.5000   37.5000 2024.1028   24.7811
   -7.5000  -30.0000   37.5000 2188.6204   21.4266
    0.0000  -30.0000   37.5000 2200.4150   21.1356
    7.5000  -30.0000   37.5000 2180.6521   21.3043
   -7.5000  -22.5000   37.5000 2342.9910   18.7597
    0.0000  -22.5000   37.5000 2358.8201   18.4891
    7.5000  -22.5000   37.5000 2332.0347   18.6472
   -7.5000  -15.0000   37.5000 2478.9751   16.7687
    0.0000  -15.0000   37.5000 2498.6257   16.4933
    7.5000  -15.0000   37.5000 2465.3965   16.6894
   -7.5000   -7.5000   37.5000 2609.8232   15.3200
    0.0000   -7.5000   37.5000 2633.7788   15.0208
    7.5000   -7.5000   37.5000 2596.4607   15.2519
   -7.5000    0.0000   37.5000 2726.9609   14.2590
    0.0000    0.0000   37.5000 2748.2222   13.9819
    7.5000    0.0000   37.5000 2712.2942   14.1963
   -7.5000    7.5000   37.5000 2820.4263   13.5207
    0.0000    7.5000   37.5000 2843.3525   13.1981
    7.5000    7.5000   37.5000 2806.8760   13.4640
   -7.5000   15.0000   37.5000 2878.9656   13.0314
    0.0000   15.0000   37.5000 2897.0110   12.7740
    7.5000   15.0000   37.5000 2860.4744   12.9964
   -7.5000   22.5000   37.5000 2899.0786   12.9335
    0.0000   22.5000   37.5000 2919.7004   12.7419
    7.5000   22.5000   37.5000 2884.0359   12.9003
   -7.5000   30.0000   37.5000 2874.1162   13.1825
    0.0000   30.0000   37.5000 2894.6423   13.0020
    7.5000   30.0000   37.5000 2859.5090   13.1045
   -7.5000   37.5000   37.5000 2805.3406   13.7842
    0.0000   37.5000   37.5000 2822.1235   13.6108
    7.5000   37.5000   37.5000 2786.4351   13.6893
   -7.5000   45.0000   37.5000 2701.6663   14.6344
    0.0000   45.0000   37.5000 2719.6313   14.5039
    7.5000   45.0000   37.5000 2685.9158   14.5887
   -7.5000  -45.0000   45.0000 1832.1709   30.3912
    0.0000  -45.0000   45.0000 1842.3132   29.9682
    7.5000  -45.0000   45.0000 1823.7802   30.3319
   -7.5000  -37.5000   45.0000 2003.5406   25.7266
    0.0000  -37.5000   45.0000 2012.1982   25.2782
    7.5000  -37.5000   45.0000 1990.9635   25.5797
   -7.5000  -30.0000   45.0000 2154.4014   22.1755
    0.0000  -30.0000   45.0000 2166.3701   21.8796
    7.5000  -30.0000   45.0000 2147.1150   22.0791
   -7.5000  -22.5000   45.0000 2302.2151   19.4041
    0.0000  -22.5000   45.0000 2323.0913   19.1454
    7.5000  -22.5000   45.0000 2295.9736   19.3898
   -7.5000  -15.0000   45.0000 2440.8279   17.3927
    0.0000  -15.0000   45.0000 2464.2822   17.1275
    7.5000  -15.0000   45.0000 2434.4958   17.3860
   -7.5000   -7.5000   45.0000 2574.9790   15.9655
    0.0000   -7.5000   45.0000 2598.9558   15.6987
    7.5000   -7.5000   45.0000 2563.4431   15.9274
   -7.5000    0.0000   45.0000 2686.6902   14.8710
    0.0000    0.0000   45.0000 2708.1907   14.5715
    7.5000    0.0000   45.0000 2675.8784   14.8462
   -7.5000    7.5000   45.0000 2769.5137   14.1015
    0.0000    7.5000   45.0000 2793.9636   13.8063
    7.5000    7.5000   45.0000 2756.8809   14.0878
   -7.5000   15.0000   45.0000 2819.0349   13.6533
    0.0000   15.0000   45.0000 2835.6980   13.4307
    7.5000   15.0000   45.0000 2806.8301   13.6525
   -7.5000   22.5000   45.0000 2824.8542   13.5870
    0.0000   22.5000   45.0000 2849.6838   13.3598
    7.5000   22.5000   45.0000 2813.7642   13.5638
   -7.5000   30.0000   45.0000 2797.4985   13.8132
    0.0000   30.0000   45.0000 2815.5408   13.6134
    7.5000   30.0000   45.0000 2782.0762   13.7636
   -7.5000   37.5000   45.0000 2725.4802   14.3951
    0.0000   37.5000   45.0000 2741.5259   14.1992
    7.5000   37.5000   45.0000 2712.4189   14.3195
   -7.5000   45.0000   45.0000 2631.5071   15.2197
    0.0000   45.0000   45.0000 2648.0374   15.0884
    7.5000   45.0000   45.0000 2622.8618   15.2022

---------------------------------------------------------------------
imgreg_4dfp /opt/freesurfer/average/711-2C_as_mni_average_305 /opt/freesurfer/average/711-2B_as_mni_average_305_mask talsrcimg_g11 none talsrcimg_to_711-2C_as_mni_average_305_t4 1283
---------------------------------------------------------------------

freesurfer imgreg_4dfp.c
/opt/freesurfer/average/711-2C_as_mni_average_305.4dfp.img
       256       256       256         1
  1.000000  1.000000  1.000000
orientation T byte_order littleendian
Reading image: /opt/freesurfer/average/711-2C_as_mni_average_305.4dfp.img
dimensions:      256       256       256
mmppix:       1.0000   -1.0000   -1.0000
center:     128.0000 -129.0000 -129.0000
/opt/freesurfer/average/711-2B_as_mni_average_305_mask.4dfp.img
       256       256       256         1
  1.000000  1.000000  1.000000
orientation T byte_order littleendian
Reading mask: /opt/freesurfer/average/711-2B_as_mni_average_305_mask.4dfp.img (2306576 pixels)
talsrcimg_g11.4dfp.img
       256       256       256         1
  1.000000  1.000000  1.000000
orientation T byte_order littleendian
Reading image: talsrcimg_g11.4dfp.img
dimensions:      256       256       256
mmppix:       1.0000   -1.0000   -1.0000
center:     128.0000 -129.0000 -129.0000
rotation matrix determinant  1.000000
fimgreg.f
image alignment mode   1283 decimal      503 hex
parameters
    0.0000   22.5000   22.5000    0.0000    0.0000    0.0000
eta,q 0.94648 11.84687
niter,ni,del,rscale     5    3   12.0000    1.2000
parameter  3  0.762134 ->  0.500000 qaram    1.1500
parameter  5 -0.955609 -> -0.500000 qaram    1.1500
parameters
   -2.4551   24.7584   19.0500    2.6145    3.4500    1.5854
eta,q 0.95172 11.83109
  0.0584  0.0640  0.0525  0.0622  0.0619  0.0551
  0.0563  0.0617  0.0521  0.0597  0.0588  0.0523
  0.0559  0.0593  0.0522  0.0557  0.0557  0.0500
  0.0564  0.0556  0.0532  0.0525  0.0518  0.0487
  0.0602  0.0532  0.0574  0.0516  0.0493  0.0483
  0.0659  0.0545  0.0614  0.0525  0.0486  0.0490
  0.0721  0.0581  0.0633  0.0540  0.0493  0.0508
niter,ni,del,rscale     6    3   12.0000    1.2000
parameters
   -2.2359   23.7115   18.7021    3.0627    3.7389    1.6101
eta,q 0.95258 11.80573
  0.0603  0.0559  0.0562  0.0572  0.0563  0.0523
  0.0546  0.0501  0.0528  0.0523  0.0527  0.0496
  0.0505  0.0472  0.0492  0.0484  0.0489  0.0480
  0.0483  0.0483  0.0474  0.0473  0.0474  0.0474
  0.0497  0.0517  0.0492  0.0485  0.0485  0.0481
  0.0535  0.0563  0.0531  0.0514  0.0510  0.0498
  0.0588  0.0616  0.0590  0.0540  0.0554  0.0520
niter,ni,del,rscale     5    3   12.0000    1.2000
parameters
   -2.1813   23.4329   18.6275    3.2959    3.7345    1.6018
eta,q 0.95260 11.80504
  0.0590  0.0578  0.0570  0.0563  0.0557  0.0522
  0.0534  0.0524  0.0532  0.0517  0.0521  0.0496
  0.0492  0.0480  0.0498  0.0481  0.0485  0.0479
  0.0474  0.0474  0.0473  0.0473  0.0474  0.0474
  0.0491  0.0497  0.0490  0.0489  0.0487  0.0481
  0.0530  0.0540  0.0526  0.0518  0.0515  0.0498
  0.0587  0.0594  0.0583  0.0541  0.0561  0.0520
niter,ni,del,rscale     4    3   12.0000    1.2000
parameters
   -2.1414   23.2830   18.6131    3.4168    3.7033    1.5905
eta,q 0.95259 11.80478
  0.0588  0.0581  0.0573  0.0560  0.0556  0.0522
  0.0533  0.0527  0.0533  0.0513  0.0520  0.0496
  0.0491  0.0483  0.0499  0.0479  0.0485  0.0479
  0.0474  0.0474  0.0474  0.0474  0.0474  0.0474
  0.0491  0.0493  0.0490  0.0492  0.0488  0.0481
  0.0529  0.0535  0.0526  0.0520  0.0515  0.0499
  0.0587  0.0589  0.0582  0.0542  0.0561  0.0520
niter,ni,del,rscale     3    3   12.0000    1.2000
parameters
   -2.1233   23.2028   18.6103    3.4766    3.6860    1.5825
eta,q 0.95258 11.80488
  0.0587  0.0582  0.0574  0.0558  0.0556  0.0522
  0.0533  0.0529  0.0533  0.0512  0.0520  0.0496
  0.0491  0.0485  0.0500  0.0478  0.0485  0.0479
  0.0474  0.0474  0.0474  0.0474  0.0474  0.0474
  0.0491  0.0492  0.0490  0.0493  0.0488  0.0481
  0.0529  0.0533  0.0526  0.0521  0.0514  0.0499
  0.0588  0.0586  0.0582  0.0542  0.0561  0.0520
niter,ni,del,rscale     2    3   12.0000    1.2000
parameters
   -2.1177   23.1619   18.6107    3.5062    3.6788    1.5795
eta,q 0.95257 11.80491
  0.0587  0.0583  0.0574  0.0557  0.0556  0.0522
  0.0533  0.0530  0.0534  0.0511  0.0521  0.0496
  0.0491  0.0486  0.0500  0.0478  0.0485  0.0479
  0.0474  0.0474  0.0474  0.0474  0.0474  0.0474
  0.0491  0.0491  0.0490  0.0494  0.0488  0.0481
  0.0530  0.0531  0.0526  0.0521  0.0514  0.0499
  0.0588  0.0585  0.0582  0.0542  0.0561  0.0520
registration optimization eta report
parameter search radius
    6.0000    6.0000    6.9000    6.0000    6.9000    6.0000
100000*second partial in parameter space
       31.       30.       21.       20.       17.       13.
  0.0587  0.0583  0.0574  0.0557  0.0556  0.0522
  0.0533  0.0530  0.0534  0.0511  0.0521  0.0496
  0.0491  0.0486  0.0500  0.0478  0.0485  0.0479
  0.0474  0.0474  0.0474  0.0474  0.0474  0.0474
  0.0491  0.0491  0.0490  0.0494  0.0488  0.0481
  0.0530  0.0531  0.0526  0.0521  0.0514  0.0499
  0.0588  0.0585  0.0582  0.0542  0.0561  0.0520
   -2.1177   23.1619   18.6107    3.5062    3.6788    1.5795
eta,q 0.95257 11.80491

---------------------------------------------------------------------
imgreg_4dfp /opt/freesurfer/average/711-2C_as_mni_average_305 /opt/freesurfer/average/711-2B_as_mni_average_305_mask talsrcimg_g11 none talsrcimg_to_711-2C_as_mni_average_305_t4 3335
---------------------------------------------------------------------

freesurfer imgreg_4dfp.c
/opt/freesurfer/average/711-2C_as_mni_average_305.4dfp.img
       256       256       256         1
  1.000000  1.000000  1.000000
orientation T byte_order littleendian
Reading image: /opt/freesurfer/average/711-2C_as_mni_average_305.4dfp.img
dimensions:      256       256       256
mmppix:       1.0000   -1.0000   -1.0000
center:     128.0000 -129.0000 -129.0000
/opt/freesurfer/average/711-2B_as_mni_average_305_mask.4dfp.img
       256       256       256         1
  1.000000  1.000000  1.000000
orientation T byte_order littleendian
Reading mask: /opt/freesurfer/average/711-2B_as_mni_average_305_mask.4dfp.img (2306576 pixels)
talsrcimg_g11.4dfp.img
       256       256       256         1
  1.000000  1.000000  1.000000
orientation T byte_order littleendian
Reading image: talsrcimg_g11.4dfp.img
dimensions:      256       256       256
mmppix:       1.0000   -1.0000   -1.0000
center:     128.0000 -129.0000 -129.0000
fimgreg.f
image alignment mode   3335 decimal      D07 hex
parameters
   -2.1177   23.1619   18.6107   -0.2440   -0.2359   -0.3929
   -3.1435   -6.2332    2.7508   -6.2899    6.4163    6.1031
eta,q 0.95268 11.77048
niter,ni,del,rscale     5    3    5.0000    1.2000
parameter  3 -0.559636 -> -0.500000 qaram    1.1500
parameter  4  3.539371 ->  0.500000 qaram    1.1500
parameter  5  5.094282 ->  0.500000 qaram    1.1500
parameter  6  0.947974 ->  0.500000 qaram    1.1500
parameter  8 -0.619096 -> -0.500000 qaram    1.1500
parameters
   -2.1157   23.0076   19.9907   -4.3840   -4.3759   -4.5329
   -0.2821   -2.0932    4.1449   -5.8224    6.2395    4.4463
eta,q 0.97109 11.55016
  0.0491  0.0483  0.0500  0.0381  0.0320  0.0324  0.0362  0.0420  0.0320  0.0337  0.0312  0.0298
  0.0482  0.0478  0.0490  0.0404  0.0347  0.0318  0.0343  0.0383  0.0307  0.0314  0.0299  0.0292
  0.0476  0.0474  0.0480  0.0434  0.0378  0.0327  0.0328  0.0347  0.0297  0.0298  0.0292  0.0289
  0.0473  0.0473  0.0473  0.0469  0.0411  0.0355  0.0319  0.0315  0.0291  0.0290  0.0290  0.0290
  0.0474  0.0475  0.0469  0.0504  0.0444  0.0399  0.0315  0.0294  0.0290  0.0293  0.0293  0.0293
  0.0481  0.0479  0.0469  0.0541  0.0479  0.0437  0.0317  0.0292  0.0295  0.0307  0.0301  0.0301
  0.0492  0.0487  0.0472  0.0583  0.0521  0.0476  0.0324  0.0308  0.0304  0.0327  0.0314  0.0313
niter,ni,del,rscale     7    3    5.0000    1.2000
parameter  4  0.669329 ->  0.500000 qaram    1.3225
parameter  5  1.465812 ->  0.500000 qaram    1.3225
parameters
   -2.4092   22.6650   19.1909   -9.1450   -9.1369   -5.0912
   -1.0338   -2.4823    4.7523   -4.9803    6.6450    6.0203
eta,q 0.97746 11.30762
  0.0319  0.0305  0.0302  0.0270  0.0215  0.0283  0.0251  0.0295  0.0256  0.0276  0.0243  0.0247
  0.0301  0.0294  0.0290  0.0262  0.0222  0.0264  0.0238  0.0257  0.0242  0.0253  0.0235  0.0238
  0.0291  0.0289  0.0285  0.0266  0.0238  0.0245  0.0230  0.0234  0.0232  0.0237  0.0229  0.0231
  0.0289  0.0289  0.0288  0.0285  0.0262  0.0226  0.0229  0.0228  0.0228  0.0228  0.0227  0.0227
  0.0297  0.0294  0.0299  0.0319  0.0293  0.0229  0.0234  0.0241  0.0229  0.0228  0.0228  0.0225
  0.0314  0.0303  0.0316  0.0362  0.0326  0.0267  0.0246  0.0268  0.0236  0.0239  0.0232  0.0228
  0.0338  0.0317  0.0338  0.0408  0.0361  0.0317  0.0263  0.0306  0.0248  0.0259  0.0240  0.0236
niter,ni,del,rscale     7    3    5.0000    1.2000
parameter  5  0.509406 ->  0.500000 qaram    1.5209
parameters
   -2.3379   22.5860   19.1266  -10.0280  -14.6120   -5.0671
   -0.7861   -2.6950    5.1803   -4.4230    6.8190    7.8131
eta,q 0.97863 11.08529
  0.0267  0.0251  0.0254  0.0267  0.0228  0.0268  0.0244  0.0280  0.0238  0.0254  0.0228  0.0233
  0.0245  0.0236  0.0238  0.0249  0.0217  0.0252  0.0230  0.0244  0.0227  0.0235  0.0221  0.0226
  0.0231  0.0227  0.0228  0.0236  0.0216  0.0235  0.0220  0.0221  0.0219  0.0222  0.0217  0.0219
  0.0225  0.0225  0.0225  0.0225  0.0227  0.0216  0.0216  0.0216  0.0216  0.0216  0.0215  0.0215
  0.0229  0.0229  0.0230  0.0230  0.0249  0.0212  0.0218  0.0225  0.0217  0.0217  0.0216  0.0214
  0.0242  0.0239  0.0240  0.0255  0.0283  0.0239  0.0227  0.0250  0.0223  0.0227  0.0220  0.0216
  0.0262  0.0254  0.0256  0.0297  0.0319  0.0283  0.0241  0.0286  0.0234  0.0245  0.0227  0.0222
niter,ni,del,rscale     7    3    5.0000    1.2000
parameters
   -2.2916   22.5865   19.5030   -9.1421  -15.0724   -5.2964
   -0.9946   -2.6470    5.0703   -4.5436    6.8934    8.3149
eta,q 0.97878 11.09534
  0.0251  0.0242  0.0249  0.0263  0.0263  0.0265  0.0240  0.0283  0.0233  0.0245  0.0226  0.0228
  0.0231  0.0226  0.0231  0.0243  0.0239  0.0248  0.0225  0.0246  0.0222  0.0228  0.0219  0.0221
  0.0219  0.0216  0.0219  0.0227  0.0220  0.0230  0.0215  0.0220  0.0215  0.0217  0.0214  0.0215
  0.0214  0.0214  0.0214  0.0213  0.0211  0.0211  0.0212  0.0212  0.0212  0.0212  0.0212  0.0212
  0.0217  0.0217  0.0215  0.0209  0.0217  0.0210  0.0216  0.0220  0.0215  0.0216  0.0214  0.0213
  0.0229  0.0227  0.0222  0.0223  0.0240  0.0241  0.0227  0.0245  0.0223  0.0229  0.0218  0.0217
  0.0249  0.0241  0.0234  0.0256  0.0278  0.0288  0.0243  0.0281  0.0234  0.0248  0.0226  0.0225
niter,ni,del,rscale     6    3    5.0000    1.2000
parameters
   -2.3034   22.4847   19.5445   -9.0453  -15.1304   -5.3925
   -0.9943   -2.6442    5.0357   -4.6714    6.9770    8.5568
eta,q 0.97876 11.09615
  0.0249  0.0238  0.0240  0.0258  0.0267  0.0266  0.0241  0.0283  0.0234  0.0245  0.0227  0.0227
  0.0229  0.0223  0.0224  0.0239  0.0242  0.0249  0.0226  0.0245  0.0222  0.0228  0.0219  0.0221
  0.0217  0.0214  0.0215  0.0225  0.0223  0.0231  0.0216  0.0220  0.0215  0.0217  0.0214  0.0215
  0.0212  0.0212  0.0212  0.0212  0.0212  0.0212  0.0212  0.0212  0.0212  0.0212  0.0213  0.0213
  0.0216  0.0217  0.0215  0.0212  0.0216  0.0209  0.0216  0.0221  0.0215  0.0216  0.0214  0.0213
  0.0229  0.0227  0.0224  0.0230  0.0238  0.0238  0.0226  0.0245  0.0223  0.0229  0.0218  0.0218
  0.0250  0.0242  0.0238  0.0266  0.0274  0.0286  0.0242  0.0282  0.0234  0.0249  0.0226  0.0227
niter,ni,del,rscale     5    3    5.0000    1.2000
parameters
   -2.3049   22.4502   19.5480   -9.0236  -15.1339   -5.4380
   -1.0004   -2.6477    5.0101   -4.7316    7.0118    8.6402
eta,q 0.97874 11.09639
  0.0250  0.0240  0.0239  0.0258  0.0268  0.0267  0.0242  0.0283  0.0234  0.0246  0.0227  0.0227
  0.0230  0.0224  0.0224  0.0239  0.0243  0.0250  0.0226  0.0245  0.0223  0.0229  0.0219  0.0220
  0.0217  0.0215  0.0215  0.0225  0.0223  0.0232  0.0216  0.0220  0.0215  0.0218  0.0214  0.0215
  0.0212  0.0212  0.0212  0.0212  0.0212  0.0212  0.0213  0.0213  0.0213  0.0213  0.0213  0.0213
  0.0217  0.0216  0.0216  0.0212  0.0217  0.0209  0.0216  0.0221  0.0215  0.0216  0.0214  0.0214
  0.0229  0.0226  0.0225  0.0231  0.0238  0.0237  0.0226  0.0246  0.0223  0.0229  0.0219  0.0218
  0.0250  0.0240  0.0238  0.0267  0.0274  0.0285  0.0242  0.0282  0.0235  0.0249  0.0227  0.0228
niter,ni,del,rscale     4    3    5.0000    1.2000
parameters
   -2.3045   22.4354   19.5458   -9.0150  -15.1306   -5.4567
   -0.9951   -2.6486    4.9959   -4.7525    7.0395    8.6736
eta,q 0.97873 11.09655
  0.0250  0.0240  0.0239  0.0258  0.0268  0.0267  0.0242  0.0283  0.0234  0.0247  0.0227  0.0227
  0.0230  0.0225  0.0224  0.0240  0.0243  0.0250  0.0226  0.0245  0.0223  0.0229  0.0219  0.0220
  0.0217  0.0215  0.0215  0.0225  0.0224  0.0232  0.0216  0.0220  0.0215  0.0218  0.0215  0.0215
  0.0213  0.0213  0.0213  0.0213  0.0213  0.0213  0.0213  0.0213  0.0213  0.0213  0.0213  0.0213
  0.0217  0.0216  0.0216  0.0213  0.0217  0.0208  0.0216  0.0221  0.0215  0.0216  0.0214  0.0214
  0.0230  0.0226  0.0225  0.0232  0.0238  0.0236  0.0226  0.0246  0.0223  0.0229  0.0219  0.0219
  0.0250  0.0240  0.0238  0.0267  0.0274  0.0285  0.0242  0.0282  0.0235  0.0248  0.0227  0.0228
registration optimization eta report
parameter search radius
    2.4000    2.4000    2.7600    9.5220   10.9503    8.2800
    7.2000    8.2800    7.2000    7.2000    7.2000    7.2000
100000*second partial in parameter space
       65.       48.       34.        6.        5.        9.
        6.       10.        4.        7.        3.        3.
  0.0250  0.0240  0.0239  0.0258  0.0268  0.0267  0.0242  0.0283  0.0234  0.0247  0.0227  0.0227
  0.0230  0.0225  0.0224  0.0240  0.0243  0.0250  0.0226  0.0245  0.0223  0.0229  0.0219  0.0220
  0.0217  0.0215  0.0215  0.0225  0.0224  0.0232  0.0216  0.0220  0.0215  0.0218  0.0215  0.0215
  0.0213  0.0213  0.0213  0.0213  0.0213  0.0213  0.0213  0.0213  0.0213  0.0213  0.0213  0.0213
  0.0217  0.0216  0.0216  0.0213  0.0217  0.0208  0.0216  0.0221  0.0215  0.0216  0.0214  0.0214
  0.0230  0.0226  0.0225  0.0232  0.0238  0.0236  0.0226  0.0246  0.0223  0.0229  0.0219  0.0219
  0.0250  0.0240  0.0238  0.0267  0.0274  0.0285  0.0242  0.0282  0.0235  0.0248  0.0227  0.0228
   -2.3045   22.4354   19.5458   -9.0150  -15.1306   -5.4567
   -0.9951   -2.6486    4.9959   -4.7525    7.0395    8.6736
eta,q 0.97873 11.09655

---------------------------------------------------------------------
imgreg_4dfp /opt/freesurfer/average/711-2C_as_mni_average_305 /opt/freesurfer/average/711-2B_as_mni_average_305_mask talsrcimg_g11 none talsrcimg_to_711-2C_as_mni_average_305_t4 2311
---------------------------------------------------------------------

freesurfer imgreg_4dfp.c
/opt/freesurfer/average/711-2C_as_mni_average_305.4dfp.img
       256       256       256         1
  1.000000  1.000000  1.000000
orientation T byte_order littleendian
Reading image: /opt/freesurfer/average/711-2C_as_mni_average_305.4dfp.img
dimensions:      256       256       256
mmppix:       1.0000   -1.0000   -1.0000
center:     128.0000 -129.0000 -129.0000
/opt/freesurfer/average/711-2B_as_mni_average_305_mask.4dfp.img
       256       256       256         1
  1.000000  1.000000  1.000000
orientation T byte_order littleendian
Reading mask: /opt/freesurfer/average/711-2B_as_mni_average_305_mask.4dfp.img (2306576 pixels)
talsrcimg_g11.4dfp.img
       256       256       256         1
  1.000000  1.000000  1.000000
orientation T byte_order littleendian
Reading image: talsrcimg_g11.4dfp.img
dimensions:      256       256       256
mmppix:       1.0000   -1.0000   -1.0000
center:     128.0000 -129.0000 -129.0000
fimgreg.f
image alignment mode   2311 decimal      907 hex
parameters
   -2.3045   22.4354   19.5458   -9.0150  -15.1306   -5.4567
   -0.9951   -2.6486    4.9959   -4.7525    7.0395    8.6736
eta,q 0.97873 11.09656
niter,ni,del,rscale     5    3    5.0000    0.8000
parameters
   -2.2955   22.3964   19.4897   -7.6618  -14.6171   -4.4538
   -1.1798   -2.6199    4.8779   -5.0847    6.8055    7.8031
eta,q 0.97943 11.17215
  0.0230  0.0225  0.0221  0.0232  0.0227  0.0244  0.0220  0.0239  0.0216  0.0222  0.0215  0.0211
  0.0221  0.0218  0.0216  0.0225  0.0219  0.0233  0.0212  0.0221  0.0211  0.0213  0.0210  0.0208
  0.0215  0.0214  0.0213  0.0218  0.0214  0.0221  0.0207  0.0210  0.0207  0.0208  0.0207  0.0206
  0.0213  0.0213  0.0213  0.0213  0.0211  0.0210  0.0206  0.0206  0.0206  0.0206  0.0206  0.0206
  0.0215  0.0214  0.0214  0.0210  0.0211  0.0205  0.0208  0.0210  0.0207  0.0209  0.0207  0.0208
  0.0220  0.0219  0.0217  0.0213  0.0214  0.0212  0.0214  0.0221  0.0211  0.0216  0.0211  0.0211
  0.0230  0.0226  0.0222  0.0220  0.0222  0.0229  0.0222  0.0237  0.0217  0.0228  0.0216  0.0217
niter,ni,del,rscale     4    3    5.0000    0.7000
parameters
   -2.3502   22.3827   19.6558   -7.8797  -14.5278   -4.0073
   -1.0958   -2.6557    4.9615   -5.0307    6.5941    7.4744
eta,q 0.97958 11.17703
  0.0219  0.0216  0.0217  0.0218  0.0217  0.0234  0.0216  0.0229  0.0213  0.0219  0.0211  0.0209
  0.0211  0.0210  0.0211  0.0212  0.0211  0.0224  0.0210  0.0215  0.0208  0.0211  0.0207  0.0207
  0.0207  0.0207  0.0207  0.0207  0.0207  0.0214  0.0206  0.0207  0.0205  0.0206  0.0205  0.0205
  0.0206  0.0206  0.0206  0.0206  0.0206  0.0206  0.0204  0.0204  0.0204  0.0204  0.0204  0.0204
  0.0208  0.0207  0.0206  0.0207  0.0206  0.0205  0.0205  0.0207  0.0205  0.0206  0.0205  0.0205
  0.0213  0.0210  0.0208  0.0213  0.0210  0.0212  0.0209  0.0216  0.0208  0.0210  0.0208  0.0208
  0.0221  0.0216  0.0213  0.0223  0.0216  0.0228  0.0215  0.0230  0.0212  0.0219  0.0212  0.0212
niter,ni,del,rscale     3    3    5.0000    0.6000
parameters
   -2.3633   22.3776   19.7629   -7.9145  -14.5619   -3.7369
   -1.0827   -2.6437    5.0278   -5.0160    6.4678    7.3187
eta,q 0.97963 11.17833
  0.0215  0.0212  0.0213  0.0215  0.0212  0.0228  0.0212  0.0223  0.0210  0.0215  0.0209  0.0208
  0.0209  0.0207  0.0208  0.0210  0.0208  0.0219  0.0208  0.0212  0.0207  0.0209  0.0206  0.0206
  0.0205  0.0205  0.0205  0.0206  0.0205  0.0210  0.0205  0.0206  0.0205  0.0205  0.0204  0.0204
  0.0204  0.0204  0.0204  0.0204  0.0204  0.0204  0.0204  0.0204  0.0204  0.0204  0.0204  0.0204
  0.0206  0.0205  0.0205  0.0205  0.0205  0.0205  0.0205  0.0206  0.0204  0.0205  0.0204  0.0204
  0.0209  0.0208  0.0207  0.0209  0.0208  0.0211  0.0207  0.0212  0.0206  0.0208  0.0206  0.0206
  0.0215  0.0212  0.0210  0.0216  0.0213  0.0224  0.0212  0.0223  0.0210  0.0215  0.0210  0.0209
niter,ni,del,rscale     2    3    5.0000    0.5000
parameters
   -2.3686   22.3664   19.8339   -7.9083  -14.5831   -3.5488
   -1.0860   -2.6309    5.0721   -5.0146    6.3765    7.2124
eta,q 0.97966 11.17992
  0.0211  0.0209  0.0209  0.0212  0.0209  0.0221  0.0209  0.0217  0.0208  0.0211  0.0207  0.0206
  0.0207  0.0206  0.0206  0.0208  0.0206  0.0214  0.0206  0.0210  0.0205  0.0207  0.0205  0.0205
  0.0204  0.0204  0.0204  0.0205  0.0204  0.0207  0.0204  0.0205  0.0204  0.0204  0.0204  0.0204
  0.0204  0.0204  0.0204  0.0204  0.0204  0.0204  0.0203  0.0203  0.0203  0.0203  0.0203  0.0203
  0.0205  0.0204  0.0204  0.0204  0.0204  0.0204  0.0204  0.0205  0.0204  0.0204  0.0204  0.0204
  0.0207  0.0206  0.0205  0.0207  0.0206  0.0210  0.0206  0.0209  0.0205  0.0207  0.0205  0.0205
  0.0211  0.0209  0.0208  0.0212  0.0209  0.0219  0.0209  0.0217  0.0208  0.0211  0.0208  0.0207
niter,ni,del,rscale     1    3    5.0000    0.4000
parameters
   -2.3757   22.3552   19.8860   -7.9033  -14.5951   -3.4136
   -1.0988   -2.6110    5.1188   -5.0124    6.2975    7.1563
eta,q 0.97967 11.18132
  0.0208  0.0207  0.0207  0.0209  0.0207  0.0216  0.0207  0.0212  0.0206  0.0208  0.0206  0.0205
  0.0206  0.0205  0.0205  0.0206  0.0205  0.0210  0.0205  0.0207  0.0205  0.0206  0.0204  0.0204
  0.0204  0.0204  0.0204  0.0204  0.0204  0.0206  0.0204  0.0204  0.0204  0.0204  0.0204  0.0204
  0.0203  0.0203  0.0203  0.0203  0.0203  0.0203  0.0203  0.0203  0.0203  0.0203  0.0203  0.0203
  0.0204  0.0204  0.0204  0.0204  0.0204  0.0204  0.0204  0.0204  0.0204  0.0204  0.0204  0.0204
  0.0206  0.0205  0.0205  0.0206  0.0205  0.0208  0.0205  0.0207  0.0204  0.0205  0.0205  0.0204
  0.0208  0.0207  0.0206  0.0209  0.0207  0.0214  0.0207  0.0212  0.0206  0.0208  0.0206  0.0206
registration optimization eta report
parameter search radius
    0.8000    0.8000    0.8000    2.4000    2.4000    2.4000
    2.4000    2.4000    2.4000    2.4000    2.4000    2.4000
100000*second partial in parameter space
       77.       53.       52.        9.        6.       20.
        7.       15.        5.        9.        4.        4.
  0.0208  0.0207  0.0207  0.0209  0.0207  0.0216  0.0207  0.0212  0.0206  0.0208  0.0206  0.0205
  0.0206  0.0205  0.0205  0.0206  0.0205  0.0210  0.0205  0.0207  0.0205  0.0206  0.0204  0.0204
  0.0204  0.0204  0.0204  0.0204  0.0204  0.0206  0.0204  0.0204  0.0204  0.0204  0.0204  0.0204
  0.0203  0.0203  0.0203  0.0203  0.0203  0.0203  0.0203  0.0203  0.0203  0.0203  0.0203  0.0203
  0.0204  0.0204  0.0204  0.0204  0.0204  0.0204  0.0204  0.0204  0.0204  0.0204  0.0204  0.0204
  0.0206  0.0205  0.0205  0.0206  0.0205  0.0208  0.0205  0.0207  0.0204  0.0205  0.0205  0.0204
  0.0208  0.0207  0.0206  0.0209  0.0207  0.0214  0.0207  0.0212  0.0206  0.0208  0.0206  0.0206
   -2.3757   22.3552   19.8860   -7.9033  -14.5951   -3.4136
   -1.0988   -2.6110    5.1188   -5.0124    6.2975    7.1563
eta,q 0.97967 11.18132

---------------------------------------------------------------------
imgreg_4dfp /opt/freesurfer/average/711-2C_as_mni_average_305 /opt/freesurfer/average/711-2B_as_mni_average_305_mask talsrcimg_g11 none talsrcimg_to_711-2C_as_mni_average_305_t4 2311
---------------------------------------------------------------------

freesurfer imgreg_4dfp.c
/opt/freesurfer/average/711-2C_as_mni_average_305.4dfp.img
       256       256       256         1
  1.000000  1.000000  1.000000
orientation T byte_order littleendian
Reading image: /opt/freesurfer/average/711-2C_as_mni_average_305.4dfp.img
dimensions:      256       256       256
mmppix:       1.0000   -1.0000   -1.0000
center:     128.0000 -129.0000 -129.0000
/opt/freesurfer/average/711-2B_as_mni_average_305_mask.4dfp.img
       256       256       256         1
  1.000000  1.000000  1.000000
orientation T byte_order littleendian
Reading mask: /opt/freesurfer/average/711-2B_as_mni_average_305_mask.4dfp.img (2306576 pixels)
talsrcimg_g11.4dfp.img
       256       256       256         1
  1.000000  1.000000  1.000000
orientation T byte_order littleendian
Reading image: talsrcimg_g11.4dfp.img
dimensions:      256       256       256
mmppix:       1.0000   -1.0000   -1.0000
center:     128.0000 -129.0000 -129.0000
fimgreg.f
image alignment mode   2311 decimal      907 hex
parameters
   -2.3757   22.3552   19.8860   -7.9033  -14.5952   -3.4136
   -1.0988   -2.6110    5.1188   -5.0124    6.2975    7.1563
eta,q 0.97967 11.18132
niter,ni,del,rscale     5    3    5.0000    0.8000
parameters
   -2.3714   22.3662   19.9064   -8.2675  -14.7307   -3.7963
   -1.0370   -2.6197    5.1196   -4.9690    6.3880    7.4826
eta,q 0.97960 11.16313
  0.0223  0.0217  0.0216  0.0219  0.0216  0.0233  0.0219  0.0235  0.0215  0.0223  0.0213  0.0213
  0.0212  0.0209  0.0209  0.0212  0.0210  0.0222  0.0211  0.0218  0.0209  0.0213  0.0208  0.0209
  0.0206  0.0205  0.0205  0.0206  0.0205  0.0210  0.0206  0.0208  0.0205  0.0207  0.0205  0.0206
  0.0203  0.0203  0.0203  0.0203  0.0203  0.0203  0.0204  0.0204  0.0204  0.0204  0.0204  0.0204
  0.0206  0.0205  0.0205  0.0206  0.0205  0.0208  0.0206  0.0208  0.0205  0.0206  0.0205  0.0204
  0.0212  0.0209  0.0209  0.0214  0.0210  0.0224  0.0210  0.0219  0.0209  0.0212  0.0208  0.0207
  0.0223  0.0216  0.0216  0.0227  0.0219  0.0251  0.0218  0.0235  0.0215  0.0223  0.0213  0.0211
niter,ni,del,rscale     4    3    5.0000    0.7000
parameters
   -2.3515   22.3532   19.8263   -8.0695  -14.6761   -3.8141
   -1.0804   -2.6058    5.0986   -5.0145    6.4260    7.4736
eta,q 0.97962 11.16984
  0.0219  0.0214  0.0213  0.0219  0.0215  0.0231  0.0215  0.0229  0.0212  0.0218  0.0211  0.0210
  0.0211  0.0208  0.0208  0.0212  0.0209  0.0220  0.0209  0.0215  0.0208  0.0211  0.0207  0.0207
  0.0206  0.0205  0.0205  0.0207  0.0205  0.0210  0.0205  0.0207  0.0205  0.0206  0.0205  0.0205
  0.0204  0.0204  0.0204  0.0204  0.0204  0.0204  0.0204  0.0204  0.0204  0.0204  0.0204  0.0204
  0.0206  0.0205  0.0205  0.0205  0.0205  0.0206  0.0205  0.0207  0.0205  0.0205  0.0205  0.0204
  0.0210  0.0209  0.0209  0.0209  0.0208  0.0216  0.0209  0.0215  0.0208  0.0211  0.0207  0.0207
  0.0218  0.0214  0.0215  0.0218  0.0215  0.0236  0.0215  0.0228  0.0212  0.0219  0.0211  0.0210
niter,ni,del,rscale     3    3    5.0000    0.6000
parameters
   -2.3558   22.3539   19.8208   -7.9586  -14.6298   -3.6850
   -1.1024   -2.6121    5.0938   -5.0337    6.4036    7.3533
eta,q 0.97964 11.17572
  0.0215  0.0211  0.0211  0.0215  0.0212  0.0226  0.0212  0.0223  0.0210  0.0214  0.0209  0.0208
  0.0209  0.0207  0.0207  0.0210  0.0208  0.0217  0.0207  0.0212  0.0206  0.0209  0.0206  0.0206
  0.0205  0.0205  0.0205  0.0206  0.0205  0.0209  0.0204  0.0206  0.0204  0.0205  0.0204  0.0204
  0.0204  0.0204  0.0204  0.0204  0.0204  0.0204  0.0204  0.0204  0.0204  0.0204  0.0204  0.0204
  0.0205  0.0205  0.0205  0.0205  0.0204  0.0205  0.0205  0.0206  0.0204  0.0205  0.0204  0.0204
  0.0209  0.0207  0.0207  0.0208  0.0207  0.0212  0.0207  0.0212  0.0206  0.0208  0.0206  0.0206
  0.0215  0.0211  0.0211  0.0215  0.0212  0.0226  0.0212  0.0223  0.0210  0.0215  0.0209  0.0209
niter,ni,del,rscale     2    3    5.0000    0.5000
parameters
   -2.3645   22.3512   19.8550   -7.9153  -14.6059   -3.5341
   -1.0982   -2.6156    5.0914   -5.0299    6.3555    7.2405
eta,q 0.97966 11.17937
  0.0211  0.0209  0.0209  0.0212  0.0209  0.0221  0.0209  0.0217  0.0208  0.0211  0.0207  0.0206
  0.0207  0.0206  0.0206  0.0208  0.0206  0.0214  0.0206  0.0210  0.0205  0.0207  0.0205  0.0205
  0.0204  0.0204  0.0204  0.0205  0.0204  0.0207  0.0204  0.0205  0.0204  0.0204  0.0204  0.0204
  0.0204  0.0204  0.0204  0.0204  0.0204  0.0204  0.0203  0.0203  0.0203  0.0203  0.0203  0.0203
  0.0205  0.0204  0.0204  0.0204  0.0204  0.0205  0.0204  0.0205  0.0204  0.0204  0.0204  0.0204
  0.0207  0.0206  0.0206  0.0207  0.0206  0.0210  0.0206  0.0209  0.0205  0.0207  0.0205  0.0205
  0.0211  0.0209  0.0208  0.0212  0.0209  0.0219  0.0209  0.0217  0.0208  0.0211  0.0207  0.0207
niter,ni,del,rscale     1    3    5.0000    0.4000
parameters
   -2.3716   22.3487   19.8897   -7.9066  -14.5998   -3.4147
   -1.0929   -2.6054    5.1255   -5.0215    6.2916    7.1557
eta,q 0.97967 11.18110
  0.0208  0.0207  0.0207  0.0209  0.0207  0.0216  0.0207  0.0212  0.0206  0.0208  0.0206  0.0205
  0.0206  0.0205  0.0205  0.0206  0.0205  0.0210  0.0205  0.0207  0.0205  0.0206  0.0204  0.0204
  0.0204  0.0204  0.0204  0.0204  0.0204  0.0206  0.0204  0.0204  0.0204  0.0204  0.0204  0.0204
  0.0203  0.0203  0.0203  0.0203  0.0203  0.0203  0.0203  0.0203  0.0203  0.0203  0.0203  0.0203
  0.0204  0.0204  0.0204  0.0204  0.0204  0.0204  0.0204  0.0204  0.0204  0.0204  0.0204  0.0204
  0.0206  0.0205  0.0205  0.0206  0.0205  0.0208  0.0205  0.0207  0.0204  0.0205  0.0205  0.0204
  0.0208  0.0207  0.0206  0.0209  0.0207  0.0214  0.0207  0.0212  0.0206  0.0208  0.0206  0.0206
registration optimization eta report
parameter search radius
    0.8000    0.8000    0.8000    2.4000    2.4000    2.4000
    2.4000    2.4000    2.4000    2.4000    2.4000    2.4000
100000*second partial in parameter space
       78.       53.       53.        9.        6.       20.
        7.       15.        5.        9.        4.        4.
  0.0208  0.0207  0.0207  0.0209  0.0207  0.0216  0.0207  0.0212  0.0206  0.0208  0.0206  0.0205
  0.0206  0.0205  0.0205  0.0206  0.0205  0.0210  0.0205  0.0207  0.0205  0.0206  0.0204  0.0204
  0.0204  0.0204  0.0204  0.0204  0.0204  0.0206  0.0204  0.0204  0.0204  0.0204  0.0204  0.0204
  0.0203  0.0203  0.0203  0.0203  0.0203  0.0203  0.0203  0.0203  0.0203  0.0203  0.0203  0.0203
  0.0204  0.0204  0.0204  0.0204  0.0204  0.0204  0.0204  0.0204  0.0204  0.0204  0.0204  0.0204
  0.0206  0.0205  0.0205  0.0206  0.0205  0.0208  0.0205  0.0207  0.0204  0.0205  0.0205  0.0204
  0.0208  0.0207  0.0206  0.0209  0.0207  0.0214  0.0207  0.0212  0.0206  0.0208  0.0206  0.0206
   -2.3716   22.3487   19.8897   -7.9066  -14.5998   -3.4147
   -1.0929   -2.6054    5.1255   -5.0215    6.2916    7.1557
eta,q 0.97967 11.18110

---------------------------------------------------------------------
compute_vox2vox talsrcimg talsrcimg_to_711-2C_as_mni_average_305_t4 /opt/freesurfer/average/711-2C_as_mni_average_305
---------------------------------------------------------------------

freesurfer compute_vox2vox.c
Reading: talsrcimg.4dfp.ifh
Reading: talsrcimg_to_711-2C_as_mni_average_305_t4
Reading: /opt/freesurfer/average/711-2C_as_mni_average_305.4dfp.ifh
Writing: talsrcimg_to_711-2C_as_mni_average_305_t4_vox2vox.txt

start time Sun Mar 8 22:02:21 CET 2026
end		time Sun Mar 8 22:02:34 CET 2026

mpr2mni305 success

avi2talxfm orig_nu.mgz /opt/freesurfer/average/mni305.cor.mgz talsrcimg_to_711-2C_as_mni_average_305_t4_vox2vox.txt transforms/talairach.auto.xfm
avi2talxfm done
mv -f /out/sourcedata/freesurfer/sub-v1s15x0050217_ses-1/mri/talsrcimg_to_711-2C_as_mni_average_305_t4_vox2vox.txt /out/sourcedata/freesurfer/sub-v1s15x0050217_ses-1/mri/transforms/talsrcimg_to_711-2C_as_mni_average_305_t4_vox2vox.txt
lta_convert --src orig_nu.mgz --trg /opt/freesurfer/average/mni305.cor.mgz --inxfm transforms/talairach.auto.xfm --outlta transforms/talairach.auto.xfm.lta --subject fsaverage
7.3.2

--src: orig_nu.mgz src image (geometry).
--trg: /opt/freesurfer/average/mni305.cor.mgz trg image (geometry).
--inmni: transforms/talairach.auto.xfm input MNI/XFM transform.
--outlta: transforms/talairach.auto.xfm.lta output LTA.
--s: fsaverage subject name
 LTA read, type : 1
 1.08318   0.02981   0.01136  -1.22765;
-0.06546   1.02906  -0.08706  -21.04099;
-0.06886   0.05872   1.16516  -12.49078;
 0.00000   0.00000   0.00000   1.00000;
setting subject to fsaverage
Writing  LTA to file transforms/talairach.auto.xfm.lta...
lta_convert successful.
 
 
Started at Sun Mar 8 22:02:20 CET 2026
Ended   at Sun Mar  8 22:02:35 CET 2026
talairach_avi done
