/out/sourcedata/freesurfer/sub-v1s15x0050209_ses-1/mri
/opt/freesurfer/bin/talairach_avi
--i orig_nu.mgz --xfm transforms/talairach.auto.xfm
talairach_avi 7.3.2
Linux dna030 5.14.0-427.37.1.el9_4.x86_64 #1 SMP PREEMPT_DYNAMIC Fri Sep 13 12:41:50 EDT 2024 x86_64 x86_64 x86_64 GNU/Linux
Sun Mar  8 21:25:54 CET 2026
mri_convert orig_nu.mgz talsrcimg.img 
reading from orig_nu.mgz...
TR=0.00, TE=0.00, TI=0.00, flip angle=0.00
i_ras = (-1, 0, 0)
j_ras = (0, 0, -1)
k_ras = (0, 1, 0)
writing to talsrcimg.img...
Analyze Output Matrix
-1.00000   0.00000   0.00000   130.43719;
 0.00000   0.00000   1.00000  -114.43800;
 0.00000  -1.00000   0.00000   93.40601;
 0.00000   0.00000   0.00000   1.00000;
--------------------
INFO: set hdr.hist.orient to -1
mpr2mni305 talsrcimg
Sun Mar  8 21:25:55 CET 2026
/opt/freesurfer/bin/mpr2mni305 talsrcimg
mpr2mni305 7.3.2
target=711-2C_as_mni_average_305

---------------------------------------------------------------------
analyzeto4dfp talsrcimg -O0 -y
---------------------------------------------------------------------

freesurfer ifh2hdr.c
Sun Mar  8 21:25:55 2026
Writing: talsrcimg.4dfp.hdr
freesurfer analyzeto4dfp.c
Reading: talsrcimg.hdr
header size 348 bytes
hdr.dime.datatype	offset=70	value=2
hdr.dime.bitpix		offset=72	value=8
hdr.hist.orient		offset=252	value=-1
dimensionality     4
dimensions       256       256       256         1
Reading: talsrcimg.img
Writing: talsrcimg.4dfp.img
Writing: talsrcimg.4dfp.ifh
ifh2hdr talsrcimg -r0to223
ori=2

---------------------------------------------------------------------
gauss_4dfp talsrcimg 1.1
---------------------------------------------------------------------

freesurfer gauss_4dfp.c
Reading: talsrcimg.4dfp.img
Writing: talsrcimg_g11.4dfp.img
image dimensions 256 256 256 padded to 288 288 288
processing volume 1freesurfer ifh2hdr.c
Sun Mar  8 21:25:57 2026
Writing: talsrcimg_g11.4dfp.hdr

Writing: talsrcimg_g11.4dfp.ifh
including: talsrcimg.4dfp.img.rec in talsrcimg_g11.4dfp.img.rec

---------------------------------------------------------------------
imgreg_4dfp /opt/freesurfer/average/711-2C_as_mni_average_305 none talsrcimg_g11 none talsrcimg_to_711-2C_as_mni_average_305_t4 4355
---------------------------------------------------------------------

freesurfer imgreg_4dfp.c
/opt/freesurfer/average/711-2C_as_mni_average_305.4dfp.img
       256       256       256         1
  1.000000  1.000000  1.000000
orientation T byte_order littleendian
Reading image: /opt/freesurfer/average/711-2C_as_mni_average_305.4dfp.img
dimensions:      256       256       256
mmppix:       1.0000   -1.0000   -1.0000
center:     128.0000 -129.0000 -129.0000
talsrcimg_g11.4dfp.img
       256       256       256         1
  1.000000  1.000000  1.000000
orientation T byte_order littleendian
Reading image: talsrcimg_g11.4dfp.img
dimensions:      256       256       256
mmppix:       1.0000   -1.0000   -1.0000
center:     128.0000 -129.0000 -129.0000
t4_read: open error in t4_sub.f l:  41 t4_file(1:l)talsrcimg_to_711-2C_as_mni_average_305_t4 
t4_read: transform initialized to I4
rotation matrix determinant  1.000000
image alignment mode   4355 decimal     1103 hex
   -7.5000  -45.0000  -45.0000 5953.7612   20.5483
    0.0000  -45.0000  -45.0000 6212.5356   20.5237
    7.5000  -45.0000  -45.0000 5950.0840   20.4405
   -7.5000  -37.5000  -45.0000 6475.8467   19.9168
    0.0000  -37.5000  -45.0000 6763.3032   19.8991
    7.5000  -37.5000  -45.0000 6483.5244   19.8358
   -7.5000  -30.0000  -45.0000 7275.1846   19.4560
    0.0000  -30.0000  -45.0000 7598.2837   19.4351
    7.5000  -30.0000  -45.0000 7282.5962   19.3777
   -7.5000  -22.5000  -45.0000 8163.5776   19.2287
    0.0000  -22.5000  -45.0000 8513.0186   19.1988
    7.5000  -22.5000  -45.0000 8157.0703   19.1340
   -7.5000  -15.0000  -45.0000 9082.8789   19.2142
    0.0000  -15.0000  -45.0000 9457.5957   19.1794
    7.5000  -15.0000  -45.0000 9033.7246   19.1026
   -7.5000   -7.5000  -45.0000 9932.7559   19.2136
    0.0000   -7.5000  -45.000010351.0020   19.1837
    7.5000   -7.5000  -45.0000 9870.7002   19.1036
   -7.5000    0.0000  -45.000010720.9316   19.2019
    0.0000    0.0000  -45.000011193.7148   19.1814
    7.5000    0.0000  -45.000010673.9414   19.1098
   -7.5000    7.5000  -45.000010681.2832   19.1899
    0.0000    7.5000  -45.000011149.4072   19.1736
    7.5000    7.5000  -45.000010649.0986   19.1141
   -7.5000   15.0000  -45.000010579.6279   19.1880
    0.0000   15.0000  -45.000011037.9307   19.1675
    7.5000   15.0000  -45.000010536.5615   19.1117
   -7.5000   22.5000  -45.000010422.4238   19.1976
    0.0000   22.5000  -45.000010884.5518   19.1678
    7.5000   22.5000  -45.000010391.3262   19.1032
   -7.5000   30.0000  -45.000010072.7236   18.9576
    0.0000   30.0000  -45.000010511.9834   18.9233
    7.5000   30.0000  -45.000010041.9980   18.8475
   -7.5000   37.5000  -45.000010014.5723   18.9575
    0.0000   37.5000  -45.000010445.8369   18.9280
    7.5000   37.5000  -45.0000 9961.4258   18.8491
   -7.5000   45.0000  -45.0000 9477.8818   18.4649
    0.0000   45.0000  -45.0000 9889.6543   18.4452
    7.5000   45.0000  -45.0000 9433.0811   18.3764
   -7.5000  -45.0000  -37.5000 6235.5454   20.2043
    0.0000  -45.0000  -37.5000 6499.5972   20.1613
    7.5000  -45.0000  -37.5000 6224.8867   20.0824
   -7.5000  -37.5000  -37.5000 6796.3550   19.5939
    0.0000  -37.5000  -37.5000 7089.6782   19.5596
    7.5000  -37.5000  -37.5000 6788.6216   19.4985
   -7.5000  -30.0000  -37.5000 7673.3516   19.1543
    0.0000  -30.0000  -37.5000 7997.8013   19.1178
    7.5000  -30.0000  -37.5000 7650.0366   19.0578
   -7.5000  -22.5000  -37.5000 8620.1279   18.9427
    0.0000  -22.5000  -37.5000 8982.3154   18.8975
    7.5000  -22.5000  -37.5000 8570.5039   18.8274
   -7.5000  -15.0000  -37.5000 9573.7158   18.9311
    0.0000  -15.0000  -37.5000 9974.8652   18.8805
    7.5000  -15.0000  -37.5000 9505.1143   18.7996
   -7.5000   -7.5000  -37.500010481.4326   18.9229
    0.0000   -7.5000  -37.500010930.7305   18.8774
    7.5000   -7.5000  -37.500010401.9453   18.7983
   -7.5000    0.0000  -37.500011280.1709   18.9033
    0.0000    0.0000  -37.500011787.5859   18.8671
    7.5000    0.0000  -37.500011237.5791   18.7993
   -7.5000    7.5000  -37.500011220.7832   18.8906
    0.0000    7.5000  -37.500011715.0586   18.8590
    7.5000    7.5000  -37.500011172.7119   18.8011
   -7.5000   15.0000  -37.500011093.8486   18.8945
    0.0000   15.0000  -37.500011582.2188   18.8590
    7.5000   15.0000  -37.500011025.4404   18.8011
   -7.5000   22.5000  -37.500010896.2119   18.9123
    0.0000   22.5000  -37.500011390.2129   18.8672
    7.5000   22.5000  -37.500010833.2734   18.7974
   -7.5000   30.0000  -37.500010507.7656   18.6783
    0.0000   30.0000  -37.500010979.6592   18.6284
    7.5000   30.0000  -37.500010447.6787   18.5486
   -7.5000   37.5000  -37.500010429.5332   18.6707
    0.0000   37.5000  -37.500010910.9062   18.6258
    7.5000   37.5000  -37.500010376.3672   18.5477
   -7.5000   45.0000  -37.5000 9889.9170   18.1778
    0.0000   45.0000  -37.500010349.2559   18.1430
    7.5000   45.0000  -37.5000 9859.3838   18.0777
   -7.5000  -45.0000  -30.0000 6602.2837   20.6991
    0.0000  -45.0000  -30.0000 6875.1709   20.6557
    7.5000  -45.0000  -30.0000 6581.7554   20.5918
   -7.5000  -37.5000  -30.0000 7216.6914   20.0888
    0.0000  -37.5000  -30.0000 7522.1372   20.0540
    7.5000  -37.5000  -30.0000 7203.9590   20.0038
   -7.5000  -30.0000  -30.0000 8178.8193   19.6477
    0.0000  -30.0000  -30.0000 8525.0596   19.6105
    7.5000  -30.0000  -30.0000 8151.4399   19.5597
   -7.5000  -22.5000  -30.0000 9222.8896   19.4319
    0.0000  -22.5000  -30.0000 9600.3799   19.3849
    7.5000  -22.5000  -30.0000 9155.0449   19.3265
   -7.5000  -15.0000  -30.000010222.3613   19.4162
    0.0000  -15.0000  -30.000010637.5762   19.3631
    7.5000  -15.0000  -30.000010150.8896   19.2972
   -7.5000   -7.5000  -30.000011209.5605   19.4059
    0.0000   -7.5000  -30.000011683.2275   19.3589
    7.5000   -7.5000  -30.000011129.8711   19.2955
   -7.5000    0.0000  -30.000012073.4043   19.3879
    0.0000    0.0000  -30.000012599.7188   19.3510
    7.5000    0.0000  -30.000012027.7861   19.2961
   -7.5000    7.5000  -30.000011999.4512   19.3791
    0.0000    7.5000  -30.000012518.8564   19.3469
    7.5000    7.5000  -30.000011933.3936   19.2988
   -7.5000   15.0000  -30.000011811.4531   19.3854
    0.0000   15.0000  -30.000012324.5596   19.3492
    7.5000   15.0000  -30.000011737.6982   19.3003
   -7.5000   22.5000  -30.000011573.0117   19.3991
    0.0000   22.5000  -30.000012081.9678   19.3522
    7.5000   22.5000  -30.000011497.6357   19.2940
   -7.5000   30.0000  -30.000011153.4385   19.1587
    0.0000   30.0000  -30.000011651.1729   19.1064
    7.5000   30.0000  -30.000011099.3193   19.0414
   -7.5000   37.5000  -30.000011085.9531   19.1492
    0.0000   37.5000  -30.000011595.3291   19.1028
    7.5000   37.5000  -30.000011048.3418   19.0402
   -7.5000   45.0000  -30.000010517.8350   18.6574
    0.0000   45.0000  -30.000011008.6465   18.6220
    7.5000   45.0000  -30.000010500.2510   18.5691
   -7.5000  -45.0000  -22.5000 7004.0732   21.2838
    0.0000  -45.0000  -22.5000 7292.7319   21.2607
    7.5000  -45.0000  -22.5000 7002.9521   21.2086
   -7.5000  -37.5000  -22.5000 7687.5000   20.6576
    0.0000  -37.5000  -22.5000 8011.0771   20.6403
    7.5000  -37.5000  -22.5000 7686.5684   20.5996
   -7.5000  -30.0000  -22.5000 8716.7520   20.1971
    0.0000  -30.0000  -22.5000 9096.0527   20.1775
    7.5000  -30.0000  -22.5000 8705.2344   20.1399
   -7.5000  -22.5000  -22.5000 9810.5176   19.9672
    0.0000  -22.5000  -22.500010227.1641   19.9387
    7.5000  -22.5000  -22.5000 9785.6367   19.8992
   -7.5000  -15.0000  -22.500010913.1445   19.9509
    0.0000  -15.0000  -22.500011384.5732   19.9168
    7.5000  -15.0000  -22.500010884.6807   19.8722
   -7.5000   -7.5000  -22.500011987.1992   19.9509
    0.0000   -7.5000  -22.500012521.9746   19.9221
    7.5000   -7.5000  -22.500011947.8672   19.8749
   -7.5000    0.0000  -22.500012944.0107   19.9414
    0.0000    0.0000  -22.500013543.1699   19.9214
    7.5000    0.0000  -22.500012921.5479   19.8766
   -7.5000    7.5000  -22.500012859.6768   19.9311
    0.0000    7.5000  -22.500013437.5713   19.9154
    7.5000    7.5000  -22.500012813.4453   19.8762
   -7.5000   15.0000  -22.500012641.0850   19.9289
    0.0000   15.0000  -22.500013194.8604   19.9098
    7.5000   15.0000  -22.500012585.7402   19.8737
   -7.5000   22.5000  -22.500012376.8506   19.9324
    0.0000   22.5000  -22.500012911.1748   19.9040
    7.5000   22.5000  -22.500012324.4014   19.8646
   -7.5000   30.0000  -22.500011925.3828   19.6894
    0.0000   30.0000  -22.500012449.7217   19.6558
    7.5000   30.0000  -22.500011896.7881   19.6118
   -7.5000   37.5000  -22.500011857.1572   19.6899
    0.0000   37.5000  -22.500012397.2051   19.6615
    7.5000   37.5000  -22.500011840.5771   19.6150
   -7.5000   45.0000  -22.500011243.7803   19.2045
    0.0000   45.0000  -22.500011786.0273   19.1853
    7.5000   45.0000  -22.500011250.9746   19.1421
   -7.5000  -45.0000  -15.0000 7399.3242   21.8268
    0.0000  -45.0000  -15.0000 7721.3887   21.8238
    7.5000  -45.0000  -15.0000 7420.8311   21.7705
   -7.5000  -37.5000  -15.0000 8130.2769   21.1788
    0.0000  -37.5000  -15.0000 8491.4951   21.1794
    7.5000  -37.5000  -15.0000 8153.8423   21.1396
   -7.5000  -30.0000  -15.0000 9226.0312   20.6986
    0.0000  -30.0000  -15.0000 9635.5635   20.6964
    7.5000  -30.0000  -15.0000 9244.1514   20.6648
   -7.5000  -22.5000  -15.000010383.2568   20.4581
    0.0000  -22.5000  -15.000010834.1240   20.4472
    7.5000  -22.5000  -15.000010392.7939   20.4166
   -7.5000  -15.0000  -15.000011578.0186   20.4440
    0.0000  -15.0000  -15.000012094.5010   20.4282
    7.5000  -15.0000  -15.000011562.9434   20.3911
   -7.5000   -7.5000  -15.000012762.6738   20.4519
    0.0000   -7.5000  -15.000013364.5020   20.4405
    7.5000   -7.5000  -15.000012751.4629   20.3955
   -7.5000    0.0000  -15.000013848.9561   20.4461
    0.0000    0.0000  -15.000014508.1025   20.4431
    7.5000    0.0000  -15.000013832.5332   20.3973
   -7.5000    7.5000  -15.000013803.7910   20.4323
    0.0000    7.5000  -15.000014443.3105   20.4334
    7.5000    7.5000  -15.000013770.2227   20.3952
   -7.5000   15.0000  -15.000013543.2236   20.4235
    0.0000   15.0000  -15.000014140.9746   20.4212
    7.5000   15.0000  -15.000013523.9404   20.3904
   -7.5000   22.5000  -15.000013255.6475   20.4217
    0.0000   22.5000  -15.000013825.1660   20.4109
    7.5000   22.5000  -15.000013225.3994   20.3803
   -7.5000   30.0000  -15.000012778.4521   20.1789
    0.0000   30.0000  -15.000013345.9482   20.1633
    7.5000   30.0000  -15.000012768.7715   20.1267
   -7.5000   37.5000  -15.000012685.7842   20.1872
    0.0000   37.5000  -15.000013270.8555   20.1760
    7.5000   37.5000  -15.000012691.6094   20.1316
   -7.5000   45.0000  -15.000012005.5537   19.7025
    0.0000   45.0000  -15.000012574.5723   19.6996
    7.5000   45.0000  -15.000012036.4668   19.6554
   -7.5000  -45.0000   -7.5000 7800.1406   22.1534
    0.0000  -45.0000   -7.5000 8159.3823   22.1472
    7.5000  -45.0000   -7.5000 7848.7422   22.0769
   -7.5000  -37.5000   -7.5000 8609.6230   21.4892
    0.0000  -37.5000   -7.5000 9004.0732   21.4877
    7.5000  -37.5000   -7.5000 8661.7188   21.4361
   -7.5000  -30.0000   -7.5000 9775.9248   21.0022
    0.0000  -30.0000   -7.500010215.3652   20.9972
    7.5000  -30.0000   -7.5000 9814.6865   20.9550
   -7.5000  -22.5000   -7.500011004.8311   20.7638
    0.0000  -22.5000   -7.500011488.4961   20.7494
    7.5000  -22.5000   -7.500011032.3164   20.7042
   -7.5000  -15.0000   -7.500012264.9365   20.7540
    0.0000  -15.0000   -7.500012822.9199   20.7347
    7.5000  -15.0000   -7.500012292.7451   20.6786
   -7.5000   -7.5000   -7.500013566.1152   20.7592
    0.0000   -7.5000   -7.500014208.3457   20.7446
    7.5000   -7.5000   -7.500013610.4287   20.6807
   -7.5000    0.0000   -7.500014825.8291   20.7473
    0.0000    0.0000   -7.500015543.6641   20.7419
    7.5000    0.0000   -7.500014838.3994   20.6813
   -7.5000    7.5000   -7.500014893.9111   20.7297
    0.0000    7.5000   -7.500015636.6621   20.7287
    7.5000    7.5000   -7.500014876.9502   20.6799
   -7.5000   15.0000   -7.500014636.2412   20.7224
    0.0000   15.0000   -7.500015295.5049   20.7172
    7.5000   15.0000   -7.500014620.3184   20.6760
   -7.5000   22.5000   -7.500014279.2715   20.7246
    0.0000   22.5000   -7.500014879.2676   20.7104
    7.5000   22.5000   -7.500014252.3408   20.6652
   -7.5000   30.0000   -7.500013791.7988   20.4843
    0.0000   30.0000   -7.500014358.8291   20.4653
    7.5000   30.0000   -7.500013745.2520   20.4099
   -7.5000   37.5000   -7.500013714.2041   20.4900
    0.0000   37.5000   -7.500014298.6816   20.4756
    7.5000   37.5000   -7.500013664.0967   20.4125
   -7.5000   45.0000   -7.500012996.8574   19.9965
    0.0000   45.0000   -7.500013559.4785   19.9913
    7.5000   45.0000   -7.500012974.3896   19.9329
   -7.5000  -45.0000    0.0000 8160.7397   22.2360
    0.0000  -45.0000    0.0000 8540.0244   22.2099
    7.5000  -45.0000    0.0000 8220.0391   22.1251
   -7.5000  -37.5000    0.0000 9002.2510   21.5670
    0.0000  -37.5000    0.0000 9421.4668   21.5478
    7.5000  -37.5000    0.0000 9068.9307   21.4848
   -7.5000  -30.0000    0.000010234.8506   21.0851
    0.0000  -30.0000    0.000010697.5098   21.0625
    7.5000  -30.0000    0.000010279.8770   21.0051
   -7.5000  -22.5000    0.000011527.4531   20.8564
    0.0000  -22.5000    0.000012054.5957   20.8246
    7.5000  -22.5000    0.000011566.1318   20.7575
   -7.5000  -15.0000    0.000012827.1660   20.8499
    0.0000  -15.0000    0.000013437.0029   20.8132
    7.5000  -15.0000    0.000012885.5596   20.7321
   -7.5000   -7.5000    0.000014181.0146   20.8462
    0.0000   -7.5000    0.000014868.9971   20.8146
    7.5000   -7.5000    0.000014265.0908   20.7308
   -7.5000    0.0000    0.000015644.4570   20.8240
    0.0000    0.0000    0.000016428.5840   20.8020
    7.5000    0.0000    0.000015651.1982   20.7288
   -7.5000    7.5000    0.000016035.5742   20.8043
    0.0000    7.5000    0.000016809.6230   20.7868
    7.5000    7.5000    0.000015883.9873   20.7273
   -7.5000   15.0000    0.000016017.5762   20.8037
    0.0000   15.0000    0.000016689.3711   20.7815
    7.5000   15.0000    0.000015781.9717   20.7257
   -7.5000   22.5000    0.000015682.1797   20.8169
    0.0000   22.5000    0.000016166.0049   20.7853
    7.5000   22.5000    0.000015366.4941   20.7184
   -7.5000   30.0000    0.000015038.6689   20.5795
    0.0000   30.0000    0.000015500.4785   20.5433
    7.5000   30.0000    0.000014713.3438   20.4632
   -7.5000   37.5000    0.000014846.3057   20.5764
    0.0000   37.5000    0.000015362.0957   20.5453
    7.5000   37.5000    0.000014552.7090   20.4625
   -7.5000   45.0000    0.000014027.6514   20.0719
    0.0000   45.0000    0.000014574.5645   20.0507
    7.5000   45.0000    0.000013775.7021   19.9802
   -7.5000  -45.0000    7.5000 7868.5078   22.1933
    0.0000  -45.0000    7.5000 8264.4727   22.1479
    7.5000  -45.0000    7.5000 7912.1387   22.0658
   -7.5000  -37.5000    7.5000 8745.4736   21.5340
    0.0000  -37.5000    7.5000 9172.9668   21.4976
    7.5000  -37.5000    7.5000 8781.9893   21.4347
   -7.5000  -30.0000    7.5000 9994.5186   21.0627
    0.0000  -30.0000    7.500010447.1465   21.0233
    7.5000  -30.0000    7.5000 9992.6543   20.9608
   -7.5000  -22.5000    7.500011280.4922   20.8384
    0.0000  -22.5000    7.500011775.1611   20.7892
    7.5000  -22.5000    7.500011265.4795   20.7149
   -7.5000  -15.0000    7.500012579.2080   20.8272
    0.0000  -15.0000    7.500013129.4551   20.7725
    7.5000  -15.0000    7.500012550.4043   20.6861
   -7.5000   -7.5000    7.500013890.4824   20.8146
    0.0000   -7.5000    7.500014490.6045   20.7660
    7.5000   -7.5000    7.500013875.6055   20.6822
   -7.5000    0.0000    7.500015382.6377   20.7888
    0.0000    0.0000    7.500016101.1279   20.7506
    7.5000    0.0000    7.500015215.3350   20.6799
   -7.5000    7.5000    7.500016070.6582   20.7745
    0.0000    7.5000    7.500016874.9961   20.7408
    7.5000    7.5000    7.500015489.1377   20.6811
   -7.5000   15.0000    7.500016452.0117   20.7819
    0.0000   15.0000    7.500017166.2617   20.7436
    7.5000   15.0000    7.500015573.8760   20.6832
   -7.5000   22.5000    7.500016149.6426   20.7987
    0.0000   22.5000    7.500016658.1230   20.7497
    7.5000   22.5000    7.500015269.8057   20.6757
   -7.5000   30.0000    7.500015236.6025   20.5571
    0.0000   30.0000    7.500015675.2852   20.5031
    7.5000   30.0000    7.500014516.0547   20.4179
   -7.5000   37.5000    7.500014817.9307   20.5452
    0.0000   37.5000    7.500015277.4121   20.4973
    7.5000   37.5000    7.500014249.8164   20.4145
   -7.5000   45.0000    7.500013907.0391   20.0380
    0.0000   45.0000    7.500014393.4980   20.0012
    7.5000   45.0000    7.500013455.0000   19.9330
   -7.5000  -45.0000   15.0000 7495.9238   22.1252
    0.0000  -45.0000   15.0000 7838.4761   22.0788
    7.5000  -45.0000   15.0000 7463.4238   22.0109
   -7.5000  -37.5000   15.0000 8377.7627   21.4764
    0.0000  -37.5000   15.0000 8735.7002   21.4390
    7.5000  -37.5000   15.0000 8269.5928   21.3854
   -7.5000  -30.0000   15.0000 9603.4561   21.0076
    0.0000  -30.0000   15.0000 9979.3047   20.9677
    7.5000  -30.0000   15.0000 9415.9316   20.9133
   -7.5000  -22.5000   15.000010870.9609   20.7781
    0.0000  -22.5000   15.000011308.8965   20.7278
    7.5000  -22.5000   15.000010629.4932   20.6654
   -7.5000  -15.0000   15.000012182.7549   20.7611
    0.0000  -15.0000   15.000012678.8506   20.7045
    7.5000  -15.0000   15.000011889.0625   20.6343
   -7.5000   -7.5000   15.000013527.6240   20.7496
    0.0000   -7.5000   15.000014075.4453   20.6996
    7.5000   -7.5000   15.000013218.9688   20.6321
   -7.5000    0.0000   15.000015053.8818   20.7301
    0.0000    0.0000   15.000015682.7207   20.6907
    7.5000    0.0000   15.000014524.0752   20.6323
   -7.5000    7.5000   15.000015748.5088   20.7211
    0.0000    7.5000   15.000016390.4316   20.6865
    7.5000    7.5000   15.000014737.2764   20.6352
   -7.5000   15.0000   15.000015937.9912   20.7283
    0.0000   15.0000   15.000016498.0156   20.6895
    7.5000   15.0000   15.000014774.4912   20.6372
   -7.5000   22.5000   15.000015532.1182   20.7386
    0.0000   22.5000   15.000016005.5742   20.6884
    7.5000   22.5000   15.000014509.8438   20.6263
   -7.5000   30.0000   15.000014761.2061   20.4919
    0.0000   30.0000   15.000015202.4863   20.4360
    7.5000   30.0000   15.000013910.6172   20.3667
   -7.5000   37.5000   15.000014375.5342   20.4811
    0.0000   37.5000   15.000014888.7744   20.4317
    7.5000   37.5000   15.000013706.7373   20.3651
   -7.5000   45.0000   15.000013471.0967   19.9814
    0.0000   45.0000   15.000014003.0059   19.9434
    7.5000   45.0000   15.000012961.0195   19.8871
   -7.5000  -45.0000   22.5000 7039.3711   22.1126
    0.0000  -45.0000   22.5000 7315.5068   22.0885
    7.5000  -45.0000   22.5000 6921.6260   22.0343
   -7.5000  -37.5000   22.5000 7883.2822   21.4623
    0.0000  -37.5000   22.5000 8183.8374   21.4443
    7.5000  -37.5000   22.5000 7694.4585   21.4019
   -7.5000  -30.0000   22.5000 9052.6396   20.9839
    0.0000  -30.0000   22.5000 9372.8506   20.9637
    7.5000  -30.0000   22.5000 8808.7119   20.9247
   -7.5000  -22.5000   22.500010304.0879   20.7448
    0.0000  -22.5000   22.500010630.9092   20.7153
    7.5000  -22.5000   22.5000 9986.6426   20.6744
   -7.5000  -15.0000   22.500011587.3320   20.7279
    0.0000  -15.0000   22.500011918.3408   20.6926
    7.5000  -15.0000   22.500011191.9531   20.6463
   -7.5000   -7.5000   22.500012896.3594   20.7282
    0.0000   -7.5000   22.500013231.0586   20.6982
    7.5000   -7.5000   22.500012426.2393   20.6493
   -7.5000    0.0000   22.500014360.3711   20.7185
    0.0000    0.0000   22.500014731.8877   20.6976
    7.5000    0.0000   22.500013618.1572   20.6510
   -7.5000    7.5000   22.500014726.8730   20.7077
    0.0000    7.5000   22.500015177.8135   20.6913
    7.5000    7.5000   22.500013838.8418   20.6505
   -7.5000   15.0000   22.500014528.2119   20.7051
    0.0000   15.0000   22.500014962.9170   20.6854
    7.5000   15.0000   22.500013814.7637   20.6478
   -7.5000   22.5000   22.500014097.9824   20.7055
    0.0000   22.5000   22.500014466.4141   20.6761
    7.5000   22.5000   22.500013536.3359   20.6353
   -7.5000   30.0000   22.500013601.5830   20.4591
    0.0000   30.0000   22.500013958.8740   20.4243
    7.5000   30.0000   22.500013058.4775   20.3786
   -7.5000   37.5000   22.500013440.7676   20.4599
    0.0000   37.5000   22.500013839.1006   20.4304
    7.5000   37.5000   22.500012932.3877   20.3820
   -7.5000   45.0000   22.500012666.0107   19.9702
    0.0000   45.0000   22.500013107.6084   19.9501
    7.5000   45.0000   22.500012245.9082   19.9052
   -7.5000  -45.0000   30.0000 6518.6416   22.4499
    0.0000  -45.0000   30.0000 6779.0303   22.4460
    7.5000  -45.0000   30.0000 6407.4502   22.3897
   -7.5000  -37.5000   30.0000 7337.4717   21.7748
    0.0000  -37.5000   30.0000 7620.2007   21.7751
    7.5000  -37.5000   30.0000 7176.6377   21.7332
   -7.5000  -30.0000   30.0000 8459.2988   21.2748
    0.0000  -30.0000   30.0000 8746.7598   21.2725
    7.5000  -30.0000   30.0000 8245.6055   21.2391
   -7.5000  -22.5000   30.0000 9628.5537   21.0245
    0.0000  -22.5000   30.0000 9909.0059   21.0130
    7.5000  -22.5000   30.0000 9334.9824   20.9805
   -7.5000  -15.0000   30.000010774.1904   21.0107
    0.0000  -15.0000   30.000011083.4561   20.9938
    7.5000  -15.0000   30.000010450.1348   20.9544
   -7.5000   -7.5000   30.000011949.5234   21.0198
    0.0000   -7.5000   30.000012300.4023   21.0073
    7.5000   -7.5000   30.000011596.9551   20.9596
   -7.5000    0.0000   30.000013146.8545   21.0137
    0.0000    0.0000   30.000013627.7959   21.0099
    7.5000    0.0000   30.000012719.8232   20.9616
   -7.5000    7.5000   30.000013249.8955   20.9983
    0.0000    7.5000   30.000013803.7100   20.9991
    7.5000    7.5000   30.000012911.3438   20.9590
   -7.5000   15.0000   30.000013007.4033   20.9883
    0.0000   15.0000   30.000013529.1318   20.9858
    7.5000   15.0000   30.000012834.3262   20.9533
   -7.5000   22.5000   30.000012755.9053   20.9844
    0.0000   22.5000   30.000013236.2598   20.9730
    7.5000   22.5000   30.000012570.2832   20.9405
   -7.5000   30.0000   30.000012467.1787   20.7382
    0.0000   30.0000   30.000012898.1113   20.7216
    7.5000   30.0000   30.000012193.7803   20.6827
   -7.5000   37.5000   30.000012438.0049   20.7478
    0.0000   37.5000   30.000012853.2803   20.7354
    7.5000   37.5000   30.000012118.9961   20.6884
   -7.5000   45.0000   30.000011814.6826   20.2548
    0.0000   45.0000   30.000012228.3516   20.2511
    7.5000   45.0000   30.000011512.5166   20.2045
   -7.5000  -45.0000   37.5000 6304.3750   23.0760
    0.0000  -45.0000   37.5000 6557.3667   23.0695
    7.5000  -45.0000   37.5000 6206.4170   22.9928
   -7.5000  -37.5000   37.5000 7117.4404   22.3588
    0.0000  -37.5000   37.5000 7383.3091   22.3576
    7.5000  -37.5000   37.5000 6971.5444   22.3013
   -7.5000  -30.0000   37.5000 8200.6074   21.8338
    0.0000  -30.0000   37.5000 8470.8477   21.8291
    7.5000  -30.0000   37.5000 7993.3369   21.7827
   -7.5000  -22.5000   37.5000 9279.7695   21.5783
    0.0000  -22.5000   37.5000 9567.6221   21.5635
    7.5000  -22.5000   37.5000 9049.2168   21.5135
   -7.5000  -15.0000   37.500010332.2969   21.5700
    0.0000  -15.0000   37.500010691.8984   21.5498
    7.5000  -15.0000   37.500010128.0781   21.4879
   -7.5000   -7.5000   37.500011459.7227   21.5767
    0.0000   -7.5000   37.500011900.8555   21.5611
    7.5000   -7.5000   37.500011230.6719   21.4913
   -7.5000    0.0000   37.500012554.5586   21.5629
    0.0000    0.0000   37.500013137.0947   21.5571
    7.5000    0.0000   37.500012350.6602   21.4914
   -7.5000    7.5000   37.500012632.5312   21.5416
    0.0000    7.5000   37.500013198.4395   21.5409
    7.5000    7.5000   37.500012520.9336   21.4878
   -7.5000   15.0000   37.500012460.3496   21.5323
    0.0000   15.0000   37.500012964.2549   21.5275
    7.5000   15.0000   37.500012409.9014   21.4822
   -7.5000   22.5000   37.500012275.9443   21.5364
    0.0000   22.5000   37.500012757.5420   21.5218
    7.5000   22.5000   37.500012180.1504   21.4719
   -7.5000   30.0000   37.500012001.8047   21.2903
    0.0000   30.0000   37.500012463.4824   21.2703
    7.5000   30.0000   37.500011838.5361   21.2093
   -7.5000   37.5000   37.500012017.4004   21.2975
    0.0000   37.5000   37.500012466.6777   21.2821
    7.5000   37.5000   37.500011802.9609   21.2132
   -7.5000   45.0000   37.500011432.4385   20.7841
    0.0000   45.0000   37.500011892.2461   20.7786
    7.5000   45.0000   37.500011226.0518   20.7152
   -7.5000  -45.0000   45.0000 5946.3174   23.9285
    0.0000  -45.0000   45.0000 6166.2070   23.8969
    7.5000  -45.0000   45.0000 5831.3320   23.7975
   -7.5000  -37.5000   45.0000 6701.7578   23.1511
    0.0000  -37.5000   45.0000 6920.9233   23.1262
    7.5000  -37.5000   45.0000 6545.2349   23.0521
   -7.5000  -30.0000   45.0000 7685.7915   22.5922
    0.0000  -30.0000   45.0000 7939.4062   22.5632
    7.5000  -30.0000   45.0000 7518.8501   22.4945
   -7.5000  -22.5000   45.0000 8679.0322   22.3307
    0.0000  -22.5000   45.0000 8978.7588   22.2923
    7.5000  -22.5000   45.0000 8505.2988   22.2118
   -7.5000  -15.0000   45.0000 9666.1113   22.3281
    0.0000  -15.0000   45.000010036.2725   22.2854
    7.5000  -15.0000   45.0000 9496.6533   22.1888
   -7.5000   -7.5000   45.000010697.0908   22.3269
    0.0000   -7.5000   45.000011160.0049   22.2904
    7.5000   -7.5000   45.000010541.1357   22.1921
   -7.5000    0.0000   45.000011696.6709   22.3005
    0.0000    0.0000   45.000012229.0908   22.2742
    7.5000    0.0000   45.000011602.5820   22.1893
   -7.5000    7.5000   45.000011759.0889   22.2728
    0.0000    7.5000   45.000012236.4268   22.2501
    7.5000    7.5000   45.000011678.0127   22.1806
   -7.5000   15.0000   45.000011608.1963   22.2679
    0.0000   15.0000   45.000012037.8555   22.2395
    7.5000   15.0000   45.000011534.8975   22.1728
   -7.5000   22.5000   45.000011425.8467   22.2858
    0.0000   22.5000   45.000011851.3555   22.2477
    7.5000   22.5000   45.000011346.5186   22.1674
   -7.5000   30.0000   45.000011190.5518   22.0366
    0.0000   30.0000   45.000011612.0830   21.9944
    7.5000   30.0000   45.000011058.3018   21.8991
   -7.5000   37.5000   45.000011232.8018   22.0361
    0.0000   37.5000   45.000011651.4541   22.0000
    7.5000   37.5000   45.000011081.9639   21.9030
   -7.5000   45.0000   45.000010684.1074   21.5049
    0.0000   45.0000   45.000011115.7949   21.4795
    7.5000   45.0000   45.000010540.4863   21.3976

---------------------------------------------------------------------
imgreg_4dfp /opt/freesurfer/average/711-2C_as_mni_average_305 /opt/freesurfer/average/711-2B_as_mni_average_305_mask talsrcimg_g11 none talsrcimg_to_711-2C_as_mni_average_305_t4 4355
---------------------------------------------------------------------

freesurfer imgreg_4dfp.c
/opt/freesurfer/average/711-2C_as_mni_average_305.4dfp.img
       256       256       256         1
  1.000000  1.000000  1.000000
orientation T byte_order littleendian
Reading image: /opt/freesurfer/average/711-2C_as_mni_average_305.4dfp.img
dimensions:      256       256       256
mmppix:       1.0000   -1.0000   -1.0000
center:     128.0000 -129.0000 -129.0000
/opt/freesurfer/average/711-2B_as_mni_average_305_mask.4dfp.img
       256       256       256         1
  1.000000  1.000000  1.000000
orientation T byte_order littleendian
Reading mask: /opt/freesurfer/average/711-2B_as_mni_average_305_mask.4dfp.img (2306576 pixels)
talsrcimg_g11.4dfp.img
       256       256       256         1
  1.000000  1.000000  1.000000
orientation T byte_order littleendian
Reading image: talsrcimg_g11.4dfp.img
dimensions:      256       256       256
mmppix:       1.0000   -1.0000   -1.0000
center:     128.0000 -129.0000 -129.0000
rotation matrix determinant  1.000000
image alignment mode   4355 decimal     1103 hex
   -7.5000  -30.0000  -37.5000 2080.4033   25.7268
    0.0000  -30.0000  -37.5000 2085.3923   25.4761
    7.5000  -30.0000  -37.5000 2069.9058   25.5556
   -7.5000  -22.5000  -37.5000 2197.6479   23.2319
    0.0000  -22.5000  -37.5000 2203.8792   23.0441
    7.5000  -22.5000  -37.5000 2184.1699   23.0877
   -7.5000  -15.0000  -37.5000 2290.4009   21.1900
    0.0000  -15.0000  -37.5000 2296.6909   21.0442
    7.5000  -15.0000  -37.5000 2275.9719   21.1162
   -7.5000   -7.5000  -37.5000 2357.9243   19.5706
    0.0000   -7.5000  -37.5000 2367.7986   19.4581
    7.5000   -7.5000  -37.5000 2344.7290   19.5711
   -7.5000    0.0000  -37.5000 2410.8352   18.4038
    0.0000    0.0000  -37.5000 2424.2410   18.2895
    7.5000    0.0000  -37.5000 2402.2773   18.4593
   -7.5000    7.5000  -37.5000 2449.6780   17.6451
    0.0000    7.5000  -37.5000 2461.8909   17.5817
    7.5000    7.5000  -37.5000 2436.3337   17.7381
   -7.5000   15.0000  -37.5000 2469.4285   17.2363
    0.0000   15.0000  -37.5000 2482.9329   17.1664
    7.5000   15.0000  -37.5000 2456.1533   17.3585
   -7.5000   22.5000  -37.5000 2478.5107   17.1760
    0.0000   22.5000  -37.5000 2493.7549   17.1535
    7.5000   22.5000  -37.5000 2461.0964   17.3154
   -7.5000   30.0000  -37.5000 2463.2087   17.5209
    0.0000   30.0000  -37.5000 2479.8228   17.4589
    7.5000   30.0000  -37.5000 2446.8352   17.6073
   -7.5000   37.5000  -37.5000 2433.1082   18.1552
    0.0000   37.5000  -37.5000 2451.1926   18.0739
    7.5000   37.5000  -37.5000 2420.0286   18.2271
   -7.5000   45.0000  -37.5000 2378.0359   19.0544
    0.0000   45.0000  -37.5000 2398.2734   18.9972
    7.5000   45.0000  -37.5000 2364.8879   19.1521
   -7.5000   52.5000  -37.5000 2286.1211   20.1871
    0.0000   52.5000  -37.5000 2300.9392   20.1110
    7.5000   52.5000  -37.5000 2265.9124   20.3121
   -7.5000   60.0000  -37.5000 2144.9031   21.5671
    0.0000   60.0000  -37.5000 2152.0593   21.4682
    7.5000   60.0000  -37.5000 2125.1824   21.6752
   -7.5000  -30.0000  -30.0000 2182.8811   25.2257
    0.0000  -30.0000  -30.0000 2184.9900   24.9382
    7.5000  -30.0000  -30.0000 2160.7896   25.1066
   -7.5000  -22.5000  -30.0000 2309.6274   22.7303
    0.0000  -22.5000  -30.0000 2309.7593   22.4947
    7.5000  -22.5000  -30.0000 2280.8931   22.5683
   -7.5000  -15.0000  -30.0000 2403.8667   20.6616
    0.0000  -15.0000  -30.0000 2409.5923   20.5095
    7.5000  -15.0000  -30.0000 2381.7161   20.6180
   -7.5000   -7.5000  -30.0000 2481.3794   19.1252
    0.0000   -7.5000  -30.0000 2487.8740   18.9776
    7.5000   -7.5000  -30.0000 2461.1211   19.0723
   -7.5000    0.0000  -30.0000 2533.2678   17.9054
    0.0000    0.0000  -30.0000 2541.9712   17.7951
    7.5000    0.0000  -30.0000 2519.9163   17.9054
   -7.5000    7.5000  -30.0000 2577.7080   17.0955
    0.0000    7.5000  -30.0000 2584.8083   17.0278
    7.5000    7.5000  -30.0000 2558.4780   17.1550
   -7.5000   15.0000  -30.0000 2600.4612   16.6023
    0.0000   15.0000  -30.0000 2606.7290   16.5939
    7.5000   15.0000  -30.0000 2580.0154   16.7396
   -7.5000   22.5000  -30.0000 2613.4617   16.5226
    0.0000   22.5000  -30.0000 2621.3833   16.5249
    7.5000   22.5000  -30.0000 2587.7900   16.6877
   -7.5000   30.0000  -30.0000 2603.0623   16.8158
    0.0000   30.0000  -30.0000 2617.0376   16.7702
    7.5000   30.0000  -30.0000 2578.5496   16.9386
   -7.5000   37.5000  -30.0000 2574.5525   17.4067
    0.0000   37.5000  -30.0000 2589.5845   17.3467
    7.5000   37.5000  -30.0000 2555.5061   17.4901
   -7.5000   45.0000  -30.0000 2517.1016   18.2842
    0.0000   45.0000  -30.0000 2533.0776   18.2095
    7.5000   45.0000  -30.0000 2497.7883   18.3732
   -7.5000   52.5000  -30.0000 2417.3640   19.3379
    0.0000   52.5000  -30.0000 2428.2935   19.2927
    7.5000   52.5000  -30.0000 2393.3774   19.4611
   -7.5000   60.0000  -30.0000 2265.3083   20.6112
    0.0000   60.0000  -30.0000 2271.5725   20.5129
    7.5000   60.0000  -30.0000 2241.6479   20.7036
   -7.5000  -30.0000  -22.5000 2251.1807   24.7407
    0.0000  -30.0000  -22.5000 2254.0825   24.4779
    7.5000  -30.0000  -22.5000 2233.4761   24.6727
   -7.5000  -22.5000  -22.5000 2376.7288   22.1308
    0.0000  -22.5000  -22.5000 2378.9316   21.9697
    7.5000  -22.5000  -22.5000 2357.6558   22.1140
   -7.5000  -15.0000  -22.5000 2479.8621   20.0732
    0.0000  -15.0000  -22.5000 2485.3872   19.9417
    7.5000  -15.0000  -22.5000 2465.5066   20.0953
   -7.5000   -7.5000  -22.5000 2564.7817   18.5252
    0.0000   -7.5000  -22.5000 2570.7717   18.3999
    7.5000   -7.5000  -22.5000 2550.4807   18.4931
   -7.5000    0.0000  -22.5000 2624.3660   17.3555
    0.0000    0.0000  -22.5000 2635.6460   17.2666
    7.5000    0.0000  -22.5000 2613.4077   17.3438
   -7.5000    7.5000  -22.5000 2669.5317   16.4563
    0.0000    7.5000  -22.5000 2681.8994   16.4008
    7.5000    7.5000  -22.5000 2655.2012   16.5443
   -7.5000   15.0000  -22.5000 2697.0447   15.9144
    0.0000   15.0000  -22.5000 2704.6936   15.9066
    7.5000   15.0000  -22.5000 2678.9744   16.0957
   -7.5000   22.5000  -22.5000 2714.8059   15.8023
    0.0000   22.5000  -22.5000 2721.8760   15.7978
    7.5000   22.5000  -22.5000 2694.1956   16.0014
   -7.5000   30.0000  -22.5000 2709.5190   16.0885
    0.0000   30.0000  -22.5000 2722.1458   16.0357
    7.5000   30.0000  -22.5000 2693.7131   16.2111
   -7.5000   37.5000  -22.5000 2686.0227   16.6523
    0.0000   37.5000  -22.5000 2699.2471   16.5772
    7.5000   37.5000  -22.5000 2669.4656   16.7381
   -7.5000   45.0000  -22.5000 2624.5959   17.4805
    0.0000   45.0000  -22.5000 2641.3127   17.3893
    7.5000   45.0000  -22.5000 2610.9299   17.5578
   -7.5000   52.5000  -22.5000 2514.4795   18.4896
    0.0000   52.5000  -22.5000 2527.8887   18.4413
    7.5000   52.5000  -22.5000 2497.3711   18.6161
   -7.5000   60.0000  -22.5000 2356.8120   19.7328
    0.0000   60.0000  -22.5000 2365.9680   19.6209
    7.5000   60.0000  -22.5000 2337.1443   19.8080
   -7.5000  -30.0000  -15.0000 2277.0374   24.3796
    0.0000  -30.0000  -15.0000 2290.8149   24.1868
    7.5000  -30.0000  -15.0000 2276.6335   24.3739
   -7.5000  -22.5000  -15.0000 2402.5615   21.7024
    0.0000  -22.5000  -15.0000 2414.1077   21.5480
    7.5000  -22.5000  -15.0000 2399.8018   21.7324
   -7.5000  -15.0000  -15.0000 2512.8357   19.6321
    0.0000  -15.0000  -15.0000 2527.2317   19.5101
    7.5000  -15.0000  -15.0000 2510.2742   19.6535
   -7.5000   -7.5000  -15.0000 2608.1721   18.0710
    0.0000   -7.5000  -15.0000 2623.8948   17.9624
    7.5000   -7.5000  -15.0000 2602.5381   18.0835
   -7.5000    0.0000  -15.0000 2672.1094   16.8672
    0.0000    0.0000  -15.0000 2690.6741   16.7734
    7.5000    0.0000  -15.0000 2671.8975   16.9117
   -7.5000    7.5000  -15.0000 2721.1277   15.9698
    0.0000    7.5000  -15.0000 2739.3721   15.8851
    7.5000    7.5000  -15.0000 2720.2517   16.0787
   -7.5000   15.0000  -15.0000 2758.4287   15.3557
    0.0000   15.0000  -15.0000 2772.6594   15.2917
    7.5000   15.0000  -15.0000 2751.0120   15.5318
   -7.5000   22.5000  -15.0000 2781.4861   15.1870
    0.0000   22.5000  -15.0000 2793.5735   15.1251
    7.5000   22.5000  -15.0000 2768.8306   15.3717
   -7.5000   30.0000  -15.0000 2781.0532   15.4771
    0.0000   30.0000  -15.0000 2797.2727   15.3780
    7.5000   30.0000  -15.0000 2774.8430   15.5771
   -7.5000   37.5000  -15.0000 2761.6814   16.0374
    0.0000   37.5000  -15.0000 2777.3535   15.9307
    7.5000   37.5000  -15.0000 2757.6270   16.0818
   -7.5000   45.0000  -15.0000 2700.2732   16.8239
    0.0000   45.0000  -15.0000 2718.8286   16.7256
    7.5000   45.0000  -15.0000 2696.2527   16.8990
   -7.5000   52.5000  -15.0000 2587.6362   17.8131
    0.0000   52.5000  -15.0000 2603.5491   17.7274
    7.5000   52.5000  -15.0000 2579.7644   17.9353
   -7.5000   60.0000  -15.0000 2424.8953   19.0093
    0.0000   60.0000  -15.0000 2436.5752   18.8866
    7.5000   60.0000  -15.0000 2412.5181   19.1022
   -7.5000  -30.0000   -7.5000 2289.9412   24.1866
    0.0000  -30.0000   -7.5000 2308.0217   23.9562
    7.5000  -30.0000   -7.5000 2288.4014   24.1954
   -7.5000  -22.5000   -7.5000 2417.4919   21.4516
    0.0000  -22.5000   -7.5000 2435.7856   21.2344
    7.5000  -22.5000   -7.5000 2415.0061   21.4863
   -7.5000  -15.0000   -7.5000 2530.8601   19.3716
    0.0000  -15.0000   -7.5000 2551.3718   19.1888
    7.5000  -15.0000   -7.5000 2531.1511   19.3895
   -7.5000   -7.5000   -7.5000 2631.4929   17.7831
    0.0000   -7.5000   -7.5000 2649.4817   17.6152
    7.5000   -7.5000   -7.5000 2637.2334   17.7745
   -7.5000    0.0000   -7.5000 2702.8606   16.5651
    0.0000    0.0000   -7.5000 2721.9673   16.4252
    7.5000    0.0000   -7.5000 2712.3494   16.5889
   -7.5000    7.5000   -7.5000 2753.3145   15.7021
    0.0000    7.5000   -7.5000 2779.3132   15.5386
    7.5000    7.5000   -7.5000 2766.2629   15.7348
   -7.5000   15.0000   -7.5000 2795.7422   15.0437
    0.0000   15.0000   -7.5000 2813.7454   14.9034
    7.5000   15.0000   -7.5000 2799.7708   15.1973
   -7.5000   22.5000   -7.5000 2824.2197   14.8013
    0.0000   22.5000   -7.5000 2835.1575   14.6346
    7.5000   22.5000   -7.5000 2816.7449   14.9581
   -7.5000   30.0000   -7.5000 2833.0283   15.0477
    0.0000   30.0000   -7.5000 2846.8635   14.8535
    7.5000   30.0000   -7.5000 2831.1694   15.1174
   -7.5000   37.5000   -7.5000 2820.0068   15.5772
    0.0000   37.5000   -7.5000 2838.2686   15.3870
    7.5000   37.5000   -7.5000 2819.7488   15.6132
   -7.5000   45.0000   -7.5000 2761.4460   16.2942
    0.0000   45.0000   -7.5000 2778.5613   16.1452
    7.5000   45.0000   -7.5000 2762.3293   16.4080
   -7.5000   52.5000   -7.5000 2647.6665   17.2546
    0.0000   52.5000   -7.5000 2664.8430   17.1005
    7.5000   52.5000   -7.5000 2644.0625   17.4066
   -7.5000   60.0000   -7.5000 2478.7195   18.4296
    0.0000   60.0000   -7.5000 2496.5366   18.2477
    7.5000   60.0000   -7.5000 2472.9841   18.5461
   -7.5000  -30.0000    0.0000 2276.0608   24.1187
    0.0000  -30.0000    0.0000 2279.9246   23.7375
    7.5000  -30.0000    0.0000 2269.3372   24.0174
   -7.5000  -22.5000    0.0000 2407.0781   21.3733
    0.0000  -22.5000    0.0000 2416.9341   21.0754
    7.5000  -22.5000    0.0000 2401.3801   21.2866
   -7.5000  -15.0000    0.0000 2522.7852   19.2552
    0.0000  -15.0000    0.0000 2538.3135   19.0050
    7.5000  -15.0000    0.0000 2522.7122   19.2018
   -7.5000   -7.5000    0.0000 2629.0471   17.6602
    0.0000   -7.5000    0.0000 2644.0000   17.4133
    7.5000   -7.5000    0.0000 2633.3586   17.5911
   -7.5000    0.0000    0.0000 2717.2554   16.5267
    0.0000    0.0000    0.0000 2729.4067   16.2824
    7.5000    0.0000    0.0000 2724.2698   16.4320
   -7.5000    7.5000    0.0000 2791.0964   15.8003
    0.0000    7.5000    0.0000 2802.0520   15.5523
    7.5000    7.5000    0.0000 2794.3232   15.6365
   -7.5000   15.0000    0.0000 2853.7458   15.2881
    0.0000   15.0000    0.0000 2851.3313   15.0219
    7.5000   15.0000    0.0000 2838.8684   15.1750
   -7.5000   22.5000    0.0000 2883.1179   14.9041
    0.0000   22.5000    0.0000 2862.3882   14.6451
    7.5000   22.5000    0.0000 2855.3894   14.9197
   -7.5000   30.0000    0.0000 2881.2361   14.9194
    0.0000   30.0000    0.0000 2868.5566   14.6312
    7.5000   30.0000    0.0000 2852.2131   14.9056
   -7.5000   37.5000    0.0000 2857.7561   15.2703
    0.0000   37.5000    0.0000 2858.6628   15.0104
    7.5000   37.5000    0.0000 2835.5745   15.2279
   -7.5000   45.0000    0.0000 2799.3906   15.9337
    0.0000   45.0000    0.0000 2806.8423   15.7099
    7.5000   45.0000    0.0000 2780.2722   15.9377
   -7.5000   52.5000    0.0000 2691.4639   16.9361
    0.0000   52.5000    0.0000 2697.6248   16.7305
    7.5000   52.5000    0.0000 2670.2002   16.9587
   -7.5000   60.0000    0.0000 2521.1226   18.1217
    0.0000   60.0000    0.0000 2527.0112   17.9384
    7.5000   60.0000    0.0000 2499.8127   18.1633
   -7.5000  -30.0000    7.5000 2264.3267   24.4900
    0.0000  -30.0000    7.5000 2269.2388   24.0837
    7.5000  -30.0000    7.5000 2257.9648   24.3024
   -7.5000  -22.5000    7.5000 2393.1128   21.6228
    0.0000  -22.5000    7.5000 2394.6167   21.2461
    7.5000  -22.5000    7.5000 2390.2148   21.4663
   -7.5000  -15.0000    7.5000 2515.9668   19.4809
    0.0000  -15.0000    7.5000 2515.0249   19.1342
    7.5000  -15.0000    7.5000 2513.1260   19.2912
   -7.5000   -7.5000    7.5000 2632.0247   17.9401
    0.0000   -7.5000    7.5000 2628.6411   17.5914
    7.5000   -7.5000    7.5000 2628.8152   17.6671
   -7.5000    0.0000    7.5000 2743.3323   16.8520
    0.0000    0.0000    7.5000 2742.9685   16.5322
    7.5000    0.0000    7.5000 2727.8679   16.5283
   -7.5000    7.5000    7.5000 2848.2854   16.1790
    0.0000    7.5000    7.5000 2849.3804   15.8993
    7.5000    7.5000    7.5000 2814.1035   15.6983
   -7.5000   15.0000    7.5000 2935.1411   15.7589
    0.0000   15.0000    7.5000 2931.1699   15.5294
    7.5000   15.0000    7.5000 2868.8901   15.2243
   -7.5000   22.5000    7.5000 2961.1360   15.3638
    0.0000   22.5000    7.5000 2937.7869   15.1031
    7.5000   22.5000    7.5000 2879.1238   14.9885
   -7.5000   30.0000    7.5000 2922.1121   15.0389
    0.0000   30.0000    7.5000 2900.3118   14.7584
    7.5000   30.0000    7.5000 2865.6721   14.8329
   -7.5000   37.5000    7.5000 2881.7075   15.0962
    0.0000   37.5000    7.5000 2872.0586   14.8387
    7.5000   37.5000    7.5000 2846.5916   15.0062
   -7.5000   45.0000    7.5000 2824.0920   15.6896
    0.0000   45.0000    7.5000 2816.9592   15.4866
    7.5000   45.0000    7.5000 2789.9988   15.6850
   -7.5000   52.5000    7.5000 2712.9124   16.7081
    0.0000   52.5000    7.5000 2711.8242   16.5854
    7.5000   52.5000    7.5000 2681.6006   16.7624
   -7.5000   60.0000    7.5000 2547.1313   17.9477
    0.0000   60.0000    7.5000 2550.8381   17.8718
    7.5000   60.0000    7.5000 2515.1702   18.0357
   -7.5000  -30.0000   15.0000 2247.5432   25.2525
    0.0000  -30.0000   15.0000 2246.9387   24.8121
    7.5000  -30.0000   15.0000 2240.2913   24.8188
   -7.5000  -22.5000   15.0000 2383.0061   22.4016
    0.0000  -22.5000   15.0000 2384.6035   22.0391
    7.5000  -22.5000   15.0000 2369.0447   21.9789
   -7.5000  -15.0000   15.0000 2518.3765   20.2456
    0.0000  -15.0000   15.0000 2518.8635   19.9785
    7.5000  -15.0000   15.0000 2493.6331   19.8521
   -7.5000   -7.5000   15.0000 2642.0388   18.6064
    0.0000   -7.5000   15.0000 2648.2356   18.3808
    7.5000   -7.5000   15.0000 2618.5139   18.2060
   -7.5000    0.0000   15.0000 2763.3730   17.3921
    0.0000    0.0000   15.0000 2770.1401   17.1674
    7.5000    0.0000   15.0000 2726.7974   16.9502
   -7.5000    7.5000   15.0000 2875.0872   16.5519
    0.0000    7.5000   15.0000 2883.1724   16.3414
    7.5000    7.5000   15.0000 2818.6143   16.0222
   -7.5000   15.0000   15.0000 2962.1809   15.9901
    0.0000   15.0000   15.0000 2965.9758   15.8065
    7.5000   15.0000   15.0000 2875.5852   15.4480
   -7.5000   22.5000   15.0000 2985.1934   15.4806
    0.0000   22.5000   15.0000 2973.5059   15.2833
    7.5000   22.5000   15.0000 2887.7944   15.1162
   -7.5000   30.0000   15.0000 2945.2468   15.2278
    0.0000   30.0000   15.0000 2937.5481   15.0694
    7.5000   30.0000   15.0000 2878.9006   15.0845
   -7.5000   37.5000   15.0000 2894.5991   15.3578
    0.0000   37.5000   15.0000 2903.8062   15.2730
    7.5000   37.5000   15.0000 2852.0530   15.3372
   -7.5000   45.0000   15.0000 2821.3333   15.9094
    0.0000   45.0000   15.0000 2831.5464   15.8436
    7.5000   45.0000   15.0000 2788.7729   15.9755
   -7.5000   52.5000   15.0000 2705.6978   16.8417
    0.0000   52.5000   15.0000 2710.3159   16.7845
    7.5000   52.5000   15.0000 2675.0439   16.9344
   -7.5000   60.0000   15.0000 2542.2234   18.0190
    0.0000   60.0000   15.0000 2546.9661   17.9144
    7.5000   60.0000   15.0000 2510.4204   18.0961
   -7.5000  -30.0000   22.5000 2247.1270   26.4009
    0.0000  -30.0000   22.5000 2241.1025   25.9806
    7.5000  -30.0000   22.5000 2222.1458   25.9344
   -7.5000  -22.5000   22.5000 2391.5918   23.4046
    0.0000  -22.5000   22.5000 2381.7278   23.0121
    7.5000  -22.5000   22.5000 2361.4402   22.9479
   -7.5000  -15.0000   22.5000 2519.3940   21.0606
    0.0000  -15.0000   22.5000 2510.8899   20.7736
    7.5000  -15.0000   22.5000 2486.5471   20.6680
   -7.5000   -7.5000   22.5000 2640.2966   19.2350
    0.0000   -7.5000   22.5000 2636.4927   18.9411
    7.5000   -7.5000   22.5000 2608.0574   18.8008
   -7.5000    0.0000   22.5000 2759.2666   17.7882
    0.0000    0.0000   22.5000 2756.9346   17.5120
    7.5000    0.0000   22.5000 2718.0251   17.3646
   -7.5000    7.5000   22.5000 2867.1707   16.7757
    0.0000    7.5000   22.5000 2872.5662   16.4916
    7.5000    7.5000   22.5000 2814.5139   16.3286
   -7.5000   15.0000   22.5000 2934.0339   15.8917
    0.0000   15.0000   22.5000 2938.8069   15.7330
    7.5000   15.0000   22.5000 2868.8259   15.6905
   -7.5000   22.5000   22.5000 2946.6450   15.2191
    0.0000   22.5000   22.5000 2938.7783   15.1030
    7.5000   22.5000   22.5000 2890.9946   15.3685
   -7.5000   30.0000   22.5000 2929.1790   15.2199
    0.0000   30.0000   22.5000 2926.8103   15.1165
    7.5000   30.0000   22.5000 2881.6567   15.3828
   -7.5000   37.5000   22.5000 2882.7854   15.6456
    0.0000   37.5000   22.5000 2892.0723   15.5452
    7.5000   37.5000   22.5000 2849.7319   15.7445
   -7.5000   45.0000   22.5000 2809.7957   16.3567
    0.0000   45.0000   22.5000 2823.5806   16.2733
    7.5000   45.0000   22.5000 2784.3015   16.4537
   -7.5000   52.5000   22.5000 2689.6768   17.3294
    0.0000   52.5000   22.5000 2700.4058   17.2671
    7.5000   52.5000   22.5000 2663.2166   17.4037
   -7.5000   60.0000   22.5000 2519.7119   18.4219
    0.0000   60.0000   22.5000 2529.0039   18.3715
    7.5000   60.0000   22.5000 2494.7556   18.5130
   -7.5000  -30.0000   30.0000 2229.7229   27.4569
    0.0000  -30.0000   30.0000 2220.0508   27.0504
    7.5000  -30.0000   30.0000 2200.8857   27.1411
   -7.5000  -22.5000   30.0000 2369.7397   24.1587
    0.0000  -22.5000   30.0000 2357.8826   23.7765
    7.5000  -22.5000   30.0000 2332.6575   23.8837
   -7.5000  -15.0000   30.0000 2486.2166   21.6103
    0.0000  -15.0000   30.0000 2481.0447   21.2740
    7.5000  -15.0000   30.0000 2452.3547   21.3599
   -7.5000   -7.5000   30.0000 2602.1992   19.5715
    0.0000   -7.5000   30.0000 2602.6140   19.3023
    7.5000   -7.5000   30.0000 2574.1702   19.3853
   -7.5000    0.0000   30.0000 2707.1941   17.9562
    0.0000    0.0000   30.0000 2708.5278   17.7619
    7.5000    0.0000   30.0000 2681.2087   17.8176
   -7.5000    7.5000   30.0000 2800.0579   16.7547
    0.0000    7.5000   30.0000 2812.1475   16.6347
    7.5000    7.5000   30.0000 2775.9836   16.6829
   -7.5000   15.0000   30.0000 2851.9175   15.7130
    0.0000   15.0000   30.0000 2865.0122   15.6732
    7.5000   15.0000   30.0000 2834.2781   16.0011
   -7.5000   22.5000   30.0000 2890.2576   15.2720
    0.0000   22.5000   30.0000 2893.6003   15.2126
    7.5000   22.5000   30.0000 2857.3218   15.6565
   -7.5000   30.0000   30.0000 2893.4177   15.5314
    0.0000   30.0000   30.0000 2898.9587   15.4519
    7.5000   30.0000   30.0000 2850.3933   15.7522
   -7.5000   37.5000   30.0000 2851.7759   16.0978
    0.0000   37.5000   30.0000 2858.6960   15.9944
    7.5000   37.5000   30.0000 2818.5352   16.2542
   -7.5000   45.0000   30.0000 2781.2036   16.9086
    0.0000   45.0000   30.0000 2788.9148   16.7983
    7.5000   45.0000   30.0000 2754.9158   17.0328
   -7.5000   52.5000   30.0000 2666.3196   17.9416
    0.0000   52.5000   30.0000 2675.5022   17.8767
    7.5000   52.5000   30.0000 2636.0544   18.0367
   -7.5000   60.0000   30.0000 2495.6636   19.0612
    0.0000   60.0000   30.0000 2507.2612   18.9900
    7.5000   60.0000   30.0000 2462.4744   19.1201
   -7.5000  -30.0000   37.5000 2179.8291   28.1857
    0.0000  -30.0000   37.5000 2174.5918   27.8286
    7.5000  -30.0000   37.5000 2155.1685   28.1701
   -7.5000  -22.5000   37.5000 2321.5171   24.6506
    0.0000  -22.5000   37.5000 2312.1509   24.3665
    7.5000  -22.5000   37.5000 2285.3145   24.7225
   -7.5000  -15.0000   37.5000 2436.0540   21.9986
    0.0000  -15.0000   37.5000 2435.5452   21.7963
    7.5000  -15.0000   37.5000 2409.2002   22.1530
   -7.5000   -7.5000   37.5000 2552.5029   19.9049
    0.0000   -7.5000   37.5000 2557.3113   19.7767
    7.5000   -7.5000   37.5000 2527.5537   20.0706
   -7.5000    0.0000   37.5000 2661.9744   18.3360
    0.0000    0.0000   37.5000 2667.8538   18.2330
    7.5000    0.0000   37.5000 2635.5457   18.4169
   -7.5000    7.5000   37.5000 2751.7339   17.0517
    0.0000    7.5000   37.5000 2763.4790   16.9982
    7.5000    7.5000   37.5000 2732.7065   17.2920
   -7.5000   15.0000   37.5000 2814.0625   16.1151
    0.0000   15.0000   37.5000 2814.1130   16.0456
    7.5000   15.0000   37.5000 2795.0593   16.5549
   -7.5000   22.5000   37.5000 2864.9294   15.8714
    0.0000   22.5000   37.5000 2859.8328   15.7962
    7.5000   22.5000   37.5000 2823.7422   16.2130
   -7.5000   30.0000   37.5000 2855.2688   16.1801
    0.0000   30.0000   37.5000 2857.7158   16.0625
    7.5000   30.0000   37.5000 2812.7439   16.3704
   -7.5000   37.5000   37.5000 2808.4604   16.7496
    0.0000   37.5000   37.5000 2810.3425   16.6397
    7.5000   37.5000   37.5000 2769.4353   16.8831
   -7.5000   45.0000   37.5000 2732.0483   17.5392
    0.0000   45.0000   37.5000 2741.2749   17.4500
    7.5000   45.0000   37.5000 2700.6470   17.6867
   -7.5000   52.5000   37.5000 2616.3723   18.5667
    0.0000   52.5000   37.5000 2623.1721   18.5115
    7.5000   52.5000   37.5000 2590.6846   18.7019
   -7.5000   60.0000   37.5000 2457.6873   19.7725
    0.0000   60.0000   37.5000 2463.5847   19.6706
    7.5000   60.0000   37.5000 2428.0525   19.8377
   -7.5000  -30.0000   45.0000 2126.0864   29.0299
    0.0000  -30.0000   45.0000 2123.7722   28.7095
    7.5000  -30.0000   45.0000 2106.8330   29.3114
   -7.5000  -22.5000   45.0000 2265.5654   25.3648
    0.0000  -22.5000   45.0000 2261.9219   25.1508
    7.5000  -22.5000   45.0000 2239.9661   25.7518
   -7.5000  -15.0000   45.0000 2382.0903   22.6178
    0.0000  -15.0000   45.0000 2389.0435   22.5382
    7.5000  -15.0000   45.0000 2364.4475   23.0579
   -7.5000   -7.5000   45.0000 2505.2209   20.5475
    0.0000   -7.5000   45.0000 2512.6162   20.4856
    7.5000   -7.5000   45.0000 2484.1470   20.8893
   -7.5000    0.0000   45.0000 2614.6863   18.8757
    0.0000    0.0000   45.0000 2617.9971   18.8413
    7.5000    0.0000   45.0000 2591.3828   19.2371
   -7.5000    7.5000   45.0000 2702.9424   17.6018
    0.0000    7.5000   45.0000 2703.1372   17.5151
    7.5000    7.5000   45.0000 2678.2373   18.1028
   -7.5000   15.0000   45.0000 2767.3091   16.8245
    0.0000   15.0000   45.0000 2760.7761   16.7298
    7.5000   15.0000   45.0000 2733.9919   17.2687
   -7.5000   22.5000   45.0000 2810.8894   16.6735
    0.0000   22.5000   45.0000 2804.2141   16.5867
    7.5000   22.5000   45.0000 2772.6938   17.0065
   -7.5000   30.0000   45.0000 2798.9917   17.0136
    0.0000   30.0000   45.0000 2797.3850   16.8974
    7.5000   30.0000   45.0000 2755.2695   17.2093
   -7.5000   37.5000   45.0000 2753.5898   17.5504
    0.0000   37.5000   45.0000 2751.4636   17.4479
    7.5000   37.5000   45.0000 2717.2334   17.7303
   -7.5000   45.0000   45.0000 2673.0645   18.3408
    0.0000   45.0000   45.0000 2679.1333   18.2440
    7.5000   45.0000   45.0000 2646.0754   18.5340
   -7.5000   52.5000   45.0000 2558.4397   19.3564
    0.0000   52.5000   45.0000 2565.9028   19.2806
    7.5000   52.5000   45.0000 2530.2603   19.5207
   -7.5000   60.0000   45.0000 2389.8606   20.5643
    0.0000   60.0000   45.0000 2402.1113   20.4922
    7.5000   60.0000   45.0000 2370.8735   20.6858
   -7.5000  -30.0000   52.5000 2076.1990   29.9685
    0.0000  -30.0000   52.5000 2080.5146   29.7785
    7.5000  -30.0000   52.5000 2065.5925   30.5505
   -7.5000  -22.5000   52.5000 2216.8652   26.1813
    0.0000  -22.5000   52.5000 2219.7949   26.1218
    7.5000  -22.5000   52.5000 2200.1736   26.8438
   -7.5000  -15.0000   52.5000 2342.6091   23.4286
    0.0000  -15.0000   52.5000 2347.6270   23.4034
    7.5000  -15.0000   52.5000 2323.3872   24.0611
   -7.5000   -7.5000   52.5000 2459.1357   21.3132
    0.0000   -7.5000   52.5000 2461.8560   21.2721
    7.5000   -7.5000   52.5000 2440.0957   21.8931
   -7.5000    0.0000   52.5000 2564.1064   19.6232
    0.0000    0.0000   52.5000 2565.4158   19.5766
    7.5000    0.0000   52.5000 2540.0469   20.2144
   -7.5000    7.5000   52.5000 2652.5266   18.4605
    0.0000    7.5000   52.5000 2647.5967   18.3780
    7.5000    7.5000   52.5000 2614.5073   19.0232
   -7.5000   15.0000   52.5000 2710.7200   17.7695
    0.0000   15.0000   52.5000 2701.4851   17.7048
    7.5000   15.0000   52.5000 2664.7239   18.2123
   -7.5000   22.5000   52.5000 2740.3752   17.6229
    0.0000   22.5000   52.5000 2740.1895   17.5534
    7.5000   22.5000   52.5000 2697.1367   17.9782
   -7.5000   30.0000   52.5000 2726.9897   17.9229
    0.0000   30.0000   52.5000 2721.6172   17.8707
    7.5000   30.0000   52.5000 2686.4360   18.2239
   -7.5000   37.5000   52.5000 2674.9216   18.4680
    0.0000   37.5000   52.5000 2674.8931   18.4220
    7.5000   37.5000   52.5000 2645.5232   18.7743
   -7.5000   45.0000   52.5000 2599.5552   19.2158
    0.0000   45.0000   52.5000 2608.7788   19.1862
    7.5000   45.0000   52.5000 2572.4902   19.5557
   -7.5000   52.5000   52.5000 2486.0195   20.2222
    0.0000   52.5000   52.5000 2496.4265   20.2250
    7.5000   52.5000   52.5000 2459.1484   20.5853
   -7.5000   60.0000   52.5000 2318.8672   21.4710
    0.0000   60.0000   52.5000 2327.6023   21.4682
    7.5000   60.0000   52.5000 2295.3745   21.7588

---------------------------------------------------------------------
imgreg_4dfp /opt/freesurfer/average/711-2C_as_mni_average_305 /opt/freesurfer/average/711-2B_as_mni_average_305_mask talsrcimg_g11 none talsrcimg_to_711-2C_as_mni_average_305_t4 1283
---------------------------------------------------------------------

freesurfer imgreg_4dfp.c
/opt/freesurfer/average/711-2C_as_mni_average_305.4dfp.img
       256       256       256         1
  1.000000  1.000000  1.000000
orientation T byte_order littleendian
Reading image: /opt/freesurfer/average/711-2C_as_mni_average_305.4dfp.img
dimensions:      256       256       256
mmppix:       1.0000   -1.0000   -1.0000
center:     128.0000 -129.0000 -129.0000
/opt/freesurfer/average/711-2B_as_mni_average_305_mask.4dfp.img
       256       256       256         1
  1.000000  1.000000  1.000000
orientation T byte_order littleendian
Reading mask: /opt/freesurfer/average/711-2B_as_mni_average_305_mask.4dfp.img (2306576 pixels)
talsrcimg_g11.4dfp.img
       256       256       256         1
  1.000000  1.000000  1.000000
orientation T byte_order littleendian
Reading image: talsrcimg_g11.4dfp.img
dimensions:      256       256       256
mmppix:       1.0000   -1.0000   -1.0000
center:     128.0000 -129.0000 -129.0000
rotation matrix determinant  1.000000
fimgreg.f
image alignment mode   1283 decimal      503 hex
parameters
   -7.5000   22.5000   15.0000    0.0000    0.0000    0.0000
eta,q 0.93594 15.49341
niter,ni,del,rscale     5    3   12.0000    1.2000
parameter  1 -0.735668 -> -0.500000 qaram    1.1500
parameter  2  0.600411 ->  0.500000 qaram    1.1500
parameter  4  3.996912 ->  0.500000 qaram    1.1500
parameter  5 -0.501849 -> -0.500000 qaram    1.1500
parameter  6  0.736327 ->  0.500000 qaram    1.1500
parameters
   -4.0500   19.0500   14.0922   -3.4500    3.4500   -3.4500
eta,q 0.94939 15.73420
  0.0881  0.0595  0.0650  0.0541  0.0667  0.0513
  0.0798  0.0585  0.0614  0.0553  0.0611  0.0506
  0.0717  0.0583  0.0592  0.0562  0.0572  0.0511
  0.0654  0.0602  0.0587  0.0586  0.0555  0.0527
  0.0608  0.0642  0.0602  0.0605  0.0532  0.0549
  0.0599  0.0678  0.0643  0.0623  0.0529  0.0577
  0.0615  0.0729  0.0720  0.0640  0.0550  0.0609
niter,ni,del,rscale     7    3   12.0000    1.2000
parameters
   -4.4710   20.1223   13.8295   -5.9417    2.7252   -3.6333
eta,q 0.95090 15.79785
  0.0709  0.0708  0.0620  0.0530  0.0584  0.0565
  0.0605  0.0604  0.0556  0.0492  0.0533  0.0530
  0.0524  0.0528  0.0519  0.0489  0.0504  0.0506
  0.0506  0.0504  0.0506  0.0506  0.0488  0.0490
  0.0553  0.0515  0.0520  0.0534  0.0506  0.0496
  0.0642  0.0558  0.0564  0.0563  0.0569  0.0533
  0.0760  0.0599  0.0649  0.0592  0.0638  0.0579
niter,ni,del,rscale     6    3   12.0000    1.2000
parameters
   -4.4164   20.5810   13.4367   -6.0193    2.5955   -3.5665
eta,q 0.95071 15.76123
  0.0735  0.0687  0.0607  0.0584  0.0607  0.0569
  0.0613  0.0594  0.0534  0.0529  0.0543  0.0533
  0.0523  0.0511  0.0498  0.0490  0.0511  0.0509
  0.0491  0.0491  0.0494  0.0493  0.0493  0.0493
  0.0518  0.0522  0.0512  0.0514  0.0500  0.0496
  0.0612  0.0574  0.0559  0.0543  0.0549  0.0528
  0.0726  0.0629  0.0638  0.0573  0.0620  0.0572
niter,ni,del,rscale     5    3   12.0000    1.2000
parameters
   -4.4055   20.6459   13.4019   -6.0611    2.5831   -3.5436
eta,q 0.95068 15.75715
  0.0732  0.0670  0.0622  0.0587  0.0611  0.0568
  0.0609  0.0576  0.0546  0.0531  0.0545  0.0532
  0.0523  0.0500  0.0501  0.0490  0.0512  0.0508
  0.0493  0.0493  0.0494  0.0494  0.0493  0.0493
  0.0522  0.0533  0.0508  0.0514  0.0499  0.0497
  0.0613  0.0586  0.0549  0.0544  0.0545  0.0529
  0.0727  0.0643  0.0623  0.0573  0.0617  0.0573
registration optimization eta report
parameter search radius
    6.9000    6.9000    6.0000    6.9000    6.9000    6.9000
100000*second partial in parameter space
       49.       34.       36.       18.       26.       16.
  0.0732  0.0670  0.0622  0.0587  0.0611  0.0568
  0.0609  0.0576  0.0546  0.0531  0.0545  0.0532
  0.0523  0.0500  0.0501  0.0490  0.0512  0.0508
  0.0493  0.0493  0.0494  0.0494  0.0493  0.0493
  0.0522  0.0533  0.0508  0.0514  0.0499  0.0497
  0.0613  0.0586  0.0549  0.0544  0.0545  0.0529
  0.0727  0.0643  0.0623  0.0573  0.0617  0.0573
   -4.4055   20.6459   13.4019   -6.0611    2.5831   -3.5436
eta,q 0.95068 15.75715

---------------------------------------------------------------------
imgreg_4dfp /opt/freesurfer/average/711-2C_as_mni_average_305 /opt/freesurfer/average/711-2B_as_mni_average_305_mask talsrcimg_g11 none talsrcimg_to_711-2C_as_mni_average_305_t4 3335
---------------------------------------------------------------------

freesurfer imgreg_4dfp.c
/opt/freesurfer/average/711-2C_as_mni_average_305.4dfp.img
       256       256       256         1
  1.000000  1.000000  1.000000
orientation T byte_order littleendian
Reading image: /opt/freesurfer/average/711-2C_as_mni_average_305.4dfp.img
dimensions:      256       256       256
mmppix:       1.0000   -1.0000   -1.0000
center:     128.0000 -129.0000 -129.0000
/opt/freesurfer/average/711-2B_as_mni_average_305_mask.4dfp.img
       256       256       256         1
  1.000000  1.000000  1.000000
orientation T byte_order littleendian
Reading mask: /opt/freesurfer/average/711-2B_as_mni_average_305_mask.4dfp.img (2306576 pixels)
talsrcimg_g11.4dfp.img
       256       256       256         1
  1.000000  1.000000  1.000000
orientation T byte_order littleendian
Reading image: talsrcimg_g11.4dfp.img
dimensions:      256       256       256
mmppix:       1.0000   -1.0000   -1.0000
center:     128.0000 -129.0000 -129.0000
fimgreg.f
image alignment mode   3335 decimal      D07 hex
parameters
   -4.4055   20.6459   13.4019   -0.2926   -0.7785   -0.6600
    6.6212   -3.8205   -6.1745   10.8156    4.5068  -10.5481
eta,q 0.95005 15.84300
niter,ni,del,rscale     5    3    5.0000    1.2000
parameter  4  1.419160 ->  0.500000 qaram    1.1500
parameter  5  1.728482 ->  0.500000 qaram    1.1500
parameter 12  1.033987 ->  0.500000 qaram    1.1500
parameters
   -4.5979   20.7912   13.2992   -4.4326   -4.9185   -0.2368
    6.2983   -4.0497   -4.1583   10.1026    3.4571  -14.6881
eta,q 0.96167 15.69803
  0.0527  0.0524  0.0514  0.0438  0.0381  0.0425  0.0429  0.0459  0.0432  0.0420  0.0399  0.0381
  0.0510  0.0510  0.0507  0.0444  0.0390  0.0415  0.0410  0.0421  0.0415  0.0405  0.0395  0.0383
  0.0501  0.0502  0.0501  0.0465  0.0414  0.0405  0.0398  0.0399  0.0401  0.0395  0.0392  0.0386
  0.0500  0.0499  0.0499  0.0499  0.0448  0.0395  0.0394  0.0394  0.0393  0.0391  0.0391  0.0391
  0.0505  0.0501  0.0501  0.0540  0.0487  0.0387  0.0399  0.0404  0.0391  0.0397  0.0394  0.0399
  0.0518  0.0508  0.0507  0.0583  0.0528  0.0391  0.0414  0.0428  0.0395  0.0413  0.0399  0.0408
  0.0538  0.0518  0.0519  0.0631  0.0571  0.0434  0.0436  0.0467  0.0405  0.0438  0.0407  0.0419
niter,ni,del,rscale     7    3    5.0000    1.2000
parameter  4  0.504114 ->  0.500000 qaram    1.3225
parameter  5  0.672543 ->  0.500000 qaram    1.3225
parameter 12  0.778084 ->  0.500000 qaram    1.3225
parameters
   -4.6097   21.8280   13.4251   -9.1936   -9.6795    2.8152
    7.2484   -4.7522   -3.1363   10.7258    1.4993  -19.4491
eta,q 0.96640 15.32719
  0.0426  0.0439  0.0391  0.0378  0.0358  0.0379  0.0374  0.0388  0.0366  0.0372  0.0345  0.0338
  0.0403  0.0415  0.0384  0.0375  0.0356  0.0370  0.0361  0.0355  0.0355  0.0356  0.0343  0.0336
  0.0388  0.0395  0.0380  0.0371  0.0359  0.0363  0.0351  0.0344  0.0347  0.0347  0.0342  0.0338
  0.0383  0.0383  0.0378  0.0378  0.0373  0.0356  0.0345  0.0344  0.0344  0.0343  0.0343  0.0342
  0.0388  0.0378  0.0379  0.0406  0.0403  0.0348  0.0345  0.0353  0.0343  0.0343  0.0344  0.0349
  0.0403  0.0380  0.0382  0.0449  0.0443  0.0341  0.0351  0.0373  0.0347  0.0349  0.0347  0.0357
  0.0427  0.0388  0.0388  0.0499  0.0489  0.0362  0.0364  0.0406  0.0357  0.0364  0.0352  0.0366
niter,ni,del,rscale     7    3    5.0000    1.2000
parameter  2 -0.583966 -> -0.500000 qaram    1.1500
parameter 11  1.492895 ->  0.500000 qaram    1.1500
parameters
   -4.5954   23.2080   13.3999  -11.0255  -12.9389    1.0197
    7.7845   -5.1632   -1.7127   12.5016   -2.6407  -21.8977
eta,q 0.96737 14.81829
  0.0370  0.0385  0.0345  0.0357  0.0348  0.0350  0.0361  0.0372  0.0358  0.0364  0.0330  0.0340
  0.0352  0.0364  0.0334  0.0344  0.0338  0.0344  0.0350  0.0342  0.0348  0.0348  0.0329  0.0329
  0.0341  0.0348  0.0328  0.0336  0.0331  0.0337  0.0341  0.0332  0.0339  0.0338  0.0330  0.0326
  0.0336  0.0336  0.0327  0.0327  0.0332  0.0331  0.0336  0.0335  0.0334  0.0334  0.0333  0.0329
  0.0339  0.0329  0.0329  0.0331  0.0349  0.0331  0.0336  0.0343  0.0334  0.0333  0.0335  0.0336
  0.0350  0.0327  0.0335  0.0363  0.0388  0.0369  0.0343  0.0355  0.0337  0.0336  0.0337  0.0345
  0.0371  0.0333  0.0344  0.0422  0.0445  0.0438  0.0357  0.0374  0.0345  0.0342  0.0339  0.0355
niter,ni,del,rscale     7    3    5.0000    1.2000
parameters
   -4.8076   24.1753   13.1000  -12.3608  -14.9376   -0.2934
    7.8784   -5.3498    0.0128   15.8115   -3.8225  -24.5434
eta,q 0.96774 14.56336
  0.0354  0.0373  0.0335  0.0358  0.0349  0.0350  0.0355  0.0376  0.0352  0.0361  0.0333  0.0333
  0.0338  0.0352  0.0328  0.0342  0.0338  0.0342  0.0343  0.0342  0.0342  0.0346  0.0326  0.0324
  0.0329  0.0336  0.0324  0.0330  0.0329  0.0335  0.0335  0.0329  0.0335  0.0335  0.0325  0.0322
  0.0326  0.0326  0.0323  0.0323  0.0325  0.0327  0.0331  0.0331  0.0331  0.0329  0.0326  0.0325
  0.0332  0.0323  0.0326  0.0327  0.0332  0.0327  0.0332  0.0341  0.0329  0.0327  0.0329  0.0331
  0.0345  0.0326  0.0333  0.0353  0.0357  0.0350  0.0340  0.0354  0.0332  0.0327  0.0332  0.0338
  0.0367  0.0335  0.0343  0.0400  0.0402  0.0405  0.0356  0.0371  0.0339  0.0330  0.0335  0.0347
niter,ni,del,rscale     6    3    5.0000    1.2000
parameter 10 -0.556910 -> -0.500000 qaram    1.1500
parameters
   -4.8267   25.3336   12.3152  -13.5108  -16.9718   -1.3720
    7.4284   -5.1206   -0.2082   19.9515   -1.2681  -27.5075
eta,q 0.96832 14.40170
  0.0352  0.0367  0.0323  0.0352  0.0342  0.0343  0.0343  0.0372  0.0336  0.0352  0.0330  0.0323
  0.0337  0.0346  0.0319  0.0337  0.0330  0.0335  0.0333  0.0340  0.0329  0.0340  0.0323  0.0318
  0.0326  0.0332  0.0317  0.0324  0.0322  0.0327  0.0326  0.0325  0.0325  0.0331  0.0320  0.0317
  0.0323  0.0323  0.0318  0.0317  0.0319  0.0320  0.0323  0.0323  0.0324  0.0324  0.0319  0.0318
  0.0326  0.0319  0.0323  0.0321  0.0326  0.0319  0.0326  0.0331  0.0326  0.0320  0.0318  0.0322
  0.0336  0.0320  0.0331  0.0345  0.0349  0.0338  0.0335  0.0343  0.0330  0.0319  0.0319  0.0328
  0.0354  0.0326  0.0342  0.0387  0.0391  0.0385  0.0351  0.0360  0.0338  0.0323  0.0320  0.0335
niter,ni,del,rscale     6    3    5.0000    1.2000
parameter  3  0.649452 ->  0.500000 qaram    1.1500
parameter 11 -0.559098 -> -0.500000 qaram    1.3225
parameters
   -4.4787   26.5724   10.9352  -14.1299  -18.4050   -2.5696
    6.7182   -4.6312   -2.6774   22.0038    3.4929  -28.2825
eta,q 0.96935 14.25025
  0.0349  0.0361  0.0309  0.0337  0.0335  0.0329  0.0329  0.0360  0.0318  0.0348  0.0318  0.0318
  0.0333  0.0341  0.0308  0.0323  0.0322  0.0321  0.0319  0.0329  0.0312  0.0331  0.0313  0.0311
  0.0322  0.0325  0.0310  0.0314  0.0313  0.0315  0.0314  0.0315  0.0311  0.0319  0.0310  0.0307
  0.0317  0.0316  0.0312  0.0309  0.0309  0.0311  0.0313  0.0313  0.0313  0.0311  0.0309  0.0307
  0.0317  0.0312  0.0317  0.0309  0.0312  0.0307  0.0316  0.0317  0.0318  0.0309  0.0307  0.0309
  0.0323  0.0313  0.0324  0.0322  0.0331  0.0326  0.0324  0.0328  0.0326  0.0313  0.0307  0.0314
  0.0335  0.0318  0.0334  0.0355  0.0370  0.0371  0.0338  0.0344  0.0336  0.0324  0.0308  0.0321
niter,ni,del,rscale     7    3    5.0000    1.2000
parameters
   -4.1845   26.8765   10.3594  -13.4799  -18.7481   -2.8012
    6.4970   -4.5565   -3.3650   22.8374    2.8243  -29.1935
eta,q 0.96932 14.30502
  0.0338  0.0337  0.0312  0.0329  0.0335  0.0324  0.0327  0.0342  0.0322  0.0339  0.0311  0.0317
  0.0323  0.0320  0.0309  0.0314  0.0322  0.0316  0.0316  0.0319  0.0313  0.0323  0.0309  0.0310
  0.0312  0.0310  0.0307  0.0306  0.0312  0.0310  0.0309  0.0309  0.0308  0.0312  0.0308  0.0307
  0.0307  0.0306  0.0306  0.0306  0.0307  0.0307  0.0307  0.0307  0.0307  0.0307  0.0307  0.0307
  0.0308  0.0308  0.0308  0.0309  0.0308  0.0302  0.0311  0.0311  0.0311  0.0309  0.0308  0.0310
  0.0314  0.0315  0.0313  0.0310  0.0318  0.0304  0.0318  0.0321  0.0318  0.0315  0.0310  0.0314
  0.0326  0.0324  0.0320  0.0322  0.0346  0.0340  0.0328  0.0337  0.0328  0.0329  0.0312  0.0320
niter,ni,del,rscale     6    3    5.0000    1.2000
parameters
   -4.0263   27.0367   10.0033  -14.0674  -18.8749   -3.2713
    6.4275   -4.3012   -3.4361   23.1577    3.0697  -29.1520
eta,q 0.96929 14.23344
  0.0334  0.0333  0.0313  0.0326  0.0334  0.0322  0.0328  0.0346  0.0324  0.0335  0.0313  0.0319
  0.0320  0.0318  0.0309  0.0313  0.0321  0.0315  0.0316  0.0321  0.0315  0.0320  0.0309  0.0312
  0.0311  0.0309  0.0308  0.0306  0.0312  0.0310  0.0309  0.0310  0.0309  0.0311  0.0308  0.0308
  0.0307  0.0307  0.0307  0.0307  0.0306  0.0306  0.0307  0.0307  0.0307  0.0307  0.0307  0.0307
  0.0309  0.0310  0.0308  0.0309  0.0307  0.0301  0.0310  0.0311  0.0309  0.0310  0.0308  0.0309
  0.0316  0.0316  0.0312  0.0314  0.0315  0.0306  0.0318  0.0321  0.0315  0.0317  0.0309  0.0313
  0.0328  0.0326  0.0318  0.0333  0.0342  0.0343  0.0328  0.0337  0.0324  0.0331  0.0312  0.0318
niter,ni,del,rscale     5    3    5.0000    1.2000
parameters
   -3.9926   27.1473   10.0373  -13.9827  -19.0784   -3.1450
    6.3719   -4.2714   -3.4748   23.3467    3.1290  -29.1759
eta,q 0.96927 14.23792
  0.0333  0.0332  0.0315  0.0329  0.0334  0.0323  0.0328  0.0343  0.0324  0.0334  0.0312  0.0319
  0.0319  0.0317  0.0312  0.0315  0.0322  0.0316  0.0317  0.0319  0.0315  0.0320  0.0309  0.0312
  0.0310  0.0309  0.0309  0.0307  0.0312  0.0311  0.0309  0.0309  0.0309  0.0310  0.0308  0.0308
  0.0307  0.0307  0.0307  0.0307  0.0307  0.0307  0.0307  0.0307  0.0307  0.0307  0.0307  0.0307
  0.0310  0.0310  0.0308  0.0311  0.0308  0.0303  0.0311  0.0312  0.0310  0.0310  0.0308  0.0309
  0.0318  0.0317  0.0310  0.0314  0.0317  0.0302  0.0318  0.0322  0.0315  0.0317  0.0310  0.0313
  0.0332  0.0326  0.0316  0.0327  0.0343  0.0333  0.0328  0.0339  0.0324  0.0332  0.0312  0.0319
niter,ni,del,rscale     4    3    5.0000    1.2000
parameters
   -3.9729   27.1741   10.0242  -14.0470  -19.1010   -3.1875
    6.3299   -4.2504   -3.5016   23.3815    3.2040  -29.1410
eta,q 0.96926 14.22921
  0.0333  0.0330  0.0315  0.0328  0.0335  0.0323  0.0329  0.0342  0.0324  0.0333  0.0312  0.0319
  0.0319  0.0316  0.0311  0.0314  0.0322  0.0316  0.0317  0.0320  0.0315  0.0319  0.0309  0.0312
  0.0310  0.0309  0.0309  0.0307  0.0313  0.0310  0.0309  0.0309  0.0309  0.0310  0.0308  0.0308
  0.0307  0.0307  0.0307  0.0307  0.0307  0.0307  0.0307  0.0307  0.0307  0.0307  0.0307  0.0307
  0.0310  0.0311  0.0308  0.0311  0.0308  0.0302  0.0311  0.0312  0.0310  0.0310  0.0308  0.0309
  0.0319  0.0318  0.0311  0.0314  0.0316  0.0303  0.0318  0.0322  0.0315  0.0318  0.0310  0.0313
  0.0332  0.0327  0.0316  0.0328  0.0341  0.0335  0.0328  0.0339  0.0324  0.0333  0.0312  0.0318
registration optimization eta report
parameter search radius
    2.4000    2.7600    2.7600    9.5220    9.5220    7.2000
    7.2000    7.2000    7.2000    8.2800    9.5220    9.5220
100000*second partial in parameter space
       44.       28.       10.        2.        3.        5.
        4.        6.        3.        4.        1.        1.
  0.0333  0.0330  0.0315  0.0328  0.0335  0.0323  0.0329  0.0342  0.0324  0.0333  0.0312  0.0319
  0.0319  0.0316  0.0311  0.0314  0.0322  0.0316  0.0317  0.0320  0.0315  0.0319  0.0309  0.0312
  0.0310  0.0309  0.0309  0.0307  0.0313  0.0310  0.0309  0.0309  0.0309  0.0310  0.0308  0.0308
  0.0307  0.0307  0.0307  0.0307  0.0307  0.0307  0.0307  0.0307  0.0307  0.0307  0.0307  0.0307
  0.0310  0.0311  0.0308  0.0311  0.0308  0.0302  0.0311  0.0312  0.0310  0.0310  0.0308  0.0309
  0.0319  0.0318  0.0311  0.0314  0.0316  0.0303  0.0318  0.0322  0.0315  0.0318  0.0310  0.0313
  0.0332  0.0327  0.0316  0.0328  0.0341  0.0335  0.0328  0.0339  0.0324  0.0333  0.0312  0.0318
   -3.9729   27.1741   10.0242  -14.0470  -19.1010   -3.1875
    6.3299   -4.2504   -3.5016   23.3815    3.2040  -29.1410
eta,q 0.96926 14.22921

---------------------------------------------------------------------
imgreg_4dfp /opt/freesurfer/average/711-2C_as_mni_average_305 /opt/freesurfer/average/711-2B_as_mni_average_305_mask talsrcimg_g11 none talsrcimg_to_711-2C_as_mni_average_305_t4 2311
---------------------------------------------------------------------

freesurfer imgreg_4dfp.c
/opt/freesurfer/average/711-2C_as_mni_average_305.4dfp.img
       256       256       256         1
  1.000000  1.000000  1.000000
orientation T byte_order littleendian
Reading image: /opt/freesurfer/average/711-2C_as_mni_average_305.4dfp.img
dimensions:      256       256       256
mmppix:       1.0000   -1.0000   -1.0000
center:     128.0000 -129.0000 -129.0000
/opt/freesurfer/average/711-2B_as_mni_average_305_mask.4dfp.img
       256       256       256         1
  1.000000  1.000000  1.000000
orientation T byte_order littleendian
Reading mask: /opt/freesurfer/average/711-2B_as_mni_average_305_mask.4dfp.img (2306576 pixels)
talsrcimg_g11.4dfp.img
       256       256       256         1
  1.000000  1.000000  1.000000
orientation T byte_order littleendian
Reading image: talsrcimg_g11.4dfp.img
dimensions:      256       256       256
mmppix:       1.0000   -1.0000   -1.0000
center:     128.0000 -129.0000 -129.0000
fimgreg.f
image alignment mode   2311 decimal      907 hex
parameters
   -3.9729   27.1741   10.0242  -14.0470  -19.1010   -3.1875
    6.3299   -4.2504   -3.5016   23.3815    3.2040  -29.1410
eta,q 0.96926 14.22920
niter,ni,del,rscale     5    3    5.0000    0.8000
parameter  6 -1.821133 -> -0.500000 qaram    1.1500
parameters
   -3.9842   27.0306   10.2682  -15.5030  -18.1016   -0.4275
    6.3807   -4.5747   -3.5049   23.8566    3.5344  -29.4994
eta,q 0.97010 14.35682
  0.0319  0.0313  0.0311  0.0310  0.0315  0.0316  0.0311  0.0315  0.0307  0.0312  0.0302  0.0303
  0.0312  0.0309  0.0309  0.0306  0.0311  0.0311  0.0305  0.0304  0.0303  0.0306  0.0301  0.0300
  0.0309  0.0308  0.0308  0.0306  0.0308  0.0307  0.0301  0.0300  0.0300  0.0301  0.0300  0.0299
  0.0307  0.0307  0.0307  0.0307  0.0306  0.0305  0.0300  0.0300  0.0299  0.0299  0.0299  0.0299
  0.0309  0.0309  0.0307  0.0309  0.0305  0.0303  0.0301  0.0303  0.0300  0.0300  0.0299  0.0300
  0.0313  0.0312  0.0308  0.0311  0.0307  0.0298  0.0305  0.0309  0.0303  0.0302  0.0300  0.0302
  0.0319  0.0316  0.0309  0.0312  0.0310  0.0299  0.0310  0.0318  0.0307  0.0308  0.0301  0.0304
niter,ni,del,rscale     5    3    5.0000    0.8000
parameters
   -3.9349   26.9359   10.1773  -14.1846  -17.7515   -1.6748
    6.5652   -4.5861   -3.4565   23.4236    1.9008  -30.1654
eta,q 0.96969 14.41776
  0.0312  0.0306  0.0304  0.0308  0.0307  0.0312  0.0315  0.0319  0.0312  0.0311  0.0304  0.0306
  0.0305  0.0302  0.0300  0.0303  0.0303  0.0308  0.0308  0.0309  0.0307  0.0306  0.0304  0.0304
  0.0301  0.0299  0.0299  0.0300  0.0300  0.0305  0.0305  0.0304  0.0305  0.0304  0.0303  0.0303
  0.0299  0.0299  0.0299  0.0299  0.0299  0.0299  0.0304  0.0304  0.0304  0.0304  0.0304  0.0303
  0.0300  0.0300  0.0300  0.0299  0.0300  0.0299  0.0305  0.0306  0.0305  0.0305  0.0304  0.0304
  0.0304  0.0303  0.0302  0.0300  0.0301  0.0321  0.0308  0.0311  0.0307  0.0308  0.0305  0.0306
  0.0311  0.0308  0.0304  0.0301  0.0305  0.0352  0.0313  0.0318  0.0311  0.0314  0.0306  0.0308
niter,ni,del,rscale     4    3    5.0000    0.7000
parameters
   -3.9092   26.9457    9.8471  -13.7911  -17.3706   -2.1202
    6.9426   -4.6489   -3.0165   23.2210    0.6302  -30.6054
eta,q 0.96964 14.44419
  0.0313  0.0309  0.0304  0.0308  0.0309  0.0314  0.0313  0.0319  0.0311  0.0310  0.0305  0.0307
  0.0307  0.0306  0.0303  0.0305  0.0306  0.0310  0.0308  0.0309  0.0308  0.0306  0.0304  0.0305
  0.0304  0.0304  0.0303  0.0303  0.0304  0.0307  0.0305  0.0304  0.0305  0.0304  0.0304  0.0304
  0.0303  0.0303  0.0303  0.0303  0.0303  0.0303  0.0304  0.0304  0.0304  0.0304  0.0304  0.0304
  0.0304  0.0304  0.0304  0.0304  0.0303  0.0299  0.0305  0.0307  0.0304  0.0305  0.0305  0.0305
  0.0307  0.0306  0.0305  0.0304  0.0305  0.0306  0.0307  0.0311  0.0306  0.0307  0.0305  0.0306
  0.0312  0.0309  0.0306  0.0306  0.0308  0.0331  0.0310  0.0317  0.0309  0.0311  0.0307  0.0308
niter,ni,del,rscale     3    3    5.0000    0.6000
parameters
   -3.9245   26.9304    9.7890  -13.4357  -17.2235   -2.0555
    7.0119   -4.5751   -2.7406   23.2991    0.6176  -30.6590
eta,q 0.96966 14.48791
  0.0310  0.0308  0.0305  0.0308  0.0308  0.0314  0.0310  0.0318  0.0309  0.0309  0.0305  0.0307
  0.0307  0.0305  0.0304  0.0305  0.0306  0.0310  0.0306  0.0309  0.0306  0.0306  0.0304  0.0305
  0.0304  0.0304  0.0304  0.0304  0.0304  0.0307  0.0304  0.0304  0.0304  0.0304  0.0304  0.0304
  0.0304  0.0304  0.0304  0.0304  0.0304  0.0304  0.0303  0.0303  0.0304  0.0303  0.0303  0.0303
  0.0304  0.0304  0.0304  0.0304  0.0304  0.0301  0.0304  0.0306  0.0304  0.0304  0.0304  0.0304
  0.0307  0.0306  0.0305  0.0305  0.0305  0.0304  0.0306  0.0310  0.0305  0.0306  0.0304  0.0305
  0.0311  0.0308  0.0306  0.0306  0.0308  0.0319  0.0309  0.0315  0.0307  0.0308  0.0305  0.0306
niter,ni,del,rscale     2    3    5.0000    0.5000
parameters
   -3.9262   26.9110    9.7991  -13.3298  -17.1181   -1.5213
    6.9520   -4.5143   -2.7395   23.7136    1.2241  -30.5432
eta,q 0.96977 14.54941
  0.0308  0.0306  0.0305  0.0306  0.0307  0.0312  0.0307  0.0313  0.0305  0.0307  0.0304  0.0305
  0.0306  0.0305  0.0304  0.0305  0.0305  0.0309  0.0304  0.0306  0.0304  0.0305  0.0303  0.0303
  0.0304  0.0304  0.0304  0.0304  0.0304  0.0306  0.0303  0.0303  0.0303  0.0303  0.0303  0.0302
  0.0303  0.0303  0.0303  0.0303  0.0303  0.0303  0.0302  0.0302  0.0302  0.0302  0.0302  0.0302
  0.0304  0.0304  0.0304  0.0304  0.0304  0.0301  0.0303  0.0304  0.0303  0.0303  0.0302  0.0303
  0.0306  0.0305  0.0304  0.0304  0.0304  0.0302  0.0304  0.0307  0.0304  0.0303  0.0303  0.0303
  0.0308  0.0306  0.0305  0.0306  0.0306  0.0310  0.0307  0.0311  0.0306  0.0305  0.0303  0.0304
niter,ni,del,rscale     1    3    5.0000    0.4000
parameter 11 -0.512077 -> -0.500000 qaram    1.1500
parameters
   -3.9086   26.9042    9.8279  -13.4468  -17.0988   -0.7539
    6.8832   -4.4811   -2.8269   24.1602    2.6041  -30.3238
eta,q 0.97000 14.60105
  0.0306  0.0304  0.0303  0.0303  0.0304  0.0309  0.0303  0.0307  0.0302  0.0304  0.0302  0.0302
  0.0304  0.0303  0.0303  0.0303  0.0303  0.0307  0.0301  0.0303  0.0301  0.0302  0.0301  0.0301
  0.0303  0.0302  0.0302  0.0302  0.0303  0.0305  0.0301  0.0301  0.0300  0.0301  0.0301  0.0300
  0.0302  0.0302  0.0302  0.0302  0.0302  0.0302  0.0300  0.0300  0.0300  0.0300  0.0300  0.0300
  0.0303  0.0303  0.0302  0.0303  0.0302  0.0300  0.0301  0.0301  0.0301  0.0300  0.0300  0.0300
  0.0304  0.0303  0.0303  0.0303  0.0303  0.0300  0.0302  0.0303  0.0301  0.0301  0.0300  0.0301
  0.0305  0.0304  0.0303  0.0304  0.0304  0.0306  0.0303  0.0306  0.0302  0.0302  0.0300  0.0301
niter,ni,del,rscale     1    3    5.0000    0.4000
parameters
   -3.8959   26.9075    9.9221  -13.7929  -17.3386   -0.5972
    6.8489   -4.7733   -3.1062   24.1218    2.9095  -30.2473
eta,q 0.97008 14.56118
  0.0303  0.0302  0.0302  0.0301  0.0301  0.0308  0.0302  0.0304  0.0301  0.0302  0.0301  0.0301
  0.0301  0.0301  0.0301  0.0300  0.0300  0.0306  0.0300  0.0301  0.0300  0.0300  0.0300  0.0300
  0.0300  0.0300  0.0300  0.0300  0.0300  0.0303  0.0300  0.0299  0.0299  0.0300  0.0299  0.0299
  0.0300  0.0300  0.0300  0.0300  0.0300  0.0300  0.0299  0.0299  0.0299  0.0299  0.0299  0.0299
  0.0300  0.0300  0.0300  0.0300  0.0300  0.0298  0.0300  0.0301  0.0300  0.0299  0.0299  0.0299
  0.0301  0.0301  0.0300  0.0300  0.0301  0.0301  0.0301  0.0303  0.0300  0.0300  0.0300  0.0300
  0.0303  0.0302  0.0301  0.0301  0.0302  0.0310  0.0302  0.0306  0.0302  0.0302  0.0300  0.0301
registration optimization eta report
parameter search radius
    0.8000    0.8000    0.8000    2.4000    2.4000    2.7600
    2.4000    2.4000    2.4000    2.4000    2.7600    2.4000
100000*second partial in parameter space
       47.       30.       25.        1.        3.       13.
        4.        9.        3.        5.        2.        3.
  0.0303  0.0302  0.0302  0.0301  0.0301  0.0308  0.0302  0.0304  0.0301  0.0302  0.0301  0.0301
  0.0301  0.0301  0.0301  0.0300  0.0300  0.0306  0.0300  0.0301  0.0300  0.0300  0.0300  0.0300
  0.0300  0.0300  0.0300  0.0300  0.0300  0.0303  0.0300  0.0299  0.0299  0.0300  0.0299  0.0299
  0.0300  0.0300  0.0300  0.0300  0.0300  0.0300  0.0299  0.0299  0.0299  0.0299  0.0299  0.0299
  0.0300  0.0300  0.0300  0.0300  0.0300  0.0298  0.0300  0.0301  0.0300  0.0299  0.0299  0.0299
  0.0301  0.0301  0.0300  0.0300  0.0301  0.0301  0.0301  0.0303  0.0300  0.0300  0.0300  0.0300
  0.0303  0.0302  0.0301  0.0301  0.0302  0.0310  0.0302  0.0306  0.0302  0.0302  0.0300  0.0301
   -3.8959   26.9075    9.9221  -13.7929  -17.3386   -0.5972
    6.8489   -4.7733   -3.1062   24.1218    2.9095  -30.2473
eta,q 0.97008 14.56118

---------------------------------------------------------------------
imgreg_4dfp /opt/freesurfer/average/711-2C_as_mni_average_305 /opt/freesurfer/average/711-2B_as_mni_average_305_mask talsrcimg_g11 none talsrcimg_to_711-2C_as_mni_average_305_t4 2311
---------------------------------------------------------------------

freesurfer imgreg_4dfp.c
/opt/freesurfer/average/711-2C_as_mni_average_305.4dfp.img
       256       256       256         1
  1.000000  1.000000  1.000000
orientation T byte_order littleendian
Reading image: /opt/freesurfer/average/711-2C_as_mni_average_305.4dfp.img
dimensions:      256       256       256
mmppix:       1.0000   -1.0000   -1.0000
center:     128.0000 -129.0000 -129.0000
/opt/freesurfer/average/711-2B_as_mni_average_305_mask.4dfp.img
       256       256       256         1
  1.000000  1.000000  1.000000
orientation T byte_order littleendian
Reading mask: /opt/freesurfer/average/711-2B_as_mni_average_305_mask.4dfp.img (2306576 pixels)
talsrcimg_g11.4dfp.img
       256       256       256         1
  1.000000  1.000000  1.000000
orientation T byte_order littleendian
Reading image: talsrcimg_g11.4dfp.img
dimensions:      256       256       256
mmppix:       1.0000   -1.0000   -1.0000
center:     128.0000 -129.0000 -129.0000
fimgreg.f
image alignment mode   2311 decimal      907 hex
parameters
   -3.8959   26.9075    9.9221  -13.7929  -17.3386   -0.5972
    6.8489   -4.7733   -3.1062   24.1218    2.9095  -30.2473
eta,q 0.97008 14.56118
niter,ni,del,rscale     5    3    5.0000    0.8000
parameters
   -3.9632   26.9405   10.0905  -13.6838  -17.7162   -1.4992
    6.9266   -4.5773   -3.1979   23.5785    1.2747  -30.2666
eta,q 0.96975 14.47117
  0.0310  0.0308  0.0308  0.0304  0.0305  0.0312  0.0313  0.0324  0.0310  0.0310  0.0304  0.0307
  0.0304  0.0303  0.0303  0.0301  0.0302  0.0309  0.0307  0.0310  0.0306  0.0305  0.0303  0.0304
  0.0300  0.0300  0.0300  0.0299  0.0300  0.0305  0.0304  0.0304  0.0304  0.0303  0.0303  0.0303
  0.0299  0.0299  0.0299  0.0299  0.0299  0.0299  0.0303  0.0303  0.0303  0.0303  0.0303  0.0303
  0.0301  0.0300  0.0300  0.0300  0.0300  0.0299  0.0304  0.0306  0.0304  0.0304  0.0304  0.0303
  0.0305  0.0303  0.0302  0.0301  0.0303  0.0316  0.0307  0.0311  0.0307  0.0308  0.0305  0.0305
  0.0313  0.0307  0.0304  0.0304  0.0309  0.0343  0.0312  0.0318  0.0311  0.0314  0.0306  0.0307
niter,ni,del,rscale     4    3    5.0000    0.7000
parameters
   -3.9303   26.9406    9.8802  -13.6989  -17.3458   -1.7727
    6.9678   -4.5153   -2.8774   23.4398    0.9454  -30.4666
eta,q 0.96970 14.47897
  0.0312  0.0308  0.0304  0.0307  0.0308  0.0312  0.0311  0.0320  0.0310  0.0310  0.0305  0.0307
  0.0307  0.0305  0.0303  0.0304  0.0305  0.0309  0.0307  0.0309  0.0306  0.0306  0.0304  0.0304
  0.0304  0.0303  0.0302  0.0303  0.0303  0.0306  0.0304  0.0304  0.0304  0.0303  0.0303  0.0303
  0.0303  0.0303  0.0303  0.0302  0.0302  0.0302  0.0303  0.0303  0.0303  0.0303  0.0303  0.0303
  0.0303  0.0303  0.0303  0.0303  0.0303  0.0299  0.0304  0.0306  0.0304  0.0304  0.0303  0.0304
  0.0306  0.0305  0.0304  0.0304  0.0304  0.0305  0.0306  0.0311  0.0305  0.0306  0.0304  0.0305
  0.0311  0.0308  0.0306  0.0307  0.0307  0.0324  0.0311  0.0317  0.0308  0.0310  0.0305  0.0307
niter,ni,del,rscale     3    3    5.0000    0.6000
parameters
   -3.9143   26.9368    9.8242  -13.4625  -17.2078   -1.5121
    6.9633   -4.4793   -2.7921   23.7067    1.2754  -30.4844
eta,q 0.96976 14.53238
  0.0310  0.0307  0.0305  0.0307  0.0307  0.0312  0.0308  0.0316  0.0307  0.0308  0.0305  0.0306
  0.0306  0.0305  0.0304  0.0305  0.0305  0.0309  0.0305  0.0307  0.0304  0.0305  0.0303  0.0304
  0.0304  0.0303  0.0303  0.0303  0.0304  0.0306  0.0303  0.0303  0.0303  0.0303  0.0303  0.0302
  0.0303  0.0303  0.0303  0.0303  0.0303  0.0303  0.0302  0.0302  0.0302  0.0302  0.0302  0.0302
  0.0304  0.0304  0.0303  0.0303  0.0303  0.0300  0.0303  0.0305  0.0303  0.0303  0.0302  0.0303
  0.0306  0.0305  0.0304  0.0304  0.0304  0.0302  0.0305  0.0309  0.0304  0.0304  0.0303  0.0304
  0.0310  0.0307  0.0305  0.0306  0.0307  0.0313  0.0309  0.0314  0.0307  0.0307  0.0304  0.0305
niter,ni,del,rscale     2    3    5.0000    0.5000
parameters
   -3.9029   26.9266    9.8220  -13.4773  -17.1697   -0.9794
    6.9091   -4.4770   -2.8335   24.0554    2.1540  -30.3326
eta,q 0.96993 14.57617
  0.0307  0.0305  0.0304  0.0304  0.0305  0.0310  0.0305  0.0311  0.0304  0.0306  0.0303  0.0303
  0.0305  0.0304  0.0303  0.0303  0.0304  0.0308  0.0303  0.0305  0.0302  0.0303  0.0302  0.0302
  0.0303  0.0303  0.0302  0.0302  0.0303  0.0305  0.0301  0.0301  0.0301  0.0301  0.0301  0.0301
  0.0302  0.0302  0.0302  0.0302  0.0302  0.0302  0.0301  0.0301  0.0301  0.0301  0.0301  0.0301
  0.0303  0.0303  0.0303  0.0303  0.0303  0.0300  0.0301  0.0302  0.0301  0.0301  0.0301  0.0301
  0.0304  0.0304  0.0303  0.0303  0.0303  0.0301  0.0303  0.0306  0.0302  0.0302  0.0301  0.0302
  0.0307  0.0305  0.0304  0.0304  0.0305  0.0308  0.0305  0.0310  0.0304  0.0304  0.0301  0.0303
niter,ni,del,rscale     1    3    5.0000    0.4000
parameters
   -3.8951   26.9097    9.8690  -13.7332  -17.2482   -0.3733
    6.8145   -4.5839   -3.0212   24.1549    3.0760  -30.0994
eta,q 0.97013 14.58209
  0.0304  0.0303  0.0302  0.0301  0.0302  0.0308  0.0301  0.0304  0.0300  0.0302  0.0301  0.0301
  0.0302  0.0301  0.0301  0.0301  0.0301  0.0306  0.0300  0.0301  0.0300  0.0300  0.0300  0.0300
  0.0301  0.0301  0.0301  0.0301  0.0301  0.0304  0.0299  0.0299  0.0299  0.0299  0.0299  0.0299
  0.0301  0.0301  0.0301  0.0301  0.0301  0.0301  0.0299  0.0299  0.0299  0.0299  0.0299  0.0299
  0.0301  0.0301  0.0301  0.0301  0.0301  0.0299  0.0299  0.0300  0.0299  0.0299  0.0299  0.0299
  0.0302  0.0302  0.0301  0.0301  0.0301  0.0299  0.0300  0.0302  0.0300  0.0300  0.0299  0.0299
  0.0304  0.0303  0.0302  0.0302  0.0303  0.0305  0.0302  0.0305  0.0301  0.0302  0.0299  0.0300
registration optimization eta report
parameter search radius
    0.8000    0.8000    0.8000    2.4000    2.4000    2.4000
    2.4000    2.4000    2.4000    2.4000    2.4000    2.4000
100000*second partial in parameter space
       48.       30.       21.        2.        3.       10.
        5.       10.        3.        5.        2.        3.
  0.0304  0.0303  0.0302  0.0301  0.0302  0.0308  0.0301  0.0304  0.0300  0.0302  0.0301  0.0301
  0.0302  0.0301  0.0301  0.0301  0.0301  0.0306  0.0300  0.0301  0.0300  0.0300  0.0300  0.0300
  0.0301  0.0301  0.0301  0.0301  0.0301  0.0304  0.0299  0.0299  0.0299  0.0299  0.0299  0.0299
  0.0301  0.0301  0.0301  0.0301  0.0301  0.0301  0.0299  0.0299  0.0299  0.0299  0.0299  0.0299
  0.0301  0.0301  0.0301  0.0301  0.0301  0.0299  0.0299  0.0300  0.0299  0.0299  0.0299  0.0299
  0.0302  0.0302  0.0301  0.0301  0.0301  0.0299  0.0300  0.0302  0.0300  0.0300  0.0299  0.0299
  0.0304  0.0303  0.0302  0.0302  0.0303  0.0305  0.0302  0.0305  0.0301  0.0302  0.0299  0.0300
   -3.8951   26.9097    9.8690  -13.7332  -17.2482   -0.3733
    6.8145   -4.5839   -3.0212   24.1549    3.0760  -30.0994
eta,q 0.97013 14.58209

---------------------------------------------------------------------
compute_vox2vox talsrcimg talsrcimg_to_711-2C_as_mni_average_305_t4 /opt/freesurfer/average/711-2C_as_mni_average_305
---------------------------------------------------------------------

freesurfer compute_vox2vox.c
Reading: talsrcimg.4dfp.ifh
Reading: talsrcimg_to_711-2C_as_mni_average_305_t4
Reading: /opt/freesurfer/average/711-2C_as_mni_average_305.4dfp.ifh
Writing: talsrcimg_to_711-2C_as_mni_average_305_t4_vox2vox.txt

start time Sun Mar 8 21:25:55 CET 2026
end		time Sun Mar 8 21:27:24 CET 2026

mpr2mni305 success

avi2talxfm orig_nu.mgz /opt/freesurfer/average/mni305.cor.mgz talsrcimg_to_711-2C_as_mni_average_305_t4_vox2vox.txt transforms/talairach.auto.xfm
avi2talxfm done
mv -f /out/sourcedata/freesurfer/sub-v1s15x0050209_ses-1/mri/talsrcimg_to_711-2C_as_mni_average_305_t4_vox2vox.txt /out/sourcedata/freesurfer/sub-v1s15x0050209_ses-1/mri/transforms/talsrcimg_to_711-2C_as_mni_average_305_t4_vox2vox.txt
lta_convert --src orig_nu.mgz --trg /opt/freesurfer/average/mni305.cor.mgz --inxfm transforms/talairach.auto.xfm --outlta transforms/talairach.auto.xfm.lta --subject fsaverage
7.3.2

--src: orig_nu.mgz src image (geometry).
--trg: /opt/freesurfer/average/mni305.cor.mgz trg image (geometry).
--inmni: transforms/talairach.auto.xfm input MNI/XFM transform.
--outlta: transforms/talairach.auto.xfm.lta output LTA.
--s: fsaverage subject name
 LTA read, type : 1
 1.15426   0.06998  -0.06960   0.59293;
-0.02105   0.92113   0.33678  -19.70997;
 0.04829  -0.26632   1.10759   15.97734;
 0.00000   0.00000   0.00000   1.00000;
setting subject to fsaverage
Writing  LTA to file transforms/talairach.auto.xfm.lta...
lta_convert successful.
 
 
Started at Sun Mar 8 21:25:54 CET 2026
Ended   at Sun Mar  8 21:27:24 CET 2026
talairach_avi done
