/out/sourcedata/freesurfer/sub-v1s15x0050185_ses-1/mri
/opt/freesurfer/bin/talairach_avi
--i orig_nu.mgz --xfm transforms/talairach.auto.xfm
talairach_avi 7.3.2
Linux dna078 5.14.0-427.37.1.el9_4.x86_64 #1 SMP PREEMPT_DYNAMIC Fri Sep 13 12:41:50 EDT 2024 x86_64 x86_64 x86_64 GNU/Linux
Sun Mar  8 20:26:30 CET 2026
mri_convert orig_nu.mgz talsrcimg.img 
reading from orig_nu.mgz...
TR=0.00, TE=0.00, TI=0.00, flip angle=0.00
i_ras = (-1, 0, 0)
j_ras = (0, 0, -1)
k_ras = (0, 1, 0)
writing to talsrcimg.img...
Analyze Output Matrix
-1.00000   0.00000   0.00000   133.71851;
 0.00000   0.00000   1.00000  -126.62500;
 0.00000  -1.00000   0.00000   122.00000;
 0.00000   0.00000   0.00000   1.00000;
--------------------
INFO: set hdr.hist.orient to -1
mpr2mni305 talsrcimg
Sun Mar  8 20:26:30 CET 2026
/opt/freesurfer/bin/mpr2mni305 talsrcimg
mpr2mni305 7.3.2
target=711-2C_as_mni_average_305

---------------------------------------------------------------------
analyzeto4dfp talsrcimg -O0 -y
---------------------------------------------------------------------

freesurfer ifh2hdr.c
Sun Mar  8 20:26:31 2026
Writing: talsrcimg.4dfp.hdr
freesurfer analyzeto4dfp.c
Reading: talsrcimg.hdr
header size 348 bytes
hdr.dime.datatype	offset=70	value=2
hdr.dime.bitpix		offset=72	value=8
hdr.hist.orient		offset=252	value=-1
dimensionality     4
dimensions       256       256       256         1
Reading: talsrcimg.img
Writing: talsrcimg.4dfp.img
Writing: talsrcimg.4dfp.ifh
ifh2hdr talsrcimg -r0to221
ori=2

---------------------------------------------------------------------
gauss_4dfp talsrcimg 1.1
---------------------------------------------------------------------

freesurfer gauss_4dfp.c
Reading: talsrcimg.4dfp.img
Writing: talsrcimg_g11.4dfp.img
image dimensions 256 256 256 padded to 288 288 288
processing volume 1freesurfer ifh2hdr.c
Sun Mar  8 20:26:32 2026
Writing: talsrcimg_g11.4dfp.hdr

Writing: talsrcimg_g11.4dfp.ifh
including: talsrcimg.4dfp.img.rec in talsrcimg_g11.4dfp.img.rec

---------------------------------------------------------------------
imgreg_4dfp /opt/freesurfer/average/711-2C_as_mni_average_305 none talsrcimg_g11 none talsrcimg_to_711-2C_as_mni_average_305_t4 4355
---------------------------------------------------------------------

freesurfer imgreg_4dfp.c
/opt/freesurfer/average/711-2C_as_mni_average_305.4dfp.img
       256       256       256         1
  1.000000  1.000000  1.000000
orientation T byte_order littleendian
Reading image: /opt/freesurfer/average/711-2C_as_mni_average_305.4dfp.img
dimensions:      256       256       256
mmppix:       1.0000   -1.0000   -1.0000
center:     128.0000 -129.0000 -129.0000
talsrcimg_g11.4dfp.img
       256       256       256         1
  1.000000  1.000000  1.000000
orientation T byte_order littleendian
Reading image: talsrcimg_g11.4dfp.img
dimensions:      256       256       256
mmppix:       1.0000   -1.0000   -1.0000
center:     128.0000 -129.0000 -129.0000
t4_read: open error in t4_sub.f l:  41 t4_file(1:l)talsrcimg_to_711-2C_as_mni_average_305_t4 
t4_read: transform initialized to I4
rotation matrix determinant  1.000000
image alignment mode   4355 decimal     1103 hex
   -7.5000  -45.0000  -45.0000 4463.1333   22.3861
    0.0000  -45.0000  -45.0000 4657.6997   22.3711
    7.5000  -45.0000  -45.0000 4474.0195   22.3535
   -7.5000  -37.5000  -45.0000 5016.3970   21.5309
    0.0000  -37.5000  -45.0000 5222.4136   21.5044
    7.5000  -37.5000  -45.0000 4999.5225   21.4876
   -7.5000  -30.0000  -45.0000 5760.6807   20.9057
    0.0000  -30.0000  -45.0000 5993.7388   20.8832
    7.5000  -30.0000  -45.0000 5735.6328   20.8631
   -7.5000  -22.5000  -45.0000 6505.9502   20.5195
    0.0000  -22.5000  -45.0000 6762.6084   20.5149
    7.5000  -22.5000  -45.0000 6483.7954   20.4905
   -7.5000  -15.0000  -45.0000 7263.4756   20.3819
    0.0000  -15.0000  -45.0000 7562.7100   20.3917
    7.5000  -15.0000  -45.0000 7261.3760   20.3670
   -7.5000   -7.5000  -45.0000 8068.2944   20.3945
    0.0000   -7.5000  -45.0000 8403.5527   20.4007
    7.5000   -7.5000  -45.0000 8061.4336   20.3800
   -7.5000    0.0000  -45.0000 8917.5488   20.3928
    0.0000    0.0000  -45.0000 9272.9355   20.3823
    7.5000    0.0000  -45.0000 8866.4111   20.3656
   -7.5000    7.5000  -45.0000 9075.1699   20.3562
    0.0000    7.5000  -45.0000 9424.5850   20.3316
    7.5000    7.5000  -45.0000 9001.0273   20.3146
   -7.5000   15.0000  -45.0000 9091.6582   20.3194
    0.0000   15.0000  -45.0000 9450.8691   20.2975
    7.5000   15.0000  -45.0000 8990.3369   20.2774
   -7.5000   22.5000  -45.0000 8987.4688   20.3214
    0.0000   22.5000  -45.0000 9348.0732   20.3171
    7.5000   22.5000  -45.0000 8908.1416   20.2933
   -7.5000   30.0000  -45.0000 8796.7686   20.0906
    0.0000   30.0000  -45.0000 9159.6738   20.1003
    7.5000   30.0000  -45.0000 8753.7070   20.0760
   -7.5000   37.5000  -45.0000 8903.5938   20.1221
    0.0000   37.5000  -45.0000 9291.6191   20.1282
    7.5000   37.5000  -45.0000 8898.2256   20.1078
   -7.5000   45.0000  -45.0000 8710.7705   19.6101
    0.0000   45.0000  -45.0000 9094.5117   19.6000
    7.5000   45.0000  -45.0000 8715.3418   19.5840
   -7.5000  -45.0000  -37.5000 4836.7090   21.8214
    0.0000  -45.0000  -37.5000 5038.8311   21.8100
    7.5000  -45.0000  -37.5000 4816.8413   21.7928
   -7.5000  -37.5000  -37.5000 5415.5186   21.0034
    0.0000  -37.5000  -37.5000 5625.8916   20.9869
    7.5000  -37.5000  -37.5000 5382.0981   20.9682
   -7.5000  -30.0000  -37.5000 6201.1904   20.3996
    0.0000  -30.0000  -37.5000 6448.3506   20.3889
    7.5000  -30.0000  -37.5000 6185.4707   20.3697
   -7.5000  -22.5000  -37.5000 6980.0303   20.0250
    0.0000  -22.5000  -37.5000 7264.3911   20.0258
    7.5000  -22.5000  -37.5000 6976.8896   20.0064
   -7.5000  -15.0000  -37.5000 7773.7891   19.8945
    0.0000  -15.0000  -37.5000 8106.2188   19.9034
    7.5000  -15.0000  -37.5000 7788.4829   19.8848
   -7.5000   -7.5000  -37.5000 8625.8984   19.9142
    0.0000   -7.5000  -37.5000 8998.7139   19.9181
    7.5000   -7.5000  -37.5000 8628.8008   19.8998
   -7.5000    0.0000  -37.5000 9512.8203   19.9199
    0.0000    0.0000  -37.5000 9909.5000   19.9113
    7.5000    0.0000  -37.5000 9486.7939   19.8929
   -7.5000    7.5000  -37.5000 9678.3984   19.8829
    0.0000    7.5000  -37.500010086.3359   19.8674
    7.5000    7.5000  -37.5000 9630.2393   19.8483
   -7.5000   15.0000  -37.5000 9667.2773   19.8396
    0.0000   15.0000  -37.500010089.3096   19.8288
    7.5000   15.0000  -37.5000 9619.8408   19.8095
   -7.5000   22.5000  -37.5000 9534.6699   19.8358
    0.0000   22.5000  -37.5000 9946.0273   19.8368
    7.5000   22.5000  -37.5000 9503.5625   19.8180
   -7.5000   30.0000  -37.5000 9340.6719   19.6106
    0.0000   30.0000  -37.5000 9751.5742   19.6193
    7.5000   30.0000  -37.5000 9314.8184   19.6011
   -7.5000   37.5000  -37.5000 9452.7686   19.6483
    0.0000   37.5000  -37.5000 9883.0859   19.6521
    7.5000   37.5000  -37.5000 9449.8867   19.6341
   -7.5000   45.0000  -37.5000 9230.3242   19.1553
    0.0000   45.0000  -37.5000 9671.1543   19.1471
    7.5000   45.0000  -37.5000 9255.4268   19.1294
   -7.5000  -45.0000  -30.0000 5321.3091   22.2428
    0.0000  -45.0000  -30.0000 5539.0078   22.2390
    7.5000  -45.0000  -30.0000 5302.5654   22.2258
   -7.5000  -37.5000  -30.0000 5912.0161   21.4317
    0.0000  -37.5000  -30.0000 6162.3008   21.4269
    7.5000  -37.5000  -30.0000 5906.4116   21.4085
   -7.5000  -30.0000  -30.0000 6733.1792   20.8299
    0.0000  -30.0000  -30.0000 7033.1802   20.8294
    7.5000  -30.0000  -30.0000 6742.9956   20.8120
   -7.5000  -22.5000  -30.0000 7600.0029   20.4464
    0.0000  -22.5000  -30.0000 7939.0552   20.4515
    7.5000  -22.5000  -30.0000 7621.1084   20.4400
   -7.5000  -15.0000  -30.0000 8487.7568   20.3084
    0.0000  -15.0000  -30.0000 8886.2441   20.3169
    7.5000  -15.0000  -30.0000 8513.1533   20.3099
   -7.5000   -7.5000  -30.0000 9437.1104   20.3296
    0.0000   -7.5000  -30.0000 9865.6738   20.3337
    7.5000   -7.5000  -30.0000 9442.8213   20.3232
   -7.5000    0.0000  -30.000010391.2471   20.3424
    0.0000    0.0000  -30.000010872.9316   20.3399
    7.5000    0.0000  -30.000010398.3223   20.3235
   -7.5000    7.5000  -30.000010561.3086   20.3108
    0.0000    7.5000  -30.000011032.8857   20.3063
    7.5000    7.5000  -30.000010545.8262   20.2872
   -7.5000   15.0000  -30.000010518.5957   20.2676
    0.0000   15.0000  -30.000010978.3555   20.2666
    7.5000   15.0000  -30.000010492.5645   20.2494
   -7.5000   22.5000  -30.000010345.7256   20.2549
    0.0000   22.5000  -30.000010801.0664   20.2601
    7.5000   22.5000  -30.000010320.9873   20.2491
   -7.5000   30.0000  -30.000010102.2041   20.0209
    0.0000   30.0000  -30.000010577.4785   20.0293
    7.5000   30.0000  -30.000010094.3994   20.0224
   -7.5000   37.5000  -30.000010222.8604   20.0600
    0.0000   37.5000  -30.000010723.6523   20.0641
    7.5000   37.5000  -30.000010247.6084   20.0537
   -7.5000   45.0000  -30.0000 9981.1738   19.5761
    0.0000   45.0000  -30.000010502.1855   19.5737
    7.5000   45.0000  -30.000010046.9375   19.5578
   -7.5000  -45.0000  -22.5000 5791.1504   22.5336
    0.0000  -45.0000  -22.5000 6035.8081   22.5364
    7.5000  -45.0000  -22.5000 5769.1968   22.5260
   -7.5000  -37.5000  -22.5000 6383.4487   21.7333
    0.0000  -37.5000  -22.5000 6681.8027   21.7334
    7.5000  -37.5000  -22.5000 6409.0620   21.7173
   -7.5000  -30.0000  -22.5000 7260.0430   21.1466
    0.0000  -30.0000  -22.5000 7609.7661   21.1463
    7.5000  -30.0000  -22.5000 7314.9165   21.1305
   -7.5000  -22.5000  -22.5000 8202.4209   20.7670
    0.0000  -22.5000  -22.5000 8595.2207   20.7705
    7.5000  -22.5000  -22.5000 8271.9473   20.7622
   -7.5000  -15.0000  -22.5000 9195.7285   20.6240
    0.0000  -15.0000  -22.5000 9649.7559   20.6317
    7.5000  -15.0000  -22.5000 9245.9492   20.6289
   -7.5000   -7.5000  -22.500010274.2559   20.6365
    0.0000   -7.5000  -22.500010761.9482   20.6434
    7.5000   -7.5000  -22.500010288.7646   20.6368
   -7.5000    0.0000  -22.500011283.7549   20.6449
    0.0000    0.0000  -22.500011817.9863   20.6484
    7.5000    0.0000  -22.500011302.7246   20.6352
   -7.5000    7.5000  -22.500011449.7949   20.6188
    0.0000    7.5000  -22.500011979.7012   20.6190
    7.5000    7.5000  -22.500011437.1592   20.6022
   -7.5000   15.0000  -22.500011380.4736   20.5859
    0.0000   15.0000  -22.500011914.0391   20.5853
    7.5000   15.0000  -22.500011351.9912   20.5700
   -7.5000   22.5000  -22.500011186.8916   20.5749
    0.0000   22.5000  -22.500011712.4639   20.5784
    7.5000   22.5000  -22.500011172.0820   20.5705
   -7.5000   30.0000  -22.500010912.8262   20.3357
    0.0000   30.0000  -22.500011446.9824   20.3433
    7.5000   30.0000  -22.500010903.2998   20.3406
   -7.5000   37.5000  -22.500011023.6592   20.3660
    0.0000   37.5000  -22.500011583.6113   20.3728
    7.5000   37.5000  -22.500011038.2773   20.3663
   -7.5000   45.0000  -22.500010776.1182   19.8821
    0.0000   45.0000  -22.500011330.4307   19.8854
    7.5000   45.0000  -22.500010798.2998   19.8727
   -7.5000  -45.0000  -15.0000 6306.6538   23.0016
    0.0000  -45.0000  -15.0000 6594.4795   23.0027
    7.5000  -45.0000  -15.0000 6308.7529   22.9899
   -7.5000  -37.5000  -15.0000 6957.5791   22.1849
    0.0000  -37.5000  -15.0000 7280.7500   22.1767
    7.5000  -37.5000  -15.0000 6997.5674   22.1605
   -7.5000  -30.0000  -15.0000 7945.3530   21.5924
    0.0000  -30.0000  -15.0000 8314.2959   21.5810
    7.5000  -30.0000  -15.0000 7991.4595   21.5640
   -7.5000  -22.5000  -15.0000 8991.4473   21.2129
    0.0000  -22.5000  -15.0000 9407.2715   21.2105
    7.5000  -22.5000  -15.0000 9036.1523   21.1985
   -7.5000  -15.0000  -15.000010116.3096   21.0704
    0.0000  -15.0000  -15.000010587.8027   21.0782
    7.5000  -15.0000  -15.000010120.9209   21.0702
   -7.5000   -7.5000  -15.000011303.1572   21.0781
    0.0000   -7.5000  -15.000011812.0889   21.0877
    7.5000   -7.5000  -15.000011282.8477   21.0782
   -7.5000    0.0000  -15.000012426.5869   21.0792
    0.0000    0.0000  -15.000012994.1611   21.0821
    7.5000    0.0000  -15.000012397.7832   21.0689
   -7.5000    7.5000  -15.000012581.4248   21.0514
    0.0000    7.5000  -15.000013149.8467   21.0439
    7.5000    7.5000  -15.000012501.4111   21.0276
   -7.5000   15.0000  -15.000012472.6201   21.0227
    0.0000   15.0000  -15.000013049.6582   21.0117
    7.5000   15.0000  -15.000012394.8516   20.9953
   -7.5000   22.5000  -15.000012250.8955   21.0166
    0.0000   22.5000  -15.000012835.3213   21.0144
    7.5000   22.5000  -15.000012197.2930   21.0026
   -7.5000   30.0000  -15.000011936.6279   20.7789
    0.0000   30.0000  -15.000012500.3281   20.7867
    7.5000   30.0000  -15.000011882.7568   20.7788
   -7.5000   37.5000  -15.000012035.1484   20.8048
    0.0000   37.5000  -15.000012620.5332   20.8142
    7.5000   37.5000  -15.000011992.7432   20.8049
   -7.5000   45.0000  -15.000011746.4326   20.3125
    0.0000   45.0000  -15.000012322.2900   20.3154
    7.5000   45.0000  -15.000011706.2861   20.3026
   -7.5000  -45.0000   -7.5000 6860.4141   23.3393
    0.0000  -45.0000   -7.5000 7173.0010   23.3324
    7.5000  -45.0000   -7.5000 6864.5156   23.3162
   -7.5000  -37.5000   -7.5000 7604.0811   22.4999
    0.0000  -37.5000   -7.5000 7963.5840   22.4796
    7.5000  -37.5000   -7.5000 7619.7251   22.4636
   -7.5000  -30.0000   -7.5000 8726.9453   21.8902
    0.0000  -30.0000   -7.5000 9134.9502   21.8695
    7.5000  -30.0000   -7.5000 8731.1348   21.8514
   -7.5000  -22.5000   -7.5000 9916.7920   21.5102
    0.0000  -22.5000   -7.500010374.1338   21.5058
    7.5000  -22.5000   -7.5000 9882.8203   21.4870
   -7.5000  -15.0000   -7.500011165.6162   21.3744
    0.0000  -15.0000   -7.500011662.7891   21.3850
    7.5000  -15.0000   -7.500011092.3564   21.3669
   -7.5000   -7.5000   -7.500012479.2588   21.3861
    0.0000   -7.5000   -7.500013014.2510   21.3962
    7.5000   -7.5000   -7.500012381.2158   21.3800
   -7.5000    0.0000   -7.500013694.3926   21.3833
    0.0000    0.0000   -7.500014287.4316   21.3799
    7.5000    0.0000   -7.500013568.8086   21.3649
   -7.5000    7.5000   -7.500013823.3252   21.3474
    0.0000    7.5000   -7.500014424.9541   21.3287
    7.5000    7.5000   -7.500013690.1104   21.3126
   -7.5000   15.0000   -7.500013674.0303   21.3131
    0.0000   15.0000   -7.500014291.4600   21.2931
    7.5000   15.0000   -7.500013550.9600   21.2753
   -7.5000   22.5000   -7.500013422.6465   21.3084
    0.0000   22.5000   -7.500014051.9561   21.3043
    7.5000   22.5000   -7.500013329.0352   21.2859
   -7.5000   30.0000   -7.500013034.7471   21.0780
    0.0000   30.0000   -7.500013649.1650   21.0885
    7.5000   30.0000   -7.500012951.7412   21.0706
   -7.5000   37.5000   -7.500013127.6299   21.1082
    0.0000   37.5000   -7.500013760.7637   21.1182
    7.5000   37.5000   -7.500013052.5723   21.1022
   -7.5000   45.0000   -7.500012820.2012   20.6094
    0.0000   45.0000   -7.500013458.0469   20.6062
    7.5000   45.0000   -7.500012756.2266   20.5918
   -7.5000  -45.0000    0.0000 7419.0337   23.4277
    0.0000  -45.0000    0.0000 7732.6484   23.4125
    7.5000  -45.0000    0.0000 7399.8066   23.3934
   -7.5000  -37.5000    0.0000 8212.5000   22.5777
    0.0000  -37.5000    0.0000 8589.2861   22.5517
    7.5000  -37.5000    0.0000 8210.2842   22.5345
   -7.5000  -30.0000    0.0000 9443.9531   21.9539
    0.0000  -30.0000    0.0000 9882.5625   21.9330
    7.5000  -30.0000    0.0000 9448.2021   21.9145
   -7.5000  -22.5000    0.000010765.1494   21.5720
    0.0000  -22.5000    0.000011261.1084   21.5692
    7.5000  -22.5000    0.000010726.0781   21.5469
   -7.5000  -15.0000    0.000012129.5498   21.4423
    0.0000  -15.0000    0.000012663.7412   21.4531
    7.5000  -15.0000    0.000012063.7266   21.4291
   -7.5000   -7.5000    0.000013503.2305   21.4618
    0.0000   -7.5000    0.000014100.0117   21.4680
    7.5000   -7.5000    0.000013427.8672   21.4463
   -7.5000    0.0000    0.000014817.0596   21.4614
    0.0000    0.0000    0.000015489.8203   21.4506
    7.5000    0.0000    0.000014696.2959   21.4324
   -7.5000    7.5000    0.000014951.2852   21.4190
    0.0000    7.5000    0.000015625.8672   21.3947
    7.5000    7.5000    0.000014830.5801   21.3773
   -7.5000   15.0000    0.000014795.1084   21.3751
    0.0000   15.0000    0.000015458.4521   21.3548
    7.5000   15.0000    0.000014659.8057   21.3359
   -7.5000   22.5000    0.000014530.0322   21.3692
    0.0000   22.5000    0.000015196.0361   21.3667
    7.5000   22.5000    0.000014395.3418   21.3448
   -7.5000   30.0000    0.000014102.7305   21.1454
    0.0000   30.0000    0.000014754.9189   21.1559
    7.5000   30.0000    0.000013986.0127   21.1324
   -7.5000   37.5000    0.000014199.7383   21.1835
    0.0000   37.5000    0.000014912.1074   21.1895
    7.5000   37.5000    0.000014105.6924   21.1682
   -7.5000   45.0000    0.000013845.8477   20.6863
    0.0000   45.0000    0.000014560.7725   20.6759
    7.5000   45.0000    0.000013791.9189   20.6583
   -7.5000  -45.0000    7.5000 7373.7026   23.3879
    0.0000  -45.0000    7.5000 7702.5430   23.3740
    7.5000  -45.0000    7.5000 7381.7554   23.3547
   -7.5000  -37.5000    7.5000 8211.5127   22.5433
    0.0000  -37.5000    7.5000 8594.1631   22.5244
    7.5000  -37.5000    7.5000 8237.7578   22.5042
   -7.5000  -30.0000    7.5000 9465.7158   21.9169
    0.0000  -30.0000    7.5000 9921.5361   21.9052
    7.5000  -30.0000    7.5000 9467.0684   21.8859
   -7.5000  -22.5000    7.500010766.5732   21.5291
    0.0000  -22.5000    7.500011280.8506   21.5302
    7.5000  -22.5000    7.500010743.5859   21.5116
   -7.5000  -15.0000    7.500012111.2900   21.3970
    0.0000  -15.0000    7.500012669.6445   21.4063
    7.5000  -15.0000    7.500012067.5742   21.3881
   -7.5000   -7.5000    7.500013485.0586   21.4210
    0.0000   -7.5000    7.500014104.2490   21.4240
    7.5000   -7.5000    7.500013413.5830   21.4049
   -7.5000    0.0000    7.500014820.7197   21.4280
    0.0000    0.0000    7.500015501.6777   21.4173
    7.5000    0.0000    7.500014690.2568   21.3970
   -7.5000    7.5000    7.500015008.5166   21.3872
    0.0000    7.5000    7.500015676.6924   21.3695
    7.5000    7.5000    7.500014854.6084   21.3489
   -7.5000   15.0000    7.500014872.8867   21.3387
    0.0000   15.0000    7.500015537.2080   21.3268
    7.5000   15.0000    7.500014689.1953   21.3074
   -7.5000   22.5000    7.500014548.0654   21.3266
    0.0000   22.5000    7.500015250.0635   21.3280
    7.5000   22.5000    7.500014447.0068   21.3099
   -7.5000   30.0000    7.500014084.7080   21.1006
    0.0000   30.0000    7.500014793.6982   21.1097
    7.5000   30.0000    7.500014046.4805   21.0919
   -7.5000   37.5000    7.500014185.2148   21.1432
    0.0000   37.5000    7.500014926.0186   21.1461
    7.5000   37.5000    7.500014163.8086   21.1272
   -7.5000   45.0000    7.500013839.2305   20.6541
    0.0000   45.0000    7.500014566.3262   20.6438
    7.5000   45.0000    7.500013824.9033   20.6242
   -7.5000  -45.0000   15.0000 7230.2603   23.3173
    0.0000  -45.0000   15.0000 7588.8921   23.3130
    7.5000  -45.0000   15.0000 7267.7144   23.2980
   -7.5000  -37.5000   15.0000 8108.5562   22.4850
    0.0000  -37.5000   15.0000 8510.8105   22.4797
    7.5000  -37.5000   15.0000 8131.7437   22.4598
   -7.5000  -30.0000   15.0000 9379.9971   21.8670
    0.0000  -30.0000   15.0000 9858.2148   21.8662
    7.5000  -30.0000   15.0000 9398.8066   21.8481
   -7.5000  -22.5000   15.000010670.5674   21.4740
    0.0000  -22.5000   15.000011204.1045   21.4790
    7.5000  -22.5000   15.000010695.1133   21.4674
   -7.5000  -15.0000   15.000011982.2617   21.3336
    0.0000  -15.0000   15.000012545.6816   21.3422
    7.5000  -15.0000   15.000011991.2871   21.3349
   -7.5000   -7.5000   15.000013313.2373   21.3560
    0.0000   -7.5000   15.000013951.0811   21.3601
    7.5000   -7.5000   15.000013267.6934   21.3484
   -7.5000    0.0000   15.000014608.1699   21.3685
    0.0000    0.0000   15.000015290.2773   21.3656
    7.5000    0.0000   15.000014493.3818   21.3474
   -7.5000    7.5000   15.000014882.8350   21.3346
    0.0000    7.5000   15.000015569.0068   21.3297
    7.5000    7.5000   15.000014700.1758   21.3091
   -7.5000   15.0000   15.000014914.8271   21.2896
    0.0000   15.0000   15.000015659.9795   21.2883
    7.5000   15.0000   15.000014734.3496   21.2704
   -7.5000   22.5000   15.000014516.2275   21.2724
    0.0000   22.5000   15.000015305.1338   21.2776
    7.5000   22.5000   15.000014520.7246   21.2664
   -7.5000   30.0000   15.000013952.2119   21.0382
    0.0000   30.0000   15.000014731.9707   21.0467
    7.5000   30.0000   15.000014033.6553   21.0395
   -7.5000   37.5000   15.000014015.6221   21.0791
    0.0000   37.5000   15.000014806.3662   21.0830
    7.5000   37.5000   15.000014092.6182   21.0715
   -7.5000   45.0000   15.000013673.6201   20.5968
    0.0000   45.0000   15.000014459.6807   20.5940
    7.5000   45.0000   15.000013721.4639   20.5765
   -7.5000  -45.0000   22.5000 7059.1973   23.2813
    0.0000  -45.0000   22.5000 7401.5234   23.2837
    7.5000  -45.0000   22.5000 7081.1841   23.2721
   -7.5000  -37.5000   22.5000 7939.0396   22.4572
    0.0000  -37.5000   22.5000 8347.8154   22.4567
    7.5000  -37.5000   22.5000 7952.4370   22.4395
   -7.5000  -30.0000   22.5000 9164.4609   21.8525
    0.0000  -30.0000   22.5000 9653.1963   21.8516
    7.5000  -30.0000   22.5000 9175.5391   21.8351
   -7.5000  -22.5000   22.500010403.1514   21.4618
    0.0000  -22.5000   22.500010929.8633   21.4650
    7.5000  -22.5000   22.500010441.2842   21.4562
   -7.5000  -15.0000   22.500011702.9150   21.3156
    0.0000  -15.0000   22.500012269.6650   21.3231
    7.5000  -15.0000   22.500011723.4385   21.3198
   -7.5000   -7.5000   22.500013033.5732   21.3295
    0.0000   -7.5000   22.500013672.4844   21.3363
    7.5000   -7.5000   22.500013010.9551   21.3288
   -7.5000    0.0000   22.500014308.6973   21.3384
    0.0000    0.0000   22.500015002.7227   21.3416
    7.5000    0.0000   22.500014235.2227   21.3272
   -7.5000    7.5000   22.500014618.6309   21.3106
    0.0000    7.5000   22.500015418.3867   21.3102
    7.5000    7.5000   22.500014537.6221   21.2924
   -7.5000   15.0000   22.500014810.8711   21.2756
    0.0000   15.0000   22.500015686.0742   21.2745
    7.5000   15.0000   22.500014706.3379   21.2584
   -7.5000   22.5000   22.500014528.3721   21.2609
    0.0000   22.5000   22.500015347.4639   21.2641
    7.5000   22.5000   22.500014540.9971   21.2557
   -7.5000   30.0000   22.500013959.2871   21.0206
    0.0000   30.0000   22.500014730.9531   21.0281
    7.5000   30.0000   22.500014031.3232   21.0248
   -7.5000   37.5000   22.500013992.4434   21.0529
    0.0000   37.5000   22.500014779.2031   21.0596
    7.5000   37.5000   22.500014030.4619   21.0522
   -7.5000   45.0000   22.500013633.1758   20.5678
    0.0000   45.0000   22.500014381.8584   20.5708
    7.5000   45.0000   22.500013568.4219   20.5569
   -7.5000  -45.0000   30.0000 6779.6816   23.3108
    0.0000  -45.0000   30.0000 7104.1660   23.3119
    7.5000  -45.0000   30.0000 6788.2388   23.2990
   -7.5000  -37.5000   30.0000 7630.0649   22.4833
    0.0000  -37.5000   30.0000 8003.9775   22.4750
    7.5000  -37.5000   30.0000 7642.7324   22.4585
   -7.5000  -30.0000   30.0000 8840.2725   21.8831
    0.0000  -30.0000   30.0000 9286.6475   21.8715
    7.5000  -30.0000   30.0000 8869.8135   21.8542
   -7.5000  -22.5000   30.000010064.1611   21.4987
    0.0000  -22.5000   30.000010557.7090   21.4963
    7.5000  -22.5000   30.000010102.2432   21.4841
   -7.5000  -15.0000   30.000011283.4014   21.3544
    0.0000  -15.0000   30.000011848.5410   21.3624
    7.5000  -15.0000   30.000011324.7178   21.3542
   -7.5000   -7.5000   30.000012513.2080   21.3622
    0.0000   -7.5000   30.000013171.4102   21.3719
    7.5000   -7.5000   30.000012547.7139   21.3623
   -7.5000    0.0000   30.000013732.3584   21.3631
    0.0000    0.0000   30.000014427.7090   21.3660
    7.5000    0.0000   30.000013750.3857   21.3525
   -7.5000    7.5000   30.000014057.5967   21.3349
    0.0000    7.5000   30.000014801.6436   21.3273
    7.5000    7.5000   30.000014049.5176   21.3107
   -7.5000   15.0000   30.000014225.7617   21.3059
    0.0000   15.0000   30.000014884.9854   21.2947
    7.5000   15.0000   30.000014070.4414   21.2780
   -7.5000   22.5000   30.000014111.9170   21.2976
    0.0000   22.5000   30.000014630.9443   21.2953
    7.5000   22.5000   30.000013833.0449   21.2834
   -7.5000   30.0000   30.000013766.8184   21.0590
    0.0000   30.0000   30.000014274.7627   21.0669
    7.5000   30.0000   30.000013441.0547   21.0589
   -7.5000   37.5000   30.000013847.4785   21.0851
    0.0000   37.5000   30.000014383.2656   21.0947
    7.5000   37.5000   30.000013484.7783   21.0852
   -7.5000   45.0000   30.000013354.5420   20.5915
    0.0000   45.0000   30.000013889.9414   20.5944
    7.5000   45.0000   30.000012997.0596   20.5814
   -7.5000  -45.0000   37.5000 6733.7676   23.4123
    0.0000  -45.0000   37.5000 7044.9165   23.4052
    7.5000  -45.0000   37.5000 6741.6729   23.3889
   -7.5000  -37.5000   37.5000 7561.7354   22.5693
    0.0000  -37.5000   37.5000 7956.7573   22.5488
    7.5000  -37.5000   37.5000 7612.9912   22.5328
   -7.5000  -30.0000   37.5000 8759.3125   21.9569
    0.0000  -30.0000   37.5000 9230.3184   21.9361
    7.5000  -30.0000   37.5000 8827.3652   21.9180
   -7.5000  -22.5000   37.5000 9974.1338   21.5757
    0.0000  -22.5000   37.500010504.6426   21.5711
    7.5000  -22.5000   37.500010052.8486   21.5522
   -7.5000  -15.0000   37.500011186.1631   21.4396
    0.0000  -15.0000   37.500011747.5918   21.4500
    7.5000  -15.0000   37.500011252.1191   21.4317
   -7.5000   -7.5000   37.500012421.4307   21.4514
    0.0000   -7.5000   37.500013015.6768   21.4614
    7.5000   -7.5000   37.500012458.0537   21.4450
   -7.5000    0.0000   37.500013658.6191   21.4484
    0.0000    0.0000   37.500014244.5977   21.4449
    7.5000    0.0000   37.500013617.9189   21.4298
   -7.5000    7.5000   37.500013943.0811   21.4122
    0.0000    7.5000   37.500014519.0283   21.3932
    7.5000    7.5000   37.500013826.0010   21.3771
   -7.5000   15.0000   37.500014031.9336   21.3776
    0.0000   15.0000   37.500014482.2109   21.3574
    7.5000   15.0000   37.500013750.0527   21.3395
   -7.5000   22.5000   37.500013817.5557   21.3731
    0.0000   22.5000   37.500014228.0459   21.3688
    7.5000   22.5000   37.500013514.1562   21.3503
   -7.5000   30.0000   37.500013450.6582   21.1429
    0.0000   30.0000   37.500013926.5273   21.1532
    7.5000   30.0000   37.500013201.2471   21.1351
   -7.5000   37.5000   37.500013541.4688   21.1732
    0.0000   37.5000   37.500014083.7754   21.1831
    7.5000   37.5000   37.500013289.4082   21.1669
   -7.5000   45.0000   37.500013061.0781   20.6738
    0.0000   45.0000   37.500013590.8711   20.6704
    7.5000   45.0000   37.500012814.7773   20.6559
   -7.5000  -45.0000   45.0000 6306.7729   23.3967
    0.0000  -45.0000   45.0000 6617.8784   23.3810
    7.5000  -45.0000   45.0000 6344.1338   23.3619
   -7.5000  -37.5000   45.0000 7075.1372   22.5453
    0.0000  -37.5000   45.0000 7461.5825   22.5188
    7.5000  -37.5000   45.0000 7153.0347   22.5016
   -7.5000  -30.0000   45.0000 8196.5664   21.9201
    0.0000  -30.0000   45.0000 8629.5850   21.8987
    7.5000  -30.0000   45.0000 8274.0244   21.8800
   -7.5000  -22.5000   45.0000 9338.8027   21.5373
    0.0000  -22.5000   45.0000 9806.4629   21.5338
    7.5000  -22.5000   45.0000 9401.2285   21.5112
   -7.5000  -15.0000   45.000010451.4414   21.4076
    0.0000  -15.0000   45.000010965.7344   21.4176
    7.5000  -15.0000   45.000010511.7588   21.3933
   -7.5000   -7.5000   45.000011597.4033   21.4272
    0.0000   -7.5000   45.000012139.2754   21.4328
    7.5000   -7.5000   45.000011630.5615   21.4110
   -7.5000    0.0000   45.000012693.0586   21.4266
    0.0000    0.0000   45.000013259.3457   21.4154
    7.5000    0.0000   45.000012698.1436   21.3972
   -7.5000    7.5000   45.000012889.9277   21.3837
    0.0000    7.5000   45.000013421.0039   21.3590
    7.5000    7.5000   45.000012849.7461   21.3416
   -7.5000   15.0000   45.000012865.9209   21.3395
    0.0000   15.0000   45.000013342.6270   21.3186
    7.5000   15.0000   45.000012764.2148   21.2997
   -7.5000   22.5000   45.000012652.4805   21.3338
    0.0000   22.5000   45.000013126.3232   21.3305
    7.5000   22.5000   45.000012558.3232   21.3085
   -7.5000   30.0000   45.000012355.5225   21.1092
    0.0000   30.0000   45.000012877.6104   21.1190
    7.5000   30.0000   45.000012306.6270   21.0951
   -7.5000   37.5000   45.000012466.2305   21.1475
    0.0000   37.5000   45.000013016.0059   21.1530
    7.5000   37.5000   45.000012409.6279   21.1315
   -7.5000   45.0000   45.000012044.1562   20.6622
    0.0000   45.0000   45.000012581.0879   20.6513
    7.5000   45.0000   45.000011969.6143   20.6338

---------------------------------------------------------------------
imgreg_4dfp /opt/freesurfer/average/711-2C_as_mni_average_305 /opt/freesurfer/average/711-2B_as_mni_average_305_mask talsrcimg_g11 none talsrcimg_to_711-2C_as_mni_average_305_t4 4355
---------------------------------------------------------------------

freesurfer imgreg_4dfp.c
/opt/freesurfer/average/711-2C_as_mni_average_305.4dfp.img
       256       256       256         1
  1.000000  1.000000  1.000000
orientation T byte_order littleendian
Reading image: /opt/freesurfer/average/711-2C_as_mni_average_305.4dfp.img
dimensions:      256       256       256
mmppix:       1.0000   -1.0000   -1.0000
center:     128.0000 -129.0000 -129.0000
/opt/freesurfer/average/711-2B_as_mni_average_305_mask.4dfp.img
       256       256       256         1
  1.000000  1.000000  1.000000
orientation T byte_order littleendian
Reading mask: /opt/freesurfer/average/711-2B_as_mni_average_305_mask.4dfp.img (2306576 pixels)
talsrcimg_g11.4dfp.img
       256       256       256         1
  1.000000  1.000000  1.000000
orientation T byte_order littleendian
Reading image: talsrcimg_g11.4dfp.img
dimensions:      256       256       256
mmppix:       1.0000   -1.0000   -1.0000
center:     128.0000 -129.0000 -129.0000
rotation matrix determinant  1.000000
image alignment mode   4355 decimal     1103 hex
   -7.5000  -30.0000  -22.5000 1945.3779   31.1454
    0.0000  -30.0000  -22.5000 1951.6658   31.0144
    7.5000  -30.0000  -22.5000 1943.8408   31.2525
   -7.5000  -22.5000  -22.5000 2080.9407   27.4982
    0.0000  -22.5000  -22.5000 2087.8279   27.3030
    7.5000  -22.5000  -22.5000 2081.3430   27.4287
   -7.5000  -15.0000  -22.5000 2199.8071   24.8322
    0.0000  -15.0000  -22.5000 2209.3774   24.6658
    7.5000  -15.0000  -22.5000 2195.4739   24.6824
   -7.5000   -7.5000  -22.5000 2319.4700   22.7784
    0.0000   -7.5000  -22.5000 2321.8699   22.6114
    7.5000   -7.5000  -22.5000 2301.0020   22.6726
   -7.5000    0.0000  -22.5000 2416.3574   21.1628
    0.0000    0.0000  -22.5000 2417.1663   21.0070
    7.5000    0.0000  -22.5000 2395.5334   21.1053
   -7.5000    7.5000  -22.5000 2489.3625   19.9409
    0.0000    7.5000  -22.5000 2493.9548   19.7704
    7.5000    7.5000  -22.5000 2465.9634   19.8294
   -7.5000   15.0000  -22.5000 2523.0278   19.1448
    0.0000   15.0000  -22.5000 2532.9319   18.9548
    7.5000   15.0000  -22.5000 2504.6931   19.0156
   -7.5000   22.5000  -22.5000 2527.0642   18.7234
    0.0000   22.5000  -22.5000 2535.6482   18.5349
    7.5000   22.5000  -22.5000 2516.7881   18.6195
   -7.5000   30.0000  -22.5000 2522.3430   18.6564
    0.0000   30.0000  -22.5000 2532.9705   18.5031
    7.5000   30.0000  -22.5000 2512.0112   18.5958
   -7.5000   37.5000  -22.5000 2505.9600   18.9094
    0.0000   37.5000  -22.5000 2520.1575   18.7767
    7.5000   37.5000  -22.5000 2494.8450   18.9181
   -7.5000   45.0000  -22.5000 2475.2966   19.5982
    0.0000   45.0000  -22.5000 2486.8105   19.4491
    7.5000   45.0000  -22.5000 2461.3989   19.6325
   -7.5000   52.5000  -22.5000 2404.2415   20.5631
    0.0000   52.5000  -22.5000 2413.6987   20.3947
    7.5000   52.5000  -22.5000 2392.2734   20.5922
   -7.5000   60.0000  -22.5000 2276.0491   21.6552
    0.0000   60.0000  -22.5000 2290.7144   21.4716
    7.5000   60.0000  -22.5000 2267.5938   21.7288
   -7.5000  -30.0000  -15.0000 2015.2668   29.4142
    0.0000  -30.0000  -15.0000 2018.7480   29.3050
    7.5000  -30.0000  -15.0000 2007.9064   29.4651
   -7.5000  -22.5000  -15.0000 2155.4329   25.9797
    0.0000  -22.5000  -15.0000 2160.4006   25.7981
    7.5000  -22.5000  -15.0000 2146.4917   25.8354
   -7.5000  -15.0000  -15.0000 2284.7166   23.4683
    0.0000  -15.0000  -15.0000 2289.4502   23.2312
    7.5000  -15.0000  -15.0000 2268.0303   23.2314
   -7.5000   -7.5000  -15.0000 2408.1323   21.4805
    0.0000   -7.5000  -15.0000 2408.3479   21.2958
    7.5000   -7.5000  -15.0000 2380.9446   21.3377
   -7.5000    0.0000  -15.0000 2512.1296   19.9092
    0.0000    0.0000  -15.0000 2511.6763   19.7503
    7.5000    0.0000  -15.0000 2481.1753   19.7936
   -7.5000    7.5000  -15.0000 2589.2661   18.6837
    0.0000    7.5000  -15.0000 2591.5044   18.5108
    7.5000    7.5000  -15.0000 2554.5569   18.5668
   -7.5000   15.0000  -15.0000 2626.7817   17.9317
    0.0000   15.0000  -15.0000 2634.8540   17.7272
    7.5000   15.0000  -15.0000 2600.9050   17.7923
   -7.5000   22.5000  -15.0000 2640.2258   17.5482
    0.0000   22.5000  -15.0000 2650.1221   17.3546
    7.5000   22.5000  -15.0000 2621.7053   17.4199
   -7.5000   30.0000  -15.0000 2638.5208   17.4643
    0.0000   30.0000  -15.0000 2647.1853   17.3153
    7.5000   30.0000  -15.0000 2621.6033   17.3992
   -7.5000   37.5000  -15.0000 2623.1033   17.6910
    0.0000   37.5000  -15.0000 2633.4851   17.5283
    7.5000   37.5000  -15.0000 2603.6003   17.6432
   -7.5000   45.0000  -15.0000 2588.7717   18.3408
    0.0000   45.0000  -15.0000 2600.9043   18.1716
    7.5000   45.0000  -15.0000 2566.4895   18.3022
   -7.5000   52.5000  -15.0000 2509.4326   19.2660
    0.0000   52.5000  -15.0000 2521.6948   19.1047
    7.5000   52.5000  -15.0000 2488.7178   19.2268
   -7.5000   60.0000  -15.0000 2377.3152   20.2935
    0.0000   60.0000  -15.0000 2390.7317   20.1674
    7.5000   60.0000  -15.0000 2356.9668   20.3152
   -7.5000  -30.0000   -7.5000 2075.1770   28.0451
    0.0000  -30.0000   -7.5000 2080.1704   27.8719
    7.5000  -30.0000   -7.5000 2059.6399   28.0252
   -7.5000  -22.5000   -7.5000 2228.1958   24.7596
    0.0000  -22.5000   -7.5000 2233.8091   24.5164
    7.5000  -22.5000   -7.5000 2204.6135   24.5911
   -7.5000  -15.0000   -7.5000 2358.9890   22.2281
    0.0000  -15.0000   -7.5000 2368.2063   22.0474
    7.5000  -15.0000   -7.5000 2332.6638   22.0271
   -7.5000   -7.5000   -7.5000 2483.8374   20.3167
    0.0000   -7.5000   -7.5000 2487.9575   20.1282
    7.5000   -7.5000   -7.5000 2450.9587   20.1371
   -7.5000    0.0000   -7.5000 2584.8472   18.7819
    0.0000    0.0000   -7.5000 2586.5239   18.5982
    7.5000    0.0000   -7.5000 2550.0383   18.6403
   -7.5000    7.5000   -7.5000 2663.6567   17.5791
    0.0000    7.5000   -7.5000 2664.4299   17.3955
    7.5000    7.5000   -7.5000 2630.7219   17.4536
   -7.5000   15.0000   -7.5000 2709.3020   16.8014
    0.0000   15.0000   -7.5000 2715.7744   16.6095
    7.5000   15.0000   -7.5000 2682.3997   16.6839
   -7.5000   22.5000   -7.5000 2734.3635   16.4129
    0.0000   22.5000   -7.5000 2743.8384   16.2474
    7.5000   22.5000   -7.5000 2717.2576   16.3433
   -7.5000   30.0000   -7.5000 2734.6990   16.3587
    0.0000   30.0000   -7.5000 2747.5737   16.2083
    7.5000   30.0000   -7.5000 2717.9504   16.2896
   -7.5000   37.5000   -7.5000 2723.4475   16.5799
    0.0000   37.5000   -7.5000 2736.4009   16.4268
    7.5000   37.5000   -7.5000 2699.2507   16.5274
   -7.5000   45.0000   -7.5000 2688.5359   17.2295
    0.0000   45.0000   -7.5000 2705.3894   17.1000
    7.5000   45.0000   -7.5000 2662.1282   17.1884
   -7.5000   52.5000   -7.5000 2603.3328   18.1124
    0.0000   52.5000   -7.5000 2619.4788   17.9905
    7.5000   52.5000   -7.5000 2580.0371   18.1153
   -7.5000   60.0000   -7.5000 2463.2900   19.0967
    0.0000   60.0000   -7.5000 2479.1023   18.9710
    7.5000   60.0000   -7.5000 2443.5762   19.1249
   -7.5000  -30.0000    0.0000 2117.0664   26.8751
    0.0000  -30.0000    0.0000 2124.0610   26.6461
    7.5000  -30.0000    0.0000 2105.0847   26.7259
   -7.5000  -22.5000    0.0000 2275.7102   23.6074
    0.0000  -22.5000    0.0000 2285.0127   23.4172
    7.5000  -22.5000    0.0000 2257.0139   23.4922
   -7.5000  -15.0000    0.0000 2410.6484   21.1407
    0.0000  -15.0000    0.0000 2421.7532   20.9754
    7.5000  -15.0000    0.0000 2392.4746   21.0390
   -7.5000   -7.5000    0.0000 2528.7898   19.2423
    0.0000   -7.5000    0.0000 2540.3176   19.0594
    7.5000   -7.5000    0.0000 2511.4580   19.1707
   -7.5000    0.0000    0.0000 2626.1277   17.7689
    0.0000    0.0000    0.0000 2640.1919   17.6078
    7.5000    0.0000    0.0000 2604.1724   17.6838
   -7.5000    7.5000    0.0000 2709.3445   16.6039
    0.0000    7.5000    0.0000 2719.8398   16.4400
    7.5000    7.5000    0.0000 2690.0505   16.5401
   -7.5000   15.0000    0.0000 2766.7593   15.8348
    0.0000   15.0000    0.0000 2780.3308   15.6651
    7.5000   15.0000    0.0000 2751.0383   15.7898
   -7.5000   22.5000    0.0000 2811.0210   15.4330
    0.0000   22.5000    0.0000 2822.2192   15.3061
    7.5000   22.5000    0.0000 2794.4233   15.4154
   -7.5000   30.0000    0.0000 2816.5310   15.3790
    0.0000   30.0000    0.0000 2835.3655   15.2502
    7.5000   30.0000    0.0000 2797.4546   15.3639
   -7.5000   37.5000    0.0000 2806.5630   15.6073
    0.0000   37.5000    0.0000 2829.7319   15.5052
    7.5000   37.5000    0.0000 2786.6067   15.6282
   -7.5000   45.0000    0.0000 2770.2974   16.2768
    0.0000   45.0000    0.0000 2793.9116   16.1984
    7.5000   45.0000    0.0000 2753.0710   16.3320
   -7.5000   52.5000    0.0000 2677.9055   17.1280
    0.0000   52.5000    0.0000 2700.6409   17.0178
    7.5000   52.5000    0.0000 2664.5310   17.1729
   -7.5000   60.0000    0.0000 2531.7061   18.0812
    0.0000   60.0000    0.0000 2548.9805   17.9401
    7.5000   60.0000    0.0000 2518.5505   18.0959
   -7.5000  -30.0000    7.5000 2154.4810   25.9104
    0.0000  -30.0000    7.5000 2161.6301   25.6816
    7.5000  -30.0000    7.5000 2148.3816   25.9006
   -7.5000  -22.5000    7.5000 2309.4338   22.6978
    0.0000  -22.5000    7.5000 2320.3801   22.5149
    7.5000  -22.5000    7.5000 2296.9365   22.5968
   -7.5000  -15.0000    7.5000 2443.8655   20.2767
    0.0000  -15.0000    7.5000 2453.0803   20.0926
    7.5000  -15.0000    7.5000 2428.9084   20.1597
   -7.5000   -7.5000    7.5000 2562.1304   18.4143
    0.0000   -7.5000    7.5000 2573.9358   18.2289
    7.5000   -7.5000    7.5000 2548.8752   18.2956
   -7.5000    0.0000    7.5000 2664.6233   16.9598
    0.0000    0.0000    7.5000 2681.3240   16.7808
    7.5000    0.0000    7.5000 2650.7014   16.8583
   -7.5000    7.5000    7.5000 2754.9727   15.8062
    0.0000    7.5000    7.5000 2771.6802   15.6577
    7.5000    7.5000    7.5000 2742.7007   15.7712
   -7.5000   15.0000    7.5000 2824.3162   15.0316
    0.0000   15.0000    7.5000 2840.5828   14.8981
    7.5000   15.0000    7.5000 2807.4141   15.0379
   -7.5000   22.5000    7.5000 2869.2332   14.5930
    0.0000   22.5000    7.5000 2892.1013   14.4752
    7.5000   22.5000    7.5000 2856.2249   14.6315
   -7.5000   30.0000    7.5000 2882.2434   14.4850
    0.0000   30.0000    7.5000 2907.2563   14.4051
    7.5000   30.0000    7.5000 2872.3110   14.5915
   -7.5000   37.5000    7.5000 2878.8052   14.7290
    0.0000   37.5000    7.5000 2904.5703   14.6768
    7.5000   37.5000    7.5000 2871.2302   14.8709
   -7.5000   45.0000    7.5000 2837.2314   15.4361
    0.0000   45.0000    7.5000 2859.7449   15.3418
    7.5000   45.0000    7.5000 2829.5977   15.5446
   -7.5000   52.5000    7.5000 2734.8057   16.3144
    0.0000   52.5000    7.5000 2757.8486   16.1860
    7.5000   52.5000    7.5000 2730.5742   16.3896
   -7.5000   60.0000    7.5000 2577.1958   17.2751
    0.0000   60.0000    7.5000 2598.8396   17.1539
    7.5000   60.0000    7.5000 2570.5825   17.3745
   -7.5000  -30.0000   15.0000 2177.0593   25.3535
    0.0000  -30.0000   15.0000 2185.0696   25.1258
    7.5000  -30.0000   15.0000 2173.0647   25.3046
   -7.5000  -22.5000   15.0000 2332.5769   22.1676
    0.0000  -22.5000   15.0000 2346.2432   21.9258
    7.5000  -22.5000   15.0000 2327.5527   22.1119
   -7.5000  -15.0000   15.0000 2462.1531   19.7037
    0.0000  -15.0000   15.0000 2473.0540   19.4515
    7.5000  -15.0000   15.0000 2460.0466   19.6731
   -7.5000   -7.5000   15.0000 2576.8450   17.8079
    0.0000   -7.5000   15.0000 2597.0918   17.5937
    7.5000   -7.5000   15.0000 2581.6167   17.7445
   -7.5000    0.0000   15.0000 2679.1372   16.3551
    0.0000    0.0000   15.0000 2704.2134   16.1602
    7.5000    0.0000   15.0000 2683.7085   16.2830
   -7.5000    7.5000   15.0000 2777.1519   15.2350
    0.0000    7.5000   15.0000 2801.6184   15.0632
    7.5000    7.5000   15.0000 2780.2039   15.1825
   -7.5000   15.0000   15.0000 2864.1533   14.5222
    0.0000   15.0000   15.0000 2888.7007   14.3648
    7.5000   15.0000   15.0000 2857.8862   14.4759
   -7.5000   22.5000   15.0000 2915.8093   13.9899
    0.0000   22.5000   15.0000 2949.1667   13.9088
    7.5000   22.5000   15.0000 2910.3540   14.1113
   -7.5000   30.0000   15.0000 2930.8464   13.7563
    0.0000   30.0000   15.0000 2960.7620   13.7323
    7.5000   30.0000   15.0000 2927.7539   14.0334
   -7.5000   37.5000   15.0000 2922.5793   14.0441
    0.0000   37.5000   15.0000 2946.7556   13.9897
    7.5000   37.5000   15.0000 2921.9673   14.2898
   -7.5000   45.0000   15.0000 2875.8635   14.7752
    0.0000   45.0000   15.0000 2901.5530   14.6704
    7.5000   45.0000   15.0000 2875.9792   14.9294
   -7.5000   52.5000   15.0000 2768.7844   15.7004
    0.0000   52.5000   15.0000 2798.0786   15.6136
    7.5000   52.5000   15.0000 2770.0000   15.8648
   -7.5000   60.0000   15.0000 2606.8127   16.7283
    0.0000   60.0000   15.0000 2633.2351   16.6752
    7.5000   60.0000   15.0000 2604.7239   16.8886
   -7.5000  -30.0000   22.5000 2191.6848   25.0376
    0.0000  -30.0000   22.5000 2207.4780   24.6991
    7.5000  -30.0000   22.5000 2190.6362   24.9830
   -7.5000  -22.5000   22.5000 2336.4897   21.7910
    0.0000  -22.5000   22.5000 2353.3635   21.4427
    7.5000  -22.5000   22.5000 2339.9431   21.7182
   -7.5000  -15.0000   22.5000 2465.7170   19.3691
    0.0000  -15.0000   22.5000 2479.1118   19.0512
    7.5000  -15.0000   22.5000 2471.9111   19.2901
   -7.5000   -7.5000   22.5000 2586.7085   17.5134
    0.0000   -7.5000   22.5000 2609.3149   17.2361
    7.5000   -7.5000   22.5000 2599.2109   17.4141
   -7.5000    0.0000   22.5000 2692.5530   16.0636
    0.0000    0.0000   22.5000 2716.2812   15.7959
    7.5000    0.0000   22.5000 2703.0142   15.9833
   -7.5000    7.5000   22.5000 2791.6370   14.9134
    0.0000    7.5000   22.5000 2819.8901   14.6947
    7.5000    7.5000   22.5000 2806.8599   14.8790
   -7.5000   15.0000   22.5000 2883.3306   14.1988
    0.0000   15.0000   22.5000 2919.3940   14.0230
    7.5000   15.0000   22.5000 2894.7461   14.1684
   -7.5000   22.5000   22.5000 2943.9731   13.7632
    0.0000   22.5000   22.5000 2994.8103   13.6729
    7.5000   22.5000   22.5000 2953.4338   13.8634
   -7.5000   30.0000   22.5000 2967.0737   13.5395
    0.0000   30.0000   22.5000 3000.8074   13.4098
    7.5000   30.0000   22.5000 2966.9983   13.7960
   -7.5000   37.5000   22.5000 2955.0493   13.8085
    0.0000   37.5000   22.5000 2978.8394   13.6658
    7.5000   37.5000   22.5000 2948.5012   13.9646
   -7.5000   45.0000   22.5000 2903.7778   14.5160
    0.0000   45.0000   22.5000 2927.4082   14.3615
    7.5000   45.0000   22.5000 2899.2056   14.5947
   -7.5000   52.5000   22.5000 2795.8621   15.4635
    0.0000   52.5000   22.5000 2815.1995   15.2898
    7.5000   52.5000   22.5000 2792.0828   15.4900
   -7.5000   60.0000   22.5000 2627.8110   16.5167
    0.0000   60.0000   22.5000 2644.0205   16.3326
    7.5000   60.0000   22.5000 2621.5662   16.5552
   -7.5000  -30.0000   30.0000 2179.9126   24.9682
    0.0000  -30.0000   30.0000 2195.5205   24.5450
    7.5000  -30.0000   30.0000 2190.5254   24.8990
   -7.5000  -22.5000   30.0000 2332.0491   21.7281
    0.0000  -22.5000   30.0000 2344.6814   21.3436
    7.5000  -22.5000   30.0000 2343.0769   21.7090
   -7.5000  -15.0000   30.0000 2464.2812   19.2953
    0.0000  -15.0000   30.0000 2478.0713   18.9631
    7.5000  -15.0000   30.0000 2477.3042   19.2497
   -7.5000   -7.5000   30.0000 2582.6465   17.4041
    0.0000   -7.5000   30.0000 2606.2278   17.0839
    7.5000   -7.5000   30.0000 2600.5864   17.3111
   -7.5000    0.0000   30.0000 2683.3057   15.9019
    0.0000    0.0000   30.0000 2710.4622   15.6155
    7.5000    0.0000   30.0000 2706.4661   15.8553
   -7.5000    7.5000   30.0000 2786.9902   14.8321
    0.0000    7.5000   30.0000 2821.3384   14.5389
    7.5000    7.5000   30.0000 2819.4663   14.7885
   -7.5000   15.0000   30.0000 2882.1096   14.1498
    0.0000   15.0000   30.0000 2920.2483   13.8769
    7.5000   15.0000   30.0000 2901.9021   14.0787
   -7.5000   22.5000   30.0000 2961.0903   13.8551
    0.0000   22.5000   30.0000 2985.5747   13.4825
    7.5000   22.5000   30.0000 2950.8386   13.7340
   -7.5000   30.0000   30.0000 2989.1013   13.8286
    0.0000   30.0000   30.0000 3002.2710   13.4810
    7.5000   30.0000   30.0000 2961.7939   13.6978
   -7.5000   37.5000   30.0000 2969.3652   14.0762
    0.0000   37.5000   30.0000 2982.2202   13.8295
    7.5000   37.5000   30.0000 2947.4448   13.9795
   -7.5000   45.0000   30.0000 2906.1655   14.6652
    0.0000   45.0000   30.0000 2920.1436   14.4493
    7.5000   45.0000   30.0000 2893.6104   14.6004
   -7.5000   52.5000   30.0000 2790.0105   15.4864
    0.0000   52.5000   30.0000 2805.4250   15.3067
    7.5000   52.5000   30.0000 2782.0310   15.4729
   -7.5000   60.0000   30.0000 2617.6484   16.5108
    0.0000   60.0000   30.0000 2636.2380   16.3235
    7.5000   60.0000   30.0000 2615.3762   16.4990
   -7.5000  -30.0000   37.5000 2165.1750   25.1838
    0.0000  -30.0000   37.5000 2181.8792   24.7099
    7.5000  -30.0000   37.5000 2184.1689   25.1531
   -7.5000  -22.5000   37.5000 2322.4104   21.8990
    0.0000  -22.5000   37.5000 2336.0396   21.4473
    7.5000  -22.5000   37.5000 2342.2603   21.8832
   -7.5000  -15.0000   37.5000 2455.6079   19.4582
    0.0000  -15.0000   37.5000 2468.4404   19.0440
    7.5000  -15.0000   37.5000 2478.2656   19.4081
   -7.5000   -7.5000   37.5000 2578.9250   17.6739
    0.0000   -7.5000   37.5000 2595.3633   17.2289
    7.5000   -7.5000   37.5000 2601.9922   17.5148
   -7.5000    0.0000   37.5000 2683.0452   16.2913
    0.0000    0.0000   37.5000 2700.0752   15.8538
    7.5000    0.0000   37.5000 2703.2356   16.1108
   -7.5000    7.5000   37.5000 2789.1963   15.1602
    0.0000    7.5000   37.5000 2809.9512   14.7861
    7.5000    7.5000   37.5000 2809.2947   15.0069
   -7.5000   15.0000   37.5000 2882.0481   14.4246
    0.0000   15.0000   37.5000 2895.4395   14.0344
    7.5000   15.0000   37.5000 2881.6458   14.2202
   -7.5000   22.5000   37.5000 2943.6062   14.0576
    0.0000   22.5000   37.5000 2963.7407   13.6720
    7.5000   22.5000   37.5000 2933.7256   13.8376
   -7.5000   30.0000   37.5000 2962.2722   14.0499
    0.0000   30.0000   37.5000 2991.8862   13.7533
    7.5000   30.0000   37.5000 2953.7371   13.8956
   -7.5000   37.5000   37.5000 2943.9250   14.3681
    0.0000   37.5000   37.5000 2971.7595   14.1296
    7.5000   37.5000   37.5000 2933.9995   14.2469
   -7.5000   45.0000   37.5000 2881.1333   15.0171
    0.0000   45.0000   37.5000 2900.4900   14.8120
    7.5000   45.0000   37.5000 2874.9756   14.9111
   -7.5000   52.5000   37.5000 2762.4927   15.8592
    0.0000   52.5000   37.5000 2780.5161   15.6769
    7.5000   52.5000   37.5000 2760.7649   15.8012
   -7.5000   60.0000   37.5000 2594.9175   16.8091
    0.0000   60.0000   37.5000 2614.7957   16.6446
    7.5000   60.0000   37.5000 2595.4353   16.7837
   -7.5000  -30.0000   45.0000 2140.7117   25.7507
    0.0000  -30.0000   45.0000 2153.0183   25.2076
    7.5000  -30.0000   45.0000 2159.6821   25.6373
   -7.5000  -22.5000   45.0000 2300.3853   22.3972
    0.0000  -22.5000   45.0000 2309.7969   21.9186
    7.5000  -22.5000   45.0000 2317.6189   22.2979
   -7.5000  -15.0000   45.0000 2432.9165   19.9478
    0.0000  -15.0000   45.0000 2443.0264   19.4764
    7.5000  -15.0000   45.0000 2453.1182   19.8149
   -7.5000   -7.5000   45.0000 2556.5234   18.1468
    0.0000   -7.5000   45.0000 2569.6724   17.6746
    7.5000   -7.5000   45.0000 2578.8198   17.9676
   -7.5000    0.0000   45.0000 2660.9983   16.7778
    0.0000    0.0000   45.0000 2678.7170   16.3331
    7.5000    0.0000   45.0000 2681.0205   16.5873
   -7.5000    7.5000   45.0000 2768.0396   15.6596
    0.0000    7.5000   45.0000 2780.6938   15.2251
    7.5000    7.5000   45.0000 2782.5103   15.4486
   -7.5000   15.0000   45.0000 2853.1204   14.8373
    0.0000   15.0000   45.0000 2868.8096   14.4216
    7.5000   15.0000   45.0000 2855.0718   14.6115
   -7.5000   22.5000   45.0000 2907.1956   14.4048
    0.0000   22.5000   45.0000 2932.7932   14.0843
    7.5000   22.5000   45.0000 2913.3420   14.2310
   -7.5000   30.0000   45.0000 2917.6821   14.4442
    0.0000   30.0000   45.0000 2950.9192   14.1833
    7.5000   30.0000   45.0000 2926.9819   14.3299
   -7.5000   37.5000   45.0000 2894.1067   14.8130
    0.0000   37.5000   45.0000 2921.2561   14.6305
    7.5000   37.5000   45.0000 2894.3403   14.7092
   -7.5000   45.0000   45.0000 2829.7024   15.5691
    0.0000   45.0000   45.0000 2846.8630   15.3667
    7.5000   45.0000   45.0000 2826.2869   15.4237
   -7.5000   52.5000   45.0000 2711.5435   16.4184
    0.0000   52.5000   45.0000 2730.4561   16.2334
    7.5000   52.5000   45.0000 2710.5120   16.3263
   -7.5000   60.0000   45.0000 2553.4856   17.3764
    0.0000   60.0000   45.0000 2571.8823   17.2108
    7.5000   60.0000   45.0000 2551.7537   17.3167
   -7.5000  -30.0000   52.5000 2105.9246   26.3917
    0.0000  -30.0000   52.5000 2119.6831   25.8560
    7.5000  -30.0000   52.5000 2123.8809   26.2261
   -7.5000  -22.5000   52.5000 2265.6357   23.0325
    0.0000  -22.5000   52.5000 2276.2654   22.4931
    7.5000  -22.5000   52.5000 2279.4631   22.8032
   -7.5000  -15.0000   52.5000 2401.3943   20.5059
    0.0000  -15.0000   52.5000 2415.6211   20.0053
    7.5000  -15.0000   52.5000 2420.3865   20.3110
   -7.5000   -7.5000   52.5000 2527.6934   18.6849
    0.0000   -7.5000   52.5000 2546.3083   18.1858
    7.5000   -7.5000   52.5000 2550.1628   18.4804
   -7.5000    0.0000   52.5000 2634.1814   17.3239
    0.0000    0.0000   52.5000 2650.8242   16.8394
    7.5000    0.0000   52.5000 2650.3232   17.1191
   -7.5000    7.5000   52.5000 2735.2502   16.2275
    0.0000    7.5000   52.5000 2750.1301   15.7656
    7.5000    7.5000   52.5000 2745.9006   16.0044
   -7.5000   15.0000   52.5000 2810.2612   15.3602
    0.0000   15.0000   52.5000 2833.1104   14.9867
    7.5000   15.0000   52.5000 2821.9878   15.1924
   -7.5000   22.5000   52.5000 2863.3616   14.9436
    0.0000   22.5000   52.5000 2885.9209   14.6454
    7.5000   22.5000   52.5000 2873.4871   14.8073
   -7.5000   30.0000   52.5000 2868.0796   15.0319
    0.0000   30.0000   52.5000 2894.5896   14.7580
    7.5000   30.0000   52.5000 2879.4658   14.9135
   -7.5000   37.5000   52.5000 2829.5623   15.4518
    0.0000   37.5000   52.5000 2852.6714   15.2313
    7.5000   37.5000   52.5000 2839.8335   15.3378
   -7.5000   45.0000   52.5000 2761.2141   16.2109
    0.0000   45.0000   52.5000 2777.4150   16.0054
    7.5000   45.0000   52.5000 2763.4292   16.0864
   -7.5000   52.5000   52.5000 2652.8582   17.1242
    0.0000   52.5000   52.5000 2670.6396   16.9099
    7.5000   52.5000   52.5000 2657.6746   16.9857
   -7.5000   60.0000   52.5000 2496.3865   18.0896
    0.0000   60.0000   52.5000 2514.3999   17.8899
    7.5000   60.0000   52.5000 2499.5071   17.9559
   -7.5000  -30.0000   60.0000 2054.6887   26.9640
    0.0000  -30.0000   60.0000 2071.7681   26.4791
    7.5000  -30.0000   60.0000 2068.7983   26.8553
   -7.5000  -22.5000   60.0000 2213.4663   23.6180
    0.0000  -22.5000   60.0000 2232.1870   23.1470
    7.5000  -22.5000   60.0000 2226.6755   23.4084
   -7.5000  -15.0000   60.0000 2344.2041   21.0892
    0.0000  -15.0000   60.0000 2372.7615   20.6522
    7.5000  -15.0000   60.0000 2367.5564   20.9067
   -7.5000   -7.5000   60.0000 2465.6362   19.2177
    0.0000   -7.5000   60.0000 2494.3821   18.7906
    7.5000   -7.5000   60.0000 2490.2695   19.0415
   -7.5000    0.0000   60.0000 2566.5735   17.9053
    0.0000    0.0000   60.0000 2593.4734   17.4251
    7.5000    0.0000   60.0000 2588.3308   17.7052
   -7.5000    7.5000   60.0000 2659.7319   16.8341
    0.0000    7.5000   60.0000 2686.1206   16.3793
    7.5000    7.5000   60.0000 2677.9534   16.6395
   -7.5000   15.0000   60.0000 2727.0715   16.0137
    0.0000   15.0000   60.0000 2756.0640   15.6767
    7.5000   15.0000   60.0000 2747.9890   15.8720
   -7.5000   22.5000   60.0000 2771.9119   15.6268
    0.0000   22.5000   60.0000 2797.0420   15.3272
    7.5000   22.5000   60.0000 2790.3340   15.4988
   -7.5000   30.0000   60.0000 2771.6167   15.7129
    0.0000   30.0000   60.0000 2797.6726   15.4258
    7.5000   30.0000   60.0000 2787.1108   15.5978
   -7.5000   37.5000   60.0000 2733.0442   16.1386
    0.0000   37.5000   60.0000 2754.9399   15.9140
    7.5000   37.5000   60.0000 2741.0974   16.0439
   -7.5000   45.0000   60.0000 2657.9548   16.8979
    0.0000   45.0000   60.0000 2677.5588   16.7066
    7.5000   45.0000   60.0000 2663.6333   16.8161
   -7.5000   52.5000   60.0000 2556.0815   17.7915
    0.0000   52.5000   60.0000 2579.3259   17.6212
    7.5000   52.5000   60.0000 2565.0100   17.7195
   -7.5000   60.0000   60.0000 2406.3237   18.7472
    0.0000   60.0000   60.0000 2424.6108   18.5885
    7.5000   60.0000   60.0000 2408.8088   18.6447
   -7.5000  -30.0000   67.5000 1988.4808   27.5810
    0.0000  -30.0000   67.5000 2007.5040   27.1270
    7.5000  -30.0000   67.5000 1998.6316   27.4937
   -7.5000  -22.5000   67.5000 2138.7292   24.2000
    0.0000  -22.5000   67.5000 2166.5007   23.8165
    7.5000  -22.5000   67.5000 2154.7039   24.0443
   -7.5000  -15.0000   67.5000 2266.7393   21.6451
    0.0000  -15.0000   67.5000 2304.1528   21.3114
    7.5000  -15.0000   67.5000 2292.5566   21.5055
   -7.5000   -7.5000   67.5000 2384.7539   19.8581
    0.0000   -7.5000   67.5000 2418.8318   19.4628
    7.5000   -7.5000   67.5000 2410.0923   19.6919
   -7.5000    0.0000   67.5000 2476.0081   18.4885
    0.0000    0.0000   67.5000 2509.7961   18.0908
    7.5000    0.0000   67.5000 2502.6968   18.3256
   -7.5000    7.5000   67.5000 2560.1948   17.4655
    0.0000    7.5000   67.5000 2593.6023   17.0837
    7.5000    7.5000   67.5000 2585.7878   17.2967
   -7.5000   15.0000   67.5000 2618.7473   16.6889
    0.0000   15.0000   67.5000 2648.1279   16.3909
    7.5000   15.0000   67.5000 2641.2598   16.5704
   -7.5000   22.5000   67.5000 2650.4082   16.3482
    0.0000   22.5000   67.5000 2676.2104   16.0822
    7.5000   22.5000   67.5000 2667.1221   16.2503
   -7.5000   30.0000   67.5000 2645.7490   16.4015
    0.0000   30.0000   67.5000 2672.8228   16.1889
    7.5000   30.0000   67.5000 2663.2974   16.3282
   -7.5000   37.5000   67.5000 2609.8733   16.8234
    0.0000   37.5000   67.5000 2637.3232   16.6362
    7.5000   37.5000   67.5000 2619.9766   16.7585
   -7.5000   45.0000   67.5000 2541.2922   17.5944
    0.0000   45.0000   67.5000 2566.4275   17.4394
    7.5000   45.0000   67.5000 2550.8481   17.5459
   -7.5000   52.5000   67.5000 2442.8240   18.4788
    0.0000   52.5000   67.5000 2462.3950   18.3356
    7.5000   52.5000   67.5000 2447.3228   18.4126
   -7.5000   60.0000   67.5000 2294.3591   19.4094
    0.0000   60.0000   67.5000 2311.1531   19.2757
    7.5000   60.0000   67.5000 2293.8167   19.3292

---------------------------------------------------------------------
imgreg_4dfp /opt/freesurfer/average/711-2C_as_mni_average_305 /opt/freesurfer/average/711-2B_as_mni_average_305_mask talsrcimg_g11 none talsrcimg_to_711-2C_as_mni_average_305_t4 1283
---------------------------------------------------------------------

freesurfer imgreg_4dfp.c
/opt/freesurfer/average/711-2C_as_mni_average_305.4dfp.img
       256       256       256         1
  1.000000  1.000000  1.000000
orientation T byte_order littleendian
Reading image: /opt/freesurfer/average/711-2C_as_mni_average_305.4dfp.img
dimensions:      256       256       256
mmppix:       1.0000   -1.0000   -1.0000
center:     128.0000 -129.0000 -129.0000
/opt/freesurfer/average/711-2B_as_mni_average_305_mask.4dfp.img
       256       256       256         1
  1.000000  1.000000  1.000000
orientation T byte_order littleendian
Reading mask: /opt/freesurfer/average/711-2B_as_mni_average_305_mask.4dfp.img (2306576 pixels)
talsrcimg_g11.4dfp.img
       256       256       256         1
  1.000000  1.000000  1.000000
orientation T byte_order littleendian
Reading image: talsrcimg_g11.4dfp.img
dimensions:      256       256       256
mmppix:       1.0000   -1.0000   -1.0000
center:     128.0000 -129.0000 -129.0000
rotation matrix determinant  1.000000
fimgreg.f
image alignment mode   1283 decimal      503 hex
parameters
    0.0000   30.0000   30.0000    0.0000    0.0000    0.0000
eta,q 0.94282 13.45898
niter,ni,del,rscale     5    3   12.0000    1.2000
parameter  5  1.124393 ->  0.500000 qaram    1.1500
parameters
   -1.5316   30.9707   27.2766    0.4108   -3.4500   -2.7322
eta,q 0.94786 13.42774
  0.0615  0.0658  0.0586  0.0615  0.0529  0.0530
  0.0581  0.0628  0.0565  0.0585  0.0523  0.0523
  0.0570  0.0584  0.0560  0.0559  0.0533  0.0521
  0.0571  0.0565  0.0569  0.0557  0.0557  0.0525
  0.0599  0.0577  0.0598  0.0565  0.0594  0.0541
  0.0643  0.0591  0.0629  0.0579  0.0627  0.0563
  0.0680  0.0617  0.0627  0.0596  0.0649  0.0586
niter,ni,del,rscale     5    3   12.0000    1.2000
parameters
   -0.6114   29.8313   27.5226    1.4275   -4.4980   -3.3461
eta,q 0.94879 13.45366
  0.0631  0.0567  0.0598  0.0595  0.0558  0.0537
  0.0578  0.0515  0.0573  0.0559  0.0525  0.0521
  0.0539  0.0499  0.0533  0.0518  0.0516  0.0513
  0.0521  0.0522  0.0507  0.0506  0.0512  0.0513
  0.0525  0.0543  0.0519  0.0520  0.0525  0.0517
  0.0536  0.0565  0.0551  0.0534  0.0558  0.0530
  0.0583  0.0592  0.0596  0.0547  0.0594  0.0551
niter,ni,del,rscale     4    3   12.0000    1.2000
parameters
   -0.7570   28.9748   27.3246    2.2184   -4.3118   -3.5977
eta,q 0.94997 13.42835
  0.0601  0.0573  0.0585  0.0581  0.0572  0.0537
  0.0546  0.0516  0.0554  0.0545  0.0525  0.0516
  0.0513  0.0488  0.0513  0.0506  0.0505  0.0503
  0.0512  0.0512  0.0497  0.0497  0.0501  0.0501
  0.0522  0.0542  0.0520  0.0510  0.0504  0.0506
  0.0549  0.0561  0.0556  0.0526  0.0527  0.0521
  0.0611  0.0589  0.0600  0.0541  0.0560  0.0543
niter,ni,del,rscale     3    3   12.0000    1.2000
parameters
   -1.0026   28.3467   27.1171    2.7088   -4.2674   -3.6772
eta,q 0.95079 13.42054
  0.0592  0.0581  0.0577  0.0572  0.0559  0.0538
  0.0535  0.0524  0.0548  0.0535  0.0511  0.0514
  0.0500  0.0486  0.0509  0.0496  0.0494  0.0497
  0.0500  0.0499  0.0489  0.0490  0.0492  0.0492
  0.0516  0.0538  0.0509  0.0503  0.0497  0.0499
  0.0546  0.0564  0.0549  0.0524  0.0520  0.0515
  0.0606  0.0593  0.0597  0.0543  0.0550  0.0540
niter,ni,del,rscale     2    3   12.0000    1.2000
parameters
   -1.0405   27.9637   26.9762    3.0054   -4.3353   -3.6971
eta,q 0.95108 13.41635
  0.0594  0.0587  0.0573  0.0568  0.0550  0.0539
  0.0535  0.0532  0.0547  0.0530  0.0505  0.0513
  0.0495  0.0490  0.0509  0.0492  0.0490  0.0495
  0.0492  0.0492  0.0487  0.0488  0.0489  0.0489
  0.0508  0.0530  0.0502  0.0503  0.0495  0.0497
  0.0536  0.0561  0.0542  0.0525  0.0517  0.0514
  0.0593  0.0591  0.0592  0.0547  0.0545  0.0538
niter,ni,del,rscale     1    3   12.0000    1.2000
parameters
   -0.9828   27.7149   26.8910    3.2189   -4.4431   -3.6874
eta,q 0.95118 13.41508
  0.0595  0.0590  0.0571  0.0567  0.0547  0.0539
  0.0536  0.0536  0.0545  0.0528  0.0503  0.0514
  0.0494  0.0493  0.0509  0.0491  0.0488  0.0495
  0.0489  0.0489  0.0487  0.0487  0.0489  0.0488
  0.0505  0.0525  0.0499  0.0503  0.0494  0.0497
  0.0532  0.0559  0.0537  0.0527  0.0516  0.0514
  0.0588  0.0589  0.0588  0.0549  0.0542  0.0538
registration optimization eta report
parameter search radius
    6.0000    6.0000    6.0000    6.0000    6.9000    6.0000
100000*second partial in parameter space
       29.       26.       25.       19.       12.       14.
  0.0595  0.0590  0.0571  0.0567  0.0547  0.0539
  0.0536  0.0536  0.0545  0.0528  0.0503  0.0514
  0.0494  0.0493  0.0509  0.0491  0.0488  0.0495
  0.0489  0.0489  0.0487  0.0487  0.0489  0.0488
  0.0505  0.0525  0.0499  0.0503  0.0494  0.0497
  0.0532  0.0559  0.0537  0.0527  0.0516  0.0514
  0.0588  0.0589  0.0588  0.0549  0.0542  0.0538
   -0.9828   27.7149   26.8910    3.2189   -4.4431   -3.6874
eta,q 0.95118 13.41508

---------------------------------------------------------------------
imgreg_4dfp /opt/freesurfer/average/711-2C_as_mni_average_305 /opt/freesurfer/average/711-2B_as_mni_average_305_mask talsrcimg_g11 none talsrcimg_to_711-2C_as_mni_average_305_t4 3335
---------------------------------------------------------------------

freesurfer imgreg_4dfp.c
/opt/freesurfer/average/711-2C_as_mni_average_305.4dfp.img
       256       256       256         1
  1.000000  1.000000  1.000000
orientation T byte_order littleendian
Reading image: /opt/freesurfer/average/711-2C_as_mni_average_305.4dfp.img
dimensions:      256       256       256
mmppix:       1.0000   -1.0000   -1.0000
center:     128.0000 -129.0000 -129.0000
/opt/freesurfer/average/711-2B_as_mni_average_305_mask.4dfp.img
       256       256       256         1
  1.000000  1.000000  1.000000
orientation T byte_order littleendian
Reading mask: /opt/freesurfer/average/711-2B_as_mni_average_305_mask.4dfp.img (2306576 pixels)
talsrcimg_g11.4dfp.img
       256       256       256         1
  1.000000  1.000000  1.000000
orientation T byte_order littleendian
Reading image: talsrcimg_g11.4dfp.img
dimensions:      256       256       256
mmppix:       1.0000   -1.0000   -1.0000
center:     128.0000 -129.0000 -129.0000
fimgreg.f
image alignment mode   3335 decimal      D07 hex
parameters
   -0.9828   27.7149   26.8910   -0.5069   -0.3924   -0.4578
    6.8552    7.3575   -6.4120   -6.1009   -7.7468    5.5982
eta,q 0.94923 13.40764
niter,ni,del,rscale     5    3    5.0000    1.2000
parameter  2 -0.590797 -> -0.500000 qaram    1.1500
parameter  3 -0.581641 -> -0.500000 qaram    1.1500
parameter  4  6.350111 ->  0.500000 qaram    1.1500
parameter  5-34.814079 ->  0.500000 qaram    1.1500
parameter  6  1.197613 ->  0.500000 qaram    1.1500
parameter  9 -0.541883 -> -0.500000 qaram    1.1500
parameter 12  2.205850 ->  0.500000 qaram    1.1500
parameters
   -0.4766   29.0949   28.2710   -4.6469   -4.5324   -4.5978
    4.5842    8.4749   -2.2720   -9.6983   -5.4631    1.4582
eta,q 0.96966 13.30999
  0.0527  0.0515  0.0525  0.0406  0.0357  0.0335  0.0355  0.0416  0.0373  0.0336  0.0363  0.0293
  0.0518  0.0512  0.0517  0.0427  0.0384  0.0342  0.0346  0.0384  0.0359  0.0330  0.0348  0.0301
  0.0512  0.0509  0.0510  0.0462  0.0411  0.0360  0.0342  0.0358  0.0348  0.0330  0.0336  0.0312
  0.0508  0.0507  0.0504  0.0501  0.0436  0.0391  0.0345  0.0342  0.0341  0.0336  0.0329  0.0327
  0.0507  0.0505  0.0502  0.0540  0.0462  0.0439  0.0354  0.0343  0.0337  0.0347  0.0327  0.0344
  0.0510  0.0505  0.0501  0.0579  0.0488  0.0496  0.0366  0.0358  0.0336  0.0365  0.0330  0.0363
  0.0516  0.0506  0.0503  0.0612  0.0513  0.0542  0.0381  0.0384  0.0340  0.0387  0.0337  0.0381
niter,ni,del,rscale     7    3    5.0000    1.2000
parameter  2  1.089281 ->  0.500000 qaram    1.3225
parameter  5  0.822184 ->  0.500000 qaram    1.3225
parameter 12  0.594366 ->  0.500000 qaram    1.3225
parameters
   -0.0841   27.5079   27.2923   -8.4177   -9.2934   -4.1249
    3.2543    7.6003   -3.5039   -7.7390   -6.0591   -3.3028
eta,q 0.97687 13.20304
  0.0354  0.0276  0.0288  0.0282  0.0252  0.0291  0.0261  0.0278  0.0260  0.0290  0.0249  0.0233
  0.0330  0.0278  0.0279  0.0275  0.0245  0.0274  0.0249  0.0252  0.0248  0.0267  0.0240  0.0231
  0.0312  0.0287  0.0276  0.0269  0.0251  0.0260  0.0242  0.0241  0.0241  0.0250  0.0237  0.0233
  0.0303  0.0303  0.0279  0.0276  0.0271  0.0245  0.0243  0.0242  0.0240  0.0240  0.0237  0.0237
  0.0304  0.0323  0.0290  0.0303  0.0297  0.0237  0.0250  0.0251  0.0247  0.0238  0.0241  0.0245
  0.0313  0.0348  0.0308  0.0344  0.0326  0.0244  0.0263  0.0270  0.0259  0.0243  0.0245  0.0257
  0.0330  0.0376  0.0332  0.0393  0.0356  0.0300  0.0280  0.0299  0.0276  0.0255  0.0251  0.0275
niter,ni,del,rscale     7    3    5.0000    1.2000
parameters
    0.2565   28.1191   27.7047   -9.1473  -10.6311   -4.0638
    2.6458    7.5718   -3.5802   -6.4372   -7.1280   -5.1648
eta,q 0.97729 13.10958
  0.0272  0.0293  0.0257  0.0256  0.0271  0.0276  0.0253  0.0276  0.0256  0.0270  0.0238  0.0240
  0.0252  0.0264  0.0244  0.0246  0.0252  0.0259  0.0239  0.0246  0.0241  0.0249  0.0231  0.0231
  0.0238  0.0243  0.0234  0.0236  0.0236  0.0243  0.0231  0.0231  0.0232  0.0236  0.0228  0.0227
  0.0231  0.0231  0.0228  0.0227  0.0229  0.0230  0.0230  0.0230  0.0230  0.0229  0.0229  0.0228
  0.0232  0.0229  0.0228  0.0228  0.0243  0.0226  0.0235  0.0237  0.0233  0.0230  0.0232  0.0232
  0.0239  0.0239  0.0233  0.0247  0.0272  0.0239  0.0246  0.0251  0.0242  0.0236  0.0237  0.0241
  0.0254  0.0260  0.0245  0.0281  0.0306  0.0292  0.0261  0.0272  0.0256  0.0248  0.0244  0.0256
niter,ni,del,rscale     6    3    5.0000    1.2000
parameters
    0.4563   28.5935   27.5942   -9.2316  -11.0394   -4.3520
    2.1994    7.8312   -3.1879   -5.3445   -7.4661   -5.6840
eta,q 0.97732 13.08187
  0.0264  0.0283  0.0247  0.0257  0.0275  0.0272  0.0252  0.0279  0.0256  0.0265  0.0240  0.0244
  0.0245  0.0257  0.0236  0.0246  0.0256  0.0255  0.0238  0.0248  0.0242  0.0246  0.0231  0.0234
  0.0233  0.0238  0.0228  0.0235  0.0238  0.0239  0.0229  0.0230  0.0232  0.0233  0.0227  0.0228
  0.0227  0.0227  0.0225  0.0225  0.0226  0.0227  0.0227  0.0227  0.0228  0.0228  0.0227  0.0227
  0.0229  0.0227  0.0228  0.0224  0.0232  0.0225  0.0232  0.0234  0.0230  0.0228  0.0230  0.0230
  0.0238  0.0238  0.0237  0.0238  0.0257  0.0242  0.0243  0.0248  0.0238  0.0235  0.0234  0.0236
  0.0254  0.0259  0.0252  0.0268  0.0291  0.0299  0.0258  0.0267  0.0252  0.0247  0.0240  0.0248
niter,ni,del,rscale     5    3    5.0000    1.2000
parameters
    0.5403   28.9412   27.4000   -9.1234  -11.2844   -4.5208
    1.9563    8.0503   -2.9391   -4.5477   -7.5715   -6.0030
eta,q 0.97730 13.07358
  0.0260  0.0279  0.0245  0.0258  0.0275  0.0272  0.0252  0.0277  0.0255  0.0262  0.0241  0.0244
  0.0242  0.0254  0.0235  0.0246  0.0256  0.0255  0.0238  0.0247  0.0241  0.0244  0.0231  0.0234
  0.0231  0.0236  0.0228  0.0236  0.0239  0.0240  0.0229  0.0230  0.0231  0.0232  0.0227  0.0228
  0.0227  0.0227  0.0226  0.0226  0.0226  0.0226  0.0227  0.0227  0.0227  0.0227  0.0227  0.0227
  0.0229  0.0228  0.0229  0.0224  0.0230  0.0223  0.0231  0.0234  0.0230  0.0229  0.0229  0.0229
  0.0239  0.0240  0.0238  0.0236  0.0254  0.0239  0.0241  0.0247  0.0239  0.0236  0.0234  0.0235
  0.0256  0.0261  0.0253  0.0265  0.0289  0.0296  0.0256  0.0267  0.0252  0.0249  0.0240  0.0247
niter,ni,del,rscale     4    3    5.0000    1.2000
parameters
    0.5713   29.1943   27.2316   -9.0387  -11.4703   -4.5998
    1.8208    8.1910   -2.8137   -3.9617   -7.5702   -6.2362
eta,q 0.97729 13.06897
  0.0258  0.0276  0.0245  0.0258  0.0275  0.0272  0.0253  0.0276  0.0254  0.0259  0.0241  0.0244
  0.0241  0.0252  0.0235  0.0247  0.0257  0.0255  0.0239  0.0246  0.0240  0.0242  0.0232  0.0234
  0.0231  0.0235  0.0229  0.0236  0.0240  0.0240  0.0230  0.0229  0.0231  0.0232  0.0227  0.0229
  0.0227  0.0227  0.0226  0.0227  0.0226  0.0227  0.0227  0.0227  0.0227  0.0227  0.0227  0.0227
  0.0230  0.0229  0.0229  0.0224  0.0229  0.0222  0.0231  0.0234  0.0230  0.0229  0.0229  0.0229
  0.0240  0.0242  0.0238  0.0237  0.0253  0.0237  0.0241  0.0248  0.0239  0.0236  0.0234  0.0235
  0.0257  0.0263  0.0252  0.0266  0.0288  0.0294  0.0255  0.0268  0.0252  0.0250  0.0239  0.0246
niter,ni,del,rscale     3    3    5.0000    1.2000
parameters
    0.5883   29.3831   27.0976   -8.9787  -11.6217   -4.6495
    1.7388    8.2774   -2.7559   -3.5301   -7.5272   -6.4316
eta,q 0.97725 13.06501
  0.0258  0.0274  0.0246  0.0258  0.0275  0.0272  0.0254  0.0275  0.0254  0.0258  0.0242  0.0245
  0.0241  0.0250  0.0236  0.0247  0.0257  0.0255  0.0239  0.0246  0.0240  0.0242  0.0232  0.0234
  0.0231  0.0234  0.0229  0.0236  0.0240  0.0241  0.0230  0.0230  0.0231  0.0231  0.0228  0.0229
  0.0227  0.0227  0.0227  0.0227  0.0227  0.0227  0.0227  0.0227  0.0228  0.0227  0.0228  0.0228
  0.0230  0.0230  0.0229  0.0224  0.0229  0.0222  0.0231  0.0235  0.0231  0.0229  0.0230  0.0229
  0.0240  0.0243  0.0237  0.0237  0.0252  0.0236  0.0240  0.0248  0.0239  0.0237  0.0234  0.0235
  0.0257  0.0265  0.0251  0.0266  0.0287  0.0293  0.0254  0.0269  0.0253  0.0252  0.0239  0.0246
niter,ni,del,rscale     2    3    5.0000    1.2000
parameters
    0.5969   29.5232   27.0014   -8.9316  -11.7377   -4.6830
    1.6849    8.3284   -2.7266   -3.2087   -7.4678   -6.5910
eta,q 0.97722 13.06192
  0.0258  0.0272  0.0246  0.0258  0.0275  0.0272  0.0254  0.0275  0.0254  0.0257  0.0242  0.0245
  0.0241  0.0249  0.0236  0.0247  0.0257  0.0256  0.0240  0.0246  0.0240  0.0241  0.0232  0.0235
  0.0231  0.0234  0.0230  0.0237  0.0241  0.0241  0.0231  0.0230  0.0231  0.0231  0.0228  0.0229
  0.0227  0.0227  0.0227  0.0227  0.0227  0.0228  0.0228  0.0228  0.0228  0.0228  0.0228  0.0228
  0.0230  0.0231  0.0230  0.0225  0.0229  0.0222  0.0231  0.0235  0.0231  0.0230  0.0230  0.0230
  0.0240  0.0244  0.0237  0.0238  0.0252  0.0235  0.0241  0.0249  0.0240  0.0238  0.0234  0.0235
  0.0258  0.0266  0.0250  0.0267  0.0287  0.0293  0.0254  0.0269  0.0253  0.0253  0.0239  0.0246
niter,ni,del,rscale     1    3    5.0000    1.2000
parameters
    0.6044   29.6271   26.9334   -8.8985  -11.8237   -4.7018
    1.6428    8.3605   -2.7235   -2.9739   -7.4165   -6.7153
eta,q 0.97721 13.05941
  0.0258  0.0271  0.0247  0.0258  0.0275  0.0272  0.0254  0.0275  0.0254  0.0257  0.0242  0.0245
  0.0242  0.0249  0.0237  0.0247  0.0258  0.0256  0.0240  0.0245  0.0240  0.0241  0.0233  0.0235
  0.0231  0.0234  0.0230  0.0237  0.0241  0.0241  0.0231  0.0230  0.0231  0.0231  0.0228  0.0229
  0.0228  0.0228  0.0228  0.0228  0.0228  0.0228  0.0228  0.0228  0.0228  0.0228  0.0228  0.0228
  0.0231  0.0231  0.0230  0.0225  0.0229  0.0222  0.0231  0.0235  0.0231  0.0230  0.0230  0.0230
  0.0241  0.0244  0.0237  0.0238  0.0251  0.0235  0.0241  0.0249  0.0240  0.0238  0.0234  0.0235
  0.0258  0.0267  0.0250  0.0267  0.0287  0.0293  0.0254  0.0270  0.0253  0.0254  0.0240  0.0246
registration optimization eta report
parameter search radius
    2.4000    3.1740    2.7600    8.2800    9.5220    8.2800
    7.2000    7.2000    8.2800    7.2000    7.2000    9.5220
100000*second partial in parameter space
       52.       41.       27.        5.        6.        8.
        5.        9.        4.        5.        2.        2.
  0.0258  0.0271  0.0247  0.0258  0.0275  0.0272  0.0254  0.0275  0.0254  0.0257  0.0242  0.0245
  0.0242  0.0249  0.0237  0.0247  0.0258  0.0256  0.0240  0.0245  0.0240  0.0241  0.0233  0.0235
  0.0231  0.0234  0.0230  0.0237  0.0241  0.0241  0.0231  0.0230  0.0231  0.0231  0.0228  0.0229
  0.0228  0.0228  0.0228  0.0228  0.0228  0.0228  0.0228  0.0228  0.0228  0.0228  0.0228  0.0228
  0.0231  0.0231  0.0230  0.0225  0.0229  0.0222  0.0231  0.0235  0.0231  0.0230  0.0230  0.0230
  0.0241  0.0244  0.0237  0.0238  0.0251  0.0235  0.0241  0.0249  0.0240  0.0238  0.0234  0.0235
  0.0258  0.0267  0.0250  0.0267  0.0287  0.0293  0.0254  0.0270  0.0253  0.0254  0.0240  0.0246
    0.6044   29.6271   26.9334   -8.8985  -11.8237   -4.7018
    1.6428    8.3605   -2.7235   -2.9739   -7.4165   -6.7153
eta,q 0.97721 13.05941

---------------------------------------------------------------------
imgreg_4dfp /opt/freesurfer/average/711-2C_as_mni_average_305 /opt/freesurfer/average/711-2B_as_mni_average_305_mask talsrcimg_g11 none talsrcimg_to_711-2C_as_mni_average_305_t4 2311
---------------------------------------------------------------------

freesurfer imgreg_4dfp.c
/opt/freesurfer/average/711-2C_as_mni_average_305.4dfp.img
       256       256       256         1
  1.000000  1.000000  1.000000
orientation T byte_order littleendian
Reading image: /opt/freesurfer/average/711-2C_as_mni_average_305.4dfp.img
dimensions:      256       256       256
mmppix:       1.0000   -1.0000   -1.0000
center:     128.0000 -129.0000 -129.0000
/opt/freesurfer/average/711-2B_as_mni_average_305_mask.4dfp.img
       256       256       256         1
  1.000000  1.000000  1.000000
orientation T byte_order littleendian
Reading mask: /opt/freesurfer/average/711-2B_as_mni_average_305_mask.4dfp.img (2306576 pixels)
talsrcimg_g11.4dfp.img
       256       256       256         1
  1.000000  1.000000  1.000000
orientation T byte_order littleendian
Reading image: talsrcimg_g11.4dfp.img
dimensions:      256       256       256
mmppix:       1.0000   -1.0000   -1.0000
center:     128.0000 -129.0000 -129.0000
fimgreg.f
image alignment mode   2311 decimal      907 hex
parameters
    0.6044   29.6271   26.9334   -8.8985  -11.8237   -4.7018
    1.6428    8.3605   -2.7235   -2.9739   -7.4165   -6.7153
eta,q 0.97721 13.05940
niter,ni,del,rscale     5    3    5.0000    0.8000
parameters
    0.6341   29.7466   26.9582   -7.4303  -11.0769   -3.2743
    1.3902    8.7911   -2.7539   -2.6261   -6.6995   -7.3401
eta,q 0.97799 13.17478
  0.0242  0.0240  0.0235  0.0245  0.0246  0.0247  0.0234  0.0254  0.0232  0.0238  0.0233  0.0225
  0.0234  0.0234  0.0231  0.0239  0.0238  0.0239  0.0226  0.0236  0.0225  0.0229  0.0227  0.0222
  0.0230  0.0230  0.0229  0.0233  0.0230  0.0231  0.0222  0.0225  0.0222  0.0223  0.0222  0.0220
  0.0228  0.0228  0.0228  0.0228  0.0225  0.0224  0.0221  0.0221  0.0221  0.0221  0.0220  0.0220
  0.0229  0.0229  0.0228  0.0225  0.0224  0.0221  0.0223  0.0222  0.0222  0.0221  0.0221  0.0221
  0.0233  0.0232  0.0231  0.0227  0.0228  0.0222  0.0229  0.0230  0.0226  0.0226  0.0223  0.0224
  0.0241  0.0237  0.0235  0.0234  0.0238  0.0232  0.0237  0.0243  0.0232  0.0234  0.0227  0.0228
niter,ni,del,rscale     4    3    5.0000    0.7000
parameters
    0.3799   29.4694   26.6728   -7.4437  -10.7733   -2.7610
    1.7217    8.6790   -2.9923   -2.6084   -6.1136   -7.1662
eta,q 0.97824 13.21626
  0.0229  0.0226  0.0224  0.0233  0.0236  0.0238  0.0231  0.0239  0.0225  0.0231  0.0228  0.0223
  0.0223  0.0221  0.0221  0.0228  0.0229  0.0231  0.0224  0.0227  0.0221  0.0224  0.0222  0.0220
  0.0220  0.0220  0.0219  0.0223  0.0223  0.0224  0.0220  0.0220  0.0218  0.0219  0.0219  0.0218
  0.0220  0.0220  0.0219  0.0219  0.0219  0.0219  0.0218  0.0218  0.0218  0.0218  0.0218  0.0218
  0.0223  0.0222  0.0221  0.0220  0.0219  0.0217  0.0219  0.0221  0.0219  0.0219  0.0218  0.0218
  0.0229  0.0227  0.0224  0.0225  0.0224  0.0220  0.0222  0.0229  0.0222  0.0223  0.0220  0.0219
  0.0238  0.0233  0.0229  0.0236  0.0233  0.0234  0.0227  0.0242  0.0227  0.0231  0.0223  0.0222
niter,ni,del,rscale     3    3    5.0000    0.6000
parameters
    0.2636   29.4160   26.5639   -7.3700  -10.7171   -2.4724
    1.9506    8.5505   -3.1735   -2.6478   -5.7493   -7.1051
eta,q 0.97833 13.22897
  0.0226  0.0224  0.0222  0.0229  0.0230  0.0233  0.0227  0.0233  0.0222  0.0227  0.0224  0.0221
  0.0221  0.0220  0.0219  0.0224  0.0224  0.0226  0.0221  0.0224  0.0219  0.0221  0.0220  0.0218
  0.0218  0.0218  0.0218  0.0220  0.0219  0.0221  0.0218  0.0219  0.0217  0.0218  0.0218  0.0217
  0.0218  0.0218  0.0218  0.0217  0.0217  0.0217  0.0217  0.0217  0.0217  0.0217  0.0217  0.0217
  0.0219  0.0218  0.0218  0.0218  0.0218  0.0216  0.0217  0.0219  0.0218  0.0218  0.0217  0.0217
  0.0223  0.0221  0.0220  0.0222  0.0222  0.0220  0.0220  0.0226  0.0220  0.0221  0.0219  0.0218
  0.0230  0.0226  0.0224  0.0230  0.0230  0.0232  0.0224  0.0236  0.0224  0.0227  0.0221  0.0220
niter,ni,del,rscale     2    3    5.0000    0.5000
parameters
    0.1943   29.3825   26.5269   -7.2786  -10.6855   -2.2324
    2.0869    8.4678   -3.3037   -2.7002   -5.4857   -7.0795
eta,q 0.97839 13.23736
  0.0223  0.0221  0.0220  0.0226  0.0226  0.0228  0.0223  0.0229  0.0220  0.0223  0.0221  0.0219
  0.0219  0.0219  0.0218  0.0222  0.0221  0.0223  0.0219  0.0222  0.0218  0.0219  0.0219  0.0217
  0.0217  0.0217  0.0217  0.0219  0.0218  0.0219  0.0217  0.0218  0.0217  0.0217  0.0217  0.0217
  0.0217  0.0217  0.0217  0.0217  0.0217  0.0217  0.0216  0.0216  0.0216  0.0216  0.0216  0.0216
  0.0218  0.0217  0.0217  0.0217  0.0217  0.0216  0.0217  0.0218  0.0217  0.0217  0.0216  0.0216
  0.0221  0.0219  0.0219  0.0220  0.0220  0.0218  0.0219  0.0223  0.0218  0.0220  0.0218  0.0217
  0.0225  0.0222  0.0221  0.0226  0.0226  0.0227  0.0222  0.0230  0.0221  0.0224  0.0220  0.0219
niter,ni,del,rscale     1    3    5.0000    0.4000
parameters
    0.1469   29.3417   26.5083   -7.2041  -10.6616   -2.0198
    2.1688    8.4201   -3.3787   -2.7529   -5.3126   -7.0840
eta,q 0.97842 13.24343
  0.0220  0.0219  0.0219  0.0222  0.0222  0.0224  0.0220  0.0225  0.0219  0.0220  0.0219  0.0218
  0.0218  0.0217  0.0217  0.0220  0.0219  0.0221  0.0218  0.0220  0.0217  0.0218  0.0217  0.0217
  0.0217  0.0216  0.0216  0.0217  0.0217  0.0218  0.0216  0.0217  0.0216  0.0216  0.0216  0.0216
  0.0216  0.0216  0.0216  0.0216  0.0216  0.0216  0.0216  0.0216  0.0216  0.0216  0.0216  0.0216
  0.0217  0.0217  0.0216  0.0216  0.0217  0.0216  0.0216  0.0217  0.0216  0.0216  0.0216  0.0216
  0.0219  0.0218  0.0217  0.0218  0.0219  0.0217  0.0217  0.0220  0.0217  0.0218  0.0217  0.0217
  0.0221  0.0220  0.0219  0.0222  0.0222  0.0223  0.0219  0.0225  0.0219  0.0221  0.0218  0.0218
registration optimization eta report
parameter search radius
    0.8000    0.8000    0.8000    2.4000    2.4000    2.4000
    2.4000    2.4000    2.4000    2.4000    2.4000    2.4000
100000*second partial in parameter space
       73.       52.       40.       11.       10.       13.
        7.       16.        5.        8.        5.        3.
  0.0220  0.0219  0.0219  0.0222  0.0222  0.0224  0.0220  0.0225  0.0219  0.0220  0.0219  0.0218
  0.0218  0.0217  0.0217  0.0220  0.0219  0.0221  0.0218  0.0220  0.0217  0.0218  0.0217  0.0217
  0.0217  0.0216  0.0216  0.0217  0.0217  0.0218  0.0216  0.0217  0.0216  0.0216  0.0216  0.0216
  0.0216  0.0216  0.0216  0.0216  0.0216  0.0216  0.0216  0.0216  0.0216  0.0216  0.0216  0.0216
  0.0217  0.0217  0.0216  0.0216  0.0217  0.0216  0.0216  0.0217  0.0216  0.0216  0.0216  0.0216
  0.0219  0.0218  0.0217  0.0218  0.0219  0.0217  0.0217  0.0220  0.0217  0.0218  0.0217  0.0217
  0.0221  0.0220  0.0219  0.0222  0.0222  0.0223  0.0219  0.0225  0.0219  0.0221  0.0218  0.0218
    0.1469   29.3417   26.5083   -7.2041  -10.6616   -2.0198
    2.1688    8.4201   -3.3787   -2.7529   -5.3126   -7.0840
eta,q 0.97842 13.24343

---------------------------------------------------------------------
imgreg_4dfp /opt/freesurfer/average/711-2C_as_mni_average_305 /opt/freesurfer/average/711-2B_as_mni_average_305_mask talsrcimg_g11 none talsrcimg_to_711-2C_as_mni_average_305_t4 2311
---------------------------------------------------------------------

freesurfer imgreg_4dfp.c
/opt/freesurfer/average/711-2C_as_mni_average_305.4dfp.img
       256       256       256         1
  1.000000  1.000000  1.000000
orientation T byte_order littleendian
Reading image: /opt/freesurfer/average/711-2C_as_mni_average_305.4dfp.img
dimensions:      256       256       256
mmppix:       1.0000   -1.0000   -1.0000
center:     128.0000 -129.0000 -129.0000
/opt/freesurfer/average/711-2B_as_mni_average_305_mask.4dfp.img
       256       256       256         1
  1.000000  1.000000  1.000000
orientation T byte_order littleendian
Reading mask: /opt/freesurfer/average/711-2B_as_mni_average_305_mask.4dfp.img (2306576 pixels)
talsrcimg_g11.4dfp.img
       256       256       256         1
  1.000000  1.000000  1.000000
orientation T byte_order littleendian
Reading image: talsrcimg_g11.4dfp.img
dimensions:      256       256       256
mmppix:       1.0000   -1.0000   -1.0000
center:     128.0000 -129.0000 -129.0000
fimgreg.f
image alignment mode   2311 decimal      907 hex
parameters
    0.1469   29.3417   26.5083   -7.2041  -10.6616   -2.0198
    2.1688    8.4201   -3.3787   -2.7529   -5.3126   -7.0840
eta,q 0.97842 13.24343
niter,ni,del,rscale     5    3    5.0000    0.8000
parameters
    0.1050   29.2853   26.4943   -7.7999  -10.8278   -2.6603
    2.3399    8.1061   -3.5186   -2.9120   -5.4198   -6.7728
eta,q 0.97822 13.21543
  0.0234  0.0228  0.0226  0.0232  0.0235  0.0238  0.0233  0.0243  0.0228  0.0233  0.0226  0.0225
  0.0224  0.0221  0.0220  0.0225  0.0227  0.0229  0.0225  0.0228  0.0222  0.0225  0.0221  0.0221
  0.0218  0.0217  0.0217  0.0219  0.0220  0.0221  0.0220  0.0220  0.0219  0.0219  0.0218  0.0219
  0.0216  0.0216  0.0216  0.0216  0.0216  0.0217  0.0218  0.0218  0.0218  0.0218  0.0218  0.0218
  0.0218  0.0217  0.0217  0.0218  0.0218  0.0217  0.0219  0.0223  0.0219  0.0220  0.0219  0.0218
  0.0225  0.0222  0.0221  0.0229  0.0227  0.0233  0.0224  0.0233  0.0223  0.0226  0.0222  0.0220
  0.0236  0.0230  0.0227  0.0247  0.0240  0.0267  0.0231  0.0250  0.0229  0.0236  0.0227  0.0223
niter,ni,del,rscale     4    3    5.0000    0.7000
parameters
    0.1698   29.3857   26.5763   -7.5499  -10.7656   -2.6695
    2.2460    8.1793   -3.4930   -2.8591   -5.4497   -6.8802
eta,q 0.97828 13.21878
  0.0232  0.0229  0.0225  0.0233  0.0234  0.0236  0.0228  0.0241  0.0226  0.0230  0.0224  0.0222
  0.0224  0.0223  0.0221  0.0227  0.0226  0.0228  0.0222  0.0228  0.0221  0.0223  0.0220  0.0219
  0.0220  0.0219  0.0219  0.0221  0.0220  0.0222  0.0218  0.0220  0.0218  0.0219  0.0218  0.0218
  0.0218  0.0218  0.0218  0.0218  0.0217  0.0217  0.0217  0.0217  0.0217  0.0217  0.0217  0.0217
  0.0219  0.0218  0.0218  0.0217  0.0218  0.0216  0.0219  0.0220  0.0218  0.0218  0.0218  0.0218
  0.0223  0.0221  0.0220  0.0222  0.0224  0.0222  0.0223  0.0227  0.0221  0.0223  0.0221  0.0219
  0.0229  0.0226  0.0224  0.0232  0.0234  0.0242  0.0229  0.0239  0.0225  0.0230  0.0224  0.0222
niter,ni,del,rscale     3    3    5.0000    0.6000
parameters
    0.1699   29.3633   26.5890   -7.3673  -10.6960   -2.4398
    2.2222    8.2643   -3.4589   -2.8359   -5.3864   -6.9428
eta,q 0.97835 13.23028
  0.0227  0.0224  0.0222  0.0229  0.0230  0.0232  0.0225  0.0235  0.0223  0.0227  0.0223  0.0220
  0.0222  0.0220  0.0220  0.0224  0.0224  0.0226  0.0220  0.0225  0.0219  0.0221  0.0219  0.0218
  0.0218  0.0218  0.0218  0.0220  0.0219  0.0221  0.0217  0.0219  0.0217  0.0218  0.0217  0.0217
  0.0217  0.0217  0.0217  0.0217  0.0217  0.0217  0.0217  0.0217  0.0216  0.0217  0.0217  0.0217
  0.0218  0.0218  0.0218  0.0217  0.0218  0.0216  0.0218  0.0218  0.0217  0.0217  0.0217  0.0217
  0.0222  0.0221  0.0219  0.0221  0.0222  0.0220  0.0220  0.0224  0.0219  0.0221  0.0219  0.0218
  0.0227  0.0225  0.0222  0.0229  0.0230  0.0232  0.0225  0.0234  0.0223  0.0226  0.0222  0.0220
niter,ni,del,rscale     2    3    5.0000    0.5000
parameters
    0.1447   29.3214   26.5591   -7.2650  -10.6504   -2.2073
    2.2391    8.3052   -3.4611   -2.8595   -5.2973   -6.9604
eta,q 0.97840 13.23937
  0.0223  0.0221  0.0220  0.0225  0.0226  0.0228  0.0222  0.0230  0.0221  0.0223  0.0221  0.0219
  0.0219  0.0219  0.0218  0.0222  0.0221  0.0223  0.0219  0.0222  0.0218  0.0219  0.0218  0.0217
  0.0217  0.0217  0.0217  0.0218  0.0218  0.0219  0.0217  0.0218  0.0217  0.0217  0.0217  0.0216
  0.0217  0.0217  0.0216  0.0217  0.0216  0.0216  0.0216  0.0216  0.0216  0.0216  0.0216  0.0216
  0.0217  0.0217  0.0217  0.0217  0.0217  0.0216  0.0217  0.0217  0.0217  0.0217  0.0216  0.0216
  0.0220  0.0219  0.0218  0.0220  0.0220  0.0218  0.0219  0.0222  0.0218  0.0219  0.0218  0.0217
  0.0224  0.0222  0.0221  0.0225  0.0226  0.0227  0.0222  0.0229  0.0220  0.0224  0.0220  0.0219
niter,ni,del,rscale     1    3    5.0000    0.4000
parameters
    0.1178   29.2903   26.5362   -7.2024  -10.6357   -1.9988
    2.2617    8.3215   -3.4817   -2.8961   -5.2072   -6.9867
eta,q 0.97842 13.24479
  0.0220  0.0219  0.0218  0.0222  0.0222  0.0224  0.0220  0.0225  0.0219  0.0220  0.0219  0.0218
  0.0218  0.0217  0.0217  0.0219  0.0219  0.0220  0.0218  0.0220  0.0217  0.0218  0.0217  0.0217
  0.0216  0.0216  0.0216  0.0217  0.0217  0.0218  0.0216  0.0217  0.0216  0.0216  0.0216  0.0216
  0.0216  0.0216  0.0216  0.0216  0.0216  0.0216  0.0216  0.0216  0.0216  0.0216  0.0216  0.0216
  0.0217  0.0216  0.0216  0.0216  0.0217  0.0216  0.0216  0.0217  0.0216  0.0216  0.0216  0.0216
  0.0218  0.0218  0.0217  0.0218  0.0219  0.0217  0.0217  0.0220  0.0217  0.0218  0.0217  0.0217
  0.0221  0.0220  0.0219  0.0222  0.0222  0.0223  0.0220  0.0225  0.0219  0.0221  0.0218  0.0218
registration optimization eta report
parameter search radius
    0.8000    0.8000    0.8000    2.4000    2.4000    2.4000
    2.4000    2.4000    2.4000    2.4000    2.4000    2.4000
100000*second partial in parameter space
       73.       53.       39.       11.       10.       13.
        7.       16.        5.        8.        5.        3.
  0.0220  0.0219  0.0218  0.0222  0.0222  0.0224  0.0220  0.0225  0.0219  0.0220  0.0219  0.0218
  0.0218  0.0217  0.0217  0.0219  0.0219  0.0220  0.0218  0.0220  0.0217  0.0218  0.0217  0.0217
  0.0216  0.0216  0.0216  0.0217  0.0217  0.0218  0.0216  0.0217  0.0216  0.0216  0.0216  0.0216
  0.0216  0.0216  0.0216  0.0216  0.0216  0.0216  0.0216  0.0216  0.0216  0.0216  0.0216  0.0216
  0.0217  0.0216  0.0216  0.0216  0.0217  0.0216  0.0216  0.0217  0.0216  0.0216  0.0216  0.0216
  0.0218  0.0218  0.0217  0.0218  0.0219  0.0217  0.0217  0.0220  0.0217  0.0218  0.0217  0.0217
  0.0221  0.0220  0.0219  0.0222  0.0222  0.0223  0.0220  0.0225  0.0219  0.0221  0.0218  0.0218
    0.1178   29.2903   26.5362   -7.2024  -10.6357   -1.9988
    2.2617    8.3215   -3.4817   -2.8961   -5.2072   -6.9867
eta,q 0.97842 13.24479

---------------------------------------------------------------------
compute_vox2vox talsrcimg talsrcimg_to_711-2C_as_mni_average_305_t4 /opt/freesurfer/average/711-2C_as_mni_average_305
---------------------------------------------------------------------

freesurfer compute_vox2vox.c
Reading: talsrcimg.4dfp.ifh
Reading: talsrcimg_to_711-2C_as_mni_average_305_t4
Reading: /opt/freesurfer/average/711-2C_as_mni_average_305.4dfp.ifh
Writing: talsrcimg_to_711-2C_as_mni_average_305_t4_vox2vox.txt

start time Sun Mar 8 20:26:30 CET 2026
end		time Sun Mar 8 20:26:44 CET 2026

mpr2mni305 success

avi2talxfm orig_nu.mgz /opt/freesurfer/average/mni305.cor.mgz talsrcimg_to_711-2C_as_mni_average_305_t4_vox2vox.txt transforms/talairach.auto.xfm
avi2talxfm done
mv -f /out/sourcedata/freesurfer/sub-v1s15x0050185_ses-1/mri/talsrcimg_to_711-2C_as_mni_average_305_t4_vox2vox.txt /out/sourcedata/freesurfer/sub-v1s15x0050185_ses-1/mri/transforms/talsrcimg_to_711-2C_as_mni_average_305_t4_vox2vox.txt
lta_convert --src orig_nu.mgz --trg /opt/freesurfer/average/mni305.cor.mgz --inxfm transforms/talairach.auto.xfm --outlta transforms/talairach.auto.xfm.lta --subject fsaverage
7.3.2

--src: orig_nu.mgz src image (geometry).
--trg: /opt/freesurfer/average/mni305.cor.mgz trg image (geometry).
--inmni: transforms/talairach.auto.xfm input MNI/XFM transform.
--outlta: transforms/talairach.auto.xfm.lta output LTA.
--s: fsaverage subject name
 LTA read, type : 1
 1.07117  -0.09197  -0.03430  -1.84895;
 0.06003   1.01760   0.07804  -31.43242;
 0.04368   0.02939   1.12021  -26.00149;
 0.00000   0.00000   0.00000   1.00000;
setting subject to fsaverage
Writing  LTA to file transforms/talairach.auto.xfm.lta...
lta_convert successful.
 
 
Started at Sun Mar 8 20:26:30 CET 2026
Ended   at Sun Mar  8 20:26:45 CET 2026
talairach_avi done
