status file for recon-all
Sun Mar  8 22:39:40 CET 2026
#@# Tessellate rh Sun Mar  8 22:39:40 CET 2026
#@# Smooth1 rh Sun Mar  8 22:39:43 CET 2026
#@# Inflation1 rh Sun Mar  8 22:39:46 CET 2026
#@# QSphere rh Sun Mar  8 22:39:57 CET 2026
#@# Fix Topology rh Sun Mar  8 22:41:06 CET 2026
#@# Smooth2 rh Sun Mar  8 22:47:10 CET 2026
#@# Inflation2 rh Sun Mar  8 22:47:13 CET 2026
#@# Curv .H and .K rh Sun Mar  8 22:47:25 CET 2026
#@# Sphere rh Sun Mar  8 22:48:19 CET 2026
#@# Surf Reg rh Sun Mar  8 22:51:19 CET 2026
#@# Jacobian white rh Sun Mar  8 22:55:06 CET 2026
#@# AvgCurv rh Sun Mar  8 22:55:06 CET 2026
#@# Cortical Parc rh Sun Mar  8 22:55:07 CET 2026
#@# white curv rh Sun Mar  8 23:01:17 CET 2026
#@# white area rh Sun Mar  8 23:01:19 CET 2026
#@# pial curv rh Sun Mar  8 23:01:19 CET 2026
#@# pial area rh Sun Mar  8 23:01:21 CET 2026
#@# thickness rh Sun Mar  8 23:01:22 CET 2026
#@# area and vertex vol rh Sun Mar  8 23:01:56 CET 2026
#@# Curvature Stats rh Sun Mar  8 23:01:58 CET 2026
#@# Cortical Parc 2 rh Sun Mar  8 23:02:00 CET 2026
#@# Cortical Parc 3 rh Sun Mar  8 23:02:15 CET 2026
#@# WM/GM Contrast rh Sun Mar  8 23:02:25 CET 2026
recon-all -s sub-v1s15x0050188_ses-1 finished without error at Sun Mar  8 23:02:28 CET 2026



#New# invocation of recon-all 



status file for recon-all
Sun Mar  8 23:12:33 CET 2026
#@# white curv rh Sun Mar  8 23:12:33 CET 2026
#@# white area rh Sun Mar  8 23:12:33 CET 2026
#@# pial curv rh Sun Mar  8 23:12:33 CET 2026
#@# pial area rh Sun Mar  8 23:12:33 CET 2026
#@# thickness rh Sun Mar  8 23:12:33 CET 2026
#@# area and vertex vol rh Sun Mar  8 23:12:33 CET 2026
#@# Parcellation Stats rh Sun Mar  8 23:12:33 CET 2026
#@# Parcellation Stats 2 rh Sun Mar  8 23:12:55 CET 2026
#@# Parcellation Stats 3 rh Sun Mar  8 23:13:07 CET 2026
#@# BA_exvivo Labels rh Sun Mar  8 23:13:18 CET 2026
recon-all -s sub-v1s15x0050188_ses-1 finished without error at Sun Mar  8 23:15:56 CET 2026
