status file for recon-all
Sun Mar  8 22:04:18 CET 2026
#@# Tessellate lh Sun Mar  8 22:04:18 CET 2026
#@# Smooth1 lh Sun Mar  8 22:04:21 CET 2026
#@# Inflation1 lh Sun Mar  8 22:04:24 CET 2026
#@# QSphere lh Sun Mar  8 22:04:35 CET 2026
#@# Fix Topology lh Sun Mar  8 22:05:37 CET 2026
#@# Smooth2 lh Sun Mar  8 22:17:51 CET 2026
#@# Inflation2 lh Sun Mar  8 22:17:54 CET 2026
#@# Curv .H and .K lh Sun Mar  8 22:18:06 CET 2026
#@# Sphere lh Sun Mar  8 22:18:58 CET 2026
#@# Surf Reg lh Sun Mar  8 22:23:38 CET 2026
#@# Jacobian white lh Sun Mar  8 22:29:13 CET 2026
#@# AvgCurv lh Sun Mar  8 22:29:13 CET 2026
#@# Cortical Parc lh Sun Mar  8 22:29:14 CET 2026
#@# white curv lh Sun Mar  8 22:38:26 CET 2026
#@# white area lh Sun Mar  8 22:38:28 CET 2026
#@# pial curv lh Sun Mar  8 22:38:28 CET 2026
#@# pial area lh Sun Mar  8 22:38:30 CET 2026
#@# thickness lh Sun Mar  8 22:38:31 CET 2026
#@# area and vertex vol lh Sun Mar  8 22:39:04 CET 2026
#@# Curvature Stats lh Sun Mar  8 22:39:06 CET 2026
#@# Cortical Parc 2 lh Sun Mar  8 22:39:08 CET 2026
#@# Cortical Parc 3 lh Sun Mar  8 22:39:22 CET 2026
#@# WM/GM Contrast lh Sun Mar  8 22:39:33 CET 2026
recon-all -s sub-v1s15x0050188_ses-1 finished without error at Sun Mar  8 22:39:36 CET 2026



#New# invocation of recon-all 



status file for recon-all
Sun Mar  8 23:09:14 CET 2026
#@# white curv lh Sun Mar  8 23:09:14 CET 2026
#@# white area lh Sun Mar  8 23:09:14 CET 2026
#@# pial curv lh Sun Mar  8 23:09:14 CET 2026
#@# pial area lh Sun Mar  8 23:09:14 CET 2026
#@# thickness lh Sun Mar  8 23:09:14 CET 2026
#@# area and vertex vol lh Sun Mar  8 23:09:14 CET 2026
#@# Parcellation Stats lh Sun Mar  8 23:09:14 CET 2026
#@# Parcellation Stats 2 lh Sun Mar  8 23:09:37 CET 2026
#@# Parcellation Stats 3 lh Sun Mar  8 23:09:48 CET 2026
#@# BA_exvivo Labels lh Sun Mar  8 23:09:59 CET 2026
recon-all -s sub-v1s15x0050188_ses-1 finished without error at Sun Mar  8 23:12:31 CET 2026
