/out/sourcedata/freesurfer/sub-v1s15x0050214_ses-1/mri
/opt/freesurfer/bin/talairach_avi
--i orig_nu.mgz --xfm transforms/talairach.auto.xfm
talairach_avi 7.3.2
Linux dna020 5.14.0-427.37.1.el9_4.x86_64 #1 SMP PREEMPT_DYNAMIC Fri Sep 13 12:41:50 EDT 2024 x86_64 x86_64 x86_64 GNU/Linux
Sun Mar  8 21:33:23 CET 2026
mri_convert orig_nu.mgz talsrcimg.img 
reading from orig_nu.mgz...
TR=0.00, TE=0.00, TI=0.00, flip angle=0.00
i_ras = (-1, 0, 0)
j_ras = (0, 0, -1)
k_ras = (0, 1, 0)
writing to talsrcimg.img...
Analyze Output Matrix
-1.00000   0.00000   0.00000   131.37469;
 0.00000   0.00000   1.00000  -122.87500;
 0.00000  -1.00000   0.00000   98.09351;
 0.00000   0.00000   0.00000   1.00000;
--------------------
INFO: set hdr.hist.orient to -1
mpr2mni305 talsrcimg
Sun Mar  8 21:33:23 CET 2026
/opt/freesurfer/bin/mpr2mni305 talsrcimg
mpr2mni305 7.3.2
target=711-2C_as_mni_average_305

---------------------------------------------------------------------
analyzeto4dfp talsrcimg -O0 -y
---------------------------------------------------------------------

freesurfer ifh2hdr.c
Sun Mar  8 21:33:23 2026
Writing: talsrcimg.4dfp.hdr
freesurfer analyzeto4dfp.c
Reading: talsrcimg.hdr
header size 348 bytes
hdr.dime.datatype	offset=70	value=2
hdr.dime.bitpix		offset=72	value=8
hdr.hist.orient		offset=252	value=-1
dimensionality     4
dimensions       256       256       256         1
Reading: talsrcimg.img
Writing: talsrcimg.4dfp.img
Writing: talsrcimg.4dfp.ifh
ifh2hdr talsrcimg -r0to226
ori=2

---------------------------------------------------------------------
gauss_4dfp talsrcimg 1.1
---------------------------------------------------------------------

freesurfer gauss_4dfp.c
Reading: talsrcimg.4dfp.img
Writing: talsrcimg_g11.4dfp.img
image dimensions 256 256 256 padded to 288 288 288
processing volume 1freesurfer ifh2hdr.c
Sun Mar  8 21:33:25 2026
Writing: talsrcimg_g11.4dfp.hdr

Writing: talsrcimg_g11.4dfp.ifh
including: talsrcimg.4dfp.img.rec in talsrcimg_g11.4dfp.img.rec

---------------------------------------------------------------------
imgreg_4dfp /opt/freesurfer/average/711-2C_as_mni_average_305 none talsrcimg_g11 none talsrcimg_to_711-2C_as_mni_average_305_t4 4355
---------------------------------------------------------------------

freesurfer imgreg_4dfp.c
/opt/freesurfer/average/711-2C_as_mni_average_305.4dfp.img
       256       256       256         1
  1.000000  1.000000  1.000000
orientation T byte_order littleendian
Reading image: /opt/freesurfer/average/711-2C_as_mni_average_305.4dfp.img
dimensions:      256       256       256
mmppix:       1.0000   -1.0000   -1.0000
center:     128.0000 -129.0000 -129.0000
talsrcimg_g11.4dfp.img
       256       256       256         1
  1.000000  1.000000  1.000000
orientation T byte_order littleendian
Reading image: talsrcimg_g11.4dfp.img
dimensions:      256       256       256
mmppix:       1.0000   -1.0000   -1.0000
center:     128.0000 -129.0000 -129.0000
t4_read: open error in t4_sub.f l:  41 t4_file(1:l)talsrcimg_to_711-2C_as_mni_average_305_t4 
t4_read: transform initialized to I4
rotation matrix determinant  1.000000
image alignment mode   4355 decimal     1103 hex
   -7.5000  -45.0000  -45.0000 5007.6450   22.7904
    0.0000  -45.0000  -45.0000 5244.3301   22.7731
    7.5000  -45.0000  -45.0000 5021.9512   22.6855
   -7.5000  -37.5000  -45.0000 5563.1870   21.9423
    0.0000  -37.5000  -45.0000 5801.5488   21.9423
    7.5000  -37.5000  -45.0000 5585.9160   21.8793
   -7.5000  -30.0000  -45.0000 6326.2524   21.3373
    0.0000  -30.0000  -45.0000 6597.7295   21.3389
    7.5000  -30.0000  -45.0000 6359.8110   21.2825
   -7.5000  -22.5000  -45.0000 7117.9238   20.9185
    0.0000  -22.5000  -45.0000 7438.0513   20.9062
    7.5000  -22.5000  -45.0000 7147.0679   20.8328
   -7.5000  -15.0000  -45.0000 7944.8647   20.7050
    0.0000  -15.0000  -45.0000 8294.4473   20.6828
    7.5000  -15.0000  -45.0000 7943.2495   20.5930
   -7.5000   -7.5000  -45.0000 8802.1680   20.7025
    0.0000   -7.5000  -45.0000 9206.8213   20.6803
    7.5000   -7.5000  -45.0000 8810.4033   20.5882
   -7.5000    0.0000  -45.0000 9671.5088   20.7232
    0.0000    0.0000  -45.000010128.9229   20.7103
    7.5000    0.0000  -45.0000 9692.6729   20.6312
   -7.5000    7.5000  -45.0000 9787.9492   20.7374
    0.0000    7.5000  -45.000010258.0635   20.7349
    7.5000    7.5000  -45.0000 9821.6309   20.6732
   -7.5000   15.0000  -45.0000 9735.4473   20.7309
    0.0000   15.0000  -45.000010209.8457   20.7295
    7.5000   15.0000  -45.0000 9779.0352   20.6728
   -7.5000   22.5000  -45.0000 9617.7295   20.7055
    0.0000   22.5000  -45.000010095.1133   20.6938
    7.5000   22.5000  -45.0000 9642.6553   20.6220
   -7.5000   30.0000  -45.0000 9480.7881   20.4182
    0.0000   30.0000  -45.0000 9935.5986   20.3963
    7.5000   30.0000  -45.0000 9480.1865   20.3077
   -7.5000   37.5000  -45.0000 9615.5830   20.4262
    0.0000   37.5000  -45.000010053.5762   20.4043
    7.5000   37.5000  -45.0000 9633.8730   20.3135
   -7.5000   45.0000  -45.0000 9243.4316   19.9279
    0.0000   45.0000  -45.0000 9650.1025   19.9155
    7.5000   45.0000  -45.0000 9258.1289   19.8393
   -7.5000  -45.0000  -37.5000 5304.2217   22.3808
    0.0000  -45.0000  -37.5000 5556.5044   22.3672
    7.5000  -45.0000  -37.5000 5333.6187   22.2710
   -7.5000  -37.5000  -37.5000 5844.6587   21.5605
    0.0000  -37.5000  -37.5000 6115.4512   21.5609
    7.5000  -37.5000  -37.5000 5890.8379   21.4909
   -7.5000  -30.0000  -37.5000 6648.3301   20.9863
    0.0000  -30.0000  -37.5000 6967.0044   20.9875
    7.5000  -30.0000  -37.5000 6715.7666   20.9278
   -7.5000  -22.5000  -37.5000 7494.1934   20.5925
    0.0000  -22.5000  -37.5000 7848.7554   20.5822
    7.5000  -22.5000  -37.5000 7549.0044   20.5098
   -7.5000  -15.0000  -37.5000 8404.7549   20.3911
    0.0000  -15.0000  -37.5000 8778.1348   20.3731
    7.5000  -15.0000  -37.5000 8413.7510   20.2843
   -7.5000   -7.5000  -37.5000 9330.2441   20.3777
    0.0000   -7.5000  -37.5000 9779.6875   20.3602
    7.5000   -7.5000  -37.5000 9353.1895   20.2648
   -7.5000    0.0000  -37.500010270.3779   20.3827
    0.0000    0.0000  -37.500010755.9609   20.3734
    7.5000    0.0000  -37.500010281.3438   20.2877
   -7.5000    7.5000  -37.500010356.2031   20.3939
    0.0000    7.5000  -37.500010868.1455   20.3927
    7.5000    7.5000  -37.500010394.1357   20.3249
   -7.5000   15.0000  -37.500010270.6943   20.3974
    0.0000   15.0000  -37.500010803.9414   20.3958
    7.5000   15.0000  -37.500010311.4531   20.3365
   -7.5000   22.5000  -37.500010118.6406   20.3863
    0.0000   22.5000  -37.500010632.1289   20.3763
    7.5000   22.5000  -37.500010130.2031   20.3056
   -7.5000   30.0000  -37.5000 9961.8018   20.1087
    0.0000   30.0000  -37.500010450.2842   20.0910
    7.5000   30.0000  -37.5000 9976.8779   20.0034
   -7.5000   37.5000  -37.500010112.5498   20.1058
    0.0000   37.5000  -37.500010582.4736   20.0885
    7.5000   37.5000  -37.500010122.5713   19.9943
   -7.5000   45.0000  -37.5000 9707.8174   19.6004
    0.0000   45.0000  -37.500010189.6211   19.5915
    7.5000   45.0000  -37.5000 9728.9844   19.5091
   -7.5000  -45.0000  -30.0000 5666.9175   23.0012
    0.0000  -45.0000  -30.0000 5935.2827   22.9957
    7.5000  -45.0000  -30.0000 5706.1929   22.8870
   -7.5000  -37.5000  -30.0000 6231.3589   22.1638
    0.0000  -37.5000  -30.0000 6524.1855   22.1621
    7.5000  -37.5000  -30.0000 6283.4067   22.0727
   -7.5000  -30.0000  -30.0000 7084.7964   21.5968
    0.0000  -30.0000  -30.0000 7420.2720   21.5921
    7.5000  -30.0000  -30.0000 7157.3521   21.5102
   -7.5000  -22.5000  -30.0000 8020.6465   21.2150
    0.0000  -22.5000  -30.0000 8391.0547   21.2040
    7.5000  -22.5000  -30.0000 8071.7920   21.1157
   -7.5000  -15.0000  -30.0000 9039.5957   21.0155
    0.0000  -15.0000  -30.0000 9461.6182   21.0048
    7.5000  -15.0000  -30.0000 9041.4355   20.9075
   -7.5000   -7.5000  -30.000010057.5879   20.9859
    0.0000   -7.5000  -30.000010539.2695   20.9785
    7.5000   -7.5000  -30.000010077.3740   20.8765
   -7.5000    0.0000  -30.000011047.0479   20.9712
    0.0000    0.0000  -30.000011584.5498   20.9683
    7.5000    0.0000  -30.000011077.9346   20.8722
   -7.5000    7.5000  -30.000011142.2559   20.9795
    0.0000    7.5000  -30.000011710.8389   20.9768
    7.5000    7.5000  -30.000011170.7500   20.8917
   -7.5000   15.0000  -30.000011036.4551   20.9975
    0.0000   15.0000  -30.000011595.5654   20.9905
    7.5000   15.0000  -30.000011072.2852   20.9103
   -7.5000   22.5000  -30.000010869.0713   21.0030
    0.0000   22.5000  -30.000011419.4912   20.9924
    7.5000   22.5000  -30.000010874.8320   20.9061
   -7.5000   30.0000  -30.000010680.9434   20.7266
    0.0000   30.0000  -30.000011201.6025   20.7160
    7.5000   30.0000  -30.000010656.2656   20.6200
   -7.5000   37.5000  -30.000010802.1191   20.7079
    0.0000   37.5000  -30.000011329.3252   20.7006
    7.5000   37.5000  -30.000010795.2979   20.5998
   -7.5000   45.0000  -30.000010351.2246   20.1811
    0.0000   45.0000  -30.000010897.2100   20.1783
    7.5000   45.0000  -30.000010353.6250   20.0858
   -7.5000  -45.0000  -22.5000 6061.7290   23.7890
    0.0000  -45.0000  -22.5000 6346.2349   23.7875
    7.5000  -45.0000  -22.5000 6093.0317   23.6768
   -7.5000  -37.5000  -22.5000 6676.9043   22.9133
    0.0000  -37.5000  -22.5000 6978.0664   22.9078
    7.5000  -37.5000  -22.5000 6707.2461   22.8078
   -7.5000  -30.0000  -22.5000 7621.3442   22.3327
    0.0000  -30.0000  -22.5000 7973.1602   22.3212
    7.5000  -30.0000  -22.5000 7659.5625   22.2224
   -7.5000  -22.5000  -22.5000 8683.7676   21.9499
    0.0000  -22.5000  -22.5000 9090.4580   21.9361
    7.5000  -22.5000  -22.5000 8695.6709   21.8332
   -7.5000  -15.0000  -22.5000 9798.5762   21.7485
    0.0000  -15.0000  -22.500010254.6494   21.7410
    7.5000  -15.0000  -22.5000 9771.5498   21.6369
   -7.5000   -7.5000  -22.500010931.4980   21.7128
    0.0000   -7.5000  -22.500011415.8066   21.7109
    7.5000   -7.5000  -22.500010887.3594   21.6078
   -7.5000    0.0000  -22.500011990.8652   21.6884
    0.0000    0.0000  -22.500012525.7324   21.6878
    7.5000    0.0000  -22.500011946.3916   21.5894
   -7.5000    7.5000  -22.500012082.3008   21.6919
    0.0000    7.5000  -22.500012648.2051   21.6855
    7.5000    7.5000  -22.500012059.2373   21.5904
   -7.5000   15.0000  -22.500011966.4570   21.7149
    0.0000   15.0000  -22.500012524.8027   21.7015
    7.5000   15.0000  -22.500011944.5342   21.6051
   -7.5000   22.5000  -22.500011775.0537   21.7293
    0.0000   22.5000  -22.500012339.3213   21.7159
    7.5000   22.5000  -22.500011740.3105   21.6154
   -7.5000   30.0000  -22.500011530.4570   21.4527
    0.0000   30.0000  -22.500012072.8574   21.4453
    7.5000   30.0000  -22.500011469.9170   21.3426
   -7.5000   37.5000  -22.500011619.9561   21.4284
    0.0000   37.5000  -22.500012183.1602   21.4265
    7.5000   37.5000  -22.500011575.0986   21.3248
   -7.5000   45.0000  -22.500011123.7588   20.8870
    0.0000   45.0000  -22.500011691.7217   20.8864
    7.5000   45.0000  -22.500011104.6885   20.7917
   -7.5000  -45.0000  -15.0000 6481.7544   24.4375
    0.0000  -45.0000  -15.0000 6784.1113   24.4299
    7.5000  -45.0000  -15.0000 6511.7495   24.3270
   -7.5000  -37.5000  -15.0000 7165.0308   23.5355
    0.0000  -37.5000  -15.0000 7498.0073   23.5255
    7.5000  -37.5000  -15.0000 7192.1909   23.4298
   -7.5000  -30.0000  -15.0000 8203.5547   22.9293
    0.0000  -30.0000  -15.0000 8596.8359   22.9143
    7.5000  -30.0000  -15.0000 8232.0947   22.8157
   -7.5000  -22.5000  -15.0000 9363.9482   22.5273
    0.0000  -22.5000  -15.0000 9801.1250   22.5096
    7.5000  -22.5000  -15.0000 9365.5215   22.4036
   -7.5000  -15.0000  -15.000010564.6055   22.3156
    0.0000  -15.0000  -15.000011063.6748   22.3038
    7.5000  -15.0000  -15.000010556.8154   22.1986
   -7.5000   -7.5000  -15.000011772.8135   22.2875
    0.0000   -7.5000  -15.000012314.6631   22.2805
    7.5000   -7.5000  -15.000011754.2949   22.1808
   -7.5000    0.0000  -15.000012894.9854   22.2745
    0.0000    0.0000  -15.000013488.6221   22.2681
    7.5000    0.0000  -15.000012863.8564   22.1755
   -7.5000    7.5000  -15.000012989.5947   22.2799
    0.0000    7.5000  -15.000013604.4580   22.2688
    7.5000    7.5000  -15.000012973.1543   22.1772
   -7.5000   15.0000  -15.000012888.4609   22.2957
    0.0000   15.0000  -15.000013470.0449   22.2789
    7.5000   15.0000  -15.000012822.2559   22.1822
   -7.5000   22.5000  -15.000012701.1172   22.2991
    0.0000   22.5000  -15.000013262.1045   22.2822
    7.5000   22.5000  -15.000012588.9297   22.1787
   -7.5000   30.0000  -15.000012424.4199   22.0153
    0.0000   30.0000  -15.000012990.2344   22.0035
    7.5000   30.0000  -15.000012319.8896   21.8997
   -7.5000   37.5000  -15.000012528.1162   21.9986
    0.0000   37.5000  -15.000013137.8760   21.9917
    7.5000   37.5000  -15.000012462.3887   21.8934
   -7.5000   45.0000  -15.000011990.3477   21.4644
    0.0000   45.0000  -15.000012578.0400   21.4583
    7.5000   45.0000  -15.000011952.4746   21.3690
   -7.5000  -45.0000   -7.5000 6920.0625   24.8025
    0.0000  -45.0000   -7.5000 7242.7393   24.7856
    7.5000  -45.0000   -7.5000 6962.3564   24.6896
   -7.5000  -37.5000   -7.5000 7691.6108   23.8933
    0.0000  -37.5000   -7.5000 8061.8906   23.8854
    7.5000  -37.5000   -7.5000 7739.2783   23.8053
   -7.5000  -30.0000   -7.5000 8848.7383   23.2593
    0.0000  -30.0000   -7.5000 9269.6514   23.2506
    7.5000  -30.0000   -7.5000 8882.6230   23.1705
   -7.5000  -22.5000   -7.500010084.3184   22.8281
    0.0000  -22.5000   -7.500010553.2725   22.8107
    7.5000  -22.5000   -7.500010089.0693   22.7162
   -7.5000  -15.0000   -7.500011351.9619   22.6051
    0.0000  -15.0000   -7.500011887.5752   22.5846
    7.5000  -15.0000   -7.500011373.4590   22.4821
   -7.5000   -7.5000   -7.500012647.0469   22.5933
    0.0000   -7.5000   -7.500013263.0918   22.5747
    7.5000   -7.5000   -7.500012678.2920   22.4758
   -7.5000    0.0000   -7.500013862.6562   22.6031
    0.0000    0.0000   -7.500014543.3066   22.5896
    7.5000    0.0000   -7.500013874.2119   22.5024
   -7.5000    7.5000   -7.500014000.9092   22.6145
    0.0000    7.5000   -7.500014662.9258   22.6047
    7.5000    7.5000   -7.500013955.2402   22.5268
   -7.5000   15.0000   -7.500013905.9717   22.6153
    0.0000   15.0000   -7.500014507.7344   22.6041
    7.5000   15.0000   -7.500013775.8340   22.5246
   -7.5000   22.5000   -7.500013695.9199   22.5937
    0.0000   22.5000   -7.500014281.9297   22.5770
    7.5000   22.5000   -7.500013525.9727   22.4848
   -7.5000   30.0000   -7.500013370.0498   22.3002
    0.0000   30.0000   -7.500013971.5654   22.2801
    7.5000   30.0000   -7.500013242.5391   22.1789
   -7.5000   37.5000   -7.500013517.3779   22.2999
    0.0000   37.5000   -7.500014152.3271   22.2815
    7.5000   37.5000   -7.500013430.0010   22.1839
   -7.5000   45.0000   -7.500012951.0889   21.7852
    0.0000   45.0000   -7.500013588.1924   21.7721
    7.5000   45.0000   -7.500012901.3623   21.6880
   -7.5000  -45.0000    0.0000 7321.4692   24.8589
    0.0000  -45.0000    0.0000 7675.3506   24.8389
    7.5000  -45.0000    0.0000 7363.4990   24.7426
   -7.5000  -37.5000    0.0000 8143.0317   23.9545
    0.0000  -37.5000    0.0000 8568.9404   23.9533
    7.5000  -37.5000    0.0000 8233.9580   23.8842
   -7.5000  -30.0000    0.0000 9374.2549   23.3111
    0.0000  -30.0000    0.0000 9859.2607   23.3120
    7.5000  -30.0000    0.0000 9460.7402   23.2507
   -7.5000  -22.5000    0.000010662.6484   22.8670
    0.0000  -22.5000    0.000011223.4609   22.8533
    7.5000  -22.5000    0.000010744.6934   22.7739
   -7.5000  -15.0000    0.000012027.2930   22.6407
    0.0000  -15.0000    0.000012629.3008   22.6161
    7.5000  -15.0000    0.000012081.9570   22.5186
   -7.5000   -7.5000    0.000013432.2031   22.6363
    0.0000   -7.5000    0.000014120.3115   22.6112
    7.5000   -7.5000    0.000013483.7275   22.5105
   -7.5000    0.0000    0.000014789.6250   22.6554
    0.0000    0.0000    0.000015534.9766   22.6403
    7.5000    0.0000    0.000014813.6309   22.5532
   -7.5000    7.5000    0.000015010.2412   22.6695
    0.0000    7.5000    0.000015717.0732   22.6657
    7.5000    7.5000    0.000014921.2295   22.5979
   -7.5000   15.0000    0.000014893.1299   22.6638
    0.0000   15.0000    0.000015552.5068   22.6616
    7.5000   15.0000    0.000014732.2773   22.6000
   -7.5000   22.5000    0.000014608.2373   22.6322
    0.0000   22.5000    0.000015244.4639   22.6190
    7.5000   22.5000    0.000014433.7627   22.5414
   -7.5000   30.0000    0.000014255.0762   22.3360
    0.0000   30.0000    0.000014878.4502   22.3118
    7.5000   30.0000    0.000014132.8154   22.2155
   -7.5000   37.5000    0.000014420.4883   22.3429
    0.0000   37.5000    0.000015129.4912   22.3182
    7.5000   37.5000    0.000014354.8701   22.2187
   -7.5000   45.0000    0.000013805.2002   21.8372
    0.0000   45.0000    0.000014505.1973   21.8227
    7.5000   45.0000    0.000013802.2510   21.7387
   -7.5000  -45.0000    7.5000 7033.2192   24.7754
    0.0000  -45.0000    7.5000 7433.7090   24.7605
    7.5000  -45.0000    7.5000 7129.3076   24.6543
   -7.5000  -37.5000    7.5000 7914.2280   23.8781
    0.0000  -37.5000    7.5000 8357.7529   23.8785
    7.5000  -37.5000    7.5000 8035.5229   23.8007
   -7.5000  -30.0000    7.5000 9159.9629   23.2498
    0.0000  -30.0000    7.5000 9683.3398   23.2511
    7.5000  -30.0000    7.5000 9287.1211   23.1847
   -7.5000  -22.5000    7.500010452.5742   22.8177
    0.0000  -22.5000    7.500011016.4502   22.8062
    7.5000  -22.5000    7.500010550.8740   22.7262
   -7.5000  -15.0000    7.500011763.0840   22.5954
    0.0000  -15.0000    7.500012359.5371   22.5756
    7.5000  -15.0000    7.500011841.0059   22.4777
   -7.5000   -7.5000    7.500013114.2090   22.5796
    0.0000   -7.5000    7.500013798.6445   22.5603
    7.5000   -7.5000    7.500013153.9316   22.4551
   -7.5000    0.0000    7.500014510.1523   22.5851
    0.0000    0.0000    7.500015245.7178   22.5749
    7.5000    0.0000    7.500014447.4033   22.4801
   -7.5000    7.5000    7.500014875.1650   22.5987
    0.0000    7.5000    7.500015566.2354   22.5973
    7.5000    7.5000    7.500014660.4814   22.5221
   -7.5000   15.0000    7.500014886.6758   22.6037
    0.0000   15.0000    7.500015533.1152   22.6019
    7.5000   15.0000    7.500014585.2480   22.5360
   -7.5000   22.5000    7.500014608.2881   22.5840
    0.0000   22.5000    7.500015223.1289   22.5730
    7.5000   22.5000    7.500014383.9131   22.4948
   -7.5000   30.0000    7.500014189.4521   22.2913
    0.0000   30.0000    7.500014813.5908   22.2718
    7.5000   30.0000    7.500014089.7246   22.1752
   -7.5000   37.5000    7.500014338.7627   22.2870
    0.0000   37.5000    7.500015034.6182   22.2680
    7.5000   37.5000    7.500014274.2881   22.1641
   -7.5000   45.0000    7.500013722.3379   21.7694
    0.0000   45.0000    7.500014442.6162   21.7596
    7.5000   45.0000    7.500013678.3154   21.6682
   -7.5000  -45.0000   15.0000 6722.6553   24.6913
    0.0000  -45.0000   15.0000 7086.7178   24.6853
    7.5000  -45.0000   15.0000 6793.4556   24.5687
   -7.5000  -37.5000   15.0000 7583.4648   23.7926
    0.0000  -37.5000   15.0000 7993.8691   23.7907
    7.5000  -37.5000   15.0000 7657.3501   23.6948
   -7.5000  -30.0000   15.0000 8756.7080   23.1840
    0.0000  -30.0000   15.0000 9281.8564   23.1790
    7.5000  -30.0000   15.0000 8877.0713   23.0912
   -7.5000  -22.5000   15.000010016.4590   22.7742
    0.0000  -22.5000   15.000010589.9648   22.7625
    7.5000  -22.5000   15.000010140.1035   22.6677
   -7.5000  -15.0000   15.000011327.6543   22.5602
    0.0000  -15.0000   15.000011947.6123   22.5488
    7.5000  -15.0000   15.000011434.2920   22.4443
   -7.5000   -7.5000   15.000012639.7920   22.5285
    0.0000   -7.5000   15.000013331.4580   22.5206
    7.5000   -7.5000   15.000012703.0049   22.4111
   -7.5000    0.0000   15.000013977.8672   22.5128
    0.0000    0.0000   15.000014708.2295   22.5097
    7.5000    0.0000   15.000013936.5234   22.4065
   -7.5000    7.5000   15.000014444.3662   22.5216
    0.0000    7.5000   15.000015121.8770   22.5187
    7.5000    7.5000   15.000014186.6436   22.4275
   -7.5000   15.0000   15.000014891.2734   22.5408
    0.0000   15.0000   15.000015515.6133   22.5334
    7.5000   15.0000   15.000014352.9102   22.4473
   -7.5000   22.5000   15.000014774.6719   22.5418
    0.0000   22.5000   15.000015359.2100   22.5304
    7.5000   22.5000   15.000014361.2656   22.4378
   -7.5000   30.0000   15.000014208.7822   22.2566
    0.0000   30.0000   15.000014788.9619   22.2453
    7.5000   30.0000   15.000014046.0693   22.1422
   -7.5000   37.5000   15.000014229.4658   22.2366
    0.0000   37.5000   15.000014896.3467   22.2288
    7.5000   37.5000   15.000014104.0518   22.1206
   -7.5000   45.0000   15.000013556.4014   21.6997
    0.0000   45.0000   15.000014276.9561   21.6967
    7.5000   45.0000   15.000013419.8799   21.5973
   -7.5000  -45.0000   22.5000 6324.0083   24.6960
    0.0000  -45.0000   22.5000 6697.4741   24.6945
    7.5000  -45.0000   22.5000 6392.9053   24.5796
   -7.5000  -37.5000   22.5000 7215.7329   23.7869
    0.0000  -37.5000   22.5000 7604.9517   23.7811
    7.5000  -37.5000   22.5000 7247.5366   23.6773
   -7.5000  -30.0000   22.5000 8402.4883   23.1841
    0.0000  -30.0000   22.5000 8879.4355   23.1722
    7.5000  -30.0000   22.5000 8480.0303   23.0696
   -7.5000  -22.5000   22.5000 9644.4502   22.7867
    0.0000  -22.5000   22.500010150.5605   22.7724
    7.5000  -22.5000   22.5000 9735.0078   22.6655
   -7.5000  -15.0000   22.500010897.4736   22.5776
    0.0000  -15.0000   22.500011446.5674   22.5698
    7.5000  -15.0000   22.500010981.2969   22.4618
   -7.5000   -7.5000   22.500012149.0938   22.5405
    0.0000   -7.5000   22.500012739.9736   22.5386
    7.5000   -7.5000   22.500012184.4414   22.4316
   -7.5000    0.0000   22.500013379.3984   22.5153
    0.0000    0.0000   22.500013999.5654   22.5146
    7.5000    0.0000   22.500013352.3945   22.4125
   -7.5000    7.5000   22.500013791.8301   22.5189
    0.0000    7.5000   22.500014418.6572   22.5122
    7.5000    7.5000   22.500013611.5420   22.4135
   -7.5000   15.0000   22.500014172.1885   22.5427
    0.0000   15.0000   22.500014848.5166   22.5288
    7.5000   15.0000   22.500013809.7432   22.4287
   -7.5000   22.5000   22.500014074.7139   22.5542
    0.0000   22.5000   22.500014809.7705   22.5403
    7.5000   22.5000   22.500013812.2002   22.4360
   -7.5000   30.0000   22.500013558.2627   22.2737
    0.0000   30.0000   22.500014276.4004   22.2660
    7.5000   30.0000   22.500013439.1543   22.1594
   -7.5000   37.5000   22.500013530.4658   22.2484
    0.0000   37.5000   22.500014276.6582   22.2465
    7.5000   37.5000   22.500013424.3076   22.1408
   -7.5000   45.0000   22.500012892.6904   21.7021
    0.0000   45.0000   22.500013588.2266   21.7015
    7.5000   45.0000   22.500012759.3320   21.6031
   -7.5000  -45.0000   30.0000 5952.2437   24.7845
    0.0000  -45.0000   30.0000 6268.6348   24.7768
    7.5000  -45.0000   30.0000 6034.2944   24.6725
   -7.5000  -37.5000   30.0000 6785.0547   23.8696
    0.0000  -37.5000   30.0000 7146.0723   23.8595
    7.5000  -37.5000   30.0000 6856.2051   23.7624
   -7.5000  -30.0000   30.0000 7927.9497   23.2548
    0.0000  -30.0000   30.0000 8376.0645   23.2397
    7.5000  -30.0000   30.0000 8000.9492   23.1397
   -7.5000  -22.5000   30.0000 9101.8672   22.8470
    0.0000  -22.5000   30.0000 9624.8789   22.8292
    7.5000  -22.5000   30.0000 9169.2910   22.7217
   -7.5000  -15.0000   30.000010290.0859   22.6323
    0.0000  -15.0000   30.000010850.7451   22.6203
    7.5000  -15.0000   30.000010333.5439   22.5136
   -7.5000   -7.5000   30.000011479.4160   22.6037
    0.0000   -7.5000   30.000012083.0859   22.5966
    7.5000   -7.5000   30.000011498.5391   22.4955
   -7.5000    0.0000   30.000012646.8135   22.5905
    0.0000    0.0000   30.000013293.7158   22.5840
    7.5000    0.0000   30.000012690.3740   22.4901
   -7.5000    7.5000   30.000012984.5410   22.5959
    0.0000    7.5000   30.000013667.5088   22.5847
    7.5000    7.5000   30.000012976.2949   22.4918
   -7.5000   15.0000   30.000013107.5635   22.6120
    0.0000   15.0000   30.000013801.2549   22.5950
    7.5000   15.0000   30.000013055.5840   22.4969
   -7.5000   22.5000   30.000012888.0303   22.6131
    0.0000   22.5000   30.000013558.6406   22.5960
    7.5000   22.5000   30.000012903.9639   22.4911
   -7.5000   30.0000   30.000012519.9473   22.3276
    0.0000   30.0000   30.000013154.5674   22.3158
    7.5000   30.0000   30.000012551.4170   22.2105
   -7.5000   37.5000   30.000012642.3916   22.3108
    0.0000   37.5000   30.000013291.5537   22.3038
    7.5000   37.5000   30.000012609.4229   22.2040
   -7.5000   45.0000   30.000012107.9336   21.7746
    0.0000   45.0000   30.000012712.7422   21.7684
    7.5000   45.0000   30.000012054.8838   21.6778
   -7.5000  -45.0000   37.5000 5693.1333   24.9425
    0.0000  -45.0000   37.5000 6012.0322   24.9251
    7.5000  -45.0000   37.5000 5794.0195   24.8282
   -7.5000  -37.5000   37.5000 6495.7158   24.0255
    0.0000  -37.5000   37.5000 6890.1655   24.0173
    7.5000  -37.5000   37.5000 6592.5254   23.9364
   -7.5000  -30.0000   37.5000 7605.6055   23.3869
    0.0000  -30.0000   37.5000 8078.2437   23.3779
    7.5000  -30.0000   37.5000 7709.9116   23.2970
   -7.5000  -22.5000   37.5000 8748.4170   22.9531
    0.0000  -22.5000   37.5000 9272.3877   22.9354
    7.5000  -22.5000   37.5000 8836.8613   22.8399
   -7.5000  -15.0000   37.5000 9902.3613   22.7286
    0.0000  -15.0000   37.500010445.7285   22.7078
    7.5000  -15.0000   37.5000 9959.9961   22.6042
   -7.5000   -7.5000   37.500011065.5850   22.7165
    0.0000   -7.5000   37.500011633.0605   22.6974
    7.5000   -7.5000   37.500011122.8506   22.5976
   -7.5000    0.0000   37.500012172.9248   22.7259
    0.0000    0.0000   37.500012798.4893   22.7119
    7.5000    0.0000   37.500012275.3828   22.6239
   -7.5000    7.5000   37.500012427.4541   22.7371
    0.0000    7.5000   37.500013047.7969   22.7270
    7.5000    7.5000   37.500012526.0391   22.6484
   -7.5000   15.0000   37.500012431.0801   22.7381
    0.0000   15.0000   37.500013017.4199   22.7267
    7.5000   15.0000   37.500012534.8779   22.6464
   -7.5000   22.5000   37.500012206.4961   22.7169
    0.0000   22.5000   37.500012757.4209   22.6999
    7.5000   22.5000   37.500012312.6035   22.6067
   -7.5000   30.0000   37.500011955.2256   22.4226
    0.0000   30.0000   37.500012483.9756   22.4021
    7.5000   30.0000   37.500012023.9561   22.2999
   -7.5000   37.5000   37.500012145.3760   22.4221
    0.0000   37.5000   37.500012693.4424   22.4032
    7.5000   37.5000   37.500012161.9688   22.3047
   -7.5000   45.0000   37.500011693.5625   21.9052
    0.0000   45.0000   37.500012218.1309   21.8917
    7.5000   45.0000   37.500011685.6445   21.8069
   -7.5000  -45.0000   45.0000 5226.5786   25.2115
    0.0000  -45.0000   45.0000 5506.5693   25.1915
    7.5000  -45.0000   45.0000 5293.4526   25.0921
   -7.5000  -37.5000   45.0000 5954.9072   24.2771
    0.0000  -37.5000   45.0000 6286.2837   24.2766
    7.5000  -37.5000   45.0000 6031.3115   24.2054
   -7.5000  -30.0000   45.0000 6978.2129   23.6152
    0.0000  -30.0000   45.0000 7350.3022   23.6164
    7.5000  -30.0000   45.0000 7058.7852   23.5529
   -7.5000  -22.5000   45.0000 8019.7280   23.1597
    0.0000  -22.5000   45.0000 8421.7539   23.1455
    7.5000  -22.5000   45.0000 8087.0781   23.0632
   -7.5000  -15.0000   45.0000 9065.4561   22.9268
    0.0000  -15.0000   45.0000 9503.9951   22.9013
    7.5000  -15.0000   45.0000 9109.3330   22.8003
   -7.5000   -7.5000   45.000010120.1982   22.9209
    0.0000   -7.5000   45.000010609.2988   22.8952
    7.5000   -7.5000   45.000010175.5645   22.7912
   -7.5000    0.0000   45.000011140.6826   22.9392
    0.0000    0.0000   45.000011659.9805   22.9241
    7.5000    0.0000   45.000011218.7363   22.8345
   -7.5000    7.5000   45.000011365.8760   22.9536
    0.0000    7.5000   45.000011876.3574   22.9504
    7.5000    7.5000   45.000011437.0879   22.8806
   -7.5000   15.0000   45.000011326.5938   22.9491
    0.0000   15.0000   45.000011834.7783   22.9471
    7.5000   15.0000   45.000011400.7695   22.8834
   -7.5000   22.5000   45.000011145.8340   22.9180
    0.0000   22.5000   45.000011627.4150   22.9043
    7.5000   22.5000   45.000011215.4658   22.8240
   -7.5000   30.0000   45.000010946.6631   22.6161
    0.0000   30.0000   45.000011401.5176   22.5909
    7.5000   30.0000   45.000010973.7568   22.4913
   -7.5000   37.5000   45.000011122.5762   22.6219
    0.0000   37.5000   45.000011592.1289   22.5965
    7.5000   37.5000   45.000011131.4736   22.4938
   -7.5000   45.0000   45.000010725.5547   22.1208
    0.0000   45.0000   45.000011195.3184   22.1063
    7.5000   45.0000   45.000010738.1240   22.0198

---------------------------------------------------------------------
imgreg_4dfp /opt/freesurfer/average/711-2C_as_mni_average_305 /opt/freesurfer/average/711-2B_as_mni_average_305_mask talsrcimg_g11 none talsrcimg_to_711-2C_as_mni_average_305_t4 4355
---------------------------------------------------------------------

freesurfer imgreg_4dfp.c
/opt/freesurfer/average/711-2C_as_mni_average_305.4dfp.img
       256       256       256         1
  1.000000  1.000000  1.000000
orientation T byte_order littleendian
Reading image: /opt/freesurfer/average/711-2C_as_mni_average_305.4dfp.img
dimensions:      256       256       256
mmppix:       1.0000   -1.0000   -1.0000
center:     128.0000 -129.0000 -129.0000
/opt/freesurfer/average/711-2B_as_mni_average_305_mask.4dfp.img
       256       256       256         1
  1.000000  1.000000  1.000000
orientation T byte_order littleendian
Reading mask: /opt/freesurfer/average/711-2B_as_mni_average_305_mask.4dfp.img (2306576 pixels)
talsrcimg_g11.4dfp.img
       256       256       256         1
  1.000000  1.000000  1.000000
orientation T byte_order littleendian
Reading image: talsrcimg_g11.4dfp.img
dimensions:      256       256       256
mmppix:       1.0000   -1.0000   -1.0000
center:     128.0000 -129.0000 -129.0000
rotation matrix determinant  1.000000
image alignment mode   4355 decimal     1103 hex
   -7.5000  -37.5000  -45.0000 1636.0492   38.4926
    0.0000  -37.5000  -45.0000 1637.1130   38.1220
    7.5000  -37.5000  -45.0000 1630.5857   38.5230
   -7.5000  -30.0000  -45.0000 1751.3716   33.6044
    0.0000  -30.0000  -45.0000 1747.3109   33.2198
    7.5000  -30.0000  -45.0000 1745.0604   33.6775
   -7.5000  -22.5000  -45.0000 1862.0847   29.6883
    0.0000  -22.5000  -45.0000 1862.6683   29.4876
    7.5000  -22.5000  -45.0000 1857.9385   29.8174
   -7.5000  -15.0000  -45.0000 1963.8112   26.6866
    0.0000  -15.0000  -45.0000 1963.8529   26.5496
    7.5000  -15.0000  -45.0000 1953.3628   26.7614
   -7.5000   -7.5000  -45.0000 2053.2783   24.3645
    0.0000   -7.5000  -45.0000 2052.2888   24.2517
    7.5000   -7.5000  -45.0000 2044.1647   24.3943
   -7.5000    0.0000  -45.0000 2128.5574   22.7026
    0.0000    0.0000  -45.0000 2129.4314   22.5799
    7.5000    0.0000  -45.0000 2123.2500   22.6150
   -7.5000    7.5000  -45.0000 2175.6411   21.5170
    0.0000    7.5000  -45.0000 2179.7263   21.3869
    7.5000    7.5000  -45.0000 2171.8040   21.4465
   -7.5000   15.0000  -45.0000 2199.4492   20.8056
    0.0000   15.0000  -45.0000 2201.5315   20.6690
    7.5000   15.0000  -45.0000 2200.8843   20.7981
   -7.5000   22.5000  -45.0000 2215.8899   20.5138
    0.0000   22.5000  -45.0000 2218.9585   20.3468
    7.5000   22.5000  -45.0000 2205.2036   20.4757
   -7.5000   30.0000  -45.0000 2211.9280   20.5926
    0.0000   30.0000  -45.0000 2210.1599   20.4477
    7.5000   30.0000  -45.0000 2188.0520   20.6137
   -7.5000   37.5000  -45.0000 2190.1228   21.0324
    0.0000   37.5000  -45.0000 2184.7927   20.8605
    7.5000   37.5000  -45.0000 2164.7749   21.0820
   -7.5000   45.0000  -45.0000 2144.8049   21.9277
    0.0000   45.0000  -45.0000 2138.9873   21.7216
    7.5000   45.0000  -45.0000 2122.9619   21.9636
   -7.5000   52.5000  -45.0000 2071.3032   22.9674
    0.0000   52.5000  -45.0000 2069.1128   22.7815
    7.5000   52.5000  -45.0000 2050.4802   23.0578
   -7.5000  -37.5000  -37.5000 1683.4895   35.8687
    0.0000  -37.5000  -37.5000 1688.2228   35.5852
    7.5000  -37.5000  -37.5000 1678.6282   35.9131
   -7.5000  -30.0000  -37.5000 1805.2531   31.1872
    0.0000  -30.0000  -37.5000 1810.7892   30.9484
    7.5000  -30.0000  -37.5000 1800.9316   31.1706
   -7.5000  -22.5000  -37.5000 1927.9116   27.4838
    0.0000  -22.5000  -37.5000 1933.5087   27.3135
    7.5000  -22.5000  -37.5000 1927.0552   27.5169
   -7.5000  -15.0000  -37.5000 2042.3594   24.6882
    0.0000  -15.0000  -37.5000 2047.0858   24.5518
    7.5000  -15.0000  -37.5000 2034.7421   24.7031
   -7.5000   -7.5000  -37.5000 2143.9197   22.5354
    0.0000   -7.5000  -37.5000 2147.8665   22.4628
    7.5000   -7.5000  -37.5000 2138.8459   22.5060
   -7.5000    0.0000  -37.5000 2232.6445   20.9724
    0.0000    0.0000  -37.5000 2233.9580   20.8964
    7.5000    0.0000  -37.5000 2223.0093   20.9030
   -7.5000    7.5000  -37.5000 2275.7795   19.8781
    0.0000    7.5000  -37.5000 2285.9548   19.7745
    7.5000    7.5000  -37.5000 2271.8875   19.7861
   -7.5000   15.0000  -37.5000 2300.8772   19.1567
    0.0000   15.0000  -37.5000 2307.7515   19.0675
    7.5000   15.0000  -37.5000 2289.8000   19.0863
   -7.5000   22.5000  -37.5000 2308.8240   18.7952
    0.0000   22.5000  -37.5000 2315.1694   18.6811
    7.5000   22.5000  -37.5000 2292.1863   18.7870
   -7.5000   30.0000  -37.5000 2308.9158   18.7947
    0.0000   30.0000  -37.5000 2309.4851   18.6816
    7.5000   30.0000  -37.5000 2285.5356   18.8062
   -7.5000   37.5000  -37.5000 2292.8706   19.1484
    0.0000   37.5000  -37.5000 2288.2083   19.0140
    7.5000   37.5000  -37.5000 2268.8550   19.1732
   -7.5000   45.0000  -37.5000 2260.2263   19.9360
    0.0000   45.0000  -37.5000 2257.1277   19.7767
    7.5000   45.0000  -37.5000 2233.4028   19.9639
   -7.5000   52.5000  -37.5000 2183.0359   20.9129
    0.0000   52.5000  -37.5000 2181.9417   20.7590
    7.5000   52.5000  -37.5000 2161.0686   20.9808
   -7.5000  -37.5000  -30.0000 1759.0797   34.6217
    0.0000  -37.5000  -30.0000 1765.9860   34.4201
    7.5000  -37.5000  -30.0000 1757.4244   34.6948
   -7.5000  -30.0000  -30.0000 1891.9331   30.1117
    0.0000  -30.0000  -30.0000 1898.7134   29.9460
    7.5000  -30.0000  -30.0000 1893.4874   30.1040
   -7.5000  -22.5000  -30.0000 2028.5195   26.6438
    0.0000  -22.5000  -30.0000 2038.7151   26.4965
    7.5000  -22.5000  -30.0000 2026.6627   26.6101
   -7.5000  -15.0000  -30.0000 2159.1777   23.9360
    0.0000  -15.0000  -30.0000 2166.5586   23.7985
    7.5000  -15.0000  -30.0000 2145.3999   23.8424
   -7.5000   -7.5000  -30.0000 2271.8472   21.7773
    0.0000   -7.5000  -30.0000 2278.1250   21.7221
    7.5000   -7.5000  -30.0000 2260.3926   21.6781
   -7.5000    0.0000  -30.0000 2366.5037   20.1384
    0.0000    0.0000  -30.0000 2372.0093   20.0373
    7.5000    0.0000  -30.0000 2354.3960   20.0570
   -7.5000    7.5000  -30.0000 2418.6853   19.0293
    0.0000    7.5000  -30.0000 2429.6814   18.9198
    7.5000    7.5000  -30.0000 2403.6672   18.9133
   -7.5000   15.0000  -30.0000 2446.3418   18.3227
    0.0000   15.0000  -30.0000 2453.7397   18.1997
    7.5000   15.0000  -30.0000 2429.4475   18.2030
   -7.5000   22.5000  -30.0000 2458.3708   17.9102
    0.0000   22.5000  -30.0000 2465.4189   17.7906
    7.5000   22.5000  -30.0000 2439.2808   17.8797
   -7.5000   30.0000  -30.0000 2458.6284   17.9042
    0.0000   30.0000  -30.0000 2458.9548   17.7980
    7.5000   30.0000  -30.0000 2432.7012   17.9021
   -7.5000   37.5000  -30.0000 2444.9541   18.1987
    0.0000   37.5000  -30.0000 2440.6860   18.0814
    7.5000   37.5000  -30.0000 2413.8418   18.2185
   -7.5000   45.0000  -30.0000 2412.8940   18.9085
    0.0000   45.0000  -30.0000 2411.7021   18.7542
    7.5000   45.0000  -30.0000 2376.7764   18.9235
   -7.5000   52.5000  -30.0000 2339.3967   19.8002
    0.0000   52.5000  -30.0000 2337.8745   19.6816
    7.5000   52.5000  -30.0000 2304.5571   19.8657
   -7.5000  -37.5000  -22.5000 1825.8049   33.6600
    0.0000  -37.5000  -22.5000 1830.4819   33.4360
    7.5000  -37.5000  -22.5000 1821.3613   33.7085
   -7.5000  -30.0000  -22.5000 1966.9503   29.1547
    0.0000  -30.0000  -22.5000 1973.4263   28.9664
    7.5000  -30.0000  -22.5000 1963.4379   29.0877
   -7.5000  -22.5000  -22.5000 2115.8677   25.7377
    0.0000  -22.5000  -22.5000 2125.3115   25.6250
    7.5000  -22.5000  -22.5000 2106.1001   25.6628
   -7.5000  -15.0000  -22.5000 2256.5105   23.1072
    0.0000  -15.0000  -22.5000 2265.7375   22.9944
    7.5000  -15.0000  -22.5000 2241.3972   22.9942
   -7.5000   -7.5000  -22.5000 2382.7078   21.0147
    0.0000   -7.5000  -22.5000 2389.6653   20.8787
    7.5000   -7.5000  -22.5000 2363.4775   20.8739
   -7.5000    0.0000  -22.5000 2478.4514   19.3011
    0.0000    0.0000  -22.5000 2482.8352   19.1360
    7.5000    0.0000  -22.5000 2457.8831   19.1523
   -7.5000    7.5000  -22.5000 2541.9006   18.1126
    0.0000    7.5000  -22.5000 2548.1821   17.9422
    7.5000    7.5000  -22.5000 2522.3667   17.9429
   -7.5000   15.0000  -22.5000 2577.8206   17.4247
    0.0000   15.0000  -22.5000 2578.3967   17.2731
    7.5000   15.0000  -22.5000 2550.6348   17.2626
   -7.5000   22.5000  -22.5000 2600.8088   16.9955
    0.0000   22.5000  -22.5000 2599.5818   16.8708
    7.5000   22.5000  -22.5000 2570.7131   16.9059
   -7.5000   30.0000  -22.5000 2602.1731   16.9724
    0.0000   30.0000  -22.5000 2597.3774   16.8699
    7.5000   30.0000  -22.5000 2565.8860   16.9556
   -7.5000   37.5000  -22.5000 2580.2476   17.2448
    0.0000   37.5000  -22.5000 2578.8242   17.1598
    7.5000   37.5000  -22.5000 2540.5872   17.2859
   -7.5000   45.0000  -22.5000 2544.4182   17.9005
    0.0000   45.0000  -22.5000 2548.1328   17.7923
    7.5000   45.0000  -22.5000 2502.0054   17.9323
   -7.5000   52.5000  -22.5000 2469.2595   18.7278
    0.0000   52.5000  -22.5000 2471.3806   18.6491
    7.5000   52.5000  -22.5000 2425.1733   18.7904
   -7.5000  -37.5000  -15.0000 1870.0111   32.9033
    0.0000  -37.5000  -15.0000 1872.8170   32.6625
    7.5000  -37.5000  -15.0000 1869.1459   32.8619
   -7.5000  -30.0000  -15.0000 2020.8174   28.3707
    0.0000  -30.0000  -15.0000 2028.4991   28.1901
    7.5000  -30.0000  -15.0000 2018.4795   28.2870
   -7.5000  -22.5000  -15.0000 2176.4526   24.9659
    0.0000  -22.5000  -15.0000 2189.3865   24.8406
    7.5000  -22.5000  -15.0000 2171.1626   24.8800
   -7.5000  -15.0000  -15.0000 2320.7473   22.3175
    0.0000  -15.0000  -15.0000 2333.4529   22.1233
    7.5000  -15.0000  -15.0000 2309.3535   22.1734
   -7.5000   -7.5000  -15.0000 2445.1589   20.1766
    0.0000   -7.5000  -15.0000 2457.7734   19.9775
    7.5000   -7.5000  -15.0000 2432.7246   20.0224
   -7.5000    0.0000  -15.0000 2543.4675   18.5002
    0.0000    0.0000  -15.0000 2554.6296   18.3038
    7.5000    0.0000  -15.0000 2531.9873   18.3510
   -7.5000    7.5000  -15.0000 2618.1538   17.2748
    0.0000    7.5000  -15.0000 2625.3557   17.0744
    7.5000    7.5000  -15.0000 2601.4294   17.1168
   -7.5000   15.0000  -15.0000 2664.7483   16.5315
    0.0000   15.0000  -15.0000 2670.1223   16.3686
    7.5000   15.0000  -15.0000 2641.7771   16.3782
   -7.5000   22.5000  -15.0000 2697.6597   16.0902
    0.0000   22.5000  -15.0000 2696.5432   15.9688
    7.5000   22.5000  -15.0000 2668.1868   15.9805
   -7.5000   30.0000  -15.0000 2704.9089   16.0440
    0.0000   30.0000  -15.0000 2706.9094   15.9378
    7.5000   30.0000  -15.0000 2671.5164   15.9811
   -7.5000   37.5000  -15.0000 2684.1865   16.3265
    0.0000   37.5000  -15.0000 2693.7061   16.2264
    7.5000   37.5000  -15.0000 2649.9150   16.3376
   -7.5000   45.0000  -15.0000 2645.8977   16.9631
    0.0000   45.0000  -15.0000 2653.4749   16.8396
    7.5000   45.0000  -15.0000 2609.7554   16.9979
   -7.5000   52.5000  -15.0000 2564.6543   17.7456
    0.0000   52.5000  -15.0000 2567.7395   17.6276
    7.5000   52.5000  -15.0000 2525.4797   17.8158
   -7.5000  -37.5000   -7.5000 1900.5481   32.0626
    0.0000  -37.5000   -7.5000 1909.0587   31.8714
    7.5000  -37.5000   -7.5000 1903.3169   32.0675
   -7.5000  -30.0000   -7.5000 2057.0667   27.5852
    0.0000  -30.0000   -7.5000 2073.0300   27.4078
    7.5000  -30.0000   -7.5000 2059.1274   27.5285
   -7.5000  -22.5000   -7.5000 2214.4172   24.2604
    0.0000  -22.5000   -7.5000 2226.6599   23.9894
    7.5000  -22.5000   -7.5000 2211.1028   24.0818
   -7.5000  -15.0000   -7.5000 2356.2224   21.5745
    0.0000  -15.0000   -7.5000 2366.5588   21.3671
    7.5000  -15.0000   -7.5000 2349.3926   21.3821
   -7.5000   -7.5000   -7.5000 2476.9519   19.4250
    0.0000   -7.5000   -7.5000 2489.9487   19.2178
    7.5000   -7.5000   -7.5000 2475.8560   19.2818
   -7.5000    0.0000   -7.5000 2582.1104   17.7829
    0.0000    0.0000   -7.5000 2596.6260   17.5555
    7.5000    0.0000   -7.5000 2575.3230   17.6006
   -7.5000    7.5000   -7.5000 2669.9216   16.5333
    0.0000    7.5000   -7.5000 2683.6843   16.3498
    7.5000    7.5000   -7.5000 2656.0449   16.4075
   -7.5000   15.0000   -7.5000 2728.0007   15.6997
    0.0000   15.0000   -7.5000 2736.9395   15.4972
    7.5000   15.0000   -7.5000 2709.5742   15.5549
   -7.5000   22.5000   -7.5000 2769.2012   15.1895
    0.0000   22.5000   -7.5000 2775.6863   15.0527
    7.5000   22.5000   -7.5000 2745.6753   15.1067
   -7.5000   30.0000   -7.5000 2779.6179   15.1161
    0.0000   30.0000   -7.5000 2787.3293   14.9693
    7.5000   30.0000   -7.5000 2755.8313   15.0497
   -7.5000   37.5000   -7.5000 2773.1592   15.4532
    0.0000   37.5000   -7.5000 2778.5361   15.2912
    7.5000   37.5000   -7.5000 2744.9727   15.4180
   -7.5000   45.0000   -7.5000 2732.4851   16.0629
    0.0000   45.0000   -7.5000 2738.2480   15.9173
    7.5000   45.0000   -7.5000 2700.9888   16.0792
   -7.5000   52.5000   -7.5000 2642.6331   16.7934
    0.0000   52.5000   -7.5000 2648.9758   16.6762
    7.5000   52.5000   -7.5000 2612.1206   16.8800
   -7.5000  -37.5000    0.0000 1920.9597   31.6459
    0.0000  -37.5000    0.0000 1928.2079   31.4248
    7.5000  -37.5000    0.0000 1921.4017   31.6532
   -7.5000  -30.0000    0.0000 2074.1887   27.1232
    0.0000  -30.0000    0.0000 2083.0876   26.9047
    7.5000  -30.0000    0.0000 2072.6802   27.0105
   -7.5000  -22.5000    0.0000 2216.2742   23.7328
    0.0000  -22.5000    0.0000 2233.1667   23.4897
    7.5000  -22.5000    0.0000 2216.9231   23.5266
   -7.5000  -15.0000    0.0000 2358.1533   21.0239
    0.0000  -15.0000    0.0000 2373.6672   20.8347
    7.5000  -15.0000    0.0000 2359.7507   20.8362
   -7.5000   -7.5000    0.0000 2488.1843   18.9128
    0.0000   -7.5000    0.0000 2503.8865   18.6825
    7.5000   -7.5000    0.0000 2489.5247   18.6976
   -7.5000    0.0000    0.0000 2604.9021   17.3216
    0.0000    0.0000    0.0000 2619.6880   17.0670
    7.5000    0.0000    0.0000 2602.1543   17.0904
   -7.5000    7.5000    0.0000 2705.3503   16.1007
    0.0000    7.5000    0.0000 2714.0649   15.8191
    7.5000    7.5000    0.0000 2693.3933   15.8703
   -7.5000   15.0000    0.0000 2776.7927   15.1674
    0.0000   15.0000    0.0000 2789.5574   14.8967
    7.5000   15.0000    0.0000 2758.2981   14.9906
   -7.5000   22.5000    0.0000 2825.2944   14.5280
    0.0000   22.5000    0.0000 2832.7205   14.3074
    7.5000   22.5000    0.0000 2801.5659   14.4331
   -7.5000   30.0000    0.0000 2846.7207   14.3618
    0.0000   30.0000    0.0000 2849.9023   14.1590
    7.5000   30.0000    0.0000 2821.0969   14.3094
   -7.5000   37.5000    0.0000 2840.4902   14.6979
    0.0000   37.5000    0.0000 2848.7505   14.4991
    7.5000   37.5000    0.0000 2812.2646   14.6648
   -7.5000   45.0000    0.0000 2794.0750   15.3057
    0.0000   45.0000    0.0000 2799.3528   15.1377
    7.5000   45.0000    0.0000 2768.7693   15.3545
   -7.5000   52.5000    0.0000 2695.9180   16.0660
    0.0000   52.5000    0.0000 2702.4653   15.9035
    7.5000   52.5000    0.0000 2674.9998   16.2000
   -7.5000  -37.5000    7.5000 1919.1416   31.7977
    0.0000  -37.5000    7.5000 1932.3419   31.5725
    7.5000  -37.5000    7.5000 1921.3109   31.7209
   -7.5000  -30.0000    7.5000 2079.8171   27.3584
    0.0000  -30.0000    7.5000 2093.6914   26.9796
    7.5000  -30.0000    7.5000 2076.6233   27.0845
   -7.5000  -22.5000    7.5000 2221.5298   23.7584
    0.0000  -22.5000    7.5000 2234.5818   23.3500
    7.5000  -22.5000    7.5000 2218.4517   23.4170
   -7.5000  -15.0000    7.5000 2355.5232   20.9157
    0.0000  -15.0000    7.5000 2363.8120   20.5180
    7.5000  -15.0000    7.5000 2352.6692   20.5850
   -7.5000   -7.5000    7.5000 2483.8799   18.7251
    0.0000   -7.5000    7.5000 2494.6228   18.3764
    7.5000   -7.5000    7.5000 2477.9744   18.3910
   -7.5000    0.0000    7.5000 2608.9709   17.1068
    0.0000    0.0000    7.5000 2616.5693   16.7412
    7.5000    0.0000    7.5000 2592.1536   16.7435
   -7.5000    7.5000    7.5000 2722.0637   15.9022
    0.0000    7.5000    7.5000 2728.8743   15.5158
    7.5000    7.5000    7.5000 2699.5461   15.4965
   -7.5000   15.0000    7.5000 2811.3547   14.9309
    0.0000   15.0000    7.5000 2815.0129   14.5731
    7.5000   15.0000    7.5000 2781.4570   14.5878
   -7.5000   22.5000    7.5000 2875.6646   14.1842
    0.0000   22.5000    7.5000 2875.1125   13.8815
    7.5000   22.5000    7.5000 2841.4753   14.0623
   -7.5000   30.0000    7.5000 2907.4443   13.8951
    0.0000   30.0000    7.5000 2907.4360   13.6312
    7.5000   30.0000    7.5000 2871.6536   13.9415
   -7.5000   37.5000    7.5000 2898.9866   14.2364
    0.0000   37.5000    7.5000 2903.3052   13.9770
    7.5000   37.5000    7.5000 2860.1243   14.2517
   -7.5000   45.0000    7.5000 2849.2468   14.8470
    0.0000   45.0000    7.5000 2853.7400   14.6111
    7.5000   45.0000    7.5000 2814.0005   14.8653
   -7.5000   52.5000    7.5000 2746.9753   15.5600
    0.0000   52.5000    7.5000 2750.2834   15.3624
    7.5000   52.5000    7.5000 2711.7148   15.6138
   -7.5000  -37.5000   15.0000 1915.3479   32.5102
    0.0000  -37.5000   15.0000 1919.8401   31.9626
    7.5000  -37.5000   15.0000 1914.3335   32.1770
   -7.5000  -30.0000   15.0000 2065.4207   27.7569
    0.0000  -30.0000   15.0000 2078.4343   27.2422
    7.5000  -30.0000   15.0000 2064.7251   27.2880
   -7.5000  -22.5000   15.0000 2200.8772   24.0232
    0.0000  -22.5000   15.0000 2219.1091   23.5957
    7.5000  -22.5000   15.0000 2203.1138   23.5826
   -7.5000  -15.0000   15.0000 2335.7903   21.0744
    0.0000  -15.0000   15.0000 2349.3286   20.6757
    7.5000  -15.0000   15.0000 2330.0950   20.7063
   -7.5000   -7.5000   15.0000 2466.1965   18.7910
    0.0000   -7.5000   15.0000 2473.2256   18.3923
    7.5000   -7.5000   15.0000 2450.2190   18.4277
   -7.5000    0.0000   15.0000 2590.3223   17.0685
    0.0000    0.0000   15.0000 2596.0366   16.6819
    7.5000    0.0000   15.0000 2565.8950   16.7163
   -7.5000    7.5000   15.0000 2709.7117   15.8171
    0.0000    7.5000   15.0000 2707.6519   15.4002
    7.5000    7.5000   15.0000 2682.3215   15.4056
   -7.5000   15.0000   15.0000 2819.4241   15.0098
    0.0000   15.0000   15.0000 2814.4172   14.5841
    7.5000   15.0000   15.0000 2784.5403   14.5773
   -7.5000   22.5000   15.0000 2916.3940   14.4340
    0.0000   22.5000   15.0000 2917.7625   14.0764
    7.5000   22.5000   15.0000 2863.5588   14.1331
   -7.5000   30.0000   15.0000 2958.8105   13.9136
    0.0000   30.0000   15.0000 2958.5090   13.6725
    7.5000   30.0000   15.0000 2897.4290   13.9058
   -7.5000   37.5000   15.0000 2934.4973   13.9986
    0.0000   37.5000   15.0000 2935.6389   13.8204
    7.5000   37.5000   15.0000 2878.6387   14.1171
   -7.5000   45.0000   15.0000 2864.1831   14.5294
    0.0000   45.0000   15.0000 2871.7842   14.3584
    7.5000   45.0000   15.0000 2830.3884   14.5848
   -7.5000   52.5000   15.0000 2758.2075   15.2696
    0.0000   52.5000   15.0000 2764.3528   15.1125
    7.5000   52.5000   15.0000 2727.6941   15.3058
   -7.5000  -37.5000   22.5000 1890.8137   33.5668
    0.0000  -37.5000   22.5000 1898.6113   33.0581
    7.5000  -37.5000   22.5000 1879.4471   33.0636
   -7.5000  -30.0000   22.5000 2047.6979   28.5719
    0.0000  -30.0000   22.5000 2062.1636   28.0942
    7.5000  -30.0000   22.5000 2042.2000   28.0834
   -7.5000  -22.5000   22.5000 2187.2712   24.5765
    0.0000  -22.5000   22.5000 2202.7043   24.0740
    7.5000  -22.5000   22.5000 2184.9949   24.1775
   -7.5000  -15.0000   22.5000 2318.4976   21.3934
    0.0000  -15.0000   22.5000 2321.6697   20.8943
    7.5000  -15.0000   22.5000 2309.5398   21.0808
   -7.5000   -7.5000   22.5000 2450.0840   19.0753
    0.0000   -7.5000   22.5000 2443.7988   18.6128
    7.5000   -7.5000   22.5000 2425.1782   18.7774
   -7.5000    0.0000   22.5000 2573.7405   17.3926
    0.0000    0.0000   22.5000 2566.0537   16.9725
    7.5000    0.0000   22.5000 2542.3374   17.0456
   -7.5000    7.5000   22.5000 2694.1013   16.1169
    0.0000    7.5000   22.5000 2688.4622   15.7435
    7.5000    7.5000   22.5000 2660.7922   15.8035
   -7.5000   15.0000   22.5000 2801.6633   15.2923
    0.0000   15.0000   22.5000 2807.8608   14.9535
    7.5000   15.0000   22.5000 2761.4614   14.9706
   -7.5000   22.5000   22.5000 2894.9390   14.6773
    0.0000   22.5000   22.5000 2913.1304   14.4544
    7.5000   22.5000   22.5000 2840.4534   14.4197
   -7.5000   30.0000   22.5000 2929.7920   14.1075
    0.0000   30.0000   22.5000 2936.4429   13.9268
    7.5000   30.0000   22.5000 2883.3679   14.1276
   -7.5000   37.5000   22.5000 2906.7988   14.0840
    0.0000   37.5000   22.5000 2917.3181   13.9807
    7.5000   37.5000   22.5000 2864.4475   14.1711
   -7.5000   45.0000   22.5000 2851.3574   14.5717
    0.0000   45.0000   22.5000 2858.8391   14.4534
    7.5000   45.0000   22.5000 2814.5168   14.5987
   -7.5000   52.5000   22.5000 2745.5823   15.3390
    0.0000   52.5000   22.5000 2749.6355   15.1731
    7.5000   52.5000   22.5000 2716.9736   15.3261
   -7.5000  -37.5000   30.0000 1866.8472   35.1159
    0.0000  -37.5000   30.0000 1864.9803   34.5223
    7.5000  -37.5000   30.0000 1856.6182   34.6792
   -7.5000  -30.0000   30.0000 2024.8126   29.6573
    0.0000  -30.0000   30.0000 2027.4919   29.1477
    7.5000  -30.0000   30.0000 2010.3759   29.1724
   -7.5000  -22.5000   30.0000 2163.3652   25.3649
    0.0000  -22.5000   30.0000 2171.7698   24.8153
    7.5000  -22.5000   30.0000 2154.9309   24.9584
   -7.5000  -15.0000   30.0000 2296.7600   22.1061
    0.0000  -15.0000   30.0000 2298.3774   21.6800
    7.5000  -15.0000   30.0000 2274.6094   21.8291
   -7.5000   -7.5000   30.0000 2422.3706   19.7362
    0.0000   -7.5000   30.0000 2424.6907   19.3634
    7.5000   -7.5000   30.0000 2392.1565   19.5223
   -7.5000    0.0000   30.0000 2546.1614   17.9888
    0.0000    0.0000   30.0000 2546.6843   17.6681
    7.5000    0.0000   30.0000 2514.0225   17.8555
   -7.5000    7.5000   30.0000 2663.0208   16.7013
    0.0000    7.5000   30.0000 2669.1406   16.3890
    7.5000    7.5000   30.0000 2634.7869   16.5812
   -7.5000   15.0000   30.0000 2767.3647   15.7501
    0.0000   15.0000   30.0000 2781.7112   15.5059
    7.5000   15.0000   30.0000 2733.0325   15.6142
   -7.5000   22.5000   30.0000 2857.9443   14.9777
    0.0000   22.5000   30.0000 2865.5210   14.7561
    7.5000   22.5000   30.0000 2816.7373   14.9633
   -7.5000   30.0000   30.0000 2900.1995   14.4913
    0.0000   30.0000   30.0000 2900.3325   14.3147
    7.5000   30.0000   30.0000 2855.0425   14.5070
   -7.5000   37.5000   30.0000 2890.5693   14.6262
    0.0000   37.5000   30.0000 2898.7253   14.4485
    7.5000   37.5000   30.0000 2844.0388   14.5643
   -7.5000   45.0000   30.0000 2833.9136   15.1504
    0.0000   45.0000   30.0000 2844.6528   15.0042
    7.5000   45.0000   30.0000 2796.6069   15.0608
   -7.5000   52.5000   30.0000 2721.4197   15.8713
    0.0000   52.5000   30.0000 2729.4761   15.7287
    7.5000   52.5000   30.0000 2693.1790   15.7890
   -7.5000  -37.5000   37.5000 1813.3594   36.8499
    0.0000  -37.5000   37.5000 1824.1814   36.4322
    7.5000  -37.5000   37.5000 1807.9895   36.5935
   -7.5000  -30.0000   37.5000 1979.3698   31.0657
    0.0000  -30.0000   37.5000 1989.1869   30.6606
    7.5000  -30.0000   37.5000 1969.6715   30.8934
   -7.5000  -22.5000   37.5000 2127.6519   26.5517
    0.0000  -22.5000   37.5000 2145.8894   26.2128
    7.5000  -22.5000   37.5000 2122.2288   26.4226
   -7.5000  -15.0000   37.5000 2266.4822   23.1947
    0.0000  -15.0000   37.5000 2276.1145   22.8175
    7.5000  -15.0000   37.5000 2246.7231   23.0294
   -7.5000   -7.5000   37.5000 2397.5266   20.7122
    0.0000   -7.5000   37.5000 2403.6426   20.3326
    7.5000   -7.5000   37.5000 2369.9099   20.5964
   -7.5000    0.0000   37.5000 2517.9553   18.8432
    0.0000    0.0000   37.5000 2524.2903   18.4948
    7.5000    0.0000   37.5000 2492.0061   18.7789
   -7.5000    7.5000   37.5000 2636.2092   17.4292
    0.0000    7.5000   37.5000 2643.6091   17.1384
    7.5000    7.5000   37.5000 2610.0159   17.4063
   -7.5000   15.0000   37.5000 2735.6335   16.3834
    0.0000   15.0000   37.5000 2741.1599   16.0940
    7.5000   15.0000   37.5000 2704.5137   16.3825
   -7.5000   22.5000   37.5000 2810.6497   15.5065
    0.0000   22.5000   37.5000 2811.2949   15.3047
    7.5000   22.5000   37.5000 2771.3086   15.6147
   -7.5000   30.0000   37.5000 2859.6873   15.1548
    0.0000   30.0000   37.5000 2855.6360   14.9816
    7.5000   30.0000   37.5000 2811.9519   15.1981
   -7.5000   37.5000   37.5000 2853.6926   15.3758
    0.0000   37.5000   37.5000 2860.8740   15.1585
    7.5000   37.5000   37.5000 2810.2354   15.2929
   -7.5000   45.0000   37.5000 2795.5754   15.9179
    0.0000   45.0000   37.5000 2803.4717   15.6985
    7.5000   45.0000   37.5000 2762.0708   15.7810
   -7.5000   52.5000   37.5000 2687.4678   16.6580
    0.0000   52.5000   37.5000 2696.1284   16.4651
    7.5000   52.5000   37.5000 2654.1011   16.5278
   -7.5000  -37.5000   45.0000 1758.1221   38.9940
    0.0000  -37.5000   45.0000 1765.5178   38.5376
    7.5000  -37.5000   45.0000 1757.1064   38.9446
   -7.5000  -30.0000   45.0000 1921.6062   32.7325
    0.0000  -30.0000   45.0000 1934.1577   32.3364
    7.5000  -30.0000   45.0000 1921.9691   32.7213
   -7.5000  -22.5000   45.0000 2074.1287   27.9504
    0.0000  -22.5000   45.0000 2089.0579   27.4750
    7.5000  -22.5000   45.0000 2070.9858   27.8828
   -7.5000  -15.0000   45.0000 2213.8101   24.3234
    0.0000  -15.0000   45.0000 2227.3887   23.8774
    7.5000  -15.0000   45.0000 2206.4553   24.2472
   -7.5000   -7.5000   45.0000 2345.0427   21.7091
    0.0000   -7.5000   45.0000 2360.4126   21.3056
    7.5000   -7.5000   45.0000 2334.1353   21.6449
   -7.5000    0.0000   45.0000 2466.8674   19.7515
    0.0000    0.0000   45.0000 2480.8733   19.4055
    7.5000    0.0000   45.0000 2452.9097   19.7581
   -7.5000    7.5000   45.0000 2587.4861   18.3066
    0.0000    7.5000   45.0000 2593.3296   17.9580
    7.5000    7.5000   45.0000 2564.7532   18.3182
   -7.5000   15.0000   45.0000 2672.9116   17.1561
    0.0000   15.0000   45.0000 2687.9724   16.8608
    7.5000   15.0000   45.0000 2647.0054   17.2313
   -7.5000   22.5000   45.0000 2744.1440   16.3284
    0.0000   22.5000   45.0000 2752.6831   16.1351
    7.5000   22.5000   45.0000 2711.0786   16.4251
   -7.5000   30.0000   45.0000 2786.8513   16.0550
    0.0000   30.0000   45.0000 2789.6736   15.8532
    7.5000   30.0000   45.0000 2748.6299   16.0774
   -7.5000   37.5000   45.0000 2779.0972   16.2290
    0.0000   37.5000   45.0000 2786.8843   16.0123
    7.5000   37.5000   45.0000 2741.7100   16.1855
   -7.5000   45.0000   45.0000 2719.3481   16.7820
    0.0000   45.0000   45.0000 2729.9182   16.5809
    7.5000   45.0000   45.0000 2689.2207   16.7248
   -7.5000   52.5000   45.0000 2617.5244   17.4944
    0.0000   52.5000   45.0000 2624.4543   17.3210
    7.5000   52.5000   45.0000 2587.4287   17.4676

---------------------------------------------------------------------
imgreg_4dfp /opt/freesurfer/average/711-2C_as_mni_average_305 /opt/freesurfer/average/711-2B_as_mni_average_305_mask talsrcimg_g11 none talsrcimg_to_711-2C_as_mni_average_305_t4 1283
---------------------------------------------------------------------

freesurfer imgreg_4dfp.c
/opt/freesurfer/average/711-2C_as_mni_average_305.4dfp.img
       256       256       256         1
  1.000000  1.000000  1.000000
orientation T byte_order littleendian
Reading image: /opt/freesurfer/average/711-2C_as_mni_average_305.4dfp.img
dimensions:      256       256       256
mmppix:       1.0000   -1.0000   -1.0000
center:     128.0000 -129.0000 -129.0000
/opt/freesurfer/average/711-2B_as_mni_average_305_mask.4dfp.img
       256       256       256         1
  1.000000  1.000000  1.000000
orientation T byte_order littleendian
Reading mask: /opt/freesurfer/average/711-2B_as_mni_average_305_mask.4dfp.img (2306576 pixels)
talsrcimg_g11.4dfp.img
       256       256       256         1
  1.000000  1.000000  1.000000
orientation T byte_order littleendian
Reading image: talsrcimg_g11.4dfp.img
dimensions:      256       256       256
mmppix:       1.0000   -1.0000   -1.0000
center:     128.0000 -129.0000 -129.0000
rotation matrix determinant  1.000000
fimgreg.f
image alignment mode   1283 decimal      503 hex
parameters
   -7.5000   30.0000   15.0000    0.0000    0.0000    0.0000
eta,q 0.92947 13.95121
niter,ni,del,rscale     5    3   12.0000    1.2000
parameter  1 -0.937610 -> -0.500000 qaram    1.1500
parameter  4  1.485716 ->  0.500000 qaram    1.1500
parameters
   -4.0500   29.3712   16.2844   -3.4500   -2.6802    2.5702
eta,q 0.93881 13.96303
  0.0928  0.0745  0.0814  0.0639  0.0642  0.0682
  0.0841  0.0715  0.0783  0.0636  0.0627  0.0656
  0.0795  0.0705  0.0746  0.0647  0.0622  0.0637
  0.0756  0.0708  0.0702  0.0679  0.0637  0.0622
  0.0717  0.0720  0.0682  0.0714  0.0658  0.0613
  0.0699  0.0735  0.0705  0.0738  0.0683  0.0615
  0.0697  0.0754  0.0769  0.0765  0.0721  0.0628
niter,ni,del,rscale     6    3   12.0000    1.2000
parameters
   -2.2259   30.1863   16.5581   -4.5831   -2.4657    3.0201
eta,q 0.94096 13.90561
  0.0856  0.0757  0.0753  0.0668  0.0675  0.0647
  0.0771  0.0683  0.0725  0.0623  0.0631  0.0623
  0.0704  0.0629  0.0658  0.0591  0.0597  0.0606
  0.0612  0.0602  0.0600  0.0598  0.0591  0.0592
  0.0609  0.0605  0.0614  0.0628  0.0606  0.0591
  0.0642  0.0640  0.0677  0.0673  0.0624  0.0607
  0.0715  0.0691  0.0759  0.0720  0.0660  0.0639
niter,ni,del,rscale     5    3   12.0000    1.2000
parameters
   -2.2931   30.6101   16.6436   -4.8671   -2.4033    3.0876
eta,q 0.94111 13.88330
  0.0772  0.0738  0.0758  0.0684  0.0670  0.0644
  0.0709  0.0667  0.0714  0.0646  0.0627  0.0620
  0.0618  0.0612  0.0637  0.0598  0.0593  0.0602
  0.0590  0.0590  0.0590  0.0590  0.0589  0.0589
  0.0620  0.0606  0.0615  0.0612  0.0604  0.0592
  0.0687  0.0652  0.0685  0.0652  0.0624  0.0612
  0.0797  0.0696  0.0770  0.0702  0.0663  0.0649
niter,ni,del,rscale     4    3   12.0000    1.2000
parameters
   -2.3353   30.7699   16.6599   -4.9564   -2.3651    3.0956
eta,q 0.94111 13.87469
  0.0767  0.0725  0.0758  0.0688  0.0669  0.0644
  0.0706  0.0655  0.0709  0.0652  0.0626  0.0620
  0.0618  0.0604  0.0631  0.0602  0.0593  0.0602
  0.0589  0.0589  0.0589  0.0589  0.0589  0.0589
  0.0615  0.0613  0.0616  0.0609  0.0604  0.0592
  0.0684  0.0660  0.0689  0.0647  0.0624  0.0614
  0.0790  0.0699  0.0773  0.0697  0.0664  0.0651
niter,ni,del,rscale     3    3   12.0000    1.2000
parameters
   -2.3565   30.8240   16.6598   -4.9901   -2.3486    3.0952
eta,q 0.94110 13.87173
  0.0766  0.0720  0.0758  0.0689  0.0669  0.0645
  0.0705  0.0651  0.0708  0.0654  0.0626  0.0620
  0.0619  0.0602  0.0629  0.0603  0.0592  0.0602
  0.0589  0.0589  0.0589  0.0589  0.0589  0.0589
  0.0614  0.0616  0.0617  0.0608  0.0604  0.0593
  0.0682  0.0663  0.0691  0.0646  0.0624  0.0615
  0.0786  0.0701  0.0774  0.0696  0.0664  0.0652
registration optimization eta report
parameter search radius
    6.9000    6.0000    6.0000    6.9000    6.0000    6.0000
100000*second partial in parameter space
       38.       33.       46.       21.       21.       16.
  0.0766  0.0720  0.0758  0.0689  0.0669  0.0645
  0.0705  0.0651  0.0708  0.0654  0.0626  0.0620
  0.0619  0.0602  0.0629  0.0603  0.0592  0.0602
  0.0589  0.0589  0.0589  0.0589  0.0589  0.0589
  0.0614  0.0616  0.0617  0.0608  0.0604  0.0593
  0.0682  0.0663  0.0691  0.0646  0.0624  0.0615
  0.0786  0.0701  0.0774  0.0696  0.0664  0.0652
   -2.3565   30.8240   16.6598   -4.9901   -2.3486    3.0952
eta,q 0.94110 13.87173

---------------------------------------------------------------------
imgreg_4dfp /opt/freesurfer/average/711-2C_as_mni_average_305 /opt/freesurfer/average/711-2B_as_mni_average_305_mask talsrcimg_g11 none talsrcimg_to_711-2C_as_mni_average_305_t4 3335
---------------------------------------------------------------------

freesurfer imgreg_4dfp.c
/opt/freesurfer/average/711-2C_as_mni_average_305.4dfp.img
       256       256       256         1
  1.000000  1.000000  1.000000
orientation T byte_order littleendian
Reading image: /opt/freesurfer/average/711-2C_as_mni_average_305.4dfp.img
dimensions:      256       256       256
mmppix:       1.0000   -1.0000   -1.0000
center:     128.0000 -129.0000 -129.0000
/opt/freesurfer/average/711-2B_as_mni_average_305_mask.4dfp.img
       256       256       256         1
  1.000000  1.000000  1.000000
orientation T byte_order littleendian
Reading mask: /opt/freesurfer/average/711-2B_as_mni_average_305_mask.4dfp.img (2306576 pixels)
talsrcimg_g11.4dfp.img
       256       256       256         1
  1.000000  1.000000  1.000000
orientation T byte_order littleendian
Reading image: talsrcimg_g11.4dfp.img
dimensions:      256       256       256
mmppix:       1.0000   -1.0000   -1.0000
center:     128.0000 -129.0000 -129.0000
fimgreg.f
image alignment mode   3335 decimal      D07 hex
parameters
   -2.3565   30.8240   16.6598   -0.2298   -0.5436   -0.4627
   -5.7350    3.6068    5.3950    8.9061   -4.0980   -8.6911
eta,q 0.94053 13.84091
niter,ni,del,rscale     5    3    5.0000    1.2000
parameter  4  8.307066 ->  0.500000 qaram    1.1500
parameter  5-15.433352 ->  0.500000 qaram    1.1500
parameter  6  0.950390 ->  0.500000 qaram    1.1500
parameters
   -2.3336   31.3827   16.6101   -4.3698   -4.6836   -4.6027
   -6.0100    3.1207    4.9210    8.7272   -4.0160   -7.8343
eta,q 0.96550 13.98337
  0.0620  0.0615  0.0625  0.0458  0.0353  0.0343  0.0380  0.0422  0.0369  0.0402  0.0376  0.0380
  0.0607  0.0604  0.0609  0.0494  0.0397  0.0343  0.0361  0.0378  0.0356  0.0375  0.0360  0.0364
  0.0598  0.0597  0.0599  0.0542  0.0451  0.0361  0.0350  0.0352  0.0348  0.0354  0.0349  0.0352
  0.0595  0.0595  0.0595  0.0595  0.0506  0.0411  0.0346  0.0346  0.0346  0.0346  0.0346  0.0346
  0.0597  0.0595  0.0599  0.0650  0.0553  0.0504  0.0351  0.0362  0.0350  0.0354  0.0349  0.0346
  0.0606  0.0597  0.0611  0.0703  0.0598  0.0612  0.0365  0.0397  0.0360  0.0375  0.0359  0.0354
  0.0619  0.0601  0.0628  0.0750  0.0646  0.0684  0.0386  0.0442  0.0376  0.0411  0.0374  0.0368
niter,ni,del,rscale     7    3    5.0000    1.2000
parameter  4  0.710922 ->  0.500000 qaram    1.3225
parameter  5  0.911258 ->  0.500000 qaram    1.3225
parameters
   -2.0518   31.4090   15.8315   -9.1308   -9.4446   -6.4036
   -5.3098    2.8058    6.3746    8.6871   -5.9007   -8.8295
eta,q 0.97254 13.73887
  0.0403  0.0379  0.0355  0.0316  0.0276  0.0309  0.0319  0.0323  0.0313  0.0318  0.0282  0.0287
  0.0374  0.0360  0.0344  0.0310  0.0271  0.0295  0.0300  0.0296  0.0297  0.0295  0.0277  0.0278
  0.0355  0.0348  0.0341  0.0314  0.0280  0.0283  0.0285  0.0282  0.0285  0.0281  0.0275  0.0274
  0.0345  0.0344  0.0344  0.0341  0.0310  0.0272  0.0279  0.0278  0.0278  0.0277  0.0277  0.0275
  0.0346  0.0348  0.0354  0.0389  0.0358  0.0273  0.0280  0.0284  0.0277  0.0282  0.0280  0.0279
  0.0359  0.0359  0.0371  0.0448  0.0407  0.0321  0.0290  0.0301  0.0282  0.0295  0.0285  0.0285
  0.0382  0.0377  0.0393  0.0509  0.0451  0.0437  0.0307  0.0334  0.0294  0.0319  0.0292  0.0294
niter,ni,del,rscale     7    3    5.0000    1.2000
parameter  2 -0.542549 -> -0.500000 qaram    1.1500
parameter 12  0.518665 ->  0.500000 qaram    1.1500
parameters
   -1.8697   32.7890   16.2375  -10.9980  -12.8488   -6.3897
   -5.7428    2.8449    6.8826    9.8215   -6.9254  -12.9695
eta,q 0.97402 13.46482
  0.0321  0.0342  0.0288  0.0299  0.0288  0.0301  0.0289  0.0309  0.0289  0.0301  0.0270  0.0264
  0.0297  0.0314  0.0277  0.0282  0.0274  0.0286  0.0275  0.0283  0.0277  0.0280  0.0265  0.0260
  0.0281  0.0291  0.0269  0.0270  0.0264  0.0276  0.0267  0.0269  0.0268  0.0269  0.0264  0.0260
  0.0275  0.0274  0.0264  0.0263  0.0266  0.0265  0.0265  0.0265  0.0265  0.0265  0.0264  0.0264
  0.0277  0.0265  0.0263  0.0273  0.0292  0.0258  0.0269  0.0270  0.0266  0.0265  0.0266  0.0268
  0.0288  0.0265  0.0268  0.0309  0.0340  0.0264  0.0279  0.0284  0.0272  0.0270  0.0269  0.0274
  0.0309  0.0272  0.0277  0.0362  0.0389  0.0321  0.0296  0.0306  0.0283  0.0282  0.0274  0.0281
niter,ni,del,rscale     7    3    5.0000    1.2000
parameters
   -1.7406   33.6211   16.3248  -11.3171  -14.7184   -6.7521
   -5.9903    2.9395    6.9516   11.3629   -7.2087  -13.0541
eta,q 0.97398 13.33740
  0.0302  0.0321  0.0276  0.0302  0.0292  0.0298  0.0286  0.0308  0.0282  0.0300  0.0270  0.0276
  0.0280  0.0293  0.0265  0.0281  0.0276  0.0283  0.0273  0.0281  0.0271  0.0277  0.0263  0.0265
  0.0266  0.0273  0.0258  0.0266  0.0263  0.0270  0.0264  0.0264  0.0264  0.0265  0.0260  0.0260
  0.0260  0.0260  0.0255  0.0255  0.0256  0.0259  0.0260  0.0260  0.0260  0.0260  0.0260  0.0260
  0.0262  0.0255  0.0257  0.0255  0.0267  0.0255  0.0263  0.0266  0.0262  0.0261  0.0262  0.0263
  0.0274  0.0261  0.0263  0.0277  0.0302  0.0269  0.0274  0.0281  0.0269  0.0265  0.0265  0.0268
  0.0294  0.0276  0.0273  0.0319  0.0351  0.0328  0.0292  0.0303  0.0282  0.0274  0.0271  0.0274
niter,ni,del,rscale     6    3    5.0000    1.2000
parameters
   -1.6959   34.3662   15.9777  -11.2272  -15.8236   -6.8675
   -6.0390    2.8875    6.8552   13.2635   -7.2977  -13.9514
eta,q 0.97411 13.28849
  0.0297  0.0309  0.0269  0.0301  0.0292  0.0296  0.0286  0.0304  0.0278  0.0295  0.0268  0.0270
  0.0277  0.0286  0.0262  0.0282  0.0278  0.0281  0.0272  0.0278  0.0269  0.0276  0.0262  0.0261
  0.0265  0.0270  0.0258  0.0268  0.0266  0.0269  0.0264  0.0263  0.0263  0.0265  0.0259  0.0259
  0.0260  0.0260  0.0258  0.0257  0.0257  0.0260  0.0260  0.0260  0.0260  0.0260  0.0259  0.0259
  0.0263  0.0258  0.0260  0.0254  0.0259  0.0254  0.0263  0.0266  0.0262  0.0259  0.0260  0.0262
  0.0275  0.0263  0.0267  0.0272  0.0284  0.0263  0.0272  0.0281  0.0269  0.0262  0.0263  0.0267
  0.0295  0.0275  0.0278  0.0309  0.0330  0.0317  0.0287  0.0303  0.0281  0.0269  0.0268  0.0273
niter,ni,del,rscale     5    3    5.0000    1.2000
parameters
   -1.7271   34.9703   15.5851  -11.2669  -16.9038   -7.0611
   -6.0194    2.7795    6.8170   14.9493   -7.4017  -14.4118
eta,q 0.97416 13.22321
  0.0293  0.0302  0.0266  0.0298  0.0288  0.0292  0.0284  0.0301  0.0278  0.0291  0.0266  0.0269
  0.0274  0.0281  0.0261  0.0279  0.0275  0.0278  0.0272  0.0276  0.0268  0.0274  0.0261  0.0261
  0.0262  0.0267  0.0257  0.0266  0.0265  0.0268  0.0263  0.0262  0.0262  0.0264  0.0259  0.0258
  0.0259  0.0259  0.0257  0.0257  0.0257  0.0259  0.0260  0.0260  0.0260  0.0260  0.0259  0.0259
  0.0263  0.0258  0.0260  0.0254  0.0256  0.0253  0.0262  0.0266  0.0262  0.0259  0.0260  0.0261
  0.0275  0.0263  0.0266  0.0271  0.0278  0.0261  0.0270  0.0280  0.0268  0.0262  0.0262  0.0265
  0.0295  0.0276  0.0276  0.0308  0.0323  0.0315  0.0285  0.0301  0.0279  0.0270  0.0266  0.0270
niter,ni,del,rscale     4    3    5.0000    1.2000
parameters
   -1.7545   35.4780   15.2621  -11.3559  -17.8072   -7.2529
   -6.0678    2.7041    6.9206   16.1349   -7.5166  -14.6849
eta,q 0.97412 13.15833
  0.0292  0.0299  0.0267  0.0296  0.0286  0.0290  0.0281  0.0299  0.0278  0.0288  0.0266  0.0269
  0.0273  0.0279  0.0261  0.0278  0.0273  0.0276  0.0270  0.0275  0.0269  0.0272  0.0261  0.0262
  0.0262  0.0265  0.0258  0.0266  0.0264  0.0267  0.0263  0.0262  0.0262  0.0264  0.0259  0.0259
  0.0258  0.0258  0.0257  0.0257  0.0258  0.0259  0.0260  0.0260  0.0260  0.0260  0.0259  0.0259
  0.0262  0.0258  0.0260  0.0255  0.0255  0.0252  0.0262  0.0266  0.0261  0.0259  0.0260  0.0261
  0.0274  0.0264  0.0265  0.0271  0.0272  0.0259  0.0270  0.0279  0.0267  0.0263  0.0262  0.0264
  0.0293  0.0277  0.0274  0.0306  0.0315  0.0313  0.0283  0.0298  0.0278  0.0274  0.0266  0.0269
niter,ni,del,rscale     3    3    5.0000    1.2000
parameters
   -1.7529   35.8285   15.0573  -11.4726  -18.4004   -7.4097
   -6.1798    2.6902    6.9365   16.7979   -7.4761  -14.8145
eta,q 0.97404 13.10822
  0.0291  0.0296  0.0268  0.0295  0.0286  0.0289  0.0281  0.0299  0.0279  0.0285  0.0267  0.0269
  0.0273  0.0277  0.0263  0.0278  0.0274  0.0276  0.0270  0.0275  0.0269  0.0271  0.0262  0.0263
  0.0263  0.0265  0.0259  0.0266  0.0265  0.0268  0.0263  0.0263  0.0263  0.0263  0.0260  0.0260
  0.0259  0.0259  0.0258  0.0258  0.0259  0.0260  0.0260  0.0260  0.0260  0.0260  0.0260  0.0260
  0.0262  0.0260  0.0260  0.0256  0.0256  0.0252  0.0262  0.0266  0.0262  0.0261  0.0261  0.0261
  0.0273  0.0267  0.0265  0.0272  0.0268  0.0259  0.0270  0.0278  0.0268  0.0266  0.0263  0.0264
  0.0292  0.0281  0.0273  0.0306  0.0308  0.0311  0.0283  0.0297  0.0279  0.0278  0.0266  0.0269
niter,ni,del,rscale     2    3    5.0000    1.2000
parameters
   -1.7329   36.0326   14.9402  -11.5331  -18.7023   -7.5022
   -6.2798    2.6818    6.8659   17.1526   -7.4323  -14.8486
eta,q 0.97397 13.08146
  0.0292  0.0293  0.0270  0.0295  0.0287  0.0289  0.0281  0.0298  0.0279  0.0284  0.0267  0.0270
  0.0274  0.0276  0.0264  0.0278  0.0275  0.0277  0.0270  0.0275  0.0269  0.0271  0.0263  0.0264
  0.0263  0.0264  0.0261  0.0267  0.0265  0.0268  0.0263  0.0263  0.0263  0.0264  0.0261  0.0261
  0.0260  0.0260  0.0260  0.0260  0.0260  0.0260  0.0260  0.0260  0.0260  0.0260  0.0260  0.0260
  0.0263  0.0262  0.0261  0.0257  0.0257  0.0252  0.0263  0.0266  0.0263  0.0261  0.0261  0.0262
  0.0273  0.0270  0.0265  0.0272  0.0266  0.0259  0.0270  0.0278  0.0269  0.0267  0.0263  0.0265
  0.0291  0.0284  0.0273  0.0304  0.0303  0.0309  0.0282  0.0296  0.0280  0.0280  0.0267  0.0269
niter,ni,del,rscale     1    3    5.0000    1.2000
parameters
   -1.7132   36.1406   14.8784  -11.5581  -18.8413   -7.5565
   -6.3362    2.6834    6.8002   17.3266   -7.3759  -14.8581
eta,q 0.97394 13.06844
  0.0292  0.0292  0.0271  0.0295  0.0288  0.0289  0.0281  0.0298  0.0279  0.0283  0.0268  0.0270
  0.0275  0.0275  0.0265  0.0278  0.0275  0.0277  0.0270  0.0276  0.0269  0.0271  0.0264  0.0264
  0.0264  0.0264  0.0262  0.0267  0.0266  0.0269  0.0263  0.0263  0.0263  0.0264  0.0261  0.0261
  0.0260  0.0260  0.0260  0.0260  0.0260  0.0260  0.0261  0.0261  0.0261  0.0261  0.0261  0.0261
  0.0263  0.0263  0.0262  0.0258  0.0258  0.0253  0.0263  0.0266  0.0263  0.0262  0.0262  0.0262
  0.0273  0.0272  0.0266  0.0272  0.0265  0.0259  0.0270  0.0278  0.0270  0.0268  0.0264  0.0265
  0.0291  0.0287  0.0273  0.0304  0.0301  0.0308  0.0282  0.0296  0.0280  0.0282  0.0267  0.0269
registration optimization eta report
parameter search radius
    2.4000    2.7600    2.4000    9.5220    9.5220    8.2800
    7.2000    7.2000    7.2000    7.2000    7.2000    8.2800
100000*second partial in parameter space
       55.       38.       20.        4.        4.        6.
        4.        7.        4.        4.        1.        1.
  0.0292  0.0292  0.0271  0.0295  0.0288  0.0289  0.0281  0.0298  0.0279  0.0283  0.0268  0.0270
  0.0275  0.0275  0.0265  0.0278  0.0275  0.0277  0.0270  0.0276  0.0269  0.0271  0.0264  0.0264
  0.0264  0.0264  0.0262  0.0267  0.0266  0.0269  0.0263  0.0263  0.0263  0.0264  0.0261  0.0261
  0.0260  0.0260  0.0260  0.0260  0.0260  0.0260  0.0261  0.0261  0.0261  0.0261  0.0261  0.0261
  0.0263  0.0263  0.0262  0.0258  0.0258  0.0253  0.0263  0.0266  0.0263  0.0262  0.0262  0.0262
  0.0273  0.0272  0.0266  0.0272  0.0265  0.0259  0.0270  0.0278  0.0270  0.0268  0.0264  0.0265
  0.0291  0.0287  0.0273  0.0304  0.0301  0.0308  0.0282  0.0296  0.0280  0.0282  0.0267  0.0269
   -1.7132   36.1406   14.8784  -11.5581  -18.8413   -7.5565
   -6.3362    2.6834    6.8002   17.3266   -7.3759  -14.8581
eta,q 0.97394 13.06844

---------------------------------------------------------------------
imgreg_4dfp /opt/freesurfer/average/711-2C_as_mni_average_305 /opt/freesurfer/average/711-2B_as_mni_average_305_mask talsrcimg_g11 none talsrcimg_to_711-2C_as_mni_average_305_t4 2311
---------------------------------------------------------------------

freesurfer imgreg_4dfp.c
/opt/freesurfer/average/711-2C_as_mni_average_305.4dfp.img
       256       256       256         1
  1.000000  1.000000  1.000000
orientation T byte_order littleendian
Reading image: /opt/freesurfer/average/711-2C_as_mni_average_305.4dfp.img
dimensions:      256       256       256
mmppix:       1.0000   -1.0000   -1.0000
center:     128.0000 -129.0000 -129.0000
/opt/freesurfer/average/711-2B_as_mni_average_305_mask.4dfp.img
       256       256       256         1
  1.000000  1.000000  1.000000
orientation T byte_order littleendian
Reading mask: /opt/freesurfer/average/711-2B_as_mni_average_305_mask.4dfp.img (2306576 pixels)
talsrcimg_g11.4dfp.img
       256       256       256         1
  1.000000  1.000000  1.000000
orientation T byte_order littleendian
Reading image: talsrcimg_g11.4dfp.img
dimensions:      256       256       256
mmppix:       1.0000   -1.0000   -1.0000
center:     128.0000 -129.0000 -129.0000
fimgreg.f
image alignment mode   2311 decimal      907 hex
parameters
   -1.7132   36.1406   14.8784  -11.5581  -18.8413   -7.5565
   -6.3362    2.6834    6.8002   17.3266   -7.3759  -14.8581
eta,q 0.97394 13.06844
niter,ni,del,rscale     5    3    5.0000    0.8000
parameter  5 -0.655513 -> -0.500000 qaram    1.1500
parameter  6 -0.589222 -> -0.500000 qaram    1.1500
parameters
   -1.6804   36.1692   14.8994   -9.5830  -16.0813   -4.7965
   -7.0380    3.1087    6.5062   17.1039   -7.1784  -15.0123
eta,q 0.97523 13.45535
  0.0275  0.0271  0.0266  0.0272  0.0269  0.0272  0.0258  0.0284  0.0259  0.0267  0.0258  0.0257
  0.0267  0.0265  0.0263  0.0268  0.0264  0.0267  0.0252  0.0263  0.0253  0.0257  0.0252  0.0251
  0.0262  0.0262  0.0261  0.0264  0.0261  0.0261  0.0248  0.0251  0.0249  0.0250  0.0249  0.0248
  0.0261  0.0261  0.0261  0.0261  0.0258  0.0255  0.0248  0.0248  0.0248  0.0248  0.0248  0.0248
  0.0262  0.0262  0.0261  0.0258  0.0256  0.0250  0.0251  0.0250  0.0249  0.0250  0.0249  0.0250
  0.0266  0.0265  0.0263  0.0258  0.0255  0.0248  0.0257  0.0258  0.0254  0.0258  0.0252  0.0253
  0.0274  0.0270  0.0266  0.0262  0.0257  0.0255  0.0267  0.0271  0.0262  0.0273  0.0255  0.0257
niter,ni,del,rscale     6    3    5.0000    0.9000
parameters
   -1.8701   35.3979   14.7515   -9.7647  -16.6728   -6.1164
   -6.1222    2.8496    6.9659   16.6973   -6.9890  -14.6975
eta,q 0.97503 13.38300
  0.0266  0.0250  0.0256  0.0261  0.0261  0.0269  0.0269  0.0276  0.0264  0.0264  0.0257  0.0258
  0.0255  0.0245  0.0249  0.0255  0.0255  0.0262  0.0260  0.0258  0.0257  0.0256  0.0252  0.0253
  0.0249  0.0245  0.0245  0.0249  0.0249  0.0253  0.0254  0.0250  0.0252  0.0251  0.0250  0.0250
  0.0248  0.0248  0.0245  0.0244  0.0245  0.0246  0.0250  0.0250  0.0250  0.0249  0.0250  0.0250
  0.0252  0.0254  0.0247  0.0243  0.0244  0.0249  0.0250  0.0254  0.0250  0.0251  0.0251  0.0251
  0.0261  0.0265  0.0252  0.0252  0.0254  0.0276  0.0253  0.0264  0.0253  0.0258  0.0253  0.0253
  0.0277  0.0279  0.0260  0.0270  0.0278  0.0338  0.0260  0.0279  0.0260  0.0271  0.0255  0.0255
niter,ni,del,rscale     5    3    5.0000    0.8000
parameters
   -1.9196   35.5280   14.8026   -9.4642  -16.2530   -6.0861
   -6.2896    2.8565    6.8356   16.7850   -6.9726  -14.8323
eta,q 0.97518 13.42677
  0.0265  0.0263  0.0257  0.0263  0.0263  0.0269  0.0260  0.0272  0.0258  0.0262  0.0254  0.0254
  0.0256  0.0256  0.0253  0.0258  0.0258  0.0263  0.0253  0.0257  0.0253  0.0255  0.0251  0.0250
  0.0251  0.0252  0.0251  0.0253  0.0253  0.0256  0.0250  0.0250  0.0250  0.0251  0.0249  0.0248
  0.0250  0.0250  0.0250  0.0250  0.0249  0.0248  0.0248  0.0248  0.0248  0.0248  0.0248  0.0248
  0.0252  0.0250  0.0250  0.0248  0.0247  0.0243  0.0250  0.0251  0.0249  0.0249  0.0249  0.0249
  0.0257  0.0253  0.0252  0.0252  0.0250  0.0252  0.0254  0.0258  0.0253  0.0253  0.0251  0.0251
  0.0267  0.0259  0.0256  0.0263  0.0264  0.0280  0.0262  0.0270  0.0260  0.0263  0.0254  0.0254
niter,ni,del,rscale     4    3    5.0000    0.7000
parameters
   -1.9335   35.4552   14.7649   -9.1525  -15.9013   -5.7469
   -6.3922    2.9524    6.8086   16.7683   -6.7714  -14.8977
eta,q 0.97540 13.47853
  0.0261  0.0256  0.0254  0.0260  0.0260  0.0266  0.0256  0.0267  0.0254  0.0258  0.0252  0.0251
  0.0254  0.0252  0.0251  0.0255  0.0255  0.0260  0.0250  0.0254  0.0250  0.0252  0.0248  0.0248
  0.0250  0.0249  0.0249  0.0251  0.0251  0.0254  0.0247  0.0248  0.0247  0.0248  0.0246  0.0246
  0.0248  0.0248  0.0248  0.0248  0.0248  0.0247  0.0246  0.0246  0.0246  0.0246  0.0246  0.0246
  0.0250  0.0250  0.0249  0.0247  0.0246  0.0243  0.0247  0.0248  0.0247  0.0247  0.0247  0.0247
  0.0254  0.0253  0.0251  0.0250  0.0249  0.0248  0.0251  0.0254  0.0250  0.0251  0.0248  0.0249
  0.0262  0.0258  0.0254  0.0259  0.0260  0.0269  0.0257  0.0264  0.0255  0.0259  0.0250  0.0251
niter,ni,del,rscale     3    3    5.0000    0.6000
parameters
   -1.9891   35.3462   14.6934   -8.7834  -15.5681   -5.4586
   -6.4645    3.0408    6.7294   16.6797   -6.3938  -15.0366
eta,q 0.97562 13.52866
  0.0255  0.0252  0.0250  0.0256  0.0256  0.0262  0.0252  0.0260  0.0250  0.0254  0.0249  0.0248
  0.0250  0.0248  0.0248  0.0252  0.0252  0.0257  0.0247  0.0251  0.0247  0.0249  0.0246  0.0245
  0.0247  0.0246  0.0246  0.0249  0.0248  0.0251  0.0245  0.0245  0.0245  0.0245  0.0245  0.0244
  0.0246  0.0246  0.0246  0.0246  0.0245  0.0245  0.0244  0.0244  0.0244  0.0244  0.0244  0.0244
  0.0247  0.0247  0.0247  0.0245  0.0244  0.0242  0.0245  0.0245  0.0245  0.0245  0.0244  0.0245
  0.0251  0.0250  0.0248  0.0247  0.0247  0.0247  0.0248  0.0250  0.0247  0.0249  0.0245  0.0246
  0.0257  0.0254  0.0251  0.0254  0.0255  0.0264  0.0252  0.0258  0.0251  0.0256  0.0247  0.0248
niter,ni,del,rscale     2    3    5.0000    0.5000
parameters
   -2.0661   35.2417   14.6236   -8.4010  -15.2733   -5.1748
   -6.5275    3.1078    6.5459   16.5230   -5.9117  -15.2445
eta,q 0.97582 13.57277
  0.0250  0.0248  0.0247  0.0252  0.0252  0.0258  0.0248  0.0254  0.0246  0.0250  0.0247  0.0245
  0.0246  0.0245  0.0245  0.0249  0.0248  0.0253  0.0244  0.0247  0.0244  0.0245  0.0244  0.0243
  0.0244  0.0244  0.0244  0.0246  0.0245  0.0248  0.0242  0.0243  0.0242  0.0243  0.0243  0.0242
  0.0244  0.0244  0.0244  0.0244  0.0243  0.0243  0.0242  0.0242  0.0242  0.0242  0.0242  0.0242
  0.0245  0.0245  0.0244  0.0243  0.0242  0.0241  0.0243  0.0243  0.0243  0.0243  0.0242  0.0243
  0.0248  0.0247  0.0246  0.0245  0.0245  0.0245  0.0245  0.0247  0.0245  0.0246  0.0243  0.0244
  0.0253  0.0250  0.0248  0.0250  0.0251  0.0258  0.0248  0.0253  0.0248  0.0252  0.0244  0.0246
niter,ni,del,rscale     1    3    5.0000    0.4000
parameters
   -2.1420   35.1383   14.5721   -8.0917  -15.0199   -4.9148
   -6.5581    3.1182    6.3157   16.3357   -5.4443  -15.3893
eta,q 0.97597 13.60488
  0.0246  0.0244  0.0244  0.0248  0.0248  0.0254  0.0245  0.0249  0.0243  0.0246  0.0244  0.0243
  0.0243  0.0243  0.0243  0.0246  0.0245  0.0249  0.0242  0.0244  0.0242  0.0243  0.0242  0.0241
  0.0242  0.0242  0.0242  0.0243  0.0243  0.0245  0.0241  0.0241  0.0241  0.0241  0.0241  0.0240
  0.0242  0.0242  0.0242  0.0242  0.0241  0.0241  0.0240  0.0240  0.0240  0.0240  0.0240  0.0240
  0.0243  0.0243  0.0242  0.0241  0.0241  0.0240  0.0241  0.0241  0.0241  0.0241  0.0240  0.0241
  0.0245  0.0244  0.0243  0.0243  0.0243  0.0243  0.0242  0.0244  0.0242  0.0244  0.0241  0.0242
  0.0248  0.0246  0.0245  0.0246  0.0247  0.0252  0.0245  0.0249  0.0245  0.0248  0.0242  0.0243
registration optimization eta report
parameter search radius
    0.8000    0.8000    0.8000    2.4000    2.7600    2.7600
    2.4000    2.4000    2.4000    2.4000    2.4000    2.4000
100000*second partial in parameter space
       81.       57.       43.       10.        8.       16.
        7.       15.        6.       11.        5.        5.
  0.0246  0.0244  0.0244  0.0248  0.0248  0.0254  0.0245  0.0249  0.0243  0.0246  0.0244  0.0243
  0.0243  0.0243  0.0243  0.0246  0.0245  0.0249  0.0242  0.0244  0.0242  0.0243  0.0242  0.0241
  0.0242  0.0242  0.0242  0.0243  0.0243  0.0245  0.0241  0.0241  0.0241  0.0241  0.0241  0.0240
  0.0242  0.0242  0.0242  0.0242  0.0241  0.0241  0.0240  0.0240  0.0240  0.0240  0.0240  0.0240
  0.0243  0.0243  0.0242  0.0241  0.0241  0.0240  0.0241  0.0241  0.0241  0.0241  0.0240  0.0241
  0.0245  0.0244  0.0243  0.0243  0.0243  0.0243  0.0242  0.0244  0.0242  0.0244  0.0241  0.0242
  0.0248  0.0246  0.0245  0.0246  0.0247  0.0252  0.0245  0.0249  0.0245  0.0248  0.0242  0.0243
   -2.1420   35.1383   14.5721   -8.0917  -15.0199   -4.9148
   -6.5581    3.1182    6.3157   16.3357   -5.4443  -15.3893
eta,q 0.97597 13.60488

---------------------------------------------------------------------
imgreg_4dfp /opt/freesurfer/average/711-2C_as_mni_average_305 /opt/freesurfer/average/711-2B_as_mni_average_305_mask talsrcimg_g11 none talsrcimg_to_711-2C_as_mni_average_305_t4 2311
---------------------------------------------------------------------

freesurfer imgreg_4dfp.c
/opt/freesurfer/average/711-2C_as_mni_average_305.4dfp.img
       256       256       256         1
  1.000000  1.000000  1.000000
orientation T byte_order littleendian
Reading image: /opt/freesurfer/average/711-2C_as_mni_average_305.4dfp.img
dimensions:      256       256       256
mmppix:       1.0000   -1.0000   -1.0000
center:     128.0000 -129.0000 -129.0000
/opt/freesurfer/average/711-2B_as_mni_average_305_mask.4dfp.img
       256       256       256         1
  1.000000  1.000000  1.000000
orientation T byte_order littleendian
Reading mask: /opt/freesurfer/average/711-2B_as_mni_average_305_mask.4dfp.img (2306576 pixels)
talsrcimg_g11.4dfp.img
       256       256       256         1
  1.000000  1.000000  1.000000
orientation T byte_order littleendian
Reading image: talsrcimg_g11.4dfp.img
dimensions:      256       256       256
mmppix:       1.0000   -1.0000   -1.0000
center:     128.0000 -129.0000 -129.0000
fimgreg.f
image alignment mode   2311 decimal      907 hex
parameters
   -2.1420   35.1383   14.5721   -8.0917  -15.0199   -4.9148
   -6.5581    3.1182    6.3157   16.3357   -5.4443  -15.3893
eta,q 0.97597 13.60489
niter,ni,del,rscale     5    3    5.0000    0.8000
parameters
   -2.1821   35.0149   14.6330   -8.7730  -15.4239   -5.3963
   -5.9836    2.8093    6.3430   16.1939   -5.2620  -14.9226
eta,q 0.97563 13.54208
  0.0261  0.0253  0.0254  0.0255  0.0255  0.0264  0.0261  0.0267  0.0255  0.0261  0.0251  0.0254
  0.0249  0.0246  0.0246  0.0250  0.0249  0.0257  0.0252  0.0253  0.0249  0.0252  0.0247  0.0248
  0.0242  0.0241  0.0242  0.0244  0.0245  0.0249  0.0246  0.0245  0.0245  0.0246  0.0244  0.0244
  0.0240  0.0240  0.0240  0.0240  0.0241  0.0242  0.0244  0.0244  0.0243  0.0244  0.0244  0.0244
  0.0243  0.0243  0.0242  0.0243  0.0242  0.0242  0.0244  0.0247  0.0245  0.0245  0.0244  0.0244
  0.0251  0.0249  0.0245  0.0254  0.0249  0.0257  0.0248  0.0257  0.0248  0.0252  0.0247  0.0246
  0.0263  0.0258  0.0251  0.0274  0.0265  0.0287  0.0254  0.0275  0.0255  0.0264  0.0250  0.0249
niter,ni,del,rscale     4    3    5.0000    0.7000
parameters
   -2.1493   35.1394   14.6624   -8.6686  -15.2327   -5.2558
   -6.1155    2.8030    6.2275   16.1797   -5.3958  -14.9290
eta,q 0.97574 13.55715
  0.0259  0.0256  0.0251  0.0256  0.0255  0.0261  0.0253  0.0264  0.0251  0.0257  0.0248  0.0249
  0.0250  0.0249  0.0247  0.0252  0.0250  0.0256  0.0247  0.0252  0.0246  0.0250  0.0245  0.0245
  0.0245  0.0246  0.0244  0.0247  0.0247  0.0249  0.0244  0.0245  0.0244  0.0245  0.0243  0.0243
  0.0244  0.0244  0.0244  0.0244  0.0243  0.0243  0.0243  0.0243  0.0243  0.0243  0.0243  0.0243
  0.0245  0.0244  0.0244  0.0243  0.0243  0.0240  0.0244  0.0245  0.0244  0.0244  0.0244  0.0244
  0.0250  0.0247  0.0247  0.0247  0.0246  0.0247  0.0248  0.0252  0.0247  0.0249  0.0245  0.0246
  0.0257  0.0252  0.0250  0.0259  0.0256  0.0266  0.0255  0.0264  0.0252  0.0258  0.0248  0.0248
niter,ni,del,rscale     3    3    5.0000    0.6000
parameters
   -2.1518   35.0941   14.6594   -8.4531  -15.0241   -5.0394
   -6.2229    2.8925    6.1888   16.0988   -5.3336  -15.0245
eta,q 0.97589 13.58427
  0.0253  0.0250  0.0248  0.0253  0.0252  0.0258  0.0250  0.0259  0.0248  0.0253  0.0246  0.0246
  0.0247  0.0246  0.0245  0.0249  0.0248  0.0253  0.0245  0.0249  0.0244  0.0247  0.0243  0.0243
  0.0244  0.0243  0.0243  0.0246  0.0245  0.0247  0.0242  0.0243  0.0242  0.0243  0.0242  0.0241
  0.0243  0.0243  0.0243  0.0243  0.0242  0.0242  0.0241  0.0241  0.0241  0.0241  0.0241  0.0241
  0.0244  0.0244  0.0243  0.0242  0.0242  0.0240  0.0242  0.0243  0.0242  0.0242  0.0242  0.0242
  0.0247  0.0246  0.0245  0.0245  0.0244  0.0245  0.0245  0.0248  0.0244  0.0247  0.0243  0.0244
  0.0254  0.0251  0.0248  0.0253  0.0252  0.0260  0.0251  0.0258  0.0249  0.0255  0.0246  0.0246
niter,ni,del,rscale     2    3    5.0000    0.5000
parameters
   -2.1811   35.0213   14.6433   -8.2255  -14.8457   -4.8379
   -6.2981    2.9477    6.0980   15.9895   -5.1695  -15.1313
eta,q 0.97600 13.60806
  0.0249  0.0246  0.0245  0.0250  0.0248  0.0254  0.0246  0.0253  0.0245  0.0249  0.0244  0.0244
  0.0244  0.0243  0.0243  0.0247  0.0245  0.0249  0.0243  0.0246  0.0242  0.0244  0.0242  0.0241
  0.0242  0.0242  0.0241  0.0243  0.0243  0.0245  0.0241  0.0242  0.0241  0.0241  0.0241  0.0240
  0.0241  0.0241  0.0241  0.0241  0.0241  0.0241  0.0240  0.0240  0.0240  0.0240  0.0240  0.0240
  0.0242  0.0242  0.0242  0.0241  0.0241  0.0239  0.0241  0.0241  0.0241  0.0241  0.0240  0.0241
  0.0245  0.0244  0.0243  0.0243  0.0243  0.0243  0.0243  0.0245  0.0243  0.0245  0.0242  0.0242
  0.0250  0.0248  0.0245  0.0249  0.0248  0.0254  0.0247  0.0253  0.0246  0.0250  0.0243  0.0244
niter,ni,del,rscale     1    3    5.0000    0.4000
parameters
   -2.2060   34.9453   14.6330   -8.0517  -14.6939   -4.6478
   -6.3434    2.9632    5.9885   15.8667   -5.0193  -15.1838
eta,q 0.97607 13.62587
  0.0245  0.0243  0.0243  0.0247  0.0245  0.0250  0.0244  0.0248  0.0242  0.0245  0.0242  0.0242
  0.0242  0.0241  0.0241  0.0244  0.0243  0.0246  0.0241  0.0244  0.0241  0.0242  0.0241  0.0240
  0.0241  0.0240  0.0240  0.0242  0.0241  0.0243  0.0240  0.0240  0.0240  0.0240  0.0240  0.0239
  0.0240  0.0240  0.0240  0.0240  0.0240  0.0240  0.0239  0.0239  0.0239  0.0239  0.0239  0.0239
  0.0241  0.0241  0.0240  0.0240  0.0240  0.0239  0.0240  0.0240  0.0240  0.0240  0.0240  0.0240
  0.0243  0.0242  0.0241  0.0242  0.0241  0.0242  0.0241  0.0243  0.0241  0.0243  0.0240  0.0241
  0.0246  0.0245  0.0243  0.0246  0.0245  0.0249  0.0244  0.0248  0.0243  0.0247  0.0242  0.0242
registration optimization eta report
parameter search radius
    0.8000    0.8000    0.8000    2.4000    2.4000    2.4000
    2.4000    2.4000    2.4000    2.4000    2.4000    2.4000
100000*second partial in parameter space
       85.       60.       47.       11.        9.       18.
        8.       16.        6.       12.        5.        5.
  0.0245  0.0243  0.0243  0.0247  0.0245  0.0250  0.0244  0.0248  0.0242  0.0245  0.0242  0.0242
  0.0242  0.0241  0.0241  0.0244  0.0243  0.0246  0.0241  0.0244  0.0241  0.0242  0.0241  0.0240
  0.0241  0.0240  0.0240  0.0242  0.0241  0.0243  0.0240  0.0240  0.0240  0.0240  0.0240  0.0239
  0.0240  0.0240  0.0240  0.0240  0.0240  0.0240  0.0239  0.0239  0.0239  0.0239  0.0239  0.0239
  0.0241  0.0241  0.0240  0.0240  0.0240  0.0239  0.0240  0.0240  0.0240  0.0240  0.0240  0.0240
  0.0243  0.0242  0.0241  0.0242  0.0241  0.0242  0.0241  0.0243  0.0241  0.0243  0.0240  0.0241
  0.0246  0.0245  0.0243  0.0246  0.0245  0.0249  0.0244  0.0248  0.0243  0.0247  0.0242  0.0242
   -2.2060   34.9453   14.6330   -8.0517  -14.6939   -4.6478
   -6.3434    2.9632    5.9885   15.8667   -5.0193  -15.1838
eta,q 0.97607 13.62587

---------------------------------------------------------------------
compute_vox2vox talsrcimg talsrcimg_to_711-2C_as_mni_average_305_t4 /opt/freesurfer/average/711-2C_as_mni_average_305
---------------------------------------------------------------------

freesurfer compute_vox2vox.c
Reading: talsrcimg.4dfp.ifh
Reading: talsrcimg_to_711-2C_as_mni_average_305_t4
Reading: /opt/freesurfer/average/711-2C_as_mni_average_305.4dfp.ifh
Writing: talsrcimg_to_711-2C_as_mni_average_305_t4_vox2vox.txt

start time Sun Mar 8 21:33:23 CET 2026
end		time Sun Mar 8 21:34:50 CET 2026

mpr2mni305 success

avi2talxfm orig_nu.mgz /opt/freesurfer/average/mni305.cor.mgz talsrcimg_to_711-2C_as_mni_average_305_t4_vox2vox.txt transforms/talairach.auto.xfm
avi2talxfm done
mv -f /out/sourcedata/freesurfer/sub-v1s15x0050214_ses-1/mri/talsrcimg_to_711-2C_as_mni_average_305_t4_vox2vox.txt /out/sourcedata/freesurfer/sub-v1s15x0050214_ses-1/mri/transforms/talsrcimg_to_711-2C_as_mni_average_305_t4_vox2vox.txt
lta_convert --src orig_nu.mgz --trg /opt/freesurfer/average/mni305.cor.mgz --inxfm transforms/talairach.auto.xfm --outlta transforms/talairach.auto.xfm.lta --subject fsaverage
7.3.2

--src: orig_nu.mgz src image (geometry).
--trg: /opt/freesurfer/average/mni305.cor.mgz trg image (geometry).
--inmni: transforms/talairach.auto.xfm input MNI/XFM transform.
--outlta: transforms/talairach.auto.xfm.lta output LTA.
--s: fsaverage subject name
 LTA read, type : 1
 1.08037  -0.04559   0.07222   0.42688;
 0.04351   1.01674   0.18421  -21.84003;
-0.08393  -0.18591   1.13292  -0.88829;
 0.00000   0.00000   0.00000   1.00000;
setting subject to fsaverage
Writing  LTA to file transforms/talairach.auto.xfm.lta...
lta_convert successful.
 
 
Started at Sun Mar 8 21:33:23 CET 2026
Ended   at Sun Mar  8 21:34:50 CET 2026
talairach_avi done
