0059c2bb-5b67-47ee-bebb-5a4b6447f69b oesteban@dna063:/tmp/59418106/oesteban/bootstrap-fmriprep/59418106_146/project/derivatives/v1s15 timestamp=1773001069.28981739s
07751359-120e-4f43-ade8-f6b9548a7d71 oesteban@dna073:/tmp/59417958/oesteban/bootstrap-fmriprep/59417958_125/project/derivatives/v1s15 timestamp=1772997308.277915143s
0a6c0ec0-cb5e-41cd-a5a1-ced387b86a7a oesteban@dna007:/tmp/59418118/oesteban/bootstrap-fmriprep/59418118_152/project/derivatives/v1s15 timestamp=1773002192.964479711s
0e0290ea-c795-4287-9143-9d34125dadad oesteban@dna030:/tmp/59418107/oesteban/bootstrap-fmriprep/59418107_147/project/derivatives/v1s15 timestamp=1773001119.16951208s
194f9aed-1aa7-4f3c-9054-002af32257d4 oesteban@dna020:/tmp/59418115/oesteban/bootstrap-fmriprep/59418115_151/project/derivatives/v1s15 timestamp=1773001580.166534998s
24ec7c26-6761-45bf-8dcb-ea80b1fdb9c2 oesteban@dna009:/tmp/59417973/oesteban/bootstrap-fmriprep/59417973_138/project/derivatives/v1s15 timestamp=1772998311.050391402s
2a1d3395-d859-4ddf-bd33-d131a0ac3f87 oesteban@dna010:/tmp/59418133/oesteban/bootstrap-fmriprep/59418133_153/project/derivatives/v1s15 timestamp=1773003086.135886275s
3435ee3b-0767-4c67-aacf-f38b555b1202 oesteban@dna058:/tmp/59418097/oesteban/bootstrap-fmriprep/59418097_144/project/derivatives/v1s15 timestamp=1773000025.246680991s
3790a3ea-854d-4ec3-a64a-cfaaebd7acd0 oesteban@dna061:/tmp/59417959/oesteban/bootstrap-fmriprep/59417959_126/project/derivatives/v1s15 timestamp=1772997462.241597385s
45f1d1e2-b1fb-4a7e-b20e-c7a65a3da6c4 oesteban@dna018:/tmp/59417970/oesteban/bootstrap-fmriprep/59417970_136/project/derivatives/v1s15 timestamp=1772998150.932595679s
4b56a042-36a3-4aa1-8888-e215a7e802a7 oesteban@dna007:/tmp/59417968/oesteban/bootstrap-fmriprep/59417968_134/project/derivatives/v1s15 timestamp=1772998047.563226201s
52234e12-8806-4170-9842-a5a770fd7ad4 oesteban@dna076:/tmp/59417963/oesteban/bootstrap-fmriprep/59417963_130/project/derivatives/v1s15 timestamp=1772997785.685069057s
6a90e9e2-294e-4b4e-8459-fd4de4eba167 oesteban@dna020:/tmp/59418096/oesteban/bootstrap-fmriprep/59418096_143/project/derivatives/v1s15 timestamp=1772999974.596594605s
77c30616-41bb-4e9e-8af9-525cd8bcc659 oesteban@dna028:/tmp/59418081/oesteban/bootstrap-fmriprep/59418081_142/project/derivatives/v1s15 timestamp=1772999240.157370316s
8444c36f-b8a3-4725-b5fe-1ff5254ca876 oesteban@curnagl:/scratch/oesteban/abide_fmriprep/derivatives/v1s15 timestamp=1772982567.842206104s
8c83af60-63bf-4b63-a6c3-49ec3f2dd5ad oesteban@dna007:/tmp/59417965/oesteban/bootstrap-fmriprep/59417965_132/project/derivatives/v1s15 timestamp=1772997868.297932157s
97e2b050-a98c-4a02-95d0-0e2ea4921d04 oesteban@dna018:/tmp/59418110/oesteban/bootstrap-fmriprep/59418110_150/project/derivatives/v1s15 timestamp=1773001242.499307392s
9dd39d81-7bd3-4736-a6a9-783fa8d437a8 oesteban@dna058:/tmp/59417972/oesteban/bootstrap-fmriprep/59417972_137/project/derivatives/v1s15 timestamp=1772998254.543728864s
a2d0cfbf-5c6a-48f5-a5b6-530660a90323 oesteban@dna078:/tmp/59417961/oesteban/bootstrap-fmriprep/59417961_128/project/derivatives/v1s15 timestamp=1772997614.094439989s
a46441a5-e087-4f9d-bdbe-2ae69f812a91 oesteban@dna063:/tmp/59417964/oesteban/bootstrap-fmriprep/59417964_131/project/derivatives/v1s15 timestamp=1772997805.556760769s
acea9681-8b41-4db0-b7ca-4b3a5747d26c oesteban@dna063:/tmp/59417962/oesteban/bootstrap-fmriprep/59417962_129/project/derivatives/v1s15 timestamp=1772997763.446498733s
b98c1721-9320-43b9-9f76-7dfde782c9b6 oesteban@dna028:/tmp/59417969/oesteban/bootstrap-fmriprep/59417969_135/project/derivatives/v1s15 timestamp=1772998100.002620804s
c194e436-e38f-4fdf-bcc8-43aeffba3034 oesteban@dna030:/tmp/59417960/oesteban/bootstrap-fmriprep/59417960_127/project/derivatives/v1s15 timestamp=1772997610.288804513s
c5c9ada2-311b-48d7-b9d4-0bec79740e09 oesteban@dna009:/tmp/59418098/oesteban/bootstrap-fmriprep/59418098_145/project/derivatives/v1s15 timestamp=1773000191.83335642s
cc0cde98-9fcf-47cb-8e52-9d25ae99bff1 oesteban@dna030:/tmp/59417988/oesteban/bootstrap-fmriprep/59417988_141/project/derivatives/v1s15 timestamp=1772998635.684626143s
d6edc3c9-ea80-4bf4-b411-efd1121997cf oesteban@dna028:/tmp/59417987/oesteban/bootstrap-fmriprep/59417987_140/project/derivatives/v1s15 timestamp=1772998586.26075475s
d81372fe-ce0d-4282-835b-733cfd6f98d5 oesteban@Mac:~/workspace/abide_preproc/derivatives/v1s15 timestamp=1772959726s
e8d2643e-6f15-40d9-9367-d7ed77a1b667 oesteban@dna009:/tmp/59417981/oesteban/bootstrap-fmriprep/59417981_139/project/derivatives/v1s15 timestamp=1772998403.023763995s
fbda8d6d-2b41-4d4d-a7b5-f5e968dfddf0 oesteban@dna061:/tmp/59417967/oesteban/bootstrap-fmriprep/59417967_133/project/derivatives/v1s15 timestamp=1772997995.408687987s
fd873741-4f95-4c77-aa2d-82436ab7220d oesteban@dna061:/tmp/59418109/oesteban/bootstrap-fmriprep/59418109_149/project/derivatives/v1s15 timestamp=1773001190.995065188s
fe713500-a3e2-4f6a-88b5-2b8f23039899 oesteban@dna078:/tmp/59418137/oesteban/bootstrap-fmriprep/59418137_154/project/derivatives/v1s15 timestamp=1773003371.540506969s
ff6010d7-9e3f-42d5-8db3-b8474e7320f7 oesteban@dna002:/tmp/59418108/oesteban/bootstrap-fmriprep/59418108_148/project/derivatives/v1s15 timestamp=1773001163.050331734s
ff6c3d0d-b51f-488b-98be-2cb1c3f79cf5 git@0cf3a9a26dcd:/data/repos/abide-fmriprep/v1s15.git timestamp=1772997314.17360223s
