status file for recon-all
Sun Mar  8 23:34:26 CET 2026
#@# Tessellate rh Sun Mar  8 23:34:26 CET 2026
#@# Smooth1 rh Sun Mar  8 23:34:29 CET 2026
#@# Inflation1 rh Sun Mar  8 23:34:32 CET 2026
#@# QSphere rh Sun Mar  8 23:34:46 CET 2026
#@# Fix Topology rh Sun Mar  8 23:36:03 CET 2026
#@# Smooth2 rh Sun Mar  8 23:42:51 CET 2026
#@# Inflation2 rh Sun Mar  8 23:42:54 CET 2026
#@# Curv .H and .K rh Sun Mar  8 23:43:10 CET 2026
#@# Sphere rh Sun Mar  8 23:44:01 CET 2026
#@# Surf Reg rh Sun Mar  8 23:46:43 CET 2026
#@# Jacobian white rh Sun Mar  8 23:51:31 CET 2026
#@# AvgCurv rh Sun Mar  8 23:51:32 CET 2026
#@# Cortical Parc rh Sun Mar  8 23:51:33 CET 2026
#@# white curv rh Sun Mar  8 23:58:23 CET 2026
#@# white area rh Sun Mar  8 23:58:25 CET 2026
#@# pial curv rh Sun Mar  8 23:58:26 CET 2026
#@# pial area rh Sun Mar  8 23:58:28 CET 2026
#@# thickness rh Sun Mar  8 23:58:29 CET 2026
#@# area and vertex vol rh Sun Mar  8 23:59:01 CET 2026
#@# Curvature Stats rh Sun Mar  8 23:59:02 CET 2026
#@# Cortical Parc 2 rh Sun Mar  8 23:59:05 CET 2026
#@# Cortical Parc 3 rh Sun Mar  8 23:59:20 CET 2026
#@# WM/GM Contrast rh Sun Mar  8 23:59:30 CET 2026
recon-all -s sub-v1s15x0050209_ses-1 finished without error at Sun Mar  8 23:59:33 CET 2026



#New# invocation of recon-all 



status file for recon-all
Mon Mar  9 00:09:53 CET 2026
#@# white curv rh Mon Mar  9 00:09:53 CET 2026
#@# white area rh Mon Mar  9 00:09:53 CET 2026
#@# pial curv rh Mon Mar  9 00:09:53 CET 2026
#@# pial area rh Mon Mar  9 00:09:53 CET 2026
#@# thickness rh Mon Mar  9 00:09:53 CET 2026
#@# area and vertex vol rh Mon Mar  9 00:09:53 CET 2026
#@# Parcellation Stats rh Mon Mar  9 00:09:53 CET 2026
#@# Parcellation Stats 2 rh Mon Mar  9 00:10:14 CET 2026
#@# Parcellation Stats 3 rh Mon Mar  9 00:10:25 CET 2026
#@# BA_exvivo Labels rh Mon Mar  9 00:10:36 CET 2026
recon-all -s sub-v1s15x0050209_ses-1 finished without error at Mon Mar  9 00:13:19 CET 2026
