status file for recon-all
Sun Mar  8 21:22:49 CET 2026
#@# MotionCor Sun Mar  8 21:22:51 CET 2026
#@# Talairach Sun Mar  8 21:22:59 CET 2026
#@# Talairach Failure Detection Sun Mar  8 21:27:26 CET 2026
#@# Nu Intensity Correction Sun Mar  8 21:27:26 CET 2026
#@# Intensity Normalization Sun Mar  8 21:30:44 CET 2026
recon-all -s sub-v1s15x0050209_ses-1 finished without error at Sun Mar  8 21:32:22 CET 2026



#New# invocation of recon-all 



status file for recon-all
Sun Mar  8 21:39:36 CET 2026
#@# EM Registration Sun Mar  8 21:39:36 CET 2026
recon-all -s sub-v1s15x0050209_ses-1 finished without error at Sun Mar  8 21:41:48 CET 2026



#New# invocation of recon-all 



status file for recon-all
Sun Mar  8 21:41:51 CET 2026
#@# CA Normalize Sun Mar  8 21:41:51 CET 2026
#@# CA Reg Sun Mar  8 21:43:13 CET 2026
#@# SubCort Seg Sun Mar  8 22:31:39 CET 2026
#@# CC Seg Sun Mar  8 23:01:55 CET 2026
#@# Merge ASeg Sun Mar  8 23:02:47 CET 2026
#@# Intensity Normalization2 Sun Mar  8 23:02:47 CET 2026
#@# Mask BFS Sun Mar  8 23:05:08 CET 2026
#@# WM Segmentation Sun Mar  8 23:05:08 CET 2026
#@# Fill Sun Mar  8 23:07:03 CET 2026
recon-all -s sub-v1s15x0050209_ses-1 finished without error at Sun Mar  8 23:08:04 CET 2026



#New# invocation of recon-all 



status file for recon-all
Sun Mar  8 23:59:39 CET 2026
#@# white curv lh Sun Mar  8 23:59:39 CET 2026
#@# white area lh Sun Mar  8 23:59:39 CET 2026
#@# pial curv lh Sun Mar  8 23:59:39 CET 2026
#@# pial area lh Sun Mar  8 23:59:39 CET 2026
#@# thickness lh Sun Mar  8 23:59:39 CET 2026
#@# area and vertex vol lh Sun Mar  8 23:59:39 CET 2026
#@# white curv rh Sun Mar  8 23:59:39 CET 2026
#@# white area rh Sun Mar  8 23:59:39 CET 2026
#@# pial curv rh Sun Mar  8 23:59:39 CET 2026
#@# pial area rh Sun Mar  8 23:59:39 CET 2026
#@# thickness rh Sun Mar  8 23:59:39 CET 2026
#@# area and vertex vol rh Sun Mar  8 23:59:39 CET 2026
#@# Cortical ribbon mask Sun Mar  8 23:59:39 CET 2026
recon-all -s sub-v1s15x0050209_ses-1 finished without error at Mon Mar  9 00:06:15 CET 2026



#New# invocation of recon-all 



status file for recon-all
Mon Mar  9 00:13:24 CET 2026
#@# white curv lh Mon Mar  9 00:13:25 CET 2026
#@# white area lh Mon Mar  9 00:13:25 CET 2026
#@# pial curv lh Mon Mar  9 00:13:25 CET 2026
#@# pial area lh Mon Mar  9 00:13:25 CET 2026
#@# thickness lh Mon Mar  9 00:13:25 CET 2026
#@# area and vertex vol lh Mon Mar  9 00:13:25 CET 2026
#@# white curv rh Mon Mar  9 00:13:25 CET 2026
#@# white area rh Mon Mar  9 00:13:25 CET 2026
#@# pial curv rh Mon Mar  9 00:13:25 CET 2026
#@# pial area rh Mon Mar  9 00:13:25 CET 2026
#@# thickness rh Mon Mar  9 00:13:25 CET 2026
#@# area and vertex vol rh Mon Mar  9 00:13:25 CET 2026
#@# Curvature Stats lh Mon Mar  9 00:13:25 CET 2026
#@# Curvature Stats rh Mon Mar  9 00:13:27 CET 2026
#@# Relabel Hypointensities Mon Mar  9 00:13:30 CET 2026
#@# APas-to-ASeg Mon Mar  9 00:13:46 CET 2026
#@# AParc-to-ASeg aparc Mon Mar  9 00:13:54 CET 2026
#@# AParc-to-ASeg aparc.a2009s Mon Mar  9 00:14:50 CET 2026
#@# AParc-to-ASeg aparc.DKTatlas Mon Mar  9 00:15:47 CET 2026
#@# WMParc Mon Mar  9 00:16:41 CET 2026
#@# ASeg Stats Mon Mar  9 00:21:04 CET 2026
recon-all -s sub-v1s15x0050209_ses-1 finished without error at Mon Mar  9 00:21:46 CET 2026
