status file for recon-all
Sun Mar  8 22:16:44 CET 2026
#@# Tessellate lh Sun Mar  8 22:16:44 CET 2026
#@# Smooth1 lh Sun Mar  8 22:16:47 CET 2026
#@# Inflation1 lh Sun Mar  8 22:16:49 CET 2026
#@# QSphere lh Sun Mar  8 22:17:00 CET 2026
#@# Fix Topology lh Sun Mar  8 22:17:56 CET 2026
#@# Smooth2 lh Sun Mar  8 22:24:06 CET 2026
#@# Inflation2 lh Sun Mar  8 22:24:09 CET 2026
#@# Curv .H and .K lh Sun Mar  8 22:24:19 CET 2026
#@# Sphere lh Sun Mar  8 22:25:05 CET 2026
#@# Surf Reg lh Sun Mar  8 22:28:53 CET 2026
#@# Jacobian white lh Sun Mar  8 22:32:21 CET 2026
#@# AvgCurv lh Sun Mar  8 22:32:21 CET 2026
#@# Cortical Parc lh Sun Mar  8 22:32:22 CET 2026
#@# white curv lh Sun Mar  8 22:38:34 CET 2026
#@# white area lh Sun Mar  8 22:38:36 CET 2026
#@# pial curv lh Sun Mar  8 22:38:36 CET 2026
#@# pial area lh Sun Mar  8 22:38:38 CET 2026
#@# thickness lh Sun Mar  8 22:38:39 CET 2026
#@# area and vertex vol lh Sun Mar  8 22:39:08 CET 2026
#@# Curvature Stats lh Sun Mar  8 22:39:09 CET 2026
#@# Cortical Parc 2 lh Sun Mar  8 22:39:11 CET 2026
#@# Cortical Parc 3 lh Sun Mar  8 22:39:23 CET 2026
#@# WM/GM Contrast lh Sun Mar  8 22:39:33 CET 2026
recon-all -s sub-v1s15x0050191_ses-1 finished without error at Sun Mar  8 22:39:35 CET 2026



#New# invocation of recon-all 



status file for recon-all
Sun Mar  8 23:08:20 CET 2026
#@# white curv lh Sun Mar  8 23:08:20 CET 2026
#@# white area lh Sun Mar  8 23:08:20 CET 2026
#@# pial curv lh Sun Mar  8 23:08:20 CET 2026
#@# pial area lh Sun Mar  8 23:08:20 CET 2026
#@# thickness lh Sun Mar  8 23:08:20 CET 2026
#@# area and vertex vol lh Sun Mar  8 23:08:20 CET 2026
#@# Parcellation Stats lh Sun Mar  8 23:08:20 CET 2026
#@# Parcellation Stats 2 lh Sun Mar  8 23:08:37 CET 2026
#@# Parcellation Stats 3 lh Sun Mar  8 23:08:45 CET 2026
#@# BA_exvivo Labels lh Sun Mar  8 23:08:54 CET 2026
recon-all -s sub-v1s15x0050191_ses-1 finished without error at Sun Mar  8 23:11:18 CET 2026
