status file for recon-all
Sun Mar  8 20:30:35 CET 2026
#@# MotionCor Sun Mar  8 20:30:37 CET 2026
#@# Talairach Sun Mar  8 20:30:44 CET 2026
#@# Talairach Failure Detection Sun Mar  8 20:35:25 CET 2026
#@# Nu Intensity Correction Sun Mar  8 20:35:25 CET 2026
#@# Intensity Normalization Sun Mar  8 20:38:41 CET 2026
recon-all -s sub-v1s15x0050191_ses-1 finished without error at Sun Mar  8 20:40:12 CET 2026



#New# invocation of recon-all 



status file for recon-all
Sun Mar  8 20:47:24 CET 2026
#@# EM Registration Sun Mar  8 20:47:24 CET 2026
recon-all -s sub-v1s15x0050191_ses-1 finished without error at Sun Mar  8 20:49:44 CET 2026



#New# invocation of recon-all 



status file for recon-all
Sun Mar  8 20:49:49 CET 2026
#@# CA Normalize Sun Mar  8 20:49:49 CET 2026
#@# CA Reg Sun Mar  8 20:51:11 CET 2026
#@# SubCort Seg Sun Mar  8 21:38:28 CET 2026
#@# CC Seg Sun Mar  8 22:10:33 CET 2026
#@# Merge ASeg Sun Mar  8 22:11:18 CET 2026
#@# Intensity Normalization2 Sun Mar  8 22:11:18 CET 2026
#@# Mask BFS Sun Mar  8 22:13:39 CET 2026
#@# WM Segmentation Sun Mar  8 22:13:39 CET 2026
#@# Fill Sun Mar  8 22:15:34 CET 2026
recon-all -s sub-v1s15x0050191_ses-1 finished without error at Sun Mar  8 22:16:40 CET 2026



#New# invocation of recon-all 



status file for recon-all
Sun Mar  8 23:02:14 CET 2026
#@# white curv lh Sun Mar  8 23:02:14 CET 2026
#@# white area lh Sun Mar  8 23:02:14 CET 2026
#@# pial curv lh Sun Mar  8 23:02:14 CET 2026
#@# pial area lh Sun Mar  8 23:02:14 CET 2026
#@# thickness lh Sun Mar  8 23:02:14 CET 2026
#@# area and vertex vol lh Sun Mar  8 23:02:14 CET 2026
#@# white curv rh Sun Mar  8 23:02:14 CET 2026
#@# white area rh Sun Mar  8 23:02:14 CET 2026
#@# pial curv rh Sun Mar  8 23:02:14 CET 2026
#@# pial area rh Sun Mar  8 23:02:14 CET 2026
#@# thickness rh Sun Mar  8 23:02:14 CET 2026
#@# area and vertex vol rh Sun Mar  8 23:02:14 CET 2026
#@# Cortical ribbon mask Sun Mar  8 23:02:14 CET 2026
recon-all -s sub-v1s15x0050191_ses-1 finished without error at Sun Mar  8 23:08:14 CET 2026



#New# invocation of recon-all 



status file for recon-all
Sun Mar  8 23:14:31 CET 2026
#@# white curv lh Sun Mar  8 23:14:31 CET 2026
#@# white area lh Sun Mar  8 23:14:31 CET 2026
#@# pial curv lh Sun Mar  8 23:14:31 CET 2026
#@# pial area lh Sun Mar  8 23:14:31 CET 2026
#@# thickness lh Sun Mar  8 23:14:32 CET 2026
#@# area and vertex vol lh Sun Mar  8 23:14:32 CET 2026
#@# white curv rh Sun Mar  8 23:14:32 CET 2026
#@# white area rh Sun Mar  8 23:14:32 CET 2026
#@# pial curv rh Sun Mar  8 23:14:32 CET 2026
#@# pial area rh Sun Mar  8 23:14:32 CET 2026
#@# thickness rh Sun Mar  8 23:14:32 CET 2026
#@# area and vertex vol rh Sun Mar  8 23:14:32 CET 2026
#@# Curvature Stats lh Sun Mar  8 23:14:32 CET 2026
#@# Curvature Stats rh Sun Mar  8 23:14:34 CET 2026
#@# Relabel Hypointensities Sun Mar  8 23:14:36 CET 2026
#@# APas-to-ASeg Sun Mar  8 23:14:52 CET 2026
#@# AParc-to-ASeg aparc Sun Mar  8 23:14:59 CET 2026
#@# AParc-to-ASeg aparc.a2009s Sun Mar  8 23:15:35 CET 2026
#@# AParc-to-ASeg aparc.DKTatlas Sun Mar  8 23:16:10 CET 2026
#@# WMParc Sun Mar  8 23:16:45 CET 2026
#@# ASeg Stats Sun Mar  8 23:20:44 CET 2026
recon-all -s sub-v1s15x0050191_ses-1 finished without error at Sun Mar  8 23:21:18 CET 2026
