/out/sourcedata/freesurfer/sub-v1s15x0050191_ses-1/mri
/opt/freesurfer/bin/talairach_avi
--i orig_nu.mgz --xfm transforms/talairach.auto.xfm
talairach_avi 7.3.2
Linux dna061 5.14.0-427.37.1.el9_4.x86_64 #1 SMP PREEMPT_DYNAMIC Fri Sep 13 12:41:50 EDT 2024 x86_64 x86_64 x86_64 GNU/Linux
Sun Mar  8 20:33:40 CET 2026
mri_convert orig_nu.mgz talsrcimg.img 
reading from orig_nu.mgz...
TR=0.00, TE=0.00, TI=0.00, flip angle=0.00
i_ras = (-1, 0, 0)
j_ras = (0, 0, -1)
k_ras = (0, 1, 0)
writing to talsrcimg.img...
Analyze Output Matrix
-1.00000   0.00000   0.00000   131.37469;
 0.00000   0.00000   1.00000  -119.12500;
 0.00000  -1.00000   0.00000   102.31200;
 0.00000   0.00000   0.00000   1.00000;
--------------------
INFO: set hdr.hist.orient to -1
mpr2mni305 talsrcimg
Sun Mar  8 20:33:40 CET 2026
/opt/freesurfer/bin/mpr2mni305 talsrcimg
mpr2mni305 7.3.2
target=711-2C_as_mni_average_305

---------------------------------------------------------------------
analyzeto4dfp talsrcimg -O0 -y
---------------------------------------------------------------------

freesurfer ifh2hdr.c
Sun Mar  8 20:33:40 2026
Writing: talsrcimg.4dfp.hdr
freesurfer analyzeto4dfp.c
Reading: talsrcimg.hdr
header size 348 bytes
hdr.dime.datatype	offset=70	value=2
hdr.dime.bitpix		offset=72	value=8
hdr.hist.orient		offset=252	value=-1
dimensionality     4
dimensions       256       256       256         1
Reading: talsrcimg.img
Writing: talsrcimg.4dfp.img
Writing: talsrcimg.4dfp.ifh
ifh2hdr talsrcimg -r0to230
ori=2

---------------------------------------------------------------------
gauss_4dfp talsrcimg 1.1
---------------------------------------------------------------------

freesurfer gauss_4dfp.c
Reading: talsrcimg.4dfp.img
Writing: talsrcimg_g11.4dfp.img
image dimensions 256 256 256 padded to 288 288 288
processing volume 1freesurfer ifh2hdr.c
Sun Mar  8 20:33:42 2026
Writing: talsrcimg_g11.4dfp.hdr

Writing: talsrcimg_g11.4dfp.ifh
including: talsrcimg.4dfp.img.rec in talsrcimg_g11.4dfp.img.rec

---------------------------------------------------------------------
imgreg_4dfp /opt/freesurfer/average/711-2C_as_mni_average_305 none talsrcimg_g11 none talsrcimg_to_711-2C_as_mni_average_305_t4 4355
---------------------------------------------------------------------

freesurfer imgreg_4dfp.c
/opt/freesurfer/average/711-2C_as_mni_average_305.4dfp.img
       256       256       256         1
  1.000000  1.000000  1.000000
orientation T byte_order littleendian
Reading image: /opt/freesurfer/average/711-2C_as_mni_average_305.4dfp.img
dimensions:      256       256       256
mmppix:       1.0000   -1.0000   -1.0000
center:     128.0000 -129.0000 -129.0000
talsrcimg_g11.4dfp.img
       256       256       256         1
  1.000000  1.000000  1.000000
orientation T byte_order littleendian
Reading image: talsrcimg_g11.4dfp.img
dimensions:      256       256       256
mmppix:       1.0000   -1.0000   -1.0000
center:     128.0000 -129.0000 -129.0000
t4_read: open error in t4_sub.f l:  41 t4_file(1:l)talsrcimg_to_711-2C_as_mni_average_305_t4 
t4_read: transform initialized to I4
rotation matrix determinant  1.000000
image alignment mode   4355 decimal     1103 hex
   -7.5000  -45.0000  -45.0000 5934.6089   20.2868
    0.0000  -45.0000  -45.0000 6174.6333   20.2429
    7.5000  -45.0000  -45.0000 5948.1118   20.2155
   -7.5000  -37.5000  -45.0000 6465.3496   19.7770
    0.0000  -37.5000  -45.0000 6747.4253   19.7302
    7.5000  -37.5000  -45.0000 6484.4956   19.7059
   -7.5000  -30.0000  -45.0000 7273.2271   19.4031
    0.0000  -30.0000  -45.0000 7611.0376   19.3550
    7.5000  -30.0000  -45.0000 7282.3809   19.3269
   -7.5000  -22.5000  -45.0000 8123.6758   19.2015
    0.0000  -22.5000  -45.0000 8512.3311   19.1529
    7.5000  -22.5000  -45.0000 8128.1538   19.1173
   -7.5000  -15.0000  -45.0000 8996.5195   19.1868
    0.0000  -15.0000  -45.0000 9407.8154   19.1380
    7.5000  -15.0000  -45.0000 9002.5107   19.0966
   -7.5000   -7.5000  -45.0000 9857.6221   19.2189
    0.0000   -7.5000  -45.000010317.7334   19.1722
    7.5000   -7.5000  -45.0000 9905.1289   19.1345
   -7.5000    0.0000  -45.000010693.8633   19.2557
    0.0000    0.0000  -45.000011190.5518   19.2104
    7.5000    0.0000  -45.000010741.2637   19.1826
   -7.5000    7.5000  -45.000010683.3926   19.2620
    0.0000    7.5000  -45.000011197.6533   19.2159
    7.5000    7.5000  -45.000010718.1338   19.1927
   -7.5000   15.0000  -45.000010488.4951   19.2341
    0.0000   15.0000  -45.000010987.2295   19.1866
    7.5000   15.0000  -45.000010518.8271   19.1594
   -7.5000   22.5000  -45.000010216.5508   19.1930
    0.0000   22.5000  -45.000010674.9893   19.1444
    7.5000   22.5000  -45.000010244.0967   19.1088
   -7.5000   30.0000  -45.0000 9864.0312   18.9311
    0.0000   30.0000  -45.000010285.0283   18.8829
    7.5000   30.0000  -45.0000 9866.1680   18.8421
   -7.5000   37.5000  -45.0000 9821.6855   18.9628
    0.0000   37.5000  -45.000010247.8389   18.9167
    7.5000   37.5000  -45.0000 9816.6602   18.8795
   -7.5000   45.0000  -45.0000 9374.4805   18.5166
    0.0000   45.0000  -45.0000 9793.1533   18.4732
    7.5000   45.0000  -45.0000 9354.8076   18.4463
   -7.5000  -45.0000  -37.5000 6237.5991   20.1721
    0.0000  -45.0000  -37.5000 6514.1099   20.1263
    7.5000  -45.0000  -37.5000 6249.1870   20.0897
   -7.5000  -37.5000  -37.5000 6779.3511   19.6701
    0.0000  -37.5000  -37.5000 7101.8716   19.6157
    7.5000  -37.5000  -37.5000 6807.7617   19.5824
   -7.5000  -30.0000  -37.5000 7655.7241   19.3104
    0.0000  -30.0000  -37.5000 8043.1055   19.2552
    7.5000  -30.0000  -37.5000 7690.7061   19.2220
   -7.5000  -22.5000  -37.5000 8574.8789   19.1180
    0.0000  -22.5000  -37.5000 9004.1445   19.0692
    7.5000  -22.5000  -37.5000 8607.2119   19.0319
   -7.5000  -15.0000  -37.5000 9494.5156   19.1014
    0.0000  -15.0000  -37.5000 9956.4971   19.0582
    7.5000  -15.0000  -37.5000 9539.7520   19.0150
   -7.5000   -7.5000  -37.500010412.3320   19.1231
    0.0000   -7.5000  -37.500010923.2520   19.0806
    7.5000   -7.5000  -37.500010467.4785   19.0373
   -7.5000    0.0000  -37.500011290.2891   19.1510
    0.0000    0.0000  -37.500011826.3965   19.1038
    7.5000    0.0000  -37.500011306.1436   19.0673
   -7.5000    7.5000  -37.500011272.1953   19.1599
    0.0000    7.5000  -37.500011804.8057   19.1066
    7.5000    7.5000  -37.500011284.5908   19.0751
   -7.5000   15.0000  -37.500011059.9414   19.1429
    0.0000   15.0000  -37.500011576.9141   19.0885
    7.5000   15.0000  -37.500011097.2158   19.0563
   -7.5000   22.5000  -37.500010788.9590   19.1096
    0.0000   22.5000  -37.500011266.7197   19.0607
    7.5000   22.5000  -37.500010813.5225   19.0235
   -7.5000   30.0000  -37.500010392.8389   18.8468
    0.0000   30.0000  -37.500010847.9727   18.8042
    7.5000   30.0000  -37.500010403.3408   18.7616
   -7.5000   37.5000  -37.500010338.6221   18.8683
    0.0000   37.5000  -37.500010810.6494   18.8263
    7.5000   37.5000  -37.500010338.8604   18.7836
   -7.5000   45.0000  -37.5000 9839.9043   18.4160
    0.0000   45.0000  -37.500010314.0293   18.3706
    7.5000   45.0000  -37.5000 9854.5439   18.3355
   -7.5000  -45.0000  -30.0000 6662.5908   20.9957
    0.0000  -45.0000  -30.0000 6977.7905   20.9453
    7.5000  -45.0000  -30.0000 6686.9478   20.9037
   -7.5000  -37.5000  -30.0000 7268.0469   20.4732
    0.0000  -37.5000  -30.0000 7614.1948   20.4088
    7.5000  -37.5000  -30.0000 7292.1582   20.3707
   -7.5000  -30.0000  -30.0000 8246.7803   20.1119
    0.0000  -30.0000  -30.0000 8623.1250   20.0428
    7.5000  -30.0000  -30.0000 8259.7832   20.0074
   -7.5000  -22.5000  -30.0000 9214.8135   19.9254
    0.0000  -22.5000  -30.0000 9641.5479   19.8650
    7.5000  -22.5000  -30.0000 9248.0898   19.8284
   -7.5000  -15.0000  -30.000010182.5000   19.9101
    0.0000  -15.0000  -30.000010682.4756   19.8614
    7.5000  -15.0000  -30.000010236.6006   19.8189
   -7.5000   -7.5000  -30.000011154.0674   19.9185
    0.0000   -7.5000  -30.000011715.0762   19.8740
    7.5000   -7.5000  -30.000011215.6865   19.8286
   -7.5000    0.0000  -30.000012094.3086   19.9326
    0.0000    0.0000  -30.000012693.3848   19.8817
    7.5000    0.0000  -30.000012132.3750   19.8406
   -7.5000    7.5000  -30.000012090.4746   19.9421
    0.0000    7.5000  -30.000012638.0654   19.8794
    7.5000    7.5000  -30.000012121.2666   19.8434
   -7.5000   15.0000  -30.000011868.0234   19.9372
    0.0000   15.0000  -30.000012427.3506   19.8692
    7.5000   15.0000  -30.000011919.6201   19.8348
   -7.5000   22.5000  -30.000011587.5264   19.9145
    0.0000   22.5000  -30.000012125.7598   19.8541
    7.5000   22.5000  -30.000011621.9824   19.8176
   -7.5000   30.0000  -30.000011146.1602   19.6466
    0.0000   30.0000  -30.000011671.8662   19.5986
    7.5000   30.0000  -30.000011174.1406   19.5567
   -7.5000   37.5000  -30.000011069.2432   19.6549
    0.0000   37.5000  -30.000011584.9951   19.6110
    7.5000   37.5000  -30.000011074.6895   19.5662
   -7.5000   45.0000  -30.000010521.7881   19.1817
    0.0000   45.0000  -30.000011027.0986   19.1327
    7.5000   45.0000  -30.000010529.9111   19.0931
   -7.5000  -45.0000  -22.5000 7054.2354   21.7157
    0.0000  -45.0000  -22.5000 7389.0361   21.6654
    7.5000  -45.0000  -22.5000 7098.3574   21.6313
   -7.5000  -37.5000  -22.5000 7754.0957   21.1722
    0.0000  -37.5000  -22.5000 8115.9585   21.1093
    7.5000  -37.5000  -22.5000 7768.7017   21.0787
   -7.5000  -30.0000  -22.5000 8806.0000   20.8043
    0.0000  -30.0000  -22.5000 9226.5693   20.7312
    7.5000  -30.0000  -22.5000 8829.5957   20.7008
   -7.5000  -22.5000  -22.5000 9886.8398   20.6220
    0.0000  -22.5000  -22.500010378.1084   20.5512
    7.5000  -22.5000  -22.5000 9921.9707   20.5178
   -7.5000  -15.0000  -22.500010952.8604   20.6112
    0.0000  -15.0000  -22.500011488.5703   20.5513
    7.5000  -15.0000  -22.500010999.8281   20.5123
   -7.5000   -7.5000  -22.500011982.7812   20.6122
    0.0000   -7.5000  -22.500012587.3477   20.5622
    7.5000   -7.5000  -22.500012041.3789   20.5223
   -7.5000    0.0000  -22.500012988.5244   20.6164
    0.0000    0.0000  -22.500013621.8438   20.5663
    7.5000    0.0000  -22.500013022.0303   20.5324
   -7.5000    7.5000  -22.500012974.3115   20.6230
    0.0000    7.5000  -22.500013561.9521   20.5618
    7.5000    7.5000  -22.500012981.2100   20.5327
   -7.5000   15.0000  -22.500012752.3379   20.6233
    0.0000   15.0000  -22.500013352.3574   20.5514
    7.5000   15.0000  -22.500012769.3457   20.5219
   -7.5000   22.5000  -22.500012429.5264   20.6093
    0.0000   22.5000  -22.500013022.1436   20.5387
    7.5000   22.5000  -22.500012444.8398   20.5052
   -7.5000   30.0000  -22.500011975.1602   20.3416
    0.0000   30.0000  -22.500012543.5410   20.2825
    7.5000   30.0000  -22.500011976.9375   20.2439
   -7.5000   37.5000  -22.500011885.2158   20.3426
    0.0000   37.5000  -22.500012454.3584   20.2933
    7.5000   37.5000  -22.500011881.7422   20.2538
   -7.5000   45.0000  -22.500011280.9424   19.8546
    0.0000   45.0000  -22.500011806.6045   19.8064
    7.5000   45.0000  -22.500011278.7061   19.7737
   -7.5000  -45.0000  -15.0000 7463.7256   22.2569
    0.0000  -45.0000  -15.0000 7817.8457   22.2083
    7.5000  -45.0000  -15.0000 7519.5801   22.1840
   -7.5000  -37.5000  -15.0000 8253.5889   21.6958
    0.0000  -37.5000  -15.0000 8641.4102   21.6400
    7.5000  -37.5000  -15.0000 8281.5557   21.6182
   -7.5000  -30.0000  -15.0000 9384.7266   21.3113
    0.0000  -30.0000  -15.0000 9854.6377   21.2443
    7.5000  -30.0000  -15.0000 9434.9883   21.2175
   -7.5000  -22.5000  -15.000010574.9375   21.1219
    0.0000  -22.5000  -15.000011077.1709   21.0504
    7.5000  -22.5000  -15.000010606.5020   21.0171
   -7.5000  -15.0000  -15.000011717.1621   21.1150
    0.0000  -15.0000  -15.000012310.5830   21.0485
    7.5000  -15.0000  -15.000011783.0713   21.0109
   -7.5000   -7.5000  -15.000012844.3477   21.1226
    0.0000   -7.5000  -15.000013475.7568   21.0678
    7.5000   -7.5000  -15.000012880.8730   21.0340
   -7.5000    0.0000  -15.000013896.4639   21.1307
    0.0000    0.0000  -15.000014556.8994   21.0822
    7.5000    0.0000  -15.000013879.9854   21.0575
   -7.5000    7.5000  -15.000013852.0586   21.1333
    0.0000    7.5000  -15.000014486.5088   21.0788
    7.5000    7.5000  -15.000013791.8359   21.0577
   -7.5000   15.0000  -15.000013616.5361   21.1258
    0.0000   15.0000  -15.000014251.0254   21.0600
    7.5000   15.0000  -15.000013561.4385   21.0341
   -7.5000   22.5000  -15.000013264.9395   21.1080
    0.0000   22.5000  -15.000013903.3896   21.0365
    7.5000   22.5000  -15.000013246.5137   21.0032
   -7.5000   30.0000  -15.000012763.5098   20.8417
    0.0000   30.0000  -15.000013390.1475   20.7761
    7.5000   30.0000  -15.000012750.1465   20.7390
   -7.5000   37.5000  -15.000012705.2178   20.8492
    0.0000   37.5000  -15.000013314.9463   20.7952
    7.5000   37.5000  -15.000012673.7314   20.7618
   -7.5000   45.0000  -15.000012064.7754   20.3622
    0.0000   45.0000  -15.000012620.7285   20.3154
    7.5000   45.0000  -15.000012017.9775   20.2916
   -7.5000  -45.0000   -7.5000 7922.6616   22.5430
    0.0000  -45.0000   -7.5000 8292.4463   22.4945
    7.5000  -45.0000   -7.5000 7970.1938   22.4713
   -7.5000  -37.5000   -7.5000 8781.2881   21.9745
    0.0000  -37.5000   -7.5000 9197.2168   21.9234
    7.5000  -37.5000   -7.5000 8825.7578   21.9021
   -7.5000  -30.0000   -7.500010005.8262   21.5689
    0.0000  -30.0000   -7.500010487.9893   21.5114
    7.5000  -30.0000   -7.500010064.3955   21.4832
   -7.5000  -22.5000   -7.500011270.0635   21.3600
    0.0000  -22.5000   -7.500011814.8438   21.2972
    7.5000  -22.5000   -7.500011322.7559   21.2607
   -7.5000  -15.0000   -7.500012513.8047   21.3506
    0.0000  -15.0000   -7.500013147.2461   21.2876
    7.5000  -15.0000   -7.500012580.6973   21.2467
   -7.5000   -7.5000   -7.500013732.2754   21.3761
    0.0000   -7.5000   -7.500014429.3613   21.3205
    7.5000   -7.5000   -7.500013795.3291   21.2856
   -7.5000    0.0000   -7.500014875.6367   21.4025
    0.0000    0.0000   -7.500015612.8076   21.3534
    7.5000    0.0000   -7.500014863.1016   21.3295
   -7.5000    7.5000   -7.500014805.8398   21.4050
    0.0000    7.5000   -7.500015481.3711   21.3547
    7.5000    7.5000   -7.500014724.6836   21.3340
   -7.5000   15.0000   -7.500014542.9951   21.3815
    0.0000   15.0000   -7.500015194.5244   21.3249
    7.5000   15.0000   -7.500014449.5850   21.2977
   -7.5000   22.5000   -7.500014167.3359   21.3437
    0.0000   22.5000   -7.500014809.6328   21.2809
    7.5000   22.5000   -7.500014073.5898   21.2444
   -7.5000   30.0000   -7.500013656.3086   21.0737
    0.0000   30.0000   -7.500014297.1855   21.0116
    7.5000   30.0000   -7.500013567.0449   20.9712
   -7.5000   37.5000   -7.500013613.2656   21.0989
    0.0000   37.5000   -7.500014247.2754   21.0441
    7.5000   37.5000   -7.500013490.3906   21.0096
   -7.5000   45.0000   -7.500012931.9229   20.6280
    0.0000   45.0000   -7.500013518.8066   20.5807
    7.5000   45.0000   -7.500012790.8877   20.5576
   -7.5000  -45.0000    0.0000 8267.5801   22.5921
    0.0000  -45.0000    0.0000 8663.9971   22.5433
    7.5000  -45.0000    0.0000 8327.7344   22.5129
   -7.5000  -37.5000    0.0000 9195.8066   22.0266
    0.0000  -37.5000    0.0000 9658.9111   21.9748
    7.5000  -37.5000    0.0000 9259.6816   21.9476
   -7.5000  -30.0000    0.000010526.5859   21.6135
    0.0000  -30.0000    0.000011058.5479   21.5603
    7.5000  -30.0000    0.000010590.2500   21.5285
   -7.5000  -22.5000    0.000011872.3350   21.3918
    0.0000  -22.5000    0.000012445.4814   21.3381
    7.5000  -22.5000    0.000011944.2119   21.2979
   -7.5000  -15.0000    0.000013207.8467   21.3760
    0.0000  -15.0000    0.000013852.6074   21.3220
    7.5000  -15.0000    0.000013271.7275   21.2757
   -7.5000   -7.5000    0.000014551.2832   21.4102
    0.0000   -7.5000    0.000015286.6270   21.3583
    7.5000   -7.5000    0.000014585.3174   21.3164
   -7.5000    0.0000    0.000015825.8555   21.4491
    0.0000    0.0000    0.000016611.0742   21.3988
    7.5000    0.0000    0.000015752.6172   21.3679
   -7.5000    7.5000    0.000015790.3857   21.4557
    0.0000    7.5000    0.000016492.1406   21.4045
    7.5000    7.5000    0.000015609.8535   21.3785
   -7.5000   15.0000    0.000015493.7920   21.4261
    0.0000   15.0000    0.000016129.4893   21.3736
    7.5000   15.0000    0.000015290.8096   21.3428
   -7.5000   22.5000    0.000015136.2568   21.3754
    0.0000   22.5000    0.000015725.1777   21.3217
    7.5000   22.5000    0.000014893.4199   21.2815
   -7.5000   30.0000    0.000014695.4102   21.0994
    0.0000   30.0000    0.000015261.2607   21.0460
    7.5000   30.0000    0.000014411.6768   21.0003
   -7.5000   37.5000    0.000014599.1914   21.1331
    0.0000   37.5000    0.000015192.6709   21.0819
    7.5000   37.5000    0.000014326.7988   21.0405
   -7.5000   45.0000    0.000013841.0488   20.6744
    0.0000   45.0000    0.000014446.3027   20.6260
    7.5000   45.0000    0.000013623.6240   20.5962
   -7.5000  -45.0000    7.5000 8022.6357   22.5692
    0.0000  -45.0000    7.5000 8368.3857   22.5179
    7.5000  -45.0000    7.5000 8073.4258   22.4769
   -7.5000  -37.5000    7.5000 8899.6631   22.0077
    0.0000  -37.5000    7.5000 9312.0449   21.9468
    7.5000  -37.5000    7.5000 8967.1328   21.9096
   -7.5000  -30.0000    7.500010150.3467   21.6052
    0.0000  -30.0000    7.500010673.4043   21.5434
    7.5000  -30.0000    7.500010248.7871   21.5062
   -7.5000  -22.5000    7.500011458.6533   21.3898
    0.0000  -22.5000    7.500012081.4902   21.3350
    7.5000  -22.5000    7.500011593.9336   21.2932
   -7.5000  -15.0000    7.500012783.5596   21.3710
    0.0000  -15.0000    7.500013509.5732   21.3226
    7.5000  -15.0000    7.500012898.1562   21.2742
   -7.5000   -7.5000    7.500014128.0430   21.3955
    0.0000   -7.5000    7.500014910.4180   21.3479
    7.5000   -7.5000    7.500014154.7207   21.2994
   -7.5000    0.0000    7.500015454.1416   21.4269
    0.0000    0.0000    7.500016308.5254   21.3741
    7.5000    0.0000    7.500015331.7764   21.3333
   -7.5000    7.5000    7.500015699.3721   21.4370
    0.0000    7.5000    7.500016426.9102   21.3773
    7.5000    7.5000    7.500015320.0576   21.3421
   -7.5000   15.0000    7.500015616.5771   21.4178
    0.0000   15.0000    7.500016124.2207   21.3569
    7.5000   15.0000    7.500015122.8848   21.3208
   -7.5000   22.5000    7.500015177.5254   21.3734
    0.0000   22.5000    7.500015611.0908   21.3187
    7.5000   22.5000    7.500014696.6260   21.2769
   -7.5000   30.0000    7.500014517.3652   21.0944
    0.0000   30.0000    7.500015028.9414   21.0467
    7.5000   30.0000    7.500014183.5996   20.9988
   -7.5000   37.5000    7.500014325.6328   21.1186
    0.0000   37.5000    7.500014955.8574   21.0716
    7.5000   37.5000    7.500014076.7705   21.0238
   -7.5000   45.0000    7.500013594.7148   20.6531
    0.0000   45.0000    7.500014268.0723   20.6022
    7.5000   45.0000    7.500013368.8252   20.5628
   -7.5000  -45.0000   15.0000 7603.5820   22.5468
    0.0000  -45.0000   15.0000 7992.5542   22.4927
    7.5000  -45.0000   15.0000 7653.8540   22.4480
   -7.5000  -37.5000   15.0000 8454.8213   21.9856
    0.0000  -37.5000   15.0000 8901.9707   21.9166
    7.5000  -37.5000   15.0000 8528.0918   21.8757
   -7.5000  -30.0000   15.0000 9678.0029   21.5977
    0.0000  -30.0000   15.000010183.1396   21.5234
    7.5000  -30.0000   15.0000 9783.3838   21.4855
   -7.5000  -22.5000   15.000010975.2646   21.3974
    0.0000  -22.5000   15.000011539.3184   21.3325
    7.5000  -22.5000   15.000011102.8652   21.2933
   -7.5000  -15.0000   15.000012288.1221   21.3809
    0.0000  -15.0000   15.000012924.3447   21.3287
    7.5000  -15.0000   15.000012385.9355   21.2831
   -7.5000   -7.5000   15.000013572.9971   21.3900
    0.0000   -7.5000   15.000014264.0020   21.3422
    7.5000   -7.5000   15.000013634.5957   21.2934
   -7.5000    0.0000   15.000014902.2842   21.4052
    0.0000    0.0000   15.000015677.0146   21.3505
    7.5000    0.0000   15.000014820.9111   21.3064
   -7.5000    7.5000   15.000015303.1133   21.4153
    0.0000    7.5000   15.000016086.1807   21.3480
    7.5000    7.5000   15.000014885.7773   21.3094
   -7.5000   15.0000   15.000015325.0820   21.4101
    0.0000   15.0000   15.000016080.6064   21.3370
    7.5000   15.0000   15.000014770.7500   21.3001
   -7.5000   22.5000   15.000014712.3760   21.3810
    0.0000   22.5000   15.000015483.1387   21.3162
    7.5000   22.5000   15.000014340.5107   21.2769
   -7.5000   30.0000   15.000013955.4053   21.1042
    0.0000   30.0000   15.000014703.1104   21.0527
    7.5000   30.0000   15.000013715.4219   21.0076
   -7.5000   37.5000   15.000013839.2568   21.1131
    0.0000   37.5000   15.000014552.2393   21.0660
    7.5000   37.5000   15.000013589.1963   21.0178
   -7.5000   45.0000   15.000013171.0088   20.6321
    0.0000   45.0000   15.000013785.3838   20.5794
    7.5000   45.0000   15.000012900.4307   20.5369
   -7.5000  -45.0000   22.5000 7165.2314   22.5500
    0.0000  -45.0000   22.5000 7502.4399   22.4978
    7.5000  -45.0000   22.5000 7209.0977   22.4624
   -7.5000  -37.5000   22.5000 7965.7837   21.9855
    0.0000  -37.5000   22.5000 8345.3438   21.9201
    7.5000  -37.5000   22.5000 8033.2173   21.8884
   -7.5000  -30.0000   22.5000 9128.8252   21.6033
    0.0000  -30.0000   22.5000 9593.5459   21.5273
    7.5000  -30.0000   22.5000 9210.0820   21.4958
   -7.5000  -22.5000   22.500010371.6260   21.4138
    0.0000  -22.5000   22.500010898.6973   21.3404
    7.5000  -22.5000   22.500010465.8545   21.3057
   -7.5000  -15.0000   22.500011650.7910   21.4027
    0.0000  -15.0000   22.500012252.4609   21.3404
    7.5000  -15.0000   22.500011714.5430   21.3000
   -7.5000   -7.5000   22.500012935.2441   21.4037
    0.0000   -7.5000   22.500013623.5791   21.3518
    7.5000   -7.5000   22.500012968.5488   21.3104
   -7.5000    0.0000   22.500014256.8105   21.4081
    0.0000    0.0000   22.500014987.4131   21.3561
    7.5000    0.0000   22.500014120.2998   21.3209
   -7.5000    7.5000   22.500014535.0225   21.4150
    0.0000    7.5000   22.500015222.5088   21.3514
    7.5000    7.5000   22.500014142.5264   21.3213
   -7.5000   15.0000   22.500014341.4668   21.4153
    0.0000   15.0000   22.500015043.2676   21.3406
    7.5000   15.0000   22.500013951.9941   21.3100
   -7.5000   22.5000   22.500013761.0420   21.3975
    0.0000   22.5000   22.500014494.1104   21.3241
    7.5000   22.5000   22.500013588.2275   21.2894
   -7.5000   30.0000   22.500013247.0234   21.1257
    0.0000   30.0000   22.500013939.3105   21.0643
    7.5000   30.0000   22.500013064.3086   21.0243
   -7.5000   37.5000   22.500013223.1055   21.1267
    0.0000   37.5000   22.500013881.9502   21.0755
    7.5000   37.5000   22.500012974.2188   21.0346
   -7.5000   45.0000   22.500012558.7568   20.6350
    0.0000   45.0000   22.500013178.6143   20.5848
    7.5000   45.0000   22.500012309.8057   20.5509
   -7.5000  -45.0000   30.0000 6625.5552   22.5852
    0.0000  -45.0000   30.0000 6961.0117   22.5357
    7.5000  -45.0000   30.0000 6677.7598   22.5111
   -7.5000  -37.5000   30.0000 7408.0200   22.0155
    0.0000  -37.5000   30.0000 7792.1655   21.9588
    7.5000  -37.5000   30.0000 7468.3247   21.9366
   -7.5000  -30.0000   30.0000 8561.1992   21.6248
    0.0000  -30.0000   30.0000 9003.7773   21.5568
    7.5000  -30.0000   30.0000 8589.0830   21.5297
   -7.5000  -22.5000   30.0000 9766.7939   21.4322
    0.0000  -22.5000   30.000010256.9199   21.3596
    7.5000  -22.5000   30.0000 9797.1729   21.3260
   -7.5000  -15.0000   30.000011012.1885   21.4250
    0.0000  -15.0000   30.000011530.4219   21.3575
    7.5000  -15.0000   30.000011004.3301   21.3195
   -7.5000   -7.5000   30.000012196.4756   21.4328
    0.0000   -7.5000   30.000012738.4473   21.3772
    7.5000   -7.5000   30.000012198.6865   21.3429
   -7.5000    0.0000   30.000013313.8828   21.4412
    0.0000    0.0000   30.000013863.0117   21.3919
    7.5000    0.0000   30.000013217.8174   21.3669
   -7.5000    7.5000   30.000013451.0195   21.4441
    0.0000    7.5000   30.000013952.2627   21.3888
    7.5000    7.5000   30.000013201.0986   21.3673
   -7.5000   15.0000   30.000013162.2393   21.4364
    0.0000   15.0000   30.000013673.9336   21.3696
    7.5000   15.0000   30.000013044.5957   21.3434
   -7.5000   22.5000   30.000012654.6182   21.4158
    0.0000   22.5000   30.000013166.3652   21.3433
    7.5000   22.5000   30.000012702.5537   21.3096
   -7.5000   30.0000   30.000012249.6846   21.1477
    0.0000   30.0000   30.000012728.8369   21.0811
    7.5000   30.0000   30.000012224.6113   21.0436
   -7.5000   37.5000   30.000012263.4658   21.1554
    0.0000   37.5000   30.000012740.7100   21.1005
    7.5000   37.5000   30.000012149.1172   21.0667
   -7.5000   45.0000   30.000011701.1260   20.6668
    0.0000   45.0000   30.000012138.2793   20.6194
    7.5000   45.0000   30.000011544.7012   20.5952
   -7.5000  -45.0000   37.5000 6386.7056   22.8552
    0.0000  -45.0000   37.5000 6722.6279   22.8050
    7.5000  -45.0000   37.5000 6423.5171   22.7802
   -7.5000  -37.5000   37.5000 7198.5298   22.2725
    0.0000  -37.5000   37.5000 7571.3418   22.2199
    7.5000  -37.5000   37.5000 7213.5195   22.1971
   -7.5000  -30.0000   37.5000 8346.0928   21.8562
    0.0000  -30.0000   37.5000 8774.1738   21.7970
    7.5000  -30.0000   37.5000 8322.9434   21.7677
   -7.5000  -22.5000   37.5000 9521.9004   21.6412
    0.0000  -22.5000   37.5000 9976.5508   21.5766
    7.5000  -22.5000   37.5000 9496.9463   21.5387
   -7.5000  -15.0000   37.500010655.5049   21.6311
    0.0000  -15.0000   37.500011155.9658   21.5662
    7.5000  -15.0000   37.500010635.7383   21.5238
   -7.5000   -7.5000   37.500011716.7393   21.6579
    0.0000   -7.5000   37.500012228.6787   21.6005
    7.5000   -7.5000   37.500011710.2793   21.5640
   -7.5000    0.0000   37.500012746.4355   21.6859
    0.0000    0.0000   37.500013271.9570   21.6352
    7.5000    0.0000   37.500012713.3115   21.6097
   -7.5000    7.5000   37.500012812.0371   21.6888
    0.0000    7.5000   37.500013331.4922   21.6370
    7.5000    7.5000   37.500012729.9424   21.6150
   -7.5000   15.0000   37.500012534.4863   21.6642
    0.0000   15.0000   37.500013063.0156   21.6060
    7.5000   15.0000   37.500012574.1797   21.5776
   -7.5000   22.5000   37.500012148.8213   21.6246
    0.0000   22.5000   37.500012660.4717   21.5600
    7.5000   22.5000   37.500012236.1875   21.5222
   -7.5000   30.0000   37.500011792.8955   21.3511
    0.0000   30.0000   37.500012253.8174   21.2871
    7.5000   30.0000   37.500011785.0830   21.2452
   -7.5000   37.5000   37.500011789.6553   21.3776
    0.0000   37.5000   37.500012250.7500   21.3210
    7.5000   37.5000   37.500011728.4785   21.2849
   -7.5000   45.0000   37.500011263.5479   20.9027
    0.0000   45.0000   37.500011682.3857   20.8539
    7.5000   45.0000   37.500011155.0342   20.8293
   -7.5000  -45.0000   45.0000 5834.8691   23.1648
    0.0000  -45.0000   45.0000 6124.9370   23.1150
    7.5000  -45.0000   45.0000 5857.8013   23.0836
   -7.5000  -37.5000   45.0000 6578.8833   22.5688
    0.0000  -37.5000   45.0000 6908.0103   22.5159
    7.5000  -37.5000   45.0000 6589.3389   22.4885
   -7.5000  -30.0000   45.0000 7653.4634   22.1329
    0.0000  -30.0000   45.0000 8017.6738   22.0791
    7.5000  -30.0000   45.0000 7627.7041   22.0475
   -7.5000  -22.5000   45.0000 8724.5674   21.8976
    0.0000  -22.5000   45.0000 9124.6045   21.8437
    7.5000  -22.5000   45.0000 8687.5449   21.8033
   -7.5000  -15.0000   45.0000 9730.8086   21.8793
    0.0000  -15.0000   45.000010167.8164   21.8248
    7.5000  -15.0000   45.0000 9705.6943   21.7776
   -7.5000   -7.5000   45.000010712.5117   21.9150
    0.0000   -7.5000   45.000011151.0625   21.8622
    7.5000   -7.5000   45.000010696.5146   21.8190
   -7.5000    0.0000   45.000011671.4785   21.9573
    0.0000    0.0000   45.000012140.1182   21.9058
    7.5000    0.0000   45.000011635.1553   21.8739
   -7.5000    7.5000   45.000011720.3193   21.9659
    0.0000    7.5000   45.000012202.9072   21.9137
    7.5000    7.5000   45.000011684.5439   21.8875
   -7.5000   15.0000   45.000011484.9512   21.9351
    0.0000   15.0000   45.000011970.5781   21.8821
    7.5000   15.0000   45.000011567.0557   21.8514
   -7.5000   22.5000   45.000011171.8887   21.8806
    0.0000   22.5000   45.000011627.7393   21.8267
    7.5000   22.5000   45.000011243.7305   21.7863
   -7.5000   30.0000   45.000010850.1816   21.5942
    0.0000   30.0000   45.000011264.5234   21.5405
    7.5000   30.0000   45.000010831.0098   21.4939
   -7.5000   37.5000   45.000010831.0430   21.6295
    0.0000   37.5000   45.000011246.1055   21.5774
    7.5000   37.5000   45.000010780.3936   21.5348
   -7.5000   45.0000   45.000010342.6758   21.1739
    0.0000   45.0000   45.000010735.9014   21.1243
    7.5000   45.0000   45.000010272.6406   21.0935

---------------------------------------------------------------------
imgreg_4dfp /opt/freesurfer/average/711-2C_as_mni_average_305 /opt/freesurfer/average/711-2B_as_mni_average_305_mask talsrcimg_g11 none talsrcimg_to_711-2C_as_mni_average_305_t4 4355
---------------------------------------------------------------------

freesurfer imgreg_4dfp.c
/opt/freesurfer/average/711-2C_as_mni_average_305.4dfp.img
       256       256       256         1
  1.000000  1.000000  1.000000
orientation T byte_order littleendian
Reading image: /opt/freesurfer/average/711-2C_as_mni_average_305.4dfp.img
dimensions:      256       256       256
mmppix:       1.0000   -1.0000   -1.0000
center:     128.0000 -129.0000 -129.0000
/opt/freesurfer/average/711-2B_as_mni_average_305_mask.4dfp.img
       256       256       256         1
  1.000000  1.000000  1.000000
orientation T byte_order littleendian
Reading mask: /opt/freesurfer/average/711-2B_as_mni_average_305_mask.4dfp.img (2306576 pixels)
talsrcimg_g11.4dfp.img
       256       256       256         1
  1.000000  1.000000  1.000000
orientation T byte_order littleendian
Reading image: talsrcimg_g11.4dfp.img
dimensions:      256       256       256
mmppix:       1.0000   -1.0000   -1.0000
center:     128.0000 -129.0000 -129.0000
rotation matrix determinant  1.000000
image alignment mode   4355 decimal     1103 hex
   -7.5000  -45.0000  -45.0000 1805.0760   33.7335
    0.0000  -45.0000  -45.0000 1811.2842   33.4737
    7.5000  -45.0000  -45.0000 1802.3851   33.7344
   -7.5000  -37.5000  -45.0000 1907.9897   29.5562
    0.0000  -37.5000  -45.0000 1910.2811   29.4041
    7.5000  -37.5000  -45.0000 1902.6895   29.6650
   -7.5000  -30.0000  -45.0000 2008.4463   26.2600
    0.0000  -30.0000  -45.0000 2010.8999   26.1710
    7.5000  -30.0000  -45.0000 1998.7672   26.3337
   -7.5000  -22.5000  -45.0000 2105.3274   23.7158
    0.0000  -22.5000  -45.0000 2108.8215   23.6524
    7.5000  -22.5000  -45.0000 2094.7454   23.7461
   -7.5000  -15.0000  -45.0000 2177.5061   21.7545
    0.0000  -15.0000  -45.0000 2180.5779   21.7108
    7.5000  -15.0000  -45.0000 2172.9392   21.7982
   -7.5000   -7.5000  -45.0000 2235.5371   20.4167
    0.0000   -7.5000  -45.0000 2239.4688   20.3321
    7.5000   -7.5000  -45.0000 2236.9558   20.4637
   -7.5000    0.0000  -45.0000 2275.4312   19.5333
    0.0000    0.0000  -45.0000 2279.6707   19.4440
    7.5000    0.0000  -45.0000 2270.2117   19.5890
   -7.5000    7.5000  -45.0000 2300.4326   19.0491
    0.0000    7.5000  -45.0000 2306.0396   18.9449
    7.5000    7.5000  -45.0000 2290.2600   19.0852
   -7.5000   15.0000  -45.0000 2306.7266   18.8554
    0.0000   15.0000  -45.0000 2315.3618   18.7094
    7.5000   15.0000  -45.0000 2293.2141   18.8773
   -7.5000   22.5000  -45.0000 2296.2898   18.9129
    0.0000   22.5000  -45.0000 2303.3005   18.8001
    7.5000   22.5000  -45.0000 2282.6216   18.9065
   -7.5000   30.0000  -45.0000 2271.0491   19.3380
    0.0000   30.0000  -45.0000 2275.6772   19.2218
    7.5000   30.0000  -45.0000 2250.3398   19.3184
   -7.5000   37.5000  -45.0000 2223.6711   20.2005
    0.0000   37.5000  -45.0000 2224.3979   20.0753
    7.5000   37.5000  -45.0000 2201.1003   20.1718
   -7.5000   45.0000  -45.0000 2158.4788   21.3959
    0.0000   45.0000  -45.0000 2157.7776   21.2525
    7.5000   45.0000  -45.0000 2132.2825   21.3954
   -7.5000  -45.0000  -37.5000 1847.6006   31.8132
    0.0000  -45.0000  -37.5000 1858.9720   31.6936
    7.5000  -45.0000  -37.5000 1848.6165   31.8415
   -7.5000  -37.5000  -37.5000 1957.6063   27.8868
    0.0000  -37.5000  -37.5000 1971.6797   27.8537
    7.5000  -37.5000  -37.5000 1959.9031   27.9361
   -7.5000  -30.0000  -37.5000 2066.6199   24.8227
    0.0000  -30.0000  -37.5000 2083.3037   24.7838
    7.5000  -30.0000  -37.5000 2068.1040   24.7675
   -7.5000  -22.5000  -37.5000 2171.4788   22.2814
    0.0000  -22.5000  -37.5000 2186.1648   22.2481
    7.5000  -22.5000  -37.5000 2174.8723   22.2455
   -7.5000  -15.0000  -37.5000 2257.2581   20.3320
    0.0000  -15.0000  -37.5000 2270.7029   20.2925
    7.5000  -15.0000  -37.5000 2260.1697   20.3667
   -7.5000   -7.5000  -37.5000 2328.4824   18.9577
    0.0000   -7.5000  -37.5000 2340.7163   18.8932
    7.5000   -7.5000  -37.5000 2328.4121   19.0520
   -7.5000    0.0000  -37.5000 2377.4136   18.0923
    0.0000    0.0000  -37.5000 2387.8625   17.9932
    7.5000    0.0000  -37.5000 2365.1853   18.1785
   -7.5000    7.5000  -37.5000 2402.0903   17.6002
    0.0000    7.5000  -37.5000 2416.5081   17.4770
    7.5000    7.5000  -37.5000 2387.2163   17.6211
   -7.5000   15.0000  -37.5000 2414.8955   17.3836
    0.0000   15.0000  -37.5000 2424.1262   17.2016
    7.5000   15.0000  -37.5000 2401.2830   17.3672
   -7.5000   22.5000  -37.5000 2412.3564   17.4560
    0.0000   22.5000  -37.5000 2419.2397   17.3116
    7.5000   22.5000  -37.5000 2391.1226   17.4236
   -7.5000   30.0000  -37.5000 2385.9448   17.8008
    0.0000   30.0000  -37.5000 2390.2932   17.7143
    7.5000   30.0000  -37.5000 2359.0742   17.8195
   -7.5000   37.5000  -37.5000 2335.5806   18.5809
    0.0000   37.5000  -37.5000 2339.8169   18.4863
    7.5000   37.5000  -37.5000 2307.9250   18.5781
   -7.5000   45.0000  -37.5000 2261.1860   19.6313
    0.0000   45.0000  -37.5000 2265.9585   19.5390
    7.5000   45.0000  -37.5000 2237.9397   19.6336
   -7.5000  -45.0000  -30.0000 1922.5458   31.1291
    0.0000  -45.0000  -30.0000 1937.7960   31.0912
    7.5000  -45.0000  -30.0000 1925.3514   31.1123
   -7.5000  -37.5000  -30.0000 2043.6647   27.2238
    0.0000  -37.5000  -30.0000 2061.7974   27.1832
    7.5000  -37.5000  -30.0000 2048.4006   27.1970
   -7.5000  -30.0000  -30.0000 2173.5076   24.2678
    0.0000  -30.0000  -30.0000 2187.4700   24.2193
    7.5000  -30.0000  -30.0000 2170.8794   24.1467
   -7.5000  -22.5000  -30.0000 2283.9299   21.8100
    0.0000  -22.5000  -30.0000 2295.5984   21.7034
    7.5000  -22.5000  -30.0000 2282.3779   21.7023
   -7.5000  -15.0000  -30.0000 2376.1660   19.8146
    0.0000  -15.0000  -30.0000 2392.5981   19.7261
    7.5000  -15.0000  -30.0000 2375.3625   19.7511
   -7.5000   -7.5000  -30.0000 2453.3503   18.3320
    0.0000   -7.5000  -30.0000 2474.5364   18.2456
    7.5000   -7.5000  -30.0000 2451.5010   18.3198
   -7.5000    0.0000  -30.0000 2516.4675   17.3836
    0.0000    0.0000  -30.0000 2530.7974   17.2530
    7.5000    0.0000  -30.0000 2499.2861   17.3680
   -7.5000    7.5000  -30.0000 2550.2302   16.8897
    0.0000    7.5000  -30.0000 2557.7083   16.7041
    7.5000    7.5000  -30.0000 2533.2808   16.8287
   -7.5000   15.0000  -30.0000 2561.3845   16.6534
    0.0000   15.0000  -30.0000 2567.8298   16.4511
    7.5000   15.0000  -30.0000 2546.3521   16.5969
   -7.5000   22.5000  -30.0000 2563.5420   16.7302
    0.0000   22.5000  -30.0000 2570.0874   16.5381
    7.5000   22.5000  -30.0000 2539.7715   16.6873
   -7.5000   30.0000  -30.0000 2530.5857   17.0361
    0.0000   30.0000  -30.0000 2538.2424   16.9238
    7.5000   30.0000  -30.0000 2505.3225   17.0563
   -7.5000   37.5000  -30.0000 2483.2493   17.7308
    0.0000   37.5000  -30.0000 2485.9348   17.6213
    7.5000   37.5000  -30.0000 2451.3259   17.7372
   -7.5000   45.0000  -30.0000 2408.9812   18.6419
    0.0000   45.0000  -30.0000 2411.4514   18.5285
    7.5000   45.0000  -30.0000 2380.1887   18.6541
   -7.5000  -45.0000  -22.5000 1974.9988   30.3717
    0.0000  -45.0000  -22.5000 1988.5864   30.2498
    7.5000  -45.0000  -22.5000 1979.9288   30.3010
   -7.5000  -37.5000  -22.5000 2115.3308   26.5290
    0.0000  -37.5000  -22.5000 2131.1677   26.4227
    7.5000  -37.5000  -22.5000 2118.3066   26.4922
   -7.5000  -30.0000  -22.5000 2251.9353   23.6144
    0.0000  -30.0000  -22.5000 2269.5020   23.4687
    7.5000  -30.0000  -22.5000 2249.3850   23.5070
   -7.5000  -22.5000  -22.5000 2371.8435   21.1546
    0.0000  -22.5000  -22.5000 2386.8828   21.0048
    7.5000  -22.5000  -22.5000 2364.9836   21.0492
   -7.5000  -15.0000  -22.5000 2472.7192   19.1981
    0.0000  -15.0000  -22.5000 2487.3582   19.0685
    7.5000  -15.0000  -22.5000 2464.7617   19.0779
   -7.5000   -7.5000  -22.5000 2558.0286   17.7402
    0.0000   -7.5000  -22.5000 2574.0701   17.5896
    7.5000   -7.5000  -22.5000 2547.5542   17.6174
   -7.5000    0.0000  -22.5000 2625.8647   16.6901
    0.0000    0.0000  -22.5000 2639.1047   16.5118
    7.5000    0.0000  -22.5000 2610.9631   16.5831
   -7.5000    7.5000  -22.5000 2673.8262   16.1273
    0.0000    7.5000  -22.5000 2678.1272   15.8907
    7.5000    7.5000  -22.5000 2650.2952   15.9748
   -7.5000   15.0000  -22.5000 2686.8330   15.8509
    0.0000   15.0000  -22.5000 2686.9390   15.6307
    7.5000   15.0000  -22.5000 2662.0356   15.7226
   -7.5000   22.5000  -22.5000 2679.8784   15.9068
    0.0000   22.5000  -22.5000 2682.6018   15.7190
    7.5000   22.5000  -22.5000 2655.1423   15.8146
   -7.5000   30.0000  -22.5000 2651.5291   16.1763
    0.0000   30.0000  -22.5000 2658.1997   16.0499
    7.5000   30.0000  -22.5000 2621.9919   16.1454
   -7.5000   37.5000  -22.5000 2607.5010   16.7681
    0.0000   37.5000  -22.5000 2612.2444   16.6505
    7.5000   37.5000  -22.5000 2575.9207   16.7638
   -7.5000   45.0000  -22.5000 2532.6443   17.6153
    0.0000   45.0000  -22.5000 2532.0034   17.5004
    7.5000   45.0000  -22.5000 2499.3821   17.6260
   -7.5000  -45.0000  -15.0000 2007.4071   29.8115
    0.0000  -45.0000  -15.0000 2020.7273   29.6887
    7.5000  -45.0000  -15.0000 2016.5798   29.8514
   -7.5000  -37.5000  -15.0000 2157.3760   26.0153
    0.0000  -37.5000  -15.0000 2172.6531   25.8800
    7.5000  -37.5000  -15.0000 2159.3477   25.9361
   -7.5000  -30.0000  -15.0000 2296.3113   23.0341
    0.0000  -30.0000  -15.0000 2314.6565   22.8873
    7.5000  -30.0000  -15.0000 2296.6987   22.9493
   -7.5000  -22.5000  -15.0000 2423.6592   20.6351
    0.0000  -22.5000  -15.0000 2436.4565   20.4075
    7.5000  -22.5000  -15.0000 2415.7129   20.4659
   -7.5000  -15.0000  -15.0000 2526.6599   18.6443
    0.0000  -15.0000  -15.0000 2540.3220   18.4495
    7.5000  -15.0000  -15.0000 2519.5574   18.5106
   -7.5000   -7.5000  -15.0000 2617.9094   17.1513
    0.0000   -7.5000  -15.0000 2627.0437   16.9614
    7.5000   -7.5000  -15.0000 2606.6943   16.9899
   -7.5000    0.0000  -15.0000 2697.7803   16.0634
    0.0000    0.0000  -15.0000 2700.6633   15.8687
    7.5000    0.0000  -15.0000 2677.7227   15.8813
   -7.5000    7.5000  -15.0000 2752.6462   15.3631
    0.0000    7.5000  -15.0000 2751.9954   15.1379
    7.5000    7.5000  -15.0000 2723.9321   15.1612
   -7.5000   15.0000  -15.0000 2770.8552   15.0138
    0.0000   15.0000  -15.0000 2770.1121   14.8240
    7.5000   15.0000  -15.0000 2741.0117   14.8560
   -7.5000   22.5000  -15.0000 2766.9534   15.0449
    0.0000   22.5000  -15.0000 2768.3950   14.8724
    7.5000   22.5000  -15.0000 2743.7886   14.9221
   -7.5000   30.0000  -15.0000 2740.0378   15.3276
    0.0000   30.0000  -15.0000 2743.1243   15.1732
    7.5000   30.0000  -15.0000 2713.2034   15.2532
   -7.5000   37.5000  -15.0000 2702.8086   15.8952
    0.0000   37.5000  -15.0000 2702.2683   15.7145
    7.5000   37.5000  -15.0000 2669.4485   15.8379
   -7.5000   45.0000  -15.0000 2626.7278   16.7066
    0.0000   45.0000  -15.0000 2621.2703   16.5341
    7.5000   45.0000  -15.0000 2590.2607   16.6535
   -7.5000  -45.0000   -7.5000 2033.2833   29.4590
    0.0000  -45.0000   -7.5000 2045.0688   29.3094
    7.5000  -45.0000   -7.5000 2035.2388   29.4718
   -7.5000  -37.5000   -7.5000 2182.9521   25.6722
    0.0000  -37.5000   -7.5000 2196.8428   25.5033
    7.5000  -37.5000   -7.5000 2183.0906   25.6017
   -7.5000  -30.0000   -7.5000 2324.2349   22.6053
    0.0000  -30.0000   -7.5000 2335.7273   22.4442
    7.5000  -30.0000   -7.5000 2323.0242   22.5058
   -7.5000  -22.5000   -7.5000 2452.7722   20.1542
    0.0000  -22.5000   -7.5000 2462.1594   19.9181
    7.5000  -22.5000   -7.5000 2442.1741   19.9396
   -7.5000  -15.0000   -7.5000 2557.2434   18.1295
    0.0000  -15.0000   -7.5000 2572.2175   17.9636
    7.5000  -15.0000   -7.5000 2554.8179   17.9670
   -7.5000   -7.5000   -7.5000 2656.4429   16.6414
    0.0000   -7.5000   -7.5000 2668.3657   16.4319
    7.5000   -7.5000   -7.5000 2646.8286   16.4336
   -7.5000    0.0000   -7.5000 2734.3987   15.5470
    0.0000    0.0000   -7.5000 2743.2637   15.3012
    7.5000    0.0000   -7.5000 2718.0635   15.3092
   -7.5000    7.5000   -7.5000 2799.1572   14.7401
    0.0000    7.5000   -7.5000 2803.7666   14.4847
    7.5000    7.5000   -7.5000 2773.9685   14.5322
   -7.5000   15.0000   -7.5000 2834.0154   14.2937
    0.0000   15.0000   -7.5000 2833.5894   14.0469
    7.5000   15.0000   -7.5000 2801.7617   14.1145
   -7.5000   22.5000   -7.5000 2842.9307   14.2916
    0.0000   22.5000   -7.5000 2839.3118   14.0521
    7.5000   22.5000   -7.5000 2812.0947   14.1070
   -7.5000   30.0000   -7.5000 2823.3738   14.5764
    0.0000   30.0000   -7.5000 2821.3003   14.3545
    7.5000   30.0000   -7.5000 2790.8577   14.4011
   -7.5000   37.5000   -7.5000 2779.4248   15.1276
    0.0000   37.5000   -7.5000 2779.0256   14.9160
    7.5000   37.5000   -7.5000 2742.9111   14.9928
   -7.5000   45.0000   -7.5000 2702.7798   15.9240
    0.0000   45.0000   -7.5000 2695.8203   15.7039
    7.5000   45.0000   -7.5000 2659.1733   15.8281
   -7.5000  -45.0000    0.0000 2029.2812   29.2526
    0.0000  -45.0000    0.0000 2042.7205   29.1557
    7.5000  -45.0000    0.0000 2032.1267   29.2400
   -7.5000  -37.5000    0.0000 2179.6318   25.5074
    0.0000  -37.5000    0.0000 2201.1392   25.3988
    7.5000  -37.5000    0.0000 2184.7754   25.4405
   -7.5000  -30.0000    0.0000 2332.5037   22.5243
    0.0000  -30.0000    0.0000 2349.1426   22.3185
    7.5000  -30.0000    0.0000 2326.8782   22.2510
   -7.5000  -22.5000    0.0000 2463.2036   19.9595
    0.0000  -22.5000    0.0000 2475.2239   19.6745
    7.5000  -22.5000    0.0000 2454.8140   19.6586
   -7.5000  -15.0000    0.0000 2571.9148   17.9298
    0.0000  -15.0000    0.0000 2580.2712   17.6462
    7.5000  -15.0000    0.0000 2562.5098   17.6426
   -7.5000   -7.5000    0.0000 2677.8809   16.3836
    0.0000   -7.5000    0.0000 2684.2283   16.1249
    7.5000   -7.5000    0.0000 2659.4558   16.1116
   -7.5000    0.0000    0.0000 2759.8677   15.2752
    0.0000    0.0000    0.0000 2763.8232   14.9826
    7.5000    0.0000    0.0000 2734.9102   14.9628
   -7.5000    7.5000    0.0000 2829.2490   14.4616
    0.0000    7.5000    0.0000 2830.0764   14.1448
    7.5000    7.5000    0.0000 2798.2454   14.1822
   -7.5000   15.0000    0.0000 2879.0544   13.8858
    0.0000   15.0000    0.0000 2874.7080   13.5387
    7.5000   15.0000    0.0000 2836.6099   13.6504
   -7.5000   22.5000    0.0000 2900.5098   13.7752
    0.0000   22.5000    0.0000 2887.2034   13.4391
    7.5000   22.5000    0.0000 2853.3167   13.5476
   -7.5000   30.0000    0.0000 2885.9014   14.0932
    0.0000   30.0000    0.0000 2875.1836   13.7775
    7.5000   30.0000    0.0000 2843.6453   13.8728
   -7.5000   37.5000    0.0000 2847.4099   14.6289
    0.0000   37.5000    0.0000 2835.0564   14.3157
    7.5000   37.5000    0.0000 2800.0764   14.4410
   -7.5000   45.0000    0.0000 2766.0225   15.3372
    0.0000   45.0000    0.0000 2753.6157   15.0721
    7.5000   45.0000    0.0000 2714.6482   15.2876
   -7.5000  -45.0000    7.5000 2018.0537   29.6574
    0.0000  -45.0000    7.5000 2027.0577   29.3423
    7.5000  -45.0000    7.5000 2019.6030   29.6117
   -7.5000  -37.5000    7.5000 2172.9419   25.7791
    0.0000  -37.5000    7.5000 2179.5146   25.4632
    7.5000  -37.5000    7.5000 2171.1274   25.6312
   -7.5000  -30.0000    7.5000 2315.2871   22.5934
    0.0000  -30.0000    7.5000 2324.0496   22.2681
    7.5000  -30.0000    7.5000 2305.2280   22.2592
   -7.5000  -22.5000    7.5000 2441.3005   19.9294
    0.0000  -22.5000    7.5000 2456.1467   19.6585
    7.5000  -22.5000    7.5000 2438.0979   19.6312
   -7.5000  -15.0000    7.5000 2555.8040   17.8523
    0.0000  -15.0000    7.5000 2566.6482   17.6071
    7.5000  -15.0000    7.5000 2548.4370   17.5479
   -7.5000   -7.5000    7.5000 2665.6594   16.2868
    0.0000   -7.5000    7.5000 2676.6001   16.0715
    7.5000   -7.5000    7.5000 2645.4175   15.9941
   -7.5000    0.0000    7.5000 2754.5815   15.1666
    0.0000    0.0000    7.5000 2759.6628   14.9045
    7.5000    0.0000    7.5000 2729.4419   14.8380
   -7.5000    7.5000    7.5000 2837.5295   14.4592
    0.0000    7.5000    7.5000 2832.8962   14.1104
    7.5000    7.5000    7.5000 2796.9487   14.0303
   -7.5000   15.0000    7.5000 2906.9812   13.9223
    0.0000   15.0000    7.5000 2892.2566   13.5143
    7.5000   15.0000    7.5000 2851.5190   13.5200
   -7.5000   22.5000    7.5000 2939.7478   13.5714
    0.0000   22.5000    7.5000 2919.5813   13.2143
    7.5000   22.5000    7.5000 2877.7681   13.3702
   -7.5000   30.0000    7.5000 2927.2222   13.6917
    0.0000   30.0000    7.5000 2911.7708   13.4245
    7.5000   30.0000    7.5000 2868.3315   13.5255
   -7.5000   37.5000    7.5000 2867.6846   14.0817
    0.0000   37.5000    7.5000 2865.3242   13.9142
    7.5000   37.5000    7.5000 2821.3293   14.0337
   -7.5000   45.0000    7.5000 2784.2078   14.8194
    0.0000   45.0000    7.5000 2783.5667   14.7209
    7.5000   45.0000    7.5000 2741.0591   14.8635
   -7.5000  -45.0000   15.0000 1986.6208   30.4274
    0.0000  -45.0000   15.0000 1994.2289   30.1681
    7.5000  -45.0000   15.0000 1982.1583   30.3097
   -7.5000  -37.5000   15.0000 2139.7954   26.3420
    0.0000  -37.5000   15.0000 2146.0679   26.0765
    7.5000  -37.5000   15.0000 2126.7585   26.1880
   -7.5000  -30.0000   15.0000 2271.8569   22.9978
    0.0000  -30.0000   15.0000 2281.8767   22.6732
    7.5000  -30.0000   15.0000 2261.8901   22.7330
   -7.5000  -22.5000   15.0000 2400.1736   20.2335
    0.0000  -22.5000   15.0000 2407.5278   19.8783
    7.5000  -22.5000   15.0000 2394.9622   19.9969
   -7.5000  -15.0000   15.0000 2520.2588   18.0895
    0.0000  -15.0000   15.0000 2521.3540   17.7562
    7.5000  -15.0000   15.0000 2507.8669   17.7939
   -7.5000   -7.5000   15.0000 2626.8625   16.5192
    0.0000   -7.5000   15.0000 2621.4971   16.1793
    7.5000   -7.5000   15.0000 2607.0273   16.2119
   -7.5000    0.0000   15.0000 2725.8894   15.4017
    0.0000    0.0000   15.0000 2714.4167   15.0671
    7.5000    0.0000   15.0000 2703.4426   15.0741
   -7.5000    7.5000   15.0000 2815.6841   14.6731
    0.0000    7.5000   15.0000 2809.2019   14.3697
    7.5000    7.5000   15.0000 2784.4111   14.2854
   -7.5000   15.0000   15.0000 2895.5686   14.2006
    0.0000   15.0000   15.0000 2890.5410   13.9314
    7.5000   15.0000   15.0000 2840.8181   13.7497
   -7.5000   22.5000   15.0000 2936.2021   13.6674
    0.0000   22.5000   15.0000 2931.0681   13.5066
    7.5000   22.5000   15.0000 2870.6978   13.4339
   -7.5000   30.0000   15.0000 2912.6506   13.4884
    0.0000   30.0000   15.0000 2915.8000   13.3627
    7.5000   30.0000   15.0000 2868.6719   13.4199
   -7.5000   37.5000   15.0000 2871.7224   13.8572
    0.0000   37.5000   15.0000 2870.2009   13.7082
    7.5000   37.5000   15.0000 2828.0129   13.8485
   -7.5000   45.0000   15.0000 2797.9419   14.6809
    0.0000   45.0000   15.0000 2790.6848   14.4781
    7.5000   45.0000   15.0000 2752.4512   14.6440
   -7.5000  -45.0000   22.5000 1943.5396   31.7236
    0.0000  -45.0000   22.5000 1948.6823   31.4249
    7.5000  -45.0000   22.5000 1937.6392   31.6729
   -7.5000  -37.5000   22.5000 2092.3789   27.2268
    0.0000  -37.5000   22.5000 2090.2341   26.8450
    7.5000  -37.5000   22.5000 2073.5393   27.0267
   -7.5000  -30.0000   22.5000 2219.1077   23.7063
    0.0000  -30.0000   22.5000 2222.0339   23.2380
    7.5000  -30.0000   22.5000 2208.7185   23.4100
   -7.5000  -22.5000   22.5000 2346.9631   20.8832
    0.0000  -22.5000   22.5000 2343.0925   20.4630
    7.5000  -22.5000   22.5000 2337.5774   20.6401
   -7.5000  -15.0000   22.5000 2465.5916   18.7508
    0.0000  -15.0000   22.5000 2458.2803   18.3683
    7.5000  -15.0000   22.5000 2451.7139   18.4921
   -7.5000   -7.5000   22.5000 2575.5808   17.1681
    0.0000   -7.5000   22.5000 2568.3662   16.8531
    7.5000   -7.5000   22.5000 2554.1201   16.8892
   -7.5000    0.0000   22.5000 2680.0212   15.9849
    0.0000    0.0000   22.5000 2669.0845   15.7137
    7.5000    0.0000   22.5000 2651.1819   15.7198
   -7.5000    7.5000   22.5000 2774.8125   15.1319
    0.0000    7.5000   22.5000 2764.4690   14.8195
    7.5000    7.5000   22.5000 2738.5540   14.8017
   -7.5000   15.0000   22.5000 2853.7104   14.5231
    0.0000   15.0000   22.5000 2842.9072   14.2042
    7.5000   15.0000   22.5000 2803.4712   14.1957
   -7.5000   22.5000   22.5000 2902.5806   13.9377
    0.0000   22.5000   22.5000 2890.9399   13.7341
    7.5000   22.5000   22.5000 2850.0298   13.8363
   -7.5000   30.0000   22.5000 2907.0286   13.8664
    0.0000   30.0000   22.5000 2901.6133   13.6657
    7.5000   30.0000   22.5000 2852.8096   13.8295
   -7.5000   37.5000   22.5000 2878.6602   14.2950
    0.0000   37.5000   22.5000 2872.1025   14.0947
    7.5000   37.5000   22.5000 2816.9722   14.2115
   -7.5000   45.0000   22.5000 2795.1653   15.0459
    0.0000   45.0000   22.5000 2793.0312   14.8495
    7.5000   45.0000   22.5000 2742.7996   14.9580
   -7.5000  -45.0000   30.0000 1884.0455   33.4393
    0.0000  -45.0000   30.0000 1886.7177   33.1117
    7.5000  -45.0000   30.0000 1881.8286   33.3928
   -7.5000  -37.5000   30.0000 2021.8196   28.6659
    0.0000  -37.5000   30.0000 2023.0062   28.3489
    7.5000  -37.5000   30.0000 2016.1814   28.5623
   -7.5000  -30.0000   30.0000 2155.9434   24.9817
    0.0000  -30.0000   30.0000 2154.1274   24.5608
    7.5000  -30.0000   30.0000 2143.8044   24.6833
   -7.5000  -22.5000   30.0000 2284.8567   22.0302
    0.0000  -22.5000   30.0000 2281.2068   21.6324
    7.5000  -22.5000   30.0000 2269.5068   21.7676
   -7.5000  -15.0000   30.0000 2402.0107   19.7472
    0.0000  -15.0000   30.0000 2397.4651   19.3876
    7.5000  -15.0000   30.0000 2383.7773   19.5107
   -7.5000   -7.5000   30.0000 2512.7090   17.9942
    0.0000   -7.5000   30.0000 2504.4648   17.6560
    7.5000   -7.5000   30.0000 2498.1235   17.8114
   -7.5000    0.0000   30.0000 2614.9971   16.6638
    0.0000    0.0000   30.0000 2601.1855   16.3062
    7.5000    0.0000   30.0000 2587.6421   16.4515
   -7.5000    7.5000   30.0000 2712.5332   15.6958
    0.0000    7.5000   30.0000 2697.6082   15.3191
    7.5000    7.5000   30.0000 2680.7488   15.4648
   -7.5000   15.0000   30.0000 2796.7229   14.9654
    0.0000   15.0000   30.0000 2777.5383   14.5957
    7.5000   15.0000   30.0000 2755.1816   14.8055
   -7.5000   22.5000   30.0000 2845.2537   14.3315
    0.0000   22.5000   30.0000 2829.8213   14.1211
    7.5000   22.5000   30.0000 2805.8013   14.4238
   -7.5000   30.0000   30.0000 2864.1785   14.3846
    0.0000   30.0000   30.0000 2850.7107   14.1103
    7.5000   30.0000   30.0000 2812.4282   14.3825
   -7.5000   37.5000   30.0000 2834.9653   14.8098
    0.0000   37.5000   30.0000 2825.3711   14.5282
    7.5000   37.5000   30.0000 2778.8057   14.7168
   -7.5000   45.0000   30.0000 2755.8416   15.5871
    0.0000   45.0000   30.0000 2748.0952   15.3344
    7.5000   45.0000   30.0000 2707.9915   15.4737
   -7.5000  -45.0000   37.5000 1814.8312   36.0389
    0.0000  -45.0000   37.5000 1809.6400   35.7090
    7.5000  -45.0000   37.5000 1805.6185   35.8644
   -7.5000  -37.5000   37.5000 1956.3750   30.8179
    0.0000  -37.5000   37.5000 1950.9932   30.4934
    7.5000  -37.5000   37.5000 1947.1545   30.6787
   -7.5000  -30.0000   37.5000 2098.4519   26.7803
    0.0000  -30.0000   37.5000 2094.5757   26.4752
    7.5000  -30.0000   37.5000 2076.4583   26.5140
   -7.5000  -22.5000   37.5000 2221.7358   23.4364
    0.0000  -22.5000   37.5000 2218.3857   23.0661
    7.5000  -22.5000   37.5000 2206.1299   23.2334
   -7.5000  -15.0000   37.5000 2336.5586   20.8431
    0.0000  -15.0000   37.5000 2333.7549   20.4857
    7.5000  -15.0000   37.5000 2325.2046   20.7411
   -7.5000   -7.5000   37.5000 2446.7512   18.8930
    0.0000   -7.5000   37.5000 2439.7488   18.5277
    7.5000   -7.5000   37.5000 2429.9541   18.7896
   -7.5000    0.0000   37.5000 2548.7351   17.4377
    0.0000    0.0000   37.5000 2537.2043   17.0781
    7.5000    0.0000   37.5000 2524.1545   17.3663
   -7.5000    7.5000   37.5000 2644.6548   16.3368
    0.0000    7.5000   37.5000 2629.6228   15.9967
    7.5000    7.5000   37.5000 2616.1353   16.3133
   -7.5000   15.0000   37.5000 2727.8445   15.4848
    0.0000   15.0000   37.5000 2711.2219   15.2565
    7.5000   15.0000   37.5000 2690.6609   15.5682
   -7.5000   22.5000   37.5000 2780.4719   15.0166
    0.0000   22.5000   37.5000 2763.3040   14.8110
    7.5000   22.5000   37.5000 2739.6206   15.1406
   -7.5000   30.0000   37.5000 2795.4036   15.1215
    0.0000   30.0000   37.5000 2776.6025   14.8551
    7.5000   30.0000   37.5000 2743.6470   15.1190
   -7.5000   37.5000   37.5000 2762.3206   15.5482
    0.0000   37.5000   37.5000 2746.2117   15.2913
    7.5000   37.5000   37.5000 2716.0017   15.4862
   -7.5000   45.0000   37.5000 2694.8152   16.2876
    0.0000   45.0000   37.5000 2680.6765   16.0322
    7.5000   45.0000   37.5000 2649.6006   16.2007
   -7.5000  -45.0000   45.0000 1734.8147   39.1047
    0.0000  -45.0000   45.0000 1726.3441   38.9719
    7.5000  -45.0000   45.0000 1723.2965   39.0746
   -7.5000  -37.5000   45.0000 1879.4744   33.2601
    0.0000  -37.5000   45.0000 1870.5018   32.9339
    7.5000  -37.5000   45.0000 1864.5209   33.1161
   -7.5000  -30.0000   45.0000 2024.9182   28.7431
    0.0000  -30.0000   45.0000 2020.3364   28.3500
    7.5000  -30.0000   45.0000 2003.3496   28.4479
   -7.5000  -22.5000   45.0000 2153.1055   25.0358
    0.0000  -22.5000   45.0000 2149.7312   24.6085
    7.5000  -22.5000   45.0000 2137.2983   24.8721
   -7.5000  -15.0000   45.0000 2263.1624   22.0897
    0.0000  -15.0000   45.0000 2264.3113   21.7184
    7.5000  -15.0000   45.0000 2250.5723   22.0411
   -7.5000   -7.5000   45.0000 2372.4185   19.9119
    0.0000   -7.5000   45.0000 2369.6372   19.5844
    7.5000   -7.5000   45.0000 2356.1331   19.9537
   -7.5000    0.0000   45.0000 2479.8003   18.3495
    0.0000    0.0000   45.0000 2471.8633   18.0018
    7.5000    0.0000   45.0000 2453.5193   18.4451
   -7.5000    7.5000   45.0000 2573.9075   17.1961
    0.0000    7.5000   45.0000 2565.5593   16.9256
    7.5000    7.5000   45.0000 2542.7505   17.3293
   -7.5000   15.0000   45.0000 2649.0659   16.3274
    0.0000   15.0000   45.0000 2638.6868   16.1295
    7.5000   15.0000   45.0000 2615.0022   16.5344
   -7.5000   22.5000   45.0000 2698.5393   15.9271
    0.0000   22.5000   45.0000 2686.5852   15.6937
    7.5000   22.5000   45.0000 2662.4397   16.0507
   -7.5000   30.0000   45.0000 2708.9570   16.0347
    0.0000   30.0000   45.0000 2693.4419   15.7819
    7.5000   30.0000   45.0000 2662.4221   16.0579
   -7.5000   37.5000   45.0000 2671.4719   16.4724
    0.0000   37.5000   45.0000 2660.1245   16.2385
    7.5000   37.5000   45.0000 2630.8945   16.4539
   -7.5000   45.0000   45.0000 2611.1165   17.2078
    0.0000   45.0000   45.0000 2601.6167   16.9559
    7.5000   45.0000   45.0000 2569.0564   17.1631

---------------------------------------------------------------------
imgreg_4dfp /opt/freesurfer/average/711-2C_as_mni_average_305 /opt/freesurfer/average/711-2B_as_mni_average_305_mask talsrcimg_g11 none talsrcimg_to_711-2C_as_mni_average_305_t4 1283
---------------------------------------------------------------------

freesurfer imgreg_4dfp.c
/opt/freesurfer/average/711-2C_as_mni_average_305.4dfp.img
       256       256       256         1
  1.000000  1.000000  1.000000
orientation T byte_order littleendian
Reading image: /opt/freesurfer/average/711-2C_as_mni_average_305.4dfp.img
dimensions:      256       256       256
mmppix:       1.0000   -1.0000   -1.0000
center:     128.0000 -129.0000 -129.0000
/opt/freesurfer/average/711-2B_as_mni_average_305_mask.4dfp.img
       256       256       256         1
  1.000000  1.000000  1.000000
orientation T byte_order littleendian
Reading mask: /opt/freesurfer/average/711-2B_as_mni_average_305_mask.4dfp.img (2306576 pixels)
talsrcimg_g11.4dfp.img
       256       256       256         1
  1.000000  1.000000  1.000000
orientation T byte_order littleendian
Reading image: talsrcimg_g11.4dfp.img
dimensions:      256       256       256
mmppix:       1.0000   -1.0000   -1.0000
center:     128.0000 -129.0000 -129.0000
rotation matrix determinant  1.000000
fimgreg.f
image alignment mode   1283 decimal      503 hex
parameters
   -7.5000   22.5000    7.5000    0.0000    0.0000    0.0000
eta,q 0.92255 13.55999
niter,ni,del,rscale     5    3   12.0000    1.2000
parameter  4 -3.224070 ->  0.500000 qaram    1.1500
parameters
   -5.9007   24.8159    9.5790   -3.4500   -0.0524   -0.0525
eta,q 0.92902 13.44143
  0.0957  0.0840  0.0894  0.0674  0.0778  0.0730
  0.0913  0.0803  0.0837  0.0704  0.0732  0.0722
  0.0845  0.0780  0.0809  0.0729  0.0708  0.0713
  0.0788  0.0770  0.0772  0.0749  0.0710  0.0710
  0.0766  0.0771  0.0749  0.0759  0.0723  0.0712
  0.0796  0.0765  0.0779  0.0775  0.0746  0.0720
  0.0863  0.0777  0.0795  0.0801  0.0767  0.0733
niter,ni,del,rscale     5    3   12.0000    1.2000
parameter  4  6.934134 ->  0.500000 qaram    1.3225
parameters
   -4.7154   23.2423   10.8136   -7.4175    1.6854    2.0930
eta,q 0.93551 13.45301
  0.0878  0.0738  0.0818  0.0630  0.0741  0.0699
  0.0817  0.0708  0.0780  0.0648  0.0705  0.0677
  0.0748  0.0693  0.0719  0.0672  0.0674  0.0659
  0.0710  0.0705  0.0692  0.0700  0.0653  0.0649
  0.0715  0.0735  0.0704  0.0738  0.0650  0.0645
  0.0748  0.0751  0.0721  0.0773  0.0661  0.0646
  0.0789  0.0773  0.0751  0.0787  0.0679  0.0658
niter,ni,del,rscale     5    3   12.0000    1.2000
parameter  4  1.371248 ->  0.500000 qaram    1.5209
parameters
   -4.2119   24.2013   11.6276  -11.9801    2.4478    3.0210
eta,q 0.94082 13.51109
  0.0787  0.0765  0.0791  0.0574  0.0665  0.0633
  0.0730  0.0708  0.0707  0.0590  0.0621  0.0608
  0.0674  0.0669  0.0657  0.0608  0.0599  0.0595
  0.0645  0.0645  0.0639  0.0633  0.0595  0.0593
  0.0658  0.0641  0.0639  0.0669  0.0590  0.0592
  0.0691  0.0668  0.0683  0.0712  0.0601  0.0596
  0.0755  0.0709  0.0715  0.0763  0.0635  0.0612
niter,ni,del,rscale     5    3   12.0000    1.2000
parameter  4  1.062507 ->  0.500000 qaram    1.7490
parameters
   -4.3386   25.3722   12.6557  -17.2272    2.7302    2.5120
eta,q 0.94517 13.64891
  0.0728  0.0741  0.0726  0.0547  0.0626  0.0589
  0.0669  0.0661  0.0671  0.0542  0.0580  0.0568
  0.0621  0.0611  0.0636  0.0574  0.0558  0.0552
  0.0592  0.0593  0.0594  0.0588  0.0549  0.0549
  0.0608  0.0601  0.0595  0.0615  0.0552  0.0559
  0.0665  0.0629  0.0628  0.0656  0.0575  0.0580
  0.0754  0.0645  0.0666  0.0707  0.0611  0.0604
niter,ni,del,rscale     5    3   12.0000    1.2000
parameters
   -4.8234   27.2048   11.5561  -21.6052    3.9465    3.3642
eta,q 0.95038 13.46975
  0.0668  0.0748  0.0612  0.0564  0.0596  0.0577
  0.0607  0.0657  0.0575  0.0527  0.0543  0.0536
  0.0566  0.0591  0.0537  0.0505  0.0521  0.0506
  0.0548  0.0550  0.0541  0.0533  0.0504  0.0495
  0.0576  0.0541  0.0579  0.0596  0.0493  0.0499
  0.0639  0.0559  0.0629  0.0633  0.0507  0.0514
  0.0712  0.0598  0.0673  0.0672  0.0543  0.0539
niter,ni,del,rscale     4    3   12.0000    1.2000
parameters
   -5.1906   28.2525   10.8314  -23.1973    3.2503    3.3973
eta,q 0.94997 13.45091
  0.0654  0.0700  0.0616  0.0579  0.0546  0.0558
  0.0563  0.0594  0.0550  0.0543  0.0514  0.0523
  0.0502  0.0518  0.0498  0.0519  0.0501  0.0503
  0.0496  0.0493  0.0497  0.0492  0.0501  0.0500
  0.0539  0.0506  0.0536  0.0518  0.0513  0.0508
  0.0602  0.0540  0.0610  0.0593  0.0537  0.0526
  0.0678  0.0581  0.0673  0.0657  0.0567  0.0553
niter,ni,del,rscale     3    3   12.0000    1.2000
parameters
   -4.5432   29.4718   10.1907  -25.0395    1.9114    3.5365
eta,q 0.95191 13.46983
  0.0696  0.0654  0.0619  0.0580  0.0538  0.0541
  0.0606  0.0577  0.0559  0.0522  0.0496  0.0510
  0.0532  0.0518  0.0501  0.0497  0.0481  0.0489
  0.0500  0.0496  0.0495  0.0490  0.0489  0.0481
  0.0504  0.0497  0.0537  0.0529  0.0518  0.0485
  0.0551  0.0520  0.0605  0.0593  0.0555  0.0506
  0.0632  0.0559  0.0674  0.0656  0.0584  0.0537
niter,ni,del,rscale     2    3   12.0000    1.2000
parameters
   -3.9727   30.4581    9.5487  -25.9295    1.6907    3.5490
eta,q 0.95345 13.42253
  0.0700  0.0634  0.0600  0.0614  0.0563  0.0538
  0.0610  0.0561  0.0538  0.0533  0.0510  0.0501
  0.0527  0.0510  0.0480  0.0491  0.0472  0.0477
  0.0481  0.0476  0.0468  0.0465  0.0467  0.0466
  0.0485  0.0469  0.0514  0.0511  0.0491  0.0472
  0.0545  0.0501  0.0588  0.0592  0.0530  0.0500
  0.0645  0.0563  0.0658  0.0650  0.0565  0.0539
niter,ni,del,rscale     1    3   12.0000    1.2000
parameters
   -3.9229   30.6796    9.2522  -26.3407    1.6756    3.6144
eta,q 0.95337 13.41890
  0.0666  0.0601  0.0609  0.0629  0.0570  0.0541
  0.0575  0.0540  0.0549  0.0545  0.0518  0.0503
  0.0497  0.0492  0.0489  0.0499  0.0476  0.0478
  0.0465  0.0466  0.0465  0.0464  0.0466  0.0466
  0.0493  0.0478  0.0498  0.0497  0.0489  0.0472
  0.0561  0.0528  0.0566  0.0581  0.0527  0.0500
  0.0667  0.0584  0.0642  0.0646  0.0561  0.0540
registration optimization eta report
parameter search radius
    6.0000    6.0000    6.0000   10.4940    6.0000    6.0000
100000*second partial in parameter space
       55.       34.       43.       15.       27.       21.
  0.0666  0.0601  0.0609  0.0629  0.0570  0.0541
  0.0575  0.0540  0.0549  0.0545  0.0518  0.0503
  0.0497  0.0492  0.0489  0.0499  0.0476  0.0478
  0.0465  0.0466  0.0465  0.0464  0.0466  0.0466
  0.0493  0.0478  0.0498  0.0497  0.0489  0.0472
  0.0561  0.0528  0.0566  0.0581  0.0527  0.0500
  0.0667  0.0584  0.0642  0.0646  0.0561  0.0540
   -3.9229   30.6796    9.2522  -26.3407    1.6756    3.6144
eta,q 0.95337 13.41890

---------------------------------------------------------------------
imgreg_4dfp /opt/freesurfer/average/711-2C_as_mni_average_305 /opt/freesurfer/average/711-2B_as_mni_average_305_mask talsrcimg_g11 none talsrcimg_to_711-2C_as_mni_average_305_t4 3335
---------------------------------------------------------------------

freesurfer imgreg_4dfp.c
/opt/freesurfer/average/711-2C_as_mni_average_305.4dfp.img
       256       256       256         1
  1.000000  1.000000  1.000000
orientation T byte_order littleendian
Reading image: /opt/freesurfer/average/711-2C_as_mni_average_305.4dfp.img
dimensions:      256       256       256
mmppix:       1.0000   -1.0000   -1.0000
center:     128.0000 -129.0000 -129.0000
/opt/freesurfer/average/711-2B_as_mni_average_305_mask.4dfp.img
       256       256       256         1
  1.000000  1.000000  1.000000
orientation T byte_order littleendian
Reading mask: /opt/freesurfer/average/711-2B_as_mni_average_305_mask.4dfp.img (2306576 pixels)
talsrcimg_g11.4dfp.img
       256       256       256         1
  1.000000  1.000000  1.000000
orientation T byte_order littleendian
Reading image: talsrcimg_g11.4dfp.img
dimensions:      256       256       256
mmppix:       1.0000   -1.0000   -1.0000
center:     128.0000 -129.0000 -129.0000
fimgreg.f
image alignment mode   3335 decimal      D07 hex
parameters
   -3.9229   30.6796    9.2522   -0.2416  -10.4793  -10.4212
   -4.3547   -5.4125    6.3014   44.1173    2.9241  -44.3518
eta,q 0.95305 13.49025
niter,ni,del,rscale     5    3    5.0000    1.2000
parameter  4  1.446516 ->  0.500000 qaram    1.1500
parameter  5 19.678240 ->  0.500000 qaram    1.1500
parameter  6  0.675485 ->  0.500000 qaram    1.1500
parameter 10  0.560819 ->  0.500000 qaram    1.1500
parameter 12 -0.727861 -> -0.500000 qaram    1.1500
parameters
   -3.9636   30.3049    9.0635   -4.3816  -14.6193  -14.5612
   -4.8143   -5.5722    4.0351   39.9773    0.2416  -40.2118
eta,q 0.97266 13.44426
  0.0506  0.0480  0.0493  0.0398  0.0299  0.0318  0.0335  0.0370  0.0316  0.0295  0.0295  0.0360
  0.0486  0.0473  0.0478  0.0408  0.0328  0.0306  0.0318  0.0334  0.0305  0.0290  0.0288  0.0329
  0.0474  0.0469  0.0470  0.0430  0.0367  0.0307  0.0307  0.0312  0.0301  0.0291  0.0286  0.0304
  0.0469  0.0470  0.0469  0.0469  0.0412  0.0337  0.0304  0.0304  0.0304  0.0301  0.0289  0.0286
  0.0474  0.0473  0.0474  0.0517  0.0455  0.0396  0.0311  0.0314  0.0314  0.0325  0.0297  0.0277
  0.0487  0.0480  0.0485  0.0570  0.0493  0.0471  0.0324  0.0339  0.0331  0.0361  0.0310  0.0273
  0.0509  0.0489  0.0500  0.0620  0.0530  0.0529  0.0344  0.0375  0.0351  0.0406  0.0325  0.0272
niter,ni,del,rscale     7    3    5.0000    1.2000
parameter  5  0.891851 ->  0.500000 qaram    1.3225
parameters
   -3.6728   31.1497    8.1195   -6.7523  -19.3803  -15.1762
   -4.9345   -4.7971    3.6967   38.8417   -1.2637  -41.7577
eta,q 0.97624 13.11007
  0.0324  0.0326  0.0273  0.0286  0.0241  0.0279  0.0267  0.0291  0.0262  0.0266  0.0244  0.0257
  0.0301  0.0302  0.0266  0.0277  0.0238  0.0261  0.0253  0.0264  0.0250  0.0251  0.0241  0.0240
  0.0283  0.0284  0.0264  0.0269  0.0245  0.0248  0.0244  0.0248  0.0242  0.0242  0.0240  0.0237
  0.0273  0.0272  0.0268  0.0264  0.0268  0.0239  0.0241  0.0241  0.0240  0.0240  0.0240  0.0240
  0.0274  0.0268  0.0276  0.0279  0.0304  0.0231  0.0244  0.0242  0.0244  0.0246  0.0241  0.0247
  0.0285  0.0271  0.0288  0.0314  0.0343  0.0252  0.0254  0.0252  0.0253  0.0261  0.0244  0.0257
  0.0306  0.0283  0.0305  0.0364  0.0379  0.0319  0.0270  0.0274  0.0267  0.0292  0.0251  0.0270
niter,ni,del,rscale     7    3    5.0000    1.2000
parameters
   -3.3660   31.6473    8.4279   -6.6095  -22.6003  -15.2331
   -4.7464   -4.6212    3.5168   39.2178   -1.2994  -43.8380
eta,q 0.97697 12.99000
  0.0279  0.0281  0.0255  0.0270  0.0254  0.0275  0.0260  0.0279  0.0253  0.0270  0.0242  0.0246
  0.0259  0.0260  0.0245  0.0255  0.0240  0.0256  0.0246  0.0252  0.0242  0.0250  0.0236  0.0231
  0.0244  0.0245  0.0239  0.0244  0.0233  0.0242  0.0237  0.0238  0.0236  0.0238  0.0234  0.0230
  0.0238  0.0237  0.0236  0.0235  0.0235  0.0233  0.0233  0.0233  0.0233  0.0233  0.0233  0.0233
  0.0238  0.0236  0.0236  0.0231  0.0254  0.0228  0.0235  0.0238  0.0236  0.0236  0.0234  0.0240
  0.0247  0.0243  0.0240  0.0245  0.0292  0.0238  0.0243  0.0251  0.0244  0.0246  0.0236  0.0250
  0.0263  0.0256  0.0248  0.0277  0.0337  0.0294  0.0258  0.0273  0.0256  0.0264  0.0242  0.0263
niter,ni,del,rscale     6    3    5.0000    1.2000
parameters
   -3.3383   32.0275    8.2564   -6.3252  -23.7816  -15.8470
   -4.5733   -4.6500    3.4710   39.5829   -1.3488  -44.3256
eta,q 0.97690 12.93684
  0.0265  0.0267  0.0244  0.0266  0.0267  0.0272  0.0259  0.0276  0.0252  0.0268  0.0242  0.0256
  0.0246  0.0249  0.0235  0.0251  0.0248  0.0253  0.0245  0.0250  0.0241  0.0248  0.0236  0.0236
  0.0234  0.0236  0.0231  0.0240  0.0235  0.0239  0.0236  0.0235  0.0234  0.0236  0.0233  0.0230
  0.0230  0.0230  0.0230  0.0229  0.0229  0.0230  0.0232  0.0232  0.0232  0.0232  0.0232  0.0232
  0.0234  0.0231  0.0232  0.0225  0.0234  0.0226  0.0234  0.0237  0.0234  0.0235  0.0233  0.0237
  0.0245  0.0237  0.0239  0.0239  0.0260  0.0246  0.0242  0.0252  0.0241  0.0245  0.0236  0.0246
  0.0264  0.0249  0.0249  0.0270  0.0303  0.0310  0.0258  0.0275  0.0253  0.0261  0.0242  0.0257
niter,ni,del,rscale     5    3    5.0000    1.2000
parameters
   -3.3661   32.1326    8.1685   -6.1648  -24.0528  -16.0302
   -4.5439   -4.6625    3.4564   39.7196   -1.3364  -44.4934
eta,q 0.97687 12.93149
  0.0264  0.0260  0.0246  0.0265  0.0275  0.0276  0.0258  0.0277  0.0252  0.0266  0.0242  0.0260
  0.0246  0.0244  0.0237  0.0251  0.0255  0.0256  0.0245  0.0250  0.0241  0.0246  0.0236  0.0238
  0.0235  0.0235  0.0233  0.0241  0.0239  0.0241  0.0235  0.0235  0.0234  0.0235  0.0233  0.0230
  0.0231  0.0231  0.0231  0.0231  0.0230  0.0231  0.0232  0.0231  0.0231  0.0231  0.0232  0.0232
  0.0235  0.0233  0.0233  0.0227  0.0231  0.0226  0.0234  0.0237  0.0234  0.0235  0.0233  0.0237
  0.0246  0.0241  0.0239  0.0241  0.0251  0.0240  0.0243  0.0252  0.0241  0.0246  0.0236  0.0245
  0.0266  0.0255  0.0248  0.0272  0.0290  0.0300  0.0259  0.0275  0.0252  0.0263  0.0242  0.0256
niter,ni,del,rscale     4    3    5.0000    1.2000
parameters
   -3.3801   32.1528    8.1359   -6.1273  -24.1148  -16.0823
   -4.5265   -4.6692    3.4526   39.7636   -1.3305  -44.5380
eta,q 0.97685 12.93070
  0.0265  0.0258  0.0246  0.0265  0.0277  0.0277  0.0258  0.0277  0.0252  0.0265  0.0242  0.0261
  0.0247  0.0243  0.0238  0.0252  0.0256  0.0257  0.0244  0.0250  0.0241  0.0245  0.0236  0.0239
  0.0235  0.0234  0.0233  0.0241  0.0241  0.0242  0.0235  0.0235  0.0234  0.0234  0.0233  0.0230
  0.0231  0.0231  0.0231  0.0231  0.0231  0.0231  0.0231  0.0231  0.0232  0.0232  0.0232  0.0232
  0.0235  0.0234  0.0233  0.0228  0.0231  0.0226  0.0234  0.0237  0.0234  0.0236  0.0233  0.0237
  0.0247  0.0243  0.0238  0.0243  0.0249  0.0238  0.0243  0.0252  0.0241  0.0246  0.0236  0.0245
  0.0266  0.0257  0.0248  0.0274  0.0287  0.0297  0.0259  0.0275  0.0252  0.0263  0.0242  0.0256
niter,ni,del,rscale     3    3    5.0000    1.2000
parameters
   -3.3847   32.1569    8.1246   -6.1165  -24.1313  -16.0965
   -4.5216   -4.6750    3.4488   39.7759   -1.3268  -44.5499
eta,q 0.97685 12.93063
  0.0265  0.0257  0.0247  0.0265  0.0277  0.0277  0.0258  0.0277  0.0252  0.0265  0.0242  0.0262
  0.0247  0.0243  0.0238  0.0252  0.0257  0.0257  0.0244  0.0250  0.0241  0.0245  0.0236  0.0239
  0.0236  0.0234  0.0233  0.0241  0.0241  0.0242  0.0235  0.0235  0.0234  0.0234  0.0233  0.0230
  0.0231  0.0231  0.0231  0.0231  0.0231  0.0231  0.0231  0.0232  0.0231  0.0231  0.0231  0.0231
  0.0235  0.0234  0.0233  0.0228  0.0231  0.0226  0.0234  0.0237  0.0234  0.0236  0.0233  0.0237
  0.0247  0.0243  0.0238  0.0243  0.0249  0.0238  0.0243  0.0252  0.0241  0.0246  0.0236  0.0245
  0.0266  0.0257  0.0247  0.0275  0.0286  0.0296  0.0259  0.0275  0.0252  0.0263  0.0242  0.0256
registration optimization eta report
parameter search radius
    2.4000    2.4000    2.4000    8.2800    9.5220    8.2800
    7.2000    7.2000    7.2000    8.2800    7.2000    8.2800
100000*second partial in parameter space
       59.       45.       27.        6.        6.        8.
        5.        9.        4.        5.        2.        4.
  0.0265  0.0257  0.0247  0.0265  0.0277  0.0277  0.0258  0.0277  0.0252  0.0265  0.0242  0.0262
  0.0247  0.0243  0.0238  0.0252  0.0257  0.0257  0.0244  0.0250  0.0241  0.0245  0.0236  0.0239
  0.0236  0.0234  0.0233  0.0241  0.0241  0.0242  0.0235  0.0235  0.0234  0.0234  0.0233  0.0230
  0.0231  0.0231  0.0231  0.0231  0.0231  0.0231  0.0231  0.0232  0.0231  0.0231  0.0231  0.0231
  0.0235  0.0234  0.0233  0.0228  0.0231  0.0226  0.0234  0.0237  0.0234  0.0236  0.0233  0.0237
  0.0247  0.0243  0.0238  0.0243  0.0249  0.0238  0.0243  0.0252  0.0241  0.0246  0.0236  0.0245
  0.0266  0.0257  0.0247  0.0275  0.0286  0.0296  0.0259  0.0275  0.0252  0.0263  0.0242  0.0256
   -3.3847   32.1569    8.1246   -6.1165  -24.1313  -16.0965
   -4.5216   -4.6750    3.4488   39.7759   -1.3268  -44.5499
eta,q 0.97685 12.93063

---------------------------------------------------------------------
imgreg_4dfp /opt/freesurfer/average/711-2C_as_mni_average_305 /opt/freesurfer/average/711-2B_as_mni_average_305_mask talsrcimg_g11 none talsrcimg_to_711-2C_as_mni_average_305_t4 2311
---------------------------------------------------------------------

freesurfer imgreg_4dfp.c
/opt/freesurfer/average/711-2C_as_mni_average_305.4dfp.img
       256       256       256         1
  1.000000  1.000000  1.000000
orientation T byte_order littleendian
Reading image: /opt/freesurfer/average/711-2C_as_mni_average_305.4dfp.img
dimensions:      256       256       256
mmppix:       1.0000   -1.0000   -1.0000
center:     128.0000 -129.0000 -129.0000
/opt/freesurfer/average/711-2B_as_mni_average_305_mask.4dfp.img
       256       256       256         1
  1.000000  1.000000  1.000000
orientation T byte_order littleendian
Reading mask: /opt/freesurfer/average/711-2B_as_mni_average_305_mask.4dfp.img (2306576 pixels)
talsrcimg_g11.4dfp.img
       256       256       256         1
  1.000000  1.000000  1.000000
orientation T byte_order littleendian
Reading image: talsrcimg_g11.4dfp.img
dimensions:      256       256       256
mmppix:       1.0000   -1.0000   -1.0000
center:     128.0000 -129.0000 -129.0000
fimgreg.f
image alignment mode   2311 decimal      907 hex
parameters
   -3.3847   32.1569    8.1246   -6.1165  -24.1313  -16.0965
   -4.5216   -4.6750    3.4488   39.7759   -1.3268  -44.5499
eta,q 0.97685 12.93063
niter,ni,del,rscale     5    3    5.0000    0.8000
parameters
   -3.3676   32.1443    8.1464   -4.6293  -23.0817  -14.4417
   -4.7742   -4.5150    3.2765   40.7302   -1.1013  -43.9978
eta,q 0.97770 13.13024
  0.0247  0.0243  0.0238  0.0249  0.0244  0.0249  0.0238  0.0254  0.0234  0.0241  0.0233  0.0241
  0.0239  0.0237  0.0235  0.0243  0.0237  0.0240  0.0230  0.0237  0.0228  0.0232  0.0228  0.0229
  0.0233  0.0233  0.0232  0.0237  0.0232  0.0232  0.0224  0.0227  0.0224  0.0226  0.0224  0.0224
  0.0231  0.0232  0.0232  0.0232  0.0228  0.0226  0.0223  0.0223  0.0223  0.0223  0.0223  0.0223
  0.0233  0.0233  0.0232  0.0228  0.0226  0.0223  0.0226  0.0226  0.0225  0.0223  0.0224  0.0224
  0.0238  0.0237  0.0234  0.0229  0.0228  0.0223  0.0232  0.0235  0.0229  0.0226  0.0227  0.0227
  0.0247  0.0243  0.0238  0.0238  0.0236  0.0232  0.0242  0.0249  0.0235  0.0230  0.0232  0.0232
niter,ni,del,rscale     4    3    5.0000    0.7000
parameters
   -3.4215   31.9391    7.9394   -4.7758  -22.7298  -14.4183
   -4.5000   -4.6206    3.3410   40.8009   -0.8857  -44.0341
eta,q 0.97778 13.15380
  0.0237  0.0230  0.0228  0.0237  0.0234  0.0238  0.0237  0.0243  0.0231  0.0231  0.0230  0.0233
  0.0229  0.0225  0.0224  0.0231  0.0229  0.0232  0.0229  0.0231  0.0226  0.0226  0.0226  0.0225
  0.0224  0.0223  0.0223  0.0226  0.0225  0.0227  0.0224  0.0224  0.0223  0.0223  0.0223  0.0222
  0.0223  0.0223  0.0223  0.0223  0.0223  0.0222  0.0222  0.0222  0.0222  0.0222  0.0222  0.0222
  0.0225  0.0225  0.0224  0.0223  0.0222  0.0220  0.0223  0.0225  0.0223  0.0223  0.0223  0.0224
  0.0231  0.0229  0.0228  0.0230  0.0225  0.0225  0.0227  0.0233  0.0226  0.0226  0.0225  0.0227
  0.0240  0.0236  0.0232  0.0242  0.0233  0.0243  0.0233  0.0245  0.0231  0.0231  0.0229  0.0231
niter,ni,del,rscale     3    3    5.0000    0.6000
parameters
   -3.4327   31.8791    7.9123   -4.6712  -22.6038  -14.1256
   -4.5097   -4.6758    3.3580   40.9929   -0.8228  -43.9412
eta,q 0.97788 13.17859
  0.0233  0.0229  0.0228  0.0235  0.0230  0.0235  0.0231  0.0238  0.0228  0.0229  0.0227  0.0230
  0.0227  0.0225  0.0224  0.0230  0.0227  0.0230  0.0226  0.0229  0.0224  0.0225  0.0224  0.0224
  0.0223  0.0223  0.0223  0.0225  0.0224  0.0226  0.0222  0.0223  0.0222  0.0222  0.0222  0.0222
  0.0222  0.0222  0.0222  0.0222  0.0222  0.0222  0.0221  0.0221  0.0221  0.0221  0.0221  0.0221
  0.0224  0.0223  0.0223  0.0222  0.0222  0.0220  0.0222  0.0224  0.0222  0.0222  0.0222  0.0222
  0.0227  0.0226  0.0225  0.0227  0.0225  0.0223  0.0226  0.0230  0.0224  0.0224  0.0224  0.0225
  0.0234  0.0231  0.0228  0.0235  0.0231  0.0235  0.0231  0.0239  0.0228  0.0227  0.0227  0.0228
niter,ni,del,rscale     2    3    5.0000    0.5000
parameters
   -3.4354   31.8307    7.8641   -4.5715  -22.4353  -13.8823
   -4.5356   -4.7094    3.3517   41.1558   -0.7996  -43.8290
eta,q 0.97795 13.20072
  0.0229  0.0226  0.0225  0.0231  0.0227  0.0231  0.0227  0.0233  0.0225  0.0226  0.0225  0.0227
  0.0225  0.0223  0.0223  0.0227  0.0225  0.0227  0.0223  0.0226  0.0223  0.0223  0.0223  0.0223
  0.0222  0.0222  0.0222  0.0223  0.0222  0.0224  0.0221  0.0222  0.0221  0.0221  0.0221  0.0221
  0.0221  0.0221  0.0221  0.0221  0.0221  0.0221  0.0220  0.0220  0.0220  0.0220  0.0220  0.0220
  0.0222  0.0222  0.0222  0.0221  0.0221  0.0220  0.0221  0.0222  0.0221  0.0221  0.0221  0.0221
  0.0225  0.0224  0.0223  0.0225  0.0223  0.0222  0.0224  0.0227  0.0223  0.0222  0.0222  0.0223
  0.0230  0.0227  0.0226  0.0231  0.0227  0.0231  0.0228  0.0234  0.0225  0.0225  0.0225  0.0225
niter,ni,del,rscale     1    3    5.0000    0.4000
parameters
   -3.4383   31.7817    7.8337   -4.5028  -22.2786  -13.6215
   -4.5549   -4.7277    3.3651   41.2322   -0.7752  -43.6942
eta,q 0.97800 13.21646
  0.0226  0.0224  0.0223  0.0227  0.0225  0.0228  0.0224  0.0229  0.0223  0.0224  0.0223  0.0224
  0.0223  0.0222  0.0222  0.0224  0.0223  0.0225  0.0222  0.0224  0.0221  0.0222  0.0221  0.0222
  0.0221  0.0221  0.0221  0.0222  0.0221  0.0223  0.0220  0.0221  0.0220  0.0220  0.0220  0.0220
  0.0221  0.0221  0.0221  0.0221  0.0220  0.0220  0.0220  0.0220  0.0220  0.0220  0.0220  0.0220
  0.0221  0.0221  0.0221  0.0221  0.0220  0.0220  0.0220  0.0221  0.0220  0.0220  0.0220  0.0220
  0.0223  0.0222  0.0222  0.0223  0.0222  0.0221  0.0222  0.0224  0.0221  0.0221  0.0221  0.0221
  0.0226  0.0224  0.0224  0.0227  0.0224  0.0227  0.0225  0.0229  0.0223  0.0223  0.0223  0.0223
registration optimization eta report
parameter search radius
    0.8000    0.8000    0.8000    2.4000    2.4000    2.4000
    2.4000    2.4000    2.4000    2.4000    2.4000    2.4000
100000*second partial in parameter space
       85.       55.       45.       12.        7.       13.
        8.       15.        5.        6.        5.        6.
  0.0226  0.0224  0.0223  0.0227  0.0225  0.0228  0.0224  0.0229  0.0223  0.0224  0.0223  0.0224
  0.0223  0.0222  0.0222  0.0224  0.0223  0.0225  0.0222  0.0224  0.0221  0.0222  0.0221  0.0222
  0.0221  0.0221  0.0221  0.0222  0.0221  0.0223  0.0220  0.0221  0.0220  0.0220  0.0220  0.0220
  0.0221  0.0221  0.0221  0.0221  0.0220  0.0220  0.0220  0.0220  0.0220  0.0220  0.0220  0.0220
  0.0221  0.0221  0.0221  0.0221  0.0220  0.0220  0.0220  0.0221  0.0220  0.0220  0.0220  0.0220
  0.0223  0.0222  0.0222  0.0223  0.0222  0.0221  0.0222  0.0224  0.0221  0.0221  0.0221  0.0221
  0.0226  0.0224  0.0224  0.0227  0.0224  0.0227  0.0225  0.0229  0.0223  0.0223  0.0223  0.0223
   -3.4383   31.7817    7.8337   -4.5028  -22.2786  -13.6215
   -4.5549   -4.7277    3.3651   41.2322   -0.7752  -43.6942
eta,q 0.97800 13.21646

---------------------------------------------------------------------
imgreg_4dfp /opt/freesurfer/average/711-2C_as_mni_average_305 /opt/freesurfer/average/711-2B_as_mni_average_305_mask talsrcimg_g11 none talsrcimg_to_711-2C_as_mni_average_305_t4 2311
---------------------------------------------------------------------

freesurfer imgreg_4dfp.c
/opt/freesurfer/average/711-2C_as_mni_average_305.4dfp.img
       256       256       256         1
  1.000000  1.000000  1.000000
orientation T byte_order littleendian
Reading image: /opt/freesurfer/average/711-2C_as_mni_average_305.4dfp.img
dimensions:      256       256       256
mmppix:       1.0000   -1.0000   -1.0000
center:     128.0000 -129.0000 -129.0000
/opt/freesurfer/average/711-2B_as_mni_average_305_mask.4dfp.img
       256       256       256         1
  1.000000  1.000000  1.000000
orientation T byte_order littleendian
Reading mask: /opt/freesurfer/average/711-2B_as_mni_average_305_mask.4dfp.img (2306576 pixels)
talsrcimg_g11.4dfp.img
       256       256       256         1
  1.000000  1.000000  1.000000
orientation T byte_order littleendian
Reading image: talsrcimg_g11.4dfp.img
dimensions:      256       256       256
mmppix:       1.0000   -1.0000   -1.0000
center:     128.0000 -129.0000 -129.0000
fimgreg.f
image alignment mode   2311 decimal      907 hex
parameters
   -3.4383   31.7817    7.8337   -4.5028  -22.2786  -13.6215
   -4.5549   -4.7277    3.3651   41.2322   -0.7752  -43.6942
eta,q 0.97800 13.21646
niter,ni,del,rscale     5    3    5.0000    0.8000
parameters
   -3.4487   31.7276    7.9028   -5.0877  -22.6725  -14.3677
   -4.4418   -4.7197    3.4726   40.5896   -0.7924  -43.9475
eta,q 0.97773 13.14344
  0.0241  0.0233  0.0234  0.0237  0.0233  0.0239  0.0239  0.0251  0.0235  0.0232  0.0232  0.0235
  0.0230  0.0226  0.0226  0.0230  0.0227  0.0232  0.0231  0.0235  0.0229  0.0226  0.0227  0.0226
  0.0222  0.0221  0.0221  0.0223  0.0223  0.0226  0.0225  0.0226  0.0225  0.0223  0.0224  0.0223
  0.0220  0.0220  0.0220  0.0220  0.0221  0.0221  0.0223  0.0223  0.0223  0.0223  0.0223  0.0223
  0.0222  0.0222  0.0221  0.0223  0.0222  0.0222  0.0225  0.0227  0.0224  0.0225  0.0224  0.0226
  0.0230  0.0227  0.0225  0.0234  0.0228  0.0238  0.0230  0.0236  0.0228  0.0230  0.0227  0.0230
  0.0242  0.0235  0.0231  0.0252  0.0241  0.0270  0.0238  0.0250  0.0234  0.0238  0.0232  0.0235
niter,ni,del,rscale     4    3    5.0000    0.7000
parameters
   -3.4183   31.8635    7.9524   -4.8853  -22.7223  -14.3502
   -4.5369   -4.6989    3.4092   40.7408   -0.8336  -44.0519
eta,q 0.97779 13.15193
  0.0238  0.0235  0.0231  0.0238  0.0233  0.0237  0.0234  0.0244  0.0231  0.0232  0.0229  0.0232
  0.0230  0.0229  0.0226  0.0232  0.0228  0.0232  0.0227  0.0232  0.0226  0.0226  0.0225  0.0225
  0.0225  0.0225  0.0223  0.0227  0.0224  0.0226  0.0223  0.0225  0.0223  0.0223  0.0223  0.0222
  0.0223  0.0223  0.0223  0.0223  0.0222  0.0222  0.0222  0.0222  0.0222  0.0222  0.0222  0.0222
  0.0224  0.0223  0.0223  0.0222  0.0223  0.0220  0.0224  0.0225  0.0223  0.0223  0.0223  0.0224
  0.0229  0.0226  0.0226  0.0227  0.0227  0.0225  0.0228  0.0232  0.0226  0.0226  0.0226  0.0227
  0.0237  0.0231  0.0229  0.0238  0.0235  0.0243  0.0235  0.0243  0.0231  0.0230  0.0229  0.0231
niter,ni,del,rscale     3    3    5.0000    0.6000
parameters
   -3.4241   31.8720    7.9190   -4.7107  -22.6229  -14.1346
   -4.5500   -4.6969    3.3668   40.9703   -0.8289  -43.9721
eta,q 0.97787 13.17575
  0.0233  0.0230  0.0228  0.0235  0.0230  0.0234  0.0231  0.0239  0.0228  0.0229  0.0227  0.0230
  0.0227  0.0226  0.0224  0.0230  0.0227  0.0230  0.0226  0.0229  0.0224  0.0225  0.0224  0.0224
  0.0223  0.0223  0.0223  0.0225  0.0224  0.0225  0.0222  0.0223  0.0222  0.0222  0.0222  0.0221
  0.0222  0.0222  0.0222  0.0222  0.0222  0.0222  0.0221  0.0221  0.0221  0.0221  0.0221  0.0221
  0.0223  0.0223  0.0223  0.0222  0.0222  0.0220  0.0222  0.0223  0.0222  0.0222  0.0222  0.0222
  0.0227  0.0225  0.0225  0.0226  0.0225  0.0223  0.0226  0.0229  0.0224  0.0224  0.0224  0.0225
  0.0234  0.0230  0.0228  0.0235  0.0231  0.0235  0.0231  0.0238  0.0228  0.0227  0.0227  0.0228
niter,ni,del,rscale     2    3    5.0000    0.5000
parameters
   -3.4302   31.8349    7.8653   -4.5784  -22.4514  -13.8924
   -4.5547   -4.7119    3.3499   41.1582   -0.8116  -43.8445
eta,q 0.97795 13.19976
  0.0229  0.0226  0.0225  0.0231  0.0228  0.0231  0.0228  0.0233  0.0225  0.0226  0.0225  0.0227
  0.0225  0.0223  0.0223  0.0227  0.0225  0.0227  0.0224  0.0226  0.0223  0.0223  0.0223  0.0223
  0.0222  0.0222  0.0222  0.0223  0.0222  0.0224  0.0221  0.0222  0.0221  0.0221  0.0221  0.0221
  0.0221  0.0221  0.0221  0.0221  0.0221  0.0221  0.0221  0.0221  0.0221  0.0221  0.0221  0.0220
  0.0222  0.0222  0.0222  0.0221  0.0221  0.0220  0.0221  0.0222  0.0221  0.0221  0.0221  0.0221
  0.0225  0.0224  0.0224  0.0224  0.0223  0.0222  0.0224  0.0227  0.0223  0.0222  0.0223  0.0223
  0.0230  0.0227  0.0226  0.0231  0.0227  0.0231  0.0228  0.0233  0.0225  0.0225  0.0225  0.0225
niter,ni,del,rscale     1    3    5.0000    0.4000
parameters
   -3.4356   31.7866    7.8351   -4.5020  -22.2850  -13.6252
   -4.5627   -4.7267    3.3571   41.2408   -0.7760  -43.7000
eta,q 0.97801 13.21648
  0.0226  0.0224  0.0223  0.0227  0.0225  0.0228  0.0224  0.0229  0.0223  0.0224  0.0223  0.0224
  0.0223  0.0222  0.0222  0.0224  0.0223  0.0225  0.0222  0.0224  0.0221  0.0222  0.0221  0.0222
  0.0221  0.0221  0.0221  0.0222  0.0221  0.0223  0.0220  0.0221  0.0220  0.0220  0.0220  0.0220
  0.0221  0.0221  0.0221  0.0221  0.0221  0.0220  0.0220  0.0220  0.0220  0.0220  0.0220  0.0220
  0.0221  0.0221  0.0221  0.0221  0.0220  0.0220  0.0220  0.0221  0.0220  0.0220  0.0220  0.0220
  0.0223  0.0222  0.0222  0.0223  0.0222  0.0221  0.0222  0.0224  0.0221  0.0221  0.0221  0.0221
  0.0226  0.0225  0.0224  0.0227  0.0224  0.0227  0.0224  0.0229  0.0223  0.0223  0.0223  0.0223
registration optimization eta report
parameter search radius
    0.8000    0.8000    0.8000    2.4000    2.4000    2.4000
    2.4000    2.4000    2.4000    2.4000    2.4000    2.4000
100000*second partial in parameter space
       85.       55.       45.       12.        7.       13.
        8.       15.        5.        6.        5.        7.
  0.0226  0.0224  0.0223  0.0227  0.0225  0.0228  0.0224  0.0229  0.0223  0.0224  0.0223  0.0224
  0.0223  0.0222  0.0222  0.0224  0.0223  0.0225  0.0222  0.0224  0.0221  0.0222  0.0221  0.0222
  0.0221  0.0221  0.0221  0.0222  0.0221  0.0223  0.0220  0.0221  0.0220  0.0220  0.0220  0.0220
  0.0221  0.0221  0.0221  0.0221  0.0221  0.0220  0.0220  0.0220  0.0220  0.0220  0.0220  0.0220
  0.0221  0.0221  0.0221  0.0221  0.0220  0.0220  0.0220  0.0221  0.0220  0.0220  0.0220  0.0220
  0.0223  0.0222  0.0222  0.0223  0.0222  0.0221  0.0222  0.0224  0.0221  0.0221  0.0221  0.0221
  0.0226  0.0225  0.0224  0.0227  0.0224  0.0227  0.0224  0.0229  0.0223  0.0223  0.0223  0.0223
   -3.4356   31.7866    7.8351   -4.5020  -22.2850  -13.6252
   -4.5627   -4.7267    3.3571   41.2408   -0.7760  -43.7000
eta,q 0.97801 13.21648

---------------------------------------------------------------------
compute_vox2vox talsrcimg talsrcimg_to_711-2C_as_mni_average_305_t4 /opt/freesurfer/average/711-2C_as_mni_average_305
---------------------------------------------------------------------

freesurfer compute_vox2vox.c
Reading: talsrcimg.4dfp.ifh
Reading: talsrcimg_to_711-2C_as_mni_average_305_t4
Reading: /opt/freesurfer/average/711-2C_as_mni_average_305.4dfp.ifh
Writing: talsrcimg_to_711-2C_as_mni_average_305_t4_vox2vox.txt

start time Sun Mar 8 20:33:40 CET 2026
end		time Sun Mar 8 20:35:23 CET 2026

mpr2mni305 success

avi2talxfm orig_nu.mgz /opt/freesurfer/average/mni305.cor.mgz talsrcimg_to_711-2C_as_mni_average_305_t4_vox2vox.txt transforms/talairach.auto.xfm
avi2talxfm done
mv -f /out/sourcedata/freesurfer/sub-v1s15x0050191_ses-1/mri/talsrcimg_to_711-2C_as_mni_average_305_t4_vox2vox.txt /out/sourcedata/freesurfer/sub-v1s15x0050191_ses-1/mri/transforms/talsrcimg_to_711-2C_as_mni_average_305_t4_vox2vox.txt
lta_convert --src orig_nu.mgz --trg /opt/freesurfer/average/mni305.cor.mgz --inxfm transforms/talairach.auto.xfm --outlta transforms/talairach.auto.xfm.lta --subject fsaverage
7.3.2

--src: orig_nu.mgz src image (geometry).
--trg: /opt/freesurfer/average/mni305.cor.mgz trg image (geometry).
--inmni: transforms/talairach.auto.xfm input MNI/XFM transform.
--outlta: transforms/talairach.auto.xfm.lta output LTA.
--s: fsaverage subject name
 LTA read, type : 1
 1.04473   0.02198   0.07370   0.36527;
-0.01060   0.91248   0.51247  -18.87174;
-0.03950  -0.48517   1.01162   2.90752;
 0.00000   0.00000   0.00000   1.00000;
setting subject to fsaverage
Writing  LTA to file transforms/talairach.auto.xfm.lta...
lta_convert successful.
 
 
Started at Sun Mar 8 20:33:40 CET 2026
Ended   at Sun Mar  8 20:35:23 CET 2026
talairach_avi done
