status file for recon-all
Sun Mar  8 23:34:32 CET 2026
#@# Tessellate rh Sun Mar  8 23:34:32 CET 2026
#@# Smooth1 rh Sun Mar  8 23:34:36 CET 2026
#@# Inflation1 rh Sun Mar  8 23:34:39 CET 2026
#@# QSphere rh Sun Mar  8 23:34:52 CET 2026
#@# Fix Topology rh Sun Mar  8 23:36:10 CET 2026
#@# Smooth2 rh Sun Mar  8 23:50:19 CET 2026
#@# Inflation2 rh Sun Mar  8 23:50:23 CET 2026
#@# Curv .H and .K rh Sun Mar  8 23:50:36 CET 2026
#@# Sphere rh Sun Mar  8 23:51:22 CET 2026
#@# Surf Reg rh Sun Mar  8 23:57:55 CET 2026
#@# Jacobian white rh Mon Mar  9 00:04:44 CET 2026
#@# AvgCurv rh Mon Mar  9 00:04:45 CET 2026
#@# Cortical Parc rh Mon Mar  9 00:04:46 CET 2026
#@# white curv rh Mon Mar  9 00:16:50 CET 2026
#@# white area rh Mon Mar  9 00:16:51 CET 2026
#@# pial curv rh Mon Mar  9 00:16:52 CET 2026
#@# pial area rh Mon Mar  9 00:16:53 CET 2026
#@# thickness rh Mon Mar  9 00:16:54 CET 2026
#@# area and vertex vol rh Mon Mar  9 00:17:23 CET 2026
#@# Curvature Stats rh Mon Mar  9 00:17:25 CET 2026
#@# Cortical Parc 2 rh Mon Mar  9 00:17:27 CET 2026
#@# Cortical Parc 3 rh Mon Mar  9 00:17:41 CET 2026
#@# WM/GM Contrast rh Mon Mar  9 00:17:50 CET 2026
recon-all -s sub-v1s15x0050212_ses-1 finished without error at Mon Mar  9 00:17:53 CET 2026



#New# invocation of recon-all 



status file for recon-all
Mon Mar  9 00:26:55 CET 2026
#@# white curv rh Mon Mar  9 00:26:55 CET 2026
#@# white area rh Mon Mar  9 00:26:55 CET 2026
#@# pial curv rh Mon Mar  9 00:26:55 CET 2026
#@# pial area rh Mon Mar  9 00:26:55 CET 2026
#@# thickness rh Mon Mar  9 00:26:55 CET 2026
#@# area and vertex vol rh Mon Mar  9 00:26:55 CET 2026
#@# Parcellation Stats rh Mon Mar  9 00:26:55 CET 2026
#@# Parcellation Stats 2 rh Mon Mar  9 00:27:13 CET 2026
#@# Parcellation Stats 3 rh Mon Mar  9 00:27:23 CET 2026
#@# BA_exvivo Labels rh Mon Mar  9 00:27:32 CET 2026
recon-all -s sub-v1s15x0050212_ses-1 finished without error at Mon Mar  9 00:30:03 CET 2026
