status file for recon-all
Sun Mar  8 21:23:58 CET 2026
#@# MotionCor Sun Mar  8 21:24:00 CET 2026
#@# Talairach Sun Mar  8 21:24:08 CET 2026
#@# Talairach Failure Detection Sun Mar  8 21:28:46 CET 2026
#@# Nu Intensity Correction Sun Mar  8 21:28:46 CET 2026
#@# Intensity Normalization Sun Mar  8 21:32:03 CET 2026
recon-all -s sub-v1s15x0050212_ses-1 finished without error at Sun Mar  8 21:33:37 CET 2026



#New# invocation of recon-all 



status file for recon-all
Sun Mar  8 21:40:49 CET 2026
#@# EM Registration Sun Mar  8 21:40:49 CET 2026
recon-all -s sub-v1s15x0050212_ses-1 finished without error at Sun Mar  8 21:42:55 CET 2026



#New# invocation of recon-all 



status file for recon-all
Sun Mar  8 21:42:58 CET 2026
#@# CA Normalize Sun Mar  8 21:42:58 CET 2026
#@# CA Reg Sun Mar  8 21:44:24 CET 2026
#@# SubCort Seg Sun Mar  8 22:34:49 CET 2026
#@# CC Seg Sun Mar  8 23:05:28 CET 2026
#@# Merge ASeg Sun Mar  8 23:06:21 CET 2026
#@# Intensity Normalization2 Sun Mar  8 23:06:21 CET 2026
#@# Mask BFS Sun Mar  8 23:08:41 CET 2026
#@# WM Segmentation Sun Mar  8 23:08:42 CET 2026
#@# Fill Sun Mar  8 23:10:36 CET 2026
recon-all -s sub-v1s15x0050212_ses-1 finished without error at Sun Mar  8 23:11:41 CET 2026



#New# invocation of recon-all 



status file for recon-all
Mon Mar  9 00:17:57 CET 2026
#@# white curv lh Mon Mar  9 00:17:57 CET 2026
#@# white area lh Mon Mar  9 00:17:57 CET 2026
#@# pial curv lh Mon Mar  9 00:17:57 CET 2026
#@# pial area lh Mon Mar  9 00:17:57 CET 2026
#@# thickness lh Mon Mar  9 00:17:57 CET 2026
#@# area and vertex vol lh Mon Mar  9 00:17:57 CET 2026
#@# white curv rh Mon Mar  9 00:17:57 CET 2026
#@# white area rh Mon Mar  9 00:17:57 CET 2026
#@# pial curv rh Mon Mar  9 00:17:57 CET 2026
#@# pial area rh Mon Mar  9 00:17:57 CET 2026
#@# thickness rh Mon Mar  9 00:17:57 CET 2026
#@# area and vertex vol rh Mon Mar  9 00:17:57 CET 2026
#@# Cortical ribbon mask Mon Mar  9 00:17:57 CET 2026
recon-all -s sub-v1s15x0050212_ses-1 finished without error at Mon Mar  9 00:23:41 CET 2026



#New# invocation of recon-all 



status file for recon-all
Mon Mar  9 00:30:09 CET 2026
#@# white curv lh Mon Mar  9 00:30:09 CET 2026
#@# white area lh Mon Mar  9 00:30:09 CET 2026
#@# pial curv lh Mon Mar  9 00:30:09 CET 2026
#@# pial area lh Mon Mar  9 00:30:09 CET 2026
#@# thickness lh Mon Mar  9 00:30:09 CET 2026
#@# area and vertex vol lh Mon Mar  9 00:30:09 CET 2026
#@# white curv rh Mon Mar  9 00:30:09 CET 2026
#@# white area rh Mon Mar  9 00:30:09 CET 2026
#@# pial curv rh Mon Mar  9 00:30:09 CET 2026
#@# pial area rh Mon Mar  9 00:30:09 CET 2026
#@# thickness rh Mon Mar  9 00:30:09 CET 2026
#@# area and vertex vol rh Mon Mar  9 00:30:09 CET 2026
#@# Curvature Stats lh Mon Mar  9 00:30:09 CET 2026
#@# Curvature Stats rh Mon Mar  9 00:30:11 CET 2026
#@# Relabel Hypointensities Mon Mar  9 00:30:14 CET 2026
#@# APas-to-ASeg Mon Mar  9 00:30:28 CET 2026
#@# AParc-to-ASeg aparc Mon Mar  9 00:30:36 CET 2026
#@# AParc-to-ASeg aparc.a2009s Mon Mar  9 00:31:09 CET 2026
#@# AParc-to-ASeg aparc.DKTatlas Mon Mar  9 00:31:44 CET 2026
#@# WMParc Mon Mar  9 00:32:20 CET 2026
#@# ASeg Stats Mon Mar  9 00:36:09 CET 2026
recon-all -s sub-v1s15x0050212_ses-1 finished without error at Mon Mar  9 00:36:52 CET 2026
