status file for recon-all
Thu Mar 12 11:26:07 CET 2026
#@# MotionCor Thu Mar 12 11:26:09 CET 2026
#@# Talairach Thu Mar 12 11:26:14 CET 2026
#@# Talairach Failure Detection Thu Mar 12 11:29:03 CET 2026
#@# Nu Intensity Correction Thu Mar 12 11:29:03 CET 2026
#@# Intensity Normalization Thu Mar 12 11:31:49 CET 2026
recon-all -s sub-v1s15x0050199_ses-1 finished without error at Thu Mar 12 11:32:47 CET 2026



#New# invocation of recon-all 



status file for recon-all
Thu Mar 12 11:38:52 CET 2026
#@# EM Registration Thu Mar 12 11:38:52 CET 2026
recon-all -s sub-v1s15x0050199_ses-1 finished without error at Thu Mar 12 11:40:53 CET 2026



#New# invocation of recon-all 



status file for recon-all
Thu Mar 12 11:40:55 CET 2026
#@# CA Normalize Thu Mar 12 11:40:55 CET 2026
#@# CA Reg Thu Mar 12 11:41:49 CET 2026
#@# SubCort Seg Thu Mar 12 12:29:24 CET 2026
#@# CC Seg Thu Mar 12 12:49:06 CET 2026
#@# Merge ASeg Thu Mar 12 12:49:26 CET 2026
#@# Intensity Normalization2 Thu Mar 12 12:49:26 CET 2026
#@# Mask BFS Thu Mar 12 12:50:51 CET 2026
#@# WM Segmentation Thu Mar 12 12:50:52 CET 2026
#@# Fill Thu Mar 12 12:52:22 CET 2026
recon-all -s sub-v1s15x0050199_ses-1 finished without error at Thu Mar 12 12:53:00 CET 2026



#New# invocation of recon-all 



status file for recon-all
Thu Mar 12 13:31:38 CET 2026
#@# white curv lh Thu Mar 12 13:31:38 CET 2026
#@# white area lh Thu Mar 12 13:31:38 CET 2026
#@# pial curv lh Thu Mar 12 13:31:38 CET 2026
#@# pial area lh Thu Mar 12 13:31:38 CET 2026
#@# thickness lh Thu Mar 12 13:31:38 CET 2026
#@# area and vertex vol lh Thu Mar 12 13:31:38 CET 2026
#@# white curv rh Thu Mar 12 13:31:38 CET 2026
#@# white area rh Thu Mar 12 13:31:38 CET 2026
#@# pial curv rh Thu Mar 12 13:31:38 CET 2026
#@# pial area rh Thu Mar 12 13:31:38 CET 2026
#@# thickness rh Thu Mar 12 13:31:38 CET 2026
#@# area and vertex vol rh Thu Mar 12 13:31:38 CET 2026
#@# Cortical ribbon mask Thu Mar 12 13:31:38 CET 2026
recon-all -s sub-v1s15x0050199_ses-1 finished without error at Thu Mar 12 13:34:48 CET 2026



#New# invocation of recon-all 



status file for recon-all
Thu Mar 12 13:40:01 CET 2026
#@# white curv lh Thu Mar 12 13:40:01 CET 2026
#@# white area lh Thu Mar 12 13:40:01 CET 2026
#@# pial curv lh Thu Mar 12 13:40:02 CET 2026
#@# pial area lh Thu Mar 12 13:40:02 CET 2026
#@# thickness lh Thu Mar 12 13:40:02 CET 2026
#@# area and vertex vol lh Thu Mar 12 13:40:02 CET 2026
#@# white curv rh Thu Mar 12 13:40:02 CET 2026
#@# white area rh Thu Mar 12 13:40:02 CET 2026
#@# pial curv rh Thu Mar 12 13:40:02 CET 2026
#@# pial area rh Thu Mar 12 13:40:02 CET 2026
#@# thickness rh Thu Mar 12 13:40:02 CET 2026
#@# area and vertex vol rh Thu Mar 12 13:40:02 CET 2026
#@# Curvature Stats lh Thu Mar 12 13:40:02 CET 2026
#@# Curvature Stats rh Thu Mar 12 13:40:04 CET 2026
#@# Relabel Hypointensities Thu Mar 12 13:40:06 CET 2026
#@# APas-to-ASeg Thu Mar 12 13:40:16 CET 2026
#@# AParc-to-ASeg aparc Thu Mar 12 13:40:22 CET 2026
#@# AParc-to-ASeg aparc.a2009s Thu Mar 12 13:40:43 CET 2026
#@# AParc-to-ASeg aparc.DKTatlas Thu Mar 12 13:41:03 CET 2026
#@# WMParc Thu Mar 12 13:41:23 CET 2026
#@# ASeg Stats Thu Mar 12 13:43:32 CET 2026
recon-all -s sub-v1s15x0050199_ses-1 finished without error at Thu Mar 12 13:43:52 CET 2026
