status file for recon-all
Thu Mar 12 12:53:04 CET 2026
#@# Tessellate lh Thu Mar 12 12:53:04 CET 2026
#@# Smooth1 lh Thu Mar 12 12:53:06 CET 2026
#@# Inflation1 lh Thu Mar 12 12:53:08 CET 2026
#@# QSphere lh Thu Mar 12 12:53:20 CET 2026
#@# Fix Topology lh Thu Mar 12 12:54:27 CET 2026
#@# Smooth2 lh Thu Mar 12 12:58:47 CET 2026
#@# Inflation2 lh Thu Mar 12 12:58:49 CET 2026
#@# Curv .H and .K lh Thu Mar 12 12:59:05 CET 2026
#@# Sphere lh Thu Mar 12 12:59:39 CET 2026
#@# Surf Reg lh Thu Mar 12 13:02:02 CET 2026
#@# Jacobian white lh Thu Mar 12 13:05:56 CET 2026
#@# AvgCurv lh Thu Mar 12 13:05:57 CET 2026
#@# Cortical Parc lh Thu Mar 12 13:05:58 CET 2026
#@# white curv lh Thu Mar 12 13:11:49 CET 2026
#@# white area lh Thu Mar 12 13:11:50 CET 2026
#@# pial curv lh Thu Mar 12 13:11:51 CET 2026
#@# pial area lh Thu Mar 12 13:11:52 CET 2026
#@# thickness lh Thu Mar 12 13:11:53 CET 2026
#@# area and vertex vol lh Thu Mar 12 13:12:10 CET 2026
#@# Curvature Stats lh Thu Mar 12 13:12:11 CET 2026
#@# Cortical Parc 2 lh Thu Mar 12 13:12:13 CET 2026
#@# Cortical Parc 3 lh Thu Mar 12 13:12:22 CET 2026
#@# WM/GM Contrast lh Thu Mar 12 13:12:30 CET 2026
recon-all -s sub-v1s15x0050199_ses-1 finished without error at Thu Mar 12 13:12:32 CET 2026



#New# invocation of recon-all 



status file for recon-all
Thu Mar 12 13:34:52 CET 2026
#@# white curv lh Thu Mar 12 13:34:52 CET 2026
#@# white area lh Thu Mar 12 13:34:52 CET 2026
#@# pial curv lh Thu Mar 12 13:34:52 CET 2026
#@# pial area lh Thu Mar 12 13:34:52 CET 2026
#@# thickness lh Thu Mar 12 13:34:52 CET 2026
#@# area and vertex vol lh Thu Mar 12 13:34:52 CET 2026
#@# Parcellation Stats lh Thu Mar 12 13:34:52 CET 2026
#@# Parcellation Stats 2 lh Thu Mar 12 13:35:06 CET 2026
#@# Parcellation Stats 3 lh Thu Mar 12 13:35:13 CET 2026
#@# BA_exvivo Labels lh Thu Mar 12 13:35:19 CET 2026
recon-all -s sub-v1s15x0050199_ses-1 finished without error at Thu Mar 12 13:37:22 CET 2026
