status file for recon-all
Thu Mar 12 13:12:35 CET 2026
#@# Tessellate rh Thu Mar 12 13:12:35 CET 2026
#@# Smooth1 rh Thu Mar 12 13:12:38 CET 2026
#@# Inflation1 rh Thu Mar 12 13:12:40 CET 2026
#@# QSphere rh Thu Mar 12 13:12:51 CET 2026
#@# Fix Topology rh Thu Mar 12 13:13:48 CET 2026
#@# Smooth2 rh Thu Mar 12 13:18:46 CET 2026
#@# Inflation2 rh Thu Mar 12 13:18:48 CET 2026
#@# Curv .H and .K rh Thu Mar 12 13:19:00 CET 2026
#@# Sphere rh Thu Mar 12 13:19:34 CET 2026
#@# Surf Reg rh Thu Mar 12 13:21:34 CET 2026
#@# Jacobian white rh Thu Mar 12 13:24:36 CET 2026
#@# AvgCurv rh Thu Mar 12 13:24:37 CET 2026
#@# Cortical Parc rh Thu Mar 12 13:24:38 CET 2026
#@# white curv rh Thu Mar 12 13:30:50 CET 2026
#@# white area rh Thu Mar 12 13:30:51 CET 2026
#@# pial curv rh Thu Mar 12 13:30:52 CET 2026
#@# pial area rh Thu Mar 12 13:30:53 CET 2026
#@# thickness rh Thu Mar 12 13:30:54 CET 2026
#@# area and vertex vol rh Thu Mar 12 13:31:11 CET 2026
#@# Curvature Stats rh Thu Mar 12 13:31:12 CET 2026
#@# Cortical Parc 2 rh Thu Mar 12 13:31:14 CET 2026
#@# Cortical Parc 3 rh Thu Mar 12 13:31:24 CET 2026
#@# WM/GM Contrast rh Thu Mar 12 13:31:32 CET 2026
recon-all -s sub-v1s15x0050199_ses-1 finished without error at Thu Mar 12 13:31:34 CET 2026



#New# invocation of recon-all 



status file for recon-all
Thu Mar 12 13:37:24 CET 2026
#@# white curv rh Thu Mar 12 13:37:24 CET 2026
#@# white area rh Thu Mar 12 13:37:24 CET 2026
#@# pial curv rh Thu Mar 12 13:37:24 CET 2026
#@# pial area rh Thu Mar 12 13:37:24 CET 2026
#@# thickness rh Thu Mar 12 13:37:24 CET 2026
#@# area and vertex vol rh Thu Mar 12 13:37:24 CET 2026
#@# Parcellation Stats rh Thu Mar 12 13:37:24 CET 2026
#@# Parcellation Stats 2 rh Thu Mar 12 13:37:39 CET 2026
#@# Parcellation Stats 3 rh Thu Mar 12 13:37:46 CET 2026
#@# BA_exvivo Labels rh Thu Mar 12 13:37:53 CET 2026
recon-all -s sub-v1s15x0050199_ses-1 finished without error at Thu Mar 12 13:39:57 CET 2026
