/out/sourcedata/freesurfer/sub-v1s15x0050203_ses-1/mri
/opt/freesurfer/bin/talairach_avi
--i orig_nu.mgz --xfm transforms/talairach.auto.xfm
talairach_avi 7.3.2
Linux dna028 5.14.0-427.37.1.el9_4.x86_64 #1 SMP PREEMPT_DYNAMIC Fri Sep 13 12:41:50 EDT 2024 x86_64 x86_64 x86_64 GNU/Linux
Sun Mar  8 20:54:28 CET 2026
mri_convert orig_nu.mgz talsrcimg.img 
reading from orig_nu.mgz...
TR=0.00, TE=0.00, TI=0.00, flip angle=0.00
i_ras = (-1, 0, 0)
j_ras = (0, 0, -1)
k_ras = (0, 1, 0)
writing to talsrcimg.img...
Analyze Output Matrix
-1.00000   0.00000   0.00000   130.90601;
 0.00000   0.00000   1.00000  -122.87500;
 0.00000  -1.00000   0.00000   108.87500;
 0.00000   0.00000   0.00000   1.00000;
--------------------
INFO: set hdr.hist.orient to -1
mpr2mni305 talsrcimg
Sun Mar  8 20:54:28 CET 2026
/opt/freesurfer/bin/mpr2mni305 talsrcimg
mpr2mni305 7.3.2
target=711-2C_as_mni_average_305

---------------------------------------------------------------------
analyzeto4dfp talsrcimg -O0 -y
---------------------------------------------------------------------

freesurfer ifh2hdr.c
Sun Mar  8 20:54:29 2026
Writing: talsrcimg.4dfp.hdr
freesurfer analyzeto4dfp.c
Reading: talsrcimg.hdr
header size 348 bytes
hdr.dime.datatype	offset=70	value=2
hdr.dime.bitpix		offset=72	value=8
hdr.hist.orient		offset=252	value=-1
dimensionality     4
dimensions       256       256       256         1
Reading: talsrcimg.img
Writing: talsrcimg.4dfp.img
Writing: talsrcimg.4dfp.ifh
ifh2hdr talsrcimg -r0to227
ori=2

---------------------------------------------------------------------
gauss_4dfp talsrcimg 1.1
---------------------------------------------------------------------

freesurfer gauss_4dfp.c
Reading: talsrcimg.4dfp.img
Writing: talsrcimg_g11.4dfp.img
image dimensions 256 256 256 padded to 288 288 288
processing volume 1freesurfer ifh2hdr.c
Sun Mar  8 20:54:30 2026
Writing: talsrcimg_g11.4dfp.hdr

Writing: talsrcimg_g11.4dfp.ifh
including: talsrcimg.4dfp.img.rec in talsrcimg_g11.4dfp.img.rec

---------------------------------------------------------------------
imgreg_4dfp /opt/freesurfer/average/711-2C_as_mni_average_305 none talsrcimg_g11 none talsrcimg_to_711-2C_as_mni_average_305_t4 4355
---------------------------------------------------------------------

freesurfer imgreg_4dfp.c
/opt/freesurfer/average/711-2C_as_mni_average_305.4dfp.img
       256       256       256         1
  1.000000  1.000000  1.000000
orientation T byte_order littleendian
Reading image: /opt/freesurfer/average/711-2C_as_mni_average_305.4dfp.img
dimensions:      256       256       256
mmppix:       1.0000   -1.0000   -1.0000
center:     128.0000 -129.0000 -129.0000
talsrcimg_g11.4dfp.img
       256       256       256         1
  1.000000  1.000000  1.000000
orientation T byte_order littleendian
Reading image: talsrcimg_g11.4dfp.img
dimensions:      256       256       256
mmppix:       1.0000   -1.0000   -1.0000
center:     128.0000 -129.0000 -129.0000
t4_read: open error in t4_sub.f l:  41 t4_file(1:l)talsrcimg_to_711-2C_as_mni_average_305_t4 
t4_read: transform initialized to I4
rotation matrix determinant  1.000000
image alignment mode   4355 decimal     1103 hex
   -7.5000  -45.0000  -45.0000 5792.7852   19.4765
    0.0000  -45.0000  -45.0000 6085.7588   19.4695
    7.5000  -45.0000  -45.0000 5871.8843   19.4632
   -7.5000  -37.5000  -45.0000 6313.7861   18.9397
    0.0000  -37.5000  -45.0000 6648.7817   18.9301
    7.5000  -37.5000  -45.0000 6404.0767   18.9216
   -7.5000  -30.0000  -45.0000 7069.1987   18.5856
    0.0000  -30.0000  -45.0000 7451.8193   18.5836
    7.5000  -30.0000  -45.0000 7168.7466   18.5796
   -7.5000  -22.5000  -45.0000 7893.5518   18.4909
    0.0000  -22.5000  -45.0000 8337.8994   18.4951
    7.5000  -22.5000  -45.0000 8007.9536   18.4984
   -7.5000  -15.0000  -45.0000 8729.6270   18.4950
    0.0000  -15.0000  -45.0000 9226.2285   18.5001
    7.5000  -15.0000  -45.0000 8867.7959   18.5058
   -7.5000   -7.5000  -45.0000 9578.6709   18.4898
    0.0000   -7.5000  -45.000010113.9863   18.4893
    7.5000   -7.5000  -45.0000 9712.1953   18.4904
   -7.5000    0.0000  -45.000010365.0986   18.4824
    0.0000    0.0000  -45.000010939.8438   18.4743
    7.5000    0.0000  -45.000010488.9473   18.4686
   -7.5000    7.5000  -45.000010372.5010   18.4779
    0.0000    7.5000  -45.000010947.4805   18.4693
    7.5000    7.5000  -45.000010485.0332   18.4610
   -7.5000   15.0000  -45.000010232.6699   18.4774
    0.0000   15.0000  -45.000010818.3047   18.4756
    7.5000   15.0000  -45.000010359.9258   18.4716
   -7.5000   22.5000  -45.000010020.5361   18.4846
    0.0000   22.5000  -45.000010567.2930   18.4887
    7.5000   22.5000  -45.000010144.0576   18.4920
   -7.5000   30.0000  -45.0000 9657.0947   18.2485
    0.0000   30.0000  -45.000010172.9219   18.2535
    7.5000   30.0000  -45.0000 9780.8164   18.2591
   -7.5000   37.5000  -45.0000 9565.4590   18.2434
    0.0000   37.5000  -45.000010073.5635   18.2429
    7.5000   37.5000  -45.0000 9677.1865   18.2440
   -7.5000   45.0000  -45.0000 9107.1592   17.7730
    0.0000   45.0000  -45.0000 9604.3809   17.7652
    7.5000   45.0000  -45.0000 9215.2686   17.7598
   -7.5000  -45.0000  -37.5000 6109.6313   19.1736
    0.0000  -45.0000  -37.5000 6436.4600   19.1553
    7.5000  -45.0000  -37.5000 6197.9907   19.1433
   -7.5000  -37.5000  -37.5000 6668.5488   18.6392
    0.0000  -37.5000  -37.5000 7045.4673   18.6201
    7.5000  -37.5000  -37.5000 6785.5786   18.6122
   -7.5000  -30.0000  -37.5000 7476.2129   18.2852
    0.0000  -30.0000  -37.5000 7907.3687   18.2735
    7.5000  -30.0000  -37.5000 7623.4692   18.2737
   -7.5000  -22.5000  -37.5000 8383.6221   18.1969
    0.0000  -22.5000  -37.5000 8869.3242   18.1899
    7.5000  -22.5000  -37.5000 8525.5938   18.1950
   -7.5000  -15.0000  -37.5000 9286.7061   18.2134
    0.0000  -15.0000  -37.5000 9811.8184   18.2062
    7.5000  -15.0000  -37.5000 9414.5469   18.2088
   -7.5000   -7.5000  -37.500010184.9434   18.2187
    0.0000   -7.5000  -37.500010765.2061   18.2066
    7.5000   -7.5000  -37.500010287.8008   18.2012
   -7.5000    0.0000  -37.500011003.2881   18.2092
    0.0000    0.0000  -37.500011644.5615   18.1909
    7.5000    0.0000  -37.500011108.6914   18.1801
   -7.5000    7.5000  -37.500010981.9619   18.1911
    0.0000    7.5000  -37.500011598.5312   18.1734
    7.5000    7.5000  -37.500011092.6553   18.1657
   -7.5000   15.0000  -37.500010816.8584   18.1804
    0.0000   15.0000  -37.500011421.8828   18.1689
    7.5000   15.0000  -37.500010936.9980   18.1691
   -7.5000   22.5000  -37.500010568.8857   18.1906
    0.0000   22.5000  -37.500011153.5498   18.1836
    7.5000   22.5000  -37.500010709.5879   18.1888
   -7.5000   30.0000  -37.500010163.4170   17.9707
    0.0000   30.0000  -37.500010732.8027   17.9636
    7.5000   30.0000  -37.500010309.1416   17.9661
   -7.5000   37.5000  -37.500010075.7666   17.9759
    0.0000   37.5000  -37.500010652.3662   17.9639
    7.5000   37.5000  -37.500010225.8799   17.9586
   -7.5000   45.0000  -37.5000 9591.5762   17.5103
    0.0000   45.0000  -37.500010142.5586   17.4927
    7.5000   45.0000  -37.5000 9735.0674   17.4824
   -7.5000  -45.0000  -30.0000 6538.3389   19.7168
    0.0000  -45.0000  -30.0000 6890.8916   19.6781
    7.5000  -45.0000  -30.0000 6641.7524   19.6435
   -7.5000  -37.5000  -30.0000 7135.2935   19.1699
    0.0000  -37.5000  -30.0000 7525.7480   19.1332
    7.5000  -37.5000  -30.0000 7260.6328   19.1089
   -7.5000  -30.0000  -30.0000 8023.9854   18.8055
    0.0000  -30.0000  -30.0000 8470.5674   18.7761
    7.5000  -30.0000  -30.0000 8177.5244   18.7682
   -7.5000  -22.5000  -30.0000 9005.8789   18.7146
    0.0000  -22.5000  -30.0000 9511.7510   18.6877
    7.5000  -22.5000  -30.0000 9146.3057   18.6877
   -7.5000  -15.0000  -30.0000 9987.0244   18.7344
    0.0000  -15.0000  -30.000010558.8047   18.7051
    7.5000  -15.0000  -30.000010123.7998   18.6986
   -7.5000   -7.5000  -30.000010957.2734   18.7454
    0.0000   -7.5000  -30.000011581.9160   18.7115
    7.5000   -7.5000  -30.000011081.3467   18.6889
   -7.5000    0.0000  -30.000011831.9209   18.7373
    0.0000    0.0000  -30.000012509.1426   18.7000
    7.5000    0.0000  -30.000011958.7666   18.6683
   -7.5000    7.5000  -30.000011781.3623   18.7147
    0.0000    7.5000  -30.000012436.3496   18.6800
    7.5000    7.5000  -30.000011902.7422   18.6564
   -7.5000   15.0000  -30.000011577.9307   18.6992
    0.0000   15.0000  -30.000012209.3350   18.6703
    7.5000   15.0000  -30.000011709.2910   18.6624
   -7.5000   22.5000  -30.000011299.2764   18.7062
    0.0000   22.5000  -30.000011917.3633   18.6794
    7.5000   22.5000  -30.000011438.9473   18.6794
   -7.5000   30.0000  -30.000010845.0508   18.4864
    0.0000   30.0000  -30.000011446.2051   18.4575
    7.5000   30.0000  -30.000010991.6035   18.4511
   -7.5000   37.5000  -30.000010768.4766   18.4973
    0.0000   37.5000  -30.000011370.1113   18.4639
    7.5000   37.5000  -30.000010921.9023   18.4416
   -7.5000   45.0000  -30.000010244.4707   18.0314
    0.0000   45.0000  -30.000010798.8535   17.9955
    7.5000   45.0000  -30.000010390.2646   17.9650
   -7.5000  -45.0000  -22.5000 6952.5605   20.3221
    0.0000  -45.0000  -22.5000 7331.2217   20.2775
    7.5000  -45.0000  -22.5000 7077.0806   20.2305
   -7.5000  -37.5000  -22.5000 7628.6831   19.7746
    0.0000  -37.5000  -22.5000 8036.4355   19.7321
    7.5000  -37.5000  -22.5000 7752.8408   19.6934
   -7.5000  -30.0000  -22.5000 8649.5332   19.4107
    0.0000  -30.0000  -22.5000 9121.1807   19.3735
    7.5000  -30.0000  -22.5000 8778.7197   19.3530
   -7.5000  -22.5000  -22.5000 9718.5088   19.3120
    0.0000  -22.5000  -22.500010258.3672   19.2756
    7.5000  -22.5000  -22.5000 9863.7539   19.2675
   -7.5000  -15.0000  -22.500010757.1787   19.3185
    0.0000  -15.0000  -22.500011358.3506   19.2792
    7.5000  -15.0000  -22.500010900.4277   19.2666
   -7.5000   -7.5000  -22.500011806.0303   19.3208
    0.0000   -7.5000  -22.500012447.0020   19.2788
    7.5000   -7.5000  -22.500011937.5293   19.2480
   -7.5000    0.0000  -22.500012750.0244   19.3159
    0.0000    0.0000  -22.500013444.5869   19.2729
    7.5000    0.0000  -22.500012910.1631   19.2293
   -7.5000    7.5000  -22.500012663.8779   19.3069
    0.0000    7.5000  -22.500013343.0674   19.2663
    7.5000    7.5000  -22.500012802.1768   19.2287
   -7.5000   15.0000  -22.500012444.5039   19.3015
    0.0000   15.0000  -22.500013089.8057   19.2648
    7.5000   15.0000  -22.500012576.6777   19.2445
   -7.5000   22.5000  -22.500012144.7988   19.3021
    0.0000   22.5000  -22.500012795.8545   19.2658
    7.5000   22.5000  -22.500012279.1973   19.2576
   -7.5000   30.0000  -22.500011662.8418   19.0657
    0.0000   30.0000  -22.500012292.2988   19.0270
    7.5000   30.0000  -22.500011800.7969   19.0146
   -7.5000   37.5000  -22.500011557.1455   19.0681
    0.0000   37.5000  -22.500012185.3057   19.0266
    7.5000   37.5000  -22.500011714.0488   18.9962
   -7.5000   45.0000  -22.500010987.7686   18.6021
    0.0000   45.0000  -22.500011572.3672   18.5608
    7.5000   45.0000  -22.500011158.1445   18.5188
   -7.5000  -45.0000  -15.0000 7420.2456   20.8324
    0.0000  -45.0000  -15.0000 7808.3750   20.7996
    7.5000  -45.0000  -15.0000 7546.3096   20.7597
   -7.5000  -37.5000  -15.0000 8157.8320   20.2860
    0.0000  -37.5000  -15.0000 8584.7705   20.2533
    7.5000  -37.5000  -15.0000 8279.4414   20.2150
   -7.5000  -30.0000  -15.0000 9288.1787   19.9238
    0.0000  -30.0000  -15.0000 9780.1182   19.8957
    7.5000  -30.0000  -15.0000 9414.1445   19.8715
   -7.5000  -22.5000  -15.000010464.5322   19.8175
    0.0000  -22.5000  -15.000011020.8447   19.7911
    7.5000  -22.5000  -15.000010609.5469   19.7818
   -7.5000  -15.0000  -15.000011580.3975   19.8099
    0.0000  -15.0000  -15.000012221.9209   19.7819
    7.5000  -15.0000  -15.000011747.9199   19.7734
   -7.5000   -7.5000  -15.000012683.8018   19.8017
    0.0000   -7.5000  -15.000013359.0654   19.7711
    7.5000   -7.5000  -15.000012836.9463   19.7479
   -7.5000    0.0000  -15.000013695.0762   19.7998
    0.0000    0.0000  -15.000014418.7109   19.7674
    7.5000    0.0000  -15.000013874.3096   19.7302
   -7.5000    7.5000  -15.000013588.7402   19.8061
    0.0000    7.5000  -15.000014301.2314   19.7749
    7.5000    7.5000  -15.000013718.0391   19.7375
   -7.5000   15.0000  -15.000013368.3115   19.8115
    0.0000   15.0000  -15.000014053.4199   19.7838
    7.5000   15.0000  -15.000013474.5811   19.7598
   -7.5000   22.5000  -15.000013074.2119   19.8064
    0.0000   22.5000  -15.000013768.7568   19.7801
    7.5000   22.5000  -15.000013193.9766   19.7709
   -7.5000   30.0000  -15.000012564.9346   19.5535
    0.0000   30.0000  -15.000013247.5410   19.5258
    7.5000   30.0000  -15.000012689.9922   19.5175
   -7.5000   37.5000  -15.000012406.9521   19.5455
    0.0000   37.5000  -15.000013084.5918   19.5152
    7.5000   37.5000  -15.000012564.7959   19.4923
   -7.5000   45.0000  -15.000011739.9219   19.0797
    0.0000   45.0000  -15.000012366.6426   19.0485
    7.5000   45.0000  -15.000011935.6221   19.0126
   -7.5000  -45.0000   -7.5000 7949.6582   21.0851
    0.0000  -45.0000   -7.5000 8358.8828   21.0721
    7.5000  -45.0000   -7.5000 8074.6030   21.0538
   -7.5000  -37.5000   -7.5000 8743.0225   20.5314
    0.0000  -37.5000   -7.5000 9201.6670   20.5164
    7.5000  -37.5000   -7.5000 8879.3848   20.4959
   -7.5000  -30.0000   -7.5000 9948.5205   20.1655
    0.0000  -30.0000   -7.500010481.2861   20.1568
    7.5000  -30.0000   -7.500010117.1641   20.1447
   -7.5000  -22.5000   -7.500011225.4932   20.0604
    0.0000  -22.5000   -7.500011820.3027   20.0561
    7.5000  -22.5000   -7.500011407.7627   20.0560
   -7.5000  -15.0000   -7.500012463.4160   20.0536
    0.0000  -15.0000   -7.500013130.7764   20.0496
    7.5000  -15.0000   -7.500012655.9150   20.0523
   -7.5000   -7.5000   -7.500013646.3350   20.0429
    0.0000   -7.5000   -7.500014403.3135   20.0345
    7.5000   -7.5000   -7.500013841.0586   20.0283
   -7.5000    0.0000   -7.500014756.3916   20.0396
    0.0000    0.0000   -7.500015564.8223   20.0256
    7.5000    0.0000   -7.500014941.5469   20.0084
   -7.5000    7.5000   -7.500014621.0137   20.0458
    0.0000    7.5000   -7.500015423.2471   20.0316
    7.5000    7.5000   -7.500014757.5088   20.0115
   -7.5000   15.0000   -7.500014397.0918   20.0517
    0.0000   15.0000   -7.500015177.7832   20.0432
    7.5000   15.0000   -7.500014516.1992   20.0311
   -7.5000   22.5000   -7.500014103.9893   20.0470
    0.0000   22.5000   -7.500014883.4199   20.0429
    7.5000   22.5000   -7.500014232.9170   20.0427
   -7.5000   30.0000   -7.500013573.5781   19.7935
    0.0000   30.0000   -7.500014345.4297   19.7895
    7.5000   30.0000   -7.500013721.7432   19.7923
   -7.5000   37.5000   -7.500013401.6494   19.7830
    0.0000   37.5000   -7.500014145.9336   19.7747
    7.5000   37.5000   -7.500013568.3740   19.7686
   -7.5000   45.0000   -7.500012654.4209   19.3144
    0.0000   45.0000   -7.500013343.5156   19.3009
    7.5000   45.0000   -7.500012862.9814   19.2843
   -7.5000  -45.0000    0.0000 8417.4590   21.1195
    0.0000  -45.0000    0.0000 8868.5625   21.1141
    7.5000  -45.0000    0.0000 8553.2891   21.1097
   -7.5000  -37.5000    0.0000 9242.8232   20.5511
    0.0000  -37.5000    0.0000 9743.3438   20.5431
    7.5000  -37.5000    0.0000 9419.5645   20.5381
   -7.5000  -30.0000    0.000010514.9609   20.1758
    0.0000  -30.0000    0.000011072.2412   20.1761
    7.5000  -30.0000    0.000010694.4277   20.1765
   -7.5000  -22.5000    0.000011877.4102   20.0774
    0.0000  -22.5000    0.000012496.7969   20.0839
    7.5000  -22.5000    0.000012056.5469   20.0910
   -7.5000  -15.0000    0.000013227.8242   20.0847
    0.0000  -15.0000    0.000013936.7393   20.0920
    7.5000  -15.0000    0.000013410.8105   20.1000
   -7.5000   -7.5000    0.000014532.9355   20.0812
    0.0000   -7.5000    0.000015360.3047   20.0826
    7.5000   -7.5000    0.000014770.6084   20.0850
   -7.5000    0.0000    0.000015808.9355   20.0729
    0.0000    0.0000    0.000016726.7227   20.0662
    7.5000    0.0000    0.000016004.5791   20.0622
   -7.5000    7.5000    0.000015675.0557   20.0649
    0.0000    7.5000    0.000016562.5156   20.0578
    7.5000    7.5000    0.000015780.7734   20.0528
   -7.5000   15.0000    0.000015398.7295   20.0619
    0.0000   15.0000    0.000016235.7373   20.0623
    7.5000   15.0000    0.000015498.2822   20.0626
   -7.5000   22.5000    0.000015095.3584   20.0641
    0.0000   22.5000    0.000015900.2129   20.0707
    7.5000   22.5000    0.000015206.6963   20.0777
   -7.5000   30.0000    0.000014567.7383   19.8247
    0.0000   30.0000    0.000015360.5195   19.8320
    7.5000   30.0000    0.000014689.9893   19.8398
   -7.5000   37.5000    0.000014386.3945   19.8213
    0.0000   37.5000    0.000015185.4053   19.8227
    7.5000   37.5000    0.000014535.5010   19.8251
   -7.5000   45.0000    0.000013582.2256   19.3480
    0.0000   45.0000    0.000014324.2188   19.3415
    7.5000   45.0000    0.000013725.4902   19.3377
   -7.5000  -45.0000    7.5000 8271.4463   21.0979
    0.0000  -45.0000    7.5000 8722.7197   21.0771
    7.5000  -45.0000    7.5000 8407.8818   21.0626
   -7.5000  -37.5000    7.5000 9085.1709   20.5164
    0.0000  -37.5000    7.5000 9587.1533   20.4954
    7.5000  -37.5000    7.5000 9249.2529   20.4862
   -7.5000  -30.0000    7.500010296.4326   20.1300
    0.0000  -30.0000    7.500010855.6074   20.1179
    7.5000  -30.0000    7.500010459.4053   20.1187
   -7.5000  -22.5000    7.500011618.2969   20.0348
    0.0000  -22.5000    7.500012242.3867   20.0278
    7.5000  -22.5000    7.500011763.8105   20.0341
   -7.5000  -15.0000    7.500012935.0283   20.0554
    0.0000  -15.0000    7.500013647.9668   20.0478
    7.5000  -15.0000    7.500013084.3994   20.0505
   -7.5000   -7.5000    7.500014284.0430   20.0637
    0.0000   -7.5000    7.500015105.5469   20.0500
    7.5000   -7.5000    7.500014487.1807   20.0430
   -7.5000    0.0000    7.500015643.9238   20.0535
    0.0000    0.0000    7.500016621.5137   20.0328
    7.5000    0.0000    7.500015863.7666   20.0197
   -7.5000    7.5000    7.500015705.7627   20.0310
    0.0000    7.5000    7.500016712.4844   20.0115
    7.5000    7.5000    7.500015803.2031   20.0027
   -7.5000   15.0000    7.500015409.0244   20.0165
    0.0000   15.0000    7.500016302.0986   20.0047
    7.5000   15.0000    7.500015476.4102   20.0054
   -7.5000   22.5000    7.500015088.0635   20.0215
    0.0000   22.5000    7.500015887.0518   20.0146
    7.5000   22.5000    7.500015126.7959   20.0208
   -7.5000   30.0000    7.500014558.2852   19.7958
    0.0000   30.0000    7.500015370.2939   19.7883
    7.5000   30.0000    7.500014578.3535   19.7910
   -7.5000   37.5000    7.500014354.4912   19.8040
    0.0000   37.5000    7.500015207.7324   19.7905
    7.5000   37.5000    7.500014391.6426   19.7836
   -7.5000   45.0000    7.500013566.6768   19.3292
    0.0000   45.0000    7.500014373.5498   19.3093
    7.5000   45.0000    7.500013568.5098   19.2967
   -7.5000  -45.0000   15.0000 7934.3442   21.0832
    0.0000  -45.0000   15.0000 8400.4736   21.0420
    7.5000  -45.0000   15.0000 8067.1216   21.0050
   -7.5000  -37.5000   15.0000 8762.6191   20.5008
    0.0000  -37.5000   15.0000 9274.1328   20.4617
    7.5000  -37.5000   15.0000 8915.8779   20.4358
   -7.5000  -30.0000   15.0000 9948.4590   20.1125
    0.0000  -30.0000   15.000010506.9922   20.0812
    7.5000  -30.0000   15.000010109.2070   20.0728
   -7.5000  -22.5000   15.000011219.5381   20.0156
    0.0000  -22.5000   15.000011834.8184   19.9869
    7.5000  -22.5000   15.000011370.2061   19.9868
   -7.5000  -15.0000   15.000012466.5361   20.0366
    0.0000  -15.0000   15.000013152.5195   20.0053
    7.5000  -15.0000   15.000012642.0947   19.9983
   -7.5000   -7.5000   15.000013760.0830   20.0485
    0.0000   -7.5000   15.000014507.6289   20.0124
    7.5000   -7.5000   15.000013937.0039   19.9882
   -7.5000    0.0000   15.000015184.3340   20.0400
    0.0000    0.0000   15.000016092.9053   20.0003
    7.5000    0.0000   15.000015367.8359   19.9664
   -7.5000    7.5000   15.000015535.3721   20.0160
    0.0000    7.5000   15.000016707.4980   19.9790
    7.5000    7.5000   15.000015646.3584   19.9538
   -7.5000   15.0000   15.000015512.2344   19.9993
    0.0000   15.0000   15.000016713.4336   19.9685
    7.5000   15.0000   15.000015545.9482   19.9601
   -7.5000   22.5000   15.000015143.0010   20.0023
    0.0000   22.5000   15.000016197.5020   19.9737
    7.5000   22.5000   15.000015079.8311   19.9736
   -7.5000   30.0000   15.000014442.8926   19.7773
    0.0000   30.0000   15.000015412.7822   19.7464
    7.5000   30.0000   15.000014350.3838   19.7395
   -7.5000   37.5000   15.000014140.5127   19.7891
    0.0000   37.5000   15.000015122.0234   19.7534
    7.5000   37.5000   15.000014088.5186   19.7295
   -7.5000   45.0000   15.000013287.7695   19.3162
    0.0000   45.0000   15.000014197.1885   19.2780
    7.5000   45.0000   15.000013284.0625   19.2453
   -7.5000  -45.0000   22.5000 7546.0029   21.0959
    0.0000  -45.0000   22.5000 7976.6201   21.0496
    7.5000  -45.0000   22.5000 7661.5264   21.0008
   -7.5000  -37.5000   22.5000 8372.4912   20.5275
    0.0000  -37.5000   22.5000 8834.7490   20.4834
    7.5000  -37.5000   22.5000 8505.9473   20.4432
   -7.5000  -30.0000   22.5000 9507.1260   20.1497
    0.0000  -30.0000   22.500010009.4873   20.1111
    7.5000  -30.0000   22.5000 9668.1445   20.0898
   -7.5000  -22.5000   22.500010740.0703   20.0472
    0.0000  -22.5000   22.500011302.5801   20.0094
    7.5000  -22.5000   22.500010894.9648   20.0010
   -7.5000  -15.0000   22.500011973.2744   20.0540
    0.0000  -15.0000   22.500012646.2891   20.0132
    7.5000  -15.0000   22.500012114.9277   20.0002
   -7.5000   -7.5000   22.500013233.6670   20.0565
    0.0000   -7.5000   22.500014014.9971   20.0128
    7.5000   -7.5000   22.500013330.8691   19.9809
   -7.5000    0.0000   22.500014576.2148   20.0513
    0.0000    0.0000   22.500015518.0000   20.0068
    7.5000    0.0000   22.500014651.8955   19.9615
   -7.5000    7.5000   22.500014912.3604   20.0420
    0.0000    7.5000   22.500016134.0645   19.9999
    7.5000    7.5000   22.500014988.4346   19.9609
   -7.5000   15.0000   22.500014954.7432   20.0363
    0.0000   15.0000   22.500016197.0537   19.9982
    7.5000   15.0000   22.500014995.3867   19.9772
   -7.5000   22.5000   22.500014499.5908   20.0339
    0.0000   22.5000   22.500015569.3652   19.9962
    7.5000   22.5000   22.500014510.0859   19.9878
   -7.5000   30.0000   22.500013743.0557   19.7944
    0.0000   30.0000   22.500014688.3145   19.7542
    7.5000   30.0000   22.500013733.7070   19.7413
   -7.5000   37.5000   22.500013447.7588   19.7969
    0.0000   37.5000   22.500014419.7979   19.7538
    7.5000   37.5000   22.500013516.9521   19.7223
   -7.5000   45.0000   22.500012640.8652   19.3272
    0.0000   45.0000   22.500013498.8623   19.2842
    7.5000   45.0000   22.500012740.9873   19.2406
   -7.5000  -45.0000   30.0000 7068.6958   21.1246
    0.0000  -45.0000   30.0000 7455.1001   21.0914
    7.5000  -45.0000   30.0000 7155.7153   21.0511
   -7.5000  -37.5000   30.0000 7858.8618   20.5703
    0.0000  -37.5000   30.0000 8323.6729   20.5373
    7.5000  -37.5000   30.0000 7974.9126   20.4986
   -7.5000  -30.0000   30.0000 8995.8594   20.2029
    0.0000  -30.0000   30.0000 9511.6982   20.1745
    7.5000  -30.0000   30.0000 9089.7324   20.1501
   -7.5000  -22.5000   30.000010222.5859   20.0951
    0.0000  -22.5000   30.000010802.0889   20.0684
    7.5000  -22.5000   30.000010279.2227   20.0591
   -7.5000  -15.0000   30.000011397.2900   20.0875
    0.0000  -15.0000   30.000012064.3145   20.0591
    7.5000  -15.0000   30.000011461.4365   20.0506
   -7.5000   -7.5000   30.000012520.7656   20.0792
    0.0000   -7.5000   30.000013225.3301   20.0482
    7.5000   -7.5000   30.000012604.4893   20.0247
   -7.5000    0.0000   30.000013639.9375   20.0772
    0.0000    0.0000   30.000014441.1543   20.0445
    7.5000    0.0000   30.000013806.2725   20.0068
   -7.5000    7.5000   30.000013792.2168   20.0836
    0.0000    7.5000   30.000014699.3857   20.0521
    7.5000    7.5000   30.000014001.2881   20.0142
   -7.5000   15.0000   30.000013673.4893   20.0891
    0.0000   15.0000   30.000014350.7793   20.0611
    7.5000   15.0000   30.000013785.5127   20.0368
   -7.5000   22.5000   30.000013252.4775   20.0817
    0.0000   22.5000   30.000013789.1387   20.0552
    7.5000   22.5000   30.000013332.4238   20.0459
   -7.5000   30.0000   30.000012729.0352   19.8275
    0.0000   30.0000   30.000013304.9316   19.7995
    7.5000   30.0000   30.000012814.0225   19.7911
   -7.5000   37.5000   30.000012584.8174   19.8194
    0.0000   37.5000   30.000013250.0547   19.7887
    7.5000   37.5000   30.000012698.6689   19.7656
   -7.5000   45.0000   30.000011872.6719   19.3521
    0.0000   45.0000   30.000012496.8574   19.3206
    7.5000   45.0000   30.000011990.2256   19.2843
   -7.5000  -45.0000   37.5000 6826.8247   21.2531
    0.0000  -45.0000   37.5000 7224.5532   21.2398
    7.5000  -45.0000   37.5000 6893.6948   21.2214
   -7.5000  -37.5000   37.5000 7617.2529   20.6916
    0.0000  -37.5000   37.5000 8078.0767   20.6762
    7.5000  -37.5000   37.5000 7709.9956   20.6556
   -7.5000  -30.0000   37.5000 8743.1357   20.3204
    0.0000  -30.0000   37.5000 9245.3281   20.3116
    7.5000  -30.0000   37.5000 8826.8750   20.2994
   -7.5000  -22.5000   37.5000 9871.3018   20.2139
    0.0000  -22.5000   37.500010440.3320   20.2096
    7.5000  -22.5000   37.5000 9998.1846   20.2095
   -7.5000  -15.0000   37.500010959.3008   20.2073
    0.0000  -15.0000   37.500011562.3916   20.2032
    7.5000  -15.0000   37.500011090.2432   20.2060
   -7.5000   -7.5000   37.500012015.8271   20.1967
    0.0000   -7.5000   37.500012660.6143   20.1881
    7.5000   -7.5000   37.500012207.7305   20.1818
   -7.5000    0.0000   37.500013083.3652   20.1933
    0.0000    0.0000   37.500013834.2598   20.1790
    7.5000    0.0000   37.500013386.1777   20.1617
   -7.5000    7.5000   37.500013179.6396   20.1993
    0.0000    7.5000   37.500013928.1621   20.1849
    7.5000    7.5000   37.500013462.1191   20.1646
   -7.5000   15.0000   37.500013008.0889   20.2051
    0.0000   15.0000   37.500013570.7246   20.1964
    7.5000   15.0000   37.500013146.7881   20.1843
   -7.5000   22.5000   37.500012654.6289   20.2005
    0.0000   22.5000   37.500013178.9941   20.1962
    7.5000   22.5000   37.500012780.7041   20.1961
   -7.5000   30.0000   37.500012232.8838   19.9458
    0.0000   30.0000   37.500012784.8340   19.9417
    7.5000   30.0000   37.500012358.8379   19.9444
   -7.5000   37.5000   37.500012173.3232   19.9353
    0.0000   37.5000   37.500012771.6436   19.9268
    7.5000   37.5000   37.500012302.3232   19.9206
   -7.5000   45.0000   37.500011508.6250   19.4640
    0.0000   45.0000   37.500012066.6396   19.4502
    7.5000   45.0000   37.500011619.7764   19.4335
   -7.5000  -45.0000   45.0000 6295.2354   21.5303
    0.0000  -45.0000   45.0000 6668.7837   21.5240
    7.5000  -45.0000   45.0000 6389.6240   21.5193
   -7.5000  -37.5000   45.0000 7027.6958   20.9343
    0.0000  -37.5000   45.0000 7454.9937   20.9257
    7.5000  -37.5000   45.0000 7149.8887   20.9202
   -7.5000  -30.0000   45.0000 8040.6196   20.5407
    0.0000  -30.0000   45.0000 8504.1895   20.5410
    7.5000  -30.0000   45.0000 8180.7280   20.5410
   -7.5000  -22.5000   45.0000 9071.7549   20.4381
    0.0000  -22.5000   45.0000 9585.4062   20.4448
    7.5000  -22.5000   45.0000 9254.3203   20.4517
   -7.5000  -15.0000   45.000010080.1797   20.4473
    0.0000  -15.0000   45.000010643.3506   20.4545
    7.5000  -15.0000   45.000010275.8438   20.4624
   -7.5000   -7.5000   45.000011100.2285   20.4452
    0.0000   -7.5000   45.000011712.4600   20.4461
    7.5000   -7.5000   45.000011340.6543   20.4484
   -7.5000    0.0000   45.000012101.7188   20.4368
    0.0000    0.0000   45.000012825.6650   20.4292
    7.5000    0.0000   45.000012435.6650   20.4249
   -7.5000    7.5000   45.000012176.2715   20.4268
    0.0000    7.5000   45.000012816.2354   20.4191
    7.5000    7.5000   45.000012415.7988   20.4136
   -7.5000   15.0000   45.000011988.0928   20.4219
    0.0000   15.0000   45.000012508.3730   20.4222
    7.5000   15.0000   45.000012119.1475   20.4223
   -7.5000   22.5000   45.000011687.0664   20.4244
    0.0000   22.5000   45.000012211.7031   20.4311
    7.5000   22.5000   45.000011836.9268   20.4380
   -7.5000   30.0000   45.000011339.5068   20.1809
    0.0000   30.0000   45.000011857.3633   20.1879
    7.5000   30.0000   45.000011466.3027   20.1957
   -7.5000   37.5000   45.000011322.6426   20.1788
    0.0000   37.5000   45.000011830.0459   20.1797
    7.5000   37.5000   45.000011432.3643   20.1820
   -7.5000   45.0000   45.000010713.9824   19.7076
    0.0000   45.0000   45.000011209.8086   19.7003
    7.5000   45.0000   45.000010811.4814   19.6962

---------------------------------------------------------------------
imgreg_4dfp /opt/freesurfer/average/711-2C_as_mni_average_305 /opt/freesurfer/average/711-2B_as_mni_average_305_mask talsrcimg_g11 none talsrcimg_to_711-2C_as_mni_average_305_t4 4355
---------------------------------------------------------------------

freesurfer imgreg_4dfp.c
/opt/freesurfer/average/711-2C_as_mni_average_305.4dfp.img
       256       256       256         1
  1.000000  1.000000  1.000000
orientation T byte_order littleendian
Reading image: /opt/freesurfer/average/711-2C_as_mni_average_305.4dfp.img
dimensions:      256       256       256
mmppix:       1.0000   -1.0000   -1.0000
center:     128.0000 -129.0000 -129.0000
/opt/freesurfer/average/711-2B_as_mni_average_305_mask.4dfp.img
       256       256       256         1
  1.000000  1.000000  1.000000
orientation T byte_order littleendian
Reading mask: /opt/freesurfer/average/711-2B_as_mni_average_305_mask.4dfp.img (2306576 pixels)
talsrcimg_g11.4dfp.img
       256       256       256         1
  1.000000  1.000000  1.000000
orientation T byte_order littleendian
Reading image: talsrcimg_g11.4dfp.img
dimensions:      256       256       256
mmppix:       1.0000   -1.0000   -1.0000
center:     128.0000 -129.0000 -129.0000
rotation matrix determinant  1.000000
image alignment mode   4355 decimal     1103 hex
   -7.5000  -45.0000  -45.0000 1747.8734   33.6490
    0.0000  -45.0000  -45.0000 1763.0780   33.1008
    7.5000  -45.0000  -45.0000 1754.1885   32.8810
   -7.5000  -37.5000  -45.0000 1862.0277   29.6694
    0.0000  -37.5000  -45.0000 1877.0056   29.2815
    7.5000  -37.5000  -45.0000 1867.8423   28.9700
   -7.5000  -30.0000  -45.0000 1962.1444   26.3829
    0.0000  -30.0000  -45.0000 1972.7311   26.0586
    7.5000  -30.0000  -45.0000 1966.0276   25.8368
   -7.5000  -22.5000  -45.0000 2054.1594   23.8610
    0.0000  -22.5000  -45.0000 2066.8381   23.6047
    7.5000  -22.5000  -45.0000 2060.8540   23.3573
   -7.5000  -15.0000  -45.0000 2134.7585   21.9340
    0.0000  -15.0000  -45.0000 2147.4702   21.7338
    7.5000  -15.0000  -45.0000 2147.8203   21.5343
   -7.5000   -7.5000  -45.0000 2193.9888   20.5205
    0.0000   -7.5000  -45.0000 2207.5857   20.3284
    7.5000   -7.5000  -45.0000 2208.1558   20.1826
   -7.5000    0.0000  -45.0000 2225.5024   19.6585
    0.0000    0.0000  -45.0000 2241.9038   19.4442
    7.5000    0.0000  -45.0000 2238.0298   19.3378
   -7.5000    7.5000  -45.0000 2242.9358   19.1951
    0.0000    7.5000  -45.0000 2261.1782   18.9781
    7.5000    7.5000  -45.0000 2255.7239   18.8633
   -7.5000   15.0000  -45.0000 2242.0618   19.0528
    0.0000   15.0000  -45.0000 2264.3438   18.7652
    7.5000   15.0000  -45.0000 2257.9766   18.6894
   -7.5000   22.5000  -45.0000 2233.5371   19.1357
    0.0000   22.5000  -45.0000 2260.2124   18.8724
    7.5000   22.5000  -45.0000 2250.1506   18.8368
   -7.5000   30.0000  -45.0000 2206.7534   19.6514
    0.0000   30.0000  -45.0000 2231.5310   19.3821
    7.5000   30.0000  -45.0000 2223.1672   19.3735
   -7.5000   37.5000  -45.0000 2160.6958   20.4545
    0.0000   37.5000  -45.0000 2183.3257   20.2123
    7.5000   37.5000  -45.0000 2177.2217   20.1542
   -7.5000   45.0000  -45.0000 2100.0366   21.6097
    0.0000   45.0000  -45.0000 2128.1931   21.3268
    7.5000   45.0000  -45.0000 2119.8174   21.2798
   -7.5000  -45.0000  -37.5000 1802.9302   31.6995
    0.0000  -45.0000  -37.5000 1824.2664   31.1703
    7.5000  -45.0000  -37.5000 1818.4391   30.8617
   -7.5000  -37.5000  -37.5000 1921.6324   27.7811
    0.0000  -37.5000  -37.5000 1944.3357   27.4018
    7.5000  -37.5000  -37.5000 1942.5504   27.0647
   -7.5000  -30.0000  -37.5000 2028.1625   24.6350
    0.0000  -30.0000  -37.5000 2050.8516   24.3350
    7.5000  -30.0000  -37.5000 2052.0488   24.0727
   -7.5000  -22.5000  -37.5000 2138.9492   22.2325
    0.0000  -22.5000  -37.5000 2158.6411   21.9627
    7.5000  -22.5000  -37.5000 2158.4072   21.7503
   -7.5000  -15.0000  -37.5000 2224.2759   20.4037
    0.0000  -15.0000  -37.5000 2245.0723   20.2223
    7.5000  -15.0000  -37.5000 2243.5920   20.0230
   -7.5000   -7.5000  -37.5000 2295.6738   19.0838
    0.0000   -7.5000  -37.5000 2315.9902   18.9086
    7.5000   -7.5000  -37.5000 2309.6060   18.7485
   -7.5000    0.0000  -37.5000 2327.8826   18.1965
    0.0000    0.0000  -37.5000 2355.6992   17.9796
    7.5000    0.0000  -37.5000 2342.6367   17.8818
   -7.5000    7.5000  -37.5000 2345.6372   17.6543
    0.0000    7.5000  -37.5000 2374.7644   17.4201
    7.5000    7.5000  -37.5000 2362.4565   17.3815
   -7.5000   15.0000  -37.5000 2347.9258   17.4525
    0.0000   15.0000  -37.5000 2374.6423   17.1771
    7.5000   15.0000  -37.5000 2366.3547   17.1476
   -7.5000   22.5000  -37.5000 2337.0649   17.5847
    0.0000   22.5000  -37.5000 2369.3582   17.2815
    7.5000   22.5000  -37.5000 2365.0603   17.2975
   -7.5000   30.0000  -37.5000 2313.5969   18.0175
    0.0000   30.0000  -37.5000 2347.3459   17.7494
    7.5000   30.0000  -37.5000 2345.9814   17.7794
   -7.5000   37.5000  -37.5000 2269.7358   18.8038
    0.0000   37.5000  -37.5000 2302.9746   18.5146
    7.5000   37.5000  -37.5000 2298.7388   18.5218
   -7.5000   45.0000  -37.5000 2209.3538   19.8586
    0.0000   45.0000  -37.5000 2237.7324   19.5366
    7.5000   45.0000  -37.5000 2231.6753   19.5189
   -7.5000  -45.0000  -30.0000 1881.5519   30.5900
    0.0000  -45.0000  -30.0000 1902.3018   30.2013
    7.5000  -45.0000  -30.0000 1906.1887   29.8635
   -7.5000  -37.5000  -30.0000 2013.0227   26.8149
    0.0000  -37.5000  -30.0000 2037.8922   26.4698
    7.5000  -37.5000  -30.0000 2040.6342   26.1546
   -7.5000  -30.0000  -30.0000 2140.0940   23.9103
    0.0000  -30.0000  -30.0000 2163.6182   23.5294
    7.5000  -30.0000  -30.0000 2164.6108   23.2979
   -7.5000  -22.5000  -30.0000 2252.2168   21.5663
    0.0000  -22.5000  -30.0000 2276.6409   21.2557
    7.5000  -22.5000  -30.0000 2275.6877   21.0496
   -7.5000  -15.0000  -30.0000 2347.3284   19.7258
    0.0000  -15.0000  -30.0000 2377.8826   19.4296
    7.5000  -15.0000  -30.0000 2370.6624   19.2814
   -7.5000   -7.5000  -30.0000 2429.1826   18.3501
    0.0000   -7.5000  -30.0000 2459.6907   18.1031
    7.5000   -7.5000  -30.0000 2449.0181   17.9691
   -7.5000    0.0000  -30.0000 2468.7747   17.4608
    0.0000    0.0000  -30.0000 2500.8901   17.2178
    7.5000    0.0000  -30.0000 2486.9456   17.1361
   -7.5000    7.5000  -30.0000 2491.9966   16.9169
    0.0000    7.5000  -30.0000 2522.7373   16.5987
    7.5000    7.5000  -30.0000 2516.0217   16.5974
   -7.5000   15.0000  -30.0000 2493.2341   16.6531
    0.0000   15.0000  -30.0000 2524.1287   16.3387
    7.5000   15.0000  -30.0000 2519.7192   16.3678
   -7.5000   22.5000  -30.0000 2483.9436   16.7943
    0.0000   22.5000  -30.0000 2518.3533   16.4444
    7.5000   22.5000  -30.0000 2513.1809   16.5275
   -7.5000   30.0000  -30.0000 2458.4214   17.2101
    0.0000   30.0000  -30.0000 2496.0439   16.8926
    7.5000   30.0000  -30.0000 2489.9104   16.9495
   -7.5000   37.5000  -30.0000 2419.5884   17.8875
    0.0000   37.5000  -30.0000 2458.4082   17.5653
    7.5000   37.5000  -30.0000 2450.8269   17.6130
   -7.5000   45.0000  -30.0000 2355.1926   18.8403
    0.0000   45.0000  -30.0000 2385.7917   18.5060
    7.5000   45.0000  -30.0000 2379.4414   18.5433
   -7.5000  -45.0000  -22.5000 1943.9475   29.5346
    0.0000  -45.0000  -22.5000 1960.6398   29.0408
    7.5000  -45.0000  -22.5000 1965.5677   28.8745
   -7.5000  -37.5000  -22.5000 2086.6294   25.8932
    0.0000  -37.5000  -22.5000 2106.7996   25.4745
    7.5000  -37.5000  -22.5000 2107.4817   25.2658
   -7.5000  -30.0000  -22.5000 2224.5923   23.0914
    0.0000  -30.0000  -22.5000 2247.3098   22.6859
    7.5000  -30.0000  -22.5000 2243.0420   22.4805
   -7.5000  -22.5000  -22.5000 2347.6211   20.8278
    0.0000  -22.5000  -22.5000 2375.6350   20.4833
    7.5000  -22.5000  -22.5000 2365.2573   20.3162
   -7.5000  -15.0000  -22.5000 2447.5139   18.9908
    0.0000  -15.0000  -22.5000 2477.2903   18.6613
    7.5000  -15.0000  -22.5000 2465.3701   18.5538
   -7.5000   -7.5000  -22.5000 2533.0659   17.6045
    0.0000   -7.5000  -22.5000 2559.6606   17.2595
    7.5000   -7.5000  -22.5000 2551.2659   17.1387
   -7.5000    0.0000  -22.5000 2585.8132   16.6266
    0.0000    0.0000  -22.5000 2613.3943   16.3122
    7.5000    0.0000  -22.5000 2609.8293   16.2272
   -7.5000    7.5000  -22.5000 2618.1384   16.0558
    0.0000    7.5000  -22.5000 2642.8044   15.7370
    7.5000    7.5000  -22.5000 2639.6648   15.7137
   -7.5000   15.0000  -22.5000 2621.4094   15.8314
    0.0000   15.0000  -22.5000 2648.3438   15.5078
    7.5000   15.0000  -22.5000 2642.1567   15.5392
   -7.5000   22.5000  -22.5000 2613.7847   15.9317
    0.0000   22.5000  -22.5000 2645.6516   15.6204
    7.5000   22.5000  -22.5000 2641.9888   15.6952
   -7.5000   30.0000  -22.5000 2584.5630   16.2857
    0.0000   30.0000  -22.5000 2621.2688   15.9751
    7.5000   30.0000  -22.5000 2616.2622   16.0477
   -7.5000   37.5000  -22.5000 2540.8010   16.9138
    0.0000   37.5000  -22.5000 2580.0740   16.5677
    7.5000   37.5000  -22.5000 2573.6479   16.6376
   -7.5000   45.0000  -22.5000 2473.6619   17.7783
    0.0000   45.0000  -22.5000 2509.7065   17.4302
    7.5000   45.0000  -22.5000 2504.8770   17.4782
   -7.5000  -45.0000  -15.0000 1988.7905   28.7583
    0.0000  -45.0000  -15.0000 2006.4353   28.3103
    7.5000  -45.0000  -15.0000 2009.9368   28.0982
   -7.5000  -37.5000  -15.0000 2134.7295   25.2104
    0.0000  -37.5000  -15.0000 2155.3906   24.7582
    7.5000  -37.5000  -15.0000 2155.3662   24.5971
   -7.5000  -30.0000  -15.0000 2281.9592   22.4745
    0.0000  -30.0000  -15.0000 2305.6455   22.0553
    7.5000  -30.0000  -15.0000 2301.2000   21.8619
   -7.5000  -22.5000  -15.0000 2406.7173   20.1510
    0.0000  -22.5000  -15.0000 2434.8181   19.7903
    7.5000  -22.5000  -15.0000 2423.9395   19.6479
   -7.5000  -15.0000  -15.0000 2511.3591   18.2904
    0.0000  -15.0000  -15.0000 2538.8899   17.9298
    7.5000  -15.0000  -15.0000 2527.9624   17.8553
   -7.5000   -7.5000  -15.0000 2598.2461   16.8751
    0.0000   -7.5000  -15.0000 2624.1387   16.5329
    7.5000   -7.5000  -15.0000 2615.5723   16.4470
   -7.5000    0.0000  -15.0000 2658.1804   15.8580
    0.0000    0.0000  -15.0000 2684.2971   15.5269
    7.5000    0.0000  -15.0000 2683.2034   15.4476
   -7.5000    7.5000  -15.0000 2695.4185   15.2522
    0.0000    7.5000  -15.0000 2725.8362   14.9133
    7.5000    7.5000  -15.0000 2721.7456   14.8572
   -7.5000   15.0000  -15.0000 2712.9724   14.9669
    0.0000   15.0000  -15.0000 2739.9448   14.6623
    7.5000   15.0000  -15.0000 2732.7998   14.6764
   -7.5000   22.5000  -15.0000 2711.6541   15.0866
    0.0000   22.5000  -15.0000 2746.0510   14.8031
    7.5000   22.5000  -15.0000 2737.6946   14.8346
   -7.5000   30.0000  -15.0000 2692.4050   15.4435
    0.0000   30.0000  -15.0000 2727.7361   15.1360
    7.5000   30.0000  -15.0000 2718.5618   15.1966
   -7.5000   37.5000  -15.0000 2643.5669   16.0056
    0.0000   37.5000  -15.0000 2682.7424   15.6570
    7.5000   37.5000  -15.0000 2674.8821   15.7284
   -7.5000   45.0000  -15.0000 2570.4690   16.8204
    0.0000   45.0000  -15.0000 2605.9717   16.4550
    7.5000   45.0000  -15.0000 2599.9976   16.5003
   -7.5000  -45.0000   -7.5000 2018.2640   28.2024
    0.0000  -45.0000   -7.5000 2043.3885   27.6948
    7.5000  -45.0000   -7.5000 2040.5767   27.5177
   -7.5000  -37.5000   -7.5000 2165.7734   24.6325
    0.0000  -37.5000   -7.5000 2191.9919   24.1209
    7.5000  -37.5000   -7.5000 2186.1704   24.0063
   -7.5000  -30.0000   -7.5000 2312.1387   21.8419
    0.0000  -30.0000   -7.5000 2339.1902   21.3864
    7.5000  -30.0000   -7.5000 2336.0952   21.2867
   -7.5000  -22.5000   -7.5000 2439.6936   19.5546
    0.0000  -22.5000   -7.5000 2464.8799   19.1647
    7.5000  -22.5000   -7.5000 2464.2510   19.0655
   -7.5000  -15.0000   -7.5000 2549.0649   17.6956
    0.0000  -15.0000   -7.5000 2575.6465   17.3304
    7.5000  -15.0000   -7.5000 2571.7683   17.2689
   -7.5000   -7.5000   -7.5000 2639.5049   16.2481
    0.0000   -7.5000   -7.5000 2670.5051   15.8898
    7.5000   -7.5000   -7.5000 2663.5208   15.8322
   -7.5000    0.0000   -7.5000 2710.3906   15.1632
    0.0000    0.0000   -7.5000 2743.1245   14.8682
    7.5000    0.0000   -7.5000 2741.6487   14.7869
   -7.5000    7.5000   -7.5000 2754.8252   14.4796
    0.0000    7.5000   -7.5000 2787.8748   14.1679
    7.5000    7.5000   -7.5000 2785.7520   14.1217
   -7.5000   15.0000   -7.5000 2784.7634   14.1603
    0.0000   15.0000   -7.5000 2819.2966   13.8597
    7.5000   15.0000   -7.5000 2813.3831   13.8676
   -7.5000   22.5000   -7.5000 2796.4185   14.2723
    0.0000   22.5000   -7.5000 2832.0742   13.9900
    7.5000   22.5000   -7.5000 2821.5000   14.0192
   -7.5000   30.0000   -7.5000 2777.2483   14.6466
    0.0000   30.0000   -7.5000 2817.8682   14.3490
    7.5000   30.0000   -7.5000 2805.4468   14.3852
   -7.5000   37.5000   -7.5000 2731.1069   15.1810
    0.0000   37.5000   -7.5000 2768.0342   14.8482
    7.5000   37.5000   -7.5000 2760.7498   14.8983
   -7.5000   45.0000   -7.5000 2654.4929   15.9557
    0.0000   45.0000   -7.5000 2690.5271   15.6075
    7.5000   45.0000   -7.5000 2684.7041   15.6746
   -7.5000  -45.0000    0.0000 2023.9786   27.9184
    0.0000  -45.0000    0.0000 2050.4431   27.3121
    7.5000  -45.0000    0.0000 2052.3640   27.0921
   -7.5000  -37.5000    0.0000 2169.0596   24.2348
    0.0000  -37.5000    0.0000 2201.6877   23.6940
    7.5000  -37.5000    0.0000 2200.2498   23.5763
   -7.5000  -30.0000    0.0000 2312.4165   21.3684
    0.0000  -30.0000    0.0000 2346.1367   20.8432
    7.5000  -30.0000    0.0000 2343.0396   20.7791
   -7.5000  -22.5000    0.0000 2442.7002   19.0962
    0.0000  -22.5000    0.0000 2476.8093   18.6318
    7.5000  -22.5000    0.0000 2469.9878   18.5811
   -7.5000  -15.0000    0.0000 2562.4890   17.2820
    0.0000  -15.0000    0.0000 2594.7915   16.8548
    7.5000  -15.0000    0.0000 2586.4385   16.8045
   -7.5000   -7.5000    0.0000 2661.8406   15.8470
    0.0000   -7.5000    0.0000 2697.1931   15.4555
    7.5000   -7.5000    0.0000 2693.6372   15.4109
   -7.5000    0.0000    0.0000 2742.8892   14.7489
    0.0000    0.0000    0.0000 2779.9087   14.4282
    7.5000    0.0000    0.0000 2778.0713   14.3484
   -7.5000    7.5000    0.0000 2802.6050   13.9694
    0.0000    7.5000    0.0000 2833.0190   13.6422
    7.5000    7.5000    0.0000 2829.8293   13.5853
   -7.5000   15.0000    0.0000 2833.6101   13.5724
    0.0000   15.0000    0.0000 2866.1487   13.2293
    7.5000   15.0000    0.0000 2860.7751   13.2427
   -7.5000   22.5000    0.0000 2854.4324   13.6599
    0.0000   22.5000    0.0000 2885.3083   13.3125
    7.5000   22.5000    0.0000 2874.6860   13.3936
   -7.5000   30.0000    0.0000 2840.0652   14.0304
    0.0000   30.0000    0.0000 2876.3242   13.6725
    7.5000   30.0000    0.0000 2864.5835   13.7435
   -7.5000   37.5000    0.0000 2794.9773   14.5526
    0.0000   37.5000    0.0000 2828.7578   14.1896
    7.5000   37.5000    0.0000 2823.2542   14.2737
   -7.5000   45.0000    0.0000 2715.7437   15.3110
    0.0000   45.0000    0.0000 2748.1089   14.9202
    7.5000   45.0000    0.0000 2739.7222   15.0375
   -7.5000  -45.0000    7.5000 2027.9976   28.1382
    0.0000  -45.0000    7.5000 2053.3147   27.3741
    7.5000  -45.0000    7.5000 2053.1973   27.1698
   -7.5000  -37.5000    7.5000 2169.1394   24.2026
    0.0000  -37.5000    7.5000 2194.4988   23.5282
    7.5000  -37.5000    7.5000 2201.6702   23.4517
   -7.5000  -30.0000    7.5000 2305.3855   21.1626
    0.0000  -30.0000    7.5000 2329.2209   20.5680
    7.5000  -30.0000    7.5000 2333.2341   20.4920
   -7.5000  -22.5000    7.5000 2436.1995   18.8310
    0.0000  -22.5000    7.5000 2462.2751   18.3214
    7.5000  -22.5000    7.5000 2459.0959   18.2364
   -7.5000  -15.0000    7.5000 2558.8811   17.0386
    0.0000  -15.0000    7.5000 2587.9634   16.5859
    7.5000  -15.0000    7.5000 2581.7266   16.4908
   -7.5000   -7.5000    7.5000 2668.8198   15.6127
    0.0000   -7.5000    7.5000 2702.1316   15.1928
    7.5000   -7.5000    7.5000 2701.8062   15.1236
   -7.5000    0.0000    7.5000 2765.5442   14.5668
    0.0000    0.0000    7.5000 2802.2036   14.1988
    7.5000    0.0000    7.5000 2804.1382   14.0896
   -7.5000    7.5000    7.5000 2839.2700   13.8594
    0.0000    7.5000    7.5000 2876.2205   13.5281
    7.5000    7.5000    7.5000 2869.5586   13.3899
   -7.5000   15.0000    7.5000 2880.6470   13.3699
    0.0000   15.0000    7.5000 2909.3577   13.0147
    7.5000   15.0000    7.5000 2906.2874   12.9722
   -7.5000   22.5000    7.5000 2903.6960   13.2698
    0.0000   22.5000    7.5000 2931.8020   12.9022
    7.5000   22.5000    7.5000 2918.7285   12.9677
   -7.5000   30.0000    7.5000 2883.9360   13.6119
    0.0000   30.0000    7.5000 2922.4412   13.2678
    7.5000   30.0000    7.5000 2903.4731   13.3027
   -7.5000   37.5000    7.5000 2836.7886   14.1051
    0.0000   37.5000    7.5000 2879.1404   13.7787
    7.5000   37.5000    7.5000 2860.7004   13.7859
   -7.5000   45.0000    7.5000 2759.4138   14.8428
    0.0000   45.0000    7.5000 2792.7900   14.4743
    7.5000   45.0000    7.5000 2781.5195   14.4881
   -7.5000  -45.0000   15.0000 2008.5999   28.5466
    0.0000  -45.0000   15.0000 2033.6426   27.7953
    7.5000  -45.0000   15.0000 2031.2856   27.5491
   -7.5000  -37.5000   15.0000 2149.3374   24.4689
    0.0000  -37.5000   15.0000 2177.3042   23.8413
    7.5000  -37.5000   15.0000 2175.7905   23.6653
   -7.5000  -30.0000   15.0000 2276.3950   21.3101
    0.0000  -30.0000   15.0000 2305.2952   20.7397
    7.5000  -30.0000   15.0000 2302.0593   20.6547
   -7.5000  -22.5000   15.0000 2408.1716   18.9007
    0.0000  -22.5000   15.0000 2431.5049   18.3992
    7.5000  -22.5000   15.0000 2430.5332   18.3037
   -7.5000  -15.0000   15.0000 2531.9431   17.0077
    0.0000  -15.0000   15.0000 2554.5898   16.5299
    7.5000  -15.0000   15.0000 2559.5381   16.4727
   -7.5000   -7.5000   15.0000 2650.8938   15.5928
    0.0000   -7.5000   15.0000 2672.8984   15.1411
    7.5000   -7.5000   15.0000 2684.5549   15.0647
   -7.5000    0.0000   15.0000 2763.5269   14.6443
    0.0000    0.0000   15.0000 2791.7305   14.2395
    7.5000    0.0000   15.0000 2795.7068   14.0891
   -7.5000    7.5000   15.0000 2862.2864   14.0399
    0.0000    7.5000   15.0000 2902.9512   13.7449
    7.5000    7.5000   15.0000 2888.3540   13.4843
   -7.5000   15.0000   15.0000 2926.3499   13.5755
    0.0000   15.0000   15.0000 2978.4265   13.4154
    7.5000   15.0000   15.0000 2945.8325   13.0899
   -7.5000   22.5000   15.0000 2941.2427   13.2727
    0.0000   22.5000   15.0000 2987.7754   13.0586
    7.5000   22.5000   15.0000 2949.5698   12.9058
   -7.5000   30.0000   15.0000 2912.5542   13.3732
    0.0000   30.0000   15.0000 2961.6250   13.1346
    7.5000   30.0000   15.0000 2924.4360   13.0235
   -7.5000   37.5000   15.0000 2858.7783   13.8195
    0.0000   37.5000   15.0000 2902.4912   13.5573
    7.5000   37.5000   15.0000 2873.0994   13.4741
   -7.5000   45.0000   15.0000 2778.3679   14.5866
    0.0000   45.0000   15.0000 2815.7583   14.2898
    7.5000   45.0000   15.0000 2799.9006   14.2338
   -7.5000  -45.0000   22.5000 1978.8113   29.3689
    0.0000  -45.0000   22.5000 2002.6354   28.5954
    7.5000  -45.0000   22.5000 2003.7570   28.3866
   -7.5000  -37.5000   22.5000 2123.6038   25.0826
    0.0000  -37.5000   22.5000 2147.9463   24.3783
    7.5000  -37.5000   22.5000 2153.8425   24.3098
   -7.5000  -30.0000   22.5000 2245.9329   21.8156
    0.0000  -30.0000   22.5000 2267.2446   21.1350
    7.5000  -30.0000   22.5000 2278.9534   21.1410
   -7.5000  -22.5000   22.5000 2376.3948   19.3426
    0.0000  -22.5000   22.5000 2393.0486   18.7462
    7.5000  -22.5000   22.5000 2402.3210   18.7311
   -7.5000  -15.0000   22.5000 2504.1179   17.4637
    0.0000  -15.0000   22.5000 2522.0144   16.9689
    7.5000  -15.0000   22.5000 2526.2939   16.9069
   -7.5000   -7.5000   22.5000 2629.3630   16.0376
    0.0000   -7.5000   22.5000 2655.5298   15.6318
    7.5000   -7.5000   22.5000 2648.5356   15.4505
   -7.5000    0.0000   22.5000 2749.2942   14.9877
    0.0000    0.0000   22.5000 2780.5479   14.6711
    7.5000    0.0000   22.5000 2766.6824   14.4212
   -7.5000    7.5000   22.5000 2853.2717   14.2711
    0.0000    7.5000   22.5000 2904.3003   14.0566
    7.5000    7.5000   22.5000 2873.9607   13.7630
   -7.5000   15.0000   22.5000 2929.1736   13.8166
    0.0000   15.0000   22.5000 2992.8186   13.6667
    7.5000   15.0000   22.5000 2945.1306   13.3822
   -7.5000   22.5000   22.5000 2952.3770   13.4955
    0.0000   22.5000   22.5000 3011.2783   13.3260
    7.5000   22.5000   22.5000 2964.0933   13.1597
   -7.5000   30.0000   22.5000 2917.0647   13.4882
    0.0000   30.0000   22.5000 2964.8525   13.2013
    7.5000   30.0000   22.5000 2923.5933   13.1616
   -7.5000   37.5000   22.5000 2854.1030   13.8968
    0.0000   37.5000   22.5000 2904.4124   13.5755
    7.5000   37.5000   22.5000 2869.6416   13.5834
   -7.5000   45.0000   22.5000 2773.2717   14.6208
    0.0000   45.0000   22.5000 2808.9224   14.3374
    7.5000   45.0000   22.5000 2790.7307   14.3190
   -7.5000  -45.0000   30.0000 1933.2438   30.6073
    0.0000  -45.0000   30.0000 1948.8478   29.7614
    7.5000  -45.0000   30.0000 1963.3973   29.6280
   -7.5000  -37.5000   30.0000 2086.4148   26.1355
    0.0000  -37.5000   30.0000 2107.0312   25.4620
    7.5000  -37.5000   30.0000 2116.6133   25.3262
   -7.5000  -30.0000   30.0000 2216.2559   22.7380
    0.0000  -30.0000   30.0000 2233.6328   22.1283
    7.5000  -30.0000   30.0000 2233.5808   22.0513
   -7.5000  -22.5000   30.0000 2346.6743   20.1799
    0.0000  -22.5000   30.0000 2366.8130   19.6441
    7.5000  -22.5000   30.0000 2361.5840   19.5964
   -7.5000  -15.0000   30.0000 2469.1558   18.1662
    0.0000  -15.0000   30.0000 2495.3706   17.7077
    7.5000  -15.0000   30.0000 2486.7061   17.6334
   -7.5000   -7.5000   30.0000 2591.4451   16.5804
    0.0000   -7.5000   30.0000 2619.2356   16.1445
    7.5000   -7.5000   30.0000 2613.1484   16.0441
   -7.5000    0.0000   30.0000 2699.4719   15.3874
    0.0000    0.0000   30.0000 2730.2759   14.9496
    7.5000    0.0000   30.0000 2728.9070   14.8821
   -7.5000    7.5000   30.0000 2805.3630   14.5688
    0.0000    7.5000   30.0000 2845.3250   14.1695
    7.5000    7.5000   30.0000 2839.9512   14.1164
   -7.5000   15.0000   30.0000 2879.9758   13.9625
    0.0000   15.0000   30.0000 2933.1501   13.5922
    7.5000   15.0000   30.0000 2910.7524   13.6049
   -7.5000   22.5000   30.0000 2910.7349   13.6070
    0.0000   22.5000   30.0000 2943.8625   13.1308
    7.5000   22.5000   30.0000 2926.0305   13.2817
   -7.5000   30.0000   30.0000 2891.2466   13.6994
    0.0000   30.0000   30.0000 2925.8984   13.2721
    7.5000   30.0000   30.0000 2902.9985   13.3825
   -7.5000   37.5000   30.0000 2836.7339   14.1847
    0.0000   37.5000   30.0000 2877.3308   13.8619
    7.5000   37.5000   30.0000 2855.6394   13.9475
   -7.5000   45.0000   30.0000 2752.1667   14.9965
    0.0000   45.0000   30.0000 2780.8511   14.6884
    7.5000   45.0000   30.0000 2772.0796   14.7785
   -7.5000  -45.0000   37.5000 1890.7960   32.4590
    0.0000  -45.0000   37.5000 1903.0392   31.6136
    7.5000  -45.0000   37.5000 1911.6947   31.3068
   -7.5000  -37.5000   37.5000 2040.8718   27.5159
    0.0000  -37.5000   37.5000 2060.9060   26.9064
    7.5000  -37.5000   37.5000 2066.3872   26.7514
   -7.5000  -30.0000   37.5000 2177.3838   23.8310
    0.0000  -30.0000   37.5000 2196.6099   23.2548
    7.5000  -30.0000   37.5000 2189.3455   23.2060
   -7.5000  -22.5000   37.5000 2304.4387   20.9925
    0.0000  -22.5000   37.5000 2329.4927   20.4427
    7.5000  -22.5000   37.5000 2320.9734   20.5267
   -7.5000  -15.0000   37.5000 2425.2578   18.8114
    0.0000  -15.0000   37.5000 2454.9827   18.2714
    7.5000  -15.0000   37.5000 2442.6633   18.3588
   -7.5000   -7.5000   37.5000 2540.2412   17.1062
    0.0000   -7.5000   37.5000 2572.2542   16.5769
    7.5000   -7.5000   37.5000 2571.8718   16.6853
   -7.5000    0.0000   37.5000 2654.3174   15.8356
    0.0000    0.0000   37.5000 2686.1809   15.3465
    7.5000    0.0000   37.5000 2691.1755   15.4564
   -7.5000    7.5000   37.5000 2764.6301   14.9715
    0.0000    7.5000   37.5000 2796.0764   14.5497
    7.5000    7.5000   37.5000 2796.7375   14.6239
   -7.5000   15.0000   37.5000 2831.2515   14.3523
    0.0000   15.0000   37.5000 2866.6377   13.8591
    7.5000   15.0000   37.5000 2858.8899   14.0159
   -7.5000   22.5000   37.5000 2862.7510   14.0185
    0.0000   22.5000   37.5000 2889.6982   13.5333
    7.5000   22.5000   37.5000 2882.7390   13.6910
   -7.5000   30.0000   37.5000 2849.3547   14.1320
    0.0000   30.0000   37.5000 2887.3833   13.7832
    7.5000   30.0000   37.5000 2874.7227   13.8756
   -7.5000   37.5000   37.5000 2804.0723   14.6364
    0.0000   37.5000   37.5000 2845.7024   14.3495
    7.5000   37.5000   37.5000 2827.6865   14.4295
   -7.5000   45.0000   37.5000 2719.5181   15.4886
    0.0000   45.0000   37.5000 2749.2048   15.1942
    7.5000   45.0000   37.5000 2741.0686   15.2696
   -7.5000  -45.0000   45.0000 1834.3395   34.3057
    0.0000  -45.0000   45.0000 1851.4724   33.4048
    7.5000  -45.0000   45.0000 1860.4255   33.2958
   -7.5000  -37.5000   45.0000 1986.2390   28.8972
    0.0000  -37.5000   45.0000 2009.7484   28.1761
    7.5000  -37.5000   45.0000 2013.0133   28.1985
   -7.5000  -30.0000   45.0000 2123.6865   24.8685
    0.0000  -30.0000   45.0000 2147.8145   24.2170
    7.5000  -30.0000   45.0000 2144.5129   24.3644
   -7.5000  -22.5000   45.0000 2252.7542   21.8485
    0.0000  -22.5000   45.0000 2280.1721   21.2370
    7.5000  -22.5000   45.0000 2277.2102   21.4845
   -7.5000  -15.0000   45.0000 2373.7883   19.5757
    0.0000  -15.0000   45.0000 2410.4397   18.9943
    7.5000  -15.0000   45.0000 2403.1199   19.2291
   -7.5000   -7.5000   45.0000 2496.1521   17.7883
    0.0000   -7.5000   45.0000 2531.2136   17.2481
    7.5000   -7.5000   45.0000 2529.3958   17.4954
   -7.5000    0.0000   45.0000 2613.5530   16.5040
    0.0000    0.0000   45.0000 2650.8684   16.0275
    7.5000    0.0000   45.0000 2650.9722   16.1932
   -7.5000    7.5000   45.0000 2713.9714   15.6008
    0.0000    7.5000   45.0000 2753.0181   15.1370
    7.5000    7.5000   45.0000 2745.5776   15.2396
   -7.5000   15.0000   45.0000 2775.7576   14.9552
    0.0000   15.0000   45.0000 2807.5571   14.3857
    7.5000   15.0000   45.0000 2795.8374   14.5598
   -7.5000   22.5000   45.0000 2801.5872   14.6446
    0.0000   22.5000   45.0000 2831.8948   14.2268
    7.5000   22.5000   45.0000 2827.3704   14.3666
   -7.5000   30.0000   45.0000 2792.0449   14.8027
    0.0000   30.0000   45.0000 2823.5098   14.4694
    7.5000   30.0000   45.0000 2818.4397   14.5803
   -7.5000   37.5000   45.0000 2749.9707   15.3139
    0.0000   37.5000   45.0000 2782.7227   15.0088
    7.5000   37.5000   45.0000 2772.1426   15.1351
   -7.5000   45.0000   45.0000 2671.2700   16.1371
    0.0000   45.0000   45.0000 2703.6218   15.8199
    7.5000   45.0000   45.0000 2692.2004   15.9204

---------------------------------------------------------------------
imgreg_4dfp /opt/freesurfer/average/711-2C_as_mni_average_305 /opt/freesurfer/average/711-2B_as_mni_average_305_mask talsrcimg_g11 none talsrcimg_to_711-2C_as_mni_average_305_t4 1283
---------------------------------------------------------------------

freesurfer imgreg_4dfp.c
/opt/freesurfer/average/711-2C_as_mni_average_305.4dfp.img
       256       256       256         1
  1.000000  1.000000  1.000000
orientation T byte_order littleendian
Reading image: /opt/freesurfer/average/711-2C_as_mni_average_305.4dfp.img
dimensions:      256       256       256
mmppix:       1.0000   -1.0000   -1.0000
center:     128.0000 -129.0000 -129.0000
/opt/freesurfer/average/711-2B_as_mni_average_305_mask.4dfp.img
       256       256       256         1
  1.000000  1.000000  1.000000
orientation T byte_order littleendian
Reading mask: /opt/freesurfer/average/711-2B_as_mni_average_305_mask.4dfp.img (2306576 pixels)
talsrcimg_g11.4dfp.img
       256       256       256         1
  1.000000  1.000000  1.000000
orientation T byte_order littleendian
Reading image: talsrcimg_g11.4dfp.img
dimensions:      256       256       256
mmppix:       1.0000   -1.0000   -1.0000
center:     128.0000 -129.0000 -129.0000
rotation matrix determinant  1.000000
fimgreg.f
image alignment mode   1283 decimal      503 hex
parameters
    0.0000   22.5000   22.5000    0.0000    0.0000    0.0000
eta,q 0.94435 13.32063
niter,ni,del,rscale     5    3   12.0000    1.2000
parameter  2  0.593835 ->  0.500000 qaram    1.1500
parameter  3  0.526754 ->  0.500000 qaram    1.1500
parameter  4  1.042694 ->  0.500000 qaram    1.1500
parameter  6  0.522945 ->  0.500000 qaram    1.1500
parameters
    0.7692   19.0500   19.0500   -3.4500   -1.9332   -3.4500
eta,q 0.95334 13.62864
  0.0723  0.0550  0.0524  0.0476  0.0504  0.0476
  0.0631  0.0526  0.0507  0.0483  0.0482  0.0468
  0.0578  0.0528  0.0510  0.0493  0.0478  0.0467
  0.0555  0.0553  0.0526  0.0508  0.0487  0.0478
  0.0566  0.0589  0.0568  0.0529  0.0500  0.0501
  0.0595  0.0625  0.0632  0.0557  0.0531  0.0537
  0.0648  0.0663  0.0706  0.0597  0.0582  0.0580
niter,ni,del,rscale     7    3   12.0000    1.2000
parameters
    0.9074   20.8129   19.1922   -6.1070   -0.9776   -3.6027
eta,q 0.95564 13.56722
  0.0614  0.0703  0.0628  0.0470  0.0518  0.0502
  0.0531  0.0585  0.0514  0.0447  0.0485  0.0466
  0.0485  0.0508  0.0450  0.0448  0.0464  0.0446
  0.0467  0.0466  0.0452  0.0453  0.0447  0.0444
  0.0478  0.0453  0.0481  0.0476  0.0444  0.0448
  0.0528  0.0493  0.0523  0.0505  0.0457  0.0468
  0.0599  0.0537  0.0591  0.0535  0.0488  0.0509
niter,ni,del,rscale     6    3   12.0000    1.2000
parameters
    0.2779   22.1306   18.6635   -7.7708   -0.6329   -3.6691
eta,q 0.95830 13.55842
  0.0559  0.0648  0.0585  0.0467  0.0522  0.0488
  0.0490  0.0554  0.0470  0.0431  0.0475  0.0446
  0.0446  0.0480  0.0416  0.0419  0.0436  0.0421
  0.0444  0.0439  0.0431  0.0423  0.0417  0.0417
  0.0482  0.0434  0.0477  0.0449  0.0426  0.0426
  0.0535  0.0478  0.0526  0.0488  0.0458  0.0448
  0.0606  0.0534  0.0607  0.0535  0.0503  0.0489
niter,ni,del,rscale     5    3   12.0000    1.2000
parameters
    0.2571   22.9860   18.4502   -8.7278   -0.5938   -3.8241
eta,q 0.95902 13.55079
  0.0590  0.0618  0.0596  0.0479  0.0510  0.0479
  0.0509  0.0524  0.0479  0.0433  0.0462  0.0437
  0.0443  0.0449  0.0411  0.0411  0.0424  0.0413
  0.0417  0.0417  0.0414  0.0411  0.0410  0.0410
  0.0447  0.0420  0.0454  0.0432  0.0423  0.0417
  0.0512  0.0477  0.0508  0.0475  0.0459  0.0442
  0.0590  0.0535  0.0597  0.0522  0.0508  0.0485
niter,ni,del,rscale     4    3   12.0000    1.2000
parameters
    0.3693   23.5140   18.3363   -9.3214   -0.5892   -3.9181
eta,q 0.95964 13.54205
  0.0600  0.0599  0.0601  0.0487  0.0503  0.0478
  0.0513  0.0506  0.0480  0.0442  0.0456  0.0436
  0.0440  0.0437  0.0406  0.0407  0.0418  0.0410
  0.0410  0.0410  0.0406  0.0405  0.0403  0.0403
  0.0440  0.0417  0.0441  0.0424  0.0416  0.0411
  0.0505  0.0482  0.0501  0.0468  0.0453  0.0438
  0.0584  0.0544  0.0595  0.0516  0.0505  0.0482
niter,ni,del,rscale     3    3   12.0000    1.2000
parameters
    0.4270   23.7984   18.2955   -9.6544   -0.5769   -3.9773
eta,q 0.95997 13.53701
  0.0597  0.0588  0.0604  0.0494  0.0500  0.0478
  0.0505  0.0495  0.0482  0.0450  0.0454  0.0437
  0.0430  0.0433  0.0403  0.0408  0.0415  0.0408
  0.0404  0.0404  0.0401  0.0401  0.0400  0.0400
  0.0437  0.0419  0.0434  0.0420  0.0412  0.0408
  0.0504  0.0486  0.0497  0.0461  0.0450  0.0436
  0.0585  0.0556  0.0591  0.0513  0.0503  0.0482
niter,ni,del,rscale     2    3   12.0000    1.2000
parameters
    0.4469   23.9412   18.2742   -9.8347   -0.5650   -4.0109
eta,q 0.96009 13.53438
  0.0595  0.0581  0.0605  0.0497  0.0499  0.0478
  0.0499  0.0491  0.0483  0.0455  0.0453  0.0437
  0.0424  0.0431  0.0403  0.0410  0.0414  0.0408
  0.0400  0.0400  0.0399  0.0399  0.0399  0.0399
  0.0435  0.0421  0.0432  0.0417  0.0410  0.0406
  0.0503  0.0489  0.0496  0.0458  0.0449  0.0436
  0.0584  0.0564  0.0590  0.0510  0.0502  0.0482
niter,ni,del,rscale     1    3   12.0000    1.2000
parameters
    0.4586   24.0119   18.2607   -9.9238   -0.5577   -4.0238
eta,q 0.96014 13.53274
  0.0594  0.0577  0.0606  0.0499  0.0498  0.0478
  0.0497  0.0489  0.0484  0.0458  0.0452  0.0438
  0.0422  0.0431  0.0403  0.0411  0.0414  0.0408
  0.0399  0.0399  0.0399  0.0399  0.0399  0.0399
  0.0434  0.0422  0.0432  0.0415  0.0410  0.0405
  0.0503  0.0491  0.0496  0.0455  0.0448  0.0435
  0.0584  0.0568  0.0590  0.0508  0.0501  0.0482
registration optimization eta report
parameter search radius
    6.0000    6.9000    6.9000    6.9000    6.0000    6.9000
100000*second partial in parameter space
       51.       35.       42.       22.       28.       17.
  0.0594  0.0577  0.0606  0.0499  0.0498  0.0478
  0.0497  0.0489  0.0484  0.0458  0.0452  0.0438
  0.0422  0.0431  0.0403  0.0411  0.0414  0.0408
  0.0399  0.0399  0.0399  0.0399  0.0399  0.0399
  0.0434  0.0422  0.0432  0.0415  0.0410  0.0405
  0.0503  0.0491  0.0496  0.0455  0.0448  0.0435
  0.0584  0.0568  0.0590  0.0508  0.0501  0.0482
    0.4586   24.0119   18.2607   -9.9238   -0.5577   -4.0238
eta,q 0.96014 13.53274

---------------------------------------------------------------------
imgreg_4dfp /opt/freesurfer/average/711-2C_as_mni_average_305 /opt/freesurfer/average/711-2B_as_mni_average_305_mask talsrcimg_g11 none talsrcimg_to_711-2C_as_mni_average_305_t4 3335
---------------------------------------------------------------------

freesurfer imgreg_4dfp.c
/opt/freesurfer/average/711-2C_as_mni_average_305.4dfp.img
       256       256       256         1
  1.000000  1.000000  1.000000
orientation T byte_order littleendian
Reading image: /opt/freesurfer/average/711-2C_as_mni_average_305.4dfp.img
dimensions:      256       256       256
mmppix:       1.0000   -1.0000   -1.0000
center:     128.0000 -129.0000 -129.0000
/opt/freesurfer/average/711-2B_as_mni_average_305_mask.4dfp.img
       256       256       256         1
  1.000000  1.000000  1.000000
orientation T byte_order littleendian
Reading mask: /opt/freesurfer/average/711-2B_as_mni_average_305_mask.4dfp.img (2306576 pixels)
talsrcimg_g11.4dfp.img
       256       256       256         1
  1.000000  1.000000  1.000000
orientation T byte_order littleendian
Reading image: talsrcimg_g11.4dfp.img
dimensions:      256       256       256
mmppix:       1.0000   -1.0000   -1.0000
center:     128.0000 -129.0000 -129.0000
fimgreg.f
image alignment mode   3335 decimal      D07 hex
parameters
    0.4586   24.0119   18.2607   -0.2512   -1.7273   -1.5009
    6.7448    2.1658   -7.0168   17.1241   -0.9734  -17.2330
eta,q 0.96000 13.53199
niter,ni,del,rscale     5    3    5.0000    1.2000
parameter  4  0.861956 ->  0.500000 qaram    1.1500
parameter  5  3.134947 ->  0.500000 qaram    1.1500
parameter 12 -0.949927 -> -0.500000 qaram    1.1500
parameters
    0.5047   24.0582   17.5977   -4.3912   -5.8673   -3.2824
    6.0461    2.0245   -5.7295   19.9386   -0.4228  -13.0930
eta,q 0.97012 13.33082
  0.0442  0.0420  0.0412  0.0366  0.0283  0.0334  0.0336  0.0362  0.0345  0.0382  0.0320  0.0350
  0.0420  0.0409  0.0400  0.0370  0.0303  0.0326  0.0324  0.0332  0.0331  0.0353  0.0314  0.0333
  0.0405  0.0402  0.0397  0.0377  0.0333  0.0319  0.0318  0.0318  0.0322  0.0330  0.0311  0.0320
  0.0400  0.0400  0.0400  0.0397  0.0371  0.0310  0.0317  0.0317  0.0316  0.0315  0.0310  0.0310
  0.0404  0.0402  0.0408  0.0431  0.0409  0.0314  0.0321  0.0322  0.0316  0.0310  0.0310  0.0302
  0.0417  0.0408  0.0420  0.0475  0.0447  0.0353  0.0331  0.0337  0.0321  0.0313  0.0313  0.0298
  0.0439  0.0418  0.0435  0.0522  0.0491  0.0425  0.0346  0.0364  0.0331  0.0324  0.0317  0.0298
niter,ni,del,rscale     7    3    5.0000    1.2000
parameter  5  0.927799 ->  0.500000 qaram    1.3225
parameters
    0.8577   24.3936   16.9038   -7.7292  -10.6283   -2.4712
    6.2994    1.9117   -5.7035   19.4276   -0.2686  -13.2680
eta,q 0.97384 12.99625
  0.0344  0.0337  0.0304  0.0300  0.0262  0.0298  0.0292  0.0310  0.0285  0.0293  0.0270  0.0276
  0.0322  0.0318  0.0298  0.0294  0.0263  0.0286  0.0276  0.0282  0.0272  0.0277  0.0266  0.0267
  0.0307  0.0305  0.0295  0.0293  0.0272  0.0276  0.0265  0.0266  0.0264  0.0266  0.0263  0.0263
  0.0299  0.0298  0.0297  0.0295  0.0292  0.0265  0.0261  0.0261  0.0261  0.0261  0.0262  0.0262
  0.0299  0.0298  0.0302  0.0306  0.0327  0.0257  0.0264  0.0267  0.0264  0.0266  0.0262  0.0264
  0.0307  0.0306  0.0311  0.0333  0.0367  0.0266  0.0273  0.0284  0.0272  0.0281  0.0265  0.0269
  0.0324  0.0321  0.0323  0.0375  0.0406  0.0295  0.0288  0.0313  0.0285  0.0307  0.0269  0.0276
niter,ni,del,rscale     7    3    5.0000    1.2000
parameters
    0.9097   24.5141   17.5492   -7.2940  -13.9491   -1.7851
    6.3558    1.8553   -6.0665   19.6833   -0.9503  -14.2957
eta,q 0.97470 12.88471
  0.0297  0.0294  0.0284  0.0286  0.0274  0.0289  0.0282  0.0301  0.0274  0.0287  0.0260  0.0263
  0.0278  0.0277  0.0273  0.0274  0.0262  0.0277  0.0267  0.0273  0.0263  0.0270  0.0256  0.0256
  0.0266  0.0266  0.0266  0.0265  0.0256  0.0268  0.0257  0.0258  0.0256  0.0259  0.0254  0.0253
  0.0262  0.0262  0.0262  0.0260  0.0260  0.0256  0.0254  0.0254  0.0254  0.0254  0.0253  0.0253
  0.0265  0.0264  0.0261  0.0260  0.0275  0.0250  0.0257  0.0259  0.0257  0.0255  0.0254  0.0256
  0.0276  0.0273  0.0263  0.0265  0.0309  0.0256  0.0267  0.0275  0.0266  0.0265  0.0257  0.0262
  0.0294  0.0288  0.0268  0.0285  0.0356  0.0289  0.0280  0.0302  0.0278  0.0284  0.0263  0.0269
niter,ni,del,rscale     6    3    5.0000    1.2000
parameters
    0.9075   24.6709   17.8190   -7.1798  -14.7868   -1.8437
    6.3447    1.9025   -6.2103   19.8875   -1.4433  -14.6748
eta,q 0.97466 12.84556
  0.0287  0.0286  0.0271  0.0278  0.0287  0.0285  0.0281  0.0301  0.0275  0.0284  0.0259  0.0265
  0.0268  0.0268  0.0261  0.0266  0.0269  0.0274  0.0266  0.0273  0.0263  0.0268  0.0256  0.0258
  0.0257  0.0257  0.0255  0.0257  0.0258  0.0264  0.0256  0.0258  0.0256  0.0258  0.0254  0.0254
  0.0253  0.0253  0.0253  0.0253  0.0253  0.0253  0.0254  0.0254  0.0254  0.0254  0.0253  0.0253
  0.0257  0.0256  0.0254  0.0252  0.0257  0.0247  0.0257  0.0258  0.0257  0.0255  0.0254  0.0255
  0.0268  0.0264  0.0258  0.0259  0.0273  0.0258  0.0267  0.0273  0.0265  0.0264  0.0257  0.0260
  0.0287  0.0277  0.0264  0.0282  0.0309  0.0304  0.0280  0.0299  0.0277  0.0282  0.0262  0.0266
niter,ni,del,rscale     5    3    5.0000    1.2000
parameters
    0.9137   24.7560   17.8608   -7.1860  -14.9123   -1.8295
    6.3430    1.9583   -6.2390   19.9659   -1.5829  -14.8326
eta,q 0.97465 12.84053
  0.0287  0.0284  0.0268  0.0278  0.0291  0.0286  0.0281  0.0302  0.0276  0.0283  0.0260  0.0266
  0.0268  0.0267  0.0259  0.0266  0.0273  0.0275  0.0266  0.0273  0.0264  0.0267  0.0256  0.0258
  0.0257  0.0257  0.0255  0.0258  0.0260  0.0265  0.0256  0.0258  0.0256  0.0257  0.0254  0.0254
  0.0253  0.0253  0.0253  0.0253  0.0253  0.0254  0.0253  0.0253  0.0254  0.0254  0.0253  0.0253
  0.0257  0.0257  0.0255  0.0253  0.0256  0.0247  0.0257  0.0258  0.0257  0.0256  0.0254  0.0255
  0.0268  0.0265  0.0259  0.0260  0.0268  0.0257  0.0267  0.0273  0.0264  0.0265  0.0256  0.0260
  0.0287  0.0279  0.0266  0.0284  0.0299  0.0303  0.0280  0.0299  0.0276  0.0283  0.0261  0.0266
niter,ni,del,rscale     4    3    5.0000    1.2000
parameters
    0.9176   24.7760   17.8615   -7.1910  -14.9455   -1.8319
    6.3484    1.9757   -6.2474   19.9920   -1.6475  -14.8895
eta,q 0.97465 12.83911
  0.0287  0.0282  0.0267  0.0278  0.0292  0.0286  0.0281  0.0302  0.0276  0.0282  0.0260  0.0266
  0.0268  0.0266  0.0259  0.0266  0.0273  0.0275  0.0266  0.0272  0.0264  0.0267  0.0256  0.0259
  0.0257  0.0256  0.0255  0.0258  0.0260  0.0265  0.0256  0.0257  0.0256  0.0257  0.0254  0.0255
  0.0253  0.0253  0.0253  0.0253  0.0253  0.0254  0.0254  0.0254  0.0254  0.0254  0.0254  0.0254
  0.0257  0.0257  0.0255  0.0253  0.0256  0.0247  0.0257  0.0259  0.0257  0.0256  0.0254  0.0255
  0.0268  0.0266  0.0260  0.0260  0.0268  0.0258  0.0267  0.0274  0.0264  0.0265  0.0256  0.0260
  0.0287  0.0280  0.0266  0.0284  0.0298  0.0303  0.0280  0.0299  0.0276  0.0283  0.0261  0.0266
registration optimization eta report
parameter search radius
    2.4000    2.4000    2.4000    8.2800    9.5220    7.2000
    7.2000    7.2000    7.2000    7.2000    7.2000    8.2800
100000*second partial in parameter space
       58.       47.       23.        4.        5.        8.
        5.        9.        4.        6.        1.        2.
  0.0287  0.0282  0.0267  0.0278  0.0292  0.0286  0.0281  0.0302  0.0276  0.0282  0.0260  0.0266
  0.0268  0.0266  0.0259  0.0266  0.0273  0.0275  0.0266  0.0272  0.0264  0.0267  0.0256  0.0259
  0.0257  0.0256  0.0255  0.0258  0.0260  0.0265  0.0256  0.0257  0.0256  0.0257  0.0254  0.0255
  0.0253  0.0253  0.0253  0.0253  0.0253  0.0254  0.0254  0.0254  0.0254  0.0254  0.0254  0.0254
  0.0257  0.0257  0.0255  0.0253  0.0256  0.0247  0.0257  0.0259  0.0257  0.0256  0.0254  0.0255
  0.0268  0.0266  0.0260  0.0260  0.0268  0.0258  0.0267  0.0274  0.0264  0.0265  0.0256  0.0260
  0.0287  0.0280  0.0266  0.0284  0.0298  0.0303  0.0280  0.0299  0.0276  0.0283  0.0261  0.0266
    0.9176   24.7760   17.8615   -7.1910  -14.9455   -1.8319
    6.3484    1.9757   -6.2474   19.9920   -1.6475  -14.8895
eta,q 0.97465 12.83911

---------------------------------------------------------------------
imgreg_4dfp /opt/freesurfer/average/711-2C_as_mni_average_305 /opt/freesurfer/average/711-2B_as_mni_average_305_mask talsrcimg_g11 none talsrcimg_to_711-2C_as_mni_average_305_t4 2311
---------------------------------------------------------------------

freesurfer imgreg_4dfp.c
/opt/freesurfer/average/711-2C_as_mni_average_305.4dfp.img
       256       256       256         1
  1.000000  1.000000  1.000000
orientation T byte_order littleendian
Reading image: /opt/freesurfer/average/711-2C_as_mni_average_305.4dfp.img
dimensions:      256       256       256
mmppix:       1.0000   -1.0000   -1.0000
center:     128.0000 -129.0000 -129.0000
/opt/freesurfer/average/711-2B_as_mni_average_305_mask.4dfp.img
       256       256       256         1
  1.000000  1.000000  1.000000
orientation T byte_order littleendian
Reading mask: /opt/freesurfer/average/711-2B_as_mni_average_305_mask.4dfp.img (2306576 pixels)
talsrcimg_g11.4dfp.img
       256       256       256         1
  1.000000  1.000000  1.000000
orientation T byte_order littleendian
Reading image: talsrcimg_g11.4dfp.img
dimensions:      256       256       256
mmppix:       1.0000   -1.0000   -1.0000
center:     128.0000 -129.0000 -129.0000
fimgreg.f
image alignment mode   2311 decimal      907 hex
parameters
    0.9176   24.7760   17.8615   -7.1910  -14.9455   -1.8319
    6.3484    1.9757   -6.2474   19.9920   -1.6475  -14.8895
eta,q 0.97465 12.83912
niter,ni,del,rscale     5    3    5.0000    0.8000
parameters
    0.9046   24.7335   17.7865   -5.7997  -14.1663   -0.2766
    6.4576    2.1186   -6.0839   20.1825   -1.3950  -14.9716
eta,q 0.97533 13.02013
  0.0268  0.0266  0.0259  0.0264  0.0265  0.0275  0.0260  0.0279  0.0259  0.0264  0.0254  0.0251
  0.0260  0.0258  0.0256  0.0259  0.0259  0.0269  0.0253  0.0260  0.0252  0.0255  0.0250  0.0249
  0.0255  0.0254  0.0254  0.0255  0.0255  0.0260  0.0248  0.0249  0.0248  0.0250  0.0247  0.0247
  0.0254  0.0253  0.0253  0.0253  0.0253  0.0252  0.0247  0.0247  0.0247  0.0247  0.0247  0.0247
  0.0255  0.0255  0.0254  0.0252  0.0252  0.0247  0.0248  0.0250  0.0248  0.0247  0.0247  0.0247
  0.0260  0.0260  0.0257  0.0253  0.0255  0.0248  0.0252  0.0259  0.0251  0.0253  0.0249  0.0249
  0.0269  0.0267  0.0260  0.0256  0.0259  0.0261  0.0259  0.0273  0.0257  0.0262  0.0252  0.0252
niter,ni,del,rscale     4    3    5.0000    0.7000
parameters
    0.9485   24.7427   18.0064   -6.2855  -14.2119   -0.2740
    6.3816    1.9800   -6.1454   20.3007   -1.6165  -14.7230
eta,q 0.97535 12.99079
  0.0260  0.0257  0.0256  0.0252  0.0255  0.0266  0.0256  0.0266  0.0255  0.0259  0.0251  0.0251
  0.0253  0.0251  0.0251  0.0249  0.0251  0.0259  0.0251  0.0254  0.0250  0.0253  0.0248  0.0248
  0.0248  0.0248  0.0248  0.0247  0.0248  0.0252  0.0248  0.0248  0.0248  0.0249  0.0247  0.0247
  0.0247  0.0247  0.0247  0.0247  0.0247  0.0247  0.0247  0.0247  0.0247  0.0247  0.0247  0.0247
  0.0248  0.0248  0.0247  0.0247  0.0248  0.0246  0.0248  0.0250  0.0248  0.0247  0.0247  0.0247
  0.0252  0.0251  0.0248  0.0250  0.0250  0.0253  0.0251  0.0257  0.0251  0.0251  0.0249  0.0248
  0.0259  0.0257  0.0251  0.0258  0.0255  0.0272  0.0257  0.0268  0.0255  0.0259  0.0251  0.0250
niter,ni,del,rscale     3    3    5.0000    0.6000
parameters
    0.9380   24.7389   18.0640   -6.1563  -14.1499   -0.0715
    6.3829    2.0028   -6.0941   20.2970   -1.5653  -14.6597
eta,q 0.97540 13.00539
  0.0255  0.0254  0.0252  0.0252  0.0253  0.0263  0.0253  0.0263  0.0253  0.0255  0.0250  0.0249
  0.0250  0.0250  0.0249  0.0249  0.0250  0.0257  0.0249  0.0253  0.0249  0.0251  0.0248  0.0247
  0.0247  0.0247  0.0247  0.0247  0.0247  0.0251  0.0247  0.0247  0.0247  0.0247  0.0246  0.0246
  0.0247  0.0246  0.0247  0.0247  0.0246  0.0246  0.0246  0.0246  0.0246  0.0246  0.0246  0.0246
  0.0248  0.0247  0.0247  0.0246  0.0247  0.0245  0.0247  0.0248  0.0247  0.0247  0.0246  0.0246
  0.0251  0.0250  0.0248  0.0248  0.0249  0.0251  0.0249  0.0253  0.0249  0.0250  0.0248  0.0247
  0.0256  0.0254  0.0251  0.0252  0.0253  0.0263  0.0253  0.0261  0.0252  0.0256  0.0249  0.0249
niter,ni,del,rscale     2    3    5.0000    0.5000
parameters
    0.9472   24.7403   18.1270   -6.0901  -14.1451    0.1496
    6.3897    1.9760   -6.0768   20.3061   -1.4975  -14.6343
eta,q 0.97545 13.01364
  0.0253  0.0251  0.0250  0.0250  0.0250  0.0259  0.0251  0.0257  0.0250  0.0252  0.0249  0.0247
  0.0249  0.0248  0.0248  0.0248  0.0248  0.0254  0.0248  0.0250  0.0248  0.0249  0.0247  0.0246
  0.0247  0.0247  0.0246  0.0247  0.0247  0.0249  0.0246  0.0246  0.0246  0.0247  0.0246  0.0246
  0.0246  0.0246  0.0246  0.0246  0.0246  0.0246  0.0245  0.0245  0.0246  0.0246  0.0245  0.0246
  0.0247  0.0247  0.0246  0.0246  0.0246  0.0245  0.0246  0.0247  0.0246  0.0246  0.0246  0.0246
  0.0249  0.0248  0.0247  0.0247  0.0248  0.0249  0.0248  0.0251  0.0247  0.0248  0.0247  0.0246
  0.0252  0.0251  0.0249  0.0250  0.0250  0.0258  0.0251  0.0257  0.0250  0.0253  0.0248  0.0247
niter,ni,del,rscale     1    3    5.0000    0.4000
parameters
    0.9514   24.7450   18.1998   -6.0840  -14.1594    0.3451
    6.3787    1.9404   -6.0751   20.3124   -1.4583  -14.6220
eta,q 0.97549 13.01673
  0.0250  0.0249  0.0248  0.0248  0.0248  0.0255  0.0248  0.0253  0.0248  0.0250  0.0247  0.0246
  0.0247  0.0247  0.0247  0.0247  0.0247  0.0251  0.0247  0.0248  0.0246  0.0247  0.0246  0.0246
  0.0246  0.0246  0.0246  0.0246  0.0246  0.0248  0.0245  0.0246  0.0245  0.0246  0.0245  0.0245
  0.0246  0.0246  0.0246  0.0245  0.0245  0.0245  0.0245  0.0245  0.0245  0.0245  0.0245  0.0245
  0.0246  0.0246  0.0246  0.0246  0.0246  0.0245  0.0245  0.0246  0.0245  0.0245  0.0245  0.0245
  0.0247  0.0247  0.0246  0.0246  0.0247  0.0248  0.0247  0.0249  0.0246  0.0247  0.0246  0.0246
  0.0250  0.0249  0.0247  0.0248  0.0248  0.0254  0.0248  0.0253  0.0248  0.0250  0.0247  0.0246
registration optimization eta report
parameter search radius
    0.8000    0.8000    0.8000    2.4000    2.4000    2.4000
    2.4000    2.4000    2.4000    2.4000    2.4000    2.4000
100000*second partial in parameter space
       64.       54.       37.        4.        5.       15.
        6.       13.        5.        8.        3.        2.
  0.0250  0.0249  0.0248  0.0248  0.0248  0.0255  0.0248  0.0253  0.0248  0.0250  0.0247  0.0246
  0.0247  0.0247  0.0247  0.0247  0.0247  0.0251  0.0247  0.0248  0.0246  0.0247  0.0246  0.0246
  0.0246  0.0246  0.0246  0.0246  0.0246  0.0248  0.0245  0.0246  0.0245  0.0246  0.0245  0.0245
  0.0246  0.0246  0.0246  0.0245  0.0245  0.0245  0.0245  0.0245  0.0245  0.0245  0.0245  0.0245
  0.0246  0.0246  0.0246  0.0246  0.0246  0.0245  0.0245  0.0246  0.0245  0.0245  0.0245  0.0245
  0.0247  0.0247  0.0246  0.0246  0.0247  0.0248  0.0247  0.0249  0.0246  0.0247  0.0246  0.0246
  0.0250  0.0249  0.0247  0.0248  0.0248  0.0254  0.0248  0.0253  0.0248  0.0250  0.0247  0.0246
    0.9514   24.7450   18.1998   -6.0840  -14.1594    0.3451
    6.3787    1.9404   -6.0751   20.3124   -1.4583  -14.6220
eta,q 0.97549 13.01673

---------------------------------------------------------------------
imgreg_4dfp /opt/freesurfer/average/711-2C_as_mni_average_305 /opt/freesurfer/average/711-2B_as_mni_average_305_mask talsrcimg_g11 none talsrcimg_to_711-2C_as_mni_average_305_t4 2311
---------------------------------------------------------------------

freesurfer imgreg_4dfp.c
/opt/freesurfer/average/711-2C_as_mni_average_305.4dfp.img
       256       256       256         1
  1.000000  1.000000  1.000000
orientation T byte_order littleendian
Reading image: /opt/freesurfer/average/711-2C_as_mni_average_305.4dfp.img
dimensions:      256       256       256
mmppix:       1.0000   -1.0000   -1.0000
center:     128.0000 -129.0000 -129.0000
/opt/freesurfer/average/711-2B_as_mni_average_305_mask.4dfp.img
       256       256       256         1
  1.000000  1.000000  1.000000
orientation T byte_order littleendian
Reading mask: /opt/freesurfer/average/711-2B_as_mni_average_305_mask.4dfp.img (2306576 pixels)
talsrcimg_g11.4dfp.img
       256       256       256         1
  1.000000  1.000000  1.000000
orientation T byte_order littleendian
Reading image: talsrcimg_g11.4dfp.img
dimensions:      256       256       256
mmppix:       1.0000   -1.0000   -1.0000
center:     128.0000 -129.0000 -129.0000
fimgreg.f
image alignment mode   2311 decimal      907 hex
parameters
    0.9514   24.7450   18.1998   -6.0840  -14.1594    0.3451
    6.3787    1.9404   -6.0751   20.3124   -1.4583  -14.6220
eta,q 0.97549 13.01673
niter,ni,del,rscale     5    3    5.0000    0.8000
parameters
    0.9382   24.7759   18.2364   -6.7138  -14.3751   -0.3796
    6.2933    1.9910   -6.1941   20.2199   -1.7595  -14.4574
eta,q 0.97528 12.95082
  0.0262  0.0260  0.0256  0.0253  0.0255  0.0267  0.0260  0.0274  0.0258  0.0262  0.0252  0.0252
  0.0253  0.0252  0.0250  0.0249  0.0250  0.0258  0.0253  0.0258  0.0252  0.0255  0.0249  0.0250
  0.0247  0.0247  0.0247  0.0246  0.0247  0.0251  0.0248  0.0249  0.0248  0.0250  0.0247  0.0248
  0.0245  0.0245  0.0245  0.0245  0.0245  0.0245  0.0247  0.0247  0.0247  0.0247  0.0247  0.0247
  0.0247  0.0247  0.0246  0.0246  0.0247  0.0248  0.0249  0.0250  0.0249  0.0248  0.0248  0.0247
  0.0253  0.0251  0.0249  0.0251  0.0251  0.0265  0.0253  0.0258  0.0253  0.0254  0.0250  0.0249
  0.0263  0.0258  0.0255  0.0262  0.0258  0.0299  0.0260  0.0271  0.0259  0.0264  0.0253  0.0252
niter,ni,del,rscale     4    3    5.0000    0.7000
parameters
    0.9346   24.7355   18.1005   -6.2399  -14.1390   -0.3030
    6.3658    2.0428   -6.1195   20.2395   -1.6263  -14.4624
eta,q 0.97535 12.99272
  0.0259  0.0257  0.0252  0.0255  0.0256  0.0267  0.0257  0.0269  0.0255  0.0259  0.0252  0.0250
  0.0253  0.0251  0.0249  0.0251  0.0251  0.0260  0.0251  0.0255  0.0251  0.0253  0.0249  0.0248
  0.0248  0.0248  0.0247  0.0248  0.0248  0.0252  0.0248  0.0248  0.0248  0.0249  0.0247  0.0247
  0.0247  0.0247  0.0247  0.0247  0.0247  0.0247  0.0247  0.0247  0.0247  0.0247  0.0247  0.0247
  0.0249  0.0249  0.0248  0.0247  0.0247  0.0246  0.0248  0.0249  0.0247  0.0247  0.0247  0.0247
  0.0253  0.0252  0.0251  0.0248  0.0250  0.0253  0.0251  0.0256  0.0250  0.0252  0.0249  0.0248
  0.0259  0.0258  0.0254  0.0253  0.0254  0.0271  0.0256  0.0266  0.0255  0.0260  0.0251  0.0250
niter,ni,del,rscale     3    3    5.0000    0.6000
parameters
    0.9461   24.7309   18.0817   -6.1460  -14.0904   -0.0705
    6.3902    2.0094   -6.0867   20.2581   -1.5276  -14.5604
eta,q 0.97540 13.00761
  0.0256  0.0254  0.0251  0.0252  0.0253  0.0264  0.0253  0.0262  0.0253  0.0255  0.0250  0.0249
  0.0251  0.0250  0.0248  0.0249  0.0250  0.0257  0.0249  0.0252  0.0249  0.0251  0.0248  0.0247
  0.0248  0.0247  0.0247  0.0248  0.0247  0.0251  0.0247  0.0247  0.0247  0.0248  0.0246  0.0246
  0.0247  0.0247  0.0247  0.0247  0.0247  0.0247  0.0246  0.0246  0.0246  0.0246  0.0246  0.0246
  0.0248  0.0248  0.0247  0.0247  0.0247  0.0245  0.0247  0.0248  0.0247  0.0247  0.0246  0.0246
  0.0250  0.0250  0.0249  0.0248  0.0249  0.0250  0.0249  0.0254  0.0249  0.0250  0.0248  0.0247
  0.0256  0.0254  0.0251  0.0252  0.0253  0.0263  0.0253  0.0262  0.0252  0.0256  0.0249  0.0249
niter,ni,del,rscale     2    3    5.0000    0.5000
parameters
    0.9500   24.7375   18.1370   -6.0920  -14.1196    0.1528
    6.3905    1.9703   -6.0789   20.2921   -1.4900  -14.5865
eta,q 0.97545 13.01422
  0.0252  0.0252  0.0250  0.0250  0.0250  0.0259  0.0251  0.0257  0.0250  0.0252  0.0248  0.0247
  0.0249  0.0248  0.0248  0.0248  0.0248  0.0254  0.0248  0.0250  0.0247  0.0249  0.0247  0.0246
  0.0247  0.0247  0.0246  0.0247  0.0247  0.0249  0.0246  0.0246  0.0246  0.0247  0.0246  0.0246
  0.0246  0.0246  0.0246  0.0246  0.0246  0.0246  0.0246  0.0246  0.0245  0.0245  0.0245  0.0245
  0.0247  0.0247  0.0246  0.0246  0.0246  0.0245  0.0246  0.0247  0.0246  0.0246  0.0246  0.0246
  0.0249  0.0248  0.0247  0.0247  0.0248  0.0249  0.0248  0.0251  0.0248  0.0248  0.0247  0.0246
  0.0252  0.0251  0.0249  0.0250  0.0251  0.0258  0.0251  0.0257  0.0250  0.0253  0.0248  0.0247
niter,ni,del,rscale     1    3    5.0000    0.4000
parameters
    0.9514   24.7457   18.2037   -6.0817  -14.1620    0.3482
    6.3876    1.9409   -6.0831   20.3028   -1.4661  -14.5901
eta,q 0.97549 13.01629
  0.0250  0.0249  0.0248  0.0248  0.0248  0.0255  0.0248  0.0253  0.0248  0.0250  0.0247  0.0246
  0.0247  0.0247  0.0247  0.0247  0.0247  0.0251  0.0247  0.0248  0.0246  0.0247  0.0246  0.0246
  0.0246  0.0246  0.0246  0.0246  0.0246  0.0248  0.0245  0.0246  0.0245  0.0246  0.0245  0.0245
  0.0245  0.0246  0.0245  0.0245  0.0245  0.0246  0.0245  0.0245  0.0245  0.0245  0.0245  0.0245
  0.0246  0.0246  0.0246  0.0246  0.0246  0.0245  0.0245  0.0246  0.0245  0.0245  0.0245  0.0245
  0.0247  0.0247  0.0246  0.0246  0.0247  0.0248  0.0247  0.0249  0.0246  0.0247  0.0246  0.0246
  0.0250  0.0249  0.0247  0.0248  0.0248  0.0254  0.0248  0.0253  0.0248  0.0250  0.0247  0.0246
registration optimization eta report
parameter search radius
    0.8000    0.8000    0.8000    2.4000    2.4000    2.4000
    2.4000    2.4000    2.4000    2.4000    2.4000    2.4000
100000*second partial in parameter space
       65.       54.       37.        4.        5.       15.
        6.       13.        5.        8.        3.        2.
  0.0250  0.0249  0.0248  0.0248  0.0248  0.0255  0.0248  0.0253  0.0248  0.0250  0.0247  0.0246
  0.0247  0.0247  0.0247  0.0247  0.0247  0.0251  0.0247  0.0248  0.0246  0.0247  0.0246  0.0246
  0.0246  0.0246  0.0246  0.0246  0.0246  0.0248  0.0245  0.0246  0.0245  0.0246  0.0245  0.0245
  0.0245  0.0246  0.0245  0.0245  0.0245  0.0246  0.0245  0.0245  0.0245  0.0245  0.0245  0.0245
  0.0246  0.0246  0.0246  0.0246  0.0246  0.0245  0.0245  0.0246  0.0245  0.0245  0.0245  0.0245
  0.0247  0.0247  0.0246  0.0246  0.0247  0.0248  0.0247  0.0249  0.0246  0.0247  0.0246  0.0246
  0.0250  0.0249  0.0247  0.0248  0.0248  0.0254  0.0248  0.0253  0.0248  0.0250  0.0247  0.0246
    0.9514   24.7457   18.2037   -6.0817  -14.1620    0.3482
    6.3876    1.9409   -6.0831   20.3028   -1.4661  -14.5901
eta,q 0.97549 13.01629

---------------------------------------------------------------------
compute_vox2vox talsrcimg talsrcimg_to_711-2C_as_mni_average_305_t4 /opt/freesurfer/average/711-2C_as_mni_average_305
---------------------------------------------------------------------

freesurfer compute_vox2vox.c
Reading: talsrcimg.4dfp.ifh
Reading: talsrcimg_to_711-2C_as_mni_average_305_t4
Reading: /opt/freesurfer/average/711-2C_as_mni_average_305.4dfp.ifh
Writing: talsrcimg_to_711-2C_as_mni_average_305_t4_vox2vox.txt

start time Sun Mar 8 20:54:28 CET 2026
end		time Sun Mar 8 20:55:54 CET 2026

mpr2mni305 success

avi2talxfm orig_nu.mgz /opt/freesurfer/average/mni305.cor.mgz talsrcimg_to_711-2C_as_mni_average_305_t4_vox2vox.txt transforms/talairach.auto.xfm
avi2talxfm done
mv -f /out/sourcedata/freesurfer/sub-v1s15x0050203_ses-1/mri/talsrcimg_to_711-2C_as_mni_average_305_t4_vox2vox.txt /out/sourcedata/freesurfer/sub-v1s15x0050203_ses-1/mri/transforms/talsrcimg_to_711-2C_as_mni_average_305_t4_vox2vox.txt
lta_convert --src orig_nu.mgz --trg /opt/freesurfer/average/mni305.cor.mgz --inxfm transforms/talairach.auto.xfm --outlta transforms/talairach.auto.xfm.lta --subject fsaverage
7.3.2

--src: orig_nu.mgz src image (geometry).
--trg: /opt/freesurfer/average/mni305.cor.mgz trg image (geometry).
--inmni: transforms/talairach.auto.xfm input MNI/XFM transform.
--outlta: transforms/talairach.auto.xfm.lta output LTA.
--s: fsaverage subject name
 LTA read, type : 1
 1.05953  -0.00439  -0.07959  -2.55733;
 0.02552   0.96329   0.16183  -24.29313;
 0.06905  -0.22815   1.12107  -0.05487;
 0.00000   0.00000   0.00000   1.00000;
setting subject to fsaverage
Writing  LTA to file transforms/talairach.auto.xfm.lta...
lta_convert successful.
 
 
Started at Sun Mar 8 20:54:28 CET 2026
Ended   at Sun Mar  8 20:55:54 CET 2026
talairach_avi done
