/out/sourcedata/freesurfer/sub-v1s15x0050182_ses-1/mri
/opt/freesurfer/bin/talairach_avi
--i orig_nu.mgz --xfm transforms/talairach.auto.xfm
talairach_avi 7.3.2
Linux dna073 5.14.0-427.37.1.el9_4.x86_64 #1 SMP PREEMPT_DYNAMIC Fri Sep 13 12:41:50 EDT 2024 x86_64 x86_64 x86_64 GNU/Linux
Sun Mar  8 20:21:21 CET 2026
mri_convert orig_nu.mgz talsrcimg.img 
reading from orig_nu.mgz...
TR=0.00, TE=0.00, TI=0.00, flip angle=0.00
i_ras = (-1, 0, 0)
j_ras = (0, 0, -1)
k_ras = (0, 1, 0)
writing to talsrcimg.img...
Analyze Output Matrix
-1.00000   0.00000   0.00000   134.18719;
 0.00000   0.00000   1.00000  -114.43800;
 0.00000  -1.00000   0.00000   93.87469;
 0.00000   0.00000   0.00000   1.00000;
--------------------
INFO: set hdr.hist.orient to -1
mpr2mni305 talsrcimg
Sun Mar  8 20:21:21 CET 2026
/opt/freesurfer/bin/mpr2mni305 talsrcimg
mpr2mni305 7.3.2
target=711-2C_as_mni_average_305

---------------------------------------------------------------------
analyzeto4dfp talsrcimg -O0 -y
---------------------------------------------------------------------

freesurfer ifh2hdr.c
Sun Mar  8 20:21:21 2026
Writing: talsrcimg.4dfp.hdr
freesurfer analyzeto4dfp.c
Reading: talsrcimg.hdr
header size 348 bytes
hdr.dime.datatype	offset=70	value=2
hdr.dime.bitpix		offset=72	value=8
hdr.hist.orient		offset=252	value=-1
dimensionality     4
dimensions       256       256       256         1
Reading: talsrcimg.img
Writing: talsrcimg.4dfp.img
Writing: talsrcimg.4dfp.ifh
ifh2hdr talsrcimg -r0to215
ori=2

---------------------------------------------------------------------
gauss_4dfp talsrcimg 1.1
---------------------------------------------------------------------

freesurfer gauss_4dfp.c
Reading: talsrcimg.4dfp.img
Writing: talsrcimg_g11.4dfp.img
image dimensions 256 256 256 padded to 288 288 288
processing volume 1freesurfer ifh2hdr.c
Sun Mar  8 20:21:22 2026
Writing: talsrcimg_g11.4dfp.hdr

Writing: talsrcimg_g11.4dfp.ifh
including: talsrcimg.4dfp.img.rec in talsrcimg_g11.4dfp.img.rec

---------------------------------------------------------------------
imgreg_4dfp /opt/freesurfer/average/711-2C_as_mni_average_305 none talsrcimg_g11 none talsrcimg_to_711-2C_as_mni_average_305_t4 4355
---------------------------------------------------------------------

freesurfer imgreg_4dfp.c
/opt/freesurfer/average/711-2C_as_mni_average_305.4dfp.img
       256       256       256         1
  1.000000  1.000000  1.000000
orientation T byte_order littleendian
Reading image: /opt/freesurfer/average/711-2C_as_mni_average_305.4dfp.img
dimensions:      256       256       256
mmppix:       1.0000   -1.0000   -1.0000
center:     128.0000 -129.0000 -129.0000
talsrcimg_g11.4dfp.img
       256       256       256         1
  1.000000  1.000000  1.000000
orientation T byte_order littleendian
Reading image: talsrcimg_g11.4dfp.img
dimensions:      256       256       256
mmppix:       1.0000   -1.0000   -1.0000
center:     128.0000 -129.0000 -129.0000
t4_read: open error in t4_sub.f l:  41 t4_file(1:l)talsrcimg_to_711-2C_as_mni_average_305_t4 
t4_read: transform initialized to I4
rotation matrix determinant  1.000000
image alignment mode   4355 decimal     1103 hex
   -7.5000  -45.0000  -45.0000 6468.7749   22.7152
    0.0000  -45.0000  -45.0000 6769.3740   22.7063
    7.5000  -45.0000  -45.0000 6506.3145   22.7418
   -7.5000  -37.5000  -45.0000 6988.7251   22.1702
    0.0000  -37.5000  -45.0000 7325.3672   22.1600
    7.5000  -37.5000  -45.0000 7028.3047   22.1874
   -7.5000  -30.0000  -45.0000 7788.3936   21.7869
    0.0000  -30.0000  -45.0000 8157.3994   21.7704
    7.5000  -30.0000  -45.0000 7807.0288   21.7841
   -7.5000  -22.5000  -45.0000 8611.4385   21.6713
    0.0000  -22.5000  -45.0000 9019.9561   21.6539
    7.5000  -22.5000  -45.0000 8654.1523   21.6627
   -7.5000  -15.0000  -45.0000 9406.9863   21.6829
    0.0000  -15.0000  -45.0000 9852.2598   21.6689
    7.5000  -15.0000  -45.0000 9453.8750   21.6842
   -7.5000   -7.5000  -45.000010164.2939   21.6971
    0.0000   -7.5000  -45.000010662.2031   21.6880
    7.5000   -7.5000  -45.000010237.1934   21.7162
   -7.5000    0.0000  -45.000010861.8057   21.6992
    0.0000    0.0000  -45.000011432.1094   21.6925
    7.5000    0.0000  -45.000010964.8213   21.7256
   -7.5000    7.5000  -45.000010794.7207   21.6887
    0.0000    7.5000  -45.000011377.0293   21.6781
    7.5000    7.5000  -45.000010892.8574   21.7031
   -7.5000   15.0000  -45.000010651.2051   21.6731
    0.0000   15.0000  -45.000011234.0146   21.6568
    7.5000   15.0000  -45.000010735.0420   21.6702
   -7.5000   22.5000  -45.000010382.6641   21.6665
    0.0000   22.5000  -45.000010923.4590   21.6491
    7.5000   22.5000  -45.000010438.1162   21.6578
   -7.5000   30.0000  -45.0000 9919.7490   21.3940
    0.0000   30.0000  -45.000010420.8164   21.3801
    7.5000   30.0000  -45.0000 9948.3262   21.3953
   -7.5000   37.5000  -45.0000 9729.8701   21.4080
    0.0000   37.5000  -45.000010249.1396   21.3990
    7.5000   37.5000  -45.0000 9758.4727   21.4268
   -7.5000   45.0000  -45.0000 9090.8623   20.8664
    0.0000   45.0000  -45.0000 9574.2246   20.8600
    7.5000   45.0000  -45.0000 9111.4297   20.8918
   -7.5000  -45.0000  -37.5000 6727.3423   22.3533
    0.0000  -45.0000  -37.5000 7044.6719   22.3423
    7.5000  -45.0000  -37.5000 6771.3574   22.3792
   -7.5000  -37.5000  -37.5000 7285.1440   21.8375
    0.0000  -37.5000  -37.5000 7635.5166   21.8231
    7.5000  -37.5000  -37.5000 7326.8848   21.8512
   -7.5000  -30.0000  -37.5000 8147.7021   21.4805
    0.0000  -30.0000  -37.5000 8549.3125   21.4619
    7.5000  -30.0000  -37.5000 8179.5278   21.4712
   -7.5000  -22.5000  -37.5000 9045.3613   21.3707
    0.0000  -22.5000  -37.5000 9483.0850   21.3551
    7.5000  -22.5000  -37.5000 9092.8906   21.3554
   -7.5000  -15.0000  -37.5000 9896.1318   21.3685
    0.0000  -15.0000  -37.500010371.7051   21.3592
    7.5000  -15.0000  -37.5000 9936.6738   21.3675
   -7.5000   -7.5000  -37.500010670.9199   21.3662
    0.0000   -7.5000  -37.500011205.6113   21.3601
    7.5000   -7.5000  -37.500010738.8721   21.3864
   -7.5000    0.0000  -37.500011374.6357   21.3656
    0.0000    0.0000  -37.500011964.2344   21.3575
    7.5000    0.0000  -37.500011471.6172   21.3930
   -7.5000    7.5000  -37.500011274.3760   21.3688
    0.0000    7.5000  -37.500011882.3193   21.3547
    7.5000    7.5000  -37.500011365.9756   21.3807
   -7.5000   15.0000  -37.500011120.6787   21.3699
    0.0000   15.0000  -37.500011713.8838   21.3514
    7.5000   15.0000  -37.500011187.1162   21.3604
   -7.5000   22.5000  -37.500010824.5205   21.3660
    0.0000   22.5000  -37.500011389.6436   21.3504
    7.5000   22.5000  -37.500010862.7812   21.3507
   -7.5000   30.0000  -37.500010304.4268   21.0837
    0.0000   30.0000  -37.500010852.4248   21.0745
    7.5000   30.0000  -37.500010335.5254   21.0827
   -7.5000   37.5000  -37.500010134.0840   21.0815
    0.0000   37.5000  -37.500010700.9902   21.0754
    7.5000   37.5000  -37.500010172.2207   21.1014
   -7.5000   45.0000  -37.5000 9480.1045   20.5456
    0.0000   45.0000  -37.500010032.7402   20.5378
    7.5000   45.0000  -37.5000 9542.6973   20.5719
   -7.5000  -45.0000  -30.0000 7084.9766   22.9704
    0.0000  -45.0000  -30.0000 7410.5317   22.9505
    7.5000  -45.0000  -30.0000 7113.6304   22.9844
   -7.5000  -37.5000  -30.0000 7695.7246   22.4516
    0.0000  -37.5000  -30.0000 8067.3652   22.4289
    7.5000  -37.5000  -30.0000 7726.2900   22.4536
   -7.5000  -30.0000  -30.0000 8642.8242   22.0932
    0.0000  -30.0000  -30.0000 9083.5732   22.0671
    7.5000  -30.0000  -30.0000 8686.1436   22.0719
   -7.5000  -22.5000  -30.0000 9625.5566   21.9816
    0.0000  -22.5000  -30.000010105.9893   21.9584
    7.5000  -22.5000  -30.0000 9667.2920   21.9544
   -7.5000  -15.0000  -30.000010529.2080   21.9723
    0.0000  -15.0000  -30.000011046.5088   21.9566
    7.5000  -15.0000  -30.000010582.0186   21.9620
   -7.5000   -7.5000  -30.000011368.9258   21.9653
    0.0000   -7.5000  -30.000011942.9990   21.9527
    7.5000   -7.5000  -30.000011435.4336   21.9772
   -7.5000    0.0000  -30.000012112.6982   21.9663
    0.0000    0.0000  -30.000012722.6670   21.9506
    7.5000    0.0000  -30.000012212.0332   21.9843
   -7.5000    7.5000  -30.000011973.6514   21.9747
    0.0000    7.5000  -30.000012607.8037   21.9527
    7.5000    7.5000  -30.000012070.5586   21.9757
   -7.5000   15.0000  -30.000011774.8545   21.9811
    0.0000   15.0000  -30.000012400.6279   21.9549
    7.5000   15.0000  -30.000011844.1914   21.9595
   -7.5000   22.5000  -30.000011443.5322   21.9745
    0.0000   22.5000  -30.000012043.5439   21.9514
    7.5000   22.5000  -30.000011502.2500   21.9474
   -7.5000   30.0000  -30.000010895.0332   21.6815
    0.0000   30.0000  -30.000011472.2090   21.6661
    7.5000   30.0000  -30.000010944.6885   21.6714
   -7.5000   37.5000  -30.000010730.3936   21.6746
    0.0000   37.5000  -30.000011323.8730   21.6622
    7.5000   37.5000  -30.000010799.0293   21.6864
   -7.5000   45.0000  -30.000010054.0107   21.1388
    0.0000   45.0000  -30.000010633.0889   21.1237
    7.5000   45.0000  -30.000010141.8066   21.1561
   -7.5000  -45.0000  -22.5000 7469.9058   23.5907
    0.0000  -45.0000  -22.5000 7833.7754   23.5659
    7.5000  -45.0000  -22.5000 7507.6055   23.5930
   -7.5000  -37.5000  -22.5000 8118.7290   23.0483
    0.0000  -37.5000  -22.5000 8529.8467   23.0223
    7.5000  -37.5000  -22.5000 8171.3789   23.0424
   -7.5000  -30.0000  -22.5000 9139.6748   22.6635
    0.0000  -30.0000  -22.5000 9621.9121   22.6310
    7.5000  -30.0000  -22.5000 9203.5938   22.6377
   -7.5000  -22.5000  -22.500010233.6240   22.5437
    0.0000  -22.5000  -22.500010754.2158   22.5102
    7.5000  -22.5000  -22.500010293.5195   22.5125
   -7.5000  -15.0000  -22.500011207.3604   22.5452
    0.0000  -15.0000  -22.500011780.5693   22.5178
    7.5000  -15.0000  -22.500011296.1680   22.5283
   -7.5000   -7.5000  -22.500012138.3145   22.5581
    0.0000   -7.5000  -22.500012758.2500   22.5370
    7.5000   -7.5000  -22.500012244.2607   22.5600
   -7.5000    0.0000  -22.500012906.8564   22.5676
    0.0000    0.0000  -22.500013550.3447   22.5474
    7.5000    0.0000  -22.500013028.4004   22.5748
   -7.5000    7.5000  -22.500012728.5225   22.5625
    0.0000    7.5000  -22.500013378.8242   22.5368
    7.5000    7.5000  -22.500012826.6934   22.5557
   -7.5000   15.0000  -22.500012509.9756   22.5496
    0.0000   15.0000  -22.500013152.5762   22.5171
    7.5000   15.0000  -22.500012607.6230   22.5235
   -7.5000   22.5000  -22.500012146.8984   22.5350
    0.0000   22.5000  -22.500012791.8711   22.5015
    7.5000   22.5000  -22.500012245.8994   22.5038
   -7.5000   30.0000  -22.500011570.1631   22.2503
    0.0000   30.0000  -22.500012170.5684   22.2232
    7.5000   30.0000  -22.500011657.1455   22.2336
   -7.5000   37.5000  -22.500011401.4805   22.2630
    0.0000   37.5000  -22.500012018.9072   22.2422
    7.5000   37.5000  -22.500011516.4863   22.2649
   -7.5000   45.0000  -22.500010670.8398   21.7337
    0.0000   45.0000  -22.500011269.3389   21.7143
    7.5000   45.0000  -22.500010802.1396   21.7406
   -7.5000  -45.0000  -15.0000 7918.7061   24.1940
    0.0000  -45.0000  -15.0000 8308.0420   24.1694
    7.5000  -45.0000  -15.0000 7972.1431   24.1922
   -7.5000  -37.5000  -15.0000 8593.8115   23.6215
    0.0000  -37.5000  -15.0000 9025.8330   23.5981
    7.5000  -37.5000  -15.0000 8666.5566   23.6163
   -7.5000  -30.0000  -15.0000 9664.0332   23.2068
    0.0000  -30.0000  -15.000010167.6260   23.1743
    7.5000  -30.0000  -15.0000 9753.6016   23.1853
   -7.5000  -22.5000  -15.000010829.6221   23.0799
    0.0000  -22.5000  -15.000011407.9619   23.0421
    7.5000  -22.5000  -15.000010935.4365   23.0525
   -7.5000  -15.0000  -15.000011922.6709   23.0978
    0.0000  -15.0000  -15.000012575.2617   23.0625
    7.5000  -15.0000  -15.000012055.8438   23.0790
   -7.5000   -7.5000  -15.000012959.1562   23.1319
    0.0000   -7.5000  -15.000013660.3955   23.1051
    7.5000   -7.5000  -15.000013127.0078   23.1276
   -7.5000    0.0000  -15.000013784.2979   23.1465
    0.0000    0.0000  -15.000014487.8848   23.1261
    7.5000    0.0000  -15.000013961.8799   23.1485
   -7.5000    7.5000  -15.000013565.1523   23.1246
    0.0000    7.5000  -15.000014236.6562   23.1010
    7.5000    7.5000  -15.000013716.4883   23.1177
   -7.5000   15.0000  -15.000013352.6885   23.0903
    0.0000   15.0000  -15.000014032.7383   23.0578
    7.5000   15.0000  -15.000013522.8701   23.0683
   -7.5000   22.5000  -15.000012979.7266   23.0699
    0.0000   22.5000  -15.000013691.3750   23.0322
    7.5000   22.5000  -15.000013163.9180   23.0426
   -7.5000   30.0000  -15.000012341.7480   22.7988
    0.0000   30.0000  -15.000013010.4971   22.7641
    7.5000   30.0000  -15.000012521.8936   22.7803
   -7.5000   37.5000  -15.000012126.5146   22.8325
    0.0000   37.5000  -15.000012806.2158   22.8061
    7.5000   37.5000  -15.000012338.7021   22.8283
   -7.5000   45.0000  -15.000011355.5137   22.3047
    0.0000   45.0000  -15.000011999.7021   22.2850
    7.5000   45.0000  -15.000011552.0176   22.3067
   -7.5000  -45.0000   -7.5000 8371.5391   24.5284
    0.0000  -45.0000   -7.5000 8788.9844   24.5115
    7.5000  -45.0000   -7.5000 8478.7764   24.5387
   -7.5000  -37.5000   -7.5000 9110.1270   23.9468
    0.0000  -37.5000   -7.5000 9568.6357   23.9310
    7.5000  -37.5000   -7.5000 9225.9482   23.9528
   -7.5000  -30.0000   -7.500010243.0498   23.5277
    0.0000  -30.0000   -7.500010753.0625   23.5029
    7.5000  -30.0000   -7.500010359.5137   23.5168
   -7.5000  -22.5000   -7.500011459.0918   23.4005
    0.0000  -22.5000   -7.500012055.6328   23.3703
    7.5000  -22.5000   -7.500011599.4854   23.3837
   -7.5000  -15.0000   -7.500012669.6025   23.4218
    0.0000  -15.0000   -7.500013361.4219   23.3929
    7.5000  -15.0000   -7.500012853.5771   23.4122
   -7.5000   -7.5000   -7.500013853.3926   23.4555
    0.0000   -7.5000   -7.500014630.1221   23.4344
    7.5000   -7.5000   -7.500014123.7744   23.4599
   -7.5000    0.0000   -7.500014819.3408   23.4667
    0.0000    0.0000   -7.500015603.3477   23.4527
    7.5000    0.0000   -7.500015120.9746   23.4783
   -7.5000    7.5000   -7.500014582.9180   23.4434
    0.0000    7.5000   -7.500015318.1455   23.4271
    7.5000    7.5000   -7.500014863.5596   23.4468
   -7.5000   15.0000   -7.500014315.8096   23.4091
    0.0000   15.0000   -7.500015046.7295   23.3844
    7.5000   15.0000   -7.500014592.6279   23.3980
   -7.5000   22.5000   -7.500013943.0703   23.3878
    0.0000   22.5000   -7.500014702.5605   23.3577
    7.5000   22.5000   -7.500014232.8428   23.3710
   -7.5000   30.0000   -7.500013292.4619   23.1180
    0.0000   30.0000   -7.500014040.8125   23.0896
    7.5000   30.0000   -7.500013571.5586   23.1085
   -7.5000   37.5000   -7.500013056.4160   23.1513
    0.0000   37.5000   -7.500013796.0205   23.1305
    7.5000   37.5000   -7.500013331.8477   23.1557
   -7.5000   45.0000   -7.500012270.7197   22.6175
    0.0000   45.0000   -7.500012945.0928   22.6040
    7.5000   45.0000   -7.500012481.7031   22.6287
   -7.5000  -45.0000    0.0000 8725.5547   24.5963
    0.0000  -45.0000    0.0000 9176.5566   24.5866
    7.5000  -45.0000    0.0000 8882.2822   24.6232
   -7.5000  -37.5000    0.0000 9519.2598   24.0230
    0.0000  -37.5000    0.000010009.5049   24.0117
    7.5000  -37.5000    0.0000 9673.9746   24.0404
   -7.5000  -30.0000    0.000010688.6963   23.6192
    0.0000  -30.0000    0.000011231.9014   23.6010
    7.5000  -30.0000    0.000010843.9238   23.6158
   -7.5000  -22.5000    0.000011933.4707   23.4982
    0.0000  -22.5000    0.000012548.2939   23.4790
    7.5000  -22.5000    0.000012113.0371   23.4884
   -7.5000  -15.0000    0.000013199.4414   23.5119
    0.0000  -15.0000    0.000013929.0938   23.4963
    7.5000  -15.0000    0.000013415.4004   23.5124
   -7.5000   -7.5000    0.000014576.1631   23.5281
    0.0000   -7.5000    0.000015402.8496   23.5179
    7.5000   -7.5000    0.000014848.1885   23.5471
   -7.5000    0.0000    0.000015853.0332   23.5302
    0.0000    0.0000    0.000016777.5352   23.5228
    7.5000    0.0000    0.000016185.0068   23.5571
   -7.5000    7.5000    0.000015832.0176   23.5174
    0.0000    7.5000    0.000016655.5352   23.5058
    7.5000    7.5000    0.000016137.9736   23.5320
   -7.5000   15.0000    0.000015530.9346   23.4997
    0.0000   15.0000    0.000016283.8457   23.4817
    7.5000   15.0000    0.000015798.5537   23.4961
   -7.5000   22.5000    0.000015074.7881   23.4855
    0.0000   22.5000    0.000015856.6201   23.4663
    7.5000   22.5000    0.000015267.3965   23.4757
   -7.5000   30.0000    0.000014373.9609   23.2076
    0.0000   30.0000    0.000015134.9131   23.1922
    7.5000   30.0000    0.000014517.5381   23.2081
   -7.5000   37.5000    0.000014114.9736   23.2236
    0.0000   37.5000    0.000014853.1133   23.2136
    7.5000   37.5000    0.000014203.4199   23.2423
   -7.5000   45.0000    0.000013263.1982   22.6804
    0.0000   45.0000    0.000013962.0889   22.6733
    7.5000   45.0000    0.000013314.3135   22.7063
   -7.5000  -45.0000    7.5000 8391.8662   24.5524
    0.0000  -45.0000    7.5000 8844.6611   24.5391
    7.5000  -45.0000    7.5000 8550.0020   24.5789
   -7.5000  -37.5000    7.5000 9200.7256   23.9956
    0.0000  -37.5000    7.5000 9702.9688   23.9791
    7.5000  -37.5000    7.5000 9380.0791   24.0094
   -7.5000  -30.0000    7.500010368.3047   23.6115
    0.0000  -30.0000    7.500010942.8223   23.5909
    7.5000  -30.0000    7.500010562.9189   23.6005
   -7.5000  -22.5000    7.500011578.2256   23.4949
    0.0000  -22.5000    7.500012241.1982   23.4775
    7.5000  -22.5000    7.500011756.3936   23.4770
   -7.5000  -15.0000    7.500012785.1270   23.4931
    0.0000  -15.0000    7.500013533.5674   23.4823
    7.5000  -15.0000    7.500012959.1484   23.4904
   -7.5000   -7.5000    7.500014139.5723   23.4892
    0.0000   -7.5000    7.500015002.5303   23.4815
    7.5000   -7.5000    7.500014262.6289   23.5095
   -7.5000    0.0000    7.500015778.9463   23.4867
    0.0000    0.0000    7.500016757.6406   23.4766
    7.5000    0.0000    7.500015665.8496   23.5150
   -7.5000    7.5000    7.500016228.5771   23.4897
    0.0000    7.5000    7.500017247.4414   23.4735
    7.5000    7.5000    7.500016001.1533   23.5016
   -7.5000   15.0000    7.500016053.3125   23.4921
    0.0000   15.0000    7.500016952.3027   23.4716
    7.5000   15.0000    7.500015779.4004   23.4810
   -7.5000   22.5000    7.500015388.8438   23.4822
    0.0000   22.5000    7.500016187.2148   23.4648
    7.5000   22.5000    7.500015109.1973   23.4642
   -7.5000   30.0000    7.500014426.5371   23.1891
    0.0000   30.0000    7.500015184.0957   23.1784
    7.5000   30.0000    7.500014226.6914   23.1863
   -7.5000   37.5000    7.500014027.2920   23.1852
    0.0000   37.5000    7.500014756.4883   23.1776
    7.5000   37.5000    7.500013898.4883   23.2052
   -7.5000   45.0000    7.500013100.3672   22.6384
    0.0000   45.0000    7.500013834.6006   22.6288
    7.5000   45.0000    7.500013079.2871   22.6657
   -7.5000  -45.0000   15.0000 7953.9067   24.5029
    0.0000  -45.0000   15.0000 8388.4189   24.4817
    7.5000  -45.0000   15.0000 8032.2583   24.5174
   -7.5000  -37.5000   15.0000 8725.5830   23.9539
    0.0000  -37.5000   15.0000 9222.5615   23.9297
    7.5000  -37.5000   15.0000 8823.5283   23.9556
   -7.5000  -30.0000   15.0000 9865.9189   23.5742
    0.0000  -30.0000   15.000010425.1650   23.5462
    7.5000  -30.0000   15.0000 9945.1621   23.5510
   -7.5000  -22.5000   15.000011094.7559   23.4549
    0.0000  -22.5000   15.000011705.5654   23.4301
    7.5000  -22.5000   15.000011093.1133   23.4256
   -7.5000  -15.0000   15.000012362.7959   23.4440
    0.0000  -15.0000   15.000013001.5459   23.4272
    7.5000  -15.0000   15.000012239.0576   23.4327
   -7.5000   -7.5000   15.000013734.0322   23.4367
    0.0000   -7.5000   15.000014393.4268   23.4233
    7.5000   -7.5000   15.000013449.2471   23.4490
   -7.5000    0.0000   15.000015277.1592   23.4387
    0.0000    0.0000   15.000016264.0605   23.4220
    7.5000    0.0000   15.000014874.6553   23.4574
   -7.5000    7.5000   15.000015737.2041   23.4484
    0.0000    7.5000   15.000017037.8145   23.4249
    7.5000    7.5000   15.000015355.1816   23.4490
   -7.5000   15.0000   15.000015592.3262   23.4553
    0.0000   15.0000   15.000016759.2715   23.4273
    7.5000   15.0000   15.000015162.1611   23.4318
   -7.5000   22.5000   15.000014933.9883   23.4422
    0.0000   22.5000   15.000015898.0527   23.4174
    7.5000   22.5000   15.000014512.7529   23.4129
   -7.5000   30.0000   15.000013989.0420   23.1406
    0.0000   30.0000   15.000014872.0947   23.1240
    7.5000   30.0000   15.000013692.7451   23.1294
   -7.5000   37.5000   15.000013520.8037   23.1334
    0.0000   37.5000   15.000014361.7070   23.1202
    7.5000   37.5000   15.000013373.1963   23.1455
   -7.5000   45.0000   15.000012589.1299   22.5922
    0.0000   45.0000   15.000013394.9434   22.5761
    7.5000   45.0000   15.000012552.1719   22.6102
   -7.5000  -45.0000   22.5000 7433.0366   24.5262
    0.0000  -45.0000   22.5000 7834.6782   24.5005
    7.5000  -45.0000   22.5000 7497.4341   24.5288
   -7.5000  -37.5000   22.5000 8202.4990   23.9619
    0.0000  -37.5000   22.5000 8658.1895   23.9348
    7.5000  -37.5000   22.5000 8244.3828   23.9558
   -7.5000  -30.0000   22.5000 9319.4258   23.5610
    0.0000  -30.0000   22.5000 9820.9268   23.5273
    7.5000  -30.0000   22.5000 9330.9082   23.5342
   -7.5000  -22.5000   22.500010504.9248   23.4359
    0.0000  -22.5000   22.500011078.1729   23.4011
    7.5000  -22.5000   22.500010466.9512   23.4034
   -7.5000  -15.0000   22.500011710.8457   23.4371
    0.0000  -15.0000   22.500012340.3740   23.4086
    7.5000  -15.0000   22.500011588.7041   23.4196
   -7.5000   -7.5000   22.500012973.7998   23.4507
    0.0000   -7.5000   22.500013709.2012   23.4287
    7.5000   -7.5000   22.500012802.3682   23.4528
   -7.5000    0.0000   22.500014254.3809   23.4610
    0.0000    0.0000   22.500015382.8604   23.4401
    7.5000    0.0000   22.500014197.4102   23.4687
   -7.5000    7.5000   22.500014445.1592   23.4560
    0.0000    7.5000   22.500015704.9980   23.4294
    7.5000    7.5000   22.500014415.2002   23.4490
   -7.5000   15.0000   22.500014259.2080   23.4425
    0.0000   15.0000   22.500015223.9473   23.4087
    7.5000   15.0000   22.500014072.6455   23.4153
   -7.5000   22.5000   22.500013789.6611   23.4232
    0.0000   22.5000   22.500014614.7100   23.3885
    7.5000   22.5000   22.500013536.0205   23.3908
   -7.5000   30.0000   22.500013071.0107   23.1338
    0.0000   30.0000   22.500013909.6221   23.1057
    7.5000   30.0000   22.500012902.3232   23.1165
   -7.5000   37.5000   22.500012716.5713   23.1472
    0.0000   37.5000   22.500013524.1270   23.1255
    7.5000   37.5000   22.500012645.7295   23.1493
   -7.5000   45.0000   22.500011869.3936   22.6137
    0.0000   45.0000   22.500012639.0918   22.5936
    7.5000   45.0000   22.500011848.1777   22.6211
   -7.5000  -45.0000   30.0000 6868.4292   24.8601
    0.0000  -45.0000   30.0000 7269.1304   24.8340
    7.5000  -45.0000   30.0000 6950.2588   24.8569
   -7.5000  -37.5000   30.0000 7616.5791   24.2654
    0.0000  -37.5000   30.0000 8053.0244   24.2403
    7.5000  -37.5000   30.0000 7680.4780   24.2583
   -7.5000  -30.0000   30.0000 8670.3828   23.8336
    0.0000  -30.0000   30.0000 9159.2012   23.7993
    7.5000  -30.0000   30.0000 8727.5020   23.8101
   -7.5000  -22.5000   30.0000 9752.4512   23.7013
    0.0000  -22.5000   30.000010313.2227   23.6618
    7.5000  -22.5000   30.0000 9813.7676   23.6725
   -7.5000  -15.0000   30.000010793.2832   23.7198
    0.0000  -15.0000   30.000011420.6152   23.6831
    7.5000  -15.0000   30.000010871.5996   23.7003
   -7.5000   -7.5000   30.000011849.6768   23.7556
    0.0000   -7.5000   30.000012596.2139   23.7274
    7.5000   -7.5000   30.000011987.7090   23.7505
   -7.5000    0.0000   30.000012902.2979   23.7711
    0.0000    0.0000   30.000013835.9775   23.7493
    7.5000    0.0000   30.000013125.1699   23.7719
   -7.5000    7.5000   30.000012976.5742   23.7482
    0.0000    7.5000   30.000013818.5088   23.7230
    7.5000    7.5000   30.000013062.1172   23.7395
   -7.5000   15.0000   30.000012815.9883   23.7124
    0.0000   15.0000   30.000013464.4512   23.6781
    7.5000   15.0000   30.000012770.6367   23.6885
   -7.5000   22.5000   30.000012543.8525   23.6885
    0.0000   22.5000   30.000013183.5947   23.6491
    7.5000   22.5000   30.000012524.1934   23.6597
   -7.5000   30.0000   30.000012044.5010   23.4128
    0.0000   30.0000   30.000012727.6572   23.3766
    7.5000   30.0000   30.000012042.3311   23.3935
   -7.5000   37.5000   30.000011792.3193   23.4481
    0.0000   37.5000   30.000012499.5176   23.4204
    7.5000   37.5000   30.000011818.0488   23.4431
   -7.5000   45.0000   30.000011065.9131   22.9126
    0.0000   45.0000   30.000011740.7725   22.8916
    7.5000   45.0000   30.000011109.5557   22.9133
   -7.5000  -45.0000   37.5000 6616.1729   25.5807
    0.0000  -45.0000   37.5000 7013.7598   25.5632
    7.5000  -45.0000   37.5000 6718.2773   25.5907
   -7.5000  -37.5000   37.5000 7346.4185   24.9534
    0.0000  -37.5000   37.5000 7787.7041   24.9370
    7.5000  -37.5000   37.5000 7441.4971   24.9589
   -7.5000  -30.0000   37.5000 8346.5566   24.4986
    0.0000  -30.0000   37.5000 8841.6719   24.4723
    7.5000  -30.0000   37.5000 8450.3691   24.4862
   -7.5000  -22.5000   37.5000 9370.7871   24.3602
    0.0000  -22.5000   37.5000 9904.0225   24.3283
    7.5000  -22.5000   37.5000 9487.0400   24.3415
   -7.5000  -15.0000   37.500010377.0166   24.3832
    0.0000  -15.0000   37.500010970.2324   24.3529
    7.5000  -15.0000   37.500010526.7373   24.3724
   -7.5000   -7.5000   37.500011405.4834   24.4207
    0.0000   -7.5000   37.500012086.0000   24.3988
    7.5000   -7.5000   37.500011628.4766   24.4248
   -7.5000    0.0000   37.500012399.5566   24.4337
    0.0000    0.0000   37.500013173.6240   24.4194
    7.5000    0.0000   37.500012646.0107   24.4453
   -7.5000    7.5000   37.500012460.3604   24.4084
    0.0000    7.5000   37.500013105.0020   24.3914
    7.5000    7.5000   37.500012528.0508   24.4111
   -7.5000   15.0000   37.500012313.8193   24.3703
    0.0000   15.0000   37.500012880.4287   24.3442
    7.5000   15.0000   37.500012324.1768   24.3576
   -7.5000   22.5000   37.500012079.0498   24.3469
    0.0000   22.5000   37.500012676.0381   24.3151
    7.5000   22.5000   37.500012143.7832   24.3283
   -7.5000   30.0000   37.500011650.7100   24.0677
    0.0000   30.0000   37.500012266.2793   24.0378
    7.5000   30.0000   37.500011723.3848   24.0570
   -7.5000   37.5000   37.500011459.8428   24.1046
    0.0000   37.5000   37.500012064.3848   24.0831
    7.5000   37.5000   37.500011541.3389   24.1087
   -7.5000   45.0000   37.500010757.3555   23.5513
    0.0000   45.0000   37.500011360.1426   23.5375
    7.5000   45.0000   37.500010850.9854   23.5625
   -7.5000  -45.0000   45.0000 6154.8491   26.4935
    0.0000  -45.0000   45.0000 6544.9204   26.4872
    7.5000  -45.0000   45.0000 6285.4854   26.5288
   -7.5000  -37.5000   45.0000 6838.8413   25.8351
    0.0000  -37.5000   45.0000 7247.7783   25.8255
    7.5000  -37.5000   45.0000 6961.9092   25.8596
   -7.5000  -30.0000   45.0000 7774.0723   25.3681
    0.0000  -30.0000   45.0000 8206.4688   25.3494
    7.5000  -30.0000   45.0000 7887.4819   25.3684
   -7.5000  -22.5000   45.0000 8724.7129   25.2271
    0.0000  -22.5000   45.0000 9203.4590   25.2077
    7.5000  -22.5000   45.0000 8860.7627   25.2198
   -7.5000  -15.0000   45.0000 9650.0547   25.2407
    0.0000  -15.0000   45.000010188.4619   25.2266
    7.5000  -15.0000   45.0000 9828.0918   25.2450
   -7.5000   -7.5000   45.000010623.6621   25.2572
    0.0000   -7.5000   45.000011215.1162   25.2501
    7.5000   -7.5000   45.000010855.7559   25.2827
   -7.5000    0.0000   45.000011555.8418   25.2598
    0.0000    0.0000   45.000012173.2764   25.2558
    7.5000    0.0000   45.000011730.0430   25.2946
   -7.5000    7.5000   45.000011563.0605   25.2479
    0.0000    7.5000   45.000012093.7070   25.2377
    7.5000    7.5000   45.000011619.0977   25.2688
   -7.5000   15.0000   45.000011396.7539   25.2294
    0.0000   15.0000   45.000011902.5273   25.2109
    7.5000   15.0000   45.000011443.5303   25.2295
   -7.5000   22.5000   45.000011184.5820   25.2132
    0.0000   22.5000   45.000011721.8213   25.1937
    7.5000   22.5000   45.000011245.3701   25.2059
   -7.5000   30.0000   45.000010847.5195   24.9119
    0.0000   30.0000   45.000011382.3408   24.8980
    7.5000   30.0000   45.000010902.2539   24.9161
   -7.5000   37.5000   45.000010709.3896   24.9282
    0.0000   37.5000   45.000011251.9043   24.9212
    7.5000   37.5000   45.000010767.3643   24.9533
   -7.5000   45.0000   45.000010074.0312   24.3586
    0.0000   45.0000   45.000010604.8184   24.3548
    7.5000   45.0000   45.000010155.7832   24.3921

---------------------------------------------------------------------
imgreg_4dfp /opt/freesurfer/average/711-2C_as_mni_average_305 /opt/freesurfer/average/711-2B_as_mni_average_305_mask talsrcimg_g11 none talsrcimg_to_711-2C_as_mni_average_305_t4 4355
---------------------------------------------------------------------

freesurfer imgreg_4dfp.c
/opt/freesurfer/average/711-2C_as_mni_average_305.4dfp.img
       256       256       256         1
  1.000000  1.000000  1.000000
orientation T byte_order littleendian
Reading image: /opt/freesurfer/average/711-2C_as_mni_average_305.4dfp.img
dimensions:      256       256       256
mmppix:       1.0000   -1.0000   -1.0000
center:     128.0000 -129.0000 -129.0000
/opt/freesurfer/average/711-2B_as_mni_average_305_mask.4dfp.img
       256       256       256         1
  1.000000  1.000000  1.000000
orientation T byte_order littleendian
Reading mask: /opt/freesurfer/average/711-2B_as_mni_average_305_mask.4dfp.img (2306576 pixels)
talsrcimg_g11.4dfp.img
       256       256       256         1
  1.000000  1.000000  1.000000
orientation T byte_order littleendian
Reading image: talsrcimg_g11.4dfp.img
dimensions:      256       256       256
mmppix:       1.0000   -1.0000   -1.0000
center:     128.0000 -129.0000 -129.0000
rotation matrix determinant  1.000000
image alignment mode   4355 decimal     1103 hex
   -7.5000  -37.5000  -37.5000 2038.5730   29.0003
    0.0000  -37.5000  -37.5000 2047.7921   28.7983
    7.5000  -37.5000  -37.5000 2034.4696   28.7740
   -7.5000  -30.0000  -37.5000 2158.5366   26.2714
    0.0000  -30.0000  -37.5000 2168.1365   26.0850
    7.5000  -30.0000  -37.5000 2152.0959   26.0088
   -7.5000  -22.5000  -37.5000 2260.9233   23.9482
    0.0000  -22.5000  -37.5000 2269.7761   23.8554
    7.5000  -22.5000  -37.5000 2252.7488   23.8284
   -7.5000  -15.0000  -37.5000 2335.6462   22.1395
    0.0000  -15.0000  -37.5000 2339.9951   22.0190
    7.5000  -15.0000  -37.5000 2320.3420   22.1181
   -7.5000   -7.5000  -37.5000 2379.9832   20.8862
    0.0000   -7.5000  -37.5000 2393.0757   20.7441
    7.5000   -7.5000  -37.5000 2369.8459   20.8751
   -7.5000    0.0000  -37.5000 2404.0527   20.0390
    0.0000    0.0000  -37.5000 2419.9565   19.9109
    7.5000    0.0000  -37.5000 2401.6150   20.0331
   -7.5000    7.5000  -37.5000 2425.0242   19.6457
    0.0000    7.5000  -37.5000 2439.9001   19.4795
    7.5000    7.5000  -37.5000 2425.1489   19.5546
   -7.5000   15.0000  -37.5000 2429.7844   19.7375
    0.0000   15.0000  -37.5000 2449.4209   19.5657
    7.5000   15.0000  -37.5000 2427.6013   19.5886
   -7.5000   22.5000  -37.5000 2427.1165   20.2108
    0.0000   22.5000  -37.5000 2440.7625   20.0640
    7.5000   22.5000  -37.5000 2416.2610   20.0702
   -7.5000   30.0000  -37.5000 2391.6382   21.0159
    0.0000   30.0000  -37.5000 2408.8330   20.8684
    7.5000   30.0000  -37.5000 2383.4065   20.8118
   -7.5000   37.5000  -37.5000 2340.8721   22.1328
    0.0000   37.5000  -37.5000 2359.7798   21.9545
    7.5000   37.5000  -37.5000 2333.9976   21.8920
   -7.5000   45.0000  -37.5000 2267.6555   23.5052
    0.0000   45.0000  -37.5000 2285.6375   23.3231
    7.5000   45.0000  -37.5000 2263.1650   23.2631
   -7.5000   52.5000  -37.5000 2160.7859   25.1630
    0.0000   52.5000  -37.5000 2176.6204   24.9262
    7.5000   52.5000  -37.5000 2154.7007   24.9514
   -7.5000  -37.5000  -30.0000 2129.3765   28.6194
    0.0000  -37.5000  -30.0000 2138.3745   28.3276
    7.5000  -37.5000  -30.0000 2112.9480   28.3580
   -7.5000  -30.0000  -30.0000 2260.9788   25.8643
    0.0000  -30.0000  -30.0000 2271.7051   25.6141
    7.5000  -30.0000  -30.0000 2243.0122   25.5435
   -7.5000  -22.5000  -30.0000 2372.7515   23.5850
    0.0000  -22.5000  -30.0000 2385.5552   23.3703
    7.5000  -22.5000  -30.0000 2355.3787   23.3762
   -7.5000  -15.0000  -30.0000 2454.1619   21.7456
    0.0000  -15.0000  -30.0000 2466.4192   21.5881
    7.5000  -15.0000  -30.0000 2435.0420   21.6306
   -7.5000   -7.5000  -30.0000 2506.6060   20.3696
    0.0000   -7.5000  -30.0000 2517.9500   20.1680
    7.5000   -7.5000  -30.0000 2489.7122   20.3156
   -7.5000    0.0000  -30.0000 2533.8208   19.4473
    0.0000    0.0000  -30.0000 2548.8735   19.2655
    7.5000    0.0000  -30.0000 2522.2190   19.3795
   -7.5000    7.5000  -30.0000 2556.3064   18.9627
    0.0000    7.5000  -30.0000 2573.8040   18.8127
    7.5000    7.5000  -30.0000 2546.5420   18.8610
   -7.5000   15.0000  -30.0000 2559.5889   19.0548
    0.0000   15.0000  -30.0000 2577.7302   18.8660
    7.5000   15.0000  -30.0000 2549.5012   18.9163
   -7.5000   22.5000  -30.0000 2555.5818   19.4806
    0.0000   22.5000  -30.0000 2575.6377   19.3162
    7.5000   22.5000  -30.0000 2541.7644   19.3532
   -7.5000   30.0000  -30.0000 2526.5337   20.1800
    0.0000   30.0000  -30.0000 2543.9546   20.0342
    7.5000   30.0000  -30.0000 2512.7053   20.0251
   -7.5000   37.5000  -30.0000 2478.2346   21.2064
    0.0000   37.5000  -30.0000 2498.9902   21.0586
    7.5000   37.5000  -30.0000 2465.4702   21.0211
   -7.5000   45.0000  -30.0000 2409.1758   22.4840
    0.0000   45.0000  -30.0000 2429.5437   22.3423
    7.5000   45.0000  -30.0000 2399.0796   22.3055
   -7.5000   52.5000  -30.0000 2293.6516   24.0935
    0.0000   52.5000  -30.0000 2313.0601   23.8918
    7.5000   52.5000  -30.0000 2285.7932   23.9150
   -7.5000  -37.5000  -22.5000 2190.2388   28.1663
    0.0000  -37.5000  -22.5000 2200.9331   27.8975
    7.5000  -37.5000  -22.5000 2180.2021   27.9704
   -7.5000  -30.0000  -22.5000 2328.4993   25.3278
    0.0000  -30.0000  -22.5000 2341.8525   25.1055
    7.5000  -30.0000  -22.5000 2316.2268   25.1273
   -7.5000  -22.5000  -22.5000 2453.1812   23.1058
    0.0000  -22.5000  -22.5000 2468.3237   22.8612
    7.5000  -22.5000  -22.5000 2436.2295   22.9046
   -7.5000  -15.0000  -22.5000 2529.7219   21.2416
    0.0000  -15.0000  -22.5000 2549.9185   21.0076
    7.5000  -15.0000  -22.5000 2519.4631   21.1114
   -7.5000   -7.5000  -22.5000 2591.2578   19.8275
    0.0000   -7.5000  -22.5000 2606.3511   19.5710
    7.5000   -7.5000  -22.5000 2583.0032   19.7274
   -7.5000    0.0000  -22.5000 2624.9563   18.7561
    0.0000    0.0000  -22.5000 2639.8728   18.5299
    7.5000    0.0000  -22.5000 2615.2664   18.6919
   -7.5000    7.5000  -22.5000 2653.3403   18.1674
    0.0000    7.5000  -22.5000 2672.5356   17.9606
    7.5000    7.5000  -22.5000 2643.3975   18.0872
   -7.5000   15.0000  -22.5000 2658.8540   18.2245
    0.0000   15.0000  -22.5000 2674.3179   18.0208
    7.5000   15.0000  -22.5000 2655.2007   18.1516
   -7.5000   22.5000  -22.5000 2657.9229   18.6366
    0.0000   22.5000  -22.5000 2681.8174   18.4438
    7.5000   22.5000  -22.5000 2656.9036   18.5467
   -7.5000   30.0000  -22.5000 2635.5632   19.3253
    0.0000   30.0000  -22.5000 2653.8052   19.1116
    7.5000   30.0000  -22.5000 2632.3860   19.1939
   -7.5000   37.5000  -22.5000 2586.5933   20.2823
    0.0000   37.5000  -22.5000 2607.1943   20.0584
    7.5000   37.5000  -22.5000 2585.6487   20.1584
   -7.5000   45.0000  -22.5000 2510.5007   21.4877
    0.0000   45.0000  -22.5000 2532.3164   21.2960
    7.5000   45.0000  -22.5000 2511.1763   21.3653
   -7.5000   52.5000  -22.5000 2393.5352   23.0262
    0.0000   52.5000  -22.5000 2413.0906   22.7924
    7.5000   52.5000  -22.5000 2393.6301   22.9042
   -7.5000  -37.5000  -15.0000 2217.2070   27.9279
    0.0000  -37.5000  -15.0000 2232.8403   27.6442
    7.5000  -37.5000  -15.0000 2221.5317   27.7615
   -7.5000  -30.0000  -15.0000 2354.7058   24.9905
    0.0000  -30.0000  -15.0000 2374.1084   24.7366
    7.5000  -30.0000  -15.0000 2354.7424   24.7638
   -7.5000  -22.5000  -15.0000 2477.2747   22.6284
    0.0000  -22.5000  -15.0000 2501.6804   22.3740
    7.5000  -22.5000  -15.0000 2476.7849   22.4795
   -7.5000  -15.0000  -15.0000 2568.2239   20.7930
    0.0000  -15.0000  -15.0000 2591.2195   20.5280
    7.5000  -15.0000  -15.0000 2568.5742   20.6602
   -7.5000   -7.5000  -15.0000 2634.6931   19.3526
    0.0000   -7.5000  -15.0000 2657.5251   19.0949
    7.5000   -7.5000  -15.0000 2636.0955   19.2473
   -7.5000    0.0000  -15.0000 2671.4524   18.2429
    0.0000    0.0000  -15.0000 2691.8887   17.9598
    7.5000    0.0000  -15.0000 2673.3691   18.2010
   -7.5000    7.5000  -15.0000 2707.8149   17.4927
    0.0000    7.5000  -15.0000 2726.1055   17.2493
    7.5000    7.5000  -15.0000 2707.5452   17.4925
   -7.5000   15.0000  -15.0000 2726.2307   17.4482
    0.0000   15.0000  -15.0000 2739.9297   17.2153
    7.5000   15.0000  -15.0000 2730.8367   17.4657
   -7.5000   22.5000  -15.0000 2728.6008   17.8672
    0.0000   22.5000  -15.0000 2756.5188   17.6334
    7.5000   22.5000  -15.0000 2744.4624   17.8207
   -7.5000   30.0000  -15.0000 2706.0417   18.5606
    0.0000   30.0000  -15.0000 2728.9861   18.3088
    7.5000   30.0000  -15.0000 2721.6836   18.4602
   -7.5000   37.5000  -15.0000 2660.1677   19.4931
    0.0000   37.5000  -15.0000 2685.0359   19.2212
    7.5000   37.5000  -15.0000 2673.9568   19.3943
   -7.5000   45.0000  -15.0000 2589.3196   20.7092
    0.0000   45.0000  -15.0000 2613.0266   20.4636
    7.5000   45.0000  -15.0000 2595.1392   20.6219
   -7.5000   52.5000  -15.0000 2466.6504   22.1677
    0.0000   52.5000  -15.0000 2488.6262   21.9304
    7.5000   52.5000  -15.0000 2470.1357   22.0635
   -7.5000  -37.5000   -7.5000 2230.4001   27.9344
    0.0000  -37.5000   -7.5000 2247.5322   27.5619
    7.5000  -37.5000   -7.5000 2237.4351   27.7144
   -7.5000  -30.0000   -7.5000 2363.5540   24.8027
    0.0000  -30.0000   -7.5000 2387.3298   24.4838
    7.5000  -30.0000   -7.5000 2372.5999   24.6310
   -7.5000  -22.5000   -7.5000 2485.2617   22.3649
    0.0000  -22.5000   -7.5000 2510.1062   22.0846
    7.5000  -22.5000   -7.5000 2496.4670   22.2233
   -7.5000  -15.0000   -7.5000 2581.8474   20.4964
    0.0000  -15.0000   -7.5000 2606.3545   20.1992
    7.5000  -15.0000   -7.5000 2596.7812   20.3529
   -7.5000   -7.5000   -7.5000 2656.1777   19.0533
    0.0000   -7.5000   -7.5000 2684.1973   18.7838
    7.5000   -7.5000   -7.5000 2683.0500   18.9738
   -7.5000    0.0000   -7.5000 2698.2170   17.9039
    0.0000    0.0000   -7.5000 2725.0693   17.6214
    7.5000    0.0000   -7.5000 2729.2708   17.9530
   -7.5000    7.5000   -7.5000 2733.6223   17.1116
    0.0000    7.5000   -7.5000 2758.2102   16.8048
    7.5000    7.5000   -7.5000 2765.1624   17.2430
   -7.5000   15.0000   -7.5000 2757.9526   16.8926
    0.0000   15.0000   -7.5000 2780.6118   16.6230
    7.5000   15.0000   -7.5000 2783.0320   17.0262
   -7.5000   22.5000   -7.5000 2774.1138   17.2777
    0.0000   22.5000   -7.5000 2803.5071   17.0173
    7.5000   22.5000   -7.5000 2806.1621   17.3243
   -7.5000   30.0000   -7.5000 2753.2322   17.9663
    0.0000   30.0000   -7.5000 2787.3513   17.6753
    7.5000   30.0000   -7.5000 2794.7427   17.9358
   -7.5000   37.5000   -7.5000 2712.5898   18.8400
    0.0000   37.5000   -7.5000 2745.7280   18.5709
    7.5000   37.5000   -7.5000 2750.9487   18.8348
   -7.5000   45.0000   -7.5000 2640.7151   19.9965
    0.0000   45.0000   -7.5000 2666.3218   19.7390
    7.5000   45.0000   -7.5000 2664.7483   19.9893
   -7.5000   52.5000   -7.5000 2516.0054   21.4391
    0.0000   52.5000   -7.5000 2542.2781   21.1812
    7.5000   52.5000   -7.5000 2532.4607   21.3852
   -7.5000  -37.5000    0.0000 2215.5820   28.1817
    0.0000  -37.5000    0.0000 2232.5798   27.6220
    7.5000  -37.5000    0.0000 2225.9705   27.7872
   -7.5000  -30.0000    0.0000 2344.3633   24.8543
    0.0000  -30.0000    0.0000 2362.9519   24.4231
    7.5000  -30.0000    0.0000 2351.2114   24.5304
   -7.5000  -22.5000    0.0000 2467.1277   22.3593
    0.0000  -22.5000    0.0000 2483.8271   21.9452
    7.5000  -22.5000    0.0000 2476.1531   22.0691
   -7.5000  -15.0000    0.0000 2570.8716   20.4324
    0.0000  -15.0000    0.0000 2589.4062   20.0562
    7.5000  -15.0000    0.0000 2587.8755   20.2091
   -7.5000   -7.5000    0.0000 2656.8699   19.0429
    0.0000   -7.5000    0.0000 2682.8953   18.6913
    7.5000   -7.5000    0.0000 2690.9927   18.8343
   -7.5000    0.0000    0.0000 2718.8542   18.0567
    0.0000    0.0000    0.0000 2750.7581   17.7186
    7.5000    0.0000    0.0000 2764.1536   17.9226
   -7.5000    7.5000    0.0000 2767.6509   17.3779
    0.0000    7.5000    0.0000 2795.9683   17.0213
    7.5000    7.5000    0.0000 2816.7915   17.4137
   -7.5000   15.0000    0.0000 2797.8289   16.9463
    0.0000   15.0000    0.0000 2820.6118   16.5815
    7.5000   15.0000    0.0000 2831.1255   17.0081
   -7.5000   22.5000    0.0000 2816.7136   17.0947
    0.0000   22.5000    0.0000 2840.1982   16.7464
    7.5000   22.5000    0.0000 2835.2832   17.0336
   -7.5000   30.0000    0.0000 2793.5205   17.6581
    0.0000   30.0000    0.0000 2820.4824   17.3204
    7.5000   30.0000    0.0000 2819.8518   17.4837
   -7.5000   37.5000    0.0000 2755.9114   18.4605
    0.0000   37.5000    0.0000 2780.6855   18.1040
    7.5000   37.5000    0.0000 2778.1418   18.2457
   -7.5000   45.0000    0.0000 2676.9197   19.6012
    0.0000   45.0000    0.0000 2697.7170   19.2474
    7.5000   45.0000    0.0000 2694.8235   19.3704
   -7.5000   52.5000    0.0000 2552.3538   21.1117
    0.0000   52.5000    0.0000 2573.2100   20.7260
    7.5000   52.5000    0.0000 2565.0513   20.8462
   -7.5000  -37.5000    7.5000 2198.0513   28.8978
    0.0000  -37.5000    7.5000 2211.4502   28.2836
    7.5000  -37.5000    7.5000 2211.1777   28.3590
   -7.5000  -30.0000    7.5000 2325.6025   25.4024
    0.0000  -30.0000    7.5000 2340.1243   24.8664
    7.5000  -30.0000    7.5000 2338.3918   24.9672
   -7.5000  -22.5000    7.5000 2442.0737   22.7748
    0.0000  -22.5000    7.5000 2460.9275   22.2725
    7.5000  -22.5000    7.5000 2457.4778   22.3247
   -7.5000  -15.0000    7.5000 2552.6218   20.8063
    0.0000  -15.0000    7.5000 2575.9365   20.3609
    7.5000  -15.0000    7.5000 2574.3323   20.3384
   -7.5000   -7.5000    7.5000 2655.5593   19.4648
    0.0000   -7.5000    7.5000 2685.8843   19.0294
    7.5000   -7.5000    7.5000 2686.1946   18.9788
   -7.5000    0.0000    7.5000 2765.9646   18.6975
    0.0000    0.0000    7.5000 2790.5671   18.2990
    7.5000    0.0000    7.5000 2780.8740   18.0777
   -7.5000    7.5000    7.5000 2855.5918   18.3064
    0.0000    7.5000    7.5000 2882.7351   17.8927
    7.5000    7.5000    7.5000 2853.3560   17.5760
   -7.5000   15.0000    7.5000 2897.8953   17.7443
    0.0000   15.0000    7.5000 2913.5234   17.3205
    7.5000   15.0000    7.5000 2880.5273   17.1945
   -7.5000   22.5000    7.5000 2876.7314   17.3983
    0.0000   22.5000    7.5000 2884.7905   16.9760
    7.5000   22.5000    7.5000 2861.3455   16.9973
   -7.5000   30.0000    7.5000 2827.5935   17.5530
    0.0000   30.0000    7.5000 2839.6040   17.1752
    7.5000   30.0000    7.5000 2827.4678   17.1899
   -7.5000   37.5000    7.5000 2779.6714   18.1876
    0.0000   37.5000    7.5000 2791.7231   17.7702
    7.5000   37.5000    7.5000 2784.1240   17.8200
   -7.5000   45.0000    7.5000 2702.4978   19.3463
    0.0000   45.0000    7.5000 2719.8699   18.9131
    7.5000   45.0000    7.5000 2711.4463   19.0189
   -7.5000   52.5000    7.5000 2580.1704   20.9629
    0.0000   52.5000    7.5000 2600.7473   20.5392
    7.5000   52.5000    7.5000 2585.7573   20.6601
   -7.5000  -37.5000   15.0000 2167.0500   29.9687
    0.0000  -37.5000   15.0000 2180.5195   29.2487
    7.5000  -37.5000   15.0000 2180.5964   29.1423
   -7.5000  -30.0000   15.0000 2297.2913   26.4258
    0.0000  -30.0000   15.0000 2307.0879   25.7862
    7.5000  -30.0000   15.0000 2307.1184   25.6487
   -7.5000  -22.5000   15.0000 2434.0828   23.8537
    0.0000  -22.5000   15.0000 2440.7388   23.2995
    7.5000  -22.5000   15.0000 2432.2209   22.9978
   -7.5000  -15.0000   15.0000 2568.4915   21.9474
    0.0000  -15.0000   15.0000 2578.3066   21.4097
    7.5000  -15.0000   15.0000 2558.1443   21.0346
   -7.5000   -7.5000   15.0000 2695.0364   20.4953
    0.0000   -7.5000   15.0000 2715.1169   20.0079
    7.5000   -7.5000   15.0000 2678.6094   19.5923
   -7.5000    0.0000   15.0000 2815.4792   19.5825
    0.0000    0.0000   15.0000 2834.4397   19.1741
    7.5000    0.0000   15.0000 2783.0911   18.5975
   -7.5000    7.5000   15.0000 2903.6062   18.9477
    0.0000    7.5000   15.0000 2940.2366   18.7247
    7.5000    7.5000   15.0000 2864.1501   17.9840
   -7.5000   15.0000   15.0000 2941.8413   18.3263
    0.0000   15.0000   15.0000 2989.6521   18.0924
    7.5000   15.0000   15.0000 2898.1072   17.5186
   -7.5000   22.5000   15.0000 2908.1165   17.8094
    0.0000   22.5000   15.0000 2943.4543   17.5070
    7.5000   22.5000   15.0000 2878.3401   17.2277
   -7.5000   30.0000   15.0000 2847.2727   17.8987
    0.0000   30.0000   15.0000 2866.1667   17.5366
    7.5000   30.0000   15.0000 2831.0620   17.4013
   -7.5000   37.5000   15.0000 2781.1370   18.4335
    0.0000   37.5000   15.0000 2792.0491   18.0137
    7.5000   37.5000   15.0000 2780.1575   18.0104
   -7.5000   45.0000   15.0000 2693.0271   19.5026
    0.0000   45.0000   15.0000 2709.9927   19.0866
    7.5000   45.0000   15.0000 2699.3071   19.1343
   -7.5000   52.5000   15.0000 2576.8892   21.0249
    0.0000   52.5000   15.0000 2595.7974   20.6061
    7.5000   52.5000   15.0000 2582.3445   20.6330
   -7.5000  -37.5000   22.5000 2164.6060   31.7982
    0.0000  -37.5000   22.5000 2176.3625   30.9829
    7.5000  -37.5000   22.5000 2156.9734   30.5590
   -7.5000  -30.0000   22.5000 2301.2087   28.0497
    0.0000  -30.0000   22.5000 2308.5188   27.3540
    7.5000  -30.0000   22.5000 2284.8369   26.9474
   -7.5000  -22.5000   22.5000 2440.9204   25.2032
    0.0000  -22.5000   22.5000 2446.3342   24.5601
    7.5000  -22.5000   22.5000 2415.6619   24.1109
   -7.5000  -15.0000   22.5000 2572.5708   22.9815
    0.0000  -15.0000   22.5000 2580.9929   22.4401
    7.5000  -15.0000   22.5000 2544.9546   21.9267
   -7.5000   -7.5000   22.5000 2692.5608   21.2810
    0.0000   -7.5000   22.5000 2712.1572   20.8130
    7.5000   -7.5000   22.5000 2668.3608   20.3006
   -7.5000    0.0000   22.5000 2797.1277   20.0716
    0.0000    0.0000   22.5000 2826.8416   19.7350
    7.5000    0.0000   22.5000 2776.7568   19.1927
   -7.5000    7.5000   22.5000 2879.1931   19.1256
    0.0000    7.5000   22.5000 2938.7383   19.0414
    7.5000    7.5000   22.5000 2867.9441   18.4280
   -7.5000   15.0000   22.5000 2913.8328   18.3397
    0.0000   15.0000   22.5000 2958.4243   18.0405
    7.5000   15.0000   22.5000 2887.7822   17.7078
   -7.5000   22.5000   22.5000 2896.5620   18.0624
    0.0000   22.5000   22.5000 2922.4600   17.5117
    7.5000   22.5000   22.5000 2857.9592   17.3751
   -7.5000   30.0000   22.5000 2841.6890   18.2866
    0.0000   30.0000   22.5000 2867.2876   17.8185
    7.5000   30.0000   22.5000 2829.5251   17.7251
   -7.5000   37.5000   22.5000 2774.4709   18.9028
    0.0000   37.5000   22.5000 2797.5820   18.5568
    7.5000   37.5000   22.5000 2778.1340   18.5174
   -7.5000   45.0000   22.5000 2690.4229   20.0054
    0.0000   45.0000   22.5000 2706.1321   19.6735
    7.5000   45.0000   22.5000 2689.6597   19.6768
   -7.5000   52.5000   22.5000 2560.5156   21.4186
    0.0000   52.5000   22.5000 2578.6033   21.0968
    7.5000   52.5000   22.5000 2567.6931   21.1001
   -7.5000  -37.5000   30.0000 2149.7881   33.7106
    0.0000  -37.5000   30.0000 2160.9736   32.9015
    7.5000  -37.5000   30.0000 2137.6091   32.3568
   -7.5000  -30.0000   30.0000 2284.5547   29.4534
    0.0000  -30.0000   30.0000 2293.3909   28.7293
    7.5000  -30.0000   30.0000 2270.3962   28.3743
   -7.5000  -22.5000   30.0000 2411.0354   26.1746
    0.0000  -22.5000   30.0000 2418.3052   25.5035
    7.5000  -22.5000   30.0000 2396.0916   25.1744
   -7.5000  -15.0000   30.0000 2526.5535   23.6807
    0.0000  -15.0000   30.0000 2540.4351   23.1019
    7.5000  -15.0000   30.0000 2515.3406   22.7170
   -7.5000   -7.5000   30.0000 2631.7554   21.7818
    0.0000   -7.5000   30.0000 2651.8896   21.2553
    7.5000   -7.5000   30.0000 2625.4380   20.9314
   -7.5000    0.0000   30.0000 2721.0271   20.3772
    0.0000    0.0000   30.0000 2743.1658   19.9445
    7.5000    0.0000   30.0000 2722.0547   19.6927
   -7.5000    7.5000   30.0000 2792.7534   19.2412
    0.0000    7.5000   30.0000 2820.1108   18.8689
    7.5000    7.5000   30.0000 2794.9556   18.6773
   -7.5000   15.0000   30.0000 2833.9548   18.4856
    0.0000   15.0000   30.0000 2849.5449   17.8722
    7.5000   15.0000   30.0000 2814.2388   17.8272
   -7.5000   22.5000   30.0000 2845.1843   18.3160
    0.0000   22.5000   30.0000 2866.5508   17.7372
    7.5000   22.5000   30.0000 2835.5481   17.7055
   -7.5000   30.0000   30.0000 2817.0464   18.7359
    0.0000   30.0000   30.0000 2843.2358   18.3208
    7.5000   30.0000   30.0000 2815.9365   18.2803
   -7.5000   37.5000   30.0000 2751.0815   19.5619
    0.0000   37.5000   30.0000 2778.7246   19.2275
    7.5000   37.5000   30.0000 2760.9182   19.2211
   -7.5000   45.0000   30.0000 2668.8005   20.7962
    0.0000   45.0000   30.0000 2693.9729   20.4598
    7.5000   45.0000   30.0000 2677.1880   20.4807
   -7.5000   52.5000   30.0000 2539.7422   22.2281
    0.0000   52.5000   30.0000 2563.3215   21.9153
    7.5000   52.5000   30.0000 2549.1360   21.9244
   -7.5000  -37.5000   37.5000 2098.3445   35.2279
    0.0000  -37.5000   37.5000 2113.6028   34.2773
    7.5000  -37.5000   37.5000 2094.4092   33.8596
   -7.5000  -30.0000   37.5000 2236.0188   30.5037
    0.0000  -30.0000   37.5000 2246.7212   29.7046
    7.5000  -30.0000   37.5000 2228.0615   29.4991
   -7.5000  -22.5000   37.5000 2356.6023   26.9274
    0.0000  -22.5000   37.5000 2368.1904   26.2204
    7.5000  -22.5000   37.5000 2351.4675   26.0949
   -7.5000  -15.0000   37.5000 2462.9824   24.3098
    0.0000  -15.0000   37.5000 2481.9041   23.6340
    7.5000  -15.0000   37.5000 2466.8723   23.5760
   -7.5000   -7.5000   37.5000 2573.9705   22.4066
    0.0000   -7.5000   37.5000 2594.2048   21.7758
    7.5000   -7.5000   37.5000 2582.7383   21.7038
   -7.5000    0.0000   37.5000 2672.9043   20.9954
    0.0000    0.0000   37.5000 2691.6721   20.4452
    7.5000    0.0000   37.5000 2684.6426   20.3861
   -7.5000    7.5000   37.5000 2749.7366   19.8962
    0.0000    7.5000   37.5000 2763.5500   19.1964
    7.5000    7.5000   37.5000 2743.9966   19.1440
   -7.5000   15.0000   37.5000 2799.8711   19.1748
    0.0000   15.0000   37.5000 2816.9443   18.4492
    7.5000   15.0000   37.5000 2795.0918   18.4827
   -7.5000   22.5000   37.5000 2814.6826   19.0728
    0.0000   22.5000   37.5000 2848.3076   18.5087
    7.5000   22.5000   37.5000 2824.3284   18.5027
   -7.5000   30.0000   37.5000 2785.4939   19.4810
    0.0000   30.0000   37.5000 2820.7939   19.0939
    7.5000   30.0000   37.5000 2798.9429   19.0512
   -7.5000   37.5000   37.5000 2712.8313   20.3797
    0.0000   37.5000   37.5000 2739.8591   19.9948
    7.5000   37.5000   37.5000 2730.2473   20.0372
   -7.5000   45.0000   37.5000 2618.0815   21.5608
    0.0000   45.0000   37.5000 2649.1470   21.2573
    7.5000   45.0000   37.5000 2641.0430   21.3272
   -7.5000   52.5000   37.5000 2495.2427   23.0253
    0.0000   52.5000   37.5000 2527.0522   22.7682
    7.5000   52.5000   37.5000 2512.2820   22.7770
   -7.5000  -37.5000   45.0000 2034.5400   36.6533
    0.0000  -37.5000   45.0000 2050.8435   35.5964
    7.5000  -37.5000   45.0000 2042.1111   35.3893
   -7.5000  -30.0000   45.0000 2173.9006   31.6701
    0.0000  -30.0000   45.0000 2188.2021   30.7537
    7.5000  -30.0000   45.0000 2178.9622   30.7572
   -7.5000  -22.5000   45.0000 2293.7041   27.9067
    0.0000  -22.5000   45.0000 2306.0664   27.0682
    7.5000  -22.5000   45.0000 2303.7729   27.1671
   -7.5000  -15.0000   45.0000 2409.6704   25.2719
    0.0000  -15.0000   45.0000 2425.8589   24.4694
    7.5000  -15.0000   45.0000 2420.5046   24.6042
   -7.5000   -7.5000   45.0000 2528.0149   23.3717
    0.0000   -7.5000   45.0000 2541.6086   22.5915
    7.5000   -7.5000   45.0000 2539.8066   22.7090
   -7.5000    0.0000   45.0000 2620.0793   21.8823
    0.0000    0.0000   45.0000 2631.7971   21.0721
    7.5000    0.0000   45.0000 2627.0588   21.1128
   -7.5000    7.5000   45.0000 2695.3535   20.7786
    0.0000    7.5000   45.0000 2711.3870   19.9248
    7.5000    7.5000   45.0000 2697.8669   19.9454
   -7.5000   15.0000   45.0000 2742.8096   20.0921
    0.0000   15.0000   45.0000 2763.9248   19.3785
    7.5000   15.0000   45.0000 2751.2546   19.4306
   -7.5000   22.5000   45.0000 2762.5996   20.0419
    0.0000   22.5000   45.0000 2792.9736   19.4677
    7.5000   22.5000   45.0000 2774.7109   19.4790
   -7.5000   30.0000   45.0000 2730.2834   20.5011
    0.0000   30.0000   45.0000 2768.3242   20.0439
    7.5000   30.0000   45.0000 2747.4060   20.0394
   -7.5000   37.5000   45.0000 2662.1870   21.3950
    0.0000   37.5000   45.0000 2692.7703   20.9971
    7.5000   37.5000   45.0000 2678.8667   21.0358
   -7.5000   45.0000   45.0000 2573.5732   22.5933
    0.0000   45.0000   45.0000 2600.2383   22.2743
    7.5000   45.0000   45.0000 2595.6594   22.2889
   -7.5000   52.5000   45.0000 2452.7761   24.0982
    0.0000   52.5000   45.0000 2480.1951   23.7631
    7.5000   52.5000   45.0000 2476.1162   23.7689
   -7.5000  -37.5000   52.5000 1970.5133   38.1900
    0.0000  -37.5000   52.5000 1986.6503   37.0717
    7.5000  -37.5000   52.5000 1987.9373   37.2325
   -7.5000  -30.0000   52.5000 2112.2786   33.0333
    0.0000  -30.0000   52.5000 2124.4221   31.9557
    7.5000  -30.0000   52.5000 2129.2944   32.2140
   -7.5000  -22.5000   52.5000 2238.0876   29.0985
    0.0000  -22.5000   52.5000 2253.1289   28.1190
    7.5000  -22.5000   52.5000 2256.0828   28.4057
   -7.5000  -15.0000   52.5000 2353.5874   26.3148
    0.0000  -15.0000   52.5000 2374.5225   25.4372
    7.5000  -15.0000   52.5000 2372.9006   25.7423
   -7.5000   -7.5000   52.5000 2463.9895   24.3455
    0.0000   -7.5000   52.5000 2474.5005   23.4778
    7.5000   -7.5000   52.5000 2478.0149   23.6720
   -7.5000    0.0000   52.5000 2556.8220   22.8829
    0.0000    0.0000   52.5000 2569.0881   21.9699
    7.5000    0.0000   52.5000 2569.6694   22.0773
   -7.5000    7.5000   52.5000 2634.1555   21.8375
    0.0000    7.5000   52.5000 2654.0266   20.9635
    7.5000    7.5000   52.5000 2644.3303   21.0659
   -7.5000   15.0000   52.5000 2675.4692   21.2299
    0.0000   15.0000   52.5000 2696.0215   20.5002
    7.5000   15.0000   52.5000 2685.8174   20.5875
   -7.5000   22.5000   52.5000 2691.6438   21.2090
    0.0000   22.5000   52.5000 2716.4221   20.5733
    7.5000   22.5000   52.5000 2701.5488   20.6152
   -7.5000   30.0000   52.5000 2658.3960   21.6694
    0.0000   30.0000   52.5000 2686.8152   21.1152
    7.5000   30.0000   52.5000 2672.6667   21.1701
   -7.5000   37.5000   52.5000 2597.4165   22.5036
    0.0000   37.5000   52.5000 2620.1917   22.0442
    7.5000   37.5000   52.5000 2612.4614   22.1286
   -7.5000   45.0000   52.5000 2515.1855   23.6722
    0.0000   45.0000   52.5000 2534.0686   23.2650
    7.5000   45.0000   52.5000 2534.2578   23.3825
   -7.5000   52.5000   52.5000 2394.2312   25.1060
    0.0000   52.5000   52.5000 2421.4583   24.8000
    7.5000   52.5000   52.5000 2415.4199   24.8382

---------------------------------------------------------------------
imgreg_4dfp /opt/freesurfer/average/711-2C_as_mni_average_305 /opt/freesurfer/average/711-2B_as_mni_average_305_mask talsrcimg_g11 none talsrcimg_to_711-2C_as_mni_average_305_t4 1283
---------------------------------------------------------------------

freesurfer imgreg_4dfp.c
/opt/freesurfer/average/711-2C_as_mni_average_305.4dfp.img
       256       256       256         1
  1.000000  1.000000  1.000000
orientation T byte_order littleendian
Reading image: /opt/freesurfer/average/711-2C_as_mni_average_305.4dfp.img
dimensions:      256       256       256
mmppix:       1.0000   -1.0000   -1.0000
center:     128.0000 -129.0000 -129.0000
/opt/freesurfer/average/711-2B_as_mni_average_305_mask.4dfp.img
       256       256       256         1
  1.000000  1.000000  1.000000
orientation T byte_order littleendian
Reading mask: /opt/freesurfer/average/711-2B_as_mni_average_305_mask.4dfp.img (2306576 pixels)
talsrcimg_g11.4dfp.img
       256       256       256         1
  1.000000  1.000000  1.000000
orientation T byte_order littleendian
Reading image: talsrcimg_g11.4dfp.img
dimensions:      256       256       256
mmppix:       1.0000   -1.0000   -1.0000
center:     128.0000 -129.0000 -129.0000
rotation matrix determinant  1.000000
fimgreg.f
image alignment mode   1283 decimal      503 hex
parameters
    0.0000   15.0000   15.0000    0.0000    0.0000    0.0000
eta,q 0.93842 18.22576
niter,ni,del,rscale     5    3   12.0000    1.2000
parameter  4  1.147146 ->  0.500000 qaram    1.1500
parameter  6  0.714954 ->  0.500000 qaram    1.1500
parameters
   -1.9429   14.5474   16.0770   -3.4500   -0.5648   -3.4500
eta,q 0.95064 18.47035
  0.0660  0.0702  0.0739  0.0517  0.0586  0.0502
  0.0578  0.0617  0.0671  0.0519  0.0543  0.0494
  0.0571  0.0579  0.0616  0.0537  0.0522  0.0498
  0.0612  0.0571  0.0567  0.0550  0.0523  0.0519
  0.0649  0.0597  0.0545  0.0578  0.0535  0.0559
  0.0715  0.0657  0.0579  0.0616  0.0567  0.0605
  0.0810  0.0740  0.0670  0.0646  0.0612  0.0648
niter,ni,del,rscale     6    3   12.0000    1.2000
parameters
   -1.5175   15.3703   15.4420   -5.9894   -0.9949   -4.0221
eta,q 0.95227 18.52751
  0.0727  0.0711  0.0624  0.0526  0.0560  0.0540
  0.0634  0.0604  0.0553  0.0493  0.0524  0.0509
  0.0543  0.0524  0.0515  0.0476  0.0492  0.0490
  0.0494  0.0493  0.0499  0.0501  0.0475  0.0476
  0.0517  0.0521  0.0529  0.0536  0.0496  0.0488
  0.0580  0.0562  0.0604  0.0573  0.0539  0.0522
  0.0683  0.0606  0.0686  0.0612  0.0590  0.0572
niter,ni,del,rscale     5    3   12.0000    1.2000
parameters
   -1.3744   16.2780   15.0388   -7.1656   -1.0228   -3.9059
eta,q 0.95223 18.47743
  0.0704  0.0696  0.0627  0.0537  0.0570  0.0554
  0.0606  0.0605  0.0550  0.0511  0.0532  0.0518
  0.0518  0.0516  0.0503  0.0483  0.0499  0.0495
  0.0477  0.0477  0.0484  0.0485  0.0478  0.0478
  0.0508  0.0506  0.0510  0.0514  0.0489  0.0483
  0.0577  0.0550  0.0583  0.0542  0.0525  0.0512
  0.0695  0.0590  0.0670  0.0582  0.0581  0.0554
niter,ni,del,rscale     4    3   12.0000    1.2000
parameters
   -1.3943   16.7314   14.8244   -7.6333   -0.9276   -3.8707
eta,q 0.95191 18.43059
  0.0693  0.0662  0.0630  0.0551  0.0572  0.0555
  0.0595  0.0580  0.0554  0.0520  0.0534  0.0522
  0.0514  0.0504  0.0504  0.0494  0.0503  0.0499
  0.0478  0.0478  0.0482  0.0483  0.0481  0.0481
  0.0509  0.0515  0.0504  0.0509  0.0488  0.0486
  0.0583  0.0558  0.0570  0.0535  0.0520  0.0517
  0.0706  0.0605  0.0654  0.0565  0.0577  0.0560
niter,ni,del,rscale     3    3   12.0000    1.2000
parameters
   -1.4435   16.8789   14.7001   -7.7924   -0.8575   -3.8553
eta,q 0.95177 18.40812
  0.0690  0.0646  0.0632  0.0559  0.0571  0.0555
  0.0591  0.0568  0.0554  0.0524  0.0533  0.0523
  0.0515  0.0499  0.0505  0.0498  0.0503  0.0500
  0.0481  0.0481  0.0483  0.0483  0.0483  0.0482
  0.0511  0.0523  0.0503  0.0506  0.0488  0.0487
  0.0584  0.0564  0.0565  0.0534  0.0520  0.0518
  0.0707  0.0619  0.0645  0.0560  0.0578  0.0562
niter,ni,del,rscale     2    3   12.0000    1.2000
parameters
   -1.4822   16.9185   14.6562   -7.8387   -0.8236   -3.8515
eta,q 0.95173 18.40128
  0.0690  0.0641  0.0636  0.0562  0.0570  0.0555
  0.0591  0.0564  0.0555  0.0526  0.0533  0.0523
  0.0516  0.0497  0.0505  0.0499  0.0503  0.0500
  0.0482  0.0482  0.0483  0.0483  0.0483  0.0483
  0.0510  0.0524  0.0501  0.0505  0.0488  0.0488
  0.0583  0.0566  0.0562  0.0533  0.0521  0.0519
  0.0705  0.0625  0.0640  0.0558  0.0579  0.0562
registration optimization eta report
parameter search radius
    6.0000    6.0000    6.0000    6.9000    6.0000    6.9000
100000*second partial in parameter space
       58.       40.       42.       15.       25.       16.
  0.0690  0.0641  0.0636  0.0562  0.0570  0.0555
  0.0591  0.0564  0.0555  0.0526  0.0533  0.0523
  0.0516  0.0497  0.0505  0.0499  0.0503  0.0500
  0.0482  0.0482  0.0483  0.0483  0.0483  0.0483
  0.0510  0.0524  0.0501  0.0505  0.0488  0.0488
  0.0583  0.0566  0.0562  0.0533  0.0521  0.0519
  0.0705  0.0625  0.0640  0.0558  0.0579  0.0562
   -1.4822   16.9185   14.6562   -7.8387   -0.8236   -3.8515
eta,q 0.95173 18.40128

---------------------------------------------------------------------
imgreg_4dfp /opt/freesurfer/average/711-2C_as_mni_average_305 /opt/freesurfer/average/711-2B_as_mni_average_305_mask talsrcimg_g11 none talsrcimg_to_711-2C_as_mni_average_305_t4 3335
---------------------------------------------------------------------

freesurfer imgreg_4dfp.c
/opt/freesurfer/average/711-2C_as_mni_average_305.4dfp.img
       256       256       256         1
  1.000000  1.000000  1.000000
orientation T byte_order littleendian
Reading image: /opt/freesurfer/average/711-2C_as_mni_average_305.4dfp.img
dimensions:      256       256       256
mmppix:       1.0000   -1.0000   -1.0000
center:     128.0000 -129.0000 -129.0000
/opt/freesurfer/average/711-2B_as_mni_average_305_mask.4dfp.img
       256       256       256         1
  1.000000  1.000000  1.000000
orientation T byte_order littleendian
Reading mask: /opt/freesurfer/average/711-2B_as_mni_average_305_mask.4dfp.img (2306576 pixels)
talsrcimg_g11.4dfp.img
       256       256       256         1
  1.000000  1.000000  1.000000
orientation T byte_order littleendian
Reading image: talsrcimg_g11.4dfp.img
dimensions:      256       256       256
mmppix:       1.0000   -1.0000   -1.0000
center:     128.0000 -129.0000 -129.0000
fimgreg.f
image alignment mode   3335 decimal      D07 hex
parameters
   -1.4822   16.9185   14.6562   -0.2362   -1.1450   -0.9446
    6.4587    2.3369   -6.7164   13.5120   -1.4374  -13.6370
eta,q 0.95232 18.50997
niter,ni,del,rscale     5    3    5.0000    1.2000
parameter  4  1.142984 ->  0.500000 qaram    1.1500
parameter  5  1.022528 ->  0.500000 qaram    1.1500
parameter 11 -0.665870 -> -0.500000 qaram    1.1500
parameters
   -1.4668   16.6563   14.6552   -4.3762   -5.2850   -1.7028
    6.0321    2.9736   -3.2352   12.2196    2.7026  -12.1388
eta,q 0.96414 18.43623
  0.0521  0.0505  0.0504  0.0412  0.0355  0.0402  0.0409  0.0472  0.0416  0.0393  0.0398  0.0378
  0.0497  0.0488  0.0489  0.0415  0.0364  0.0390  0.0388  0.0415  0.0396  0.0373  0.0383  0.0367
  0.0482  0.0478  0.0480  0.0436  0.0382  0.0379  0.0374  0.0381  0.0381  0.0365  0.0372  0.0362
  0.0477  0.0477  0.0476  0.0476  0.0418  0.0367  0.0371  0.0371  0.0371  0.0366  0.0365  0.0359
  0.0482  0.0484  0.0478  0.0527  0.0474  0.0362  0.0377  0.0378  0.0367  0.0374  0.0361  0.0359
  0.0496  0.0499  0.0488  0.0585  0.0543  0.0381  0.0394  0.0400  0.0367  0.0393  0.0359  0.0361
  0.0520  0.0521  0.0505  0.0645  0.0613  0.0457  0.0419  0.0437  0.0372  0.0429  0.0360  0.0366
niter,ni,del,rscale     7    3    5.0000    1.2000
parameter  2 -0.803006 -> -0.500000 qaram    1.1500
parameter  5  0.547254 ->  0.500000 qaram    1.3225
parameter  6 -0.638583 -> -0.500000 qaram    1.1500
parameter 12  0.691262 ->  0.500000 qaram    1.1500
parameters
   -0.8205   18.0363   14.1866   -7.3424  -10.0460    2.4372
    5.7090    2.1124   -2.8716   12.0229    4.0802  -16.2788
eta,q 0.97038 18.08476
  0.0422  0.0427  0.0345  0.0354  0.0328  0.0355  0.0335  0.0377  0.0326  0.0349  0.0334  0.0299
  0.0393  0.0399  0.0339  0.0345  0.0326  0.0344  0.0318  0.0327  0.0314  0.0324  0.0318  0.0296
  0.0371  0.0374  0.0337  0.0337  0.0327  0.0336  0.0309  0.0306  0.0307  0.0310  0.0309  0.0298
  0.0359  0.0355  0.0337  0.0336  0.0337  0.0326  0.0306  0.0306  0.0304  0.0304  0.0304  0.0304
  0.0355  0.0342  0.0339  0.0359  0.0371  0.0313  0.0310  0.0322  0.0305  0.0307  0.0304  0.0311
  0.0362  0.0336  0.0346  0.0404  0.0430  0.0305  0.0321  0.0361  0.0311  0.0324  0.0308  0.0321
  0.0378  0.0339  0.0357  0.0463  0.0502  0.0325  0.0342  0.0419  0.0322  0.0358  0.0319  0.0332
niter,ni,del,rscale     7    3    5.0000    1.2000
parameter 12  0.700159 ->  0.500000 qaram    1.3225
parameters
   -0.6421   18.6858   14.0524   -8.8911  -13.1895    0.2113
    5.0982    1.4921   -3.0447   13.5457    6.0273  -21.0398
eta,q 0.97023 17.67602
  0.0348  0.0352  0.0317  0.0332  0.0315  0.0329  0.0325  0.0346  0.0321  0.0342  0.0311  0.0300
  0.0322  0.0327  0.0301  0.0317  0.0304  0.0319  0.0312  0.0314  0.0312  0.0322  0.0306  0.0298
  0.0304  0.0308  0.0293  0.0302  0.0296  0.0307  0.0306  0.0304  0.0306  0.0310  0.0304  0.0299
  0.0296  0.0296  0.0292  0.0292  0.0296  0.0296  0.0305  0.0305  0.0304  0.0304  0.0303  0.0303
  0.0298  0.0292  0.0297  0.0301  0.0312  0.0303  0.0308  0.0311  0.0307  0.0303  0.0303  0.0309
  0.0311  0.0299  0.0306  0.0342  0.0362  0.0369  0.0318  0.0328  0.0313  0.0308  0.0303  0.0315
  0.0336  0.0318  0.0321  0.0402  0.0452  0.0496  0.0334  0.0361  0.0323  0.0319  0.0305  0.0323
niter,ni,del,rscale     7    3    5.0000    1.2000
parameters
   -0.3692   19.8979   13.6301   -9.1835  -15.5691   -1.1818
    4.6844    1.3803   -3.3487   16.0789    6.4774  -21.7352
eta,q 0.97049 17.41991
  0.0336  0.0359  0.0301  0.0330  0.0317  0.0327  0.0322  0.0343  0.0317  0.0337  0.0302  0.0309
  0.0317  0.0332  0.0294  0.0314  0.0305  0.0316  0.0308  0.0313  0.0306  0.0317  0.0298  0.0299
  0.0304  0.0311  0.0290  0.0301  0.0295  0.0305  0.0301  0.0300  0.0300  0.0305  0.0296  0.0295
  0.0298  0.0297  0.0290  0.0289  0.0290  0.0293  0.0299  0.0299  0.0299  0.0299  0.0295  0.0295
  0.0298  0.0290  0.0294  0.0287  0.0300  0.0287  0.0302  0.0304  0.0302  0.0296  0.0296  0.0298
  0.0306  0.0292  0.0302  0.0307  0.0336  0.0320  0.0312  0.0316  0.0309  0.0297  0.0297  0.0304
  0.0323  0.0302  0.0313  0.0350  0.0405  0.0415  0.0328  0.0344  0.0319  0.0304  0.0301  0.0311
niter,ni,del,rscale     6    3    5.0000    1.2000
parameters
   -0.3150   20.7654   12.7207   -9.2830  -16.8804   -2.0395
    4.5911    1.4395   -3.8482   18.8962    8.1592  -22.2419
eta,q 0.97077 17.29258
  0.0324  0.0343  0.0295  0.0322  0.0317  0.0323  0.0319  0.0339  0.0312  0.0329  0.0301  0.0304
  0.0308  0.0321  0.0292  0.0310  0.0306  0.0312  0.0306  0.0310  0.0302  0.0314  0.0296  0.0297
  0.0299  0.0305  0.0291  0.0300  0.0297  0.0303  0.0298  0.0298  0.0297  0.0303  0.0294  0.0293
  0.0295  0.0295  0.0292  0.0291  0.0291  0.0293  0.0296  0.0296  0.0296  0.0296  0.0293  0.0292
  0.0297  0.0292  0.0297  0.0287  0.0292  0.0283  0.0299  0.0300  0.0300  0.0293  0.0292  0.0295
  0.0306  0.0296  0.0304  0.0300  0.0309  0.0301  0.0307  0.0311  0.0306  0.0294  0.0293  0.0300
  0.0322  0.0306  0.0314  0.0336  0.0357  0.0375  0.0320  0.0336  0.0316  0.0300  0.0296  0.0306
niter,ni,del,rscale     5    3    5.0000    1.2000
parameters
   -0.3475   21.5636   12.0900   -9.4801  -18.5149   -2.8421
    4.6035    1.2744   -4.2084   21.3219    7.7340  -22.8370
eta,q 0.97087 17.13773
  0.0319  0.0338  0.0295  0.0317  0.0309  0.0317  0.0316  0.0329  0.0311  0.0326  0.0295  0.0300
  0.0304  0.0316  0.0292  0.0305  0.0299  0.0308  0.0303  0.0307  0.0300  0.0311  0.0293  0.0295
  0.0295  0.0301  0.0290  0.0297  0.0293  0.0300  0.0296  0.0297  0.0295  0.0301  0.0292  0.0293
  0.0292  0.0292  0.0290  0.0290  0.0290  0.0291  0.0294  0.0294  0.0294  0.0294  0.0291  0.0291
  0.0296  0.0290  0.0293  0.0286  0.0293  0.0281  0.0297  0.0296  0.0297  0.0291  0.0291  0.0293
  0.0305  0.0294  0.0299  0.0298  0.0306  0.0299  0.0304  0.0307  0.0304  0.0293  0.0293  0.0297
  0.0321  0.0304  0.0308  0.0331  0.0344  0.0359  0.0315  0.0335  0.0313  0.0301  0.0297  0.0303
niter,ni,del,rscale     4    3    5.0000    1.2000
parameters
   -0.4091   22.3012   11.5332   -9.7290  -19.7050   -3.5183
    4.5740    1.5020   -3.8894   22.6313    6.8506  -23.2609
eta,q 0.97090 17.00290
  0.0317  0.0335  0.0293  0.0313  0.0309  0.0311  0.0313  0.0330  0.0314  0.0321  0.0294  0.0299
  0.0302  0.0314  0.0291  0.0302  0.0299  0.0303  0.0301  0.0306  0.0302  0.0307  0.0291  0.0294
  0.0294  0.0300  0.0289  0.0294  0.0292  0.0297  0.0294  0.0295  0.0295  0.0297  0.0291  0.0292
  0.0291  0.0291  0.0289  0.0289  0.0290  0.0290  0.0292  0.0292  0.0292  0.0292  0.0291  0.0291
  0.0295  0.0289  0.0291  0.0286  0.0292  0.0279  0.0295  0.0293  0.0294  0.0291  0.0291  0.0292
  0.0304  0.0294  0.0296  0.0296  0.0302  0.0292  0.0302  0.0302  0.0300  0.0295  0.0292  0.0295
  0.0320  0.0305  0.0304  0.0326  0.0332  0.0347  0.0312  0.0326  0.0310  0.0307  0.0296  0.0300
niter,ni,del,rscale     3    3    5.0000    1.2000
parameters
   -0.4022   22.6503   11.1968   -9.8786  -20.1114   -3.8930
    4.4997    1.7075   -3.7483   23.1361    6.6073  -23.3564
eta,q 0.97079 16.94537
  0.0317  0.0328  0.0295  0.0313  0.0313  0.0310  0.0312  0.0330  0.0313  0.0318  0.0295  0.0299
  0.0303  0.0309  0.0293  0.0302  0.0302  0.0303  0.0301  0.0305  0.0302  0.0305  0.0292  0.0295
  0.0294  0.0297  0.0291  0.0295  0.0294  0.0297  0.0294  0.0295  0.0295  0.0296  0.0292  0.0293
  0.0291  0.0291  0.0291  0.0291  0.0291  0.0291  0.0292  0.0292  0.0292  0.0292  0.0292  0.0292
  0.0294  0.0292  0.0291  0.0288  0.0292  0.0280  0.0295  0.0295  0.0295  0.0293  0.0292  0.0292
  0.0302  0.0299  0.0294  0.0295  0.0300  0.0287  0.0302  0.0303  0.0301  0.0299  0.0293  0.0295
  0.0317  0.0313  0.0300  0.0323  0.0322  0.0337  0.0313  0.0325  0.0311  0.0313  0.0296  0.0300
niter,ni,del,rscale     2    3    5.0000    1.2000
parameters
   -0.3817   22.7707   11.0903   -9.8485  -20.2518   -4.0322
    4.4583    1.7748   -3.7215   23.3165    6.5788  -23.3748
eta,q 0.97074 16.93231
  0.0319  0.0324  0.0296  0.0314  0.0315  0.0311  0.0313  0.0328  0.0313  0.0316  0.0296  0.0300
  0.0304  0.0306  0.0294  0.0303  0.0303  0.0304  0.0301  0.0305  0.0302  0.0304  0.0293  0.0296
  0.0295  0.0296  0.0293  0.0296  0.0296  0.0298  0.0295  0.0295  0.0295  0.0296  0.0292  0.0293
  0.0292  0.0292  0.0292  0.0292  0.0292  0.0292  0.0293  0.0293  0.0293  0.0293  0.0293  0.0293
  0.0295  0.0295  0.0292  0.0289  0.0293  0.0281  0.0295  0.0295  0.0295  0.0294  0.0292  0.0293
  0.0303  0.0304  0.0294  0.0295  0.0300  0.0285  0.0302  0.0304  0.0302  0.0300  0.0293  0.0296
  0.0318  0.0318  0.0299  0.0320  0.0320  0.0333  0.0313  0.0326  0.0312  0.0315  0.0296  0.0300
niter,ni,del,rscale     1    3    5.0000    1.2000
parameters
   -0.3678   22.8109   11.0572   -9.8465  -20.3090   -4.0788
    4.4345    1.7973   -3.7205   23.3798    6.5637  -23.3699
eta,q 0.97073 16.92633
  0.0319  0.0322  0.0297  0.0314  0.0315  0.0311  0.0313  0.0328  0.0313  0.0316  0.0296  0.0300
  0.0304  0.0305  0.0295  0.0303  0.0304  0.0304  0.0302  0.0304  0.0302  0.0303  0.0293  0.0296
  0.0295  0.0296  0.0294  0.0296  0.0296  0.0298  0.0295  0.0295  0.0295  0.0295  0.0293  0.0294
  0.0293  0.0293  0.0293  0.0293  0.0293  0.0293  0.0293  0.0293  0.0293  0.0293  0.0293  0.0293
  0.0295  0.0296  0.0292  0.0290  0.0293  0.0282  0.0295  0.0296  0.0295  0.0294  0.0293  0.0293
  0.0304  0.0305  0.0294  0.0296  0.0300  0.0284  0.0302  0.0305  0.0302  0.0301  0.0293  0.0296
  0.0318  0.0320  0.0298  0.0321  0.0320  0.0331  0.0313  0.0327  0.0312  0.0316  0.0296  0.0300
registration optimization eta report
parameter search radius
    2.4000    2.7600    2.4000    8.2800    9.5220    8.2800
    7.2000    7.2000    7.2000    7.2000    8.2800    9.5220
100000*second partial in parameter space
       45.       37.        9.        4.        3.        5.
        4.        7.        4.        4.        1.        1.
  0.0319  0.0322  0.0297  0.0314  0.0315  0.0311  0.0313  0.0328  0.0313  0.0316  0.0296  0.0300
  0.0304  0.0305  0.0295  0.0303  0.0304  0.0304  0.0302  0.0304  0.0302  0.0303  0.0293  0.0296
  0.0295  0.0296  0.0294  0.0296  0.0296  0.0298  0.0295  0.0295  0.0295  0.0295  0.0293  0.0294
  0.0293  0.0293  0.0293  0.0293  0.0293  0.0293  0.0293  0.0293  0.0293  0.0293  0.0293  0.0293
  0.0295  0.0296  0.0292  0.0290  0.0293  0.0282  0.0295  0.0296  0.0295  0.0294  0.0293  0.0293
  0.0304  0.0305  0.0294  0.0296  0.0300  0.0284  0.0302  0.0305  0.0302  0.0301  0.0293  0.0296
  0.0318  0.0320  0.0298  0.0321  0.0320  0.0331  0.0313  0.0327  0.0312  0.0316  0.0296  0.0300
   -0.3678   22.8109   11.0572   -9.8465  -20.3090   -4.0788
    4.4345    1.7973   -3.7205   23.3798    6.5637  -23.3699
eta,q 0.97073 16.92633

---------------------------------------------------------------------
imgreg_4dfp /opt/freesurfer/average/711-2C_as_mni_average_305 /opt/freesurfer/average/711-2B_as_mni_average_305_mask talsrcimg_g11 none talsrcimg_to_711-2C_as_mni_average_305_t4 2311
---------------------------------------------------------------------

freesurfer imgreg_4dfp.c
/opt/freesurfer/average/711-2C_as_mni_average_305.4dfp.img
       256       256       256         1
  1.000000  1.000000  1.000000
orientation T byte_order littleendian
Reading image: /opt/freesurfer/average/711-2C_as_mni_average_305.4dfp.img
dimensions:      256       256       256
mmppix:       1.0000   -1.0000   -1.0000
center:     128.0000 -129.0000 -129.0000
/opt/freesurfer/average/711-2B_as_mni_average_305_mask.4dfp.img
       256       256       256         1
  1.000000  1.000000  1.000000
orientation T byte_order littleendian
Reading mask: /opt/freesurfer/average/711-2B_as_mni_average_305_mask.4dfp.img (2306576 pixels)
talsrcimg_g11.4dfp.img
       256       256       256         1
  1.000000  1.000000  1.000000
orientation T byte_order littleendian
Reading image: talsrcimg_g11.4dfp.img
dimensions:      256       256       256
mmppix:       1.0000   -1.0000   -1.0000
center:     128.0000 -129.0000 -129.0000
fimgreg.f
image alignment mode   2311 decimal      907 hex
parameters
   -0.3678   22.8109   11.0572   -9.8465  -20.3090   -4.0788
    4.4345    1.7973   -3.7205   23.3798    6.5637  -23.3699
eta,q 0.97073 16.92634
niter,ni,del,rscale     5    3    5.0000    0.8000
parameter  4 -0.574367 -> -0.500000 qaram    1.1500
parameter  6 -3.664953 -> -0.500000 qaram    1.1500
parameters
   -0.3674   22.7754   11.3177   -7.0865  -18.8209   -1.3188
    4.6244    1.8091   -3.0804   23.4143    7.0914  -23.9036
eta,q 0.97225 17.40756
  0.0304  0.0302  0.0295  0.0300  0.0299  0.0303  0.0292  0.0315  0.0291  0.0295  0.0288  0.0281
  0.0298  0.0297  0.0294  0.0297  0.0295  0.0298  0.0284  0.0294  0.0284  0.0286  0.0283  0.0278
  0.0294  0.0294  0.0293  0.0294  0.0292  0.0294  0.0280  0.0282  0.0280  0.0281  0.0279  0.0278
  0.0293  0.0293  0.0293  0.0293  0.0290  0.0289  0.0278  0.0278  0.0278  0.0278  0.0278  0.0278
  0.0294  0.0294  0.0293  0.0291  0.0289  0.0283  0.0279  0.0281  0.0278  0.0279  0.0278  0.0278
  0.0298  0.0297  0.0293  0.0290  0.0290  0.0276  0.0283  0.0293  0.0281  0.0284  0.0280  0.0280
  0.0304  0.0303  0.0294  0.0292  0.0292  0.0278  0.0290  0.0315  0.0285  0.0296  0.0284  0.0283
niter,ni,del,rscale     6    3    5.0000    0.9000
parameters
   -0.3093   22.2524   11.1998   -8.7161  -18.7284   -2.3538
    4.4691    1.7551   -3.4353   23.2127    8.0808  -24.1108
eta,q 0.97163 17.26000
  0.0301  0.0284  0.0285  0.0291  0.0286  0.0301  0.0296  0.0310  0.0295  0.0297  0.0288  0.0286
  0.0289  0.0278  0.0280  0.0285  0.0282  0.0296  0.0289  0.0294  0.0288  0.0290  0.0286  0.0285
  0.0281  0.0276  0.0277  0.0279  0.0279  0.0289  0.0285  0.0286  0.0285  0.0286  0.0285  0.0284
  0.0277  0.0277  0.0276  0.0276  0.0278  0.0278  0.0284  0.0284  0.0284  0.0284  0.0284  0.0284
  0.0279  0.0282  0.0278  0.0283  0.0278  0.0275  0.0286  0.0286  0.0286  0.0285  0.0284  0.0284
  0.0286  0.0290  0.0282  0.0305  0.0281  0.0304  0.0290  0.0294  0.0291  0.0289  0.0284  0.0285
  0.0299  0.0301  0.0287  0.0338  0.0287  0.0351  0.0298  0.0312  0.0297  0.0301  0.0286  0.0287
niter,ni,del,rscale     5    3    5.0000    0.8000
parameters
   -0.3117   22.4905   11.0013   -8.7002  -18.9233   -2.4343
    4.6716    1.5253   -3.4877   23.9206    8.2921  -24.5640
eta,q 0.97167 17.26669
  0.0297  0.0297  0.0286  0.0298  0.0289  0.0301  0.0296  0.0303  0.0294  0.0297  0.0287  0.0285
  0.0290  0.0290  0.0285  0.0293  0.0286  0.0296  0.0289  0.0291  0.0288  0.0291  0.0285  0.0284
  0.0285  0.0286  0.0284  0.0288  0.0284  0.0291  0.0285  0.0286  0.0285  0.0287  0.0284  0.0283
  0.0284  0.0284  0.0283  0.0284  0.0284  0.0283  0.0284  0.0284  0.0284  0.0284  0.0283  0.0283
  0.0285  0.0284  0.0284  0.0282  0.0284  0.0275  0.0285  0.0285  0.0285  0.0283  0.0283  0.0284
  0.0290  0.0286  0.0285  0.0287  0.0286  0.0283  0.0288  0.0293  0.0289  0.0285  0.0284  0.0284
  0.0297  0.0291  0.0288  0.0304  0.0291  0.0318  0.0294  0.0309  0.0294  0.0292  0.0287  0.0286
niter,ni,del,rscale     4    3    5.0000    0.7000
parameters
   -0.3541   22.5714   10.7177   -8.4794  -18.9588   -2.2610
    4.7824    1.4055   -3.3957   24.5153    8.3046  -24.8507
eta,q 0.97187 17.30763
  0.0293  0.0292  0.0285  0.0296  0.0288  0.0299  0.0291  0.0300  0.0290  0.0293  0.0285  0.0283
  0.0287  0.0288  0.0284  0.0291  0.0285  0.0295  0.0286  0.0289  0.0285  0.0288  0.0283  0.0282
  0.0284  0.0285  0.0283  0.0287  0.0284  0.0291  0.0283  0.0284  0.0283  0.0284  0.0282  0.0281
  0.0283  0.0283  0.0283  0.0283  0.0283  0.0283  0.0282  0.0282  0.0282  0.0282  0.0281  0.0281
  0.0285  0.0284  0.0284  0.0282  0.0283  0.0275  0.0283  0.0283  0.0283  0.0281  0.0282  0.0282
  0.0288  0.0286  0.0285  0.0285  0.0285  0.0281  0.0285  0.0290  0.0285  0.0283  0.0283  0.0282
  0.0294  0.0291  0.0287  0.0298  0.0288  0.0309  0.0290  0.0303  0.0289  0.0289  0.0285  0.0283
niter,ni,del,rscale     3    3    5.0000    0.6000
parameters
   -0.3629   22.5844   10.5233   -8.3280  -18.8855   -2.0289
    4.7804    1.3563   -3.3308   24.8092    8.1758  -25.0711
eta,q 0.97207 17.34331
  0.0289  0.0288  0.0283  0.0292  0.0285  0.0298  0.0286  0.0295  0.0286  0.0288  0.0283  0.0281
  0.0285  0.0284  0.0282  0.0288  0.0283  0.0294  0.0282  0.0286  0.0282  0.0284  0.0281  0.0280
  0.0282  0.0282  0.0281  0.0284  0.0282  0.0289  0.0280  0.0282  0.0280  0.0281  0.0280  0.0279
  0.0281  0.0281  0.0281  0.0281  0.0281  0.0281  0.0280  0.0280  0.0280  0.0280  0.0279  0.0279
  0.0282  0.0282  0.0282  0.0280  0.0281  0.0275  0.0280  0.0281  0.0280  0.0279  0.0280  0.0280
  0.0285  0.0284  0.0283  0.0284  0.0282  0.0281  0.0282  0.0286  0.0282  0.0281  0.0281  0.0280
  0.0290  0.0287  0.0285  0.0294  0.0285  0.0304  0.0286  0.0297  0.0285  0.0287  0.0283  0.0281
niter,ni,del,rscale     2    3    5.0000    0.5000
parameters
   -0.3566   22.5827   10.4935   -8.1739  -18.8407   -1.6856
    4.7330    1.3595   -3.2657   24.8495    7.9830  -25.2520
eta,q 0.97228 17.37216
  0.0285  0.0284  0.0282  0.0288  0.0282  0.0296  0.0282  0.0290  0.0282  0.0284  0.0280  0.0279
  0.0282  0.0281  0.0280  0.0285  0.0281  0.0292  0.0279  0.0283  0.0279  0.0281  0.0278  0.0278
  0.0280  0.0280  0.0280  0.0282  0.0280  0.0286  0.0278  0.0279  0.0278  0.0278  0.0277  0.0277
  0.0279  0.0279  0.0279  0.0279  0.0279  0.0279  0.0277  0.0277  0.0277  0.0277  0.0277  0.0277
  0.0280  0.0280  0.0280  0.0279  0.0279  0.0275  0.0278  0.0278  0.0278  0.0278  0.0278  0.0278
  0.0282  0.0281  0.0281  0.0282  0.0280  0.0280  0.0279  0.0283  0.0279  0.0280  0.0279  0.0278
  0.0285  0.0284  0.0282  0.0289  0.0282  0.0297  0.0282  0.0290  0.0281  0.0284  0.0281  0.0279
niter,ni,del,rscale     1    3    5.0000    0.4000
parameters
   -0.3425   22.5454   10.5782   -8.0569  -18.7965   -1.2860
    4.6487    1.3933   -3.2261   24.6940    7.7391  -25.3039
eta,q 0.97247 17.39324
  0.0281  0.0280  0.0280  0.0284  0.0279  0.0292  0.0278  0.0285  0.0278  0.0279  0.0277  0.0276
  0.0279  0.0278  0.0278  0.0281  0.0278  0.0288  0.0277  0.0280  0.0276  0.0277  0.0276  0.0276
  0.0278  0.0277  0.0278  0.0279  0.0277  0.0283  0.0276  0.0276  0.0276  0.0276  0.0275  0.0275
  0.0277  0.0277  0.0277  0.0277  0.0277  0.0277  0.0275  0.0275  0.0275  0.0275  0.0275  0.0275
  0.0278  0.0278  0.0277  0.0277  0.0277  0.0274  0.0276  0.0276  0.0276  0.0276  0.0276  0.0275
  0.0279  0.0279  0.0278  0.0279  0.0278  0.0278  0.0277  0.0279  0.0276  0.0278  0.0277  0.0276
  0.0281  0.0280  0.0279  0.0284  0.0279  0.0289  0.0279  0.0285  0.0278  0.0281  0.0278  0.0276
registration optimization eta report
parameter search radius
    0.8000    0.8000    0.8000    2.7600    2.4000    2.7600
    2.4000    2.4000    2.4000    2.4000    2.4000    2.4000
100000*second partial in parameter space
       65.       46.       35.        9.        3.       18.
        6.       16.        5.        9.        4.        2.
  0.0281  0.0280  0.0280  0.0284  0.0279  0.0292  0.0278  0.0285  0.0278  0.0279  0.0277  0.0276
  0.0279  0.0278  0.0278  0.0281  0.0278  0.0288  0.0277  0.0280  0.0276  0.0277  0.0276  0.0276
  0.0278  0.0277  0.0278  0.0279  0.0277  0.0283  0.0276  0.0276  0.0276  0.0276  0.0275  0.0275
  0.0277  0.0277  0.0277  0.0277  0.0277  0.0277  0.0275  0.0275  0.0275  0.0275  0.0275  0.0275
  0.0278  0.0278  0.0277  0.0277  0.0277  0.0274  0.0276  0.0276  0.0276  0.0276  0.0276  0.0275
  0.0279  0.0279  0.0278  0.0279  0.0278  0.0278  0.0277  0.0279  0.0276  0.0278  0.0277  0.0276
  0.0281  0.0280  0.0279  0.0284  0.0279  0.0289  0.0279  0.0285  0.0278  0.0281  0.0278  0.0276
   -0.3425   22.5454   10.5782   -8.0569  -18.7965   -1.2860
    4.6487    1.3933   -3.2261   24.6940    7.7391  -25.3039
eta,q 0.97247 17.39324

---------------------------------------------------------------------
imgreg_4dfp /opt/freesurfer/average/711-2C_as_mni_average_305 /opt/freesurfer/average/711-2B_as_mni_average_305_mask talsrcimg_g11 none talsrcimg_to_711-2C_as_mni_average_305_t4 2311
---------------------------------------------------------------------

freesurfer imgreg_4dfp.c
/opt/freesurfer/average/711-2C_as_mni_average_305.4dfp.img
       256       256       256         1
  1.000000  1.000000  1.000000
orientation T byte_order littleendian
Reading image: /opt/freesurfer/average/711-2C_as_mni_average_305.4dfp.img
dimensions:      256       256       256
mmppix:       1.0000   -1.0000   -1.0000
center:     128.0000 -129.0000 -129.0000
/opt/freesurfer/average/711-2B_as_mni_average_305_mask.4dfp.img
       256       256       256         1
  1.000000  1.000000  1.000000
orientation T byte_order littleendian
Reading mask: /opt/freesurfer/average/711-2B_as_mni_average_305_mask.4dfp.img (2306576 pixels)
talsrcimg_g11.4dfp.img
       256       256       256         1
  1.000000  1.000000  1.000000
orientation T byte_order littleendian
Reading image: talsrcimg_g11.4dfp.img
dimensions:      256       256       256
mmppix:       1.0000   -1.0000   -1.0000
center:     128.0000 -129.0000 -129.0000
fimgreg.f
image alignment mode   2311 decimal      907 hex
parameters
   -0.3425   22.5454   10.5782   -8.0569  -18.7965   -1.2860
    4.6487    1.3933   -3.2261   24.6940    7.7391  -25.3039
eta,q 0.97247 17.39324
niter,ni,del,rscale     5    3    5.0000    0.8000
parameters
   -0.3407   22.4738   10.7927   -8.7753  -19.2210   -1.9270
    4.4987    1.5258   -3.3795   24.2357    7.7368  -24.9121
eta,q 0.97198 17.27024
  0.0293  0.0286  0.0289  0.0288  0.0282  0.0299  0.0290  0.0308  0.0289  0.0291  0.0285  0.0284
  0.0283  0.0280  0.0282  0.0283  0.0279  0.0294  0.0284  0.0291  0.0284  0.0285  0.0282  0.0281
  0.0277  0.0276  0.0277  0.0278  0.0277  0.0286  0.0281  0.0283  0.0281  0.0282  0.0281  0.0280
  0.0275  0.0275  0.0275  0.0275  0.0276  0.0276  0.0280  0.0280  0.0280  0.0280  0.0280  0.0280
  0.0277  0.0277  0.0276  0.0277  0.0277  0.0276  0.0281  0.0281  0.0282  0.0281  0.0280  0.0281
  0.0283  0.0281  0.0279  0.0287  0.0280  0.0298  0.0285  0.0289  0.0285  0.0287  0.0282  0.0281
  0.0293  0.0288  0.0283  0.0307  0.0286  0.0331  0.0292  0.0305  0.0290  0.0299  0.0285  0.0282
niter,ni,del,rscale     4    3    5.0000    0.7000
parameters
   -0.3419   22.5434   10.5706   -8.4527  -18.9839   -1.9339
    4.6475    1.4759   -3.2764   24.5612    7.8790  -24.9353
eta,q 0.97208 17.32026
  0.0291  0.0289  0.0283  0.0292  0.0285  0.0297  0.0289  0.0301  0.0288  0.0291  0.0284  0.0282
  0.0285  0.0284  0.0281  0.0287  0.0282  0.0293  0.0284  0.0288  0.0283  0.0286  0.0281  0.0280
  0.0281  0.0281  0.0280  0.0283  0.0281  0.0288  0.0281  0.0282  0.0280  0.0282  0.0280  0.0279
  0.0280  0.0280  0.0280  0.0280  0.0280  0.0279  0.0279  0.0279  0.0279  0.0279  0.0279  0.0279
  0.0281  0.0281  0.0281  0.0279  0.0279  0.0274  0.0280  0.0281  0.0280  0.0279  0.0279  0.0280
  0.0285  0.0283  0.0283  0.0282  0.0281  0.0283  0.0283  0.0289  0.0283  0.0282  0.0281  0.0280
  0.0291  0.0288  0.0285  0.0291  0.0284  0.0309  0.0288  0.0303  0.0287  0.0289  0.0284  0.0281
niter,ni,del,rscale     3    3    5.0000    0.6000
parameters
   -0.3400   22.5609   10.5501   -8.2186  -18.8785   -1.6683
    4.6507    1.4329   -3.2345   24.6352    7.8556  -25.0087
eta,q 0.97228 17.35737
  0.0288  0.0286  0.0283  0.0289  0.0283  0.0296  0.0284  0.0295  0.0283  0.0286  0.0281  0.0279
  0.0283  0.0282  0.0281  0.0285  0.0281  0.0292  0.0280  0.0285  0.0280  0.0282  0.0279  0.0278
  0.0280  0.0280  0.0279  0.0282  0.0280  0.0286  0.0278  0.0279  0.0278  0.0279  0.0278  0.0277
  0.0279  0.0279  0.0279  0.0279  0.0279  0.0279  0.0277  0.0277  0.0277  0.0277  0.0277  0.0277
  0.0280  0.0280  0.0280  0.0278  0.0279  0.0274  0.0278  0.0279  0.0278  0.0278  0.0278  0.0278
  0.0283  0.0282  0.0281  0.0281  0.0280  0.0280  0.0280  0.0285  0.0280  0.0280  0.0279  0.0278
  0.0288  0.0285  0.0283  0.0289  0.0283  0.0299  0.0284  0.0297  0.0283  0.0287  0.0282  0.0279
niter,ni,del,rscale     2    3    5.0000    0.5000
parameters
   -0.3246   22.5231   10.6111   -8.0885  -18.8205   -1.3358
    4.6049    1.4355   -3.2101   24.5394    7.7232  -25.0890
eta,q 0.97245 17.38100
  0.0284  0.0281  0.0281  0.0285  0.0280  0.0293  0.0280  0.0290  0.0280  0.0282  0.0279  0.0277
  0.0280  0.0279  0.0279  0.0282  0.0279  0.0289  0.0277  0.0282  0.0277  0.0279  0.0277  0.0276
  0.0278  0.0278  0.0278  0.0279  0.0278  0.0283  0.0276  0.0277  0.0276  0.0277  0.0276  0.0275
  0.0277  0.0277  0.0277  0.0277  0.0277  0.0277  0.0275  0.0275  0.0275  0.0275  0.0275  0.0276
  0.0278  0.0278  0.0278  0.0277  0.0277  0.0274  0.0276  0.0277  0.0276  0.0276  0.0276  0.0276
  0.0280  0.0279  0.0278  0.0279  0.0278  0.0278  0.0278  0.0281  0.0277  0.0279  0.0277  0.0276
  0.0283  0.0282  0.0280  0.0285  0.0280  0.0292  0.0281  0.0290  0.0279  0.0284  0.0279  0.0277
niter,ni,del,rscale     1    3    5.0000    0.4000
parameters
   -0.3146   22.4646   10.7223   -7.9984  -18.7788   -0.9813
    4.5540    1.4555   -3.2010   24.3529    7.5478  -25.1793
eta,q 0.97260 17.39953
  0.0280  0.0278  0.0279  0.0281  0.0277  0.0289  0.0277  0.0284  0.0277  0.0278  0.0276  0.0275
  0.0277  0.0276  0.0277  0.0278  0.0276  0.0285  0.0275  0.0279  0.0275  0.0276  0.0275  0.0274
  0.0276  0.0276  0.0276  0.0277  0.0276  0.0280  0.0274  0.0275  0.0274  0.0275  0.0274  0.0274
  0.0275  0.0275  0.0275  0.0275  0.0275  0.0275  0.0274  0.0274  0.0274  0.0274  0.0274  0.0274
  0.0276  0.0276  0.0276  0.0275  0.0275  0.0273  0.0274  0.0275  0.0274  0.0275  0.0274  0.0274
  0.0277  0.0277  0.0276  0.0277  0.0276  0.0276  0.0276  0.0278  0.0275  0.0277  0.0275  0.0275
  0.0280  0.0279  0.0277  0.0281  0.0277  0.0286  0.0277  0.0284  0.0277  0.0280  0.0277  0.0275
registration optimization eta report
parameter search radius
    0.8000    0.8000    0.8000    2.4000    2.4000    2.4000
    2.4000    2.4000    2.4000    2.4000    2.4000    2.4000
100000*second partial in parameter space
       67.       46.       39.        9.        3.       21.
        6.       17.        5.        9.        4.        2.
  0.0280  0.0278  0.0279  0.0281  0.0277  0.0289  0.0277  0.0284  0.0277  0.0278  0.0276  0.0275
  0.0277  0.0276  0.0277  0.0278  0.0276  0.0285  0.0275  0.0279  0.0275  0.0276  0.0275  0.0274
  0.0276  0.0276  0.0276  0.0277  0.0276  0.0280  0.0274  0.0275  0.0274  0.0275  0.0274  0.0274
  0.0275  0.0275  0.0275  0.0275  0.0275  0.0275  0.0274  0.0274  0.0274  0.0274  0.0274  0.0274
  0.0276  0.0276  0.0276  0.0275  0.0275  0.0273  0.0274  0.0275  0.0274  0.0275  0.0274  0.0274
  0.0277  0.0277  0.0276  0.0277  0.0276  0.0276  0.0276  0.0278  0.0275  0.0277  0.0275  0.0275
  0.0280  0.0279  0.0277  0.0281  0.0277  0.0286  0.0277  0.0284  0.0277  0.0280  0.0277  0.0275
   -0.3146   22.4646   10.7223   -7.9984  -18.7788   -0.9813
    4.5540    1.4555   -3.2010   24.3529    7.5478  -25.1793
eta,q 0.97260 17.39953

---------------------------------------------------------------------
compute_vox2vox talsrcimg talsrcimg_to_711-2C_as_mni_average_305_t4 /opt/freesurfer/average/711-2C_as_mni_average_305
---------------------------------------------------------------------

freesurfer compute_vox2vox.c
Reading: talsrcimg.4dfp.ifh
Reading: talsrcimg_to_711-2C_as_mni_average_305_t4
Reading: /opt/freesurfer/average/711-2C_as_mni_average_305.4dfp.ifh
Writing: talsrcimg_to_711-2C_as_mni_average_305_t4_vox2vox.txt

start time Sun Mar 8 20:21:21 CET 2026
end		time Sun Mar 8 20:21:35 CET 2026

mpr2mni305 success

avi2talxfm orig_nu.mgz /opt/freesurfer/average/mni305.cor.mgz talsrcimg_to_711-2C_as_mni_average_305_t4_vox2vox.txt transforms/talairach.auto.xfm
avi2talxfm done
mv -f /out/sourcedata/freesurfer/sub-v1s15x0050182_ses-1/mri/talsrcimg_to_711-2C_as_mni_average_305_t4_vox2vox.txt /out/sourcedata/freesurfer/sub-v1s15x0050182_ses-1/mri/transforms/talsrcimg_to_711-2C_as_mni_average_305_t4_vox2vox.txt
lta_convert --src orig_nu.mgz --trg /opt/freesurfer/average/mni305.cor.mgz --inxfm transforms/talairach.auto.xfm --outlta transforms/talairach.auto.xfm.lta --subject fsaverage
7.3.2

--src: orig_nu.mgz src image (geometry).
--trg: /opt/freesurfer/average/mni305.cor.mgz trg image (geometry).
--inmni: transforms/talairach.auto.xfm input MNI/XFM transform.
--outlta: transforms/talairach.auto.xfm.lta output LTA.
--s: fsaverage subject name
 LTA read, type : 1
 1.08489  -0.00092  -0.06111  -6.03772;
-0.06674   0.93842   0.29466  -19.73309;
 0.06277  -0.28141   1.14045   20.96677;
 0.00000   0.00000   0.00000   1.00000;
setting subject to fsaverage
Writing  LTA to file transforms/talairach.auto.xfm.lta...
lta_convert successful.
 
 
Started at Sun Mar 8 20:21:21 CET 2026
Ended   at Sun Mar  8 20:21:35 CET 2026
talairach_avi done
