/out/sourcedata/freesurfer/sub-v1s15x0050202_ses-1/mri
/opt/freesurfer/bin/talairach_avi
--i orig_nu.mgz --xfm transforms/talairach.auto.xfm
talairach_avi 7.3.2
Linux dna060 5.14.0-427.37.1.el9_4.x86_64 #1 SMP PREEMPT_DYNAMIC Fri Sep 13 12:41:50 EDT 2024 x86_64 x86_64 x86_64 GNU/Linux
Thu Mar 12 11:34:23 CET 2026
mri_convert orig_nu.mgz talsrcimg.img 
reading from orig_nu.mgz...
TR=0.00, TE=0.00, TI=0.00, flip angle=0.00
i_ras = (-1, 0, 0)
j_ras = (0, 0, -1)
k_ras = (0, 1, 0)
writing to talsrcimg.img...
Analyze Output Matrix
-1.00000   0.00000   0.00000   128.56219;
 0.00000   0.00000   1.00000  -119.12500;
 0.00000  -1.00000   0.00000   120.12500;
 0.00000   0.00000   0.00000   1.00000;
--------------------
INFO: set hdr.hist.orient to -1
mpr2mni305 talsrcimg
Thu Mar 12 11:34:24 CET 2026
/opt/freesurfer/bin/mpr2mni305 talsrcimg
mpr2mni305 7.3.2
target=711-2C_as_mni_average_305

---------------------------------------------------------------------
analyzeto4dfp talsrcimg -O0 -y
---------------------------------------------------------------------

freesurfer ifh2hdr.c
Thu Mar 12 11:34:24 2026
Writing: talsrcimg.4dfp.hdr
freesurfer analyzeto4dfp.c
Reading: talsrcimg.hdr
header size 348 bytes
hdr.dime.datatype	offset=70	value=2
hdr.dime.bitpix		offset=72	value=8
hdr.hist.orient		offset=252	value=-1
dimensionality     4
dimensions       256       256       256         1
Reading: talsrcimg.img
Writing: talsrcimg.4dfp.img
Writing: talsrcimg.4dfp.ifh
ifh2hdr talsrcimg -r0to227
ori=2

---------------------------------------------------------------------
gauss_4dfp talsrcimg 1.1
---------------------------------------------------------------------

freesurfer gauss_4dfp.c
Reading: talsrcimg.4dfp.img
Writing: talsrcimg_g11.4dfp.img
image dimensions 256 256 256 padded to 288 288 288
processing volume 1freesurfer ifh2hdr.c
Thu Mar 12 11:34:26 2026
Writing: talsrcimg_g11.4dfp.hdr

Writing: talsrcimg_g11.4dfp.ifh
including: talsrcimg.4dfp.img.rec in talsrcimg_g11.4dfp.img.rec

---------------------------------------------------------------------
imgreg_4dfp /opt/freesurfer/average/711-2C_as_mni_average_305 none talsrcimg_g11 none talsrcimg_to_711-2C_as_mni_average_305_t4 4355
---------------------------------------------------------------------

freesurfer imgreg_4dfp.c
/opt/freesurfer/average/711-2C_as_mni_average_305.4dfp.img
       256       256       256         1
  1.000000  1.000000  1.000000
orientation T byte_order littleendian
Reading image: /opt/freesurfer/average/711-2C_as_mni_average_305.4dfp.img
dimensions:      256       256       256
mmppix:       1.0000   -1.0000   -1.0000
center:     128.0000 -129.0000 -129.0000
talsrcimg_g11.4dfp.img
       256       256       256         1
  1.000000  1.000000  1.000000
orientation T byte_order littleendian
Reading image: talsrcimg_g11.4dfp.img
dimensions:      256       256       256
mmppix:       1.0000   -1.0000   -1.0000
center:     128.0000 -129.0000 -129.0000
t4_read: open error in t4_sub.f l:  41 t4_file(1:l)talsrcimg_to_711-2C_as_mni_average_305_t4 
t4_read: transform initialized to I4
rotation matrix determinant  1.000000
image alignment mode   4355 decimal     1103 hex
   -7.5000  -45.0000  -45.0000 4787.0923   18.9514
    0.0000  -45.0000  -45.0000 5014.4424   18.9983
    7.5000  -45.0000  -45.0000 4771.8911   19.0324
   -7.5000  -37.5000  -45.0000 5324.7290   18.4316
    0.0000  -37.5000  -45.0000 5567.8267   18.4831
    7.5000  -37.5000  -45.0000 5319.2075   18.5215
   -7.5000  -30.0000  -45.0000 6093.0293   18.0923
    0.0000  -30.0000  -45.0000 6375.0449   18.1527
    7.5000  -30.0000  -45.0000 6111.6069   18.1966
   -7.5000  -22.5000  -45.0000 6938.5376   17.9196
    0.0000  -22.5000  -45.0000 7262.8828   17.9843
    7.5000  -22.5000  -45.0000 6966.5352   18.0288
   -7.5000  -15.0000  -45.0000 7792.8921   17.8851
    0.0000  -15.0000  -45.0000 8144.6211   17.9453
    7.5000  -15.0000  -45.0000 7792.5371   17.9854
   -7.5000   -7.5000  -45.0000 8711.1602   17.8799
    0.0000   -7.5000  -45.0000 9093.0596   17.9305
    7.5000   -7.5000  -45.0000 8667.6338   17.9644
   -7.5000    0.0000  -45.0000 9505.9365   17.8767
    0.0000    0.0000  -45.0000 9946.3770   17.9234
    7.5000    0.0000  -45.0000 9458.2744   17.9559
   -7.5000    7.5000  -45.0000 9537.3896   17.8719
    0.0000    7.5000  -45.0000 9964.8789   17.9230
    7.5000    7.5000  -45.0000 9475.0996   17.9600
   -7.5000   15.0000  -45.0000 9476.3115   17.8689
    0.0000   15.0000  -45.0000 9895.5361   17.9283
    7.5000   15.0000  -45.0000 9397.2422   17.9710
   -7.5000   22.5000  -45.0000 9369.2139   17.8666
    0.0000   22.5000  -45.0000 9772.1592   17.9312
    7.5000   22.5000  -45.0000 9279.2617   17.9756
   -7.5000   30.0000  -45.0000 9175.9316   17.6370
    0.0000   30.0000  -45.0000 9585.2471   17.6964
    7.5000   30.0000  -45.0000 9084.6436   17.7360
   -7.5000   37.5000  -45.0000 9280.7236   17.6416
    0.0000   37.5000  -45.0000 9686.1094   17.6916
    7.5000   37.5000  -45.0000 9210.6758   17.7250
   -7.5000   45.0000  -45.0000 9048.2217   17.1906
    0.0000   45.0000  -45.0000 9425.1973   17.2355
    7.5000   45.0000  -45.0000 8999.8428   17.2668
   -7.5000  -45.0000  -37.5000 5181.3213   18.7391
    0.0000  -45.0000  -37.5000 5416.0479   18.7713
    7.5000  -45.0000  -37.5000 5171.9712   18.7831
   -7.5000  -37.5000  -37.5000 5727.3389   18.2230
    0.0000  -37.5000  -37.5000 5971.3394   18.2584
    7.5000  -37.5000  -37.5000 5736.2627   18.2720
   -7.5000  -30.0000  -37.5000 6550.1206   17.8834
    0.0000  -30.0000  -37.5000 6845.2500   17.9264
    7.5000  -30.0000  -37.5000 6573.0566   17.9453
   -7.5000  -22.5000  -37.5000 7463.9033   17.7122
    0.0000  -22.5000  -37.5000 7811.2017   17.7607
    7.5000  -22.5000  -37.5000 7464.1753   17.7836
   -7.5000  -15.0000  -37.5000 8418.7988   17.6831
    0.0000  -15.0000  -37.5000 8811.0059   17.7293
    7.5000  -15.0000  -37.5000 8387.0430   17.7517
   -7.5000   -7.5000  -37.5000 9423.4033   17.6861
    0.0000   -7.5000  -37.5000 9865.3633   17.7243
    7.5000   -7.5000  -37.5000 9368.9805   17.7414
   -7.5000    0.0000  -37.500010277.5781   17.6868
    0.0000    0.0000  -37.500010779.6523   17.7203
    7.5000    0.0000  -37.500010221.4473   17.7333
   -7.5000    7.5000  -37.500010296.8662   17.6767
    0.0000    7.5000  -37.500010784.9170   17.7122
    7.5000    7.5000  -37.500010212.4258   17.7256
   -7.5000   15.0000  -37.500010202.2539   17.6654
    0.0000   15.0000  -37.500010674.9697   17.7077
    7.5000   15.0000  -37.500010090.0645   17.7258
   -7.5000   22.5000  -37.500010034.2861   17.6603
    0.0000   22.5000  -37.500010493.1982   17.7087
    7.5000   22.5000  -37.5000 9928.5850   17.7317
   -7.5000   30.0000  -37.5000 9793.8252   17.4378
    0.0000   30.0000  -37.500010245.3330   17.4835
    7.5000   30.0000  -37.5000 9698.2852   17.5056
   -7.5000   37.5000  -37.5000 9900.6377   17.4504
    0.0000   37.5000  -37.500010323.5117   17.4880
    7.5000   37.5000  -37.5000 9797.3672   17.5050
   -7.5000   45.0000  -37.5000 9670.7646   17.0080
    0.0000   45.0000  -37.500010073.5020   17.0401
    7.5000   45.0000  -37.5000 9572.8877   17.0527
   -7.5000  -45.0000  -30.0000 5680.9648   19.4202
    0.0000  -45.0000  -30.0000 5926.5000   19.4420
    7.5000  -45.0000  -30.0000 5679.3936   19.4380
   -7.5000  -37.5000  -30.0000 6294.3472   18.8816
    0.0000  -37.5000  -30.0000 6544.1045   18.9094
    7.5000  -37.5000  -30.0000 6293.0166   18.9060
   -7.5000  -30.0000  -30.0000 7211.4043   18.5343
    0.0000  -30.0000  -30.0000 7515.5415   18.5692
    7.5000  -30.0000  -30.0000 7215.7446   18.5685
   -7.5000  -22.5000  -30.0000 8215.5049   18.3663
    0.0000  -22.5000  -30.0000 8575.8086   18.4034
    7.5000  -22.5000  -30.0000 8207.3584   18.4068
   -7.5000  -15.0000  -30.0000 9270.8008   18.3430
    0.0000  -15.0000  -30.0000 9686.6484   18.3754
    7.5000  -15.0000  -30.0000 9224.5967   18.3801
   -7.5000   -7.5000  -30.000010343.0859   18.3432
    0.0000   -7.5000  -30.000010803.7051   18.3687
    7.5000   -7.5000  -30.000010264.9434   18.3715
   -7.5000    0.0000  -30.000011280.7412   18.3363
    0.0000    0.0000  -30.000011800.2520   18.3603
    7.5000    0.0000  -30.000011208.2656   18.3599
   -7.5000    7.5000  -30.000011303.0205   18.3201
    0.0000    7.5000  -30.000011819.5625   18.3481
    7.5000    7.5000  -30.000011190.1455   18.3457
   -7.5000   15.0000  -30.000011152.9473   18.3094
    0.0000   15.0000  -30.000011690.3037   18.3437
    7.5000   15.0000  -30.000011025.6846   18.3430
   -7.5000   22.5000  -30.000010950.1836   18.3110
    0.0000   22.5000  -30.000011452.5918   18.3481
    7.5000   22.5000  -30.000010804.0898   18.3515
   -7.5000   30.0000  -30.000010660.1064   18.0904
    0.0000   30.0000  -30.000011150.4844   18.1224
    7.5000   30.0000  -30.000010536.2188   18.1271
   -7.5000   37.5000  -30.000010736.9824   18.1005
    0.0000   37.5000  -30.000011222.9883   18.1256
    7.5000   37.5000  -30.000010631.7441   18.1284
   -7.5000   45.0000  -30.000010478.5664   17.6455
    0.0000   45.0000  -30.000010933.4346   17.6686
    7.5000   45.0000  -30.000010360.7510   17.6682
   -7.5000  -45.0000  -22.5000 6224.3813   20.0188
    0.0000  -45.0000  -22.5000 6485.8857   20.0482
    7.5000  -45.0000  -22.5000 6232.9678   20.0550
   -7.5000  -37.5000  -22.5000 6893.1851   19.4640
    0.0000  -37.5000  -22.5000 7184.5908   19.5036
    7.5000  -37.5000  -22.5000 6895.7036   19.5113
   -7.5000  -30.0000  -22.5000 7908.3838   19.1163
    0.0000  -30.0000  -22.5000 8246.8711   19.1617
    7.5000  -30.0000  -22.5000 7893.4414   19.1687
   -7.5000  -22.5000  -22.5000 9018.5928   18.9547
    0.0000  -22.5000  -22.5000 9407.0039   18.9963
    7.5000  -22.5000  -22.5000 8983.7324   19.0030
   -7.5000  -15.0000  -22.500010160.4150   18.9349
    0.0000  -15.0000  -22.500010589.2295   18.9670
    7.5000  -15.0000  -22.500010093.1094   18.9738
   -7.5000   -7.5000  -22.500011286.9863   18.9260
    0.0000   -7.5000  -22.500011786.7812   18.9526
    7.5000   -7.5000  -22.500011198.0957   18.9608
   -7.5000    0.0000  -22.500012315.2412   18.9069
    0.0000    0.0000  -22.500012831.0371   18.9378
    7.5000    0.0000  -22.500012182.0703   18.9470
   -7.5000    7.5000  -22.500012313.4971   18.8875
    0.0000    7.5000  -22.500012847.3496   18.9268
    7.5000    7.5000  -22.500012160.6201   18.9352
   -7.5000   15.0000  -22.500012163.7441   18.8843
    0.0000   15.0000  -22.500012717.3203   18.9290
    7.5000   15.0000  -22.500011992.6455   18.9362
   -7.5000   22.5000  -22.500011905.7197   18.8965
    0.0000   22.5000  -22.500012462.0830   18.9383
    7.5000   22.5000  -22.500011748.5293   18.9450
   -7.5000   30.0000  -22.500011563.3643   18.6771
    0.0000   30.0000  -22.500012123.4355   18.7088
    7.5000   30.0000  -22.500011431.6523   18.7155
   -7.5000   37.5000  -22.500011642.9893   18.6785
    0.0000   37.5000  -22.500012179.3711   18.7047
    7.5000   37.5000  -22.500011504.6807   18.7128
   -7.5000   45.0000  -22.500011326.2822   18.2083
    0.0000   45.0000  -22.500011832.0010   18.2380
    7.5000   45.0000  -22.500011177.4990   18.2469
   -7.5000  -45.0000  -15.0000 6781.4365   20.4643
    0.0000  -45.0000  -15.0000 7047.8452   20.5114
    7.5000  -45.0000  -15.0000 6752.1064   20.5442
   -7.5000  -37.5000  -15.0000 7514.8965   19.9037
    0.0000  -37.5000  -15.0000 7814.8247   19.9615
    7.5000  -37.5000  -15.0000 7501.6523   19.9958
   -7.5000  -30.0000  -15.0000 8620.6836   19.5538
    0.0000  -30.0000  -15.0000 8978.5088   19.6169
    7.5000  -30.0000  -15.0000 8608.3301   19.6490
   -7.5000  -22.5000  -15.0000 9821.2295   19.3901
    0.0000  -22.5000  -15.000010243.9648   19.4471
    7.5000  -22.5000  -15.0000 9789.3672   19.4749
   -7.5000  -15.0000  -15.000011018.7598   19.3671
    0.0000  -15.0000  -15.000011505.6553   19.4127
    7.5000  -15.0000  -15.000010968.3311   19.4385
   -7.5000   -7.5000  -15.000012232.8896   19.3529
    0.0000   -7.5000  -15.000012750.7998   19.3933
    7.5000   -7.5000  -15.000012152.2246   19.4214
   -7.5000    0.0000  -15.000013332.1807   19.3302
    0.0000    0.0000  -15.000013902.4307   19.3771
    7.5000    0.0000  -15.000013205.4375   19.4091
   -7.5000    7.5000  -15.000013344.1680   19.3137
    0.0000    7.5000  -15.000013940.9951   19.3709
    7.5000    7.5000  -15.000013194.3213   19.4046
   -7.5000   15.0000  -15.000013201.1221   19.3163
    0.0000   15.0000  -15.000013805.8066   19.3786
    7.5000   15.0000  -15.000013032.8252   19.4103
   -7.5000   22.5000  -15.000012888.4775   19.3298
    0.0000   22.5000  -15.000013515.2168   19.3869
    7.5000   22.5000  -15.000012732.7227   19.4146
   -7.5000   30.0000  -15.000012514.1514   19.1061
    0.0000   30.0000  -15.000013134.5938   19.1511
    7.5000   30.0000  -15.000012364.0273   19.1766
   -7.5000   37.5000  -15.000012590.4092   19.1024
    0.0000   37.5000  -15.000013228.0986   19.1423
    7.5000   37.5000  -15.000012452.6592   19.1700
   -7.5000   45.0000  -15.000012202.9375   18.6272
    0.0000   45.0000  -15.000012801.0176   18.6724
    7.5000   45.0000  -15.000012050.0049   18.7032
   -7.5000  -45.0000   -7.5000 7368.8237   20.7361
    0.0000  -45.0000   -7.5000 7659.4209   20.7917
    7.5000  -45.0000   -7.5000 7339.7305   20.8382
   -7.5000  -37.5000   -7.5000 8189.5830   20.1763
    0.0000  -37.5000   -7.5000 8533.0146   20.2403
    7.5000  -37.5000   -7.5000 8184.0693   20.2902
   -7.5000  -30.0000   -7.5000 9404.1406   19.8184
    0.0000  -30.0000   -7.5000 9815.4824   19.8903
    7.5000  -30.0000   -7.5000 9386.1094   19.9417
   -7.5000  -22.5000   -7.500010682.8525   19.6413
    0.0000  -22.5000   -7.500011173.2090   19.7122
    7.5000  -22.5000   -7.500010662.4062   19.7601
   -7.5000  -15.0000   -7.500011971.3408   19.6086
    0.0000  -15.0000   -7.500012501.3750   19.6704
    7.5000  -15.0000   -7.500011928.2148   19.7139
   -7.5000   -7.5000   -7.500013276.2012   19.5968
    0.0000   -7.5000   -7.500013840.7393   19.6503
    7.5000   -7.5000   -7.500013177.7861   19.6917
   -7.5000    0.0000   -7.500014439.9209   19.5840
    0.0000    0.0000   -7.500015098.3037   19.6388
    7.5000    0.0000   -7.500014326.5703   19.6826
   -7.5000    7.5000   -7.500014445.0371   19.5756
    0.0000    7.5000   -7.500015141.8145   19.6389
    7.5000    7.5000   -7.500014345.5410   19.6873
   -7.5000   15.0000   -7.500014254.3428   19.5776
    0.0000   15.0000   -7.500014959.4355   19.6484
    7.5000   15.0000   -7.500014157.0557   19.6987
   -7.5000   22.5000   -7.500013884.1162   19.5780
    0.0000   22.5000   -7.500014623.8955   19.6488
    7.5000   22.5000   -7.500013805.2188   19.6966
   -7.5000   30.0000   -7.500013484.7393   19.3438
    0.0000   30.0000   -7.500014211.4385   19.4048
    7.5000   30.0000   -7.500013394.9961   19.4477
   -7.5000   37.5000   -7.500013571.5527   19.3427
    0.0000   37.5000   -7.500014320.3740   19.3955
    7.5000   37.5000   -7.500013473.4609   19.4363
   -7.5000   45.0000   -7.500013109.0332   18.8753
    0.0000   45.0000   -7.500013800.8057   18.9281
    7.5000   45.0000   -7.500012988.8672   18.9703
   -7.5000  -45.0000    0.0000 7929.7134   20.8402
    0.0000  -45.0000    0.0000 8270.8076   20.8912
    7.5000  -45.0000    0.0000 7906.0312   20.9287
   -7.5000  -37.5000    0.0000 8841.0811   20.2775
    0.0000  -37.5000    0.0000 9247.7637   20.3335
    7.5000  -37.5000    0.0000 8835.0312   20.3754
   -7.5000  -30.0000    0.000010161.8428   19.9087
    0.0000  -30.0000    0.000010642.9229   19.9744
    7.5000  -30.0000    0.000010178.1250   20.0222
   -7.5000  -22.5000    0.000011530.5488   19.7203
    0.0000  -22.5000    0.000012042.1514   19.7908
    7.5000  -22.5000    0.000011529.6875   19.8394
   -7.5000  -15.0000    0.000012902.4287   19.6831
    0.0000  -15.0000    0.000013450.1543   19.7486
    7.5000  -15.0000    0.000012883.7900   19.7928
   -7.5000   -7.5000    0.000014257.5596   19.6793
    0.0000   -7.5000    0.000014873.5830   19.7344
    7.5000   -7.5000    0.000014194.8398   19.7719
   -7.5000    0.0000    0.000015486.9668   19.6773
    0.0000    0.0000    0.000016204.8027   19.7282
    7.5000    0.0000    0.000015402.5391   19.7640
   -7.5000    7.5000    0.000015507.3242   19.6717
    0.0000    7.5000    0.000016282.2412   19.7274
    7.5000    7.5000    0.000015439.8682   19.7678
   -7.5000   15.0000    0.000015271.8789   19.6669
    0.0000   15.0000    0.000016091.4736   19.7316
    7.5000   15.0000    0.000015234.6914   19.7780
   -7.5000   22.5000    0.000014801.7188   19.6564
    0.0000   22.5000    0.000015648.9590   19.7268
    7.5000   22.5000    0.000014818.3057   19.7753
   -7.5000   30.0000    0.000014377.6533   19.4177
    0.0000   30.0000    0.000015202.8242   19.4824
    7.5000   30.0000    0.000014366.3203   19.5260
   -7.5000   37.5000    0.000014468.8691   19.4246
    0.0000   37.5000    0.000015275.3037   19.4790
    7.5000   37.5000    0.000014419.9746   19.5160
   -7.5000   45.0000    0.000013903.3506   18.9667
    0.0000   45.0000    0.000014670.0713   19.0157
    7.5000   45.0000    0.000013831.0352   19.0502
   -7.5000  -45.0000    7.5000 7859.7661   20.8722
    0.0000  -45.0000    7.5000 8203.2734   20.9079
    7.5000  -45.0000    7.5000 7859.5210   20.9208
   -7.5000  -37.5000    7.5000 8794.7480   20.2999
    0.0000  -37.5000    7.5000 9216.6240   20.3392
    7.5000  -37.5000    7.5000 8820.2764   20.3542
   -7.5000  -30.0000    7.500010117.8555   19.9235
    0.0000  -30.0000    7.500010587.1182   19.9714
    7.5000  -30.0000    7.500010137.8311   19.9922
   -7.5000  -22.5000    7.500011469.2783   19.7340
    0.0000  -22.5000    7.500011986.2705   19.7879
    7.5000  -22.5000    7.500011492.4062   19.8133
   -7.5000  -15.0000    7.500012829.6729   19.7016
    0.0000  -15.0000    7.500013392.2266   19.7530
    7.5000  -15.0000    7.500012830.9775   19.7778
   -7.5000   -7.5000    7.500014135.4600   19.7046
    0.0000   -7.5000    7.500014741.9697   19.7471
    7.5000   -7.5000    7.500014082.9053   19.7660
   -7.5000    0.0000    7.500015338.8076   19.7051
    0.0000    0.0000    7.500016018.7881   19.7423
    7.5000    0.0000    7.500015271.3799   19.7566
   -7.5000    7.5000    7.500015400.4795   19.6940
    0.0000    7.5000    7.500016205.0469   19.7334
    7.5000    7.5000    7.500015380.9629   19.7482
   -7.5000   15.0000    7.500015106.9453   19.6817
    0.0000   15.0000    7.500015986.5820   19.7288
    7.5000   15.0000    7.500015183.7588   19.7488
   -7.5000   22.5000    7.500014602.6533   19.6700
    0.0000   22.5000    7.500015463.0879   19.7239
    7.5000   22.5000    7.500014747.4209   19.7493
   -7.5000   30.0000    7.500014186.5635   19.4360
    0.0000   30.0000    7.500014980.5947   19.4868
    7.5000   30.0000    7.500014285.8438   19.5113
   -7.5000   37.5000    7.500014257.8975   19.4496
    0.0000   37.5000    7.500015024.1709   19.4915
    7.5000   37.5000    7.500014291.7480   19.5102
   -7.5000   45.0000    7.500013600.8496   18.9935
    0.0000   45.0000    7.500014345.8096   19.0293
    7.5000   45.0000    7.500013618.4258   19.0431
   -7.5000  -45.0000   15.0000 7670.7568   20.8458
    0.0000  -45.0000   15.0000 8042.7627   20.8693
    7.5000  -45.0000   15.0000 7696.9146   20.8649
   -7.5000  -37.5000   15.0000 8621.8037   20.2678
    0.0000  -37.5000   15.0000 9055.2197   20.2977
    7.5000  -37.5000   15.0000 8639.2627   20.2941
   -7.5000  -30.0000   15.0000 9921.4541   19.8952
    0.0000  -30.0000   15.000010378.8164   19.9327
    7.5000  -30.0000   15.0000 9931.6895   19.9320
   -7.5000  -22.5000   15.000011251.7852   19.7149
    0.0000  -22.5000   15.000011756.3223   19.7548
    7.5000  -22.5000   15.000011261.2168   19.7584
   -7.5000  -15.0000   15.000012533.9502   19.6898
    0.0000  -15.0000   15.000013084.9092   19.7246
    7.5000  -15.0000   15.000012522.6729   19.7297
   -7.5000   -7.5000   15.000013780.2852   19.6901
    0.0000   -7.5000   15.000014351.3047   19.7174
    7.5000   -7.5000   15.000013737.8389   19.7204
   -7.5000    0.0000   15.000015005.5557   19.6827
    0.0000    0.0000   15.000015644.9502   19.7085
    7.5000    0.0000   15.000014937.7344   19.7080
   -7.5000    7.5000   15.000015060.9727   19.6654
    0.0000    7.5000   15.000015768.7920   19.6954
    7.5000    7.5000   15.000015042.2939   19.6928
   -7.5000   15.0000   15.000014709.1455   19.6538
    0.0000   15.0000   15.000015353.7041   19.6907
    7.5000   15.0000   15.000014807.8008   19.6899
   -7.5000   22.5000   15.000014223.2725   19.6512
    0.0000   22.5000   15.000014865.2715   19.6911
    7.5000   22.5000   15.000014384.1182   19.6948
   -7.5000   30.0000   15.000013860.5693   19.4244
    0.0000   30.0000   15.000014474.9326   19.4588
    7.5000   30.0000   15.000013961.7656   19.4639
   -7.5000   37.5000   15.000013934.2236   19.4352
    0.0000   37.5000   15.000014562.3359   19.4622
    7.5000   37.5000   15.000013972.0264   19.4652
   -7.5000   45.0000   15.000013250.9414   18.9719
    0.0000   45.0000   15.000013901.7607   18.9967
    7.5000   45.0000   15.000013270.5508   18.9963
   -7.5000  -45.0000   22.5000 7392.5181   20.7811
    0.0000  -45.0000   22.5000 7756.9873   20.8117
    7.5000  -45.0000   22.5000 7415.3950   20.8187
   -7.5000  -37.5000   22.5000 8299.5312   20.2052
    0.0000  -37.5000   22.5000 8727.2158   20.2463
    7.5000  -37.5000   22.5000 8310.5518   20.2543
   -7.5000  -30.0000   22.5000 9570.8750   19.8443
    0.0000  -30.0000   22.500010038.5029   19.8914
    7.5000  -30.0000   22.5000 9565.6055   19.8987
   -7.5000  -22.5000   22.500010877.3721   19.6765
    0.0000  -22.5000   22.500011407.5225   19.7197
    7.5000  -22.5000   22.500010871.8809   19.7266
   -7.5000  -15.0000   22.500012130.1504   19.6559
    0.0000  -15.0000   22.500012707.0098   19.6893
    7.5000  -15.0000   22.500012100.8721   19.6963
   -7.5000   -7.5000   22.500013343.6533   19.6467
    0.0000   -7.5000   22.500013931.6895   19.6743
    7.5000   -7.5000   22.500013299.7480   19.6829
   -7.5000    0.0000   22.500014468.6348   19.6269
    0.0000    0.0000   22.500015052.8809   19.6589
    7.5000    0.0000   22.500014396.3779   19.6685
   -7.5000    7.5000   22.500014479.4111   19.6067
    0.0000    7.5000   22.500014986.3506   19.6476
    7.5000    7.5000   22.500014369.6543   19.6562
   -7.5000   15.0000   22.500014230.7764   19.6034
    0.0000   15.0000   22.500014635.7949   19.6499
    7.5000   15.0000   22.500014137.2715   19.6573
   -7.5000   22.5000   22.500013827.3818   19.6131
    0.0000   22.5000   22.500014264.9287   19.6564
    7.5000   22.5000   22.500013796.1924   19.6634
   -7.5000   30.0000   22.500013412.2666   19.3910
    0.0000   30.0000   22.500013908.3809   19.4240
    7.5000   30.0000   22.500013396.5781   19.4310
   -7.5000   37.5000   22.500013488.2148   19.3925
    0.0000   37.5000   22.500014043.6299   19.4197
    7.5000   37.5000   22.500013450.5254   19.4281
   -7.5000   45.0000   22.500012782.0576   18.9181
    0.0000   45.0000   22.500013350.1191   18.9489
    7.5000   45.0000   22.500012733.8965   18.9582
   -7.5000  -45.0000   30.0000 7032.6138   20.7509
    0.0000  -45.0000   30.0000 7417.2061   20.7985
    7.5000  -45.0000   30.0000 7087.7256   20.8317
   -7.5000  -37.5000   30.0000 7893.6924   20.1823
    0.0000  -37.5000   30.0000 8302.0811   20.2408
    7.5000  -37.5000   30.0000 7926.8008   20.2755
   -7.5000  -30.0000   30.0000 9101.0449   19.8273
    0.0000  -30.0000   30.0000 9552.1885   19.8912
    7.5000  -30.0000   30.0000 9119.4004   19.9237
   -7.5000  -22.5000   30.000010349.3203   19.6611
    0.0000  -22.5000   30.000010869.4111   19.7189
    7.5000  -22.5000   30.000010350.5420   19.7470
   -7.5000  -15.0000   30.000011555.2344   19.6379
    0.0000  -15.0000   30.000012111.7158   19.6840
    7.5000  -15.0000   30.000011511.8936   19.7101
   -7.5000   -7.5000   30.000012720.3037   19.6235
    0.0000   -7.5000   30.000013296.2500   19.6644
    7.5000   -7.5000   30.000012639.5918   19.6928
   -7.5000    0.0000   30.000013783.5732   19.6006
    0.0000    0.0000   30.000014417.9951   19.6481
    7.5000    0.0000   30.000013672.2686   19.6805
   -7.5000    7.5000   30.000013796.6729   19.5839
    0.0000    7.5000   30.000014337.9404   19.6418
    7.5000    7.5000   30.000013647.4268   19.6759
   -7.5000   15.0000   30.000013593.1270   19.5864
    0.0000   15.0000   30.000014073.9893   19.6495
    7.5000   15.0000   30.000013418.1240   19.6815
   -7.5000   22.5000   30.000013271.3008   19.5980
    0.0000   22.5000   30.000013755.7949   19.6557
    7.5000   22.5000   30.000013115.2217   19.6838
   -7.5000   30.0000   30.000012863.2090   19.3732
    0.0000   30.0000   30.000013323.2979   19.4188
    7.5000   30.0000   30.000012736.6826   19.4446
   -7.5000   37.5000   30.000012870.2695   19.3695
    0.0000   37.5000   30.000013360.0879   19.4099
    7.5000   37.5000   30.000012785.7803   19.4379
   -7.5000   45.0000   30.000012130.9043   18.8928
    0.0000   45.0000   30.000012623.7607   18.9385
    7.5000   45.0000   30.000012095.2354   18.9697
   -7.5000  -45.0000   37.5000 6830.4487   20.8068
    0.0000  -45.0000   37.5000 7213.1270   20.8624
    7.5000  -45.0000   37.5000 6916.1255   20.9089
   -7.5000  -37.5000   37.5000 7665.4712   20.2443
    0.0000  -37.5000   37.5000 8100.1860   20.3084
    7.5000  -37.5000   37.5000 7731.9487   20.3584
   -7.5000  -30.0000   37.5000 8841.3994   19.8845
    0.0000  -30.0000   37.5000 9364.8047   19.9566
    7.5000  -30.0000   37.5000 8903.9590   20.0081
   -7.5000  -22.5000   37.500010080.9570   19.7063
    0.0000  -22.5000   37.500010651.3467   19.7775
    7.5000  -22.5000   37.500010114.7539   19.8255
   -7.5000  -15.0000   37.500011267.8555   19.6736
    0.0000  -15.0000   37.500011890.1670   19.7356
    7.5000  -15.0000   37.500011285.6768   19.7791
   -7.5000   -7.5000   37.500012401.5645   19.6619
    0.0000   -7.5000   37.500013058.4551   19.7155
    7.5000   -7.5000   37.500012390.9062   19.7569
   -7.5000    0.0000   37.500013424.0273   19.6493
    0.0000    0.0000   37.500014105.0781   19.7040
    7.5000    0.0000   37.500013418.7021   19.7480
   -7.5000    7.5000   37.500013395.6641   19.6408
    0.0000    7.5000   37.500014012.0020   19.7042
    7.5000    7.5000   37.500013365.5723   19.7527
   -7.5000   15.0000   37.500013210.2666   19.6425
    0.0000   15.0000   37.500013787.2607   19.7136
    7.5000   15.0000   37.500013169.2881   19.7640
   -7.5000   22.5000   37.500012901.4629   19.6428
    0.0000   22.5000   37.500013467.1240   19.7138
    7.5000   22.5000   37.500012864.1309   19.7617
   -7.5000   30.0000   37.500012509.2207   19.4084
    0.0000   30.0000   37.500013040.7939   19.4696
    7.5000   30.0000   37.500012462.7012   19.5126
   -7.5000   37.5000   37.500012545.0732   19.4075
    0.0000   37.5000   37.500013095.8711   19.4603
    7.5000   37.5000   37.500012533.8145   19.5012
   -7.5000   45.0000   37.500011839.3535   18.9396
    0.0000   45.0000   37.500012377.1074   18.9924
    7.5000   45.0000   37.500011840.7988   19.0348
   -7.5000  -45.0000   45.0000 6311.4761   20.7982
    0.0000  -45.0000   45.0000 6670.8306   20.8485
    7.5000  -45.0000   45.0000 6394.7656   20.8860
   -7.5000  -37.5000   45.0000 7091.5366   20.2349
    0.0000  -37.5000   45.0000 7499.0400   20.2903
    7.5000  -37.5000   45.0000 7163.9683   20.3322
   -7.5000  -30.0000   45.0000 8185.9565   19.8646
    0.0000  -30.0000   45.0000 8666.0947   19.9298
    7.5000  -30.0000   45.0000 8253.2520   19.9778
   -7.5000  -22.5000   45.0000 9308.8525   19.6750
    0.0000  -22.5000   45.0000 9847.2559   19.7450
    7.5000  -22.5000   45.0000 9376.1377   19.7939
   -7.5000  -15.0000   45.000010402.3330   19.6379
    0.0000  -15.0000   45.000010972.3848   19.7030
    7.5000  -15.0000   45.000010457.2744   19.7473
   -7.5000   -7.5000   45.000011451.7715   19.6350
    0.0000   -7.5000   45.000012050.1836   19.6895
    7.5000   -7.5000   45.000011484.5234   19.7270
   -7.5000    0.0000   45.000012376.0742   19.6338
    0.0000    0.0000   45.000012994.1494   19.6840
    7.5000    0.0000   45.000012415.0078   19.7197
   -7.5000    7.5000   45.000012322.9824   19.6280
    0.0000    7.5000   45.000012914.6221   19.6831
    7.5000    7.5000   45.000012368.6016   19.7235
   -7.5000   15.0000   45.000012176.3770   19.6223
    0.0000   15.0000   45.000012726.5830   19.6864
    7.5000   15.0000   45.000012219.0420   19.7331
   -7.5000   22.5000   45.000011899.8027   19.6111
    0.0000   22.5000   45.000012420.1553   19.6809
    7.5000   22.5000   45.000011928.9482   19.7296
   -7.5000   30.0000   45.000011547.0703   19.3714
    0.0000   30.0000   45.000012050.5977   19.4356
    7.5000   30.0000   45.000011580.7373   19.4794
   -7.5000   37.5000   45.000011598.1025   19.3792
    0.0000   37.5000   45.000012099.5527   19.4330
    7.5000   37.5000   45.000011632.9336   19.4700
   -7.5000   45.0000   45.000010949.2773   18.9333
    0.0000   45.0000   45.000011448.8027   18.9817
    7.5000   45.0000   45.000010990.2783   19.0162

---------------------------------------------------------------------
imgreg_4dfp /opt/freesurfer/average/711-2C_as_mni_average_305 /opt/freesurfer/average/711-2B_as_mni_average_305_mask talsrcimg_g11 none talsrcimg_to_711-2C_as_mni_average_305_t4 4355
---------------------------------------------------------------------

freesurfer imgreg_4dfp.c
/opt/freesurfer/average/711-2C_as_mni_average_305.4dfp.img
       256       256       256         1
  1.000000  1.000000  1.000000
orientation T byte_order littleendian
Reading image: /opt/freesurfer/average/711-2C_as_mni_average_305.4dfp.img
dimensions:      256       256       256
mmppix:       1.0000   -1.0000   -1.0000
center:     128.0000 -129.0000 -129.0000
/opt/freesurfer/average/711-2B_as_mni_average_305_mask.4dfp.img
       256       256       256         1
  1.000000  1.000000  1.000000
orientation T byte_order littleendian
Reading mask: /opt/freesurfer/average/711-2B_as_mni_average_305_mask.4dfp.img (2306576 pixels)
talsrcimg_g11.4dfp.img
       256       256       256         1
  1.000000  1.000000  1.000000
orientation T byte_order littleendian
Reading image: talsrcimg_g11.4dfp.img
dimensions:      256       256       256
mmppix:       1.0000   -1.0000   -1.0000
center:     128.0000 -129.0000 -129.0000
rotation matrix determinant  1.000000
image alignment mode   4355 decimal     1103 hex
   -7.5000  -37.5000  -45.0000 1574.7698   35.1802
    0.0000  -37.5000  -45.0000 1582.2493   34.7321
    7.5000  -37.5000  -45.0000 1568.7771   34.8224
   -7.5000  -30.0000  -45.0000 1684.6058   30.3707
    0.0000  -30.0000  -45.0000 1693.1716   29.9151
    7.5000  -30.0000  -45.0000 1684.7871   29.9996
   -7.5000  -22.5000  -45.0000 1799.2915   26.6474
    0.0000  -22.5000  -45.0000 1808.3077   26.2997
    7.5000  -22.5000  -45.0000 1805.0554   26.4861
   -7.5000  -15.0000  -45.0000 1891.4771   23.8913
    0.0000  -15.0000  -45.0000 1899.1080   23.6489
    7.5000  -15.0000  -45.0000 1894.6208   23.7253
   -7.5000   -7.5000  -45.0000 1979.8440   22.0562
    0.0000   -7.5000  -45.0000 1987.7969   21.9195
    7.5000   -7.5000  -45.0000 1975.6893   21.9002
   -7.5000    0.0000  -45.0000 2036.1700   20.7892
    0.0000    0.0000  -45.0000 2045.7732   20.6092
    7.5000    0.0000  -45.0000 2032.4429   20.5986
   -7.5000    7.5000  -45.0000 2078.9229   19.6948
    0.0000    7.5000  -45.0000 2086.2048   19.5762
    7.5000    7.5000  -45.0000 2072.5244   19.5834
   -7.5000   15.0000  -45.0000 2104.5581   18.8995
    0.0000   15.0000  -45.0000 2111.3264   18.7673
    7.5000   15.0000  -45.0000 2098.5039   18.8605
   -7.5000   22.5000  -45.0000 2106.5417   18.5519
    0.0000   22.5000  -45.0000 2116.9805   18.4283
    7.5000   22.5000  -45.0000 2100.9976   18.6210
   -7.5000   30.0000  -45.0000 2097.4998   18.6441
    0.0000   30.0000  -45.0000 2110.0447   18.5399
    7.5000   30.0000  -45.0000 2085.6619   18.8158
   -7.5000   37.5000  -45.0000 2073.4849   19.1413
    0.0000   37.5000  -45.0000 2087.0034   19.0364
    7.5000   37.5000  -45.0000 2061.7151   19.3380
   -7.5000   45.0000  -45.0000 2029.9312   20.0065
    0.0000   45.0000  -45.0000 2043.4799   19.8639
    7.5000   45.0000  -45.0000 2023.5935   20.2359
   -7.5000   52.5000  -45.0000 1959.0956   21.2021
    0.0000   52.5000  -45.0000 1967.8779   21.0415
    7.5000   52.5000  -45.0000 1948.1239   21.4257
   -7.5000  -37.5000  -37.5000 1648.7714   31.8546
    0.0000  -37.5000  -37.5000 1650.6494   31.4991
    7.5000  -37.5000  -37.5000 1642.4031   31.5396
   -7.5000  -30.0000  -37.5000 1762.0814   27.4794
    0.0000  -30.0000  -37.5000 1768.0155   27.1334
    7.5000  -30.0000  -37.5000 1762.9978   27.2479
   -7.5000  -22.5000  -37.5000 1885.1000   24.1612
    0.0000  -22.5000  -37.5000 1896.1388   23.9421
    7.5000  -22.5000  -37.5000 1883.7418   24.0528
   -7.5000  -15.0000  -37.5000 1990.6827   21.7537
    0.0000  -15.0000  -37.5000 2003.0723   21.5825
    7.5000  -15.0000  -37.5000 1987.8425   21.6278
   -7.5000   -7.5000  -37.5000 2087.8254   20.1040
    0.0000   -7.5000  -37.5000 2099.4402   19.9847
    7.5000   -7.5000  -37.5000 2083.4211   19.9947
   -7.5000    0.0000  -37.5000 2145.1133   18.9320
    0.0000    0.0000  -37.5000 2161.4456   18.8475
    7.5000    0.0000  -37.5000 2143.1770   18.8421
   -7.5000    7.5000  -37.5000 2187.5491   17.9701
    0.0000    7.5000  -37.5000 2200.7422   17.8669
    7.5000    7.5000  -37.5000 2184.0579   17.8391
   -7.5000   15.0000  -37.5000 2207.9143   17.2835
    0.0000   15.0000  -37.5000 2223.6670   17.1498
    7.5000   15.0000  -37.5000 2206.3796   17.1796
   -7.5000   22.5000  -37.5000 2208.4814   17.0041
    0.0000   22.5000  -37.5000 2222.8323   16.8784
    7.5000   22.5000  -37.5000 2206.7498   16.9980
   -7.5000   30.0000  -37.5000 2193.7703   17.0223
    0.0000   30.0000  -37.5000 2208.1155   16.9614
    7.5000   30.0000  -37.5000 2188.4778   17.1463
   -7.5000   37.5000  -37.5000 2172.5308   17.4361
    0.0000   37.5000  -37.5000 2183.4880   17.3240
    7.5000   37.5000  -37.5000 2163.7305   17.5816
   -7.5000   45.0000  -37.5000 2135.7734   18.1955
    0.0000   45.0000  -37.5000 2147.5923   18.0879
    7.5000   45.0000  -37.5000 2127.2026   18.3407
   -7.5000   52.5000  -37.5000 2059.6824   19.2883
    0.0000   52.5000  -37.5000 2071.7202   19.1704
    7.5000   52.5000  -37.5000 2047.9733   19.5070
   -7.5000  -37.5000  -30.0000 1750.2303   29.8370
    0.0000  -37.5000  -30.0000 1752.0861   29.6165
    7.5000  -37.5000  -30.0000 1754.1062   29.8312
   -7.5000  -30.0000  -30.0000 1877.5607   25.7924
    0.0000  -30.0000  -30.0000 1885.3099   25.6420
    7.5000  -30.0000  -30.0000 1881.8279   25.7308
   -7.5000  -22.5000  -30.0000 2006.5477   22.7486
    0.0000  -22.5000  -30.0000 2016.0736   22.6144
    7.5000  -22.5000  -30.0000 2012.9303   22.6620
   -7.5000  -15.0000  -30.0000 2125.7412   20.5389
    0.0000  -15.0000  -30.0000 2135.6060   20.4208
    7.5000  -15.0000  -30.0000 2124.0161   20.4320
   -7.5000   -7.5000  -30.0000 2225.5942   18.8962
    0.0000   -7.5000  -30.0000 2239.7949   18.8081
    7.5000   -7.5000  -30.0000 2222.7031   18.8617
   -7.5000    0.0000  -30.0000 2287.7773   17.7503
    0.0000    0.0000  -30.0000 2304.9084   17.7134
    7.5000    0.0000  -30.0000 2288.0093   17.7166
   -7.5000    7.5000  -30.0000 2334.9590   16.8879
    0.0000    7.5000  -30.0000 2346.8926   16.8288
    7.5000    7.5000  -30.0000 2328.1443   16.8511
   -7.5000   15.0000  -30.0000 2357.6768   16.2881
    0.0000   15.0000  -30.0000 2376.1790   16.1871
    7.5000   15.0000  -30.0000 2353.5537   16.2083
   -7.5000   22.5000  -30.0000 2364.3762   15.9950
    0.0000   22.5000  -30.0000 2380.2048   15.9138
    7.5000   22.5000  -30.0000 2359.7161   15.9945
   -7.5000   30.0000  -30.0000 2343.0867   16.1050
    0.0000   30.0000  -30.0000 2357.5569   16.0638
    7.5000   30.0000  -30.0000 2341.8169   16.1586
   -7.5000   37.5000  -30.0000 2320.4202   16.4738
    0.0000   37.5000  -30.0000 2337.4473   16.3929
    7.5000   37.5000  -30.0000 2317.6802   16.5894
   -7.5000   45.0000  -30.0000 2283.8438   17.1818
    0.0000   45.0000  -30.0000 2298.1113   17.0922
    7.5000   45.0000  -30.0000 2277.0283   17.3132
   -7.5000   52.5000  -30.0000 2200.4316   18.2388
    0.0000   52.5000  -30.0000 2217.0027   18.1338
    7.5000   52.5000  -30.0000 2189.5308   18.4172
   -7.5000  -37.5000  -22.5000 1831.4689   27.8823
    0.0000  -37.5000  -22.5000 1841.9105   27.7090
    7.5000  -37.5000  -22.5000 1842.1224   27.9697
   -7.5000  -30.0000  -22.5000 1971.8884   24.0615
    0.0000  -30.0000  -22.5000 1981.6178   23.9437
    7.5000  -30.0000  -22.5000 1975.6000   24.0685
   -7.5000  -22.5000  -22.5000 2109.5776   21.3024
    0.0000  -22.5000  -22.5000 2120.9700   21.1641
    7.5000  -22.5000  -22.5000 2110.6943   21.2538
   -7.5000  -15.0000  -22.5000 2231.3821   19.1403
    0.0000  -15.0000  -22.5000 2242.7339   19.0625
    7.5000  -15.0000  -22.5000 2233.7932   19.1451
   -7.5000   -7.5000  -22.5000 2335.0693   17.5854
    0.0000   -7.5000  -22.5000 2351.0022   17.5177
    7.5000   -7.5000  -22.5000 2334.5076   17.5583
   -7.5000    0.0000  -22.5000 2409.9939   16.4768
    0.0000    0.0000  -22.5000 2419.5840   16.4615
    7.5000    0.0000  -22.5000 2403.0098   16.5230
   -7.5000    7.5000  -22.5000 2453.8860   15.6915
    0.0000    7.5000  -22.5000 2467.2444   15.6876
    7.5000    7.5000  -22.5000 2448.1653   15.7504
   -7.5000   15.0000  -22.5000 2485.4792   15.1470
    0.0000   15.0000  -22.5000 2504.7766   15.0935
    7.5000   15.0000  -22.5000 2478.4272   15.1586
   -7.5000   22.5000  -22.5000 2500.9133   14.9338
    0.0000   22.5000  -22.5000 2518.3713   14.8574
    7.5000   22.5000  -22.5000 2496.1736   14.9428
   -7.5000   30.0000  -22.5000 2486.6948   15.0546
    0.0000   30.0000  -22.5000 2505.6660   15.0090
    7.5000   30.0000  -22.5000 2483.5469   15.1192
   -7.5000   37.5000  -22.5000 2463.4348   15.4273
    0.0000   37.5000  -22.5000 2478.7112   15.3799
    7.5000   37.5000  -22.5000 2452.7017   15.5168
   -7.5000   45.0000  -22.5000 2419.2651   16.1314
    0.0000   45.0000  -22.5000 2433.3853   16.0862
    7.5000   45.0000  -22.5000 2404.7170   16.2477
   -7.5000   52.5000  -22.5000 2324.9941   17.1183
    0.0000   52.5000  -22.5000 2341.3203   17.0705
    7.5000   52.5000  -22.5000 2311.1909   17.2780
   -7.5000  -37.5000  -15.0000 1892.0822   26.1412
    0.0000  -37.5000  -15.0000 1900.9619   25.9973
    7.5000  -37.5000  -15.0000 1893.6193   26.2697
   -7.5000  -30.0000  -15.0000 2037.3140   22.5647
    0.0000  -30.0000  -15.0000 2044.3904   22.4458
    7.5000  -30.0000  -15.0000 2037.7626   22.6630
   -7.5000  -22.5000  -15.0000 2182.1526   19.8839
    0.0000  -22.5000  -15.0000 2192.7156   19.7853
    7.5000  -22.5000  -15.0000 2180.5620   19.9664
   -7.5000  -15.0000  -15.0000 2308.7517   17.8460
    0.0000  -15.0000  -15.0000 2322.8970   17.7996
    7.5000  -15.0000  -15.0000 2305.0237   17.9316
   -7.5000   -7.5000  -15.0000 2419.4561   16.3793
    0.0000   -7.5000  -15.0000 2429.8740   16.3270
    7.5000   -7.5000  -15.0000 2416.0647   16.4305
   -7.5000    0.0000  -15.0000 2497.0166   15.2968
    0.0000    0.0000  -15.0000 2512.1199   15.2697
    7.5000    0.0000  -15.0000 2492.3235   15.3712
   -7.5000    7.5000  -15.0000 2552.2402   14.5731
    0.0000    7.5000  -15.0000 2567.5564   14.5729
    7.5000    7.5000  -15.0000 2545.6978   14.6695
   -7.5000   15.0000  -15.0000 2594.3860   14.0886
    0.0000   15.0000  -15.0000 2613.0959   14.0572
    7.5000   15.0000  -15.0000 2587.9575   14.1683
   -7.5000   22.5000  -15.0000 2620.9973   13.8653
    0.0000   22.5000  -15.0000 2638.9114   13.8595
    7.5000   22.5000  -15.0000 2614.1277   13.9589
   -7.5000   30.0000  -15.0000 2610.3530   14.0380
    0.0000   30.0000  -15.0000 2631.8311   14.0248
    7.5000   30.0000  -15.0000 2601.3987   14.1289
   -7.5000   37.5000  -15.0000 2585.8489   14.4256
    0.0000   37.5000  -15.0000 2605.0967   14.4102
    7.5000   37.5000  -15.0000 2567.3113   14.5146
   -7.5000   45.0000  -15.0000 2533.1079   15.1356
    0.0000   45.0000  -15.0000 2551.3052   15.1087
    7.5000   45.0000  -15.0000 2510.8813   15.2449
   -7.5000   52.5000  -15.0000 2427.8765   16.0599
    0.0000   52.5000  -15.0000 2441.6077   16.0339
    7.5000   52.5000  -15.0000 2406.9866   16.2026
   -7.5000  -37.5000   -7.5000 1941.2598   24.8144
    0.0000  -37.5000   -7.5000 1949.2300   24.5563
    7.5000  -37.5000   -7.5000 1941.9557   24.9800
   -7.5000  -30.0000   -7.5000 2090.4221   21.4031
    0.0000  -30.0000   -7.5000 2100.3120   21.2542
    7.5000  -30.0000   -7.5000 2090.9402   21.5348
   -7.5000  -22.5000   -7.5000 2234.0640   18.7936
    0.0000  -22.5000   -7.5000 2252.4268   18.6853
    7.5000  -22.5000   -7.5000 2234.9231   18.9159
   -7.5000  -15.0000   -7.5000 2364.7690   16.7966
    0.0000  -15.0000   -7.5000 2382.5635   16.7219
    7.5000  -15.0000   -7.5000 2360.3657   16.9194
   -7.5000   -7.5000   -7.5000 2483.9937   15.3414
    0.0000   -7.5000   -7.5000 2493.8408   15.2732
    7.5000   -7.5000   -7.5000 2478.2019   15.4369
   -7.5000    0.0000   -7.5000 2572.2405   14.3259
    0.0000    0.0000   -7.5000 2588.5962   14.2721
    7.5000    0.0000   -7.5000 2566.5603   14.3987
   -7.5000    7.5000   -7.5000 2636.6892   13.5964
    0.0000    7.5000   -7.5000 2658.9192   13.5793
    7.5000    7.5000   -7.5000 2639.0510   13.6987
   -7.5000   15.0000   -7.5000 2684.7773   13.1409
    0.0000   15.0000   -7.5000 2709.3528   13.1415
    7.5000   15.0000   -7.5000 2688.2178   13.2615
   -7.5000   22.5000   -7.5000 2720.0181   12.9195
    0.0000   22.5000   -7.5000 2747.7417   12.9482
    7.5000   22.5000   -7.5000 2719.1760   13.0749
   -7.5000   30.0000   -7.5000 2717.4722   13.0809
    0.0000   30.0000   -7.5000 2741.6885   13.0888
    7.5000   30.0000   -7.5000 2708.6812   13.2136
   -7.5000   37.5000   -7.5000 2691.1907   13.4887
    0.0000   37.5000   -7.5000 2715.2578   13.4711
    7.5000   37.5000   -7.5000 2674.4631   13.6000
   -7.5000   45.0000   -7.5000 2625.1697   14.1963
    0.0000   45.0000   -7.5000 2647.7271   14.1753
    7.5000   45.0000   -7.5000 2606.4460   14.3165
   -7.5000   52.5000   -7.5000 2507.0522   15.0977
    0.0000   52.5000   -7.5000 2521.3906   15.0761
    7.5000   52.5000   -7.5000 2490.2834   15.2208
   -7.5000  -37.5000    0.0000 1978.4208   23.8798
    0.0000  -37.5000    0.0000 1994.6959   23.6440
    7.5000  -37.5000    0.0000 1979.6238   23.9829
   -7.5000  -30.0000    0.0000 2131.7102   20.5678
    0.0000  -30.0000    0.0000 2149.6306   20.3469
    7.5000  -30.0000    0.0000 2136.8850   20.6366
   -7.5000  -22.5000    0.0000 2276.3188   17.9284
    0.0000  -22.5000    0.0000 2294.7488   17.7864
    7.5000  -22.5000    0.0000 2279.3455   18.0816
   -7.5000  -15.0000    0.0000 2411.3708   16.0038
    0.0000  -15.0000    0.0000 2424.0540   15.8616
    7.5000  -15.0000    0.0000 2410.0811   16.1426
   -7.5000   -7.5000    0.0000 2533.6680   14.5562
    0.0000   -7.5000    0.0000 2547.4458   14.4662
    7.5000   -7.5000    0.0000 2531.2896   14.6778
   -7.5000    0.0000    0.0000 2628.2542   13.5225
    0.0000    0.0000    0.0000 2649.3960   13.4528
    7.5000    0.0000    0.0000 2629.5315   13.6356
   -7.5000    7.5000    0.0000 2708.3967   12.8173
    0.0000    7.5000    0.0000 2741.1729   12.7806
    7.5000    7.5000    0.0000 2716.6052   12.9340
   -7.5000   15.0000    0.0000 2773.8879   12.3742
    0.0000   15.0000    0.0000 2804.0615   12.3578
    7.5000   15.0000    0.0000 2779.2444   12.5115
   -7.5000   22.5000    0.0000 2812.4377   12.1667
    0.0000   22.5000    0.0000 2845.4497   12.2159
    7.5000   22.5000    0.0000 2811.3347   12.3651
   -7.5000   30.0000    0.0000 2812.1375   12.3229
    0.0000   30.0000    0.0000 2844.2776   12.3483
    7.5000   30.0000    0.0000 2805.9893   12.4804
   -7.5000   37.5000    0.0000 2778.2200   12.7282
    0.0000   37.5000    0.0000 2801.6445   12.7255
    7.5000   37.5000    0.0000 2765.3372   12.8597
   -7.5000   45.0000    0.0000 2698.6064   13.4437
    0.0000   45.0000    0.0000 2721.8496   13.3971
    7.5000   45.0000    0.0000 2686.9258   13.5402
   -7.5000   52.5000    0.0000 2569.8762   14.3855
    0.0000   52.5000    0.0000 2588.3933   14.3350
    7.5000   52.5000    0.0000 2553.9094   14.4750
   -7.5000  -37.5000    7.5000 2004.0304   23.2448
    0.0000  -37.5000    7.5000 2027.3828   22.9457
    7.5000  -37.5000    7.5000 2012.5962   23.3349
   -7.5000  -30.0000    7.5000 2155.5454   19.9045
    0.0000  -30.0000    7.5000 2180.8230   19.6585
    7.5000  -30.0000    7.5000 2165.7354   19.9544
   -7.5000  -22.5000    7.5000 2305.3167   17.3248
    0.0000  -22.5000    7.5000 2325.0698   17.1278
    7.5000  -22.5000    7.5000 2311.1921   17.4522
   -7.5000  -15.0000    7.5000 2443.3237   15.4030
    0.0000  -15.0000    7.5000 2460.2178   15.2346
    7.5000  -15.0000    7.5000 2448.5425   15.5387
   -7.5000   -7.5000    7.5000 2571.0491   13.9764
    0.0000   -7.5000    7.5000 2587.9299   13.8365
    7.5000   -7.5000    7.5000 2572.2417   14.0711
   -7.5000    0.0000    7.5000 2673.7671   12.9175
    0.0000    0.0000    7.5000 2698.4871   12.8361
    7.5000    0.0000    7.5000 2679.4783   13.0536
   -7.5000    7.5000    7.5000 2772.7698   12.2169
    0.0000    7.5000    7.5000 2807.3347   12.1596
    7.5000    7.5000    7.5000 2781.4023   12.3579
   -7.5000   15.0000    7.5000 2855.4941   11.7728
    0.0000   15.0000    7.5000 2896.6555   11.7533
    7.5000   15.0000    7.5000 2858.4958   11.9441
   -7.5000   22.5000    7.5000 2899.4839   11.5398
    0.0000   22.5000    7.5000 2940.9387   11.5826
    7.5000   22.5000    7.5000 2893.6375   11.7887
   -7.5000   30.0000    7.5000 2896.4343   11.7358
    0.0000   30.0000    7.5000 2932.1875   11.7357
    7.5000   30.0000    7.5000 2891.6458   11.9127
   -7.5000   37.5000    7.5000 2849.0906   12.1952
    0.0000   37.5000    7.5000 2876.6411   12.1582
    7.5000   37.5000    7.5000 2839.2593   12.3202
   -7.5000   45.0000    7.5000 2755.5818   12.8942
    0.0000   45.0000    7.5000 2778.7639   12.8365
    7.5000   45.0000    7.5000 2747.4517   13.0060
   -7.5000   52.5000    7.5000 2617.6294   13.8175
    0.0000   52.5000    7.5000 2635.7488   13.7728
    7.5000   52.5000    7.5000 2603.3337   13.9421
   -7.5000  -37.5000   15.0000 2016.9791   22.8903
    0.0000  -37.5000   15.0000 2045.6002   22.5753
    7.5000  -37.5000   15.0000 2025.3064   22.8892
   -7.5000  -30.0000   15.0000 2173.3408   19.5685
    0.0000  -30.0000   15.0000 2199.3022   19.2391
    7.5000  -30.0000   15.0000 2182.3691   19.5567
   -7.5000  -22.5000   15.0000 2323.7153   17.0303
    0.0000  -22.5000   15.0000 2346.6287   16.7235
    7.5000  -22.5000   15.0000 2335.5195   17.0575
   -7.5000  -15.0000   15.0000 2455.8513   15.1116
    0.0000  -15.0000   15.0000 2482.5869   14.8662
    7.5000  -15.0000   15.0000 2465.8257   15.1582
   -7.5000   -7.5000   15.0000 2583.6641   13.6629
    0.0000   -7.5000   15.0000 2607.7986   13.4348
    7.5000   -7.5000   15.0000 2591.6531   13.7160
   -7.5000    0.0000   15.0000 2701.8921   12.5737
    0.0000    0.0000   15.0000 2726.7234   12.3895
    7.5000    0.0000   15.0000 2704.6948   12.6675
   -7.5000    7.5000   15.0000 2812.0774   11.8791
    0.0000    7.5000   15.0000 2847.5457   11.7047
    7.5000    7.5000   15.0000 2819.4688   11.9603
   -7.5000   15.0000   15.0000 2903.3093   11.3974
    0.0000   15.0000   15.0000 2952.9648   11.2669
    7.5000   15.0000   15.0000 2905.5957   11.5250
   -7.5000   22.5000   15.0000 2958.8628   11.1865
    0.0000   22.5000   15.0000 3007.2615   11.0318
    7.5000   22.5000   15.0000 2944.8296   11.3922
   -7.5000   30.0000   15.0000 2956.5398   11.4516
    0.0000   30.0000   15.0000 2991.8770   11.3024
    7.5000   30.0000   15.0000 2940.9211   11.5887
   -7.5000   37.5000   15.0000 2893.6548   11.9266
    0.0000   37.5000   15.0000 2920.4746   11.8301
    7.5000   37.5000   15.0000 2880.3586   12.0209
   -7.5000   45.0000   15.0000 2791.5491   12.5857
    0.0000   45.0000   15.0000 2820.1199   12.5056
    7.5000   45.0000   15.0000 2784.6509   12.6940
   -7.5000   52.5000   15.0000 2641.5757   13.4672
    0.0000   52.5000   15.0000 2664.8484   13.4176
    7.5000   52.5000   15.0000 2629.0054   13.6034
   -7.5000  -37.5000   22.5000 2012.3268   22.8024
    0.0000  -37.5000   22.5000 2034.9740   22.3894
    7.5000  -37.5000   22.5000 2021.3690   22.6134
   -7.5000  -30.0000   22.5000 2176.6799   19.4626
    0.0000  -30.0000   22.5000 2198.0510   19.1437
    7.5000  -30.0000   22.5000 2179.9985   19.3301
   -7.5000  -22.5000   22.5000 2332.8926   16.9707
    0.0000  -22.5000   22.5000 2358.7991   16.6685
    7.5000  -22.5000   22.5000 2342.3750   16.9150
   -7.5000  -15.0000   22.5000 2462.2090   15.0784
    0.0000  -15.0000   22.5000 2495.0659   14.7790
    7.5000  -15.0000   22.5000 2474.3872   15.0164
   -7.5000   -7.5000   22.5000 2593.6094   13.6353
    0.0000   -7.5000   22.5000 2624.7014   13.3626
    7.5000   -7.5000   22.5000 2603.9309   13.6026
   -7.5000    0.0000   22.5000 2712.0781   12.5506
    0.0000    0.0000   22.5000 2737.7144   12.2759
    7.5000    0.0000   22.5000 2715.7393   12.5480
   -7.5000    7.5000   22.5000 2823.7998   11.8002
    0.0000    7.5000   22.5000 2848.2314   11.5349
    7.5000    7.5000   22.5000 2820.9504   11.8158
   -7.5000   15.0000   22.5000 2910.8586   11.3050
    0.0000   15.0000   22.5000 2945.3088   11.0465
    7.5000   15.0000   22.5000 2900.2654   11.3469
   -7.5000   22.5000   22.5000 2969.2437   11.1680
    0.0000   22.5000   22.5000 3004.0063   10.9239
    7.5000   22.5000   22.5000 2950.4587   11.2164
   -7.5000   30.0000   22.5000 2966.6609   11.3729
    0.0000   30.0000   22.5000 2997.2539   11.1920
    7.5000   30.0000   22.5000 2944.0088   11.4230
   -7.5000   37.5000   22.5000 2903.2014   11.8492
    0.0000   37.5000   22.5000 2932.2588   11.7129
    7.5000   37.5000   22.5000 2886.6965   11.8938
   -7.5000   45.0000   22.5000 2796.0537   12.5138
    0.0000   45.0000   22.5000 2823.8105   12.4222
    7.5000   45.0000   22.5000 2786.2986   12.5974
   -7.5000   52.5000   22.5000 2644.6924   13.3714
    0.0000   52.5000   22.5000 2664.7439   13.3207
    7.5000   52.5000   22.5000 2635.5486   13.5083
   -7.5000  -37.5000   30.0000 1995.7125   23.0532
    0.0000  -37.5000   30.0000 2015.3690   22.6176
    7.5000  -37.5000   30.0000 2001.5177   22.7638
   -7.5000  -30.0000   30.0000 2163.6023   19.6709
    0.0000  -30.0000   30.0000 2181.0776   19.2533
    7.5000  -30.0000   30.0000 2168.3975   19.4700
   -7.5000  -22.5000   30.0000 2322.9521   17.1603
    0.0000  -22.5000   30.0000 2347.4165   16.8107
    7.5000  -22.5000   30.0000 2331.4736   17.0071
   -7.5000  -15.0000   30.0000 2459.8562   15.2691
    0.0000  -15.0000   30.0000 2488.7607   14.9501
    7.5000  -15.0000   30.0000 2468.8420   15.1344
   -7.5000   -7.5000   30.0000 2588.8616   13.8388
    0.0000   -7.5000   30.0000 2620.1750   13.5365
    7.5000   -7.5000   30.0000 2600.7034   13.7367
   -7.5000    0.0000   30.0000 2701.5571   12.8048
    0.0000    0.0000   30.0000 2734.3530   12.5357
    7.5000    0.0000   30.0000 2705.1458   12.7285
   -7.5000    7.5000   30.0000 2809.7607   12.0548
    0.0000    7.5000   30.0000 2835.6145   11.8287
    7.5000    7.5000   30.0000 2803.4587   12.0295
   -7.5000   15.0000   30.0000 2889.1174   11.5758
    0.0000   15.0000   30.0000 2917.5894   11.3209
    7.5000   15.0000   30.0000 2874.4590   11.5758
   -7.5000   22.5000   30.0000 2935.4358   11.4055
    0.0000   22.5000   30.0000 2964.8728   11.2304
    7.5000   22.5000   30.0000 2924.2437   11.4245
   -7.5000   30.0000   30.0000 2921.4976   11.6240
    0.0000   30.0000   30.0000 2948.0518   11.4365
    7.5000   30.0000   30.0000 2912.2083   11.6016
   -7.5000   37.5000   30.0000 2864.0728   12.0490
    0.0000   37.5000   30.0000 2886.9287   11.8658
    7.5000   37.5000   30.0000 2852.1631   12.0438
   -7.5000   45.0000   30.0000 2761.1294   12.6836
    0.0000   45.0000   30.0000 2783.9048   12.5448
    7.5000   45.0000   30.0000 2754.9956   12.7349
   -7.5000   52.5000   30.0000 2618.7334   13.5142
    0.0000   52.5000   30.0000 2635.8916   13.4094
    7.5000   52.5000   30.0000 2610.3103   13.6236
   -7.5000  -37.5000   37.5000 1968.9893   23.5912
    0.0000  -37.5000   37.5000 1989.3951   23.2014
    7.5000  -37.5000   37.5000 1977.0864   23.3264
   -7.5000  -30.0000   37.5000 2138.7983   20.2127
    0.0000  -30.0000   37.5000 2159.8909   19.9052
    7.5000  -30.0000   37.5000 2146.6909   20.0035
   -7.5000  -22.5000   37.5000 2300.2141   17.6733
    0.0000  -22.5000   37.5000 2326.7444   17.4242
    7.5000  -22.5000   37.5000 2305.7324   17.5119
   -7.5000  -15.0000   37.5000 2440.9333   15.7556
    0.0000  -15.0000   37.5000 2468.7759   15.5029
    7.5000  -15.0000   37.5000 2444.1824   15.6539
   -7.5000   -7.5000   37.5000 2567.3950   14.3400
    0.0000   -7.5000   37.5000 2599.5720   14.0788
    7.5000   -7.5000   37.5000 2571.4189   14.2646
   -7.5000    0.0000   37.5000 2672.4121   13.2948
    0.0000    0.0000   37.5000 2703.7502   13.0492
    7.5000    0.0000   37.5000 2679.3347   13.2407
   -7.5000    7.5000   37.5000 2769.0027   12.5347
    0.0000    7.5000   37.5000 2799.2659   12.2878
    7.5000    7.5000   37.5000 2769.0413   12.5125
   -7.5000   15.0000   37.5000 2838.2126   12.0629
    0.0000   15.0000   37.5000 2868.6558   11.8285
    7.5000   15.0000   37.5000 2832.5991   12.0520
   -7.5000   22.5000   37.5000 2873.9844   11.8830
    0.0000   22.5000   37.5000 2898.8374   11.7125
    7.5000   22.5000   37.5000 2867.5605   11.9013
   -7.5000   30.0000   37.5000 2856.7485   12.0251
    0.0000   30.0000   37.5000 2879.3145   11.8603
    7.5000   30.0000   37.5000 2844.2908   12.0300
   -7.5000   37.5000   37.5000 2796.2048   12.4490
    0.0000   37.5000   37.5000 2817.0967   12.2843
    7.5000   37.5000   37.5000 2790.8384   12.4376
   -7.5000   45.0000   37.5000 2703.0674   13.0896
    0.0000   45.0000   37.5000 2722.8081   12.9531
    7.5000   45.0000   37.5000 2700.7554   13.1047
   -7.5000   52.5000   37.5000 2569.0564   13.9294
    0.0000   52.5000   37.5000 2591.6692   13.8200
    7.5000   52.5000   37.5000 2567.6277   13.9870
   -7.5000  -37.5000   45.0000 1939.8433   24.4229
    0.0000  -37.5000   45.0000 1961.7916   24.1353
    7.5000  -37.5000   45.0000 1949.4500   24.2442
   -7.5000  -30.0000   45.0000 2106.0256   20.9908
    0.0000  -30.0000   45.0000 2129.0049   20.7633
    7.5000  -30.0000   45.0000 2115.3396   20.8382
   -7.5000  -22.5000   45.0000 2264.1353   18.4192
    0.0000  -22.5000   45.0000 2290.4331   18.2131
    7.5000  -22.5000   45.0000 2270.6138   18.2985
   -7.5000  -15.0000   45.0000 2401.5042   16.4539
    0.0000  -15.0000   45.0000 2428.2361   16.2277
    7.5000  -15.0000   45.0000 2405.3701   16.3814
   -7.5000   -7.5000   45.0000 2527.3208   14.9983
    0.0000   -7.5000   45.0000 2557.5068   14.7682
    7.5000   -7.5000   45.0000 2529.6245   14.9482
   -7.5000    0.0000   45.0000 2626.9387   13.9319
    0.0000    0.0000   45.0000 2658.1633   13.7082
    7.5000    0.0000   45.0000 2631.1252   13.8967
   -7.5000    7.5000   45.0000 2710.4202   13.1932
    0.0000    7.5000   45.0000 2743.0122   12.9676
    7.5000    7.5000   45.0000 2711.2166   13.1868
   -7.5000   15.0000   45.0000 2770.2930   12.7311
    0.0000   15.0000   45.0000 2794.8267   12.5440
    7.5000   15.0000   45.0000 2768.0671   12.7527
   -7.5000   22.5000   45.0000 2795.6238   12.5440
    0.0000   22.5000   45.0000 2818.0486   12.3588
    7.5000   22.5000   45.0000 2788.2520   12.5705
   -7.5000   30.0000   45.0000 2773.3340   12.6358
    0.0000   30.0000   45.0000 2795.1790   12.4660
    7.5000   30.0000   45.0000 2765.3130   12.6513
   -7.5000   37.5000   45.0000 2710.5435   13.0375
    0.0000   37.5000   45.0000 2727.6687   12.8767
    7.5000   37.5000   45.0000 2701.4929   13.0612
   -7.5000   45.0000   45.0000 2622.9907   13.6559
    0.0000   45.0000   45.0000 2643.9807   13.5387
    7.5000   45.0000   45.0000 2620.4233   13.7259
   -7.5000   52.5000   45.0000 2500.8125   14.4723
    0.0000   52.5000   45.0000 2520.3000   14.3717
    7.5000   52.5000   45.0000 2500.1155   14.5579

---------------------------------------------------------------------
imgreg_4dfp /opt/freesurfer/average/711-2C_as_mni_average_305 /opt/freesurfer/average/711-2B_as_mni_average_305_mask talsrcimg_g11 none talsrcimg_to_711-2C_as_mni_average_305_t4 1283
---------------------------------------------------------------------

freesurfer imgreg_4dfp.c
/opt/freesurfer/average/711-2C_as_mni_average_305.4dfp.img
       256       256       256         1
  1.000000  1.000000  1.000000
orientation T byte_order littleendian
Reading image: /opt/freesurfer/average/711-2C_as_mni_average_305.4dfp.img
dimensions:      256       256       256
mmppix:       1.0000   -1.0000   -1.0000
center:     128.0000 -129.0000 -129.0000
/opt/freesurfer/average/711-2B_as_mni_average_305_mask.4dfp.img
       256       256       256         1
  1.000000  1.000000  1.000000
orientation T byte_order littleendian
Reading mask: /opt/freesurfer/average/711-2B_as_mni_average_305_mask.4dfp.img (2306576 pixels)
talsrcimg_g11.4dfp.img
       256       256       256         1
  1.000000  1.000000  1.000000
orientation T byte_order littleendian
Reading image: talsrcimg_g11.4dfp.img
dimensions:      256       256       256
mmppix:       1.0000   -1.0000   -1.0000
center:     128.0000 -129.0000 -129.0000
rotation matrix determinant  1.000000
fimgreg.f
image alignment mode   1283 decimal      503 hex
parameters
    0.0000   22.5000   15.0000    0.0000    0.0000    0.0000
eta,q 0.94345 11.02813
niter,ni,del,rscale     5    3   12.0000    1.2000
parameter  2 -0.530779 -> -0.500000 qaram    1.1500
parameter  3 -0.585622 -> -0.500000 qaram    1.1500
parameter  4 -0.905109 -> -0.500000 qaram    1.1500
parameters
    0.2089   25.9500   18.4500    3.4500   -2.9187   -0.0509
eta,q 0.94956 10.95888
  0.0707  0.0657  0.0719  0.0643  0.0530  0.0555
  0.0657  0.0612  0.0653  0.0617  0.0509  0.0526
  0.0613  0.0590  0.0607  0.0588  0.0505  0.0509
  0.0588  0.0586  0.0581  0.0554  0.0524  0.0504
  0.0601  0.0585  0.0564  0.0529  0.0558  0.0516
  0.0641  0.0575  0.0557  0.0525  0.0600  0.0534
  0.0698  0.0577  0.0566  0.0534  0.0648  0.0549
niter,ni,del,rscale     7    3   12.0000    1.2000
parameters
    0.2771   24.1270   19.1680    6.0898   -3.0137   -0.5897
eta,q 0.95223 10.85354
  0.0630  0.0568  0.0576  0.0621  0.0563  0.0516
  0.0585  0.0515  0.0534  0.0580  0.0524  0.0496
  0.0538  0.0483  0.0503  0.0522  0.0492  0.0482
  0.0504  0.0504  0.0483  0.0485  0.0478  0.0478
  0.0516  0.0551  0.0506  0.0477  0.0488  0.0487
  0.0570  0.0609  0.0527  0.0487  0.0525  0.0506
  0.0639  0.0684  0.0537  0.0512  0.0572  0.0533
niter,ni,del,rscale     6    3   12.0000    1.2000
parameters
    0.3690   23.2285   19.3119    6.5914   -3.0356   -0.8014
eta,q 0.95264 10.81610
  0.0618  0.0593  0.0564  0.0581  0.0561  0.0517
  0.0562  0.0516  0.0525  0.0526  0.0523  0.0494
  0.0511  0.0478  0.0497  0.0484  0.0490  0.0479
  0.0478  0.0477  0.0473  0.0473  0.0473  0.0473
  0.0491  0.0510  0.0505  0.0481  0.0482  0.0480
  0.0550  0.0576  0.0525  0.0506  0.0519  0.0498
  0.0620  0.0665  0.0552  0.0552  0.0568  0.0525
niter,ni,del,rscale     5    3   12.0000    1.2000
parameters
    0.3806   22.9961   19.3083    6.7518   -3.0404   -0.8401
eta,q 0.95265 10.80682
  0.0611  0.0615  0.0563  0.0572  0.0561  0.0520
  0.0555  0.0538  0.0525  0.0518  0.0523  0.0496
  0.0505  0.0486  0.0496  0.0481  0.0490  0.0480
  0.0474  0.0473  0.0473  0.0473  0.0473  0.0473
  0.0489  0.0496  0.0507  0.0484  0.0481  0.0479
  0.0549  0.0548  0.0528  0.0513  0.0519  0.0496
  0.0618  0.0636  0.0558  0.0561  0.0567  0.0522
niter,ni,del,rscale     4    3   12.0000    1.2000
parameters
    0.3820   22.9135   19.3073    6.8058   -3.0374   -0.8497
eta,q 0.95265 10.80394
  0.0609  0.0619  0.0564  0.0569  0.0561  0.0521
  0.0554  0.0543  0.0525  0.0516  0.0523  0.0496
  0.0505  0.0489  0.0496  0.0480  0.0490  0.0480
  0.0473  0.0473  0.0473  0.0473  0.0474  0.0474
  0.0490  0.0493  0.0507  0.0485  0.0481  0.0479
  0.0549  0.0543  0.0529  0.0515  0.0518  0.0495
  0.0618  0.0629  0.0559  0.0563  0.0567  0.0522
niter,ni,del,rscale     3    3   12.0000    1.2000
parameters
    0.3828   22.8860   19.3063    6.8230   -3.0357   -0.8521
eta,q 0.95264 10.80309
  0.0609  0.0621  0.0564  0.0568  0.0561  0.0521
  0.0554  0.0545  0.0525  0.0515  0.0523  0.0496
  0.0505  0.0490  0.0497  0.0480  0.0490  0.0480
  0.0474  0.0474  0.0474  0.0474  0.0474  0.0474
  0.0490  0.0493  0.0507  0.0486  0.0481  0.0479
  0.0549  0.0541  0.0529  0.0516  0.0518  0.0495
  0.0618  0.0627  0.0559  0.0564  0.0567  0.0522
registration optimization eta report
parameter search radius
    6.0000    6.9000    6.9000    6.9000    6.0000    6.0000
100000*second partial in parameter space
       37.       31.       16.       20.       25.       13.
  0.0609  0.0621  0.0564  0.0568  0.0561  0.0521
  0.0554  0.0545  0.0525  0.0515  0.0523  0.0496
  0.0505  0.0490  0.0497  0.0480  0.0490  0.0480
  0.0474  0.0474  0.0474  0.0474  0.0474  0.0474
  0.0490  0.0493  0.0507  0.0486  0.0481  0.0479
  0.0549  0.0541  0.0529  0.0516  0.0518  0.0495
  0.0618  0.0627  0.0559  0.0564  0.0567  0.0522
    0.3828   22.8860   19.3063    6.8230   -3.0357   -0.8521
eta,q 0.95264 10.80309

---------------------------------------------------------------------
imgreg_4dfp /opt/freesurfer/average/711-2C_as_mni_average_305 /opt/freesurfer/average/711-2B_as_mni_average_305_mask talsrcimg_g11 none talsrcimg_to_711-2C_as_mni_average_305_t4 3335
---------------------------------------------------------------------

freesurfer imgreg_4dfp.c
/opt/freesurfer/average/711-2C_as_mni_average_305.4dfp.img
       256       256       256         1
  1.000000  1.000000  1.000000
orientation T byte_order littleendian
Reading image: /opt/freesurfer/average/711-2C_as_mni_average_305.4dfp.img
dimensions:      256       256       256
mmppix:       1.0000   -1.0000   -1.0000
center:     128.0000 -129.0000 -129.0000
/opt/freesurfer/average/711-2B_as_mni_average_305_mask.4dfp.img
       256       256       256         1
  1.000000  1.000000  1.000000
orientation T byte_order littleendian
Reading mask: /opt/freesurfer/average/711-2B_as_mni_average_305_mask.4dfp.img (2306576 pixels)
talsrcimg_g11.4dfp.img
       256       256       256         1
  1.000000  1.000000  1.000000
orientation T byte_order littleendian
Reading image: talsrcimg_g11.4dfp.img
dimensions:      256       256       256
mmppix:       1.0000   -1.0000   -1.0000
center:     128.0000 -129.0000 -129.0000
fimgreg.f
image alignment mode   3335 decimal      D07 hex
parameters
    0.3828   22.8860   19.3063   -0.1514   -0.7285   -0.8475
    2.1058    5.0810   -1.4851  -11.9572   -5.2958   11.8636
eta,q 0.95187 10.84237
niter,ni,del,rscale     5    3    5.0000    1.2000
parameter  4  4.279940 ->  0.500000 qaram    1.1500
parameter  5  2.804484 ->  0.500000 qaram    1.1500
parameter  6  1.536318 ->  0.500000 qaram    1.1500
parameter 12  1.138611 ->  0.500000 qaram    1.1500
parameters
    0.4378   23.0336   19.2235   -4.2914   -4.8685   -4.9875
   -0.1352    5.8193   -0.9111  -11.9198   -4.1535    7.7236
eta,q 0.96979 10.40438
  0.0500  0.0496  0.0488  0.0393  0.0350  0.0312  0.0330  0.0381  0.0340  0.0351  0.0341  0.0299
  0.0490  0.0489  0.0484  0.0414  0.0369  0.0315  0.0320  0.0353  0.0328  0.0332  0.0330  0.0301
  0.0484  0.0484  0.0482  0.0444  0.0392  0.0338  0.0317  0.0330  0.0319  0.0320  0.0321  0.0306
  0.0481  0.0481  0.0481  0.0481  0.0421  0.0374  0.0319  0.0317  0.0315  0.0315  0.0315  0.0314
  0.0483  0.0481  0.0482  0.0519  0.0453  0.0410  0.0328  0.0317  0.0316  0.0319  0.0314  0.0325
  0.0489  0.0485  0.0484  0.0554  0.0485  0.0449  0.0343  0.0333  0.0323  0.0332  0.0320  0.0338
  0.0499  0.0494  0.0489  0.0592  0.0523  0.0494  0.0361  0.0363  0.0334  0.0351  0.0330  0.0353
niter,ni,del,rscale     7    3    5.0000    1.2000
parameter  4  0.600577 ->  0.500000 qaram    1.3225
parameter  5  1.286495 ->  0.500000 qaram    1.3225
parameters
    0.4043   22.8198   18.0755   -9.0524   -9.6295   -7.4321
   -1.1791    4.7193   -0.8607  -11.5132   -5.8419    5.4987
eta,q 0.97528 10.09765
  0.0340  0.0322  0.0304  0.0287  0.0240  0.0282  0.0268  0.0286  0.0270  0.0285  0.0259  0.0257
  0.0319  0.0310  0.0297  0.0279  0.0247  0.0267  0.0257  0.0265  0.0259  0.0266  0.0252  0.0250
  0.0306  0.0303  0.0296  0.0279  0.0261  0.0253  0.0252  0.0252  0.0252  0.0254  0.0249  0.0247
  0.0302  0.0302  0.0302  0.0296  0.0278  0.0251  0.0252  0.0251  0.0250  0.0250  0.0250  0.0249
  0.0307  0.0307  0.0314  0.0328  0.0303  0.0277  0.0257  0.0262  0.0252  0.0253  0.0255  0.0254
  0.0321  0.0316  0.0332  0.0371  0.0335  0.0320  0.0266  0.0285  0.0258  0.0262  0.0264  0.0264
  0.0343  0.0330  0.0353  0.0418  0.0368  0.0368  0.0281  0.0316  0.0270  0.0277  0.0275  0.0276
niter,ni,del,rscale     7    3    5.0000    1.2000
parameters
    0.4739   23.0932   18.2223   -9.5702  -14.1279   -7.5748
   -1.1450    4.6510   -0.5508   -9.9837   -6.5155    6.2532
eta,q 0.97621  9.92582
  0.0284  0.0279  0.0271  0.0287  0.0250  0.0288  0.0264  0.0286  0.0261  0.0279  0.0252  0.0260
  0.0264  0.0263  0.0258  0.0268  0.0241  0.0269  0.0251  0.0262  0.0250  0.0261  0.0244  0.0250
  0.0252  0.0252  0.0250  0.0255  0.0240  0.0253  0.0243  0.0246  0.0243  0.0247  0.0239  0.0242
  0.0247  0.0247  0.0247  0.0247  0.0248  0.0239  0.0240  0.0240  0.0240  0.0240  0.0238  0.0238
  0.0250  0.0248  0.0248  0.0248  0.0265  0.0238  0.0243  0.0246  0.0241  0.0239  0.0242  0.0239
  0.0261  0.0255  0.0255  0.0269  0.0288  0.0263  0.0251  0.0263  0.0248  0.0244  0.0248  0.0244
  0.0280  0.0267  0.0266  0.0306  0.0322  0.0302  0.0264  0.0289  0.0258  0.0256  0.0258  0.0254
niter,ni,del,rscale     6    3    5.0000    1.2000
parameters
    0.5031   23.1226   18.5781   -9.4346  -14.8646   -7.5469
   -1.1338    4.7217   -0.2679   -9.9975   -6.7160    6.5241
eta,q 0.97631  9.90243
  0.0272  0.0265  0.0265  0.0280  0.0270  0.0288  0.0262  0.0285  0.0258  0.0265  0.0253  0.0257
  0.0253  0.0249  0.0251  0.0260  0.0252  0.0268  0.0249  0.0261  0.0247  0.0250  0.0245  0.0247
  0.0242  0.0240  0.0242  0.0246  0.0240  0.0250  0.0240  0.0244  0.0240  0.0241  0.0239  0.0240
  0.0238  0.0238  0.0238  0.0238  0.0237  0.0237  0.0237  0.0237  0.0237  0.0237  0.0237  0.0237
  0.0241  0.0242  0.0238  0.0236  0.0244  0.0236  0.0240  0.0242  0.0239  0.0240  0.0239  0.0238
  0.0252  0.0250  0.0243  0.0252  0.0260  0.0259  0.0249  0.0259  0.0245  0.0250  0.0246  0.0245
  0.0270  0.0262  0.0252  0.0285  0.0282  0.0298  0.0262  0.0284  0.0255  0.0266  0.0255  0.0255
niter,ni,del,rscale     5    3    5.0000    1.2000
parameters
    0.5286   23.0702   18.6611   -9.4220  -14.9831   -7.5461
   -1.1683    4.7738   -0.2011  -10.1048   -6.7840    6.6570
eta,q 0.97633  9.89898
  0.0271  0.0262  0.0259  0.0279  0.0274  0.0288  0.0262  0.0285  0.0257  0.0265  0.0254  0.0256
  0.0253  0.0247  0.0247  0.0259  0.0256  0.0268  0.0248  0.0260  0.0246  0.0250  0.0245  0.0247
  0.0241  0.0239  0.0239  0.0246  0.0242  0.0250  0.0239  0.0243  0.0239  0.0240  0.0239  0.0240
  0.0237  0.0237  0.0237  0.0237  0.0237  0.0237  0.0237  0.0237  0.0237  0.0237  0.0237  0.0237
  0.0240  0.0241  0.0239  0.0236  0.0242  0.0236  0.0240  0.0242  0.0239  0.0240  0.0239  0.0239
  0.0251  0.0250  0.0245  0.0253  0.0257  0.0260  0.0249  0.0259  0.0246  0.0251  0.0245  0.0245
  0.0270  0.0263  0.0256  0.0286  0.0277  0.0299  0.0262  0.0284  0.0256  0.0267  0.0255  0.0256
niter,ni,del,rscale     4    3    5.0000    1.2000
parameters
    0.5428   23.0363   18.6864   -9.4142  -14.9844   -7.5543
   -1.1900    4.7963   -0.1889  -10.1794   -6.7968    6.7228
eta,q 0.97633  9.89933
  0.0271  0.0262  0.0258  0.0279  0.0275  0.0288  0.0262  0.0285  0.0257  0.0265  0.0254  0.0256
  0.0252  0.0247  0.0246  0.0259  0.0256  0.0268  0.0249  0.0260  0.0246  0.0250  0.0245  0.0246
  0.0241  0.0239  0.0239  0.0246  0.0242  0.0250  0.0239  0.0243  0.0239  0.0240  0.0239  0.0239
  0.0237  0.0237  0.0237  0.0237  0.0237  0.0237  0.0237  0.0237  0.0237  0.0237  0.0237  0.0237
  0.0240  0.0241  0.0239  0.0236  0.0241  0.0236  0.0240  0.0242  0.0239  0.0240  0.0239  0.0239
  0.0252  0.0250  0.0246  0.0253  0.0256  0.0260  0.0249  0.0259  0.0246  0.0251  0.0245  0.0245
  0.0270  0.0262  0.0257  0.0286  0.0276  0.0299  0.0262  0.0285  0.0257  0.0267  0.0254  0.0256
niter,ni,del,rscale     3    3    5.0000    1.2000
parameters
    0.5493   23.0187   18.6921   -9.4136  -14.9723   -7.5610
   -1.1964    4.8054   -0.1896  -10.2192   -6.7992    6.7527
eta,q 0.97633  9.89979
  0.0271  0.0263  0.0257  0.0279  0.0275  0.0288  0.0262  0.0285  0.0257  0.0266  0.0254  0.0256
  0.0252  0.0248  0.0246  0.0259  0.0256  0.0268  0.0249  0.0260  0.0246  0.0250  0.0245  0.0246
  0.0241  0.0239  0.0239  0.0246  0.0242  0.0250  0.0239  0.0243  0.0239  0.0240  0.0239  0.0239
  0.0237  0.0237  0.0237  0.0237  0.0237  0.0237  0.0237  0.0237  0.0237  0.0237  0.0237  0.0237
  0.0240  0.0241  0.0239  0.0236  0.0241  0.0235  0.0240  0.0242  0.0239  0.0240  0.0239  0.0239
  0.0252  0.0249  0.0246  0.0253  0.0256  0.0260  0.0249  0.0260  0.0246  0.0250  0.0245  0.0245
  0.0271  0.0262  0.0257  0.0286  0.0276  0.0299  0.0262  0.0285  0.0257  0.0267  0.0254  0.0256
registration optimization eta report
parameter search radius
    2.4000    2.4000    2.4000    9.5220    9.5220    8.2800
    7.2000    7.2000    7.2000    7.2000    7.2000    8.2800
100000*second partial in parameter space
       59.       45.       36.        5.        4.        8.
        5.        9.        4.        6.        3.        3.
  0.0271  0.0263  0.0257  0.0279  0.0275  0.0288  0.0262  0.0285  0.0257  0.0266  0.0254  0.0256
  0.0252  0.0248  0.0246  0.0259  0.0256  0.0268  0.0249  0.0260  0.0246  0.0250  0.0245  0.0246
  0.0241  0.0239  0.0239  0.0246  0.0242  0.0250  0.0239  0.0243  0.0239  0.0240  0.0239  0.0239
  0.0237  0.0237  0.0237  0.0237  0.0237  0.0237  0.0237  0.0237  0.0237  0.0237  0.0237  0.0237
  0.0240  0.0241  0.0239  0.0236  0.0241  0.0235  0.0240  0.0242  0.0239  0.0240  0.0239  0.0239
  0.0252  0.0249  0.0246  0.0253  0.0256  0.0260  0.0249  0.0260  0.0246  0.0250  0.0245  0.0245
  0.0271  0.0262  0.0257  0.0286  0.0276  0.0299  0.0262  0.0285  0.0257  0.0267  0.0254  0.0256
    0.5493   23.0187   18.6921   -9.4136  -14.9723   -7.5610
   -1.1964    4.8054   -0.1896  -10.2192   -6.7992    6.7527
eta,q 0.97633  9.89979

---------------------------------------------------------------------
imgreg_4dfp /opt/freesurfer/average/711-2C_as_mni_average_305 /opt/freesurfer/average/711-2B_as_mni_average_305_mask talsrcimg_g11 none talsrcimg_to_711-2C_as_mni_average_305_t4 2311
---------------------------------------------------------------------

freesurfer imgreg_4dfp.c
/opt/freesurfer/average/711-2C_as_mni_average_305.4dfp.img
       256       256       256         1
  1.000000  1.000000  1.000000
orientation T byte_order littleendian
Reading image: /opt/freesurfer/average/711-2C_as_mni_average_305.4dfp.img
dimensions:      256       256       256
mmppix:       1.0000   -1.0000   -1.0000
center:     128.0000 -129.0000 -129.0000
/opt/freesurfer/average/711-2B_as_mni_average_305_mask.4dfp.img
       256       256       256         1
  1.000000  1.000000  1.000000
orientation T byte_order littleendian
Reading mask: /opt/freesurfer/average/711-2B_as_mni_average_305_mask.4dfp.img (2306576 pixels)
talsrcimg_g11.4dfp.img
       256       256       256         1
  1.000000  1.000000  1.000000
orientation T byte_order littleendian
Reading image: talsrcimg_g11.4dfp.img
dimensions:      256       256       256
mmppix:       1.0000   -1.0000   -1.0000
center:     128.0000 -129.0000 -129.0000
fimgreg.f
image alignment mode   2311 decimal      907 hex
parameters
    0.5493   23.0187   18.6921   -9.4136  -14.9723   -7.5610
   -1.1964    4.8054   -0.1896  -10.2192   -6.7992    6.7527
eta,q 0.97633  9.89979
niter,ni,del,rscale     5    3    5.0000    0.8000
parameters
    0.5636   22.9440   18.6900   -8.1212  -14.9344   -6.8188
   -1.1132    5.2746   -0.2410  -10.2471   -6.2441    6.7594
eta,q 0.97679  9.97071
  0.0252  0.0248  0.0246  0.0252  0.0246  0.0260  0.0246  0.0260  0.0242  0.0246  0.0243  0.0239
  0.0244  0.0241  0.0241  0.0246  0.0240  0.0249  0.0238  0.0247  0.0237  0.0239  0.0238  0.0235
  0.0239  0.0237  0.0237  0.0241  0.0236  0.0241  0.0234  0.0238  0.0233  0.0234  0.0234  0.0233
  0.0237  0.0237  0.0237  0.0237  0.0235  0.0235  0.0233  0.0233  0.0232  0.0232  0.0232  0.0232
  0.0238  0.0239  0.0238  0.0234  0.0236  0.0232  0.0234  0.0233  0.0234  0.0234  0.0232  0.0233
  0.0243  0.0243  0.0241  0.0236  0.0240  0.0237  0.0238  0.0240  0.0237  0.0239  0.0235  0.0235
  0.0252  0.0249  0.0246  0.0242  0.0246  0.0251  0.0245  0.0252  0.0242  0.0247  0.0239  0.0239
niter,ni,del,rscale     4    3    5.0000    0.7000
parameters
    0.4973   22.8771   18.6772   -8.0633  -14.9605   -6.5841
   -1.0639    5.2421   -0.3773  -10.2801   -6.0260    6.7647
eta,q 0.97686  9.97930
  0.0244  0.0241  0.0240  0.0243  0.0241  0.0252  0.0241  0.0250  0.0239  0.0242  0.0239  0.0237
  0.0237  0.0236  0.0236  0.0238  0.0236  0.0244  0.0236  0.0240  0.0235  0.0237  0.0235  0.0234
  0.0233  0.0233  0.0233  0.0234  0.0233  0.0237  0.0232  0.0234  0.0232  0.0233  0.0233  0.0232
  0.0232  0.0232  0.0232  0.0232  0.0232  0.0232  0.0231  0.0231  0.0231  0.0231  0.0231  0.0231
  0.0234  0.0234  0.0233  0.0232  0.0233  0.0231  0.0233  0.0233  0.0233  0.0233  0.0232  0.0232
  0.0239  0.0237  0.0236  0.0236  0.0236  0.0237  0.0236  0.0240  0.0235  0.0237  0.0234  0.0234
  0.0246  0.0242  0.0240  0.0244  0.0241  0.0251  0.0241  0.0251  0.0240  0.0243  0.0238  0.0237
niter,ni,del,rscale     3    3    5.0000    0.6000
parameters
    0.4810   22.8512   18.6895   -7.9473  -15.0024   -6.4169
   -1.0417    5.2856   -0.4411  -10.2898   -5.9244    6.7621
eta,q 0.97689  9.98635
  0.0241  0.0238  0.0238  0.0240  0.0238  0.0247  0.0238  0.0246  0.0237  0.0239  0.0237  0.0235
  0.0236  0.0234  0.0234  0.0236  0.0234  0.0240  0.0234  0.0238  0.0234  0.0235  0.0234  0.0233
  0.0232  0.0232  0.0232  0.0233  0.0232  0.0235  0.0232  0.0233  0.0232  0.0232  0.0232  0.0232
  0.0231  0.0231  0.0231  0.0231  0.0231  0.0231  0.0231  0.0231  0.0231  0.0231  0.0231  0.0231
  0.0233  0.0232  0.0232  0.0232  0.0232  0.0231  0.0232  0.0232  0.0232  0.0232  0.0232  0.0231
  0.0236  0.0235  0.0234  0.0234  0.0234  0.0236  0.0234  0.0237  0.0234  0.0235  0.0233  0.0233
  0.0241  0.0239  0.0238  0.0240  0.0238  0.0247  0.0238  0.0245  0.0237  0.0240  0.0236  0.0235
niter,ni,del,rscale     2    3    5.0000    0.5000
parameters
    0.4700   22.8283   18.6982   -7.8233  -15.0028   -6.2675
   -1.0277    5.3496   -0.4768  -10.2999   -5.8225    6.7560
eta,q 0.97693  9.99482
  0.0238  0.0236  0.0236  0.0237  0.0236  0.0243  0.0236  0.0241  0.0235  0.0237  0.0235  0.0234
  0.0234  0.0233  0.0233  0.0235  0.0233  0.0238  0.0233  0.0236  0.0233  0.0233  0.0233  0.0232
  0.0232  0.0232  0.0232  0.0232  0.0232  0.0234  0.0231  0.0232  0.0231  0.0231  0.0231  0.0231
  0.0231  0.0231  0.0231  0.0231  0.0231  0.0231  0.0231  0.0231  0.0231  0.0231  0.0231  0.0231
  0.0232  0.0232  0.0232  0.0231  0.0231  0.0231  0.0231  0.0232  0.0231  0.0231  0.0231  0.0231
  0.0234  0.0233  0.0233  0.0233  0.0233  0.0235  0.0233  0.0235  0.0233  0.0233  0.0232  0.0232
  0.0238  0.0236  0.0236  0.0237  0.0236  0.0242  0.0235  0.0241  0.0235  0.0237  0.0234  0.0234
niter,ni,del,rscale     1    3    5.0000    0.4000
parameters
    0.4589   22.8140   18.7039   -7.7076  -15.0323   -6.1297
   -1.0106    5.4089   -0.5203  -10.3102   -5.7668    6.7396
eta,q 0.97694 10.00124
  0.0235  0.0234  0.0234  0.0235  0.0234  0.0239  0.0234  0.0237  0.0233  0.0234  0.0233  0.0232
  0.0233  0.0232  0.0232  0.0233  0.0232  0.0235  0.0232  0.0234  0.0232  0.0232  0.0232  0.0231
  0.0231  0.0231  0.0231  0.0232  0.0231  0.0232  0.0231  0.0232  0.0231  0.0231  0.0231  0.0231
  0.0231  0.0231  0.0231  0.0231  0.0231  0.0231  0.0231  0.0231  0.0231  0.0231  0.0231  0.0231
  0.0231  0.0231  0.0231  0.0231  0.0231  0.0231  0.0231  0.0231  0.0231  0.0231  0.0231  0.0231
  0.0233  0.0232  0.0232  0.0232  0.0232  0.0233  0.0232  0.0233  0.0232  0.0232  0.0232  0.0231
  0.0235  0.0234  0.0234  0.0235  0.0234  0.0238  0.0234  0.0237  0.0233  0.0235  0.0233  0.0233
registration optimization eta report
parameter search radius
    0.8000    0.8000    0.8000    2.4000    2.4000    2.4000
    2.4000    2.4000    2.4000    2.4000    2.4000    2.4000
100000*second partial in parameter space
       69.       50.       47.        7.        5.       13.
        5.       12.        5.        7.        4.        3.
  0.0235  0.0234  0.0234  0.0235  0.0234  0.0239  0.0234  0.0237  0.0233  0.0234  0.0233  0.0232
  0.0233  0.0232  0.0232  0.0233  0.0232  0.0235  0.0232  0.0234  0.0232  0.0232  0.0232  0.0231
  0.0231  0.0231  0.0231  0.0232  0.0231  0.0232  0.0231  0.0232  0.0231  0.0231  0.0231  0.0231
  0.0231  0.0231  0.0231  0.0231  0.0231  0.0231  0.0231  0.0231  0.0231  0.0231  0.0231  0.0231
  0.0231  0.0231  0.0231  0.0231  0.0231  0.0231  0.0231  0.0231  0.0231  0.0231  0.0231  0.0231
  0.0233  0.0232  0.0232  0.0232  0.0232  0.0233  0.0232  0.0233  0.0232  0.0232  0.0232  0.0231
  0.0235  0.0234  0.0234  0.0235  0.0234  0.0238  0.0234  0.0237  0.0233  0.0235  0.0233  0.0233
    0.4589   22.8140   18.7039   -7.7076  -15.0323   -6.1297
   -1.0106    5.4089   -0.5203  -10.3102   -5.7668    6.7396
eta,q 0.97694 10.00124

---------------------------------------------------------------------
imgreg_4dfp /opt/freesurfer/average/711-2C_as_mni_average_305 /opt/freesurfer/average/711-2B_as_mni_average_305_mask talsrcimg_g11 none talsrcimg_to_711-2C_as_mni_average_305_t4 2311
---------------------------------------------------------------------

freesurfer imgreg_4dfp.c
/opt/freesurfer/average/711-2C_as_mni_average_305.4dfp.img
       256       256       256         1
  1.000000  1.000000  1.000000
orientation T byte_order littleendian
Reading image: /opt/freesurfer/average/711-2C_as_mni_average_305.4dfp.img
dimensions:      256       256       256
mmppix:       1.0000   -1.0000   -1.0000
center:     128.0000 -129.0000 -129.0000
/opt/freesurfer/average/711-2B_as_mni_average_305_mask.4dfp.img
       256       256       256         1
  1.000000  1.000000  1.000000
orientation T byte_order littleendian
Reading mask: /opt/freesurfer/average/711-2B_as_mni_average_305_mask.4dfp.img (2306576 pixels)
talsrcimg_g11.4dfp.img
       256       256       256         1
  1.000000  1.000000  1.000000
orientation T byte_order littleendian
Reading image: talsrcimg_g11.4dfp.img
dimensions:      256       256       256
mmppix:       1.0000   -1.0000   -1.0000
center:     128.0000 -129.0000 -129.0000
fimgreg.f
image alignment mode   2311 decimal      907 hex
parameters
    0.4589   22.8140   18.7039   -7.7076  -15.0323   -6.1297
   -1.0106    5.4089   -0.5203  -10.3102   -5.7668    6.7396
eta,q 0.97694 10.00125
niter,ni,del,rscale     5    3    5.0000    0.8000
parameters
    0.4631   22.8470   18.7083   -8.2294  -15.0507   -6.5826
   -0.9914    5.0745   -0.5119  -10.3027   -5.9677    6.7905
eta,q 0.97683  9.96953
  0.0248  0.0244  0.0243  0.0242  0.0243  0.0252  0.0244  0.0253  0.0242  0.0246  0.0240  0.0239
  0.0239  0.0236  0.0236  0.0237  0.0236  0.0243  0.0237  0.0241  0.0236  0.0238  0.0235  0.0235
  0.0232  0.0232  0.0232  0.0233  0.0232  0.0235  0.0233  0.0234  0.0233  0.0233  0.0233  0.0233
  0.0231  0.0231  0.0231  0.0231  0.0231  0.0231  0.0232  0.0232  0.0232  0.0232  0.0232  0.0232
  0.0233  0.0232  0.0232  0.0232  0.0232  0.0234  0.0233  0.0235  0.0233  0.0233  0.0233  0.0232
  0.0238  0.0236  0.0236  0.0239  0.0236  0.0247  0.0237  0.0245  0.0236  0.0238  0.0236  0.0235
  0.0248  0.0242  0.0242  0.0251  0.0243  0.0268  0.0244  0.0261  0.0242  0.0246  0.0242  0.0239
niter,ni,del,rscale     4    3    5.0000    0.7000
parameters
    0.4815   22.8590   18.7096   -8.1386  -15.0217   -6.5610
   -1.0421    5.1666   -0.4520  -10.2999   -5.9901    6.7935
eta,q 0.97685  9.97454
  0.0245  0.0242  0.0240  0.0242  0.0241  0.0251  0.0241  0.0251  0.0239  0.0243  0.0239  0.0237
  0.0238  0.0236  0.0235  0.0238  0.0236  0.0243  0.0235  0.0241  0.0235  0.0237  0.0235  0.0234
  0.0233  0.0233  0.0233  0.0234  0.0233  0.0236  0.0232  0.0234  0.0232  0.0233  0.0232  0.0232
  0.0232  0.0232  0.0232  0.0232  0.0232  0.0232  0.0232  0.0232  0.0231  0.0232  0.0232  0.0232
  0.0233  0.0233  0.0233  0.0232  0.0233  0.0232  0.0233  0.0233  0.0232  0.0233  0.0232  0.0232
  0.0237  0.0236  0.0236  0.0235  0.0236  0.0239  0.0236  0.0239  0.0235  0.0237  0.0235  0.0234
  0.0244  0.0241  0.0240  0.0243  0.0241  0.0254  0.0241  0.0250  0.0239  0.0243  0.0239  0.0237
niter,ni,del,rscale     3    3    5.0000    0.6000
parameters
    0.4814   22.8460   18.7027   -7.9663  -15.0125   -6.4208
   -1.0446    5.2712   -0.4517  -10.3070   -5.9168    6.7766
eta,q 0.97690  9.98509
  0.0241  0.0239  0.0238  0.0240  0.0238  0.0247  0.0238  0.0246  0.0237  0.0239  0.0237  0.0235
  0.0236  0.0234  0.0234  0.0237  0.0234  0.0240  0.0234  0.0238  0.0234  0.0235  0.0234  0.0233
  0.0233  0.0232  0.0232  0.0233  0.0232  0.0235  0.0232  0.0233  0.0232  0.0232  0.0232  0.0232
  0.0232  0.0232  0.0231  0.0231  0.0231  0.0231  0.0231  0.0231  0.0231  0.0231  0.0231  0.0231
  0.0233  0.0232  0.0232  0.0232  0.0232  0.0231  0.0232  0.0232  0.0232  0.0232  0.0232  0.0231
  0.0236  0.0235  0.0234  0.0234  0.0234  0.0236  0.0234  0.0237  0.0234  0.0235  0.0233  0.0233
  0.0241  0.0239  0.0238  0.0240  0.0238  0.0247  0.0238  0.0245  0.0237  0.0240  0.0236  0.0235
niter,ni,del,rscale     2    3    5.0000    0.5000
parameters
    0.4722   22.8274   18.7019   -7.8261  -15.0144   -6.2681
   -1.0295    5.3455   -0.4771  -10.3057   -5.8303    6.7571
eta,q 0.97692  9.99414
  0.0238  0.0236  0.0236  0.0237  0.0236  0.0243  0.0236  0.0241  0.0235  0.0237  0.0235  0.0234
  0.0234  0.0233  0.0233  0.0235  0.0233  0.0238  0.0233  0.0236  0.0233  0.0233  0.0233  0.0232
  0.0232  0.0232  0.0232  0.0232  0.0232  0.0234  0.0231  0.0232  0.0231  0.0231  0.0231  0.0231
  0.0231  0.0231  0.0231  0.0231  0.0231  0.0231  0.0231  0.0231  0.0231  0.0231  0.0231  0.0231
  0.0232  0.0232  0.0232  0.0231  0.0232  0.0231  0.0231  0.0232  0.0231  0.0231  0.0231  0.0231
  0.0234  0.0234  0.0233  0.0233  0.0233  0.0235  0.0233  0.0235  0.0233  0.0233  0.0232  0.0232
  0.0238  0.0236  0.0236  0.0237  0.0236  0.0242  0.0235  0.0241  0.0235  0.0237  0.0234  0.0234
niter,ni,del,rscale     1    3    5.0000    0.4000
parameters
    0.4574   22.8118   18.7022   -7.7089  -15.0216   -6.1314
   -1.0194    5.4086   -0.5136  -10.3085   -5.7636    6.7393
eta,q 0.97694 10.00166
  0.0235  0.0234  0.0234  0.0235  0.0234  0.0239  0.0234  0.0238  0.0233  0.0234  0.0233  0.0232
  0.0233  0.0232  0.0232  0.0233  0.0232  0.0235  0.0232  0.0234  0.0232  0.0232  0.0232  0.0231
  0.0231  0.0231  0.0231  0.0232  0.0231  0.0232  0.0231  0.0232  0.0231  0.0231  0.0231  0.0231
  0.0231  0.0231  0.0231  0.0231  0.0231  0.0231  0.0231  0.0231  0.0231  0.0231  0.0231  0.0231
  0.0231  0.0231  0.0231  0.0231  0.0231  0.0231  0.0231  0.0231  0.0231  0.0231  0.0231  0.0231
  0.0233  0.0232  0.0232  0.0232  0.0232  0.0233  0.0232  0.0233  0.0232  0.0232  0.0232  0.0231
  0.0235  0.0234  0.0234  0.0235  0.0234  0.0238  0.0234  0.0237  0.0233  0.0235  0.0233  0.0233
registration optimization eta report
parameter search radius
    0.8000    0.8000    0.8000    2.4000    2.4000    2.4000
    2.4000    2.4000    2.4000    2.4000    2.4000    2.4000
100000*second partial in parameter space
       69.       50.       47.        7.        5.       13.
        5.       12.        5.        7.        4.        3.
  0.0235  0.0234  0.0234  0.0235  0.0234  0.0239  0.0234  0.0238  0.0233  0.0234  0.0233  0.0232
  0.0233  0.0232  0.0232  0.0233  0.0232  0.0235  0.0232  0.0234  0.0232  0.0232  0.0232  0.0231
  0.0231  0.0231  0.0231  0.0232  0.0231  0.0232  0.0231  0.0232  0.0231  0.0231  0.0231  0.0231
  0.0231  0.0231  0.0231  0.0231  0.0231  0.0231  0.0231  0.0231  0.0231  0.0231  0.0231  0.0231
  0.0231  0.0231  0.0231  0.0231  0.0231  0.0231  0.0231  0.0231  0.0231  0.0231  0.0231  0.0231
  0.0233  0.0232  0.0232  0.0232  0.0232  0.0233  0.0232  0.0233  0.0232  0.0232  0.0232  0.0231
  0.0235  0.0234  0.0234  0.0235  0.0234  0.0238  0.0234  0.0237  0.0233  0.0235  0.0233  0.0233
    0.4574   22.8118   18.7022   -7.7089  -15.0216   -6.1314
   -1.0194    5.4086   -0.5136  -10.3085   -5.7636    6.7393
eta,q 0.97694 10.00166

---------------------------------------------------------------------
compute_vox2vox talsrcimg talsrcimg_to_711-2C_as_mni_average_305_t4 /opt/freesurfer/average/711-2C_as_mni_average_305
---------------------------------------------------------------------

freesurfer compute_vox2vox.c
Reading: talsrcimg.4dfp.ifh
Reading: talsrcimg_to_711-2C_as_mni_average_305_t4
Reading: /opt/freesurfer/average/711-2C_as_mni_average_305.4dfp.ifh
Writing: talsrcimg_to_711-2C_as_mni_average_305_t4_vox2vox.txt

start time Thu Mar 12 11:34:24 CET 2026
end		time Thu Mar 12 11:35:52 CET 2026

mpr2mni305 success

avi2talxfm orig_nu.mgz /opt/freesurfer/average/mni305.cor.mgz talsrcimg_to_711-2C_as_mni_average_305_t4_vox2vox.txt transforms/talairach.auto.xfm
avi2talxfm done
mv -f /out/sourcedata/freesurfer/sub-v1s15x0050202_ses-1/mri/talsrcimg_to_711-2C_as_mni_average_305_t4_vox2vox.txt /out/sourcedata/freesurfer/sub-v1s15x0050202_ses-1/mri/transforms/talsrcimg_to_711-2C_as_mni_average_305_t4_vox2vox.txt
lta_convert --src orig_nu.mgz --trg /opt/freesurfer/average/mni305.cor.mgz --inxfm transforms/talairach.auto.xfm --outlta transforms/talairach.auto.xfm.lta --subject fsaverage
7.3.2

--src: orig_nu.mgz src image (geometry).
--trg: /opt/freesurfer/average/mni305.cor.mgz trg image (geometry).
--inmni: transforms/talairach.auto.xfm input MNI/XFM transform.
--outlta: transforms/talairach.auto.xfm.lta output LTA.
--s: fsaverage subject name
 LTA read, type : 1
 1.07986  -0.06027   0.01773   1.39378;
 0.06527   1.05248  -0.08269  -28.87334;
 0.01444   0.12731   1.16685  -19.77319;
 0.00000   0.00000   0.00000   1.00000;
setting subject to fsaverage
Writing  LTA to file transforms/talairach.auto.xfm.lta...
lta_convert successful.
 
 
Started at Thu Mar 12 11:34:23 CET 2026
Ended   at Thu Mar 12 11:35:52 CET 2026
talairach_avi done
