/out/sourcedata/freesurfer/sub-v1s15x0050206_ses-1/mri
/opt/freesurfer/bin/talairach_avi
--i orig_nu.mgz --xfm transforms/talairach.auto.xfm
talairach_avi 7.3.2
Linux dna058 5.14.0-427.37.1.el9_4.x86_64 #1 SMP PREEMPT_DYNAMIC Fri Sep 13 12:41:50 EDT 2024 x86_64 x86_64 x86_64 GNU/Linux
Sun Mar  8 21:07:35 CET 2026
mri_convert orig_nu.mgz talsrcimg.img 
reading from orig_nu.mgz...
TR=0.00, TE=0.00, TI=0.00, flip angle=0.00
i_ras = (-1, 0, 0)
j_ras = (0, 0, -1)
k_ras = (0, 1, 0)
writing to talsrcimg.img...
Analyze Output Matrix
-1.00000   0.00000   0.00000   133.24969;
 0.00000   0.00000   1.00000  -113.50000;
 0.00000  -1.00000   0.00000   106.06200;
 0.00000   0.00000   0.00000   1.00000;
--------------------
INFO: set hdr.hist.orient to -1
mpr2mni305 talsrcimg
Sun Mar  8 21:07:36 CET 2026
/opt/freesurfer/bin/mpr2mni305 talsrcimg
mpr2mni305 7.3.2
target=711-2C_as_mni_average_305

---------------------------------------------------------------------
analyzeto4dfp talsrcimg -O0 -y
---------------------------------------------------------------------

freesurfer ifh2hdr.c
Sun Mar  8 21:07:36 2026
Writing: talsrcimg.4dfp.hdr
freesurfer analyzeto4dfp.c
Reading: talsrcimg.hdr
header size 348 bytes
hdr.dime.datatype	offset=70	value=2
hdr.dime.bitpix		offset=72	value=8
hdr.hist.orient		offset=252	value=-1
dimensionality     4
dimensions       256       256       256         1
Reading: talsrcimg.img
Writing: talsrcimg.4dfp.img
Writing: talsrcimg.4dfp.ifh
ifh2hdr talsrcimg -r0to221
ori=2

---------------------------------------------------------------------
gauss_4dfp talsrcimg 1.1
---------------------------------------------------------------------

freesurfer gauss_4dfp.c
Reading: talsrcimg.4dfp.img
Writing: talsrcimg_g11.4dfp.img
image dimensions 256 256 256 padded to 288 288 288
processing volume 1freesurfer ifh2hdr.c
Sun Mar  8 21:07:37 2026
Writing: talsrcimg_g11.4dfp.hdr

Writing: talsrcimg_g11.4dfp.ifh
including: talsrcimg.4dfp.img.rec in talsrcimg_g11.4dfp.img.rec

---------------------------------------------------------------------
imgreg_4dfp /opt/freesurfer/average/711-2C_as_mni_average_305 none talsrcimg_g11 none talsrcimg_to_711-2C_as_mni_average_305_t4 4355
---------------------------------------------------------------------

freesurfer imgreg_4dfp.c
/opt/freesurfer/average/711-2C_as_mni_average_305.4dfp.img
       256       256       256         1
  1.000000  1.000000  1.000000
orientation T byte_order littleendian
Reading image: /opt/freesurfer/average/711-2C_as_mni_average_305.4dfp.img
dimensions:      256       256       256
mmppix:       1.0000   -1.0000   -1.0000
center:     128.0000 -129.0000 -129.0000
talsrcimg_g11.4dfp.img
       256       256       256         1
  1.000000  1.000000  1.000000
orientation T byte_order littleendian
Reading image: talsrcimg_g11.4dfp.img
dimensions:      256       256       256
mmppix:       1.0000   -1.0000   -1.0000
center:     128.0000 -129.0000 -129.0000
t4_read: open error in t4_sub.f l:  41 t4_file(1:l)talsrcimg_to_711-2C_as_mni_average_305_t4 
t4_read: transform initialized to I4
rotation matrix determinant  1.000000
image alignment mode   4355 decimal     1103 hex
   -7.5000  -45.0000  -45.0000 5948.8398   21.0953
    0.0000  -45.0000  -45.0000 6196.7363   21.0070
    7.5000  -45.0000  -45.0000 5983.1787   20.9747
   -7.5000  -37.5000  -45.0000 6432.0352   20.5859
    0.0000  -37.5000  -45.0000 6709.3511   20.5025
    7.5000  -37.5000  -45.0000 6455.9858   20.4779
   -7.5000  -30.0000  -45.0000 7182.7334   20.3014
    0.0000  -30.0000  -45.0000 7509.6309   20.2296
    7.5000  -30.0000  -45.0000 7225.8462   20.2073
   -7.5000  -22.5000  -45.0000 8035.0449   20.2832
    0.0000  -22.5000  -45.0000 8433.5244   20.2207
    7.5000  -22.5000  -45.0000 8103.1221   20.1927
   -7.5000  -15.0000  -45.0000 8872.4131   20.3134
    0.0000  -15.0000  -45.0000 9310.9893   20.2498
    7.5000  -15.0000  -45.0000 8971.7725   20.2143
   -7.5000   -7.5000  -45.0000 9700.2676   20.3405
    0.0000   -7.5000  -45.000010182.4229   20.2664
    7.5000   -7.5000  -45.0000 9825.7676   20.2300
   -7.5000    0.0000  -45.000010429.9785   20.3414
    0.0000    0.0000  -45.000010947.7344   20.2591
    7.5000    0.0000  -45.000010577.8574   20.2283
   -7.5000    7.5000  -45.000010365.3994   20.3104
    0.0000    7.5000  -45.000010901.8594   20.2294
    7.5000    7.5000  -45.000010484.3359   20.2055
   -7.5000   15.0000  -45.000010240.4980   20.2784
    0.0000   15.0000  -45.000010774.6855   20.2067
    7.5000   15.0000  -45.000010323.2354   20.1846
   -7.5000   22.5000  -45.000010018.2441   20.2795
    0.0000   22.5000  -45.000010542.1895   20.2170
    7.5000   22.5000  -45.000010088.1875   20.1889
   -7.5000   30.0000  -45.0000 9613.3496   20.0427
    0.0000   30.0000  -45.000010123.6426   19.9800
    7.5000   30.0000  -45.0000 9696.9736   19.9449
   -7.5000   37.5000  -45.0000 9515.6543   20.0695
    0.0000   37.5000  -45.0000 9989.5264   19.9964
    7.5000   37.5000  -45.0000 9590.5312   19.9604
   -7.5000   45.0000  -45.0000 9018.8604   19.5607
    0.0000   45.0000  -45.0000 9487.8877   19.4816
    7.5000   45.0000  -45.0000 9080.1191   19.4520
   -7.5000  -45.0000  -37.5000 6274.0869   20.9291
    0.0000  -45.0000  -37.5000 6555.2051   20.8392
    7.5000  -45.0000  -37.5000 6326.1440   20.8210
   -7.5000  -37.5000  -37.5000 6787.3438   20.4289
    0.0000  -37.5000  -37.5000 7103.5703   20.3513
    7.5000  -37.5000  -37.5000 6849.5898   20.3427
   -7.5000  -30.0000  -37.5000 7603.9014   20.1491
    0.0000  -30.0000  -37.5000 7973.6860   20.0877
    7.5000  -30.0000  -37.5000 7691.8057   20.0836
   -7.5000  -22.5000  -37.5000 8550.2012   20.1261
    0.0000  -22.5000  -37.5000 8976.7881   20.0707
    7.5000  -22.5000  -37.5000 8633.5381   20.0618
   -7.5000  -15.0000  -37.5000 9439.7412   20.1501
    0.0000  -15.0000  -37.5000 9901.4395   20.0874
    7.5000  -15.0000  -37.5000 9534.1934   20.0698
   -7.5000   -7.5000  -37.500010309.7275   20.1794
    0.0000   -7.5000  -37.500010827.0693   20.1020
    7.5000   -7.5000  -37.500010416.9502   20.0803
   -7.5000    0.0000  -37.500011049.6523   20.1859
    0.0000    0.0000  -37.500011636.6768   20.1017
    7.5000    0.0000  -37.500011180.2910   20.0842
   -7.5000    7.5000  -37.500010940.4570   20.1579
    0.0000    7.5000  -37.500011560.5215   20.0825
    7.5000    7.5000  -37.500011077.0791   20.0741
   -7.5000   15.0000  -37.500010790.0762   20.1265
    0.0000   15.0000  -37.500011374.9512   20.0652
    7.5000   15.0000  -37.500010891.1543   20.0612
   -7.5000   22.5000  -37.500010550.3037   20.1224
    0.0000   22.5000  -37.500011103.8945   20.0670
    7.5000   22.5000  -37.500010646.9590   20.0581
   -7.5000   30.0000  -37.500010131.1377   19.8816
    0.0000   30.0000  -37.500010646.5537   19.8197
    7.5000   30.0000  -37.500010206.3945   19.8023
   -7.5000   37.5000  -37.500010030.7832   19.9105
    0.0000   37.5000  -37.500010518.7607   19.8341
    7.5000   37.5000  -37.500010088.7002   19.8127
   -7.5000   45.0000  -37.5000 9491.8535   19.4112
    0.0000   45.0000  -37.5000 9990.5938   19.3302
    7.5000   45.0000  -37.5000 9558.7617   19.3134
   -7.5000  -45.0000  -30.0000 6704.2344   21.7679
    0.0000  -45.0000  -30.0000 7023.9751   21.6667
    7.5000  -45.0000  -30.0000 6789.0459   21.6521
   -7.5000  -37.5000  -30.0000 7279.5229   21.2552
    0.0000  -37.5000  -30.0000 7631.0024   21.1763
    7.5000  -37.5000  -30.0000 7369.7319   21.1741
   -7.5000  -30.0000  -30.0000 8217.0049   20.9747
    0.0000  -30.0000  -30.0000 8626.2627   20.9182
    7.5000  -30.0000  -30.0000 8303.5547   20.9216
   -7.5000  -22.5000  -30.0000 9241.3555   20.9532
    0.0000  -22.5000  -30.0000 9690.7500   20.8984
    7.5000  -22.5000  -30.0000 9323.7002   20.8955
   -7.5000  -15.0000  -30.000010177.8066   20.9713
    0.0000  -15.0000  -30.000010693.5996   20.9008
    7.5000  -15.0000  -30.000010274.8984   20.8867
   -7.5000   -7.5000  -30.000011098.9482   20.9924
    0.0000   -7.5000  -30.000011697.3057   20.9023
    7.5000   -7.5000  -30.000011204.1221   20.8831
   -7.5000    0.0000  -30.000011900.7227   20.9959
    0.0000    0.0000  -30.000012564.9854   20.9012
    7.5000    0.0000  -30.000012028.3252   20.8875
   -7.5000    7.5000  -30.000011787.2705   20.9739
    0.0000    7.5000  -30.000012436.4209   20.8971
    7.5000    7.5000  -30.000011907.9014   20.8949
   -7.5000   15.0000  -30.000011621.6553   20.9514
    0.0000   15.0000  -30.000012220.2607   20.8949
    7.5000   15.0000  -30.000011680.2207   20.8984
   -7.5000   22.5000  -30.000011366.2559   20.9472
    0.0000   22.5000  -30.000011926.2939   20.8924
    7.5000   22.5000  -30.000011410.4883   20.8895
   -7.5000   30.0000  -30.000010871.8115   20.6938
    0.0000   30.0000  -30.000011430.5635   20.6242
    7.5000   30.0000  -30.000010931.9424   20.6103
   -7.5000   37.5000  -30.000010722.6104   20.7146
    0.0000   37.5000  -30.000011264.8701   20.6257
    7.5000   37.5000  -30.000010802.0469   20.6068
   -7.5000   45.0000  -30.000010120.6045   20.2049
    0.0000   45.0000  -30.000010664.4141   20.1138
    7.5000   45.0000  -30.000010237.4824   20.1006
   -7.5000  -45.0000  -22.5000 7148.6392   22.5599
    0.0000  -45.0000  -22.5000 7470.6421   22.4491
    7.5000  -45.0000  -22.5000 7223.9282   22.4236
   -7.5000  -37.5000  -22.5000 7802.2529   22.0324
    0.0000  -37.5000  -22.5000 8163.2104   21.9468
    7.5000  -37.5000  -22.5000 7881.6050   21.9347
   -7.5000  -30.0000  -22.5000 8842.9248   21.7530
    0.0000  -30.0000  -22.5000 9275.0205   21.6907
    7.5000  -30.0000  -22.5000 8907.4062   21.6820
   -7.5000  -22.5000  -22.5000 9930.7402   21.7405
    0.0000  -22.5000  -22.500010416.6299   21.6786
    7.5000  -22.5000  -22.5000 9986.3828   21.6605
   -7.5000  -15.0000  -22.500010950.6904   21.7589
    0.0000  -15.0000  -22.500011505.8760   21.6790
    7.5000  -15.0000  -22.500011025.8555   21.6484
   -7.5000   -7.5000  -22.500011926.9346   21.7671
    0.0000   -7.5000  -22.500012564.0029   21.6670
    7.5000   -7.5000  -22.500012020.2363   21.6345
   -7.5000    0.0000  -22.500012788.0723   21.7591
    0.0000    0.0000  -22.500013489.7969   21.6559
    7.5000    0.0000  -22.500012896.4600   21.6324
   -7.5000    7.5000  -22.500012663.3262   21.7403
    0.0000    7.5000  -22.500013342.2686   21.6569
    7.5000    7.5000  -22.500012730.7773   21.6448
   -7.5000   15.0000  -22.500012488.2803   21.7287
    0.0000   15.0000  -22.500013091.9258   21.6665
    7.5000   15.0000  -22.500012478.7529   21.6579
   -7.5000   22.5000  -22.500012217.5439   21.7328
    0.0000   22.5000  -22.500012792.6768   21.6709
    7.5000   22.5000  -22.500012196.9404   21.6528
   -7.5000   30.0000  -22.500011678.6318   21.4743
    0.0000   30.0000  -22.500012247.0967   21.3954
    7.5000   30.0000  -22.500011692.5029   21.3652
   -7.5000   37.5000  -22.500011470.3965   21.4824
    0.0000   37.5000  -22.500012068.9912   21.3836
    7.5000   37.5000  -22.500011537.4805   21.3515
   -7.5000   45.0000  -22.500010803.1240   20.9551
    0.0000   45.0000  -22.500011400.7305   20.8557
    7.5000   45.0000  -22.500010935.5010   20.8331
   -7.5000  -45.0000  -15.0000 7616.6094   23.1821
    0.0000  -45.0000  -15.0000 7961.9004   23.0704
    7.5000  -45.0000  -15.0000 7705.0396   23.0312
   -7.5000  -37.5000  -15.0000 8319.9316   22.6364
    0.0000  -37.5000  -15.0000 8715.3408   22.5432
    7.5000  -37.5000  -15.0000 8414.8066   22.5158
   -7.5000  -30.0000  -15.0000 9429.9502   22.3483
    0.0000  -30.0000  -15.0000 9899.8252   22.2745
    7.5000  -30.0000  -15.0000 9511.2881   22.2483
   -7.5000  -22.5000  -15.000010615.1055   22.3411
    0.0000  -22.5000  -15.000011148.7930   22.2717
    7.5000  -22.5000  -15.000010691.4727   22.2352
   -7.5000  -15.0000  -15.000011718.4590   22.3668
    0.0000  -15.0000  -15.000012316.5029   22.2850
    7.5000  -15.0000  -15.000011805.8779   22.2367
   -7.5000   -7.5000  -15.000012787.0098   22.3726
    0.0000   -7.5000  -15.000013444.1816   22.2739
    7.5000   -7.5000  -15.000012859.5537   22.2264
   -7.5000    0.0000  -15.000013714.6709   22.3577
    0.0000    0.0000  -15.000014431.4375   22.2542
    7.5000    0.0000  -15.000013765.0918   22.2176
   -7.5000    7.5000  -15.000013579.5244   22.3351
    0.0000    7.5000  -15.000014243.9287   22.2441
    7.5000    7.5000  -15.000013549.8350   22.2173
   -7.5000   15.0000  -15.000013371.5762   22.3232
    0.0000   15.0000  -15.000013984.4951   22.2495
    7.5000   15.0000  -15.000013300.4580   22.2234
   -7.5000   22.5000  -15.000013107.7568   22.3321
    0.0000   22.5000  -15.000013702.6514   22.2627
    7.5000   22.5000  -15.000013001.6562   22.2262
   -7.5000   30.0000  -15.000012545.3096   22.0773
    0.0000   30.0000  -15.000013155.8760   21.9966
    7.5000   30.0000  -15.000012463.8574   21.9490
   -7.5000   37.5000  -15.000012303.9414   22.0830
    0.0000   37.5000  -15.000012920.9189   21.9856
    7.5000   37.5000  -15.000012297.4375   21.9388
   -7.5000   45.0000  -15.000011561.6895   21.5446
    0.0000   45.0000  -15.000012177.7021   21.4448
    7.5000   45.0000  -15.000011625.0508   21.4096
   -7.5000  -45.0000   -7.5000 8144.5703   23.4895
    0.0000  -45.0000   -7.5000 8530.5029   23.3854
    7.5000  -45.0000   -7.5000 8256.0254   23.3416
   -7.5000  -37.5000   -7.5000 8904.7334   22.9286
    0.0000  -37.5000   -7.5000 9333.7441   22.8328
    7.5000  -37.5000   -7.5000 9001.7842   22.7984
   -7.5000  -30.0000   -7.500010068.3066   22.6239
    0.0000  -30.0000   -7.500010559.1348   22.5422
    7.5000  -30.0000   -7.500010146.1738   22.5092
   -7.5000  -22.5000   -7.500011332.9180   22.6125
    0.0000  -22.5000   -7.500011906.5918   22.5403
    7.5000  -22.5000   -7.500011399.9678   22.4987
   -7.5000  -15.0000   -7.500012569.0215   22.6456
    0.0000  -15.0000   -7.500013204.9580   22.5698
    7.5000  -15.0000   -7.500012623.6611   22.5184
   -7.5000   -7.5000   -7.500013757.7422   22.6628
    0.0000   -7.5000   -7.500014468.1387   22.5744
    7.5000   -7.5000   -7.500013775.6299   22.5241
   -7.5000    0.0000   -7.500014782.2549   22.6531
    0.0000    0.0000   -7.500015562.6621   22.5566
    7.5000    0.0000   -7.500014719.2432   22.5153
   -7.5000    7.5000   -7.500014644.4121   22.6227
    0.0000    7.5000   -7.500015331.8145   22.5294
    7.5000    7.5000   -7.500014454.4854   22.4958
   -7.5000   15.0000   -7.500014414.6230   22.5983
    0.0000   15.0000   -7.500015041.6162   22.5168
    7.5000   15.0000   -7.500014174.8428   22.4839
   -7.5000   22.5000   -7.500014108.6455   22.6010
    0.0000   22.5000   -7.500014714.1445   22.5288
    7.5000   22.5000   -7.500013876.1895   22.4872
   -7.5000   30.0000   -7.500013531.4922   22.3519
    0.0000   30.0000   -7.500014121.4707   22.2771
    7.5000   30.0000   -7.500013325.1250   22.2263
   -7.5000   37.5000   -7.500013268.9600   22.3689
    0.0000   37.5000   -7.500013860.8770   22.2817
    7.5000   37.5000   -7.500013118.0967   22.2320
   -7.5000   45.0000   -7.500012478.8477   21.8333
    0.0000   45.0000   -7.500013044.7256   21.7403
    7.5000   45.0000   -7.500012369.0830   21.7005
   -7.5000  -45.0000    0.0000 8563.8340   23.4989
    0.0000  -45.0000    0.0000 8976.0566   23.4008
    7.5000  -45.0000    0.0000 8691.6943   23.3656
   -7.5000  -37.5000    0.0000 9358.5850   22.9337
    0.0000  -37.5000    0.0000 9826.2285   22.8412
    7.5000  -37.5000    0.0000 9450.1123   22.8147
   -7.5000  -30.0000    0.000010587.1045   22.6183
    0.0000  -30.0000    0.000011122.8389   22.5385
    7.5000  -30.0000    0.000010641.1016   22.5146
   -7.5000  -22.5000    0.000011944.5898   22.5983
    0.0000  -22.5000    0.000012536.4854   22.5289
    7.5000  -22.5000    0.000011975.3955   22.4985
   -7.5000  -15.0000    0.000013291.5283   22.6319
    0.0000  -15.0000    0.000013959.0762   22.5612
    7.5000  -15.0000    0.000013299.5957   22.5224
   -7.5000   -7.5000    0.000014634.6602   22.6620
    0.0000   -7.5000    0.000015375.2617   22.5797
    7.5000   -7.5000    0.000014598.7295   22.5399
   -7.5000    0.0000    0.000015906.4756   22.6627
    0.0000    0.0000    0.000016682.7969   22.5714
    7.5000    0.0000    0.000015662.1279   22.5378
   -7.5000    7.5000    0.000015849.4316   22.6282
    0.0000    7.5000    0.000016524.9824   22.5383
    7.5000    7.5000    0.000015373.9268   22.5125
   -7.5000   15.0000    0.000015524.8066   22.5928
    0.0000   15.0000    0.000016052.9023   22.5132
    7.5000   15.0000    0.000015044.1797   22.4894
   -7.5000   22.5000    0.000015086.1865   22.5868
    0.0000   22.5000    0.000015595.5801   22.5174
    7.5000   22.5000    0.000014695.1680   22.4870
   -7.5000   30.0000    0.000014472.2002   22.3390
    0.0000   30.0000    0.000014972.3545   22.2693
    7.5000   30.0000    0.000014118.6660   22.2310
   -7.5000   37.5000    0.000014214.6953   22.3687
    0.0000   37.5000    0.000014712.7422   22.2874
    7.5000   37.5000    0.000013875.9346   22.2481
   -7.5000   45.0000    0.000013383.2871   21.8443
    0.0000   45.0000    0.000013863.6318   21.7562
    7.5000   45.0000    0.000013070.8584   21.7239
   -7.5000  -45.0000    7.5000 8350.5869   23.4185
    0.0000  -45.0000    7.5000 8737.5430   23.3178
    7.5000  -45.0000    7.5000 8426.6221   23.2975
   -7.5000  -37.5000    7.5000 9132.0498   22.8589
    0.0000  -37.5000    7.5000 9558.0557   22.7721
    7.5000  -37.5000    7.5000 9194.4590   22.7624
   -7.5000  -30.0000    7.500010295.7178   22.5457
    0.0000  -30.0000    7.500010774.1123   22.4769
    7.5000  -30.0000    7.500010354.1748   22.4724
   -7.5000  -22.5000    7.500011581.2422   22.5198
    0.0000  -22.5000    7.500012123.0645   22.4577
    7.5000  -22.5000    7.500011630.4873   22.4478
   -7.5000  -15.0000    7.500012922.9326   22.5465
    0.0000  -15.0000    7.500013533.6006   22.4763
    7.5000  -15.0000    7.500012929.1162   22.4566
   -7.5000   -7.5000    7.500014381.7529   22.5794
    0.0000   -7.5000    7.500015099.2354   22.4927
    7.5000   -7.5000    7.500014305.8584   22.4685
   -7.5000    0.0000    7.500015923.5137   22.5869
    0.0000    0.0000    7.500016707.2500   22.4926
    7.5000    0.0000    7.500015522.8652   22.4731
   -7.5000    7.5000    7.500015857.3291   22.5556
    0.0000    7.5000    7.500016454.4453   22.4713
    7.5000    7.5000    7.500015310.8320   22.4619
   -7.5000   15.0000    7.500015170.2188   22.5204
    0.0000   15.0000    7.500015588.6230   22.4518
    7.5000   15.0000    7.500014828.8896   22.4474
   -7.5000   22.5000    7.500014690.2812   22.5083
    0.0000   22.5000    7.500015052.2852   22.4463
    7.5000   22.5000    7.500014402.7783   22.4364
   -7.5000   30.0000    7.500014190.4736   22.2547
    0.0000   30.0000    7.500014540.9375   22.1854
    7.5000   30.0000    7.500013830.6729   22.1659
   -7.5000   37.5000    7.500014017.9502   22.2871
    0.0000   37.5000    7.500014395.3848   22.2016
    7.5000   37.5000    7.500013599.9160   22.1777
   -7.5000   45.0000    7.500013161.3418   21.7712
    0.0000   45.0000    7.500013594.4170   21.6803
    7.5000   45.0000    7.500012766.7188   21.6615
   -7.5000  -45.0000   15.0000 7938.8223   23.3751
    0.0000  -45.0000   15.0000 8326.3916   23.2665
    7.5000  -45.0000   15.0000 7998.6406   23.2508
   -7.5000  -37.5000   15.0000 8741.0879   22.8246
    0.0000  -37.5000   15.0000 9192.0645   22.7399
    7.5000  -37.5000   15.0000 8805.0684   22.7375
   -7.5000  -30.0000   15.0000 9895.5674   22.5234
    0.0000  -30.0000   15.000010397.4229   22.4627
    7.5000  -30.0000   15.0000 9971.3154   22.4664
   -7.5000  -22.5000   15.000011152.8467   22.5003
    0.0000  -22.5000   15.000011695.2900   22.4415
    7.5000  -22.5000   15.000011209.1807   22.4384
   -7.5000  -15.0000   15.000012386.2461   22.5198
    0.0000  -15.0000   15.000012980.3164   22.4440
    7.5000  -15.0000   15.000012425.1455   22.4289
   -7.5000   -7.5000   15.000013754.5869   22.5424
    0.0000   -7.5000   15.000014442.4102   22.4457
    7.5000   -7.5000   15.000013761.5225   22.4250
   -7.5000    0.0000   15.000015223.1826   22.5461
    0.0000    0.0000   15.000016112.8564   22.4444
    7.5000    0.0000   15.000015025.2656   22.4297
   -7.5000    7.5000   15.000015243.9512   22.5225
    0.0000    7.5000   15.000015981.9229   22.4401
    7.5000    7.5000   15.000014967.4541   22.4377
   -7.5000   15.0000   15.000014733.7627   22.4983
    0.0000   15.0000   15.000015243.1250   22.4376
    7.5000   15.0000   15.000014490.0195   22.4414
   -7.5000   22.5000   15.000014369.2451   22.4889
    0.0000   22.5000   15.000014754.4473   22.4301
    7.5000   22.5000   15.000013973.9160   22.4270
   -7.5000   30.0000   15.000013822.8154   22.2283
    0.0000   30.0000   15.000014178.6729   22.1536
    7.5000   30.0000   15.000013313.5068   22.1386
   -7.5000   37.5000   15.000013565.9990   22.2507
    0.0000   37.5000   15.000013974.3076   22.1552
    7.5000   37.5000   15.000013061.2119   22.1348
   -7.5000   45.0000   15.000012655.6289   21.7318
    0.0000   45.0000   15.000013114.6299   21.6338
    7.5000   45.0000   15.000012244.1631   21.6197
   -7.5000  -45.0000   22.5000 7513.5376   23.4222
    0.0000  -45.0000   22.5000 7898.5962   23.3072
    7.5000  -45.0000   22.5000 7553.7290   23.2808
   -7.5000  -37.5000   22.5000 8293.0801   22.8745
    0.0000  -37.5000   22.5000 8717.7432   22.7857
    7.5000  -37.5000   22.5000 8347.0771   22.7731
   -7.5000  -30.0000   22.5000 9435.1465   22.5845
    0.0000  -30.0000   22.5000 9876.0254   22.5197
    7.5000  -30.0000   22.5000 9467.8652   22.5107
   -7.5000  -22.5000   22.500010607.7324   22.5714
    0.0000  -22.5000   22.500011128.5254   22.5071
    7.5000  -22.5000   22.500010640.2695   22.4883
   -7.5000  -15.0000   22.500011729.5371   22.5905
    0.0000  -15.0000   22.500012350.3330   22.5075
    7.5000  -15.0000   22.500011784.6025   22.4757
   -7.5000   -7.5000   22.500012984.8086   22.5990
    0.0000   -7.5000   22.500013723.4287   22.4951
    7.5000   -7.5000   22.500012966.3848   22.4613
   -7.5000    0.0000   22.500014252.9971   22.5908
    0.0000    0.0000   22.500015134.3633   22.4836
    7.5000    0.0000   22.500014098.8477   22.4592
   -7.5000    7.5000   22.500014285.8760   22.5712
    0.0000    7.5000   22.500015163.2920   22.4846
    7.5000    7.5000   22.500014102.6904   22.4721
   -7.5000   15.0000   22.500014066.4336   22.5592
    0.0000   15.0000   22.500014872.1689   22.4946
    7.5000   15.0000   22.500013771.5947   22.4856
   -7.5000   22.5000   22.500013729.5088   22.5599
    0.0000   22.5000   22.500014468.7549   22.4957
    7.5000   22.5000   22.500013339.4287   22.4768
   -7.5000   30.0000   22.500013099.3545   22.2982
    0.0000   30.0000   22.500013745.3232   22.2162
    7.5000   30.0000   22.500012693.8086   22.1849
   -7.5000   37.5000   22.500012782.8730   22.3066
    0.0000   37.5000   22.500013371.0264   22.2040
    7.5000   37.5000   22.500012434.3525   22.1706
   -7.5000   45.0000   22.500011888.2354   21.7749
    0.0000   45.0000   22.500012436.7021   21.6716
    7.5000   45.0000   22.500011635.0518   21.6481
   -7.5000  -45.0000   30.0000 7033.5107   23.5153
    0.0000  -45.0000   30.0000 7346.9141   23.4019
    7.5000  -45.0000   30.0000 6961.4058   23.3623
   -7.5000  -37.5000   30.0000 7784.8081   22.9619
    0.0000  -37.5000   30.0000 8138.4712   22.8672
    7.5000  -37.5000   30.0000 7689.6201   22.8395
   -7.5000  -30.0000   30.0000 8853.9229   22.6696
    0.0000  -30.0000   30.0000 9244.4941   22.5946
    7.5000  -30.0000   30.0000 8745.7959   22.5680
   -7.5000  -22.5000   30.0000 9948.3643   22.6622
    0.0000  -22.5000   30.000010425.0029   22.5917
    7.5000  -22.5000   30.0000 9875.2324   22.5546
   -7.5000  -15.0000   30.000011018.2080   22.6881
    0.0000  -15.0000   30.000011576.6299   22.6050
    7.5000  -15.0000   30.000010964.6406   22.5561
   -7.5000   -7.5000   30.000012160.7061   22.6938
    0.0000   -7.5000   30.000012772.1973   22.5936
    7.5000   -7.5000   30.000012067.0469   22.5456
   -7.5000    0.0000   30.000013211.3730   22.6788
    0.0000    0.0000   30.000013824.7979   22.5737
    7.5000    0.0000   30.000013083.2656   22.5367
   -7.5000    7.5000   30.000013140.6201   22.6560
    0.0000    7.5000   30.000013660.8252   22.5637
    7.5000    7.5000   30.000013012.0723   22.5364
   -7.5000   15.0000   30.000012901.3477   22.6440
    0.0000   15.0000   30.000013409.3398   22.5692
    7.5000   15.0000   30.000012729.8359   22.5427
   -7.5000   22.5000   30.000012613.8154   22.6506
    0.0000   22.5000   30.000013140.8506   22.5802
    7.5000   22.5000   30.000012429.4473   22.5431
   -7.5000   30.0000   30.000012077.4502   22.3944
    0.0000   30.0000   30.000012609.1514   22.3125
    7.5000   30.0000   30.000011935.8184   22.2642
   -7.5000   37.5000   30.000011845.9619   22.4001
    0.0000   37.5000   30.000012379.8691   22.3012
    7.5000   37.5000   30.000011730.9131   22.2538
   -7.5000   45.0000   30.000011091.3418   21.8597
    0.0000   45.0000   30.000011577.7441   21.7585
    7.5000   45.0000   30.000010977.6904   21.7228
   -7.5000  -45.0000   37.5000 6699.9155   23.6534
    0.0000  -45.0000   37.5000 6971.0737   23.5477
    7.5000  -45.0000   37.5000 6593.7637   23.5033
   -7.5000  -37.5000   37.5000 7424.8169   23.0863
    0.0000  -37.5000   37.5000 7728.6494   22.9890
    7.5000  -37.5000   37.5000 7308.7329   22.9540
   -7.5000  -30.0000   37.5000 8428.7285   22.7775
    0.0000  -30.0000   37.5000 8784.3486   22.6946
    7.5000  -30.0000   37.5000 8330.2627   22.6610
   -7.5000  -22.5000   37.5000 9456.1465   22.7657
    0.0000  -22.5000   37.5000 9888.6924   22.6924
    7.5000  -22.5000   37.5000 9436.6299   22.6499
   -7.5000  -15.0000   37.500010472.6855   22.7992
    0.0000  -15.0000   37.500010952.2148   22.7222
    7.5000  -15.0000   37.500010472.9590   22.6698
   -7.5000   -7.5000   37.500011504.5137   22.8170
    0.0000   -7.5000   37.500012047.1279   22.7274
    7.5000   -7.5000   37.500011510.4209   22.6762
   -7.5000    0.0000   37.500012428.9844   22.8076
    0.0000    0.0000   37.500012974.6064   22.7097
    7.5000    0.0000   37.500012428.3828   22.6678
   -7.5000    7.5000   37.500012324.8740   22.7768
    0.0000    7.5000   37.500012840.4629   22.6821
    7.5000    7.5000   37.500012339.6221   22.6479
   -7.5000   15.0000   37.500012091.5459   22.7516
    0.0000   15.0000   37.500012603.0869   22.6689
    7.5000   15.0000   37.500012092.1221   22.6354
   -7.5000   22.5000   37.500011820.3535   22.7541
    0.0000   22.5000   37.500012334.9043   22.6808
    7.5000   22.5000   37.500011809.8545   22.6384
   -7.5000   30.0000   37.500011386.2510   22.5041
    0.0000   30.0000   37.500011860.6250   22.4281
    7.5000   30.0000   37.500011367.9883   22.3765
   -7.5000   37.5000   37.500011249.3652   22.5217
    0.0000   37.5000   37.500011715.6924   22.4333
    7.5000   37.5000   37.500011214.8086   22.3828
   -7.5000   45.0000   37.500010599.4111   21.9839
    0.0000   45.0000   37.500011037.0225   21.8896
    7.5000   45.0000   37.500010542.9023   21.8492
   -7.5000  -45.0000   45.0000 6041.9785   23.9334
    0.0000  -45.0000   45.0000 6303.1362   23.8303
    7.5000  -45.0000   45.0000 5974.3364   23.7920
   -7.5000  -37.5000   45.0000 6675.0737   23.3442
    0.0000  -37.5000   45.0000 6977.8960   23.2474
    7.5000  -37.5000   45.0000 6638.3662   23.2183
   -7.5000  -30.0000   45.0000 7557.0049   23.0156
    0.0000  -30.0000   45.0000 7910.7417   22.9326
    7.5000  -30.0000   45.0000 7577.5820   22.9064
   -7.5000  -22.5000   45.0000 8503.3066   22.9953
    0.0000  -22.5000   45.0000 8921.8457   22.9232
    7.5000  -22.5000   45.0000 8578.6748   22.8906
   -7.5000  -15.0000   45.0000 9428.5000   23.0309
    0.0000  -15.0000   45.0000 9907.0986   22.9571
    7.5000  -15.0000   45.0000 9533.9102   22.9157
   -7.5000   -7.5000   45.000010357.9482   23.0620
    0.0000   -7.5000   45.000010913.3848   22.9757
    7.5000   -7.5000   45.000010484.9932   22.9329
   -7.5000    0.0000   45.000011188.0225   23.0622
    0.0000    0.0000   45.000011758.9590   22.9663
    7.5000    0.0000   45.000011303.8281   22.9299
   -7.5000    7.5000   45.000011130.4902   23.0257
    0.0000    7.5000   45.000011652.0869   22.9317
    7.5000    7.5000   45.000011224.0498   22.9034
   -7.5000   15.0000   45.000010942.6377   22.9889
    0.0000   15.0000   45.000011430.1660   22.9061
    7.5000   15.0000   45.000011000.0625   22.8802
   -7.5000   22.5000   45.000010681.6865   22.9835
    0.0000   22.5000   45.000011150.2451   22.9115
    7.5000   22.5000   45.000010727.6562   22.8789
   -7.5000   30.0000   45.000010315.3018   22.7308
    0.0000   30.0000   45.000010745.0215   22.6581
    7.5000   30.0000   45.000010358.9746   22.6172
   -7.5000   37.5000   45.000010227.0781   22.7615
    0.0000   37.5000   45.000010669.9033   22.6763
    7.5000   37.5000   45.000010240.9365   22.6341
   -7.5000   45.0000   45.0000 9662.9316   22.2393
    0.0000   45.0000   45.000010071.5059   22.1469
    7.5000   45.0000   45.0000 9640.4854   22.1118

---------------------------------------------------------------------
imgreg_4dfp /opt/freesurfer/average/711-2C_as_mni_average_305 /opt/freesurfer/average/711-2B_as_mni_average_305_mask talsrcimg_g11 none talsrcimg_to_711-2C_as_mni_average_305_t4 4355
---------------------------------------------------------------------

freesurfer imgreg_4dfp.c
/opt/freesurfer/average/711-2C_as_mni_average_305.4dfp.img
       256       256       256         1
  1.000000  1.000000  1.000000
orientation T byte_order littleendian
Reading image: /opt/freesurfer/average/711-2C_as_mni_average_305.4dfp.img
dimensions:      256       256       256
mmppix:       1.0000   -1.0000   -1.0000
center:     128.0000 -129.0000 -129.0000
/opt/freesurfer/average/711-2B_as_mni_average_305_mask.4dfp.img
       256       256       256         1
  1.000000  1.000000  1.000000
orientation T byte_order littleendian
Reading mask: /opt/freesurfer/average/711-2B_as_mni_average_305_mask.4dfp.img (2306576 pixels)
talsrcimg_g11.4dfp.img
       256       256       256         1
  1.000000  1.000000  1.000000
orientation T byte_order littleendian
Reading image: talsrcimg_g11.4dfp.img
dimensions:      256       256       256
mmppix:       1.0000   -1.0000   -1.0000
center:     128.0000 -129.0000 -129.0000
rotation matrix determinant  1.000000
image alignment mode   4355 decimal     1103 hex
   -7.5000  -45.0000  -37.5000 1801.9454   31.1139
    0.0000  -45.0000  -37.5000 1807.9192   30.6568
    7.5000  -45.0000  -37.5000 1805.2720   30.7708
   -7.5000  -37.5000  -37.5000 1917.9336   27.3606
    0.0000  -37.5000  -37.5000 1926.7266   27.0804
    7.5000  -37.5000  -37.5000 1917.2114   27.1659
   -7.5000  -30.0000  -37.5000 2025.9094   24.5456
    0.0000  -30.0000  -37.5000 2036.1602   24.2953
    7.5000  -30.0000  -37.5000 2025.8684   24.2934
   -7.5000  -22.5000  -37.5000 2138.7896   22.4192
    0.0000  -22.5000  -37.5000 2147.8142   22.1829
    7.5000  -22.5000  -37.5000 2135.6270   22.1188
   -7.5000  -15.0000  -37.5000 2215.4951   20.6752
    0.0000  -15.0000  -37.5000 2223.5518   20.4063
    7.5000  -15.0000  -37.5000 2214.7832   20.3673
   -7.5000   -7.5000  -37.5000 2277.1838   19.3707
    0.0000   -7.5000  -37.5000 2287.7937   19.1172
    7.5000   -7.5000  -37.5000 2275.3052   19.1217
   -7.5000    0.0000  -37.5000 2299.4749   18.5000
    0.0000    0.0000  -37.5000 2318.1943   18.3310
    7.5000    0.0000  -37.5000 2301.6531   18.3402
   -7.5000    7.5000  -37.5000 2316.3542   18.0394
    0.0000    7.5000  -37.5000 2333.8188   17.8631
    7.5000    7.5000  -37.5000 2312.8145   17.8997
   -7.5000   15.0000  -37.5000 2316.7209   18.0229
    0.0000   15.0000  -37.5000 2330.2803   17.7992
    7.5000   15.0000  -37.5000 2312.6799   17.8576
   -7.5000   22.5000  -37.5000 2308.4688   18.2034
    0.0000   22.5000  -37.5000 2325.7629   18.0117
    7.5000   22.5000  -37.5000 2308.0164   18.0799
   -7.5000   30.0000  -37.5000 2289.6362   18.8661
    0.0000   30.0000  -37.5000 2307.8000   18.6578
    7.5000   30.0000  -37.5000 2287.5649   18.6548
   -7.5000   37.5000  -37.5000 2252.6907   19.8085
    0.0000   37.5000  -37.5000 2269.7922   19.6006
    7.5000   37.5000  -37.5000 2250.3113   19.5344
   -7.5000   45.0000  -37.5000 2185.3582   21.0753
    0.0000   45.0000  -37.5000 2203.2021   20.8144
    7.5000   45.0000  -37.5000 2182.7969   20.7724
   -7.5000  -45.0000  -30.0000 1883.2988   30.1993
    0.0000  -45.0000  -30.0000 1892.6748   29.8825
    7.5000  -45.0000  -30.0000 1896.7886   29.8237
   -7.5000  -37.5000  -30.0000 2011.7766   26.6836
    0.0000  -37.5000  -30.0000 2024.6926   26.4451
    7.5000  -37.5000  -30.0000 2021.2914   26.3859
   -7.5000  -30.0000  -30.0000 2143.7234   23.9988
    0.0000  -30.0000  -30.0000 2153.4810   23.7272
    7.5000  -30.0000  -30.0000 2144.2017   23.6261
   -7.5000  -22.5000  -30.0000 2260.9465   21.8009
    0.0000  -22.5000  -30.0000 2269.7397   21.5480
    7.5000  -22.5000  -30.0000 2255.8452   21.4076
   -7.5000  -15.0000  -30.0000 2342.9958   19.9688
    0.0000  -15.0000  -30.0000 2356.6284   19.6946
    7.5000  -15.0000  -30.0000 2337.3613   19.6236
   -7.5000   -7.5000  -30.0000 2408.8271   18.6178
    0.0000   -7.5000  -30.0000 2425.2207   18.3554
    7.5000   -7.5000  -30.0000 2402.2251   18.3305
   -7.5000    0.0000  -30.0000 2444.5569   17.7536
    0.0000    0.0000  -30.0000 2464.1958   17.5251
    7.5000    0.0000  -30.0000 2440.8142   17.5250
   -7.5000    7.5000  -30.0000 2462.0869   17.2595
    0.0000    7.5000  -30.0000 2483.9299   17.0423
    7.5000    7.5000  -30.0000 2464.5195   17.0751
   -7.5000   15.0000  -30.0000 2469.9275   17.2567
    0.0000   15.0000  -30.0000 2483.8665   17.0080
    7.5000   15.0000  -30.0000 2469.6079   17.0542
   -7.5000   22.5000  -30.0000 2460.4338   17.4874
    0.0000   22.5000  -30.0000 2479.0017   17.2550
    7.5000   22.5000  -30.0000 2458.8389   17.3082
   -7.5000   30.0000  -30.0000 2437.6829   18.0366
    0.0000   30.0000  -30.0000 2459.7634   17.7916
    7.5000   30.0000  -30.0000 2435.7979   17.8580
   -7.5000   37.5000  -30.0000 2395.8743   18.8815
    0.0000   37.5000  -30.0000 2418.8325   18.6328
    7.5000   37.5000  -30.0000 2394.8489   18.6505
   -7.5000   45.0000  -30.0000 2327.6396   20.0574
    0.0000   45.0000  -30.0000 2348.1550   19.8004
    7.5000   45.0000  -30.0000 2329.1943   19.8239
   -7.5000  -45.0000  -22.5000 1951.0985   29.5716
    0.0000  -45.0000  -22.5000 1958.6543   29.1181
    7.5000  -45.0000  -22.5000 1955.7965   29.0222
   -7.5000  -37.5000  -22.5000 2088.7488   26.1062
    0.0000  -37.5000  -22.5000 2099.3621   25.6932
    7.5000  -37.5000  -22.5000 2090.6904   25.5694
   -7.5000  -30.0000  -22.5000 2227.4880   23.4085
    0.0000  -30.0000  -22.5000 2240.2556   23.0000
    7.5000  -30.0000  -22.5000 2225.5811   22.8386
   -7.5000  -22.5000  -22.5000 2353.4377   21.1920
    0.0000  -22.5000  -22.5000 2366.1155   20.8570
    7.5000  -22.5000  -22.5000 2344.3286   20.6271
   -7.5000  -15.0000  -22.5000 2444.1025   19.3428
    0.0000  -15.0000  -22.5000 2457.3411   19.0298
    7.5000  -15.0000  -22.5000 2435.9106   18.8450
   -7.5000   -7.5000  -22.5000 2512.5845   17.9069
    0.0000   -7.5000  -22.5000 2529.4998   17.6342
    7.5000   -7.5000  -22.5000 2505.8708   17.5116
   -7.5000    0.0000  -22.5000 2560.2876   16.9421
    0.0000    0.0000  -22.5000 2580.2444   16.6636
    7.5000    0.0000  -22.5000 2558.2446   16.6010
   -7.5000    7.5000  -22.5000 2586.6504   16.4351
    0.0000    7.5000  -22.5000 2605.2219   16.1516
    7.5000    7.5000  -22.5000 2586.8452   16.1392
   -7.5000   15.0000  -22.5000 2598.4084   16.3974
    0.0000   15.0000  -22.5000 2609.7239   16.1081
    7.5000   15.0000  -22.5000 2594.3276   16.1087
   -7.5000   22.5000  -22.5000 2591.4919   16.6599
    0.0000   22.5000  -22.5000 2606.5508   16.4110
    7.5000   22.5000  -22.5000 2586.5298   16.4468
   -7.5000   30.0000  -22.5000 2567.7986   17.1845
    0.0000   30.0000  -22.5000 2585.3142   16.9406
    7.5000   30.0000  -22.5000 2566.0203   17.0141
   -7.5000   37.5000  -22.5000 2520.0933   17.9535
    0.0000   37.5000  -22.5000 2542.6973   17.7048
    7.5000   37.5000  -22.5000 2519.6985   17.7354
   -7.5000   45.0000  -22.5000 2448.2634   19.0196
    0.0000   45.0000  -22.5000 2469.8083   18.7737
    7.5000   45.0000  -22.5000 2449.2549   18.8212
   -7.5000  -45.0000  -15.0000 1996.3839   29.0390
    0.0000  -45.0000  -15.0000 2005.0280   28.5419
    7.5000  -45.0000  -15.0000 1993.7684   28.3493
   -7.5000  -37.5000  -15.0000 2138.4949   25.5223
    0.0000  -37.5000  -15.0000 2148.3254   25.0645
    7.5000  -37.5000  -15.0000 2134.2893   24.9247
   -7.5000  -30.0000  -15.0000 2279.2600   22.8052
    0.0000  -30.0000  -15.0000 2295.3044   22.3732
    7.5000  -30.0000  -15.0000 2270.5095   22.1776
   -7.5000  -22.5000  -15.0000 2403.4060   20.5695
    0.0000  -22.5000  -15.0000 2419.9595   20.1561
    7.5000  -22.5000  -15.0000 2393.3633   19.9603
   -7.5000  -15.0000  -15.0000 2503.7646   18.7483
    0.0000  -15.0000  -15.0000 2522.3989   18.3679
    7.5000  -15.0000  -15.0000 2493.3108   18.1647
   -7.5000   -7.5000  -15.0000 2587.9133   17.3393
    0.0000   -7.5000  -15.0000 2606.0496   17.0053
    7.5000   -7.5000  -15.0000 2574.9658   16.7943
   -7.5000    0.0000  -15.0000 2641.9436   16.3058
    0.0000    0.0000  -15.0000 2659.6023   15.9401
    7.5000    0.0000  -15.0000 2637.4927   15.8226
   -7.5000    7.5000  -15.0000 2674.5852   15.6601
    0.0000    7.5000  -15.0000 2689.1799   15.3443
    7.5000    7.5000  -15.0000 2668.4758   15.2820
   -7.5000   15.0000  -15.0000 2685.2668   15.5124
    0.0000   15.0000  -15.0000 2697.6565   15.2423
    7.5000   15.0000  -15.0000 2679.6428   15.2035
   -7.5000   22.5000  -15.0000 2691.1565   15.7697
    0.0000   22.5000  -15.0000 2710.6199   15.5396
    7.5000   22.5000  -15.0000 2684.3552   15.5452
   -7.5000   30.0000  -15.0000 2670.7258   16.3430
    0.0000   30.0000  -15.0000 2693.6687   16.0934
    7.5000   30.0000  -15.0000 2663.7593   16.1336
   -7.5000   37.5000  -15.0000 2624.6094   17.0957
    0.0000   37.5000  -15.0000 2644.3210   16.8188
    7.5000   37.5000  -15.0000 2621.6870   16.8879
   -7.5000   45.0000  -15.0000 2543.7285   18.0943
    0.0000   45.0000  -15.0000 2562.6182   17.8025
    7.5000   45.0000  -15.0000 2542.1025   17.9008
   -7.5000  -45.0000   -7.5000 2024.6049   28.5009
    0.0000  -45.0000   -7.5000 2039.8988   27.9348
    7.5000  -45.0000   -7.5000 2020.6813   27.8302
   -7.5000  -37.5000   -7.5000 2168.1155   25.0307
    0.0000  -37.5000   -7.5000 2181.4075   24.5161
    7.5000  -37.5000   -7.5000 2161.3354   24.3972
   -7.5000  -30.0000   -7.5000 2306.6960   22.2540
    0.0000  -30.0000   -7.5000 2319.9541   21.7466
    7.5000  -30.0000   -7.5000 2290.0615   21.5718
   -7.5000  -22.5000   -7.5000 2435.3057   20.0154
    0.0000  -22.5000   -7.5000 2447.6133   19.5192
    7.5000  -22.5000   -7.5000 2417.3523   19.3741
   -7.5000  -15.0000   -7.5000 2545.2856   18.2192
    0.0000  -15.0000   -7.5000 2559.8882   17.7657
    7.5000  -15.0000   -7.5000 2528.9844   17.5938
   -7.5000   -7.5000   -7.5000 2632.9783   16.7885
    0.0000   -7.5000   -7.5000 2654.7361   16.4037
    7.5000   -7.5000   -7.5000 2621.7791   16.2332
   -7.5000    0.0000   -7.5000 2698.6321   15.7345
    0.0000    0.0000   -7.5000 2724.5361   15.3627
    7.5000    0.0000   -7.5000 2693.2056   15.1886
   -7.5000    7.5000   -7.5000 2736.4651   14.9745
    0.0000    7.5000   -7.5000 2756.7996   14.6234
    7.5000    7.5000   -7.5000 2729.7192   14.5277
   -7.5000   15.0000   -7.5000 2754.7839   14.6794
    0.0000   15.0000   -7.5000 2775.9739   14.3948
    7.5000   15.0000   -7.5000 2749.5259   14.4045
   -7.5000   22.5000   -7.5000 2772.0950   14.9271
    0.0000   22.5000   -7.5000 2794.5984   14.6494
    7.5000   22.5000   -7.5000 2766.2861   14.7212
   -7.5000   30.0000   -7.5000 2755.8501   15.5080
    0.0000   30.0000   -7.5000 2774.9802   15.2122
    7.5000   30.0000   -7.5000 2745.9172   15.2932
   -7.5000   37.5000   -7.5000 2703.9189   16.2629
    0.0000   37.5000   -7.5000 2719.4045   15.9377
    7.5000   37.5000   -7.5000 2698.5405   16.0681
   -7.5000   45.0000   -7.5000 2622.9248   17.2558
    0.0000   45.0000   -7.5000 2636.3196   16.9310
    7.5000   45.0000   -7.5000 2613.6045   17.1068
   -7.5000  -45.0000    0.0000 2029.0126   28.1413
    0.0000  -45.0000    0.0000 2036.4547   27.5368
    7.5000  -45.0000    0.0000 2028.2670   27.5911
   -7.5000  -37.5000    0.0000 2168.6646   24.6254
    0.0000  -37.5000    0.0000 2179.2512   24.0898
    7.5000  -37.5000    0.0000 2160.6948   24.0690
   -7.5000  -30.0000    0.0000 2302.6650   21.8132
    0.0000  -30.0000    0.0000 2315.8792   21.2805
    7.5000  -30.0000    0.0000 2288.6514   21.2356
   -7.5000  -22.5000    0.0000 2435.4954   19.6056
    0.0000  -22.5000    0.0000 2447.4355   19.0914
    7.5000  -22.5000    0.0000 2417.7480   18.9982
   -7.5000  -15.0000    0.0000 2553.7305   17.8441
    0.0000  -15.0000    0.0000 2568.3672   17.3300
    7.5000  -15.0000    0.0000 2536.8987   17.2519
   -7.5000   -7.5000    0.0000 2649.9639   16.4183
    0.0000   -7.5000    0.0000 2670.6121   15.9558
    7.5000   -7.5000    0.0000 2642.5359   15.8760
   -7.5000    0.0000    0.0000 2729.8035   15.3233
    0.0000    0.0000    0.0000 2754.7185   14.9044
    7.5000    0.0000    0.0000 2724.9854   14.8241
   -7.5000    7.5000    0.0000 2779.3042   14.5245
    0.0000    7.5000    0.0000 2802.2537   14.0907
    7.5000    7.5000    0.0000 2769.8328   14.1170
   -7.5000   15.0000    0.0000 2815.3384   14.0908
    0.0000   15.0000    0.0000 2828.9146   13.6911
    7.5000   15.0000    0.0000 2798.4468   13.8550
   -7.5000   22.5000    0.0000 2837.3501   14.2857
    0.0000   22.5000    0.0000 2841.8384   13.8813
    7.5000   22.5000    0.0000 2809.8313   14.0555
   -7.5000   30.0000    0.0000 2816.5742   14.8281
    0.0000   30.0000    0.0000 2822.0618   14.4305
    7.5000   30.0000    0.0000 2791.0110   14.6348
   -7.5000   37.5000    0.0000 2763.1685   15.6418
    0.0000   37.5000    0.0000 2767.2754   15.2763
    7.5000   37.5000    0.0000 2747.7502   15.4985
   -7.5000   45.0000    0.0000 2674.9465   16.6736
    0.0000   45.0000    0.0000 2681.5076   16.3201
    7.5000   45.0000    0.0000 2657.8208   16.5625
   -7.5000  -45.0000    7.5000 2026.5013   28.3952
    0.0000  -45.0000    7.5000 2032.6896   27.7027
    7.5000  -45.0000    7.5000 2020.6631   27.9177
   -7.5000  -37.5000    7.5000 2161.7078   24.6834
    0.0000  -37.5000    7.5000 2165.4834   23.9859
    7.5000  -37.5000    7.5000 2158.8418   24.1811
   -7.5000  -30.0000    7.5000 2289.2603   21.7165
    0.0000  -30.0000    7.5000 2288.7727   21.1361
    7.5000  -30.0000    7.5000 2280.5085   21.2928
   -7.5000  -22.5000    7.5000 2420.3057   19.4334
    0.0000  -22.5000    7.5000 2419.5566   18.9024
    7.5000  -22.5000    7.5000 2412.0217   19.0081
   -7.5000  -15.0000    7.5000 2541.6636   17.6750
    0.0000  -15.0000    7.5000 2546.5164   17.1482
    7.5000  -15.0000    7.5000 2532.6609   17.2488
   -7.5000   -7.5000    7.5000 2643.6375   16.2675
    0.0000   -7.5000    7.5000 2657.9951   15.7904
    7.5000   -7.5000    7.5000 2648.3796   15.8551
   -7.5000    0.0000    7.5000 2743.6367   15.2361
    0.0000    0.0000    7.5000 2756.0562   14.7768
    7.5000    0.0000    7.5000 2740.2180   14.7847
   -7.5000    7.5000    7.5000 2816.1689   14.4346
    0.0000    7.5000    7.5000 2830.3762   13.9476
    7.5000    7.5000    7.5000 2800.0295   14.0415
   -7.5000   15.0000    7.5000 2848.4946   13.7641
    0.0000   15.0000    7.5000 2848.7952   13.2651
    7.5000   15.0000    7.5000 2820.9651   13.5903
   -7.5000   22.5000    7.5000 2863.3467   13.7526
    0.0000   22.5000    7.5000 2854.8984   13.2959
    7.5000   22.5000    7.5000 2840.1558   13.7493
   -7.5000   30.0000    7.5000 2845.6543   14.3420
    0.0000   30.0000    7.5000 2835.2019   13.9398
    7.5000   30.0000    7.5000 2820.2063   14.3167
   -7.5000   37.5000    7.5000 2789.5642   15.2515
    0.0000   37.5000    7.5000 2784.9136   14.8714
    7.5000   37.5000    7.5000 2770.9099   15.1313
   -7.5000   45.0000    7.5000 2694.8682   16.3269
    0.0000   45.0000    7.5000 2697.6353   15.9411
    7.5000   45.0000    7.5000 2678.9617   16.1813
   -7.5000  -45.0000   15.0000 2002.0344   29.0472
    0.0000  -45.0000   15.0000 2002.0256   28.4677
    7.5000  -45.0000   15.0000 1985.9073   28.6417
   -7.5000  -37.5000   15.0000 2137.2202   25.1441
    0.0000  -37.5000   15.0000 2144.7969   24.6832
    7.5000  -37.5000   15.0000 2125.0730   24.7924
   -7.5000  -30.0000   15.0000 2257.9807   22.0346
    0.0000  -30.0000   15.0000 2262.3562   21.6093
    7.5000  -30.0000   15.0000 2246.7332   21.8155
   -7.5000  -22.5000   15.0000 2381.0051   19.6467
    0.0000  -22.5000   15.0000 2387.6252   19.2351
    7.5000  -22.5000   15.0000 2379.1248   19.4291
   -7.5000  -15.0000   15.0000 2493.6443   17.8189
    0.0000  -15.0000   15.0000 2503.6218   17.3883
    7.5000  -15.0000   15.0000 2498.9802   17.5285
   -7.5000   -7.5000   15.0000 2602.4810   16.4079
    0.0000   -7.5000   15.0000 2610.9050   15.9854
    7.5000   -7.5000   15.0000 2618.2913   16.0751
   -7.5000    0.0000   15.0000 2706.2131   15.4020
    0.0000    0.0000   15.0000 2716.8831   14.9848
    7.5000    0.0000   15.0000 2718.6682   15.0486
   -7.5000    7.5000   15.0000 2801.5398   14.6574
    0.0000    7.5000   15.0000 2813.9182   14.2905
    7.5000    7.5000   15.0000 2790.2146   14.2949
   -7.5000   15.0000   15.0000 2843.4307   13.9091
    0.0000   15.0000   15.0000 2849.5977   13.5686
    7.5000   15.0000   15.0000 2822.0161   13.7874
   -7.5000   22.5000   15.0000 2874.6304   13.7864
    0.0000   22.5000   15.0000 2869.0137   13.4277
    7.5000   22.5000   15.0000 2835.4836   13.7477
   -7.5000   30.0000   15.0000 2854.8872   14.2555
    0.0000   30.0000   15.0000 2851.6062   13.9331
    7.5000   30.0000   15.0000 2812.4597   14.1018
   -7.5000   37.5000   15.0000 2791.3064   15.1510
    0.0000   37.5000   15.0000 2795.4746   14.8408
    7.5000   37.5000   15.0000 2761.9265   14.9334
   -7.5000   45.0000   15.0000 2686.7363   16.3234
    0.0000   45.0000   15.0000 2698.0244   16.0200
    7.5000   45.0000   15.0000 2670.4377   16.0843
   -7.5000  -45.0000   22.5000 1958.9115   30.3613
    0.0000  -45.0000   22.5000 1965.4563   29.9278
    7.5000  -45.0000   22.5000 1952.2501   30.0703
   -7.5000  -37.5000   22.5000 2094.6414   26.0230
    0.0000  -37.5000   22.5000 2106.2703   25.6402
    7.5000  -37.5000   22.5000 2092.1318   25.8833
   -7.5000  -30.0000   22.5000 2215.4678   22.7420
    0.0000  -30.0000   22.5000 2219.1868   22.3127
    7.5000  -30.0000   22.5000 2217.0020   22.7006
   -7.5000  -22.5000   22.5000 2333.2876   20.3208
    0.0000  -22.5000   22.5000 2341.7385   19.9073
    7.5000  -22.5000   22.5000 2342.0220   20.1946
   -7.5000  -15.0000   22.5000 2441.0349   18.4591
    0.0000  -15.0000   22.5000 2453.4753   18.0870
    7.5000  -15.0000   22.5000 2460.5200   18.2344
   -7.5000   -7.5000   22.5000 2557.4956   17.0358
    0.0000   -7.5000   22.5000 2577.1938   16.7286
    7.5000   -7.5000   22.5000 2573.9971   16.7665
   -7.5000    0.0000   22.5000 2672.3845   16.0504
    0.0000    0.0000   22.5000 2700.4189   15.7760
    7.5000    0.0000   22.5000 2672.6870   15.7173
   -7.5000    7.5000   22.5000 2768.9180   15.2342
    0.0000    7.5000   22.5000 2799.7886   14.9882
    7.5000    7.5000   22.5000 2755.9277   14.9555
   -7.5000   15.0000   22.5000 2845.4968   14.6091
    0.0000   15.0000   22.5000 2856.8579   14.3743
    7.5000   15.0000   22.5000 2803.5784   14.4167
   -7.5000   22.5000   22.5000 2882.2983   14.5208
    0.0000   22.5000   22.5000 2891.3694   14.3458
    7.5000   22.5000   22.5000 2821.9280   14.2911
   -7.5000   30.0000   22.5000 2850.9944   14.7859
    0.0000   30.0000   22.5000 2861.7576   14.6340
    7.5000   30.0000   22.5000 2793.8257   14.5685
   -7.5000   37.5000   22.5000 2780.2446   15.4635
    0.0000   37.5000   22.5000 2789.4507   15.2734
    7.5000   37.5000   22.5000 2734.3972   15.2610
   -7.5000   45.0000   22.5000 2664.0784   16.5634
    0.0000   45.0000   22.5000 2674.5403   16.2966
    7.5000   45.0000   22.5000 2638.9622   16.3353
   -7.5000  -45.0000   30.0000 1893.7209   32.4247
    0.0000  -45.0000   30.0000 1905.6592   31.8152
    7.5000  -45.0000   30.0000 1900.7212   32.0214
   -7.5000  -37.5000   30.0000 2037.5973   27.6656
    0.0000  -37.5000   30.0000 2049.4573   27.1089
    7.5000  -37.5000   30.0000 2040.1930   27.3904
   -7.5000  -30.0000   30.0000 2172.1416   24.2027
    0.0000  -30.0000   30.0000 2171.7861   23.7336
    7.5000  -30.0000   30.0000 2164.8411   24.0370
   -7.5000  -22.5000   30.0000 2293.7742   21.5632
    0.0000  -22.5000   30.0000 2299.9050   21.1781
    7.5000  -22.5000   30.0000 2291.1062   21.4108
   -7.5000  -15.0000   30.0000 2407.0522   19.5467
    0.0000  -15.0000   30.0000 2419.7903   19.2266
    7.5000  -15.0000   30.0000 2411.7632   19.3845
   -7.5000   -7.5000   30.0000 2528.6711   18.0705
    0.0000   -7.5000   30.0000 2545.5273   17.7421
    7.5000   -7.5000   30.0000 2530.0601   17.8305
   -7.5000    0.0000   30.0000 2634.6489   16.9029
    0.0000    0.0000   30.0000 2650.3186   16.5234
    7.5000    0.0000   30.0000 2633.0710   16.6254
   -7.5000    7.5000   30.0000 2733.6963   15.9668
    0.0000    7.5000   30.0000 2743.1118   15.5351
    7.5000    7.5000   30.0000 2711.9333   15.7699
   -7.5000   15.0000   30.0000 2806.3547   15.4234
    0.0000   15.0000   30.0000 2806.6438   15.0622
    7.5000   15.0000   30.0000 2763.7612   15.2049
   -7.5000   22.5000   30.0000 2832.4170   15.3767
    0.0000   22.5000   30.0000 2839.7100   15.0452
    7.5000   22.5000   30.0000 2789.5337   15.0996
   -7.5000   30.0000   30.0000 2800.3286   15.6743
    0.0000   30.0000   30.0000 2806.1091   15.3657
    7.5000   30.0000   30.0000 2762.5994   15.4320
   -7.5000   37.5000   30.0000 2734.7222   16.2949
    0.0000   37.5000   30.0000 2743.6079   16.0663
    7.5000   37.5000   30.0000 2702.3945   16.1403
   -7.5000   45.0000   30.0000 2629.0188   17.2554
    0.0000   45.0000   30.0000 2636.1196   17.0071
    7.5000   45.0000   30.0000 2603.2998   17.0936
   -7.5000  -45.0000   37.5000 1850.0024   35.1659
    0.0000  -45.0000   37.5000 1852.6161   34.3175
    7.5000  -45.0000   37.5000 1848.0814   34.4276
   -7.5000  -37.5000   37.5000 1993.6753   29.8812
    0.0000  -37.5000   37.5000 2001.1963   29.2689
    7.5000  -37.5000   37.5000 1992.4490   29.4877
   -7.5000  -30.0000   37.5000 2130.9739   25.9171
    0.0000  -30.0000   37.5000 2133.5400   25.4794
    7.5000  -30.0000   37.5000 2119.6138   25.7444
   -7.5000  -22.5000   37.5000 2252.2883   22.9681
    0.0000  -22.5000   37.5000 2263.7117   22.6161
    7.5000  -22.5000   37.5000 2252.5994   22.8999
   -7.5000  -15.0000   37.5000 2370.0784   20.7290
    0.0000  -15.0000   37.5000 2381.0833   20.3725
    7.5000  -15.0000   37.5000 2370.3699   20.6294
   -7.5000   -7.5000   37.5000 2485.6565   19.0061
    0.0000   -7.5000   37.5000 2500.9849   18.6322
    7.5000   -7.5000   37.5000 2485.5718   18.9187
   -7.5000    0.0000   37.5000 2589.7375   17.6892
    0.0000    0.0000   37.5000 2603.5205   17.3032
    7.5000    0.0000   37.5000 2586.0488   17.6318
   -7.5000    7.5000   37.5000 2683.2693   16.7974
    0.0000    7.5000   37.5000 2688.1997   16.4156
    7.5000    7.5000   37.5000 2659.3076   16.7147
   -7.5000   15.0000   37.5000 2738.7168   16.2949
    0.0000   15.0000   37.5000 2737.2532   15.9496
    7.5000   15.0000   37.5000 2706.4697   16.1506
   -7.5000   22.5000   37.5000 2753.6453   16.2332
    0.0000   22.5000   37.5000 2759.4893   15.9078
    7.5000   22.5000   37.5000 2722.1814   16.0615
   -7.5000   30.0000   37.5000 2725.9705   16.5552
    0.0000   30.0000   37.5000 2728.1404   16.2400
    7.5000   30.0000   37.5000 2695.5774   16.4044
   -7.5000   37.5000   37.5000 2662.9131   17.1811
    0.0000   37.5000   37.5000 2668.3535   16.8930
    7.5000   37.5000   37.5000 2635.1013   17.0706
   -7.5000   45.0000   37.5000 2572.0273   18.1655
    0.0000   45.0000   37.5000 2575.5403   17.9115
    7.5000   45.0000   37.5000 2545.6458   18.0712
   -7.5000  -45.0000   45.0000 1791.9873   37.9107
    0.0000  -45.0000   45.0000 1797.2913   37.0819
    7.5000  -45.0000   45.0000 1787.2966   37.1158
   -7.5000  -37.5000   45.0000 1935.1777   31.8461
    0.0000  -37.5000   45.0000 1941.7681   31.3626
    7.5000  -37.5000   45.0000 1931.4324   31.6095
   -7.5000  -30.0000   45.0000 2069.1379   27.3487
    0.0000  -30.0000   45.0000 2077.4199   27.0302
    7.5000  -30.0000   45.0000 2068.1387   27.4331
   -7.5000  -22.5000   45.0000 2190.8057   24.1212
    0.0000  -22.5000   45.0000 2207.9578   23.8787
    7.5000  -22.5000   45.0000 2199.5718   24.3417
   -7.5000  -15.0000   45.0000 2308.7344   21.7562
    0.0000  -15.0000   45.0000 2327.7839   21.4760
    7.5000  -15.0000   45.0000 2313.8826   21.9212
   -7.5000   -7.5000   45.0000 2421.6021   19.9495
    0.0000   -7.5000   45.0000 2443.3521   19.6940
    7.5000   -7.5000   45.0000 2423.6362   20.0882
   -7.5000    0.0000   45.0000 2521.8523   18.6543
    0.0000    0.0000   45.0000 2541.8323   18.3592
    7.5000    0.0000   45.0000 2516.9304   18.7425
   -7.5000    7.5000   45.0000 2606.6770   17.8060
    0.0000    7.5000   45.0000 2615.7378   17.5143
    7.5000    7.5000   45.0000 2588.9382   17.8177
   -7.5000   15.0000   45.0000 2652.3403   17.3439
    0.0000   15.0000   45.0000 2655.2222   17.0354
    7.5000   15.0000   45.0000 2628.0684   17.2807
   -7.5000   22.5000   45.0000 2657.6736   17.2852
    0.0000   22.5000   45.0000 2665.3997   16.9673
    7.5000   22.5000   45.0000 2636.1892   17.1598
   -7.5000   30.0000   45.0000 2628.4910   17.6018
    0.0000   30.0000   45.0000 2630.0017   17.3219
    7.5000   30.0000   45.0000 2608.1062   17.5168
   -7.5000   37.5000   45.0000 2573.2163   18.2077
    0.0000   37.5000   45.0000 2578.5610   17.9642
    7.5000   37.5000   45.0000 2550.5720   18.1624
   -7.5000   45.0000   45.0000 2495.9565   19.1399
    0.0000   45.0000   45.0000 2497.8330   18.8989
    7.5000   45.0000   45.0000 2465.7639   19.1012
   -7.5000  -45.0000   52.5000 1710.2971   40.0516
    0.0000  -45.0000   52.5000 1717.8597   39.4986
    7.5000  -45.0000   52.5000 1717.7496   40.0748
   -7.5000  -37.5000   52.5000 1855.9218   33.4961
    0.0000  -37.5000   52.5000 1865.2548   33.1876
    7.5000  -37.5000   52.5000 1863.4219   33.9012
   -7.5000  -30.0000   52.5000 1995.1082   28.7094
    0.0000  -30.0000   52.5000 2010.1943   28.5544
    7.5000  -30.0000   52.5000 2003.8745   29.3077
   -7.5000  -22.5000   52.5000 2127.1897   25.4591
    0.0000  -22.5000   52.5000 2139.2185   25.2766
    7.5000  -22.5000   52.5000 2127.1433   25.8513
   -7.5000  -15.0000   52.5000 2241.3164   22.9770
    0.0000  -15.0000   52.5000 2260.3630   22.8300
    7.5000  -15.0000   52.5000 2241.3950   23.2975
   -7.5000   -7.5000   52.5000 2354.6411   21.1701
    0.0000   -7.5000   52.5000 2376.9353   20.9628
    7.5000   -7.5000   52.5000 2348.5193   21.4394
   -7.5000    0.0000   52.5000 2450.8525   19.9003
    0.0000    0.0000   52.5000 2471.4856   19.6379
    7.5000    0.0000   52.5000 2437.6990   20.0695
   -7.5000    7.5000   52.5000 2522.9021   19.0302
    0.0000    7.5000   52.5000 2534.5679   18.8337
    7.5000    7.5000   52.5000 2501.4888   19.1097
   -7.5000   15.0000   52.5000 2555.6558   18.6123
    0.0000   15.0000   52.5000 2562.9102   18.3587
    7.5000   15.0000   52.5000 2533.1985   18.5686
   -7.5000   22.5000   52.5000 2553.5503   18.5206
    0.0000   22.5000   52.5000 2561.7859   18.2668
    7.5000   22.5000   52.5000 2532.5029   18.4295
   -7.5000   30.0000   52.5000 2527.1511   18.8377
    0.0000   30.0000   52.5000 2528.3455   18.6062
    7.5000   30.0000   52.5000 2501.6917   18.7679
   -7.5000   37.5000   52.5000 2471.2952   19.5034
    0.0000   37.5000   52.5000 2477.3640   19.2897
    7.5000   37.5000   52.5000 2455.6616   19.4347
   -7.5000   45.0000   52.5000 2401.4763   20.4105
    0.0000   45.0000   52.5000 2403.2432   20.1785
    7.5000   45.0000   52.5000 2376.1987   20.3047

---------------------------------------------------------------------
imgreg_4dfp /opt/freesurfer/average/711-2C_as_mni_average_305 /opt/freesurfer/average/711-2B_as_mni_average_305_mask talsrcimg_g11 none talsrcimg_to_711-2C_as_mni_average_305_t4 1283
---------------------------------------------------------------------

freesurfer imgreg_4dfp.c
/opt/freesurfer/average/711-2C_as_mni_average_305.4dfp.img
       256       256       256         1
  1.000000  1.000000  1.000000
orientation T byte_order littleendian
Reading image: /opt/freesurfer/average/711-2C_as_mni_average_305.4dfp.img
dimensions:      256       256       256
mmppix:       1.0000   -1.0000   -1.0000
center:     128.0000 -129.0000 -129.0000
/opt/freesurfer/average/711-2B_as_mni_average_305_mask.4dfp.img
       256       256       256         1
  1.000000  1.000000  1.000000
orientation T byte_order littleendian
Reading mask: /opt/freesurfer/average/711-2B_as_mni_average_305_mask.4dfp.img (2306576 pixels)
talsrcimg_g11.4dfp.img
       256       256       256         1
  1.000000  1.000000  1.000000
orientation T byte_order littleendian
Reading image: talsrcimg_g11.4dfp.img
dimensions:      256       256       256
mmppix:       1.0000   -1.0000   -1.0000
center:     128.0000 -129.0000 -129.0000
rotation matrix determinant  1.000000
fimgreg.f
image alignment mode   1283 decimal      503 hex
parameters
    0.0000   22.5000   22.5000    0.0000    0.0000    0.0000
eta,q 0.90892 14.37198
niter,ni,del,rscale     5    3   12.0000    1.2000
parameter  1  0.503919 ->  0.500000 qaram    1.1500
parameter  3  0.683901 ->  0.500000 qaram    1.1500
parameter  4  1.729110 ->  0.500000 qaram    1.1500
parameter  6  1.099503 ->  0.500000 qaram    1.1500
parameters
   -3.4500   21.4435   19.0500   -3.4500    1.9323   -3.4500
eta,q 0.91717 14.00329
  0.0938  0.0927  0.0910  0.0837  0.0937  0.0831
  0.0914  0.0915  0.0872  0.0849  0.0897  0.0826
  0.0916  0.0916  0.0888  0.0863  0.0864  0.0839
  0.0942  0.0906  0.0912  0.0878  0.0853  0.0858
  0.0974  0.0903  0.0953  0.0893  0.0858  0.0880
  0.1038  0.0925  0.0996  0.0917  0.0865  0.0905
  0.1117  0.0976  0.1017  0.0948  0.0866  0.0933
niter,ni,del,rscale     7    3   12.0000    1.2000
parameter  4  0.813001 ->  0.500000 qaram    1.3225
parameters
   -3.2846   22.4653   19.3155   -7.4175    1.1791   -4.1706
eta,q 0.91994 14.06757
  0.0984  0.0933  0.0977  0.0824  0.0857  0.0857
  0.0916  0.0855  0.0944  0.0800  0.0815  0.0830
  0.0850  0.0822  0.0851  0.0815  0.0802  0.0807
  0.0828  0.0828  0.0831  0.0833  0.0802  0.0801
  0.0840  0.0835  0.0851  0.0861  0.0816  0.0816
  0.0900  0.0848  0.0898  0.0887  0.0850  0.0850
  0.0976  0.0857  0.0974  0.0905  0.0883  0.0884
niter,ni,del,rscale     7    3   12.0000    1.2000
parameters
   -2.8773   24.6619   18.9771  -10.0902    1.3254   -4.4850
eta,q 0.92090 14.18012
  0.0978  0.0946  0.0952  0.0828  0.0873  0.0832
  0.0898  0.0868  0.0894  0.0793  0.0830  0.0808
  0.0826  0.0810  0.0809  0.0791  0.0801  0.0792
  0.0801  0.0799  0.0806  0.0804  0.0791  0.0791
  0.0813  0.0807  0.0833  0.0825  0.0803  0.0796
  0.0874  0.0801  0.0912  0.0865  0.0831  0.0812
  0.0941  0.0812  0.0982  0.0915  0.0861  0.0841
niter,ni,del,rscale     6    3   12.0000    1.2000
parameters
   -2.8442   25.9455   18.5230  -11.5092    1.5691   -4.1898
eta,q 0.92215 14.20448
  0.0968  0.0891  0.0934  0.0829  0.0855  0.0824
  0.0864  0.0849  0.0875  0.0800  0.0809  0.0806
  0.0793  0.0807  0.0794  0.0776  0.0783  0.0790
  0.0791  0.0791  0.0786  0.0784  0.0779  0.0779
  0.0829  0.0781  0.0818  0.0801  0.0789  0.0779
  0.0880  0.0786  0.0910  0.0834  0.0808  0.0792
  0.0941  0.0839  0.0971  0.0877  0.0836  0.0825
niter,ni,del,rscale     5    3   12.0000    1.2000
parameters
   -2.9141   26.2293   18.1141  -12.1976    1.8087   -4.0357
eta,q 0.92290 14.17102
  0.0948  0.0876  0.0930  0.0833  0.0842  0.0816
  0.0838  0.0837  0.0876  0.0804  0.0797  0.0800
  0.0773  0.0788  0.0785  0.0771  0.0774  0.0784
  0.0778  0.0778  0.0778  0.0774  0.0771  0.0771
  0.0815  0.0776  0.0810  0.0788  0.0779  0.0771
  0.0861  0.0806  0.0899  0.0819  0.0796  0.0787
  0.0929  0.0872  0.0970  0.0857  0.0826  0.0823
niter,ni,del,rscale     4    3   12.0000    1.2000
parameters
   -3.0084   26.3600   17.8147  -12.6178    1.9212   -3.9577
eta,q 0.92343 14.14242
  0.0935  0.0871  0.0928  0.0836  0.0833  0.0813
  0.0830  0.0832  0.0889  0.0804  0.0790  0.0796
  0.0766  0.0780  0.0787  0.0770  0.0769  0.0780
  0.0771  0.0770  0.0770  0.0768  0.0766  0.0766
  0.0807  0.0774  0.0803  0.0783  0.0774  0.0766
  0.0851  0.0807  0.0889  0.0813  0.0792  0.0784
  0.0920  0.0875  0.0970  0.0851  0.0823  0.0822
niter,ni,del,rscale     3    3   12.0000    1.2000
parameters
   -3.0672   26.4440   17.6097  -12.8678    1.9890   -3.9058
eta,q 0.92370 14.11920
  0.0930  0.0869  0.0925  0.0838  0.0829  0.0811
  0.0829  0.0828  0.0899  0.0806  0.0786  0.0794
  0.0762  0.0775  0.0792  0.0770  0.0767  0.0776
  0.0766  0.0765  0.0765  0.0764  0.0763  0.0763
  0.0802  0.0771  0.0798  0.0779  0.0770  0.0763
  0.0846  0.0806  0.0879  0.0809  0.0789  0.0782
  0.0913  0.0876  0.0969  0.0847  0.0822  0.0821
niter,ni,del,rscale     2    3   12.0000    1.2000
parameters
   -3.1057   26.5182   17.4664  -13.0343    2.0065   -3.9070
eta,q 0.92388 14.10329
  0.0926  0.0868  0.0923  0.0839  0.0827  0.0810
  0.0829  0.0825  0.0907  0.0807  0.0784  0.0792
  0.0761  0.0772  0.0798  0.0771  0.0765  0.0774
  0.0763  0.0763  0.0763  0.0762  0.0761  0.0761
  0.0800  0.0769  0.0796  0.0778  0.0768  0.0762
  0.0843  0.0804  0.0874  0.0808  0.0787  0.0781
  0.0909  0.0875  0.0968  0.0846  0.0822  0.0821
niter,ni,del,rscale     1    3   12.0000    1.2000
parameters
   -3.1155   26.5753   17.3593  -13.1757    1.9935   -3.9185
eta,q 0.92399 14.09230
  0.0923  0.0868  0.0921  0.0839  0.0825  0.0809
  0.0830  0.0822  0.0911  0.0808  0.0783  0.0791
  0.0761  0.0771  0.0802  0.0771  0.0764  0.0773
  0.0761  0.0761  0.0761  0.0761  0.0760  0.0760
  0.0798  0.0768  0.0794  0.0777  0.0768  0.0761
  0.0840  0.0804  0.0870  0.0808  0.0787  0.0781
  0.0905  0.0874  0.0967  0.0846  0.0822  0.0821
registration optimization eta report
parameter search radius
    6.9000    6.0000    6.9000    7.9350    6.0000    6.9000
100000*second partial in parameter space
       32.       31.       36.       13.       18.       11.
  0.0923  0.0868  0.0921  0.0839  0.0825  0.0809
  0.0830  0.0822  0.0911  0.0808  0.0783  0.0791
  0.0761  0.0771  0.0802  0.0771  0.0764  0.0773
  0.0761  0.0761  0.0761  0.0761  0.0760  0.0760
  0.0798  0.0768  0.0794  0.0777  0.0768  0.0761
  0.0840  0.0804  0.0870  0.0808  0.0787  0.0781
  0.0905  0.0874  0.0967  0.0846  0.0822  0.0821
   -3.1155   26.5753   17.3593  -13.1757    1.9935   -3.9185
eta,q 0.92399 14.09230

---------------------------------------------------------------------
imgreg_4dfp /opt/freesurfer/average/711-2C_as_mni_average_305 /opt/freesurfer/average/711-2B_as_mni_average_305_mask talsrcimg_g11 none talsrcimg_to_711-2C_as_mni_average_305_t4 3335
---------------------------------------------------------------------

freesurfer imgreg_4dfp.c
/opt/freesurfer/average/711-2C_as_mni_average_305.4dfp.img
       256       256       256         1
  1.000000  1.000000  1.000000
orientation T byte_order littleendian
Reading image: /opt/freesurfer/average/711-2C_as_mni_average_305.4dfp.img
dimensions:      256       256       256
mmppix:       1.0000   -1.0000   -1.0000
center:     128.0000 -129.0000 -129.0000
/opt/freesurfer/average/711-2B_as_mni_average_305_mask.4dfp.img
       256       256       256         1
  1.000000  1.000000  1.000000
orientation T byte_order littleendian
Reading mask: /opt/freesurfer/average/711-2B_as_mni_average_305_mask.4dfp.img (2306576 pixels)
talsrcimg_g11.4dfp.img
       256       256       256         1
  1.000000  1.000000  1.000000
orientation T byte_order littleendian
Reading image: talsrcimg_g11.4dfp.img
dimensions:      256       256       256
mmppix:       1.0000   -1.0000   -1.0000
center:     128.0000 -129.0000 -129.0000
fimgreg.f
image alignment mode   3335 decimal      D07 hex
parameters
   -3.1155   26.5753   17.3593   -0.2942   -2.9142   -2.6914
    7.4450   -1.8214   -6.8297   22.9719    3.4786  -22.7799
eta,q 0.91962 14.04954
niter,ni,del,rscale     5    3    5.0000    1.2000
parameter  4  1.659526 ->  0.500000 qaram    1.1500
parameter  5  5.447237 ->  0.500000 qaram    1.1500
parameter 10 -0.592940 -> -0.500000 qaram    1.1500
parameter 12 -2.518137 -> -0.500000 qaram    1.1500
parameters
   -3.2845   26.9136   17.0904   -4.4342   -7.0542   -5.9750
    7.5291   -3.0419   -5.1937   27.1119    0.9089  -18.6399
eta,q 0.93238 13.97955
  0.0824  0.0826  0.0815  0.0728  0.0672  0.0712  0.0728  0.0739  0.0735  0.0759  0.0702  0.0753
  0.0813  0.0815  0.0808  0.0744  0.0700  0.0714  0.0719  0.0719  0.0724  0.0737  0.0700  0.0732
  0.0806  0.0808  0.0804  0.0767  0.0724  0.0707  0.0713  0.0711  0.0715  0.0720  0.0699  0.0715
  0.0804  0.0804  0.0804  0.0803  0.0749  0.0707  0.0710  0.0710  0.0710  0.0709  0.0700  0.0699
  0.0808  0.0805  0.0807  0.0848  0.0778  0.0730  0.0712  0.0720  0.0709  0.0702  0.0703  0.0686
  0.0817  0.0809  0.0813  0.0897  0.0808  0.0764  0.0718  0.0740  0.0713  0.0700  0.0709  0.0673
  0.0832  0.0816  0.0820  0.0946  0.0843  0.0804  0.0728  0.0769  0.0719  0.0705  0.0720  0.0663
niter,ni,del,rscale     7    3    5.0000    1.2000
parameter  3 10.078131 ->  0.500000 qaram    1.1500
parameter  4  0.633587 ->  0.500000 qaram    1.3225
parameter  5  6.769189 ->  0.500000 qaram    1.3225
parameter 11 98.504692 ->  0.500000 qaram    1.1500
parameter 12 -1.507711 -> -0.500000 qaram    1.3225
parameters
   -3.5891   27.1465   15.7104   -9.1952  -11.8152   -5.8572
    6.7066   -3.3603   -6.1321   25.3339   -3.2311  -13.8789
eta,q 0.94285 13.55377
  0.0693  0.0693  0.0635  0.0634  0.0568  0.0604  0.0605  0.0621  0.0605  0.0615  0.0585  0.0637
  0.0683  0.0683  0.0649  0.0638  0.0589  0.0604  0.0599  0.0604  0.0598  0.0603  0.0588  0.0618
  0.0677  0.0678  0.0663  0.0643  0.0613  0.0600  0.0595  0.0597  0.0595  0.0595  0.0591  0.0602
  0.0676  0.0676  0.0676  0.0652  0.0639  0.0595  0.0595  0.0594  0.0595  0.0594  0.0594  0.0589
  0.0680  0.0677  0.0690  0.0675  0.0663  0.0586  0.0597  0.0597  0.0597  0.0603  0.0597  0.0578
  0.0690  0.0681  0.0705  0.0721  0.0686  0.0589  0.0603  0.0607  0.0603  0.0622  0.0599  0.0569
  0.0705  0.0687  0.0721  0.0779  0.0719  0.0617  0.0611  0.0627  0.0611  0.0650  0.0603  0.0564
niter,ni,del,rscale     7    3    5.0000    1.2000
parameter  2  0.723214 ->  0.500000 qaram    1.1500
parameter  3  3.967245 ->  0.500000 qaram    1.3225
parameter  5  1.518024 ->  0.500000 qaram    1.5209
parameter  6  0.778918 ->  0.500000 qaram    1.1500
parameter 10  7.718550 ->  0.500000 qaram    1.3225
parameter 12  2.021012 ->  0.500000 qaram    1.5209
parameters
   -3.6447   25.7665   14.1234  -13.6752  -17.2904   -9.9972
    7.0089   -3.0987   -4.9741   20.5729   -2.7648  -19.3540
eta,q 0.95618 13.12296
  0.0588  0.0567  0.0518  0.0529  0.0476  0.0468  0.0506  0.0508  0.0501  0.0426  0.0457  0.0433
  0.0579  0.0564  0.0529  0.0525  0.0483  0.0480  0.0494  0.0494  0.0493  0.0445  0.0454  0.0437
  0.0573  0.0566  0.0545  0.0526  0.0500  0.0488  0.0486  0.0486  0.0486  0.0465  0.0452  0.0443
  0.0572  0.0571  0.0564  0.0533  0.0525  0.0487  0.0483  0.0483  0.0483  0.0483  0.0451  0.0451
  0.0573  0.0580  0.0585  0.0548  0.0556  0.0494  0.0485  0.0485  0.0483  0.0500  0.0451  0.0459
  0.0579  0.0591  0.0606  0.0578  0.0591  0.0517  0.0492  0.0493  0.0486  0.0521  0.0453  0.0469
  0.0590  0.0603  0.0624  0.0641  0.0624  0.0555  0.0503  0.0503  0.0493  0.0547  0.0456  0.0479
niter,ni,del,rscale     7    3    5.0000    1.2000
parameter  2  1.452149 ->  0.500000 qaram    1.3225
parameter  3  9.878155 ->  0.500000 qaram    1.5209
parameter  6  0.575187 ->  0.500000 qaram    1.3225
parameter 10  0.541542 ->  0.500000 qaram    1.5209
parameters
   -2.9327   24.1795   12.2983  -13.1878  -22.1783  -14.7582
    7.6819   -1.5013   -4.4783   15.0977   -1.2528  -19.9984
eta,q 0.97188 13.04194
  0.0478  0.0394  0.0286  0.0363  0.0338  0.0318  0.0328  0.0355  0.0319  0.0294  0.0298  0.0298
  0.0460  0.0400  0.0318  0.0347  0.0324  0.0302  0.0314  0.0331  0.0308  0.0283  0.0291  0.0288
  0.0446  0.0414  0.0357  0.0335  0.0319  0.0302  0.0304  0.0311  0.0300  0.0284  0.0285  0.0282
  0.0438  0.0436  0.0403  0.0328  0.0327  0.0319  0.0300  0.0300  0.0297  0.0297  0.0282  0.0281
  0.0436  0.0463  0.0450  0.0328  0.0364  0.0355  0.0301  0.0297  0.0298  0.0324  0.0282  0.0284
  0.0439  0.0492  0.0494  0.0338  0.0428  0.0383  0.0308  0.0306  0.0304  0.0363  0.0284  0.0291
  0.0449  0.0523  0.0533  0.0361  0.0499  0.0422  0.0319  0.0323  0.0314  0.0408  0.0290  0.0302
niter,ni,del,rscale     7    3    5.0000    1.2000
parameter  3  0.771097 ->  0.500000 qaram    1.7490
parameter  4 -0.873340 -> -0.500000 qaram    1.5209
parameters
   -2.8827   23.7846   10.1995   -7.7126  -20.7478  -13.3517
    7.3160   -1.7741   -5.5713   16.5650   -0.8187  -21.6026
eta,q 0.97676 13.40625
  0.0311  0.0311  0.0262  0.0314  0.0331  0.0321  0.0263  0.0286  0.0254  0.0339  0.0253  0.0256
  0.0295  0.0292  0.0263  0.0294  0.0300  0.0294  0.0248  0.0255  0.0243  0.0287  0.0243  0.0239
  0.0285  0.0282  0.0269  0.0277  0.0272  0.0269  0.0239  0.0239  0.0236  0.0253  0.0236  0.0233
  0.0281  0.0281  0.0280  0.0264  0.0250  0.0245  0.0236  0.0236  0.0236  0.0235  0.0234  0.0234
  0.0284  0.0290  0.0299  0.0255  0.0241  0.0230  0.0240  0.0244  0.0242  0.0236  0.0235  0.0241
  0.0294  0.0306  0.0327  0.0249  0.0258  0.0239  0.0251  0.0263  0.0253  0.0257  0.0240  0.0253
  0.0308  0.0329  0.0364  0.0251  0.0311  0.0305  0.0270  0.0292  0.0269  0.0296  0.0249  0.0270
niter,ni,del,rscale     7    3    5.0000    1.2000
parameters
   -2.7578   23.6794    8.8671   -9.6885  -20.7692  -13.7056
    7.7546   -1.9452   -5.5814   18.0560   -1.0717  -22.2092
eta,q 0.97652 13.34850
  0.0270  0.0279  0.0251  0.0272  0.0308  0.0298  0.0267  0.0280  0.0258  0.0329  0.0244  0.0265
  0.0250  0.0253  0.0235  0.0253  0.0279  0.0274  0.0251  0.0251  0.0246  0.0277  0.0238  0.0242
  0.0237  0.0237  0.0229  0.0239  0.0253  0.0252  0.0240  0.0238  0.0238  0.0247  0.0235  0.0235
  0.0232  0.0232  0.0232  0.0229  0.0234  0.0234  0.0236  0.0236  0.0236  0.0236  0.0235  0.0235
  0.0235  0.0239  0.0248  0.0229  0.0230  0.0222  0.0238  0.0242  0.0238  0.0239  0.0236  0.0241
  0.0245  0.0257  0.0279  0.0278  0.0261  0.0248  0.0246  0.0257  0.0246  0.0255  0.0239  0.0252
  0.0263  0.0286  0.0326  0.0358  0.0329  0.0347  0.0261  0.0281  0.0258  0.0286  0.0244  0.0267
niter,ni,del,rscale     6    3    5.0000    1.2000
parameters
   -2.7406   23.9719    8.5845  -10.0231  -21.0824  -13.9396
    7.7497   -1.8600   -5.4180   18.7128   -1.3734  -22.3536
eta,q 0.97618 13.31780
  0.0265  0.0288  0.0270  0.0286  0.0305  0.0297  0.0265  0.0283  0.0260  0.0314  0.0245  0.0271
  0.0249  0.0260  0.0250  0.0264  0.0277  0.0275  0.0251  0.0254  0.0249  0.0269  0.0239  0.0247
  0.0239  0.0242  0.0239  0.0247  0.0253  0.0254  0.0241  0.0241  0.0241  0.0245  0.0238  0.0238
  0.0235  0.0235  0.0235  0.0235  0.0236  0.0237  0.0238  0.0238  0.0238  0.0238  0.0238  0.0238
  0.0238  0.0238  0.0239  0.0226  0.0233  0.0224  0.0241  0.0243  0.0241  0.0244  0.0239  0.0244
  0.0248  0.0250  0.0255  0.0247  0.0265  0.0245  0.0250  0.0256  0.0247  0.0260  0.0241  0.0253
  0.0265  0.0271  0.0286  0.0317  0.0334  0.0340  0.0265  0.0278  0.0258  0.0295  0.0245  0.0267
niter,ni,del,rscale     5    3    5.0000    1.2000
parameters
   -2.7134   24.1751    8.3968   -9.9807  -21.3774  -14.1652
    7.7299   -1.7784   -5.2806   19.1657   -1.6172  -22.4422
eta,q 0.97598 13.30235
  0.0267  0.0286  0.0273  0.0290  0.0304  0.0297  0.0266  0.0284  0.0261  0.0309  0.0247  0.0272
  0.0252  0.0261  0.0253  0.0268  0.0278  0.0275  0.0252  0.0255  0.0250  0.0267  0.0241  0.0249
  0.0242  0.0244  0.0242  0.0251  0.0255  0.0255  0.0243  0.0242  0.0243  0.0246  0.0240  0.0240
  0.0238  0.0238  0.0238  0.0238  0.0238  0.0239  0.0240  0.0240  0.0240  0.0240  0.0240  0.0240
  0.0241  0.0241  0.0241  0.0229  0.0235  0.0226  0.0243  0.0245  0.0242  0.0245  0.0241  0.0245
  0.0250  0.0253  0.0255  0.0245  0.0265  0.0245  0.0252  0.0257  0.0249  0.0261  0.0243  0.0255
  0.0266  0.0275  0.0283  0.0311  0.0333  0.0338  0.0267  0.0279  0.0260  0.0297  0.0246  0.0268
niter,ni,del,rscale     4    3    5.0000    1.2000
parameters
   -2.6921   24.3433    8.2240   -9.9543  -21.6477  -14.3820
    7.7116   -1.7148   -5.1703   19.5860   -1.8190  -22.5015
eta,q 0.97581 13.28670
  0.0269  0.0285  0.0274  0.0291  0.0304  0.0296  0.0268  0.0285  0.0262  0.0306  0.0248  0.0273
  0.0253  0.0261  0.0255  0.0269  0.0279  0.0275  0.0254  0.0256  0.0252  0.0268  0.0243  0.0250
  0.0244  0.0246  0.0244  0.0253  0.0257  0.0256  0.0245  0.0243  0.0245  0.0248  0.0241  0.0242
  0.0240  0.0240  0.0240  0.0240  0.0240  0.0241  0.0242  0.0242  0.0242  0.0242  0.0242  0.0242
  0.0243  0.0244  0.0243  0.0231  0.0237  0.0228  0.0245  0.0247  0.0244  0.0246  0.0243  0.0247
  0.0252  0.0255  0.0256  0.0247  0.0265  0.0245  0.0253  0.0259  0.0250  0.0262  0.0244  0.0256
  0.0268  0.0276  0.0283  0.0312  0.0332  0.0336  0.0268  0.0280  0.0261  0.0297  0.0247  0.0268
niter,ni,del,rscale     3    3    5.0000    1.2000
parameters
   -2.6750   24.5119    8.0442   -9.9546  -21.9360  -14.6173
    7.7093   -1.6770   -5.0844   20.0221   -1.9398  -22.5539
eta,q 0.97564 13.26786
  0.0270  0.0285  0.0274  0.0292  0.0304  0.0295  0.0269  0.0286  0.0263  0.0305  0.0250  0.0273
  0.0254  0.0262  0.0255  0.0270  0.0279  0.0275  0.0256  0.0256  0.0253  0.0269  0.0244  0.0251
  0.0245  0.0248  0.0245  0.0254  0.0258  0.0257  0.0247  0.0245  0.0247  0.0250  0.0243  0.0244
  0.0242  0.0242  0.0242  0.0242  0.0242  0.0243  0.0244  0.0244  0.0244  0.0244  0.0244  0.0244
  0.0245  0.0245  0.0245  0.0232  0.0239  0.0231  0.0246  0.0249  0.0246  0.0247  0.0245  0.0248
  0.0254  0.0257  0.0257  0.0249  0.0266  0.0246  0.0255  0.0260  0.0252  0.0262  0.0246  0.0257
  0.0269  0.0277  0.0283  0.0314  0.0332  0.0335  0.0270  0.0281  0.0263  0.0296  0.0249  0.0269
niter,ni,del,rscale     2    3    5.0000    1.2000
parameters
   -2.6598   24.6966    7.8367   -9.9659  -22.2712  -14.8930
    7.7095   -1.6454   -5.0477   20.5345   -1.8681  -22.6361
eta,q 0.97548 13.24564
  0.0271  0.0286  0.0274  0.0293  0.0303  0.0294  0.0270  0.0286  0.0265  0.0305  0.0251  0.0273
  0.0256  0.0264  0.0256  0.0271  0.0279  0.0274  0.0257  0.0258  0.0255  0.0271  0.0246  0.0253
  0.0247  0.0250  0.0246  0.0255  0.0259  0.0258  0.0248  0.0246  0.0248  0.0252  0.0245  0.0245
  0.0244  0.0244  0.0243  0.0243  0.0243  0.0244  0.0245  0.0245  0.0246  0.0245  0.0245  0.0245
  0.0246  0.0247  0.0247  0.0234  0.0240  0.0233  0.0248  0.0251  0.0248  0.0248  0.0246  0.0250
  0.0255  0.0258  0.0259  0.0251  0.0267  0.0247  0.0256  0.0262  0.0254  0.0262  0.0247  0.0258
  0.0270  0.0278  0.0283  0.0315  0.0332  0.0333  0.0271  0.0281  0.0265  0.0296  0.0250  0.0269
niter,ni,del,rscale     1    3    5.0000    1.2000
parameters
   -2.6400   24.9191    7.5719   -9.9767  -22.6904  -15.2561
    7.7341   -1.6406   -5.1116   21.1902   -1.3930  -22.7332
eta,q 0.97529 13.21874
  0.0272  0.0288  0.0274  0.0294  0.0302  0.0292  0.0272  0.0287  0.0267  0.0305  0.0253  0.0272
  0.0257  0.0266  0.0257  0.0272  0.0279  0.0274  0.0259  0.0259  0.0257  0.0273  0.0248  0.0254
  0.0248  0.0252  0.0247  0.0256  0.0259  0.0258  0.0250  0.0248  0.0250  0.0256  0.0247  0.0247
  0.0245  0.0245  0.0245  0.0245  0.0245  0.0246  0.0247  0.0247  0.0247  0.0247  0.0247  0.0247
  0.0248  0.0248  0.0249  0.0236  0.0242  0.0236  0.0250  0.0253  0.0250  0.0250  0.0248  0.0251
  0.0256  0.0259  0.0261  0.0252  0.0268  0.0249  0.0258  0.0263  0.0257  0.0263  0.0249  0.0258
  0.0271  0.0278  0.0284  0.0315  0.0332  0.0333  0.0272  0.0282  0.0268  0.0295  0.0251  0.0269
registration optimization eta report
parameter search radius
    2.4000    3.1740    4.1976   10.9503   10.9503    9.5220
    7.2000    7.2000    7.2000   10.9503    8.2800   10.9503
100000*second partial in parameter space
       46.       38.       19.        5.        6.        8.
        5.        7.        4.        4.        1.        2.
  0.0272  0.0288  0.0274  0.0294  0.0302  0.0292  0.0272  0.0287  0.0267  0.0305  0.0253  0.0272
  0.0257  0.0266  0.0257  0.0272  0.0279  0.0274  0.0259  0.0259  0.0257  0.0273  0.0248  0.0254
  0.0248  0.0252  0.0247  0.0256  0.0259  0.0258  0.0250  0.0248  0.0250  0.0256  0.0247  0.0247
  0.0245  0.0245  0.0245  0.0245  0.0245  0.0246  0.0247  0.0247  0.0247  0.0247  0.0247  0.0247
  0.0248  0.0248  0.0249  0.0236  0.0242  0.0236  0.0250  0.0253  0.0250  0.0250  0.0248  0.0251
  0.0256  0.0259  0.0261  0.0252  0.0268  0.0249  0.0258  0.0263  0.0257  0.0263  0.0249  0.0258
  0.0271  0.0278  0.0284  0.0315  0.0332  0.0333  0.0272  0.0282  0.0268  0.0295  0.0251  0.0269
   -2.6400   24.9191    7.5719   -9.9767  -22.6904  -15.2561
    7.7341   -1.6406   -5.1116   21.1902   -1.3930  -22.7332
eta,q 0.97529 13.21874

---------------------------------------------------------------------
imgreg_4dfp /opt/freesurfer/average/711-2C_as_mni_average_305 /opt/freesurfer/average/711-2B_as_mni_average_305_mask talsrcimg_g11 none talsrcimg_to_711-2C_as_mni_average_305_t4 2311
---------------------------------------------------------------------

freesurfer imgreg_4dfp.c
/opt/freesurfer/average/711-2C_as_mni_average_305.4dfp.img
       256       256       256         1
  1.000000  1.000000  1.000000
orientation T byte_order littleendian
Reading image: /opt/freesurfer/average/711-2C_as_mni_average_305.4dfp.img
dimensions:      256       256       256
mmppix:       1.0000   -1.0000   -1.0000
center:     128.0000 -129.0000 -129.0000
/opt/freesurfer/average/711-2B_as_mni_average_305_mask.4dfp.img
       256       256       256         1
  1.000000  1.000000  1.000000
orientation T byte_order littleendian
Reading mask: /opt/freesurfer/average/711-2B_as_mni_average_305_mask.4dfp.img (2306576 pixels)
talsrcimg_g11.4dfp.img
       256       256       256         1
  1.000000  1.000000  1.000000
orientation T byte_order littleendian
Reading image: talsrcimg_g11.4dfp.img
dimensions:      256       256       256
mmppix:       1.0000   -1.0000   -1.0000
center:     128.0000 -129.0000 -129.0000
fimgreg.f
image alignment mode   2311 decimal      907 hex
parameters
   -2.6400   24.9191    7.5719   -9.9767  -22.6904  -15.2561
    7.7341   -1.6406   -5.1116   21.1902   -1.3930  -22.7332
eta,q 0.97529 13.21874
niter,ni,del,rscale     5    3    5.0000    0.8000
parameter  4 -1.833122 -> -0.500000 qaram    1.1500
parameter  6 -0.545683 -> -0.500000 qaram    1.1500
parameters
   -2.6024   25.2107    7.2333   -7.2167  -21.1409  -12.4961
    6.6466   -1.2231   -5.3355   22.2104   -0.9943  -22.6734
eta,q 0.97717 13.54400
  0.0259  0.0261  0.0249  0.0262  0.0258  0.0258  0.0239  0.0280  0.0240  0.0251  0.0242  0.0237
  0.0253  0.0254  0.0247  0.0256  0.0250  0.0250  0.0233  0.0252  0.0234  0.0240  0.0234  0.0231
  0.0249  0.0249  0.0247  0.0251  0.0244  0.0243  0.0230  0.0235  0.0231  0.0234  0.0230  0.0229
  0.0247  0.0247  0.0247  0.0247  0.0239  0.0237  0.0230  0.0229  0.0229  0.0229  0.0228  0.0228
  0.0248  0.0247  0.0248  0.0242  0.0237  0.0232  0.0234  0.0233  0.0231  0.0228  0.0229  0.0229
  0.0252  0.0249  0.0250  0.0238  0.0238  0.0230  0.0243  0.0244  0.0235  0.0231  0.0232  0.0232
  0.0258  0.0253  0.0253  0.0238  0.0245  0.0237  0.0256  0.0263  0.0242  0.0239  0.0238  0.0236
niter,ni,del,rscale     6    3    5.0000    0.9000
parameters
   -2.5956   24.6921    7.6528   -8.1571  -20.6840  -13.5618
    7.5255   -1.4640   -5.2386   21.0230   -0.8331  -23.1500
eta,q 0.97698 13.49033
  0.0252  0.0235  0.0246  0.0248  0.0249  0.0257  0.0253  0.0263  0.0245  0.0239  0.0237  0.0237
  0.0239  0.0229  0.0237  0.0240  0.0241  0.0246  0.0243  0.0241  0.0238  0.0234  0.0233  0.0232
  0.0231  0.0227  0.0230  0.0232  0.0233  0.0236  0.0235  0.0232  0.0233  0.0231  0.0231  0.0230
  0.0228  0.0228  0.0227  0.0226  0.0228  0.0228  0.0232  0.0231  0.0231  0.0231  0.0230  0.0230
  0.0231  0.0233  0.0226  0.0228  0.0227  0.0228  0.0231  0.0236  0.0232  0.0234  0.0231  0.0232
  0.0238  0.0242  0.0229  0.0245  0.0232  0.0255  0.0235  0.0247  0.0236  0.0242  0.0233  0.0235
  0.0252  0.0254  0.0234  0.0285  0.0247  0.0319  0.0243  0.0267  0.0244  0.0255  0.0236  0.0239
niter,ni,del,rscale     5    3    5.0000    0.8000
parameters
   -2.7110   24.5253    7.9411   -7.3592  -20.3315  -13.1280
    7.3037   -1.5238   -5.3619   20.4805   -0.6441  -22.8870
eta,q 0.97746 13.54859
  0.0243  0.0240  0.0239  0.0250  0.0246  0.0258  0.0239  0.0258  0.0236  0.0235  0.0234  0.0234
  0.0235  0.0234  0.0234  0.0243  0.0238  0.0247  0.0232  0.0238  0.0230  0.0229  0.0229  0.0228
  0.0231  0.0231  0.0232  0.0236  0.0232  0.0236  0.0227  0.0228  0.0227  0.0226  0.0226  0.0226
  0.0230  0.0230  0.0230  0.0230  0.0228  0.0227  0.0225  0.0225  0.0225  0.0225  0.0225  0.0225
  0.0233  0.0232  0.0230  0.0226  0.0227  0.0222  0.0227  0.0230  0.0227  0.0227  0.0226  0.0226
  0.0238  0.0237  0.0231  0.0229  0.0232  0.0228  0.0233  0.0240  0.0231  0.0233  0.0228  0.0228
  0.0247  0.0245  0.0234  0.0246  0.0244  0.0259  0.0243  0.0258  0.0238  0.0242  0.0232  0.0231
niter,ni,del,rscale     4    3    5.0000    0.7000
parameters
   -2.7334   24.2442    8.1921   -7.1955  -19.6710  -12.4707
    7.2846   -1.6172   -5.4862   19.7364   -0.4362  -22.4666
eta,q 0.97793 13.59081
  0.0238  0.0231  0.0233  0.0242  0.0240  0.0252  0.0233  0.0248  0.0229  0.0229  0.0229  0.0229
  0.0231  0.0227  0.0229  0.0235  0.0234  0.0241  0.0227  0.0232  0.0225  0.0223  0.0224  0.0224
  0.0227  0.0225  0.0226  0.0230  0.0228  0.0232  0.0223  0.0223  0.0222  0.0221  0.0221  0.0221
  0.0225  0.0225  0.0225  0.0225  0.0224  0.0224  0.0221  0.0221  0.0221  0.0221  0.0221  0.0221
  0.0227  0.0228  0.0225  0.0223  0.0223  0.0219  0.0222  0.0225  0.0222  0.0224  0.0221  0.0221
  0.0231  0.0232  0.0226  0.0228  0.0226  0.0223  0.0226  0.0234  0.0225  0.0229  0.0223  0.0223
  0.0239  0.0239  0.0229  0.0245  0.0234  0.0246  0.0234  0.0250  0.0231  0.0238  0.0227  0.0226
niter,ni,del,rscale     3    3    5.0000    0.6000
parameters
   -2.7673   23.8875    8.4585   -7.1049  -19.0933  -11.9197
    7.3549   -1.7478   -5.6106   18.9933   -0.2600  -21.9877
eta,q 0.97835 13.62125
  0.0230  0.0224  0.0227  0.0233  0.0232  0.0243  0.0227  0.0238  0.0224  0.0223  0.0223  0.0223
  0.0225  0.0221  0.0224  0.0228  0.0227  0.0234  0.0222  0.0225  0.0220  0.0219  0.0219  0.0219
  0.0222  0.0220  0.0221  0.0223  0.0222  0.0226  0.0218  0.0218  0.0218  0.0217  0.0217  0.0217
  0.0221  0.0221  0.0220  0.0220  0.0220  0.0219  0.0217  0.0217  0.0217  0.0217  0.0216  0.0216
  0.0222  0.0223  0.0220  0.0219  0.0219  0.0216  0.0218  0.0220  0.0218  0.0219  0.0217  0.0217
  0.0226  0.0227  0.0221  0.0223  0.0221  0.0220  0.0221  0.0228  0.0220  0.0224  0.0219  0.0218
  0.0232  0.0233  0.0223  0.0236  0.0227  0.0238  0.0226  0.0241  0.0225  0.0232  0.0222  0.0220
niter,ni,del,rscale     2    3    5.0000    0.5000
parameters
   -2.7960   23.6115    8.6271   -7.1062  -18.7432  -11.4759
    7.4331   -1.8698   -5.6607   18.5411   -0.1678  -21.5691
eta,q 0.97859 13.64013
  0.0224  0.0219  0.0222  0.0225  0.0225  0.0235  0.0221  0.0230  0.0219  0.0220  0.0219  0.0219
  0.0220  0.0217  0.0219  0.0221  0.0221  0.0227  0.0218  0.0220  0.0217  0.0216  0.0216  0.0216
  0.0217  0.0216  0.0217  0.0218  0.0218  0.0221  0.0215  0.0215  0.0215  0.0214  0.0215  0.0215
  0.0216  0.0216  0.0216  0.0216  0.0216  0.0216  0.0214  0.0214  0.0214  0.0214  0.0214  0.0214
  0.0217  0.0218  0.0216  0.0216  0.0216  0.0214  0.0215  0.0217  0.0215  0.0216  0.0215  0.0214
  0.0220  0.0221  0.0217  0.0219  0.0218  0.0217  0.0217  0.0223  0.0217  0.0219  0.0216  0.0215
  0.0224  0.0225  0.0219  0.0228  0.0222  0.0230  0.0221  0.0232  0.0220  0.0225  0.0218  0.0217
niter,ni,del,rscale     1    3    5.0000    0.4000
parameters
   -2.8161   23.4536    8.6917   -7.1342  -18.5569  -11.1540
    7.4818   -1.9527   -5.6589   18.3154   -0.1317  -21.2859
eta,q 0.97869 13.65037
  0.0219  0.0216  0.0217  0.0220  0.0220  0.0227  0.0218  0.0223  0.0217  0.0217  0.0216  0.0216
  0.0216  0.0215  0.0216  0.0217  0.0217  0.0222  0.0215  0.0217  0.0215  0.0215  0.0215  0.0215
  0.0215  0.0214  0.0214  0.0215  0.0215  0.0217  0.0214  0.0214  0.0214  0.0213  0.0213  0.0214
  0.0214  0.0214  0.0214  0.0214  0.0214  0.0214  0.0213  0.0213  0.0213  0.0213  0.0213  0.0213
  0.0215  0.0215  0.0214  0.0214  0.0214  0.0213  0.0214  0.0215  0.0214  0.0214  0.0213  0.0213
  0.0216  0.0217  0.0215  0.0216  0.0215  0.0216  0.0215  0.0219  0.0215  0.0216  0.0214  0.0214
  0.0219  0.0220  0.0216  0.0222  0.0219  0.0224  0.0218  0.0225  0.0217  0.0219  0.0216  0.0215
registration optimization eta report
parameter search radius
    0.8000    0.8000    0.8000    2.7600    2.4000    2.7600
    2.4000    2.4000    2.4000    2.4000    2.4000    2.4000
100000*second partial in parameter space
       78.       61.       46.        9.        9.       16.
        8.       19.        6.        9.        5.        4.
  0.0219  0.0216  0.0217  0.0220  0.0220  0.0227  0.0218  0.0223  0.0217  0.0217  0.0216  0.0216
  0.0216  0.0215  0.0216  0.0217  0.0217  0.0222  0.0215  0.0217  0.0215  0.0215  0.0215  0.0215
  0.0215  0.0214  0.0214  0.0215  0.0215  0.0217  0.0214  0.0214  0.0214  0.0213  0.0213  0.0214
  0.0214  0.0214  0.0214  0.0214  0.0214  0.0214  0.0213  0.0213  0.0213  0.0213  0.0213  0.0213
  0.0215  0.0215  0.0214  0.0214  0.0214  0.0213  0.0214  0.0215  0.0214  0.0214  0.0213  0.0213
  0.0216  0.0217  0.0215  0.0216  0.0215  0.0216  0.0215  0.0219  0.0215  0.0216  0.0214  0.0214
  0.0219  0.0220  0.0216  0.0222  0.0219  0.0224  0.0218  0.0225  0.0217  0.0219  0.0216  0.0215
   -2.8161   23.4536    8.6917   -7.1342  -18.5569  -11.1540
    7.4818   -1.9527   -5.6589   18.3154   -0.1317  -21.2859
eta,q 0.97869 13.65037

---------------------------------------------------------------------
imgreg_4dfp /opt/freesurfer/average/711-2C_as_mni_average_305 /opt/freesurfer/average/711-2B_as_mni_average_305_mask talsrcimg_g11 none talsrcimg_to_711-2C_as_mni_average_305_t4 2311
---------------------------------------------------------------------

freesurfer imgreg_4dfp.c
/opt/freesurfer/average/711-2C_as_mni_average_305.4dfp.img
       256       256       256         1
  1.000000  1.000000  1.000000
orientation T byte_order littleendian
Reading image: /opt/freesurfer/average/711-2C_as_mni_average_305.4dfp.img
dimensions:      256       256       256
mmppix:       1.0000   -1.0000   -1.0000
center:     128.0000 -129.0000 -129.0000
/opt/freesurfer/average/711-2B_as_mni_average_305_mask.4dfp.img
       256       256       256         1
  1.000000  1.000000  1.000000
orientation T byte_order littleendian
Reading mask: /opt/freesurfer/average/711-2B_as_mni_average_305_mask.4dfp.img (2306576 pixels)
talsrcimg_g11.4dfp.img
       256       256       256         1
  1.000000  1.000000  1.000000
orientation T byte_order littleendian
Reading image: talsrcimg_g11.4dfp.img
dimensions:      256       256       256
mmppix:       1.0000   -1.0000   -1.0000
center:     128.0000 -129.0000 -129.0000
fimgreg.f
image alignment mode   2311 decimal      907 hex
parameters
   -2.8161   23.4536    8.6917   -7.1342  -18.5569  -11.1540
    7.4818   -1.9527   -5.6589   18.3154   -0.1317  -21.2859
eta,q 0.97869 13.65037
niter,ni,del,rscale     5    3    5.0000    0.8000
parameters
   -2.8500   23.3455    8.7145   -7.9706  -18.9135  -11.6048
    7.6460   -1.9717   -5.6813   17.9887   -0.2455  -21.5274
eta,q 0.97844 13.59252
  0.0233  0.0227  0.0226  0.0226  0.0232  0.0242  0.0232  0.0251  0.0228  0.0232  0.0224  0.0224
  0.0222  0.0219  0.0219  0.0220  0.0223  0.0231  0.0224  0.0229  0.0221  0.0222  0.0219  0.0218
  0.0215  0.0214  0.0215  0.0216  0.0217  0.0221  0.0218  0.0219  0.0217  0.0217  0.0216  0.0216
  0.0213  0.0213  0.0213  0.0213  0.0214  0.0214  0.0216  0.0216  0.0216  0.0216  0.0216  0.0216
  0.0215  0.0216  0.0214  0.0215  0.0216  0.0215  0.0217  0.0220  0.0217  0.0218  0.0217  0.0217
  0.0223  0.0222  0.0219  0.0226  0.0224  0.0230  0.0221  0.0231  0.0221  0.0225  0.0220  0.0220
  0.0235  0.0232  0.0226  0.0251  0.0242  0.0269  0.0230  0.0250  0.0228  0.0237  0.0225  0.0224
niter,ni,del,rscale     4    3    5.0000    0.7000
parameters
   -2.8392   23.4562    8.7890   -7.5482  -18.9578  -11.5331
    7.4853   -1.9308   -5.6989   18.0726   -0.2470  -21.5764
eta,q 0.97854 13.60703
  0.0229  0.0229  0.0225  0.0229  0.0230  0.0239  0.0226  0.0244  0.0224  0.0230  0.0222  0.0221
  0.0222  0.0222  0.0220  0.0224  0.0223  0.0229  0.0220  0.0226  0.0219  0.0221  0.0218  0.0217
  0.0217  0.0218  0.0217  0.0219  0.0218  0.0221  0.0216  0.0217  0.0216  0.0216  0.0215  0.0215
  0.0216  0.0216  0.0216  0.0215  0.0215  0.0215  0.0215  0.0215  0.0215  0.0215  0.0215  0.0215
  0.0217  0.0216  0.0216  0.0214  0.0215  0.0213  0.0216  0.0218  0.0216  0.0216  0.0215  0.0216
  0.0221  0.0219  0.0218  0.0217  0.0221  0.0221  0.0220  0.0227  0.0219  0.0221  0.0218  0.0218
  0.0229  0.0225  0.0223  0.0227  0.0233  0.0244  0.0228  0.0242  0.0225  0.0229  0.0222  0.0221
niter,ni,del,rscale     3    3    5.0000    0.6000
parameters
   -2.8217   23.4530    8.7709   -7.3659  -18.8289  -11.3486
    7.4575   -1.9249   -5.7022   18.1399   -0.2128  -21.4646
eta,q 0.97863 13.62430
  0.0225  0.0223  0.0221  0.0225  0.0226  0.0234  0.0223  0.0236  0.0221  0.0225  0.0220  0.0219
  0.0219  0.0218  0.0217  0.0221  0.0221  0.0226  0.0218  0.0223  0.0217  0.0219  0.0216  0.0216
  0.0216  0.0216  0.0215  0.0217  0.0217  0.0219  0.0215  0.0216  0.0215  0.0215  0.0214  0.0214
  0.0215  0.0215  0.0215  0.0215  0.0214  0.0214  0.0214  0.0214  0.0214  0.0214  0.0214  0.0214
  0.0216  0.0216  0.0215  0.0214  0.0214  0.0213  0.0215  0.0216  0.0215  0.0215  0.0214  0.0214
  0.0219  0.0218  0.0218  0.0217  0.0218  0.0219  0.0218  0.0224  0.0217  0.0218  0.0216  0.0216
  0.0225  0.0223  0.0221  0.0225  0.0226  0.0234  0.0224  0.0236  0.0221  0.0225  0.0220  0.0218
niter,ni,del,rscale     2    3    5.0000    0.5000
parameters
   -2.8188   23.4185    8.7521   -7.2671  -18.6850  -11.1646
    7.4669   -1.9493   -5.6803   18.1570   -0.1831  -21.3096
eta,q 0.97868 13.63780
  0.0221  0.0219  0.0218  0.0221  0.0222  0.0228  0.0220  0.0229  0.0218  0.0221  0.0218  0.0217
  0.0217  0.0216  0.0216  0.0218  0.0218  0.0222  0.0216  0.0220  0.0216  0.0217  0.0215  0.0215
  0.0215  0.0214  0.0214  0.0215  0.0215  0.0217  0.0214  0.0215  0.0214  0.0214  0.0214  0.0214
  0.0214  0.0214  0.0214  0.0214  0.0214  0.0214  0.0213  0.0213  0.0213  0.0213  0.0213  0.0213
  0.0215  0.0215  0.0214  0.0214  0.0214  0.0213  0.0214  0.0215  0.0214  0.0214  0.0214  0.0214
  0.0217  0.0217  0.0216  0.0216  0.0216  0.0217  0.0216  0.0221  0.0215  0.0217  0.0215  0.0215
  0.0221  0.0220  0.0219  0.0222  0.0222  0.0228  0.0220  0.0229  0.0218  0.0221  0.0218  0.0216
niter,ni,del,rscale     1    3    5.0000    0.4000
parameters
   -2.8230   23.3747    8.7373   -7.2067  -18.5583  -10.9751
    7.4679   -1.9817   -5.6578   18.1470   -0.1537  -21.1537
eta,q 0.97872 13.64832
  0.0218  0.0217  0.0216  0.0218  0.0219  0.0224  0.0217  0.0224  0.0216  0.0218  0.0216  0.0216
  0.0215  0.0215  0.0214  0.0216  0.0216  0.0219  0.0215  0.0217  0.0214  0.0215  0.0214  0.0214
  0.0214  0.0213  0.0214  0.0214  0.0214  0.0215  0.0213  0.0214  0.0213  0.0213  0.0213  0.0213
  0.0213  0.0213  0.0213  0.0213  0.0213  0.0213  0.0213  0.0213  0.0213  0.0213  0.0213  0.0213
  0.0214  0.0214  0.0214  0.0213  0.0213  0.0213  0.0213  0.0214  0.0213  0.0213  0.0213  0.0213
  0.0215  0.0215  0.0215  0.0215  0.0215  0.0215  0.0215  0.0218  0.0214  0.0215  0.0214  0.0214
  0.0218  0.0218  0.0216  0.0218  0.0218  0.0222  0.0217  0.0224  0.0216  0.0218  0.0216  0.0215
registration optimization eta report
parameter search radius
    0.8000    0.8000    0.8000    2.4000    2.4000    2.4000
    2.4000    2.4000    2.4000    2.4000    2.4000    2.4000
100000*second partial in parameter space
       78.       62.       49.        9.       10.       17.
        8.       19.        6.        9.        5.        4.
  0.0218  0.0217  0.0216  0.0218  0.0219  0.0224  0.0217  0.0224  0.0216  0.0218  0.0216  0.0216
  0.0215  0.0215  0.0214  0.0216  0.0216  0.0219  0.0215  0.0217  0.0214  0.0215  0.0214  0.0214
  0.0214  0.0213  0.0214  0.0214  0.0214  0.0215  0.0213  0.0214  0.0213  0.0213  0.0213  0.0213
  0.0213  0.0213  0.0213  0.0213  0.0213  0.0213  0.0213  0.0213  0.0213  0.0213  0.0213  0.0213
  0.0214  0.0214  0.0214  0.0213  0.0213  0.0213  0.0213  0.0214  0.0213  0.0213  0.0213  0.0213
  0.0215  0.0215  0.0215  0.0215  0.0215  0.0215  0.0215  0.0218  0.0214  0.0215  0.0214  0.0214
  0.0218  0.0218  0.0216  0.0218  0.0218  0.0222  0.0217  0.0224  0.0216  0.0218  0.0216  0.0215
   -2.8230   23.3747    8.7373   -7.2067  -18.5583  -10.9751
    7.4679   -1.9817   -5.6578   18.1470   -0.1537  -21.1537
eta,q 0.97872 13.64832

---------------------------------------------------------------------
compute_vox2vox talsrcimg talsrcimg_to_711-2C_as_mni_average_305_t4 /opt/freesurfer/average/711-2C_as_mni_average_305
---------------------------------------------------------------------

freesurfer compute_vox2vox.c
Reading: talsrcimg.4dfp.ifh
Reading: talsrcimg_to_711-2C_as_mni_average_305_t4
Reading: /opt/freesurfer/average/711-2C_as_mni_average_305.4dfp.ifh
Writing: talsrcimg_to_711-2C_as_mni_average_305_t4_vox2vox.txt

start time Sun Mar 8 21:07:36 CET 2026
end		time Sun Mar 8 21:09:03 CET 2026

mpr2mni305 success

avi2talxfm orig_nu.mgz /opt/freesurfer/average/mni305.cor.mgz talsrcimg_to_711-2C_as_mni_average_305_t4_vox2vox.txt transforms/talairach.auto.xfm
avi2talxfm done
mv -f /out/sourcedata/freesurfer/sub-v1s15x0050206_ses-1/mri/talsrcimg_to_711-2C_as_mni_average_305_t4_vox2vox.txt /out/sourcedata/freesurfer/sub-v1s15x0050206_ses-1/mri/transforms/talsrcimg_to_711-2C_as_mni_average_305_t4_vox2vox.txt
lta_convert --src orig_nu.mgz --trg /opt/freesurfer/average/mni305.cor.mgz --inxfm transforms/talairach.auto.xfm --outlta transforms/talairach.auto.xfm.lta --subject fsaverage
7.3.2

--src: orig_nu.mgz src image (geometry).
--trg: /opt/freesurfer/average/mni305.cor.mgz trg image (geometry).
--inmni: transforms/talairach.auto.xfm input MNI/XFM transform.
--outlta: transforms/talairach.auto.xfm.lta output LTA.
--s: fsaverage subject name
 LTA read, type : 1
 1.07240   0.04171  -0.08750  -2.46094;
 0.01857   1.06752   0.27558  -25.95316;
 0.07036  -0.23497   1.16039   4.85295;
 0.00000   0.00000   0.00000   1.00000;
setting subject to fsaverage
Writing  LTA to file transforms/talairach.auto.xfm.lta...
lta_convert successful.
 
 
Started at Sun Mar 8 21:07:35 CET 2026
Ended   at Sun Mar  8 21:09:04 CET 2026
talairach_avi done
