status file for recon-all
Thu Mar 12 12:49:01 CET 2026
#@# Tessellate rh Thu Mar 12 12:49:01 CET 2026
#@# Smooth1 rh Thu Mar 12 12:49:03 CET 2026
#@# Inflation1 rh Thu Mar 12 12:49:05 CET 2026
#@# QSphere rh Thu Mar 12 12:49:19 CET 2026
#@# Fix Topology rh Thu Mar 12 12:50:03 CET 2026
#@# Smooth2 rh Thu Mar 12 12:56:07 CET 2026
#@# Inflation2 rh Thu Mar 12 12:56:09 CET 2026
#@# Curv .H and .K rh Thu Mar 12 12:56:23 CET 2026
#@# Sphere rh Thu Mar 12 12:57:02 CET 2026
#@# Surf Reg rh Thu Mar 12 13:00:05 CET 2026
#@# Jacobian white rh Thu Mar 12 13:03:30 CET 2026
#@# AvgCurv rh Thu Mar 12 13:03:31 CET 2026
#@# Cortical Parc rh Thu Mar 12 13:03:32 CET 2026
#@# white curv rh Thu Mar 12 13:09:38 CET 2026
#@# white area rh Thu Mar 12 13:09:39 CET 2026
#@# pial curv rh Thu Mar 12 13:09:40 CET 2026
#@# pial area rh Thu Mar 12 13:09:41 CET 2026
#@# thickness rh Thu Mar 12 13:09:42 CET 2026
#@# area and vertex vol rh Thu Mar 12 13:10:08 CET 2026
#@# Curvature Stats rh Thu Mar 12 13:10:09 CET 2026
#@# Cortical Parc 2 rh Thu Mar 12 13:10:10 CET 2026
#@# Cortical Parc 3 rh Thu Mar 12 13:10:20 CET 2026
#@# WM/GM Contrast rh Thu Mar 12 13:10:28 CET 2026
recon-all -s sub-v1s15x0050189_ses-1 finished without error at Thu Mar 12 13:10:30 CET 2026



#New# invocation of recon-all 



status file for recon-all
Thu Mar 12 13:16:26 CET 2026
#@# white curv rh Thu Mar 12 13:16:26 CET 2026
#@# white area rh Thu Mar 12 13:16:27 CET 2026
#@# pial curv rh Thu Mar 12 13:16:27 CET 2026
#@# pial area rh Thu Mar 12 13:16:27 CET 2026
#@# thickness rh Thu Mar 12 13:16:27 CET 2026
#@# area and vertex vol rh Thu Mar 12 13:16:27 CET 2026
#@# Parcellation Stats rh Thu Mar 12 13:16:27 CET 2026
#@# Parcellation Stats 2 rh Thu Mar 12 13:16:43 CET 2026
#@# Parcellation Stats 3 rh Thu Mar 12 13:16:50 CET 2026
#@# BA_exvivo Labels rh Thu Mar 12 13:16:58 CET 2026
recon-all -s sub-v1s15x0050189_ses-1 finished without error at Thu Mar 12 13:18:56 CET 2026
