status file for recon-all
Thu Mar 12 11:13:49 CET 2026
#@# MotionCor Thu Mar 12 11:13:51 CET 2026
#@# Talairach Thu Mar 12 11:13:56 CET 2026
#@# Talairach Failure Detection Thu Mar 12 11:16:47 CET 2026
#@# Nu Intensity Correction Thu Mar 12 11:16:47 CET 2026
#@# Intensity Normalization Thu Mar 12 11:19:32 CET 2026
recon-all -s sub-v1s15x0050189_ses-1 finished without error at Thu Mar 12 11:20:31 CET 2026



#New# invocation of recon-all 



status file for recon-all
Thu Mar 12 11:26:34 CET 2026
#@# EM Registration Thu Mar 12 11:26:34 CET 2026
recon-all -s sub-v1s15x0050189_ses-1 finished without error at Thu Mar 12 11:28:06 CET 2026



#New# invocation of recon-all 



status file for recon-all
Thu Mar 12 11:28:10 CET 2026
#@# CA Normalize Thu Mar 12 11:28:10 CET 2026
#@# CA Reg Thu Mar 12 11:29:04 CET 2026
#@# SubCort Seg Thu Mar 12 12:03:56 CET 2026
#@# CC Seg Thu Mar 12 12:25:32 CET 2026
#@# Merge ASeg Thu Mar 12 12:25:53 CET 2026
#@# Intensity Normalization2 Thu Mar 12 12:25:53 CET 2026
#@# Mask BFS Thu Mar 12 12:27:25 CET 2026
#@# WM Segmentation Thu Mar 12 12:27:26 CET 2026
#@# Fill Thu Mar 12 12:29:00 CET 2026
recon-all -s sub-v1s15x0050189_ses-1 finished without error at Thu Mar 12 12:29:38 CET 2026



#New# invocation of recon-all 



status file for recon-all
Thu Mar 12 13:10:34 CET 2026
#@# white curv lh Thu Mar 12 13:10:34 CET 2026
#@# white area lh Thu Mar 12 13:10:34 CET 2026
#@# pial curv lh Thu Mar 12 13:10:34 CET 2026
#@# pial area lh Thu Mar 12 13:10:34 CET 2026
#@# thickness lh Thu Mar 12 13:10:34 CET 2026
#@# area and vertex vol lh Thu Mar 12 13:10:34 CET 2026
#@# white curv rh Thu Mar 12 13:10:34 CET 2026
#@# white area rh Thu Mar 12 13:10:34 CET 2026
#@# pial curv rh Thu Mar 12 13:10:34 CET 2026
#@# pial area rh Thu Mar 12 13:10:34 CET 2026
#@# thickness rh Thu Mar 12 13:10:34 CET 2026
#@# area and vertex vol rh Thu Mar 12 13:10:34 CET 2026
#@# Cortical ribbon mask Thu Mar 12 13:10:34 CET 2026
recon-all -s sub-v1s15x0050189_ses-1 finished without error at Thu Mar 12 13:13:55 CET 2026



#New# invocation of recon-all 



status file for recon-all
Thu Mar 12 13:18:59 CET 2026
#@# white curv lh Thu Mar 12 13:18:59 CET 2026
#@# white area lh Thu Mar 12 13:18:59 CET 2026
#@# pial curv lh Thu Mar 12 13:18:59 CET 2026
#@# pial area lh Thu Mar 12 13:18:59 CET 2026
#@# thickness lh Thu Mar 12 13:18:59 CET 2026
#@# area and vertex vol lh Thu Mar 12 13:18:59 CET 2026
#@# white curv rh Thu Mar 12 13:18:59 CET 2026
#@# white area rh Thu Mar 12 13:18:59 CET 2026
#@# pial curv rh Thu Mar 12 13:18:59 CET 2026
#@# pial area rh Thu Mar 12 13:18:59 CET 2026
#@# thickness rh Thu Mar 12 13:18:59 CET 2026
#@# area and vertex vol rh Thu Mar 12 13:18:59 CET 2026
#@# Curvature Stats lh Thu Mar 12 13:18:59 CET 2026
#@# Curvature Stats rh Thu Mar 12 13:19:01 CET 2026
#@# Relabel Hypointensities Thu Mar 12 13:19:02 CET 2026
#@# APas-to-ASeg Thu Mar 12 13:19:14 CET 2026
#@# AParc-to-ASeg aparc Thu Mar 12 13:19:20 CET 2026
#@# AParc-to-ASeg aparc.a2009s Thu Mar 12 13:19:43 CET 2026
#@# AParc-to-ASeg aparc.DKTatlas Thu Mar 12 13:20:08 CET 2026
#@# WMParc Thu Mar 12 13:20:34 CET 2026
#@# ASeg Stats Thu Mar 12 13:22:30 CET 2026
recon-all -s sub-v1s15x0050189_ses-1 finished without error at Thu Mar 12 13:22:53 CET 2026
