status file for recon-all
Thu Mar 12 12:29:43 CET 2026
#@# Tessellate lh Thu Mar 12 12:29:43 CET 2026
#@# Smooth1 lh Thu Mar 12 12:29:45 CET 2026
#@# Inflation1 lh Thu Mar 12 12:29:47 CET 2026
#@# QSphere lh Thu Mar 12 12:30:00 CET 2026
#@# Fix Topology lh Thu Mar 12 12:30:47 CET 2026
#@# Smooth2 lh Thu Mar 12 12:36:07 CET 2026
#@# Inflation2 lh Thu Mar 12 12:36:10 CET 2026
#@# Curv .H and .K lh Thu Mar 12 12:36:23 CET 2026
#@# Sphere lh Thu Mar 12 12:37:01 CET 2026
#@# Surf Reg lh Thu Mar 12 12:39:33 CET 2026
#@# Jacobian white lh Thu Mar 12 12:42:17 CET 2026
#@# AvgCurv lh Thu Mar 12 12:42:18 CET 2026
#@# Cortical Parc lh Thu Mar 12 12:42:19 CET 2026
#@# white curv lh Thu Mar 12 12:48:13 CET 2026
#@# white area lh Thu Mar 12 12:48:14 CET 2026
#@# pial curv lh Thu Mar 12 12:48:15 CET 2026
#@# pial area lh Thu Mar 12 12:48:16 CET 2026
#@# thickness lh Thu Mar 12 12:48:16 CET 2026
#@# area and vertex vol lh Thu Mar 12 12:48:36 CET 2026
#@# Curvature Stats lh Thu Mar 12 12:48:37 CET 2026
#@# Cortical Parc 2 lh Thu Mar 12 12:48:38 CET 2026
#@# Cortical Parc 3 lh Thu Mar 12 12:48:49 CET 2026
#@# WM/GM Contrast lh Thu Mar 12 12:48:56 CET 2026
recon-all -s sub-v1s15x0050189_ses-1 finished without error at Thu Mar 12 12:48:59 CET 2026



#New# invocation of recon-all 



status file for recon-all
Thu Mar 12 13:13:59 CET 2026
#@# white curv lh Thu Mar 12 13:13:59 CET 2026
#@# white area lh Thu Mar 12 13:13:59 CET 2026
#@# pial curv lh Thu Mar 12 13:13:59 CET 2026
#@# pial area lh Thu Mar 12 13:13:59 CET 2026
#@# thickness lh Thu Mar 12 13:13:59 CET 2026
#@# area and vertex vol lh Thu Mar 12 13:13:59 CET 2026
#@# Parcellation Stats lh Thu Mar 12 13:13:59 CET 2026
#@# Parcellation Stats 2 lh Thu Mar 12 13:14:13 CET 2026
#@# Parcellation Stats 3 lh Thu Mar 12 13:14:21 CET 2026
#@# BA_exvivo Labels lh Thu Mar 12 13:14:28 CET 2026
recon-all -s sub-v1s15x0050189_ses-1 finished without error at Thu Mar 12 13:16:23 CET 2026
