/out/sourcedata/freesurfer/sub-v1s15x0050201_ses-1/mri
/opt/freesurfer/bin/talairach_avi
--i orig_nu.mgz --xfm transforms/talairach.auto.xfm
talairach_avi 7.3.2
Linux dna030 5.14.0-427.37.1.el9_4.x86_64 #1 SMP PREEMPT_DYNAMIC Fri Sep 13 12:41:50 EDT 2024 x86_64 x86_64 x86_64 GNU/Linux
Sun Mar  8 20:44:17 CET 2026
mri_convert orig_nu.mgz talsrcimg.img 
reading from orig_nu.mgz...
TR=0.00, TE=0.00, TI=0.00, flip angle=0.00
i_ras = (-1, 0, 0)
j_ras = (0, 0, -1)
k_ras = (0, 1, 0)
writing to talsrcimg.img...
Analyze Output Matrix
-1.00000   0.00000   0.00000   131.37469;
 0.00000   0.00000   1.00000  -121.00000;
 0.00000  -1.00000   0.00000   104.65601;
 0.00000   0.00000   0.00000   1.00000;
--------------------
INFO: set hdr.hist.orient to -1
mpr2mni305 talsrcimg
Sun Mar  8 20:44:17 CET 2026
/opt/freesurfer/bin/mpr2mni305 talsrcimg
mpr2mni305 7.3.2
target=711-2C_as_mni_average_305

---------------------------------------------------------------------
analyzeto4dfp talsrcimg -O0 -y
---------------------------------------------------------------------

freesurfer ifh2hdr.c
Sun Mar  8 20:44:17 2026
Writing: talsrcimg.4dfp.hdr
freesurfer analyzeto4dfp.c
Reading: talsrcimg.hdr
header size 348 bytes
hdr.dime.datatype	offset=70	value=2
hdr.dime.bitpix		offset=72	value=8
hdr.hist.orient		offset=252	value=-1
dimensionality     4
dimensions       256       256       256         1
Reading: talsrcimg.img
Writing: talsrcimg.4dfp.img
Writing: talsrcimg.4dfp.ifh
ifh2hdr talsrcimg -r0to222
ori=2

---------------------------------------------------------------------
gauss_4dfp talsrcimg 1.1
---------------------------------------------------------------------

freesurfer gauss_4dfp.c
Reading: talsrcimg.4dfp.img
Writing: talsrcimg_g11.4dfp.img
image dimensions 256 256 256 padded to 288 288 288
processing volume 1freesurfer ifh2hdr.c
Sun Mar  8 20:44:19 2026
Writing: talsrcimg_g11.4dfp.hdr

Writing: talsrcimg_g11.4dfp.ifh
including: talsrcimg.4dfp.img.rec in talsrcimg_g11.4dfp.img.rec

---------------------------------------------------------------------
imgreg_4dfp /opt/freesurfer/average/711-2C_as_mni_average_305 none talsrcimg_g11 none talsrcimg_to_711-2C_as_mni_average_305_t4 4355
---------------------------------------------------------------------

freesurfer imgreg_4dfp.c
/opt/freesurfer/average/711-2C_as_mni_average_305.4dfp.img
       256       256       256         1
  1.000000  1.000000  1.000000
orientation T byte_order littleendian
Reading image: /opt/freesurfer/average/711-2C_as_mni_average_305.4dfp.img
dimensions:      256       256       256
mmppix:       1.0000   -1.0000   -1.0000
center:     128.0000 -129.0000 -129.0000
talsrcimg_g11.4dfp.img
       256       256       256         1
  1.000000  1.000000  1.000000
orientation T byte_order littleendian
Reading image: talsrcimg_g11.4dfp.img
dimensions:      256       256       256
mmppix:       1.0000   -1.0000   -1.0000
center:     128.0000 -129.0000 -129.0000
t4_read: open error in t4_sub.f l:  41 t4_file(1:l)talsrcimg_to_711-2C_as_mni_average_305_t4 
t4_read: transform initialized to I4
rotation matrix determinant  1.000000
image alignment mode   4355 decimal     1103 hex
   -7.5000  -45.0000  -45.0000 6750.9194   19.5724
    0.0000  -45.0000  -45.0000 7039.5801   19.6210
    7.5000  -45.0000  -45.0000 6785.5708   19.6703
   -7.5000  -37.5000  -45.0000 7237.3018   19.3824
    0.0000  -37.5000  -45.0000 7578.0078   19.4203
    7.5000  -37.5000  -45.0000 7295.3643   19.4672
   -7.5000  -30.0000  -45.0000 8049.3306   19.3174
    0.0000  -30.0000  -45.0000 8440.1621   19.3486
    7.5000  -30.0000  -45.0000 8118.2920   19.3984
   -7.5000  -22.5000  -45.0000 8847.0762   19.2819
    0.0000  -22.5000  -45.0000 9289.0947   19.3169
    7.5000  -22.5000  -45.0000 8933.7236   19.3710
   -7.5000  -15.0000  -45.0000 9636.0996   19.2951
    0.0000  -15.0000  -45.000010108.8330   19.3399
    7.5000  -15.0000  -45.0000 9718.6357   19.3954
   -7.5000   -7.5000  -45.000010350.3516   19.3397
    0.0000   -7.5000  -45.000010873.6748   19.3906
    7.5000   -7.5000  -45.000010445.3535   19.4433
   -7.5000    0.0000  -45.000010977.6514   19.3707
    0.0000    0.0000  -45.000011539.9355   19.4183
    7.5000    0.0000  -45.000011092.4043   19.4667
   -7.5000    7.5000  -45.000010767.5518   19.3542
    0.0000    7.5000  -45.000011325.3535   19.3919
    7.5000    7.5000  -45.000010860.1104   19.4389
   -7.5000   15.0000  -45.000010423.9189   19.3099
    0.0000   15.0000  -45.000010970.3369   19.3411
    7.5000   15.0000  -45.000010513.1748   19.3908
   -7.5000   22.5000  -45.0000 9987.4922   19.2791
    0.0000   22.5000  -45.000010509.3184   19.3141
    7.5000   22.5000  -45.000010068.0557   19.3682
   -7.5000   30.0000  -45.0000 9485.3369   19.0380
    0.0000   30.0000  -45.0000 9979.9668   19.0822
    7.5000   30.0000  -45.0000 9564.8887   19.1369
   -7.5000   37.5000  -45.0000 9214.7363   19.0820
    0.0000   37.5000  -45.0000 9680.0869   19.1322
    7.5000   37.5000  -45.0000 9259.0439   19.1842
   -7.5000   45.0000  -45.0000 8553.8701   18.6272
    0.0000   45.0000  -45.0000 8988.2422   18.6730
    7.5000   45.0000  -45.0000 8574.1689   18.7196
   -7.5000  -45.0000  -37.5000 7099.0063   19.3262
    0.0000  -45.0000  -37.5000 7437.1997   19.3684
    7.5000  -45.0000  -37.5000 7160.2500   19.4195
   -7.5000  -37.5000  -37.5000 7640.9561   19.1537
    0.0000  -37.5000  -37.5000 8024.9810   19.1865
    7.5000  -37.5000  -37.5000 7711.5601   19.2339
   -7.5000  -30.0000  -37.5000 8501.7236   19.0982
    0.0000  -30.0000  -37.5000 8918.6309   19.1236
    7.5000  -30.0000  -37.5000 8575.5879   19.1740
   -7.5000  -22.5000  -37.5000 9371.5020   19.0575
    0.0000  -22.5000  -37.5000 9821.7988   19.0841
    7.5000  -22.5000  -37.5000 9417.3291   19.1407
   -7.5000  -15.0000  -37.500010188.1484   19.0582
    0.0000  -15.0000  -37.500010671.9834   19.0931
    7.5000  -15.0000  -37.500010227.8232   19.1526
   -7.5000   -7.5000  -37.500010913.3867   19.0953
    0.0000   -7.5000  -37.500011464.5664   19.1375
    7.5000   -7.5000  -37.500010978.4502   19.1935
   -7.5000    0.0000  -37.500011550.3945   19.1296
    0.0000    0.0000  -37.500012154.8057   19.1709
    7.5000    0.0000  -37.500011645.1211   19.2210
   -7.5000    7.5000  -37.500011316.6650   19.1262
    0.0000    7.5000  -37.500011924.7080   19.1588
    7.5000    7.5000  -37.500011414.9746   19.2064
   -7.5000   15.0000  -37.500010954.7412   19.0910
    0.0000   15.0000  -37.500011533.1436   19.1163
    7.5000   15.0000  -37.500011040.2188   19.1667
   -7.5000   22.5000  -37.500010508.5508   19.0547
    0.0000   22.5000  -37.500011063.3340   19.0813
    7.5000   22.5000  -37.500010572.5215   19.1379
   -7.5000   30.0000  -37.5000 9976.6689   18.8042
    0.0000   30.0000  -37.500010511.8477   18.8387
    7.5000   30.0000  -37.500010026.2441   18.8974
   -7.5000   37.5000  -37.5000 9679.2588   18.8408
    0.0000   37.5000  -37.500010193.0039   18.8825
    7.5000   37.5000  -37.5000 9717.5020   18.9377
   -7.5000   45.0000  -37.5000 8955.0088   18.3954
    0.0000   45.0000  -37.5000 9419.6934   18.4351
    7.5000   45.0000  -37.5000 8985.9092   18.4833
   -7.5000  -45.0000  -30.0000 7607.1445   19.9050
    0.0000  -45.0000  -30.0000 7967.1338   19.9337
    7.5000  -45.0000  -30.0000 7664.9736   19.9818
   -7.5000  -37.5000  -30.0000 8224.2021   19.7300
    0.0000  -37.5000  -30.0000 8632.7920   19.7503
    7.5000  -37.5000  -30.0000 8300.8311   19.7963
   -7.5000  -30.0000  -30.0000 9152.2979   19.6813
    0.0000  -30.0000  -30.0000 9606.6074   19.6951
    7.5000  -30.0000  -30.0000 9217.5654   19.7445
   -7.5000  -22.5000  -30.000010077.5771   19.6473
    0.0000  -22.5000  -30.000010575.0918   19.6618
    7.5000  -22.5000  -30.000010121.2461   19.7166
   -7.5000  -15.0000  -30.000010923.9658   19.6482
    0.0000  -15.0000  -30.000011467.2217   19.6701
    7.5000  -15.0000  -30.000010956.0723   19.7262
   -7.5000   -7.5000  -30.000011684.6953   19.6778
    0.0000   -7.5000  -30.000012265.1768   19.7067
    7.5000   -7.5000  -30.000011751.0771   19.7586
   -7.5000    0.0000  -30.000012371.3555   19.7049
    0.0000    0.0000  -30.000012995.1396   19.7330
    7.5000    0.0000  -30.000012456.7588   19.7801
   -7.5000    7.5000  -30.000012147.2939   19.7021
    0.0000    7.5000  -30.000012768.5879   19.7224
    7.5000    7.5000  -30.000012222.5762   19.7683
   -7.5000   15.0000  -30.000011730.8105   19.6739
    0.0000   15.0000  -30.000012325.8770   19.6877
    7.5000   15.0000  -30.000011790.5352   19.7371
   -7.5000   22.5000  -30.000011240.8008   19.6424
    0.0000   22.5000  -30.000011811.7822   19.6569
    7.5000   22.5000  -30.000011275.6895   19.7117
   -7.5000   30.0000  -30.000010653.9502   19.3882
    0.0000   30.0000  -30.000011205.9902   19.4098
    7.5000   30.0000  -30.000010694.6914   19.4652
   -7.5000   37.5000  -30.000010333.0186   19.4174
    0.0000   37.5000  -30.000010893.5811   19.4459
    7.5000   37.5000  -30.000010388.3154   19.4971
   -7.5000   45.0000  -30.0000 9535.8633   18.9625
    0.0000   45.0000  -30.000010029.5664   18.9895
    7.5000   45.0000  -30.0000 9567.7637   19.0349
   -7.5000  -45.0000  -22.5000 8195.4775   20.4873
    0.0000  -45.0000  -22.5000 8590.6748   20.5100
    7.5000  -45.0000  -22.5000 8240.6143   20.5502
   -7.5000  -37.5000  -22.5000 8870.7188   20.2977
    0.0000  -37.5000  -22.5000 9317.6348   20.3118
    7.5000  -37.5000  -22.5000 8944.0312   20.3534
   -7.5000  -30.0000  -22.5000 9872.6826   20.2445
    0.0000  -30.0000  -22.500010362.8643   20.2536
    7.5000  -30.0000  -22.5000 9941.1807   20.2995
   -7.5000  -22.5000  -22.500010868.5791   20.2175
    0.0000  -22.5000  -22.500011390.2373   20.2294
    7.5000  -22.5000  -22.500010910.4531   20.2777
   -7.5000  -15.0000  -22.500011787.3721   20.2281
    0.0000  -15.0000  -22.500012353.3057   20.2475
    7.5000  -15.0000  -22.500011821.9014   20.2933
   -7.5000   -7.5000  -22.500012613.5352   20.2606
    0.0000   -7.5000  -22.500013198.5615   20.2855
    7.5000   -7.5000  -22.500012659.3994   20.3267
   -7.5000    0.0000  -22.500013336.4199   20.2822
    0.0000    0.0000  -22.500013979.3496   20.3045
    7.5000    0.0000  -22.500013403.8916   20.3438
   -7.5000    7.5000  -22.500013056.0879   20.2691
    0.0000    7.5000  -22.500013716.2939   20.2833
    7.5000    7.5000  -22.500013124.7549   20.3247
   -7.5000   15.0000  -22.500012604.8311   20.2369
    0.0000   15.0000  -22.500013240.6104   20.2460
    7.5000   15.0000  -22.500012662.5352   20.2918
   -7.5000   22.5000  -22.500012074.0898   20.2111
    0.0000   22.5000  -22.500012688.5273   20.2230
    7.5000   22.5000  -22.500012123.9189   20.2713
   -7.5000   30.0000  -22.500011447.9609   19.9635
    0.0000   30.0000  -22.500012028.2227   19.9827
    7.5000   30.0000  -22.500011513.3887   20.0279
   -7.5000   37.5000  -22.500011100.0508   19.9956
    0.0000   37.5000  -22.500011670.9033   20.0201
    7.5000   37.5000  -22.500011174.2598   20.0608
   -7.5000   45.0000  -22.500010212.3916   19.5327
    0.0000   45.0000  -22.500010733.1240   19.5542
    7.5000   45.0000  -22.500010270.2383   19.5921
   -7.5000  -45.0000  -15.0000 8777.0957   20.9458
    0.0000  -45.0000  -15.0000 9214.7148   20.9743
    7.5000  -45.0000  -15.0000 8822.2930   21.0109
   -7.5000  -37.5000  -15.0000 9514.0693   20.7399
    0.0000  -37.5000  -15.0000 9999.6934   20.7583
    7.5000  -37.5000  -15.0000 9595.3379   20.7978
   -7.5000  -30.0000  -15.000010618.7031   20.6762
    0.0000  -30.0000  -15.000011155.4521   20.6907
    7.5000  -30.0000  -15.000010698.5469   20.7348
   -7.5000  -22.5000  -15.000011713.1875   20.6524
    0.0000  -22.5000  -15.000012265.1133   20.6729
    7.5000  -22.5000  -15.000011748.9766   20.7181
   -7.5000  -15.0000  -15.000012725.9229   20.6743
    0.0000  -15.0000  -15.000013315.8672   20.7043
    7.5000  -15.0000  -15.000012744.9805   20.7453
   -7.5000   -7.5000  -15.000013601.2109   20.7162
    0.0000   -7.5000  -15.000014209.6309   20.7495
    7.5000   -7.5000  -15.000013610.7012   20.7861
   -7.5000    0.0000  -15.000014332.7715   20.7363
    0.0000    0.0000  -15.000015014.8535   20.7643
    7.5000    0.0000  -15.000014359.3691   20.8003
   -7.5000    7.5000  -15.000014015.8633   20.7107
    0.0000    7.5000  -15.000014713.8955   20.7291
    7.5000    7.5000  -15.000014062.1162   20.7685
   -7.5000   15.0000  -15.000013538.2168   20.6685
    0.0000   15.0000  -15.000014245.8438   20.6829
    7.5000   15.0000  -15.000013602.5605   20.7270
   -7.5000   22.5000  -15.000012978.2910   20.6449
    0.0000   22.5000  -15.000013656.8633   20.6654
    7.5000   22.5000  -15.000013045.1543   20.7105
   -7.5000   30.0000  -15.000012272.0469   20.4068
    0.0000   30.0000  -15.000012909.4199   20.4363
    7.5000   30.0000  -15.000012374.7637   20.4768
   -7.5000   37.5000  -15.000011879.9268   20.4480
    0.0000   37.5000  -15.000012513.9912   20.4810
    7.5000   37.5000  -15.000011995.0322   20.5171
   -7.5000   45.0000  -15.000010937.1309   19.9822
    0.0000   45.0000  -15.000011500.8838   20.0091
    7.5000   45.0000  -15.000011017.5889   20.0438
   -7.5000  -45.0000   -7.5000 9388.7041   21.2251
    0.0000  -45.0000   -7.5000 9848.2549   21.2692
    7.5000  -45.0000   -7.5000 9440.4541   21.3134
   -7.5000  -37.5000   -7.500010190.5303   21.0177
    0.0000  -37.5000   -7.500010729.1270   21.0503
    7.5000  -37.5000   -7.500010282.0146   21.0946
   -7.5000  -30.0000   -7.500011401.6826   20.9480
    0.0000  -30.0000   -7.500011988.1543   20.9748
    7.5000  -30.0000   -7.500011483.7656   21.0224
   -7.5000  -22.5000   -7.500012602.4512   20.9167
    0.0000  -22.5000   -7.500013232.0771   20.9496
    7.5000  -22.5000   -7.500012665.4521   20.9991
   -7.5000  -15.0000   -7.500013707.0723   20.9368
    0.0000  -15.0000   -7.500014384.1035   20.9805
    7.5000  -15.0000   -7.500013765.9688   21.0286
   -7.5000   -7.5000   -7.500014633.2432   20.9848
    0.0000   -7.5000   -7.500015323.0254   21.0333
    7.5000   -7.5000   -7.500014667.3955   21.0785
   -7.5000    0.0000   -7.500015425.0752   21.0125
    0.0000    0.0000   -7.500016179.9375   21.0557
    7.5000    0.0000   -7.500015459.3721   21.0992
   -7.5000    7.5000   -7.500015085.1572   20.9880
    0.0000    7.5000   -7.500015862.1113   21.0205
    7.5000    7.5000   -7.500015161.1611   21.0648
   -7.5000   15.0000   -7.500014592.9814   20.9401
    0.0000   15.0000   -7.500015386.5312   20.9669
    7.5000   15.0000   -7.500014714.8955   21.0145
   -7.5000   22.5000   -7.500013940.3359   20.9068
    0.0000   22.5000   -7.500014705.4912   20.9397
    7.5000   22.5000   -7.500014107.7988   20.9892
   -7.5000   30.0000   -7.500013164.6201   20.6653
    0.0000   30.0000   -7.500013879.2988   20.7084
    7.5000   30.0000   -7.500013361.7432   20.7559
   -7.5000   37.5000   -7.500012776.2725   20.7127
    0.0000   37.5000   -7.500013464.1074   20.7605
    7.5000   37.5000   -7.500012951.6719   20.8052
   -7.5000   45.0000   -7.500011784.6543   20.2521
    0.0000   45.0000   -7.500012416.6035   20.2937
    7.5000   45.0000   -7.500011924.3770   20.3356
   -7.5000  -45.0000    0.0000 9913.4463   21.3263
    0.0000  -45.0000    0.000010408.6523   21.3793
    7.5000  -45.0000    0.0000 9985.9375   21.4325
   -7.5000  -37.5000    0.000010794.7666   21.1279
    0.0000  -37.5000    0.000011338.8047   21.1693
    7.5000  -37.5000    0.000010863.3330   21.2197
   -7.5000  -30.0000    0.000012123.6221   21.0595
    0.0000  -30.0000    0.000012730.9932   21.0930
    7.5000  -30.0000    0.000012158.2178   21.1457
   -7.5000  -22.5000    0.000013411.8301   21.0185
    0.0000  -22.5000    0.000014099.0264   21.0552
    7.5000  -22.5000    0.000013483.3711   21.1121
   -7.5000  -15.0000    0.000014676.2803   21.0289
    0.0000  -15.0000    0.000015444.8516   21.0761
    7.5000  -15.0000    0.000014752.1953   21.1347
   -7.5000   -7.5000    0.000015680.3652   21.0765
    0.0000   -7.5000    0.000016489.6777   21.1310
    7.5000   -7.5000    0.000015732.2412   21.1872
   -7.5000    0.0000    0.000016486.6250   21.1123
    0.0000    0.0000    0.000017325.2793   21.1642
    7.5000    0.0000    0.000016589.5820   21.2164
   -7.5000    7.5000    0.000016116.7539   21.0979
    0.0000    7.5000    0.000016923.4590   21.1391
    7.5000    7.5000    0.000016276.4814   21.1896
   -7.5000   15.0000    0.000015599.5205   21.0516
    0.0000   15.0000    0.000016439.4238   21.0850
    7.5000   15.0000    0.000015823.4932   21.1377
   -7.5000   22.5000    0.000014921.3936   21.0086
    0.0000   22.5000    0.000015733.2686   21.0453
    7.5000   22.5000    0.000015170.5615   21.1021
   -7.5000   30.0000    0.000014116.0088   20.7567
    0.0000   30.0000    0.000014888.3965   20.8034
    7.5000   30.0000    0.000014359.0410   20.8611
   -7.5000   37.5000    0.000013751.1582   20.8037
    0.0000   37.5000    0.000014495.0762   20.8575
    7.5000   37.5000    0.000013949.5684   20.9130
   -7.5000   45.0000    0.000012729.2266   20.3498
    0.0000   45.0000    0.000013428.0127   20.3998
    7.5000   45.0000    0.000012885.2275   20.4502
   -7.5000  -45.0000    7.5000 9696.5908   21.3468
    0.0000  -45.0000    7.500010159.4404   21.3918
    7.5000  -45.0000    7.5000 9733.3008   21.4475
   -7.5000  -37.5000    7.500010560.6016   21.1588
    0.0000  -37.5000    7.500011055.0078   21.1934
    7.5000  -37.5000    7.500010570.5312   21.2453
   -7.5000  -30.0000    7.500011872.2861   21.0996
    0.0000  -30.0000    7.500012431.0449   21.1262
    7.5000  -30.0000    7.500011845.9941   21.1808
   -7.5000  -22.5000    7.500013159.2793   21.0564
    0.0000  -22.5000    7.500013834.2207   21.0843
    7.5000  -22.5000    7.500013154.2529   21.1451
   -7.5000  -15.0000    7.500014459.1328   21.0572
    0.0000  -15.0000    7.500015310.7520   21.0944
    7.5000  -15.0000    7.500014550.1533   21.1582
   -7.5000   -7.5000    7.500015599.6533   21.0965
    0.0000   -7.5000    7.500016580.9707   21.1417
    7.5000   -7.5000    7.500015762.9609   21.2020
   -7.5000    0.0000    7.500016447.3203   21.1325
    0.0000    0.0000    7.500017389.0938   21.1765
    7.5000    0.0000    7.500016709.4395   21.2311
   -7.5000    7.5000    7.500016052.6299   21.1288
    0.0000    7.5000    7.500016871.8223   21.1633
    7.5000    7.5000    7.500016296.6875   21.2153
   -7.5000   15.0000    7.500015586.3955   21.0917
    0.0000   15.0000    7.500016375.9785   21.1182
    7.5000   15.0000    7.500015755.2617   21.1728
   -7.5000   22.5000    7.500014956.5596   21.0465
    0.0000   22.5000    7.500015742.8525   21.0744
    7.5000   22.5000    7.500015062.3223   21.1352
   -7.5000   30.0000    7.500014185.8672   20.7847
    0.0000   30.0000    7.500014984.1162   20.8214
    7.5000   30.0000    7.500014242.5332   20.8844
   -7.5000   37.5000    7.500013788.2256   20.8235
    0.0000   37.5000    7.500014591.2012   20.8681
    7.5000   37.5000    7.500013820.4043   20.9276
   -7.5000   45.0000    7.500012761.6816   20.3693
    0.0000   45.0000    7.500013496.9746   20.4117
    7.5000   45.0000    7.500012779.2754   20.4643
   -7.5000  -45.0000   15.0000 9339.7266   21.3161
    0.0000  -45.0000   15.0000 9790.8525   21.3471
    7.5000  -45.0000   15.0000 9366.3604   21.3983
   -7.5000  -37.5000   15.000010180.4521   21.1307
    0.0000  -37.5000   15.000010704.4434   21.1528
    7.5000  -37.5000   15.000010216.6104   21.2017
   -7.5000  -30.0000   15.000011423.9102   21.0793
    0.0000  -30.0000   15.000012026.2373   21.0942
    7.5000  -30.0000   15.000011472.5752   21.1467
   -7.5000  -22.5000   15.000012645.8252   21.0419
    0.0000  -22.5000   15.000013317.8848   21.0574
    7.5000  -22.5000   15.000012703.4873   21.1155
   -7.5000  -15.0000   15.000013886.5186   21.0413
    0.0000  -15.0000   15.000014750.5850   21.0648
    7.5000  -15.0000   15.000013984.2881   21.1242
   -7.5000   -7.5000   15.000015189.8730   21.0724
    0.0000   -7.5000   15.000016411.9648   21.1036
    7.5000   -7.5000   15.000015390.0947   21.1587
   -7.5000    0.0000   15.000016399.3125   21.1024
    0.0000    0.0000   15.000017669.9707   21.1327
    7.5000    0.0000   15.000016613.0352   21.1829
   -7.5000    7.5000   15.000016135.0723   21.1009
    0.0000    7.5000   15.000017135.2031   21.1229
    7.5000    7.5000   15.000016166.9893   21.1718
   -7.5000   15.0000   15.000015551.5732   21.0714
    0.0000   15.0000   15.000016408.0879   21.0863
    7.5000   15.0000   15.000015453.0771   21.1387
   -7.5000   22.5000   15.000014835.0977   21.0320
    0.0000   22.5000   15.000015654.2725   21.0475
    7.5000   22.5000   15.000014719.5508   21.1056
   -7.5000   30.0000   15.000013980.2256   20.7690
    0.0000   30.0000   15.000014803.1709   20.7922
    7.5000   30.0000   15.000013922.0645   20.8508
   -7.5000   37.5000   15.000013541.6064   20.7997
    0.0000   37.5000   15.000014380.8701   20.8304
    7.5000   37.5000   15.000013554.5186   20.8849
   -7.5000   45.0000   15.000012527.1240   20.3403
    0.0000   45.0000   15.000013301.9609   20.3695
    7.5000   45.0000   15.000012544.9941   20.4178
   -7.5000  -45.0000   22.5000 8858.2715   21.2676
    0.0000  -45.0000   22.5000 9305.1318   21.2913
    7.5000  -45.0000   22.5000 8899.1299   21.3329
   -7.5000  -37.5000   22.5000 9647.5918   21.0707
    0.0000  -37.5000   22.500010155.8916   21.0855
    7.5000  -37.5000   22.5000 9721.0283   21.1286
   -7.5000  -30.0000   22.500010830.6484   21.0154
    0.0000  -30.0000   22.500011417.8945   21.0250
    7.5000  -30.0000   22.500010945.1855   21.0725
   -7.5000  -22.5000   22.500012047.0029   20.9873
    0.0000  -22.5000   22.500012718.0146   20.9997
    7.5000  -22.5000   22.500012149.9814   21.0499
   -7.5000  -15.0000   22.500013300.7168   20.9984
    0.0000  -15.0000   22.500014110.6777   21.0186
    7.5000  -15.0000   22.500013391.7363   21.0661
   -7.5000   -7.5000   22.500014591.5596   21.0323
    0.0000   -7.5000   22.500015705.2432   21.0581
    7.5000   -7.5000   22.500014754.7100   21.1009
   -7.5000    0.0000   22.500015802.3975   21.0547
    0.0000    0.0000   22.500016913.1523   21.0779
    7.5000    0.0000   22.500015844.7324   21.1187
   -7.5000    7.5000   22.500015511.3848   21.0410
    0.0000    7.5000   22.500016420.2441   21.0558
    7.5000    7.5000   22.500015402.0420   21.0988
   -7.5000   15.0000   22.500014903.0605   21.0075
    0.0000   15.0000   22.500015743.3633   21.0171
    7.5000   15.0000   22.500014744.2422   21.0646
   -7.5000   22.5000   22.500014155.7295   20.9774
    0.0000   22.5000   22.500015030.8652   20.9898
    7.5000   22.5000   22.500014062.6865   21.0400
   -7.5000   30.0000   22.500013329.5098   20.7266
    0.0000   30.0000   22.500014201.3223   20.7466
    7.5000   30.0000   22.500013319.2715   20.7935
   -7.5000   37.5000   22.500012885.9834   20.7601
    0.0000   37.5000   22.500013751.4736   20.7856
    7.5000   37.5000   22.500012953.6865   20.8278
   -7.5000   45.0000   22.500011887.7627   20.2943
    0.0000   45.0000   22.500012678.5986   20.3167
    7.5000   45.0000   22.500011978.7598   20.3560
   -7.5000  -45.0000   30.0000 8308.3779   21.2578
    0.0000  -45.0000   30.0000 8762.2930   21.2868
    7.5000  -45.0000   30.0000 8360.0176   21.3240
   -7.5000  -37.5000   30.0000 9062.3145   21.0486
    0.0000  -37.5000   30.0000 9557.9414   21.0673
    7.5000  -37.5000   30.0000 9133.3477   21.1074
   -7.5000  -30.0000   30.000010211.4482   20.9841
    0.0000  -30.0000   30.000010773.8984   20.9988
    7.5000  -30.0000   30.000010304.0508   21.0437
   -7.5000  -22.5000   30.000011410.4629   20.9601
    0.0000  -22.5000   30.000012031.6426   20.9811
    7.5000  -22.5000   30.000011458.9072   21.0269
   -7.5000  -15.0000   30.000012561.5693   20.9824
    0.0000  -15.0000   30.000013281.1299   21.0129
    7.5000  -15.0000   30.000012632.1055   21.0546
   -7.5000   -7.5000   30.000013690.7793   21.0246
    0.0000   -7.5000   30.000014482.3672   21.0587
    7.5000   -7.5000   30.000013771.0527   21.0958
   -7.5000    0.0000   30.000014643.8311   21.0449
    0.0000    0.0000   30.000015258.1611   21.0734
    7.5000    0.0000   30.000014519.5557   21.1099
   -7.5000    7.5000   30.000014310.4375   21.0189
    0.0000    7.5000   30.000014838.9180   21.0376
    7.5000    7.5000   30.000014145.5967   21.0777
   -7.5000   15.0000   30.000013806.1094   20.9762
    0.0000   15.0000   30.000014442.8730   20.9909
    7.5000   15.0000   30.000013717.7256   21.0357
   -7.5000   22.5000   30.000013188.5166   20.9502
    0.0000   22.5000   30.000013905.5986   20.9712
    7.5000   22.5000   30.000013195.9199   21.0170
   -7.5000   30.0000   30.000012460.5039   20.7108
    0.0000   30.0000   30.000013190.4697   20.7410
    7.5000   30.0000   30.000012542.7236   20.7821
   -7.5000   37.5000   30.000012058.6816   20.7525
    0.0000   37.5000   30.000012801.6670   20.7861
    7.5000   37.5000   30.000012159.5947   20.8228
   -7.5000   45.0000   30.000011094.2686   20.2849
    0.0000   45.0000   30.000011793.6660   20.3123
    7.5000   45.0000   30.000011205.5811   20.3475
   -7.5000  -45.0000   37.5000 8158.4346   21.5274
    0.0000  -45.0000   37.5000 8584.1416   21.5729
    7.5000  -45.0000   37.5000 8181.1426   21.6182
   -7.5000  -37.5000   37.5000 8921.7998   21.3150
    0.0000  -37.5000   37.5000 9371.0908   21.3486
    7.5000  -37.5000   37.5000 8956.5156   21.3939
   -7.5000  -30.0000   37.500010034.1982   21.2437
    0.0000  -30.0000   37.500010538.1807   21.2715
    7.5000  -30.0000   37.500010073.6807   21.3197
   -7.5000  -22.5000   37.500011099.6787   21.2114
    0.0000  -22.5000   37.500011654.1348   21.2455
    7.5000  -22.5000   37.500011153.0557   21.2955
   -7.5000  -15.0000   37.500012142.6211   21.2316
    0.0000  -15.0000   37.500012749.0742   21.2768
    7.5000  -15.0000   37.500012235.3096   21.3256
   -7.5000   -7.5000   37.500013125.0225   21.2806
    0.0000   -7.5000   37.500013708.2402   21.3306
    7.5000   -7.5000   37.500013163.9570   21.3768
   -7.5000    0.0000   37.500013972.0049   21.3092
    0.0000    0.0000   37.500014432.5322   21.3537
    7.5000    0.0000   37.500013858.8789   21.3984
   -7.5000    7.5000   37.500013688.4951   21.2845
    0.0000    7.5000   37.500014194.8594   21.3180
    7.5000    7.5000   37.500013622.0020   21.3633
   -7.5000   15.0000   37.500013288.0215   21.2357
    0.0000   15.0000   37.500013886.6016   21.2634
    7.5000   15.0000   37.500013304.8115   21.3115
   -7.5000   22.5000   37.500012790.4375   21.2014
    0.0000   22.5000   37.500013410.8447   21.2356
    7.5000   22.5000   37.500012831.3867   21.2854
   -7.5000   30.0000   37.500012071.6006   20.9569
    0.0000   30.0000   37.500012726.1553   21.0015
    7.5000   30.0000   37.500012161.6533   21.0496
   -7.5000   37.5000   37.500011690.4893   21.0052
    0.0000   37.5000   37.500012360.2197   21.0546
    7.5000   37.5000   37.500011789.9961   21.1002
   -7.5000   45.0000   37.500010767.9883   20.5396
    0.0000   45.0000   37.500011411.3486   20.5825
    7.5000   45.0000   37.500010871.6328   20.6256
   -7.5000  -45.0000   45.0000 7548.5405   21.8169
    0.0000  -45.0000   45.0000 7939.2886   21.8712
    7.5000  -45.0000   45.0000 7594.4897   21.9275
   -7.5000  -37.5000   45.0000 8233.4414   21.6058
    0.0000  -37.5000   45.0000 8656.7314   21.6484
    7.5000  -37.5000   45.0000 8305.0205   21.7019
   -7.5000  -30.0000   45.0000 9222.9014   21.5341
    0.0000  -30.0000   45.0000 9693.1934   21.5691
    7.5000  -30.0000   45.0000 9302.9688   21.6249
   -7.5000  -22.5000   45.000010196.2891   21.4937
    0.0000  -22.5000   45.000010682.2461   21.5323
    7.5000  -22.5000   45.000010287.2920   21.5923
   -7.5000  -15.0000   45.000011114.5547   21.5070
    0.0000  -15.0000   45.000011628.2080   21.5562
    7.5000  -15.0000   45.000011237.1836   21.6176
   -7.5000   -7.5000   45.000012005.9834   21.5564
    0.0000   -7.5000   45.000012477.9912   21.6126
    7.5000   -7.5000   45.000012051.9600   21.6717
   -7.5000    0.0000   45.000012766.3271   21.5915
    0.0000    0.0000   45.000013204.0576   21.6447
    7.5000    0.0000   45.000012738.3018   21.6999
   -7.5000    7.5000   45.000012537.6025   21.5742
    0.0000    7.5000   45.000013021.1406   21.6167
    7.5000    7.5000   45.000012567.0059   21.6703
   -7.5000   15.0000   45.000012196.1553   21.5258
    0.0000   15.0000   45.000012720.7432   21.5607
    7.5000   15.0000   45.000012278.1260   21.6165
   -7.5000   22.5000   45.000011752.8154   21.4836
    0.0000   22.5000   45.000012267.4150   21.5221
    7.5000   22.5000   45.000011818.3311   21.5821
   -7.5000   30.0000   45.000011119.0127   21.2268
    0.0000   30.0000   45.000011651.3076   21.2754
    7.5000   30.0000   45.000011220.6914   21.3360
   -7.5000   37.5000   45.000010777.1240   21.2756
    0.0000   37.5000   45.000011366.3086   21.3310
    7.5000   37.5000   45.000010882.6621   21.3894
   -7.5000   45.0000   45.0000 9948.2461   20.8211
    0.0000   45.0000   45.000010498.8662   20.8724
    7.5000   45.0000   45.000010041.9268   20.9257

---------------------------------------------------------------------
imgreg_4dfp /opt/freesurfer/average/711-2C_as_mni_average_305 /opt/freesurfer/average/711-2B_as_mni_average_305_mask talsrcimg_g11 none talsrcimg_to_711-2C_as_mni_average_305_t4 4355
---------------------------------------------------------------------

freesurfer imgreg_4dfp.c
/opt/freesurfer/average/711-2C_as_mni_average_305.4dfp.img
       256       256       256         1
  1.000000  1.000000  1.000000
orientation T byte_order littleendian
Reading image: /opt/freesurfer/average/711-2C_as_mni_average_305.4dfp.img
dimensions:      256       256       256
mmppix:       1.0000   -1.0000   -1.0000
center:     128.0000 -129.0000 -129.0000
/opt/freesurfer/average/711-2B_as_mni_average_305_mask.4dfp.img
       256       256       256         1
  1.000000  1.000000  1.000000
orientation T byte_order littleendian
Reading mask: /opt/freesurfer/average/711-2B_as_mni_average_305_mask.4dfp.img (2306576 pixels)
talsrcimg_g11.4dfp.img
       256       256       256         1
  1.000000  1.000000  1.000000
orientation T byte_order littleendian
Reading image: talsrcimg_g11.4dfp.img
dimensions:      256       256       256
mmppix:       1.0000   -1.0000   -1.0000
center:     128.0000 -129.0000 -129.0000
rotation matrix determinant  1.000000
image alignment mode   4355 decimal     1103 hex
   -7.5000  -45.0000  -30.0000 2152.3569   25.5813
    0.0000  -45.0000  -30.0000 2165.0535   25.4092
    7.5000  -45.0000  -30.0000 2150.0430   25.3722
   -7.5000  -37.5000  -30.0000 2271.5068   23.1038
    0.0000  -37.5000  -30.0000 2285.1467   22.9190
    7.5000  -37.5000  -30.0000 2272.6592   22.8468
   -7.5000  -30.0000  -30.0000 2364.9072   21.0107
    0.0000  -30.0000  -30.0000 2379.8855   20.8536
    7.5000  -30.0000  -30.0000 2366.5896   20.7862
   -7.5000  -22.5000  -30.0000 2445.7537   19.4595
    0.0000  -22.5000  -30.0000 2460.3652   19.2719
    7.5000  -22.5000  -30.0000 2442.6128   19.2882
   -7.5000  -15.0000  -30.0000 2493.9109   18.3735
    0.0000  -15.0000  -30.0000 2510.5322   18.2469
    7.5000  -15.0000  -30.0000 2485.9717   18.3132
   -7.5000   -7.5000  -30.0000 2519.5444   17.6880
    0.0000   -7.5000  -30.0000 2539.4131   17.5836
    7.5000   -7.5000  -30.0000 2517.0542   17.6731
   -7.5000    0.0000  -30.0000 2531.9082   17.4097
    0.0000    0.0000  -30.0000 2554.1042   17.2502
    7.5000    0.0000  -30.0000 2538.6108   17.3539
   -7.5000    7.5000  -30.0000 2534.9702   17.4267
    0.0000    7.5000  -30.0000 2565.0288   17.2705
    7.5000    7.5000  -30.0000 2550.6497   17.3636
   -7.5000   15.0000  -30.0000 2517.9795   17.7575
    0.0000   15.0000  -30.0000 2543.2439   17.5482
    7.5000   15.0000  -30.0000 2531.7920   17.6851
   -7.5000   22.5000  -30.0000 2479.6038   18.4136
    0.0000   22.5000  -30.0000 2507.8345   18.2282
    7.5000   22.5000  -30.0000 2489.7893   18.3044
   -7.5000   30.0000  -30.0000 2418.7522   19.3857
    0.0000   30.0000  -30.0000 2447.4998   19.2092
    7.5000   30.0000  -30.0000 2428.9229   19.2745
   -7.5000   37.5000  -30.0000 2332.0840   20.6914
    0.0000   37.5000  -30.0000 2359.6919   20.4915
    7.5000   37.5000  -30.0000 2342.8733   20.5472
   -7.5000   45.0000  -30.0000 2228.4412   22.5632
    0.0000   45.0000  -30.0000 2246.8467   22.3308
    7.5000   45.0000  -30.0000 2237.7688   22.4604
   -7.5000  -45.0000  -22.5000 2239.7964   24.7721
    0.0000  -45.0000  -22.5000 2250.5510   24.5738
    7.5000  -45.0000  -22.5000 2230.7581   24.5613
   -7.5000  -37.5000  -22.5000 2364.7656   22.2957
    0.0000  -37.5000  -22.5000 2379.7341   22.0911
    7.5000  -37.5000  -22.5000 2356.5217   21.9964
   -7.5000  -30.0000  -22.5000 2463.6299   20.2300
    0.0000  -30.0000  -22.5000 2480.8467   20.0361
    7.5000  -30.0000  -22.5000 2460.0371   19.9749
   -7.5000  -22.5000  -22.5000 2549.5408   18.6513
    0.0000  -22.5000  -22.5000 2565.7268   18.4454
    7.5000  -22.5000  -22.5000 2543.9329   18.4645
   -7.5000  -15.0000  -22.5000 2606.0073   17.5395
    0.0000  -15.0000  -22.5000 2622.2654   17.3361
    7.5000  -15.0000  -22.5000 2602.3115   17.4168
   -7.5000   -7.5000  -22.5000 2641.8250   16.8524
    0.0000   -7.5000  -22.5000 2663.0386   16.6494
    7.5000   -7.5000  -22.5000 2647.3296   16.7780
   -7.5000    0.0000  -22.5000 2653.1975   16.5149
    0.0000    0.0000  -22.5000 2678.3564   16.3291
    7.5000    0.0000  -22.5000 2666.9646   16.4327
   -7.5000    7.5000  -22.5000 2657.2788   16.5276
    0.0000    7.5000  -22.5000 2686.3984   16.3300
    7.5000    7.5000  -22.5000 2672.0386   16.4224
   -7.5000   15.0000  -22.5000 2642.6067   16.7969
    0.0000   15.0000  -22.5000 2669.6848   16.5969
    7.5000   15.0000  -22.5000 2656.4102   16.7251
   -7.5000   22.5000  -22.5000 2606.8618   17.4079
    0.0000   22.5000  -22.5000 2638.4272   17.2079
    7.5000   22.5000  -22.5000 2620.2317   17.2973
   -7.5000   30.0000  -22.5000 2540.2974   18.2931
    0.0000   30.0000  -22.5000 2571.3645   18.1007
    7.5000   30.0000  -22.5000 2555.0315   18.1821
   -7.5000   37.5000  -22.5000 2450.3562   19.5361
    0.0000   37.5000  -22.5000 2479.1611   19.3312
    7.5000   37.5000  -22.5000 2467.8396   19.4200
   -7.5000   45.0000  -22.5000 2331.6455   21.2593
    0.0000   45.0000  -22.5000 2359.8728   21.0037
    7.5000   45.0000  -22.5000 2350.5603   21.1306
   -7.5000  -45.0000  -15.0000 2291.0498   24.0991
    0.0000  -45.0000  -15.0000 2302.7383   23.8921
    7.5000  -45.0000  -15.0000 2278.1091   23.8581
   -7.5000  -37.5000  -15.0000 2419.7834   21.6221
    0.0000  -37.5000  -15.0000 2437.4739   21.4425
    7.5000  -37.5000  -15.0000 2412.3862   21.3767
   -7.5000  -30.0000  -15.0000 2527.1165   19.5527
    0.0000  -30.0000  -15.0000 2543.1316   19.3214
    7.5000  -30.0000  -15.0000 2519.3633   19.3173
   -7.5000  -22.5000  -15.0000 2619.3381   17.9043
    0.0000  -22.5000  -15.0000 2635.9351   17.7168
    7.5000  -22.5000  -15.0000 2610.5103   17.7303
   -7.5000  -15.0000  -15.0000 2688.2593   16.7676
    0.0000  -15.0000  -15.0000 2701.9204   16.5296
    7.5000  -15.0000  -15.0000 2685.3721   16.6210
   -7.5000   -7.5000  -15.0000 2728.9116   16.0265
    0.0000   -7.5000  -15.0000 2747.0654   15.8063
    7.5000   -7.5000  -15.0000 2731.4739   15.9151
   -7.5000    0.0000  -15.0000 2742.1633   15.6629
    0.0000    0.0000  -15.0000 2764.3926   15.4785
    7.5000    0.0000  -15.0000 2749.4333   15.5704
   -7.5000    7.5000  -15.0000 2747.2471   15.6421
    0.0000    7.5000  -15.0000 2775.0815   15.4676
    7.5000    7.5000  -15.0000 2759.4082   15.5521
   -7.5000   15.0000  -15.0000 2735.2058   15.8911
    0.0000   15.0000  -15.0000 2767.6758   15.7156
    7.5000   15.0000  -15.0000 2746.3340   15.8318
   -7.5000   22.5000  -15.0000 2700.3972   16.4759
    0.0000   22.5000  -15.0000 2733.2012   16.2689
    7.5000   22.5000  -15.0000 2716.0730   16.4004
   -7.5000   30.0000  -15.0000 2631.0491   17.2893
    0.0000   30.0000  -15.0000 2660.5251   17.0785
    7.5000   30.0000  -15.0000 2651.4211   17.1723
   -7.5000   37.5000  -15.0000 2533.1440   18.5066
    0.0000   37.5000  -15.0000 2563.8699   18.2585
    7.5000   37.5000  -15.0000 2555.5244   18.3633
   -7.5000   45.0000  -15.0000 2415.5764   20.1383
    0.0000   45.0000  -15.0000 2441.6448   19.8519
    7.5000   45.0000  -15.0000 2432.0747   19.9513
   -7.5000  -45.0000   -7.5000 2322.1780   23.6292
    0.0000  -45.0000   -7.5000 2335.4885   23.4173
    7.5000  -45.0000   -7.5000 2316.2498   23.4185
   -7.5000  -37.5000   -7.5000 2453.1021   21.1047
    0.0000  -37.5000   -7.5000 2474.2871   20.9472
    7.5000  -37.5000   -7.5000 2452.1182   20.9117
   -7.5000  -30.0000   -7.5000 2568.2112   18.9810
    0.0000  -30.0000   -7.5000 2590.1748   18.8205
    7.5000  -30.0000   -7.5000 2561.8750   18.7952
   -7.5000  -22.5000   -7.5000 2668.4824   17.3361
    0.0000  -22.5000   -7.5000 2683.5803   17.1156
    7.5000  -22.5000   -7.5000 2659.9121   17.2005
   -7.5000  -15.0000   -7.5000 2739.4824   16.0993
    0.0000  -15.0000   -7.5000 2757.0640   15.9065
    7.5000  -15.0000   -7.5000 2740.7383   16.0049
   -7.5000   -7.5000   -7.5000 2783.3506   15.2952
    0.0000   -7.5000   -7.5000 2806.6438   15.0809
    7.5000   -7.5000   -7.5000 2790.2961   15.2212
   -7.5000    0.0000   -7.5000 2806.5818   14.8495
    0.0000    0.0000   -7.5000 2835.5081   14.6764
    7.5000    0.0000   -7.5000 2813.2939   14.8354
   -7.5000    7.5000   -7.5000 2822.0525   14.8158
    0.0000    7.5000   -7.5000 2852.1482   14.6652
    7.5000    7.5000   -7.5000 2834.0042   14.8108
   -7.5000   15.0000   -7.5000 2812.0999   15.1130
    0.0000   15.0000   -7.5000 2850.5537   14.9107
    7.5000   15.0000   -7.5000 2832.4448   15.0648
   -7.5000   22.5000   -7.5000 2770.3843   15.6577
    0.0000   22.5000   -7.5000 2806.7874   15.4267
    7.5000   22.5000   -7.5000 2798.1038   15.5903
   -7.5000   30.0000   -7.5000 2706.8647   16.4682
    0.0000   30.0000   -7.5000 2736.7527   16.2288
    7.5000   30.0000   -7.5000 2732.0093   16.3868
   -7.5000   37.5000   -7.5000 2611.0166   17.6488
    0.0000   37.5000   -7.5000 2639.9929   17.3589
    7.5000   37.5000   -7.5000 2629.8071   17.5481
   -7.5000   45.0000   -7.5000 2489.0986   19.2083
    0.0000   45.0000   -7.5000 2515.5093   18.9378
    7.5000   45.0000   -7.5000 2507.5466   19.0868
   -7.5000  -45.0000    0.0000 2324.5808   23.3584
    0.0000  -45.0000    0.0000 2349.7319   23.1507
    7.5000  -45.0000    0.0000 2326.8826   23.2110
   -7.5000  -37.5000    0.0000 2456.3511   20.7755
    0.0000  -37.5000    0.0000 2487.3230   20.5879
    7.5000  -37.5000    0.0000 2462.5586   20.5933
   -7.5000  -30.0000    0.0000 2579.1753   18.6770
    0.0000  -30.0000    0.0000 2603.9175   18.4345
    7.5000  -30.0000    0.0000 2578.0916   18.4864
   -7.5000  -22.5000    0.0000 2683.0015   16.9746
    0.0000  -22.5000    0.0000 2706.1697   16.7750
    7.5000  -22.5000    0.0000 2686.1301   16.8741
   -7.5000  -15.0000    0.0000 2761.1846   15.7125
    0.0000  -15.0000    0.0000 2789.9138   15.5473
    7.5000  -15.0000    0.0000 2776.0708   15.6838
   -7.5000   -7.5000    0.0000 2809.9363   14.8108
    0.0000   -7.5000    0.0000 2842.1345   14.6458
    7.5000   -7.5000    0.0000 2825.9600   14.8556
   -7.5000    0.0000    0.0000 2841.6726   14.2718
    0.0000    0.0000    0.0000 2878.0222   14.0951
    7.5000    0.0000    0.0000 2861.5747   14.3516
   -7.5000    7.5000    0.0000 2864.9524   14.1953
    0.0000    7.5000    0.0000 2897.4280   13.9783
    7.5000    7.5000    0.0000 2888.4734   14.2624
   -7.5000   15.0000    0.0000 2858.4937   14.5238
    0.0000   15.0000    0.0000 2895.3132   14.2585
    7.5000   15.0000    0.0000 2893.8462   14.5543
   -7.5000   22.5000    0.0000 2824.7158   15.1004
    0.0000   22.5000    0.0000 2862.3005   14.8196
    7.5000   22.5000    0.0000 2864.0510   15.1032
   -7.5000   30.0000    0.0000 2757.0020   15.9062
    0.0000   30.0000    0.0000 2789.4670   15.5881
    7.5000   30.0000    0.0000 2791.0471   15.8572
   -7.5000   37.5000    0.0000 2663.1731   17.0442
    0.0000   37.5000    0.0000 2692.5576   16.7442
    7.5000   37.5000    0.0000 2689.8455   16.9789
   -7.5000   45.0000    0.0000 2534.2551   18.6089
    0.0000   45.0000    0.0000 2568.3801   18.3097
    7.5000   45.0000    0.0000 2565.7698   18.5532
   -7.5000  -45.0000    7.5000 2310.5112   23.2743
    0.0000  -45.0000    7.5000 2330.5872   22.9412
    7.5000  -45.0000    7.5000 2315.4629   23.0403
   -7.5000  -37.5000    7.5000 2446.0991   20.5994
    0.0000  -37.5000    7.5000 2465.8220   20.2931
    7.5000  -37.5000    7.5000 2447.7764   20.3617
   -7.5000  -30.0000    7.5000 2571.8767   18.4668
    0.0000  -30.0000    7.5000 2594.1328   18.1668
    7.5000  -30.0000    7.5000 2571.5676   18.2557
   -7.5000  -22.5000    7.5000 2675.7727   16.7658
    0.0000  -22.5000    7.5000 2705.0886   16.5343
    7.5000  -22.5000    7.5000 2686.9333   16.6615
   -7.5000  -15.0000    7.5000 2765.1147   15.5297
    0.0000  -15.0000    7.5000 2800.3455   15.3650
    7.5000  -15.0000    7.5000 2788.4224   15.5011
   -7.5000   -7.5000    7.5000 2831.1516   14.6338
    0.0000   -7.5000    7.5000 2873.9631   14.5253
    7.5000   -7.5000    7.5000 2863.4390   14.7229
   -7.5000    0.0000    7.5000 2863.4165   14.0744
    0.0000    0.0000    7.5000 2906.9497   13.8365
    7.5000    0.0000    7.5000 2908.9607   14.2096
   -7.5000    7.5000    7.5000 2892.2676   13.9218
    0.0000    7.5000    7.5000 2927.8967   13.6150
    7.5000    7.5000    7.5000 2934.5498   14.0323
   -7.5000   15.0000    7.5000 2894.6863   14.2343
    0.0000   15.0000    7.5000 2927.4041   13.9133
    7.5000   15.0000    7.5000 2926.6772   14.2024
   -7.5000   22.5000    7.5000 2862.9146   14.7585
    0.0000   22.5000    7.5000 2892.6062   14.4217
    7.5000   22.5000    7.5000 2893.8142   14.6302
   -7.5000   30.0000    7.5000 2793.0149   15.5309
    0.0000   30.0000    7.5000 2825.1189   15.2130
    7.5000   30.0000    7.5000 2823.6445   15.3742
   -7.5000   37.5000    7.5000 2695.9797   16.6751
    0.0000   37.5000    7.5000 2728.3132   16.3498
    7.5000   37.5000    7.5000 2724.1851   16.4872
   -7.5000   45.0000    7.5000 2567.2109   18.2494
    0.0000   45.0000    7.5000 2600.9136   17.9454
    7.5000   45.0000    7.5000 2597.7583   18.0852
   -7.5000  -45.0000   15.0000 2286.7727   23.4544
    0.0000  -45.0000   15.0000 2301.7710   23.1299
    7.5000  -45.0000   15.0000 2285.4441   23.2077
   -7.5000  -37.5000   15.0000 2416.6501   20.6585
    0.0000  -37.5000   15.0000 2435.1135   20.3248
    7.5000  -37.5000   15.0000 2420.8704   20.4409
   -7.5000  -30.0000   15.0000 2536.5608   18.4320
    0.0000  -30.0000   15.0000 2565.1338   18.1449
    7.5000  -30.0000   15.0000 2547.2422   18.2704
   -7.5000  -22.5000   15.0000 2640.5090   16.7009
    0.0000  -22.5000   15.0000 2677.2087   16.4770
    7.5000  -22.5000   15.0000 2668.8591   16.6442
   -7.5000  -15.0000   15.0000 2736.1316   15.4750
    0.0000  -15.0000   15.0000 2777.0774   15.2897
    7.5000  -15.0000   15.0000 2772.9414   15.4629
   -7.5000   -7.5000   15.0000 2830.6663   14.7351
    0.0000   -7.5000   15.0000 2877.6213   14.6123
    7.5000   -7.5000   15.0000 2869.2214   14.7283
   -7.5000    0.0000   15.0000 2895.7729   14.3506
    0.0000    0.0000   15.0000 2960.3662   14.3021
    7.5000    0.0000   15.0000 2937.5984   14.3097
   -7.5000    7.5000   15.0000 2922.3601   14.1094
    0.0000    7.5000   15.0000 2972.9111   13.8572
    7.5000    7.5000   15.0000 2960.9321   14.0019
   -7.5000   15.0000   15.0000 2909.9451   14.0914
    0.0000   15.0000   15.0000 2946.7791   13.8166
    7.5000   15.0000   15.0000 2936.2825   13.9312
   -7.5000   22.5000   15.0000 2875.2214   14.5311
    0.0000   22.5000   15.0000 2907.9333   14.2147
    7.5000   22.5000   15.0000 2902.7190   14.3065
   -7.5000   30.0000   15.0000 2806.8777   15.3154
    0.0000   30.0000   15.0000 2836.5154   15.0163
    7.5000   30.0000   15.0000 2832.3923   15.0899
   -7.5000   37.5000   15.0000 2710.6880   16.5047
    0.0000   37.5000   15.0000 2735.6541   16.1934
    7.5000   37.5000   15.0000 2732.3042   16.2766
   -7.5000   45.0000   15.0000 2586.4583   18.1213
    0.0000   45.0000   15.0000 2613.5461   17.8086
    7.5000   45.0000   15.0000 2606.6021   17.8784
   -7.5000  -45.0000   22.5000 2249.9507   23.8132
    0.0000  -45.0000   22.5000 2264.9546   23.4329
    7.5000  -45.0000   22.5000 2257.5044   23.6736
   -7.5000  -37.5000   22.5000 2372.3423   20.9919
    0.0000  -37.5000   22.5000 2392.6580   20.6189
    7.5000  -37.5000   22.5000 2391.5723   20.8443
   -7.5000  -30.0000   22.5000 2493.9734   18.7490
    0.0000  -30.0000   22.5000 2514.6245   18.4186
    7.5000  -30.0000   22.5000 2519.4751   18.6646
   -7.5000  -22.5000   22.5000 2606.6235   17.0942
    0.0000  -22.5000   22.5000 2635.2874   16.8475
    7.5000  -22.5000   22.5000 2639.3469   17.0222
   -7.5000  -15.0000   22.5000 2718.1631   15.9251
    0.0000  -15.0000   22.5000 2756.6118   15.7169
    7.5000  -15.0000   22.5000 2746.0203   15.8157
   -7.5000   -7.5000   22.5000 2822.7607   15.1886
    0.0000   -7.5000   22.5000 2869.1526   14.9984
    7.5000   -7.5000   22.5000 2852.1252   15.0250
   -7.5000    0.0000   22.5000 2895.5718   14.6937
    0.0000    0.0000   22.5000 2953.3479   14.5228
    7.5000    0.0000   22.5000 2925.3989   14.5019
   -7.5000    7.5000   22.5000 2932.2136   14.3654
    0.0000    7.5000   22.5000 2985.2656   14.0989
    7.5000    7.5000   22.5000 2958.9087   14.1044
   -7.5000   15.0000   22.5000 2919.6060   14.3044
    0.0000   15.0000   22.5000 2962.6760   13.9915
    7.5000   15.0000   22.5000 2932.1106   14.0101
   -7.5000   22.5000   22.5000 2875.5706   14.6483
    0.0000   22.5000   22.5000 2919.7942   14.3732
    7.5000   22.5000   22.5000 2893.3254   14.4121
   -7.5000   30.0000   22.5000 2801.7019   15.4098
    0.0000   30.0000   22.5000 2834.9111   15.1587
    7.5000   30.0000   22.5000 2821.3459   15.1944
   -7.5000   37.5000   22.5000 2703.6985   16.5868
    0.0000   37.5000   22.5000 2727.3877   16.3170
    7.5000   37.5000   22.5000 2725.2559   16.3595
   -7.5000   45.0000   22.5000 2583.6013   18.1462
    0.0000   45.0000   22.5000 2604.8169   17.8626
    7.5000   45.0000   22.5000 2598.8171   17.8931
   -7.5000  -45.0000   30.0000 2200.9019   24.5893
    0.0000  -45.0000   30.0000 2219.8647   24.2335
    7.5000  -45.0000   30.0000 2224.2361   24.5620
   -7.5000  -37.5000   30.0000 2326.2869   21.7268
    0.0000  -37.5000   30.0000 2345.9082   21.3583
    7.5000  -37.5000   30.0000 2356.4832   21.6287
   -7.5000  -30.0000   30.0000 2448.9187   19.5013
    0.0000  -30.0000   30.0000 2473.8953   19.1584
    7.5000  -30.0000   30.0000 2482.3457   19.3958
   -7.5000  -22.5000   30.0000 2573.1719   17.8253
    0.0000  -22.5000   30.0000 2598.1104   17.4724
    7.5000  -22.5000   30.0000 2599.7573   17.6531
   -7.5000  -15.0000   30.0000 2679.9412   16.5241
    0.0000  -15.0000   30.0000 2708.5237   16.2203
    7.5000  -15.0000   30.0000 2705.9255   16.3335
   -7.5000   -7.5000   30.0000 2781.8162   15.6229
    0.0000   -7.5000   30.0000 2816.2334   15.3195
    7.5000   -7.5000   30.0000 2810.6287   15.3785
   -7.5000    0.0000   30.0000 2858.4031   15.0045
    0.0000    0.0000   30.0000 2894.7595   14.6526
    7.5000    0.0000   30.0000 2885.7712   14.7306
   -7.5000    7.5000   30.0000 2908.0398   14.6355
    0.0000    7.5000   30.0000 2930.2693   14.1464
    7.5000    7.5000   30.0000 2921.3979   14.2615
   -7.5000   15.0000   30.0000 2902.9087   14.6187
    0.0000   15.0000   30.0000 2938.6643   14.2316
    7.5000   15.0000   30.0000 2917.9673   14.3173
   -7.5000   22.5000   30.0000 2858.1165   14.9887
    0.0000   22.5000   30.0000 2902.2153   14.7038
    7.5000   22.5000   30.0000 2883.1868   14.7963
   -7.5000   30.0000   30.0000 2785.8777   15.7694
    0.0000   30.0000   30.0000 2822.8059   15.5383
    7.5000   30.0000   30.0000 2820.2246   15.6424
   -7.5000   37.5000   30.0000 2687.6572   16.9537
    0.0000   37.5000   30.0000 2713.1707   16.7268
    7.5000   37.5000   30.0000 2711.4121   16.8166
   -7.5000   45.0000   30.0000 2563.0505   18.4960
    0.0000   45.0000   30.0000 2588.3589   18.2257
    7.5000   45.0000   30.0000 2580.1042   18.3108
   -7.5000  -45.0000   37.5000 2158.0562   25.9716
    0.0000  -45.0000   37.5000 2178.7439   25.5234
    7.5000  -45.0000   37.5000 2183.6755   25.8234
   -7.5000  -37.5000   37.5000 2285.1072   22.9403
    0.0000  -37.5000   37.5000 2299.6255   22.3934
    7.5000  -37.5000   37.5000 2308.3330   22.6987
   -7.5000  -30.0000   37.5000 2404.6555   20.5148
    0.0000  -30.0000   37.5000 2419.1450   19.9685
    7.5000  -30.0000   37.5000 2428.4663   20.2710
   -7.5000  -22.5000   37.5000 2521.7729   18.5966
    0.0000  -22.5000   37.5000 2537.1863   18.1041
    7.5000  -22.5000   37.5000 2547.0942   18.3566
   -7.5000  -15.0000   37.5000 2625.8706   17.1693
    0.0000  -15.0000   37.5000 2646.2400   16.7330
    7.5000  -15.0000   37.5000 2652.2300   16.9280
   -7.5000   -7.5000   37.5000 2722.1404   16.1776
    0.0000   -7.5000   37.5000 2746.0654   15.7599
    7.5000   -7.5000   37.5000 2748.8931   15.9174
   -7.5000    0.0000   37.5000 2805.7905   15.4870
    0.0000    0.0000   37.5000 2825.3804   14.9601
    7.5000    0.0000   37.5000 2821.4309   15.1039
   -7.5000    7.5000   37.5000 2858.3708   15.1228
    0.0000    7.5000   37.5000 2879.8723   14.6336
    7.5000    7.5000   37.5000 2876.6028   14.7453
   -7.5000   15.0000   37.5000 2861.1631   15.1494
    0.0000   15.0000   37.5000 2899.8330   14.8016
    7.5000   15.0000   37.5000 2889.0295   14.9123
   -7.5000   22.5000   37.5000 2824.9541   15.6068
    0.0000   22.5000   37.5000 2862.0845   15.2982
    7.5000   22.5000   37.5000 2850.0181   15.4407
   -7.5000   30.0000   37.5000 2745.2500   16.3561
    0.0000   30.0000   37.5000 2785.4846   16.0777
    7.5000   30.0000   37.5000 2780.0259   16.2246
   -7.5000   37.5000   37.5000 2646.6428   17.5156
    0.0000   37.5000   37.5000 2684.3352   17.2822
    7.5000   37.5000   37.5000 2681.0569   17.3981
   -7.5000   45.0000   37.5000 2525.3311   19.0462
    0.0000   45.0000   37.5000 2557.4512   18.8258
    7.5000   45.0000   37.5000 2552.2515   18.9372
   -7.5000  -45.0000   45.0000 2102.4336   27.5437
    0.0000  -45.0000   45.0000 2117.0503   26.9336
    7.5000  -45.0000   45.0000 2125.6792   27.2622
   -7.5000  -37.5000   45.0000 2228.4214   24.1243
    0.0000  -37.5000   45.0000 2239.2695   23.5221
    7.5000  -37.5000   45.0000 2252.0657   23.9032
   -7.5000  -30.0000   45.0000 2350.7195   21.4678
    0.0000  -30.0000   45.0000 2361.2598   20.8821
    7.5000  -30.0000   45.0000 2374.6177   21.2069
   -7.5000  -22.5000   45.0000 2465.6484   19.4525
    0.0000  -22.5000   45.0000 2475.3853   18.8840
    7.5000  -22.5000   45.0000 2489.4871   19.1938
   -7.5000  -15.0000   45.0000 2567.7600   17.9915
    0.0000  -15.0000   45.0000 2578.3303   17.4301
    7.5000  -15.0000   45.0000 2594.6589   17.7415
   -7.5000   -7.5000   45.0000 2666.0491   16.9507
    0.0000   -7.5000   45.0000 2679.5898   16.3535
    7.5000   -7.5000   45.0000 2688.1230   16.6227
   -7.5000    0.0000   45.0000 2741.9548   16.2210
    0.0000    0.0000   45.0000 2762.1265   15.6086
    7.5000    0.0000   45.0000 2759.1597   15.7877
   -7.5000    7.5000   45.0000 2785.3123   15.8136
    0.0000    7.5000   45.0000 2812.0051   15.3982
    7.5000    7.5000   45.0000 2813.0437   15.5440
   -7.5000   15.0000   45.0000 2789.8865   15.9337
    0.0000   15.0000   45.0000 2823.7646   15.5915
    7.5000   15.0000   45.0000 2822.7805   15.7074
   -7.5000   22.5000   45.0000 2759.8872   16.4097
    0.0000   22.5000   45.0000 2784.8909   16.1090
    7.5000   22.5000   45.0000 2781.7520   16.2383
   -7.5000   30.0000   45.0000 2689.3818   17.1785
    0.0000   30.0000   45.0000 2721.0845   16.8719
    7.5000   30.0000   45.0000 2720.0742   17.0209
   -7.5000   37.5000   45.0000 2591.7307   18.2967
    0.0000   37.5000   45.0000 2632.9709   18.0259
    7.5000   37.5000   45.0000 2628.3091   18.1790
   -7.5000   45.0000   45.0000 2475.8076   19.8343
    0.0000   45.0000   45.0000 2507.6934   19.5708
    7.5000   45.0000   45.0000 2506.5217   19.7056
   -7.5000  -45.0000   52.5000 2042.9701   28.9502
    0.0000  -45.0000   52.5000 2058.0872   28.2803
    7.5000  -45.0000   52.5000 2072.9241   28.7124
   -7.5000  -37.5000   52.5000 2173.4919   25.3893
    0.0000  -37.5000   52.5000 2185.8223   24.7658
    7.5000  -37.5000   52.5000 2199.8130   25.1486
   -7.5000  -30.0000   52.5000 2294.1646   22.6001
    0.0000  -30.0000   52.5000 2309.1987   21.9754
    7.5000  -30.0000   52.5000 2322.4377   22.3506
   -7.5000  -22.5000   52.5000 2410.1235   20.5390
    0.0000  -22.5000   52.5000 2420.8940   19.8765
    7.5000  -22.5000   52.5000 2431.6816   20.2050
   -7.5000  -15.0000   52.5000 2508.5918   18.9781
    0.0000  -15.0000   52.5000 2521.8394   18.2939
    7.5000  -15.0000   52.5000 2532.1643   18.6388
   -7.5000   -7.5000   52.5000 2608.1023   17.8661
    0.0000   -7.5000   52.5000 2619.9622   17.1464
    7.5000   -7.5000   52.5000 2629.3054   17.4585
   -7.5000    0.0000   52.5000 2677.8306   17.1260
    0.0000    0.0000   52.5000 2692.6807   16.5058
    7.5000    0.0000   52.5000 2694.2798   16.7343
   -7.5000    7.5000   52.5000 2713.2561   16.7821
    0.0000    7.5000   52.5000 2735.8750   16.3546
    7.5000    7.5000   52.5000 2737.4023   16.5216
   -7.5000   15.0000   52.5000 2705.5281   16.9051
    0.0000   15.0000   52.5000 2734.2625   16.5320
    7.5000   15.0000   52.5000 2738.1538   16.6727
   -7.5000   22.5000   52.5000 2679.9539   17.3469
    0.0000   22.5000   52.5000 2705.1035   17.0223
    7.5000   22.5000   52.5000 2706.4119   17.1682
   -7.5000   30.0000   52.5000 2612.8364   18.1445
    0.0000   30.0000   52.5000 2645.9084   17.7851
    7.5000   30.0000   52.5000 2643.6792   17.9679
   -7.5000   37.5000   52.5000 2525.2285   19.2413
    0.0000   37.5000   52.5000 2560.1699   18.9365
    7.5000   37.5000   52.5000 2564.0464   19.0970
   -7.5000   45.0000   52.5000 2415.7249   20.7795
    0.0000   45.0000   52.5000 2442.2925   20.5017
    7.5000   45.0000   52.5000 2440.2122   20.5961
   -7.5000  -45.0000   60.0000 1964.3339   30.2394
    0.0000  -45.0000   60.0000 1981.4116   29.6822
    7.5000  -45.0000   60.0000 1990.0902   30.1349
   -7.5000  -37.5000   60.0000 2099.7249   26.6668
    0.0000  -37.5000   60.0000 2112.6013   26.0289
    7.5000  -37.5000   60.0000 2119.0940   26.3679
   -7.5000  -30.0000   60.0000 2216.7754   23.7676
    0.0000  -30.0000   60.0000 2232.9412   23.1166
    7.5000  -30.0000   60.0000 2234.0901   23.3916
   -7.5000  -22.5000   60.0000 2326.4021   21.6149
    0.0000  -22.5000   60.0000 2341.7373   20.8970
    7.5000  -22.5000   60.0000 2341.8821   21.1877
   -7.5000  -15.0000   60.0000 2425.4546   20.0341
    0.0000  -15.0000   60.0000 2440.2454   19.2923
    7.5000  -15.0000   60.0000 2443.2747   19.5670
   -7.5000   -7.5000   60.0000 2516.4592   18.8746
    0.0000   -7.5000   60.0000 2528.8899   18.1862
    7.5000   -7.5000   60.0000 2532.3262   18.4486
   -7.5000    0.0000   60.0000 2581.3135   18.1480
    0.0000    0.0000   60.0000 2591.9270   17.5838
    7.5000    0.0000   60.0000 2594.1890   17.7733
   -7.5000    7.5000   60.0000 2606.6592   17.8622
    0.0000    7.5000   60.0000 2628.2666   17.4270
    7.5000    7.5000   60.0000 2630.3833   17.5498
   -7.5000   15.0000   60.0000 2594.8665   17.9620
    0.0000   15.0000   60.0000 2621.8096   17.5792
    7.5000   15.0000   60.0000 2626.1223   17.6868
   -7.5000   22.5000   60.0000 2567.6492   18.4200
    0.0000   22.5000   60.0000 2591.5493   18.0502
    7.5000   22.5000   60.0000 2590.9265   18.1532
   -7.5000   30.0000   60.0000 2507.9922   19.1620
    0.0000   30.0000   60.0000 2537.7180   18.7988
    7.5000   30.0000   60.0000 2536.3708   18.9409
   -7.5000   37.5000   60.0000 2428.7112   20.2721
    0.0000   37.5000   60.0000 2454.4805   19.9201
    7.5000   37.5000   60.0000 2460.2434   20.0407
   -7.5000   45.0000   60.0000 2322.7793   21.8113
    0.0000   45.0000   60.0000 2343.9253   21.4803
    7.5000   45.0000   60.0000 2344.0757   21.5487

---------------------------------------------------------------------
imgreg_4dfp /opt/freesurfer/average/711-2C_as_mni_average_305 /opt/freesurfer/average/711-2B_as_mni_average_305_mask talsrcimg_g11 none talsrcimg_to_711-2C_as_mni_average_305_t4 1283
---------------------------------------------------------------------

freesurfer imgreg_4dfp.c
/opt/freesurfer/average/711-2C_as_mni_average_305.4dfp.img
       256       256       256         1
  1.000000  1.000000  1.000000
orientation T byte_order littleendian
Reading image: /opt/freesurfer/average/711-2C_as_mni_average_305.4dfp.img
dimensions:      256       256       256
mmppix:       1.0000   -1.0000   -1.0000
center:     128.0000 -129.0000 -129.0000
/opt/freesurfer/average/711-2B_as_mni_average_305_mask.4dfp.img
       256       256       256         1
  1.000000  1.000000  1.000000
orientation T byte_order littleendian
Reading mask: /opt/freesurfer/average/711-2B_as_mni_average_305_mask.4dfp.img (2306576 pixels)
talsrcimg_g11.4dfp.img
       256       256       256         1
  1.000000  1.000000  1.000000
orientation T byte_order littleendian
Reading image: talsrcimg_g11.4dfp.img
dimensions:      256       256       256
mmppix:       1.0000   -1.0000   -1.0000
center:     128.0000 -129.0000 -129.0000
rotation matrix determinant  1.000000
fimgreg.f
image alignment mode   1283 decimal      503 hex
parameters
    0.0000    7.5000   22.5000    0.0000    0.0000    0.0000
eta,q 0.93644 14.10510
niter,ni,del,rscale     5    3   12.0000    1.2000
parameter  3  0.573283 ->  0.500000 qaram    1.1500
parameter  4  1.355483 ->  0.500000 qaram    1.1500
parameter  5  0.607498 ->  0.500000 qaram    1.1500
parameter  6  0.617504 ->  0.500000 qaram    1.1500
parameters
    1.5153    7.6838   19.0500   -3.4500   -3.4500   -3.4500
eta,q 0.95139 14.11920
  0.0780  0.0713  0.0607  0.0522  0.0537  0.0495
  0.0717  0.0664  0.0582  0.0539  0.0507  0.0487
  0.0651  0.0617  0.0580  0.0558  0.0512  0.0487
  0.0613  0.0605  0.0607  0.0580  0.0544  0.0504
  0.0612  0.0631  0.0660  0.0611  0.0581  0.0539
  0.0639  0.0658  0.0727  0.0664  0.0614  0.0581
  0.0673  0.0695  0.0775  0.0706  0.0662  0.0627
niter,ni,del,rscale     7    3   12.0000    1.2000
parameter  4  0.741787 ->  0.500000 qaram    1.3225
parameters
    1.6599    7.2614   19.3658   -7.4175   -3.1566   -4.3370
eta,q 0.95488 14.23437
  0.0671  0.0585  0.0657  0.0458  0.0565  0.0512
  0.0586  0.0517  0.0565  0.0452  0.0517  0.0482
  0.0521  0.0486  0.0502  0.0457  0.0476  0.0458
  0.0486  0.0487  0.0484  0.0485  0.0451  0.0451
  0.0524  0.0514  0.0503  0.0511  0.0465  0.0469
  0.0578  0.0555  0.0546  0.0544  0.0500  0.0508
  0.0650  0.0594  0.0625  0.0599  0.0552  0.0556
niter,ni,del,rscale     7    3   12.0000    1.2000
parameters
    1.6178    7.7680   18.5369   -8.4702   -3.2347   -4.3824
eta,q 0.95521 14.21293
  0.0639  0.0611  0.0583  0.0512  0.0544  0.0509
  0.0556  0.0520  0.0496  0.0464  0.0495  0.0483
  0.0475  0.0465  0.0454  0.0447  0.0462  0.0461
  0.0451  0.0451  0.0453  0.0448  0.0448  0.0448
  0.0495  0.0465  0.0493  0.0467  0.0464  0.0450
  0.0556  0.0503  0.0559  0.0508  0.0494  0.0476
  0.0641  0.0553  0.0650  0.0541  0.0550  0.0520
niter,ni,del,rscale     6    3   12.0000    1.2000
parameters
    1.6000    8.0935   18.2735   -9.1759   -3.2481   -4.3271
eta,q 0.95541 14.20065
  0.0638  0.0593  0.0613  0.0511  0.0541  0.0508
  0.0546  0.0498  0.0512  0.0472  0.0491  0.0483
  0.0469  0.0451  0.0458  0.0444  0.0460  0.0460
  0.0448  0.0448  0.0449  0.0447  0.0446  0.0446
  0.0497  0.0461  0.0479  0.0458  0.0463  0.0448
  0.0551  0.0500  0.0540  0.0497  0.0489  0.0473
  0.0628  0.0546  0.0628  0.0533  0.0542  0.0516
niter,ni,del,rscale     5    3   12.0000    1.2000
parameters
    1.6217    8.3681   18.1041   -9.7283   -3.2629   -4.2664
eta,q 0.95560 14.19313
  0.0639  0.0587  0.0618  0.0509  0.0537  0.0509
  0.0544  0.0491  0.0514  0.0477  0.0487  0.0483
  0.0467  0.0451  0.0458  0.0443  0.0457  0.0459
  0.0446  0.0446  0.0447  0.0446  0.0444  0.0444
  0.0496  0.0461  0.0475  0.0456  0.0462  0.0447
  0.0549  0.0502  0.0535  0.0488  0.0485  0.0473
  0.0622  0.0542  0.0625  0.0531  0.0537  0.0516
niter,ni,del,rscale     4    3   12.0000    1.2000
parameters
    1.6446    8.6428   17.9931  -10.2380   -3.2775   -4.2207
eta,q 0.95576 14.19064
  0.0636  0.0582  0.0620  0.0507  0.0532  0.0510
  0.0540  0.0491  0.0515  0.0477  0.0483  0.0484
  0.0465  0.0451  0.0457  0.0444  0.0454  0.0458
  0.0444  0.0444  0.0445  0.0444  0.0443  0.0443
  0.0494  0.0462  0.0470  0.0456  0.0461  0.0448
  0.0546  0.0504  0.0532  0.0483  0.0482  0.0476
  0.0618  0.0537  0.0622  0.0529  0.0531  0.0516
niter,ni,del,rscale     3    3   12.0000    1.2000
parameters
    1.6569    8.9374   17.8830  -10.7839   -3.2728   -4.2090
eta,q 0.95591 14.18930
  0.0632  0.0577  0.0619  0.0504  0.0528  0.0511
  0.0536  0.0493  0.0515  0.0474  0.0481  0.0484
  0.0464  0.0451  0.0457  0.0445  0.0452  0.0455
  0.0442  0.0443  0.0443  0.0443  0.0441  0.0441
  0.0492  0.0463  0.0467  0.0456  0.0459  0.0449
  0.0544  0.0505  0.0531  0.0480  0.0479  0.0478
  0.0615  0.0531  0.0623  0.0527  0.0526  0.0517
niter,ni,del,rscale     2    3   12.0000    1.2000
parameters
    1.6448    9.3057   17.7584  -11.5122   -3.1650   -4.2666
eta,q 0.95605 14.19330
  0.0626  0.0574  0.0617  0.0497  0.0526  0.0511
  0.0532  0.0495  0.0514  0.0470  0.0479  0.0482
  0.0463  0.0451  0.0456  0.0444  0.0450  0.0453
  0.0441  0.0441  0.0442  0.0442  0.0439  0.0440
  0.0490  0.0464  0.0464  0.0456  0.0457  0.0450
  0.0541  0.0502  0.0530  0.0481  0.0474  0.0479
  0.0613  0.0525  0.0623  0.0524  0.0519  0.0518
niter,ni,del,rscale     1    3   12.0000    1.2000
parameters
    1.5779    9.8024   17.5648  -12.6874   -2.9111   -4.4101
eta,q 0.95604 14.20609
  0.0620  0.0575  0.0611  0.0485  0.0528  0.0512
  0.0528  0.0499  0.0509  0.0462  0.0482  0.0479
  0.0461  0.0452  0.0452  0.0440  0.0448  0.0451
  0.0440  0.0439  0.0442  0.0441  0.0438  0.0439
  0.0486  0.0464  0.0462  0.0459  0.0453  0.0450
  0.0540  0.0496  0.0529  0.0483  0.0470  0.0481
  0.0615  0.0520  0.0626  0.0522  0.0516  0.0521
registration optimization eta report
parameter search radius
    6.0000    6.0000    6.9000    7.9350    6.9000    6.9000
100000*second partial in parameter space
       47.       29.       38.       10.       17.       16.
  0.0620  0.0575  0.0611  0.0485  0.0528  0.0512
  0.0528  0.0499  0.0509  0.0462  0.0482  0.0479
  0.0461  0.0452  0.0452  0.0440  0.0448  0.0451
  0.0440  0.0439  0.0442  0.0441  0.0438  0.0439
  0.0486  0.0464  0.0462  0.0459  0.0453  0.0450
  0.0540  0.0496  0.0529  0.0483  0.0470  0.0481
  0.0615  0.0520  0.0626  0.0522  0.0516  0.0521
    1.5779    9.8024   17.5648  -12.6874   -2.9111   -4.4101
eta,q 0.95604 14.20609

---------------------------------------------------------------------
imgreg_4dfp /opt/freesurfer/average/711-2C_as_mni_average_305 /opt/freesurfer/average/711-2B_as_mni_average_305_mask talsrcimg_g11 none talsrcimg_to_711-2C_as_mni_average_305_t4 3335
---------------------------------------------------------------------

freesurfer imgreg_4dfp.c
/opt/freesurfer/average/711-2C_as_mni_average_305.4dfp.img
       256       256       256         1
  1.000000  1.000000  1.000000
orientation T byte_order littleendian
Reading image: /opt/freesurfer/average/711-2C_as_mni_average_305.4dfp.img
dimensions:      256       256       256
mmppix:       1.0000   -1.0000   -1.0000
center:     128.0000 -129.0000 -129.0000
/opt/freesurfer/average/711-2B_as_mni_average_305_mask.4dfp.img
       256       256       256         1
  1.000000  1.000000  1.000000
orientation T byte_order littleendian
Reading mask: /opt/freesurfer/average/711-2B_as_mni_average_305_mask.4dfp.img (2306576 pixels)
talsrcimg_g11.4dfp.img
       256       256       256         1
  1.000000  1.000000  1.000000
orientation T byte_order littleendian
Reading image: talsrcimg_g11.4dfp.img
dimensions:      256       256       256
mmppix:       1.0000   -1.0000   -1.0000
center:     128.0000 -129.0000 -129.0000
fimgreg.f
image alignment mode   3335 decimal      D07 hex
parameters
    1.5779    9.8024   17.5648   -0.4247   -2.6448   -2.5676
    6.3896    6.6289   -7.6795   21.5172   -5.0787  -21.9349
eta,q 0.95667 14.20953
niter,ni,del,rscale     5    3    5.0000    1.2000
parameter  4  1.526155 ->  0.500000 qaram    1.1500
parameter  5  3.043473 ->  0.500000 qaram    1.1500
parameters
    1.5399   10.3477   16.9297   -4.5647   -6.7848   -4.7218
    7.1552    7.2624   -5.9009   22.3065   -3.2322  -22.6208
eta,q 0.96961 14.19624
  0.0468  0.0462  0.0445  0.0358  0.0284  0.0323  0.0351  0.0387  0.0343  0.0351  0.0331  0.0319
  0.0449  0.0447  0.0435  0.0363  0.0299  0.0315  0.0331  0.0347  0.0327  0.0330  0.0318  0.0308
  0.0438  0.0438  0.0431  0.0388  0.0328  0.0309  0.0316  0.0320  0.0315  0.0314  0.0310  0.0304
  0.0433  0.0433  0.0433  0.0431  0.0368  0.0305  0.0309  0.0308  0.0308  0.0306  0.0305  0.0305
  0.0437  0.0433  0.0440  0.0479  0.0410  0.0314  0.0310  0.0312  0.0306  0.0307  0.0305  0.0308
  0.0450  0.0437  0.0453  0.0531  0.0447  0.0356  0.0320  0.0331  0.0311  0.0317  0.0307  0.0315
  0.0472  0.0443  0.0468  0.0579  0.0485  0.0436  0.0337  0.0364  0.0320  0.0336  0.0313  0.0324
niter,ni,del,rscale     6    3    5.0000    1.2000
parameter  2 -0.527061 -> -0.500000 qaram    1.1500
parameter  5  0.899006 ->  0.500000 qaram    1.3225
parameter 12  1.069402 ->  0.500000 qaram    1.1500
parameters
    1.5592   11.7277   15.7727   -8.0629  -11.5458   -3.5400
    6.9129    6.5280   -6.4559   25.1398   -2.6379  -26.7608
eta,q 0.97648 14.02789
  0.0350  0.0364  0.0297  0.0302  0.0262  0.0281  0.0281  0.0295  0.0273  0.0312  0.0255  0.0235
  0.0325  0.0339  0.0292  0.0295  0.0258  0.0272  0.0266  0.0267  0.0262  0.0286  0.0249  0.0234
  0.0309  0.0318  0.0292  0.0289  0.0266  0.0265  0.0257  0.0257  0.0256  0.0268  0.0246  0.0239
  0.0304  0.0304  0.0296  0.0292  0.0291  0.0258  0.0254  0.0254  0.0254  0.0254  0.0245  0.0245
  0.0309  0.0297  0.0304  0.0319  0.0330  0.0250  0.0258  0.0260  0.0258  0.0246  0.0246  0.0254
  0.0324  0.0297  0.0315  0.0368  0.0374  0.0249  0.0269  0.0280  0.0267  0.0247  0.0248  0.0264
  0.0348  0.0303  0.0329  0.0425  0.0410  0.0278  0.0285  0.0319  0.0280  0.0263  0.0252  0.0276
niter,ni,del,rscale     7    3    5.0000    1.2000
parameter 12  0.532035 ->  0.500000 qaram    1.3225
parameters
    1.7415   12.6435   15.5439   -8.7888  -14.9365   -3.7783
    6.3411    6.8686   -6.7574   26.6001   -4.4604  -31.5218
eta,q 0.97813 13.88381
  0.0277  0.0312  0.0243  0.0263  0.0256  0.0258  0.0252  0.0285  0.0250  0.0274  0.0230  0.0228
  0.0255  0.0279  0.0233  0.0250  0.0241  0.0248  0.0239  0.0251  0.0238  0.0253  0.0228  0.0219
  0.0241  0.0252  0.0229  0.0239  0.0229  0.0239  0.0232  0.0236  0.0232  0.0238  0.0228  0.0221
  0.0235  0.0235  0.0228  0.0228  0.0231  0.0230  0.0231  0.0231  0.0230  0.0230  0.0228  0.0228
  0.0237  0.0228  0.0232  0.0225  0.0262  0.0221  0.0235  0.0231  0.0233  0.0228  0.0229  0.0237
  0.0247  0.0234  0.0238  0.0249  0.0316  0.0235  0.0245  0.0244  0.0241  0.0232  0.0231  0.0247
  0.0266  0.0252  0.0249  0.0297  0.0372  0.0282  0.0260  0.0276  0.0252  0.0250  0.0236  0.0259
niter,ni,del,rscale     7    3    5.0000    1.2000
parameters
    1.8576   13.1732   15.6633   -8.7779  -16.9148   -4.3543
    5.9598    7.3076   -6.8592   27.7528   -4.8477  -31.1179
eta,q 0.97769 13.78751
  0.0259  0.0280  0.0240  0.0256  0.0259  0.0254  0.0249  0.0284  0.0243  0.0264  0.0230  0.0266
  0.0237  0.0250  0.0226  0.0240  0.0241  0.0241  0.0234  0.0246  0.0232  0.0241  0.0224  0.0233
  0.0224  0.0230  0.0218  0.0228  0.0226  0.0231  0.0226  0.0227  0.0225  0.0229  0.0222  0.0221
  0.0219  0.0218  0.0216  0.0217  0.0217  0.0221  0.0224  0.0224  0.0224  0.0224  0.0223  0.0222
  0.0221  0.0217  0.0219  0.0210  0.0230  0.0214  0.0227  0.0227  0.0226  0.0223  0.0224  0.0229
  0.0232  0.0226  0.0225  0.0228  0.0276  0.0235  0.0238  0.0240  0.0233  0.0228  0.0226  0.0239
  0.0252  0.0247  0.0234  0.0270  0.0339  0.0290  0.0255  0.0268  0.0243  0.0243  0.0231  0.0250
niter,ni,del,rscale     6    3    5.0000    1.2000
parameters
    1.9375   13.6232   15.2938   -8.2358  -17.3080   -4.5129
    5.9917    7.5494   -6.8182   28.0962   -4.4191  -31.1604
eta,q 0.97784 13.79564
  0.0258  0.0270  0.0231  0.0259  0.0270  0.0257  0.0250  0.0285  0.0241  0.0253  0.0233  0.0261
  0.0239  0.0246  0.0224  0.0245  0.0252  0.0244  0.0234  0.0245  0.0230  0.0235  0.0225  0.0230
  0.0227  0.0231  0.0222  0.0233  0.0235  0.0233  0.0225  0.0225  0.0224  0.0226  0.0222  0.0219
  0.0223  0.0223  0.0222  0.0222  0.0219  0.0221  0.0222  0.0222  0.0222  0.0222  0.0222  0.0222
  0.0225  0.0223  0.0225  0.0213  0.0216  0.0211  0.0224  0.0227  0.0224  0.0222  0.0222  0.0230
  0.0235  0.0231  0.0230  0.0226  0.0244  0.0228  0.0234  0.0242  0.0230  0.0230  0.0225  0.0240
  0.0254  0.0247  0.0238  0.0262  0.0299  0.0281  0.0250  0.0274  0.0240  0.0249  0.0229  0.0252
niter,ni,del,rscale     5    3    5.0000    1.2000
parameters
    1.9119   13.6184   15.1946   -8.0802  -17.3101   -4.4988
    6.1562    7.5025   -6.8202   28.1777   -4.1853  -31.0736
eta,q 0.97791 13.80547
  0.0255  0.0256  0.0234  0.0258  0.0273  0.0258  0.0250  0.0280  0.0240  0.0251  0.0232  0.0263
  0.0236  0.0236  0.0226  0.0245  0.0254  0.0245  0.0234  0.0242  0.0229  0.0233  0.0224  0.0230
  0.0225  0.0225  0.0222  0.0233  0.0237  0.0234  0.0224  0.0224  0.0223  0.0225  0.0221  0.0218
  0.0222  0.0222  0.0222  0.0222  0.0221  0.0221  0.0221  0.0221  0.0221  0.0221  0.0221  0.0221
  0.0225  0.0226  0.0224  0.0214  0.0215  0.0210  0.0223  0.0226  0.0223  0.0222  0.0222  0.0229
  0.0236  0.0237  0.0228  0.0230  0.0238  0.0226  0.0232  0.0245  0.0229  0.0231  0.0224  0.0239
  0.0257  0.0256  0.0235  0.0269  0.0291  0.0278  0.0248  0.0280  0.0239  0.0252  0.0229  0.0251
niter,ni,del,rscale     4    3    5.0000    1.2000
parameters
    1.8877   13.6062   15.1735   -8.0527  -17.2740   -4.4841
    6.1923    7.4500   -6.8362   28.1683   -4.1347  -31.0185
eta,q 0.97794 13.80861
  0.0255  0.0255  0.0234  0.0258  0.0273  0.0258  0.0248  0.0280  0.0240  0.0250  0.0231  0.0262
  0.0236  0.0236  0.0226  0.0244  0.0254  0.0245  0.0233  0.0242  0.0228  0.0233  0.0224  0.0230
  0.0224  0.0224  0.0222  0.0233  0.0237  0.0234  0.0224  0.0224  0.0222  0.0225  0.0221  0.0218
  0.0221  0.0221  0.0221  0.0221  0.0221  0.0221  0.0221  0.0221  0.0220  0.0220  0.0220  0.0221
  0.0225  0.0225  0.0223  0.0214  0.0214  0.0210  0.0223  0.0226  0.0223  0.0222  0.0222  0.0229
  0.0236  0.0236  0.0227  0.0232  0.0237  0.0226  0.0232  0.0245  0.0229  0.0231  0.0225  0.0239
  0.0257  0.0255  0.0234  0.0271  0.0290  0.0278  0.0248  0.0281  0.0239  0.0253  0.0230  0.0251
niter,ni,del,rscale     3    3    5.0000    1.2000
parameters
    1.8794   13.5992   15.1762   -8.0555  -17.2562   -4.4736
    6.1922    7.4343   -6.8358   28.1486   -4.1423  -31.0009
eta,q 0.97795 13.80912
  0.0255  0.0255  0.0235  0.0258  0.0273  0.0258  0.0248  0.0281  0.0240  0.0250  0.0231  0.0262
  0.0236  0.0236  0.0226  0.0244  0.0254  0.0245  0.0233  0.0242  0.0228  0.0233  0.0224  0.0229
  0.0224  0.0224  0.0222  0.0233  0.0237  0.0233  0.0224  0.0224  0.0222  0.0225  0.0221  0.0217
  0.0221  0.0221  0.0221  0.0221  0.0221  0.0221  0.0221  0.0221  0.0220  0.0220  0.0221  0.0221
  0.0224  0.0225  0.0222  0.0214  0.0214  0.0209  0.0223  0.0226  0.0223  0.0222  0.0222  0.0229
  0.0235  0.0236  0.0227  0.0232  0.0238  0.0226  0.0232  0.0245  0.0229  0.0231  0.0225  0.0239
  0.0256  0.0255  0.0234  0.0272  0.0291  0.0278  0.0249  0.0280  0.0239  0.0253  0.0230  0.0251
registration optimization eta report
parameter search radius
    2.4000    2.7600    2.4000    8.2800    9.5220    7.2000
    7.2000    7.2000    7.2000    7.2000    7.2000    9.5220
100000*second partial in parameter space
       61.       46.       24.        7.        7.       10.
        5.       12.        4.        6.        2.        4.
  0.0255  0.0255  0.0235  0.0258  0.0273  0.0258  0.0248  0.0281  0.0240  0.0250  0.0231  0.0262
  0.0236  0.0236  0.0226  0.0244  0.0254  0.0245  0.0233  0.0242  0.0228  0.0233  0.0224  0.0229
  0.0224  0.0224  0.0222  0.0233  0.0237  0.0233  0.0224  0.0224  0.0222  0.0225  0.0221  0.0217
  0.0221  0.0221  0.0221  0.0221  0.0221  0.0221  0.0221  0.0221  0.0220  0.0220  0.0221  0.0221
  0.0224  0.0225  0.0222  0.0214  0.0214  0.0209  0.0223  0.0226  0.0223  0.0222  0.0222  0.0229
  0.0235  0.0236  0.0227  0.0232  0.0238  0.0226  0.0232  0.0245  0.0229  0.0231  0.0225  0.0239
  0.0256  0.0255  0.0234  0.0272  0.0291  0.0278  0.0249  0.0280  0.0239  0.0253  0.0230  0.0251
    1.8794   13.5992   15.1762   -8.0555  -17.2562   -4.4736
    6.1922    7.4343   -6.8358   28.1486   -4.1423  -31.0009
eta,q 0.97795 13.80912

---------------------------------------------------------------------
imgreg_4dfp /opt/freesurfer/average/711-2C_as_mni_average_305 /opt/freesurfer/average/711-2B_as_mni_average_305_mask talsrcimg_g11 none talsrcimg_to_711-2C_as_mni_average_305_t4 2311
---------------------------------------------------------------------

freesurfer imgreg_4dfp.c
/opt/freesurfer/average/711-2C_as_mni_average_305.4dfp.img
       256       256       256         1
  1.000000  1.000000  1.000000
orientation T byte_order littleendian
Reading image: /opt/freesurfer/average/711-2C_as_mni_average_305.4dfp.img
dimensions:      256       256       256
mmppix:       1.0000   -1.0000   -1.0000
center:     128.0000 -129.0000 -129.0000
/opt/freesurfer/average/711-2B_as_mni_average_305_mask.4dfp.img
       256       256       256         1
  1.000000  1.000000  1.000000
orientation T byte_order littleendian
Reading mask: /opt/freesurfer/average/711-2B_as_mni_average_305_mask.4dfp.img (2306576 pixels)
talsrcimg_g11.4dfp.img
       256       256       256         1
  1.000000  1.000000  1.000000
orientation T byte_order littleendian
Reading image: talsrcimg_g11.4dfp.img
dimensions:      256       256       256
mmppix:       1.0000   -1.0000   -1.0000
center:     128.0000 -129.0000 -129.0000
fimgreg.f
image alignment mode   2311 decimal      907 hex
parameters
    1.8794   13.5992   15.1762   -8.0555  -17.2562   -4.4736
    6.1922    7.4343   -6.8358   28.1486   -4.1423  -31.0009
eta,q 0.97795 13.80912
niter,ni,del,rscale     5    3    5.0000    0.8000
parameters
    1.8938   13.5794   15.0943   -6.0539  -15.3293   -4.3378
    6.0927    7.5796   -6.5304   28.6820   -3.6444  -30.9863
eta,q 0.97929 13.98693
  0.0236  0.0232  0.0226  0.0241  0.0240  0.0235  0.0227  0.0251  0.0224  0.0234  0.0221  0.0223
  0.0227  0.0225  0.0222  0.0234  0.0231  0.0226  0.0217  0.0228  0.0215  0.0222  0.0213  0.0212
  0.0222  0.0222  0.0221  0.0228  0.0222  0.0217  0.0210  0.0213  0.0210  0.0213  0.0209  0.0207
  0.0221  0.0221  0.0221  0.0221  0.0214  0.0209  0.0208  0.0208  0.0208  0.0208  0.0207  0.0207
  0.0222  0.0222  0.0221  0.0215  0.0209  0.0204  0.0210  0.0212  0.0209  0.0208  0.0208  0.0210
  0.0227  0.0226  0.0223  0.0215  0.0210  0.0213  0.0217  0.0225  0.0213  0.0213  0.0211  0.0214
  0.0235  0.0232  0.0227  0.0225  0.0219  0.0242  0.0229  0.0246  0.0220  0.0226  0.0216  0.0220
niter,ni,del,rscale     4    3    5.0000    0.7000
parameters
    1.8169   13.3993   15.1503   -6.4746  -15.3708   -3.5034
    6.2692    7.4243   -6.5748   28.7008   -3.5542  -30.9451
eta,q 0.97965 13.99458
  0.0223  0.0217  0.0215  0.0224  0.0226  0.0233  0.0220  0.0236  0.0214  0.0224  0.0214  0.0217
  0.0214  0.0211  0.0211  0.0217  0.0218  0.0225  0.0211  0.0217  0.0208  0.0214  0.0208  0.0208
  0.0208  0.0208  0.0208  0.0211  0.0212  0.0216  0.0206  0.0206  0.0205  0.0207  0.0205  0.0204
  0.0207  0.0207  0.0207  0.0207  0.0208  0.0208  0.0204  0.0204  0.0203  0.0203  0.0203  0.0204
  0.0210  0.0210  0.0208  0.0209  0.0208  0.0202  0.0205  0.0208  0.0205  0.0205  0.0205  0.0206
  0.0216  0.0215  0.0210  0.0220  0.0215  0.0205  0.0209  0.0221  0.0209  0.0212  0.0208  0.0209
  0.0227  0.0224  0.0214  0.0237  0.0230  0.0224  0.0218  0.0240  0.0215  0.0225  0.0212  0.0214
niter,ni,del,rscale     3    3    5.0000    0.6000
parameters
    1.8000   13.3629   15.2545   -6.5795  -15.3630   -3.2400
    6.2801    7.3637   -6.6074   28.7023   -3.5661  -31.0490
eta,q 0.97974 13.99752
  0.0216  0.0213  0.0212  0.0219  0.0218  0.0225  0.0214  0.0228  0.0211  0.0218  0.0210  0.0212
  0.0209  0.0208  0.0207  0.0213  0.0212  0.0218  0.0208  0.0213  0.0206  0.0210  0.0206  0.0206
  0.0205  0.0205  0.0205  0.0207  0.0207  0.0210  0.0204  0.0205  0.0203  0.0205  0.0203  0.0203
  0.0204  0.0204  0.0204  0.0204  0.0204  0.0204  0.0203  0.0203  0.0203  0.0203  0.0203  0.0203
  0.0205  0.0205  0.0204  0.0204  0.0204  0.0201  0.0204  0.0206  0.0204  0.0204  0.0203  0.0204
  0.0210  0.0208  0.0206  0.0211  0.0209  0.0208  0.0207  0.0215  0.0206  0.0209  0.0206  0.0207
  0.0217  0.0214  0.0209  0.0224  0.0220  0.0225  0.0214  0.0229  0.0211  0.0219  0.0210  0.0211
niter,ni,del,rscale     2    3    5.0000    0.5000
parameters
    1.7946   13.3567   15.3102   -6.5242  -15.3346   -3.0169
    6.2715    7.3538   -6.5877   28.7846   -3.5759  -31.1129
eta,q 0.97983 14.00352
  0.0212  0.0210  0.0208  0.0215  0.0213  0.0220  0.0210  0.0221  0.0208  0.0214  0.0207  0.0208
  0.0207  0.0206  0.0205  0.0210  0.0208  0.0213  0.0205  0.0210  0.0204  0.0208  0.0204  0.0204
  0.0204  0.0203  0.0203  0.0205  0.0205  0.0207  0.0203  0.0204  0.0202  0.0204  0.0202  0.0202
  0.0203  0.0203  0.0203  0.0203  0.0202  0.0202  0.0202  0.0202  0.0202  0.0202  0.0202  0.0202
  0.0204  0.0203  0.0203  0.0203  0.0203  0.0201  0.0203  0.0204  0.0202  0.0202  0.0202  0.0203
  0.0207  0.0206  0.0205  0.0207  0.0207  0.0206  0.0205  0.0211  0.0204  0.0206  0.0204  0.0205
  0.0212  0.0210  0.0207  0.0216  0.0214  0.0219  0.0210  0.0221  0.0208  0.0214  0.0207  0.0208
niter,ni,del,rscale     1    3    5.0000    0.4000
parameters
    1.7861   13.3494   15.3661   -6.4721  -15.3028   -2.7988
    6.2576    7.3446   -6.5594   28.8306   -3.5977  -31.1363
eta,q 0.97990 14.00752
  0.0208  0.0206  0.0206  0.0210  0.0209  0.0214  0.0206  0.0214  0.0205  0.0209  0.0205  0.0206
  0.0204  0.0204  0.0203  0.0206  0.0205  0.0209  0.0203  0.0207  0.0203  0.0205  0.0203  0.0203
  0.0202  0.0202  0.0202  0.0203  0.0203  0.0205  0.0202  0.0202  0.0202  0.0202  0.0201  0.0201
  0.0202  0.0202  0.0202  0.0202  0.0202  0.0202  0.0201  0.0201  0.0201  0.0201  0.0201  0.0201
  0.0202  0.0202  0.0202  0.0202  0.0202  0.0201  0.0202  0.0203  0.0202  0.0202  0.0202  0.0202
  0.0205  0.0204  0.0203  0.0205  0.0204  0.0204  0.0203  0.0207  0.0203  0.0204  0.0203  0.0203
  0.0208  0.0206  0.0205  0.0211  0.0209  0.0213  0.0206  0.0214  0.0205  0.0209  0.0205  0.0205
registration optimization eta report
parameter search radius
    0.8000    0.8000    0.8000    2.4000    2.4000    2.4000
    2.4000    2.4000    2.4000    2.4000    2.4000    2.4000
100000*second partial in parameter space
       97.       73.       53.       15.       13.       21.
        9.       23.        7.       14.        7.        8.
  0.0208  0.0206  0.0206  0.0210  0.0209  0.0214  0.0206  0.0214  0.0205  0.0209  0.0205  0.0206
  0.0204  0.0204  0.0203  0.0206  0.0205  0.0209  0.0203  0.0207  0.0203  0.0205  0.0203  0.0203
  0.0202  0.0202  0.0202  0.0203  0.0203  0.0205  0.0202  0.0202  0.0202  0.0202  0.0201  0.0201
  0.0202  0.0202  0.0202  0.0202  0.0202  0.0202  0.0201  0.0201  0.0201  0.0201  0.0201  0.0201
  0.0202  0.0202  0.0202  0.0202  0.0202  0.0201  0.0202  0.0203  0.0202  0.0202  0.0202  0.0202
  0.0205  0.0204  0.0203  0.0205  0.0204  0.0204  0.0203  0.0207  0.0203  0.0204  0.0203  0.0203
  0.0208  0.0206  0.0205  0.0211  0.0209  0.0213  0.0206  0.0214  0.0205  0.0209  0.0205  0.0205
    1.7861   13.3494   15.3661   -6.4721  -15.3028   -2.7988
    6.2576    7.3446   -6.5594   28.8306   -3.5977  -31.1363
eta,q 0.97990 14.00752

---------------------------------------------------------------------
imgreg_4dfp /opt/freesurfer/average/711-2C_as_mni_average_305 /opt/freesurfer/average/711-2B_as_mni_average_305_mask talsrcimg_g11 none talsrcimg_to_711-2C_as_mni_average_305_t4 2311
---------------------------------------------------------------------

freesurfer imgreg_4dfp.c
/opt/freesurfer/average/711-2C_as_mni_average_305.4dfp.img
       256       256       256         1
  1.000000  1.000000  1.000000
orientation T byte_order littleendian
Reading image: /opt/freesurfer/average/711-2C_as_mni_average_305.4dfp.img
dimensions:      256       256       256
mmppix:       1.0000   -1.0000   -1.0000
center:     128.0000 -129.0000 -129.0000
/opt/freesurfer/average/711-2B_as_mni_average_305_mask.4dfp.img
       256       256       256         1
  1.000000  1.000000  1.000000
orientation T byte_order littleendian
Reading mask: /opt/freesurfer/average/711-2B_as_mni_average_305_mask.4dfp.img (2306576 pixels)
talsrcimg_g11.4dfp.img
       256       256       256         1
  1.000000  1.000000  1.000000
orientation T byte_order littleendian
Reading image: talsrcimg_g11.4dfp.img
dimensions:      256       256       256
mmppix:       1.0000   -1.0000   -1.0000
center:     128.0000 -129.0000 -129.0000
fimgreg.f
image alignment mode   2311 decimal      907 hex
parameters
    1.7861   13.3494   15.3661   -6.4721  -15.3028   -2.7988
    6.2576    7.3446   -6.5594   28.8306   -3.5977  -31.1363
eta,q 0.97990 14.00751
niter,ni,del,rscale     5    3    5.0000    0.8000
parameters
    1.7760   13.2963   15.5251   -7.1293  -15.7743   -3.2192
    6.2349    7.3385   -6.7367   28.4370   -3.8054  -31.2251
eta,q 0.97951 13.96657
  0.0226  0.0219  0.0219  0.0222  0.0222  0.0232  0.0221  0.0244  0.0217  0.0225  0.0214  0.0219
  0.0212  0.0209  0.0209  0.0214  0.0213  0.0222  0.0212  0.0221  0.0210  0.0214  0.0209  0.0209
  0.0204  0.0203  0.0203  0.0206  0.0206  0.0212  0.0207  0.0209  0.0206  0.0208  0.0206  0.0205
  0.0201  0.0201  0.0201  0.0201  0.0202  0.0203  0.0205  0.0205  0.0205  0.0205  0.0205  0.0205
  0.0204  0.0203  0.0202  0.0205  0.0205  0.0203  0.0206  0.0209  0.0207  0.0208  0.0207  0.0208
  0.0213  0.0210  0.0206  0.0220  0.0216  0.0222  0.0212  0.0222  0.0211  0.0218  0.0210  0.0212
  0.0227  0.0222  0.0212  0.0245  0.0238  0.0258  0.0222  0.0244  0.0218  0.0235  0.0215  0.0218
niter,ni,del,rscale     4    3    5.0000    0.7000
parameters
    1.8253   13.4029   15.3435   -6.8974  -15.6646   -3.3525
    6.2472    7.4134   -6.6598   28.6837   -3.7370  -31.2947
eta,q 0.97961 13.97817
  0.0222  0.0219  0.0211  0.0224  0.0223  0.0228  0.0219  0.0237  0.0215  0.0225  0.0213  0.0216
  0.0213  0.0212  0.0207  0.0217  0.0215  0.0220  0.0211  0.0219  0.0209  0.0215  0.0208  0.0208
  0.0207  0.0207  0.0205  0.0210  0.0208  0.0211  0.0206  0.0208  0.0205  0.0208  0.0205  0.0204
  0.0205  0.0205  0.0205  0.0204  0.0204  0.0204  0.0204  0.0204  0.0204  0.0204  0.0204  0.0204
  0.0206  0.0205  0.0207  0.0203  0.0204  0.0202  0.0206  0.0207  0.0205  0.0205  0.0205  0.0206
  0.0211  0.0209  0.0210  0.0210  0.0210  0.0214  0.0210  0.0218  0.0209  0.0211  0.0208  0.0210
  0.0220  0.0216  0.0215  0.0224  0.0224  0.0241  0.0219  0.0234  0.0214  0.0222  0.0212  0.0215
niter,ni,del,rscale     3    3    5.0000    0.6000
parameters
    1.8160   13.4056   15.2838   -6.6672  -15.5180   -3.2566
    6.2491    7.4151   -6.6135   28.8270   -3.6602  -31.2568
eta,q 0.97972 13.99288
  0.0216  0.0214  0.0210  0.0220  0.0219  0.0224  0.0214  0.0228  0.0211  0.0219  0.0210  0.0212
  0.0209  0.0208  0.0206  0.0214  0.0212  0.0217  0.0208  0.0214  0.0206  0.0211  0.0206  0.0206
  0.0205  0.0205  0.0204  0.0208  0.0207  0.0209  0.0204  0.0206  0.0204  0.0206  0.0203  0.0203
  0.0204  0.0204  0.0204  0.0204  0.0203  0.0203  0.0203  0.0203  0.0203  0.0203  0.0203  0.0203
  0.0205  0.0205  0.0205  0.0203  0.0203  0.0201  0.0204  0.0206  0.0204  0.0204  0.0203  0.0204
  0.0210  0.0208  0.0207  0.0208  0.0208  0.0209  0.0208  0.0214  0.0206  0.0209  0.0206  0.0207
  0.0217  0.0214  0.0211  0.0219  0.0219  0.0228  0.0214  0.0228  0.0211  0.0218  0.0209  0.0211
niter,ni,del,rscale     2    3    5.0000    0.5000
parameters
    1.8019   13.3883   15.2975   -6.5356  -15.4065   -3.0602
    6.2470    7.3893   -6.5796   28.8818   -3.6254  -31.2098
eta,q 0.97983 14.00210
  0.0212  0.0209  0.0208  0.0215  0.0214  0.0220  0.0210  0.0221  0.0208  0.0214  0.0207  0.0209
  0.0207  0.0206  0.0205  0.0210  0.0209  0.0213  0.0205  0.0210  0.0204  0.0208  0.0204  0.0205
  0.0204  0.0204  0.0203  0.0206  0.0205  0.0207  0.0203  0.0204  0.0202  0.0204  0.0202  0.0202
  0.0203  0.0203  0.0203  0.0203  0.0203  0.0202  0.0202  0.0202  0.0202  0.0202  0.0202  0.0202
  0.0204  0.0203  0.0203  0.0203  0.0203  0.0201  0.0203  0.0204  0.0202  0.0203  0.0202  0.0203
  0.0207  0.0206  0.0205  0.0207  0.0206  0.0206  0.0205  0.0211  0.0204  0.0207  0.0204  0.0205
  0.0212  0.0210  0.0207  0.0215  0.0213  0.0220  0.0210  0.0221  0.0208  0.0214  0.0207  0.0208
niter,ni,del,rscale     1    3    5.0000    0.4000
parameters
    1.7892   13.3692   15.3459   -6.4694  -15.3340   -2.8364
    6.2435    7.3639   -6.5527   28.8865   -3.6233  -31.1795
eta,q 0.97989 14.00700
  0.0208  0.0206  0.0206  0.0210  0.0209  0.0215  0.0206  0.0214  0.0205  0.0209  0.0205  0.0206
  0.0204  0.0204  0.0203  0.0207  0.0206  0.0210  0.0204  0.0207  0.0203  0.0205  0.0203  0.0203
  0.0202  0.0202  0.0202  0.0204  0.0203  0.0205  0.0202  0.0202  0.0202  0.0202  0.0201  0.0201
  0.0202  0.0202  0.0202  0.0202  0.0202  0.0202  0.0201  0.0201  0.0201  0.0201  0.0201  0.0201
  0.0203  0.0202  0.0202  0.0202  0.0202  0.0201  0.0202  0.0203  0.0202  0.0202  0.0202  0.0202
  0.0205  0.0204  0.0203  0.0205  0.0204  0.0204  0.0203  0.0207  0.0203  0.0205  0.0203  0.0203
  0.0208  0.0207  0.0205  0.0211  0.0209  0.0213  0.0206  0.0214  0.0205  0.0210  0.0205  0.0205
registration optimization eta report
parameter search radius
    0.8000    0.8000    0.8000    2.4000    2.4000    2.4000
    2.4000    2.4000    2.4000    2.4000    2.4000    2.4000
100000*second partial in parameter space
       96.       74.       53.       15.       13.       21.
        9.       23.        7.       15.        7.        8.
  0.0208  0.0206  0.0206  0.0210  0.0209  0.0215  0.0206  0.0214  0.0205  0.0209  0.0205  0.0206
  0.0204  0.0204  0.0203  0.0207  0.0206  0.0210  0.0204  0.0207  0.0203  0.0205  0.0203  0.0203
  0.0202  0.0202  0.0202  0.0204  0.0203  0.0205  0.0202  0.0202  0.0202  0.0202  0.0201  0.0201
  0.0202  0.0202  0.0202  0.0202  0.0202  0.0202  0.0201  0.0201  0.0201  0.0201  0.0201  0.0201
  0.0203  0.0202  0.0202  0.0202  0.0202  0.0201  0.0202  0.0203  0.0202  0.0202  0.0202  0.0202
  0.0205  0.0204  0.0203  0.0205  0.0204  0.0204  0.0203  0.0207  0.0203  0.0205  0.0203  0.0203
  0.0208  0.0207  0.0205  0.0211  0.0209  0.0213  0.0206  0.0214  0.0205  0.0210  0.0205  0.0205
    1.7892   13.3692   15.3459   -6.4694  -15.3340   -2.8364
    6.2435    7.3639   -6.5527   28.8865   -3.6233  -31.1795
eta,q 0.97989 14.00700

---------------------------------------------------------------------
compute_vox2vox talsrcimg talsrcimg_to_711-2C_as_mni_average_305_t4 /opt/freesurfer/average/711-2C_as_mni_average_305
---------------------------------------------------------------------

freesurfer compute_vox2vox.c
Reading: talsrcimg.4dfp.ifh
Reading: talsrcimg_to_711-2C_as_mni_average_305_t4
Reading: /opt/freesurfer/average/711-2C_as_mni_average_305.4dfp.ifh
Writing: talsrcimg_to_711-2C_as_mni_average_305_t4_vox2vox.txt

start time Sun Mar 8 20:44:17 CET 2026
end		time Sun Mar 8 20:45:43 CET 2026

mpr2mni305 success

avi2talxfm orig_nu.mgz /opt/freesurfer/average/mni305.cor.mgz talsrcimg_to_711-2C_as_mni_average_305_t4_vox2vox.txt transforms/talairach.auto.xfm
avi2talxfm done
mv -f /out/sourcedata/freesurfer/sub-v1s15x0050201_ses-1/mri/talsrcimg_to_711-2C_as_mni_average_305_t4_vox2vox.txt /out/sourcedata/freesurfer/sub-v1s15x0050201_ses-1/mri/transforms/talsrcimg_to_711-2C_as_mni_average_305_t4_vox2vox.txt
lta_convert --src orig_nu.mgz --trg /opt/freesurfer/average/mni305.cor.mgz --inxfm transforms/talairach.auto.xfm --outlta transforms/talairach.auto.xfm.lta --subject fsaverage
7.3.2

--src: orig_nu.mgz src image (geometry).
--trg: /opt/freesurfer/average/mni305.cor.mgz trg image (geometry).
--inmni: transforms/talairach.auto.xfm input MNI/XFM transform.
--outlta: transforms/talairach.auto.xfm.lta output LTA.
--s: fsaverage subject name
 LTA read, type : 1
 1.06037  -0.05148  -0.09715  -4.33112;
 0.05938   0.92475   0.33617  -18.22220;
 0.06181  -0.31949   1.05890   18.50310;
 0.00000   0.00000   0.00000   1.00000;
setting subject to fsaverage
Writing  LTA to file transforms/talairach.auto.xfm.lta...
lta_convert successful.
 
 
Started at Sun Mar 8 20:44:17 CET 2026
Ended   at Sun Mar  8 20:45:43 CET 2026
talairach_avi done
