/out/sourcedata/freesurfer/sub-v1s15x0050205_ses-1/mri
/opt/freesurfer/bin/talairach_avi
--i orig_nu.mgz --xfm transforms/talairach.auto.xfm
talairach_avi 7.3.2
Linux dna020 5.14.0-427.37.1.el9_4.x86_64 #1 SMP PREEMPT_DYNAMIC Fri Sep 13 12:41:50 EDT 2024 x86_64 x86_64 x86_64 GNU/Linux
Sun Mar  8 21:06:36 CET 2026
mri_convert orig_nu.mgz talsrcimg.img 
reading from orig_nu.mgz...
TR=0.00, TE=0.00, TI=0.00, flip angle=0.00
i_ras = (-1, 0, 0)
j_ras = (0, 0, -1)
k_ras = (0, 1, 0)
writing to talsrcimg.img...
Analyze Output Matrix
-1.00000   0.00000   0.00000   130.43719;
 0.00000   0.00000   1.00000  -124.75000;
 0.00000  -1.00000   0.00000   106.53101;
 0.00000   0.00000   0.00000   1.00000;
--------------------
INFO: set hdr.hist.orient to -1
mpr2mni305 talsrcimg
Sun Mar  8 21:06:36 CET 2026
/opt/freesurfer/bin/mpr2mni305 talsrcimg
mpr2mni305 7.3.2
target=711-2C_as_mni_average_305

---------------------------------------------------------------------
analyzeto4dfp talsrcimg -O0 -y
---------------------------------------------------------------------

freesurfer ifh2hdr.c
Sun Mar  8 21:06:36 2026
Writing: talsrcimg.4dfp.hdr
freesurfer analyzeto4dfp.c
Reading: talsrcimg.hdr
header size 348 bytes
hdr.dime.datatype	offset=70	value=2
hdr.dime.bitpix		offset=72	value=8
hdr.hist.orient		offset=252	value=-1
dimensionality     4
dimensions       256       256       256         1
Reading: talsrcimg.img
Writing: talsrcimg.4dfp.img
Writing: talsrcimg.4dfp.ifh
ifh2hdr talsrcimg -r0to226
ori=2

---------------------------------------------------------------------
gauss_4dfp talsrcimg 1.1
---------------------------------------------------------------------

freesurfer gauss_4dfp.c
Reading: talsrcimg.4dfp.img
Writing: talsrcimg_g11.4dfp.img
image dimensions 256 256 256 padded to 288 288 288
processing volume 1freesurfer ifh2hdr.c
Sun Mar  8 21:06:38 2026
Writing: talsrcimg_g11.4dfp.hdr

Writing: talsrcimg_g11.4dfp.ifh
including: talsrcimg.4dfp.img.rec in talsrcimg_g11.4dfp.img.rec

---------------------------------------------------------------------
imgreg_4dfp /opt/freesurfer/average/711-2C_as_mni_average_305 none talsrcimg_g11 none talsrcimg_to_711-2C_as_mni_average_305_t4 4355
---------------------------------------------------------------------

freesurfer imgreg_4dfp.c
/opt/freesurfer/average/711-2C_as_mni_average_305.4dfp.img
       256       256       256         1
  1.000000  1.000000  1.000000
orientation T byte_order littleendian
Reading image: /opt/freesurfer/average/711-2C_as_mni_average_305.4dfp.img
dimensions:      256       256       256
mmppix:       1.0000   -1.0000   -1.0000
center:     128.0000 -129.0000 -129.0000
talsrcimg_g11.4dfp.img
       256       256       256         1
  1.000000  1.000000  1.000000
orientation T byte_order littleendian
Reading image: talsrcimg_g11.4dfp.img
dimensions:      256       256       256
mmppix:       1.0000   -1.0000   -1.0000
center:     128.0000 -129.0000 -129.0000
t4_read: open error in t4_sub.f l:  41 t4_file(1:l)talsrcimg_to_711-2C_as_mni_average_305_t4 
t4_read: transform initialized to I4
rotation matrix determinant  1.000000
image alignment mode   4355 decimal     1103 hex
   -7.5000  -45.0000  -45.0000 4767.2090   24.9077
    0.0000  -45.0000  -45.0000 4987.7852   24.8098
    7.5000  -45.0000  -45.0000 4795.3071   24.7155
   -7.5000  -37.5000  -45.0000 5303.2139   24.1075
    0.0000  -37.5000  -45.0000 5544.5029   24.0120
    7.5000  -37.5000  -45.0000 5317.7900   23.9404
   -7.5000  -30.0000  -45.0000 6055.1660   23.5360
    0.0000  -30.0000  -45.0000 6335.6016   23.4531
    7.5000  -30.0000  -45.0000 6099.7026   23.4119
   -7.5000  -22.5000  -45.0000 6825.1665   23.1390
    0.0000  -22.5000  -45.0000 7127.5479   23.0715
    7.5000  -22.5000  -45.0000 6888.9116   23.0348
   -7.5000  -15.0000  -45.0000 7615.0249   22.9845
    0.0000  -15.0000  -45.0000 7950.0288   22.9275
    7.5000  -15.0000  -45.0000 7694.1924   22.8709
   -7.5000   -7.5000  -45.0000 8444.7275   22.9967
    0.0000   -7.5000  -45.0000 8820.7969   22.9325
    7.5000   -7.5000  -45.0000 8535.5928   22.8514
   -7.5000    0.0000  -45.0000 9263.3799   23.0294
    0.0000    0.0000  -45.0000 9681.1611   22.9480
    7.5000    0.0000  -45.0000 9343.6885   22.8600
   -7.5000    7.5000  -45.0000 9350.3125   23.0439
    0.0000    7.5000  -45.0000 9775.7529   22.9543
    7.5000    7.5000  -45.0000 9416.9814   22.8878
   -7.5000   15.0000  -45.0000 9273.7520   23.0246
    0.0000   15.0000  -45.0000 9718.2480   22.9424
    7.5000   15.0000  -45.0000 9353.1562   22.9033
   -7.5000   22.5000  -45.0000 9131.5098   22.9896
    0.0000   22.5000  -45.0000 9558.4541   22.9230
    7.5000   22.5000  -45.0000 9209.4316   22.8870
   -7.5000   30.0000  -45.0000 8939.2383   22.6732
    0.0000   30.0000  -45.0000 9349.6318   22.6170
    7.5000   30.0000  -45.0000 9028.6504   22.5613
   -7.5000   37.5000  -45.0000 9026.8232   22.6902
    0.0000   37.5000  -45.0000 9447.0098   22.6269
    7.5000   37.5000  -45.0000 9165.6924   22.5468
   -7.5000   45.0000  -45.0000 8717.9512   22.1455
    0.0000   45.0000  -45.0000 9128.6895   22.0673
    7.5000   45.0000  -45.0000 8869.9434   21.9827
   -7.5000  -45.0000  -37.5000 5091.6250   24.5785
    0.0000  -45.0000  -37.5000 5328.3105   24.4977
    7.5000  -45.0000  -37.5000 5113.6113   24.4122
   -7.5000  -37.5000  -37.5000 5632.6094   23.7861
    0.0000  -37.5000  -37.5000 5890.0972   23.7133
    7.5000  -37.5000  -37.5000 5670.3779   23.6466
   -7.5000  -30.0000  -37.5000 6411.4165   23.2332
    0.0000  -30.0000  -37.5000 6716.7549   23.1742
    7.5000  -30.0000  -37.5000 6486.7568   23.1389
   -7.5000  -22.5000  -37.5000 7239.1323   22.8595
    0.0000  -22.5000  -37.5000 7577.6255   22.8130
    7.5000  -22.5000  -37.5000 7319.2964   22.7900
   -7.5000  -15.0000  -37.5000 8089.6001   22.7147
    0.0000  -15.0000  -37.5000 8486.5449   22.6748
    7.5000  -15.0000  -37.5000 8175.5464   22.6377
   -7.5000   -7.5000  -37.5000 8975.0137   22.7196
    0.0000   -7.5000  -37.5000 9416.2461   22.6703
    7.5000   -7.5000  -37.5000 9079.7539   22.6051
   -7.5000    0.0000  -37.5000 9853.6387   22.7382
    0.0000    0.0000  -37.500010321.6436   22.6734
    7.5000    0.0000  -37.5000 9941.4170   22.5934
   -7.5000    7.5000  -37.5000 9953.1152   22.7459
    0.0000    7.5000  -37.500010406.2666   22.6768
    7.5000    7.5000  -37.500010045.2969   22.6139
   -7.5000   15.0000  -37.5000 9864.2500   22.7342
    0.0000   15.0000  -37.500010328.3174   22.6746
    7.5000   15.0000  -37.5000 9964.3369   22.6410
   -7.5000   22.5000  -37.5000 9684.7119   22.7137
    0.0000   22.5000  -37.500010148.1064   22.6676
    7.5000   22.5000  -37.5000 9791.3398   22.6451
   -7.5000   30.0000  -37.5000 9461.2031   22.4071
    0.0000   30.0000  -37.5000 9937.5107   22.3678
    7.5000   30.0000  -37.5000 9574.5420   22.3313
   -7.5000   37.5000  -37.5000 9545.2686   22.4168
    0.0000   37.5000  -37.500010044.6924   22.3681
    7.5000   37.5000  -37.5000 9692.5283   22.3038
   -7.5000   45.0000  -37.5000 9209.4199   21.8655
    0.0000   45.0000  -37.5000 9692.8359   21.8031
    7.5000   45.0000  -37.5000 9376.5264   21.7262
   -7.5000  -45.0000  -30.0000 5445.8462   25.2894
    0.0000  -45.0000  -30.0000 5703.7446   25.2139
    7.5000  -45.0000  -30.0000 5494.6934   25.1410
   -7.5000  -37.5000  -30.0000 5997.7476   24.4623
    0.0000  -37.5000  -30.0000 6289.5371   24.4006
    7.5000  -37.5000  -30.0000 6067.9839   24.3404
   -7.5000  -30.0000  -30.0000 6835.1333   23.8971
    0.0000  -30.0000  -30.0000 7165.5713   23.8468
    7.5000  -30.0000  -30.0000 6942.5352   23.8068
   -7.5000  -22.5000  -30.0000 7788.7373   23.5428
    0.0000  -22.5000  -30.0000 8149.6211   23.4979
    7.5000  -22.5000  -30.0000 7874.7295   23.4676
   -7.5000  -15.0000  -30.0000 8727.8027   23.4204
    0.0000  -15.0000  -30.0000 9159.0615   23.3761
    7.5000  -15.0000  -30.0000 8820.0205   23.3365
   -7.5000   -7.5000  -30.0000 9703.0557   23.4229
    0.0000   -7.5000  -30.000010165.4707   23.3710
    7.5000   -7.5000  -30.0000 9797.3086   23.3110
   -7.5000    0.0000  -30.000010607.0537   23.4174
    0.0000    0.0000  -30.000011116.5391   23.3572
    7.5000    0.0000  -30.000010704.0713   23.2869
   -7.5000    7.5000  -30.000010694.7666   23.4026
    0.0000    7.5000  -30.000011204.8193   23.3432
    7.5000    7.5000  -30.000010779.7744   23.2853
   -7.5000   15.0000  -30.000010590.6289   23.3906
    0.0000   15.0000  -30.000011145.9111   23.3392
    7.5000   15.0000  -30.000010690.1416   23.3014
   -7.5000   22.5000  -30.000010411.2197   23.3921
    0.0000   22.5000  -30.000010957.8672   23.3476
    7.5000   22.5000  -30.000010516.8604   23.3178
   -7.5000   30.0000  -30.000010159.6494   23.1055
    0.0000   30.0000  -30.000010702.0908   23.0619
    7.5000   30.0000  -30.000010258.8379   23.0228
   -7.5000   37.5000  -30.000010215.8584   23.1129
    0.0000   37.5000  -30.000010770.6221   23.0617
    7.5000   37.5000  -30.000010349.8350   23.0025
   -7.5000   45.0000  -30.0000 9830.7051   22.5352
    0.0000   45.0000  -30.000010364.8604   22.4772
    7.5000   45.0000  -30.0000 9987.8848   22.4096
   -7.5000  -45.0000  -22.5000 5883.1460   26.2525
    0.0000  -45.0000  -22.5000 6172.4360   26.1704
    7.5000  -45.0000  -22.5000 5950.9302   26.1138
   -7.5000  -37.5000  -22.5000 6484.3979   25.3855
    0.0000  -37.5000  -22.5000 6799.9204   25.3173
    7.5000  -37.5000  -22.5000 6574.1489   25.2673
   -7.5000  -30.0000  -22.5000 7423.8462   24.7834
    0.0000  -30.0000  -22.5000 7783.1406   24.7229
    7.5000  -30.0000  -22.5000 7521.0078   24.6759
   -7.5000  -22.5000  -22.5000 8470.7314   24.4182
    0.0000  -22.5000  -22.5000 8860.1221   24.3576
    7.5000  -22.5000  -22.5000 8539.9980   24.3080
   -7.5000  -15.0000  -22.5000 9525.2783   24.3067
    0.0000  -15.0000  -22.5000 9964.3438   24.2446
    7.5000  -15.0000  -22.5000 9585.8887   24.1864
   -7.5000   -7.5000  -22.500010593.3203   24.3209
    0.0000   -7.5000  -22.500011079.4854   24.2553
    7.5000   -7.5000  -22.500010635.7686   24.1926
   -7.5000    0.0000  -22.500011568.8682   24.3132
    0.0000    0.0000  -22.500012112.4766   24.2456
    7.5000    0.0000  -22.500011633.8359   24.1874
   -7.5000    7.5000  -22.500011651.6201   24.2839
    0.0000    7.5000  -22.500012204.7520   24.2186
    7.5000    7.5000  -22.500011705.4023   24.1699
   -7.5000   15.0000  -22.500011514.3916   24.2578
    0.0000   15.0000  -22.500012106.8086   24.1967
    7.5000   15.0000  -22.500011584.1377   24.1527
   -7.5000   22.5000  -22.500011322.7266   24.2601
    0.0000   22.5000  -22.500011916.8682   24.2002
    7.5000   22.5000  -22.500011382.1611   24.1514
   -7.5000   30.0000  -22.500011043.0527   23.9836
    0.0000   30.0000  -22.500011632.5488   23.9224
    7.5000   30.0000  -22.500011110.4326   23.8650
   -7.5000   37.5000  -22.500011072.2373   24.0027
    0.0000   37.5000  -22.500011672.7568   23.9380
    7.5000   37.5000  -22.500011165.0537   23.8761
   -7.5000   45.0000  -22.500010605.5303   23.4148
    0.0000   45.0000  -22.500011201.9053   23.3497
    7.5000   45.0000  -22.500010739.5928   23.2937
   -7.5000  -45.0000  -15.0000 6322.1421   26.9063
    0.0000  -45.0000  -15.0000 6629.1084   26.8105
    7.5000  -45.0000  -15.0000 6391.4902   26.7580
   -7.5000  -37.5000  -15.0000 7015.0601   26.0335
    0.0000  -37.5000  -15.0000 7325.2729   25.9471
    7.5000  -37.5000  -15.0000 7092.1982   25.9014
   -7.5000  -30.0000  -15.0000 8031.2886   25.4089
    0.0000  -30.0000  -15.0000 8404.2988   25.3294
    7.5000  -30.0000  -15.0000 8127.4062   25.2812
   -7.5000  -22.5000  -15.0000 9153.3057   25.0149
    0.0000  -22.5000  -15.0000 9598.9102   24.9366
    7.5000  -22.5000  -15.0000 9226.6553   24.8770
   -7.5000  -15.0000  -15.000010328.2207   24.8913
    0.0000  -15.0000  -15.000010805.1855   24.8139
    7.5000  -15.0000  -15.000010377.9678   24.7422
   -7.5000   -7.5000  -15.000011479.2500   24.9160
    0.0000   -7.5000  -15.000011994.8984   24.8371
    7.5000   -7.5000  -15.000011504.3652   24.7680
   -7.5000    0.0000  -15.000012528.4170   24.9270
    0.0000    0.0000  -15.000013096.6445   24.8457
    7.5000    0.0000  -15.000012578.2490   24.7904
   -7.5000    7.5000  -15.000012591.5713   24.9064
    0.0000    7.5000  -15.000013185.6758   24.8248
    7.5000    7.5000  -15.000012657.8506   24.7806
   -7.5000   15.0000  -15.000012418.5166   24.8701
    0.0000   15.0000  -15.000013052.8574   24.7911
    7.5000   15.0000  -15.000012499.9404   24.7460
   -7.5000   22.5000  -15.000012214.3828   24.8518
    0.0000   22.5000  -15.000012847.5742   24.7746
    7.5000   22.5000  -15.000012254.8926   24.7159
   -7.5000   30.0000  -15.000011900.0596   24.5638
    0.0000   30.0000  -15.000012537.3330   24.4876
    7.5000   30.0000  -15.000011932.6016   24.4168
   -7.5000   37.5000  -15.000011938.3408   24.5934
    0.0000   37.5000  -15.000012582.1113   24.5156
    7.5000   37.5000  -15.000012004.6641   24.4474
   -7.5000   45.0000  -15.000011445.0127   24.0205
    0.0000   45.0000  -15.000012057.6680   23.9420
    7.5000   45.0000  -15.000011534.3965   23.8888
   -7.5000  -45.0000   -7.5000 6806.9756   27.1198
    0.0000  -45.0000   -7.5000 7105.8633   27.0171
    7.5000  -45.0000   -7.5000 6852.5762   26.9463
   -7.5000  -37.5000   -7.5000 7561.9531   26.2642
    0.0000  -37.5000   -7.5000 7889.9351   26.1653
    7.5000  -37.5000   -7.5000 7639.3677   26.1104
   -7.5000  -30.0000   -7.5000 8686.6270   25.6460
    0.0000  -30.0000   -7.5000 9086.0967   25.5571
    7.5000  -30.0000   -7.5000 8786.0654   25.5144
   -7.5000  -22.5000   -7.5000 9904.4600   25.2295
    0.0000  -22.5000   -7.500010365.7529   25.1503
    7.5000  -22.5000   -7.5000 9990.7832   25.0997
   -7.5000  -15.0000   -7.500011154.3203   25.0803
    0.0000  -15.0000   -7.500011678.7520   25.0081
    7.5000  -15.0000   -7.500011209.6484   24.9390
   -7.5000   -7.5000   -7.500012406.6338   25.1015
    0.0000   -7.5000   -7.500012990.9580   25.0251
    7.5000   -7.5000   -7.500012469.9307   24.9475
   -7.5000    0.0000   -7.500013553.0918   25.1312
    0.0000    0.0000   -7.500014177.0146   25.0438
    7.5000    0.0000   -7.500013609.6777   24.9737
   -7.5000    7.5000   -7.500013596.3574   25.1333
    0.0000    7.5000   -7.500014243.9980   25.0403
    7.5000    7.5000   -7.500013660.9434   24.9886
   -7.5000   15.0000   -7.500013412.1953   25.1029
    0.0000   15.0000   -7.500014079.4268   25.0150
    7.5000   15.0000   -7.500013471.1875   24.9748
   -7.5000   22.5000   -7.500013146.6807   25.0625
    0.0000   22.5000   -7.500013842.1123   24.9843
    7.5000   22.5000   -7.500013212.1826   24.9347
   -7.5000   30.0000   -7.500012801.9990   24.7497
    0.0000   30.0000   -7.500013505.5879   24.6785
    7.5000   30.0000   -7.500012877.2520   24.6105
   -7.5000   37.5000   -7.500012888.2930   24.7760
    0.0000   37.5000   -7.500013616.1738   24.7006
    7.5000   37.5000   -7.500012975.3721   24.6239
   -7.5000   45.0000   -7.500012362.7715   24.2218
    0.0000   45.0000   -7.500013057.7373   24.1375
    7.5000   45.0000   -7.500012454.2275   24.0700
   -7.5000  -45.0000    0.0000 7229.0981   27.0622
    0.0000  -45.0000    0.0000 7536.0005   26.9641
    7.5000  -45.0000    0.0000 7272.6719   26.8711
   -7.5000  -37.5000    0.0000 8039.2681   26.2196
    0.0000  -37.5000    0.0000 8418.5869   26.1240
    7.5000  -37.5000    0.0000 8125.9536   26.0542
   -7.5000  -30.0000    0.0000 9256.2490   25.6144
    0.0000  -30.0000    0.0000 9707.6670   25.5325
    7.5000  -30.0000    0.0000 9370.4814   25.4941
   -7.5000  -22.5000    0.000010558.4980   25.1903
    0.0000  -22.5000    0.000011065.6699   25.1246
    7.5000  -22.5000    0.000010670.0537   25.0905
   -7.5000  -15.0000    0.000011866.5557   25.0240
    0.0000  -15.0000    0.000012463.4111   24.9687
    7.5000  -15.0000    0.000011942.6982   24.9137
   -7.5000   -7.5000    0.000013209.3135   25.0383
    0.0000   -7.5000    0.000013880.2510   24.9748
    7.5000   -7.5000    0.000013285.7607   24.8942
   -7.5000    0.0000    0.000014476.0742   25.0763
    0.0000    0.0000    0.000015198.0400   24.9945
    7.5000    0.0000    0.000014584.1650   24.9068
   -7.5000    7.5000    0.000014555.4736   25.0939
    0.0000    7.5000    0.000015310.9688   25.0039
    7.5000    7.5000    0.000014640.5674   24.9388
   -7.5000   15.0000    0.000014328.4346   25.0728
    0.0000   15.0000    0.000015075.1885   24.9913
    7.5000   15.0000    0.000014415.4170   24.9549
   -7.5000   22.5000    0.000013992.0947   25.0239
    0.0000   22.5000    0.000014766.6230   24.9590
    7.5000   22.5000    0.000014097.9746   24.9257
   -7.5000   30.0000    0.000013595.0801   24.6948
    0.0000   30.0000    0.000014391.2422   24.6403
    7.5000   30.0000    0.000013712.6299   24.5862
   -7.5000   37.5000    0.000013712.8457   24.7142
    0.0000   37.5000    0.000014530.3799   24.6515
    7.5000   37.5000    0.000013861.3037   24.5720
   -7.5000   45.0000    0.000013176.7441   24.1707
    0.0000   45.0000    0.000013922.0479   24.0918
    7.5000   45.0000    0.000013276.1494   24.0073
   -7.5000  -45.0000    7.5000 7036.4468   27.0478
    0.0000  -45.0000    7.5000 7374.7417   26.9596
    7.5000  -45.0000    7.5000 7112.0879   26.8648
   -7.5000  -37.5000    7.5000 7898.9038   26.1909
    0.0000  -37.5000    7.5000 8286.7500   26.1114
    7.5000  -37.5000    7.5000 7984.7148   26.0377
   -7.5000  -30.0000    7.5000 9144.8848   25.5910
    0.0000  -30.0000    7.5000 9615.4834   25.5264
    7.5000  -30.0000    7.5000 9241.4434   25.4879
   -7.5000  -22.5000    7.500010421.4580   25.1840
    0.0000  -22.5000    7.500010977.4131   25.1327
    7.5000  -22.5000    7.500010529.4258   25.1080
   -7.5000  -15.0000    7.500011691.0762   25.0258
    0.0000  -15.0000    7.500012316.7725   24.9815
    7.5000  -15.0000    7.500011809.7461   24.9410
   -7.5000   -7.5000    7.500012970.2305   25.0320
    0.0000   -7.5000    7.500013675.7480   24.9774
    7.5000   -7.5000    7.500013095.9033   24.9054
   -7.5000    0.0000    7.500014222.9238   25.0538
    0.0000    0.0000    7.500014957.6299   24.9827
    7.5000    0.0000    7.500014401.9424   24.8941
   -7.5000    7.5000    7.500014419.9531   25.0630
    0.0000    7.5000    7.500015177.9902   24.9875
    7.5000    7.5000    7.500014547.6143   24.9180
   -7.5000   15.0000    7.500014272.8828   25.0498
    0.0000   15.0000    7.500015015.6768   24.9845
    7.5000   15.0000    7.500014360.7012   24.9478
   -7.5000   22.5000    7.500013887.9482   25.0177
    0.0000   22.5000    7.500014622.4355   24.9669
    7.5000   22.5000    7.500013985.8096   24.9427
   -7.5000   30.0000    7.500013426.0957   24.6967
    0.0000   30.0000    7.500014155.8877   24.6530
    7.5000   30.0000    7.500013577.6670   24.6130
   -7.5000   37.5000    7.500013508.9004   24.7079
    0.0000   37.5000    7.500014284.6855   24.6541
    7.5000   37.5000    7.500013701.2676   24.5830
   -7.5000   45.0000    7.500013012.4600   24.1490
    0.0000   45.0000    7.500013733.6318   24.0804
    7.5000   45.0000    7.500013155.2705   23.9950
   -7.5000  -45.0000   15.0000 6811.7461   27.1360
    0.0000  -45.0000   15.0000 7152.3408   27.0550
    7.5000  -45.0000   15.0000 6891.8306   26.9768
   -7.5000  -37.5000   15.0000 7685.4985   26.2495
    0.0000  -37.5000   15.0000 8083.5073   26.1832
    7.5000  -37.5000   15.0000 7752.2314   26.1186
   -7.5000  -30.0000   15.0000 8912.3789   25.6435
    0.0000  -30.0000   15.0000 9363.9727   25.5895
    7.5000  -30.0000   15.0000 8983.8027   25.5464
   -7.5000  -22.5000   15.000010128.5781   25.2633
    0.0000  -22.5000   15.000010646.8896   25.2150
    7.5000  -22.5000   15.000010233.1504   25.1824
   -7.5000  -15.0000   15.000011369.7168   25.1317
    0.0000  -15.0000   15.000011957.8818   25.0842
    7.5000  -15.0000   15.000011521.3311   25.0416
   -7.5000   -7.5000   15.000012606.8145   25.1344
    0.0000   -7.5000   15.000013251.3906   25.0787
    7.5000   -7.5000   15.000012770.0449   25.0143
   -7.5000    0.0000   15.000013737.2617   25.1287
    0.0000    0.0000   15.000014464.4092   25.0641
    7.5000    0.0000   15.000014004.0283   24.9887
   -7.5000    7.5000   15.000014025.2246   25.1131
    0.0000    7.5000   15.000014811.3418   25.0494
    7.5000    7.5000   15.000014304.9600   24.9873
   -7.5000   15.0000   15.000014177.2334   25.1003
    0.0000   15.0000   15.000014942.5332   25.0451
    7.5000   15.0000   15.000014447.5303   25.0044
   -7.5000   22.5000   15.000013935.8633   25.0962
    0.0000   22.5000   15.000014467.0117   25.0483
    7.5000   22.5000   15.000014097.4326   25.0163
   -7.5000   30.0000   15.000013446.2490   24.8012
    0.0000   30.0000   15.000013899.0264   24.7543
    7.5000   30.0000   15.000013573.8057   24.7124
   -7.5000   37.5000   15.000013516.9863   24.8091
    0.0000   37.5000   15.000014065.0557   24.7541
    7.5000   37.5000   15.000013683.7412   24.6906
   -7.5000   45.0000   15.000012983.9307   24.2212
    0.0000   45.0000   15.000013571.2158   24.1589
    7.5000   45.0000   15.000013106.1895   24.0863
   -7.5000  -45.0000   22.5000 6512.6196   27.2515
    0.0000  -45.0000   22.5000 6824.1704   27.1663
    7.5000  -45.0000   22.5000 6568.9819   27.1075
   -7.5000  -37.5000   22.5000 7397.0664   26.3516
    0.0000  -37.5000   22.5000 7778.6577   26.2807
    7.5000  -37.5000   22.5000 7460.1948   26.2288
   -7.5000  -30.0000   22.5000 8596.5547   25.7265
    0.0000  -30.0000   22.5000 9057.2178   25.6638
    7.5000  -30.0000   22.5000 8671.9473   25.6149
   -7.5000  -22.5000   22.5000 9763.2686   25.3474
    0.0000  -22.5000   22.500010292.9512   25.2846
    7.5000  -22.5000   22.5000 9886.5156   25.2330
   -7.5000  -15.0000   22.500010934.3711   25.2316
    0.0000  -15.0000   22.500011532.5762   25.1672
    7.5000  -15.0000   22.500011100.3359   25.1067
   -7.5000   -7.5000   22.500012074.5176   25.2464
    0.0000   -7.5000   22.500012693.3320   25.1783
    7.5000   -7.5000   22.500012285.1855   25.1132
   -7.5000    0.0000   22.500013149.6465   25.2384
    0.0000    0.0000   22.500013735.2354   25.1682
    7.5000    0.0000   22.500013473.5723   25.1078
   -7.5000    7.5000   22.500013330.3340   25.2081
    0.0000    7.5000   22.500014106.4561   25.1403
    7.5000    7.5000   22.500013778.5752   25.0897
   -7.5000   15.0000   22.500013621.4434   25.1809
    0.0000   15.0000   22.500014317.7949   25.1176
    7.5000   15.0000   22.500013986.8906   25.0718
   -7.5000   22.5000   22.500013660.8379   25.1794
    0.0000   22.5000   22.500014021.5186   25.1173
    7.5000   22.5000   22.500013692.6221   25.0666
   -7.5000   30.0000   22.500013294.0967   24.8998
    0.0000   30.0000   22.500013566.9824   24.8362
    7.5000   30.0000   22.500013172.2686   24.7766
   -7.5000   37.5000   22.500013312.3623   24.9196
    0.0000   37.5000   22.500013700.2715   24.8524
    7.5000   37.5000   22.500013200.5879   24.7882
   -7.5000   45.0000   22.500012640.8174   24.3270
    0.0000   45.0000   22.500013055.5410   24.2593
    7.5000   45.0000   22.500012527.9053   24.2011
   -7.5000  -45.0000   30.0000 6125.9434   27.2819
    0.0000  -45.0000   30.0000 6441.1909   27.1848
    7.5000  -45.0000   30.0000 6188.3091   27.1316
   -7.5000  -37.5000   30.0000 6973.4009   26.3968
    0.0000  -37.5000   30.0000 7344.1572   26.3093
    7.5000  -37.5000   30.0000 7055.5200   26.2629
   -7.5000  -30.0000   30.0000 8091.9766   25.7633
    0.0000  -30.0000   30.0000 8519.2354   25.6828
    7.5000  -30.0000   30.0000 8202.8906   25.6339
   -7.5000  -22.5000   30.0000 9196.4443   25.3637
    0.0000  -22.5000   30.0000 9672.8193   25.2844
    7.5000  -22.5000   30.0000 9334.2539   25.2239
   -7.5000  -15.0000   30.000010305.0615   25.2383
    0.0000  -15.0000   30.000010845.5156   25.1598
    7.5000  -15.0000   30.000010472.4902   25.0871
   -7.5000   -7.5000   30.000011384.2969   25.2633
    0.0000   -7.5000   30.000011967.2539   25.1834
    7.5000   -7.5000   30.000011620.9326   25.1133
   -7.5000    0.0000   30.000012457.4521   25.2746
    0.0000    0.0000   30.000013102.2646   25.1921
    7.5000    0.0000   30.000012774.0781   25.1361
   -7.5000    7.5000   30.000012697.9893   25.2537
    0.0000    7.5000   30.000013452.5820   25.1710
    7.5000    7.5000   30.000013045.3955   25.1262
   -7.5000   15.0000   30.000012829.9541   25.2169
    0.0000   15.0000   30.000013464.6846   25.1368
    7.5000   15.0000   30.000012954.5986   25.0910
   -7.5000   22.5000   30.000012687.4082   25.1956
    0.0000   22.5000   30.000013144.5244   25.1173
    7.5000   22.5000   30.000012594.8359   25.0578
   -7.5000   30.0000   30.000012357.0254   24.9062
    0.0000   30.0000   30.000012807.9082   24.8289
    7.5000   30.0000   30.000012233.8916   24.7572
   -7.5000   37.5000   30.000012453.6660   24.9363
    0.0000   37.5000   30.000012981.0635   24.8574
    7.5000   37.5000   30.000012347.9053   24.7883
   -7.5000   45.0000   30.000011858.5977   24.3618
    0.0000   45.0000   30.000012357.9365   24.2823
    7.5000   45.0000   30.000011787.4014   24.2283
   -7.5000  -45.0000   37.5000 5896.3174   27.2053
    0.0000  -45.0000   37.5000 6206.0586   27.1022
    7.5000  -45.0000   37.5000 5992.6128   27.0312
   -7.5000  -37.5000   37.5000 6700.3677   26.3466
    0.0000  -37.5000   37.5000 7062.6201   26.2474
    7.5000  -37.5000   37.5000 6837.4170   26.1923
   -7.5000  -30.0000   37.5000 7788.6548   25.7262
    0.0000  -30.0000   37.5000 8214.4580   25.6369
    7.5000  -30.0000   37.5000 7957.9858   25.5941
   -7.5000  -22.5000   37.5000 8897.9023   25.3080
    0.0000  -22.5000   37.5000 9378.8623   25.2285
    7.5000  -22.5000   37.5000 9051.4102   25.1777
   -7.5000  -15.0000   37.500010008.6768   25.1582
    0.0000  -15.0000   37.500010552.0889   25.0857
    7.5000  -15.0000   37.500010136.0723   25.0164
   -7.5000   -7.5000   37.500011087.6826   25.1795
    0.0000   -7.5000   37.500011709.1621   25.1029
    7.5000   -7.5000   37.500011242.3682   25.0250
   -7.5000    0.0000   37.500012162.3105   25.2094
    0.0000    0.0000   37.500012810.1045   25.1216
    7.5000    0.0000   37.500012368.0127   25.0514
   -7.5000    7.5000   37.500012329.3086   25.2115
    0.0000    7.5000   37.500012953.2539   25.1182
    7.5000    7.5000   37.500012511.2988   25.0662
   -7.5000   15.0000   37.500012315.4326   25.1810
    0.0000   15.0000   37.500012777.1953   25.0927
    7.5000   15.0000   37.500012350.6797   25.0524
   -7.5000   22.5000   37.500012072.6396   25.1404
    0.0000   22.5000   37.500012484.6777   25.0619
    7.5000   22.5000   37.500012051.2627   25.0121
   -7.5000   30.0000   37.500011787.3164   24.8272
    0.0000   30.0000   37.500012217.2441   24.7558
    7.5000   30.0000   37.500011806.2344   24.6875
   -7.5000   37.5000   37.500011919.0967   24.8536
    0.0000   37.5000   37.500012385.1680   24.7779
    7.5000   37.5000   37.500011966.4102   24.7011
   -7.5000   45.0000   37.500011400.0498   24.2990
    0.0000   45.0000   37.500011854.6738   24.2143
    7.5000   45.0000   37.500011440.1289   24.1466
   -7.5000  -45.0000   45.0000 5459.0796   27.3988
    0.0000  -45.0000   45.0000 5770.3008   27.2977
    7.5000  -45.0000   45.0000 5569.4775   27.2021
   -7.5000  -37.5000   45.0000 6213.3545   26.5309
    0.0000  -37.5000   45.0000 6563.4385   26.4327
    7.5000  -37.5000   45.0000 6328.3296   26.3612
   -7.5000  -30.0000   45.0000 7227.4585   25.9082
    0.0000  -30.0000   45.0000 7634.1831   25.8244
    7.5000  -30.0000   45.0000 7368.3745   25.7856
   -7.5000  -22.5000   45.0000 8262.4258   25.4726
    0.0000  -22.5000   45.0000 8723.0518   25.4057
    7.5000  -22.5000   45.0000 8385.5859   25.3714
   -7.5000  -15.0000   45.0000 9282.1748   25.3022
    0.0000  -15.0000   45.0000 9796.5049   25.2459
    7.5000  -15.0000   45.0000 9398.0947   25.1900
   -7.5000   -7.5000   45.000010289.0127   25.3170
    0.0000   -7.5000   45.000010851.0801   25.2520
    7.5000   -7.5000   45.000010439.1777   25.1694
   -7.5000    0.0000   45.000011260.2100   25.3561
    0.0000    0.0000   45.000011861.4941   25.2721
    7.5000    0.0000   45.000011453.6680   25.1821
   -7.5000    7.5000   45.000011407.3701   25.3741
    0.0000    7.5000   45.000011986.1523   25.2817
    7.5000    7.5000   45.000011574.5186   25.2150
   -7.5000   15.0000   45.000011331.3145   25.3523
    0.0000   15.0000   45.000011807.7383   25.2690
    7.5000   15.0000   45.000011434.2998   25.2321
   -7.5000   22.5000   45.000011090.6738   25.3022
    0.0000   22.5000   45.000011570.9824   25.2361
    7.5000   22.5000   45.000011210.4268   25.2026
   -7.5000   30.0000   45.000010856.1055   24.9671
    0.0000   30.0000   45.000011331.5439   24.9117
    7.5000   30.0000   45.000010974.0449   24.8566
   -7.5000   37.5000   45.000010993.2852   24.9871
    0.0000   37.5000   45.000011464.4092   24.9230
    7.5000   37.5000   45.000011089.3701   24.8415
   -7.5000   45.0000   45.000010577.7637   24.4515
    0.0000   45.0000   45.000011002.0234   24.3704
    7.5000   45.0000   45.000010658.7158   24.2836

---------------------------------------------------------------------
imgreg_4dfp /opt/freesurfer/average/711-2C_as_mni_average_305 /opt/freesurfer/average/711-2B_as_mni_average_305_mask talsrcimg_g11 none talsrcimg_to_711-2C_as_mni_average_305_t4 4355
---------------------------------------------------------------------

freesurfer imgreg_4dfp.c
/opt/freesurfer/average/711-2C_as_mni_average_305.4dfp.img
       256       256       256         1
  1.000000  1.000000  1.000000
orientation T byte_order littleendian
Reading image: /opt/freesurfer/average/711-2C_as_mni_average_305.4dfp.img
dimensions:      256       256       256
mmppix:       1.0000   -1.0000   -1.0000
center:     128.0000 -129.0000 -129.0000
/opt/freesurfer/average/711-2B_as_mni_average_305_mask.4dfp.img
       256       256       256         1
  1.000000  1.000000  1.000000
orientation T byte_order littleendian
Reading mask: /opt/freesurfer/average/711-2B_as_mni_average_305_mask.4dfp.img (2306576 pixels)
talsrcimg_g11.4dfp.img
       256       256       256         1
  1.000000  1.000000  1.000000
orientation T byte_order littleendian
Reading image: talsrcimg_g11.4dfp.img
dimensions:      256       256       256
mmppix:       1.0000   -1.0000   -1.0000
center:     128.0000 -129.0000 -129.0000
rotation matrix determinant  1.000000
image alignment mode   4355 decimal     1103 hex
   -7.5000  -37.5000  -45.0000 1556.3478   41.9137
    0.0000  -37.5000  -45.0000 1567.4482   41.2856
    7.5000  -37.5000  -45.0000 1544.8323   41.1644
   -7.5000  -30.0000  -45.0000 1676.6481   36.9139
    0.0000  -30.0000  -45.0000 1686.4210   36.1550
    7.5000  -30.0000  -45.0000 1670.9092   36.0940
   -7.5000  -22.5000  -45.0000 1780.2738   32.5952
    0.0000  -22.5000  -45.0000 1790.3884   31.9727
    7.5000  -22.5000  -45.0000 1784.5725   32.0274
   -7.5000  -15.0000  -45.0000 1874.0680   29.2269
    0.0000  -15.0000  -45.0000 1883.5273   28.7709
    7.5000  -15.0000  -45.0000 1880.5979   28.7625
   -7.5000   -7.5000  -45.0000 1960.8129   26.7112
    0.0000   -7.5000  -45.0000 1972.7584   26.3170
    7.5000   -7.5000  -45.0000 1968.3624   26.3181
   -7.5000    0.0000  -45.0000 2036.4319   24.9696
    0.0000    0.0000  -45.0000 2052.2744   24.5628
    7.5000    0.0000  -45.0000 2040.3158   24.5637
   -7.5000    7.5000  -45.0000 2085.4202   23.6676
    0.0000    7.5000  -45.0000 2099.9087   23.2869
    7.5000    7.5000  -45.0000 2085.8018   23.3409
   -7.5000   15.0000  -45.0000 2101.5837   22.8200
    0.0000   15.0000  -45.0000 2124.2063   22.4002
    7.5000   15.0000  -45.0000 2107.3933   22.5397
   -7.5000   22.5000  -45.0000 2110.0815   22.3963
    0.0000   22.5000  -45.0000 2131.8691   22.0521
    7.5000   22.5000  -45.0000 2118.6985   22.1672
   -7.5000   30.0000  -45.0000 2096.2534   22.5038
    0.0000   30.0000  -45.0000 2119.7124   22.1379
    7.5000   30.0000  -45.0000 2108.7983   22.3479
   -7.5000   37.5000  -45.0000 2071.7285   23.1268
    0.0000   37.5000  -45.0000 2095.2854   22.7561
    7.5000   37.5000  -45.0000 2087.3438   22.9199
   -7.5000   45.0000  -45.0000 2025.4323   24.1657
    0.0000   45.0000  -45.0000 2050.2676   23.6944
    7.5000   45.0000  -45.0000 2048.2847   23.8411
   -7.5000   52.5000  -45.0000 1949.3607   25.4358
    0.0000   52.5000  -45.0000 1975.0553   24.8417
    7.5000   52.5000  -45.0000 1969.9971   25.0318
   -7.5000  -37.5000  -37.5000 1633.3853   39.3932
    0.0000  -37.5000  -37.5000 1639.2656   38.7939
    7.5000  -37.5000  -37.5000 1622.1591   38.5697
   -7.5000  -30.0000  -37.5000 1746.9888   34.3122
    0.0000  -30.0000  -37.5000 1756.6742   33.8031
    7.5000  -30.0000  -37.5000 1745.5883   33.7486
   -7.5000  -22.5000  -37.5000 1861.2964   30.2531
    0.0000  -22.5000  -37.5000 1871.0725   29.6746
    7.5000  -22.5000  -37.5000 1856.0245   29.7306
   -7.5000  -15.0000  -37.5000 1963.1322   27.1966
    0.0000  -15.0000  -37.5000 1977.3027   26.6514
    7.5000  -15.0000  -37.5000 1960.0168   26.7016
   -7.5000   -7.5000  -37.5000 2055.0828   24.9327
    0.0000   -7.5000  -37.5000 2073.8892   24.4529
    7.5000   -7.5000  -37.5000 2062.1443   24.3928
   -7.5000    0.0000  -37.5000 2139.4202   23.2092
    0.0000    0.0000  -37.5000 2155.4775   22.8419
    7.5000    0.0000  -37.5000 2145.3867   22.7694
   -7.5000    7.5000  -37.5000 2194.8369   21.9801
    0.0000    7.5000  -37.5000 2207.2209   21.6594
    7.5000    7.5000  -37.5000 2200.7434   21.5356
   -7.5000   15.0000  -37.5000 2213.7961   21.1746
    0.0000   15.0000  -37.5000 2231.2969   20.8534
    7.5000   15.0000  -37.5000 2227.3748   20.8203
   -7.5000   22.5000  -37.5000 2215.4514   20.7550
    0.0000   22.5000  -37.5000 2236.5217   20.4694
    7.5000   22.5000  -37.5000 2235.6296   20.4884
   -7.5000   30.0000  -37.5000 2199.8347   20.7079
    0.0000   30.0000  -37.5000 2222.4751   20.4249
    7.5000   30.0000  -37.5000 2218.8979   20.5318
   -7.5000   37.5000  -37.5000 2176.7561   21.1403
    0.0000   37.5000  -37.5000 2207.1184   20.8364
    7.5000   37.5000  -37.5000 2196.5605   20.9231
   -7.5000   45.0000  -37.5000 2137.6697   22.0943
    0.0000   45.0000  -37.5000 2163.8230   21.7086
    7.5000   45.0000  -37.5000 2158.3323   21.7481
   -7.5000   52.5000  -37.5000 2066.1736   23.2738
    0.0000   52.5000  -37.5000 2096.0649   22.7804
    7.5000   52.5000  -37.5000 2089.8098   22.8762
   -7.5000  -37.5000  -30.0000 1712.8706   38.3244
    0.0000  -37.5000  -30.0000 1717.3893   37.6657
    7.5000  -37.5000  -30.0000 1712.8492   37.6169
   -7.5000  -30.0000  -30.0000 1834.5602   33.2848
    0.0000  -30.0000  -30.0000 1845.6471   32.7413
    7.5000  -30.0000  -30.0000 1844.2273   32.8568
   -7.5000  -22.5000  -30.0000 1966.7435   29.4311
    0.0000  -22.5000  -30.0000 1976.0358   28.8186
    7.5000  -22.5000  -30.0000 1966.1082   28.8553
   -7.5000  -15.0000  -30.0000 2081.7290   26.3716
    0.0000  -15.0000  -30.0000 2095.7014   25.8276
    7.5000  -15.0000  -30.0000 2081.3499   25.7480
   -7.5000   -7.5000  -30.0000 2192.5366   24.1380
    0.0000   -7.5000  -30.0000 2206.9854   23.6226
    7.5000   -7.5000  -30.0000 2194.4160   23.5243
   -7.5000    0.0000  -30.0000 2278.7788   22.3559
    0.0000    0.0000  -30.0000 2292.7927   21.9869
    7.5000    0.0000  -30.0000 2279.2363   21.9134
   -7.5000    7.5000  -30.0000 2334.2954   21.0730
    0.0000    7.5000  -30.0000 2350.3352   20.8173
    7.5000    7.5000  -30.0000 2335.9204   20.6918
   -7.5000   15.0000  -30.0000 2358.6509   20.2431
    0.0000   15.0000  -30.0000 2382.3970   20.0380
    7.5000   15.0000  -30.0000 2368.0188   19.9379
   -7.5000   22.5000  -30.0000 2365.3035   19.8451
    0.0000   22.5000  -30.0000 2392.5317   19.5839
    7.5000   22.5000  -30.0000 2385.5474   19.5397
   -7.5000   30.0000  -30.0000 2350.6011   19.8506
    0.0000   30.0000  -30.0000 2378.1917   19.5942
    7.5000   30.0000  -30.0000 2376.1431   19.5632
   -7.5000   37.5000  -30.0000 2321.9429   20.2273
    0.0000   37.5000  -30.0000 2352.4885   19.9589
    7.5000   37.5000  -30.0000 2346.3071   19.9475
   -7.5000   45.0000  -30.0000 2277.4001   21.0926
    0.0000   45.0000  -30.0000 2304.5120   20.7671
    7.5000   45.0000  -30.0000 2309.4128   20.7546
   -7.5000   52.5000  -30.0000 2203.1213   22.1652
    0.0000   52.5000  -30.0000 2228.7700   21.7850
    7.5000   52.5000  -30.0000 2230.1038   21.7933
   -7.5000  -37.5000  -22.5000 1770.4155   36.8384
    0.0000  -37.5000  -22.5000 1778.1345   36.3283
    7.5000  -37.5000  -22.5000 1781.2041   36.1833
   -7.5000  -30.0000  -22.5000 1905.0074   31.8548
    0.0000  -30.0000  -22.5000 1915.6267   31.3711
    7.5000  -30.0000  -22.5000 1917.9764   31.3074
   -7.5000  -22.5000  -22.5000 2042.7932   28.1071
    0.0000  -22.5000  -22.5000 2053.6497   27.6481
    7.5000  -22.5000  -22.5000 2049.9949   27.4489
   -7.5000  -15.0000  -22.5000 2173.9595   25.2896
    0.0000  -15.0000  -22.5000 2183.0342   24.7674
    7.5000  -15.0000  -22.5000 2174.2053   24.5993
   -7.5000   -7.5000  -22.5000 2298.0667   23.0784
    0.0000   -7.5000  -22.5000 2308.1355   22.6048
    7.5000   -7.5000  -22.5000 2291.4043   22.4446
   -7.5000    0.0000  -22.5000 2386.8809   21.2757
    0.0000    0.0000  -22.5000 2404.8359   20.9071
    7.5000    0.0000  -22.5000 2386.3586   20.8096
   -7.5000    7.5000  -22.5000 2445.8694   19.9932
    0.0000    7.5000  -22.5000 2468.3550   19.7461
    7.5000    7.5000  -22.5000 2449.4578   19.6190
   -7.5000   15.0000  -22.5000 2475.5415   19.1453
    0.0000   15.0000  -22.5000 2502.5967   18.9960
    7.5000   15.0000  -22.5000 2490.2773   18.8402
   -7.5000   22.5000  -22.5000 2489.2822   18.7350
    0.0000   22.5000  -22.5000 2520.0723   18.5289
    7.5000   22.5000  -22.5000 2513.4121   18.4246
   -7.5000   30.0000  -22.5000 2480.9014   18.7876
    0.0000   30.0000  -22.5000 2512.3333   18.5733
    7.5000   30.0000  -22.5000 2512.8308   18.4562
   -7.5000   37.5000  -22.5000 2450.2986   19.1955
    0.0000   37.5000  -22.5000 2479.7407   18.9586
    7.5000   37.5000  -22.5000 2478.1755   18.8569
   -7.5000   45.0000  -22.5000 2397.7278   20.0020
    0.0000   45.0000  -22.5000 2429.8369   19.7639
    7.5000   45.0000  -22.5000 2434.8674   19.6806
   -7.5000   52.5000  -22.5000 2316.1379   21.0137
    0.0000   52.5000  -22.5000 2344.6851   20.7185
    7.5000   52.5000  -22.5000 2352.7007   20.6671
   -7.5000  -37.5000  -15.0000 1804.0015   35.4033
    0.0000  -37.5000  -15.0000 1815.9889   34.7466
    7.5000  -37.5000  -15.0000 1816.2972   34.7185
   -7.5000  -30.0000  -15.0000 1948.9170   30.5655
    0.0000  -30.0000  -15.0000 1958.8969   29.8883
    7.5000  -30.0000  -15.0000 1961.0747   29.9393
   -7.5000  -22.5000  -15.0000 2095.7837   26.8673
    0.0000  -22.5000  -15.0000 2110.5129   26.2877
    7.5000  -22.5000  -15.0000 2106.8481   26.1941
   -7.5000  -15.0000  -15.0000 2235.4795   23.9952
    0.0000  -15.0000  -15.0000 2246.0117   23.5464
    7.5000  -15.0000  -15.0000 2233.9141   23.3211
   -7.5000   -7.5000  -15.0000 2360.1826   21.8154
    0.0000   -7.5000  -15.0000 2374.2439   21.4238
    7.5000   -7.5000  -15.0000 2355.5740   21.2092
   -7.5000    0.0000  -15.0000 2454.4883   20.1433
    0.0000    0.0000  -15.0000 2471.2542   19.8211
    7.5000    0.0000  -15.0000 2460.6299   19.6648
   -7.5000    7.5000  -15.0000 2518.4983   18.8835
    0.0000    7.5000  -15.0000 2541.6204   18.6084
    7.5000    7.5000  -15.0000 2535.9741   18.5120
   -7.5000   15.0000  -15.0000 2555.1321   18.0302
    0.0000   15.0000  -15.0000 2585.8953   17.8953
    7.5000   15.0000  -15.0000 2579.4036   17.7415
   -7.5000   22.5000  -15.0000 2583.4407   17.6156
    0.0000   22.5000  -15.0000 2608.2207   17.4393
    7.5000   22.5000  -15.0000 2607.0083   17.3491
   -7.5000   30.0000  -15.0000 2575.9319   17.6454
    0.0000   30.0000  -15.0000 2608.4172   17.4713
    7.5000   30.0000  -15.0000 2603.3254   17.3277
   -7.5000   37.5000  -15.0000 2548.6711   18.0675
    0.0000   37.5000  -15.0000 2580.5764   17.8845
    7.5000   37.5000  -15.0000 2578.8521   17.7425
   -7.5000   45.0000  -15.0000 2491.8660   18.8442
    0.0000   45.0000  -15.0000 2526.7930   18.6313
    7.5000   45.0000  -15.0000 2530.2400   18.5264
   -7.5000   52.5000  -15.0000 2397.7051   19.7861
    0.0000   52.5000  -15.0000 2435.2805   19.5345
    7.5000   52.5000  -15.0000 2442.9539   19.4897
   -7.5000  -37.5000   -7.5000 1832.1848   34.1793
    0.0000  -37.5000   -7.5000 1846.4193   33.4357
    7.5000  -37.5000   -7.5000 1845.9980   33.3525
   -7.5000  -30.0000   -7.5000 1985.9357   29.3155
    0.0000  -30.0000   -7.5000 2000.1798   28.7080
    7.5000  -30.0000   -7.5000 1998.6956   28.6995
   -7.5000  -22.5000   -7.5000 2143.7712   25.6328
    0.0000  -22.5000   -7.5000 2158.8074   25.1338
    7.5000  -22.5000   -7.5000 2149.1089   25.0241
   -7.5000  -15.0000   -7.5000 2282.7917   22.8073
    0.0000  -15.0000   -7.5000 2297.9348   22.3744
    7.5000  -15.0000   -7.5000 2282.9661   22.2440
   -7.5000   -7.5000   -7.5000 2409.0078   20.6661
    0.0000   -7.5000   -7.5000 2427.0544   20.2853
    7.5000   -7.5000   -7.5000 2413.3462   20.1601
   -7.5000    0.0000   -7.5000 2508.1929   19.0107
    0.0000    0.0000   -7.5000 2531.5583   18.7400
    7.5000    0.0000   -7.5000 2520.4055   18.5744
   -7.5000    7.5000   -7.5000 2579.4092   17.8449
    0.0000    7.5000   -7.5000 2608.6709   17.6093
    7.5000    7.5000   -7.5000 2606.0916   17.4665
   -7.5000   15.0000   -7.5000 2626.2681   16.9854
    0.0000   15.0000   -7.5000 2659.0630   16.8171
    7.5000   15.0000   -7.5000 2658.2202   16.7124
   -7.5000   22.5000   -7.5000 2658.2344   16.5332
    0.0000   22.5000   -7.5000 2692.0386   16.3827
    7.5000   22.5000   -7.5000 2688.9023   16.2894
   -7.5000   30.0000   -7.5000 2659.6167   16.5107
    0.0000   30.0000   -7.5000 2703.6377   16.3718
    7.5000   30.0000   -7.5000 2694.1780   16.2434
   -7.5000   37.5000   -7.5000 2637.5920   16.9469
    0.0000   37.5000   -7.5000 2676.9829   16.7907
    7.5000   37.5000   -7.5000 2671.8616   16.6724
   -7.5000   45.0000   -7.5000 2580.9878   17.6931
    0.0000   45.0000   -7.5000 2624.3821   17.5339
    7.5000   45.0000   -7.5000 2625.3921   17.4408
   -7.5000   52.5000   -7.5000 2478.8779   18.6268
    0.0000   52.5000   -7.5000 2526.3740   18.3861
    7.5000   52.5000   -7.5000 2525.9409   18.3505
   -7.5000  -37.5000    0.0000 1857.4313   33.3141
    0.0000  -37.5000    0.0000 1880.2577   32.6483
    7.5000  -37.5000    0.0000 1872.5829   32.7347
   -7.5000  -30.0000    0.0000 2011.8483   28.4243
    0.0000  -30.0000    0.0000 2035.0255   27.9654
    7.5000  -30.0000    0.0000 2026.1592   27.9956
   -7.5000  -22.5000    0.0000 2169.9438   24.8154
    0.0000  -22.5000    0.0000 2189.6692   24.3591
    7.5000  -22.5000    0.0000 2177.5078   24.3461
   -7.5000  -15.0000    0.0000 2304.6936   22.0046
    0.0000  -15.0000    0.0000 2328.2661   21.5696
    7.5000  -15.0000    0.0000 2313.0027   21.5270
   -7.5000   -7.5000    0.0000 2433.3806   19.8597
    0.0000   -7.5000    0.0000 2461.0151   19.4693
    7.5000   -7.5000    0.0000 2449.3606   19.3729
   -7.5000    0.0000    0.0000 2545.2109   18.2525
    0.0000    0.0000    0.0000 2579.3396   17.9286
    7.5000    0.0000    0.0000 2571.2114   17.8526
   -7.5000    7.5000    0.0000 2628.7805   17.0685
    0.0000    7.5000    0.0000 2669.7456   16.7996
    7.5000    7.5000    0.0000 2663.2729   16.6800
   -7.5000   15.0000    0.0000 2686.3171   16.2136
    0.0000   15.0000    0.0000 2728.9087   15.9649
    7.5000   15.0000    0.0000 2724.6196   15.9344
   -7.5000   22.5000    0.0000 2722.1582   15.6641
    0.0000   22.5000    0.0000 2770.7419   15.5068
    7.5000   22.5000    0.0000 2757.5859   15.4674
   -7.5000   30.0000    0.0000 2731.1292   15.6031
    0.0000   30.0000    0.0000 2782.1348   15.4538
    7.5000   30.0000    0.0000 2769.4346   15.3904
   -7.5000   37.5000    0.0000 2706.8110   15.9864
    0.0000   37.5000    0.0000 2754.7417   15.8796
    7.5000   37.5000    0.0000 2750.7036   15.8042
   -7.5000   45.0000    0.0000 2649.0342   16.7962
    0.0000   45.0000    0.0000 2695.0845   16.5870
    7.5000   45.0000    0.0000 2699.5237   16.5404
   -7.5000   52.5000    0.0000 2541.6125   17.7643
    0.0000   52.5000    0.0000 2590.4749   17.5348
    7.5000   52.5000    0.0000 2593.0359   17.5022
   -7.5000  -37.5000    7.5000 1876.3425   32.9387
    0.0000  -37.5000    7.5000 1891.7118   32.3356
    7.5000  -37.5000    7.5000 1892.5563   32.4631
   -7.5000  -30.0000    7.5000 2033.1812   28.1301
    0.0000  -30.0000    7.5000 2055.6621   27.6664
    7.5000  -30.0000    7.5000 2051.2888   27.7440
   -7.5000  -22.5000    7.5000 2186.6033   24.3968
    0.0000  -22.5000    7.5000 2215.4978   23.9633
    7.5000  -22.5000    7.5000 2198.9717   24.0634
   -7.5000  -15.0000    7.5000 2321.2031   21.6100
    0.0000  -15.0000    7.5000 2355.4851   21.1341
    7.5000  -15.0000    7.5000 2334.7522   21.1867
   -7.5000   -7.5000    7.5000 2450.2915   19.4315
    0.0000   -7.5000    7.5000 2488.9551   19.0181
    7.5000   -7.5000    7.5000 2471.5518   19.0565
   -7.5000    0.0000    7.5000 2565.3992   17.7835
    0.0000    0.0000    7.5000 2603.3835   17.4094
    7.5000    0.0000    7.5000 2597.0266   17.4564
   -7.5000    7.5000    7.5000 2664.1467   16.6627
    0.0000    7.5000    7.5000 2707.0012   16.2749
    7.5000    7.5000    7.5000 2702.3149   16.2859
   -7.5000   15.0000    7.5000 2735.1069   15.7707
    0.0000   15.0000    7.5000 2791.6770   15.4202
    7.5000   15.0000    7.5000 2776.2368   15.4428
   -7.5000   22.5000    7.5000 2783.4504   15.1017
    0.0000   22.5000    7.5000 2841.8433   14.8229
    7.5000   22.5000    7.5000 2821.5352   14.8955
   -7.5000   30.0000    7.5000 2789.7051   14.9793
    0.0000   30.0000    7.5000 2843.9656   14.7661
    7.5000   30.0000    7.5000 2836.0798   14.8024
   -7.5000   37.5000    7.5000 2755.1394   15.4236
    0.0000   37.5000    7.5000 2811.1472   15.2322
    7.5000   37.5000    7.5000 2813.3010   15.2889
   -7.5000   45.0000    7.5000 2707.4675   16.2453
    0.0000   45.0000    7.5000 2755.7012   15.9835
    7.5000   45.0000    7.5000 2763.3113   16.0450
   -7.5000   52.5000    7.5000 2604.2048   17.2860
    0.0000   52.5000    7.5000 2648.2368   16.9550
    7.5000   52.5000    7.5000 2654.5793   16.9977
   -7.5000  -37.5000   15.0000 1882.4036   33.1204
    0.0000  -37.5000   15.0000 1903.5035   32.5144
    7.5000  -37.5000   15.0000 1897.8468   32.7548
   -7.5000  -30.0000   15.0000 2037.9426   28.1741
    0.0000  -30.0000   15.0000 2061.7700   27.5393
    7.5000  -30.0000   15.0000 2054.6914   27.7794
   -7.5000  -22.5000   15.0000 2180.1846   24.2586
    0.0000  -22.5000   15.0000 2204.5022   23.6696
    7.5000  -22.5000   15.0000 2198.4346   23.9669
   -7.5000  -15.0000   15.0000 2316.7183   21.4468
    0.0000  -15.0000   15.0000 2340.7234   20.8945
    7.5000  -15.0000   15.0000 2335.2825   21.0912
   -7.5000   -7.5000   15.0000 2453.0952   19.2577
    0.0000   -7.5000   15.0000 2479.1719   18.7515
    7.5000   -7.5000   15.0000 2473.4202   18.9560
   -7.5000    0.0000   15.0000 2571.1016   17.5860
    0.0000    0.0000   15.0000 2604.9846   17.1419
    7.5000    0.0000   15.0000 2603.2324   17.3169
   -7.5000    7.5000   15.0000 2672.6025   16.4331
    0.0000    7.5000   15.0000 2713.7759   15.9871
    7.5000    7.5000   15.0000 2716.9868   16.1467
   -7.5000   15.0000   15.0000 2761.0518   15.6531
    0.0000   15.0000   15.0000 2812.2207   15.1979
    7.5000   15.0000   15.0000 2810.0027   15.3320
   -7.5000   22.5000   15.0000 2828.0505   15.1139
    0.0000   22.5000   15.0000 2875.9980   14.5556
    7.5000   22.5000   15.0000 2871.7761   14.8840
   -7.5000   30.0000   15.0000 2846.2463   14.8748
    0.0000   30.0000   15.0000 2888.7617   14.3894
    7.5000   30.0000   15.0000 2897.6218   14.7404
   -7.5000   37.5000   15.0000 2807.5762   15.3500
    0.0000   37.5000   15.0000 2852.1555   14.9363
    7.5000   37.5000   15.0000 2869.0613   15.1502
   -7.5000   45.0000   15.0000 2742.0610   16.1138
    0.0000   45.0000   15.0000 2784.3459   15.7318
    7.5000   45.0000   15.0000 2804.0430   15.8520
   -7.5000   52.5000   15.0000 2633.5774   17.0635
    0.0000   52.5000   15.0000 2668.1794   16.6643
    7.5000   52.5000   15.0000 2681.4617   16.7306
   -7.5000  -37.5000   22.5000 1867.0315   33.6946
    0.0000  -37.5000   22.5000 1890.5472   33.0259
    7.5000  -37.5000   22.5000 1887.5748   33.3382
   -7.5000  -30.0000   22.5000 2025.3199   28.5439
    0.0000  -30.0000   22.5000 2055.4148   27.9280
    7.5000  -30.0000   22.5000 2049.3945   28.2831
   -7.5000  -22.5000   22.5000 2170.4958   24.4944
    0.0000  -22.5000   22.5000 2198.0054   23.9155
    7.5000  -22.5000   22.5000 2191.2581   24.2192
   -7.5000  -15.0000   22.5000 2303.0764   21.4699
    0.0000  -15.0000   22.5000 2333.3059   20.9137
    7.5000  -15.0000   22.5000 2325.0227   21.2474
   -7.5000   -7.5000   22.5000 2433.6995   19.2430
    0.0000   -7.5000   22.5000 2462.4346   18.6754
    7.5000   -7.5000   22.5000 2459.0210   18.9764
   -7.5000    0.0000   22.5000 2549.6030   17.6021
    0.0000    0.0000   22.5000 2579.1331   17.0355
    7.5000    0.0000   22.5000 2587.7266   17.3396
   -7.5000    7.5000   22.5000 2661.3521   16.4815
    0.0000    7.5000   22.5000 2690.4404   15.8945
    7.5000    7.5000   22.5000 2716.9341   16.2043
   -7.5000   15.0000   22.5000 2766.3569   15.7632
    0.0000   15.0000   22.5000 2806.6450   15.2611
    7.5000   15.0000   22.5000 2826.8943   15.4485
   -7.5000   22.5000   22.5000 2849.8589   15.4427
    0.0000   22.5000   22.5000 2896.3792   14.8107
    7.5000   22.5000   22.5000 2895.8357   15.0809
   -7.5000   30.0000   22.5000 2873.8809   15.3030
    0.0000   30.0000   22.5000 2910.7288   14.6008
    7.5000   30.0000   22.5000 2905.9121   14.7574
   -7.5000   37.5000   22.5000 2827.3672   15.5514
    0.0000   37.5000   22.5000 2872.4309   14.9990
    7.5000   37.5000   22.5000 2877.7480   15.0826
   -7.5000   45.0000   22.5000 2748.4639   16.1121
    0.0000   45.0000   22.5000 2784.4866   15.6914
    7.5000   45.0000   22.5000 2800.7805   15.7393
   -7.5000   52.5000   22.5000 2634.6868   16.9399
    0.0000   52.5000   22.5000 2664.8496   16.5718
    7.5000   52.5000   22.5000 2682.9937   16.5751
   -7.5000  -37.5000   30.0000 1846.7041   34.8682
    0.0000  -37.5000   30.0000 1871.3135   34.0594
    7.5000  -37.5000   30.0000 1874.5165   34.3740
   -7.5000  -30.0000   30.0000 2002.6874   29.2204
    0.0000  -30.0000   30.0000 2032.6793   28.5627
    7.5000  -30.0000   30.0000 2033.1310   28.9072
   -7.5000  -22.5000   30.0000 2149.4907   24.9544
    0.0000  -22.5000   30.0000 2172.7249   24.2390
    7.5000  -22.5000   30.0000 2168.9043   24.6226
   -7.5000  -15.0000   30.0000 2282.5842   21.8873
    0.0000  -15.0000   30.0000 2310.8484   21.2380
    7.5000  -15.0000   30.0000 2308.4758   21.6370
   -7.5000   -7.5000   30.0000 2405.0847   19.7077
    0.0000   -7.5000   30.0000 2440.6196   19.1097
    7.5000   -7.5000   30.0000 2447.8530   19.4544
   -7.5000    0.0000   30.0000 2528.0103   18.1484
    0.0000    0.0000   30.0000 2566.4531   17.5906
    7.5000    0.0000   30.0000 2577.9868   17.8449
   -7.5000    7.5000   30.0000 2647.3484   17.0563
    0.0000    7.5000   30.0000 2688.5283   16.5538
    7.5000    7.5000   30.0000 2702.5261   16.6963
   -7.5000   15.0000   30.0000 2751.3965   16.2735
    0.0000   15.0000   30.0000 2800.0461   15.8071
    7.5000   15.0000   30.0000 2803.9788   15.8805
   -7.5000   22.5000   30.0000 2827.1687   15.8186
    0.0000   22.5000   30.0000 2867.2278   15.2388
    7.5000   22.5000   30.0000 2859.6619   15.2232
   -7.5000   30.0000   30.0000 2844.2283   15.6598
    0.0000   30.0000   30.0000 2881.0527   15.1684
    7.5000   30.0000   30.0000 2874.7222   15.0623
   -7.5000   37.5000   30.0000 2810.3638   15.8845
    0.0000   37.5000   30.0000 2863.7390   15.5901
    7.5000   37.5000   30.0000 2854.2976   15.4607
   -7.5000   45.0000   30.0000 2739.2466   16.5447
    0.0000   45.0000   30.0000 2780.4944   16.3290
    7.5000   45.0000   30.0000 2778.0300   16.2315
   -7.5000   52.5000   30.0000 2619.9697   17.4005
    0.0000   52.5000   30.0000 2653.7856   17.1472
    7.5000   52.5000   30.0000 2658.5686   17.0878
   -7.5000  -37.5000   37.5000 1808.4875   36.0024
    0.0000  -37.5000   37.5000 1832.0122   35.1740
    7.5000  -37.5000   37.5000 1846.9412   35.5958
   -7.5000  -30.0000   37.5000 1968.7076   30.3103
    0.0000  -30.0000   37.5000 1996.8828   29.5820
    7.5000  -30.0000   37.5000 2005.7950   29.9848
   -7.5000  -22.5000   37.5000 2125.8171   25.9421
    0.0000  -22.5000   37.5000 2149.6521   25.2402
    7.5000  -22.5000   37.5000 2151.0632   25.5617
   -7.5000  -15.0000   37.5000 2265.1035   22.7951
    0.0000  -15.0000   37.5000 2294.5173   22.2209
    7.5000  -15.0000   37.5000 2291.5774   22.4425
   -7.5000   -7.5000   37.5000 2388.2437   20.5871
    0.0000   -7.5000   37.5000 2425.7888   20.0590
    7.5000   -7.5000   37.5000 2429.9333   20.1950
   -7.5000    0.0000   37.5000 2507.2227   18.9975
    0.0000    0.0000   37.5000 2548.9810   18.4703
    7.5000    0.0000   37.5000 2557.2754   18.5719
   -7.5000    7.5000   37.5000 2617.7473   17.7862
    0.0000    7.5000   37.5000 2662.2102   17.2357
    7.5000    7.5000   37.5000 2675.3313   17.3269
   -7.5000   15.0000   37.5000 2711.7302   16.9627
    0.0000   15.0000   37.5000 2757.4248   16.2772
    7.5000   15.0000   37.5000 2760.6692   16.3532
   -7.5000   22.5000   37.5000 2777.1719   16.3674
    0.0000   22.5000   37.5000 2816.0940   15.6862
    7.5000   22.5000   37.5000 2818.0730   15.7225
   -7.5000   30.0000   37.5000 2796.6587   16.1885
    0.0000   30.0000   37.5000 2836.9580   15.7162
    7.5000   30.0000   37.5000 2841.1782   15.6750
   -7.5000   37.5000   37.5000 2769.3098   16.5289
    0.0000   37.5000   37.5000 2816.8035   16.1162
    7.5000   37.5000   37.5000 2817.1121   16.0839
   -7.5000   45.0000   37.5000 2700.5532   17.1812
    0.0000   45.0000   37.5000 2740.8560   16.8892
    7.5000   45.0000   37.5000 2739.5317   16.8222
   -7.5000   52.5000   37.5000 2582.6597   18.0560
    0.0000   52.5000   37.5000 2619.8708   17.8106
    7.5000   52.5000   37.5000 2626.0295   17.7168
   -7.5000  -37.5000   45.0000 1768.5934   37.7507
    0.0000  -37.5000   45.0000 1794.5038   36.8378
    7.5000  -37.5000   45.0000 1805.9797   37.0887
   -7.5000  -30.0000   45.0000 1930.1173   31.7416
    0.0000  -30.0000   45.0000 1952.0645   31.0062
    7.5000  -30.0000   45.0000 1963.8915   31.1983
   -7.5000  -22.5000   45.0000 2087.0032   27.2147
    0.0000  -22.5000   45.0000 2107.1877   26.6111
    7.5000  -22.5000   45.0000 2113.5447   26.7754
   -7.5000  -15.0000   45.0000 2220.1519   23.8896
    0.0000  -15.0000   45.0000 2250.7627   23.3252
    7.5000  -15.0000   45.0000 2252.3872   23.4358
   -7.5000   -7.5000   45.0000 2343.8591   21.5506
    0.0000   -7.5000   45.0000 2382.0566   20.9673
    7.5000   -7.5000   45.0000 2388.8828   21.0712
   -7.5000    0.0000   45.0000 2461.9492   19.8925
    0.0000    0.0000   45.0000 2507.1306   19.2729
    7.5000    0.0000   45.0000 2516.0254   19.3593
   -7.5000    7.5000   45.0000 2570.1196   18.5914
    0.0000    7.5000   45.0000 2622.3757   17.9883
    7.5000    7.5000   45.0000 2629.4224   18.0467
   -7.5000   15.0000   45.0000 2652.4900   17.6844
    0.0000   15.0000   45.0000 2700.7114   16.9550
    7.5000   15.0000   45.0000 2708.8149   17.0390
   -7.5000   22.5000   45.0000 2707.8467   17.0086
    0.0000   22.5000   45.0000 2751.3125   16.4631
    7.5000   22.5000   45.0000 2759.1658   16.5289
   -7.5000   30.0000   45.0000 2727.8748   16.9452
    0.0000   30.0000   45.0000 2769.1326   16.4458
    7.5000   30.0000   45.0000 2778.0967   16.4769
   -7.5000   37.5000   45.0000 2700.7529   17.2928
    0.0000   37.5000   45.0000 2738.7859   16.8302
    7.5000   37.5000   45.0000 2745.0374   16.8453
   -7.5000   45.0000   45.0000 2633.8647   17.9626
    0.0000   45.0000   45.0000 2664.3477   17.5890
    7.5000   45.0000   45.0000 2677.5149   17.5814
   -7.5000   52.5000   45.0000 2519.7896   18.7938
    0.0000   52.5000   45.0000 2552.3616   18.4786
    7.5000   52.5000   45.0000 2560.5754   18.4431

---------------------------------------------------------------------
imgreg_4dfp /opt/freesurfer/average/711-2C_as_mni_average_305 /opt/freesurfer/average/711-2B_as_mni_average_305_mask talsrcimg_g11 none talsrcimg_to_711-2C_as_mni_average_305_t4 1283
---------------------------------------------------------------------

freesurfer imgreg_4dfp.c
/opt/freesurfer/average/711-2C_as_mni_average_305.4dfp.img
       256       256       256         1
  1.000000  1.000000  1.000000
orientation T byte_order littleendian
Reading image: /opt/freesurfer/average/711-2C_as_mni_average_305.4dfp.img
dimensions:      256       256       256
mmppix:       1.0000   -1.0000   -1.0000
center:     128.0000 -129.0000 -129.0000
/opt/freesurfer/average/711-2B_as_mni_average_305_mask.4dfp.img
       256       256       256         1
  1.000000  1.000000  1.000000
orientation T byte_order littleendian
Reading mask: /opt/freesurfer/average/711-2B_as_mni_average_305_mask.4dfp.img (2306576 pixels)
talsrcimg_g11.4dfp.img
       256       256       256         1
  1.000000  1.000000  1.000000
orientation T byte_order littleendian
Reading image: talsrcimg_g11.4dfp.img
dimensions:      256       256       256
mmppix:       1.0000   -1.0000   -1.0000
center:     128.0000 -129.0000 -129.0000
rotation matrix determinant  1.000000
fimgreg.f
image alignment mode   1283 decimal      503 hex
parameters
    0.0000   30.0000   22.5000    0.0000    0.0000    0.0000
eta,q 0.91570 14.56958
niter,ni,del,rscale     5    3   12.0000    1.2000
parameter  6  4.276947 ->  0.500000 qaram    1.1500
parameters
    1.1689   27.3680   23.2996   -1.3847   -1.2506   -3.4500
eta,q 0.91699 14.58609
  0.0957  0.0874  0.0974  0.0883  0.0894  0.0819
  0.0917  0.0866  0.0930  0.0885  0.0884  0.0826
  0.0892  0.0861  0.0870  0.0877  0.0882  0.0849
  0.0884  0.0874  0.0856  0.0863  0.0873  0.0879
  0.0881  0.0890  0.0878  0.0875  0.0877  0.0905
  0.0909  0.0912  0.0895  0.0900  0.0905  0.0928
  0.0906  0.0966  0.0922  0.0925  0.0930  0.0951
niter,ni,del,rscale     5    3   12.0000    1.2000
parameter  6  0.598926 ->  0.500000 qaram    1.3225
parameters
    1.8850   29.5632   23.6445   -4.1229   -2.6318   -7.4175
eta,q 0.92065 14.62573
  0.0909  0.0903  0.0916  0.0841  0.0854  0.0824
  0.0880  0.0864  0.0846  0.0820  0.0837  0.0796
  0.0850  0.0839  0.0818  0.0822  0.0828  0.0798
  0.0830  0.0824  0.0827  0.0832  0.0820  0.0825
  0.0826  0.0826  0.0854  0.0849  0.0827  0.0867
  0.0860  0.0832  0.0847  0.0865  0.0878  0.0905
  0.0882  0.0834  0.0878  0.0878  0.0929  0.0942
niter,ni,del,rscale     5    3   12.0000    1.2000
parameters
    2.3699   30.2308   22.1340   -4.6269   -3.4137   -7.2123
eta,q 0.92489 14.59798
  0.0874  0.0886  0.0841  0.0837  0.0809  0.0877
  0.0831  0.0868  0.0758  0.0784  0.0780  0.0837
  0.0811  0.0829  0.0751  0.0743  0.0759  0.0783
  0.0794  0.0788  0.0783  0.0756  0.0749  0.0752
  0.0783  0.0789  0.0834  0.0791  0.0764  0.0767
  0.0810  0.0823  0.0842  0.0823  0.0810  0.0821
  0.0859  0.0872  0.0866  0.0837  0.0852  0.0875
niter,ni,del,rscale     4    3   12.0000    1.2000
parameters
    2.1736   29.8862   21.8884   -4.6916   -3.5845   -7.2646
eta,q 0.92496 14.58338
  0.0810  0.0842  0.0878  0.0849  0.0815  0.0872
  0.0784  0.0820  0.0793  0.0802  0.0791  0.0829
  0.0777  0.0777  0.0738  0.0752  0.0765  0.0778
  0.0751  0.0753  0.0753  0.0750  0.0749  0.0750
  0.0754  0.0775  0.0799  0.0781  0.0752  0.0772
  0.0788  0.0818  0.0846  0.0817  0.0787  0.0828
  0.0828  0.0881  0.0850  0.0835  0.0835  0.0880
niter,ni,del,rscale     3    3   12.0000    1.2000
parameters
    2.3126   29.7488   21.7312   -4.6984   -3.6630   -7.3156
eta,q 0.92525 14.58284
  0.0814  0.0842  0.0881  0.0846  0.0815  0.0869
  0.0780  0.0820  0.0803  0.0802  0.0791  0.0825
  0.0776  0.0778  0.0737  0.0752  0.0763  0.0775
  0.0750  0.0749  0.0750  0.0747  0.0747  0.0747
  0.0750  0.0766  0.0792  0.0776  0.0749  0.0768
  0.0781  0.0807  0.0847  0.0813  0.0784  0.0825
  0.0814  0.0869  0.0853  0.0831  0.0830  0.0876
niter,ni,del,rscale     2    3   12.0000    1.2000
parameters
    2.3466   29.6693   21.6375   -4.6811   -3.7199   -7.3621
eta,q 0.92530 14.58332
  0.0809  0.0841  0.0884  0.0845  0.0814  0.0867
  0.0778  0.0817  0.0810  0.0801  0.0790  0.0824
  0.0773  0.0777  0.0738  0.0753  0.0763  0.0774
  0.0748  0.0747  0.0748  0.0746  0.0746  0.0747
  0.0749  0.0763  0.0788  0.0775  0.0748  0.0767
  0.0781  0.0802  0.0846  0.0812  0.0783  0.0824
  0.0813  0.0864  0.0855  0.0829  0.0828  0.0874
niter,ni,del,rscale     1    3   12.0000    1.2000
parameters
    2.3789   29.6182   21.5796   -4.6657   -3.7572   -7.3914
eta,q 0.92534 14.58330
  0.0808  0.0841  0.0885  0.0844  0.0814  0.0867
  0.0778  0.0816  0.0815  0.0800  0.0790  0.0823
  0.0773  0.0777  0.0740  0.0752  0.0763  0.0774
  0.0747  0.0747  0.0747  0.0746  0.0746  0.0747
  0.0749  0.0762  0.0787  0.0774  0.0748  0.0766
  0.0780  0.0800  0.0846  0.0811  0.0783  0.0822
  0.0812  0.0861  0.0856  0.0828  0.0827  0.0873
registration optimization eta report
parameter search radius
    6.0000    6.0000    6.0000    6.0000    6.0000    7.9350
100000*second partial in parameter space
       16.       27.       34.       24.       21.       19.
  0.0808  0.0841  0.0885  0.0844  0.0814  0.0867
  0.0778  0.0816  0.0815  0.0800  0.0790  0.0823
  0.0773  0.0777  0.0740  0.0752  0.0763  0.0774
  0.0747  0.0747  0.0747  0.0746  0.0746  0.0747
  0.0749  0.0762  0.0787  0.0774  0.0748  0.0766
  0.0780  0.0800  0.0846  0.0811  0.0783  0.0822
  0.0812  0.0861  0.0856  0.0828  0.0827  0.0873
    2.3789   29.6182   21.5796   -4.6657   -3.7572   -7.3914
eta,q 0.92534 14.58330

---------------------------------------------------------------------
imgreg_4dfp /opt/freesurfer/average/711-2C_as_mni_average_305 /opt/freesurfer/average/711-2B_as_mni_average_305_mask talsrcimg_g11 none talsrcimg_to_711-2C_as_mni_average_305_t4 3335
---------------------------------------------------------------------

freesurfer imgreg_4dfp.c
/opt/freesurfer/average/711-2C_as_mni_average_305.4dfp.img
       256       256       256         1
  1.000000  1.000000  1.000000
orientation T byte_order littleendian
Reading image: /opt/freesurfer/average/711-2C_as_mni_average_305.4dfp.img
dimensions:      256       256       256
mmppix:       1.0000   -1.0000   -1.0000
center:     128.0000 -129.0000 -129.0000
/opt/freesurfer/average/711-2B_as_mni_average_305_mask.4dfp.img
       256       256       256         1
  1.000000  1.000000  1.000000
orientation T byte_order littleendian
Reading mask: /opt/freesurfer/average/711-2B_as_mni_average_305_mask.4dfp.img (2306576 pixels)
talsrcimg_g11.4dfp.img
       256       256       256         1
  1.000000  1.000000  1.000000
orientation T byte_order littleendian
Reading image: talsrcimg_g11.4dfp.img
dimensions:      256       256       256
mmppix:       1.0000   -1.0000   -1.0000
center:     128.0000 -129.0000 -129.0000
fimgreg.f
image alignment mode   3335 decimal      D07 hex
parameters
    2.3789   29.6182   21.5796   -1.0441   -1.0910   -0.5456
   12.2935    7.5234  -12.8371    7.2264   -6.5529   -8.1168
eta,q 0.92575 14.49935
niter,ni,del,rscale     5    3    5.0000    1.2000
parameter  4 -7.199203 ->  0.500000 qaram    1.1500
parameter  5-12.796226 ->  0.500000 qaram    1.1500
parameter  6  1.146847 ->  0.500000 qaram    1.1500
parameter  9 -0.621228 -> -0.500000 qaram    1.1500
parameters
    1.9942   30.1974   20.9772   -5.1841   -5.2310   -4.6856
    9.3008    7.0569   -8.6971    6.4372   -5.2963   -7.1099
eta,q 0.95566 14.41972
  0.0753  0.0759  0.0752  0.0560  0.0480  0.0448  0.0465  0.0529  0.0495  0.0489  0.0485  0.0473
  0.0746  0.0750  0.0742  0.0620  0.0529  0.0454  0.0456  0.0487  0.0477  0.0464  0.0465  0.0459
  0.0742  0.0744  0.0739  0.0680  0.0583  0.0482  0.0454  0.0459  0.0463  0.0448  0.0452  0.0448
  0.0743  0.0742  0.0742  0.0739  0.0636  0.0543  0.0460  0.0454  0.0453  0.0445  0.0445  0.0444
  0.0746  0.0742  0.0749  0.0796  0.0684  0.0639  0.0472  0.0472  0.0447  0.0457  0.0444  0.0444
  0.0753  0.0744  0.0757  0.0849  0.0730  0.0728  0.0491  0.0505  0.0445  0.0480  0.0451  0.0450
  0.0761  0.0747  0.0763  0.0895  0.0778  0.0818  0.0514  0.0546  0.0449  0.0514  0.0464  0.0461
niter,ni,del,rscale     7    3    5.0000    1.2000
parameter  4  1.290347 ->  0.500000 qaram    1.3225
parameter  5  1.094138 ->  0.500000 qaram    1.3225
parameters
    2.2893   29.6712   19.9769   -9.9451   -9.9920   -6.6248
    9.6248    6.9829  -10.1714    5.7347   -6.1605   -6.9325
eta,q 0.96885 14.27844
  0.0498  0.0461  0.0446  0.0348  0.0304  0.0351  0.0362  0.0390  0.0339  0.0350  0.0326  0.0329
  0.0471  0.0448  0.0437  0.0352  0.0304  0.0336  0.0338  0.0351  0.0322  0.0328  0.0316  0.0319
  0.0452  0.0442  0.0435  0.0381  0.0321  0.0319  0.0321  0.0325  0.0313  0.0315  0.0312  0.0313
  0.0443  0.0443  0.0441  0.0435  0.0357  0.0306  0.0314  0.0314  0.0314  0.0312  0.0312  0.0311
  0.0445  0.0451  0.0453  0.0503  0.0409  0.0314  0.0318  0.0321  0.0324  0.0321  0.0316  0.0313
  0.0456  0.0467  0.0471  0.0573  0.0464  0.0383  0.0333  0.0350  0.0341  0.0340  0.0323  0.0318
  0.0477  0.0488  0.0495  0.0642  0.0515  0.0493  0.0355  0.0397  0.0363  0.0369  0.0333  0.0327
niter,ni,del,rscale     7    3    5.0000    1.2000
parameters
    2.2571   30.4326   19.4000  -13.9425  -13.3685   -6.3354
   11.4148    6.8851  -10.0664    5.6849   -8.6832   -9.1724
eta,q 0.96984 13.91070
  0.0364  0.0374  0.0317  0.0318  0.0325  0.0340  0.0343  0.0348  0.0332  0.0332  0.0305  0.0308
  0.0335  0.0346  0.0310  0.0311  0.0316  0.0326  0.0326  0.0321  0.0317  0.0317  0.0303  0.0303
  0.0316  0.0324  0.0306  0.0306  0.0307  0.0316  0.0314  0.0309  0.0307  0.0308  0.0303  0.0302
  0.0311  0.0311  0.0307  0.0306  0.0308  0.0307  0.0306  0.0304  0.0304  0.0304  0.0304  0.0303
  0.0319  0.0307  0.0313  0.0337  0.0329  0.0296  0.0304  0.0305  0.0306  0.0307  0.0305  0.0308
  0.0338  0.0312  0.0322  0.0396  0.0374  0.0299  0.0308  0.0320  0.0315  0.0318  0.0307  0.0313
  0.0366  0.0326  0.0336  0.0469  0.0429  0.0355  0.0320  0.0354  0.0331  0.0334  0.0311  0.0320
niter,ni,del,rscale     6    3    5.0000    1.2000
parameters
    2.5110   30.7985   19.4140  -15.3490  -14.8179   -6.7033
   11.2012    7.0344   -9.1792    6.1776  -10.8137  -10.1754
eta,q 0.96968 13.66895
  0.0346  0.0342  0.0312  0.0330  0.0334  0.0332  0.0330  0.0349  0.0338  0.0334  0.0308  0.0313
  0.0324  0.0322  0.0305  0.0315  0.0321  0.0319  0.0318  0.0320  0.0323  0.0318  0.0304  0.0307
  0.0309  0.0308  0.0301  0.0306  0.0310  0.0310  0.0310  0.0308  0.0313  0.0309  0.0304  0.0303
  0.0302  0.0301  0.0300  0.0300  0.0303  0.0305  0.0306  0.0306  0.0306  0.0305  0.0305  0.0304
  0.0302  0.0301  0.0301  0.0301  0.0307  0.0294  0.0308  0.0310  0.0306  0.0307  0.0307  0.0308
  0.0312  0.0309  0.0305  0.0324  0.0332  0.0300  0.0318  0.0321  0.0314  0.0314  0.0309  0.0313
  0.0332  0.0323  0.0312  0.0374  0.0378  0.0362  0.0336  0.0342  0.0328  0.0326  0.0313  0.0318
niter,ni,del,rscale     5    3    5.0000    1.2000
parameters
    2.6106   31.0637   19.3741  -15.9174  -15.3945   -6.9727
   10.9731    7.0391   -8.5609    6.6080  -11.1537  -10.7894
eta,q 0.96953 13.55993
  0.0344  0.0338  0.0315  0.0339  0.0338  0.0333  0.0332  0.0351  0.0337  0.0334  0.0313  0.0316
  0.0323  0.0320  0.0308  0.0321  0.0325  0.0320  0.0319  0.0321  0.0323  0.0316  0.0307  0.0309
  0.0309  0.0308  0.0304  0.0309  0.0313  0.0310  0.0310  0.0307  0.0312  0.0307  0.0305  0.0305
  0.0303  0.0303  0.0303  0.0303  0.0304  0.0305  0.0305  0.0305  0.0305  0.0305  0.0305  0.0305
  0.0306  0.0305  0.0304  0.0304  0.0304  0.0295  0.0308  0.0313  0.0306  0.0308  0.0307  0.0308
  0.0318  0.0313  0.0308  0.0321  0.0322  0.0302  0.0320  0.0326  0.0315  0.0314  0.0310  0.0313
  0.0338  0.0325  0.0316  0.0358  0.0360  0.0360  0.0339  0.0345  0.0331  0.0326  0.0313  0.0318
niter,ni,del,rscale     4    3    5.0000    1.2000
parameters
    2.6039   31.2966   19.2471  -16.1260  -15.7595   -7.1923
   10.8671    6.9752   -8.2691    7.0287  -11.5546  -11.1271
eta,q 0.96944 13.50381
  0.0342  0.0337  0.0315  0.0342  0.0338  0.0334  0.0335  0.0351  0.0335  0.0333  0.0315  0.0318
  0.0322  0.0320  0.0309  0.0324  0.0325  0.0320  0.0321  0.0321  0.0322  0.0316  0.0308  0.0310
  0.0309  0.0309  0.0306  0.0312  0.0314  0.0310  0.0311  0.0307  0.0311  0.0307  0.0306  0.0306
  0.0305  0.0305  0.0305  0.0305  0.0305  0.0306  0.0306  0.0306  0.0306  0.0306  0.0306  0.0306
  0.0309  0.0307  0.0306  0.0305  0.0305  0.0298  0.0309  0.0314  0.0308  0.0308  0.0308  0.0308
  0.0322  0.0314  0.0311  0.0320  0.0320  0.0302  0.0320  0.0328  0.0317  0.0314  0.0311  0.0313
  0.0342  0.0326  0.0318  0.0353  0.0355  0.0357  0.0339  0.0347  0.0334  0.0325  0.0315  0.0318
niter,ni,del,rscale     3    3    5.0000    1.2000
parameters
    2.5730   31.4874   19.1210  -16.3293  -16.0761   -7.4194
   10.8296    6.9213   -7.9778    7.4009  -11.8751  -11.3822
eta,q 0.96937 13.45040
  0.0342  0.0335  0.0316  0.0344  0.0338  0.0334  0.0336  0.0352  0.0335  0.0332  0.0316  0.0319
  0.0322  0.0319  0.0310  0.0325  0.0325  0.0320  0.0322  0.0322  0.0322  0.0315  0.0309  0.0311
  0.0310  0.0309  0.0306  0.0313  0.0314  0.0310  0.0312  0.0308  0.0312  0.0307  0.0306  0.0307
  0.0306  0.0306  0.0306  0.0305  0.0306  0.0306  0.0307  0.0307  0.0306  0.0306  0.0307  0.0306
  0.0310  0.0307  0.0307  0.0306  0.0305  0.0300  0.0309  0.0315  0.0308  0.0308  0.0309  0.0309
  0.0323  0.0315  0.0312  0.0322  0.0319  0.0303  0.0320  0.0329  0.0317  0.0314  0.0312  0.0313
  0.0344  0.0326  0.0319  0.0354  0.0353  0.0356  0.0339  0.0347  0.0334  0.0325  0.0316  0.0319
niter,ni,del,rscale     2    3    5.0000    1.2000
parameters
    2.5386   31.6759   18.9857  -16.5249  -16.4224   -7.6550
   10.7990    6.8699   -7.6969    7.7854  -12.1305  -11.6262
eta,q 0.96931 13.39507
  0.0343  0.0334  0.0317  0.0345  0.0337  0.0334  0.0336  0.0352  0.0335  0.0332  0.0317  0.0319
  0.0322  0.0319  0.0311  0.0326  0.0325  0.0320  0.0323  0.0323  0.0322  0.0316  0.0310  0.0311
  0.0310  0.0310  0.0307  0.0313  0.0315  0.0311  0.0312  0.0309  0.0312  0.0308  0.0307  0.0307
  0.0306  0.0306  0.0306  0.0306  0.0306  0.0307  0.0307  0.0307  0.0307  0.0307  0.0307  0.0307
  0.0311  0.0308  0.0308  0.0307  0.0306  0.0301  0.0310  0.0315  0.0309  0.0309  0.0309  0.0309
  0.0324  0.0315  0.0313  0.0323  0.0319  0.0304  0.0321  0.0329  0.0318  0.0314  0.0312  0.0314
  0.0345  0.0326  0.0320  0.0354  0.0352  0.0355  0.0339  0.0348  0.0334  0.0325  0.0317  0.0319
niter,ni,del,rscale     1    3    5.0000    1.2000
parameters
    2.5100   31.8841   18.8536  -16.7202  -16.8230   -7.8900
   10.7507    6.8366   -7.4281    8.2329  -12.3804  -11.8976
eta,q 0.96925 13.33743
  0.0343  0.0334  0.0318  0.0345  0.0336  0.0334  0.0337  0.0353  0.0336  0.0332  0.0317  0.0319
  0.0323  0.0320  0.0311  0.0327  0.0324  0.0320  0.0323  0.0324  0.0323  0.0316  0.0310  0.0311
  0.0311  0.0311  0.0308  0.0314  0.0314  0.0311  0.0313  0.0310  0.0312  0.0309  0.0308  0.0308
  0.0307  0.0307  0.0307  0.0307  0.0307  0.0308  0.0308  0.0308  0.0308  0.0308  0.0308  0.0308
  0.0312  0.0308  0.0309  0.0308  0.0307  0.0303  0.0310  0.0315  0.0309  0.0309  0.0309  0.0310
  0.0325  0.0315  0.0313  0.0324  0.0320  0.0304  0.0321  0.0330  0.0318  0.0314  0.0313  0.0314
  0.0345  0.0326  0.0320  0.0355  0.0351  0.0354  0.0340  0.0349  0.0334  0.0325  0.0317  0.0319
registration optimization eta report
parameter search radius
    2.4000    2.4000    2.4000    9.5220    9.5220    8.2800
    7.2000    7.2000    8.2800    7.2000    7.2000    7.2000
100000*second partial in parameter space
       64.       40.       21.        5.        4.        6.
        6.        8.        4.        4.        2.        2.
  0.0343  0.0334  0.0318  0.0345  0.0336  0.0334  0.0337  0.0353  0.0336  0.0332  0.0317  0.0319
  0.0323  0.0320  0.0311  0.0327  0.0324  0.0320  0.0323  0.0324  0.0323  0.0316  0.0310  0.0311
  0.0311  0.0311  0.0308  0.0314  0.0314  0.0311  0.0313  0.0310  0.0312  0.0309  0.0308  0.0308
  0.0307  0.0307  0.0307  0.0307  0.0307  0.0308  0.0308  0.0308  0.0308  0.0308  0.0308  0.0308
  0.0312  0.0308  0.0309  0.0308  0.0307  0.0303  0.0310  0.0315  0.0309  0.0309  0.0309  0.0310
  0.0325  0.0315  0.0313  0.0324  0.0320  0.0304  0.0321  0.0330  0.0318  0.0314  0.0313  0.0314
  0.0345  0.0326  0.0320  0.0355  0.0351  0.0354  0.0340  0.0349  0.0334  0.0325  0.0317  0.0319
    2.5100   31.8841   18.8536  -16.7202  -16.8230   -7.8900
   10.7507    6.8366   -7.4281    8.2329  -12.3804  -11.8976
eta,q 0.96925 13.33743

---------------------------------------------------------------------
imgreg_4dfp /opt/freesurfer/average/711-2C_as_mni_average_305 /opt/freesurfer/average/711-2B_as_mni_average_305_mask talsrcimg_g11 none talsrcimg_to_711-2C_as_mni_average_305_t4 2311
---------------------------------------------------------------------

freesurfer imgreg_4dfp.c
/opt/freesurfer/average/711-2C_as_mni_average_305.4dfp.img
       256       256       256         1
  1.000000  1.000000  1.000000
orientation T byte_order littleendian
Reading image: /opt/freesurfer/average/711-2C_as_mni_average_305.4dfp.img
dimensions:      256       256       256
mmppix:       1.0000   -1.0000   -1.0000
center:     128.0000 -129.0000 -129.0000
/opt/freesurfer/average/711-2B_as_mni_average_305_mask.4dfp.img
       256       256       256         1
  1.000000  1.000000  1.000000
orientation T byte_order littleendian
Reading mask: /opt/freesurfer/average/711-2B_as_mni_average_305_mask.4dfp.img (2306576 pixels)
talsrcimg_g11.4dfp.img
       256       256       256         1
  1.000000  1.000000  1.000000
orientation T byte_order littleendian
Reading image: talsrcimg_g11.4dfp.img
dimensions:      256       256       256
mmppix:       1.0000   -1.0000   -1.0000
center:     128.0000 -129.0000 -129.0000
fimgreg.f
image alignment mode   2311 decimal      907 hex
parameters
    2.5100   31.8841   18.8536  -16.7202  -16.8230   -7.8900
   10.7507    6.8366   -7.4281    8.2329  -12.3804  -11.8976
eta,q 0.96925 13.33743
niter,ni,del,rscale     5    3    5.0000    0.8000
parameter  6 -0.747678 -> -0.500000 qaram    1.1500
parameter 10 -0.557021 -> -0.500000 qaram    1.1500
parameters
    2.4827   32.1342   18.6983  -15.9153  -15.9371   -5.1300
   10.1533    7.5424   -7.6807   10.9929  -12.0367  -11.9141
eta,q 0.97001 13.70009
  0.0324  0.0320  0.0312  0.0320  0.0318  0.0316  0.0317  0.0340  0.0312  0.0325  0.0308  0.0307
  0.0315  0.0314  0.0309  0.0315  0.0313  0.0311  0.0309  0.0319  0.0308  0.0316  0.0303  0.0302
  0.0309  0.0310  0.0307  0.0310  0.0309  0.0307  0.0304  0.0308  0.0305  0.0309  0.0300  0.0300
  0.0307  0.0307  0.0307  0.0307  0.0306  0.0306  0.0304  0.0303  0.0304  0.0304  0.0300  0.0300
  0.0310  0.0307  0.0308  0.0307  0.0306  0.0305  0.0307  0.0305  0.0305  0.0300  0.0301  0.0301
  0.0316  0.0310  0.0310  0.0309  0.0308  0.0303  0.0315  0.0312  0.0309  0.0300  0.0303  0.0303
  0.0325  0.0314  0.0314  0.0315  0.0313  0.0303  0.0326  0.0321  0.0315  0.0303  0.0305  0.0306
niter,ni,del,rscale     6    3    5.0000    0.9000
parameters
    2.5911   32.2782   18.8132  -15.5771  -16.0540   -6.4403
   10.7425    7.5458   -7.4466   10.4714  -12.4401  -11.5056
eta,q 0.96961 13.62082
  0.0324  0.0316  0.0309  0.0314  0.0311  0.0315  0.0326  0.0331  0.0317  0.0318  0.0309  0.0313
  0.0312  0.0308  0.0304  0.0308  0.0306  0.0310  0.0316  0.0313  0.0311  0.0311  0.0305  0.0308
  0.0303  0.0302  0.0301  0.0303  0.0302  0.0307  0.0309  0.0305  0.0306  0.0306  0.0304  0.0305
  0.0300  0.0300  0.0300  0.0300  0.0299  0.0300  0.0305  0.0304  0.0304  0.0304  0.0304  0.0304
  0.0301  0.0301  0.0300  0.0299  0.0300  0.0296  0.0304  0.0309  0.0305  0.0306  0.0305  0.0305
  0.0308  0.0305  0.0303  0.0303  0.0304  0.0322  0.0310  0.0316  0.0308  0.0314  0.0308  0.0307
  0.0319  0.0311  0.0307  0.0313  0.0315  0.0373  0.0320  0.0327  0.0315  0.0326  0.0310  0.0310
niter,ni,del,rscale     5    3    5.0000    0.8000
parameters
    2.5597   32.1853   18.5326  -15.6622  -15.7729   -6.7247
   10.7590    7.3585   -7.3530   10.3046  -12.5621  -11.3213
eta,q 0.96962 13.60658
  0.0320  0.0313  0.0307  0.0314  0.0315  0.0315  0.0320  0.0324  0.0314  0.0317  0.0309  0.0311
  0.0311  0.0308  0.0305  0.0309  0.0310  0.0309  0.0312  0.0310  0.0309  0.0310  0.0305  0.0307
  0.0306  0.0305  0.0304  0.0305  0.0306  0.0307  0.0307  0.0304  0.0305  0.0306  0.0304  0.0305
  0.0304  0.0304  0.0304  0.0304  0.0304  0.0303  0.0304  0.0304  0.0304  0.0304  0.0304  0.0304
  0.0306  0.0306  0.0305  0.0304  0.0304  0.0298  0.0305  0.0308  0.0305  0.0305  0.0305  0.0305
  0.0312  0.0310  0.0307  0.0308  0.0307  0.0301  0.0311  0.0315  0.0308  0.0311  0.0307  0.0306
  0.0322  0.0316  0.0310  0.0316  0.0314  0.0331  0.0321  0.0324  0.0314  0.0320  0.0309  0.0310
niter,ni,del,rscale     4    3    5.0000    0.7000
parameters
    2.4890   32.1183   18.5073  -15.5878  -15.5153   -6.0362
   10.7156    7.4654   -7.3339   10.5226  -12.3219  -11.2022
eta,q 0.96981 13.67989
  0.0316  0.0312  0.0307  0.0313  0.0313  0.0313  0.0315  0.0322  0.0310  0.0316  0.0307  0.0308
  0.0309  0.0307  0.0305  0.0308  0.0309  0.0309  0.0308  0.0309  0.0306  0.0309  0.0304  0.0304
  0.0305  0.0304  0.0304  0.0305  0.0306  0.0306  0.0304  0.0303  0.0303  0.0304  0.0302  0.0302
  0.0304  0.0304  0.0304  0.0304  0.0304  0.0304  0.0302  0.0302  0.0302  0.0302  0.0302  0.0302
  0.0306  0.0305  0.0304  0.0304  0.0304  0.0299  0.0303  0.0305  0.0303  0.0303  0.0303  0.0302
  0.0311  0.0308  0.0305  0.0307  0.0306  0.0298  0.0308  0.0310  0.0305  0.0307  0.0304  0.0304
  0.0319  0.0313  0.0307  0.0313  0.0312  0.0313  0.0316  0.0318  0.0310  0.0314  0.0305  0.0307
niter,ni,del,rscale     3    3    5.0000    0.6000
parameters
    2.4703   32.0594   18.6437  -15.1963  -15.3210   -5.3633
   10.7569    7.6611   -7.3696   10.5874  -11.7826  -11.0572
eta,q 0.97006 13.76890
  0.0312  0.0308  0.0305  0.0309  0.0309  0.0311  0.0310  0.0316  0.0305  0.0311  0.0305  0.0304
  0.0306  0.0304  0.0303  0.0306  0.0306  0.0308  0.0304  0.0306  0.0302  0.0305  0.0302  0.0301
  0.0303  0.0302  0.0302  0.0303  0.0303  0.0305  0.0301  0.0301  0.0300  0.0301  0.0300  0.0300
  0.0302  0.0302  0.0302  0.0302  0.0302  0.0302  0.0299  0.0299  0.0299  0.0299  0.0299  0.0299
  0.0303  0.0303  0.0302  0.0302  0.0302  0.0297  0.0300  0.0301  0.0300  0.0300  0.0300  0.0300
  0.0307  0.0305  0.0303  0.0303  0.0304  0.0297  0.0304  0.0305  0.0302  0.0304  0.0301  0.0301
  0.0312  0.0309  0.0304  0.0307  0.0308  0.0311  0.0309  0.0312  0.0306  0.0311  0.0302  0.0303
niter,ni,del,rscale     2    3    5.0000    0.5000
parameters
    2.5027   31.9649   18.8767  -14.5640  -15.1317   -4.4774
   10.7173    7.9694   -7.5445   10.3383  -10.9023  -10.9465
eta,q 0.97049 13.88511
  0.0307  0.0303  0.0303  0.0305  0.0305  0.0310  0.0302  0.0310  0.0299  0.0303  0.0301  0.0298
  0.0303  0.0301  0.0301  0.0302  0.0302  0.0307  0.0299  0.0302  0.0297  0.0299  0.0298  0.0297
  0.0300  0.0300  0.0300  0.0300  0.0300  0.0303  0.0296  0.0297  0.0296  0.0296  0.0296  0.0295
  0.0299  0.0299  0.0299  0.0299  0.0299  0.0299  0.0295  0.0295  0.0295  0.0295  0.0295  0.0295
  0.0300  0.0300  0.0299  0.0299  0.0299  0.0294  0.0296  0.0296  0.0296  0.0296  0.0295  0.0295
  0.0302  0.0302  0.0300  0.0299  0.0301  0.0295  0.0299  0.0299  0.0297  0.0300  0.0296  0.0296
  0.0306  0.0305  0.0301  0.0302  0.0304  0.0306  0.0303  0.0305  0.0300  0.0306  0.0297  0.0298
niter,ni,del,rscale     1    3    5.0000    0.4000
parameters
    2.5931   31.7935   19.1570  -13.6982  -14.9038   -3.9625
   10.6107    8.1256   -8.0715    9.6965  -10.0540  -10.8098
eta,q 0.97084 13.99251
  0.0301  0.0297  0.0299  0.0299  0.0298  0.0307  0.0296  0.0303  0.0294  0.0295  0.0297  0.0294
  0.0298  0.0296  0.0297  0.0297  0.0296  0.0303  0.0294  0.0297  0.0293  0.0293  0.0294  0.0293
  0.0296  0.0295  0.0296  0.0296  0.0295  0.0298  0.0293  0.0293  0.0292  0.0292  0.0293  0.0292
  0.0295  0.0295  0.0295  0.0295  0.0294  0.0294  0.0292  0.0292  0.0292  0.0292  0.0292  0.0292
  0.0295  0.0296  0.0295  0.0294  0.0294  0.0291  0.0293  0.0293  0.0293  0.0293  0.0292  0.0292
  0.0296  0.0297  0.0295  0.0294  0.0295  0.0294  0.0294  0.0296  0.0294  0.0296  0.0292  0.0292
  0.0299  0.0299  0.0296  0.0296  0.0297  0.0303  0.0297  0.0300  0.0296  0.0301  0.0293  0.0293
registration optimization eta report
parameter search radius
    0.8000    0.8000    0.8000    2.4000    2.4000    2.7600
    2.4000    2.4000    2.4000    2.7600    2.4000    2.4000
100000*second partial in parameter space
       71.       47.       36.        5.        6.       15.
        8.       16.        5.        8.        5.        3.
  0.0301  0.0297  0.0299  0.0299  0.0298  0.0307  0.0296  0.0303  0.0294  0.0295  0.0297  0.0294
  0.0298  0.0296  0.0297  0.0297  0.0296  0.0303  0.0294  0.0297  0.0293  0.0293  0.0294  0.0293
  0.0296  0.0295  0.0296  0.0296  0.0295  0.0298  0.0293  0.0293  0.0292  0.0292  0.0293  0.0292
  0.0295  0.0295  0.0295  0.0295  0.0294  0.0294  0.0292  0.0292  0.0292  0.0292  0.0292  0.0292
  0.0295  0.0296  0.0295  0.0294  0.0294  0.0291  0.0293  0.0293  0.0293  0.0293  0.0292  0.0292
  0.0296  0.0297  0.0295  0.0294  0.0295  0.0294  0.0294  0.0296  0.0294  0.0296  0.0292  0.0292
  0.0299  0.0299  0.0296  0.0296  0.0297  0.0303  0.0297  0.0300  0.0296  0.0301  0.0293  0.0293
    2.5931   31.7935   19.1570  -13.6982  -14.9038   -3.9625
   10.6107    8.1256   -8.0715    9.6965  -10.0540  -10.8098
eta,q 0.97084 13.99251

---------------------------------------------------------------------
imgreg_4dfp /opt/freesurfer/average/711-2C_as_mni_average_305 /opt/freesurfer/average/711-2B_as_mni_average_305_mask talsrcimg_g11 none talsrcimg_to_711-2C_as_mni_average_305_t4 2311
---------------------------------------------------------------------

freesurfer imgreg_4dfp.c
/opt/freesurfer/average/711-2C_as_mni_average_305.4dfp.img
       256       256       256         1
  1.000000  1.000000  1.000000
orientation T byte_order littleendian
Reading image: /opt/freesurfer/average/711-2C_as_mni_average_305.4dfp.img
dimensions:      256       256       256
mmppix:       1.0000   -1.0000   -1.0000
center:     128.0000 -129.0000 -129.0000
/opt/freesurfer/average/711-2B_as_mni_average_305_mask.4dfp.img
       256       256       256         1
  1.000000  1.000000  1.000000
orientation T byte_order littleendian
Reading mask: /opt/freesurfer/average/711-2B_as_mni_average_305_mask.4dfp.img (2306576 pixels)
talsrcimg_g11.4dfp.img
       256       256       256         1
  1.000000  1.000000  1.000000
orientation T byte_order littleendian
Reading image: talsrcimg_g11.4dfp.img
dimensions:      256       256       256
mmppix:       1.0000   -1.0000   -1.0000
center:     128.0000 -129.0000 -129.0000
fimgreg.f
image alignment mode   2311 decimal      907 hex
parameters
    2.5931   31.7935   19.1570  -13.6982  -14.9038   -3.9626
   10.6107    8.1256   -8.0715    9.6965  -10.0540  -10.8098
eta,q 0.97084 13.99251
niter,ni,del,rscale     5    3    5.0000    0.8000
parameters
    2.5845   31.5781   19.3327  -14.0424  -14.6606   -4.6093
   10.9066    7.8155   -8.4783    8.8766   -9.6544  -10.4267
eta,q 0.97058 13.95320
  0.0311  0.0300  0.0305  0.0303  0.0305  0.0313  0.0312  0.0318  0.0302  0.0302  0.0303  0.0303
  0.0301  0.0295  0.0298  0.0298  0.0300  0.0308  0.0304  0.0303  0.0298  0.0297  0.0298  0.0298
  0.0294  0.0292  0.0293  0.0294  0.0295  0.0300  0.0298  0.0295  0.0295  0.0295  0.0295  0.0296
  0.0292  0.0292  0.0291  0.0291  0.0292  0.0291  0.0295  0.0294  0.0294  0.0294  0.0294  0.0294
  0.0294  0.0294  0.0292  0.0291  0.0292  0.0291  0.0295  0.0299  0.0295  0.0296  0.0295  0.0295
  0.0300  0.0299  0.0295  0.0298  0.0296  0.0310  0.0300  0.0309  0.0299  0.0303  0.0297  0.0297
  0.0312  0.0307  0.0300  0.0312  0.0305  0.0347  0.0309  0.0324  0.0306  0.0313  0.0299  0.0301
niter,ni,del,rscale     4    3    5.0000    0.7000
parameters
    2.6045   31.3079   19.2586  -13.4916  -14.0370   -4.4939
   10.6180    7.9162   -9.1644    7.9511   -9.0343  -10.2196
eta,q 0.97088 14.04291
  0.0308  0.0300  0.0299  0.0304  0.0306  0.0311  0.0303  0.0317  0.0296  0.0297  0.0299  0.0298
  0.0301  0.0296  0.0296  0.0300  0.0300  0.0306  0.0297  0.0302  0.0294  0.0293  0.0295  0.0294
  0.0296  0.0294  0.0294  0.0297  0.0296  0.0300  0.0293  0.0294  0.0292  0.0291  0.0292  0.0292
  0.0294  0.0294  0.0294  0.0294  0.0293  0.0292  0.0292  0.0292  0.0292  0.0292  0.0291  0.0291
  0.0295  0.0296  0.0295  0.0292  0.0292  0.0288  0.0293  0.0294  0.0293  0.0294  0.0292  0.0292
  0.0300  0.0300  0.0297  0.0294  0.0295  0.0294  0.0299  0.0301  0.0296  0.0299  0.0293  0.0293
  0.0308  0.0306  0.0301  0.0302  0.0301  0.0319  0.0308  0.0314  0.0301  0.0307  0.0295  0.0296
niter,ni,del,rscale     3    3    5.0000    0.6000
parameters
    2.5645   31.1145   19.2941  -12.5892  -13.2825   -4.0852
   10.0731    8.0054  -10.1209    7.2689   -8.6231   -9.8858
eta,q 0.97144 14.16617
  0.0301  0.0296  0.0296  0.0301  0.0301  0.0307  0.0294  0.0310  0.0290  0.0293  0.0293  0.0291
  0.0296  0.0293  0.0293  0.0297  0.0296  0.0302  0.0290  0.0297  0.0287  0.0288  0.0289  0.0288
  0.0292  0.0291  0.0292  0.0294  0.0292  0.0295  0.0287  0.0289  0.0286  0.0286  0.0287  0.0286
  0.0291  0.0291  0.0291  0.0291  0.0290  0.0289  0.0287  0.0287  0.0287  0.0286  0.0286  0.0286
  0.0293  0.0293  0.0291  0.0289  0.0289  0.0285  0.0289  0.0289  0.0288  0.0289  0.0286  0.0286
  0.0296  0.0296  0.0293  0.0290  0.0290  0.0289  0.0294  0.0296  0.0292  0.0293  0.0288  0.0287
  0.0303  0.0301  0.0295  0.0296  0.0295  0.0306  0.0301  0.0308  0.0296  0.0300  0.0290  0.0289
niter,ni,del,rscale     2    3    5.0000    0.5000
parameters
    2.4851   31.0648   19.3933  -12.1960  -12.8330   -3.7189
   10.1430    7.9002  -10.4343    7.1425   -8.4674   -9.5052
eta,q 0.97172 14.22032
  0.0293  0.0291  0.0291  0.0295  0.0295  0.0301  0.0292  0.0301  0.0287  0.0291  0.0289  0.0287
  0.0289  0.0288  0.0288  0.0292  0.0291  0.0295  0.0287  0.0291  0.0285  0.0286  0.0285  0.0285
  0.0286  0.0286  0.0286  0.0288  0.0287  0.0289  0.0284  0.0285  0.0283  0.0284  0.0283  0.0284
  0.0286  0.0286  0.0286  0.0285  0.0285  0.0284  0.0283  0.0283  0.0283  0.0283  0.0283  0.0283
  0.0287  0.0286  0.0286  0.0285  0.0284  0.0282  0.0284  0.0286  0.0284  0.0284  0.0283  0.0283
  0.0290  0.0289  0.0287  0.0287  0.0286  0.0285  0.0287  0.0292  0.0286  0.0287  0.0285  0.0284
  0.0296  0.0292  0.0289  0.0293  0.0291  0.0298  0.0291  0.0303  0.0290  0.0292  0.0287  0.0286
niter,ni,del,rscale     1    3    5.0000    0.4000
parameters
    2.4291   31.0101   19.5078  -12.1650  -12.7168   -3.4082
   10.2864    7.7996  -10.4905    6.9305   -8.4079   -9.2726
eta,q 0.97184 14.23418
  0.0288  0.0286  0.0287  0.0289  0.0289  0.0295  0.0288  0.0294  0.0285  0.0287  0.0285  0.0285
  0.0285  0.0284  0.0285  0.0287  0.0286  0.0290  0.0285  0.0287  0.0283  0.0284  0.0283  0.0283
  0.0283  0.0283  0.0283  0.0284  0.0284  0.0286  0.0283  0.0283  0.0282  0.0282  0.0282  0.0282
  0.0283  0.0283  0.0283  0.0283  0.0283  0.0283  0.0282  0.0282  0.0282  0.0282  0.0282  0.0282
  0.0284  0.0283  0.0283  0.0283  0.0283  0.0281  0.0282  0.0284  0.0282  0.0283  0.0282  0.0282
  0.0286  0.0285  0.0284  0.0285  0.0285  0.0284  0.0284  0.0288  0.0284  0.0285  0.0283  0.0282
  0.0290  0.0288  0.0285  0.0290  0.0288  0.0292  0.0287  0.0296  0.0286  0.0289  0.0285  0.0284
registration optimization eta report
parameter search radius
    0.8000    0.8000    0.8000    2.4000    2.4000    2.4000
    2.4000    2.4000    2.4000    2.4000    2.4000    2.4000
100000*second partial in parameter space
      100.       67.       49.       12.       11.       19.
       10.       22.        7.       11.        6.        4.
  0.0288  0.0286  0.0287  0.0289  0.0289  0.0295  0.0288  0.0294  0.0285  0.0287  0.0285  0.0285
  0.0285  0.0284  0.0285  0.0287  0.0286  0.0290  0.0285  0.0287  0.0283  0.0284  0.0283  0.0283
  0.0283  0.0283  0.0283  0.0284  0.0284  0.0286  0.0283  0.0283  0.0282  0.0282  0.0282  0.0282
  0.0283  0.0283  0.0283  0.0283  0.0283  0.0283  0.0282  0.0282  0.0282  0.0282  0.0282  0.0282
  0.0284  0.0283  0.0283  0.0283  0.0283  0.0281  0.0282  0.0284  0.0282  0.0283  0.0282  0.0282
  0.0286  0.0285  0.0284  0.0285  0.0285  0.0284  0.0284  0.0288  0.0284  0.0285  0.0283  0.0282
  0.0290  0.0288  0.0285  0.0290  0.0288  0.0292  0.0287  0.0296  0.0286  0.0289  0.0285  0.0284
    2.4291   31.0101   19.5078  -12.1650  -12.7168   -3.4082
   10.2864    7.7996  -10.4905    6.9305   -8.4079   -9.2726
eta,q 0.97184 14.23418

---------------------------------------------------------------------
compute_vox2vox talsrcimg talsrcimg_to_711-2C_as_mni_average_305_t4 /opt/freesurfer/average/711-2C_as_mni_average_305
---------------------------------------------------------------------

freesurfer compute_vox2vox.c
Reading: talsrcimg.4dfp.ifh
Reading: talsrcimg_to_711-2C_as_mni_average_305_t4
Reading: /opt/freesurfer/average/711-2C_as_mni_average_305.4dfp.ifh
Writing: talsrcimg_to_711-2C_as_mni_average_305_t4_vox2vox.txt

start time Sun Mar 8 21:06:36 CET 2026
end		time Sun Mar 8 21:08:03 CET 2026

mpr2mni305 success

avi2talxfm orig_nu.mgz /opt/freesurfer/average/mni305.cor.mgz talsrcimg_to_711-2C_as_mni_average_305_t4_vox2vox.txt transforms/talairach.auto.xfm
avi2talxfm done
mv -f /out/sourcedata/freesurfer/sub-v1s15x0050205_ses-1/mri/talsrcimg_to_711-2C_as_mni_average_305_t4_vox2vox.txt /out/sourcedata/freesurfer/sub-v1s15x0050205_ses-1/mri/transforms/talsrcimg_to_711-2C_as_mni_average_305_t4_vox2vox.txt
lta_convert --src orig_nu.mgz --trg /opt/freesurfer/average/mni305.cor.mgz --inxfm transforms/talairach.auto.xfm --outlta transforms/talairach.auto.xfm.lta --subject fsaverage
7.3.2

--src: orig_nu.mgz src image (geometry).
--trg: /opt/freesurfer/average/mni305.cor.mgz trg image (geometry).
--inmni: transforms/talairach.auto.xfm input MNI/XFM transform.
--outlta: transforms/talairach.auto.xfm.lta output LTA.
--s: fsaverage subject name
 LTA read, type : 1
 1.11415  -0.07993  -0.13980  -1.29448;
 0.10901   1.01963   0.09548  -25.44154;
 0.12525  -0.09057   1.12131  -8.00035;
 0.00000   0.00000   0.00000   1.00000;
setting subject to fsaverage
Writing  LTA to file transforms/talairach.auto.xfm.lta...
lta_convert successful.
 
 
Started at Sun Mar 8 21:06:36 CET 2026
Ended   at Sun Mar  8 21:08:04 CET 2026
talairach_avi done
