/out/sourcedata/freesurfer/sub-v1s15x0050213_ses-1/mri
/opt/freesurfer/bin/talairach_avi
--i orig_nu.mgz --xfm transforms/talairach.auto.xfm
talairach_avi 7.3.2
Linux dna018 5.14.0-427.37.1.el9_4.x86_64 #1 SMP PREEMPT_DYNAMIC Fri Sep 13 12:41:50 EDT 2024 x86_64 x86_64 x86_64 GNU/Linux
Sun Mar  8 21:27:49 CET 2026
mri_convert orig_nu.mgz talsrcimg.img 
reading from orig_nu.mgz...
TR=0.00, TE=0.00, TI=0.00, flip angle=0.00
i_ras = (-1, 0, 0)
j_ras = (0, 0, -1)
k_ras = (0, 1, 0)
writing to talsrcimg.img...
Analyze Output Matrix
-1.00000   0.00000   0.00000   133.71851;
 0.00000   0.00000   1.00000  -117.25000;
 0.00000  -1.00000   0.00000   111.68700;
 0.00000   0.00000   0.00000   1.00000;
--------------------
INFO: set hdr.hist.orient to -1
mpr2mni305 talsrcimg
Sun Mar  8 21:27:49 CET 2026
/opt/freesurfer/bin/mpr2mni305 talsrcimg
mpr2mni305 7.3.2
target=711-2C_as_mni_average_305

---------------------------------------------------------------------
analyzeto4dfp talsrcimg -O0 -y
---------------------------------------------------------------------

freesurfer ifh2hdr.c
Sun Mar  8 21:27:50 2026
Writing: talsrcimg.4dfp.hdr
freesurfer analyzeto4dfp.c
Reading: talsrcimg.hdr
header size 348 bytes
hdr.dime.datatype	offset=70	value=2
hdr.dime.bitpix		offset=72	value=8
hdr.hist.orient		offset=252	value=-1
dimensionality     4
dimensions       256       256       256         1
Reading: talsrcimg.img
Writing: talsrcimg.4dfp.img
Writing: talsrcimg.4dfp.ifh
ifh2hdr talsrcimg -r0to226
ori=2

---------------------------------------------------------------------
gauss_4dfp talsrcimg 1.1
---------------------------------------------------------------------

freesurfer gauss_4dfp.c
Reading: talsrcimg.4dfp.img
Writing: talsrcimg_g11.4dfp.img
image dimensions 256 256 256 padded to 288 288 288
processing volume 1freesurfer ifh2hdr.c
Sun Mar  8 21:27:51 2026
Writing: talsrcimg_g11.4dfp.hdr

Writing: talsrcimg_g11.4dfp.ifh
including: talsrcimg.4dfp.img.rec in talsrcimg_g11.4dfp.img.rec

---------------------------------------------------------------------
imgreg_4dfp /opt/freesurfer/average/711-2C_as_mni_average_305 none talsrcimg_g11 none talsrcimg_to_711-2C_as_mni_average_305_t4 4355
---------------------------------------------------------------------

freesurfer imgreg_4dfp.c
/opt/freesurfer/average/711-2C_as_mni_average_305.4dfp.img
       256       256       256         1
  1.000000  1.000000  1.000000
orientation T byte_order littleendian
Reading image: /opt/freesurfer/average/711-2C_as_mni_average_305.4dfp.img
dimensions:      256       256       256
mmppix:       1.0000   -1.0000   -1.0000
center:     128.0000 -129.0000 -129.0000
talsrcimg_g11.4dfp.img
       256       256       256         1
  1.000000  1.000000  1.000000
orientation T byte_order littleendian
Reading image: talsrcimg_g11.4dfp.img
dimensions:      256       256       256
mmppix:       1.0000   -1.0000   -1.0000
center:     128.0000 -129.0000 -129.0000
t4_read: open error in t4_sub.f l:  41 t4_file(1:l)talsrcimg_to_711-2C_as_mni_average_305_t4 
t4_read: transform initialized to I4
rotation matrix determinant  1.000000
image alignment mode   4355 decimal     1103 hex
   -7.5000  -45.0000  -45.0000 4456.4980   25.0921
    0.0000  -45.0000  -45.0000 4688.6738   25.1194
    7.5000  -45.0000  -45.0000 4517.8794   25.1173
   -7.5000  -37.5000  -45.0000 5000.7212   24.1418
    0.0000  -37.5000  -45.0000 5240.7524   24.1645
    7.5000  -37.5000  -45.0000 5035.2612   24.1528
   -7.5000  -30.0000  -45.0000 5754.7944   23.4858
    0.0000  -30.0000  -45.0000 6008.1372   23.5039
    7.5000  -30.0000  -45.0000 5766.6528   23.4934
   -7.5000  -22.5000  -45.0000 6521.2964   22.9663
    0.0000  -22.5000  -45.0000 6803.2236   22.9848
    7.5000  -22.5000  -45.0000 6563.8403   22.9825
   -7.5000  -15.0000  -45.0000 7374.9785   22.7268
    0.0000  -15.0000  -45.0000 7704.7495   22.7499
    7.5000  -15.0000  -45.0000 7442.4995   22.7550
   -7.5000   -7.5000  -45.0000 8235.4922   22.6570
    0.0000   -7.5000  -45.0000 8612.4248   22.6834
    7.5000   -7.5000  -45.0000 8308.0186   22.6874
   -7.5000    0.0000  -45.0000 9116.1348   22.6618
    0.0000    0.0000  -45.0000 9542.5039   22.6868
    7.5000    0.0000  -45.0000 9191.6230   22.6826
   -7.5000    7.5000  -45.0000 9309.5889   22.7265
    0.0000    7.5000  -45.0000 9754.5986   22.7478
    7.5000    7.5000  -45.0000 9370.3418   22.7363
   -7.5000   15.0000  -45.0000 9326.3945   22.7804
    0.0000   15.0000  -45.0000 9774.7822   22.7984
    7.5000   15.0000  -45.0000 9368.6299   22.7877
   -7.5000   22.5000  -45.0000 9208.6533   22.7635
    0.0000   22.5000  -45.0000 9665.0410   22.7817
    7.5000   22.5000  -45.0000 9273.2051   22.7793
   -7.5000   30.0000  -45.0000 9044.6045   22.4050
    0.0000   30.0000  -45.0000 9526.9160   22.4277
    7.5000   30.0000  -45.0000 9132.0742   22.4326
   -7.5000   37.5000  -45.0000 9202.5723   22.3547
    0.0000   37.5000  -45.0000 9672.3994   22.3808
    7.5000   37.5000  -45.0000 9299.5029   22.3846
   -7.5000   45.0000  -45.0000 9000.1133   21.7921
    0.0000   45.0000  -45.0000 9460.7939   21.8161
    7.5000   45.0000  -45.0000 9123.5195   21.8120
   -7.5000  -45.0000  -37.5000 4779.8301   24.6584
    0.0000  -45.0000  -37.5000 5025.3140   24.6721
    7.5000  -45.0000  -37.5000 4826.9766   24.6889
   -7.5000  -37.5000  -37.5000 5358.2998   23.7484
    0.0000  -37.5000  -37.5000 5591.0850   23.7692
    7.5000  -37.5000  -37.5000 5381.0645   23.7807
   -7.5000  -30.0000  -37.5000 6128.9014   23.1241
    0.0000  -30.0000  -37.5000 6380.5161   23.1514
    7.5000  -30.0000  -37.5000 6155.4756   23.1694
   -7.5000  -22.5000  -37.5000 6905.6528   22.6255
    0.0000  -22.5000  -37.5000 7203.7144   22.6522
    7.5000  -22.5000  -37.5000 6970.9614   22.6774
   -7.5000  -15.0000  -37.5000 7809.2148   22.3873
    0.0000  -15.0000  -37.5000 8164.4189   22.4082
    7.5000  -15.0000  -37.5000 7879.0649   22.4342
   -7.5000   -7.5000  -37.5000 8730.8008   22.3072
    0.0000   -7.5000  -37.5000 9167.7783   22.3214
    7.5000   -7.5000  -37.5000 8824.6875   22.3399
   -7.5000    0.0000  -37.5000 9689.2900   22.3068
    0.0000    0.0000  -37.500010168.5371   22.3190
    7.5000    0.0000  -37.5000 9769.8730   22.3285
   -7.5000    7.5000  -37.5000 9887.9805   22.3775
    0.0000    7.5000  -37.500010398.8906   22.3962
    7.5000    7.5000  -37.5000 9990.5176   22.4047
   -7.5000   15.0000  -37.5000 9885.7051   22.4404
    0.0000   15.0000  -37.500010396.5947   22.4666
    7.5000   15.0000  -37.5000 9998.2520   22.4828
   -7.5000   22.5000  -37.5000 9737.2471   22.4285
    0.0000   22.5000  -37.500010259.9658   22.4547
    7.5000   22.5000  -37.5000 9845.8330   22.4793
   -7.5000   30.0000  -37.5000 9539.5488   22.0706
    0.0000   30.0000  -37.500010072.7119   22.0912
    7.5000   30.0000  -37.5000 9679.0049   22.1167
   -7.5000   37.5000  -37.5000 9673.2109   22.0096
    0.0000   37.5000  -37.500010201.5039   22.0236
    7.5000   37.5000  -37.5000 9823.4961   22.0418
   -7.5000   45.0000  -37.5000 9461.7959   21.4507
    0.0000   45.0000  -37.5000 9986.8643   21.4624
    7.5000   45.0000  -37.5000 9618.6895   21.4715
   -7.5000  -45.0000  -30.0000 5158.1436   25.2889
    0.0000  -45.0000  -30.0000 5405.4790   25.2740
    7.5000  -45.0000  -30.0000 5195.3335   25.2757
   -7.5000  -37.5000  -30.0000 5753.5542   24.3604
    0.0000  -37.5000  -30.0000 6009.5415   24.3676
    7.5000  -37.5000  -30.0000 5796.4854   24.3748
   -7.5000  -30.0000  -30.0000 6564.1646   23.7318
    0.0000  -30.0000  -30.0000 6863.8740   23.7537
    7.5000  -30.0000  -30.0000 6632.6245   23.7726
   -7.5000  -22.5000  -30.0000 7420.1011   23.2430
    0.0000  -22.5000  -30.0000 7759.6592   23.2586
    7.5000  -22.5000  -30.0000 7510.1162   23.2789
   -7.5000  -15.0000  -30.0000 8401.0547   23.0115
    0.0000  -15.0000  -30.0000 8798.6074   23.0094
    7.5000  -15.0000  -30.0000 8498.3105   23.0206
   -7.5000   -7.5000  -30.0000 9423.0039   22.9260
    0.0000   -7.5000  -30.0000 9899.4043   22.9107
    7.5000   -7.5000  -30.0000 9530.9092   22.9104
   -7.5000    0.0000  -30.000010438.6416   22.9127
    0.0000    0.0000  -30.000010968.5186   22.9004
    7.5000    0.0000  -30.000010541.9043   22.8961
   -7.5000    7.5000  -30.000010656.3115   22.9763
    0.0000    7.5000  -30.000011185.8945   22.9823
    7.5000    7.5000  -30.000010729.0068   22.9864
   -7.5000   15.0000  -30.000010649.4727   23.0427
    0.0000   15.0000  -30.000011168.7188   23.0633
    7.5000   15.0000  -30.000010709.5459   23.0803
   -7.5000   22.5000  -30.000010449.4189   23.0407
    0.0000   22.5000  -30.000011030.7373   23.0558
    7.5000   22.5000  -30.000010541.9258   23.0759
   -7.5000   30.0000  -30.000010230.3252   22.6883
    0.0000   30.0000  -30.000010812.9609   22.6862
    7.5000   30.0000  -30.000010331.5586   22.6973
   -7.5000   37.5000  -30.000010344.3867   22.6222
    0.0000   37.5000  -30.000010912.9199   22.6072
    7.5000   37.5000  -30.000010466.9404   22.6069
   -7.5000   45.0000  -30.000010115.8496   22.0495
    0.0000   45.0000  -30.000010669.7256   22.0377
    7.5000   45.0000  -30.000010244.4775   22.0335
   -7.5000  -45.0000  -22.5000 5630.3994   26.1826
    0.0000  -45.0000  -22.5000 5887.2544   26.1489
    7.5000  -45.0000  -22.5000 5665.4277   26.1104
   -7.5000  -37.5000  -22.5000 6271.8804   25.1980
    0.0000  -37.5000  -22.5000 6529.6611   25.1894
    7.5000  -37.5000  -22.5000 6303.6431   25.1638
   -7.5000  -30.0000  -22.5000 7149.2383   24.5378
    0.0000  -30.0000  -22.5000 7464.3296   24.5418
    7.5000  -30.0000  -22.5000 7211.9912   24.5287
   -7.5000  -22.5000  -22.5000 8116.8457   24.0457
    0.0000  -22.5000  -22.5000 8484.0098   24.0396
    7.5000  -22.5000  -22.5000 8179.3589   24.0240
   -7.5000  -15.0000  -22.5000 9203.8633   23.8250
    0.0000  -15.0000  -22.5000 9638.3809   23.8002
    7.5000  -15.0000  -22.5000 9243.4434   23.7724
   -7.5000   -7.5000  -22.500010348.1406   23.7456
    0.0000   -7.5000  -22.500010838.3574   23.7110
    7.5000   -7.5000  -22.500010386.6084   23.6733
   -7.5000    0.0000  -22.500011450.4355   23.7222
    0.0000    0.0000  -22.500011994.6299   23.6951
    7.5000    0.0000  -22.500011479.9785   23.6582
   -7.5000    7.5000  -22.500011655.8467   23.7677
    0.0000    7.5000  -22.500012221.7988   23.7602
    7.5000    7.5000  -22.500011669.4463   23.7353
   -7.5000   15.0000  -22.500011649.3174   23.8274
    0.0000   15.0000  -22.500012181.1846   23.8311
    7.5000   15.0000  -22.500011626.7793   23.8178
   -7.5000   22.5000  -22.500011437.9395   23.8346
    0.0000   22.5000  -22.500012014.2998   23.8284
    7.5000   22.5000  -22.500011435.8984   23.8131
   -7.5000   30.0000  -22.500011169.5859   23.4940
    0.0000   30.0000  -22.500011762.6748   23.4695
    7.5000   30.0000  -22.500011196.4082   23.4422
   -7.5000   37.5000  -22.500011259.8252   23.4346
    0.0000   37.5000  -22.500011861.5742   23.4005
    7.5000   37.5000  -22.500011317.3799   23.3632
   -7.5000   45.0000  -22.500010970.3711   22.8457
    0.0000   45.0000  -22.500011569.8115   22.8196
    7.5000   45.0000  -22.500011038.3223   22.7840
   -7.5000  -45.0000  -15.0000 6118.6914   26.8785
    0.0000  -45.0000  -15.0000 6400.8462   26.8527
    7.5000  -45.0000  -15.0000 6149.1699   26.7888
   -7.5000  -37.5000  -15.0000 6786.9854   25.8553
    0.0000  -37.5000  -15.0000 7083.0859   25.8452
    7.5000  -37.5000  -15.0000 6812.4648   25.7914
   -7.5000  -30.0000  -15.0000 7748.8789   25.1664
    0.0000  -30.0000  -15.0000 8087.8066   25.1585
    7.5000  -30.0000  -15.0000 7779.8687   25.1121
   -7.5000  -22.5000  -15.0000 8823.9795   24.6565
    0.0000  -22.5000  -15.0000 9204.0547   24.6384
    7.5000  -22.5000  -15.0000 8837.7949   24.5899
   -7.5000  -15.0000  -15.000010025.6709   24.4351
    0.0000  -15.0000  -15.000010490.8545   24.4074
    7.5000  -15.0000  -15.000010040.7900   24.3528
   -7.5000   -7.5000  -15.000011245.4844   24.3660
    0.0000   -7.5000  -15.000011772.0273   24.3381
    7.5000   -7.5000  -15.000011260.0361   24.2800
   -7.5000    0.0000  -15.000012452.9902   24.3472
    0.0000    0.0000  -15.000013032.1250   24.3284
    7.5000    0.0000  -15.000012444.1465   24.2724
   -7.5000    7.5000  -15.000012665.3682   24.3853
    0.0000    7.5000  -15.000013263.8896   24.3774
    7.5000    7.5000  -15.000012628.6963   24.3282
   -7.5000   15.0000  -15.000012623.6494   24.4364
    0.0000   15.0000  -15.000013206.1338   24.4292
    7.5000   15.0000  -15.000012568.7266   24.3846
   -7.5000   22.5000  -15.000012416.7002   24.4388
    0.0000   22.5000  -15.000013033.9395   24.4209
    7.5000   22.5000  -15.000012360.7207   24.3732
   -7.5000   30.0000  -15.000012108.8027   24.0989
    0.0000   30.0000  -15.000012756.2764   24.0715
    7.5000   30.0000  -15.000012111.5957   24.0177
   -7.5000   37.5000  -15.000012185.0576   24.0502
    0.0000   37.5000  -15.000012867.0439   24.0227
    7.5000   37.5000  -15.000012239.3623   23.9653
   -7.5000   45.0000  -15.000011861.7793   23.4617
    0.0000   45.0000  -15.000012522.8701   23.4436
    7.5000   45.0000  -15.000011927.0459   23.3897
   -7.5000  -45.0000   -7.5000 6586.4453   27.2045
    0.0000  -45.0000   -7.5000 6886.1509   27.2114
    7.5000  -45.0000   -7.5000 6606.6846   27.1702
   -7.5000  -37.5000   -7.5000 7323.0562   26.1820
    0.0000  -37.5000   -7.5000 7642.8774   26.1901
    7.5000  -37.5000   -7.5000 7345.4590   26.1471
   -7.5000  -30.0000   -7.5000 8388.7393   25.4845
    0.0000  -30.0000   -7.5000 8771.2812   25.4862
    7.5000  -30.0000   -7.5000 8417.8574   25.4442
   -7.5000  -22.5000   -7.5000 9593.3213   24.9506
    0.0000  -22.5000   -7.500010027.5801   24.9469
    7.5000  -22.5000   -7.5000 9594.8838   24.9077
   -7.5000  -15.0000   -7.500010896.5586   24.7133
    0.0000  -15.0000   -7.500011417.5869   24.7111
    7.5000  -15.0000   -7.500010910.2070   24.6757
   -7.5000   -7.5000   -7.500012196.0869   24.6452
    0.0000   -7.5000   -7.500012780.0830   24.6494
    7.5000   -7.5000   -7.500012206.8662   24.6154
   -7.5000    0.0000   -7.500013501.0908   24.6398
    0.0000    0.0000   -7.500014149.0264   24.6490
    7.5000    0.0000   -7.500013475.8242   24.6130
   -7.5000    7.5000   -7.500013755.6738   24.6907
    0.0000    7.5000   -7.500014419.6533   24.6994
    7.5000    7.5000   -7.500013684.9209   24.6603
   -7.5000   15.0000   -7.500013672.2344   24.7422
    0.0000   15.0000   -7.500014356.3643   24.7447
    7.5000   15.0000   -7.500013610.3721   24.7042
   -7.5000   22.5000   -7.500013400.5625   24.7279
    0.0000   22.5000   -7.500014141.7686   24.7243
    7.5000   22.5000   -7.500013384.0869   24.6855
   -7.5000   30.0000   -7.500013005.7803   24.3727
    0.0000   30.0000   -7.500013770.9990   24.3705
    7.5000   30.0000   -7.500013111.3975   24.3354
   -7.5000   37.5000   -7.500013111.1895   24.3251
    0.0000   37.5000   -7.500013917.1074   24.3294
    7.5000   37.5000   -7.500013244.6152   24.2958
   -7.5000   45.0000   -7.500012815.1338   23.7481
    0.0000   45.0000   -7.500013568.0869   23.7570
    7.5000   45.0000   -7.500012909.5078   23.7223
   -7.5000  -45.0000    0.0000 6968.0063   27.2127
    0.0000  -45.0000    0.0000 7282.4062   27.2418
    7.5000  -45.0000    0.0000 6971.9336   27.2421
   -7.5000  -37.5000    0.0000 7774.6445   26.2120
    0.0000  -37.5000    0.0000 8152.3950   26.2365
    7.5000  -37.5000    0.0000 7805.4463   26.2266
   -7.5000  -30.0000    0.0000 8977.3936   25.5223
    0.0000  -30.0000    0.0000 9427.5088   25.5424
    7.5000  -30.0000    0.0000 9025.8789   25.5337
   -7.5000  -22.5000    0.000010275.6260   24.9755
    0.0000  -22.5000    0.000010798.8643   24.9964
    7.5000  -22.5000    0.000010329.5391   24.9962
   -7.5000  -15.0000    0.000011626.4814   24.7221
    0.0000  -15.0000    0.000012237.8789   24.7478
    7.5000  -15.0000    0.000011738.5215   24.7554
   -7.5000   -7.5000    0.000012995.5498   24.6465
    0.0000   -7.5000    0.000013676.4072   24.6753
    7.5000   -7.5000    0.000013094.8301   24.6816
   -7.5000    0.0000    0.000014360.7920   24.6500
    0.0000    0.0000    0.000015107.2275   24.6768
    7.5000    0.0000    0.000014425.9561   24.6744
   -7.5000    7.5000    0.000014663.3672   24.7184
    0.0000    7.5000    0.000015464.7832   24.7414
    7.5000    7.5000    0.000014703.7441   24.7315
   -7.5000   15.0000    0.000014551.1729   24.7773
    0.0000   15.0000    0.000015430.1055   24.7972
    7.5000   15.0000    0.000014633.2979   24.7881
   -7.5000   22.5000    0.000014218.2852   24.7530
    0.0000   22.5000    0.000015089.3125   24.7736
    7.5000   22.5000    0.000014388.6719   24.7731
   -7.5000   30.0000    0.000013793.2871   24.3821
    0.0000   30.0000    0.000014614.0078   24.4075
    7.5000   30.0000    0.000014022.7598   24.4147
   -7.5000   37.5000    0.000013962.5713   24.3272
    0.0000   37.5000    0.000014780.7832   24.3556
    7.5000   37.5000    0.000014174.2422   24.3618
   -7.5000   45.0000    0.000013661.7520   23.7597
    0.0000   45.0000    0.000014463.2432   23.7856
    7.5000   45.0000    0.000013809.4209   23.7832
   -7.5000  -45.0000    7.5000 6825.3706   27.1513
    0.0000  -45.0000    7.5000 7177.3682   27.1666
    7.5000  -45.0000    7.5000 6880.8164   27.1851
   -7.5000  -37.5000    7.5000 7637.8306   26.1646
    0.0000  -37.5000    7.5000 8043.1836   26.1875
    7.5000  -37.5000    7.5000 7728.3799   26.2004
   -7.5000  -30.0000    7.5000 8835.4062   25.4866
    0.0000  -30.0000    7.5000 9322.3154   25.5164
    7.5000  -30.0000    7.5000 8953.8867   25.5368
   -7.5000  -22.5000    7.500010100.6543   24.9446
    0.0000  -22.5000    7.500010658.3408   24.9740
    7.5000  -22.5000    7.500010238.4365   25.0022
   -7.5000  -15.0000    7.500011428.6904   24.6858
    0.0000  -15.0000    7.500012067.7461   24.7090
    7.5000  -15.0000    7.500011615.4893   24.7379
   -7.5000   -7.5000    7.500012783.6328   24.5993
    0.0000   -7.5000    7.500013448.3164   24.6153
    7.5000   -7.5000    7.500012928.4102   24.6357
   -7.5000    0.0000    7.500014113.9531   24.5994
    0.0000    0.0000    7.500014876.5977   24.6131
    7.5000    0.0000    7.500014252.3232   24.6237
   -7.5000    7.5000    7.500014431.8154   24.6762
    0.0000    7.5000    7.500015252.1387   24.6968
    7.5000    7.5000    7.500014586.6250   24.7065
   -7.5000   15.0000    7.500014409.4814   24.7441
    0.0000   15.0000    7.500015314.6914   24.7727
    7.5000   15.0000    7.500014658.7461   24.7911
   -7.5000   22.5000    7.500014056.7744   24.7225
    0.0000   22.5000    7.500014886.3340   24.7513
    7.5000   22.5000    7.500014399.0371   24.7789
   -7.5000   30.0000    7.500013610.3154   24.3464
    0.0000   30.0000    7.500014355.8232   24.3692
    7.5000   30.0000    7.500013942.1309   24.3976
   -7.5000   37.5000    7.500013763.8701   24.2806
    0.0000   37.5000    7.500014544.4053   24.2963
    7.5000   37.5000    7.500014034.9746   24.3164
   -7.5000   45.0000    7.500013449.5000   23.7110
    0.0000   45.0000    7.500014254.0391   23.7242
    7.5000   45.0000    7.500013669.7764   23.7344
   -7.5000  -45.0000   15.0000 6541.0591   27.1290
    0.0000  -45.0000   15.0000 6910.5469   27.1131
    7.5000  -45.0000   15.0000 6627.6450   27.1150
   -7.5000  -37.5000   15.0000 7371.5405   26.1336
    0.0000  -37.5000   15.0000 7810.2280   26.1415
    7.5000  -37.5000   15.0000 7509.9746   26.1493
   -7.5000  -30.0000   15.0000 8582.6836   25.4596
    0.0000  -30.0000   15.0000 9095.4336   25.4831
    7.5000  -30.0000   15.0000 8739.0312   25.5036
   -7.5000  -22.5000   15.0000 9834.9648   24.9356
    0.0000  -22.5000   15.000010387.4473   24.9523
    7.5000  -22.5000   15.000010011.4004   24.9743
   -7.5000  -15.0000   15.000011148.6006   24.6876
    0.0000  -15.0000   15.000011737.7725   24.6854
    7.5000  -15.0000   15.000011313.5752   24.6975
   -7.5000   -7.5000   15.000012472.3574   24.5962
    0.0000   -7.5000   15.000013088.7637   24.5799
    7.5000   -7.5000   15.000012590.8691   24.5797
   -7.5000    0.0000   15.000013738.7451   24.5822
    0.0000    0.0000   15.000014423.1309   24.5691
    7.5000    0.0000   15.000013893.0010   24.5645
   -7.5000    7.5000   15.000014082.4287   24.6501
    0.0000    7.5000   15.000014821.7061   24.6567
    7.5000    7.5000   15.000014307.4131   24.6612
   -7.5000   15.0000   15.000014226.0059   24.7210
    0.0000   15.0000   15.000015105.5215   24.7431
    7.5000   15.0000   15.000014572.3379   24.7615
   -7.5000   22.5000   15.000014004.0645   24.7133
    0.0000   22.5000   15.000014666.6211   24.7296
    7.5000   22.5000   15.000014309.5889   24.7512
   -7.5000   30.0000   15.000013487.9834   24.3481
    0.0000   30.0000   15.000013997.1660   24.3459
    7.5000   30.0000   15.000013744.1641   24.3579
   -7.5000   37.5000   15.000013595.7852   24.2775
    0.0000   37.5000   15.000014167.2314   24.2614
    7.5000   37.5000   15.000013819.5127   24.2612
   -7.5000   45.0000   15.000013228.8867   23.6944
    0.0000   45.0000   15.000013913.1084   23.6818
    7.5000   45.0000   15.000013483.4395   23.6774
   -7.5000  -45.0000   22.5000 6305.9521   27.1792
    0.0000  -45.0000   22.5000 6625.7827   27.1442
    7.5000  -45.0000   22.5000 6377.9668   27.1043
   -7.5000  -37.5000   22.5000 7104.5830   26.1571
    0.0000  -37.5000   22.5000 7492.5605   26.1483
    7.5000  -37.5000   22.5000 7212.0684   26.1217
   -7.5000  -30.0000   22.5000 8248.6777   25.4719
    0.0000  -30.0000   22.5000 8730.0088   25.4760
    7.5000  -30.0000   22.5000 8384.6006   25.4624
   -7.5000  -22.5000   22.5000 9471.5479   24.9610
    0.0000  -22.5000   22.500010019.7432   24.9547
    7.5000  -22.5000   22.5000 9629.6211   24.9385
   -7.5000  -15.0000   22.500010743.3984   24.7319
    0.0000  -15.0000   22.500011355.9512   24.7062
    7.5000  -15.0000   22.500010921.3896   24.6774
   -7.5000   -7.5000   22.500012009.8750   24.6494
    0.0000   -7.5000   22.500012655.7188   24.6136
    7.5000   -7.5000   22.500012172.4346   24.5744
   -7.5000    0.0000   22.500013203.6455   24.6252
    0.0000    0.0000   22.500013855.1572   24.5971
    7.5000    0.0000   22.500013390.9912   24.5588
   -7.5000    7.5000   22.500013473.9326   24.6725
    0.0000    7.5000   22.500014132.7666   24.6647
    7.5000    7.5000   22.500013698.9297   24.6388
   -7.5000   15.0000   22.500013656.4131   24.7344
    0.0000   15.0000   22.500014291.6963   24.7382
    7.5000   15.0000   22.500013771.8643   24.7244
   -7.5000   22.5000   22.500013637.8506   24.7381
    0.0000   22.5000   22.500013983.9268   24.7317
    7.5000   22.5000   22.500013469.8037   24.7158
   -7.5000   30.0000   22.500013248.9678   24.3916
    0.0000   30.0000   22.500013546.9131   24.3663
    7.5000   30.0000   22.500013067.1387   24.3379
   -7.5000   37.5000   22.500013378.1504   24.3300
    0.0000   37.5000   22.500013801.0713   24.2946
    7.5000   37.5000   22.500013274.2705   24.2560
   -7.5000   45.0000   22.500013029.5801   23.7358
    0.0000   45.0000   22.500013553.3682   23.7088
    7.5000   45.0000   22.500012970.4238   23.6719
   -7.5000  -45.0000   30.0000 5937.9497   27.2634
    0.0000  -45.0000   30.0000 6278.8589   27.2371
    7.5000  -45.0000   30.0000 6035.8486   27.1722
   -7.5000  -37.5000   30.0000 6693.1416   26.2252
    0.0000  -37.5000   30.0000 7101.8784   26.2150
    7.5000  -37.5000   30.0000 6834.5239   26.1603
   -7.5000  -30.0000   30.0000 7792.8799   25.5261
    0.0000  -30.0000   30.0000 8259.1621   25.5180
    7.5000  -30.0000   30.0000 7966.3887   25.4709
   -7.5000  -22.5000   30.0000 8974.8721   25.0087
    0.0000  -22.5000   30.0000 9469.0156   24.9902
    7.5000  -22.5000   30.0000 9142.8096   24.9410
   -7.5000  -15.0000   30.000010204.9531   24.7839
    0.0000  -15.0000   30.000010732.7607   24.7557
    7.5000  -15.0000   30.000010362.7910   24.7004
   -7.5000   -7.5000   30.000011394.4756   24.7138
    0.0000   -7.5000   30.000011968.9170   24.6854
    7.5000   -7.5000   30.000011542.1191   24.6264
   -7.5000    0.0000   30.000012533.8730   24.6948
    0.0000    0.0000   30.000013148.0303   24.6757
    7.5000    0.0000   30.000012675.4180   24.6188
   -7.5000    7.5000   30.000012807.5049   24.7334
    0.0000    7.5000   30.000013430.4355   24.7253
    7.5000    7.5000   30.000012908.7461   24.6755
   -7.5000   15.0000   30.000012931.0801   24.7853
    0.0000   15.0000   30.000013507.9521   24.7780
    7.5000   15.0000   30.000012883.5420   24.7327
   -7.5000   22.5000   30.000012869.0645   24.7850
    0.0000   22.5000   30.000013369.1914   24.7669
    7.5000   22.5000   30.000012654.0420   24.7185
   -7.5000   30.0000   30.000012599.2686   24.4429
    0.0000   30.0000   30.000013108.9424   24.4151
    7.5000   30.0000   30.000012410.9492   24.3605
   -7.5000   37.5000   30.000012749.1475   24.3935
    0.0000   37.5000   30.000013340.2598   24.3656
    7.5000   37.5000   30.000012604.7256   24.3073
   -7.5000   45.0000   30.000012371.3145   23.8029
    0.0000   45.0000   30.000012923.4473   23.7845
    7.5000   45.0000   30.000012265.8281   23.7297
   -7.5000  -45.0000   37.5000 5770.5752   27.3024
    0.0000  -45.0000   37.5000 6098.2290   27.3094
    7.5000  -45.0000   37.5000 5894.0562   27.2680
   -7.5000  -37.5000   37.5000 6506.2065   26.2761
    0.0000  -37.5000   37.5000 6895.7896   26.2841
    7.5000  -37.5000   37.5000 6665.7397   26.2411
   -7.5000  -30.0000   37.5000 7562.3623   25.5761
    0.0000  -30.0000   37.5000 8020.3730   25.5777
    7.5000  -30.0000   37.5000 7740.0151   25.5355
   -7.5000  -22.5000   37.5000 8695.9209   25.0400
    0.0000  -22.5000   37.5000 9209.7568   25.0363
    7.5000  -22.5000   37.5000 8854.8701   24.9969
   -7.5000  -15.0000   37.5000 9895.1836   24.8017
    0.0000  -15.0000   37.500010480.1826   24.7994
    7.5000  -15.0000   37.500010044.0059   24.7639
   -7.5000   -7.5000   37.500011076.8213   24.7331
    0.0000   -7.5000   37.500011718.2715   24.7374
    7.5000   -7.5000   37.500011214.1729   24.7033
   -7.5000    0.0000   37.500012226.4873   24.7278
    0.0000    0.0000   37.500012894.2109   24.7369
    7.5000    0.0000   37.500012336.2969   24.7009
   -7.5000    7.5000   37.500012470.3730   24.7790
    0.0000    7.5000   37.500013107.7324   24.7877
    7.5000    7.5000   37.500012524.4902   24.7485
   -7.5000   15.0000   37.500012503.1299   24.8309
    0.0000   15.0000   37.500013057.9912   24.8333
    7.5000   15.0000   37.500012437.1973   24.7926
   -7.5000   22.5000   37.500012352.2217   24.8165
    0.0000   22.5000   37.500012836.9512   24.8127
    7.5000   22.5000   37.500012263.7109   24.7739
   -7.5000   30.0000   37.500012083.8193   24.4604
    0.0000   30.0000   37.500012601.1963   24.4582
    7.5000   30.0000   37.500012067.5283   24.4231
   -7.5000   37.5000   37.500012246.1992   24.4126
    0.0000   37.5000   37.500012792.0176   24.4168
    7.5000   37.5000   37.500012245.3506   24.3832
   -7.5000   45.0000   37.500011912.5537   23.8347
    0.0000   45.0000   37.500012435.5850   23.8436
    7.5000   45.0000   37.500011900.0420   23.8088
   -7.5000  -45.0000   45.0000 5283.8462   27.3093
    0.0000  -45.0000   45.0000 5595.7329   27.3390
    7.5000  -45.0000   45.0000 5453.3223   27.3400
   -7.5000  -37.5000   45.0000 5973.7827   26.2986
    0.0000  -37.5000   45.0000 6357.3247   26.3233
    7.5000  -37.5000   45.0000 6151.1929   26.3137
   -7.5000  -30.0000   45.0000 6961.7544   25.6018
    0.0000  -30.0000   45.0000 7398.9551   25.6218
    7.5000  -30.0000   45.0000 7120.4375   25.6134
   -7.5000  -22.5000   45.0000 8001.8345   25.0486
    0.0000  -22.5000   45.0000 8483.7354   25.0696
    7.5000  -22.5000   45.0000 8150.0591   25.0700
   -7.5000  -15.0000   45.0000 9109.1709   24.7926
    0.0000  -15.0000   45.0000 9627.8564   24.8186
    7.5000  -15.0000   45.0000 9264.8691   24.8269
   -7.5000   -7.5000   45.000010171.5059   24.7170
    0.0000   -7.5000   45.000010750.9570   24.7463
    7.5000   -7.5000   45.000010364.1816   24.7533
   -7.5000    0.0000   45.000011187.8926   24.7213
    0.0000    0.0000   45.000011783.3604   24.7485
    7.5000    0.0000   45.000011380.8887   24.7466
   -7.5000    7.5000   45.000011375.1025   24.7913
    0.0000    7.5000   45.000011952.3984   24.8144
    7.5000    7.5000   45.000011521.7520   24.8047
   -7.5000   15.0000   45.000011362.2588   24.8507
    0.0000   15.0000   45.000011866.1387   24.8706
    7.5000   15.0000   45.000011462.4336   24.8618
   -7.5000   22.5000   45.000011193.5244   24.8254
    0.0000   22.5000   45.000011685.5342   24.8459
    7.5000   22.5000   45.000011309.9004   24.8461
   -7.5000   30.0000   45.000010981.8877   24.4500
    0.0000   30.0000   45.000011481.5830   24.4757
    7.5000   30.0000   45.000011114.6367   24.4838
   -7.5000   37.5000   45.000011141.7842   24.3946
    0.0000   37.5000   45.000011673.0508   24.4235
    7.5000   37.5000   45.000011263.3408   24.4304
   -7.5000   45.0000   45.000010871.0977   23.8393
    0.0000   45.0000   45.000011371.0049   23.8656
    7.5000   45.0000   45.000010959.4336   23.8637

---------------------------------------------------------------------
imgreg_4dfp /opt/freesurfer/average/711-2C_as_mni_average_305 /opt/freesurfer/average/711-2B_as_mni_average_305_mask talsrcimg_g11 none talsrcimg_to_711-2C_as_mni_average_305_t4 4355
---------------------------------------------------------------------

freesurfer imgreg_4dfp.c
/opt/freesurfer/average/711-2C_as_mni_average_305.4dfp.img
       256       256       256         1
  1.000000  1.000000  1.000000
orientation T byte_order littleendian
Reading image: /opt/freesurfer/average/711-2C_as_mni_average_305.4dfp.img
dimensions:      256       256       256
mmppix:       1.0000   -1.0000   -1.0000
center:     128.0000 -129.0000 -129.0000
/opt/freesurfer/average/711-2B_as_mni_average_305_mask.4dfp.img
       256       256       256         1
  1.000000  1.000000  1.000000
orientation T byte_order littleendian
Reading mask: /opt/freesurfer/average/711-2B_as_mni_average_305_mask.4dfp.img (2306576 pixels)
talsrcimg_g11.4dfp.img
       256       256       256         1
  1.000000  1.000000  1.000000
orientation T byte_order littleendian
Reading image: talsrcimg_g11.4dfp.img
dimensions:      256       256       256
mmppix:       1.0000   -1.0000   -1.0000
center:     128.0000 -129.0000 -129.0000
rotation matrix determinant  1.000000
image alignment mode   4355 decimal     1103 hex
   -7.5000  -37.5000  -45.0000 1486.4159   47.5984
    0.0000  -37.5000  -45.0000 1495.4417   47.0303
    7.5000  -37.5000  -45.0000 1483.1334   46.9084
   -7.5000  -30.0000  -45.0000 1607.1648   41.4010
    0.0000  -30.0000  -45.0000 1615.5856   40.8636
    7.5000  -30.0000  -45.0000 1602.8319   40.9012
   -7.5000  -22.5000  -45.0000 1726.0946   36.2526
    0.0000  -22.5000  -45.0000 1728.8390   35.6939
    7.5000  -22.5000  -45.0000 1720.7483   35.8451
   -7.5000  -15.0000  -45.0000 1844.7295   31.9073
    0.0000  -15.0000  -45.0000 1845.6442   31.5721
    7.5000  -15.0000  -45.0000 1838.7688   31.7113
   -7.5000   -7.5000  -45.0000 1944.1436   28.7073
    0.0000   -7.5000  -45.0000 1943.1790   28.4185
    7.5000   -7.5000  -45.0000 1934.9242   28.4935
   -7.5000    0.0000  -45.0000 2028.6893   26.3642
    0.0000    0.0000  -45.0000 2034.6024   26.1668
    7.5000    0.0000  -45.0000 2023.8088   26.2209
   -7.5000    7.5000  -45.0000 2093.0833   24.8004
    0.0000    7.5000  -45.0000 2097.1475   24.6195
    7.5000    7.5000  -45.0000 2085.8774   24.6557
   -7.5000   15.0000  -45.0000 2133.9473   23.7447
    0.0000   15.0000  -45.0000 2133.6880   23.5387
    7.5000   15.0000  -45.0000 2118.7507   23.5828
   -7.5000   22.5000  -45.0000 2150.3552   23.0431
    0.0000   22.5000  -45.0000 2149.1821   22.8118
    7.5000   22.5000  -45.0000 2132.2241   22.9068
   -7.5000   30.0000  -45.0000 2146.4097   22.7226
    0.0000   30.0000  -45.0000 2151.9822   22.5485
    7.5000   30.0000  -45.0000 2134.0930   22.6910
   -7.5000   37.5000  -45.0000 2134.8054   23.0867
    0.0000   37.5000  -45.0000 2140.6816   22.8597
    7.5000   37.5000  -45.0000 2125.7622   23.1711
   -7.5000   45.0000  -45.0000 2098.9534   23.9459
    0.0000   45.0000  -45.0000 2112.0867   23.7200
    7.5000   45.0000  -45.0000 2099.4165   24.0257
   -7.5000   52.5000  -45.0000 2037.7825   25.0243
    0.0000   52.5000  -45.0000 2055.2183   24.7881
    7.5000   52.5000  -45.0000 2045.0642   25.0419
   -7.5000  -37.5000  -37.5000 1565.8466   44.2937
    0.0000  -37.5000  -37.5000 1566.7690   43.8800
    7.5000  -37.5000  -37.5000 1560.6173   43.7700
   -7.5000  -30.0000  -37.5000 1683.8463   38.3576
    0.0000  -30.0000  -37.5000 1679.6740   37.8325
    7.5000  -30.0000  -37.5000 1675.5819   37.8819
   -7.5000  -22.5000  -37.5000 1796.3705   33.3493
    0.0000  -22.5000  -37.5000 1793.6957   32.9103
    7.5000  -22.5000  -37.5000 1794.8253   33.1263
   -7.5000  -15.0000  -37.5000 1918.8890   29.3895
    0.0000  -15.0000  -37.5000 1919.9531   29.1074
    7.5000  -15.0000  -37.5000 1913.4714   29.2663
   -7.5000   -7.5000  -37.5000 2023.9310   26.4155
    0.0000   -7.5000  -37.5000 2030.3589   26.1819
    7.5000   -7.5000  -37.5000 2018.9734   26.2481
   -7.5000    0.0000  -37.5000 2123.0803   24.3422
    0.0000    0.0000  -37.5000 2129.6372   24.1305
    7.5000    0.0000  -37.5000 2122.2454   24.1419
   -7.5000    7.5000  -37.5000 2195.7205   22.8740
    0.0000    7.5000  -37.5000 2202.9922   22.7070
    7.5000    7.5000  -37.5000 2193.4749   22.6900
   -7.5000   15.0000  -37.5000 2232.0774   21.8706
    0.0000   15.0000  -37.5000 2241.0425   21.7074
    7.5000   15.0000  -37.5000 2233.0815   21.6877
   -7.5000   22.5000  -37.5000 2245.0293   21.2354
    0.0000   22.5000  -37.5000 2254.6235   21.0165
    7.5000   22.5000  -37.5000 2249.9050   21.0553
   -7.5000   30.0000  -37.5000 2240.1875   20.9613
    0.0000   30.0000  -37.5000 2252.1860   20.7598
    7.5000   30.0000  -37.5000 2247.1216   20.8173
   -7.5000   37.5000  -37.5000 2225.8083   21.1105
    0.0000   37.5000  -37.5000 2236.0681   20.9046
    7.5000   37.5000  -37.5000 2228.8926   21.0531
   -7.5000   45.0000  -37.5000 2196.5557   21.7797
    0.0000   45.0000  -37.5000 2215.2053   21.5554
    7.5000   45.0000  -37.5000 2199.8811   21.7198
   -7.5000   52.5000  -37.5000 2137.0234   22.7712
    0.0000   52.5000  -37.5000 2155.2161   22.5376
    7.5000   52.5000  -37.5000 2145.3508   22.7507
   -7.5000  -37.5000  -30.0000 1656.8750   42.7209
    0.0000  -37.5000  -30.0000 1658.1587   42.0838
    7.5000  -37.5000  -30.0000 1651.5898   41.9664
   -7.5000  -30.0000  -30.0000 1777.5878   36.6919
    0.0000  -30.0000  -30.0000 1779.1682   36.2053
    7.5000  -30.0000  -30.0000 1775.7614   36.4234
   -7.5000  -22.5000  -30.0000 1898.1805   31.8886
    0.0000  -22.5000  -30.0000 1903.3934   31.5903
    7.5000  -22.5000  -30.0000 1904.7985   31.7708
   -7.5000  -15.0000  -30.0000 2029.5197   28.1352
    0.0000  -15.0000  -30.0000 2034.9957   27.9055
    7.5000  -15.0000  -30.0000 2027.8987   27.9391
   -7.5000   -7.5000  -30.0000 2148.9646   25.3152
    0.0000   -7.5000  -30.0000 2156.7842   25.0964
    7.5000   -7.5000  -30.0000 2150.1892   25.0347
   -7.5000    0.0000  -30.0000 2256.3604   23.2481
    0.0000    0.0000  -30.0000 2262.7329   22.9778
    7.5000    0.0000  -30.0000 2254.8716   22.9522
   -7.5000    7.5000  -30.0000 2336.7915   21.8060
    0.0000    7.5000  -30.0000 2346.3430   21.5951
    7.5000    7.5000  -30.0000 2330.4248   21.5786
   -7.5000   15.0000  -30.0000 2376.9785   20.8349
    0.0000   15.0000  -30.0000 2388.0559   20.6302
    7.5000   15.0000  -30.0000 2369.9648   20.6042
   -7.5000   22.5000  -30.0000 2391.2520   20.2090
    0.0000   22.5000  -30.0000 2410.3799   20.0025
    7.5000   22.5000  -30.0000 2393.8401   20.0052
   -7.5000   30.0000  -30.0000 2386.8865   19.9560
    0.0000   30.0000  -30.0000 2410.8623   19.7478
    7.5000   30.0000  -30.0000 2397.6050   19.7381
   -7.5000   37.5000  -30.0000 2371.1140   20.0532
    0.0000   37.5000  -30.0000 2385.1177   19.8564
    7.5000   37.5000  -30.0000 2379.3774   19.9072
   -7.5000   45.0000  -30.0000 2345.9880   20.6439
    0.0000   45.0000  -30.0000 2362.6753   20.4375
    7.5000   45.0000  -30.0000 2351.2024   20.5236
   -7.5000   52.5000  -30.0000 2284.6106   21.5968
    0.0000   52.5000  -30.0000 2295.7839   21.3996
    7.5000   52.5000  -30.0000 2293.4592   21.4940
   -7.5000  -37.5000  -22.5000 1728.5811   40.9578
    0.0000  -37.5000  -22.5000 1727.7274   40.1683
    7.5000  -37.5000  -22.5000 1721.8539   40.0283
   -7.5000  -30.0000  -22.5000 1849.8583   34.9702
    0.0000  -30.0000  -22.5000 1858.0074   34.5326
    7.5000  -30.0000  -22.5000 1855.8459   34.5812
   -7.5000  -22.5000  -22.5000 1986.4905   30.3111
    0.0000  -22.5000  -22.5000 1991.7177   29.9710
    7.5000  -22.5000  -22.5000 1989.3243   29.9775
   -7.5000  -15.0000  -22.5000 2125.9856   26.7847
    0.0000  -15.0000  -22.5000 2134.8359   26.5022
    7.5000  -15.0000  -22.5000 2123.4521   26.3870
   -7.5000   -7.5000  -22.5000 2259.8594   24.1475
    0.0000   -7.5000  -22.5000 2268.1174   23.8869
    7.5000   -7.5000  -22.5000 2253.6326   23.6679
   -7.5000    0.0000  -22.5000 2369.8486   22.0717
    0.0000    0.0000  -22.5000 2378.5952   21.8319
    7.5000    0.0000  -22.5000 2363.0500   21.6505
   -7.5000    7.5000  -22.5000 2453.8115   20.6061
    0.0000    7.5000  -22.5000 2466.3923   20.3924
    7.5000    7.5000  -22.5000 2447.1763   20.3182
   -7.5000   15.0000  -22.5000 2503.3755   19.6515
    0.0000   15.0000  -22.5000 2514.2949   19.4646
    7.5000   15.0000  -22.5000 2494.7971   19.4425
   -7.5000   22.5000  -22.5000 2524.2078   18.9891
    0.0000   22.5000  -22.5000 2543.6023   18.8374
    7.5000   22.5000  -22.5000 2523.4048   18.7912
   -7.5000   30.0000  -22.5000 2531.6704   18.8012
    0.0000   30.0000  -22.5000 2548.3564   18.5640
    7.5000   30.0000  -22.5000 2535.9209   18.5594
   -7.5000   37.5000  -22.5000 2512.2244   18.9496
    0.0000   37.5000  -22.5000 2525.4590   18.7200
    7.5000   37.5000  -22.5000 2516.8298   18.7181
   -7.5000   45.0000  -22.5000 2482.4856   19.5041
    0.0000   45.0000  -22.5000 2501.1960   19.3093
    7.5000   45.0000  -22.5000 2484.2314   19.3431
   -7.5000   52.5000  -22.5000 2415.9333   20.3804
    0.0000   52.5000  -22.5000 2433.4214   20.2225
    7.5000   52.5000  -22.5000 2418.1648   20.2307
   -7.5000  -37.5000  -15.0000 1771.9011   39.1020
    0.0000  -37.5000  -15.0000 1779.1018   38.4495
    7.5000  -37.5000  -15.0000 1771.5498   38.4367
   -7.5000  -30.0000  -15.0000 1902.7524   33.2720
    0.0000  -30.0000  -15.0000 1908.9862   32.8683
    7.5000  -30.0000  -15.0000 1904.7922   32.9415
   -7.5000  -22.5000  -15.0000 2049.8682   28.8578
    0.0000  -22.5000  -15.0000 2054.1697   28.5589
    7.5000  -22.5000  -15.0000 2041.2360   28.4821
   -7.5000  -15.0000  -15.0000 2197.7363   25.4642
    0.0000  -15.0000  -15.0000 2206.5117   25.1867
    7.5000  -15.0000  -15.0000 2185.7634   25.0485
   -7.5000   -7.5000  -15.0000 2332.0354   22.8089
    0.0000   -7.5000  -15.0000 2344.9468   22.5411
    7.5000   -7.5000  -15.0000 2321.4216   22.3964
   -7.5000    0.0000  -15.0000 2453.3733   20.8820
    0.0000    0.0000  -15.0000 2465.1467   20.6651
    7.5000    0.0000  -15.0000 2442.8354   20.5025
   -7.5000    7.5000  -15.0000 2538.9895   19.4703
    0.0000    7.5000  -15.0000 2549.7942   19.2521
    7.5000    7.5000  -15.0000 2529.0247   19.1385
   -7.5000   15.0000  -15.0000 2589.7273   18.4776
    0.0000   15.0000  -15.0000 2602.9951   18.2977
    7.5000   15.0000  -15.0000 2585.3159   18.2590
   -7.5000   22.5000  -15.0000 2622.9480   17.8249
    0.0000   22.5000  -15.0000 2639.7971   17.6645
    7.5000   22.5000  -15.0000 2624.3464   17.6659
   -7.5000   30.0000  -15.0000 2645.8264   17.6001
    0.0000   30.0000  -15.0000 2656.6653   17.4120
    7.5000   30.0000  -15.0000 2647.3491   17.4118
   -7.5000   37.5000  -15.0000 2628.3064   17.7472
    0.0000   37.5000  -15.0000 2646.1223   17.5968
    7.5000   37.5000  -15.0000 2631.3242   17.5640
   -7.5000   45.0000  -15.0000 2592.7236   18.3744
    0.0000   45.0000  -15.0000 2612.5576   18.1984
    7.5000   45.0000  -15.0000 2594.8909   18.2051
   -7.5000   52.5000  -15.0000 2513.7524   19.2136
    0.0000   52.5000  -15.0000 2540.8469   19.0782
    7.5000   52.5000  -15.0000 2519.5417   19.0413
   -7.5000  -37.5000   -7.5000 1805.0875   37.6005
    0.0000  -37.5000   -7.5000 1814.8527   37.0013
    7.5000  -37.5000   -7.5000 1814.0370   36.9879
   -7.5000  -30.0000   -7.5000 1943.7816   32.0315
    0.0000  -30.0000   -7.5000 1953.2688   31.5639
    7.5000  -30.0000   -7.5000 1949.3601   31.5985
   -7.5000  -22.5000   -7.5000 2099.2715   27.7195
    0.0000  -22.5000   -7.5000 2105.7305   27.3749
    7.5000  -22.5000   -7.5000 2095.1008   27.3805
   -7.5000  -15.0000   -7.5000 2250.6350   24.3610
    0.0000  -15.0000   -7.5000 2263.6689   24.0947
    7.5000  -15.0000   -7.5000 2244.5449   23.9856
   -7.5000   -7.5000   -7.5000 2382.5469   21.7241
    0.0000   -7.5000   -7.5000 2397.9067   21.4727
    7.5000   -7.5000   -7.5000 2377.4810   21.4241
   -7.5000    0.0000   -7.5000 2509.5842   19.7848
    0.0000    0.0000   -7.5000 2525.2258   19.5625
    7.5000    0.0000   -7.5000 2500.7986   19.5312
   -7.5000    7.5000   -7.5000 2607.9189   18.4099
    0.0000    7.5000   -7.5000 2626.7791   18.2473
    7.5000    7.5000   -7.5000 2600.9529   18.1728
   -7.5000   15.0000   -7.5000 2665.6150   17.4219
    0.0000   15.0000   -7.5000 2679.2920   17.2620
    7.5000   15.0000   -7.5000 2666.1536   17.2323
   -7.5000   22.5000   -7.5000 2704.8428   16.7290
    0.0000   22.5000   -7.5000 2725.0679   16.6005
    7.5000   22.5000   -7.5000 2710.4021   16.6109
   -7.5000   30.0000   -7.5000 2725.7153   16.4343
    0.0000   30.0000   -7.5000 2750.8306   16.3323
    7.5000   30.0000   -7.5000 2737.6799   16.3435
   -7.5000   37.5000   -7.5000 2721.4875   16.5845
    0.0000   37.5000   -7.5000 2751.3040   16.4867
    7.5000   37.5000   -7.5000 2731.6980   16.5073
   -7.5000   45.0000   -7.5000 2688.7056   17.2455
    0.0000   45.0000   -7.5000 2715.9404   17.1173
    7.5000   45.0000   -7.5000 2698.5842   17.1563
   -7.5000   52.5000   -7.5000 2603.4941   18.1307
    0.0000   52.5000   -7.5000 2637.6335   17.9554
    7.5000   52.5000   -7.5000 2616.3577   17.9899
   -7.5000  -37.5000    0.0000 1826.3169   36.4557
    0.0000  -37.5000    0.0000 1837.4172   35.9281
    7.5000  -37.5000    0.0000 1834.4417   35.9812
   -7.5000  -30.0000    0.0000 1973.9236   31.0834
    0.0000  -30.0000    0.0000 1992.2544   30.7201
    7.5000  -30.0000    0.0000 1983.2100   30.7663
   -7.5000  -22.5000    0.0000 2132.0261   26.9132
    0.0000  -22.5000    0.0000 2149.9502   26.5769
    7.5000  -22.5000    0.0000 2138.8806   26.6721
   -7.5000  -15.0000    0.0000 2277.3938   23.4967
    0.0000  -15.0000    0.0000 2296.5557   23.2301
    7.5000  -15.0000    0.0000 2290.1284   23.3386
   -7.5000   -7.5000    0.0000 2407.0940   20.8763
    0.0000   -7.5000    0.0000 2427.2319   20.6289
    7.5000   -7.5000    0.0000 2421.3604   20.7013
   -7.5000    0.0000    0.0000 2533.6379   18.9482
    0.0000    0.0000    0.0000 2556.1260   18.7586
    7.5000    0.0000    0.0000 2545.0591   18.7829
   -7.5000    7.5000    0.0000 2642.4551   17.6136
    0.0000    7.5000    0.0000 2669.2173   17.4395
    7.5000    7.5000    0.0000 2657.3401   17.4500
   -7.5000   15.0000    0.0000 2711.3311   16.6019
    0.0000   15.0000    0.0000 2745.5911   16.4789
    7.5000   15.0000    0.0000 2732.7041   16.4931
   -7.5000   22.5000    0.0000 2757.5203   15.8499
    0.0000   22.5000    0.0000 2796.4031   15.7301
    7.5000   22.5000    0.0000 2780.3674   15.7667
   -7.5000   30.0000    0.0000 2788.8120   15.5371
    0.0000   30.0000    0.0000 2822.8931   15.4025
    7.5000   30.0000    0.0000 2814.9543   15.4890
   -7.5000   37.5000    0.0000 2796.1511   15.6887
    0.0000   37.5000    0.0000 2827.8269   15.5333
    7.5000   37.5000    0.0000 2821.7483   15.6539
   -7.5000   45.0000    0.0000 2760.7151   16.3519
    0.0000   45.0000    0.0000 2789.6921   16.1518
    7.5000   45.0000    0.0000 2781.6357   16.2752
   -7.5000   52.5000    0.0000 2666.0217   17.2252
    0.0000   52.5000    0.0000 2698.0322   16.9910
    7.5000   52.5000    0.0000 2689.0354   17.0603
   -7.5000  -37.5000    7.5000 1839.0396   35.7850
    0.0000  -37.5000    7.5000 1853.6874   35.2804
    7.5000  -37.5000    7.5000 1855.8276   35.3128
   -7.5000  -30.0000    7.5000 1993.3375   30.4130
    0.0000  -30.0000    7.5000 2011.9723   29.9622
    7.5000  -30.0000    7.5000 2013.0620   30.1744
   -7.5000  -22.5000    7.5000 2146.0056   26.2856
    0.0000  -22.5000    7.5000 2165.9558   25.8828
    7.5000  -22.5000    7.5000 2164.9280   26.0229
   -7.5000  -15.0000    7.5000 2290.5322   22.8938
    0.0000  -15.0000    7.5000 2315.9353   22.5813
    7.5000  -15.0000    7.5000 2316.4458   22.7223
   -7.5000   -7.5000    7.5000 2425.1638   20.3248
    0.0000   -7.5000    7.5000 2447.0554   20.0034
    7.5000   -7.5000    7.5000 2447.1621   20.1329
   -7.5000    0.0000    7.5000 2550.2234   18.4255
    0.0000    0.0000    7.5000 2574.4026   18.1486
    7.5000    0.0000    7.5000 2575.9817   18.2624
   -7.5000    7.5000    7.5000 2656.9082   17.0988
    0.0000    7.5000    7.5000 2688.9160   16.8642
    7.5000    7.5000    7.5000 2692.1877   16.9458
   -7.5000   15.0000    7.5000 2741.2358   16.1307
    0.0000   15.0000    7.5000 2783.2932   15.9269
    7.5000   15.0000    7.5000 2784.7429   16.0278
   -7.5000   22.5000    7.5000 2806.9761   15.3033
    0.0000   22.5000    7.5000 2849.8687   15.0602
    7.5000   22.5000    7.5000 2844.1116   15.2555
   -7.5000   30.0000    7.5000 2845.0884   14.8551
    0.0000   30.0000    7.5000 2880.8135   14.6160
    7.5000   30.0000    7.5000 2880.6348   14.8927
   -7.5000   37.5000    7.5000 2852.3848   15.0187
    0.0000   37.5000    7.5000 2882.2869   14.8111
    7.5000   37.5000    7.5000 2888.3953   15.0279
   -7.5000   45.0000    7.5000 2814.9207   15.6982
    0.0000   45.0000    7.5000 2847.2573   15.4370
    7.5000   45.0000    7.5000 2846.4519   15.5741
   -7.5000   52.5000    7.5000 2717.0669   16.5682
    0.0000   52.5000    7.5000 2747.2515   16.2908
    7.5000   52.5000    7.5000 2748.9719   16.4446
   -7.5000  -37.5000   15.0000 1826.8739   35.4163
    0.0000  -37.5000   15.0000 1852.8893   35.0789
    7.5000  -37.5000   15.0000 1855.0647   35.1653
   -7.5000  -30.0000   15.0000 1991.0364   30.3483
    0.0000  -30.0000   15.0000 2023.6643   29.8354
    7.5000  -30.0000   15.0000 2020.4800   30.0335
   -7.5000  -22.5000   15.0000 2153.0037   26.1934
    0.0000  -22.5000   15.0000 2180.1240   25.5909
    7.5000  -22.5000   15.0000 2182.6321   25.8358
   -7.5000  -15.0000   15.0000 2296.7827   22.7750
    0.0000  -15.0000   15.0000 2315.8220   22.1443
    7.5000  -15.0000   15.0000 2326.9739   22.4019
   -7.5000   -7.5000   15.0000 2432.6313   20.2071
    0.0000   -7.5000   15.0000 2444.0723   19.5891
    7.5000   -7.5000   15.0000 2455.1660   19.7610
   -7.5000    0.0000   15.0000 2551.3772   18.2840
    0.0000    0.0000   15.0000 2569.2212   17.7391
    7.5000    0.0000   15.0000 2580.7212   17.8948
   -7.5000    7.5000   15.0000 2656.9253   16.9000
    0.0000    7.5000   15.0000 2680.1250   16.4461
    7.5000    7.5000   15.0000 2695.1057   16.6117
   -7.5000   15.0000   15.0000 2748.2664   15.9423
    0.0000   15.0000   15.0000 2782.2085   15.5095
    7.5000   15.0000   15.0000 2796.8120   15.6980
   -7.5000   22.5000   15.0000 2830.9771   15.1731
    0.0000   22.5000   15.0000 2873.6809   14.7617
    7.5000   22.5000   15.0000 2870.9707   14.9867
   -7.5000   30.0000   15.0000 2881.0049   14.5647
    0.0000   30.0000   15.0000 2908.1604   14.0947
    7.5000   30.0000   15.0000 2919.1172   14.5748
   -7.5000   37.5000   15.0000 2890.1367   14.7313
    0.0000   37.5000   15.0000 2914.1494   14.2888
    7.5000   37.5000   15.0000 2917.0532   14.6064
   -7.5000   45.0000   15.0000 2842.0439   15.4509
    0.0000   45.0000   15.0000 2871.8672   15.0307
    7.5000   45.0000   15.0000 2878.6331   15.2665
   -7.5000   52.5000   15.0000 2739.9517   16.3344
    0.0000   52.5000   15.0000 2776.1208   15.9957
    7.5000   52.5000   15.0000 2776.6162   16.1938
   -7.5000  -37.5000   22.5000 1820.6671   36.1683
    0.0000  -37.5000   22.5000 1841.2605   35.1988
    7.5000  -37.5000   22.5000 1852.6588   35.5880
   -7.5000  -30.0000   22.5000 1983.5457   30.7235
    0.0000  -30.0000   22.5000 2005.1091   29.9448
    7.5000  -30.0000   22.5000 2008.0720   30.1242
   -7.5000  -22.5000   22.5000 2145.3594   26.2982
    0.0000  -22.5000   22.5000 2165.2866   25.6257
    7.5000  -22.5000   22.5000 2166.1042   25.7415
   -7.5000  -15.0000   22.5000 2290.5723   22.8340
    0.0000  -15.0000   22.5000 2306.9795   22.1991
    7.5000  -15.0000   22.5000 2312.8704   22.3319
   -7.5000   -7.5000   22.5000 2422.3806   20.2660
    0.0000   -7.5000   22.5000 2440.4065   19.6465
    7.5000   -7.5000   22.5000 2451.1089   19.7581
   -7.5000    0.0000   22.5000 2534.7888   18.3412
    0.0000    0.0000   22.5000 2556.1641   17.7272
    7.5000    0.0000   22.5000 2571.1228   17.8560
   -7.5000    7.5000   22.5000 2641.9834   16.9349
    0.0000    7.5000   22.5000 2662.0791   16.3513
    7.5000    7.5000   22.5000 2677.9634   16.5011
   -7.5000   15.0000   22.5000 2736.3860   15.9371
    0.0000   15.0000   22.5000 2759.9080   15.3939
    7.5000   15.0000   22.5000 2774.9895   15.5402
   -7.5000   22.5000   22.5000 2829.3352   15.2421
    0.0000   22.5000   22.5000 2851.9373   14.6143
    7.5000   22.5000   22.5000 2851.9526   14.7911
   -7.5000   30.0000   22.5000 2889.8701   14.8462
    0.0000   30.0000   22.5000 2912.2725   14.1993
    7.5000   30.0000   22.5000 2894.7654   14.3367
   -7.5000   37.5000   22.5000 2901.4570   14.9156
    0.0000   37.5000   22.5000 2934.7278   14.4601
    7.5000   37.5000   22.5000 2915.4561   14.5569
   -7.5000   45.0000   22.5000 2852.2805   15.4926
    0.0000   45.0000   22.5000 2885.2048   15.1656
    7.5000   45.0000   22.5000 2871.8494   15.2279
   -7.5000   52.5000   22.5000 2743.6653   16.2770
    0.0000   52.5000   22.5000 2773.2144   15.9997
    7.5000   52.5000   22.5000 2770.4006   16.0794
   -7.5000  -37.5000   30.0000 1797.3674   37.2141
    0.0000  -37.5000   30.0000 1821.3237   36.3305
    7.5000  -37.5000   30.0000 1829.8589   36.4599
   -7.5000  -30.0000   30.0000 1959.7627   31.5210
    0.0000  -30.0000   30.0000 1983.4009   30.7268
    7.5000  -30.0000   30.0000 1989.7734   30.8439
   -7.5000  -22.5000   30.0000 2124.2769   26.8861
    0.0000  -22.5000   30.0000 2141.9653   26.0846
    7.5000  -22.5000   30.0000 2145.5063   26.2492
   -7.5000  -15.0000   30.0000 2276.7444   23.3260
    0.0000  -15.0000   30.0000 2288.8755   22.5362
    7.5000  -15.0000   30.0000 2296.8398   22.7299
   -7.5000   -7.5000   30.0000 2407.8137   20.6981
    0.0000   -7.5000   30.0000 2420.6362   19.9250
    7.5000   -7.5000   30.0000 2434.4463   20.0859
   -7.5000    0.0000   30.0000 2519.5613   18.8472
    0.0000    0.0000   30.0000 2539.3037   18.1305
    7.5000    0.0000   30.0000 2557.3145   18.2477
   -7.5000    7.5000   30.0000 2626.6794   17.4930
    0.0000    7.5000   30.0000 2652.5708   16.8822
    7.5000    7.5000   30.0000 2669.8191   16.9533
   -7.5000   15.0000   30.0000 2725.4006   16.4871
    0.0000   15.0000   30.0000 2756.4846   15.9355
    7.5000   15.0000   30.0000 2766.4932   15.9860
   -7.5000   22.5000   30.0000 2819.9155   15.7615
    0.0000   22.5000   30.0000 2855.1350   15.2274
    7.5000   22.5000   30.0000 2833.1768   15.1893
   -7.5000   30.0000   30.0000 2876.1184   15.3698
    0.0000   30.0000   30.0000 2908.5188   14.9273
    7.5000   30.0000   30.0000 2890.1409   14.8706
   -7.5000   37.5000   30.0000 2877.0352   15.4230
    0.0000   37.5000   30.0000 2923.7090   15.0998
    7.5000   37.5000   30.0000 2903.0674   15.0423
   -7.5000   45.0000   30.0000 2830.7808   15.9808
    0.0000   45.0000   30.0000 2864.2605   15.7213
    7.5000   45.0000   30.0000 2850.6450   15.6886
   -7.5000   52.5000   30.0000 2713.9917   16.7425
    0.0000   52.5000   30.0000 2742.6990   16.5058
    7.5000   52.5000   30.0000 2737.7434   16.5344
   -7.5000  -37.5000   37.5000 1772.1605   38.7403
    0.0000  -37.5000   37.5000 1792.4036   37.7899
    7.5000  -37.5000   37.5000 1798.2838   37.7185
   -7.5000  -30.0000   37.5000 1930.5138   32.6363
    0.0000  -30.0000   37.5000 1953.3215   31.8274
    7.5000  -30.0000   37.5000 1959.8016   31.8224
   -7.5000  -22.5000   37.5000 2096.8259   27.7910
    0.0000  -22.5000   37.5000 2116.1870   27.0378
    7.5000  -22.5000   37.5000 2120.8857   27.0807
   -7.5000  -15.0000   37.5000 2255.4641   24.1319
    0.0000  -15.0000   37.5000 2273.1621   23.4289
    7.5000  -15.0000   37.5000 2273.6433   23.4740
   -7.5000   -7.5000   37.5000 2390.2029   21.4591
    0.0000   -7.5000   37.5000 2414.1929   20.8458
    7.5000   -7.5000   37.5000 2414.6765   20.8489
   -7.5000    0.0000   37.5000 2506.0896   19.6474
    0.0000    0.0000   37.5000 2535.1282   19.0380
    7.5000    0.0000   37.5000 2538.7441   19.0387
   -7.5000    7.5000   37.5000 2613.0591   18.3455
    0.0000    7.5000   37.5000 2644.4976   17.7369
    7.5000    7.5000   37.5000 2651.6604   17.7509
   -7.5000   15.0000   37.5000 2704.5979   17.3239
    0.0000   15.0000   37.5000 2741.1184   16.6982
    7.5000   15.0000   37.5000 2737.7717   16.6860
   -7.5000   22.5000   37.5000 2791.3335   16.5016
    0.0000   22.5000   37.5000 2821.0879   15.9016
    7.5000   22.5000   37.5000 2816.9834   15.9371
   -7.5000   30.0000   37.5000 2831.1733   16.0558
    0.0000   30.0000   37.5000 2865.6570   15.6357
    7.5000   30.0000   37.5000 2869.5923   15.6654
   -7.5000   37.5000   37.5000 2827.5857   16.1411
    0.0000   37.5000   37.5000 2868.8972   15.8007
    7.5000   37.5000   37.5000 2865.9148   15.8027
   -7.5000   45.0000   37.5000 2776.4722   16.6834
    0.0000   45.0000   37.5000 2807.4905   16.3771
    7.5000   45.0000   37.5000 2802.4023   16.3920
   -7.5000   52.5000   37.5000 2661.8914   17.4595
    0.0000   52.5000   37.5000 2694.1191   17.2243
    7.5000   52.5000   37.5000 2690.6926   17.2129
   -7.5000  -37.5000   45.0000 1728.8987   40.1726
    0.0000  -37.5000   45.0000 1756.4893   39.4225
    7.5000  -37.5000   45.0000 1762.6598   39.3861
   -7.5000  -30.0000   45.0000 1892.5306   33.9560
    0.0000  -30.0000   45.0000 1918.1196   33.2717
    7.5000  -30.0000   45.0000 1920.6445   33.0333
   -7.5000  -22.5000   45.0000 2059.3298   28.9366
    0.0000  -22.5000   45.0000 2079.6482   28.3173
    7.5000  -22.5000   45.0000 2079.6414   28.1455
   -7.5000  -15.0000   45.0000 2215.1523   25.2009
    0.0000  -15.0000   45.0000 2238.0017   24.5756
    7.5000  -15.0000   45.0000 2235.9983   24.5121
   -7.5000   -7.5000   45.0000 2348.0059   22.5009
    0.0000   -7.5000   45.0000 2376.9709   21.8673
    7.5000   -7.5000   45.0000 2378.8538   21.8958
   -7.5000    0.0000   45.0000 2461.0400   20.6134
    0.0000    0.0000   45.0000 2493.3230   19.9655
    7.5000    0.0000   45.0000 2499.9343   19.9912
   -7.5000    7.5000   45.0000 2563.3372   19.2091
    0.0000    7.5000   45.0000 2603.4028   18.5390
    7.5000    7.5000   45.0000 2604.0120   18.5237
   -7.5000   15.0000   45.0000 2651.7969   18.1673
    0.0000   15.0000   45.0000 2692.2107   17.4748
    7.5000   15.0000   45.0000 2694.7886   17.4925
   -7.5000   22.5000   45.0000 2725.2827   17.2817
    0.0000   22.5000   45.0000 2761.6968   16.7821
    7.5000   22.5000   45.0000 2764.0664   16.8414
   -7.5000   30.0000   45.0000 2761.3945   16.9120
    0.0000   30.0000   45.0000 2795.9910   16.5365
    7.5000   30.0000   45.0000 2802.3169   16.5841
   -7.5000   37.5000   45.0000 2747.6394   17.0071
    0.0000   37.5000   45.0000 2790.5967   16.6707
    7.5000   37.5000   45.0000 2788.5383   16.6871
   -7.5000   45.0000   45.0000 2690.5195   17.5391
    0.0000   45.0000   45.0000 2722.2085   17.2216
    7.5000   45.0000   45.0000 2722.3584   17.2566
   -7.5000   52.5000   45.0000 2585.6365   18.3182
    0.0000   52.5000   45.0000 2615.9167   18.0247
    7.5000   52.5000   45.0000 2617.4993   18.0486

---------------------------------------------------------------------
imgreg_4dfp /opt/freesurfer/average/711-2C_as_mni_average_305 /opt/freesurfer/average/711-2B_as_mni_average_305_mask talsrcimg_g11 none talsrcimg_to_711-2C_as_mni_average_305_t4 1283
---------------------------------------------------------------------

freesurfer imgreg_4dfp.c
/opt/freesurfer/average/711-2C_as_mni_average_305.4dfp.img
       256       256       256         1
  1.000000  1.000000  1.000000
orientation T byte_order littleendian
Reading image: /opt/freesurfer/average/711-2C_as_mni_average_305.4dfp.img
dimensions:      256       256       256
mmppix:       1.0000   -1.0000   -1.0000
center:     128.0000 -129.0000 -129.0000
/opt/freesurfer/average/711-2B_as_mni_average_305_mask.4dfp.img
       256       256       256         1
  1.000000  1.000000  1.000000
orientation T byte_order littleendian
Reading mask: /opt/freesurfer/average/711-2B_as_mni_average_305_mask.4dfp.img (2306576 pixels)
talsrcimg_g11.4dfp.img
       256       256       256         1
  1.000000  1.000000  1.000000
orientation T byte_order littleendian
Reading image: talsrcimg_g11.4dfp.img
dimensions:      256       256       256
mmppix:       1.0000   -1.0000   -1.0000
center:     128.0000 -129.0000 -129.0000
rotation matrix determinant  1.000000
fimgreg.f
image alignment mode   1283 decimal      503 hex
parameters
    0.0000   37.5000   22.5000    0.0000    0.0000    0.0000
eta,q 0.92354 14.47352
niter,ni,del,rscale     5    3   12.0000    1.2000
parameter  3 -0.520253 -> -0.500000 qaram    1.1500
parameter  5  0.621575 ->  0.500000 qaram    1.1500
parameter  6  1.056038 ->  0.500000 qaram    1.1500
parameters
   -0.1659   37.0268   25.9500   -2.6838   -3.4500   -3.4500
eta,q 0.92180 14.61055
  0.0894  0.0873  0.0843  0.0822  0.0797  0.0777
  0.0846  0.0837  0.0848  0.0812  0.0789  0.0780
  0.0813  0.0809  0.0820  0.0807  0.0794  0.0786
  0.0802  0.0798  0.0803  0.0820  0.0808  0.0789
  0.0832  0.0816  0.0816  0.0831  0.0812  0.0798
  0.0865  0.0852  0.0810  0.0854  0.0829  0.0808
  0.0890  0.0902  0.0813  0.0882  0.0857  0.0824
niter,ni,del,rscale     7    3   12.0000    1.2000
parameters
    1.9231   37.0914   24.3265   -1.8313   -5.4594   -3.9604
eta,q 0.92492 14.47709
  0.0945  0.0839  0.0800  0.0833  0.0803  0.0797
  0.0880  0.0812  0.0764  0.0814  0.0769  0.0778
  0.0823  0.0780  0.0757  0.0779  0.0751  0.0758
  0.0782  0.0760  0.0759  0.0759  0.0758  0.0751
  0.0760  0.0764  0.0768  0.0760  0.0796  0.0761
  0.0768  0.0792  0.0825  0.0779  0.0847  0.0786
  0.0820  0.0852  0.0877  0.0810  0.0880  0.0815
niter,ni,del,rscale     6    3   12.0000    1.2000
parameters
    1.9219   36.9466   23.6714   -1.5076   -5.5818   -4.2378
eta,q 0.92460 14.42576
  0.0888  0.0827  0.0787  0.0821  0.0839  0.0801
  0.0827  0.0792  0.0768  0.0792  0.0793  0.0783
  0.0777  0.0767  0.0753  0.0762  0.0766  0.0764
  0.0751  0.0751  0.0751  0.0753  0.0754  0.0754
  0.0780  0.0752  0.0744  0.0760  0.0760  0.0763
  0.0833  0.0789  0.0765  0.0781  0.0800  0.0785
  0.0884  0.0847  0.0828  0.0808  0.0846  0.0813
niter,ni,del,rscale     5    3   12.0000    1.2000
parameters
    1.9193   36.8696   23.5072   -1.3308   -5.6224   -4.3553
eta,q 0.92453 14.41279
  0.0880  0.0825  0.0782  0.0817  0.0839  0.0803
  0.0826  0.0786  0.0778  0.0788  0.0793  0.0785
  0.0773  0.0768  0.0753  0.0761  0.0767  0.0767
  0.0754  0.0754  0.0754  0.0754  0.0755  0.0755
  0.0784  0.0752  0.0745  0.0763  0.0760  0.0762
  0.0828  0.0785  0.0752  0.0783  0.0797  0.0783
  0.0876  0.0837  0.0809  0.0808  0.0841  0.0811
niter,ni,del,rscale     4    3   12.0000    1.2000
parameters
    1.9304   36.7684   23.5466   -1.2032   -5.6412   -4.3654
eta,q 0.92445 14.40993
  0.0877  0.0822  0.0780  0.0817  0.0840  0.0805
  0.0825  0.0782  0.0780  0.0787  0.0793  0.0787
  0.0772  0.0766  0.0753  0.0761  0.0768  0.0768
  0.0755  0.0755  0.0755  0.0755  0.0755  0.0756
  0.0784  0.0752  0.0744  0.0764  0.0761  0.0763
  0.0825  0.0784  0.0748  0.0784  0.0798  0.0783
  0.0872  0.0833  0.0803  0.0810  0.0841  0.0810
niter,ni,del,rscale     3    3   12.0000    1.2000
parameters
    1.9402   36.6602   23.6079   -1.0784   -5.6610   -4.3454
eta,q 0.92436 14.40785
  0.0877  0.0822  0.0780  0.0817  0.0841  0.0806
  0.0826  0.0781  0.0779  0.0787  0.0794  0.0788
  0.0773  0.0765  0.0754  0.0761  0.0769  0.0769
  0.0756  0.0756  0.0756  0.0756  0.0756  0.0756
  0.0785  0.0753  0.0743  0.0764  0.0761  0.0764
  0.0825  0.0783  0.0748  0.0784  0.0798  0.0784
  0.0872  0.0833  0.0803  0.0811  0.0842  0.0810
niter,ni,del,rscale     2    3   12.0000    1.2000
parameters
    1.9580   36.5496   23.6547   -0.9355   -5.6974   -4.3281
eta,q 0.92431 14.40410
  0.0878  0.0822  0.0781  0.0818  0.0841  0.0808
  0.0826  0.0781  0.0779  0.0787  0.0794  0.0788
  0.0774  0.0765  0.0754  0.0762  0.0769  0.0770
  0.0756  0.0756  0.0757  0.0757  0.0757  0.0757
  0.0786  0.0754  0.0742  0.0764  0.0763  0.0764
  0.0825  0.0783  0.0748  0.0785  0.0799  0.0785
  0.0872  0.0832  0.0803  0.0811  0.0842  0.0811
niter,ni,del,rscale     1    3   12.0000    1.2000
parameters
    1.9869   36.4301   23.6924   -0.7868   -5.7490   -4.3288
eta,q 0.92425 14.39852
  0.0877  0.0822  0.0781  0.0819  0.0841  0.0809
  0.0826  0.0779  0.0777  0.0787  0.0794  0.0789
  0.0775  0.0764  0.0754  0.0763  0.0769  0.0770
  0.0757  0.0757  0.0757  0.0757  0.0757  0.0758
  0.0786  0.0755  0.0740  0.0764  0.0763  0.0766
  0.0824  0.0783  0.0747  0.0785  0.0800  0.0786
  0.0872  0.0832  0.0804  0.0811  0.0843  0.0812
registration optimization eta report
parameter search radius
    6.0000    6.0000    6.9000    6.0000    6.9000    6.9000
100000*second partial in parameter space
       31.       20.        9.       16.       18.       11.
  0.0877  0.0822  0.0781  0.0819  0.0841  0.0809
  0.0826  0.0779  0.0777  0.0787  0.0794  0.0789
  0.0775  0.0764  0.0754  0.0763  0.0769  0.0770
  0.0757  0.0757  0.0757  0.0757  0.0757  0.0758
  0.0786  0.0755  0.0740  0.0764  0.0763  0.0766
  0.0824  0.0783  0.0747  0.0785  0.0800  0.0786
  0.0872  0.0832  0.0804  0.0811  0.0843  0.0812
    1.9869   36.4301   23.6924   -0.7868   -5.7490   -4.3288
eta,q 0.92425 14.39852

---------------------------------------------------------------------
imgreg_4dfp /opt/freesurfer/average/711-2C_as_mni_average_305 /opt/freesurfer/average/711-2B_as_mni_average_305_mask talsrcimg_g11 none talsrcimg_to_711-2C_as_mni_average_305_t4 3335
---------------------------------------------------------------------

freesurfer imgreg_4dfp.c
/opt/freesurfer/average/711-2C_as_mni_average_305.4dfp.img
       256       256       256         1
  1.000000  1.000000  1.000000
orientation T byte_order littleendian
Reading image: /opt/freesurfer/average/711-2C_as_mni_average_305.4dfp.img
dimensions:      256       256       256
mmppix:       1.0000   -1.0000   -1.0000
center:     128.0000 -129.0000 -129.0000
/opt/freesurfer/average/711-2B_as_mni_average_305_mask.4dfp.img
       256       256       256         1
  1.000000  1.000000  1.000000
orientation T byte_order littleendian
Reading mask: /opt/freesurfer/average/711-2B_as_mni_average_305_mask.4dfp.img (2306576 pixels)
talsrcimg_g11.4dfp.img
       256       256       256         1
  1.000000  1.000000  1.000000
orientation T byte_order littleendian
Reading image: talsrcimg_g11.4dfp.img
dimensions:      256       256       256
mmppix:       1.0000   -1.0000   -1.0000
center:     128.0000 -129.0000 -129.0000
fimgreg.f
image alignment mode   3335 decimal      D07 hex
parameters
    1.9869   36.4301   23.6924   -0.7868   -0.2843   -0.5123
    7.4102   10.0912   -7.5101    0.6133  -10.0170   -1.3663
eta,q 0.93021 14.51857
niter,ni,del,rscale     5    3    5.0000    1.2000
parameter  4  3.518772 ->  0.500000 qaram    1.1500
parameter  5  3.217300 ->  0.500000 qaram    1.1500
parameter  6  1.166448 ->  0.500000 qaram    1.1500
parameter  7  0.658065 ->  0.500000 qaram    1.1500
parameter 10 -0.559400 -> -0.500000 qaram    1.1500
parameter 12 -0.711380 -> -0.500000 qaram    1.1500
parameters
    2.9710   36.6254   23.1234   -4.9268   -4.4243   -4.6523
    3.2702   11.2475   -6.7665    4.7533   -8.3475    2.7737
eta,q 0.94761 14.19490
  0.0733  0.0707  0.0701  0.0595  0.0554  0.0524  0.0542  0.0589  0.0553  0.0569  0.0551  0.0556
  0.0718  0.0702  0.0696  0.0618  0.0576  0.0541  0.0540  0.0563  0.0546  0.0559  0.0540  0.0546
  0.0706  0.0697  0.0693  0.0652  0.0600  0.0560  0.0542  0.0548  0.0541  0.0548  0.0533  0.0537
  0.0698  0.0694  0.0693  0.0693  0.0627  0.0582  0.0546  0.0540  0.0539  0.0538  0.0530  0.0530
  0.0694  0.0694  0.0697  0.0740  0.0657  0.0629  0.0554  0.0538  0.0539  0.0531  0.0530  0.0525
  0.0695  0.0697  0.0705  0.0785  0.0689  0.0692  0.0566  0.0546  0.0542  0.0531  0.0532  0.0524
  0.0702  0.0705  0.0717  0.0827  0.0726  0.0743  0.0580  0.0566  0.0548  0.0538  0.0537  0.0525
niter,ni,del,rscale     7    3    5.0000    1.2000
parameter  3  1.409195 ->  0.500000 qaram    1.1500
parameter  4  0.998095 ->  0.500000 qaram    1.3225
parameter  5  2.852932 ->  0.500000 qaram    1.3225
parameter  6  0.735068 ->  0.500000 qaram    1.3225
parameter 10  0.807458 ->  0.500000 qaram    1.3225
parameter 12  2.046009 ->  0.500000 qaram    1.3225
parameters
    3.2021   36.4519   21.7434   -9.6878   -9.1853   -9.4133
    4.8390   11.7674   -5.3394   -0.0077   -6.0234   -1.9873
eta,q 0.96244 13.65759
  0.0555  0.0537  0.0496  0.0455  0.0397  0.0396  0.0425  0.0428  0.0417  0.0388  0.0406  0.0370
  0.0539  0.0531  0.0499  0.0463  0.0417  0.0400  0.0415  0.0414  0.0410  0.0391  0.0400  0.0374
  0.0528  0.0526  0.0509  0.0475  0.0442  0.0410  0.0407  0.0406  0.0405  0.0395  0.0395  0.0381
  0.0524  0.0524  0.0524  0.0502  0.0466  0.0424  0.0402  0.0402  0.0401  0.0401  0.0392  0.0391
  0.0526  0.0526  0.0542  0.0541  0.0497  0.0458  0.0402  0.0402  0.0401  0.0412  0.0391  0.0402
  0.0533  0.0533  0.0563  0.0592  0.0528  0.0515  0.0405  0.0408  0.0404  0.0429  0.0392  0.0414
  0.0544  0.0542  0.0584  0.0646  0.0567  0.0575  0.0413  0.0423  0.0409  0.0452  0.0395  0.0426
niter,ni,del,rscale     7    3    5.0000    1.2000
parameter  2  2.889038 ->  0.500000 qaram    1.1500
parameter  3  1.016121 ->  0.500000 qaram    1.3225
parameter  4  0.505755 ->  0.500000 qaram    1.5209
parameter  5  1.127802 ->  0.500000 qaram    1.5209
parameter 11  0.564162 ->  0.500000 qaram    1.1500
parameters
    3.6600   35.0719   20.1564  -15.1629  -14.6605   -9.4787
    4.7668   11.7030   -6.7491    0.7647  -10.1634   -4.6231
eta,q 0.97344 13.49259
  0.0411  0.0331  0.0319  0.0322  0.0272  0.0313  0.0304  0.0300  0.0283  0.0318  0.0269  0.0277
  0.0395  0.0342  0.0323  0.0315  0.0270  0.0296  0.0288  0.0286  0.0275  0.0293  0.0267  0.0269
  0.0382  0.0357  0.0331  0.0315  0.0282  0.0282  0.0276  0.0275  0.0271  0.0277  0.0268  0.0266
  0.0376  0.0374  0.0346  0.0324  0.0314  0.0271  0.0271  0.0271  0.0271  0.0271  0.0270  0.0267
  0.0375  0.0393  0.0367  0.0345  0.0346  0.0267  0.0275  0.0275  0.0276  0.0271  0.0275  0.0273
  0.0380  0.0413  0.0393  0.0380  0.0381  0.0276  0.0288  0.0286  0.0285  0.0282  0.0282  0.0285
  0.0392  0.0435  0.0426  0.0427  0.0421  0.0333  0.0306  0.0302  0.0297  0.0306  0.0290  0.0304
niter,ni,del,rscale     7    3    5.0000    1.2000
parameters
    4.0531   35.1380   19.6458  -14.2631  -18.3580   -8.8850
    4.6501   12.0376   -5.6052    2.1093  -12.0493   -4.3141
eta,q 0.97401 13.38098
  0.0303  0.0300  0.0280  0.0314  0.0286  0.0306  0.0288  0.0292  0.0282  0.0299  0.0268  0.0275
  0.0285  0.0282  0.0271  0.0292  0.0273  0.0288  0.0274  0.0276  0.0272  0.0280  0.0262  0.0267
  0.0272  0.0270  0.0266  0.0276  0.0264  0.0274  0.0266  0.0266  0.0266  0.0268  0.0260  0.0263
  0.0266  0.0265  0.0265  0.0265  0.0263  0.0264  0.0263  0.0263  0.0263  0.0262  0.0261  0.0260
  0.0266  0.0268  0.0269  0.0260  0.0288  0.0257  0.0266  0.0265  0.0262  0.0261  0.0264  0.0261
  0.0272  0.0279  0.0279  0.0273  0.0330  0.0259  0.0275  0.0274  0.0266  0.0268  0.0270  0.0265
  0.0285  0.0298  0.0298  0.0308  0.0369  0.0313  0.0290  0.0287  0.0273  0.0284  0.0278  0.0274
niter,ni,del,rscale     6    3    5.0000    1.2000
parameters
    4.1638   36.1307   19.3582  -14.3541  -19.9545   -9.7638
    4.2621   12.2186   -4.8227    4.1425  -12.2757   -4.5619
eta,q 0.97410 13.25941
  0.0289  0.0305  0.0275  0.0300  0.0294  0.0293  0.0284  0.0289  0.0282  0.0303  0.0271  0.0271
  0.0274  0.0285  0.0265  0.0280  0.0276  0.0277  0.0271  0.0274  0.0272  0.0284  0.0263  0.0265
  0.0264  0.0270  0.0259  0.0266  0.0264  0.0267  0.0264  0.0264  0.0265  0.0270  0.0259  0.0261
  0.0260  0.0260  0.0256  0.0256  0.0256  0.0259  0.0261  0.0261  0.0261  0.0261  0.0259  0.0259
  0.0262  0.0256  0.0258  0.0254  0.0261  0.0254  0.0264  0.0263  0.0261  0.0259  0.0261  0.0260
  0.0270  0.0258  0.0268  0.0274  0.0294  0.0268  0.0274  0.0272  0.0266  0.0265  0.0265  0.0265
  0.0285  0.0268  0.0288  0.0310  0.0338  0.0339  0.0290  0.0286  0.0275  0.0279  0.0272  0.0274
niter,ni,del,rscale     5    3    5.0000    1.2000
parameters
    4.2344   36.6543   19.1710  -14.4040  -20.6880  -10.2436
    3.9344   12.2875   -4.8080    4.9473  -12.2342   -4.6889
eta,q 0.97400 13.20075
  0.0287  0.0297  0.0276  0.0300  0.0300  0.0293  0.0284  0.0288  0.0279  0.0297  0.0273  0.0273
  0.0272  0.0279  0.0267  0.0281  0.0281  0.0277  0.0271  0.0273  0.0269  0.0279  0.0265  0.0267
  0.0263  0.0266  0.0260  0.0267  0.0267  0.0267  0.0263  0.0264  0.0263  0.0266  0.0261  0.0262
  0.0259  0.0259  0.0258  0.0258  0.0258  0.0259  0.0260  0.0260  0.0260  0.0260  0.0260  0.0260
  0.0261  0.0258  0.0259  0.0257  0.0258  0.0253  0.0264  0.0263  0.0262  0.0262  0.0262  0.0261
  0.0270  0.0264  0.0267  0.0275  0.0281  0.0264  0.0273  0.0272  0.0269  0.0269  0.0265  0.0265
  0.0285  0.0277  0.0284  0.0309  0.0327  0.0323  0.0289  0.0286  0.0279  0.0288  0.0272  0.0275
niter,ni,del,rscale     4    3    5.0000    1.2000
parameters
    4.2683   36.8872   19.0743  -14.3697  -20.9501  -10.4608
    3.8243   12.3046   -4.8462    5.3052  -12.2140   -4.7883
eta,q 0.97392 13.18128
  0.0287  0.0292  0.0278  0.0301  0.0304  0.0295  0.0286  0.0288  0.0279  0.0295  0.0273  0.0274
  0.0273  0.0276  0.0269  0.0282  0.0284  0.0279  0.0273  0.0273  0.0269  0.0278  0.0266  0.0267
  0.0263  0.0265  0.0262  0.0269  0.0269  0.0268  0.0264  0.0264  0.0263  0.0266  0.0262  0.0263
  0.0260  0.0260  0.0260  0.0260  0.0260  0.0260  0.0261  0.0261  0.0261  0.0261  0.0261  0.0261
  0.0263  0.0262  0.0261  0.0258  0.0259  0.0255  0.0264  0.0264  0.0263  0.0263  0.0262  0.0262
  0.0271  0.0269  0.0268  0.0275  0.0277  0.0263  0.0273  0.0273  0.0269  0.0272  0.0266  0.0266
  0.0286  0.0283  0.0283  0.0308  0.0320  0.0317  0.0288  0.0288  0.0280  0.0293  0.0272  0.0276
niter,ni,del,rscale     3    3    5.0000    1.2000
parameters
    4.2767   36.9867   19.0140  -14.3468  -21.0459  -10.5550
    3.7929   12.3039   -4.8679    5.4735  -12.2085   -4.8365
eta,q 0.97389 13.17412
  0.0287  0.0290  0.0279  0.0302  0.0305  0.0295  0.0287  0.0288  0.0280  0.0294  0.0274  0.0274
  0.0273  0.0274  0.0270  0.0283  0.0285  0.0279  0.0274  0.0274  0.0270  0.0277  0.0266  0.0268
  0.0264  0.0265  0.0263  0.0270  0.0270  0.0268  0.0265  0.0264  0.0263  0.0266  0.0262  0.0263
  0.0261  0.0261  0.0261  0.0261  0.0261  0.0261  0.0261  0.0261  0.0261  0.0261  0.0261  0.0261
  0.0263  0.0263  0.0262  0.0259  0.0259  0.0255  0.0264  0.0264  0.0263  0.0263  0.0263  0.0262
  0.0272  0.0272  0.0269  0.0276  0.0276  0.0262  0.0273  0.0274  0.0270  0.0273  0.0267  0.0266
  0.0287  0.0286  0.0283  0.0309  0.0318  0.0314  0.0288  0.0288  0.0280  0.0294  0.0273  0.0276
niter,ni,del,rscale     2    3    5.0000    1.2000
parameters
    4.2771   37.0318   18.9824  -14.3393  -21.0871  -10.6010
    3.7827   12.2994   -4.8698    5.5535  -12.2220   -4.8670
eta,q 0.97387 13.17084
  0.0287  0.0289  0.0279  0.0302  0.0306  0.0296  0.0287  0.0288  0.0280  0.0294  0.0274  0.0274
  0.0273  0.0274  0.0270  0.0283  0.0286  0.0280  0.0274  0.0274  0.0270  0.0277  0.0266  0.0268
  0.0264  0.0264  0.0264  0.0270  0.0271  0.0269  0.0265  0.0265  0.0264  0.0266  0.0262  0.0264
  0.0261  0.0261  0.0261  0.0261  0.0261  0.0261  0.0261  0.0261  0.0261  0.0261  0.0261  0.0261
  0.0264  0.0264  0.0262  0.0260  0.0259  0.0255  0.0264  0.0264  0.0263  0.0264  0.0263  0.0262
  0.0273  0.0273  0.0269  0.0277  0.0276  0.0262  0.0273  0.0274  0.0270  0.0273  0.0267  0.0267
  0.0288  0.0287  0.0282  0.0309  0.0318  0.0313  0.0288  0.0288  0.0280  0.0295  0.0273  0.0276
niter,ni,del,rscale     1    3    5.0000    1.2000
parameters
    4.2751   37.0537   18.9675  -14.3401  -21.1042  -10.6234
    3.7791   12.2988   -4.8621    5.5931  -12.2292   -4.8748
eta,q 0.97386 13.16917
  0.0288  0.0289  0.0280  0.0302  0.0306  0.0296  0.0287  0.0288  0.0280  0.0294  0.0274  0.0275
  0.0273  0.0274  0.0270  0.0283  0.0286  0.0280  0.0274  0.0274  0.0270  0.0277  0.0266  0.0268
  0.0264  0.0264  0.0264  0.0270  0.0271  0.0269  0.0265  0.0265  0.0264  0.0266  0.0262  0.0264
  0.0261  0.0261  0.0261  0.0261  0.0261  0.0261  0.0261  0.0261  0.0261  0.0261  0.0261  0.0261
  0.0264  0.0264  0.0262  0.0260  0.0259  0.0255  0.0264  0.0264  0.0263  0.0264  0.0263  0.0262
  0.0273  0.0273  0.0269  0.0277  0.0275  0.0262  0.0273  0.0274  0.0270  0.0274  0.0267  0.0267
  0.0288  0.0288  0.0282  0.0309  0.0317  0.0312  0.0288  0.0288  0.0280  0.0296  0.0273  0.0276
registration optimization eta report
parameter search radius
    2.4000    2.7600    3.1740   10.9503   10.9503    9.5220
    8.2800    7.2000    7.2000    9.5220    8.2800    9.5220
100000*second partial in parameter space
       46.       35.       20.        4.        4.        5.
        4.        5.        4.        4.        2.        2.
  0.0288  0.0289  0.0280  0.0302  0.0306  0.0296  0.0287  0.0288  0.0280  0.0294  0.0274  0.0275
  0.0273  0.0274  0.0270  0.0283  0.0286  0.0280  0.0274  0.0274  0.0270  0.0277  0.0266  0.0268
  0.0264  0.0264  0.0264  0.0270  0.0271  0.0269  0.0265  0.0265  0.0264  0.0266  0.0262  0.0264
  0.0261  0.0261  0.0261  0.0261  0.0261  0.0261  0.0261  0.0261  0.0261  0.0261  0.0261  0.0261
  0.0264  0.0264  0.0262  0.0260  0.0259  0.0255  0.0264  0.0264  0.0263  0.0264  0.0263  0.0262
  0.0273  0.0273  0.0269  0.0277  0.0275  0.0262  0.0273  0.0274  0.0270  0.0274  0.0267  0.0267
  0.0288  0.0288  0.0282  0.0309  0.0317  0.0312  0.0288  0.0288  0.0280  0.0296  0.0273  0.0276
    4.2751   37.0537   18.9675  -14.3401  -21.1042  -10.6234
    3.7791   12.2988   -4.8621    5.5931  -12.2292   -4.8748
eta,q 0.97386 13.16917

---------------------------------------------------------------------
imgreg_4dfp /opt/freesurfer/average/711-2C_as_mni_average_305 /opt/freesurfer/average/711-2B_as_mni_average_305_mask talsrcimg_g11 none talsrcimg_to_711-2C_as_mni_average_305_t4 2311
---------------------------------------------------------------------

freesurfer imgreg_4dfp.c
/opt/freesurfer/average/711-2C_as_mni_average_305.4dfp.img
       256       256       256         1
  1.000000  1.000000  1.000000
orientation T byte_order littleendian
Reading image: /opt/freesurfer/average/711-2C_as_mni_average_305.4dfp.img
dimensions:      256       256       256
mmppix:       1.0000   -1.0000   -1.0000
center:     128.0000 -129.0000 -129.0000
/opt/freesurfer/average/711-2B_as_mni_average_305_mask.4dfp.img
       256       256       256         1
  1.000000  1.000000  1.000000
orientation T byte_order littleendian
Reading mask: /opt/freesurfer/average/711-2B_as_mni_average_305_mask.4dfp.img (2306576 pixels)
talsrcimg_g11.4dfp.img
       256       256       256         1
  1.000000  1.000000  1.000000
orientation T byte_order littleendian
Reading image: talsrcimg_g11.4dfp.img
dimensions:      256       256       256
mmppix:       1.0000   -1.0000   -1.0000
center:     128.0000 -129.0000 -129.0000
fimgreg.f
image alignment mode   2311 decimal      907 hex
parameters
    4.2751   37.0537   18.9675  -14.3401  -21.1042  -10.6234
    3.7791   12.2988   -4.8621    5.5931  -12.2292   -4.8748
eta,q 0.97386 13.16917
niter,ni,del,rscale     5    3    5.0000    0.8000
parameter  6 -0.562795 -> -0.500000 qaram    1.1500
parameters
    4.2915   37.0633   19.1667  -12.4634  -19.4294   -7.8634
    3.7457   12.6738   -4.7028    4.2435  -12.2587   -6.9744
eta,q 0.97476 13.38861
  0.0273  0.0271  0.0267  0.0274  0.0273  0.0271  0.0266  0.0275  0.0265  0.0259  0.0260  0.0253
  0.0267  0.0266  0.0264  0.0269  0.0267  0.0266  0.0260  0.0263  0.0259  0.0255  0.0256  0.0253
  0.0263  0.0262  0.0262  0.0264  0.0263  0.0261  0.0255  0.0256  0.0255  0.0253  0.0253  0.0252
  0.0261  0.0261  0.0261  0.0261  0.0259  0.0258  0.0254  0.0254  0.0254  0.0254  0.0253  0.0253
  0.0263  0.0262  0.0261  0.0260  0.0258  0.0255  0.0255  0.0255  0.0255  0.0257  0.0254  0.0255
  0.0266  0.0265  0.0263  0.0260  0.0258  0.0254  0.0259  0.0260  0.0258  0.0264  0.0256  0.0258
  0.0273  0.0270  0.0265  0.0263  0.0263  0.0257  0.0267  0.0269  0.0264  0.0274  0.0260  0.0263
niter,ni,del,rscale     5    3    5.0000    0.8000
parameters
    4.2188   36.4840   18.8779  -12.5339  -18.2654   -7.7147
    3.4385   12.6683   -4.8595    4.2890  -12.4828   -7.0514
eta,q 0.97509 13.47202
  0.0266  0.0255  0.0255  0.0262  0.0264  0.0265  0.0259  0.0266  0.0259  0.0259  0.0255  0.0253
  0.0258  0.0252  0.0253  0.0257  0.0259  0.0260  0.0254  0.0256  0.0253  0.0254  0.0251  0.0251
  0.0254  0.0251  0.0251  0.0253  0.0254  0.0255  0.0250  0.0250  0.0250  0.0250  0.0249  0.0250
  0.0252  0.0252  0.0251  0.0251  0.0251  0.0250  0.0249  0.0249  0.0249  0.0249  0.0249  0.0249
  0.0254  0.0256  0.0252  0.0251  0.0249  0.0246  0.0251  0.0252  0.0250  0.0250  0.0250  0.0249
  0.0260  0.0262  0.0255  0.0255  0.0250  0.0249  0.0256  0.0257  0.0254  0.0253  0.0252  0.0251
  0.0269  0.0271  0.0261  0.0265  0.0257  0.0272  0.0263  0.0265  0.0260  0.0259  0.0255  0.0253
niter,ni,del,rscale     4    3    5.0000    0.7000
parameters
    4.2441   36.4055   18.7588  -12.4064  -18.1488   -7.2334
    3.4240   12.8017   -4.7897    4.2092  -12.5702   -7.2638
eta,q 0.97524 13.49969
  0.0260  0.0256  0.0253  0.0259  0.0258  0.0262  0.0257  0.0263  0.0256  0.0256  0.0253  0.0250
  0.0254  0.0252  0.0251  0.0254  0.0254  0.0258  0.0252  0.0254  0.0251  0.0251  0.0249  0.0249
  0.0251  0.0250  0.0250  0.0251  0.0251  0.0254  0.0249  0.0249  0.0249  0.0249  0.0248  0.0248
  0.0249  0.0249  0.0249  0.0249  0.0249  0.0249  0.0248  0.0248  0.0248  0.0248  0.0248  0.0248
  0.0250  0.0250  0.0250  0.0249  0.0249  0.0245  0.0249  0.0249  0.0248  0.0248  0.0249  0.0248
  0.0254  0.0253  0.0252  0.0252  0.0251  0.0247  0.0252  0.0253  0.0251  0.0251  0.0250  0.0249
  0.0260  0.0258  0.0255  0.0259  0.0259  0.0264  0.0257  0.0260  0.0255  0.0257  0.0253  0.0251
niter,ni,del,rscale     3    3    5.0000    0.6000
parameters
    4.2047   36.3565   18.6296  -12.1686  -17.8761   -6.7817
    3.3209   12.9449   -4.7452    4.1121  -12.4970   -7.7167
eta,q 0.97541 13.53754
  0.0255  0.0253  0.0251  0.0255  0.0255  0.0259  0.0253  0.0258  0.0252  0.0252  0.0250  0.0248
  0.0251  0.0250  0.0249  0.0252  0.0252  0.0256  0.0249  0.0251  0.0249  0.0249  0.0248  0.0247
  0.0248  0.0248  0.0248  0.0249  0.0249  0.0252  0.0247  0.0247  0.0247  0.0247  0.0246  0.0246
  0.0248  0.0248  0.0248  0.0248  0.0247  0.0247  0.0246  0.0246  0.0246  0.0246  0.0246  0.0246
  0.0249  0.0248  0.0248  0.0247  0.0247  0.0244  0.0247  0.0247  0.0247  0.0247  0.0247  0.0246
  0.0252  0.0251  0.0250  0.0250  0.0249  0.0246  0.0249  0.0250  0.0249  0.0249  0.0248  0.0247
  0.0257  0.0254  0.0253  0.0254  0.0254  0.0260  0.0254  0.0256  0.0252  0.0253  0.0250  0.0249
niter,ni,del,rscale     2    3    5.0000    0.5000
parameters
    4.1428   36.2967   18.4693  -11.8565  -17.5926   -6.2857
    3.1974   13.1084   -4.7736    3.9939  -12.3040   -8.1529
eta,q 0.97560 13.57916
  0.0251  0.0250  0.0248  0.0252  0.0252  0.0257  0.0249  0.0253  0.0248  0.0249  0.0248  0.0245
  0.0248  0.0248  0.0247  0.0249  0.0249  0.0253  0.0246  0.0248  0.0246  0.0246  0.0246  0.0244
  0.0246  0.0246  0.0246  0.0247  0.0247  0.0249  0.0245  0.0245  0.0245  0.0245  0.0244  0.0244
  0.0246  0.0246  0.0246  0.0246  0.0246  0.0245  0.0244  0.0244  0.0244  0.0244  0.0244  0.0244
  0.0247  0.0247  0.0247  0.0246  0.0245  0.0243  0.0245  0.0245  0.0245  0.0245  0.0244  0.0244
  0.0249  0.0248  0.0248  0.0247  0.0247  0.0245  0.0247  0.0247  0.0246  0.0247  0.0245  0.0245
  0.0253  0.0251  0.0250  0.0250  0.0251  0.0255  0.0250  0.0251  0.0248  0.0250  0.0247  0.0246
niter,ni,del,rscale     1    3    5.0000    0.4000
parameters
    4.0639   36.2361   18.3127  -11.5201  -17.3823   -5.9033
    3.1213   13.2213   -4.8369    3.8815  -12.0179   -8.4005
eta,q 0.97576 13.61226
  0.0247  0.0246  0.0245  0.0248  0.0248  0.0254  0.0246  0.0249  0.0245  0.0246  0.0245  0.0244
  0.0245  0.0245  0.0244  0.0246  0.0246  0.0250  0.0244  0.0245  0.0244  0.0244  0.0244  0.0243
  0.0244  0.0244  0.0244  0.0245  0.0245  0.0247  0.0243  0.0243  0.0243  0.0243  0.0243  0.0243
  0.0244  0.0244  0.0244  0.0244  0.0244  0.0244  0.0243  0.0243  0.0243  0.0242  0.0242  0.0242
  0.0245  0.0244  0.0245  0.0244  0.0243  0.0242  0.0243  0.0243  0.0243  0.0243  0.0243  0.0243
  0.0246  0.0246  0.0246  0.0245  0.0244  0.0244  0.0244  0.0245  0.0244  0.0245  0.0243  0.0243
  0.0249  0.0247  0.0247  0.0247  0.0247  0.0252  0.0246  0.0248  0.0246  0.0247  0.0244  0.0244
registration optimization eta report
parameter search radius
    0.8000    0.8000    0.8000    2.4000    2.4000    2.7600
    2.4000    2.4000    2.4000    2.4000    2.4000    2.4000
100000*second partial in parameter space
       60.       47.       34.        6.        7.       12.
        6.       10.        5.        7.        4.        3.
  0.0247  0.0246  0.0245  0.0248  0.0248  0.0254  0.0246  0.0249  0.0245  0.0246  0.0245  0.0244
  0.0245  0.0245  0.0244  0.0246  0.0246  0.0250  0.0244  0.0245  0.0244  0.0244  0.0244  0.0243
  0.0244  0.0244  0.0244  0.0245  0.0245  0.0247  0.0243  0.0243  0.0243  0.0243  0.0243  0.0243
  0.0244  0.0244  0.0244  0.0244  0.0244  0.0244  0.0243  0.0243  0.0243  0.0242  0.0242  0.0242
  0.0245  0.0244  0.0245  0.0244  0.0243  0.0242  0.0243  0.0243  0.0243  0.0243  0.0243  0.0243
  0.0246  0.0246  0.0246  0.0245  0.0244  0.0244  0.0244  0.0245  0.0244  0.0245  0.0243  0.0243
  0.0249  0.0247  0.0247  0.0247  0.0247  0.0252  0.0246  0.0248  0.0246  0.0247  0.0244  0.0244
    4.0639   36.2361   18.3127  -11.5201  -17.3823   -5.9033
    3.1213   13.2213   -4.8369    3.8815  -12.0179   -8.4005
eta,q 0.97576 13.61226

---------------------------------------------------------------------
imgreg_4dfp /opt/freesurfer/average/711-2C_as_mni_average_305 /opt/freesurfer/average/711-2B_as_mni_average_305_mask talsrcimg_g11 none talsrcimg_to_711-2C_as_mni_average_305_t4 2311
---------------------------------------------------------------------

freesurfer imgreg_4dfp.c
/opt/freesurfer/average/711-2C_as_mni_average_305.4dfp.img
       256       256       256         1
  1.000000  1.000000  1.000000
orientation T byte_order littleendian
Reading image: /opt/freesurfer/average/711-2C_as_mni_average_305.4dfp.img
dimensions:      256       256       256
mmppix:       1.0000   -1.0000   -1.0000
center:     128.0000 -129.0000 -129.0000
/opt/freesurfer/average/711-2B_as_mni_average_305_mask.4dfp.img
       256       256       256         1
  1.000000  1.000000  1.000000
orientation T byte_order littleendian
Reading mask: /opt/freesurfer/average/711-2B_as_mni_average_305_mask.4dfp.img (2306576 pixels)
talsrcimg_g11.4dfp.img
       256       256       256         1
  1.000000  1.000000  1.000000
orientation T byte_order littleendian
Reading image: talsrcimg_g11.4dfp.img
dimensions:      256       256       256
mmppix:       1.0000   -1.0000   -1.0000
center:     128.0000 -129.0000 -129.0000
fimgreg.f
image alignment mode   2311 decimal      907 hex
parameters
    4.0639   36.2361   18.3127  -11.5201  -17.3823   -5.9033
    3.1213   13.2213   -4.8369    3.8815  -12.0179   -8.4005
eta,q 0.97576 13.61226
niter,ni,del,rscale     5    3    5.0000    0.8000
parameters
    3.9585   36.1360   18.2580  -11.9593  -18.0360   -6.6307
    3.4363   12.9784   -4.8906    4.3118  -11.8941   -7.7659
eta,q 0.97541 13.55413
  0.0256  0.0253  0.0252  0.0254  0.0254  0.0261  0.0258  0.0264  0.0255  0.0261  0.0253  0.0251
  0.0248  0.0247  0.0246  0.0249  0.0249  0.0256  0.0252  0.0252  0.0250  0.0253  0.0249  0.0248
  0.0244  0.0244  0.0243  0.0245  0.0246  0.0250  0.0248  0.0247  0.0247  0.0248  0.0246  0.0247
  0.0242  0.0242  0.0242  0.0242  0.0243  0.0244  0.0246  0.0246  0.0246  0.0246  0.0246  0.0246
  0.0245  0.0244  0.0244  0.0244  0.0244  0.0244  0.0247  0.0249  0.0247  0.0247  0.0247  0.0246
  0.0251  0.0249  0.0248  0.0250  0.0252  0.0259  0.0250  0.0255  0.0250  0.0250  0.0249  0.0247
  0.0261  0.0257  0.0254  0.0263  0.0269  0.0292  0.0256  0.0267  0.0256  0.0256  0.0252  0.0249
niter,ni,del,rscale     4    3    5.0000    0.7000
parameters
    4.0176   36.4094   18.3169  -11.9042  -18.1018   -6.6796
    3.4014   12.9487   -4.9499    4.4117  -11.8399   -7.9845
eta,q 0.97543 13.54326
  0.0258  0.0257  0.0252  0.0255  0.0255  0.0259  0.0254  0.0260  0.0253  0.0255  0.0251  0.0248
  0.0251  0.0252  0.0249  0.0251  0.0251  0.0255  0.0250  0.0251  0.0249  0.0250  0.0248  0.0247
  0.0248  0.0248  0.0246  0.0248  0.0248  0.0250  0.0247  0.0247  0.0247  0.0247  0.0246  0.0246
  0.0246  0.0246  0.0246  0.0246  0.0245  0.0246  0.0246  0.0246  0.0246  0.0246  0.0246  0.0246
  0.0247  0.0246  0.0246  0.0246  0.0245  0.0243  0.0247  0.0247  0.0247  0.0246  0.0246  0.0246
  0.0250  0.0247  0.0248  0.0249  0.0249  0.0249  0.0250  0.0252  0.0249  0.0249  0.0248  0.0247
  0.0256  0.0251  0.0251  0.0256  0.0259  0.0268  0.0255  0.0260  0.0254  0.0255  0.0251  0.0249
niter,ni,del,rscale     3    3    5.0000    0.6000
parameters
    4.0318   36.4257   18.3134  -11.7251  -17.9003   -6.3414
    3.3079   13.0112   -4.9718    4.2576  -11.8074   -8.3341
eta,q 0.97557 13.56731
  0.0254  0.0252  0.0250  0.0253  0.0253  0.0258  0.0251  0.0257  0.0250  0.0251  0.0249  0.0246
  0.0250  0.0249  0.0248  0.0250  0.0250  0.0254  0.0247  0.0249  0.0247  0.0247  0.0246  0.0245
  0.0247  0.0246  0.0246  0.0247  0.0247  0.0250  0.0245  0.0245  0.0245  0.0245  0.0245  0.0244
  0.0246  0.0246  0.0246  0.0246  0.0246  0.0245  0.0244  0.0244  0.0244  0.0244  0.0244  0.0244
  0.0246  0.0246  0.0246  0.0246  0.0245  0.0243  0.0245  0.0245  0.0245  0.0245  0.0245  0.0245
  0.0249  0.0248  0.0248  0.0248  0.0247  0.0246  0.0248  0.0249  0.0247  0.0248  0.0246  0.0246
  0.0254  0.0252  0.0250  0.0253  0.0253  0.0258  0.0252  0.0256  0.0250  0.0253  0.0248  0.0247
niter,ni,del,rscale     2    3    5.0000    0.5000
parameters
    4.0027   36.3609   18.2503  -11.4976  -17.6613   -6.0017
    3.2240   13.0951   -4.9887    4.0989  -11.7004   -8.5618
eta,q 0.97572 13.59607
  0.0250  0.0248  0.0247  0.0250  0.0250  0.0255  0.0248  0.0252  0.0247  0.0248  0.0247  0.0245
  0.0247  0.0246  0.0245  0.0248  0.0248  0.0251  0.0245  0.0247  0.0245  0.0245  0.0245  0.0244
  0.0245  0.0245  0.0245  0.0245  0.0246  0.0247  0.0243  0.0244  0.0243  0.0243  0.0243  0.0243
  0.0244  0.0244  0.0244  0.0244  0.0244  0.0244  0.0243  0.0243  0.0243  0.0243  0.0243  0.0243
  0.0245  0.0245  0.0245  0.0244  0.0244  0.0242  0.0244  0.0244  0.0243  0.0244  0.0243  0.0243
  0.0247  0.0247  0.0246  0.0246  0.0245  0.0244  0.0245  0.0246  0.0245  0.0246  0.0244  0.0244
  0.0251  0.0249  0.0248  0.0249  0.0250  0.0254  0.0248  0.0251  0.0247  0.0250  0.0246  0.0245
niter,ni,del,rscale     1    3    5.0000    0.4000
parameters
    3.9545   36.2890   18.1986  -11.2972  -17.4641   -5.7171
    3.1935   13.1399   -5.0268    3.9228  -11.5403   -8.7074
eta,q 0.97581 13.61880
  0.0246  0.0245  0.0245  0.0247  0.0247  0.0252  0.0245  0.0249  0.0245  0.0246  0.0245  0.0243
  0.0244  0.0244  0.0244  0.0245  0.0245  0.0248  0.0243  0.0245  0.0243  0.0243  0.0243  0.0242
  0.0243  0.0243  0.0243  0.0244  0.0244  0.0245  0.0242  0.0243  0.0242  0.0242  0.0242  0.0242
  0.0243  0.0243  0.0243  0.0243  0.0243  0.0243  0.0242  0.0242  0.0242  0.0242  0.0242  0.0242
  0.0243  0.0243  0.0243  0.0243  0.0243  0.0242  0.0242  0.0243  0.0242  0.0243  0.0242  0.0242
  0.0245  0.0245  0.0244  0.0244  0.0244  0.0244  0.0243  0.0245  0.0243  0.0244  0.0243  0.0243
  0.0247  0.0246  0.0246  0.0246  0.0247  0.0250  0.0245  0.0248  0.0245  0.0247  0.0244  0.0244
registration optimization eta report
parameter search radius
    0.8000    0.8000    0.8000    2.4000    2.4000    2.4000
    2.4000    2.4000    2.4000    2.4000    2.4000    2.4000
100000*second partial in parameter space
       61.       48.       38.        7.        7.       14.
        6.       11.        5.        7.        4.        3.
  0.0246  0.0245  0.0245  0.0247  0.0247  0.0252  0.0245  0.0249  0.0245  0.0246  0.0245  0.0243
  0.0244  0.0244  0.0244  0.0245  0.0245  0.0248  0.0243  0.0245  0.0243  0.0243  0.0243  0.0242
  0.0243  0.0243  0.0243  0.0244  0.0244  0.0245  0.0242  0.0243  0.0242  0.0242  0.0242  0.0242
  0.0243  0.0243  0.0243  0.0243  0.0243  0.0243  0.0242  0.0242  0.0242  0.0242  0.0242  0.0242
  0.0243  0.0243  0.0243  0.0243  0.0243  0.0242  0.0242  0.0243  0.0242  0.0243  0.0242  0.0242
  0.0245  0.0245  0.0244  0.0244  0.0244  0.0244  0.0243  0.0245  0.0243  0.0244  0.0243  0.0243
  0.0247  0.0246  0.0246  0.0246  0.0247  0.0250  0.0245  0.0248  0.0245  0.0247  0.0244  0.0244
    3.9545   36.2890   18.1986  -11.2972  -17.4641   -5.7171
    3.1935   13.1399   -5.0268    3.9228  -11.5403   -8.7074
eta,q 0.97581 13.61880

---------------------------------------------------------------------
compute_vox2vox talsrcimg talsrcimg_to_711-2C_as_mni_average_305_t4 /opt/freesurfer/average/711-2C_as_mni_average_305
---------------------------------------------------------------------

freesurfer compute_vox2vox.c
Reading: talsrcimg.4dfp.ifh
Reading: talsrcimg_to_711-2C_as_mni_average_305_t4
Reading: /opt/freesurfer/average/711-2C_as_mni_average_305.4dfp.ifh
Writing: talsrcimg_to_711-2C_as_mni_average_305_t4_vox2vox.txt

start time Sun Mar 8 21:27:50 CET 2026
end		time Sun Mar 8 21:29:17 CET 2026

mpr2mni305 success

avi2talxfm orig_nu.mgz /opt/freesurfer/average/mni305.cor.mgz talsrcimg_to_711-2C_as_mni_average_305_t4_vox2vox.txt transforms/talairach.auto.xfm
avi2talxfm done
mv -f /out/sourcedata/freesurfer/sub-v1s15x0050213_ses-1/mri/talsrcimg_to_711-2C_as_mni_average_305_t4_vox2vox.txt /out/sourcedata/freesurfer/sub-v1s15x0050213_ses-1/mri/transforms/talsrcimg_to_711-2C_as_mni_average_305_t4_vox2vox.txt
lta_convert --src orig_nu.mgz --trg /opt/freesurfer/average/mni305.cor.mgz --inxfm transforms/talairach.auto.xfm --outlta transforms/talairach.auto.xfm.lta --subject fsaverage
7.3.2

--src: orig_nu.mgz src image (geometry).
--trg: /opt/freesurfer/average/mni305.cor.mgz trg image (geometry).
--inmni: transforms/talairach.auto.xfm input MNI/XFM transform.
--outlta: transforms/talairach.auto.xfm.lta output LTA.
--s: fsaverage subject name
 LTA read, type : 1
 1.10433  -0.15146  -0.05871  -4.07913;
 0.14076   1.03670   0.10392  -34.20374;
 0.06057  -0.05850   1.20308  -21.66152;
 0.00000   0.00000   0.00000   1.00000;
setting subject to fsaverage
Writing  LTA to file transforms/talairach.auto.xfm.lta...
lta_convert successful.
 
 
Started at Sun Mar 8 21:27:49 CET 2026
Ended   at Sun Mar  8 21:29:17 CET 2026
talairach_avi done
