/out/sourcedata/freesurfer/sub-v1s15x0050207_ses-1/mri
/opt/freesurfer/bin/talairach_avi
--i orig_nu.mgz --xfm transforms/talairach.auto.xfm
talairach_avi 7.3.2
Linux dna009 5.14.0-427.37.1.el9_4.x86_64 #1 SMP PREEMPT_DYNAMIC Fri Sep 13 12:41:50 EDT 2024 x86_64 x86_64 x86_64 GNU/Linux
Sun Mar  8 21:10:18 CET 2026
mri_convert orig_nu.mgz talsrcimg.img 
reading from orig_nu.mgz...
TR=0.00, TE=0.00, TI=0.00, flip angle=0.00
i_ras = (-1, 0, 0)
j_ras = (0, 0, -1)
k_ras = (0, 1, 0)
writing to talsrcimg.img...
Analyze Output Matrix
-1.00000   0.00000   0.00000   129.18750;
 0.00000   0.00000   1.00000  -121.19600;
 0.00000  -1.00000   0.00000   120.71100;
 0.00000   0.00000   0.00000   1.00000;
--------------------
INFO: set hdr.hist.orient to -1
mpr2mni305 talsrcimg
Sun Mar  8 21:10:19 CET 2026
/opt/freesurfer/bin/mpr2mni305 talsrcimg
mpr2mni305 7.3.2
target=711-2C_as_mni_average_305

---------------------------------------------------------------------
analyzeto4dfp talsrcimg -O0 -y
---------------------------------------------------------------------

freesurfer ifh2hdr.c
Sun Mar  8 21:10:19 2026
Writing: talsrcimg.4dfp.hdr
freesurfer analyzeto4dfp.c
Reading: talsrcimg.hdr
header size 348 bytes
hdr.dime.datatype	offset=70	value=2
hdr.dime.bitpix		offset=72	value=8
hdr.hist.orient		offset=252	value=-1
dimensionality     4
dimensions       256       256       256         1
Reading: talsrcimg.img
Writing: talsrcimg.4dfp.img
Writing: talsrcimg.4dfp.ifh
ifh2hdr talsrcimg -r0to228
ori=2

---------------------------------------------------------------------
gauss_4dfp talsrcimg 1.1
---------------------------------------------------------------------

freesurfer gauss_4dfp.c
Reading: talsrcimg.4dfp.img
Writing: talsrcimg_g11.4dfp.img
image dimensions 256 256 256 padded to 288 288 288
processing volume 1freesurfer ifh2hdr.c
Sun Mar  8 21:10:20 2026
Writing: talsrcimg_g11.4dfp.hdr

Writing: talsrcimg_g11.4dfp.ifh
including: talsrcimg.4dfp.img.rec in talsrcimg_g11.4dfp.img.rec

---------------------------------------------------------------------
imgreg_4dfp /opt/freesurfer/average/711-2C_as_mni_average_305 none talsrcimg_g11 none talsrcimg_to_711-2C_as_mni_average_305_t4 4355
---------------------------------------------------------------------

freesurfer imgreg_4dfp.c
/opt/freesurfer/average/711-2C_as_mni_average_305.4dfp.img
       256       256       256         1
  1.000000  1.000000  1.000000
orientation T byte_order littleendian
Reading image: /opt/freesurfer/average/711-2C_as_mni_average_305.4dfp.img
dimensions:      256       256       256
mmppix:       1.0000   -1.0000   -1.0000
center:     128.0000 -129.0000 -129.0000
talsrcimg_g11.4dfp.img
       256       256       256         1
  1.000000  1.000000  1.000000
orientation T byte_order littleendian
Reading image: talsrcimg_g11.4dfp.img
dimensions:      256       256       256
mmppix:       1.0000   -1.0000   -1.0000
center:     128.0000 -129.0000 -129.0000
t4_read: open error in t4_sub.f l:  41 t4_file(1:l)talsrcimg_to_711-2C_as_mni_average_305_t4 
t4_read: transform initialized to I4
rotation matrix determinant  1.000000
image alignment mode   4355 decimal     1103 hex
   -7.5000  -45.0000  -45.0000 4992.0352   17.6393
    0.0000  -45.0000  -45.0000 5251.6079   17.6433
    7.5000  -45.0000  -45.0000 5085.0317   17.6880
   -7.5000  -37.5000  -45.0000 5486.8149   16.9452
    0.0000  -37.5000  -45.0000 5788.0806   16.9458
    7.5000  -37.5000  -45.0000 5597.3618   16.9870
   -7.5000  -30.0000  -45.0000 6242.7422   16.4102
    0.0000  -30.0000  -45.0000 6581.1577   16.4041
    7.5000  -30.0000  -45.0000 6362.8276   16.4381
   -7.5000  -22.5000  -45.0000 7062.1924   16.0121
    0.0000  -22.5000  -45.0000 7463.1401   16.0019
    7.5000  -22.5000  -45.0000 7201.3101   16.0278
   -7.5000  -15.0000  -45.0000 7897.1909   15.7579
    0.0000  -15.0000  -45.0000 8353.9971   15.7457
    7.5000  -15.0000  -45.0000 8054.3384   15.7670
   -7.5000   -7.5000  -45.0000 8763.1074   15.6615
    0.0000   -7.5000  -45.0000 9285.8965   15.6538
    7.5000   -7.5000  -45.0000 8936.4004   15.6805
   -7.5000    0.0000  -45.0000 9628.4668   15.6857
    0.0000    0.0000  -45.000010189.3721   15.6862
    7.5000    0.0000  -45.0000 9794.5107   15.7210
   -7.5000    7.5000  -45.0000 9746.3857   15.7122
    0.0000    7.5000  -45.000010309.4697   15.7156
    7.5000    7.5000  -45.0000 9921.4434   15.7538
   -7.5000   15.0000  -45.0000 9740.3135   15.7113
    0.0000   15.0000  -45.000010312.2812   15.7097
    7.5000   15.0000  -45.0000 9922.4512   15.7427
   -7.5000   22.5000  -45.0000 9695.8076   15.6782
    0.0000   22.5000  -45.000010255.7441   15.6690
    7.5000   22.5000  -45.0000 9876.6328   15.6934
   -7.5000   30.0000  -45.0000 9592.3418   15.4447
    0.0000   30.0000  -45.000010135.4814   15.4326
    7.5000   30.0000  -45.0000 9760.2734   15.4535
   -7.5000   37.5000  -45.0000 9798.9883   15.4485
    0.0000   37.5000  -45.000010335.3340   15.4409
    7.5000   37.5000  -45.0000 9948.6035   15.4671
   -7.5000   45.0000  -45.0000 9514.2451   15.0837
    0.0000   45.0000  -45.000010024.8271   15.0841
    7.5000   45.0000  -45.0000 9620.4814   15.1177
   -7.5000  -45.0000  -37.5000 5295.3311   17.2508
    0.0000  -45.0000  -37.5000 5594.7354   17.2605
    7.5000  -45.0000  -37.5000 5419.7905   17.3076
   -7.5000  -37.5000  -37.5000 5818.1006   16.5764
    0.0000  -37.5000  -37.5000 6136.1167   16.5805
    7.5000  -37.5000  -37.5000 5946.3965   16.6253
   -7.5000  -30.0000  -37.5000 6605.9546   16.0684
    0.0000  -30.0000  -37.5000 6964.7588   16.0647
    7.5000  -30.0000  -37.5000 6738.5732   16.0977
   -7.5000  -22.5000  -37.5000 7486.5117   15.6901
    0.0000  -22.5000  -37.5000 7895.4160   15.6834
    7.5000  -22.5000  -37.5000 7622.3643   15.7040
   -7.5000  -15.0000  -37.5000 8369.8574   15.4473
    0.0000  -15.0000  -37.5000 8847.8535   15.4399
    7.5000  -15.0000  -37.5000 8522.1191   15.4560
   -7.5000   -7.5000  -37.5000 9319.9805   15.3521
    0.0000   -7.5000  -37.5000 9856.0488   15.3509
    7.5000   -7.5000  -37.5000 9491.0820   15.3777
   -7.5000    0.0000  -37.500010258.0596   15.3731
    0.0000    0.0000  -37.500010838.9717   15.3798
    7.5000    0.0000  -37.500010420.1221   15.4193
   -7.5000    7.5000  -37.500010372.0889   15.3981
    0.0000    7.5000  -37.500010981.0557   15.4057
    7.5000    7.5000  -37.500010547.4688   15.4476
   -7.5000   15.0000  -37.500010328.6416   15.3996
    0.0000   15.0000  -37.500010946.3770   15.4007
    7.5000   15.0000  -37.500010534.2764   15.4328
   -7.5000   22.5000  -37.500010252.9102   15.3704
    0.0000   22.5000  -37.500010855.0557   15.3643
    7.5000   22.5000  -37.500010442.7656   15.3834
   -7.5000   30.0000  -37.500010125.6357   15.1420
    0.0000   30.0000  -37.500010699.7129   15.1347
    7.5000   30.0000  -37.500010289.1387   15.1505
   -7.5000   37.5000  -37.500010323.1055   15.1434
    0.0000   37.5000  -37.500010908.7100   15.1422
    7.5000   37.5000  -37.500010481.1982   15.1685
   -7.5000   45.0000  -37.500010000.7900   14.7831
    0.0000   45.0000  -37.500010576.6533   14.7895
    7.5000   45.0000  -37.500010133.3408   14.8275
   -7.5000  -45.0000  -30.0000 5702.4429   17.7007
    0.0000  -45.0000  -30.0000 6024.2559   17.7182
    7.5000  -45.0000  -30.0000 5841.0776   17.7639
   -7.5000  -37.5000  -30.0000 6257.1421   17.0078
    0.0000  -37.5000  -30.0000 6599.3447   17.0192
    7.5000  -37.5000  -30.0000 6400.1436   17.0640
   -7.5000  -30.0000  -30.0000 7105.4639   16.4899
    0.0000  -30.0000  -30.0000 7483.1821   16.4954
    7.5000  -30.0000  -30.0000 7238.7861   16.5305
   -7.5000  -22.5000  -30.0000 8054.0547   16.1084
    0.0000  -22.5000  -30.0000 8495.3135   16.1122
    7.5000  -22.5000  -30.0000 8196.0137   16.1353
   -7.5000  -15.0000  -30.0000 9035.7637   15.8643
    0.0000  -15.0000  -30.0000 9548.0645   15.8661
    7.5000  -15.0000  -30.0000 9186.0020   15.8838
   -7.5000   -7.5000  -30.000010079.6104   15.7708
    0.0000   -7.5000  -30.000010655.3770   15.7769
    7.5000   -7.5000  -30.000010260.1406   15.8042
   -7.5000    0.0000  -30.000011097.6846   15.7933
    0.0000    0.0000  -30.000011736.9600   15.8062
    7.5000    0.0000  -30.000011285.0645   15.8459
   -7.5000    7.5000  -30.000011229.3105   15.8173
    0.0000    7.5000  -30.000011876.7129   15.8320
    7.5000    7.5000  -30.000011402.6592   15.8747
   -7.5000   15.0000  -30.000011172.6826   15.8168
    0.0000   15.0000  -30.000011826.4365   15.8271
    7.5000   15.0000  -30.000011374.0957   15.8613
   -7.5000   22.5000  -30.000011060.0566   15.7843
    0.0000   22.5000  -30.000011701.8633   15.7883
    7.5000   22.5000  -30.000011259.4844   15.8098
   -7.5000   30.0000  -30.000010889.7900   15.5539
    0.0000   30.0000  -30.000011524.5898   15.5554
    7.5000   30.0000  -30.000011076.4141   15.5728
   -7.5000   37.5000  -30.000011075.7227   15.5579
    0.0000   37.5000  -30.000011737.4121   15.5639
    7.5000   37.5000  -30.000011265.2090   15.5908
   -7.5000   45.0000  -30.000010704.5762   15.1983
    0.0000   45.0000  -30.000011355.5049   15.2108
    7.5000   45.0000  -30.000010883.5518   15.2489
   -7.5000  -45.0000  -22.5000 6112.7837   18.1038
    0.0000  -45.0000  -22.5000 6443.4097   18.1212
    7.5000  -45.0000  -22.5000 6253.8711   18.1568
   -7.5000  -37.5000  -22.5000 6704.1440   17.4005
    0.0000  -37.5000  -22.5000 7067.6855   17.4146
    7.5000  -37.5000  -22.5000 6839.8354   17.4530
   -7.5000  -30.0000  -22.5000 7610.5142   16.8632
    0.0000  -30.0000  -22.5000 8025.1768   16.8760
    7.5000  -30.0000  -22.5000 7751.7402   16.9146
   -7.5000  -22.5000  -22.5000 8639.4326   16.4728
    0.0000  -22.5000  -22.5000 9132.1035   16.4838
    7.5000  -22.5000  -22.5000 8805.5713   16.5152
   -7.5000  -15.0000  -22.5000 9728.3047   16.2269
    0.0000  -15.0000  -22.500010308.3955   16.2325
    7.5000  -15.0000  -22.5000 9926.6270   16.2556
   -7.5000   -7.5000  -22.500010864.0459   16.1412
    0.0000   -7.5000  -22.500011489.9688   16.1466
    7.5000   -7.5000  -22.500011060.7324   16.1697
   -7.5000    0.0000  -22.500011969.2715   16.1702
    0.0000    0.0000  -22.500012647.7666   16.1814
    7.5000    0.0000  -22.500012162.3652   16.2111
   -7.5000    7.5000  -22.500012093.7031   16.1923
    0.0000    7.5000  -22.500012782.5830   16.2091
    7.5000    7.5000  -22.500012292.8955   16.2461
   -7.5000   15.0000  -22.500012052.1592   16.1838
    0.0000   15.0000  -22.500012749.5225   16.2008
    7.5000   15.0000  -22.500012269.3291   16.2383
   -7.5000   22.5000  -22.500011919.6270   16.1436
    0.0000   22.5000  -22.500012604.8320   16.1548
    7.5000   22.5000  -22.500012124.8516   16.1847
   -7.5000   30.0000  -22.500011693.1543   15.9136
    0.0000   30.0000  -22.500012361.3906   15.9186
    7.5000   30.0000  -22.500011892.1914   15.9411
   -7.5000   37.5000  -22.500011868.4502   15.9258
    0.0000   37.5000  -22.500012572.3301   15.9311
    7.5000   37.5000  -22.500012080.8105   15.9538
   -7.5000   45.0000  -22.500011451.4199   15.5727
    0.0000   45.0000  -22.500012124.6816   15.5835
    7.5000   45.0000  -22.500011660.3330   15.6121
   -7.5000  -45.0000  -15.0000 6538.7090   18.5232
    0.0000  -45.0000  -15.0000 6902.0591   18.5352
    7.5000  -45.0000  -15.0000 6692.9629   18.5634
   -7.5000  -37.5000  -15.0000 7192.2891   17.8083
    0.0000  -37.5000  -15.0000 7597.9932   17.8207
    7.5000  -37.5000  -15.0000 7344.9038   17.8541
   -7.5000  -30.0000  -15.0000 8194.5996   17.2474
    0.0000  -30.0000  -15.0000 8652.5156   17.2607
    7.5000  -30.0000  -15.0000 8369.2969   17.3018
   -7.5000  -22.5000  -15.0000 9342.4375   16.8447
    0.0000  -22.5000  -15.0000 9874.0303   16.8538
    7.5000  -22.5000  -15.0000 9526.0088   16.8912
   -7.5000  -15.0000  -15.000010528.1904   16.5965
    0.0000  -15.0000  -15.000011137.8027   16.5970
    7.5000  -15.0000  -15.000010748.0068   16.6235
   -7.5000   -7.5000  -15.000011753.7568   16.5169
    0.0000   -7.5000  -15.000012413.3066   16.5150
    7.5000   -7.5000  -15.000011958.2549   16.5341
   -7.5000    0.0000  -15.000012931.4512   16.5505
    0.0000    0.0000  -15.000013647.1250   16.5555
    7.5000    0.0000  -15.000013169.3838   16.5765
   -7.5000    7.5000  -15.000013073.3701   16.5687
    0.0000    7.5000  -15.000013811.6924   16.5829
    7.5000    7.5000  -15.000013329.9883   16.6151
   -7.5000   15.0000  -15.000013043.4824   16.5518
    0.0000   15.0000  -15.000013804.5322   16.5686
    7.5000   15.0000  -15.000013308.7656   16.6084
   -7.5000   22.5000  -15.000012880.1680   16.5066
    0.0000   22.5000  -15.000013632.8184   16.5162
    7.5000   22.5000  -15.000013137.6172   16.5521
   -7.5000   30.0000  -15.000012626.4873   16.2786
    0.0000   30.0000  -15.000013342.2266   16.2787
    7.5000   30.0000  -15.000012847.5732   16.3046
   -7.5000   37.5000  -15.000012805.7822   16.2988
    0.0000   37.5000  -15.000013535.3691   16.2969
    7.5000   37.5000  -15.000013022.6973   16.3157
   -7.5000   45.0000  -15.000012349.9023   15.9486
    0.0000   45.0000  -15.000013056.7910   15.9534
    7.5000   45.0000  -15.000012558.0205   15.9737
   -7.5000  -45.0000   -7.5000 7001.6680   18.7437
    0.0000  -45.0000   -7.5000 7399.2529   18.7495
    7.5000  -45.0000   -7.5000 7170.8789   18.7821
   -7.5000  -37.5000   -7.5000 7752.9014   18.0316
    0.0000  -37.5000   -7.5000 8187.4966   18.0382
    7.5000  -37.5000   -7.5000 7900.3042   18.0732
   -7.5000  -30.0000   -7.5000 8884.7656   17.4700
    0.0000  -30.0000   -7.5000 9368.4102   17.4747
    7.5000  -30.0000   -7.5000 9040.1982   17.5138
   -7.5000  -22.5000   -7.500010134.2959   17.0617
    0.0000  -22.5000   -7.500010705.2471   17.0608
    7.5000  -22.5000   -7.500010307.4980   17.0954
   -7.5000  -15.0000   -7.500011412.6494   16.8082
    0.0000  -15.0000   -7.500012058.1201   16.8003
    7.5000  -15.0000   -7.500011614.3887   16.8256
   -7.5000   -7.5000   -7.500012730.1094   16.7231
    0.0000   -7.5000   -7.500013442.0479   16.7150
    7.5000   -7.5000   -7.500012935.0234   16.7356
   -7.5000    0.0000   -7.500014006.6660   16.7545
    0.0000    0.0000   -7.500014800.9072   16.7546
    7.5000    0.0000   -7.500014242.2656   16.7785
   -7.5000    7.5000   -7.500014188.3652   16.7745
    0.0000    7.5000   -7.500015003.3203   16.7829
    7.5000    7.5000   -7.500014445.3867   16.8160
   -7.5000   15.0000   -7.500014161.5400   16.7612
    0.0000   15.0000   -7.500014977.3818   16.7695
    7.5000   15.0000   -7.500014417.5742   16.8074
   -7.5000   22.5000   -7.500013982.8057   16.7161
    0.0000   22.5000   -7.500014776.6816   16.7161
    7.5000   22.5000   -7.500014208.5723   16.7493
   -7.5000   30.0000   -7.500013711.3721   16.4854
    0.0000   30.0000   -7.500014456.5938   16.4774
    7.5000   30.0000   -7.500013898.1104   16.5022
   -7.5000   37.5000   -7.500013882.6025   16.5019
    0.0000   37.5000   -7.500014673.0850   16.4938
    7.5000   37.5000   -7.500014086.8975   16.5140
   -7.5000   45.0000   -7.500013335.8574   16.1481
    0.0000   45.0000   -7.500014115.1367   16.1483
    7.5000   45.0000   -7.500013566.0781   16.1713
   -7.5000  -45.0000    0.0000 7417.1924   18.7468
    0.0000  -45.0000    0.0000 7855.2676   18.7519
    7.5000  -45.0000    0.0000 7595.7871   18.7957
   -7.5000  -37.5000    0.0000 8211.4102   18.0421
    0.0000  -37.5000    0.0000 8684.4922   18.0444
    7.5000  -37.5000    0.0000 8381.7598   18.0858
   -7.5000  -30.0000    0.0000 9457.2656   17.4982
    0.0000  -30.0000    0.0000 9989.9541   17.4937
    7.5000  -30.0000    0.0000 9622.6006   17.5285
   -7.5000  -22.5000    0.000010812.9912   17.0949
    0.0000  -22.5000    0.000011441.0479   17.0851
    7.5000  -22.5000    0.000011014.1748   17.1115
   -7.5000  -15.0000    0.000012178.8730   16.8379
    0.0000  -15.0000    0.000012887.6904   16.8255
    7.5000  -15.0000    0.000012395.4375   16.8463
   -7.5000   -7.5000    0.000013571.0244   16.7403
    0.0000   -7.5000    0.000014338.0713   16.7326
    7.5000   -7.5000    0.000013784.7607   16.7584
   -7.5000    0.0000    0.000014981.2969   16.7637
    0.0000    0.0000    0.000015829.9424   16.7651
    7.5000    0.0000    0.000015198.7930   16.7996
   -7.5000    7.5000    0.000015217.1660   16.7885
    0.0000    7.5000    0.000016092.0146   16.7936
    7.5000    7.5000    0.000015462.7314   16.8322
   -7.5000   15.0000    0.000015246.4492   16.7867
    0.0000   15.0000    0.000016095.8613   16.7865
    7.5000   15.0000    0.000015484.6865   16.8205
   -7.5000   22.5000    0.000015093.4561   16.7489
    0.0000   22.5000    0.000015907.5596   16.7402
    7.5000   22.5000    0.000015285.6562   16.7651
   -7.5000   30.0000    0.000014787.0898   16.5146
    0.0000   30.0000    0.000015558.6348   16.5023
    7.5000   30.0000    0.000014937.6211   16.5227
   -7.5000   37.5000    0.000014933.9199   16.5192
    0.0000   37.5000    0.000015726.9600   16.5116
    7.5000   37.5000    0.000015112.6494   16.5370
   -7.5000   45.0000    0.000014312.2051   16.1583
    0.0000   45.0000    0.000015110.2852   16.1596
    7.5000   45.0000    0.000014523.6846   16.1929
   -7.5000  -45.0000    7.5000 7238.5283   18.7063
    0.0000  -45.0000    7.5000 7651.9478   18.7180
    7.5000  -45.0000    7.5000 7410.6719   18.7687
   -7.5000  -37.5000    7.5000 8042.8135   17.9982
    0.0000  -37.5000    7.5000 8494.2510   18.0034
    7.5000  -37.5000    7.5000 8226.3887   18.0500
   -7.5000  -30.0000    7.5000 9310.0273   17.4664
    0.0000  -30.0000    7.5000 9833.4775   17.4624
    7.5000  -30.0000    7.5000 9488.8975   17.4955
   -7.5000  -22.5000    7.500010657.8906   17.0690
    0.0000  -22.5000    7.500011277.1377   17.0614
    7.5000  -22.5000    7.500010866.7324   17.0821
   -7.5000  -15.0000    7.500011990.2422   16.8113
    0.0000  -15.0000    7.500012694.7305   16.8034
    7.5000  -15.0000    7.500012204.3623   16.8205
   -7.5000   -7.5000    7.500013332.3545   16.7071
    0.0000   -7.5000    7.500014115.8887   16.7065
    7.5000   -7.5000    7.500013545.8408   16.7360
   -7.5000    0.0000    7.500014720.4980   16.7266
    0.0000    0.0000    7.500015597.1914   16.7348
    7.5000    0.0000    7.500014931.9893   16.7776
   -7.5000    7.5000    7.500015031.2861   16.7542
    0.0000    7.5000    7.500015917.7822   16.7630
    7.5000    7.5000    7.500015221.6055   16.8068
   -7.5000   15.0000    7.500015198.4092   16.7593
    0.0000   15.0000    7.500016062.2109   16.7604
    7.5000   15.0000    7.500015379.4287   16.7928
   -7.5000   22.5000    7.500015174.6689   16.7252
    0.0000   22.5000    7.500016013.1758   16.7184
    7.5000   22.5000    7.500015342.1162   16.7374
   -7.5000   30.0000    7.500014878.6377   16.4885
    0.0000   30.0000    7.500015674.9072   16.4805
    7.5000   30.0000    7.500014971.7656   16.4974
   -7.5000   37.5000    7.500014960.7861   16.4865
    0.0000   37.5000    7.500015750.9092   16.4859
    7.5000   37.5000    7.500015054.5615   16.5149
   -7.5000   45.0000    7.500014309.9336   16.1225
    0.0000   45.0000    7.500015101.7012   16.1304
    7.5000   45.0000    7.500014421.2158   16.1717
   -7.5000  -45.0000   15.0000 6916.0747   18.6982
    0.0000  -45.0000   15.0000 7330.2217   18.7163
    7.5000  -45.0000   15.0000 7109.4097   18.7642
   -7.5000  -37.5000   15.0000 7712.8721   17.9795
    0.0000  -37.5000   15.0000 8181.1230   17.9909
    7.5000  -37.5000   15.0000 7923.8354   18.0372
   -7.5000  -30.0000   15.0000 8988.1309   17.4431
    0.0000  -30.0000   15.0000 9543.0498   17.4483
    7.5000  -30.0000   15.0000 9199.6025   17.4841
   -7.5000  -22.5000   15.000010340.9072   17.0468
    0.0000  -22.5000   15.000010981.3369   17.0502
    7.5000  -22.5000   15.000010551.4863   17.0737
   -7.5000  -15.0000   15.000011659.0586   16.7909
    0.0000  -15.0000   15.000012363.6357   16.7924
    7.5000  -15.0000   15.000011846.0791   16.8110
   -7.5000   -7.5000   15.000013005.6074   16.6906
    0.0000   -7.5000   15.000013778.7422   16.6969
    7.5000   -7.5000   15.000013179.5762   16.7258
   -7.5000    0.0000   15.000014372.1387   16.7127
    0.0000    0.0000   15.000015211.5479   16.7260
    7.5000    0.0000   15.000014551.7754   16.7677
   -7.5000    7.5000   15.000014736.9873   16.7392
    0.0000    7.5000   15.000015601.0059   16.7542
    7.5000    7.5000   15.000014894.2383   16.7984
   -7.5000   15.0000   15.000014994.0195   16.7413
    0.0000   15.0000   15.000015996.8779   16.7516
    7.5000   15.0000   15.000015167.5996   16.7865
   -7.5000   22.5000   15.000015137.7432   16.7049
    0.0000   22.5000   15.000016310.3877   16.7086
    7.5000   22.5000   15.000015281.5654   16.7304
   -7.5000   30.0000   15.000014977.8281   16.4688
    0.0000   30.0000   15.000016139.4678   16.4700
    7.5000   30.0000   15.000015036.2744   16.4881
   -7.5000   37.5000   15.000014968.4805   16.4703
    0.0000   37.5000   15.000015971.4434   16.4764
    7.5000   37.5000   15.000014967.6553   16.5049
   -7.5000   45.0000   15.000014188.8086   16.1091
    0.0000   45.0000   15.000015065.5508   16.1220
    7.5000   45.0000   15.000014206.3428   16.1621
   -7.5000  -45.0000   22.5000 6575.5093   18.7368
    0.0000  -45.0000   22.5000 6981.2886   18.7548
    7.5000  -45.0000   22.5000 6765.2686   18.7916
   -7.5000  -37.5000   22.5000 7409.9209   18.0101
    0.0000  -37.5000   22.5000 7846.5210   18.0247
    7.5000  -37.5000   22.5000 7605.7627   18.0645
   -7.5000  -30.0000   22.5000 8663.4688   17.4559
    0.0000  -30.0000   22.5000 9175.3867   17.4691
    7.5000  -30.0000   22.5000 8862.4014   17.5092
   -7.5000  -22.5000   22.5000 9948.6846   17.0543
    0.0000  -22.5000   22.500010542.8496   17.0656
    7.5000  -22.5000   22.500010137.3965   17.0981
   -7.5000  -15.0000   22.500011226.0352   16.8014
    0.0000  -15.0000   22.500011880.1982   16.8070
    7.5000  -15.0000   22.500011394.0645   16.8308
   -7.5000   -7.5000   22.500012556.5244   16.7124
    0.0000   -7.5000   22.500013311.1455   16.7178
    7.5000   -7.5000   22.500012705.2383   16.7417
   -7.5000    0.0000   22.500013939.3262   16.7411
    0.0000    0.0000   22.500014840.2129   16.7526
    7.5000    0.0000   22.500014075.2363   16.7833
   -7.5000    7.5000   22.500014313.2607   16.7630
    0.0000    7.5000   22.500015367.0166   16.7803
    7.5000    7.5000   22.500014475.6602   16.8187
   -7.5000   15.0000   22.500014575.2305   16.7546
    0.0000   15.0000   22.500015833.7939   16.7721
    7.5000   15.0000   22.500014752.5195   16.8111
   -7.5000   22.5000   22.500014665.5625   16.7118
    0.0000   22.5000   22.500016105.5391   16.7233
    7.5000   22.5000   22.500014818.3408   16.7542
   -7.5000   30.0000   22.500014501.3525   16.4795
    0.0000   30.0000   22.500015857.3604   16.4845
    7.5000   30.0000   22.500014590.9219   16.5077
   -7.5000   37.5000   22.500014499.7012   16.4918
    0.0000   37.5000   22.500015671.1367   16.4970
    7.5000   37.5000   22.500014564.1211   16.5205
   -7.5000   45.0000   22.500013733.6924   16.1365
    0.0000   45.0000   22.500014724.2412   16.1476
    7.5000   45.0000   22.500013785.7676   16.1772
   -7.5000  -45.0000   30.0000 6193.6748   18.7978
    0.0000  -45.0000   30.0000 6559.5591   18.8099
    7.5000  -45.0000   30.0000 6352.0928   18.8383
   -7.5000  -37.5000   30.0000 6986.4951   18.0720
    0.0000  -37.5000   30.0000 7405.7207   18.0846
    7.5000  -37.5000   30.0000 7140.5518   18.1183
   -7.5000  -30.0000   30.0000 8190.1445   17.5024
    0.0000  -30.0000   30.0000 8686.7939   17.5159
    7.5000  -30.0000   30.0000 8342.0703   17.5575
   -7.5000  -22.5000   30.0000 9429.5908   17.0934
    0.0000  -22.5000   30.000010011.6533   17.1026
    7.5000  -22.5000   30.0000 9591.9287   17.1405
   -7.5000  -15.0000   30.000010687.8125   16.8414
    0.0000  -15.0000   30.000011339.2822   16.8419
    7.5000  -15.0000   30.000010831.6895   16.8688
   -7.5000   -7.5000   30.000011993.5410   16.7608
    0.0000   -7.5000   30.000012728.8486   16.7588
    7.5000   -7.5000   30.000012112.3613   16.7780
   -7.5000    0.0000   30.000013300.8096   16.7951
    0.0000    0.0000   30.000014136.5557   16.8000
    7.5000    0.0000   30.000013413.6162   16.8213
   -7.5000    7.5000   30.000013611.2217   16.8135
    0.0000    7.5000   30.000014534.1006   16.8279
    7.5000    7.5000   30.000013731.4473   16.8605
   -7.5000   15.0000   30.000013760.0781   16.7961
    0.0000   15.0000   30.000014750.7432   16.8132
    7.5000   15.0000   30.000013902.5264   16.8536
   -7.5000   22.5000   30.000013731.3594   16.7483
    0.0000   22.5000   30.000014699.6895   16.7580
    7.5000   22.5000   30.000013858.1230   16.7944
   -7.5000   30.0000   30.000013516.2012   16.5188
    0.0000   30.0000   30.000014368.4990   16.5188
    7.5000   30.0000   30.000013584.6025   16.5450
   -7.5000   37.5000   30.000013591.4736   16.5395
    0.0000   37.5000   30.000014399.5410   16.5374
    7.5000   37.5000   30.000013664.2285   16.5564
   -7.5000   45.0000   30.000012983.8076   16.1886
    0.0000   45.0000   30.000013759.3066   16.1933
    7.5000   45.0000   30.000013049.5254   16.2137
   -7.5000  -45.0000   37.5000 6020.9902   18.9271
    0.0000  -45.0000   37.5000 6365.5063   18.9327
    7.5000  -45.0000   37.5000 6156.7349   18.9657
   -7.5000  -37.5000   37.5000 6817.8423   18.2041
    0.0000  -37.5000   37.5000 7224.9971   18.2106
    7.5000  -37.5000   37.5000 6953.3252   18.2460
   -7.5000  -30.0000   37.5000 8019.7061   17.6336
    0.0000  -30.0000   37.5000 8482.7227   17.6382
    7.5000  -30.0000   37.5000 8129.0137   17.6776
   -7.5000  -22.5000   37.5000 9235.5225   17.2187
    0.0000  -22.5000   37.5000 9761.5938   17.2178
    7.5000  -22.5000   37.5000 9356.2656   17.2526
   -7.5000  -15.0000   37.500010430.0176   16.9617
    0.0000  -15.0000   37.500011027.9727   16.9535
    7.5000  -15.0000   37.500010550.3291   16.9789
   -7.5000   -7.5000   37.500011654.1309   16.8758
    0.0000   -7.5000   37.500012310.5527   16.8674
    7.5000   -7.5000   37.500011775.7266   16.8879
   -7.5000    0.0000   37.500012867.6787   16.9080
    0.0000    0.0000   37.500013614.1465   16.9080
    7.5000    0.0000   37.500012999.1904   16.9320
   -7.5000    7.5000   37.500013135.7168   16.9288
    0.0000    7.5000   37.500013877.2148   16.9372
    7.5000    7.5000   37.500013259.6602   16.9706
   -7.5000   15.0000   37.500013208.0986   16.9151
    0.0000   15.0000   37.500013949.5693   16.9235
    7.5000   15.0000   37.500013340.4238   16.9617
   -7.5000   22.5000   37.500013145.2979   16.8689
    0.0000   22.5000   37.500013823.1035   16.8689
    7.5000   22.5000   37.500013245.6152   16.9022
   -7.5000   30.0000   37.500012958.4072   16.6361
    0.0000   30.0000   37.500013580.1123   16.6278
    7.5000   30.0000   37.500013015.2832   16.6527
   -7.5000   37.5000   37.500013130.2871   16.6529
    0.0000   37.5000   37.500013794.5801   16.6446
    7.5000   37.5000   37.500013190.3057   16.6648
   -7.5000   45.0000   37.500012638.8389   16.2974
    0.0000   45.0000   37.500013282.6074   16.2974
    7.5000   45.0000   37.500012681.6504   16.3205
   -7.5000  -45.0000   45.0000 5627.0132   19.1115
    0.0000  -45.0000   45.0000 5918.8472   19.1162
    7.5000  -45.0000   45.0000 5738.4961   19.1625
   -7.5000  -37.5000   45.0000 6381.6304   18.3771
    0.0000  -37.5000   45.0000 6726.3320   18.3792
    7.5000  -37.5000   45.0000 6481.8647   18.4227
   -7.5000  -30.0000   45.0000 7452.5063   17.8102
    0.0000  -30.0000   45.0000 7869.1504   17.8052
    7.5000  -30.0000   45.0000 7550.3672   17.8417
   -7.5000  -22.5000   45.0000 8563.3037   17.3904
    0.0000  -22.5000   45.0000 9031.7080   17.3799
    7.5000  -22.5000   45.0000 8669.2607   17.4077
   -7.5000  -15.0000   45.0000 9671.5020   17.1242
    0.0000  -15.0000   45.000010180.5684   17.1107
    7.5000  -15.0000   45.0000 9785.1357   17.1328
   -7.5000   -7.5000   45.000010794.0234   17.0238
    0.0000   -7.5000   45.000011364.3223   17.0152
    7.5000   -7.5000   45.000010936.2461   17.0426
   -7.5000    0.0000   45.000011904.6104   17.0492
    0.0000    0.0000   45.000012552.9824   17.0501
    7.5000    0.0000   45.000012067.9805   17.0864
   -7.5000    7.5000   45.000012110.6582   17.0753
    0.0000    7.5000   45.000012753.0547   17.0803
    7.5000    7.5000   45.000012269.1895   17.1208
   -7.5000   15.0000   45.000012164.8135   17.0731
    0.0000   15.0000   45.000012784.8330   17.0727
    7.5000   15.0000   45.000012292.9502   17.1083
   -7.5000   22.5000   45.000012120.0293   17.0332
    0.0000   22.5000   45.000012689.3320   17.0238
    7.5000   22.5000   45.000012195.8789   17.0500
   -7.5000   30.0000   45.000011955.8779   16.7925
    0.0000   30.0000   45.000012498.4180   16.7792
    7.5000   30.0000   45.000012007.2139   16.8009
   -7.5000   37.5000   45.000012125.0166   16.7977
    0.0000   37.5000   45.000012708.0469   16.7891
    7.5000   37.5000   45.000012201.5713   16.8160
   -7.5000   45.0000   45.000011726.7324   16.4409
    0.0000   45.0000   45.000012277.9531   16.4418
    7.5000   45.0000   45.000011764.7871   16.4768

---------------------------------------------------------------------
imgreg_4dfp /opt/freesurfer/average/711-2C_as_mni_average_305 /opt/freesurfer/average/711-2B_as_mni_average_305_mask talsrcimg_g11 none talsrcimg_to_711-2C_as_mni_average_305_t4 4355
---------------------------------------------------------------------

freesurfer imgreg_4dfp.c
/opt/freesurfer/average/711-2C_as_mni_average_305.4dfp.img
       256       256       256         1
  1.000000  1.000000  1.000000
orientation T byte_order littleendian
Reading image: /opt/freesurfer/average/711-2C_as_mni_average_305.4dfp.img
dimensions:      256       256       256
mmppix:       1.0000   -1.0000   -1.0000
center:     128.0000 -129.0000 -129.0000
/opt/freesurfer/average/711-2B_as_mni_average_305_mask.4dfp.img
       256       256       256         1
  1.000000  1.000000  1.000000
orientation T byte_order littleendian
Reading mask: /opt/freesurfer/average/711-2B_as_mni_average_305_mask.4dfp.img (2306576 pixels)
talsrcimg_g11.4dfp.img
       256       256       256         1
  1.000000  1.000000  1.000000
orientation T byte_order littleendian
Reading image: talsrcimg_g11.4dfp.img
dimensions:      256       256       256
mmppix:       1.0000   -1.0000   -1.0000
center:     128.0000 -129.0000 -129.0000
rotation matrix determinant  1.000000
image alignment mode   4355 decimal     1103 hex
   -7.5000  -22.5000  -30.0000 2091.1487   22.2004
    0.0000  -22.5000  -30.0000 2108.6570   21.9220
    7.5000  -22.5000  -30.0000 2111.6865   21.7135
   -7.5000  -15.0000  -30.0000 2214.3015   19.8841
    0.0000  -15.0000  -30.0000 2235.3347   19.6506
    7.5000  -15.0000  -30.0000 2237.8708   19.4629
   -7.5000   -7.5000  -30.0000 2331.4485   18.1679
    0.0000   -7.5000  -30.0000 2354.1807   17.9784
    7.5000   -7.5000  -30.0000 2356.5173   17.8309
   -7.5000    0.0000  -30.0000 2420.1260   16.8704
    0.0000    0.0000  -30.0000 2441.8730   16.7061
    7.5000    0.0000  -30.0000 2440.9160   16.6523
   -7.5000    7.5000  -30.0000 2477.7559   15.9298
    0.0000    7.5000  -30.0000 2503.7473   15.7379
    7.5000    7.5000  -30.0000 2496.7998   15.7261
   -7.5000   15.0000  -30.0000 2504.6555   15.2451
    0.0000   15.0000  -30.0000 2529.7607   15.0368
    7.5000   15.0000  -30.0000 2524.9631   15.0453
   -7.5000   22.5000  -30.0000 2520.6733   14.7892
    0.0000   22.5000  -30.0000 2544.1848   14.5528
    7.5000   22.5000  -30.0000 2540.1401   14.5645
   -7.5000   30.0000  -30.0000 2523.7002   14.6060
    0.0000   30.0000  -30.0000 2547.3760   14.3655
    7.5000   30.0000  -30.0000 2545.2598   14.3368
   -7.5000   37.5000  -30.0000 2511.8684   14.8013
    0.0000   37.5000  -30.0000 2543.4333   14.5451
    7.5000   37.5000  -30.0000 2536.6165   14.5268
   -7.5000   45.0000  -30.0000 2483.4463   15.2865
    0.0000   45.0000  -30.0000 2519.5449   15.0397
    7.5000   45.0000  -30.0000 2513.2542   15.0078
   -7.5000   52.5000  -30.0000 2417.7622   15.9539
    0.0000   52.5000  -30.0000 2451.7659   15.7000
    7.5000   52.5000  -30.0000 2450.0728   15.6638
   -7.5000   60.0000  -30.0000 2303.1086   16.6462
    0.0000   60.0000  -30.0000 2335.9385   16.3849
    7.5000   60.0000  -30.0000 2330.6929   16.3736
   -7.5000   67.5000  -30.0000 2162.4329   17.3597
    0.0000   67.5000  -30.0000 2194.4976   17.0463
    7.5000   67.5000  -30.0000 2187.1646   17.0738
   -7.5000  -22.5000  -22.5000 2173.0964   21.4205
    0.0000  -22.5000  -22.5000 2194.4976   21.0586
    7.5000  -22.5000  -22.5000 2198.8088   20.9080
   -7.5000  -15.0000  -22.5000 2305.7322   19.1287
    0.0000  -15.0000  -22.5000 2334.9822   18.8286
    7.5000  -15.0000  -22.5000 2337.3406   18.6918
   -7.5000   -7.5000  -22.5000 2430.0947   17.4105
    0.0000   -7.5000  -22.5000 2459.0149   17.1869
    7.5000   -7.5000  -22.5000 2460.4094   17.0987
   -7.5000    0.0000  -22.5000 2521.1348   16.1582
    0.0000    0.0000  -22.5000 2550.1672   15.9771
    7.5000    0.0000  -22.5000 2549.8247   15.9206
   -7.5000    7.5000  -22.5000 2582.6882   15.2426
    0.0000    7.5000  -22.5000 2608.6594   15.0140
    7.5000    7.5000  -22.5000 2609.4404   14.9755
   -7.5000   15.0000  -22.5000 2622.3892   14.5116
    0.0000   15.0000  -22.5000 2646.4897   14.2785
    7.5000   15.0000  -22.5000 2648.7156   14.2994
   -7.5000   22.5000  -22.5000 2650.3408   14.0049
    0.0000   22.5000  -22.5000 2673.2104   13.7936
    7.5000   22.5000  -22.5000 2672.9683   13.8288
   -7.5000   30.0000  -22.5000 2653.8008   13.7761
    0.0000   30.0000  -22.5000 2675.2195   13.5618
    7.5000   30.0000  -22.5000 2675.0168   13.5941
   -7.5000   37.5000  -22.5000 2639.4500   13.9311
    0.0000   37.5000  -22.5000 2675.2461   13.7196
    7.5000   37.5000  -22.5000 2669.5374   13.7411
   -7.5000   45.0000  -22.5000 2606.4609   14.4016
    0.0000   45.0000  -22.5000 2646.6484   14.1636
    7.5000   45.0000  -22.5000 2646.8669   14.1816
   -7.5000   52.5000  -22.5000 2536.0918   15.0341
    0.0000   52.5000  -22.5000 2577.0286   14.7824
    7.5000   52.5000  -22.5000 2577.9214   14.7790
   -7.5000   60.0000  -22.5000 2421.2869   15.7096
    0.0000   60.0000  -22.5000 2461.4839   15.4681
    7.5000   60.0000  -22.5000 2460.5164   15.4760
   -7.5000   67.5000  -22.5000 2273.3499   16.3987
    0.0000   67.5000  -22.5000 2309.1240   16.1085
    7.5000   67.5000  -22.5000 2304.0769   16.1388
   -7.5000  -22.5000  -15.0000 2237.7471   20.7255
    0.0000  -22.5000  -15.0000 2262.2456   20.3313
    7.5000  -22.5000  -15.0000 2265.9683   20.2296
   -7.5000  -15.0000  -15.0000 2373.6702   18.4949
    0.0000  -15.0000  -15.0000 2404.3804   18.1212
    7.5000  -15.0000  -15.0000 2406.3320   18.0352
   -7.5000   -7.5000  -15.0000 2494.3123   16.7653
    0.0000   -7.5000  -15.0000 2525.5762   16.4437
    7.5000   -7.5000  -15.0000 2526.2693   16.4141
   -7.5000    0.0000  -15.0000 2586.2190   15.4887
    0.0000    0.0000  -15.0000 2616.4160   15.2226
    7.5000    0.0000  -15.0000 2619.3542   15.2133
   -7.5000    7.5000  -15.0000 2654.6951   14.5386
    0.0000    7.5000  -15.0000 2681.2085   14.3135
    7.5000    7.5000  -15.0000 2685.3350   14.3191
   -7.5000   15.0000  -15.0000 2707.1931   13.7951
    0.0000   15.0000  -15.0000 2732.6052   13.5883
    7.5000   15.0000  -15.0000 2737.4377   13.5948
   -7.5000   22.5000  -15.0000 2744.9143   13.2484
    0.0000   22.5000  -15.0000 2771.9521   13.0482
    7.5000   22.5000  -15.0000 2772.1946   13.0835
   -7.5000   30.0000  -15.0000 2754.8042   13.0089
    0.0000   30.0000  -15.0000 2782.7053   12.7866
    7.5000   30.0000  -15.0000 2780.9089   12.8441
   -7.5000   37.5000  -15.0000 2745.4924   13.1607
    0.0000   37.5000  -15.0000 2782.0820   12.9292
    7.5000   37.5000  -15.0000 2776.1165   12.9817
   -7.5000   45.0000  -15.0000 2716.5610   13.6202
    0.0000   45.0000  -15.0000 2756.3718   13.3507
    7.5000   45.0000  -15.0000 2752.5034   13.3995
   -7.5000   52.5000  -15.0000 2641.5146   14.1927
    0.0000   52.5000  -15.0000 2685.5469   13.9330
    7.5000   52.5000  -15.0000 2679.9036   13.9578
   -7.5000   60.0000  -15.0000 2518.6650   14.8532
    0.0000   60.0000  -15.0000 2560.1462   14.6037
    7.5000   60.0000  -15.0000 2555.3792   14.6254
   -7.5000   67.5000  -15.0000 2360.2634   15.5335
    0.0000   67.5000  -15.0000 2394.0967   15.2580
    7.5000   67.5000  -15.0000 2389.4978   15.2952
   -7.5000  -22.5000   -7.5000 2288.0996   20.1854
    0.0000  -22.5000   -7.5000 2311.7117   19.6955
    7.5000  -22.5000   -7.5000 2310.5920   19.5829
   -7.5000  -15.0000   -7.5000 2419.9062   17.8908
    0.0000  -15.0000   -7.5000 2451.9182   17.4905
    7.5000  -15.0000   -7.5000 2446.8289   17.3992
   -7.5000   -7.5000   -7.5000 2537.0901   16.1389
    0.0000   -7.5000   -7.5000 2568.7168   15.8031
    7.5000   -7.5000   -7.5000 2567.4233   15.7597
   -7.5000    0.0000   -7.5000 2633.0881   14.8615
    0.0000    0.0000   -7.5000 2668.0396   14.5654
    7.5000    0.0000   -7.5000 2665.8076   14.5588
   -7.5000    7.5000   -7.5000 2710.6846   13.8954
    0.0000    7.5000   -7.5000 2740.2871   13.6408
    7.5000    7.5000   -7.5000 2738.6729   13.6665
   -7.5000   15.0000   -7.5000 2768.2957   13.1485
    0.0000   15.0000   -7.5000 2795.7354   12.9208
    7.5000   15.0000   -7.5000 2796.5581   12.9369
   -7.5000   22.5000   -7.5000 2814.4275   12.5986
    0.0000   22.5000   -7.5000 2844.8037   12.3424
    7.5000   22.5000   -7.5000 2840.9224   12.3852
   -7.5000   30.0000   -7.5000 2837.7112   12.3307
    0.0000   30.0000   -7.5000 2870.4473   12.0403
    7.5000   30.0000   -7.5000 2865.5010   12.1177
   -7.5000   37.5000   -7.5000 2838.7043   12.4499
    0.0000   37.5000   -7.5000 2877.2639   12.1869
    7.5000   37.5000   -7.5000 2867.3591   12.2631
   -7.5000   45.0000   -7.5000 2807.4441   12.8787
    0.0000   45.0000   -7.5000 2854.8096   12.6060
    7.5000   45.0000   -7.5000 2842.4697   12.6800
   -7.5000   52.5000   -7.5000 2731.3757   13.4382
    0.0000   52.5000   -7.5000 2775.6003   13.1968
    7.5000   52.5000   -7.5000 2761.8013   13.2402
   -7.5000   60.0000   -7.5000 2601.8015   14.0835
    0.0000   60.0000   -7.5000 2636.5073   13.8362
    7.5000   60.0000   -7.5000 2630.2856   13.8768
   -7.5000   67.5000   -7.5000 2432.9524   14.7605
    0.0000   67.5000   -7.5000 2460.9604   14.4742
    7.5000   67.5000   -7.5000 2459.1702   14.5308
   -7.5000  -22.5000    0.0000 2306.4880   19.6700
    0.0000  -22.5000    0.0000 2337.4104   19.1831
    7.5000  -22.5000    0.0000 2333.9998   19.0718
   -7.5000  -15.0000    0.0000 2436.6035   17.3979
    0.0000  -15.0000    0.0000 2473.7715   16.9655
    7.5000  -15.0000    0.0000 2466.2471   16.8940
   -7.5000   -7.5000    0.0000 2549.5662   15.6725
    0.0000   -7.5000    0.0000 2584.0403   15.2920
    7.5000   -7.5000    0.0000 2580.8381   15.2366
   -7.5000    0.0000    0.0000 2655.6226   14.4037
    0.0000    0.0000    0.0000 2687.4265   14.0473
    7.5000    0.0000    0.0000 2683.2859   14.0112
   -7.5000    7.5000    0.0000 2743.7236   13.4015
    0.0000    7.5000    0.0000 2770.2405   13.1003
    7.5000    7.5000    0.0000 2765.1936   13.1161
   -7.5000   15.0000    0.0000 2808.7002   12.6427
    0.0000   15.0000    0.0000 2830.9985   12.3624
    7.5000   15.0000    0.0000 2833.3625   12.4104
   -7.5000   22.5000    0.0000 2864.3376   12.0867
    0.0000   22.5000    0.0000 2889.9937   11.7886
    7.5000   22.5000    0.0000 2885.2014   11.8517
   -7.5000   30.0000    0.0000 2898.0632   11.8267
    0.0000   30.0000    0.0000 2931.3032   11.4858
    7.5000   30.0000    0.0000 2920.9558   11.5665
   -7.5000   37.5000    0.0000 2903.4902   11.8977
    0.0000   37.5000    0.0000 2942.0740   11.5831
    7.5000   37.5000    0.0000 2933.6345   11.6744
   -7.5000   45.0000    0.0000 2870.5381   12.2897
    0.0000   45.0000    0.0000 2917.6338   12.0073
    7.5000   45.0000    0.0000 2906.3767   12.0974
   -7.5000   52.5000    0.0000 2796.4863   12.8353
    0.0000   52.5000    0.0000 2836.8191   12.5802
    7.5000   52.5000    0.0000 2822.1624   12.6749
   -7.5000   60.0000    0.0000 2658.4480   13.5042
    0.0000   60.0000    0.0000 2692.3821   13.2126
    7.5000   60.0000    0.0000 2683.7351   13.3034
   -7.5000   67.5000    0.0000 2487.0740   14.1768
    0.0000   67.5000    0.0000 2518.0640   13.8620
    7.5000   67.5000    0.0000 2508.2395   13.9433
   -7.5000  -22.5000    7.5000 2316.5139   19.5130
    0.0000  -22.5000    7.5000 2339.7151   18.9707
    7.5000  -22.5000    7.5000 2346.8123   18.8387
   -7.5000  -15.0000    7.5000 2440.5928   17.1706
    0.0000  -15.0000    7.5000 2467.3806   16.7151
    7.5000  -15.0000    7.5000 2471.5242   16.6127
   -7.5000   -7.5000    7.5000 2547.9089   15.4143
    0.0000   -7.5000    7.5000 2576.3911   15.0291
    7.5000   -7.5000    7.5000 2578.4041   14.9124
   -7.5000    0.0000    7.5000 2657.1042   14.0758
    0.0000    0.0000    7.5000 2681.4094   13.7302
    7.5000    0.0000    7.5000 2681.8296   13.6551
   -7.5000    7.5000    7.5000 2749.5271   13.0575
    0.0000    7.5000    7.5000 2772.3337   12.7577
    7.5000    7.5000    7.5000 2773.0845   12.7100
   -7.5000   15.0000    7.5000 2832.9209   12.3179
    0.0000   15.0000    7.5000 2850.8137   12.0209
    7.5000   15.0000    7.5000 2853.0437   11.9971
   -7.5000   22.5000    7.5000 2905.6804   11.8198
    0.0000   22.5000    7.5000 2926.1484   11.5000
    7.5000   22.5000    7.5000 2924.6228   11.5279
   -7.5000   30.0000    7.5000 2947.3325   11.5450
    0.0000   30.0000    7.5000 2984.3687   11.2184
    7.5000   30.0000    7.5000 2967.5825   11.2798
   -7.5000   37.5000    7.5000 2954.4839   11.5534
    0.0000   37.5000    7.5000 2997.1335   11.2126
    7.5000   37.5000    7.5000 2978.6919   11.3143
   -7.5000   45.0000    7.5000 2924.4067   11.8702
    0.0000   45.0000    7.5000 2960.6057   11.5966
    7.5000   45.0000    7.5000 2949.0684   11.6709
   -7.5000   52.5000    7.5000 2837.0396   12.4288
    0.0000   52.5000    7.5000 2877.1042   12.1663
    7.5000   52.5000    7.5000 2864.6648   12.2399
   -7.5000   60.0000    7.5000 2696.7883   13.0963
    0.0000   60.0000    7.5000 2732.3372   12.8197
    7.5000   60.0000    7.5000 2721.6150   12.8698
   -7.5000   67.5000    7.5000 2520.1638   13.7978
    0.0000   67.5000    7.5000 2549.3916   13.5102
    7.5000   67.5000    7.5000 2535.1528   13.5415
   -7.5000  -22.5000   15.0000 2308.5854   19.5950
    0.0000  -22.5000   15.0000 2340.0107   19.1282
    7.5000  -22.5000   15.0000 2335.8716   18.9081
   -7.5000  -15.0000   15.0000 2430.7732   17.2356
    0.0000  -15.0000   15.0000 2457.9165   16.7914
    7.5000  -15.0000   15.0000 2455.6924   16.6136
   -7.5000   -7.5000   15.0000 2540.1541   15.4400
    0.0000   -7.5000   15.0000 2564.3726   15.0288
    7.5000   -7.5000   15.0000 2564.8547   14.8722
   -7.5000    0.0000   15.0000 2647.6133   14.0766
    0.0000    0.0000   15.0000 2665.5793   13.7196
    7.5000    0.0000   15.0000 2670.2671   13.5992
   -7.5000    7.5000   15.0000 2750.1453   13.0134
    0.0000    7.5000   15.0000 2766.2100   12.7217
    7.5000    7.5000   15.0000 2769.8772   12.6210
   -7.5000   15.0000   15.0000 2846.6375   12.2741
    0.0000   15.0000   15.0000 2869.8279   12.0224
    7.5000   15.0000   15.0000 2866.4590   11.9210
   -7.5000   22.5000   15.0000 2931.1558   11.7970
    0.0000   22.5000   15.0000 2970.8523   11.6062
    7.5000   22.5000   15.0000 2952.0942   11.4916
   -7.5000   30.0000   15.0000 2986.2803   11.5494
    0.0000   30.0000   15.0000 3050.7656   11.4184
    7.5000   30.0000   15.0000 3009.4468   11.2779
   -7.5000   37.5000   15.0000 2986.2781   11.4627
    0.0000   37.5000   15.0000 3044.3633   11.2533
    7.5000   37.5000   15.0000 3004.4355   11.2347
   -7.5000   45.0000   15.0000 2948.4304   11.6441
    0.0000   45.0000   15.0000 2991.1440   11.3981
    7.5000   45.0000   15.0000 2970.0767   11.4273
   -7.5000   52.5000   15.0000 2859.5518   12.1437
    0.0000   52.5000   15.0000 2898.9800   11.8892
    7.5000   52.5000   15.0000 2886.8022   11.9383
   -7.5000   60.0000   15.0000 2713.7500   12.8412
    0.0000   60.0000   15.0000 2748.9734   12.5966
    7.5000   60.0000   15.0000 2733.7075   12.6272
   -7.5000   67.5000   15.0000 2529.7180   13.6014
    0.0000   67.5000   15.0000 2563.8696   13.3411
    7.5000   67.5000   15.0000 2546.2117   13.3600
   -7.5000  -22.5000   22.5000 2304.3296   19.8967
    0.0000  -22.5000   22.5000 2326.6738   19.3334
    7.5000  -22.5000   22.5000 2326.4775   19.1578
   -7.5000  -15.0000   22.5000 2423.7847   17.4312
    0.0000  -15.0000   22.5000 2440.9814   16.9446
    7.5000  -15.0000   22.5000 2442.6150   16.7723
   -7.5000   -7.5000   22.5000 2536.4077   15.6632
    0.0000   -7.5000   22.5000 2556.9426   15.2555
    7.5000   -7.5000   22.5000 2554.6477   15.0910
   -7.5000    0.0000   22.5000 2641.5029   14.2995
    0.0000    0.0000   22.5000 2666.7917   14.0309
    7.5000    0.0000   22.5000 2662.4880   13.8204
   -7.5000    7.5000   22.5000 2748.3186   13.2322
    0.0000    7.5000   22.5000 2778.9346   13.0419
    7.5000    7.5000   22.5000 2769.6257   12.8411
   -7.5000   15.0000   22.5000 2851.3115   12.4320
    0.0000   15.0000   22.5000 2887.5935   12.3215
    7.5000   15.0000   22.5000 2868.4148   12.1324
   -7.5000   22.5000   22.5000 2940.7158   11.9034
    0.0000   22.5000   22.5000 2995.3762   11.8457
    7.5000   22.5000   22.5000 2956.5391   11.6743
   -7.5000   30.0000   22.5000 3000.7751   11.6025
    0.0000   30.0000   22.5000 3074.9126   11.5547
    7.5000   30.0000   22.5000 3016.0146   11.4276
   -7.5000   37.5000   22.5000 2988.3337   11.5576
    0.0000   37.5000   22.5000 3049.7114   11.4169
    7.5000   37.5000   22.5000 3008.9482   11.3980
   -7.5000   45.0000   22.5000 2943.6565   11.7571
    0.0000   45.0000   22.5000 2992.2502   11.5491
    7.5000   45.0000   22.5000 2968.7910   11.5563
   -7.5000   52.5000   22.5000 2855.5806   12.2073
    0.0000   52.5000   22.5000 2897.0181   11.9862
    7.5000   52.5000   22.5000 2881.6279   12.0127
   -7.5000   60.0000   22.5000 2711.4187   12.8614
    0.0000   60.0000   22.5000 2743.6401   12.6128
    7.5000   60.0000   22.5000 2727.4167   12.6506
   -7.5000   67.5000   22.5000 2530.7708   13.5546
    0.0000   67.5000   22.5000 2557.1511   13.3050
    7.5000   67.5000   22.5000 2543.8965   13.3566
   -7.5000  -22.5000   30.0000 2285.4072   20.3666
    0.0000  -22.5000   30.0000 2307.0723   19.8729
    7.5000  -22.5000   30.0000 2304.3696   19.7142
   -7.5000  -15.0000   30.0000 2411.3813   17.8254
    0.0000  -15.0000   30.0000 2431.2590   17.4235
    7.5000  -15.0000   30.0000 2428.7314   17.2892
   -7.5000   -7.5000   30.0000 2527.1135   16.0393
    0.0000   -7.5000   30.0000 2549.1750   15.7106
    7.5000   -7.5000   30.0000 2543.6338   15.5531
   -7.5000    0.0000   30.0000 2636.7161   14.6177
    0.0000    0.0000   30.0000 2658.0564   14.3481
    7.5000    0.0000   30.0000 2651.1711   14.2086
   -7.5000    7.5000   30.0000 2741.0894   13.4753
    0.0000    7.5000   30.0000 2771.2842   13.2547
    7.5000    7.5000   30.0000 2763.1836   13.1608
   -7.5000   15.0000   30.0000 2841.7661   12.5957
    0.0000   15.0000   30.0000 2876.9739   12.4314
    7.5000   15.0000   30.0000 2862.4585   12.3420
   -7.5000   22.5000   30.0000 2922.4990   12.0070
    0.0000   22.5000   30.0000 2968.9329   11.8606
    7.5000   22.5000   30.0000 2940.5947   11.8124
   -7.5000   30.0000   30.0000 2976.5403   11.6889
    0.0000   30.0000   30.0000 3027.8066   11.4582
    7.5000   30.0000   30.0000 2989.0061   11.5453
   -7.5000   37.5000   30.0000 2964.8130   11.7377
    0.0000   37.5000   30.0000 3013.8945   11.4545
    7.5000   37.5000   30.0000 2985.8037   11.5877
   -7.5000   45.0000   30.0000 2922.4138   12.0648
    0.0000   45.0000   30.0000 2966.5151   11.8338
    7.5000   45.0000   30.0000 2948.5913   11.8984
   -7.5000   52.5000   30.0000 2833.2551   12.5554
    0.0000   52.5000   30.0000 2867.9585   12.3369
    7.5000   52.5000   30.0000 2858.0901   12.3774
   -7.5000   60.0000   30.0000 2685.8223   13.1466
    0.0000   60.0000   30.0000 2714.9019   12.9238
    7.5000   60.0000   30.0000 2701.8076   12.9555
   -7.5000   67.5000   30.0000 2510.5625   13.7452
    0.0000   67.5000   30.0000 2535.8555   13.5031
    7.5000   67.5000   30.0000 2519.3899   13.5528
   -7.5000  -22.5000   37.5000 2255.4575   20.9193
    0.0000  -22.5000   37.5000 2273.0176   20.4322
    7.5000  -22.5000   37.5000 2272.8013   20.3529
   -7.5000  -15.0000   37.5000 2386.7031   18.2697
    0.0000  -15.0000   37.5000 2407.6135   17.8492
    7.5000  -15.0000   37.5000 2405.3489   17.8046
   -7.5000   -7.5000   37.5000 2504.4080   16.3890
    0.0000   -7.5000   37.5000 2524.9424   15.9945
    7.5000   -7.5000   37.5000 2520.1646   15.9591
   -7.5000    0.0000   37.5000 2615.5344   14.9146
    0.0000    0.0000   37.5000 2635.1150   14.5578
    7.5000    0.0000   37.5000 2629.4038   14.5508
   -7.5000    7.5000   37.5000 2725.1418   13.7379
    0.0000    7.5000   37.5000 2747.9844   13.4203
    7.5000    7.5000   37.5000 2741.2798   13.4354
   -7.5000   15.0000   37.5000 2823.0156   12.8185
    0.0000   15.0000   37.5000 2851.1956   12.5265
    7.5000   15.0000   37.5000 2841.3945   12.5729
   -7.5000   22.5000   37.5000 2898.8149   12.2203
    0.0000   22.5000   37.5000 2929.3748   11.9201
    7.5000   22.5000   37.5000 2913.0071   12.0204
   -7.5000   30.0000   37.5000 2944.4495   11.9502
    0.0000   30.0000   37.5000 2974.8674   11.6313
    7.5000   30.0000   37.5000 2948.8806   11.8008
   -7.5000   37.5000   37.5000 2936.6960   12.1146
    0.0000   37.5000   37.5000 2973.0864   11.8340
    7.5000   37.5000   37.5000 2951.1082   11.9406
   -7.5000   45.0000   37.5000 2889.5559   12.5279
    0.0000   45.0000   37.5000 2925.8982   12.2768
    7.5000   45.0000   37.5000 2911.8577   12.3641
   -7.5000   52.5000   37.5000 2798.5884   13.0434
    0.0000   52.5000   37.5000 2830.1624   12.7982
    7.5000   52.5000   37.5000 2817.2722   12.8754
   -7.5000   60.0000   37.5000 2650.3276   13.6302
    0.0000   60.0000   37.5000 2676.5674   13.3860
    7.5000   60.0000   37.5000 2664.1516   13.4271
   -7.5000   67.5000   37.5000 2474.0771   14.1769
    0.0000   67.5000   37.5000 2499.0964   13.9295
    7.5000   67.5000   37.5000 2487.3081   13.9650
   -7.5000  -22.5000   45.0000 2208.6455   21.4189
    0.0000  -22.5000   45.0000 2227.1975   20.9104
    7.5000  -22.5000   45.0000 2226.4153   20.9039
   -7.5000  -15.0000   45.0000 2347.2439   18.7330
    0.0000  -15.0000   45.0000 2367.6733   18.2344
    7.5000  -15.0000   45.0000 2365.4011   18.3030
   -7.5000   -7.5000   45.0000 2470.9580   16.8226
    0.0000   -7.5000   45.0000 2492.7798   16.3493
    7.5000   -7.5000   45.0000 2488.4387   16.4451
   -7.5000    0.0000   45.0000 2592.3574   15.3485
    0.0000    0.0000   45.0000 2615.5122   14.9220
    7.5000    0.0000   45.0000 2604.6738   15.0396
   -7.5000    7.5000   45.0000 2705.1436   14.1548
    0.0000    7.5000   45.0000 2727.9180   13.7650
    7.5000    7.5000   45.0000 2717.4690   13.8904
   -7.5000   15.0000   45.0000 2797.4597   13.2559
    0.0000   15.0000   45.0000 2820.7395   12.8742
    7.5000   15.0000   45.0000 2808.8169   13.0064
   -7.5000   22.5000   45.0000 2869.0801   12.6886
    0.0000   22.5000   45.0000 2898.0232   12.3008
    7.5000   22.5000   45.0000 2878.1445   12.4328
   -7.5000   30.0000   45.0000 2899.9468   12.4634
    0.0000   30.0000   45.0000 2930.6306   12.1516
    7.5000   30.0000   45.0000 2905.2288   12.2446
   -7.5000   37.5000   45.0000 2885.6982   12.6130
    0.0000   37.5000   45.0000 2919.4619   12.3570
    7.5000   37.5000   45.0000 2897.9011   12.4337
   -7.5000   45.0000   45.0000 2834.5930   13.0614
    0.0000   45.0000   45.0000 2864.7158   12.8093
    7.5000   45.0000   45.0000 2850.8022   12.8946
   -7.5000   52.5000   45.0000 2743.2913   13.6159
    0.0000   52.5000   45.0000 2769.0015   13.3635
    7.5000   52.5000   45.0000 2760.4497   13.4527
   -7.5000   60.0000   45.0000 2595.8640   14.2157
    0.0000   60.0000   45.0000 2620.4800   13.9718
    7.5000   60.0000   45.0000 2614.1038   14.0102
   -7.5000   67.5000   45.0000 2419.2134   14.7591
    0.0000   67.5000   45.0000 2443.0933   14.4968
    7.5000   67.5000   45.0000 2436.1716   14.5249
   -7.5000  -22.5000   52.5000 2166.4004   22.0692
    0.0000  -22.5000   52.5000 2187.9749   21.5011
    7.5000  -22.5000   52.5000 2189.1145   21.6418
   -7.5000  -15.0000   52.5000 2311.4033   19.3789
    0.0000  -15.0000   52.5000 2336.0239   18.8135
    7.5000  -15.0000   52.5000 2333.3049   18.9865
   -7.5000   -7.5000   52.5000 2438.2651   17.4423
    0.0000   -7.5000   52.5000 2462.6658   16.9188
    7.5000   -7.5000   52.5000 2456.4326   17.0978
   -7.5000    0.0000   52.5000 2557.6216   15.9305
    0.0000    0.0000   52.5000 2583.0566   15.4726
    7.5000    0.0000   52.5000 2571.7720   15.6564
   -7.5000    7.5000   52.5000 2666.8142   14.7327
    0.0000    7.5000   52.5000 2694.1218   14.2740
    7.5000    7.5000   52.5000 2679.6445   14.4740
   -7.5000   15.0000   52.5000 2755.5271   13.8624
    0.0000   15.0000   52.5000 2784.5540   13.4348
    7.5000   15.0000   52.5000 2764.4475   13.5825
   -7.5000   22.5000   52.5000 2822.7168   13.3292
    0.0000   22.5000   52.5000 2848.1375   12.9154
    7.5000   22.5000   52.5000 2828.2593   13.0487
   -7.5000   30.0000   52.5000 2847.2571   13.1262
    0.0000   30.0000   52.5000 2870.9268   12.8056
    7.5000   30.0000   52.5000 2844.8086   12.8980
   -7.5000   37.5000   52.5000 2822.3171   13.3123
    0.0000   37.5000   52.5000 2850.5122   13.0184
    7.5000   37.5000   52.5000 2828.7292   13.1214
   -7.5000   45.0000   52.5000 2771.5061   13.7317
    0.0000   45.0000   52.5000 2796.7639   13.4512
    7.5000   45.0000   52.5000 2783.4753   13.5404
   -7.5000   52.5000   52.5000 2676.1880   14.2935
    0.0000   52.5000   52.5000 2702.9780   14.0248
    7.5000   52.5000   52.5000 2691.8665   14.1154
   -7.5000   60.0000   52.5000 2528.8330   14.8789
    0.0000   60.0000   52.5000 2553.2173   14.6230
    7.5000   60.0000   52.5000 2546.8906   14.6561
   -7.5000   67.5000   52.5000 2353.2019   15.4232
    0.0000   67.5000   52.5000 2378.5024   15.1626
    7.5000   67.5000   52.5000 2371.0105   15.1983
   -7.5000  -22.5000   60.0000 2109.8828   22.8525
    0.0000  -22.5000   60.0000 2133.3652   22.2541
    7.5000  -22.5000   60.0000 2133.8809   22.4810
   -7.5000  -15.0000   60.0000 2249.3462   20.0821
    0.0000  -15.0000   60.0000 2282.0593   19.5815
    7.5000  -15.0000   60.0000 2273.3611   19.7934
   -7.5000   -7.5000   60.0000 2373.4141   18.1332
    0.0000   -7.5000   60.0000 2402.9019   17.6477
    7.5000   -7.5000   60.0000 2391.1389   17.8416
   -7.5000    0.0000   60.0000 2488.5576   16.5857
    0.0000    0.0000   60.0000 2513.4490   16.1178
    7.5000    0.0000   60.0000 2503.4417   16.3337
   -7.5000    7.5000   60.0000 2592.6938   15.3924
    0.0000    7.5000   60.0000 2622.1099   14.9367
    7.5000    7.5000   60.0000 2603.8630   15.1429
   -7.5000   15.0000   60.0000 2670.7920   14.5743
    0.0000   15.0000   60.0000 2703.2988   14.1408
    7.5000   15.0000   60.0000 2682.3135   14.2892
   -7.5000   22.5000   60.0000 2728.5757   14.0760
    0.0000   22.5000   60.0000 2750.8003   13.6702
    7.5000   22.5000   60.0000 2731.1702   13.8045
   -7.5000   30.0000   60.0000 2744.4482   13.8672
    0.0000   30.0000   60.0000 2768.7795   13.5554
    7.5000   30.0000   60.0000 2742.8816   13.6473
   -7.5000   37.5000   60.0000 2717.5781   14.0407
    0.0000   37.5000   60.0000 2744.2073   13.7558
    7.5000   37.5000   60.0000 2723.9246   13.8596
   -7.5000   45.0000   60.0000 2669.8777   14.4211
    0.0000   45.0000   60.0000 2693.6650   14.1696
    7.5000   45.0000   60.0000 2678.4919   14.2802
   -7.5000   52.5000   60.0000 2576.9497   15.0049
    0.0000   52.5000   60.0000 2598.8589   14.7452
    7.5000   52.5000   60.0000 2587.2866   14.8416
   -7.5000   60.0000   60.0000 2429.9165   15.5779
    0.0000   60.0000   60.0000 2455.6880   15.3284
    7.5000   60.0000   60.0000 2446.9612   15.3972
   -7.5000   67.5000   60.0000 2257.3596   16.1555
    0.0000   67.5000   60.0000 2284.4568   15.9025
    7.5000   67.5000   60.0000 2271.9822   15.9369

---------------------------------------------------------------------
imgreg_4dfp /opt/freesurfer/average/711-2C_as_mni_average_305 /opt/freesurfer/average/711-2B_as_mni_average_305_mask talsrcimg_g11 none talsrcimg_to_711-2C_as_mni_average_305_t4 1283
---------------------------------------------------------------------

freesurfer imgreg_4dfp.c
/opt/freesurfer/average/711-2C_as_mni_average_305.4dfp.img
       256       256       256         1
  1.000000  1.000000  1.000000
orientation T byte_order littleendian
Reading image: /opt/freesurfer/average/711-2C_as_mni_average_305.4dfp.img
dimensions:      256       256       256
mmppix:       1.0000   -1.0000   -1.0000
center:     128.0000 -129.0000 -129.0000
/opt/freesurfer/average/711-2B_as_mni_average_305_mask.4dfp.img
       256       256       256         1
  1.000000  1.000000  1.000000
orientation T byte_order littleendian
Reading mask: /opt/freesurfer/average/711-2B_as_mni_average_305_mask.4dfp.img (2306576 pixels)
talsrcimg_g11.4dfp.img
       256       256       256         1
  1.000000  1.000000  1.000000
orientation T byte_order littleendian
Reading image: talsrcimg_g11.4dfp.img
dimensions:      256       256       256
mmppix:       1.0000   -1.0000   -1.0000
center:     128.0000 -129.0000 -129.0000
rotation matrix determinant  1.000000
fimgreg.f
image alignment mode   1283 decimal      503 hex
parameters
    0.0000   30.0000   22.5000    0.0000    0.0000    0.0000
eta,q 0.96419 11.62720
niter,ni,del,rscale     5    3   12.0000    1.2000
parameters
    1.0059   31.9688   19.8314   -0.9803    2.2091   -1.4659
eta,q 0.96886 11.47786
  0.0561  0.0538  0.0371  0.0377  0.0465  0.0343
  0.0490  0.0465  0.0338  0.0344  0.0406  0.0321
  0.0420  0.0405  0.0335  0.0326  0.0356  0.0312
  0.0372  0.0368  0.0355  0.0334  0.0327  0.0314
  0.0374  0.0355  0.0393  0.0358  0.0314  0.0330
  0.0405  0.0365  0.0439  0.0379  0.0323  0.0356
  0.0483  0.0408  0.0485  0.0395  0.0349  0.0399
niter,ni,del,rscale     4    3   12.0000    1.2000
parameters
    0.3766   31.9775   20.2813   -1.0905    2.7860   -1.7872
eta,q 0.96872 11.49882
  0.0458  0.0431  0.0440  0.0387  0.0413  0.0354
  0.0376  0.0365  0.0360  0.0341  0.0361  0.0328
  0.0324  0.0322  0.0318  0.0317  0.0327  0.0315
  0.0311  0.0312  0.0312  0.0314  0.0313  0.0313
  0.0339  0.0333  0.0326  0.0329  0.0319  0.0319
  0.0427  0.0371  0.0355  0.0356  0.0338  0.0334
  0.0542  0.0423  0.0391  0.0382  0.0381  0.0364
niter,ni,del,rscale     3    3   12.0000    1.2000
parameters
    0.1574   31.9797   20.3273   -1.0864    2.9946   -1.8606
eta,q 0.96864 11.50019
  0.0478  0.0429  0.0419  0.0390  0.0402  0.0357
  0.0391  0.0362  0.0344  0.0343  0.0353  0.0330
  0.0331  0.0321  0.0313  0.0319  0.0323  0.0316
  0.0313  0.0313  0.0313  0.0313  0.0314  0.0314
  0.0328  0.0335  0.0330  0.0327  0.0321  0.0319
  0.0402  0.0370  0.0360  0.0352  0.0344  0.0332
  0.0514  0.0419  0.0398  0.0380  0.0391  0.0358
niter,ni,del,rscale     2    3   12.0000    1.2000
parameters
    0.0845   31.9712   20.3347   -1.0739    3.0679   -1.8825
eta,q 0.96861 11.50023
  0.0486  0.0428  0.0417  0.0389  0.0398  0.0358
  0.0397  0.0361  0.0342  0.0343  0.0350  0.0330
  0.0334  0.0320  0.0313  0.0319  0.0322  0.0316
  0.0314  0.0314  0.0314  0.0314  0.0314  0.0314
  0.0325  0.0335  0.0330  0.0327  0.0322  0.0319
  0.0395  0.0370  0.0360  0.0352  0.0347  0.0332
  0.0505  0.0418  0.0398  0.0379  0.0394  0.0357
niter,ni,del,rscale     1    3   12.0000    1.2000
parameters
    0.0591   31.9653   20.3384   -1.0665    3.0932   -1.8900
eta,q 0.96859 11.50028
  0.0488  0.0428  0.0417  0.0389  0.0397  0.0358
  0.0399  0.0361  0.0341  0.0343  0.0349  0.0331
  0.0335  0.0320  0.0313  0.0319  0.0321  0.0316
  0.0314  0.0314  0.0314  0.0314  0.0314  0.0314
  0.0325  0.0336  0.0330  0.0327  0.0322  0.0319
  0.0392  0.0370  0.0360  0.0352  0.0348  0.0332
  0.0501  0.0417  0.0398  0.0379  0.0396  0.0357
registration optimization eta report
parameter search radius
    6.0000    6.0000    6.0000    6.0000    6.0000    6.0000
100000*second partial in parameter space
       51.       30.       26.       19.       23.       12.
  0.0488  0.0428  0.0417  0.0389  0.0397  0.0358
  0.0399  0.0361  0.0341  0.0343  0.0349  0.0331
  0.0335  0.0320  0.0313  0.0319  0.0321  0.0316
  0.0314  0.0314  0.0314  0.0314  0.0314  0.0314
  0.0325  0.0336  0.0330  0.0327  0.0322  0.0319
  0.0392  0.0370  0.0360  0.0352  0.0348  0.0332
  0.0501  0.0417  0.0398  0.0379  0.0396  0.0357
    0.0591   31.9653   20.3384   -1.0665    3.0932   -1.8900
eta,q 0.96859 11.50028

---------------------------------------------------------------------
imgreg_4dfp /opt/freesurfer/average/711-2C_as_mni_average_305 /opt/freesurfer/average/711-2B_as_mni_average_305_mask talsrcimg_g11 none talsrcimg_to_711-2C_as_mni_average_305_t4 3335
---------------------------------------------------------------------

freesurfer imgreg_4dfp.c
/opt/freesurfer/average/711-2C_as_mni_average_305.4dfp.img
       256       256       256         1
  1.000000  1.000000  1.000000
orientation T byte_order littleendian
Reading image: /opt/freesurfer/average/711-2C_as_mni_average_305.4dfp.img
dimensions:      256       256       256
mmppix:       1.0000   -1.0000   -1.0000
center:     128.0000 -129.0000 -129.0000
/opt/freesurfer/average/711-2B_as_mni_average_305_mask.4dfp.img
       256       256       256         1
  1.000000  1.000000  1.000000
orientation T byte_order littleendian
Reading mask: /opt/freesurfer/average/711-2B_as_mni_average_305_mask.4dfp.img (2306576 pixels)
talsrcimg_g11.4dfp.img
       256       256       256         1
  1.000000  1.000000  1.000000
orientation T byte_order littleendian
Reading image: talsrcimg_g11.4dfp.img
dimensions:      256       256       256
mmppix:       1.0000   -1.0000   -1.0000
center:     128.0000 -129.0000 -129.0000
fimgreg.f
image alignment mode   3335 decimal      D07 hex
parameters
    0.0591   31.9653   20.3384   -0.2000   -0.0750   -0.1630
    3.3979   -5.3307   -3.2933    2.0383    5.3960   -1.8587
eta,q 0.97094 11.57386
niter,ni,del,rscale     5    3    5.0000    1.2000
parameter  4  0.548557 ->  0.500000 qaram    1.1500
parameter  5  0.576378 ->  0.500000 qaram    1.1500
parameter 12  0.979464 ->  0.500000 qaram    1.1500
parameters
   -0.0708   32.5744   20.0774   -4.3400   -4.2150    0.1790
    3.3664   -5.3556   -2.5211    0.8143    8.5537   -5.9987
eta,q 0.97392 11.36941
  0.0322  0.0328  0.0302  0.0286  0.0275  0.0308  0.0293  0.0322  0.0287  0.0289  0.0288  0.0260
  0.0304  0.0310  0.0294  0.0280  0.0271  0.0294  0.0281  0.0292  0.0278  0.0278  0.0279  0.0260
  0.0293  0.0297  0.0290  0.0280  0.0273  0.0282  0.0272  0.0274  0.0273  0.0271  0.0273  0.0263
  0.0291  0.0290  0.0289  0.0289  0.0279  0.0271  0.0270  0.0270  0.0270  0.0270  0.0270  0.0268
  0.0296  0.0289  0.0292  0.0308  0.0291  0.0268  0.0273  0.0277  0.0271  0.0277  0.0268  0.0274
  0.0309  0.0294  0.0299  0.0333  0.0311  0.0278  0.0281  0.0295  0.0274  0.0290  0.0268  0.0283
  0.0330  0.0302  0.0308  0.0364  0.0333  0.0312  0.0294  0.0320  0.0281  0.0309  0.0271  0.0292
niter,ni,del,rscale     7    3    5.0000    1.2000
parameters
    0.1558   32.3675   19.6572   -5.0133   -4.2777    0.5488
    3.3073   -5.5514   -3.3182    1.1264    8.8694   -8.1750
eta,q 0.97427 11.36055
  0.0301  0.0279  0.0270  0.0286  0.0287  0.0298  0.0282  0.0308  0.0270  0.0289  0.0271  0.0266
  0.0280  0.0268  0.0263  0.0275  0.0273  0.0284  0.0270  0.0279  0.0263  0.0273  0.0264  0.0260
  0.0267  0.0261  0.0260  0.0266  0.0264  0.0271  0.0262  0.0263  0.0259  0.0263  0.0260  0.0257
  0.0261  0.0261  0.0260  0.0260  0.0260  0.0260  0.0259  0.0259  0.0259  0.0259  0.0259  0.0258
  0.0262  0.0265  0.0264  0.0262  0.0263  0.0257  0.0262  0.0267  0.0262  0.0261  0.0259  0.0263
  0.0272  0.0273  0.0271  0.0277  0.0271  0.0267  0.0270  0.0285  0.0267  0.0270  0.0263  0.0271
  0.0288  0.0286  0.0280  0.0302  0.0290  0.0301  0.0284  0.0312  0.0276  0.0284  0.0269  0.0280
niter,ni,del,rscale     6    3    5.0000    1.2000
parameters
    0.1591   32.4533   19.6314   -5.2095   -4.3377    0.5976
    3.3808   -5.5441   -3.2841    1.5233    8.7113   -8.3191
eta,q 0.97428 11.35392
  0.0292  0.0282  0.0274  0.0286  0.0285  0.0294  0.0282  0.0309  0.0272  0.0288  0.0269  0.0272
  0.0273  0.0269  0.0264  0.0274  0.0271  0.0281  0.0269  0.0280  0.0264  0.0273  0.0262  0.0264
  0.0261  0.0260  0.0259  0.0265  0.0261  0.0268  0.0260  0.0262  0.0259  0.0262  0.0258  0.0259
  0.0257  0.0257  0.0257  0.0257  0.0258  0.0258  0.0257  0.0257  0.0257  0.0257  0.0257  0.0257
  0.0261  0.0260  0.0260  0.0258  0.0260  0.0257  0.0260  0.0264  0.0259  0.0260  0.0259  0.0259
  0.0273  0.0267  0.0265  0.0271  0.0269  0.0269  0.0268  0.0281  0.0264  0.0268  0.0263  0.0265
  0.0292  0.0279  0.0274  0.0295  0.0288  0.0304  0.0281  0.0307  0.0272  0.0282  0.0270  0.0273
niter,ni,del,rscale     5    3    5.0000    1.2000
parameters
    0.1624   32.5195   19.6115   -5.2512   -4.4114    0.5705
    3.3996   -5.5385   -3.2807    1.6381    8.7207   -8.3868
eta,q 0.97427 11.34880
  0.0292  0.0282  0.0274  0.0287  0.0285  0.0294  0.0282  0.0309  0.0272  0.0286  0.0269  0.0273
  0.0273  0.0269  0.0264  0.0274  0.0271  0.0280  0.0269  0.0280  0.0264  0.0271  0.0263  0.0264
  0.0261  0.0260  0.0259  0.0265  0.0261  0.0268  0.0260  0.0262  0.0259  0.0261  0.0259  0.0259
  0.0257  0.0257  0.0257  0.0257  0.0257  0.0257  0.0257  0.0257  0.0257  0.0257  0.0257  0.0257
  0.0261  0.0260  0.0260  0.0257  0.0260  0.0257  0.0260  0.0264  0.0259  0.0261  0.0259  0.0259
  0.0273  0.0267  0.0265  0.0270  0.0268  0.0269  0.0268  0.0281  0.0264  0.0270  0.0263  0.0265
  0.0291  0.0279  0.0274  0.0293  0.0288  0.0306  0.0282  0.0307  0.0272  0.0284  0.0269  0.0273
niter,ni,del,rscale     4    3    5.0000    1.2000
parameters
    0.1625   32.5436   19.5923   -5.2510   -4.4297    0.5486
    3.4101   -5.5426   -3.2927    1.6845    8.7372   -8.4098
eta,q 0.97425 11.34763
  0.0291  0.0281  0.0274  0.0287  0.0285  0.0294  0.0282  0.0309  0.0272  0.0285  0.0270  0.0273
  0.0273  0.0268  0.0264  0.0274  0.0271  0.0280  0.0269  0.0280  0.0264  0.0271  0.0263  0.0264
  0.0261  0.0260  0.0259  0.0265  0.0261  0.0268  0.0260  0.0262  0.0259  0.0261  0.0259  0.0259
  0.0257  0.0257  0.0257  0.0257  0.0257  0.0257  0.0257  0.0257  0.0257  0.0257  0.0257  0.0257
  0.0261  0.0260  0.0260  0.0257  0.0260  0.0257  0.0260  0.0264  0.0259  0.0261  0.0259  0.0259
  0.0273  0.0268  0.0265  0.0270  0.0268  0.0269  0.0268  0.0281  0.0264  0.0270  0.0263  0.0265
  0.0291  0.0280  0.0274  0.0293  0.0288  0.0306  0.0282  0.0307  0.0272  0.0285  0.0269  0.0273
niter,ni,del,rscale     3    3    5.0000    1.2000
parameters
    0.1622   32.5551   19.5782   -5.2481   -4.4359    0.5325
    3.4093   -5.5445   -3.3039    1.7105    8.7429   -8.4220
eta,q 0.97425 11.34716
  0.0292  0.0281  0.0274  0.0287  0.0285  0.0294  0.0282  0.0309  0.0272  0.0285  0.0270  0.0273
  0.0273  0.0268  0.0264  0.0274  0.0271  0.0280  0.0269  0.0280  0.0264  0.0271  0.0263  0.0264
  0.0261  0.0260  0.0259  0.0265  0.0261  0.0268  0.0260  0.0262  0.0259  0.0261  0.0259  0.0259
  0.0257  0.0257  0.0258  0.0257  0.0257  0.0257  0.0258  0.0258  0.0258  0.0258  0.0257  0.0257
  0.0261  0.0260  0.0260  0.0258  0.0260  0.0257  0.0260  0.0264  0.0259  0.0261  0.0259  0.0259
  0.0273  0.0268  0.0265  0.0270  0.0268  0.0269  0.0268  0.0281  0.0264  0.0270  0.0263  0.0265
  0.0291  0.0280  0.0274  0.0293  0.0288  0.0306  0.0282  0.0307  0.0272  0.0285  0.0269  0.0273
registration optimization eta report
parameter search radius
    2.4000    2.4000    2.4000    8.2800    8.2800    7.2000
    7.2000    7.2000    7.2000    7.2000    7.2000    8.2800
100000*second partial in parameter space
       59.       40.       29.        5.        4.        8.
        5.       10.        3.        5.        2.        2.
  0.0292  0.0281  0.0274  0.0287  0.0285  0.0294  0.0282  0.0309  0.0272  0.0285  0.0270  0.0273
  0.0273  0.0268  0.0264  0.0274  0.0271  0.0280  0.0269  0.0280  0.0264  0.0271  0.0263  0.0264
  0.0261  0.0260  0.0259  0.0265  0.0261  0.0268  0.0260  0.0262  0.0259  0.0261  0.0259  0.0259
  0.0257  0.0257  0.0258  0.0257  0.0257  0.0257  0.0258  0.0258  0.0258  0.0258  0.0257  0.0257
  0.0261  0.0260  0.0260  0.0258  0.0260  0.0257  0.0260  0.0264  0.0259  0.0261  0.0259  0.0259
  0.0273  0.0268  0.0265  0.0270  0.0268  0.0269  0.0268  0.0281  0.0264  0.0270  0.0263  0.0265
  0.0291  0.0280  0.0274  0.0293  0.0288  0.0306  0.0282  0.0307  0.0272  0.0285  0.0269  0.0273
    0.1622   32.5551   19.5782   -5.2481   -4.4359    0.5325
    3.4093   -5.5445   -3.3039    1.7105    8.7429   -8.4220
eta,q 0.97425 11.34716

---------------------------------------------------------------------
imgreg_4dfp /opt/freesurfer/average/711-2C_as_mni_average_305 /opt/freesurfer/average/711-2B_as_mni_average_305_mask talsrcimg_g11 none talsrcimg_to_711-2C_as_mni_average_305_t4 2311
---------------------------------------------------------------------

freesurfer imgreg_4dfp.c
/opt/freesurfer/average/711-2C_as_mni_average_305.4dfp.img
       256       256       256         1
  1.000000  1.000000  1.000000
orientation T byte_order littleendian
Reading image: /opt/freesurfer/average/711-2C_as_mni_average_305.4dfp.img
dimensions:      256       256       256
mmppix:       1.0000   -1.0000   -1.0000
center:     128.0000 -129.0000 -129.0000
/opt/freesurfer/average/711-2B_as_mni_average_305_mask.4dfp.img
       256       256       256         1
  1.000000  1.000000  1.000000
orientation T byte_order littleendian
Reading mask: /opt/freesurfer/average/711-2B_as_mni_average_305_mask.4dfp.img (2306576 pixels)
talsrcimg_g11.4dfp.img
       256       256       256         1
  1.000000  1.000000  1.000000
orientation T byte_order littleendian
Reading image: talsrcimg_g11.4dfp.img
dimensions:      256       256       256
mmppix:       1.0000   -1.0000   -1.0000
center:     128.0000 -129.0000 -129.0000
fimgreg.f
image alignment mode   2311 decimal      907 hex
parameters
    0.1622   32.5551   19.5782   -5.2481   -4.4359    0.5325
    3.4093   -5.5445   -3.3039    1.7105    8.7429   -8.4220
eta,q 0.97425 11.34715
niter,ni,del,rscale     5    3    5.0000    0.8000
parameters
    0.1577   32.5258   19.5172   -4.2928   -4.0108    1.2128
    3.3715   -5.4581   -3.2398    1.6370    8.7364   -8.4781
eta,q 0.97453 11.39712
  0.0273  0.0268  0.0264  0.0272  0.0267  0.0279  0.0266  0.0283  0.0262  0.0268  0.0262  0.0260
  0.0264  0.0262  0.0260  0.0267  0.0262  0.0271  0.0260  0.0267  0.0258  0.0261  0.0258  0.0257
  0.0259  0.0259  0.0258  0.0261  0.0258  0.0263  0.0256  0.0258  0.0256  0.0256  0.0255  0.0255
  0.0257  0.0257  0.0257  0.0257  0.0256  0.0256  0.0255  0.0255  0.0255  0.0255  0.0255  0.0255
  0.0259  0.0259  0.0259  0.0256  0.0257  0.0255  0.0256  0.0258  0.0256  0.0257  0.0256  0.0255
  0.0264  0.0263  0.0261  0.0259  0.0259  0.0261  0.0260  0.0267  0.0258  0.0262  0.0258  0.0257
  0.0273  0.0268  0.0265  0.0265  0.0264  0.0272  0.0266  0.0280  0.0261  0.0269  0.0261  0.0261
niter,ni,del,rscale     4    3    5.0000    0.7000
parameters
    0.1177   32.5262   19.7921   -4.2899   -4.1125    1.6186
    3.3618   -5.4915   -3.1941    1.6334    8.7146   -8.3088
eta,q 0.97463 11.40092
  0.0267  0.0263  0.0264  0.0265  0.0261  0.0273  0.0262  0.0275  0.0259  0.0265  0.0259  0.0259
  0.0260  0.0258  0.0260  0.0260  0.0258  0.0266  0.0257  0.0263  0.0256  0.0259  0.0256  0.0256
  0.0256  0.0256  0.0256  0.0256  0.0255  0.0260  0.0255  0.0256  0.0254  0.0255  0.0254  0.0254
  0.0255  0.0255  0.0255  0.0254  0.0254  0.0254  0.0254  0.0254  0.0254  0.0254  0.0254  0.0254
  0.0256  0.0256  0.0255  0.0255  0.0256  0.0254  0.0255  0.0256  0.0254  0.0255  0.0254  0.0254
  0.0261  0.0258  0.0256  0.0259  0.0258  0.0260  0.0258  0.0264  0.0256  0.0259  0.0256  0.0255
  0.0268  0.0263  0.0259  0.0266  0.0262  0.0269  0.0262  0.0275  0.0259  0.0265  0.0259  0.0258
niter,ni,del,rscale     3    3    5.0000    0.6000
parameters
    0.0985   32.4939   19.9618   -4.2471   -4.1613    1.8828
    3.3310   -5.5099   -3.2136    1.5794    8.7094   -8.1561
eta,q 0.97468 11.40496
  0.0263  0.0260  0.0260  0.0262  0.0259  0.0269  0.0259  0.0269  0.0257  0.0261  0.0257  0.0257
  0.0258  0.0256  0.0257  0.0258  0.0256  0.0263  0.0256  0.0260  0.0255  0.0257  0.0255  0.0255
  0.0255  0.0254  0.0255  0.0255  0.0254  0.0257  0.0254  0.0255  0.0254  0.0254  0.0254  0.0254
  0.0254  0.0254  0.0254  0.0254  0.0254  0.0254  0.0253  0.0253  0.0253  0.0253  0.0253  0.0253
  0.0255  0.0255  0.0254  0.0254  0.0254  0.0254  0.0254  0.0255  0.0254  0.0254  0.0254  0.0253
  0.0258  0.0257  0.0255  0.0257  0.0256  0.0259  0.0256  0.0261  0.0255  0.0257  0.0255  0.0255
  0.0263  0.0260  0.0257  0.0262  0.0259  0.0266  0.0260  0.0269  0.0257  0.0262  0.0257  0.0256
niter,ni,del,rscale     2    3    5.0000    0.5000
parameters
    0.0841   32.4624   20.0782   -4.1864   -4.2105    2.0621
    3.3092   -5.5171   -3.2095    1.5234    8.6972   -8.0388
eta,q 0.97471 11.40789
  0.0259  0.0257  0.0258  0.0259  0.0257  0.0265  0.0257  0.0264  0.0256  0.0259  0.0256  0.0256
  0.0256  0.0255  0.0256  0.0256  0.0255  0.0260  0.0255  0.0258  0.0254  0.0256  0.0254  0.0254
  0.0254  0.0254  0.0254  0.0254  0.0254  0.0256  0.0253  0.0254  0.0253  0.0254  0.0253  0.0253
  0.0253  0.0253  0.0253  0.0253  0.0253  0.0253  0.0253  0.0253  0.0253  0.0253  0.0253  0.0253
  0.0254  0.0254  0.0253  0.0254  0.0254  0.0254  0.0253  0.0254  0.0253  0.0254  0.0253  0.0253
  0.0256  0.0255  0.0254  0.0256  0.0255  0.0258  0.0255  0.0258  0.0254  0.0256  0.0254  0.0254
  0.0260  0.0258  0.0256  0.0259  0.0257  0.0263  0.0257  0.0264  0.0256  0.0259  0.0256  0.0255
niter,ni,del,rscale     1    3    5.0000    0.4000
parameters
    0.0763   32.4383   20.1589   -4.1579   -4.2586    2.1940
    3.2998   -5.5249   -3.2048    1.4989    8.7004   -7.9430
eta,q 0.97472 11.40941
  0.0257  0.0256  0.0256  0.0257  0.0255  0.0261  0.0256  0.0260  0.0255  0.0257  0.0255  0.0255
  0.0255  0.0254  0.0254  0.0255  0.0254  0.0258  0.0254  0.0256  0.0254  0.0255  0.0254  0.0254
  0.0253  0.0253  0.0253  0.0254  0.0253  0.0255  0.0253  0.0254  0.0253  0.0253  0.0253  0.0253
  0.0253  0.0253  0.0253  0.0253  0.0253  0.0253  0.0253  0.0253  0.0253  0.0253  0.0253  0.0253
  0.0253  0.0253  0.0253  0.0253  0.0253  0.0253  0.0253  0.0254  0.0253  0.0253  0.0253  0.0253
  0.0255  0.0254  0.0254  0.0255  0.0254  0.0256  0.0254  0.0256  0.0254  0.0255  0.0254  0.0253
  0.0257  0.0256  0.0255  0.0257  0.0255  0.0260  0.0256  0.0260  0.0255  0.0257  0.0255  0.0254
registration optimization eta report
parameter search radius
    0.8000    0.8000    0.8000    2.4000    2.4000    2.4000
    2.4000    2.4000    2.4000    2.4000    2.4000    2.4000
100000*second partial in parameter space
       64.       44.       40.        7.        4.       13.
        5.       13.        3.        7.        3.        3.
  0.0257  0.0256  0.0256  0.0257  0.0255  0.0261  0.0256  0.0260  0.0255  0.0257  0.0255  0.0255
  0.0255  0.0254  0.0254  0.0255  0.0254  0.0258  0.0254  0.0256  0.0254  0.0255  0.0254  0.0254
  0.0253  0.0253  0.0253  0.0254  0.0253  0.0255  0.0253  0.0254  0.0253  0.0253  0.0253  0.0253
  0.0253  0.0253  0.0253  0.0253  0.0253  0.0253  0.0253  0.0253  0.0253  0.0253  0.0253  0.0253
  0.0253  0.0253  0.0253  0.0253  0.0253  0.0253  0.0253  0.0254  0.0253  0.0253  0.0253  0.0253
  0.0255  0.0254  0.0254  0.0255  0.0254  0.0256  0.0254  0.0256  0.0254  0.0255  0.0254  0.0253
  0.0257  0.0256  0.0255  0.0257  0.0255  0.0260  0.0256  0.0260  0.0255  0.0257  0.0255  0.0254
    0.0763   32.4383   20.1589   -4.1579   -4.2586    2.1940
    3.2998   -5.5249   -3.2048    1.4989    8.7004   -7.9430
eta,q 0.97472 11.40941

---------------------------------------------------------------------
imgreg_4dfp /opt/freesurfer/average/711-2C_as_mni_average_305 /opt/freesurfer/average/711-2B_as_mni_average_305_mask talsrcimg_g11 none talsrcimg_to_711-2C_as_mni_average_305_t4 2311
---------------------------------------------------------------------

freesurfer imgreg_4dfp.c
/opt/freesurfer/average/711-2C_as_mni_average_305.4dfp.img
       256       256       256         1
  1.000000  1.000000  1.000000
orientation T byte_order littleendian
Reading image: /opt/freesurfer/average/711-2C_as_mni_average_305.4dfp.img
dimensions:      256       256       256
mmppix:       1.0000   -1.0000   -1.0000
center:     128.0000 -129.0000 -129.0000
/opt/freesurfer/average/711-2B_as_mni_average_305_mask.4dfp.img
       256       256       256         1
  1.000000  1.000000  1.000000
orientation T byte_order littleendian
Reading mask: /opt/freesurfer/average/711-2B_as_mni_average_305_mask.4dfp.img (2306576 pixels)
talsrcimg_g11.4dfp.img
       256       256       256         1
  1.000000  1.000000  1.000000
orientation T byte_order littleendian
Reading image: talsrcimg_g11.4dfp.img
dimensions:      256       256       256
mmppix:       1.0000   -1.0000   -1.0000
center:     128.0000 -129.0000 -129.0000
fimgreg.f
image alignment mode   2311 decimal      907 hex
parameters
    0.0763   32.4383   20.1589   -4.1579   -4.2586    2.1940
    3.2998   -5.5249   -3.2048    1.4989    8.7004   -7.9430
eta,q 0.97472 11.40941
niter,ni,del,rscale     5    3    5.0000    0.8000
parameters
    0.0741   32.4388   20.2111   -4.5508   -4.3331    1.9192
    3.2940   -5.5531   -3.1851    1.4045    8.6625   -8.0754
eta,q 0.97467 11.39432
  0.0269  0.0264  0.0263  0.0265  0.0262  0.0273  0.0264  0.0279  0.0260  0.0267  0.0260  0.0259
  0.0260  0.0258  0.0258  0.0259  0.0257  0.0265  0.0258  0.0264  0.0256  0.0260  0.0256  0.0256
  0.0255  0.0254  0.0254  0.0255  0.0254  0.0258  0.0254  0.0256  0.0254  0.0255  0.0254  0.0254
  0.0253  0.0253  0.0253  0.0253  0.0253  0.0253  0.0253  0.0253  0.0253  0.0253  0.0253  0.0253
  0.0255  0.0254  0.0254  0.0255  0.0254  0.0256  0.0255  0.0257  0.0254  0.0255  0.0254  0.0254
  0.0260  0.0258  0.0257  0.0261  0.0257  0.0265  0.0258  0.0266  0.0256  0.0260  0.0256  0.0256
  0.0269  0.0264  0.0262  0.0272  0.0263  0.0283  0.0264  0.0279  0.0260  0.0268  0.0260  0.0260
niter,ni,del,rscale     4    3    5.0000    0.7000
parameters
    0.0968   32.3985   20.0935   -4.4184   -4.2530    1.9436
    3.2935   -5.5071   -3.1810    1.3923    8.6644   -8.1128
eta,q 0.97468 11.40014
  0.0266  0.0261  0.0259  0.0264  0.0261  0.0271  0.0262  0.0275  0.0258  0.0264  0.0259  0.0258
  0.0259  0.0257  0.0256  0.0260  0.0257  0.0264  0.0257  0.0263  0.0255  0.0258  0.0256  0.0255
  0.0255  0.0254  0.0254  0.0256  0.0254  0.0257  0.0254  0.0255  0.0254  0.0255  0.0254  0.0254
  0.0253  0.0253  0.0253  0.0253  0.0253  0.0253  0.0253  0.0253  0.0253  0.0253  0.0253  0.0253
  0.0255  0.0255  0.0255  0.0254  0.0254  0.0255  0.0254  0.0256  0.0254  0.0254  0.0254  0.0254
  0.0259  0.0257  0.0257  0.0257  0.0256  0.0262  0.0257  0.0262  0.0256  0.0258  0.0256  0.0255
  0.0265  0.0262  0.0262  0.0264  0.0260  0.0273  0.0262  0.0273  0.0258  0.0264  0.0259  0.0258
niter,ni,del,rscale     3    3    5.0000    0.6000
parameters
    0.0949   32.4067   20.1021   -4.2987   -4.2296    2.0442
    3.3004   -5.5025   -3.1722    1.4183    8.6691   -8.0664
eta,q 0.97470 11.40484
  0.0262  0.0259  0.0259  0.0262  0.0259  0.0268  0.0259  0.0269  0.0257  0.0261  0.0257  0.0257
  0.0257  0.0256  0.0256  0.0258  0.0256  0.0262  0.0256  0.0260  0.0255  0.0257  0.0255  0.0255
  0.0254  0.0254  0.0254  0.0255  0.0254  0.0257  0.0254  0.0255  0.0253  0.0254  0.0253  0.0254
  0.0253  0.0253  0.0253  0.0253  0.0253  0.0253  0.0253  0.0253  0.0253  0.0253  0.0253  0.0253
  0.0254  0.0254  0.0254  0.0254  0.0254  0.0254  0.0254  0.0255  0.0253  0.0254  0.0253  0.0253
  0.0257  0.0256  0.0256  0.0256  0.0255  0.0260  0.0256  0.0260  0.0255  0.0257  0.0255  0.0255
  0.0262  0.0259  0.0259  0.0262  0.0258  0.0267  0.0259  0.0269  0.0257  0.0261  0.0257  0.0257
niter,ni,del,rscale     2    3    5.0000    0.5000
parameters
    0.0849   32.4102   20.1484   -4.2170   -4.2398    2.1477
    3.2878   -5.5094   -3.1886    1.4406    8.6783   -7.9814
eta,q 0.97471 11.40814
  0.0259  0.0257  0.0257  0.0259  0.0257  0.0264  0.0257  0.0264  0.0256  0.0259  0.0256  0.0256
  0.0256  0.0255  0.0255  0.0256  0.0255  0.0260  0.0255  0.0258  0.0254  0.0256  0.0254  0.0254
  0.0254  0.0253  0.0254  0.0254  0.0253  0.0255  0.0253  0.0254  0.0253  0.0254  0.0253  0.0253
  0.0253  0.0253  0.0253  0.0253  0.0253  0.0253  0.0253  0.0253  0.0253  0.0253  0.0253  0.0253
  0.0254  0.0254  0.0253  0.0253  0.0253  0.0254  0.0253  0.0254  0.0253  0.0254  0.0253  0.0253
  0.0256  0.0255  0.0255  0.0255  0.0255  0.0258  0.0255  0.0258  0.0254  0.0256  0.0254  0.0254
  0.0260  0.0257  0.0257  0.0259  0.0257  0.0264  0.0257  0.0264  0.0256  0.0259  0.0256  0.0255
niter,ni,del,rscale     1    3    5.0000    0.4000
parameters
    0.0772   32.4110   20.1988   -4.1600   -4.2659    2.2363
    3.2813   -5.5212   -3.1899    1.4457    8.7068   -7.8994
eta,q 0.97471 11.41008
  0.0257  0.0256  0.0256  0.0257  0.0255  0.0261  0.0256  0.0260  0.0255  0.0257  0.0255  0.0255
  0.0255  0.0254  0.0254  0.0255  0.0254  0.0258  0.0254  0.0256  0.0254  0.0255  0.0254  0.0254
  0.0253  0.0253  0.0253  0.0254  0.0253  0.0255  0.0253  0.0254  0.0253  0.0253  0.0253  0.0253
  0.0253  0.0253  0.0253  0.0253  0.0253  0.0253  0.0253  0.0253  0.0253  0.0253  0.0253  0.0253
  0.0253  0.0253  0.0253  0.0253  0.0253  0.0254  0.0253  0.0254  0.0253  0.0253  0.0253  0.0253
  0.0255  0.0254  0.0254  0.0255  0.0254  0.0256  0.0254  0.0256  0.0254  0.0255  0.0254  0.0253
  0.0257  0.0256  0.0255  0.0257  0.0255  0.0260  0.0256  0.0260  0.0255  0.0257  0.0255  0.0254
registration optimization eta report
parameter search radius
    0.8000    0.8000    0.8000    2.4000    2.4000    2.4000
    2.4000    2.4000    2.4000    2.4000    2.4000    2.4000
100000*second partial in parameter space
       64.       44.       41.        7.        4.       14.
        5.       12.        3.        7.        3.        3.
  0.0257  0.0256  0.0256  0.0257  0.0255  0.0261  0.0256  0.0260  0.0255  0.0257  0.0255  0.0255
  0.0255  0.0254  0.0254  0.0255  0.0254  0.0258  0.0254  0.0256  0.0254  0.0255  0.0254  0.0254
  0.0253  0.0253  0.0253  0.0254  0.0253  0.0255  0.0253  0.0254  0.0253  0.0253  0.0253  0.0253
  0.0253  0.0253  0.0253  0.0253  0.0253  0.0253  0.0253  0.0253  0.0253  0.0253  0.0253  0.0253
  0.0253  0.0253  0.0253  0.0253  0.0253  0.0254  0.0253  0.0254  0.0253  0.0253  0.0253  0.0253
  0.0255  0.0254  0.0254  0.0255  0.0254  0.0256  0.0254  0.0256  0.0254  0.0255  0.0254  0.0253
  0.0257  0.0256  0.0255  0.0257  0.0255  0.0260  0.0256  0.0260  0.0255  0.0257  0.0255  0.0254
    0.0772   32.4110   20.1988   -4.1600   -4.2659    2.2363
    3.2813   -5.5212   -3.1899    1.4457    8.7068   -7.8994
eta,q 0.97471 11.41008

---------------------------------------------------------------------
compute_vox2vox talsrcimg talsrcimg_to_711-2C_as_mni_average_305_t4 /opt/freesurfer/average/711-2C_as_mni_average_305
---------------------------------------------------------------------

freesurfer compute_vox2vox.c
Reading: talsrcimg.4dfp.ifh
Reading: talsrcimg_to_711-2C_as_mni_average_305_t4
Reading: /opt/freesurfer/average/711-2C_as_mni_average_305.4dfp.ifh
Writing: talsrcimg_to_711-2C_as_mni_average_305_t4_vox2vox.txt

start time Sun Mar 8 21:10:19 CET 2026
end		time Sun Mar 8 21:11:45 CET 2026

mpr2mni305 success

avi2talxfm orig_nu.mgz /opt/freesurfer/average/mni305.cor.mgz talsrcimg_to_711-2C_as_mni_average_305_t4_vox2vox.txt transforms/talairach.auto.xfm
avi2talxfm done
mv -f /out/sourcedata/freesurfer/sub-v1s15x0050207_ses-1/mri/talsrcimg_to_711-2C_as_mni_average_305_t4_vox2vox.txt /out/sourcedata/freesurfer/sub-v1s15x0050207_ses-1/mri/transforms/talsrcimg_to_711-2C_as_mni_average_305_t4_vox2vox.txt
lta_convert --src orig_nu.mgz --trg /opt/freesurfer/average/mni305.cor.mgz --inxfm transforms/talairach.auto.xfm --outlta transforms/talairach.auto.xfm.lta --subject fsaverage
7.3.2

--src: orig_nu.mgz src image (geometry).
--trg: /opt/freesurfer/average/mni305.cor.mgz trg image (geometry).
--inmni: transforms/talairach.auto.xfm input MNI/XFM transform.
--outlta: transforms/talairach.auto.xfm.lta output LTA.
--s: fsaverage subject name
 LTA read, type : 1
 1.03725   0.05645  -0.03089  -1.05376;
-0.08557   0.97233   0.08316  -29.23906;
 0.03585  -0.01280   1.04227  -24.80550;
 0.00000   0.00000   0.00000   1.00000;
setting subject to fsaverage
Writing  LTA to file transforms/talairach.auto.xfm.lta...
lta_convert successful.
 
 
Started at Sun Mar 8 21:10:18 CET 2026
Ended   at Sun Mar  8 21:11:46 CET 2026
talairach_avi done
