status file for recon-all
Sun Mar  8 22:15:29 CET 2026
#@# Tessellate lh Sun Mar  8 22:15:29 CET 2026
#@# Smooth1 lh Sun Mar  8 22:15:33 CET 2026
#@# Inflation1 lh Sun Mar  8 22:15:35 CET 2026
#@# QSphere lh Sun Mar  8 22:15:46 CET 2026
#@# Fix Topology lh Sun Mar  8 22:16:40 CET 2026
#@# Smooth2 lh Sun Mar  8 22:22:22 CET 2026
#@# Inflation2 lh Sun Mar  8 22:22:25 CET 2026
#@# Curv .H and .K lh Sun Mar  8 22:22:37 CET 2026
#@# Sphere lh Sun Mar  8 22:23:28 CET 2026
#@# Surf Reg lh Sun Mar  8 22:26:11 CET 2026
#@# Jacobian white lh Sun Mar  8 22:29:35 CET 2026
#@# AvgCurv lh Sun Mar  8 22:29:35 CET 2026
#@# Cortical Parc lh Sun Mar  8 22:29:36 CET 2026
#@# white curv lh Sun Mar  8 22:35:42 CET 2026
#@# white area lh Sun Mar  8 22:35:43 CET 2026
#@# pial curv lh Sun Mar  8 22:35:44 CET 2026
#@# pial area lh Sun Mar  8 22:35:45 CET 2026
#@# thickness lh Sun Mar  8 22:35:46 CET 2026
#@# area and vertex vol lh Sun Mar  8 22:36:19 CET 2026
#@# Curvature Stats lh Sun Mar  8 22:36:20 CET 2026
#@# Cortical Parc 2 lh Sun Mar  8 22:36:22 CET 2026
#@# Cortical Parc 3 lh Sun Mar  8 22:36:36 CET 2026
#@# WM/GM Contrast lh Sun Mar  8 22:36:46 CET 2026
recon-all -s sub-v1s15x0050198_ses-1 finished without error at Sun Mar  8 22:36:49 CET 2026



#New# invocation of recon-all 



status file for recon-all
Sun Mar  8 23:02:24 CET 2026
#@# white curv lh Sun Mar  8 23:02:24 CET 2026
#@# white area lh Sun Mar  8 23:02:24 CET 2026
#@# pial curv lh Sun Mar  8 23:02:24 CET 2026
#@# pial area lh Sun Mar  8 23:02:24 CET 2026
#@# thickness lh Sun Mar  8 23:02:24 CET 2026
#@# area and vertex vol lh Sun Mar  8 23:02:24 CET 2026
#@# Parcellation Stats lh Sun Mar  8 23:02:24 CET 2026
#@# Parcellation Stats 2 lh Sun Mar  8 23:02:44 CET 2026
#@# Parcellation Stats 3 lh Sun Mar  8 23:02:55 CET 2026
#@# BA_exvivo Labels lh Sun Mar  8 23:03:05 CET 2026
recon-all -s sub-v1s15x0050198_ses-1 finished without error at Sun Mar  8 23:05:33 CET 2026
