/out/sourcedata/freesurfer/sub-v1s15x0050193_ses-1/mri
/opt/freesurfer/bin/talairach_avi
--i orig_nu.mgz --xfm transforms/talairach.auto.xfm
talairach_avi 7.3.2
Linux dna061 5.14.0-427.37.1.el9_4.x86_64 #1 SMP PREEMPT_DYNAMIC Fri Sep 13 12:41:50 EDT 2024 x86_64 x86_64 x86_64 GNU/Linux
Thu Mar 12 11:20:11 CET 2026
mri_convert orig_nu.mgz talsrcimg.img 
reading from orig_nu.mgz...
TR=0.00, TE=0.00, TI=0.00, flip angle=0.00
i_ras = (-1, 0, 0)
j_ras = (0, 0, -1)
k_ras = (0, 1, 0)
writing to talsrcimg.img...
Analyze Output Matrix
-1.00000   0.00000   0.00000   136.29660;
 0.00000   0.00000   1.00000  -122.87500;
 0.00000  -1.00000   0.00000   78.40601;
 0.00000   0.00000   0.00000   1.00000;
--------------------
INFO: set hdr.hist.orient to -1
mpr2mni305 talsrcimg
Thu Mar 12 11:20:12 CET 2026
/opt/freesurfer/bin/mpr2mni305 talsrcimg
mpr2mni305 7.3.2
target=711-2C_as_mni_average_305

---------------------------------------------------------------------
analyzeto4dfp talsrcimg -O0 -y
---------------------------------------------------------------------

freesurfer ifh2hdr.c
Thu Mar 12 11:20:12 2026
Writing: talsrcimg.4dfp.hdr
freesurfer analyzeto4dfp.c
Reading: talsrcimg.hdr
header size 348 bytes
hdr.dime.datatype	offset=70	value=2
hdr.dime.bitpix		offset=72	value=8
hdr.hist.orient		offset=252	value=-1
dimensionality     4
dimensions       256       256       256         1
Reading: talsrcimg.img
Writing: talsrcimg.4dfp.img
Writing: talsrcimg.4dfp.ifh
ifh2hdr talsrcimg -r0to249
ori=2

---------------------------------------------------------------------
gauss_4dfp talsrcimg 1.1
---------------------------------------------------------------------

freesurfer gauss_4dfp.c
Reading: talsrcimg.4dfp.img
Writing: talsrcimg_g11.4dfp.img
image dimensions 256 256 256 padded to 288 288 288
processing volume 1freesurfer ifh2hdr.c
Thu Mar 12 11:20:14 2026
Writing: talsrcimg_g11.4dfp.hdr

Writing: talsrcimg_g11.4dfp.ifh
including: talsrcimg.4dfp.img.rec in talsrcimg_g11.4dfp.img.rec

---------------------------------------------------------------------
imgreg_4dfp /opt/freesurfer/average/711-2C_as_mni_average_305 none talsrcimg_g11 none talsrcimg_to_711-2C_as_mni_average_305_t4 4355
---------------------------------------------------------------------

freesurfer imgreg_4dfp.c
/opt/freesurfer/average/711-2C_as_mni_average_305.4dfp.img
       256       256       256         1
  1.000000  1.000000  1.000000
orientation T byte_order littleendian
Reading image: /opt/freesurfer/average/711-2C_as_mni_average_305.4dfp.img
dimensions:      256       256       256
mmppix:       1.0000   -1.0000   -1.0000
center:     128.0000 -129.0000 -129.0000
talsrcimg_g11.4dfp.img
       256       256       256         1
  1.000000  1.000000  1.000000
orientation T byte_order littleendian
Reading image: talsrcimg_g11.4dfp.img
dimensions:      256       256       256
mmppix:       1.0000   -1.0000   -1.0000
center:     128.0000 -129.0000 -129.0000
t4_read: open error in t4_sub.f l:  41 t4_file(1:l)talsrcimg_to_711-2C_as_mni_average_305_t4 
t4_read: transform initialized to I4
rotation matrix determinant  1.000000
image alignment mode   4355 decimal     1103 hex
   -7.5000  -45.0000  -45.0000 5111.6606   17.3207
    0.0000  -45.0000  -45.0000 5301.6660   17.3208
    7.5000  -45.0000  -45.0000 5050.3857   17.2804
   -7.5000  -37.5000  -45.0000 5670.1328   16.6925
    0.0000  -37.5000  -45.0000 5865.4600   16.6920
    7.5000  -37.5000  -45.0000 5586.3101   16.6365
   -7.5000  -30.0000  -45.0000 6482.0610   16.2681
    0.0000  -30.0000  -45.0000 6711.0679   16.2681
    7.5000  -30.0000  -45.0000 6377.9360   16.2097
   -7.5000  -22.5000  -45.0000 7336.0552   15.9910
    0.0000  -22.5000  -45.0000 7608.2148   15.9885
    7.5000  -22.5000  -45.0000 7240.7773   15.9437
   -7.5000  -15.0000  -45.0000 8219.0918   15.8568
    0.0000  -15.0000  -45.0000 8528.5215   15.8517
    7.5000  -15.0000  -45.0000 8106.5166   15.8204
   -7.5000   -7.5000  -45.0000 9156.8193   15.8706
    0.0000   -7.5000  -45.0000 9507.1680   15.8664
    7.5000   -7.5000  -45.0000 9037.0156   15.8361
   -7.5000    0.0000  -45.000010093.8906   15.8902
    0.0000    0.0000  -45.000010465.1270   15.8894
    7.5000    0.0000  -45.0000 9955.2686   15.8490
   -7.5000    7.5000  -45.000010215.6475   15.8869
    0.0000    7.5000  -45.000010604.9658   15.8881
    7.5000    7.5000  -45.000010090.9736   15.8352
   -7.5000   15.0000  -45.000010200.3857   15.8672
    0.0000   15.0000  -45.000010596.3672   15.8677
    7.5000   15.0000  -45.000010075.7354   15.8121
   -7.5000   22.5000  -45.000010075.6826   15.8486
    0.0000   22.5000  -45.000010465.1172   15.8462
    7.5000   22.5000  -45.0000 9947.9639   15.8021
   -7.5000   30.0000  -45.0000 9872.4854   15.6395
    0.0000   30.0000  -45.000010301.6445   15.6345
    7.5000   30.0000  -45.0000 9799.7354   15.6035
   -7.5000   37.5000  -45.0000 9905.9834   15.6590
    0.0000   37.5000  -45.000010359.6504   15.6548
    7.5000   37.5000  -45.0000 9872.5791   15.6250
   -7.5000   45.0000  -45.0000 9539.6279   15.2803
    0.0000   45.0000  -45.0000 9992.5850   15.2795
    7.5000   45.0000  -45.0000 9525.4639   15.2407
   -7.5000  -45.0000  -37.5000 5455.0205   17.2323
    0.0000  -45.0000  -37.5000 5659.6079   17.2386
    7.5000  -45.0000  -37.5000 5374.0244   17.2057
   -7.5000  -37.5000  -37.5000 6028.0776   16.6139
    0.0000  -37.5000  -37.5000 6248.7583   16.6172
    7.5000  -37.5000  -37.5000 5936.1616   16.5687
   -7.5000  -30.0000  -37.5000 6885.6221   16.1921
    0.0000  -30.0000  -37.5000 7127.1372   16.1997
    7.5000  -30.0000  -37.5000 6794.9067   16.1481
   -7.5000  -22.5000  -37.5000 7800.1753   15.9130
    0.0000  -22.5000  -37.5000 8087.9009   15.9228
    7.5000  -22.5000  -37.5000 7702.2700   15.8843
   -7.5000  -15.0000  -37.5000 8758.5244   15.7785
    0.0000  -15.0000  -37.5000 9080.5684   15.7868
    7.5000  -15.0000  -37.5000 8644.0537   15.7607
   -7.5000   -7.5000  -37.5000 9743.7188   15.7928
    0.0000   -7.5000  -37.500010123.4033   15.7986
    7.5000   -7.5000  -37.5000 9634.8623   15.7739
   -7.5000    0.0000  -37.500010737.7803   15.8150
    0.0000    0.0000  -37.500011131.2656   15.8189
    7.5000    0.0000  -37.500010599.0059   15.7846
   -7.5000    7.5000  -37.500010878.9854   15.8154
    0.0000    7.5000  -37.500011279.2266   15.8197
    7.5000    7.5000  -37.500010736.4082   15.7728
   -7.5000   15.0000  -37.500010859.8701   15.7947
    0.0000   15.0000  -37.500011244.0830   15.8024
    7.5000   15.0000  -37.500010699.4902   15.7532
   -7.5000   22.5000  -37.500010718.7959   15.7720
    0.0000   22.5000  -37.500011117.4668   15.7817
    7.5000   22.5000  -37.500010567.2119   15.7437
   -7.5000   30.0000  -37.500010490.7764   15.5624
    0.0000   30.0000  -37.500010939.1816   15.5705
    7.5000   30.0000  -37.500010386.4512   15.5447
   -7.5000   37.5000  -37.500010498.4346   15.5822
    0.0000   37.5000  -37.500010981.7627   15.5880
    7.5000   37.5000  -37.500010439.4375   15.5636
   -7.5000   45.0000  -37.500010105.6982   15.2080
    0.0000   45.0000  -37.500010573.6104   15.2117
    7.5000   45.0000  -37.500010038.2725   15.1788
   -7.5000  -45.0000  -30.0000 5871.7266   17.9839
    0.0000  -45.0000  -30.0000 6100.0220   17.9918
    7.5000  -45.0000  -30.0000 5775.4785   17.9604
   -7.5000  -37.5000  -30.0000 6467.3545   17.3428
    0.0000  -37.5000  -30.0000 6717.1079   17.3465
    7.5000  -37.5000  -30.0000 6395.8564   17.3022
   -7.5000  -30.0000  -30.0000 7400.0615   16.8931
    0.0000  -30.0000  -30.0000 7681.3726   16.9039
    7.5000  -30.0000  -30.0000 7322.8740   16.8594
   -7.5000  -22.5000  -30.0000 8430.7100   16.5920
    0.0000  -22.5000  -30.0000 8737.9092   16.6088
    7.5000  -22.5000  -30.0000 8339.0781   16.5766
   -7.5000  -15.0000  -30.0000 9504.9619   16.4510
    0.0000  -15.0000  -30.0000 9851.8525   16.4679
    7.5000  -15.0000  -30.0000 9387.9512   16.4449
   -7.5000   -7.5000  -30.000010578.0303   16.4749
    0.0000   -7.5000  -30.000010960.3643   16.4868
    7.5000   -7.5000  -30.000010445.9971   16.4629
   -7.5000    0.0000  -30.000011628.3125   16.5083
    0.0000    0.0000  -30.000012020.3604   16.5134
    7.5000    0.0000  -30.000011441.1934   16.4794
   -7.5000    7.5000  -30.000011785.8115   16.5098
    0.0000    7.5000  -30.000012160.1123   16.5141
    7.5000    7.5000  -30.000011556.8984   16.4699
   -7.5000   15.0000  -30.000011741.0557   16.4787
    0.0000   15.0000  -30.000012139.3145   16.4894
    7.5000   15.0000  -30.000011515.6045   16.4465
   -7.5000   22.5000  -30.000011591.2676   16.4431
    0.0000   22.5000  -30.000012019.3389   16.4597
    7.5000   22.5000  -30.000011411.4268   16.4279
   -7.5000   30.0000  -30.000011345.9219   16.2271
    0.0000   30.0000  -30.000011793.8320   16.2439
    7.5000   30.0000  -30.000011180.3682   16.2212
   -7.5000   37.5000  -30.000011357.2520   16.2568
    0.0000   37.5000  -30.000011840.0752   16.2685
    7.5000   37.5000  -30.000011226.8340   16.2449
   -7.5000   45.0000  -30.000010895.0537   15.8864
    0.0000   45.0000  -30.000011367.2041   15.8913
    7.5000   45.0000  -30.000010775.5381   15.8585
   -7.5000  -45.0000  -22.5000 6283.0884   18.6440
    0.0000  -45.0000  -22.5000 6523.2725   18.6474
    7.5000  -45.0000  -22.5000 6202.6904   18.6095
   -7.5000  -37.5000  -22.5000 6931.5200   17.9791
    0.0000  -37.5000  -22.5000 7184.0078   17.9795
    7.5000  -37.5000  -22.5000 6877.5474   17.9334
   -7.5000  -30.0000  -22.5000 7968.2534   17.5048
    0.0000  -30.0000  -22.5000 8250.1660   17.5102
    7.5000  -30.0000  -22.5000 7878.6938   17.4680
   -7.5000  -22.5000  -22.5000 9100.6211   17.1886
    0.0000  -22.5000  -22.5000 9421.1631   17.1984
    7.5000  -22.5000  -22.5000 8979.6426   17.1675
   -7.5000  -15.0000  -22.500010271.5762   17.0444
    0.0000  -15.0000  -22.500010640.1914   17.0552
    7.5000  -15.0000  -22.500010117.7363   17.0299
   -7.5000   -7.5000  -22.500011419.0977   17.0780
    0.0000   -7.5000  -22.500011821.2002   17.0851
    7.5000   -7.5000  -22.500011238.2314   17.0556
   -7.5000    0.0000  -22.500012512.4355   17.1190
    0.0000    0.0000  -22.500012930.1113   17.1204
    7.5000    0.0000  -22.500012285.1914   17.0799
   -7.5000    7.5000  -22.500012687.4834   17.1166
    0.0000    7.5000  -22.500013103.9902   17.1173
    7.5000    7.5000  -22.500012400.9805   17.0708
   -7.5000   15.0000  -22.500012653.0176   17.0755
    0.0000   15.0000  -22.500013083.5781   17.0810
    7.5000   15.0000  -22.500012367.7793   17.0400
   -7.5000   22.5000  -22.500012503.0859   17.0327
    0.0000   22.5000  -22.500012941.4590   17.0424
    7.5000   22.5000  -22.500012242.8809   17.0120
   -7.5000   30.0000  -22.500012199.3320   16.8151
    0.0000   30.0000  -22.500012675.9043   16.8257
    7.5000   30.0000  -22.500011980.4287   16.8008
   -7.5000   37.5000  -22.500012228.2910   16.8545
    0.0000   37.5000  -22.500012726.1104   16.8615
    7.5000   37.5000  -22.500012005.4883   16.8323
   -7.5000   45.0000  -22.500011705.7666   16.4865
    0.0000   45.0000  -22.500012194.2295   16.4878
    7.5000   45.0000  -22.500011519.2168   16.4488
   -7.5000  -45.0000  -15.0000 6680.4536   19.1074
    0.0000  -45.0000  -15.0000 6953.9565   19.1046
    7.5000  -45.0000  -15.0000 6632.9331   19.0570
   -7.5000  -37.5000  -15.0000 7442.2817   18.4220
    0.0000  -37.5000  -15.0000 7710.3306   18.4192
    7.5000  -37.5000  -15.0000 7376.0454   18.3647
   -7.5000  -30.0000  -15.0000 8584.4414   17.9366
    0.0000  -30.0000  -15.0000 8881.7510   17.9354
    7.5000  -30.0000  -15.0000 8454.6055   17.8863
   -7.5000  -22.5000  -15.0000 9805.4521   17.6169
    0.0000  -22.5000  -15.000010147.7461   17.6150
    7.5000  -22.5000  -15.0000 9639.4941   17.5780
   -7.5000  -15.0000  -15.000011054.2285   17.4711
    0.0000  -15.0000  -15.000011451.2656   17.4687
    7.5000  -15.0000  -15.000010872.7920   17.4376
   -7.5000   -7.5000  -15.000012280.6201   17.5057
    0.0000   -7.5000  -15.000012707.8037   17.5026
    7.5000   -7.5000  -15.000012070.2012   17.4657
   -7.5000    0.0000  -15.000013432.4834   17.5453
    0.0000    0.0000  -15.000013871.8574   17.5417
    7.5000    0.0000  -15.000013164.3076   17.4928
   -7.5000    7.5000  -15.000013593.9648   17.5386
    0.0000    7.5000  -15.000014060.6328   17.5364
    7.5000    7.5000  -15.000013275.4434   17.4825
   -7.5000   15.0000  -15.000013527.7363   17.4967
    0.0000   15.0000  -15.000013997.3994   17.4958
    7.5000   15.0000  -15.000013212.3271   17.4484
   -7.5000   22.5000  -15.000013340.6650   17.4562
    0.0000   22.5000  -15.000013812.6465   17.4544
    7.5000   22.5000  -15.000013022.9111   17.4179
   -7.5000   30.0000  -15.000013028.8828   17.2384
    0.0000   30.0000  -15.000013520.5039   17.2360
    7.5000   30.0000  -15.000012721.7129   17.2053
   -7.5000   37.5000  -15.000013092.2754   17.2790
    0.0000   37.5000  -15.000013605.1719   17.2760
    7.5000   37.5000  -15.000012782.4033   17.2395
   -7.5000   45.0000  -15.000012480.2021   16.9072
    0.0000   45.0000  -15.000013027.2861   16.9037
    7.5000   45.0000  -15.000012259.8760   16.8567
   -7.5000  -45.0000   -7.5000 7172.0498   19.3025
    0.0000  -45.0000   -7.5000 7461.2925   19.2975
    7.5000  -45.0000   -7.5000 7109.6602   19.2467
   -7.5000  -37.5000   -7.5000 8000.3828   18.6051
    0.0000  -37.5000   -7.5000 8299.1689   18.6014
    7.5000  -37.5000   -7.5000 7911.8569   18.5393
   -7.5000  -30.0000   -7.5000 9207.6846   18.1236
    0.0000  -30.0000   -7.5000 9545.6719   18.1198
    7.5000  -30.0000   -7.5000 9101.0898   18.0593
   -7.5000  -22.5000   -7.500010507.4902   17.8098
    0.0000  -22.5000   -7.500010890.6221   17.8021
    7.5000  -22.5000   -7.500010355.4639   17.7556
   -7.5000  -15.0000   -7.500011831.8174   17.6628
    0.0000  -15.0000   -7.500012264.5566   17.6525
    7.5000  -15.0000   -7.500011634.5703   17.6171
   -7.5000   -7.5000   -7.500013157.0283   17.6890
    0.0000   -7.5000   -7.500013619.7832   17.6799
    7.5000   -7.5000   -7.500012913.7139   17.6416
   -7.5000    0.0000   -7.500014414.0859   17.7195
    0.0000    0.0000   -7.500014917.0361   17.7143
    7.5000    0.0000   -7.500014109.6738   17.6636
   -7.5000    7.5000   -7.500014574.0781   17.7118
    0.0000    7.5000   -7.500015089.4951   17.7097
    7.5000    7.5000   -7.500014212.7686   17.6497
   -7.5000   15.0000   -7.500014466.9951   17.6789
    0.0000   15.0000   -7.500014966.5762   17.6757
    7.5000   15.0000   -7.500014080.3242   17.6177
   -7.5000   22.5000   -7.500014227.7451   17.6456
    0.0000   22.5000   -7.500014744.2188   17.6382
    7.5000   22.5000   -7.500013858.3115   17.5924
   -7.5000   30.0000   -7.500013891.8252   17.4271
    0.0000   30.0000   -7.500014415.7949   17.4170
    7.5000   30.0000   -7.500013538.6162   17.3820
   -7.5000   37.5000   -7.500013975.8408   17.4595
    0.0000   37.5000   -7.500014545.4980   17.4505
    7.5000   37.5000   -7.500013642.9912   17.4127
   -7.5000   45.0000   -7.500013307.1123   17.0783
    0.0000   45.0000   -7.500013904.9971   17.0733
    7.5000   45.0000   -7.500013040.9453   17.0244
   -7.5000  -45.0000    0.0000 7609.4902   19.2960
    0.0000  -45.0000    0.0000 7930.7788   19.2958
    7.5000  -45.0000    0.0000 7551.6089   19.2508
   -7.5000  -37.5000    0.0000 8455.1113   18.5982
    0.0000  -37.5000    0.0000 8784.1250   18.5975
    7.5000  -37.5000    0.0000 8364.7354   18.5358
   -7.5000  -30.0000    0.0000 9739.8115   18.1265
    0.0000  -30.0000    0.000010120.0303   18.1263
    7.5000  -30.0000    0.0000 9625.8594   18.0617
   -7.5000  -22.5000    0.000011134.4756   17.8190
    0.0000  -22.5000    0.000011547.3389   17.8163
    7.5000  -22.5000    0.000010963.6807   17.7667
   -7.5000  -15.0000    0.000012548.6855   17.6708
    0.0000  -15.0000    0.000012999.5381   17.6653
    7.5000  -15.0000    0.000012321.5811   17.6305
   -7.5000   -7.5000    0.000013994.5166   17.6870
    0.0000   -7.5000    0.000014495.5039   17.6822
    7.5000   -7.5000    0.000013707.2666   17.6485
   -7.5000    0.0000    0.000015327.0859   17.7089
    0.0000    0.0000    0.000015881.0879   17.7077
    7.5000    0.0000    0.000014980.7930   17.6626
   -7.5000    7.5000    0.000015483.6035   17.7044
    0.0000    7.5000    0.000016040.2002   17.7055
    7.5000    7.5000    0.000015087.8418   17.6467
   -7.5000   15.0000    0.000015388.1211   17.6815
    0.0000   15.0000    0.000015953.3506   17.6821
    7.5000   15.0000    0.000014965.8047   17.6205
   -7.5000   22.5000    0.000015054.3320   17.6552
    0.0000   22.5000    0.000015680.6074   17.6527
    7.5000   22.5000    0.000014723.2002   17.6038
   -7.5000   30.0000    0.000014658.3779   17.4355
    0.0000   30.0000    0.000015264.3252   17.4300
    7.5000   30.0000    0.000014385.7852   17.3957
   -7.5000   37.5000    0.000014740.9248   17.4579
    0.0000   37.5000    0.000015385.2793   17.4532
    7.5000   37.5000    0.000014452.2598   17.4199
   -7.5000   45.0000    0.000014093.0400   17.0693
    0.0000   45.0000    0.000014742.6260   17.0682
    7.5000   45.0000    0.000013810.5342   17.0247
   -7.5000  -45.0000    7.5000 7400.3516   19.2819
    0.0000  -45.0000    7.5000 7704.8862   19.2888
    7.5000  -45.0000    7.5000 7338.3765   19.2521
   -7.5000  -37.5000    7.5000 8238.4482   18.5899
    0.0000  -37.5000    7.5000 8554.7373   18.5936
    7.5000  -37.5000    7.5000 8157.9868   18.5393
   -7.5000  -30.0000    7.5000 9549.9824   18.1181
    0.0000  -30.0000    7.5000 9919.3779   18.1265
    7.5000  -30.0000    7.5000 9429.4980   18.0688
   -7.5000  -22.5000    7.500010928.4209   17.8058
    0.0000  -22.5000    7.500011344.0234   17.8168
    7.5000  -22.5000    7.500010743.1289   17.7736
   -7.5000  -15.0000    7.500012309.5566   17.6554
    0.0000  -15.0000    7.500012785.8623   17.6646
    7.5000  -15.0000    7.500012072.0762   17.6354
   -7.5000   -7.5000    7.500013695.1289   17.6712
    0.0000   -7.5000    7.500014239.5576   17.6778
    7.5000   -7.5000    7.500013411.7832   17.6501
   -7.5000    0.0000    7.500014954.8115   17.6960
    0.0000    0.0000    7.500015559.8145   17.7004
    7.5000    0.0000    7.500014666.3848   17.6621
   -7.5000    7.5000    7.500015125.5967   17.6965
    0.0000    7.5000    7.500015725.6045   17.7014
    7.5000    7.5000    7.500014795.9727   17.6488
   -7.5000   15.0000    7.500015125.3652   17.6735
    0.0000   15.0000    7.500015799.9336   17.6821
    7.5000   15.0000    7.500014762.7344   17.6269
   -7.5000   22.5000    7.500014783.3252   17.6424
    0.0000   22.5000    7.500015502.6865   17.6532
    7.5000   22.5000    7.500014570.1914   17.6107
   -7.5000   30.0000    7.500014296.5732   17.4203
    0.0000   30.0000    7.500014945.3506   17.4293
    7.5000   30.0000    7.500014178.2969   17.4005
   -7.5000   37.5000    7.500014337.9941   17.4424
    0.0000   37.5000    7.500014998.1230   17.4489
    7.5000   37.5000    7.500014191.1025   17.4216
   -7.5000   45.0000    7.500013770.1201   17.0569
    0.0000   45.0000    7.500014423.0195   17.0611
    7.5000   45.0000    7.500013569.7275   17.0242
   -7.5000  -45.0000   15.0000 7100.1904   19.3117
    0.0000  -45.0000   15.0000 7386.1113   19.3202
    7.5000  -45.0000   15.0000 7030.6045   19.2865
   -7.5000  -37.5000   15.0000 7973.2227   18.6233
    0.0000  -37.5000   15.0000 8270.0820   18.6273
    7.5000  -37.5000   15.0000 7863.3916   18.5797
   -7.5000  -30.0000   15.0000 9244.2861   18.1404
    0.0000  -30.0000   15.0000 9618.2197   18.1520
    7.5000  -30.0000   15.0000 9108.0039   18.1042
   -7.5000  -22.5000   15.000010556.9688   17.8171
    0.0000  -22.5000   15.000011002.3701   17.8351
    7.5000  -22.5000   15.000010419.7227   17.8006
   -7.5000  -15.0000   15.000011896.8311   17.6656
    0.0000  -15.0000   15.000012382.8379   17.6838
    7.5000  -15.0000   15.000011732.6904   17.6592
   -7.5000   -7.5000   15.000013218.2549   17.6914
    0.0000   -7.5000   15.000013760.3994   17.7041
    7.5000   -7.5000   15.000013022.5742   17.6784
   -7.5000    0.0000   15.000014434.2842   17.7272
    0.0000    0.0000   15.000015028.8232   17.7327
    7.5000    0.0000   15.000014240.3857   17.6961
   -7.5000    7.5000   15.000014562.7705   17.7289
    0.0000    7.5000   15.000015174.6465   17.7334
    7.5000    7.5000   15.000014346.6475   17.6860
   -7.5000   15.0000   15.000014611.1758   17.6954
    0.0000   15.0000   15.000015240.3486   17.7069
    7.5000   15.0000   15.000014318.8867   17.6609
   -7.5000   22.5000   15.000014364.4756   17.6533
    0.0000   22.5000   15.000014906.6172   17.6711
    7.5000   22.5000   15.000014083.1230   17.6370
   -7.5000   30.0000   15.000013903.7695   17.4304
    0.0000   30.0000   15.000014417.8301   17.4484
    7.5000   30.0000   15.000013686.5518   17.4240
   -7.5000   37.5000   15.000013911.8389   17.4623
    0.0000   37.5000   15.000014451.9150   17.4749
    7.5000   37.5000   15.000013693.7578   17.4495
   -7.5000   45.0000   15.000013338.7422   17.0870
    0.0000   45.0000   15.000013925.6113   17.0923
    7.5000   45.0000   15.000013134.8213   17.0570
   -7.5000  -45.0000   22.5000 6727.1914   19.3543
    0.0000  -45.0000   22.5000 6990.7427   19.3579
    7.5000  -45.0000   22.5000 6659.9956   19.3185
   -7.5000  -37.5000   22.5000 7601.1494   18.6641
    0.0000  -37.5000   22.5000 7900.9058   18.6645
    7.5000  -37.5000   22.5000 7508.3022   18.6167
   -7.5000  -30.0000   22.5000 8846.7168   18.1717
    0.0000  -30.0000   22.5000 9219.9590   18.1773
    7.5000  -30.0000   22.5000 8736.1963   18.1336
   -7.5000  -22.5000   22.500010101.3955   17.8434
    0.0000  -22.5000   22.500010560.0225   17.8536
    7.5000  -22.5000   22.500010003.6494   17.8216
   -7.5000  -15.0000   22.500011329.1113   17.6938
    0.0000  -15.0000   22.500011872.2031   17.7050
    7.5000  -15.0000   22.500011241.4951   17.6788
   -7.5000   -7.5000   22.500012551.9824   17.7287
    0.0000   -7.5000   22.500013169.9160   17.7361
    7.5000   -7.5000   22.500012469.1152   17.7054
   -7.5000    0.0000   22.500013694.9141   17.7712
    0.0000    0.0000   22.500014349.5439   17.7727
    7.5000    0.0000   22.500013621.1201   17.7307
   -7.5000    7.5000   22.500013866.2158   17.7688
    0.0000    7.5000   22.500014472.1260   17.7694
    7.5000    7.5000   22.500013713.2969   17.7212
   -7.5000   15.0000   22.500013964.5684   17.7261
    0.0000   15.0000   22.500014476.9316   17.7317
    7.5000   15.0000   22.500013675.3984   17.6893
   -7.5000   22.5000   22.500013900.4043   17.6789
    0.0000   22.5000   22.500014233.3398   17.6890
    7.5000   22.5000   22.500013454.8564   17.6575
   -7.5000   30.0000   22.500013629.1201   17.4582
    0.0000   30.0000   22.500013911.2197   17.4692
    7.5000   30.0000   22.500013149.9570   17.4434
   -7.5000   37.5000   22.500013598.3408   17.4991
    0.0000   37.5000   22.500013962.2383   17.5064
    7.5000   37.5000   22.500013193.5303   17.4761
   -7.5000   45.0000   22.500012910.1816   17.1294
    0.0000   45.0000   22.500013350.9375   17.1308
    7.5000   45.0000   22.500012630.9463   17.0903
   -7.5000  -45.0000   30.0000 6265.4482   19.3728
    0.0000  -45.0000   30.0000 6541.3281   19.3699
    7.5000  -45.0000   30.0000 6227.6846   19.3217
   -7.5000  -37.5000   30.0000 7109.1006   18.6779
    0.0000  -37.5000   30.0000 7427.3486   18.6751
    7.5000  -37.5000   30.0000 7054.1196   18.6199
   -7.5000  -30.0000   30.0000 8281.6367   18.1858
    0.0000  -30.0000   30.0000 8650.8887   18.1845
    7.5000  -30.0000   30.0000 8229.0684   18.1348
   -7.5000  -22.5000   30.0000 9492.8643   17.8616
    0.0000  -22.5000   30.0000 9914.6113   17.8597
    7.5000  -22.5000   30.0000 9424.0166   17.8222
   -7.5000  -15.0000   30.000010671.8047   17.7137
    0.0000  -15.0000   30.000011143.8740   17.7113
    7.5000  -15.0000   30.000010590.8232   17.6798
   -7.5000   -7.5000   30.000011843.3750   17.7489
    0.0000   -7.5000   30.000012358.7871   17.7457
    7.5000   -7.5000   30.000011745.3164   17.7083
   -7.5000    0.0000   30.000012959.6074   17.7890
    0.0000    0.0000   30.000013539.6436   17.7853
    7.5000    0.0000   30.000012860.9023   17.7358
   -7.5000    7.5000   30.000013113.4463   17.7821
    0.0000    7.5000   30.000013707.4707   17.7799
    7.5000    7.5000   30.000012991.2764   17.7253
   -7.5000   15.0000   30.000013140.8623   17.7397
    0.0000   15.0000   30.000013669.8545   17.7388
    7.5000   15.0000   30.000012955.2559   17.6907
   -7.5000   22.5000   30.000012950.8145   17.6967
    0.0000   22.5000   30.000013404.1865   17.6949
    7.5000   22.5000   30.000012738.4141   17.6579
   -7.5000   30.0000   30.000012620.4180   17.4778
    0.0000   30.0000   30.000013088.2871   17.4754
    7.5000   30.0000   30.000012430.4395   17.4443
   -7.5000   37.5000   30.000012648.6729   17.5190
    0.0000   37.5000   30.000013149.8916   17.5159
    7.5000   37.5000   30.000012489.2080   17.4790
   -7.5000   45.0000   30.000012099.9414   17.1465
    0.0000   45.0000   30.000012583.6143   17.1430
    7.5000   45.0000   30.000011959.0801   17.0953
   -7.5000  -45.0000   37.5000 6026.6431   19.3554
    0.0000  -45.0000   37.5000 6290.5229   19.3504
    7.5000  -45.0000   37.5000 5994.1060   19.2995
   -7.5000  -37.5000   37.5000 6834.4497   18.6561
    0.0000  -37.5000   37.5000 7138.1162   18.6524
    7.5000  -37.5000   37.5000 6786.5254   18.5901
   -7.5000  -30.0000   37.5000 7972.8022   18.1734
    0.0000  -30.0000   37.5000 8344.8271   18.1696
    7.5000  -30.0000   37.5000 7929.6035   18.1088
   -7.5000  -22.5000   37.5000 9156.2949   17.8585
    0.0000  -22.5000   37.5000 9567.1250   17.8509
    7.5000  -22.5000   37.5000 9094.5176   17.8042
   -7.5000  -15.0000   37.500010287.9932   17.7110
    0.0000  -15.0000   37.500010750.9863   17.7008
    7.5000  -15.0000   37.500010216.7764   17.6653
   -7.5000   -7.5000   37.500011436.9121   17.7374
    0.0000   -7.5000   37.500011963.0859   17.7284
    7.5000   -7.5000   37.500011347.1768   17.6900
   -7.5000    0.0000   37.500012520.6934   17.7681
    0.0000    0.0000   37.500013098.0625   17.7629
    7.5000    0.0000   37.500012470.8594   17.7121
   -7.5000    7.5000   37.500012651.9629   17.7603
    0.0000    7.5000   37.500013233.3076   17.7582
    7.5000    7.5000   37.500012598.0391   17.6980
   -7.5000   15.0000   37.500012606.4844   17.7271
    0.0000   15.0000   37.500013132.1533   17.7240
    7.5000   15.0000   37.500012546.7588   17.6658
   -7.5000   22.5000   37.500012416.9365   17.6938
    0.0000   22.5000   37.500012887.9639   17.6864
    7.5000   22.5000   37.500012325.7529   17.6404
   -7.5000   30.0000   37.500012090.9111   17.4752
    0.0000   30.0000   37.500012566.7607   17.4651
    7.5000   30.0000   37.500012024.0498   17.4300
   -7.5000   37.5000   37.500012119.2109   17.5077
    0.0000   37.5000   37.500012596.2822   17.4988
    7.5000   37.5000   37.500012080.7012   17.4609
   -7.5000   45.0000   37.500011612.9492   17.1264
    0.0000   45.0000   37.500012051.0029   17.1214
    7.5000   45.0000   37.500011568.9639   17.0724
   -7.5000  -45.0000   45.0000 5498.3618   19.3986
    0.0000  -45.0000   45.0000 5748.9268   19.3977
    7.5000  -45.0000   45.0000 5443.3501   19.3516
   -7.5000  -37.5000   45.0000 6238.4473   18.6895
    0.0000  -37.5000   45.0000 6520.5322   18.6882
    7.5000  -37.5000   45.0000 6184.2612   18.6255
   -7.5000  -30.0000   45.0000 7298.0391   18.2110
    0.0000  -30.0000   45.0000 7629.1777   18.2103
    7.5000  -30.0000   45.0000 7247.8301   18.1446
   -7.5000  -22.5000   45.0000 8372.7451   17.8996
    0.0000  -22.5000   45.0000 8744.5146   17.8962
    7.5000  -22.5000   45.0000 8328.0234   17.8455
   -7.5000  -15.0000   45.0000 9409.4932   17.7497
    0.0000  -15.0000   45.0000 9830.8525   17.7434
    7.5000  -15.0000   45.0000 9362.8760   17.7075
   -7.5000   -7.5000   45.000010456.1504   17.7662
    0.0000   -7.5000   45.000010916.9502   17.7607
    7.5000   -7.5000   45.000010384.0918   17.7259
   -7.5000    0.0000   45.000011438.3271   17.7879
    0.0000    0.0000   45.000011948.9941   17.7862
    7.5000    0.0000   45.000011417.9629   17.7401
   -7.5000    7.5000   45.000011568.4316   17.7827
    0.0000    7.5000   45.000012071.5107   17.7834
    7.5000    7.5000   45.000011560.5400   17.7236
   -7.5000   15.0000   45.000011531.6211   17.7594
    0.0000   15.0000   45.000012001.6016   17.7595
    7.5000   15.0000   45.000011510.9033   17.6969
   -7.5000   22.5000   45.000011335.6611   17.7332
    0.0000   22.5000   45.000011798.8262   17.7301
    7.5000   22.5000   45.000011306.8369   17.6802
   -7.5000   30.0000   45.000011043.4600   17.5117
    0.0000   30.0000   45.000011479.6660   17.5054
    7.5000   30.0000   45.000011004.3271   17.4701
   -7.5000   37.5000   45.000011073.3447   17.5346
    0.0000   37.5000   45.000011505.0508   17.5291
    7.5000   37.5000   45.000011066.3262   17.4949
   -7.5000   45.0000   45.000010615.6934   17.1533
    0.0000   45.0000   45.000011029.5938   17.1516
    7.5000   45.0000   45.000010601.1943   17.1072

---------------------------------------------------------------------
imgreg_4dfp /opt/freesurfer/average/711-2C_as_mni_average_305 /opt/freesurfer/average/711-2B_as_mni_average_305_mask talsrcimg_g11 none talsrcimg_to_711-2C_as_mni_average_305_t4 4355
---------------------------------------------------------------------

freesurfer imgreg_4dfp.c
/opt/freesurfer/average/711-2C_as_mni_average_305.4dfp.img
       256       256       256         1
  1.000000  1.000000  1.000000
orientation T byte_order littleendian
Reading image: /opt/freesurfer/average/711-2C_as_mni_average_305.4dfp.img
dimensions:      256       256       256
mmppix:       1.0000   -1.0000   -1.0000
center:     128.0000 -129.0000 -129.0000
/opt/freesurfer/average/711-2B_as_mni_average_305_mask.4dfp.img
       256       256       256         1
  1.000000  1.000000  1.000000
orientation T byte_order littleendian
Reading mask: /opt/freesurfer/average/711-2B_as_mni_average_305_mask.4dfp.img (2306576 pixels)
talsrcimg_g11.4dfp.img
       256       256       256         1
  1.000000  1.000000  1.000000
orientation T byte_order littleendian
Reading image: talsrcimg_g11.4dfp.img
dimensions:      256       256       256
mmppix:       1.0000   -1.0000   -1.0000
center:     128.0000 -129.0000 -129.0000
rotation matrix determinant  1.000000
image alignment mode   4355 decimal     1103 hex
   -7.5000  -37.5000  -45.0000 1694.3685   28.3913
    0.0000  -37.5000  -45.0000 1679.9850   28.2765
    7.5000  -37.5000  -45.0000 1654.3976   28.5246
   -7.5000  -30.0000  -45.0000 1803.8209   24.8436
    0.0000  -30.0000  -45.0000 1792.5187   24.7583
    7.5000  -30.0000  -45.0000 1769.0391   24.9452
   -7.5000  -22.5000  -45.0000 1907.4919   22.0559
    0.0000  -22.5000  -45.0000 1895.5184   22.0292
    7.5000  -22.5000  -45.0000 1879.3325   22.1899
   -7.5000  -15.0000  -45.0000 1997.8723   19.8265
    0.0000  -15.0000  -45.0000 1989.0361   19.8070
    7.5000  -15.0000  -45.0000 1969.1868   19.9698
   -7.5000   -7.5000  -45.0000 2085.6111   18.1621
    0.0000   -7.5000  -45.0000 2078.5168   18.1489
    7.5000   -7.5000  -45.0000 2056.1018   18.2293
   -7.5000    0.0000  -45.0000 2158.8176   16.9271
    0.0000    0.0000  -45.0000 2146.7241   16.8936
    7.5000    0.0000  -45.0000 2129.0718   16.9835
   -7.5000    7.5000  -45.0000 2198.8823   16.0719
    0.0000    7.5000  -45.0000 2191.1860   16.0508
    7.5000    7.5000  -45.0000 2165.4131   16.1496
   -7.5000   15.0000  -45.0000 2222.5173   15.4841
    0.0000   15.0000  -45.0000 2210.9863   15.4914
    7.5000   15.0000  -45.0000 2185.3159   15.6518
   -7.5000   22.5000  -45.0000 2225.2200   15.1814
    0.0000   22.5000  -45.0000 2215.0278   15.2212
    7.5000   22.5000  -45.0000 2183.4299   15.4498
   -7.5000   30.0000  -45.0000 2217.0164   15.1874
    0.0000   30.0000  -45.0000 2208.8286   15.2030
    7.5000   30.0000  -45.0000 2175.4026   15.4657
   -7.5000   37.5000  -45.0000 2199.2190   15.4791
    0.0000   37.5000  -45.0000 2191.7629   15.4961
    7.5000   37.5000  -45.0000 2160.2026   15.7828
   -7.5000   45.0000  -45.0000 2165.4136   16.1475
    0.0000   45.0000  -45.0000 2163.4548   16.1113
    7.5000   45.0000  -45.0000 2127.0244   16.4063
   -7.5000   52.5000  -45.0000 2099.5835   16.9408
    0.0000   52.5000  -45.0000 2093.9194   16.8924
    7.5000   52.5000  -45.0000 2060.3169   17.1613
   -7.5000  -37.5000  -37.5000 1751.8745   26.4284
    0.0000  -37.5000  -37.5000 1742.1593   26.4253
    7.5000  -37.5000  -37.5000 1720.6487   26.5631
   -7.5000  -30.0000  -37.5000 1868.2850   23.0898
    0.0000  -30.0000  -37.5000 1861.2115   23.1050
    7.5000  -30.0000  -37.5000 1844.9286   23.2329
   -7.5000  -22.5000  -37.5000 1980.3351   20.4265
    0.0000  -22.5000  -37.5000 1974.7126   20.4355
    7.5000  -22.5000  -37.5000 1957.4911   20.6048
   -7.5000  -15.0000  -37.5000 2077.9578   18.3613
    0.0000  -15.0000  -37.5000 2075.9587   18.3548
    7.5000  -15.0000  -37.5000 2054.5945   18.4951
   -7.5000   -7.5000  -37.5000 2169.4905   16.7896
    0.0000   -7.5000  -37.5000 2170.8347   16.7494
    7.5000   -7.5000  -37.5000 2148.3142   16.8851
   -7.5000    0.0000  -37.5000 2248.1689   15.6255
    0.0000    0.0000  -37.5000 2243.6604   15.5781
    7.5000    0.0000  -37.5000 2221.7097   15.6898
   -7.5000    7.5000  -37.5000 2294.8262   14.8195
    0.0000    7.5000  -37.5000 2291.0703   14.7906
    7.5000    7.5000  -37.5000 2264.8013   14.8775
   -7.5000   15.0000  -37.5000 2320.9688   14.2913
    0.0000   15.0000  -37.5000 2314.6013   14.2553
    7.5000   15.0000  -37.5000 2285.3992   14.3851
   -7.5000   22.5000  -37.5000 2326.7039   13.9811
    0.0000   22.5000  -37.5000 2317.5867   13.9835
    7.5000   22.5000  -37.5000 2289.8425   14.1630
   -7.5000   30.0000  -37.5000 2318.8135   13.9008
    0.0000   30.0000  -37.5000 2314.1951   13.9288
    7.5000   30.0000  -37.5000 2283.9292   14.1536
   -7.5000   37.5000  -37.5000 2300.9915   14.1576
    0.0000   37.5000  -37.5000 2300.2310   14.1789
    7.5000   37.5000  -37.5000 2267.2922   14.4217
   -7.5000   45.0000  -37.5000 2271.6213   14.7446
    0.0000   45.0000  -37.5000 2274.6421   14.7231
    7.5000   45.0000  -37.5000 2234.9673   14.9875
   -7.5000   52.5000  -37.5000 2202.2068   15.4611
    0.0000   52.5000  -37.5000 2203.2827   15.4288
    7.5000   52.5000  -37.5000 2167.6384   15.6722
   -7.5000  -37.5000  -30.0000 1829.9235   25.6203
    0.0000  -37.5000  -30.0000 1826.1584   25.5985
    7.5000  -37.5000  -30.0000 1811.8964   25.8720
   -7.5000  -30.0000  -30.0000 1956.1190   22.3348
    0.0000  -30.0000  -30.0000 1953.8463   22.3616
    7.5000  -30.0000  -30.0000 1941.5648   22.6002
   -7.5000  -22.5000  -30.0000 2084.0269   19.7638
    0.0000  -22.5000  -30.0000 2080.0825   19.8157
    7.5000  -22.5000  -30.0000 2067.4050   20.0021
   -7.5000  -15.0000  -30.0000 2199.1025   17.7964
    0.0000  -15.0000  -30.0000 2194.6155   17.7778
    7.5000  -15.0000  -30.0000 2173.2378   17.9379
   -7.5000   -7.5000  -30.0000 2300.5713   16.2103
    0.0000   -7.5000  -30.0000 2298.4810   16.1672
    7.5000   -7.5000  -30.0000 2272.8840   16.3198
   -7.5000    0.0000  -30.0000 2386.3535   15.0065
    0.0000    0.0000  -30.0000 2375.9780   14.9266
    7.5000    0.0000  -30.0000 2346.2400   15.0575
   -7.5000    7.5000  -30.0000 2438.4565   14.1612
    0.0000    7.5000  -30.0000 2425.6763   14.0740
    7.5000    7.5000  -30.0000 2395.9231   14.1785
   -7.5000   15.0000  -30.0000 2464.2439   13.6250
    0.0000   15.0000  -30.0000 2456.6965   13.5680
    7.5000   15.0000  -30.0000 2424.1841   13.6759
   -7.5000   22.5000  -30.0000 2474.0376   13.3259
    0.0000   22.5000  -30.0000 2468.5291   13.3147
    7.5000   22.5000  -30.0000 2442.0391   13.4527
   -7.5000   30.0000  -30.0000 2467.2986   13.2647
    0.0000   30.0000  -30.0000 2465.2449   13.2983
    7.5000   30.0000  -30.0000 2434.4692   13.4841
   -7.5000   37.5000  -30.0000 2455.1953   13.5040
    0.0000   37.5000  -30.0000 2456.1892   13.5373
    7.5000   37.5000  -30.0000 2422.3774   13.7596
   -7.5000   45.0000  -30.0000 2425.5710   14.0616
    0.0000   45.0000  -30.0000 2423.8269   14.0312
    7.5000   45.0000  -30.0000 2387.5664   14.2717
   -7.5000   52.5000  -30.0000 2346.2454   14.7226
    0.0000   52.5000  -30.0000 2345.3633   14.6862
    7.5000   52.5000  -30.0000 2311.7539   14.8729
   -7.5000  -37.5000  -22.5000 1891.5594   24.7771
    0.0000  -37.5000  -22.5000 1888.8312   24.7801
    7.5000  -37.5000  -22.5000 1881.0295   25.0258
   -7.5000  -30.0000  -22.5000 2025.8911   21.5504
    0.0000  -30.0000  -22.5000 2023.1687   21.5110
    7.5000  -30.0000  -22.5000 2014.5514   21.7715
   -7.5000  -22.5000  -22.5000 2165.0156   19.0603
    0.0000  -22.5000  -22.5000 2160.6050   19.0087
    7.5000  -22.5000  -22.5000 2143.0208   19.1782
   -7.5000  -15.0000  -22.5000 2289.7290   17.1147
    0.0000  -15.0000  -22.5000 2284.5024   17.0374
    7.5000  -15.0000  -22.5000 2259.2944   17.1944
   -7.5000   -7.5000  -22.5000 2397.0208   15.5548
    0.0000   -7.5000  -22.5000 2391.8965   15.4832
    7.5000   -7.5000  -22.5000 2360.6912   15.6155
   -7.5000    0.0000  -22.5000 2479.1135   14.3232
    0.0000    0.0000  -22.5000 2472.9812   14.2429
    7.5000    0.0000  -22.5000 2444.1377   14.3391
   -7.5000    7.5000  -22.5000 2544.6394   13.4219
    0.0000    7.5000  -22.5000 2540.8457   13.3237
    7.5000    7.5000  -22.5000 2509.0977   13.4070
   -7.5000   15.0000  -22.5000 2583.9380   12.8754
    0.0000   15.0000  -22.5000 2580.1689   12.8076
    7.5000   15.0000  -22.5000 2546.8479   12.9035
   -7.5000   22.5000  -22.5000 2603.1313   12.6075
    0.0000   22.5000  -22.5000 2599.0063   12.5735
    7.5000   22.5000  -22.5000 2572.8909   12.6682
   -7.5000   30.0000  -22.5000 2597.1440   12.5780
    0.0000   30.0000  -22.5000 2601.6733   12.5784
    7.5000   30.0000  -22.5000 2567.7693   12.7112
   -7.5000   37.5000  -22.5000 2589.1326   12.8318
    0.0000   37.5000  -22.5000 2592.5818   12.8367
    7.5000   37.5000  -22.5000 2551.7847   12.9819
   -7.5000   45.0000  -22.5000 2554.3691   13.3560
    0.0000   45.0000  -22.5000 2557.3083   13.3336
    7.5000   45.0000  -22.5000 2515.8894   13.4960
   -7.5000   52.5000  -22.5000 2472.8101   13.9746
    0.0000   52.5000  -22.5000 2475.0498   13.9424
    7.5000   52.5000  -22.5000 2435.6658   14.1034
   -7.5000  -37.5000  -15.0000 1928.5070   23.9374
    0.0000  -37.5000  -15.0000 1925.1552   23.8624
    7.5000  -37.5000  -15.0000 1919.0825   24.2203
   -7.5000  -30.0000  -15.0000 2072.1047   20.8336
    0.0000  -30.0000  -15.0000 2068.9468   20.7457
    7.5000  -30.0000  -15.0000 2051.2158   20.9484
   -7.5000  -22.5000  -15.0000 2214.2246   18.3274
    0.0000  -22.5000  -15.0000 2212.8684   18.2438
    7.5000  -22.5000  -15.0000 2191.2510   18.4442
   -7.5000  -15.0000  -15.0000 2350.1345   16.4430
    0.0000  -15.0000  -15.0000 2346.2883   16.3354
    7.5000  -15.0000  -15.0000 2317.1887   16.4891
   -7.5000   -7.5000  -15.0000 2456.9954   14.8402
    0.0000   -7.5000  -15.0000 2455.1204   14.7520
    7.5000   -7.5000  -15.0000 2423.6921   14.8946
   -7.5000    0.0000  -15.0000 2544.1914   13.6263
    0.0000    0.0000  -15.0000 2536.7461   13.5095
    7.5000    0.0000  -15.0000 2512.6191   13.6554
   -7.5000    7.5000  -15.0000 2621.7830   12.7304
    0.0000    7.5000  -15.0000 2620.9631   12.6370
    7.5000    7.5000  -15.0000 2590.0681   12.7353
   -7.5000   15.0000  -15.0000 2669.0483   12.1304
    0.0000   15.0000  -15.0000 2670.0522   12.0677
    7.5000   15.0000  -15.0000 2640.7402   12.1477
   -7.5000   22.5000  -15.0000 2703.3950   11.8402
    0.0000   22.5000  -15.0000 2699.4810   11.7962
    7.5000   22.5000  -15.0000 2672.2310   11.8823
   -7.5000   30.0000  -15.0000 2706.6628   11.8422
    0.0000   30.0000  -15.0000 2707.5613   11.8078
    7.5000   30.0000  -15.0000 2672.9077   11.9308
   -7.5000   37.5000  -15.0000 2700.3328   12.1312
    0.0000   37.5000  -15.0000 2708.7346   12.1119
    7.5000   37.5000  -15.0000 2662.6003   12.2214
   -7.5000   45.0000  -15.0000 2659.1604   12.6254
    0.0000   45.0000  -15.0000 2667.8215   12.6071
    7.5000   45.0000  -15.0000 2625.2715   12.7275
   -7.5000   52.5000  -15.0000 2569.3489   13.2153
    0.0000   52.5000  -15.0000 2575.7048   13.1823
    7.5000   52.5000  -15.0000 2536.1995   13.3192
   -7.5000  -37.5000   -7.5000 1954.3019   23.1764
    0.0000  -37.5000   -7.5000 1954.1527   23.1270
    7.5000  -37.5000   -7.5000 1944.1716   23.3840
   -7.5000  -30.0000   -7.5000 2101.4307   20.0353
    0.0000  -30.0000   -7.5000 2098.0588   19.9862
    7.5000  -30.0000   -7.5000 2082.3247   20.1736
   -7.5000  -22.5000   -7.5000 2243.6328   17.5800
    0.0000  -22.5000   -7.5000 2243.0208   17.5096
    7.5000  -22.5000   -7.5000 2223.6804   17.7292
   -7.5000  -15.0000   -7.5000 2378.8171   15.6910
    0.0000  -15.0000   -7.5000 2380.7947   15.5991
    7.5000  -15.0000   -7.5000 2351.7424   15.7994
   -7.5000   -7.5000   -7.5000 2495.6970   14.1746
    0.0000   -7.5000   -7.5000 2492.3887   14.0650
    7.5000   -7.5000   -7.5000 2465.9595   14.2512
   -7.5000    0.0000   -7.5000 2595.2395   12.9823
    0.0000    0.0000   -7.5000 2594.1763   12.8829
    7.5000    0.0000   -7.5000 2565.0210   13.0222
   -7.5000    7.5000   -7.5000 2683.1021   12.0775
    0.0000    7.5000   -7.5000 2684.5464   12.0140
    7.5000    7.5000   -7.5000 2651.8445   12.1036
   -7.5000   15.0000   -7.5000 2744.2632   11.4440
    0.0000   15.0000   -7.5000 2746.1846   11.3938
    7.5000   15.0000   -7.5000 2713.0784   11.4863
   -7.5000   22.5000   -7.5000 2792.0752   11.0980
    0.0000   22.5000   -7.5000 2792.9238   11.0741
    7.5000   22.5000   -7.5000 2754.9055   11.1757
   -7.5000   30.0000   -7.5000 2806.2898   11.0852
    0.0000   30.0000   -7.5000 2809.0286   11.0715
    7.5000   30.0000   -7.5000 2765.7402   11.2172
   -7.5000   37.5000   -7.5000 2796.3875   11.3933
    0.0000   37.5000   -7.5000 2810.2334   11.3798
    7.5000   37.5000   -7.5000 2762.5469   11.5048
   -7.5000   45.0000   -7.5000 2751.6106   11.8998
    0.0000   45.0000   -7.5000 2767.5269   11.8949
    7.5000   45.0000   -7.5000 2721.8784   11.9915
   -7.5000   52.5000   -7.5000 2654.9355   12.4751
    0.0000   52.5000   -7.5000 2666.6199   12.4663
    7.5000   52.5000   -7.5000 2626.2246   12.5833
   -7.5000  -37.5000    0.0000 1963.0444   22.6996
    0.0000  -37.5000    0.0000 1966.2716   22.7279
    7.5000  -37.5000    0.0000 1955.1265   22.9862
   -7.5000  -30.0000    0.0000 2109.8352   19.5270
    0.0000  -30.0000    0.0000 2107.4514   19.5131
    7.5000  -30.0000    0.0000 2094.7759   19.7188
   -7.5000  -22.5000    0.0000 2256.2817   17.0886
    0.0000  -22.5000    0.0000 2254.2349   17.0534
    7.5000  -22.5000    0.0000 2234.6882   17.2574
   -7.5000  -15.0000    0.0000 2396.4624   15.1749
    0.0000  -15.0000    0.0000 2390.1597   15.1070
    7.5000  -15.0000    0.0000 2362.5210   15.3423
   -7.5000   -7.5000    0.0000 2519.1484   13.6944
    0.0000   -7.5000    0.0000 2515.7395   13.6208
    7.5000   -7.5000    0.0000 2484.9893   13.8254
   -7.5000    0.0000    0.0000 2624.3416   12.5249
    0.0000    0.0000    0.0000 2627.5259   12.4383
    7.5000    0.0000    0.0000 2593.8928   12.6085
   -7.5000    7.5000    0.0000 2722.8003   11.6181
    0.0000    7.5000    0.0000 2726.9246   11.5478
    7.5000    7.5000    0.0000 2696.2900   11.6884
   -7.5000   15.0000    0.0000 2803.3438   10.9544
    0.0000   15.0000    0.0000 2813.8215   10.9194
    7.5000   15.0000    0.0000 2775.1194   11.0352
   -7.5000   22.5000    0.0000 2869.1931   10.5516
    0.0000   22.5000    0.0000 2874.3596   10.5534
    7.5000   22.5000    0.0000 2831.0312   10.7010
   -7.5000   30.0000    0.0000 2892.4553   10.4913
    0.0000   30.0000    0.0000 2898.9275   10.4855
    7.5000   30.0000    0.0000 2853.0127   10.6971
   -7.5000   37.5000    0.0000 2877.5308   10.7856
    0.0000   37.5000    0.0000 2893.3386   10.7630
    7.5000   37.5000    0.0000 2843.1594   10.9532
   -7.5000   45.0000    0.0000 2828.9902   11.2960
    0.0000   45.0000    0.0000 2843.5583   11.2898
    7.5000   45.0000    0.0000 2795.6392   11.4313
   -7.5000   52.5000    0.0000 2720.9294   11.9145
    0.0000   52.5000    0.0000 2734.7188   11.9061
    7.5000   52.5000    0.0000 2692.3340   12.0550
   -7.5000  -37.5000    7.5000 1961.9218   22.5910
    0.0000  -37.5000    7.5000 1961.9084   22.5869
    7.5000  -37.5000    7.5000 1950.9880   22.9543
   -7.5000  -30.0000    7.5000 2114.8408   19.4391
    0.0000  -30.0000    7.5000 2110.8174   19.3941
    7.5000  -30.0000    7.5000 2095.6760   19.7077
   -7.5000  -22.5000    7.5000 2257.5986   16.9737
    0.0000  -22.5000    7.5000 2254.8171   16.9192
    7.5000  -22.5000    7.5000 2236.7539   17.1710
   -7.5000  -15.0000    7.5000 2390.9929   14.9872
    0.0000  -15.0000    7.5000 2389.2593   14.9343
    7.5000  -15.0000    7.5000 2362.7500   15.1690
   -7.5000   -7.5000    7.5000 2516.8315   13.4662
    0.0000   -7.5000    7.5000 2516.6138   13.3983
    7.5000   -7.5000    7.5000 2486.8403   13.6199
   -7.5000    0.0000    7.5000 2625.5889   12.2557
    0.0000    0.0000    7.5000 2629.3970   12.1943
    7.5000    0.0000    7.5000 2602.1233   12.3950
   -7.5000    7.5000    7.5000 2734.3391   11.3247
    0.0000    7.5000    7.5000 2741.7317   11.2559
    7.5000    7.5000    7.5000 2715.3467   11.4591
   -7.5000   15.0000    7.5000 2836.0212   10.6521
    0.0000   15.0000    7.5000 2850.0334   10.6099
    7.5000   15.0000    7.5000 2813.5120   10.7910
   -7.5000   22.5000    7.5000 2917.0022   10.2563
    0.0000   22.5000    7.5000 2931.9514   10.2558
    7.5000   22.5000    7.5000 2880.9253   10.4336
   -7.5000   30.0000    7.5000 2957.8201   10.0922
    0.0000   30.0000    7.5000 2967.0811   10.1357
    7.5000   30.0000    7.5000 2910.1509   10.3695
   -7.5000   37.5000    7.5000 2933.5186   10.3792
    0.0000   37.5000    7.5000 2953.3630   10.3614
    7.5000   37.5000    7.5000 2895.7708   10.6026
   -7.5000   45.0000    7.5000 2870.9263   10.9415
    0.0000   45.0000    7.5000 2893.6123   10.9051
    7.5000   45.0000    7.5000 2841.0842   11.1149
   -7.5000   52.5000    7.5000 2752.6208   11.5749
    0.0000   52.5000    7.5000 2773.7417   11.5792
    7.5000   52.5000    7.5000 2727.1270   11.7539
   -7.5000  -37.5000   15.0000 1953.9298   22.8320
    0.0000  -37.5000   15.0000 1948.6532   22.7679
    7.5000  -37.5000   15.0000 1934.9884   23.1941
   -7.5000  -30.0000   15.0000 2101.8057   19.5925
    0.0000  -30.0000   15.0000 2099.6304   19.4920
    7.5000  -30.0000   15.0000 2084.4412   19.8650
   -7.5000  -22.5000   15.0000 2237.2239   17.0231
    0.0000  -22.5000   15.0000 2241.4556   16.9405
    7.5000  -22.5000   15.0000 2225.5552   17.2559
   -7.5000  -15.0000   15.0000 2367.5901   15.0149
    0.0000  -15.0000   15.0000 2369.2085   14.9076
    7.5000  -15.0000   15.0000 2351.4363   15.2310
   -7.5000   -7.5000   15.0000 2485.7136   13.4366
    0.0000   -7.5000   15.0000 2492.8938   13.3303
    7.5000   -7.5000   15.0000 2471.1462   13.6448
   -7.5000    0.0000   15.0000 2604.8345   12.2322
    0.0000    0.0000   15.0000 2609.8960   12.1257
    7.5000    0.0000   15.0000 2589.5139   12.3981
   -7.5000    7.5000   15.0000 2722.3501   11.2579
    0.0000    7.5000   15.0000 2730.2939   11.1753
    7.5000    7.5000   15.0000 2707.6345   11.4270
   -7.5000   15.0000   15.0000 2832.9470   10.6084
    0.0000   15.0000   15.0000 2840.0767   10.5208
    7.5000   15.0000   15.0000 2812.8467   10.7772
   -7.5000   22.5000   15.0000 2923.6775   10.2638
    0.0000   22.5000   15.0000 2933.3894   10.1901
    7.5000   22.5000   15.0000 2885.2241   10.3980
   -7.5000   30.0000   15.0000 2974.9355   10.1100
    0.0000   30.0000   15.0000 2980.0669   10.0294
    7.5000   30.0000   15.0000 2920.5188   10.2913
   -7.5000   37.5000   15.0000 2955.1389   10.2987
    0.0000   37.5000   15.0000 2963.6760   10.2014
    7.5000   37.5000   15.0000 2907.6399   10.4615
   -7.5000   45.0000   15.0000 2881.0068   10.7874
    0.0000   45.0000   15.0000 2899.7173   10.7019
    7.5000   45.0000   15.0000 2853.0852   10.9240
   -7.5000   52.5000   15.0000 2749.0142   11.4783
    0.0000   52.5000   15.0000 2770.4065   11.4120
    7.5000   52.5000   15.0000 2729.5874   11.6254
   -7.5000  -37.5000   22.5000 1923.0532   23.4369
    0.0000  -37.5000   22.5000 1918.8783   23.3483
    7.5000  -37.5000   22.5000 1905.8329   23.7651
   -7.5000  -30.0000   22.5000 2071.7878   20.0064
    0.0000  -30.0000   22.5000 2077.9434   19.9529
    7.5000  -30.0000   22.5000 2054.9995   20.3513
   -7.5000  -22.5000   22.5000 2214.3181   17.3092
    0.0000  -22.5000   22.5000 2218.4014   17.2181
    7.5000  -22.5000   22.5000 2200.1323   17.6107
   -7.5000  -15.0000   22.5000 2337.3430   15.1771
    0.0000  -15.0000   22.5000 2340.3069   15.0937
    7.5000  -15.0000   22.5000 2327.1021   15.4932
   -7.5000   -7.5000   22.5000 2455.2542   13.5701
    0.0000   -7.5000   22.5000 2460.0786   13.5120
    7.5000   -7.5000   22.5000 2447.3032   13.8472
   -7.5000    0.0000   22.5000 2568.4304   12.3511
    0.0000    0.0000   22.5000 2577.1794   12.2787
    7.5000    0.0000   22.5000 2565.7983   12.5519
   -7.5000    7.5000   22.5000 2687.3335   11.4489
    0.0000    7.5000   22.5000 2695.0615   11.3459
    7.5000    7.5000   22.5000 2679.2971   11.6070
   -7.5000   15.0000   22.5000 2804.8147   10.8780
    0.0000   15.0000   22.5000 2803.0156   10.7501
    7.5000   15.0000   22.5000 2785.2822   10.9876
   -7.5000   22.5000   22.5000 2899.1992   10.5379
    0.0000   22.5000   22.5000 2899.9915   10.3786
    7.5000   22.5000   22.5000 2861.7717   10.6045
   -7.5000   30.0000   22.5000 2948.8962   10.4576
    0.0000   30.0000   22.5000 2944.3696   10.2681
    7.5000   30.0000   22.5000 2898.6667   10.4938
   -7.5000   37.5000   22.5000 2930.2214   10.6024
    0.0000   37.5000   22.5000 2937.1387   10.4650
    7.5000   37.5000   22.5000 2886.6687   10.6672
   -7.5000   45.0000   22.5000 2860.4526   10.9871
    0.0000   45.0000   22.5000 2873.5322   10.8893
    7.5000   45.0000   22.5000 2830.3044   11.0917
   -7.5000   52.5000   22.5000 2732.7488   11.5753
    0.0000   52.5000   22.5000 2752.4675   11.4992
    7.5000   52.5000   22.5000 2716.3250   11.7121
   -7.5000  -37.5000   30.0000 1867.6350   24.3428
    0.0000  -37.5000   30.0000 1872.8722   24.2732
    7.5000  -37.5000   30.0000 1862.0336   24.8125
   -7.5000  -30.0000   30.0000 2024.1302   20.6804
    0.0000  -30.0000   30.0000 2033.3391   20.5947
    7.5000  -30.0000   30.0000 2016.8529   21.0801
   -7.5000  -22.5000   30.0000 2172.7654   17.8500
    0.0000  -22.5000   30.0000 2174.7520   17.7256
    7.5000  -22.5000   30.0000 2163.2710   18.1999
   -7.5000  -15.0000   30.0000 2299.5908   15.7299
    0.0000  -15.0000   30.0000 2299.6313   15.6130
    7.5000  -15.0000   30.0000 2287.1709   16.0057
   -7.5000   -7.5000   30.0000 2413.0864   14.1049
    0.0000   -7.5000   30.0000 2417.3508   13.9983
    7.5000   -7.5000   30.0000 2404.9822   14.3469
   -7.5000    0.0000   30.0000 2523.6050   12.8702
    0.0000    0.0000   30.0000 2532.6746   12.7649
    7.5000    0.0000   30.0000 2520.0972   13.0526
   -7.5000    7.5000   30.0000 2634.3162   11.9615
    0.0000    7.5000   30.0000 2644.3159   11.8341
    7.5000    7.5000   30.0000 2627.8774   12.0895
   -7.5000   15.0000   30.0000 2745.2690   11.3193
    0.0000   15.0000   30.0000 2750.3645   11.2019
    7.5000   15.0000   30.0000 2732.1187   11.4315
   -7.5000   22.5000   30.0000 2836.8635   10.9062
    0.0000   22.5000   30.0000 2840.6841   10.7621
    7.5000   22.5000   30.0000 2810.9617   11.0182
   -7.5000   30.0000   30.0000 2876.6301   10.7885
    0.0000   30.0000   30.0000 2876.0972   10.6820
    7.5000   30.0000   30.0000 2844.4580   10.9107
   -7.5000   37.5000   30.0000 2859.5503   10.9743
    0.0000   37.5000   30.0000 2867.5210   10.8888
    7.5000   37.5000   30.0000 2830.3052   11.1079
   -7.5000   45.0000   30.0000 2795.0498   11.3905
    0.0000   45.0000   30.0000 2804.1580   11.3287
    7.5000   45.0000   30.0000 2768.2964   11.5111
   -7.5000   52.5000   30.0000 2678.7488   11.9718
    0.0000   52.5000   30.0000 2696.8081   11.9021
    7.5000   52.5000   30.0000 2660.2070   12.0934
   -7.5000  -37.5000   37.5000 1813.1302   25.6274
    0.0000  -37.5000   37.5000 1816.6334   25.4309
    7.5000  -37.5000   37.5000 1810.0770   26.0566
   -7.5000  -30.0000   37.5000 1971.6787   21.7615
    0.0000  -30.0000   37.5000 1979.4474   21.5438
    7.5000  -30.0000   37.5000 1969.2770   22.0882
   -7.5000  -22.5000   37.5000 2121.6670   18.7889
    0.0000  -22.5000   37.5000 2123.4294   18.6225
    7.5000  -22.5000   37.5000 2114.1433   19.0926
   -7.5000  -15.0000   37.5000 2244.6978   16.5522
    0.0000  -15.0000   37.5000 2246.9219   16.4010
    7.5000  -15.0000   37.5000 2233.8237   16.8303
   -7.5000   -7.5000   37.5000 2363.2185   14.8922
    0.0000   -7.5000   37.5000 2368.6560   14.7230
    7.5000   -7.5000   37.5000 2348.7861   15.0833
   -7.5000    0.0000   37.5000 2474.5676   13.5891
    0.0000    0.0000   37.5000 2486.7651   13.4446
    7.5000    0.0000   37.5000 2465.7869   13.7790
   -7.5000    7.5000   37.5000 2580.4148   12.5960
    0.0000    7.5000   37.5000 2592.4109   12.4684
    7.5000    7.5000   37.5000 2571.7869   12.7490
   -7.5000   15.0000   37.5000 2682.8962   11.8884
    0.0000   15.0000   37.5000 2693.3762   11.7587
    7.5000   15.0000   37.5000 2669.7361   12.0206
   -7.5000   22.5000   37.5000 2760.5710   11.4881
    0.0000   22.5000   37.5000 2767.4663   11.3519
    7.5000   22.5000   37.5000 2737.5056   11.6168
   -7.5000   30.0000   37.5000 2787.6272   11.3791
    0.0000   30.0000   37.5000 2792.2764   11.2698
    7.5000   30.0000   37.5000 2765.6079   11.5245
   -7.5000   37.5000   37.5000 2766.5500   11.5661
    0.0000   37.5000   37.5000 2774.3032   11.4656
    7.5000   37.5000   37.5000 2752.2910   11.7015
   -7.5000   45.0000   37.5000 2707.5178   11.9619
    0.0000   45.0000   37.5000 2713.1370   11.8737
    7.5000   45.0000   37.5000 2691.8657   12.1054
   -7.5000   52.5000   37.5000 2606.4717   12.4874
    0.0000   52.5000   37.5000 2619.7903   12.4194
    7.5000   52.5000   37.5000 2590.3196   12.6448
   -7.5000  -37.5000   45.0000 1744.5750   27.4620
    0.0000  -37.5000   45.0000 1747.9452   27.1917
    7.5000  -37.5000   45.0000 1741.7611   27.8131
   -7.5000  -30.0000   45.0000 1907.9037   23.2505
    0.0000  -30.0000   45.0000 1914.1708   23.0178
    7.5000  -30.0000   45.0000 1904.5708   23.5435
   -7.5000  -22.5000   45.0000 2058.8926   20.0644
    0.0000  -22.5000   45.0000 2060.6519   19.8467
    7.5000  -22.5000   45.0000 2049.9612   20.3666
   -7.5000  -15.0000   45.0000 2182.3264   17.6325
    0.0000  -15.0000   45.0000 2187.3015   17.4656
    7.5000  -15.0000   45.0000 2172.7578   17.9485
   -7.5000   -7.5000   45.0000 2303.9175   15.8230
    0.0000   -7.5000   45.0000 2313.7720   15.6614
    7.5000   -7.5000   45.0000 2286.7729   16.0317
   -7.5000    0.0000   45.0000 2411.9673   14.4422
    0.0000    0.0000   45.0000 2425.8423   14.3127
    7.5000    0.0000   45.0000 2403.8896   14.6549
   -7.5000    7.5000   45.0000 2516.0139   13.4157
    0.0000    7.5000   45.0000 2528.8376   13.2847
    7.5000    7.5000   45.0000 2507.5156   13.5895
   -7.5000   15.0000   45.0000 2607.5942   12.6931
    0.0000   15.0000   45.0000 2620.6460   12.5362
    7.5000   15.0000   45.0000 2594.4192   12.8547
   -7.5000   22.5000   45.0000 2668.7693   12.2604
    0.0000   22.5000   45.0000 2681.7605   12.1442
    7.5000   22.5000   45.0000 2651.5320   12.4260
   -7.5000   30.0000   45.0000 2687.1831   12.1427
    0.0000   30.0000   45.0000 2696.2212   12.0274
    7.5000   30.0000   45.0000 2669.4207   12.2848
   -7.5000   37.5000   45.0000 2661.1392   12.3156
    0.0000   37.5000   45.0000 2668.3669   12.2008
    7.5000   37.5000   45.0000 2654.0811   12.4416
   -7.5000   45.0000   45.0000 2603.2949   12.7098
    0.0000   45.0000   45.0000 2610.9990   12.6117
    7.5000   45.0000   45.0000 2594.7556   12.8553
   -7.5000   52.5000   45.0000 2513.5608   13.1971
    0.0000   52.5000   45.0000 2530.5112   13.1207
    7.5000   52.5000   45.0000 2504.7065   13.3439

---------------------------------------------------------------------
imgreg_4dfp /opt/freesurfer/average/711-2C_as_mni_average_305 /opt/freesurfer/average/711-2B_as_mni_average_305_mask talsrcimg_g11 none talsrcimg_to_711-2C_as_mni_average_305_t4 1283
---------------------------------------------------------------------

freesurfer imgreg_4dfp.c
/opt/freesurfer/average/711-2C_as_mni_average_305.4dfp.img
       256       256       256         1
  1.000000  1.000000  1.000000
orientation T byte_order littleendian
Reading image: /opt/freesurfer/average/711-2C_as_mni_average_305.4dfp.img
dimensions:      256       256       256
mmppix:       1.0000   -1.0000   -1.0000
center:     128.0000 -129.0000 -129.0000
/opt/freesurfer/average/711-2B_as_mni_average_305_mask.4dfp.img
       256       256       256         1
  1.000000  1.000000  1.000000
orientation T byte_order littleendian
Reading mask: /opt/freesurfer/average/711-2B_as_mni_average_305_mask.4dfp.img (2306576 pixels)
talsrcimg_g11.4dfp.img
       256       256       256         1
  1.000000  1.000000  1.000000
orientation T byte_order littleendian
Reading image: talsrcimg_g11.4dfp.img
dimensions:      256       256       256
mmppix:       1.0000   -1.0000   -1.0000
center:     128.0000 -129.0000 -129.0000
rotation matrix determinant  1.000000
fimgreg.f
image alignment mode   1283 decimal      503 hex
parameters
    0.0000   30.0000   15.0000    0.0000    0.0000    0.0000
eta,q 0.93630 10.02425
niter,ni,del,rscale     5    3   12.0000    1.2000
parameter  4  1.753768 ->  0.500000 qaram    1.1500
parameter  5  0.901051 ->  0.500000 qaram    1.1500
parameter  6  0.632664 ->  0.500000 qaram    1.1500
parameters
   -2.9845   31.2474   14.3139   -3.4500   -3.4500   -3.4500
eta,q 0.94589  9.90238
  0.0637  0.0767  0.0653  0.0556  0.0550  0.0552
  0.0618  0.0693  0.0629  0.0573  0.0552  0.0542
  0.0611  0.0632  0.0613  0.0592  0.0565  0.0542
  0.0627  0.0612  0.0613  0.0608  0.0579  0.0556
  0.0672  0.0621  0.0619  0.0623  0.0592  0.0577
  0.0726  0.0644  0.0641  0.0645  0.0620  0.0597
  0.0773  0.0669  0.0684  0.0693  0.0664  0.0618
niter,ni,del,rscale     7    3   12.0000    1.2000
parameter  4  0.842410 ->  0.500000 qaram    1.3225
parameters
   -2.2399   31.8121   13.8037   -7.4175   -4.0980   -2.9639
eta,q 0.94995  9.93462
  0.0683  0.0643  0.0586  0.0515  0.0559  0.0572
  0.0609  0.0583  0.0562  0.0501  0.0530  0.0541
  0.0565  0.0550  0.0540  0.0510  0.0509  0.0517
  0.0541  0.0536  0.0535  0.0535  0.0502  0.0501
  0.0537  0.0544  0.0548  0.0559  0.0517  0.0507
  0.0567  0.0570  0.0570  0.0577  0.0546  0.0527
  0.0630  0.0603  0.0610  0.0611  0.0586  0.0558
niter,ni,del,rscale     7    3   12.0000    1.2000
parameters
   -2.1147   33.2531   12.7230  -11.3559   -4.8887   -2.3434
eta,q 0.95141  9.90684
  0.0634  0.0645  0.0540  0.0501  0.0550  0.0546
  0.0562  0.0584  0.0522  0.0493  0.0511  0.0520
  0.0519  0.0534  0.0501  0.0487  0.0491  0.0502
  0.0501  0.0500  0.0497  0.0496  0.0492  0.0488
  0.0513  0.0500  0.0516  0.0524  0.0514  0.0488
  0.0554  0.0522  0.0549  0.0559  0.0539  0.0503
  0.0624  0.0554  0.0593  0.0592  0.0572  0.0533
niter,ni,del,rscale     6    3   12.0000    1.2000
parameters
   -1.7400   35.4463   10.8545  -14.0142   -5.2439   -2.9070
eta,q 0.95558  9.93110
  0.0631  0.0649  0.0492  0.0502  0.0524  0.0511
  0.0560  0.0575  0.0473  0.0452  0.0478  0.0480
  0.0510  0.0515  0.0464  0.0444  0.0451  0.0455
  0.0486  0.0485  0.0468  0.0464  0.0444  0.0444
  0.0492  0.0468  0.0489  0.0501  0.0462  0.0457
  0.0531  0.0474  0.0524  0.0548  0.0493  0.0494
  0.0605  0.0510  0.0574  0.0587  0.0537  0.0543
niter,ni,del,rscale     5    3   12.0000    1.2000
parameters
   -1.5133   35.8651   10.7093  -14.2618   -5.3953   -2.9759
eta,q 0.95564  9.94269
  0.0606  0.0589  0.0506  0.0544  0.0524  0.0518
  0.0528  0.0522  0.0472  0.0494  0.0479  0.0484
  0.0465  0.0465  0.0455  0.0448  0.0452  0.0458
  0.0444  0.0444  0.0444  0.0445  0.0444  0.0443
  0.0459  0.0457  0.0452  0.0463  0.0456  0.0451
  0.0508  0.0500  0.0477  0.0502  0.0485  0.0481
  0.0587  0.0552  0.0514  0.0554  0.0530  0.0528
niter,ni,del,rscale     4    3   12.0000    1.2000
parameters
   -1.4584   35.9628   10.7635  -14.3253   -5.4490   -2.9791
eta,q 0.95562  9.94427
  0.0597  0.0577  0.0510  0.0547  0.0525  0.0519
  0.0518  0.0509  0.0475  0.0499  0.0480  0.0484
  0.0459  0.0458  0.0456  0.0450  0.0453  0.0458
  0.0444  0.0444  0.0444  0.0444  0.0444  0.0444
  0.0461  0.0463  0.0449  0.0461  0.0455  0.0450
  0.0512  0.0510  0.0474  0.0498  0.0482  0.0479
  0.0591  0.0562  0.0509  0.0548  0.0527  0.0525
niter,ni,del,rscale     3    3   12.0000    1.2000
parameters
   -1.4452   35.9987   10.7744  -14.3452   -5.4657   -2.9783
eta,q 0.95562  9.94505
  0.0594  0.0575  0.0509  0.0547  0.0526  0.0518
  0.0515  0.0507  0.0474  0.0500  0.0480  0.0484
  0.0457  0.0456  0.0456  0.0450  0.0453  0.0458
  0.0444  0.0444  0.0444  0.0444  0.0444  0.0444
  0.0462  0.0465  0.0450  0.0460  0.0454  0.0450
  0.0513  0.0513  0.0474  0.0497  0.0481  0.0478
  0.0592  0.0564  0.0510  0.0547  0.0526  0.0524
registration optimization eta report
parameter search radius
    6.0000    6.0000    6.0000    7.9350    6.9000    6.9000
100000*second partial in parameter space
       42.       34.       18.       16.       17.       16.
  0.0594  0.0575  0.0509  0.0547  0.0526  0.0518
  0.0515  0.0507  0.0474  0.0500  0.0480  0.0484
  0.0457  0.0456  0.0456  0.0450  0.0453  0.0458
  0.0444  0.0444  0.0444  0.0444  0.0444  0.0444
  0.0462  0.0465  0.0450  0.0460  0.0454  0.0450
  0.0513  0.0513  0.0474  0.0497  0.0481  0.0478
  0.0592  0.0564  0.0510  0.0547  0.0526  0.0524
   -1.4452   35.9987   10.7744  -14.3452   -5.4657   -2.9783
eta,q 0.95562  9.94505

---------------------------------------------------------------------
imgreg_4dfp /opt/freesurfer/average/711-2C_as_mni_average_305 /opt/freesurfer/average/711-2B_as_mni_average_305_mask talsrcimg_g11 none talsrcimg_to_711-2C_as_mni_average_305_t4 3335
---------------------------------------------------------------------

freesurfer imgreg_4dfp.c
/opt/freesurfer/average/711-2C_as_mni_average_305.4dfp.img
       256       256       256         1
  1.000000  1.000000  1.000000
orientation T byte_order littleendian
Reading image: /opt/freesurfer/average/711-2C_as_mni_average_305.4dfp.img
dimensions:      256       256       256
mmppix:       1.0000   -1.0000   -1.0000
center:     128.0000 -129.0000 -129.0000
/opt/freesurfer/average/711-2B_as_mni_average_305_mask.4dfp.img
       256       256       256         1
  1.000000  1.000000  1.000000
orientation T byte_order littleendian
Reading mask: /opt/freesurfer/average/711-2B_as_mni_average_305_mask.4dfp.img (2306576 pixels)
talsrcimg_g11.4dfp.img
       256       256       256         1
  1.000000  1.000000  1.000000
orientation T byte_order littleendian
Reading image: talsrcimg_g11.4dfp.img
dimensions:      256       256       256
mmppix:       1.0000   -1.0000   -1.0000
center:     128.0000 -129.0000 -129.0000
fimgreg.f
image alignment mode   3335 decimal      D07 hex
parameters
   -1.4452   35.9987   10.7744   -0.5891   -3.1262   -3.5584
    2.6770   10.5028   -5.1721   24.2634   -9.5250  -24.6637
eta,q 0.95698 10.02166
niter,ni,del,rscale     5    3    5.0000    1.2000
parameter  4  1.803050 ->  0.500000 qaram    1.1500
parameter  5  3.288846 ->  0.500000 qaram    1.1500
parameter  6  1.185182 ->  0.500000 qaram    1.1500
parameter 12 -0.542019 -> -0.500000 qaram    1.1500
parameters
   -1.7330   36.4580   10.4236   -4.7291   -7.2662   -7.6984
    1.1572   10.7753   -2.5552   21.5590   -7.7418  -20.5237
eta,q 0.97516  9.71807
  0.0452  0.0453  0.0439  0.0360  0.0299  0.0265  0.0286  0.0334  0.0308  0.0275  0.0290  0.0292
  0.0439  0.0442  0.0432  0.0371  0.0319  0.0264  0.0273  0.0301  0.0289  0.0261  0.0274  0.0277
  0.0431  0.0434  0.0428  0.0395  0.0345  0.0286  0.0267  0.0277  0.0275  0.0255  0.0262  0.0264
  0.0430  0.0430  0.0429  0.0428  0.0376  0.0326  0.0268  0.0266  0.0266  0.0262  0.0255  0.0254
  0.0436  0.0429  0.0432  0.0469  0.0410  0.0373  0.0277  0.0272  0.0262  0.0281  0.0254  0.0249
  0.0448  0.0433  0.0438  0.0512  0.0444  0.0427  0.0292  0.0294  0.0265  0.0308  0.0259  0.0249
  0.0465  0.0441  0.0445  0.0553  0.0482  0.0481  0.0311  0.0326  0.0273  0.0339  0.0267  0.0253
niter,ni,del,rscale     7    3    5.0000    1.2000
parameter  5  0.692008 ->  0.500000 qaram    1.3225
parameters
   -1.4845   36.3532   10.3359   -7.6440  -12.0272   -9.8039
    1.5558   10.0871   -1.8854   21.0611   -9.4707  -21.7555
eta,q 0.97726  9.47763
  0.0301  0.0275  0.0274  0.0264  0.0232  0.0259  0.0261  0.0269  0.0255  0.0257  0.0236  0.0242
  0.0275  0.0259  0.0259  0.0253  0.0226  0.0247  0.0245  0.0246  0.0242  0.0242  0.0230  0.0232
  0.0257  0.0250  0.0251  0.0245  0.0231  0.0233  0.0235  0.0233  0.0234  0.0233  0.0228  0.0228
  0.0248  0.0248  0.0248  0.0248  0.0246  0.0226  0.0230  0.0230  0.0230  0.0229  0.0229  0.0228
  0.0250  0.0253  0.0252  0.0268  0.0269  0.0245  0.0232  0.0239  0.0230  0.0234  0.0233  0.0233
  0.0262  0.0263  0.0262  0.0303  0.0300  0.0287  0.0241  0.0258  0.0237  0.0247  0.0239  0.0241
  0.0283  0.0280  0.0278  0.0349  0.0336  0.0342  0.0255  0.0287  0.0248  0.0268  0.0246  0.0252
niter,ni,del,rscale     7    3    5.0000    1.2000
parameters
   -1.4564   36.5482    9.7020   -7.1851  -13.1604  -10.8987
    0.9711   10.2132   -1.5595   21.7311   -9.8168  -23.0697
eta,q 0.97730  9.44204
  0.0264  0.0262  0.0237  0.0260  0.0262  0.0259  0.0253  0.0274  0.0252  0.0260  0.0239  0.0241
  0.0244  0.0244  0.0229  0.0246  0.0242  0.0247  0.0239  0.0250  0.0240  0.0244  0.0232  0.0231
  0.0232  0.0232  0.0226  0.0235  0.0228  0.0237  0.0231  0.0234  0.0232  0.0234  0.0229  0.0227
  0.0227  0.0227  0.0227  0.0226  0.0224  0.0224  0.0229  0.0229  0.0229  0.0229  0.0228  0.0228
  0.0231  0.0230  0.0234  0.0223  0.0234  0.0227  0.0234  0.0233  0.0230  0.0229  0.0230  0.0233
  0.0243  0.0238  0.0244  0.0234  0.0255  0.0256  0.0246  0.0247  0.0237  0.0236  0.0235  0.0241
  0.0263  0.0252  0.0256  0.0260  0.0287  0.0302  0.0262  0.0272  0.0248  0.0251  0.0240  0.0251
niter,ni,del,rscale     6    3    5.0000    1.2000
parameters
   -1.4790   36.7795    9.2836   -6.9547  -13.5128  -11.4298
    0.6543   10.2498   -1.3923   22.2219   -9.9455  -23.7001
eta,q 0.97727  9.43120
  0.0262  0.0261  0.0239  0.0258  0.0268  0.0262  0.0255  0.0272  0.0250  0.0256  0.0239  0.0245
  0.0243  0.0243  0.0230  0.0246  0.0248  0.0248  0.0240  0.0248  0.0239  0.0241  0.0232  0.0233
  0.0231  0.0232  0.0226  0.0235  0.0233  0.0238  0.0231  0.0233  0.0231  0.0232  0.0229  0.0228
  0.0227  0.0227  0.0227  0.0226  0.0225  0.0226  0.0228  0.0228  0.0228  0.0228  0.0228  0.0228
  0.0231  0.0229  0.0231  0.0224  0.0232  0.0224  0.0233  0.0233  0.0230  0.0229  0.0230  0.0232
  0.0243  0.0236  0.0239  0.0236  0.0250  0.0246  0.0244  0.0247  0.0237  0.0236  0.0234  0.0239
  0.0264  0.0249  0.0250  0.0262  0.0278  0.0287  0.0260  0.0272  0.0248  0.0250  0.0239  0.0249
niter,ni,del,rscale     5    3    5.0000    1.2000
parameters
   -1.5060   36.9027    9.0583   -6.9126  -13.7088  -11.7069
    0.5025   10.2478   -1.2918   22.4781  -10.0429  -24.0428
eta,q 0.97720  9.42176
  0.0262  0.0258  0.0241  0.0257  0.0271  0.0264  0.0256  0.0272  0.0249  0.0254  0.0239  0.0247
  0.0243  0.0241  0.0232  0.0246  0.0250  0.0249  0.0241  0.0248  0.0238  0.0240  0.0233  0.0235
  0.0232  0.0231  0.0228  0.0236  0.0235  0.0239  0.0231  0.0233  0.0231  0.0232  0.0229  0.0229
  0.0227  0.0227  0.0227  0.0227  0.0227  0.0227  0.0228  0.0228  0.0228  0.0228  0.0228  0.0228
  0.0231  0.0230  0.0230  0.0226  0.0232  0.0223  0.0232  0.0233  0.0230  0.0230  0.0230  0.0232
  0.0244  0.0238  0.0237  0.0238  0.0250  0.0243  0.0243  0.0248  0.0237  0.0237  0.0234  0.0239
  0.0264  0.0252  0.0247  0.0265  0.0278  0.0282  0.0259  0.0272  0.0249  0.0251  0.0239  0.0248
niter,ni,del,rscale     4    3    5.0000    1.2000
parameters
   -1.5242   36.9699    8.9367   -6.9117  -13.8334  -11.8682
    0.4194   10.2368   -1.2399   22.6249  -10.1333  -24.2190
eta,q 0.97713  9.41476
  0.0262  0.0257  0.0243  0.0257  0.0272  0.0265  0.0257  0.0272  0.0250  0.0254  0.0240  0.0248
  0.0244  0.0241  0.0234  0.0246  0.0252  0.0250  0.0242  0.0248  0.0239  0.0240  0.0233  0.0236
  0.0232  0.0232  0.0229  0.0237  0.0236  0.0239  0.0232  0.0234  0.0232  0.0232  0.0229  0.0230
  0.0228  0.0228  0.0228  0.0228  0.0228  0.0228  0.0229  0.0229  0.0229  0.0229  0.0229  0.0229
  0.0232  0.0231  0.0231  0.0227  0.0233  0.0224  0.0232  0.0233  0.0231  0.0231  0.0230  0.0232
  0.0244  0.0239  0.0237  0.0239  0.0250  0.0242  0.0243  0.0248  0.0238  0.0238  0.0234  0.0239
  0.0264  0.0253  0.0246  0.0265  0.0277  0.0280  0.0259  0.0272  0.0250  0.0252  0.0239  0.0248
niter,ni,del,rscale     3    3    5.0000    1.2000
parameters
   -1.5352   37.0134    8.8676   -6.9230  -13.9137  -11.9732
    0.3735   10.2281   -1.2061   22.7142  -10.2064  -24.3262
eta,q 0.97709  9.40948
  0.0263  0.0256  0.0244  0.0258  0.0273  0.0265  0.0258  0.0272  0.0250  0.0253  0.0240  0.0249
  0.0245  0.0241  0.0235  0.0246  0.0252  0.0250  0.0242  0.0249  0.0239  0.0240  0.0233  0.0237
  0.0233  0.0232  0.0230  0.0237  0.0237  0.0240  0.0233  0.0234  0.0232  0.0232  0.0230  0.0230
  0.0229  0.0229  0.0229  0.0229  0.0229  0.0229  0.0229  0.0229  0.0229  0.0229  0.0229  0.0229
  0.0232  0.0231  0.0231  0.0228  0.0233  0.0224  0.0233  0.0234  0.0231  0.0231  0.0231  0.0232
  0.0244  0.0240  0.0237  0.0240  0.0250  0.0242  0.0243  0.0248  0.0238  0.0238  0.0234  0.0239
  0.0264  0.0254  0.0245  0.0266  0.0277  0.0280  0.0259  0.0272  0.0250  0.0253  0.0240  0.0248
niter,ni,del,rscale     2    3    5.0000    1.2000
parameters
   -1.5413   37.0376    8.8243   -6.9300  -13.9662  -12.0379
    0.3420   10.2263   -1.1849   22.7750  -10.2458  -24.3908
eta,q 0.97706  9.40631
  0.0263  0.0256  0.0245  0.0258  0.0273  0.0266  0.0258  0.0272  0.0250  0.0253  0.0240  0.0249
  0.0245  0.0241  0.0235  0.0247  0.0253  0.0251  0.0243  0.0249  0.0239  0.0240  0.0234  0.0237
  0.0233  0.0232  0.0230  0.0237  0.0237  0.0240  0.0233  0.0234  0.0232  0.0232  0.0230  0.0231
  0.0229  0.0229  0.0229  0.0229  0.0229  0.0229  0.0229  0.0229  0.0229  0.0229  0.0229  0.0229
  0.0233  0.0232  0.0231  0.0228  0.0234  0.0224  0.0233  0.0234  0.0231  0.0231  0.0231  0.0233
  0.0244  0.0241  0.0237  0.0240  0.0251  0.0242  0.0243  0.0248  0.0238  0.0239  0.0235  0.0239
  0.0264  0.0255  0.0245  0.0266  0.0277  0.0279  0.0259  0.0272  0.0250  0.0253  0.0240  0.0248
niter,ni,del,rscale     1    3    5.0000    1.2000
parameters
   -1.5433   37.0556    8.7970   -6.9367  -14.0011  -12.0786
    0.3268   10.2261   -1.1735   22.8095  -10.2665  -24.4370
eta,q 0.97705  9.40406
  0.0264  0.0256  0.0245  0.0258  0.0273  0.0266  0.0259  0.0272  0.0250  0.0253  0.0241  0.0250
  0.0245  0.0241  0.0236  0.0247  0.0253  0.0251  0.0243  0.0249  0.0239  0.0240  0.0234  0.0237
  0.0234  0.0232  0.0231  0.0238  0.0237  0.0240  0.0233  0.0234  0.0232  0.0232  0.0230  0.0231
  0.0229  0.0229  0.0229  0.0229  0.0229  0.0229  0.0230  0.0230  0.0230  0.0230  0.0230  0.0230
  0.0233  0.0232  0.0231  0.0228  0.0234  0.0224  0.0233  0.0234  0.0232  0.0232  0.0231  0.0233
  0.0245  0.0241  0.0237  0.0240  0.0251  0.0242  0.0243  0.0249  0.0239  0.0239  0.0235  0.0239
  0.0264  0.0255  0.0245  0.0266  0.0277  0.0279  0.0259  0.0272  0.0250  0.0253  0.0240  0.0248
registration optimization eta report
parameter search radius
    2.4000    2.4000    2.4000    8.2800    9.5220    8.2800
    7.2000    7.2000    7.2000    7.2000    7.2000    8.2800
100000*second partial in parameter space
       60.       46.       28.        5.        5.        6.
        6.        8.        4.        5.        2.        3.
  0.0264  0.0256  0.0245  0.0258  0.0273  0.0266  0.0259  0.0272  0.0250  0.0253  0.0241  0.0250
  0.0245  0.0241  0.0236  0.0247  0.0253  0.0251  0.0243  0.0249  0.0239  0.0240  0.0234  0.0237
  0.0234  0.0232  0.0231  0.0238  0.0237  0.0240  0.0233  0.0234  0.0232  0.0232  0.0230  0.0231
  0.0229  0.0229  0.0229  0.0229  0.0229  0.0229  0.0230  0.0230  0.0230  0.0230  0.0230  0.0230
  0.0233  0.0232  0.0231  0.0228  0.0234  0.0224  0.0233  0.0234  0.0232  0.0232  0.0231  0.0233
  0.0245  0.0241  0.0237  0.0240  0.0251  0.0242  0.0243  0.0249  0.0239  0.0239  0.0235  0.0239
  0.0264  0.0255  0.0245  0.0266  0.0277  0.0279  0.0259  0.0272  0.0250  0.0253  0.0240  0.0248
   -1.5433   37.0556    8.7970   -6.9367  -14.0011  -12.0786
    0.3268   10.2261   -1.1735   22.8095  -10.2665  -24.4370
eta,q 0.97705  9.40406

---------------------------------------------------------------------
imgreg_4dfp /opt/freesurfer/average/711-2C_as_mni_average_305 /opt/freesurfer/average/711-2B_as_mni_average_305_mask talsrcimg_g11 none talsrcimg_to_711-2C_as_mni_average_305_t4 2311
---------------------------------------------------------------------

freesurfer imgreg_4dfp.c
/opt/freesurfer/average/711-2C_as_mni_average_305.4dfp.img
       256       256       256         1
  1.000000  1.000000  1.000000
orientation T byte_order littleendian
Reading image: /opt/freesurfer/average/711-2C_as_mni_average_305.4dfp.img
dimensions:      256       256       256
mmppix:       1.0000   -1.0000   -1.0000
center:     128.0000 -129.0000 -129.0000
/opt/freesurfer/average/711-2B_as_mni_average_305_mask.4dfp.img
       256       256       256         1
  1.000000  1.000000  1.000000
orientation T byte_order littleendian
Reading mask: /opt/freesurfer/average/711-2B_as_mni_average_305_mask.4dfp.img (2306576 pixels)
talsrcimg_g11.4dfp.img
       256       256       256         1
  1.000000  1.000000  1.000000
orientation T byte_order littleendian
Reading image: talsrcimg_g11.4dfp.img
dimensions:      256       256       256
mmppix:       1.0000   -1.0000   -1.0000
center:     128.0000 -129.0000 -129.0000
fimgreg.f
image alignment mode   2311 decimal      907 hex
parameters
   -1.5433   37.0556    8.7970   -6.9367  -14.0011  -12.0786
    0.3268   10.2261   -1.1735   22.8095  -10.2665  -24.4370
eta,q 0.97705  9.40406
niter,ni,del,rscale     5    3    5.0000    0.8000
parameters
   -1.5174   37.0581    8.7400   -5.6724  -13.7253  -10.6575
   -0.0879   10.6649   -1.4327   22.9874   -9.3808  -24.5234
eta,q 0.97776  9.50316
  0.0245  0.0241  0.0236  0.0244  0.0243  0.0247  0.0235  0.0252  0.0232  0.0236  0.0233  0.0231
  0.0237  0.0235  0.0232  0.0239  0.0236  0.0240  0.0228  0.0237  0.0226  0.0229  0.0228  0.0226
  0.0232  0.0231  0.0230  0.0234  0.0230  0.0234  0.0224  0.0228  0.0223  0.0225  0.0224  0.0223
  0.0229  0.0229  0.0229  0.0229  0.0228  0.0227  0.0223  0.0223  0.0223  0.0223  0.0223  0.0222
  0.0231  0.0231  0.0231  0.0227  0.0228  0.0223  0.0226  0.0224  0.0224  0.0223  0.0222  0.0224
  0.0236  0.0235  0.0233  0.0229  0.0233  0.0225  0.0232  0.0231  0.0228  0.0227  0.0224  0.0227
  0.0245  0.0241  0.0237  0.0236  0.0241  0.0235  0.0240  0.0243  0.0234  0.0235  0.0227  0.0231
niter,ni,del,rscale     4    3    5.0000    0.7000
parameters
   -1.5249   37.0328    9.1723   -5.5404  -13.5358  -10.0599
    0.1987   10.5655   -1.6811   22.7700   -9.0498  -24.1715
eta,q 0.97802  9.52421
  0.0236  0.0232  0.0235  0.0235  0.0234  0.0241  0.0233  0.0239  0.0227  0.0229  0.0227  0.0228
  0.0228  0.0226  0.0229  0.0229  0.0228  0.0235  0.0226  0.0229  0.0223  0.0224  0.0223  0.0224
  0.0224  0.0223  0.0225  0.0225  0.0224  0.0228  0.0222  0.0222  0.0220  0.0221  0.0221  0.0221
  0.0222  0.0222  0.0222  0.0222  0.0221  0.0221  0.0220  0.0220  0.0220  0.0220  0.0220  0.0220
  0.0224  0.0224  0.0222  0.0222  0.0222  0.0220  0.0221  0.0222  0.0221  0.0221  0.0220  0.0220
  0.0229  0.0227  0.0223  0.0226  0.0226  0.0224  0.0224  0.0230  0.0224  0.0225  0.0222  0.0222
  0.0236  0.0232  0.0225  0.0235  0.0233  0.0236  0.0230  0.0242  0.0229  0.0232  0.0225  0.0226
niter,ni,del,rscale     3    3    5.0000    0.6000
parameters
   -1.5117   36.9488    9.4077   -5.5040  -13.4120   -9.6106
    0.3269   10.5226   -1.7787   22.5221   -8.9133  -23.9175
eta,q 0.97814  9.53519
  0.0231  0.0226  0.0228  0.0230  0.0229  0.0237  0.0228  0.0234  0.0224  0.0226  0.0224  0.0225
  0.0225  0.0222  0.0224  0.0225  0.0224  0.0231  0.0223  0.0226  0.0221  0.0222  0.0221  0.0222
  0.0221  0.0220  0.0221  0.0221  0.0221  0.0224  0.0220  0.0221  0.0219  0.0219  0.0219  0.0219
  0.0220  0.0220  0.0220  0.0219  0.0219  0.0219  0.0219  0.0219  0.0219  0.0219  0.0219  0.0219
  0.0221  0.0221  0.0220  0.0220  0.0220  0.0219  0.0219  0.0220  0.0219  0.0220  0.0219  0.0219
  0.0224  0.0224  0.0221  0.0224  0.0223  0.0223  0.0222  0.0226  0.0221  0.0223  0.0221  0.0221
  0.0230  0.0228  0.0223  0.0230  0.0228  0.0232  0.0227  0.0235  0.0225  0.0228  0.0223  0.0223
niter,ni,del,rscale     2    3    5.0000    0.5000
parameters
   -1.5023   36.8740    9.5781   -5.4987  -13.3134   -9.2766
    0.3966   10.5187   -1.8501   22.3434   -8.8459  -23.7255
eta,q 0.97820  9.54308
  0.0226  0.0223  0.0225  0.0226  0.0225  0.0232  0.0224  0.0229  0.0222  0.0223  0.0222  0.0223
  0.0222  0.0221  0.0222  0.0222  0.0222  0.0227  0.0221  0.0223  0.0220  0.0220  0.0220  0.0220
  0.0220  0.0219  0.0220  0.0220  0.0220  0.0222  0.0219  0.0219  0.0219  0.0219  0.0218  0.0219
  0.0219  0.0219  0.0219  0.0218  0.0218  0.0218  0.0218  0.0218  0.0218  0.0218  0.0218  0.0218
  0.0219  0.0220  0.0219  0.0219  0.0219  0.0218  0.0219  0.0219  0.0219  0.0219  0.0218  0.0218
  0.0222  0.0222  0.0220  0.0222  0.0221  0.0222  0.0221  0.0223  0.0220  0.0221  0.0220  0.0219
  0.0226  0.0225  0.0222  0.0227  0.0225  0.0229  0.0224  0.0229  0.0222  0.0225  0.0222  0.0221
niter,ni,del,rscale     1    3    5.0000    0.4000
parameters
   -1.4910   36.8197    9.6975   -5.5006  -13.2580   -9.0426
    0.4615   10.5330   -1.9103   22.2118   -8.8018  -23.6001
eta,q 0.97823  9.54791
  0.0223  0.0221  0.0222  0.0223  0.0222  0.0228  0.0222  0.0225  0.0220  0.0221  0.0220  0.0221
  0.0220  0.0219  0.0220  0.0221  0.0220  0.0223  0.0220  0.0221  0.0219  0.0219  0.0219  0.0219
  0.0219  0.0218  0.0219  0.0219  0.0219  0.0220  0.0218  0.0219  0.0218  0.0218  0.0218  0.0218
  0.0218  0.0218  0.0218  0.0218  0.0218  0.0218  0.0218  0.0218  0.0218  0.0218  0.0218  0.0218
  0.0219  0.0219  0.0218  0.0218  0.0218  0.0218  0.0218  0.0218  0.0218  0.0218  0.0218  0.0218
  0.0220  0.0220  0.0219  0.0220  0.0220  0.0220  0.0219  0.0221  0.0219  0.0220  0.0219  0.0219
  0.0223  0.0222  0.0220  0.0223  0.0222  0.0225  0.0222  0.0225  0.0221  0.0222  0.0220  0.0220
registration optimization eta report
parameter search radius
    0.8000    0.8000    0.8000    2.4000    2.4000    2.4000
    2.4000    2.4000    2.4000    2.4000    2.4000    2.4000
100000*second partial in parameter space
       76.       54.       46.        9.        8.       15.
        7.       13.        5.        7.        4.        4.
  0.0223  0.0221  0.0222  0.0223  0.0222  0.0228  0.0222  0.0225  0.0220  0.0221  0.0220  0.0221
  0.0220  0.0219  0.0220  0.0221  0.0220  0.0223  0.0220  0.0221  0.0219  0.0219  0.0219  0.0219
  0.0219  0.0218  0.0219  0.0219  0.0219  0.0220  0.0218  0.0219  0.0218  0.0218  0.0218  0.0218
  0.0218  0.0218  0.0218  0.0218  0.0218  0.0218  0.0218  0.0218  0.0218  0.0218  0.0218  0.0218
  0.0219  0.0219  0.0218  0.0218  0.0218  0.0218  0.0218  0.0218  0.0218  0.0218  0.0218  0.0218
  0.0220  0.0220  0.0219  0.0220  0.0220  0.0220  0.0219  0.0221  0.0219  0.0220  0.0219  0.0219
  0.0223  0.0222  0.0220  0.0223  0.0222  0.0225  0.0222  0.0225  0.0221  0.0222  0.0220  0.0220
   -1.4910   36.8197    9.6975   -5.5006  -13.2580   -9.0426
    0.4615   10.5330   -1.9103   22.2118   -8.8018  -23.6001
eta,q 0.97823  9.54791

---------------------------------------------------------------------
imgreg_4dfp /opt/freesurfer/average/711-2C_as_mni_average_305 /opt/freesurfer/average/711-2B_as_mni_average_305_mask talsrcimg_g11 none talsrcimg_to_711-2C_as_mni_average_305_t4 2311
---------------------------------------------------------------------

freesurfer imgreg_4dfp.c
/opt/freesurfer/average/711-2C_as_mni_average_305.4dfp.img
       256       256       256         1
  1.000000  1.000000  1.000000
orientation T byte_order littleendian
Reading image: /opt/freesurfer/average/711-2C_as_mni_average_305.4dfp.img
dimensions:      256       256       256
mmppix:       1.0000   -1.0000   -1.0000
center:     128.0000 -129.0000 -129.0000
/opt/freesurfer/average/711-2B_as_mni_average_305_mask.4dfp.img
       256       256       256         1
  1.000000  1.000000  1.000000
orientation T byte_order littleendian
Reading mask: /opt/freesurfer/average/711-2B_as_mni_average_305_mask.4dfp.img (2306576 pixels)
talsrcimg_g11.4dfp.img
       256       256       256         1
  1.000000  1.000000  1.000000
orientation T byte_order littleendian
Reading image: talsrcimg_g11.4dfp.img
dimensions:      256       256       256
mmppix:       1.0000   -1.0000   -1.0000
center:     128.0000 -129.0000 -129.0000
fimgreg.f
image alignment mode   2311 decimal      907 hex
parameters
   -1.4910   36.8197    9.6975   -5.5006  -13.2580   -9.0426
    0.4615   10.5330   -1.9103   22.2118   -8.8018  -23.6001
eta,q 0.97823  9.54791
niter,ni,del,rscale     5    3    5.0000    0.8000
parameters
   -1.4901   36.7998    9.7799   -5.9334  -13.3546   -9.4450
    0.5882   10.4106   -1.8573   22.1172   -8.9240  -23.4975
eta,q 0.97814  9.52364
  0.0237  0.0231  0.0231  0.0232  0.0233  0.0240  0.0234  0.0244  0.0229  0.0233  0.0227  0.0228
  0.0226  0.0224  0.0224  0.0226  0.0226  0.0232  0.0226  0.0230  0.0224  0.0225  0.0222  0.0223
  0.0220  0.0219  0.0220  0.0220  0.0220  0.0223  0.0221  0.0221  0.0220  0.0220  0.0219  0.0220
  0.0218  0.0218  0.0218  0.0218  0.0218  0.0218  0.0219  0.0219  0.0219  0.0219  0.0219  0.0219
  0.0220  0.0220  0.0219  0.0220  0.0220  0.0221  0.0220  0.0222  0.0220  0.0220  0.0220  0.0220
  0.0226  0.0224  0.0222  0.0228  0.0226  0.0233  0.0225  0.0231  0.0223  0.0225  0.0223  0.0223
  0.0237  0.0232  0.0228  0.0241  0.0235  0.0255  0.0233  0.0247  0.0229  0.0235  0.0227  0.0227
niter,ni,del,rscale     4    3    5.0000    0.7000
parameters
   -1.4780   36.8013    9.6641   -5.7618  -13.2845   -9.4514
    0.4976   10.4680   -1.8525   22.1620   -8.9224  -23.5759
eta,q 0.97816  9.53136
  0.0233  0.0229  0.0226  0.0232  0.0231  0.0238  0.0230  0.0240  0.0227  0.0230  0.0225  0.0225
  0.0225  0.0223  0.0222  0.0227  0.0225  0.0231  0.0223  0.0228  0.0222  0.0224  0.0221  0.0221
  0.0220  0.0220  0.0219  0.0222  0.0220  0.0223  0.0220  0.0221  0.0219  0.0220  0.0219  0.0219
  0.0219  0.0219  0.0219  0.0219  0.0218  0.0218  0.0218  0.0218  0.0218  0.0218  0.0218  0.0218
  0.0220  0.0220  0.0220  0.0219  0.0219  0.0219  0.0220  0.0220  0.0219  0.0219  0.0219  0.0219
  0.0225  0.0223  0.0224  0.0223  0.0224  0.0227  0.0224  0.0227  0.0222  0.0223  0.0221  0.0222
  0.0233  0.0229  0.0229  0.0232  0.0231  0.0242  0.0231  0.0239  0.0227  0.0230  0.0225  0.0226
niter,ni,del,rscale     3    3    5.0000    0.6000
parameters
   -1.4876   36.7994    9.6515   -5.6423  -13.2629   -9.3016
    0.4672   10.4949   -1.8624   22.1743   -8.8747  -23.5971
eta,q 0.97820  9.53856
  0.0229  0.0226  0.0225  0.0229  0.0228  0.0235  0.0227  0.0234  0.0224  0.0227  0.0223  0.0223
  0.0223  0.0222  0.0221  0.0224  0.0223  0.0229  0.0222  0.0225  0.0221  0.0222  0.0220  0.0220
  0.0219  0.0219  0.0219  0.0220  0.0220  0.0222  0.0219  0.0220  0.0219  0.0219  0.0219  0.0219
  0.0218  0.0218  0.0218  0.0218  0.0218  0.0218  0.0218  0.0218  0.0218  0.0218  0.0218  0.0218
  0.0220  0.0219  0.0219  0.0219  0.0219  0.0219  0.0219  0.0220  0.0219  0.0219  0.0219  0.0219
  0.0223  0.0222  0.0221  0.0222  0.0222  0.0224  0.0222  0.0225  0.0221  0.0222  0.0220  0.0221
  0.0229  0.0226  0.0225  0.0229  0.0228  0.0235  0.0227  0.0234  0.0224  0.0227  0.0223  0.0223
niter,ni,del,rscale     2    3    5.0000    0.5000
parameters
   -1.4868   36.7922    9.6960   -5.5767  -13.2331   -9.1230
    0.4715   10.5128   -1.8888   22.1589   -8.8226  -23.5655
eta,q 0.97822  9.54456
  0.0225  0.0223  0.0223  0.0226  0.0225  0.0231  0.0224  0.0229  0.0222  0.0224  0.0222  0.0222
  0.0221  0.0220  0.0220  0.0222  0.0221  0.0226  0.0221  0.0223  0.0220  0.0221  0.0220  0.0220
  0.0219  0.0219  0.0219  0.0219  0.0219  0.0221  0.0219  0.0219  0.0218  0.0219  0.0218  0.0218
  0.0218  0.0218  0.0218  0.0218  0.0218  0.0218  0.0218  0.0218  0.0218  0.0218  0.0218  0.0218
  0.0219  0.0219  0.0218  0.0219  0.0219  0.0218  0.0218  0.0219  0.0218  0.0218  0.0218  0.0218
  0.0221  0.0221  0.0220  0.0221  0.0221  0.0222  0.0221  0.0223  0.0220  0.0221  0.0219  0.0220
  0.0225  0.0223  0.0222  0.0226  0.0225  0.0230  0.0224  0.0229  0.0222  0.0224  0.0221  0.0222
niter,ni,del,rscale     1    3    5.0000    0.4000
parameters
   -1.4844   36.7753    9.7545   -5.5383  -13.2198   -8.9666
    0.4894   10.5266   -1.9241   22.1261   -8.7931  -23.5214
eta,q 0.97823  9.54877
  0.0223  0.0221  0.0221  0.0223  0.0222  0.0227  0.0222  0.0225  0.0220  0.0222  0.0220  0.0220
  0.0220  0.0219  0.0219  0.0221  0.0220  0.0223  0.0220  0.0221  0.0219  0.0219  0.0219  0.0219
  0.0218  0.0218  0.0218  0.0219  0.0218  0.0219  0.0218  0.0219  0.0218  0.0218  0.0218  0.0218
  0.0218  0.0218  0.0218  0.0218  0.0218  0.0218  0.0218  0.0218  0.0218  0.0218  0.0218  0.0218
  0.0218  0.0218  0.0218  0.0218  0.0218  0.0218  0.0218  0.0218  0.0218  0.0218  0.0218  0.0218
  0.0220  0.0219  0.0219  0.0220  0.0220  0.0221  0.0219  0.0221  0.0219  0.0219  0.0219  0.0219
  0.0223  0.0221  0.0220  0.0223  0.0222  0.0226  0.0222  0.0225  0.0221  0.0222  0.0220  0.0220
registration optimization eta report
parameter search radius
    0.8000    0.8000    0.8000    2.4000    2.4000    2.4000
    2.4000    2.4000    2.4000    2.4000    2.4000    2.4000
100000*second partial in parameter space
       75.       54.       47.        9.        8.       15.
        7.       13.        5.        7.        4.        4.
  0.0223  0.0221  0.0221  0.0223  0.0222  0.0227  0.0222  0.0225  0.0220  0.0222  0.0220  0.0220
  0.0220  0.0219  0.0219  0.0221  0.0220  0.0223  0.0220  0.0221  0.0219  0.0219  0.0219  0.0219
  0.0218  0.0218  0.0218  0.0219  0.0218  0.0219  0.0218  0.0219  0.0218  0.0218  0.0218  0.0218
  0.0218  0.0218  0.0218  0.0218  0.0218  0.0218  0.0218  0.0218  0.0218  0.0218  0.0218  0.0218
  0.0218  0.0218  0.0218  0.0218  0.0218  0.0218  0.0218  0.0218  0.0218  0.0218  0.0218  0.0218
  0.0220  0.0219  0.0219  0.0220  0.0220  0.0221  0.0219  0.0221  0.0219  0.0219  0.0219  0.0219
  0.0223  0.0221  0.0220  0.0223  0.0222  0.0226  0.0222  0.0225  0.0221  0.0222  0.0220  0.0220
   -1.4844   36.7753    9.7545   -5.5383  -13.2198   -8.9666
    0.4894   10.5266   -1.9241   22.1261   -8.7931  -23.5214
eta,q 0.97823  9.54877

---------------------------------------------------------------------
compute_vox2vox talsrcimg talsrcimg_to_711-2C_as_mni_average_305_t4 /opt/freesurfer/average/711-2C_as_mni_average_305
---------------------------------------------------------------------

freesurfer compute_vox2vox.c
Reading: talsrcimg.4dfp.ifh
Reading: talsrcimg_to_711-2C_as_mni_average_305_t4
Reading: /opt/freesurfer/average/711-2C_as_mni_average_305.4dfp.ifh
Writing: talsrcimg_to_711-2C_as_mni_average_305_t4_vox2vox.txt

start time Thu Mar 12 11:20:12 CET 2026
end		time Thu Mar 12 11:21:46 CET 2026

mpr2mni305 success

avi2talxfm orig_nu.mgz /opt/freesurfer/average/mni305.cor.mgz talsrcimg_to_711-2C_as_mni_average_305_t4_vox2vox.txt transforms/talairach.auto.xfm
avi2talxfm done
mv -f /out/sourcedata/freesurfer/sub-v1s15x0050193_ses-1/mri/talsrcimg_to_711-2C_as_mni_average_305_t4_vox2vox.txt /out/sourcedata/freesurfer/sub-v1s15x0050193_ses-1/mri/transforms/talsrcimg_to_711-2C_as_mni_average_305_t4_vox2vox.txt
lta_convert --src orig_nu.mgz --trg /opt/freesurfer/average/mni305.cor.mgz --inxfm transforms/talairach.auto.xfm --outlta transforms/talairach.auto.xfm.lta --subject fsaverage
7.3.2

--src: orig_nu.mgz src image (geometry).
--trg: /opt/freesurfer/average/mni305.cor.mgz trg image (geometry).
--inmni: transforms/talairach.auto.xfm input MNI/XFM transform.
--outlta: transforms/talairach.auto.xfm.lta output LTA.
--s: fsaverage subject name
 LTA read, type : 1
 1.04744  -0.11229  -0.03634  -4.91930;
 0.10055   1.01982   0.27585  -12.94697;
-0.00241  -0.26251   1.08120   18.86076;
 0.00000   0.00000   0.00000   1.00000;
setting subject to fsaverage
Writing  LTA to file transforms/talairach.auto.xfm.lta...
lta_convert successful.
 
 
Started at Thu Mar 12 11:20:11 CET 2026
Ended   at Thu Mar 12 11:21:47 CET 2026
talairach_avi done
