status file for recon-all
Sun Mar  8 22:16:32 CET 2026
#@# Tessellate rh Sun Mar  8 22:16:32 CET 2026
#@# Smooth1 rh Sun Mar  8 22:16:36 CET 2026
#@# Inflation1 rh Sun Mar  8 22:16:38 CET 2026
#@# QSphere rh Sun Mar  8 22:16:47 CET 2026
#@# Fix Topology rh Sun Mar  8 22:17:43 CET 2026
#@# Smooth2 rh Sun Mar  8 22:22:40 CET 2026
#@# Inflation2 rh Sun Mar  8 22:22:43 CET 2026
#@# Curv .H and .K rh Sun Mar  8 22:22:53 CET 2026
#@# Sphere rh Sun Mar  8 22:23:38 CET 2026
#@# Surf Reg rh Sun Mar  8 22:25:22 CET 2026
#@# Jacobian white rh Sun Mar  8 22:28:19 CET 2026
#@# AvgCurv rh Sun Mar  8 22:28:20 CET 2026
#@# Cortical Parc rh Sun Mar  8 22:28:20 CET 2026
#@# white curv rh Sun Mar  8 22:33:49 CET 2026
#@# white area rh Sun Mar  8 22:33:50 CET 2026
#@# pial curv rh Sun Mar  8 22:33:51 CET 2026
#@# pial area rh Sun Mar  8 22:33:52 CET 2026
#@# thickness rh Sun Mar  8 22:33:53 CET 2026
#@# area and vertex vol rh Sun Mar  8 22:34:21 CET 2026
#@# Curvature Stats rh Sun Mar  8 22:34:22 CET 2026
#@# Cortical Parc 2 rh Sun Mar  8 22:34:24 CET 2026
#@# Cortical Parc 3 rh Sun Mar  8 22:34:37 CET 2026
#@# WM/GM Contrast rh Sun Mar  8 22:34:46 CET 2026
recon-all -s sub-v1s15x0050183_ses-1 finished without error at Sun Mar  8 22:34:49 CET 2026



#New# invocation of recon-all 



status file for recon-all
Sun Mar  8 22:43:21 CET 2026
#@# white curv rh Sun Mar  8 22:43:21 CET 2026
#@# white area rh Sun Mar  8 22:43:21 CET 2026
#@# pial curv rh Sun Mar  8 22:43:21 CET 2026
#@# pial area rh Sun Mar  8 22:43:21 CET 2026
#@# thickness rh Sun Mar  8 22:43:21 CET 2026
#@# area and vertex vol rh Sun Mar  8 22:43:21 CET 2026
#@# Parcellation Stats rh Sun Mar  8 22:43:21 CET 2026
#@# Parcellation Stats 2 rh Sun Mar  8 22:43:38 CET 2026
#@# Parcellation Stats 3 rh Sun Mar  8 22:43:47 CET 2026
#@# BA_exvivo Labels rh Sun Mar  8 22:43:55 CET 2026
recon-all -s sub-v1s15x0050183_ses-1 finished without error at Sun Mar  8 22:46:13 CET 2026
