status file for recon-all
Sun Mar  8 21:58:33 CET 2026
#@# Tessellate lh Sun Mar  8 21:58:33 CET 2026
#@# Smooth1 lh Sun Mar  8 21:58:36 CET 2026
#@# Inflation1 lh Sun Mar  8 21:58:38 CET 2026
#@# QSphere lh Sun Mar  8 21:58:47 CET 2026
#@# Fix Topology lh Sun Mar  8 21:59:41 CET 2026
#@# Smooth2 lh Sun Mar  8 22:04:45 CET 2026
#@# Inflation2 lh Sun Mar  8 22:04:47 CET 2026
#@# Curv .H and .K lh Sun Mar  8 22:04:58 CET 2026
#@# Sphere lh Sun Mar  8 22:05:42 CET 2026
#@# Surf Reg lh Sun Mar  8 22:07:16 CET 2026
#@# Jacobian white lh Sun Mar  8 22:09:58 CET 2026
#@# AvgCurv lh Sun Mar  8 22:09:58 CET 2026
#@# Cortical Parc lh Sun Mar  8 22:09:59 CET 2026
#@# white curv lh Sun Mar  8 22:15:29 CET 2026
#@# white area lh Sun Mar  8 22:15:31 CET 2026
#@# pial curv lh Sun Mar  8 22:15:31 CET 2026
#@# pial area lh Sun Mar  8 22:15:33 CET 2026
#@# thickness lh Sun Mar  8 22:15:33 CET 2026
#@# area and vertex vol lh Sun Mar  8 22:16:01 CET 2026
#@# Curvature Stats lh Sun Mar  8 22:16:02 CET 2026
#@# Cortical Parc 2 lh Sun Mar  8 22:16:04 CET 2026
#@# Cortical Parc 3 lh Sun Mar  8 22:16:16 CET 2026
#@# WM/GM Contrast lh Sun Mar  8 22:16:25 CET 2026
recon-all -s sub-v1s15x0050183_ses-1 finished without error at Sun Mar  8 22:16:28 CET 2026



#New# invocation of recon-all 



status file for recon-all
Sun Mar  8 22:40:29 CET 2026
#@# white curv lh Sun Mar  8 22:40:29 CET 2026
#@# white area lh Sun Mar  8 22:40:29 CET 2026
#@# pial curv lh Sun Mar  8 22:40:29 CET 2026
#@# pial area lh Sun Mar  8 22:40:29 CET 2026
#@# thickness lh Sun Mar  8 22:40:29 CET 2026
#@# area and vertex vol lh Sun Mar  8 22:40:29 CET 2026
#@# Parcellation Stats lh Sun Mar  8 22:40:29 CET 2026
#@# Parcellation Stats 2 lh Sun Mar  8 22:40:46 CET 2026
#@# Parcellation Stats 3 lh Sun Mar  8 22:40:55 CET 2026
#@# BA_exvivo Labels lh Sun Mar  8 22:41:03 CET 2026
recon-all -s sub-v1s15x0050183_ses-1 finished without error at Sun Mar  8 22:43:18 CET 2026
