/out/sourcedata/freesurfer/sub-v1s15x0050204_ses-1/mri
/opt/freesurfer/bin/talairach_avi
--i orig_nu.mgz --xfm transforms/talairach.auto.xfm
talairach_avi 7.3.2
Linux dna054 5.14.0-427.37.1.el9_4.x86_64 #1 SMP PREEMPT_DYNAMIC Fri Sep 13 12:41:50 EDT 2024 x86_64 x86_64 x86_64 GNU/Linux
Thu Mar 12 11:38:16 CET 2026
mri_convert orig_nu.mgz talsrcimg.img 
reading from orig_nu.mgz...
TR=0.00, TE=0.00, TI=0.00, flip angle=0.00
i_ras = (-1, 0, 0)
j_ras = (0, 0, -1)
k_ras = (0, 1, 0)
writing to talsrcimg.img...
Analyze Output Matrix
-1.00000   0.00000   0.00000   132.31219;
 0.00000   0.00000   1.00000  -125.68800;
 0.00000  -1.00000   0.00000   93.87469;
 0.00000   0.00000   0.00000   1.00000;
--------------------
INFO: set hdr.hist.orient to -1
mpr2mni305 talsrcimg
Thu Mar 12 11:38:16 CET 2026
/opt/freesurfer/bin/mpr2mni305 talsrcimg
mpr2mni305 7.3.2
target=711-2C_as_mni_average_305

---------------------------------------------------------------------
analyzeto4dfp talsrcimg -O0 -y
---------------------------------------------------------------------

freesurfer ifh2hdr.c
Thu Mar 12 11:38:17 2026
Writing: talsrcimg.4dfp.hdr
freesurfer analyzeto4dfp.c
Reading: talsrcimg.hdr
header size 348 bytes
hdr.dime.datatype	offset=70	value=2
hdr.dime.bitpix		offset=72	value=8
hdr.hist.orient		offset=252	value=-1
dimensionality     4
dimensions       256       256       256         1
Reading: talsrcimg.img
Writing: talsrcimg.4dfp.img
Writing: talsrcimg.4dfp.ifh
ifh2hdr talsrcimg -r0to220
ori=2

---------------------------------------------------------------------
gauss_4dfp talsrcimg 1.1
---------------------------------------------------------------------

freesurfer gauss_4dfp.c
Reading: talsrcimg.4dfp.img
Writing: talsrcimg_g11.4dfp.img
image dimensions 256 256 256 padded to 288 288 288
processing volume 1freesurfer ifh2hdr.c
Thu Mar 12 11:38:18 2026
Writing: talsrcimg_g11.4dfp.hdr

Writing: talsrcimg_g11.4dfp.ifh
including: talsrcimg.4dfp.img.rec in talsrcimg_g11.4dfp.img.rec

---------------------------------------------------------------------
imgreg_4dfp /opt/freesurfer/average/711-2C_as_mni_average_305 none talsrcimg_g11 none talsrcimg_to_711-2C_as_mni_average_305_t4 4355
---------------------------------------------------------------------

freesurfer imgreg_4dfp.c
/opt/freesurfer/average/711-2C_as_mni_average_305.4dfp.img
       256       256       256         1
  1.000000  1.000000  1.000000
orientation T byte_order littleendian
Reading image: /opt/freesurfer/average/711-2C_as_mni_average_305.4dfp.img
dimensions:      256       256       256
mmppix:       1.0000   -1.0000   -1.0000
center:     128.0000 -129.0000 -129.0000
talsrcimg_g11.4dfp.img
       256       256       256         1
  1.000000  1.000000  1.000000
orientation T byte_order littleendian
Reading image: talsrcimg_g11.4dfp.img
dimensions:      256       256       256
mmppix:       1.0000   -1.0000   -1.0000
center:     128.0000 -129.0000 -129.0000
t4_read: open error in t4_sub.f l:  41 t4_file(1:l)talsrcimg_to_711-2C_as_mni_average_305_t4 
t4_read: transform initialized to I4
rotation matrix determinant  1.000000
image alignment mode   4355 decimal     1103 hex
   -7.5000  -45.0000  -45.0000 5994.6704   21.8867
    0.0000  -45.0000  -45.0000 6275.2949   21.8392
    7.5000  -45.0000  -45.0000 6045.3110   21.7769
   -7.5000  -37.5000  -45.0000 6524.8345   21.3520
    0.0000  -37.5000  -45.0000 6833.4946   21.3018
    7.5000  -37.5000  -45.0000 6574.6167   21.2561
   -7.5000  -30.0000  -45.0000 7340.5913   21.0879
    0.0000  -30.0000  -45.0000 7708.5186   21.0438
    7.5000  -30.0000  -45.0000 7387.8594   21.0205
   -7.5000  -22.5000  -45.0000 8246.3301   21.0558
    0.0000  -22.5000  -45.0000 8667.5098   21.0206
    7.5000  -22.5000  -45.0000 8299.2275   21.0029
   -7.5000  -15.0000  -45.0000 9129.3545   21.0765
    0.0000  -15.0000  -45.0000 9604.0781   21.0466
    7.5000  -15.0000  -45.0000 9188.2803   21.0154
   -7.5000   -7.5000  -45.000010004.9893   21.1201
    0.0000   -7.5000  -45.000010530.3076   21.0842
    7.5000   -7.5000  -45.000010073.7021   21.0323
   -7.5000    0.0000  -45.000010736.3203   21.1417
    0.0000    0.0000  -45.000011331.0264   21.0957
    7.5000    0.0000  -45.000010820.9473   21.0363
   -7.5000    7.5000  -45.000010652.0117   21.1169
    0.0000    7.5000  -45.000011239.4883   21.0681
    7.5000    7.5000  -45.000010744.3359   21.0240
   -7.5000   15.0000  -45.000010510.8184   21.0744
    0.0000   15.0000  -45.000011095.0518   21.0305
    7.5000   15.0000  -45.000010586.5605   21.0072
   -7.5000   22.5000  -45.000010332.7920   21.0528
    0.0000   22.5000  -45.000010882.4990   21.0176
    7.5000   22.5000  -45.000010398.0977   20.9999
   -7.5000   30.0000  -45.0000 9930.5615   20.7956
    0.0000   30.0000  -45.000010456.3936   20.7661
    7.5000   30.0000  -45.0000 9990.3076   20.7354
   -7.5000   37.5000  -45.0000 9854.3135   20.8387
    0.0000   37.5000  -45.000010396.3203   20.8033
    7.5000   37.5000  -45.0000 9893.8545   20.7520
   -7.5000   45.0000  -45.0000 9392.1992   20.3303
    0.0000   45.0000  -45.0000 9890.0000   20.2860
    7.5000   45.0000  -45.0000 9396.1250   20.2289
   -7.5000  -45.0000  -37.5000 6331.5537   21.9347
    0.0000  -45.0000  -37.5000 6637.2515   21.8814
    7.5000  -45.0000  -37.5000 6424.2666   21.8057
   -7.5000  -37.5000  -37.5000 6905.8979   21.4073
    0.0000  -37.5000  -37.5000 7246.0610   21.3522
    7.5000  -37.5000  -37.5000 6995.4668   21.2989
   -7.5000  -30.0000  -37.5000 7796.3691   21.1370
    0.0000  -30.0000  -37.5000 8202.7500   21.0864
    7.5000  -30.0000  -37.5000 7890.1367   21.0584
   -7.5000  -22.5000  -37.5000 8765.8760   21.0926
    0.0000  -22.5000  -37.5000 9229.1689   21.0479
    7.5000  -22.5000  -37.5000 8854.3301   21.0230
   -7.5000  -15.0000  -37.5000 9706.0771   21.1048
    0.0000  -15.0000  -37.500010211.7969   21.0643
    7.5000  -15.0000  -37.5000 9782.0195   21.0213
   -7.5000   -7.5000  -37.500010639.4756   21.1533
    0.0000   -7.5000  -37.500011186.5664   21.1093
    7.5000   -7.5000  -37.500010680.5215   21.0434
   -7.5000    0.0000  -37.500011426.3906   21.1885
    0.0000    0.0000  -37.500012032.2363   21.1371
    7.5000    0.0000  -37.500011489.6816   21.0658
   -7.5000    7.5000  -37.500011322.5186   21.1711
    0.0000    7.5000  -37.500011940.8076   21.1175
    7.5000    7.5000  -37.500011391.4619   21.0659
   -7.5000   15.0000  -37.500011128.9258   21.1235
    0.0000   15.0000  -37.500011754.2168   21.0730
    7.5000   15.0000  -37.500011202.1152   21.0451
   -7.5000   22.5000  -37.500010909.8223   21.0896
    0.0000   22.5000  -37.500011520.3203   21.0449
    7.5000   22.5000  -37.500010996.3613   21.0200
   -7.5000   30.0000  -37.500010474.9277   20.8235
    0.0000   30.0000  -37.500011060.6240   20.7836
    7.5000   30.0000  -37.500010545.2363   20.7412
   -7.5000   37.5000  -37.500010380.5498   20.8714
    0.0000   37.5000  -37.500010961.7061   20.8280
    7.5000   37.5000  -37.500010421.6416   20.7629
   -7.5000   45.0000  -37.5000 9848.8428   20.3753
    0.0000   45.0000  -37.500010406.1943   20.3258
    7.5000   45.0000  -37.5000 9897.4639   20.2573
   -7.5000  -45.0000  -30.0000 6773.4209   22.9237
    0.0000  -45.0000  -30.0000 7118.9292   22.8665
    7.5000  -45.0000  -30.0000 6861.4419   22.7800
   -7.5000  -37.5000  -30.0000 7418.7847   22.3776
    0.0000  -37.5000  -30.0000 7797.4336   22.3173
    7.5000  -37.5000  -30.0000 7490.5259   22.2575
   -7.5000  -30.0000  -30.0000 8419.5400   22.0970
    0.0000  -30.0000  -30.0000 8848.9297   22.0423
    7.5000  -30.0000  -30.0000 8495.2871   22.0121
   -7.5000  -22.5000  -30.0000 9456.6230   22.0469
    0.0000  -22.5000  -30.0000 9954.8096   21.9994
    7.5000  -22.5000  -30.0000 9548.9824   21.9724
   -7.5000  -15.0000  -30.000010460.2949   22.0526
    0.0000  -15.0000  -30.000011001.4580   22.0098
    7.5000  -15.0000  -30.000010548.6533   21.9617
   -7.5000   -7.5000  -30.000011454.6328   22.1005
    0.0000   -7.5000  -30.000012051.4932   22.0540
    7.5000   -7.5000  -30.000011513.5703   21.9798
   -7.5000    0.0000  -30.000012284.2939   22.1417
    0.0000    0.0000  -30.000012937.5000   22.0867
    7.5000    0.0000  -30.000012355.2031   22.0057
   -7.5000    7.5000  -30.000012150.5947   22.1300
    0.0000    7.5000  -30.000012822.6943   22.0714
    7.5000    7.5000  -30.000012225.6973   22.0134
   -7.5000   15.0000  -30.000011940.7305   22.0828
    0.0000   15.0000  -30.000012623.6904   22.0282
    7.5000   15.0000  -30.000011991.6270   21.9979
   -7.5000   22.5000  -30.000011707.5566   22.0414
    0.0000   22.5000  -30.000012365.0479   21.9940
    7.5000   22.5000  -30.000011745.4180   21.9669
   -7.5000   30.0000  -30.000011236.6602   21.7608
    0.0000   30.0000  -30.000011871.1162   21.7186
    7.5000   30.0000  -30.000011266.9551   21.6711
   -7.5000   37.5000  -30.000011064.9141   21.8081
    0.0000   37.5000  -30.000011703.5762   21.7622
    7.5000   37.5000  -30.000011109.0176   21.6889
   -7.5000   45.0000  -30.000010504.1777   21.3076
    0.0000   45.0000  -30.000011091.7764   21.2546
    7.5000   45.0000  -30.000010553.8838   21.1766
   -7.5000  -45.0000  -22.5000 7242.2046   23.7196
    0.0000  -45.0000  -22.5000 7609.3398   23.6674
    7.5000  -45.0000  -22.5000 7320.8975   23.5863
   -7.5000  -37.5000  -22.5000 7963.6118   23.1526
    0.0000  -37.5000  -22.5000 8362.2168   23.0953
    7.5000  -37.5000  -22.5000 8011.7144   23.0373
   -7.5000  -30.0000  -22.5000 9052.4238   22.8707
    0.0000  -30.0000  -22.5000 9503.5283   22.8219
    7.5000  -30.0000  -22.5000 9104.7393   22.7933
   -7.5000  -22.5000  -22.500010172.4707   22.8258
    0.0000  -22.5000  -22.500010685.2158   22.7889
    7.5000  -22.5000  -22.500010229.2139   22.7668
   -7.5000  -15.0000  -22.500011256.9580   22.8317
    0.0000  -15.0000  -22.500011824.6025   22.8007
    7.5000  -15.0000  -22.500011307.7881   22.7615
   -7.5000   -7.5000  -22.500012284.7598   22.8737
    0.0000   -7.5000  -22.500012945.2041   22.8361
    7.5000   -7.5000  -22.500012341.8066   22.7706
   -7.5000    0.0000  -22.500013145.8643   22.9082
    0.0000    0.0000  -22.500013853.7812   22.8577
    7.5000    0.0000  -22.500013232.2412   22.7816
   -7.5000    7.5000  -22.500012973.8389   22.8964
    0.0000    7.5000  -22.500013699.5508   22.8409
    7.5000    7.5000  -22.500013064.4932   22.7844
   -7.5000   15.0000  -22.500012758.5986   22.8560
    0.0000   15.0000  -22.500013465.4062   22.8073
    7.5000   15.0000  -22.500012812.7178   22.7786
   -7.5000   22.5000  -22.500012541.2197   22.8186
    0.0000   22.5000  -22.500013244.4756   22.7817
    7.5000   22.5000  -22.500012565.3330   22.7597
   -7.5000   30.0000  -22.500012039.5762   22.5330
    0.0000   30.0000  -22.500012737.9893   22.5025
    7.5000   30.0000  -22.500012077.5479   22.4638
   -7.5000   37.5000  -22.500011803.9141   22.5745
    0.0000   37.5000  -22.500012489.5547   22.5374
    7.5000   37.5000  -22.500011859.5703   22.4727
   -7.5000   45.0000  -22.500011143.5273   22.0617
    0.0000   45.0000  -22.500011801.0000   22.0131
    7.5000   45.0000  -22.500011213.3945   21.9398
   -7.5000  -45.0000  -15.0000 7730.9854   24.2412
    0.0000  -45.0000  -15.0000 8144.1943   24.1970
    7.5000  -45.0000  -15.0000 7821.1245   24.1284
   -7.5000  -37.5000  -15.0000 8481.9629   23.6527
    0.0000  -37.5000  -15.0000 8929.6416   23.6014
    7.5000  -37.5000  -15.0000 8561.5293   23.5497
   -7.5000  -30.0000  -15.0000 9629.2900   23.3672
    0.0000  -30.0000  -15.000010134.3799   23.3272
    7.5000  -30.0000  -15.0000 9713.8809   23.3038
   -7.5000  -22.5000  -15.000010847.4531   23.3308
    0.0000  -22.5000  -15.000011393.8223   23.3076
    7.5000  -22.5000  -15.000010929.3975   23.2956
   -7.5000  -15.0000  -15.000011990.6221   23.3451
    0.0000  -15.0000  -15.000012610.5195   23.3297
    7.5000  -15.0000  -15.000012065.5264   23.3061
   -7.5000   -7.5000  -15.000013064.2393   23.3865
    0.0000   -7.5000  -15.000013781.6367   23.3608
    7.5000   -7.5000  -15.000013153.5273   23.3111
   -7.5000    0.0000  -15.000013983.6270   23.4114
    0.0000    0.0000  -15.000014745.1221   23.3682
    7.5000    0.0000  -15.000014096.5889   23.3032
   -7.5000    7.5000  -15.000013789.2480   23.3916
    0.0000    7.5000  -15.000014533.0391   23.3419
    7.5000    7.5000  -15.000013872.2578   23.2916
   -7.5000   15.0000  -15.000013536.0244   23.3522
    0.0000   15.0000  -15.000014264.6123   23.3123
    7.5000   15.0000  -15.000013596.9971   23.2889
   -7.5000   22.5000  -15.000013328.2979   23.3224
    0.0000   22.5000  -15.000014070.1338   23.2992
    7.5000   22.5000  -15.000013375.8115   23.2872
   -7.5000   30.0000  -15.000012810.9492   23.0430
    0.0000   30.0000  -15.000013573.7607   23.0278
    7.5000   30.0000  -15.000012865.8779   23.0044
   -7.5000   37.5000  -15.000012546.2988   23.0839
    0.0000   37.5000  -15.000013270.4053   23.0585
    7.5000   37.5000  -15.000012626.5898   23.0094
   -7.5000   45.0000  -15.000011789.6602   22.5600
    0.0000   45.0000  -15.000012478.4814   22.5183
    7.5000   45.0000  -15.000011881.3223   22.4557
   -7.5000  -45.0000   -7.5000 8249.6543   24.4555
    0.0000  -45.0000   -7.5000 8700.1924   24.4101
    7.5000  -45.0000   -7.5000 8361.7529   24.3471
   -7.5000  -37.5000   -7.5000 9043.4873   23.8539
    0.0000  -37.5000   -7.5000 9526.6631   23.8025
    7.5000  -37.5000   -7.5000 9150.7041   23.7549
   -7.5000  -30.0000   -7.500010266.0596   23.5636
    0.0000  -30.0000   -7.500010782.3447   23.5224
    7.5000  -30.0000   -7.500010368.7686   23.5011
   -7.5000  -22.5000   -7.500011543.2803   23.5334
    0.0000  -22.5000   -7.500012123.2324   23.5081
    7.5000  -22.5000   -7.500011644.6924   23.4978
   -7.5000  -15.0000   -7.500012782.8096   23.5580
    0.0000  -15.0000   -7.500013458.6729   23.5404
    7.5000  -15.0000   -7.500012891.6113   23.5190
   -7.5000   -7.5000   -7.500013972.0986   23.6022
    0.0000   -7.5000   -7.500014714.4541   23.5747
    7.5000   -7.5000   -7.500014040.8877   23.5283
   -7.5000    0.0000   -7.500014992.6777   23.6204
    0.0000    0.0000   -7.500015755.8896   23.5761
    7.5000    0.0000   -7.500015053.3926   23.5160
   -7.5000    7.5000   -7.500014768.1592   23.5913
    0.0000    7.5000   -7.500015514.6270   23.5414
    7.5000    7.5000   -7.500014819.8359   23.4952
   -7.5000   15.0000   -7.500014481.9707   23.5485
    0.0000   15.0000   -7.500015180.2695   23.5075
    7.5000   15.0000   -7.500014504.0303   23.4862
   -7.5000   22.5000   -7.500014221.1426   23.5224
    0.0000   22.5000   -7.500014991.1504   23.4971
    7.5000   22.5000   -7.500014265.4316   23.4868
   -7.5000   30.0000   -7.500013677.3994   23.2525
    0.0000   30.0000   -7.500014444.7793   23.2352
    7.5000   30.0000   -7.500013707.9961   23.2140
   -7.5000   37.5000   -7.500013369.3271   23.2962
    0.0000   37.5000   -7.500014134.8896   23.2689
    7.5000   37.5000   -7.500013439.1455   23.2232
   -7.5000   45.0000   -7.500012538.0664   22.7657
    0.0000   45.0000   -7.500013286.1924   22.7230
    7.5000   45.0000   -7.500012634.4463   22.6650
   -7.5000  -45.0000    0.0000 8656.2598   24.4830
    0.0000  -45.0000    0.0000 9148.3682   24.4301
    7.5000  -45.0000    0.0000 8803.4941   24.3605
   -7.5000  -37.5000    0.0000 9504.5996   23.8848
    0.0000  -37.5000    0.000010014.8311   23.8287
    7.5000  -37.5000    0.0000 9644.1670   23.7778
   -7.5000  -30.0000    0.000010769.6973   23.5893
    0.0000  -30.0000    0.000011330.7354   23.5401
    7.5000  -30.0000    0.000010916.2754   23.5141
   -7.5000  -22.5000    0.000012120.9121   23.5536
    0.0000  -22.5000    0.000012739.1787   23.5144
    7.5000  -22.5000    0.000012241.6328   23.4947
   -7.5000  -15.0000    0.000013453.9531   23.5771
    0.0000  -15.0000    0.000014136.2041   23.5438
    7.5000  -15.0000    0.000013532.8779   23.5090
   -7.5000   -7.5000    0.000014804.3330   23.6261
    0.0000   -7.5000    0.000015525.8613   23.5860
    7.5000   -7.5000    0.000014830.2061   23.5280
   -7.5000    0.0000    0.000016086.6172   23.6500
    0.0000    0.0000    0.000016873.4707   23.5986
    7.5000    0.0000    0.000016044.0488   23.5323
   -7.5000    7.5000    0.000015868.9385   23.6219
    0.0000    7.5000    0.000016705.8301   23.5674
    7.5000    7.5000    0.000015854.1846   23.5182
   -7.5000   15.0000    0.000015444.4287   23.5742
    0.0000   15.0000    0.000016223.8232   23.5252
    7.5000   15.0000    0.000015468.6953   23.4993
   -7.5000   22.5000    0.000015105.7012   23.5426
    0.0000   22.5000    0.000015880.1748   23.5034
    7.5000   22.5000    0.000015150.4531   23.4837
   -7.5000   30.0000    0.000014512.7246   23.2720
    0.0000   30.0000    0.000015318.5225   23.2391
    7.5000   30.0000    0.000014539.6475   23.2048
   -7.5000   37.5000    0.000014185.0352   23.3203
    0.0000   37.5000    0.000015008.8135   23.2808
    7.5000   37.5000    0.000014229.0088   23.2235
   -7.5000   45.0000    0.000013294.1240   22.7958
    0.0000   45.0000    0.000014111.2969   22.7464
    7.5000   45.0000    0.000013369.5508   22.6825
   -7.5000  -45.0000    7.5000 8430.2578   24.5455
    0.0000  -45.0000    7.5000 8912.6133   24.4858
    7.5000  -45.0000    7.5000 8578.4639   24.4012
   -7.5000  -37.5000    7.5000 9275.7988   23.9554
    0.0000  -37.5000    7.5000 9808.9297   23.8936
    7.5000  -37.5000    7.5000 9413.5322   23.8340
   -7.5000  -30.0000    7.500010477.8965   23.6529
    0.0000  -30.0000    7.500011067.8164   23.5963
    7.5000  -30.0000    7.500010614.2637   23.5650
   -7.5000  -22.5000    7.500011736.4365   23.6032
    0.0000  -22.5000    7.500012381.5332   23.5532
    7.5000  -22.5000    7.500011829.0859   23.5253
   -7.5000  -15.0000    7.500013012.1250   23.6168
    0.0000  -15.0000    7.500013695.6914   23.5715
    7.5000  -15.0000    7.500013038.6934   23.5234
   -7.5000   -7.5000    7.500014470.8447   23.6711
    0.0000   -7.5000    7.500015178.7715   23.6218
    7.5000   -7.5000    7.500014393.3896   23.5481
   -7.5000    0.0000    7.500015927.1357   23.7105
    0.0000    0.0000    7.500016829.7637   23.6530
    7.5000    0.0000    7.500015687.7451   23.5732
   -7.5000    7.5000    7.500015724.4590   23.6910
    0.0000    7.5000    7.500016529.4727   23.6310
    7.5000    7.5000    7.500015527.7842   23.5734
   -7.5000   15.0000    7.500015142.7031   23.6378
    0.0000   15.0000    7.500015844.6816   23.5813
    7.5000   15.0000    7.500015097.9092   23.5500
   -7.5000   22.5000    7.500014751.7598   23.5922
    0.0000   22.5000    7.500015469.9160   23.5422
    7.5000   22.5000    7.500014732.9141   23.5144
   -7.5000   30.0000    7.500014194.0869   23.3111
    0.0000   30.0000    7.500014957.0420   23.2665
    7.5000   30.0000    7.500014102.9043   23.2190
   -7.5000   37.5000    7.500013930.9707   23.3648
    0.0000   37.5000    7.500014712.8477   23.3161
    7.5000   37.5000    7.500013814.1455   23.2433
   -7.5000   45.0000    7.500013032.1895   22.8542
    0.0000   45.0000    7.500013807.7949   22.7987
    7.5000   45.0000    7.500012957.5264   22.7218
   -7.5000  -45.0000   15.0000 8022.5498   24.6163
    0.0000  -45.0000   15.0000 8506.7051   24.5548
    7.5000  -45.0000   15.0000 8176.9355   24.4619
   -7.5000  -37.5000   15.0000 8890.0215   24.0299
    0.0000  -37.5000   15.0000 9429.6426   23.9651
    7.5000  -37.5000   15.0000 9019.1279   23.9009
   -7.5000  -30.0000   15.000010087.6338   23.7286
    0.0000  -30.0000   15.000010677.0615   23.6698
    7.5000  -30.0000   15.000010203.5449   23.6373
   -7.5000  -22.5000   15.000011295.7734   23.6747
    0.0000  -22.5000   15.000011955.3887   23.6238
    7.5000  -22.5000   15.000011392.8271   23.5947
   -7.5000  -15.0000   15.000012518.9619   23.6809
    0.0000  -15.0000   15.000013210.2520   23.6349
    7.5000  -15.0000   15.000012547.9072   23.5833
   -7.5000   -7.5000   15.000013973.0547   23.7323
    0.0000   -7.5000   15.000014745.7607   23.6824
    7.5000   -7.5000   15.000013848.8721   23.6026
   -7.5000    0.0000   15.000015420.0889   23.7766
    0.0000    0.0000   15.000016318.2549   23.7174
    7.5000    0.0000   15.000015043.2119   23.6305
   -7.5000    7.5000   15.000015373.8350   23.7640
    0.0000    7.5000   15.000016152.4854   23.7011
    7.5000    7.5000   15.000014920.3916   23.6388
   -7.5000   15.0000   15.000014914.4102   23.7133
    0.0000   15.0000   15.000015596.1553   23.6547
    7.5000   15.0000   15.000014583.6475   23.6221
   -7.5000   22.5000   15.000014448.0205   23.6637
    0.0000   22.5000   15.000015126.9688   23.6127
    7.5000   22.5000   15.000014182.1641   23.5837
   -7.5000   30.0000   15.000013773.4355   23.3744
    0.0000   30.0000   15.000014502.7344   23.3291
    7.5000   30.0000   15.000013546.4883   23.2781
   -7.5000   37.5000   15.000013486.5225   23.4252
    0.0000   37.5000   15.000014209.2891   23.3759
    7.5000   37.5000   15.000013258.8174   23.2972
   -7.5000   45.0000   15.000012559.4766   22.9179
    0.0000   45.0000   15.000013261.0625   22.8609
    7.5000   45.0000   15.000012392.2803   22.7771
   -7.5000  -45.0000   22.5000 7587.4976   24.6229
    0.0000  -45.0000   22.5000 8043.5776   24.5687
    7.5000  -45.0000   22.5000 7739.9297   24.4845
   -7.5000  -37.5000   22.5000 8417.9248   24.0344
    0.0000  -37.5000   22.5000 8937.0127   23.9749
    7.5000  -37.5000   22.5000 8541.0996   23.9146
   -7.5000  -30.0000   22.5000 9595.9463   23.7418
    0.0000  -30.0000   22.500010209.0576   23.6911
    7.5000  -30.0000   22.5000 9695.6914   23.6614
   -7.5000  -22.5000   22.500010795.8457   23.6951
    0.0000  -22.5000   22.500011521.7832   23.6568
    7.5000  -22.5000   22.500010831.3076   23.6339
   -7.5000  -15.0000   22.500011956.1865   23.7012
    0.0000  -15.0000   22.500012765.4521   23.6691
    7.5000  -15.0000   22.500011926.8945   23.6284
   -7.5000   -7.5000   22.500013189.0283   23.7448
    0.0000   -7.5000   22.500014106.1953   23.7058
    7.5000   -7.5000   22.500013077.1035   23.6378
   -7.5000    0.0000   22.500014333.8135   23.7806
    0.0000    0.0000   22.500015330.4619   23.7282
    7.5000    0.0000   22.500014117.1191   23.6492
   -7.5000    7.5000   22.500014345.6660   23.7684
    0.0000    7.5000   22.500015185.8408   23.7107
    7.5000    7.5000   22.500014012.9844   23.6522
   -7.5000   15.0000   22.500014147.7783   23.7265
    0.0000   15.0000   22.500014856.8906   23.6758
    7.5000   15.0000   22.500013756.9141   23.6461
   -7.5000   22.5000   22.500013768.3848   23.6840
    0.0000   22.5000   22.500014436.5586   23.6457
    7.5000   22.5000   22.500013426.6396   23.6229
   -7.5000   30.0000   22.500013108.2529   23.3945
    0.0000   30.0000   22.500013756.8496   23.3628
    7.5000   30.0000   22.500012848.1016   23.3226
   -7.5000   37.5000   22.500012812.3613   23.4375
    0.0000   37.5000   22.500013440.9941   23.3990
    7.5000   37.5000   22.500012588.3516   23.3319
   -7.5000   45.0000   22.500011928.3086   22.9218
    0.0000   45.0000   22.500012530.0674   22.8713
    7.5000   45.0000   22.500011751.7949   22.7951
   -7.5000  -45.0000   30.0000 6958.4761   24.5844
    0.0000  -45.0000   30.0000 7419.9648   24.5395
    7.5000  -45.0000   30.0000 7077.1650   24.4699
   -7.5000  -37.5000   30.0000 7749.6992   23.9873
    0.0000  -37.5000   30.0000 8265.4277   23.9352
    7.5000  -37.5000   30.0000 7846.2422   23.8828
   -7.5000  -30.0000   30.0000 8875.0107   23.6976
    0.0000  -30.0000   30.0000 9438.2324   23.6571
    7.5000  -30.0000   30.0000 8951.1377   23.6334
   -7.5000  -22.5000   30.000010014.8564   23.6607
    0.0000  -22.5000   30.000010616.8701   23.6372
    7.5000  -22.5000   30.000010058.5674   23.6251
   -7.5000  -15.0000   30.000011072.9561   23.6753
    0.0000  -15.0000   30.000011725.0283   23.6597
    7.5000  -15.0000   30.000011117.6816   23.6358
   -7.5000   -7.5000   30.000012122.9844   23.7173
    0.0000   -7.5000   30.000012818.4941   23.6912
    7.5000   -7.5000   30.000012191.2695   23.6408
   -7.5000    0.0000   30.000013059.9727   23.7424
    0.0000    0.0000   30.000013754.9590   23.6986
    7.5000    0.0000   30.000013153.3506   23.6327
   -7.5000    7.5000   30.000012975.2646   23.7223
    0.0000    7.5000   30.000013599.8906   23.6719
    7.5000    7.5000   30.000013026.0928   23.6209
   -7.5000   15.0000   30.000012760.1250   23.6824
    0.0000   15.0000   30.000013357.9600   23.6420
    7.5000   15.0000   30.000012776.7549   23.6183
   -7.5000   22.5000   30.000012477.6152   23.6497
    0.0000   22.5000   30.000013083.9033   23.6262
    7.5000   22.5000   30.000012469.6035   23.6141
   -7.5000   30.0000   30.000012064.0703   23.3689
    0.0000   30.0000   30.000012647.9824   23.3535
    7.5000   30.0000   30.000011996.2744   23.3299
   -7.5000   37.5000   30.000011912.9971   23.4103
    0.0000   37.5000   30.000012485.5830   23.3846
    7.5000   37.5000   30.000011793.9775   23.3349
   -7.5000   45.0000   30.000011152.1025   22.8850
    0.0000   45.0000   30.000011702.3613   22.8427
    7.5000   45.0000   30.000011014.9453   22.7792
   -7.5000  -45.0000   37.5000 6560.0674   24.5602
    0.0000  -45.0000   37.5000 6951.1309   24.5149
    7.5000  -45.0000   37.5000 6678.2856   24.4517
   -7.5000  -37.5000   37.5000 7309.3975   23.9552
    0.0000  -37.5000   37.5000 7720.0713   23.9036
    7.5000  -37.5000   37.5000 7406.3833   23.8559
   -7.5000  -30.0000   37.5000 8348.0342   23.6629
    0.0000  -30.0000   37.5000 8812.5645   23.6216
    7.5000  -30.0000   37.5000 8454.5205   23.6004
   -7.5000  -22.5000   37.5000 9398.7676   23.6321
    0.0000  -22.5000   37.5000 9905.4199   23.6068
    7.5000  -22.5000   37.5000 9504.7275   23.5967
   -7.5000  -15.0000   37.500010405.4541   23.6564
    0.0000  -15.0000   37.500010945.2393   23.6390
    7.5000  -15.0000   37.500010509.9512   23.6178
   -7.5000   -7.5000   37.500011368.9893   23.7011
    0.0000   -7.5000   37.500011955.8193   23.6737
    7.5000   -7.5000   37.500011489.6465   23.6274
   -7.5000    0.0000   37.500012249.8018   23.7198
    0.0000    0.0000   37.500012834.6006   23.6755
    7.5000    0.0000   37.500012389.8350   23.6153
   -7.5000    7.5000   37.500012177.4971   23.6908
    0.0000    7.5000   37.500012718.8574   23.6409
    7.5000    7.5000   37.500012307.0547   23.5946
   -7.5000   15.0000   37.500011980.2178   23.6477
    0.0000   15.0000   37.500012503.6240   23.6066
    7.5000   15.0000   37.500012051.1514   23.5855
   -7.5000   22.5000   37.500011693.6904   23.6211
    0.0000   22.5000   37.500012217.1338   23.5958
    7.5000   22.5000   37.500011743.9189   23.5857
   -7.5000   30.0000   37.500011304.1133   23.3502
    0.0000   30.0000   37.500011824.7393   23.3331
    7.5000   30.0000   37.500011345.8154   23.3122
   -7.5000   37.5000   37.500011216.3887   23.3943
    0.0000   37.5000   37.500011735.8389   23.3673
    7.5000   37.5000   37.500011212.1514   23.3216
   -7.5000   45.0000   37.500010559.6777   22.8631
    0.0000   45.0000   37.500011056.7910   22.8205
    7.5000   45.0000   37.500010526.6338   22.7624
   -7.5000  -45.0000   45.0000 5988.4937   25.1369
    0.0000  -45.0000   45.0000 6324.7871   25.0812
    7.5000  -45.0000   45.0000 6097.5659   25.0079
   -7.5000  -37.5000   45.0000 6688.8809   24.5015
    0.0000  -37.5000   45.0000 7039.8174   24.4423
    7.5000  -37.5000   45.0000 6767.8008   24.3889
   -7.5000  -30.0000   45.0000 7641.5532   24.1879
    0.0000  -30.0000   45.0000 8033.9058   24.1362
    7.5000  -30.0000   45.0000 7732.4272   24.1091
   -7.5000  -22.5000   45.0000 8603.8154   24.1510
    0.0000  -22.5000   45.0000 9039.6367   24.1101
    7.5000  -22.5000   45.0000 8697.8242   24.0898
   -7.5000  -15.0000   45.0000 9522.2373   24.1773
    0.0000  -15.0000   45.000010009.4111   24.1429
    7.5000  -15.0000   45.0000 9620.4248   24.1067
   -7.5000   -7.5000   45.000010421.5488   24.2297
    0.0000   -7.5000   45.000010943.8535   24.1881
    7.5000   -7.5000   45.000010510.1240   24.1272
   -7.5000    0.0000   45.000011247.4053   24.2542
    0.0000    0.0000   45.000011764.1758   24.2003
    7.5000    0.0000   45.000011353.3281   24.1306
   -7.5000    7.5000   45.000011167.9785   24.2231
    0.0000    7.5000   45.000011669.2607   24.1657
    7.5000    7.5000   45.000011274.3916   24.1141
   -7.5000   15.0000   45.000010965.1592   24.1719
    0.0000   15.0000   45.000011446.8721   24.1204
    7.5000   15.0000   45.000011028.2930   24.0934
   -7.5000   22.5000   45.000010686.6768   24.1396
    0.0000   22.5000   45.000011147.5361   24.0988
    7.5000   22.5000   45.000010702.8994   24.0784
   -7.5000   30.0000   45.000010341.6533   23.8624
    0.0000   30.0000   45.000010789.8154   23.8284
    7.5000   30.0000   45.000010343.1719   23.7927
   -7.5000   37.5000   45.000010286.3066   23.9141
    0.0000   37.5000   45.000010758.0977   23.8729
    7.5000   37.5000   45.000010261.8262   23.8128
   -7.5000   45.0000   45.0000 9691.4824   23.3889
    0.0000   45.0000   45.000010159.5000   23.3369
    7.5000   45.0000   45.0000 9666.0371   23.2697

---------------------------------------------------------------------
imgreg_4dfp /opt/freesurfer/average/711-2C_as_mni_average_305 /opt/freesurfer/average/711-2B_as_mni_average_305_mask talsrcimg_g11 none talsrcimg_to_711-2C_as_mni_average_305_t4 4355
---------------------------------------------------------------------

freesurfer imgreg_4dfp.c
/opt/freesurfer/average/711-2C_as_mni_average_305.4dfp.img
       256       256       256         1
  1.000000  1.000000  1.000000
orientation T byte_order littleendian
Reading image: /opt/freesurfer/average/711-2C_as_mni_average_305.4dfp.img
dimensions:      256       256       256
mmppix:       1.0000   -1.0000   -1.0000
center:     128.0000 -129.0000 -129.0000
/opt/freesurfer/average/711-2B_as_mni_average_305_mask.4dfp.img
       256       256       256         1
  1.000000  1.000000  1.000000
orientation T byte_order littleendian
Reading mask: /opt/freesurfer/average/711-2B_as_mni_average_305_mask.4dfp.img (2306576 pixels)
talsrcimg_g11.4dfp.img
       256       256       256         1
  1.000000  1.000000  1.000000
orientation T byte_order littleendian
Reading image: talsrcimg_g11.4dfp.img
dimensions:      256       256       256
mmppix:       1.0000   -1.0000   -1.0000
center:     128.0000 -129.0000 -129.0000
rotation matrix determinant  1.000000
image alignment mode   4355 decimal     1103 hex
   -7.5000  -45.0000  -45.0000 1714.5034   34.3688
    0.0000  -45.0000  -45.0000 1724.0112   34.2582
    7.5000  -45.0000  -45.0000 1711.8922   34.2997
   -7.5000  -37.5000  -45.0000 1831.6090   30.3804
    0.0000  -37.5000  -45.0000 1839.9764   30.2186
    7.5000  -37.5000  -45.0000 1825.3140   30.2228
   -7.5000  -30.0000  -45.0000 1933.2443   27.1189
    0.0000  -30.0000  -45.0000 1942.5264   27.0073
    7.5000  -30.0000  -45.0000 1926.8774   26.9846
   -7.5000  -22.5000  -45.0000 2034.4517   24.5691
    0.0000  -22.5000  -45.0000 2045.2433   24.5430
    7.5000  -22.5000  -45.0000 2028.9036   24.4342
   -7.5000  -15.0000  -45.0000 2117.4534   22.5934
    0.0000  -15.0000  -45.0000 2129.3516   22.5711
    7.5000  -15.0000  -45.0000 2112.5952   22.4885
   -7.5000   -7.5000  -45.0000 2177.5347   21.1097
    0.0000   -7.5000  -45.0000 2191.1924   21.1138
    7.5000   -7.5000  -45.0000 2176.2493   20.9939
   -7.5000    0.0000  -45.0000 2206.3523   20.1105
    0.0000    0.0000  -45.0000 2222.1411   20.0451
    7.5000    0.0000  -45.0000 2205.6711   19.9943
   -7.5000    7.5000  -45.0000 2220.8665   19.6087
    0.0000    7.5000  -45.0000 2234.5730   19.4909
    7.5000    7.5000  -45.0000 2222.4575   19.4989
   -7.5000   15.0000  -45.0000 2226.4944   19.5065
    0.0000   15.0000  -45.0000 2236.1702   19.3776
    7.5000   15.0000  -45.0000 2216.7930   19.3646
   -7.5000   22.5000  -45.0000 2222.8816   19.7099
    0.0000   22.5000  -45.0000 2230.7705   19.5856
    7.5000   22.5000  -45.0000 2210.9094   19.5893
   -7.5000   30.0000  -45.0000 2198.6599   20.4310
    0.0000   30.0000  -45.0000 2208.2803   20.2252
    7.5000   30.0000  -45.0000 2189.9468   20.2821
   -7.5000   37.5000  -45.0000 2155.7876   21.4695
    0.0000   37.5000  -45.0000 2171.0901   21.2782
    7.5000   37.5000  -45.0000 2150.1965   21.3365
   -7.5000   45.0000  -45.0000 2098.6206   22.9535
    0.0000   45.0000  -45.0000 2104.8518   22.6923
    7.5000   45.0000  -45.0000 2083.8733   22.7912
   -7.5000  -45.0000  -37.5000 1771.5411   32.3847
    0.0000  -45.0000  -37.5000 1783.8575   32.1335
    7.5000  -45.0000  -37.5000 1781.6375   32.0728
   -7.5000  -37.5000  -37.5000 1897.2810   28.5116
    0.0000  -37.5000  -37.5000 1908.8507   28.3185
    7.5000  -37.5000  -37.5000 1902.6027   28.2320
   -7.5000  -30.0000  -37.5000 2008.8062   25.3633
    0.0000  -30.0000  -37.5000 2024.1771   25.2609
    7.5000  -30.0000  -37.5000 2012.1896   25.1262
   -7.5000  -22.5000  -37.5000 2122.3494   22.9510
    0.0000  -22.5000  -37.5000 2137.3789   22.8955
    7.5000  -22.5000  -37.5000 2118.2107   22.7762
   -7.5000  -15.0000  -37.5000 2209.7566   21.0214
    0.0000  -15.0000  -37.5000 2222.2148   21.0023
    7.5000  -15.0000  -37.5000 2206.1741   20.9423
   -7.5000   -7.5000  -37.5000 2277.8503   19.6242
    0.0000   -7.5000  -37.5000 2290.8101   19.5987
    7.5000   -7.5000  -37.5000 2269.5928   19.4952
   -7.5000    0.0000  -37.5000 2315.1211   18.6900
    0.0000    0.0000  -37.5000 2330.2434   18.6205
    7.5000    0.0000  -37.5000 2307.2495   18.5437
   -7.5000    7.5000  -37.5000 2331.9175   18.1771
    0.0000    7.5000  -37.5000 2348.8181   18.0584
    7.5000    7.5000  -37.5000 2327.7009   18.0497
   -7.5000   15.0000  -37.5000 2336.3215   18.0567
    0.0000   15.0000  -37.5000 2351.9973   17.9441
    7.5000   15.0000  -37.5000 2332.9280   17.9088
   -7.5000   22.5000  -37.5000 2328.8228   18.2489
    0.0000   22.5000  -37.5000 2342.0952   18.1397
    7.5000   22.5000  -37.5000 2328.7717   18.1215
   -7.5000   30.0000  -37.5000 2307.1431   18.8930
    0.0000   30.0000  -37.5000 2321.5652   18.7352
    7.5000   30.0000  -37.5000 2302.7253   18.7434
   -7.5000   37.5000  -37.5000 2274.7686   19.8546
    0.0000   37.5000  -37.5000 2285.5813   19.6868
    7.5000   37.5000  -37.5000 2261.7849   19.6770
   -7.5000   45.0000  -37.5000 2203.4006   21.2378
    0.0000   45.0000  -37.5000 2213.4409   21.0232
    7.5000   45.0000  -37.5000 2192.1345   21.0676
   -7.5000  -45.0000  -30.0000 1865.2362   31.7601
    0.0000  -45.0000  -30.0000 1875.1543   31.4591
    7.5000  -45.0000  -30.0000 1867.7838   31.3632
   -7.5000  -37.5000  -30.0000 2001.0182   27.9905
    0.0000  -37.5000  -30.0000 2016.9164   27.7830
    7.5000  -37.5000  -30.0000 2000.0001   27.6178
   -7.5000  -30.0000  -30.0000 2125.9751   24.9502
    0.0000  -30.0000  -30.0000 2140.5618   24.7606
    7.5000  -30.0000  -30.0000 2123.0862   24.5865
   -7.5000  -22.5000  -30.0000 2243.3723   22.5001
    0.0000  -22.5000  -30.0000 2258.9343   22.3254
    7.5000  -22.5000  -30.0000 2238.3621   22.1962
   -7.5000  -15.0000  -30.0000 2331.8779   20.4795
    0.0000  -15.0000  -30.0000 2350.4526   20.3692
    7.5000  -15.0000  -30.0000 2332.7922   20.2880
   -7.5000   -7.5000  -30.0000 2408.0940   19.0010
    0.0000   -7.5000  -30.0000 2424.1978   18.8609
    7.5000   -7.5000  -30.0000 2406.1978   18.8024
   -7.5000    0.0000  -30.0000 2455.8552   18.0481
    0.0000    0.0000  -30.0000 2470.7393   17.9511
    7.5000    0.0000  -30.0000 2446.8083   17.8827
   -7.5000    7.5000  -30.0000 2483.1614   17.4601
    0.0000    7.5000  -30.0000 2496.5718   17.3581
    7.5000    7.5000  -30.0000 2473.0981   17.3392
   -7.5000   15.0000  -30.0000 2497.2832   17.3105
    0.0000   15.0000  -30.0000 2511.7043   17.2095
    7.5000   15.0000  -30.0000 2481.6099   17.1847
   -7.5000   22.5000  -30.0000 2489.0715   17.5613
    0.0000   22.5000  -30.0000 2503.9272   17.4568
    7.5000   22.5000  -30.0000 2474.8892   17.4778
   -7.5000   30.0000  -30.0000 2463.5681   18.1856
    0.0000   30.0000  -30.0000 2482.6807   18.0572
    7.5000   30.0000  -30.0000 2450.5483   18.0710
   -7.5000   37.5000  -30.0000 2424.7329   19.0749
    0.0000   37.5000  -30.0000 2443.8335   18.9673
    7.5000   37.5000  -30.0000 2408.5959   18.9325
   -7.5000   45.0000  -30.0000 2355.3416   20.3410
    0.0000   45.0000  -30.0000 2369.0991   20.2294
    7.5000   45.0000  -30.0000 2338.7349   20.2298
   -7.5000  -45.0000  -22.5000 1941.2476   31.0382
    0.0000  -45.0000  -22.5000 1950.5502   30.7649
    7.5000  -45.0000  -22.5000 1930.9377   30.5617
   -7.5000  -37.5000  -22.5000 2080.5591   27.2469
    0.0000  -37.5000  -22.5000 2094.1504   26.9940
    7.5000  -37.5000  -22.5000 2070.6982   26.8450
   -7.5000  -30.0000  -22.5000 2208.0618   24.2569
    0.0000  -30.0000  -22.5000 2221.4028   23.9924
    7.5000  -30.0000  -22.5000 2201.3054   23.8471
   -7.5000  -22.5000  -22.5000 2331.0044   21.8191
    0.0000  -22.5000  -22.5000 2345.2136   21.6019
    7.5000  -22.5000  -22.5000 2322.3264   21.5009
   -7.5000  -15.0000  -22.5000 2432.0930   19.8560
    0.0000  -15.0000  -22.5000 2447.1116   19.6471
    7.5000  -15.0000  -22.5000 2423.5288   19.5486
   -7.5000   -7.5000  -22.5000 2511.5569   18.3053
    0.0000   -7.5000  -22.5000 2526.7078   18.1140
    7.5000   -7.5000  -22.5000 2505.1499   18.0815
   -7.5000    0.0000  -22.5000 2565.8777   17.2581
    0.0000    0.0000  -22.5000 2579.3154   17.1100
    7.5000    0.0000  -22.5000 2556.5718   17.0860
   -7.5000    7.5000  -22.5000 2602.1313   16.5972
    0.0000    7.5000  -22.5000 2616.4932   16.5101
    7.5000    7.5000  -22.5000 2589.9126   16.4800
   -7.5000   15.0000  -22.5000 2625.6021   16.3640
    0.0000   15.0000  -22.5000 2637.6750   16.2636
    7.5000   15.0000  -22.5000 2610.6907   16.2740
   -7.5000   22.5000  -22.5000 2622.1609   16.6865
    0.0000   22.5000  -22.5000 2639.9082   16.5835
    7.5000   22.5000  -22.5000 2604.7173   16.6158
   -7.5000   30.0000  -22.5000 2593.3618   17.3148
    0.0000   30.0000  -22.5000 2617.5747   17.1988
    7.5000   30.0000  -22.5000 2578.8538   17.2200
   -7.5000   37.5000  -22.5000 2549.6333   18.1533
    0.0000   37.5000  -22.5000 2571.6501   18.0478
    7.5000   37.5000  -22.5000 2534.4917   18.1024
   -7.5000   45.0000  -22.5000 2475.5251   19.3234
    0.0000   45.0000  -22.5000 2497.6199   19.2166
    7.5000   45.0000  -22.5000 2460.2437   19.2652
   -7.5000  -45.0000  -15.0000 1980.6553   30.2401
    0.0000  -45.0000  -15.0000 1997.3920   29.9691
    7.5000  -45.0000  -15.0000 1981.5983   29.7911
   -7.5000  -37.5000  -15.0000 2123.3745   26.5517
    0.0000  -37.5000  -15.0000 2140.4631   26.2110
    7.5000  -37.5000  -15.0000 2120.1396   26.1024
   -7.5000  -30.0000  -15.0000 2251.4045   23.5090
    0.0000  -30.0000  -15.0000 2267.7014   23.1772
    7.5000  -30.0000  -15.0000 2249.2771   23.1298
   -7.5000  -22.5000  -15.0000 2372.4727   21.0564
    0.0000  -22.5000  -15.0000 2386.4482   20.7711
    7.5000  -22.5000  -15.0000 2369.7490   20.7204
   -7.5000  -15.0000  -15.0000 2477.3516   19.1134
    0.0000  -15.0000  -15.0000 2493.7830   18.8571
    7.5000  -15.0000  -15.0000 2474.7068   18.8161
   -7.5000   -7.5000  -15.0000 2565.6777   17.6057
    0.0000   -7.5000  -15.0000 2586.3972   17.4037
    7.5000   -7.5000  -15.0000 2565.1467   17.3664
   -7.5000    0.0000  -15.0000 2627.9934   16.4823
    0.0000    0.0000  -15.0000 2649.6709   16.3160
    7.5000    0.0000  -15.0000 2630.9917   16.3131
   -7.5000    7.5000  -15.0000 2676.4810   15.7153
    0.0000    7.5000  -15.0000 2694.4641   15.6078
    7.5000    7.5000  -15.0000 2666.8154   15.6318
   -7.5000   15.0000  -15.0000 2714.5903   15.4297
    0.0000   15.0000  -15.0000 2725.7375   15.3079
    7.5000   15.0000  -15.0000 2697.7507   15.3787
   -7.5000   22.5000  -15.0000 2721.2495   15.7896
    0.0000   22.5000  -15.0000 2738.1863   15.6719
    7.5000   22.5000  -15.0000 2703.8193   15.7267
   -7.5000   30.0000  -15.0000 2697.7415   16.3997
    0.0000   30.0000  -15.0000 2718.8708   16.3082
    7.5000   30.0000  -15.0000 2678.6147   16.3380
   -7.5000   37.5000  -15.0000 2644.2366   17.1995
    0.0000   37.5000  -15.0000 2660.2546   17.1207
    7.5000   37.5000  -15.0000 2629.7725   17.1929
   -7.5000   45.0000  -15.0000 2557.0237   18.3283
    0.0000   45.0000  -15.0000 2574.6531   18.2144
    7.5000   45.0000  -15.0000 2545.3928   18.2934
   -7.5000  -45.0000   -7.5000 1997.3243   29.5197
    0.0000  -45.0000   -7.5000 2019.8936   29.1668
    7.5000  -45.0000   -7.5000 2004.0529   28.9663
   -7.5000  -37.5000   -7.5000 2142.5142   25.7923
    0.0000  -37.5000   -7.5000 2162.4263   25.4022
    7.5000  -37.5000   -7.5000 2146.7781   25.2645
   -7.5000  -30.0000   -7.5000 2273.6465   22.7369
    0.0000  -30.0000   -7.5000 2289.3726   22.3412
    7.5000  -30.0000   -7.5000 2278.4146   22.2966
   -7.5000  -22.5000   -7.5000 2393.8574   20.3334
    0.0000  -22.5000   -7.5000 2411.0151   19.9615
    7.5000  -22.5000   -7.5000 2400.5408   19.9291
   -7.5000  -15.0000   -7.5000 2505.8054   18.4823
    0.0000  -15.0000   -7.5000 2526.1431   18.1433
    7.5000  -15.0000   -7.5000 2511.4561   18.0890
   -7.5000   -7.5000   -7.5000 2603.5632   16.9825
    0.0000   -7.5000   -7.5000 2623.7197   16.7104
    7.5000   -7.5000   -7.5000 2603.2427   16.6522
   -7.5000    0.0000   -7.5000 2687.4954   15.8703
    0.0000    0.0000   -7.5000 2707.4910   15.6195
    7.5000    0.0000   -7.5000 2683.2024   15.6219
   -7.5000    7.5000   -7.5000 2742.7390   15.0109
    0.0000    7.5000   -7.5000 2757.9697   14.7952
    7.5000    7.5000   -7.5000 2731.9104   14.8512
   -7.5000   15.0000   -7.5000 2790.0051   14.6819
    0.0000   15.0000   -7.5000 2795.7358   14.4749
    7.5000   15.0000   -7.5000 2771.2734   14.5705
   -7.5000   22.5000   -7.5000 2799.4163   14.9889
    0.0000   22.5000   -7.5000 2816.7693   14.8327
    7.5000   22.5000   -7.5000 2785.1045   14.8790
   -7.5000   30.0000   -7.5000 2777.0339   15.5709
    0.0000   30.0000   -7.5000 2792.3062   15.4542
    7.5000   30.0000   -7.5000 2758.4243   15.4879
   -7.5000   37.5000   -7.5000 2717.8892   16.3536
    0.0000   37.5000   -7.5000 2732.4065   16.2233
    7.5000   37.5000   -7.5000 2705.9753   16.3161
   -7.5000   45.0000   -7.5000 2621.3418   17.4575
    0.0000   45.0000   -7.5000 2638.4680   17.2861
    7.5000   45.0000   -7.5000 2613.9407   17.4431
   -7.5000  -45.0000    0.0000 1984.5851   29.3600
    0.0000  -45.0000    0.0000 2012.3805   28.8356
    7.5000  -45.0000    0.0000 1998.1659   28.6690
   -7.5000  -37.5000    0.0000 2134.8948   25.4460
    0.0000  -37.5000    0.0000 2154.9807   24.9335
    7.5000  -37.5000    0.0000 2143.5679   24.7990
   -7.5000  -30.0000    0.0000 2264.6538   22.3211
    0.0000  -30.0000    0.0000 2281.7068   21.8251
    7.5000  -30.0000    0.0000 2275.4207   21.8207
   -7.5000  -22.5000    0.0000 2392.2202   19.9403
    0.0000  -22.5000    0.0000 2407.9678   19.4759
    7.5000  -22.5000    0.0000 2399.3340   19.4805
   -7.5000  -15.0000    0.0000 2510.2061   18.1102
    0.0000  -15.0000    0.0000 2526.1277   17.6759
    7.5000  -15.0000    0.0000 2515.9353   17.6713
   -7.5000   -7.5000    0.0000 2621.2231   16.6848
    0.0000   -7.5000    0.0000 2636.8762   16.2684
    7.5000   -7.5000    0.0000 2622.4988   16.2367
   -7.5000    0.0000    0.0000 2723.3018   15.5748
    0.0000    0.0000    0.0000 2741.3315   15.1920
    7.5000    0.0000    0.0000 2716.9150   15.1762
   -7.5000    7.5000    0.0000 2790.0635   14.6786
    0.0000    7.5000    0.0000 2806.8630   14.3378
    7.5000    7.5000    0.0000 2785.8831   14.4579
   -7.5000   15.0000    0.0000 2844.2280   14.2594
    0.0000   15.0000    0.0000 2858.4390   13.9653
    7.5000   15.0000    0.0000 2834.7644   14.1388
   -7.5000   22.5000    0.0000 2858.4983   14.4339
    0.0000   22.5000    0.0000 2875.9592   14.2221
    7.5000   22.5000    0.0000 2848.3469   14.3539
   -7.5000   30.0000    0.0000 2828.6973   14.9885
    0.0000   30.0000    0.0000 2845.7068   14.7989
    7.5000   30.0000    0.0000 2814.1274   14.9550
   -7.5000   37.5000    0.0000 2757.8135   15.7779
    0.0000   37.5000    0.0000 2775.5339   15.5893
    7.5000   37.5000    0.0000 2749.2373   15.7915
   -7.5000   45.0000    0.0000 2654.4822   16.8922
    0.0000   45.0000    0.0000 2675.4473   16.6919
    7.5000   45.0000    0.0000 2656.3645   16.9154
   -7.5000  -45.0000    7.5000 1986.2224   30.1233
    0.0000  -45.0000    7.5000 2002.2614   29.3959
    7.5000  -45.0000    7.5000 1993.8685   29.2178
   -7.5000  -37.5000    7.5000 2133.0837   25.8903
    0.0000  -37.5000    7.5000 2148.4421   25.2566
    7.5000  -37.5000    7.5000 2137.9226   25.0934
   -7.5000  -30.0000    7.5000 2255.0598   22.5297
    0.0000  -30.0000    7.5000 2267.2864   21.9401
    7.5000  -30.0000    7.5000 2259.8860   21.8955
   -7.5000  -22.5000    7.5000 2380.0356   20.0015
    0.0000  -22.5000    7.5000 2386.6907   19.4694
    7.5000  -22.5000    7.5000 2377.0942   19.4063
   -7.5000  -15.0000    7.5000 2500.8987   18.1546
    0.0000  -15.0000    7.5000 2506.6643   17.6396
    7.5000  -15.0000    7.5000 2492.2705   17.5586
   -7.5000   -7.5000    7.5000 2623.0249   16.7122
    0.0000   -7.5000    7.5000 2625.4097   16.2048
    7.5000   -7.5000    7.5000 2611.0149   16.1676
   -7.5000    0.0000    7.5000 2740.1221   15.6947
    0.0000    0.0000    7.5000 2741.7939   15.2262
    7.5000    0.0000    7.5000 2723.1345   15.1605
   -7.5000    7.5000    7.5000 2833.5801   14.8339
    0.0000    7.5000    7.5000 2846.7271   14.4629
    7.5000    7.5000    7.5000 2813.6118   14.4196
   -7.5000   15.0000    7.5000 2880.5430   14.1357
    0.0000   15.0000    7.5000 2901.1255   13.8263
    7.5000   15.0000    7.5000 2867.7522   14.0175
   -7.5000   22.5000    7.5000 2896.8083   14.1559
    0.0000   22.5000    7.5000 2914.5242   13.8478
    7.5000   22.5000    7.5000 2882.9380   14.1289
   -7.5000   30.0000    7.5000 2864.2224   14.6939
    0.0000   30.0000    7.5000 2878.9456   14.4549
    7.5000   30.0000    7.5000 2842.6204   14.6392
   -7.5000   37.5000    7.5000 2793.3000   15.5781
    0.0000   37.5000    7.5000 2803.6631   15.3514
    7.5000   37.5000    7.5000 2772.8022   15.4981
   -7.5000   45.0000    7.5000 2683.1938   16.7518
    0.0000   45.0000    7.5000 2696.3242   16.5325
    7.5000   45.0000    7.5000 2673.1099   16.6506
   -7.5000  -45.0000   15.0000 1941.4373   31.0113
    0.0000  -45.0000   15.0000 1956.9640   30.3381
    7.5000  -45.0000   15.0000 1946.5333   29.9727
   -7.5000  -37.5000   15.0000 2101.4316   26.5467
    0.0000  -37.5000   15.0000 2114.2834   25.9209
    7.5000  -37.5000   15.0000 2100.8542   25.6387
   -7.5000  -30.0000   15.0000 2235.1409   23.0492
    0.0000  -30.0000   15.0000 2239.9116   22.4832
    7.5000  -30.0000   15.0000 2228.1484   22.3036
   -7.5000  -22.5000   15.0000 2362.1614   20.4547
    0.0000  -22.5000   15.0000 2362.8262   19.9250
    7.5000  -22.5000   15.0000 2354.3252   19.7998
   -7.5000  -15.0000   15.0000 2489.3118   18.5653
    0.0000  -15.0000   15.0000 2484.2275   18.0928
    7.5000  -15.0000   15.0000 2473.3110   17.9572
   -7.5000   -7.5000   15.0000 2626.2974   17.1999
    0.0000   -7.5000   15.0000 2623.2019   16.7237
    7.5000   -7.5000   15.0000 2600.3132   16.5720
   -7.5000    0.0000   15.0000 2739.3137   16.1838
    0.0000    0.0000   15.0000 2740.9814   15.7558
    7.5000    0.0000   15.0000 2711.9380   15.5161
   -7.5000    7.5000   15.0000 2835.2209   15.3258
    0.0000    7.5000   15.0000 2855.1438   14.9912
    7.5000    7.5000   15.0000 2801.1572   14.7062
   -7.5000   15.0000   15.0000 2898.5051   14.6459
    0.0000   15.0000   15.0000 2911.6357   14.2880
    7.5000   15.0000   15.0000 2867.0713   14.3201
   -7.5000   22.5000   15.0000 2906.9929   14.4247
    0.0000   22.5000   15.0000 2924.9121   14.1852
    7.5000   22.5000   15.0000 2883.3110   14.2981
   -7.5000   30.0000   15.0000 2865.8926   14.7957
    0.0000   30.0000   15.0000 2883.9006   14.6123
    7.5000   30.0000   15.0000 2842.2341   14.7131
   -7.5000   37.5000   15.0000 2791.2456   15.6890
    0.0000   37.5000   15.0000 2804.5815   15.5001
    7.5000   37.5000   15.0000 2765.5642   15.5846
   -7.5000   45.0000   15.0000 2673.5757   16.9136
    0.0000   45.0000   15.0000 2690.7773   16.7166
    7.5000   45.0000   15.0000 2658.6184   16.7671
   -7.5000  -45.0000   22.5000 1902.7260   32.3752
    0.0000  -45.0000   22.5000 1912.0331   31.7358
    7.5000  -45.0000   22.5000 1910.3087   31.3675
   -7.5000  -37.5000   22.5000 2064.3308   27.5006
    0.0000  -37.5000   22.5000 2073.9602   26.9070
    7.5000  -37.5000   22.5000 2067.4561   26.6172
   -7.5000  -30.0000   22.5000 2206.8113   23.8512
    0.0000  -30.0000   22.5000 2217.4058   23.3669
    7.5000  -30.0000   22.5000 2204.6985   23.1087
   -7.5000  -22.5000   22.5000 2345.8655   21.2695
    0.0000  -22.5000   22.5000 2358.1692   20.8795
    7.5000  -22.5000   22.5000 2333.8689   20.5494
   -7.5000  -15.0000   22.5000 2471.3345   19.3536
    0.0000  -15.0000   22.5000 2485.3811   19.0099
    7.5000  -15.0000   22.5000 2449.3936   18.6886
   -7.5000   -7.5000   22.5000 2594.2920   17.8704
    0.0000   -7.5000   22.5000 2611.2256   17.5694
    7.5000   -7.5000   22.5000 2566.1636   17.2389
   -7.5000    0.0000   22.5000 2710.6213   16.7373
    0.0000    0.0000   22.5000 2722.2952   16.4931
    7.5000    0.0000   22.5000 2679.3132   16.1342
   -7.5000    7.5000   22.5000 2808.1274   15.8659
    0.0000    7.5000   22.5000 2822.8193   15.5253
    7.5000    7.5000   22.5000 2772.1226   15.3386
   -7.5000   15.0000   22.5000 2878.8589   15.3725
    0.0000   15.0000   22.5000 2888.0781   15.0095
    7.5000   15.0000   22.5000 2832.8896   14.9305
   -7.5000   22.5000   22.5000 2892.6541   15.2195
    0.0000   22.5000   22.5000 2906.8726   14.9353
    7.5000   22.5000   22.5000 2856.4265   14.8864
   -7.5000   30.0000   22.5000 2833.3086   15.4520
    0.0000   30.0000   22.5000 2849.9521   15.2557
    7.5000   30.0000   22.5000 2809.0669   15.2541
   -7.5000   37.5000   22.5000 2756.2324   16.1161
    0.0000   37.5000   22.5000 2768.4612   15.9148
    7.5000   37.5000   22.5000 2735.7659   15.9821
   -7.5000   45.0000   22.5000 2643.5024   17.2003
    0.0000   45.0000   22.5000 2656.0527   16.9769
    7.5000   45.0000   22.5000 2632.0464   17.0807
   -7.5000  -45.0000   30.0000 1861.7732   34.4707
    0.0000  -45.0000   30.0000 1873.5636   33.9598
    7.5000  -45.0000   30.0000 1859.2153   33.3717
   -7.5000  -37.5000   30.0000 2024.4415   29.1484
    0.0000  -37.5000   30.0000 2039.9155   28.7002
    7.5000  -37.5000   30.0000 2019.3705   28.2188
   -7.5000  -30.0000   30.0000 2174.8318   25.2445
    0.0000  -30.0000   30.0000 2187.3330   24.8155
    7.5000  -30.0000   30.0000 2166.5652   24.5066
   -7.5000  -22.5000   30.0000 2312.1023   22.4632
    0.0000  -22.5000   30.0000 2325.1938   22.0208
    7.5000  -22.5000   30.0000 2298.3865   21.8179
   -7.5000  -15.0000   30.0000 2433.2671   20.3956
    0.0000  -15.0000   30.0000 2450.2856   19.9155
    7.5000  -15.0000   30.0000 2417.8181   19.8470
   -7.5000   -7.5000   30.0000 2551.5879   18.7430
    0.0000   -7.5000   30.0000 2562.1799   18.2947
    7.5000   -7.5000   30.0000 2536.3276   18.2657
   -7.5000    0.0000   30.0000 2658.0452   17.4521
    0.0000    0.0000   30.0000 2667.1846   16.9695
    7.5000    0.0000   30.0000 2646.5081   16.9831
   -7.5000    7.5000   30.0000 2749.7485   16.5275
    0.0000    7.5000   30.0000 2760.2693   16.0326
    7.5000    7.5000   30.0000 2731.5930   16.1516
   -7.5000   15.0000   30.0000 2810.1689   16.0293
    0.0000   15.0000   30.0000 2815.4502   15.6362
    7.5000   15.0000   30.0000 2785.2437   15.6954
   -7.5000   22.5000   30.0000 2819.9292   15.9512
    0.0000   22.5000   30.0000 2832.9678   15.6289
    7.5000   22.5000   30.0000 2798.0017   15.6675
   -7.5000   30.0000   30.0000 2772.2317   16.2944
    0.0000   30.0000   30.0000 2786.8501   16.0522
    7.5000   30.0000   30.0000 2751.4880   16.0481
   -7.5000   37.5000   30.0000 2699.8113   17.0040
    0.0000   37.5000   30.0000 2712.8938   16.8253
    7.5000   37.5000   30.0000 2676.8848   16.8114
   -7.5000   45.0000   30.0000 2597.5378   18.0065
    0.0000   45.0000   30.0000 2610.2615   17.8182
    7.5000   45.0000   30.0000 2578.5588   17.8460
   -7.5000  -45.0000   37.5000 1800.5706   36.7942
    0.0000  -45.0000   37.5000 1811.7904   36.1125
    7.5000  -45.0000   37.5000 1799.8063   35.6514
   -7.5000  -37.5000   37.5000 1969.3359   30.9859
    0.0000  -37.5000   37.5000 1978.7683   30.3161
    7.5000  -37.5000   37.5000 1964.8792   30.0566
   -7.5000  -30.0000   37.5000 2121.0312   26.6756
    0.0000  -30.0000   37.5000 2134.5303   26.0520
    7.5000  -30.0000   37.5000 2119.9382   26.0426
   -7.5000  -22.5000   37.5000 2257.3608   23.6632
    0.0000  -22.5000   37.5000 2275.1714   23.0740
    7.5000  -22.5000   37.5000 2255.5977   23.1259
   -7.5000  -15.0000   37.5000 2380.1643   21.4186
    0.0000  -15.0000   37.5000 2401.5923   20.8603
    7.5000  -15.0000   37.5000 2378.9197   20.9926
   -7.5000   -7.5000   37.5000 2495.4382   19.7079
    0.0000   -7.5000   37.5000 2511.4639   19.1555
    7.5000   -7.5000   37.5000 2489.5859   19.2995
   -7.5000    0.0000   37.5000 2594.0786   18.3878
    0.0000    0.0000   37.5000 2608.2368   17.8129
    7.5000    0.0000   37.5000 2589.2207   18.0128
   -7.5000    7.5000   37.5000 2680.8818   17.4709
    0.0000    7.5000   37.5000 2687.2043   16.9615
    7.5000    7.5000   37.5000 2668.3440   17.1470
   -7.5000   15.0000   37.5000 2730.3220   16.9821
    0.0000   15.0000   37.5000 2733.4875   16.5520
    7.5000   15.0000   37.5000 2713.7854   16.7003
   -7.5000   22.5000   37.5000 2730.6282   16.9349
    0.0000   22.5000   37.5000 2739.5247   16.5729
    7.5000   22.5000   37.5000 2717.9133   16.6857
   -7.5000   30.0000   37.5000 2686.1475   17.2650
    0.0000   30.0000   37.5000 2699.1172   16.9702
    7.5000   30.0000   37.5000 2675.1426   17.0579
   -7.5000   37.5000   37.5000 2626.2859   17.9364
    0.0000   37.5000   37.5000 2638.2432   17.6876
    7.5000   37.5000   37.5000 2607.7307   17.7578
   -7.5000   45.0000   37.5000 2536.0713   18.9332
    0.0000   45.0000   37.5000 2549.2417   18.7166
    7.5000   45.0000   37.5000 2519.2317   18.7726
   -7.5000  -45.0000   45.0000 1732.7887   39.3412
    0.0000  -45.0000   45.0000 1745.7374   38.4116
    7.5000  -45.0000   45.0000 1737.2197   38.1835
   -7.5000  -37.5000   45.0000 1903.5944   33.0420
    0.0000  -37.5000   45.0000 1915.9249   32.1861
    7.5000  -37.5000   45.0000 1905.9176   32.1373
   -7.5000  -30.0000   45.0000 2056.0596   28.3046
    0.0000  -30.0000   45.0000 2070.3845   27.5851
    7.5000  -30.0000   45.0000 2061.3872   27.7421
   -7.5000  -22.5000   45.0000 2193.5737   25.0138
    0.0000  -22.5000   45.0000 2214.5137   24.3999
    7.5000  -22.5000   45.0000 2198.9734   24.6341
   -7.5000  -15.0000   45.0000 2317.9417   22.7154
    0.0000  -15.0000   45.0000 2341.1719   22.1268
    7.5000  -15.0000   45.0000 2319.6545   22.3572
   -7.5000   -7.5000   45.0000 2419.5322   20.9523
    0.0000   -7.5000   45.0000 2440.2974   20.3890
    7.5000   -7.5000   45.0000 2417.1802   20.5886
   -7.5000    0.0000   45.0000 2517.5127   19.6648
    0.0000    0.0000   45.0000 2533.8813   19.0627
    7.5000    0.0000   45.0000 2513.4529   19.3256
   -7.5000    7.5000   45.0000 2593.6714   18.7062
    0.0000    7.5000   45.0000 2604.1338   18.2293
    7.5000    7.5000   45.0000 2584.8962   18.4088
   -7.5000   15.0000   45.0000 2638.6641   18.2608
    0.0000   15.0000   45.0000 2645.5132   17.8072
    7.5000   15.0000   45.0000 2625.3228   17.9688
   -7.5000   22.5000   45.0000 2634.5522   18.2070
    0.0000   22.5000   45.0000 2639.9993   17.8104
    7.5000   22.5000   45.0000 2620.2603   17.9492
   -7.5000   30.0000   45.0000 2586.9941   18.5567
    0.0000   30.0000   45.0000 2595.0254   18.2170
    7.5000   30.0000   45.0000 2577.5889   18.3316
   -7.5000   37.5000   45.0000 2533.6689   19.1428
    0.0000   37.5000   45.0000 2548.5244   18.8721
    7.5000   37.5000   45.0000 2519.0767   18.9680
   -7.5000   45.0000   45.0000 2453.7312   20.0300
    0.0000   45.0000   45.0000 2471.8721   19.8267
    7.5000   45.0000   45.0000 2442.1455   19.8867

---------------------------------------------------------------------
imgreg_4dfp /opt/freesurfer/average/711-2C_as_mni_average_305 /opt/freesurfer/average/711-2B_as_mni_average_305_mask talsrcimg_g11 none talsrcimg_to_711-2C_as_mni_average_305_t4 1283
---------------------------------------------------------------------

freesurfer imgreg_4dfp.c
/opt/freesurfer/average/711-2C_as_mni_average_305.4dfp.img
       256       256       256         1
  1.000000  1.000000  1.000000
orientation T byte_order littleendian
Reading image: /opt/freesurfer/average/711-2C_as_mni_average_305.4dfp.img
dimensions:      256       256       256
mmppix:       1.0000   -1.0000   -1.0000
center:     128.0000 -129.0000 -129.0000
/opt/freesurfer/average/711-2B_as_mni_average_305_mask.4dfp.img
       256       256       256         1
  1.000000  1.000000  1.000000
orientation T byte_order littleendian
Reading mask: /opt/freesurfer/average/711-2B_as_mni_average_305_mask.4dfp.img (2306576 pixels)
talsrcimg_g11.4dfp.img
       256       256       256         1
  1.000000  1.000000  1.000000
orientation T byte_order littleendian
Reading image: talsrcimg_g11.4dfp.img
dimensions:      256       256       256
mmppix:       1.0000   -1.0000   -1.0000
center:     128.0000 -129.0000 -129.0000
rotation matrix determinant  1.000000
fimgreg.f
image alignment mode   1283 decimal      503 hex
parameters
    0.0000   22.5000   15.0000    0.0000    0.0000    0.0000
eta,q 0.91849 14.14625
niter,ni,del,rscale     5    3   12.0000    1.2000
parameter  3-98.450539 ->  0.500000 qaram    1.1500
parameters
    0.1246   20.4108   11.5500   -2.9056    2.6336    1.2002
eta,q 0.91801 13.82804
  0.0909  0.0856  0.0810  0.0845  0.0881  0.0858
  0.0872  0.0827  0.0843  0.0834  0.0854  0.0843
  0.0851  0.0828  0.0831  0.0834  0.0840  0.0833
  0.0844  0.0841  0.0827  0.0835  0.0833  0.0823
  0.0844  0.0851  0.0838  0.0855  0.0825  0.0819
  0.0863  0.0894  0.0827  0.0867  0.0823  0.0825
  0.0909  0.0951  0.0854  0.0870  0.0834  0.0842
niter,ni,del,rscale     5    3   12.0000    1.2000
parameter  2  1.874157 -> -0.500000 qaram    1.1500
parameters
   -0.5649   23.8608    9.0059   -4.9032    3.5716    1.5062
eta,q 0.92464 13.83852
  0.0871  0.0851  0.0827  0.0786  0.0843  0.0794
  0.0862  0.0845  0.0770  0.0765  0.0815  0.0782
  0.0845  0.0846  0.0768  0.0759  0.0780  0.0767
  0.0820  0.0827  0.0801  0.0765  0.0759  0.0755
  0.0820  0.0814  0.0821  0.0784  0.0755  0.0754
  0.0867  0.0794  0.0867  0.0824  0.0777  0.0768
  0.0934  0.0789  0.0867  0.0879  0.0811  0.0794
niter,ni,del,rscale     5    3   12.0000    1.2000
parameters
   -1.2075   23.6546    8.1163   -5.3585    3.8526    1.3215
eta,q 0.92472 13.78438
  0.0840  0.0861  0.0820  0.0801  0.0817  0.0784
  0.0810  0.0823  0.0801  0.0777  0.0786  0.0772
  0.0779  0.0773  0.0750  0.0761  0.0761  0.0760
  0.0754  0.0760  0.0761  0.0751  0.0752  0.0753
  0.0763  0.0765  0.0798  0.0760  0.0757  0.0755
  0.0831  0.0813  0.0815  0.0784  0.0777  0.0771
  0.0912  0.0893  0.0851  0.0824  0.0807  0.0793
niter,ni,del,rscale     4    3   12.0000    1.2000
parameters
   -1.4078   23.5375    7.8287   -5.4561    4.0374    1.1510
eta,q 0.92468 13.75976
  0.0843  0.0861  0.0828  0.0806  0.0809  0.0783
  0.0811  0.0814  0.0806  0.0778  0.0780  0.0770
  0.0781  0.0765  0.0760  0.0765  0.0758  0.0760
  0.0753  0.0755  0.0755  0.0752  0.0753  0.0753
  0.0746  0.0765  0.0785  0.0757  0.0757  0.0755
  0.0800  0.0805  0.0811  0.0778  0.0775  0.0770
  0.0885  0.0879  0.0834  0.0814  0.0802  0.0790
niter,ni,del,rscale     3    3   12.0000    1.2000
parameters
   -1.4557   23.5082    7.7788   -5.4532    4.1327    1.0985
eta,q 0.92465 13.75438
  0.0844  0.0863  0.0832  0.0807  0.0805  0.0785
  0.0811  0.0810  0.0805  0.0778  0.0778  0.0770
  0.0781  0.0764  0.0764  0.0766  0.0758  0.0760
  0.0753  0.0754  0.0754  0.0753  0.0753  0.0753
  0.0744  0.0765  0.0782  0.0756  0.0757  0.0755
  0.0791  0.0801  0.0808  0.0776  0.0775  0.0769
  0.0875  0.0872  0.0827  0.0811  0.0803  0.0789
niter,ni,del,rscale     2    3   12.0000    1.2000
parameters
   -1.4683   23.5040    7.7786   -5.4397    4.1627    1.0834
eta,q 0.92463 13.75403
  0.0845  0.0863  0.0833  0.0807  0.0804  0.0785
  0.0812  0.0810  0.0806  0.0778  0.0778  0.0770
  0.0782  0.0764  0.0765  0.0766  0.0758  0.0760
  0.0754  0.0754  0.0754  0.0754  0.0754  0.0754
  0.0743  0.0764  0.0781  0.0756  0.0758  0.0755
  0.0790  0.0800  0.0808  0.0776  0.0776  0.0769
  0.0873  0.0870  0.0826  0.0811  0.0804  0.0788
registration optimization eta report
parameter search radius
    6.0000    6.9000    6.9000    6.0000    6.0000    6.0000
100000*second partial in parameter space
       30.       24.       14.       15.       14.        9.
  0.0845  0.0863  0.0833  0.0807  0.0804  0.0785
  0.0812  0.0810  0.0806  0.0778  0.0778  0.0770
  0.0782  0.0764  0.0765  0.0766  0.0758  0.0760
  0.0754  0.0754  0.0754  0.0754  0.0754  0.0754
  0.0743  0.0764  0.0781  0.0756  0.0758  0.0755
  0.0790  0.0800  0.0808  0.0776  0.0776  0.0769
  0.0873  0.0870  0.0826  0.0811  0.0804  0.0788
   -1.4683   23.5040    7.7786   -5.4397    4.1627    1.0834
eta,q 0.92463 13.75403

---------------------------------------------------------------------
imgreg_4dfp /opt/freesurfer/average/711-2C_as_mni_average_305 /opt/freesurfer/average/711-2B_as_mni_average_305_mask talsrcimg_g11 none talsrcimg_to_711-2C_as_mni_average_305_t4 3335
---------------------------------------------------------------------

freesurfer imgreg_4dfp.c
/opt/freesurfer/average/711-2C_as_mni_average_305.4dfp.img
       256       256       256         1
  1.000000  1.000000  1.000000
orientation T byte_order littleendian
Reading image: /opt/freesurfer/average/711-2C_as_mni_average_305.4dfp.img
dimensions:      256       256       256
mmppix:       1.0000   -1.0000   -1.0000
center:     128.0000 -129.0000 -129.0000
/opt/freesurfer/average/711-2B_as_mni_average_305_mask.4dfp.img
       256       256       256         1
  1.000000  1.000000  1.000000
orientation T byte_order littleendian
Reading mask: /opt/freesurfer/average/711-2B_as_mni_average_305_mask.4dfp.img (2306576 pixels)
talsrcimg_g11.4dfp.img
       256       256       256         1
  1.000000  1.000000  1.000000
orientation T byte_order littleendian
Reading image: talsrcimg_g11.4dfp.img
dimensions:      256       256       256
mmppix:       1.0000   -1.0000   -1.0000
center:     128.0000 -129.0000 -129.0000
fimgreg.f
image alignment mode   3335 decimal      D07 hex
parameters
   -1.4683   23.5040    7.7786   -0.2816   -0.4551   -0.7130
   -1.1943   -7.4042    1.8858    9.3415    7.2589   -9.4549
eta,q 0.92388 13.83051
niter,ni,del,rscale     5    3    5.0000    1.2000
parameter  1  0.532394 ->  0.500000 qaram    1.1500
parameter  3 -1.352859 -> -0.500000 qaram    1.1500
parameter  4  4.484162 ->  0.500000 qaram    1.1500
parameter  5  1.345727 ->  0.500000 qaram    1.1500
parameter  6 20.452623 ->  0.500000 qaram    1.1500
parameter  8 -0.680108 -> -0.500000 qaram    1.1500
parameter  9  0.708231 ->  0.500000 qaram    1.1500
parameter 10  2.647429 -> -0.500000 qaram    1.1500
parameter 12  3.290833 -> -0.500000 qaram    1.1500
parameters
   -2.8483   24.6122    9.1586   -4.4216   -4.5951   -4.8530
    0.4141   -3.2642   -2.2542   13.4815    8.5310   -5.3149
eta,q 0.94616 13.69238
  0.0761  0.0784  0.0764  0.0663  0.0653  0.0555  0.0634  0.0677  0.0597  0.0622  0.0584  0.0613
  0.0757  0.0772  0.0761  0.0683  0.0666  0.0600  0.0625  0.0652  0.0596  0.0615  0.0579  0.0602
  0.0758  0.0763  0.0758  0.0712  0.0676  0.0646  0.0619  0.0631  0.0597  0.0606  0.0575  0.0589
  0.0761  0.0757  0.0754  0.0746  0.0691  0.0669  0.0615  0.0614  0.0601  0.0596  0.0573  0.0573
  0.0768  0.0754  0.0749  0.0782  0.0713  0.0709  0.0614  0.0604  0.0607  0.0584  0.0573  0.0553
  0.0777  0.0755  0.0746  0.0817  0.0741  0.0744  0.0617  0.0600  0.0615  0.0569  0.0575  0.0533
  0.0789  0.0758  0.0750  0.0851  0.0775  0.0798  0.0622  0.0605  0.0625  0.0557  0.0579  0.0517
niter,ni,del,rscale     7    3    5.0000    1.2000
parameter  2  1.055333 ->  0.500000 qaram    1.1500
parameter  3 -1.214081 -> -0.500000 qaram    1.3225
parameter  4  0.861370 ->  0.500000 qaram    1.3225
parameter  5  2.526874 ->  0.500000 qaram    1.3225
parameter  6  0.675737 ->  0.500000 qaram    1.3225
parameter 12 -0.653780 -> -0.500000 qaram    1.3225
parameters
   -2.4571   23.2322   10.7456   -9.1826   -9.3561   -9.6140
    0.7958   -4.2880   -0.6800   12.4688    7.0627   -0.5539
eta,q 0.96159 13.52435
  0.0593  0.0519  0.0573  0.0463  0.0387  0.0397  0.0409  0.0430  0.0422  0.0412  0.0393  0.0404
  0.0568  0.0520  0.0554  0.0464  0.0410  0.0391  0.0399  0.0400  0.0406  0.0397  0.0389  0.0395
  0.0548  0.0526  0.0538  0.0473  0.0437  0.0394  0.0392  0.0389  0.0395  0.0390  0.0387  0.0391
  0.0538  0.0537  0.0521  0.0500  0.0465  0.0417  0.0390  0.0390  0.0388  0.0387  0.0388  0.0387
  0.0539  0.0552  0.0506  0.0549  0.0503  0.0471  0.0391  0.0399  0.0388  0.0392  0.0390  0.0385
  0.0550  0.0570  0.0498  0.0605  0.0543  0.0525  0.0397  0.0420  0.0393  0.0407  0.0393  0.0384
  0.0570  0.0590  0.0501  0.0659  0.0586  0.0594  0.0406  0.0455  0.0404  0.0430  0.0399  0.0385
niter,ni,del,rscale     7    3    5.0000    1.2000
parameter  3  1.528918 ->  0.500000 qaram    1.5209
parameter  5  2.196234 ->  0.500000 qaram    1.5209
parameter 12  0.666599 ->  0.500000 qaram    1.5209
parameters
   -1.7896   22.3646    8.9205  -11.5602  -14.8312  -13.3411
    0.2113   -4.2310   -0.3029    8.8612    6.3895   -6.0290
eta,q 0.97083 13.16224
  0.0434  0.0391  0.0338  0.0368  0.0290  0.0325  0.0329  0.0356  0.0340  0.0316  0.0305  0.0294
  0.0410  0.0382  0.0345  0.0357  0.0302  0.0314  0.0317  0.0328  0.0325  0.0302  0.0302  0.0292
  0.0394  0.0379  0.0359  0.0351  0.0324  0.0308  0.0311  0.0313  0.0314  0.0301  0.0300  0.0293
  0.0384  0.0382  0.0379  0.0348  0.0351  0.0308  0.0310  0.0310  0.0310  0.0310  0.0300  0.0300
  0.0382  0.0390  0.0405  0.0353  0.0380  0.0339  0.0313  0.0315  0.0312  0.0325  0.0301  0.0311
  0.0388  0.0402  0.0434  0.0382  0.0410  0.0395  0.0322  0.0330  0.0321  0.0346  0.0303  0.0326
  0.0402  0.0417  0.0463  0.0437  0.0447  0.0468  0.0336  0.0352  0.0335  0.0372  0.0307  0.0343
niter,ni,del,rscale     7    3    5.0000    1.2000
parameter  3  1.003874 ->  0.500000 qaram    1.7490
parameters
   -1.6316   22.2638    6.8217  -10.9828  -18.6850  -14.6880
    0.6197   -3.6236    0.5002   11.3131    6.7892   -7.0560
eta,q 0.97297 12.96091
  0.0332  0.0332  0.0268  0.0308  0.0296  0.0311  0.0296  0.0337  0.0304  0.0329  0.0277  0.0284
  0.0311  0.0310  0.0267  0.0289  0.0278  0.0291  0.0284  0.0297  0.0289  0.0303  0.0273  0.0277
  0.0297  0.0296  0.0277  0.0276  0.0265  0.0279  0.0276  0.0277  0.0279  0.0284  0.0271  0.0272
  0.0292  0.0292  0.0292  0.0269  0.0268  0.0266  0.0273  0.0273  0.0273  0.0273  0.0270  0.0270
  0.0295  0.0298  0.0310  0.0265  0.0302  0.0267  0.0274  0.0279  0.0274  0.0270  0.0270  0.0272
  0.0305  0.0314  0.0334  0.0274  0.0351  0.0311  0.0280  0.0294  0.0281  0.0275  0.0272  0.0279
  0.0324  0.0338  0.0363  0.0307  0.0392  0.0366  0.0292  0.0315  0.0295  0.0287  0.0275  0.0293
niter,ni,del,rscale     7    3    5.0000    1.2000
parameters
   -1.5224   23.1900    5.5774   -9.9260  -19.7708  -15.8219
    0.4065   -3.3053    0.7624   12.5870    6.7403   -8.5135
eta,q 0.97350 12.90994
  0.0309  0.0329  0.0281  0.0297  0.0312  0.0306  0.0285  0.0326  0.0292  0.0309  0.0271  0.0279
  0.0288  0.0303  0.0262  0.0278  0.0288  0.0286  0.0274  0.0287  0.0279  0.0287  0.0267  0.0271
  0.0275  0.0283  0.0258  0.0266  0.0269  0.0272  0.0268  0.0267  0.0270  0.0273  0.0265  0.0266
  0.0270  0.0270  0.0266  0.0258  0.0256  0.0259  0.0265  0.0265  0.0266  0.0266  0.0265  0.0265
  0.0273  0.0266  0.0278  0.0253  0.0264  0.0259  0.0267  0.0272  0.0267  0.0266  0.0266  0.0268
  0.0284  0.0270  0.0294  0.0260  0.0302  0.0299  0.0275  0.0288  0.0275  0.0274  0.0268  0.0277
  0.0303  0.0283  0.0319  0.0289  0.0350  0.0354  0.0289  0.0310  0.0290  0.0288  0.0270  0.0290
niter,ni,del,rscale     6    3    5.0000    1.2000
parameters
   -1.4315   23.4819    5.2939   -9.9539  -20.2205  -16.1261
    0.3025   -3.2061    0.8518   13.2622    6.7449   -8.7095
eta,q 0.97333 12.86863
  0.0303  0.0307  0.0298  0.0294  0.0321  0.0313  0.0286  0.0322  0.0291  0.0302  0.0273  0.0285
  0.0283  0.0286  0.0273  0.0278  0.0297  0.0293  0.0276  0.0285  0.0279  0.0283  0.0268  0.0275
  0.0270  0.0271  0.0263  0.0269  0.0278  0.0276  0.0269  0.0267  0.0270  0.0271  0.0267  0.0269
  0.0265  0.0265  0.0264  0.0264  0.0264  0.0265  0.0267  0.0267  0.0267  0.0267  0.0267  0.0267
  0.0267  0.0266  0.0272  0.0260  0.0264  0.0256  0.0268  0.0274  0.0268  0.0269  0.0268  0.0269
  0.0278  0.0275  0.0284  0.0270  0.0295  0.0280  0.0276  0.0290  0.0276  0.0278  0.0269  0.0275
  0.0299  0.0292  0.0302  0.0303  0.0344  0.0342  0.0289  0.0313  0.0291  0.0291  0.0272  0.0287
niter,ni,del,rscale     5    3    5.0000    1.2000
parameters
   -1.3901   23.6452    5.1254   -9.9579  -20.4545  -16.3299
    0.2054   -3.1652    0.8479   13.6347    6.7527   -8.7623
eta,q 0.97319 12.84512
  0.0302  0.0304  0.0301  0.0295  0.0323  0.0314  0.0287  0.0321  0.0291  0.0299  0.0274  0.0286
  0.0283  0.0284  0.0276  0.0280  0.0300  0.0294  0.0277  0.0285  0.0279  0.0282  0.0270  0.0277
  0.0271  0.0271  0.0266  0.0271  0.0281  0.0278  0.0270  0.0268  0.0271  0.0271  0.0268  0.0271
  0.0267  0.0267  0.0267  0.0266  0.0266  0.0267  0.0268  0.0268  0.0268  0.0268  0.0268  0.0268
  0.0270  0.0269  0.0273  0.0262  0.0265  0.0257  0.0269  0.0275  0.0270  0.0271  0.0269  0.0270
  0.0281  0.0279  0.0284  0.0272  0.0293  0.0278  0.0277  0.0291  0.0278  0.0280  0.0271  0.0276
  0.0301  0.0296  0.0302  0.0303  0.0341  0.0340  0.0290  0.0314  0.0292  0.0293  0.0273  0.0287
niter,ni,del,rscale     4    3    5.0000    1.2000
parameters
   -1.3623   23.7478    5.0155   -9.9761  -20.5988  -16.4875
    0.1416   -3.1389    0.8266   13.8760    6.7415   -8.7695
eta,q 0.97309 12.82749
  0.0303  0.0302  0.0302  0.0296  0.0324  0.0315  0.0288  0.0321  0.0291  0.0299  0.0275  0.0287
  0.0284  0.0284  0.0278  0.0281  0.0301  0.0295  0.0278  0.0286  0.0280  0.0282  0.0271  0.0278
  0.0272  0.0272  0.0268  0.0272  0.0282  0.0279  0.0272  0.0269  0.0272  0.0272  0.0269  0.0272
  0.0268  0.0268  0.0268  0.0268  0.0268  0.0268  0.0269  0.0269  0.0269  0.0269  0.0269  0.0269
  0.0271  0.0271  0.0274  0.0264  0.0266  0.0258  0.0270  0.0276  0.0271  0.0272  0.0270  0.0271
  0.0282  0.0281  0.0285  0.0273  0.0293  0.0277  0.0278  0.0291  0.0278  0.0281  0.0272  0.0277
  0.0302  0.0297  0.0302  0.0304  0.0340  0.0340  0.0290  0.0314  0.0293  0.0294  0.0274  0.0288
niter,ni,del,rscale     3    3    5.0000    1.2000
parameters
   -1.3424   23.8193    4.9299   -9.9906  -20.7016  -16.6180
    0.1079   -3.1155    0.8100   14.0611    6.7429   -8.7567
eta,q 0.97300 12.81370
  0.0303  0.0302  0.0303  0.0297  0.0324  0.0315  0.0289  0.0321  0.0291  0.0298  0.0276  0.0288
  0.0285  0.0284  0.0279  0.0282  0.0302  0.0295  0.0279  0.0286  0.0280  0.0282  0.0271  0.0279
  0.0273  0.0273  0.0270  0.0273  0.0283  0.0279  0.0272  0.0270  0.0273  0.0273  0.0270  0.0273
  0.0269  0.0269  0.0269  0.0269  0.0269  0.0269  0.0270  0.0270  0.0270  0.0270  0.0270  0.0270
  0.0272  0.0272  0.0275  0.0265  0.0267  0.0258  0.0271  0.0277  0.0271  0.0273  0.0271  0.0272
  0.0283  0.0282  0.0285  0.0274  0.0293  0.0277  0.0278  0.0292  0.0279  0.0282  0.0273  0.0278
  0.0303  0.0298  0.0302  0.0304  0.0339  0.0340  0.0290  0.0315  0.0293  0.0294  0.0274  0.0289
niter,ni,del,rscale     2    3    5.0000    1.2000
parameters
   -1.3310   23.8765    4.8585  -10.0089  -20.7870  -16.7362
    0.0785   -3.1045    0.7989   14.2122    6.7466   -8.7287
eta,q 0.97293 12.80124
  0.0304  0.0302  0.0304  0.0297  0.0325  0.0315  0.0289  0.0321  0.0292  0.0298  0.0276  0.0289
  0.0285  0.0284  0.0280  0.0282  0.0302  0.0296  0.0280  0.0287  0.0281  0.0282  0.0272  0.0280
  0.0274  0.0273  0.0271  0.0274  0.0284  0.0280  0.0273  0.0271  0.0274  0.0273  0.0271  0.0274
  0.0270  0.0270  0.0270  0.0270  0.0270  0.0270  0.0271  0.0271  0.0271  0.0271  0.0271  0.0271
  0.0273  0.0273  0.0275  0.0266  0.0267  0.0259  0.0272  0.0278  0.0272  0.0274  0.0272  0.0272
  0.0284  0.0283  0.0286  0.0275  0.0293  0.0277  0.0279  0.0292  0.0279  0.0283  0.0273  0.0279
  0.0304  0.0299  0.0302  0.0305  0.0339  0.0339  0.0291  0.0315  0.0294  0.0295  0.0275  0.0290
niter,ni,del,rscale     1    3    5.0000    1.2000
parameters
   -1.3187   23.9263    4.7959  -10.0205  -20.8645  -16.8412
    0.0428   -3.0938    0.7834   14.3426    6.7491   -8.6839
eta,q 0.97286 12.79008
  0.0304  0.0302  0.0304  0.0298  0.0325  0.0315  0.0290  0.0321  0.0292  0.0298  0.0277  0.0289
  0.0286  0.0285  0.0281  0.0283  0.0302  0.0296  0.0280  0.0287  0.0281  0.0283  0.0273  0.0281
  0.0275  0.0274  0.0271  0.0274  0.0285  0.0280  0.0274  0.0272  0.0274  0.0274  0.0271  0.0274
  0.0271  0.0271  0.0271  0.0271  0.0271  0.0271  0.0271  0.0271  0.0271  0.0271  0.0271  0.0271
  0.0274  0.0274  0.0276  0.0267  0.0268  0.0260  0.0273  0.0278  0.0273  0.0275  0.0272  0.0273
  0.0284  0.0283  0.0286  0.0276  0.0293  0.0277  0.0279  0.0293  0.0280  0.0283  0.0274  0.0279
  0.0304  0.0300  0.0303  0.0305  0.0339  0.0339  0.0291  0.0315  0.0294  0.0295  0.0276  0.0290
registration optimization eta report
parameter search radius
    2.7600    2.7600    4.1976    9.5220   10.9503    9.5220
    7.2000    8.2800    8.2800    8.2800    7.2000   10.9503
100000*second partial in parameter space
       44.       40.       19.        4.        5.        7.
        4.        7.        3.        4.        1.        2.
  0.0304  0.0302  0.0304  0.0298  0.0325  0.0315  0.0290  0.0321  0.0292  0.0298  0.0277  0.0289
  0.0286  0.0285  0.0281  0.0283  0.0302  0.0296  0.0280  0.0287  0.0281  0.0283  0.0273  0.0281
  0.0275  0.0274  0.0271  0.0274  0.0285  0.0280  0.0274  0.0272  0.0274  0.0274  0.0271  0.0274
  0.0271  0.0271  0.0271  0.0271  0.0271  0.0271  0.0271  0.0271  0.0271  0.0271  0.0271  0.0271
  0.0274  0.0274  0.0276  0.0267  0.0268  0.0260  0.0273  0.0278  0.0273  0.0275  0.0272  0.0273
  0.0284  0.0283  0.0286  0.0276  0.0293  0.0277  0.0279  0.0293  0.0280  0.0283  0.0274  0.0279
  0.0304  0.0300  0.0303  0.0305  0.0339  0.0339  0.0291  0.0315  0.0294  0.0295  0.0276  0.0290
   -1.3187   23.9263    4.7959  -10.0205  -20.8645  -16.8412
    0.0428   -3.0938    0.7834   14.3426    6.7491   -8.6839
eta,q 0.97286 12.79008

---------------------------------------------------------------------
imgreg_4dfp /opt/freesurfer/average/711-2C_as_mni_average_305 /opt/freesurfer/average/711-2B_as_mni_average_305_mask talsrcimg_g11 none talsrcimg_to_711-2C_as_mni_average_305_t4 2311
---------------------------------------------------------------------

freesurfer imgreg_4dfp.c
/opt/freesurfer/average/711-2C_as_mni_average_305.4dfp.img
       256       256       256         1
  1.000000  1.000000  1.000000
orientation T byte_order littleendian
Reading image: /opt/freesurfer/average/711-2C_as_mni_average_305.4dfp.img
dimensions:      256       256       256
mmppix:       1.0000   -1.0000   -1.0000
center:     128.0000 -129.0000 -129.0000
/opt/freesurfer/average/711-2B_as_mni_average_305_mask.4dfp.img
       256       256       256         1
  1.000000  1.000000  1.000000
orientation T byte_order littleendian
Reading mask: /opt/freesurfer/average/711-2B_as_mni_average_305_mask.4dfp.img (2306576 pixels)
talsrcimg_g11.4dfp.img
       256       256       256         1
  1.000000  1.000000  1.000000
orientation T byte_order littleendian
Reading image: talsrcimg_g11.4dfp.img
dimensions:      256       256       256
mmppix:       1.0000   -1.0000   -1.0000
center:     128.0000 -129.0000 -129.0000
fimgreg.f
image alignment mode   2311 decimal      907 hex
parameters
   -1.3187   23.9263    4.7959  -10.0205  -20.8645  -16.8412
    0.0428   -3.0938    0.7834   14.3426    6.7491   -8.6839
eta,q 0.97286 12.79008
niter,ni,del,rscale     5    3    5.0000    0.8000
parameter  4 -0.616545 -> -0.500000 qaram    1.1500
parameters
   -1.2641   23.9548    4.3490   -7.2605  -19.1006  -15.1985
   -0.9302   -2.4853    0.5852   14.2127    8.1970   -9.7925
eta,q 0.97448 13.14380
  0.0283  0.0282  0.0273  0.0278  0.0288  0.0283  0.0265  0.0294  0.0266  0.0268  0.0266  0.0258
  0.0277  0.0276  0.0271  0.0275  0.0281  0.0276  0.0259  0.0274  0.0260  0.0260  0.0261  0.0256
  0.0273  0.0272  0.0271  0.0273  0.0274  0.0271  0.0256  0.0261  0.0257  0.0257  0.0258  0.0255
  0.0271  0.0271  0.0271  0.0271  0.0268  0.0264  0.0256  0.0256  0.0256  0.0256  0.0256  0.0255
  0.0272  0.0272  0.0273  0.0269  0.0264  0.0256  0.0260  0.0258  0.0257  0.0258  0.0255  0.0257
  0.0275  0.0275  0.0274  0.0268  0.0265  0.0259  0.0266  0.0265  0.0261  0.0262  0.0256  0.0259
  0.0281  0.0281  0.0277  0.0270  0.0272  0.0270  0.0276  0.0277  0.0268  0.0268  0.0258  0.0262
niter,ni,del,rscale     5    3    5.0000    0.8000
parameters
   -1.3525   23.6202    4.6788   -8.0194  -18.7382  -14.4440
   -0.1181   -2.9219    0.3156   13.5795    8.7074   -9.9366
eta,q 0.97497 13.16306
  0.0269  0.0263  0.0268  0.0266  0.0275  0.0278  0.0269  0.0274  0.0260  0.0261  0.0258  0.0255
  0.0261  0.0257  0.0261  0.0262  0.0268  0.0272  0.0261  0.0259  0.0255  0.0254  0.0254  0.0252
  0.0256  0.0255  0.0257  0.0258  0.0261  0.0265  0.0255  0.0251  0.0252  0.0251  0.0251  0.0251
  0.0255  0.0255  0.0255  0.0255  0.0256  0.0255  0.0252  0.0251  0.0251  0.0251  0.0250  0.0250
  0.0257  0.0258  0.0255  0.0255  0.0255  0.0251  0.0252  0.0257  0.0252  0.0254  0.0251  0.0251
  0.0263  0.0265  0.0257  0.0264  0.0261  0.0257  0.0254  0.0268  0.0256  0.0260  0.0252  0.0253
  0.0273  0.0274  0.0260  0.0282  0.0273  0.0273  0.0260  0.0282  0.0263  0.0267  0.0255  0.0256
niter,ni,del,rscale     4    3    5.0000    0.7000
parameters
   -1.4520   23.4525    5.0182   -7.8436  -18.4599  -13.9215
    0.0075   -3.1025    0.2507   13.3242    8.8051   -9.7689
eta,q 0.97529 13.21409
  0.0261  0.0258  0.0262  0.0261  0.0266  0.0271  0.0259  0.0269  0.0256  0.0258  0.0253  0.0252
  0.0255  0.0253  0.0256  0.0258  0.0260  0.0266  0.0253  0.0256  0.0251  0.0251  0.0249  0.0249
  0.0251  0.0251  0.0252  0.0254  0.0254  0.0258  0.0249  0.0248  0.0248  0.0248  0.0247  0.0248
  0.0250  0.0250  0.0250  0.0250  0.0250  0.0249  0.0247  0.0247  0.0247  0.0247  0.0247  0.0247
  0.0252  0.0252  0.0250  0.0249  0.0249  0.0248  0.0248  0.0251  0.0248  0.0249  0.0248  0.0247
  0.0257  0.0257  0.0252  0.0253  0.0254  0.0254  0.0252  0.0260  0.0252  0.0253  0.0249  0.0249
  0.0264  0.0264  0.0254  0.0264  0.0265  0.0268  0.0258  0.0272  0.0257  0.0260  0.0252  0.0251
niter,ni,del,rscale     3    3    5.0000    0.6000
parameters
   -1.5333   23.3356    5.3469   -7.5116  -18.3133  -13.3557
   -0.0019   -3.1568    0.2676   13.2120    8.8285   -9.5529
eta,q 0.97553 13.26660
  0.0255  0.0254  0.0257  0.0257  0.0259  0.0267  0.0253  0.0263  0.0252  0.0253  0.0249  0.0248
  0.0251  0.0250  0.0252  0.0254  0.0254  0.0261  0.0249  0.0252  0.0248  0.0248  0.0247  0.0246
  0.0248  0.0248  0.0249  0.0250  0.0249  0.0253  0.0246  0.0246  0.0246  0.0245  0.0245  0.0245
  0.0247  0.0247  0.0247  0.0247  0.0246  0.0246  0.0245  0.0245  0.0245  0.0245  0.0245  0.0245
  0.0249  0.0249  0.0247  0.0246  0.0246  0.0246  0.0246  0.0248  0.0246  0.0246  0.0245  0.0245
  0.0252  0.0252  0.0248  0.0249  0.0251  0.0251  0.0249  0.0254  0.0248  0.0249  0.0247  0.0246
  0.0258  0.0257  0.0250  0.0257  0.0259  0.0260  0.0254  0.0264  0.0252  0.0254  0.0249  0.0247
niter,ni,del,rscale     2    3    5.0000    0.5000
parameters
   -1.6106   23.2649    5.7444   -7.1550  -18.2507  -12.7852
   -0.0315   -3.2062    0.2972   13.1612    8.8452   -9.2919
eta,q 0.97573 13.31446
  0.0251  0.0250  0.0253  0.0253  0.0253  0.0262  0.0249  0.0256  0.0248  0.0249  0.0246  0.0245
  0.0247  0.0247  0.0249  0.0250  0.0249  0.0256  0.0245  0.0248  0.0245  0.0245  0.0244  0.0244
  0.0245  0.0245  0.0246  0.0247  0.0245  0.0249  0.0243  0.0244  0.0243  0.0243  0.0243  0.0243
  0.0245  0.0245  0.0245  0.0244  0.0244  0.0243  0.0243  0.0243  0.0243  0.0243  0.0243  0.0243
  0.0246  0.0246  0.0244  0.0243  0.0244  0.0243  0.0243  0.0245  0.0243  0.0244  0.0243  0.0243
  0.0249  0.0248  0.0244  0.0246  0.0247  0.0247  0.0246  0.0249  0.0245  0.0246  0.0244  0.0243
  0.0253  0.0252  0.0246  0.0252  0.0253  0.0254  0.0249  0.0257  0.0248  0.0250  0.0246  0.0245
niter,ni,del,rscale     1    3    5.0000    0.4000
parameter  3 -0.537197 -> -0.500000 qaram    1.1500
parameters
   -1.6873   23.2151    6.2044   -6.8061  -18.2792  -12.2746
   -0.0666   -3.2933    0.3239   13.0533    8.8559   -9.0478
eta,q 0.97591 13.35201
  0.0246  0.0246  0.0249  0.0249  0.0248  0.0257  0.0245  0.0250  0.0245  0.0245  0.0243  0.0243
  0.0244  0.0244  0.0246  0.0246  0.0245  0.0251  0.0243  0.0245  0.0243  0.0243  0.0242  0.0242
  0.0243  0.0243  0.0244  0.0244  0.0242  0.0245  0.0241  0.0242  0.0241  0.0241  0.0241  0.0241
  0.0243  0.0243  0.0243  0.0242  0.0241  0.0241  0.0241  0.0241  0.0241  0.0241  0.0241  0.0241
  0.0244  0.0243  0.0242  0.0241  0.0242  0.0241  0.0241  0.0242  0.0241  0.0242  0.0241  0.0241
  0.0245  0.0245  0.0242  0.0243  0.0244  0.0244  0.0243  0.0246  0.0242  0.0243  0.0242  0.0241
  0.0248  0.0247  0.0242  0.0247  0.0248  0.0248  0.0245  0.0251  0.0244  0.0246  0.0243  0.0242
niter,ni,del,rscale     1    3    5.0000    0.4000
parameters
   -1.7741   23.1644    6.5137   -6.7436  -18.3419  -11.9500
   -0.0391   -3.4062    0.3489   12.8922    8.8042   -9.0048
eta,q 0.97599 13.36722
  0.0245  0.0244  0.0247  0.0247  0.0246  0.0255  0.0244  0.0249  0.0244  0.0244  0.0242  0.0242
  0.0242  0.0242  0.0244  0.0244  0.0243  0.0249  0.0242  0.0244  0.0242  0.0242  0.0241  0.0241
  0.0241  0.0241  0.0242  0.0242  0.0241  0.0243  0.0241  0.0241  0.0241  0.0241  0.0240  0.0240
  0.0241  0.0241  0.0241  0.0240  0.0240  0.0240  0.0240  0.0240  0.0240  0.0240  0.0240  0.0240
  0.0242  0.0241  0.0240  0.0240  0.0241  0.0241  0.0240  0.0242  0.0240  0.0241  0.0240  0.0240
  0.0244  0.0243  0.0241  0.0243  0.0243  0.0244  0.0242  0.0245  0.0242  0.0243  0.0241  0.0241
  0.0247  0.0246  0.0242  0.0248  0.0248  0.0249  0.0244  0.0250  0.0244  0.0246  0.0243  0.0242
registration optimization eta report
parameter search radius
    0.8000    0.8000    0.9200    2.7600    2.4000    2.4000
    2.4000    2.4000    2.4000    2.4000    2.4000    2.4000
100000*second partial in parameter space
       76.       66.       47.       10.       12.       20.
        7.       16.        6.        9.        4.        3.
  0.0245  0.0244  0.0247  0.0247  0.0246  0.0255  0.0244  0.0249  0.0244  0.0244  0.0242  0.0242
  0.0242  0.0242  0.0244  0.0244  0.0243  0.0249  0.0242  0.0244  0.0242  0.0242  0.0241  0.0241
  0.0241  0.0241  0.0242  0.0242  0.0241  0.0243  0.0241  0.0241  0.0241  0.0241  0.0240  0.0240
  0.0241  0.0241  0.0241  0.0240  0.0240  0.0240  0.0240  0.0240  0.0240  0.0240  0.0240  0.0240
  0.0242  0.0241  0.0240  0.0240  0.0241  0.0241  0.0240  0.0242  0.0240  0.0241  0.0240  0.0240
  0.0244  0.0243  0.0241  0.0243  0.0243  0.0244  0.0242  0.0245  0.0242  0.0243  0.0241  0.0241
  0.0247  0.0246  0.0242  0.0248  0.0248  0.0249  0.0244  0.0250  0.0244  0.0246  0.0243  0.0242
   -1.7741   23.1644    6.5137   -6.7436  -18.3419  -11.9500
   -0.0391   -3.4062    0.3489   12.8922    8.8042   -9.0048
eta,q 0.97599 13.36722

---------------------------------------------------------------------
imgreg_4dfp /opt/freesurfer/average/711-2C_as_mni_average_305 /opt/freesurfer/average/711-2B_as_mni_average_305_mask talsrcimg_g11 none talsrcimg_to_711-2C_as_mni_average_305_t4 2311
---------------------------------------------------------------------

freesurfer imgreg_4dfp.c
/opt/freesurfer/average/711-2C_as_mni_average_305.4dfp.img
       256       256       256         1
  1.000000  1.000000  1.000000
orientation T byte_order littleendian
Reading image: /opt/freesurfer/average/711-2C_as_mni_average_305.4dfp.img
dimensions:      256       256       256
mmppix:       1.0000   -1.0000   -1.0000
center:     128.0000 -129.0000 -129.0000
/opt/freesurfer/average/711-2B_as_mni_average_305_mask.4dfp.img
       256       256       256         1
  1.000000  1.000000  1.000000
orientation T byte_order littleendian
Reading mask: /opt/freesurfer/average/711-2B_as_mni_average_305_mask.4dfp.img (2306576 pixels)
talsrcimg_g11.4dfp.img
       256       256       256         1
  1.000000  1.000000  1.000000
orientation T byte_order littleendian
Reading image: talsrcimg_g11.4dfp.img
dimensions:      256       256       256
mmppix:       1.0000   -1.0000   -1.0000
center:     128.0000 -129.0000 -129.0000
fimgreg.f
image alignment mode   2311 decimal      907 hex
parameters
   -1.7741   23.1644    6.5137   -6.7436  -18.3419  -11.9500
   -0.0391   -3.4062    0.3489   12.8922    8.8042   -9.0048
eta,q 0.97599 13.36722
niter,ni,del,rscale     5    3    5.0000    0.8000
parameters
   -1.8260   23.1143    6.6751   -7.4132  -18.7054  -12.3904
    0.2008   -3.5238    0.4882   12.6860    8.5456   -8.8022
eta,q 0.97581 13.31296
  0.0258  0.0256  0.0254  0.0253  0.0259  0.0269  0.0257  0.0271  0.0255  0.0258  0.0248  0.0248
  0.0248  0.0247  0.0247  0.0248  0.0251  0.0261  0.0249  0.0253  0.0248  0.0249  0.0244  0.0245
  0.0242  0.0242  0.0243  0.0243  0.0244  0.0249  0.0244  0.0244  0.0244  0.0244  0.0242  0.0243
  0.0240  0.0240  0.0240  0.0240  0.0241  0.0241  0.0242  0.0242  0.0242  0.0242  0.0242  0.0242
  0.0243  0.0242  0.0240  0.0242  0.0243  0.0245  0.0243  0.0247  0.0243  0.0244  0.0243  0.0242
  0.0250  0.0248  0.0244  0.0252  0.0253  0.0259  0.0247  0.0257  0.0247  0.0250  0.0245  0.0244
  0.0261  0.0258  0.0250  0.0270  0.0269  0.0295  0.0255  0.0272  0.0253  0.0261  0.0249  0.0247
niter,ni,del,rscale     4    3    5.0000    0.7000
parameters
   -1.7399   23.1882    6.4661   -7.3562  -18.6220  -12.4453
   -0.0181   -3.3935    0.4952   12.7863    8.5648   -8.9545
eta,q 0.97585 13.31309
  0.0256  0.0255  0.0248  0.0253  0.0258  0.0266  0.0252  0.0267  0.0251  0.0255  0.0247  0.0245
  0.0249  0.0248  0.0244  0.0249  0.0251  0.0259  0.0246  0.0253  0.0246  0.0248  0.0244  0.0243
  0.0244  0.0244  0.0242  0.0245  0.0245  0.0249  0.0242  0.0244  0.0243  0.0243  0.0242  0.0242
  0.0242  0.0242  0.0242  0.0242  0.0241  0.0241  0.0241  0.0241  0.0242  0.0242  0.0242  0.0242
  0.0243  0.0243  0.0244  0.0241  0.0242  0.0244  0.0243  0.0244  0.0243  0.0243  0.0242  0.0242
  0.0247  0.0246  0.0248  0.0246  0.0248  0.0252  0.0247  0.0252  0.0246  0.0247  0.0244  0.0244
  0.0253  0.0253  0.0253  0.0256  0.0259  0.0275  0.0254  0.0263  0.0251  0.0254  0.0247  0.0246
niter,ni,del,rscale     3    3    5.0000    0.6000
parameters
   -1.7116   23.2114    6.4129   -7.0947  -18.5199  -12.2664
   -0.1230   -3.3076    0.4531   12.8811    8.6636   -9.0433
eta,q 0.97592 13.33371
  0.0252  0.0251  0.0247  0.0252  0.0254  0.0263  0.0249  0.0261  0.0248  0.0252  0.0246  0.0244
  0.0246  0.0246  0.0244  0.0248  0.0248  0.0256  0.0244  0.0250  0.0244  0.0246  0.0243  0.0242
  0.0243  0.0243  0.0242  0.0244  0.0244  0.0247  0.0242  0.0243  0.0242  0.0242  0.0241  0.0241
  0.0242  0.0242  0.0241  0.0241  0.0241  0.0241  0.0241  0.0241  0.0241  0.0241  0.0241  0.0241
  0.0242  0.0242  0.0242  0.0241  0.0241  0.0243  0.0242  0.0243  0.0242  0.0242  0.0241  0.0241
  0.0245  0.0245  0.0245  0.0244  0.0246  0.0249  0.0245  0.0249  0.0244  0.0245  0.0243  0.0242
  0.0251  0.0250  0.0249  0.0251  0.0254  0.0263  0.0250  0.0259  0.0248  0.0251  0.0245  0.0244
niter,ni,del,rscale     2    3    5.0000    0.5000
parameters
   -1.7353   23.2005    6.5151   -6.8370  -18.4693  -12.0142
   -0.1367   -3.3209    0.4076   12.8965    8.7207   -9.0331
eta,q 0.97598 13.35528
  0.0248  0.0247  0.0246  0.0249  0.0250  0.0260  0.0246  0.0255  0.0246  0.0248  0.0244  0.0243
  0.0244  0.0244  0.0244  0.0246  0.0246  0.0252  0.0243  0.0246  0.0243  0.0244  0.0242  0.0241
  0.0241  0.0241  0.0242  0.0243  0.0242  0.0244  0.0241  0.0242  0.0241  0.0241  0.0241  0.0241
  0.0241  0.0241  0.0241  0.0241  0.0240  0.0240  0.0240  0.0240  0.0240  0.0240  0.0240  0.0240
  0.0242  0.0242  0.0241  0.0240  0.0241  0.0242  0.0241  0.0242  0.0241  0.0241  0.0241  0.0241
  0.0244  0.0244  0.0242  0.0243  0.0244  0.0247  0.0243  0.0247  0.0243  0.0243  0.0242  0.0241
  0.0248  0.0247  0.0245  0.0248  0.0250  0.0255  0.0247  0.0254  0.0246  0.0248  0.0244  0.0243
niter,ni,del,rscale     1    3    5.0000    0.4000
parameters
   -1.7870   23.1693    6.6758   -6.6274  -18.4397  -11.8244
   -0.1213   -3.3848    0.3878   12.8377    8.7299   -8.9731
eta,q 0.97601 13.37249
  0.0244  0.0244  0.0245  0.0246  0.0246  0.0254  0.0244  0.0249  0.0243  0.0245  0.0242  0.0242
  0.0242  0.0242  0.0243  0.0244  0.0243  0.0248  0.0242  0.0244  0.0241  0.0242  0.0241  0.0241
  0.0241  0.0241  0.0241  0.0242  0.0241  0.0242  0.0240  0.0241  0.0240  0.0240  0.0240  0.0240
  0.0240  0.0240  0.0240  0.0240  0.0240  0.0240  0.0240  0.0240  0.0240  0.0240  0.0240  0.0240
  0.0241  0.0241  0.0240  0.0240  0.0240  0.0241  0.0240  0.0241  0.0240  0.0240  0.0240  0.0240
  0.0243  0.0242  0.0241  0.0242  0.0243  0.0245  0.0242  0.0245  0.0242  0.0242  0.0241  0.0241
  0.0246  0.0245  0.0242  0.0245  0.0247  0.0251  0.0244  0.0250  0.0244  0.0245  0.0242  0.0242
registration optimization eta report
parameter search radius
    0.8000    0.8000    0.8000    2.4000    2.4000    2.4000
    2.4000    2.4000    2.4000    2.4000    2.4000    2.4000
100000*second partial in parameter space
       76.       66.       49.       10.       11.       21.
        7.       16.        6.        9.        4.        3.
  0.0244  0.0244  0.0245  0.0246  0.0246  0.0254  0.0244  0.0249  0.0243  0.0245  0.0242  0.0242
  0.0242  0.0242  0.0243  0.0244  0.0243  0.0248  0.0242  0.0244  0.0241  0.0242  0.0241  0.0241
  0.0241  0.0241  0.0241  0.0242  0.0241  0.0242  0.0240  0.0241  0.0240  0.0240  0.0240  0.0240
  0.0240  0.0240  0.0240  0.0240  0.0240  0.0240  0.0240  0.0240  0.0240  0.0240  0.0240  0.0240
  0.0241  0.0241  0.0240  0.0240  0.0240  0.0241  0.0240  0.0241  0.0240  0.0240  0.0240  0.0240
  0.0243  0.0242  0.0241  0.0242  0.0243  0.0245  0.0242  0.0245  0.0242  0.0242  0.0241  0.0241
  0.0246  0.0245  0.0242  0.0245  0.0247  0.0251  0.0244  0.0250  0.0244  0.0245  0.0242  0.0242
   -1.7870   23.1693    6.6758   -6.6274  -18.4397  -11.8244
   -0.1213   -3.3848    0.3878   12.8377    8.7299   -8.9731
eta,q 0.97601 13.37249

---------------------------------------------------------------------
compute_vox2vox talsrcimg talsrcimg_to_711-2C_as_mni_average_305_t4 /opt/freesurfer/average/711-2C_as_mni_average_305
---------------------------------------------------------------------

freesurfer compute_vox2vox.c
Reading: talsrcimg.4dfp.ifh
Reading: talsrcimg_to_711-2C_as_mni_average_305_t4
Reading: /opt/freesurfer/average/711-2C_as_mni_average_305.4dfp.ifh
Writing: talsrcimg_to_711-2C_as_mni_average_305_t4_vox2vox.txt

start time Thu Mar 12 11:38:16 CET 2026
end		time Thu Mar 12 11:39:43 CET 2026

mpr2mni305 success

avi2talxfm orig_nu.mgz /opt/freesurfer/average/mni305.cor.mgz talsrcimg_to_711-2C_as_mni_average_305_t4_vox2vox.txt transforms/talairach.auto.xfm
avi2talxfm done
mv -f /out/sourcedata/freesurfer/sub-v1s15x0050204_ses-1/mri/talsrcimg_to_711-2C_as_mni_average_305_t4_vox2vox.txt /out/sourcedata/freesurfer/sub-v1s15x0050204_ses-1/mri/transforms/talsrcimg_to_711-2C_as_mni_average_305_t4_vox2vox.txt
lta_convert --src orig_nu.mgz --trg /opt/freesurfer/average/mni305.cor.mgz --inxfm transforms/talairach.auto.xfm --outlta transforms/talairach.auto.xfm.lta --subject fsaverage
7.3.2

--src: orig_nu.mgz src image (geometry).
--trg: /opt/freesurfer/average/mni305.cor.mgz trg image (geometry).
--inmni: transforms/talairach.auto.xfm input MNI/XFM transform.
--outlta: transforms/talairach.auto.xfm.lta output LTA.
--s: fsaverage subject name
 LTA read, type : 1
 1.06720   0.04009   0.00600  -1.91638;
-0.10450   1.11230   0.12222  -9.37648;
 0.01137  -0.17527   1.20682   15.98668;
 0.00000   0.00000   0.00000   1.00000;
setting subject to fsaverage
Writing  LTA to file transforms/talairach.auto.xfm.lta...
lta_convert successful.
 
 
Started at Thu Mar 12 11:38:16 CET 2026
Ended   at Thu Mar 12 11:39:44 CET 2026
talairach_avi done
