status file for recon-all
Sun Mar  8 22:55:30 CET 2026
#@# Tessellate rh Sun Mar  8 22:55:30 CET 2026
#@# Smooth1 rh Sun Mar  8 22:55:33 CET 2026
#@# Inflation1 rh Sun Mar  8 22:55:36 CET 2026
#@# QSphere rh Sun Mar  8 22:55:45 CET 2026
#@# Fix Topology rh Sun Mar  8 22:56:46 CET 2026
#@# Smooth2 rh Sun Mar  8 23:02:08 CET 2026
#@# Inflation2 rh Sun Mar  8 23:02:11 CET 2026
#@# Curv .H and .K rh Sun Mar  8 23:02:21 CET 2026
#@# Sphere rh Sun Mar  8 23:03:07 CET 2026
#@# Surf Reg rh Sun Mar  8 23:05:49 CET 2026
#@# Jacobian white rh Sun Mar  8 23:08:55 CET 2026
#@# AvgCurv rh Sun Mar  8 23:08:55 CET 2026
#@# Cortical Parc rh Sun Mar  8 23:08:56 CET 2026
#@# white curv rh Sun Mar  8 23:14:49 CET 2026
#@# white area rh Sun Mar  8 23:14:51 CET 2026
#@# pial curv rh Sun Mar  8 23:14:51 CET 2026
#@# pial area rh Sun Mar  8 23:14:53 CET 2026
#@# thickness rh Sun Mar  8 23:14:53 CET 2026
#@# area and vertex vol rh Sun Mar  8 23:15:22 CET 2026
#@# Curvature Stats rh Sun Mar  8 23:15:23 CET 2026
#@# Cortical Parc 2 rh Sun Mar  8 23:15:26 CET 2026
#@# Cortical Parc 3 rh Sun Mar  8 23:15:38 CET 2026
#@# WM/GM Contrast rh Sun Mar  8 23:15:48 CET 2026
recon-all -s sub-v1s15x0050205_ses-1 finished without error at Sun Mar  8 23:15:51 CET 2026



#New# invocation of recon-all 



status file for recon-all
Sun Mar  8 23:23:19 CET 2026
#@# white curv rh Sun Mar  8 23:23:19 CET 2026
#@# white area rh Sun Mar  8 23:23:19 CET 2026
#@# pial curv rh Sun Mar  8 23:23:19 CET 2026
#@# pial area rh Sun Mar  8 23:23:19 CET 2026
#@# thickness rh Sun Mar  8 23:23:19 CET 2026
#@# area and vertex vol rh Sun Mar  8 23:23:19 CET 2026
#@# Parcellation Stats rh Sun Mar  8 23:23:19 CET 2026
#@# Parcellation Stats 2 rh Sun Mar  8 23:23:37 CET 2026
#@# Parcellation Stats 3 rh Sun Mar  8 23:23:46 CET 2026
#@# BA_exvivo Labels rh Sun Mar  8 23:23:55 CET 2026
recon-all -s sub-v1s15x0050205_ses-1 finished without error at Sun Mar  8 23:26:13 CET 2026
