status file for recon-all
Sun Mar  8 22:37:11 CET 2026
#@# Tessellate lh Sun Mar  8 22:37:11 CET 2026
#@# Smooth1 lh Sun Mar  8 22:37:14 CET 2026
#@# Inflation1 lh Sun Mar  8 22:37:16 CET 2026
#@# QSphere lh Sun Mar  8 22:37:25 CET 2026
#@# Fix Topology lh Sun Mar  8 22:38:22 CET 2026
#@# Smooth2 lh Sun Mar  8 22:43:46 CET 2026
#@# Inflation2 lh Sun Mar  8 22:43:48 CET 2026
#@# Curv .H and .K lh Sun Mar  8 22:43:58 CET 2026
#@# Sphere lh Sun Mar  8 22:44:43 CET 2026
#@# Surf Reg lh Sun Mar  8 22:46:16 CET 2026
#@# Jacobian white lh Sun Mar  8 22:49:03 CET 2026
#@# AvgCurv lh Sun Mar  8 22:49:04 CET 2026
#@# Cortical Parc lh Sun Mar  8 22:49:04 CET 2026
#@# white curv lh Sun Mar  8 22:54:27 CET 2026
#@# white area lh Sun Mar  8 22:54:28 CET 2026
#@# pial curv lh Sun Mar  8 22:54:29 CET 2026
#@# pial area lh Sun Mar  8 22:54:30 CET 2026
#@# thickness lh Sun Mar  8 22:54:31 CET 2026
#@# area and vertex vol lh Sun Mar  8 22:54:59 CET 2026
#@# Curvature Stats lh Sun Mar  8 22:55:00 CET 2026
#@# Cortical Parc 2 lh Sun Mar  8 22:55:02 CET 2026
#@# Cortical Parc 3 lh Sun Mar  8 22:55:15 CET 2026
#@# WM/GM Contrast lh Sun Mar  8 22:55:24 CET 2026
recon-all -s sub-v1s15x0050205_ses-1 finished without error at Sun Mar  8 22:55:26 CET 2026



#New# invocation of recon-all 



status file for recon-all
Sun Mar  8 23:20:29 CET 2026
#@# white curv lh Sun Mar  8 23:20:29 CET 2026
#@# white area lh Sun Mar  8 23:20:29 CET 2026
#@# pial curv lh Sun Mar  8 23:20:29 CET 2026
#@# pial area lh Sun Mar  8 23:20:29 CET 2026
#@# thickness lh Sun Mar  8 23:20:29 CET 2026
#@# area and vertex vol lh Sun Mar  8 23:20:29 CET 2026
#@# Parcellation Stats lh Sun Mar  8 23:20:29 CET 2026
#@# Parcellation Stats 2 lh Sun Mar  8 23:20:46 CET 2026
#@# Parcellation Stats 3 lh Sun Mar  8 23:20:54 CET 2026
#@# BA_exvivo Labels lh Sun Mar  8 23:21:03 CET 2026
recon-all -s sub-v1s15x0050205_ses-1 finished without error at Sun Mar  8 23:23:17 CET 2026
