status file for recon-all
Sun Mar  8 21:03:32 CET 2026
#@# MotionCor Sun Mar  8 21:03:34 CET 2026
#@# Talairach Sun Mar  8 21:03:41 CET 2026
#@# Talairach Failure Detection Sun Mar  8 21:08:06 CET 2026
#@# Nu Intensity Correction Sun Mar  8 21:08:06 CET 2026
#@# Intensity Normalization Sun Mar  8 21:11:18 CET 2026
recon-all -s sub-v1s15x0050205_ses-1 finished without error at Sun Mar  8 21:12:55 CET 2026



#New# invocation of recon-all 



status file for recon-all
Sun Mar  8 21:19:55 CET 2026
#@# EM Registration Sun Mar  8 21:19:55 CET 2026
recon-all -s sub-v1s15x0050205_ses-1 finished without error at Sun Mar  8 21:21:19 CET 2026



#New# invocation of recon-all 



status file for recon-all
Sun Mar  8 21:21:22 CET 2026
#@# CA Normalize Sun Mar  8 21:21:22 CET 2026
#@# CA Reg Sun Mar  8 21:22:45 CET 2026
#@# SubCort Seg Sun Mar  8 22:02:19 CET 2026
#@# CC Seg Sun Mar  8 22:30:54 CET 2026
#@# Merge ASeg Sun Mar  8 22:31:50 CET 2026
#@# Intensity Normalization2 Sun Mar  8 22:31:50 CET 2026
#@# Mask BFS Sun Mar  8 22:34:13 CET 2026
#@# WM Segmentation Sun Mar  8 22:34:14 CET 2026
#@# Fill Sun Mar  8 22:36:03 CET 2026
recon-all -s sub-v1s15x0050205_ses-1 finished without error at Sun Mar  8 22:37:06 CET 2026



#New# invocation of recon-all 



status file for recon-all
Sun Mar  8 23:15:55 CET 2026
#@# white curv lh Sun Mar  8 23:15:55 CET 2026
#@# white area lh Sun Mar  8 23:15:55 CET 2026
#@# pial curv lh Sun Mar  8 23:15:55 CET 2026
#@# pial area lh Sun Mar  8 23:15:55 CET 2026
#@# thickness lh Sun Mar  8 23:15:55 CET 2026
#@# area and vertex vol lh Sun Mar  8 23:15:55 CET 2026
#@# white curv rh Sun Mar  8 23:15:55 CET 2026
#@# white area rh Sun Mar  8 23:15:55 CET 2026
#@# pial curv rh Sun Mar  8 23:15:55 CET 2026
#@# pial area rh Sun Mar  8 23:15:55 CET 2026
#@# thickness rh Sun Mar  8 23:15:55 CET 2026
#@# area and vertex vol rh Sun Mar  8 23:15:55 CET 2026
#@# Cortical ribbon mask Sun Mar  8 23:15:55 CET 2026
recon-all -s sub-v1s15x0050205_ses-1 finished without error at Sun Mar  8 23:20:24 CET 2026



#New# invocation of recon-all 



status file for recon-all
Sun Mar  8 23:26:19 CET 2026
#@# white curv lh Sun Mar  8 23:26:19 CET 2026
#@# white area lh Sun Mar  8 23:26:19 CET 2026
#@# pial curv lh Sun Mar  8 23:26:19 CET 2026
#@# pial area lh Sun Mar  8 23:26:19 CET 2026
#@# thickness lh Sun Mar  8 23:26:19 CET 2026
#@# area and vertex vol lh Sun Mar  8 23:26:19 CET 2026
#@# white curv rh Sun Mar  8 23:26:19 CET 2026
#@# white area rh Sun Mar  8 23:26:19 CET 2026
#@# pial curv rh Sun Mar  8 23:26:19 CET 2026
#@# pial area rh Sun Mar  8 23:26:19 CET 2026
#@# thickness rh Sun Mar  8 23:26:19 CET 2026
#@# area and vertex vol rh Sun Mar  8 23:26:19 CET 2026
#@# Curvature Stats lh Sun Mar  8 23:26:19 CET 2026
#@# Curvature Stats rh Sun Mar  8 23:26:21 CET 2026
#@# Relabel Hypointensities Sun Mar  8 23:26:23 CET 2026
#@# APas-to-ASeg Sun Mar  8 23:26:38 CET 2026
#@# AParc-to-ASeg aparc Sun Mar  8 23:26:45 CET 2026
#@# AParc-to-ASeg aparc.a2009s Sun Mar  8 23:27:16 CET 2026
#@# AParc-to-ASeg aparc.DKTatlas Sun Mar  8 23:27:46 CET 2026
#@# WMParc Sun Mar  8 23:28:15 CET 2026
#@# ASeg Stats Sun Mar  8 23:31:49 CET 2026
recon-all -s sub-v1s15x0050205_ses-1 finished without error at Sun Mar  8 23:32:20 CET 2026
