status file for recon-all
Thu Mar 12 12:54:00 CET 2026
#@# Tessellate lh Thu Mar 12 12:54:00 CET 2026
#@# Smooth1 lh Thu Mar 12 12:54:02 CET 2026
#@# Inflation1 lh Thu Mar 12 12:54:04 CET 2026
#@# QSphere lh Thu Mar 12 12:54:17 CET 2026
#@# Fix Topology lh Thu Mar 12 12:55:04 CET 2026
#@# Smooth2 lh Thu Mar 12 12:59:38 CET 2026
#@# Inflation2 lh Thu Mar 12 12:59:41 CET 2026
#@# Curv .H and .K lh Thu Mar 12 12:59:55 CET 2026
#@# Sphere lh Thu Mar 12 13:00:31 CET 2026
#@# Surf Reg lh Thu Mar 12 13:02:31 CET 2026
#@# Jacobian white lh Thu Mar 12 13:05:30 CET 2026
#@# AvgCurv lh Thu Mar 12 13:05:31 CET 2026
#@# Cortical Parc lh Thu Mar 12 13:05:31 CET 2026
#@# white curv lh Thu Mar 12 13:11:29 CET 2026
#@# white area lh Thu Mar 12 13:11:30 CET 2026
#@# pial curv lh Thu Mar 12 13:11:31 CET 2026
#@# pial area lh Thu Mar 12 13:11:32 CET 2026
#@# thickness lh Thu Mar 12 13:11:32 CET 2026
#@# area and vertex vol lh Thu Mar 12 13:11:51 CET 2026
#@# Curvature Stats lh Thu Mar 12 13:11:52 CET 2026
#@# Cortical Parc 2 lh Thu Mar 12 13:11:53 CET 2026
#@# Cortical Parc 3 lh Thu Mar 12 13:12:03 CET 2026
#@# WM/GM Contrast lh Thu Mar 12 13:12:10 CET 2026
recon-all -s sub-v1s15x0050210_ses-1 finished without error at Thu Mar 12 13:12:12 CET 2026



#New# invocation of recon-all 



status file for recon-all
Thu Mar 12 13:35:52 CET 2026
#@# white curv lh Thu Mar 12 13:35:52 CET 2026
#@# white area lh Thu Mar 12 13:35:52 CET 2026
#@# pial curv lh Thu Mar 12 13:35:52 CET 2026
#@# pial area lh Thu Mar 12 13:35:52 CET 2026
#@# thickness lh Thu Mar 12 13:35:52 CET 2026
#@# area and vertex vol lh Thu Mar 12 13:35:52 CET 2026
#@# Parcellation Stats lh Thu Mar 12 13:35:52 CET 2026
#@# Parcellation Stats 2 lh Thu Mar 12 13:36:09 CET 2026
#@# Parcellation Stats 3 lh Thu Mar 12 13:36:16 CET 2026
#@# BA_exvivo Labels lh Thu Mar 12 13:36:24 CET 2026
recon-all -s sub-v1s15x0050210_ses-1 finished without error at Thu Mar 12 13:38:26 CET 2026
