status file for recon-all
Thu Mar 12 13:12:15 CET 2026
#@# Tessellate rh Thu Mar 12 13:12:15 CET 2026
#@# Smooth1 rh Thu Mar 12 13:12:18 CET 2026
#@# Inflation1 rh Thu Mar 12 13:12:20 CET 2026
#@# QSphere rh Thu Mar 12 13:12:32 CET 2026
#@# Fix Topology rh Thu Mar 12 13:13:29 CET 2026
#@# Smooth2 rh Thu Mar 12 13:18:07 CET 2026
#@# Inflation2 rh Thu Mar 12 13:18:09 CET 2026
#@# Curv .H and .K rh Thu Mar 12 13:18:22 CET 2026
#@# Sphere rh Thu Mar 12 13:18:59 CET 2026
#@# Surf Reg rh Thu Mar 12 13:21:41 CET 2026
#@# Jacobian white rh Thu Mar 12 13:25:08 CET 2026
#@# AvgCurv rh Thu Mar 12 13:25:09 CET 2026
#@# Cortical Parc rh Thu Mar 12 13:25:09 CET 2026
#@# white curv rh Thu Mar 12 13:31:19 CET 2026
#@# white area rh Thu Mar 12 13:31:21 CET 2026
#@# pial curv rh Thu Mar 12 13:31:21 CET 2026
#@# pial area rh Thu Mar 12 13:31:23 CET 2026
#@# thickness rh Thu Mar 12 13:31:24 CET 2026
#@# area and vertex vol rh Thu Mar 12 13:31:43 CET 2026
#@# Curvature Stats rh Thu Mar 12 13:31:44 CET 2026
#@# Cortical Parc 2 rh Thu Mar 12 13:31:46 CET 2026
#@# Cortical Parc 3 rh Thu Mar 12 13:31:56 CET 2026
#@# WM/GM Contrast rh Thu Mar 12 13:32:04 CET 2026
recon-all -s sub-v1s15x0050210_ses-1 finished without error at Thu Mar 12 13:32:06 CET 2026



#New# invocation of recon-all 



status file for recon-all
Thu Mar 12 13:38:30 CET 2026
#@# white curv rh Thu Mar 12 13:38:30 CET 2026
#@# white area rh Thu Mar 12 13:38:30 CET 2026
#@# pial curv rh Thu Mar 12 13:38:30 CET 2026
#@# pial area rh Thu Mar 12 13:38:30 CET 2026
#@# thickness rh Thu Mar 12 13:38:30 CET 2026
#@# area and vertex vol rh Thu Mar 12 13:38:30 CET 2026
#@# Parcellation Stats rh Thu Mar 12 13:38:30 CET 2026
#@# Parcellation Stats 2 rh Thu Mar 12 13:38:45 CET 2026
#@# Parcellation Stats 3 rh Thu Mar 12 13:38:53 CET 2026
#@# BA_exvivo Labels rh Thu Mar 12 13:39:00 CET 2026
recon-all -s sub-v1s15x0050210_ses-1 finished without error at Thu Mar 12 13:41:07 CET 2026
