status file for recon-all
Thu Mar 12 11:35:33 CET 2026
#@# MotionCor Thu Mar 12 11:35:34 CET 2026
#@# Talairach Thu Mar 12 11:35:40 CET 2026
#@# Talairach Failure Detection Thu Mar 12 11:38:30 CET 2026
#@# Nu Intensity Correction Thu Mar 12 11:38:30 CET 2026
#@# Intensity Normalization Thu Mar 12 11:41:16 CET 2026
recon-all -s sub-v1s15x0050210_ses-1 finished without error at Thu Mar 12 11:42:20 CET 2026



#New# invocation of recon-all 



status file for recon-all
Thu Mar 12 11:48:15 CET 2026
#@# EM Registration Thu Mar 12 11:48:15 CET 2026
recon-all -s sub-v1s15x0050210_ses-1 finished without error at Thu Mar 12 11:49:36 CET 2026



#New# invocation of recon-all 



status file for recon-all
Thu Mar 12 11:49:38 CET 2026
#@# CA Normalize Thu Mar 12 11:49:38 CET 2026
#@# CA Reg Thu Mar 12 11:50:33 CET 2026
#@# SubCort Seg Thu Mar 12 12:28:45 CET 2026
#@# CC Seg Thu Mar 12 12:49:51 CET 2026
#@# Merge ASeg Thu Mar 12 12:50:18 CET 2026
#@# Intensity Normalization2 Thu Mar 12 12:50:18 CET 2026
#@# Mask BFS Thu Mar 12 12:51:48 CET 2026
#@# WM Segmentation Thu Mar 12 12:51:49 CET 2026
#@# Fill Thu Mar 12 12:53:19 CET 2026
recon-all -s sub-v1s15x0050210_ses-1 finished without error at Thu Mar 12 12:53:57 CET 2026



#New# invocation of recon-all 



status file for recon-all
Thu Mar 12 13:32:11 CET 2026
#@# white curv lh Thu Mar 12 13:32:11 CET 2026
#@# white area lh Thu Mar 12 13:32:11 CET 2026
#@# pial curv lh Thu Mar 12 13:32:11 CET 2026
#@# pial area lh Thu Mar 12 13:32:11 CET 2026
#@# thickness lh Thu Mar 12 13:32:12 CET 2026
#@# area and vertex vol lh Thu Mar 12 13:32:12 CET 2026
#@# white curv rh Thu Mar 12 13:32:12 CET 2026
#@# white area rh Thu Mar 12 13:32:12 CET 2026
#@# pial curv rh Thu Mar 12 13:32:12 CET 2026
#@# pial area rh Thu Mar 12 13:32:12 CET 2026
#@# thickness rh Thu Mar 12 13:32:12 CET 2026
#@# area and vertex vol rh Thu Mar 12 13:32:12 CET 2026
#@# Cortical ribbon mask Thu Mar 12 13:32:12 CET 2026
recon-all -s sub-v1s15x0050210_ses-1 finished without error at Thu Mar 12 13:35:48 CET 2026



#New# invocation of recon-all 



status file for recon-all
Thu Mar 12 13:41:10 CET 2026
#@# white curv lh Thu Mar 12 13:41:10 CET 2026
#@# white area lh Thu Mar 12 13:41:10 CET 2026
#@# pial curv lh Thu Mar 12 13:41:10 CET 2026
#@# pial area lh Thu Mar 12 13:41:10 CET 2026
#@# thickness lh Thu Mar 12 13:41:10 CET 2026
#@# area and vertex vol lh Thu Mar 12 13:41:10 CET 2026
#@# white curv rh Thu Mar 12 13:41:10 CET 2026
#@# white area rh Thu Mar 12 13:41:10 CET 2026
#@# pial curv rh Thu Mar 12 13:41:10 CET 2026
#@# pial area rh Thu Mar 12 13:41:10 CET 2026
#@# thickness rh Thu Mar 12 13:41:11 CET 2026
#@# area and vertex vol rh Thu Mar 12 13:41:11 CET 2026
#@# Curvature Stats lh Thu Mar 12 13:41:11 CET 2026
#@# Curvature Stats rh Thu Mar 12 13:41:13 CET 2026
#@# Relabel Hypointensities Thu Mar 12 13:41:15 CET 2026
#@# APas-to-ASeg Thu Mar 12 13:41:25 CET 2026
#@# AParc-to-ASeg aparc Thu Mar 12 13:41:31 CET 2026
#@# AParc-to-ASeg aparc.a2009s Thu Mar 12 13:41:53 CET 2026
#@# AParc-to-ASeg aparc.DKTatlas Thu Mar 12 13:42:15 CET 2026
#@# WMParc Thu Mar 12 13:42:41 CET 2026
#@# ASeg Stats Thu Mar 12 13:44:33 CET 2026
recon-all -s sub-v1s15x0050210_ses-1 finished without error at Thu Mar 12 13:44:53 CET 2026
