/out/sourcedata/freesurfer/sub-v1s15x0050197_ses-1/mri
/opt/freesurfer/bin/talairach_avi
--i orig_nu.mgz --xfm transforms/talairach.auto.xfm
talairach_avi 7.3.2
Linux dna009 5.14.0-427.37.1.el9_4.x86_64 #1 SMP PREEMPT_DYNAMIC Fri Sep 13 12:41:50 EDT 2024 x86_64 x86_64 x86_64 GNU/Linux
Sun Mar  8 20:38:59 CET 2026
mri_convert orig_nu.mgz talsrcimg.img 
reading from orig_nu.mgz...
TR=0.00, TE=0.00, TI=0.00, flip angle=0.00
i_ras = (-1, 0, 0)
j_ras = (0, 0, -1)
k_ras = (0, 1, 0)
writing to talsrcimg.img...
Analyze Output Matrix
-1.00000   0.00000   0.00000   134.18719;
 0.00000   0.00000   1.00000  -121.00000;
 0.00000  -1.00000   0.00000   104.65601;
 0.00000   0.00000   0.00000   1.00000;
--------------------
INFO: set hdr.hist.orient to -1
mpr2mni305 talsrcimg
Sun Mar  8 20:39:00 CET 2026
/opt/freesurfer/bin/mpr2mni305 talsrcimg
mpr2mni305 7.3.2
target=711-2C_as_mni_average_305

---------------------------------------------------------------------
analyzeto4dfp talsrcimg -O0 -y
---------------------------------------------------------------------

freesurfer ifh2hdr.c
Sun Mar  8 20:39:00 2026
Writing: talsrcimg.4dfp.hdr
freesurfer analyzeto4dfp.c
Reading: talsrcimg.hdr
header size 348 bytes
hdr.dime.datatype	offset=70	value=2
hdr.dime.bitpix		offset=72	value=8
hdr.hist.orient		offset=252	value=-1
dimensionality     4
dimensions       256       256       256         1
Reading: talsrcimg.img
Writing: talsrcimg.4dfp.img
Writing: talsrcimg.4dfp.ifh
ifh2hdr talsrcimg -r0to206
ori=2

---------------------------------------------------------------------
gauss_4dfp talsrcimg 1.1
---------------------------------------------------------------------

freesurfer gauss_4dfp.c
Reading: talsrcimg.4dfp.img
Writing: talsrcimg_g11.4dfp.img
image dimensions 256 256 256 padded to 288 288 288
processing volume 1freesurfer ifh2hdr.c
Sun Mar  8 20:39:01 2026
Writing: talsrcimg_g11.4dfp.hdr

Writing: talsrcimg_g11.4dfp.ifh
including: talsrcimg.4dfp.img.rec in talsrcimg_g11.4dfp.img.rec

---------------------------------------------------------------------
imgreg_4dfp /opt/freesurfer/average/711-2C_as_mni_average_305 none talsrcimg_g11 none talsrcimg_to_711-2C_as_mni_average_305_t4 4355
---------------------------------------------------------------------

freesurfer imgreg_4dfp.c
/opt/freesurfer/average/711-2C_as_mni_average_305.4dfp.img
       256       256       256         1
  1.000000  1.000000  1.000000
orientation T byte_order littleendian
Reading image: /opt/freesurfer/average/711-2C_as_mni_average_305.4dfp.img
dimensions:      256       256       256
mmppix:       1.0000   -1.0000   -1.0000
center:     128.0000 -129.0000 -129.0000
talsrcimg_g11.4dfp.img
       256       256       256         1
  1.000000  1.000000  1.000000
orientation T byte_order littleendian
Reading image: talsrcimg_g11.4dfp.img
dimensions:      256       256       256
mmppix:       1.0000   -1.0000   -1.0000
center:     128.0000 -129.0000 -129.0000
t4_read: open error in t4_sub.f l:  41 t4_file(1:l)talsrcimg_to_711-2C_as_mni_average_305_t4 
t4_read: transform initialized to I4
rotation matrix determinant  1.000000
image alignment mode   4355 decimal     1103 hex
   -7.5000  -45.0000  -45.0000 6104.5854   35.3987
    0.0000  -45.0000  -45.0000 6359.9600   35.3126
    7.5000  -45.0000  -45.0000 6077.1543   35.2484
   -7.5000  -37.5000  -45.0000 6611.7300   34.2471
    0.0000  -37.5000  -45.0000 6880.4399   34.1538
    7.5000  -37.5000  -45.0000 6582.2959   34.0926
   -7.5000  -30.0000  -45.0000 7404.2759   33.4316
    0.0000  -30.0000  -45.0000 7705.6650   33.3454
    7.5000  -30.0000  -45.0000 7356.0181   33.3073
   -7.5000  -22.5000  -45.0000 8223.0801   32.9150
    0.0000  -22.5000  -45.0000 8573.2148   32.8434
    7.5000  -22.5000  -45.0000 8164.8066   32.8267
   -7.5000  -15.0000  -45.0000 9080.0732   32.8158
    0.0000  -15.0000  -45.0000 9488.9209   32.7490
    7.5000  -15.0000  -45.0000 9040.9883   32.7302
   -7.5000   -7.5000  -45.0000 9925.6641   32.8615
    0.0000   -7.5000  -45.000010383.5098   32.7892
    7.5000   -7.5000  -45.0000 9901.9482   32.7461
   -7.5000    0.0000  -45.000010676.7314   32.8857
    0.0000    0.0000  -45.000011165.3701   32.8036
    7.5000    0.0000  -45.000010648.1855   32.7390
   -7.5000    7.5000  -45.000010644.8662   32.8527
    0.0000    7.5000  -45.000011139.9268   32.7659
    7.5000    7.5000  -45.000010604.8213   32.7065
   -7.5000   15.0000  -45.000010545.7383   32.8048
    0.0000   15.0000  -45.000011019.0020   32.7229
    7.5000   15.0000  -45.000010487.9883   32.6868
   -7.5000   22.5000  -45.000010400.9912   32.7821
    0.0000   22.5000  -45.000010862.1924   32.7106
    7.5000   22.5000  -45.000010346.1885   32.6937
   -7.5000   30.0000  -45.000010049.4551   32.3732
    0.0000   30.0000  -45.000010476.4551   32.3072
    7.5000   30.0000  -45.000010002.5215   32.2886
   -7.5000   37.5000  -45.0000 9948.3818   32.4236
    0.0000   37.5000  -45.000010390.7383   32.3522
    7.5000   37.5000  -45.0000 9924.0635   32.3097
   -7.5000   45.0000  -45.0000 9417.5938   31.6236
    0.0000   45.0000  -45.0000 9846.7637   31.5446
    7.5000   45.0000  -45.0000 9392.1465   31.4825
   -7.5000  -45.0000  -37.5000 6404.3057   34.7587
    0.0000  -45.0000  -37.5000 6672.6523   34.6981
    7.5000  -45.0000  -37.5000 6389.2729   34.6306
   -7.5000  -37.5000  -37.5000 6918.2383   33.6445
    0.0000  -37.5000  -37.5000 7214.8687   33.5730
    7.5000  -37.5000  -37.5000 6904.7251   33.5084
   -7.5000  -30.0000  -37.5000 7752.0010   32.8674
    0.0000  -30.0000  -37.5000 8092.1299   32.7956
    7.5000  -30.0000  -37.5000 7727.5869   32.7547
   -7.5000  -22.5000  -37.5000 8634.9033   32.3830
    0.0000  -22.5000  -37.5000 9017.7764   32.3192
    7.5000  -22.5000  -37.5000 8600.6699   32.2973
   -7.5000  -15.0000  -37.5000 9564.6113   32.2910
    0.0000  -15.0000  -37.500010000.9170   32.2339
    7.5000  -15.0000  -37.5000 9524.3906   32.2088
   -7.5000   -7.5000  -37.500010472.0859   32.3236
    0.0000   -7.5000  -37.500010947.3076   32.2675
    7.5000   -7.5000  -37.500010424.2061   32.2193
   -7.5000    0.0000  -37.500011262.5986   32.3333
    0.0000    0.0000  -37.500011772.0781   32.2727
    7.5000    0.0000  -37.500011194.7549   32.2047
   -7.5000    7.5000  -37.500011225.7393   32.2990
    0.0000    7.5000  -37.500011739.8916   32.2322
    7.5000    7.5000  -37.500011147.3291   32.1701
   -7.5000   15.0000  -37.500011110.6504   32.2623
    0.0000   15.0000  -37.500011624.5547   32.1935
    7.5000   15.0000  -37.500011041.9902   32.1540
   -7.5000   22.5000  -37.500010925.4785   32.2543
    0.0000   22.5000  -37.500011425.1631   32.1907
    7.5000   22.5000  -37.500010859.2441   32.1685
   -7.5000   30.0000  -37.500010552.4551   31.8554
    0.0000   30.0000  -37.500011032.3359   31.7991
    7.5000   30.0000  -37.500010506.7715   31.7744
   -7.5000   37.5000  -37.500010446.4980   31.8928
    0.0000   37.5000  -37.500010936.7979   31.8375
    7.5000   37.5000  -37.500010403.6172   31.7899
   -7.5000   45.0000  -37.5000 9894.8955   31.0924
    0.0000   45.0000  -37.500010339.0195   31.0341
    7.5000   45.0000  -37.5000 9830.2949   30.9687
   -7.5000  -45.0000  -30.0000 6832.5664   36.0549
    0.0000  -45.0000  -30.0000 7134.1323   36.0121
    7.5000  -45.0000  -30.0000 6831.5308   35.9341
   -7.5000  -37.5000  -30.0000 7359.8462   34.8988
    0.0000  -37.5000  -30.0000 7677.1460   34.8530
    7.5000  -37.5000  -30.0000 7354.5068   34.7776
   -7.5000  -30.0000  -30.0000 8259.7012   34.0846
    0.0000  -30.0000  -30.0000 8620.4668   34.0379
    7.5000  -30.0000  -30.0000 8230.6768   33.9913
   -7.5000  -22.5000  -30.0000 9241.2090   33.5840
    0.0000  -22.5000  -30.0000 9653.6943   33.5352
    7.5000  -22.5000  -30.0000 9205.3857   33.5099
   -7.5000  -15.0000  -30.000010256.8730   33.4976
    0.0000  -15.0000  -30.000010734.1465   33.4467
    7.5000  -15.0000  -30.000010233.3467   33.4182
   -7.5000   -7.5000  -30.000011263.1875   33.5419
    0.0000   -7.5000  -30.000011790.1855   33.4919
    7.5000   -7.5000  -30.000011219.4297   33.4364
   -7.5000    0.0000  -30.000012105.8291   33.5547
    0.0000    0.0000  -30.000012664.5791   33.5089
    7.5000    0.0000  -30.000012032.0713   33.4302
   -7.5000    7.5000  -30.000012042.0420   33.5084
    0.0000    7.5000  -30.000012589.5732   33.4652
    7.5000    7.5000  -30.000011958.6709   33.3938
   -7.5000   15.0000  -30.000011888.6152   33.4588
    0.0000   15.0000  -30.000012437.8262   33.4137
    7.5000   15.0000  -30.000011813.1543   33.3684
   -7.5000   22.5000  -30.000011668.8232   33.4473
    0.0000   22.5000  -30.000012210.2539   33.3986
    7.5000   22.5000  -30.000011592.0693   33.3731
   -7.5000   30.0000  -30.000011269.2939   33.0489
    0.0000   30.0000  -30.000011803.2227   32.9987
    7.5000   30.0000  -30.000011192.5879   32.9705
   -7.5000   37.5000  -30.000011148.0381   33.0981
    0.0000   37.5000  -30.000011682.4131   33.0487
    7.5000   37.5000  -30.000011068.2295   32.9940
   -7.5000   45.0000  -30.000010556.7041   32.2906
    0.0000   45.0000  -30.000011049.3594   32.2465
    7.5000   45.0000  -30.000010472.2852   32.1707
   -7.5000  -45.0000  -22.5000 7259.0098   37.3610
    0.0000  -45.0000  -22.5000 7566.1914   37.3114
    7.5000  -45.0000  -22.5000 7239.5591   37.2302
   -7.5000  -37.5000  -22.5000 7851.2065   36.1693
    0.0000  -37.5000  -22.5000 8187.9409   36.1313
    7.5000  -37.5000  -22.5000 7820.3525   36.0516
   -7.5000  -30.0000  -22.5000 8835.1162   35.3126
    0.0000  -30.0000  -22.5000 9210.5908   35.2822
    7.5000  -30.0000  -22.5000 8784.7178   35.2340
   -7.5000  -22.5000  -22.5000 9900.0801   34.7772
    0.0000  -22.5000  -22.500010326.2236   34.7396
    7.5000  -22.5000  -22.5000 9834.4346   34.7153
   -7.5000  -15.0000  -22.500011007.1084   34.6842
    0.0000  -15.0000  -22.500011501.7236   34.6307
    7.5000  -15.0000  -22.500010955.6240   34.6036
   -7.5000   -7.5000  -22.500012096.3271   34.7426
    0.0000   -7.5000  -22.500012638.0615   34.6823
    7.5000   -7.5000  -22.500012035.6289   34.6253
   -7.5000    0.0000  -22.500013012.1660   34.7702
    0.0000    0.0000  -22.500013621.6914   34.7188
    7.5000    0.0000  -22.500012934.9619   34.6357
   -7.5000    7.5000  -22.500012955.7188   34.7235
    0.0000    7.5000  -22.500013547.0811   34.6876
    7.5000    7.5000  -22.500012877.4268   34.6121
   -7.5000   15.0000  -22.500012758.7109   34.6609
    0.0000   15.0000  -22.500013366.5479   34.6318
    7.5000   15.0000  -22.500012687.6367   34.5853
   -7.5000   22.5000  -22.500012493.2451   34.6328
    0.0000   22.5000  -22.500013092.9883   34.5951
    7.5000   22.5000  -22.500012418.5078   34.5706
   -7.5000   30.0000  -22.500012053.1729   34.2249
    0.0000   30.0000  -22.500012601.6895   34.1720
    7.5000   30.0000  -22.500011969.9248   34.1451
   -7.5000   37.5000  -22.500011915.5938   34.2882
    0.0000   37.5000  -22.500012459.2207   34.2286
    7.5000   37.5000  -22.500011831.6074   34.1723
   -7.5000   45.0000  -22.500011307.9258   33.4854
    0.0000   45.0000  -22.500011831.8301   33.4359
    7.5000   45.0000  -22.500011223.0527   33.3559
   -7.5000  -45.0000  -15.0000 7711.9185   38.3670
    0.0000  -45.0000  -15.0000 8035.7515   38.2972
    7.5000  -45.0000  -15.0000 7678.8901   38.2182
   -7.5000  -37.5000  -15.0000 8378.9883   37.1432
    0.0000  -37.5000  -15.0000 8728.7393   37.0907
    7.5000  -37.5000  -15.0000 8333.8486   37.0139
   -7.5000  -30.0000  -15.0000 9423.1143   36.2539
    0.0000  -30.0000  -15.0000 9825.3350   36.2169
    7.5000  -30.0000  -15.0000 9373.5000   36.1717
   -7.5000  -22.5000  -15.000010544.5664   35.6917
    0.0000  -22.5000  -15.000011010.3945   35.6514
    7.5000  -22.5000  -15.000010495.6104   35.6325
   -7.5000  -15.0000  -15.000011765.6816   35.5936
    0.0000  -15.0000  -15.000012279.9424   35.5327
    7.5000  -15.0000  -15.000011699.8164   35.5105
   -7.5000   -7.5000  -15.000012914.2705   35.6617
    0.0000   -7.5000  -15.000013481.0840   35.5870
    7.5000   -7.5000  -15.000012847.8047   35.5333
   -7.5000    0.0000  -15.000013888.7441   35.6991
    0.0000    0.0000  -15.000014525.3701   35.6304
    7.5000    0.0000  -15.000013826.4541   35.5490
   -7.5000    7.5000  -15.000013808.3027   35.6528
    0.0000    7.5000  -15.000014454.1592   35.6035
    7.5000    7.5000  -15.000013754.1826   35.5300
   -7.5000   15.0000  -15.000013613.1602   35.5817
    0.0000   15.0000  -15.000014270.8604   35.5470
    7.5000   15.0000  -15.000013568.2549   35.5041
   -7.5000   22.5000  -15.000013373.2920   35.5415
    0.0000   22.5000  -15.000014007.0928   35.5011
    7.5000   22.5000  -15.000013311.7832   35.4819
   -7.5000   30.0000  -15.000012902.1396   35.1272
    0.0000   30.0000  -15.000013491.8857   35.0669
    7.5000   30.0000  -15.000012805.2979   35.0450
   -7.5000   37.5000  -15.000012741.4961   35.2002
    0.0000   37.5000  -15.000013318.5293   35.1265
    7.5000   37.5000  -15.000012661.0693   35.0734
   -7.5000   45.0000  -15.000012048.4707   34.4008
    0.0000   45.0000  -15.000012585.8311   34.3346
    7.5000   45.0000  -15.000011988.2822   34.2562
   -7.5000  -45.0000   -7.5000 8181.4067   38.8549
    0.0000  -45.0000   -7.5000 8528.7656   38.7637
    7.5000  -45.0000   -7.5000 8133.3682   38.6894
   -7.5000  -37.5000   -7.5000 8938.1367   37.6171
    0.0000  -37.5000   -7.5000 9299.9141   37.5338
    7.5000  -37.5000   -7.5000 8874.3643   37.4630
   -7.5000  -30.0000   -7.500010045.4248   36.7233
    0.0000  -30.0000   -7.500010465.5645   36.6565
    7.5000  -30.0000   -7.5000 9977.8379   36.6159
   -7.5000  -22.5000   -7.500011203.8154   36.1529
    0.0000  -22.5000   -7.500011700.5039   36.0948
    7.5000  -22.5000   -7.500011154.2139   36.0817
   -7.5000  -15.0000   -7.500012485.9863   36.0462
    0.0000  -15.0000   -7.500013028.3965   35.9782
    7.5000  -15.0000   -7.500012436.7432   35.9621
   -7.5000   -7.5000   -7.500013754.2764   36.1082
    0.0000   -7.5000   -7.500014384.8457   36.0256
    7.5000   -7.5000   -7.500013710.9639   35.9778
   -7.5000    0.0000   -7.500014838.2236   36.1454
    0.0000    0.0000   -7.500015549.0615   36.0583
    7.5000    0.0000   -7.500014806.9805   35.9828
   -7.5000    7.5000   -7.500014725.1562   36.1071
    0.0000    7.5000   -7.500015437.0996   36.0293
    7.5000    7.5000   -7.500014721.6143   35.9607
   -7.5000   15.0000   -7.500014533.1191   36.0431
    0.0000   15.0000   -7.500015221.1338   35.9801
    7.5000   15.0000   -7.500014504.8994   35.9420
   -7.5000   22.5000   -7.500014314.1484   35.9970
    0.0000   22.5000   -7.500014959.0996   35.9390
    7.5000   22.5000   -7.500014249.8809   35.9257
   -7.5000   30.0000   -7.500013815.4727   35.5730
    0.0000   30.0000   -7.500014441.4170   35.5057
    7.5000   30.0000   -7.500013738.1045   35.4898
   -7.5000   37.5000   -7.500013605.2168   35.6399
    0.0000   37.5000   -7.500014223.7393   35.5584
    7.5000   37.5000   -7.500013563.9873   35.5112
   -7.5000   45.0000   -7.500012850.9219   34.8374
    0.0000   45.0000   -7.500013414.6172   34.7534
    7.5000   45.0000   -7.500012830.1270   34.6806
   -7.5000  -45.0000    0.0000 8527.1709   38.8645
    0.0000  -45.0000    0.0000 8886.6328   38.7715
    7.5000  -45.0000    0.0000 8480.3584   38.7010
   -7.5000  -37.5000    0.0000 9334.4678   37.6280
    0.0000  -37.5000    0.0000 9736.9893   37.5283
    7.5000  -37.5000    0.0000 9272.3613   37.4616
   -7.5000  -30.0000    0.000010520.8574   36.7567
    0.0000  -30.0000    0.000010973.9609   36.6662
    7.5000  -30.0000    0.000010435.9316   36.6255
   -7.5000  -22.5000    0.000011781.7705   36.2032
    0.0000  -22.5000    0.000012263.5166   36.1285
    7.5000  -22.5000    0.000011684.7705   36.1114
   -7.5000  -15.0000    0.000013114.6084   36.0930
    0.0000  -15.0000    0.000013685.5791   36.0222
    7.5000  -15.0000    0.000013051.3301   36.0024
   -7.5000   -7.5000    0.000014469.3066   36.1332
    0.0000   -7.5000    0.000015133.9238   36.0552
    7.5000   -7.5000    0.000014426.5771   36.0082
   -7.5000    0.0000    0.000015712.4014   36.1539
    0.0000    0.0000    0.000016473.6543   36.0650
    7.5000    0.0000    0.000015720.3105   35.9941
   -7.5000    7.5000    0.000015648.6104   36.1227
    0.0000    7.5000    0.000016409.0039   36.0297
    7.5000    7.5000    0.000015692.0518   35.9648
   -7.5000   15.0000    0.000015399.2949   36.0794
    0.0000   15.0000    0.000016131.5693   35.9934
    7.5000   15.0000    0.000015446.3906   35.9547
   -7.5000   22.5000    0.000015119.2539   36.0478
    0.0000   22.5000    0.000015795.1016   35.9732
    7.5000   22.5000    0.000015126.3320   35.9558
   -7.5000   30.0000    0.000014622.2852   35.6201
    0.0000   30.0000    0.000015279.8906   35.5501
    7.5000   30.0000    0.000014614.2275   35.5306
   -7.5000   37.5000    0.000014397.3750   35.6655
    0.0000   37.5000    0.000015053.8877   35.5886
    7.5000   37.5000    0.000014435.5742   35.5422
   -7.5000   45.0000    0.000013592.0479   34.8482
    0.0000   45.0000    0.000014190.7490   34.7625
    7.5000   45.0000    0.000013645.0762   34.6941
   -7.5000  -45.0000    7.5000 8220.7285   38.7581
    0.0000  -45.0000    7.5000 8572.3926   38.6911
    7.5000  -45.0000    7.5000 8177.8491   38.6158
   -7.5000  -37.5000    7.5000 9038.0830   37.5168
    0.0000  -37.5000    7.5000 9412.2148   37.4376
    7.5000  -37.5000    7.5000 8982.6416   37.3655
   -7.5000  -30.0000    7.500010217.0605   36.6545
    0.0000  -30.0000    7.500010654.4893   36.5748
    7.5000  -30.0000    7.500010139.6846   36.5290
   -7.5000  -22.5000    7.500011436.5078   36.1209
    0.0000  -22.5000    7.500011915.6270   36.0501
    7.5000  -22.5000    7.500011340.5127   36.0253
   -7.5000  -15.0000    7.500012738.7412   36.0220
    0.0000  -15.0000    7.500013278.1768   35.9586
    7.5000  -15.0000    7.500012628.1230   35.9303
   -7.5000   -7.5000    7.500014061.6826   36.0563
    0.0000   -7.5000    7.500014718.0645   35.9942
    7.5000   -7.5000    7.500013950.2910   35.9403
   -7.5000    0.0000    7.500015386.8154   36.0626
    0.0000    0.0000    7.500016110.7383   35.9955
    7.5000    0.0000    7.500015294.8340   35.9197
   -7.5000    7.5000    7.500015503.3750   36.0215
    0.0000    7.5000    7.500016275.5020   35.9474
    7.5000    7.5000    7.500015516.8896   35.8781
   -7.5000   15.0000    7.500015282.9805   35.9820
    0.0000   15.0000    7.500016031.7939   35.9056
    7.5000   15.0000    7.500015422.8359   35.8614
   -7.5000   22.5000    7.500014894.0537   35.9662
    0.0000   22.5000    7.500015568.6895   35.8956
    7.5000   22.5000    7.500015059.7188   35.8705
   -7.5000   30.0000    7.500014422.0264   35.5500
    0.0000   30.0000    7.500015109.5186   35.4874
    7.5000   30.0000    7.500014559.6309   35.4595
   -7.5000   37.5000    7.500014262.5771   35.5897
    0.0000   37.5000    7.500014975.4746   35.5284
    7.5000   37.5000    7.500014348.6387   35.4751
   -7.5000   45.0000    7.500013477.7822   34.7602
    0.0000   45.0000    7.500014150.7959   34.6955
    7.5000   45.0000    7.500013499.3018   34.6224
   -7.5000  -45.0000   15.0000 7731.2271   38.7170
    0.0000  -45.0000   15.0000 8093.2651   38.6710
    7.5000  -45.0000   15.0000 7693.3457   38.5873
   -7.5000  -37.5000   15.0000 8536.4756   37.4756
    0.0000  -37.5000   15.0000 8951.8994   37.4264
    7.5000  -37.5000   15.0000 8484.4062   37.3454
   -7.5000  -30.0000   15.0000 9689.9141   36.6013
    0.0000  -30.0000   15.000010158.7002   36.5511
    7.5000  -30.0000   15.0000 9627.1855   36.5011
   -7.5000  -22.5000   15.000010897.0518   36.0637
    0.0000  -22.5000   15.000011402.2930   36.0113
    7.5000  -22.5000   15.000010841.3438   35.9842
   -7.5000  -15.0000   15.000012171.6973   35.9709
    0.0000  -15.0000   15.000012718.0029   35.9162
    7.5000  -15.0000   15.000012112.8203   35.8857
   -7.5000   -7.5000   15.000013468.5078   36.0185
    0.0000   -7.5000   15.000014054.5225   35.9648
    7.5000   -7.5000   15.000013414.2500   35.9052
   -7.5000    0.0000   15.000014806.7549   36.0322
    0.0000    0.0000   15.000015454.2490   35.9830
    7.5000    0.0000   15.000014730.8750   35.8985
   -7.5000    7.5000   15.000015208.5547   35.9826
    0.0000    7.5000   15.000016032.6084   35.9362
    7.5000    7.5000   15.000015122.1836   35.8594
   -7.5000   15.0000   15.000015297.1221   35.9292
    0.0000   15.0000   15.000016268.5117   35.8808
    7.5000   15.0000   15.000015325.5615   35.8322
   -7.5000   22.5000   15.000014847.6426   35.9090
    0.0000   22.5000   15.000015759.4170   35.8567
    7.5000   22.5000   15.000014906.2529   35.8293
   -7.5000   30.0000   15.000014185.6592   35.4995
    0.0000   30.0000   15.000014981.3232   35.4456
    7.5000   30.0000   15.000014166.9229   35.4153
   -7.5000   37.5000   15.000013901.7295   35.5523
    0.0000   37.5000   15.000014654.9512   35.4993
    7.5000   37.5000   15.000013820.1777   35.4405
   -7.5000   45.0000   15.000013056.7764   34.7309
    0.0000   45.0000   15.000013724.1436   34.6835
    7.5000   45.0000   15.000012962.3574   34.6020
   -7.5000  -45.0000   22.5000 7326.0796   38.8113
    0.0000  -45.0000   22.5000 7674.7295   38.7598
    7.5000  -45.0000   22.5000 7292.0566   38.6754
   -7.5000  -37.5000   22.5000 8103.9561   37.5726
    0.0000  -37.5000   22.5000 8490.3027   37.5333
    7.5000  -37.5000   22.5000 8073.9219   37.4506
   -7.5000  -30.0000   22.5000 9163.7041   36.6824
    0.0000  -30.0000   22.5000 9587.9062   36.6511
    7.5000  -30.0000   22.5000 9144.7441   36.6010
   -7.5000  -22.5000   22.500010266.1680   36.1260
    0.0000  -22.5000   22.500010730.9307   36.0871
    7.5000  -22.5000   22.500010262.4854   36.0619
   -7.5000  -15.0000   22.500011494.2246   36.0292
    0.0000  -15.0000   22.500012033.7881   35.9736
    7.5000  -15.0000   22.500011457.4424   35.9455
   -7.5000   -7.5000   22.500012797.7188   36.0895
    0.0000   -7.5000   22.500013421.7881   36.0268
    7.5000   -7.5000   22.500012704.5029   35.9677
   -7.5000    0.0000   22.500014113.4326   36.1181
    0.0000    0.0000   22.500014867.0332   36.0647
    7.5000    0.0000   22.500013969.2480   35.9785
   -7.5000    7.5000   22.500014412.9473   36.0697
    0.0000    7.5000   22.500015467.9941   36.0326
    7.5000    7.5000   22.500014282.2266   35.9542
   -7.5000   15.0000   22.500014618.4111   36.0049
    0.0000   15.0000   22.500015724.3877   35.9750
    7.5000   15.0000   22.500014430.1807   35.9267
   -7.5000   22.5000   22.500014310.9492   35.9704
    0.0000   22.5000   22.500015266.9414   35.9314
    7.5000   22.5000   22.500014091.5117   35.9060
   -7.5000   30.0000   22.500013600.1533   35.5570
    0.0000   30.0000   22.500014340.3027   35.5021
    7.5000   30.0000   22.500013403.4600   35.4743
   -7.5000   37.5000   22.500013215.4082   35.6225
    0.0000   37.5000   22.500013880.9131   35.5606
    7.5000   37.5000   22.500013073.2148   35.5022
   -7.5000   45.0000   22.500012358.7031   34.8137
    0.0000   45.0000   22.500012944.5732   34.7622
    7.5000   45.0000   22.500012255.2598   34.6791
   -7.5000  -45.0000   30.0000 6741.4478   39.0293
    0.0000  -45.0000   30.0000 7047.4180   38.9589
    7.5000  -45.0000   30.0000 6733.6099   38.8781
   -7.5000  -37.5000   30.0000 7457.8721   37.7813
    0.0000  -37.5000   30.0000 7838.6919   37.7283
    7.5000  -37.5000   30.0000 7447.8877   37.6496
   -7.5000  -30.0000   30.0000 8469.9590   36.8744
    0.0000  -30.0000   30.0000 8924.0674   36.8373
    7.5000  -30.0000   30.0000 8459.9795   36.7911
   -7.5000  -22.5000   30.0000 9551.5430   36.3011
    0.0000  -22.5000   30.000010086.1104   36.2606
    7.5000  -22.5000   30.0000 9520.5029   36.2418
   -7.5000  -15.0000   30.000010695.9404   36.2008
    0.0000  -15.0000   30.000011296.1523   36.1394
    7.5000  -15.0000   30.000010635.0947   36.1176
   -7.5000   -7.5000   30.000011884.6025   36.2697
    0.0000   -7.5000   30.000012516.8281   36.1943
    7.5000   -7.5000   30.000011762.0938   36.1399
   -7.5000    0.0000   30.000013058.2656   36.3074
    0.0000    0.0000   30.000013784.4365   36.2380
    7.5000    0.0000   30.000012943.4473   36.1549
   -7.5000    7.5000   30.000013234.4668   36.2605
    0.0000    7.5000   30.000014072.9844   36.2107
    7.5000    7.5000   30.000013175.2480   36.1355
   -7.5000   15.0000   30.000013160.7686   36.1886
    0.0000   15.0000   30.000013955.5186   36.1537
    7.5000   15.0000   30.000013096.5186   36.1099
   -7.5000   22.5000   30.000012890.5967   36.1440
    0.0000   22.5000   30.000013563.4014   36.1034
    7.5000   22.5000   30.000012808.4033   36.0843
   -7.5000   30.0000   30.000012473.7441   35.7264
    0.0000   30.0000   30.000013107.0918   35.6657
    7.5000   30.0000   30.000012400.0146   35.6441
   -7.5000   37.5000   30.000012252.8564   35.8003
    0.0000   37.5000   30.000012903.4971   35.7259
    7.5000   37.5000   30.000012209.7646   35.6722
   -7.5000   45.0000   30.000011506.1494   34.9961
    0.0000   45.0000   30.000012079.4502   34.9293
    7.5000   45.0000   30.000011462.0527   34.8491
   -7.5000  -45.0000   37.5000 6351.0737   39.4097
    0.0000  -45.0000   37.5000 6671.0474   39.3158
    7.5000  -45.0000   37.5000 6342.9097   39.2372
   -7.5000  -37.5000   37.5000 7068.3223   38.1449
    0.0000  -37.5000   37.5000 7436.0488   38.0586
    7.5000  -37.5000   37.5000 7049.7539   37.9835
   -7.5000  -30.0000   37.5000 8056.2603   37.2288
    0.0000  -30.0000   37.5000 8450.8135   37.1589
    7.5000  -30.0000   37.5000 8020.9302   37.1150
   -7.5000  -22.5000   37.5000 9055.2314   36.6435
    0.0000  -22.5000   37.5000 9485.1436   36.5830
    7.5000  -22.5000   37.5000 9018.6465   36.5676
   -7.5000  -15.0000   37.500010094.7061   36.5347
    0.0000  -15.0000   37.500010532.8994   36.4645
    7.5000  -15.0000   37.500010054.4951   36.4463
   -7.5000   -7.5000   37.500011216.9941   36.5992
    0.0000   -7.5000   37.500011688.7773   36.5143
    7.5000   -7.5000   37.500011164.5859   36.4636
   -7.5000    0.0000   37.500012306.7539   36.6375
    0.0000    0.0000   37.500012857.1602   36.5479
    7.5000    0.0000   37.500012314.7363   36.4686
   -7.5000    7.5000   37.500012390.7920   36.5976
    0.0000    7.5000   37.500012971.8281   36.5169
    7.5000    7.5000   37.500012408.2412   36.4445
   -7.5000   15.0000   37.500012280.9121   36.5313
    0.0000   15.0000   37.500012769.0635   36.4655
    7.5000   15.0000   37.500012236.6787   36.4242
   -7.5000   22.5000   37.500012073.9775   36.4840
    0.0000   22.5000   37.500012568.0713   36.4235
    7.5000   22.5000   37.500012029.5566   36.4079
   -7.5000   30.0000   37.500011801.1445   36.0559
    0.0000   30.0000   37.500012300.7480   35.9865
    7.5000   30.0000   37.500011769.3037   35.9686
   -7.5000   37.5000   37.500011675.2363   36.1255
    0.0000   37.5000   37.500012197.6406   36.0417
    7.5000   37.5000   37.500011654.3477   35.9917
   -7.5000   45.0000   37.500010982.1182   35.3143
    0.0000   45.0000   37.500011494.6455   35.2280
    7.5000   45.0000   37.500010973.5625   35.1515
   -7.5000  -45.0000   45.0000 5841.4004   40.4296
    0.0000  -45.0000   45.0000 6114.8208   40.3284
    7.5000  -45.0000   45.0000 5849.2373   40.2476
   -7.5000  -37.5000   45.0000 6498.3477   39.0998
    0.0000  -37.5000   45.0000 6803.8813   38.9920
    7.5000  -37.5000   45.0000 6487.4536   38.9164
   -7.5000  -30.0000   45.0000 7411.4805   38.1588
    0.0000  -30.0000   45.0000 7742.1353   38.0609
    7.5000  -30.0000   45.0000 7383.0781   38.0147
   -7.5000  -22.5000   45.0000 8327.6533   37.5566
    0.0000  -22.5000   45.0000 8690.1963   37.4749
    7.5000  -22.5000   45.0000 8290.9014   37.4550
   -7.5000  -15.0000   45.0000 9286.3389   37.4367
    0.0000  -15.0000   45.0000 9682.6816   37.3588
    7.5000  -15.0000   45.0000 9257.7090   37.3354
   -7.5000   -7.5000   45.000010327.6992   37.4833
    0.0000   -7.5000   45.000010762.4922   37.3979
    7.5000   -7.5000   45.000010299.3066   37.3439
   -7.5000    0.0000   45.000011302.1729   37.5084
    0.0000    0.0000   45.000011795.7207   37.4120
    7.5000    0.0000   45.000011310.0635   37.3317
   -7.5000    7.5000   45.000011366.8438   37.4744
    0.0000    7.5000   45.000011830.4072   37.3742
    7.5000    7.5000   45.000011327.0234   37.3011
   -7.5000   15.0000   45.000011250.9766   37.4254
    0.0000   15.0000   45.000011672.9199   37.3325
    7.5000   15.0000   45.000011177.5840   37.2887
   -7.5000   22.5000   45.000011075.9785   37.3889
    0.0000   22.5000   45.000011511.8711   37.3074
    7.5000   22.5000   45.000011018.7061   37.2873
   -7.5000   30.0000   45.000010874.5605   36.9428
    0.0000   30.0000   45.000011334.9150   36.8657
    7.5000   30.0000   45.000010834.6973   36.8427
   -7.5000   37.5000   45.000010813.3438   36.9950
    0.0000   37.5000   45.000011273.6309   36.9107
    7.5000   37.5000   45.000010777.0684   36.8574
   -7.5000   45.0000   45.000010205.5234   36.1701
    0.0000   45.0000   45.000010647.5410   36.0772
    7.5000   45.0000   45.000010176.7373   35.9998

---------------------------------------------------------------------
imgreg_4dfp /opt/freesurfer/average/711-2C_as_mni_average_305 /opt/freesurfer/average/711-2B_as_mni_average_305_mask talsrcimg_g11 none talsrcimg_to_711-2C_as_mni_average_305_t4 4355
---------------------------------------------------------------------

freesurfer imgreg_4dfp.c
/opt/freesurfer/average/711-2C_as_mni_average_305.4dfp.img
       256       256       256         1
  1.000000  1.000000  1.000000
orientation T byte_order littleendian
Reading image: /opt/freesurfer/average/711-2C_as_mni_average_305.4dfp.img
dimensions:      256       256       256
mmppix:       1.0000   -1.0000   -1.0000
center:     128.0000 -129.0000 -129.0000
/opt/freesurfer/average/711-2B_as_mni_average_305_mask.4dfp.img
       256       256       256         1
  1.000000  1.000000  1.000000
orientation T byte_order littleendian
Reading mask: /opt/freesurfer/average/711-2B_as_mni_average_305_mask.4dfp.img (2306576 pixels)
talsrcimg_g11.4dfp.img
       256       256       256         1
  1.000000  1.000000  1.000000
orientation T byte_order littleendian
Reading image: talsrcimg_g11.4dfp.img
dimensions:      256       256       256
mmppix:       1.0000   -1.0000   -1.0000
center:     128.0000 -129.0000 -129.0000
rotation matrix determinant  1.000000
image alignment mode   4355 decimal     1103 hex
   -7.5000  -45.0000  -45.0000 1650.3702   54.4888
    0.0000  -45.0000  -45.0000 1651.6240   54.4431
    7.5000  -45.0000  -45.0000 1640.7523   54.9982
   -7.5000  -37.5000  -45.0000 1774.4512   48.2918
    0.0000  -37.5000  -45.0000 1774.2488   48.2226
    7.5000  -37.5000  -45.0000 1760.1848   48.6770
   -7.5000  -30.0000  -45.0000 1887.3093   43.2406
    0.0000  -30.0000  -45.0000 1887.9769   43.1782
    7.5000  -30.0000  -45.0000 1871.6921   43.6718
   -7.5000  -22.5000  -45.0000 1985.9431   39.3267
    0.0000  -22.5000  -45.0000 1987.7695   39.3059
    7.5000  -22.5000  -45.0000 1969.8234   39.7357
   -7.5000  -15.0000  -45.0000 2074.3704   36.4674
    0.0000  -15.0000  -45.0000 2081.5344   36.4328
    7.5000  -15.0000  -45.0000 2063.2268   36.7746
   -7.5000   -7.5000  -45.0000 2130.9673   34.2241
    0.0000   -7.5000  -45.0000 2139.1401   34.2469
    7.5000   -7.5000  -45.0000 2126.7556   34.5168
   -7.5000    0.0000  -45.0000 2165.8652   32.5560
    0.0000    0.0000  -45.0000 2175.9285   32.5648
    7.5000    0.0000  -45.0000 2159.7183   32.8481
   -7.5000    7.5000  -45.0000 2187.2590   31.6833
    0.0000    7.5000  -45.0000 2197.5342   31.6447
    7.5000    7.5000  -45.0000 2181.9702   31.9287
   -7.5000   15.0000  -45.0000 2190.4282   31.4241
    0.0000   15.0000  -45.0000 2197.5413   31.2455
    7.5000   15.0000  -45.0000 2181.8733   31.5791
   -7.5000   22.5000  -45.0000 2192.6765   31.5932
    0.0000   22.5000  -45.0000 2197.6384   31.4755
    7.5000   22.5000  -45.0000 2177.8538   31.7356
   -7.5000   30.0000  -45.0000 2174.1702   32.2520
    0.0000   30.0000  -45.0000 2175.0864   32.1295
    7.5000   30.0000  -45.0000 2162.8081   32.5601
   -7.5000   37.5000  -45.0000 2152.3953   33.5797
    0.0000   37.5000  -45.0000 2158.0588   33.4062
    7.5000   37.5000  -45.0000 2146.2388   33.8191
   -7.5000   45.0000  -45.0000 2121.6111   35.4447
    0.0000   45.0000  -45.0000 2130.1106   35.2793
    7.5000   45.0000  -45.0000 2112.4548   35.6851
   -7.5000  -45.0000  -37.5000 1717.3723   51.6841
    0.0000  -45.0000  -37.5000 1719.9958   51.7939
    7.5000  -45.0000  -37.5000 1707.1493   52.3208
   -7.5000  -37.5000  -37.5000 1835.2377   45.5274
    0.0000  -37.5000  -37.5000 1840.0988   45.5817
    7.5000  -37.5000  -37.5000 1825.9470   45.9683
   -7.5000  -30.0000  -37.5000 1950.9755   40.6975
    0.0000  -30.0000  -37.5000 1957.5986   40.7302
    7.5000  -30.0000  -37.5000 1945.1770   41.0138
   -7.5000  -22.5000  -37.5000 2064.6738   37.0329
    0.0000  -22.5000  -37.5000 2069.3167   37.1416
    7.5000  -22.5000  -37.5000 2055.9678   37.3563
   -7.5000  -15.0000  -37.5000 2164.2747   34.1797
    0.0000  -15.0000  -37.5000 2169.3877   34.2594
    7.5000  -15.0000  -37.5000 2153.1189   34.5570
   -7.5000   -7.5000  -37.5000 2231.1804   32.0956
    0.0000   -7.5000  -37.5000 2236.7585   32.1505
    7.5000   -7.5000  -37.5000 2217.4048   32.3765
   -7.5000    0.0000  -37.5000 2266.8342   30.5070
    0.0000    0.0000  -37.5000 2275.8210   30.5630
    7.5000    0.0000  -37.5000 2254.2795   30.7926
   -7.5000    7.5000  -37.5000 2289.9773   29.4855
    0.0000    7.5000  -37.5000 2295.7566   29.4942
    7.5000    7.5000  -37.5000 2273.6689   29.6977
   -7.5000   15.0000  -37.5000 2299.6765   29.0187
    0.0000   15.0000  -37.5000 2305.7334   28.9512
    7.5000   15.0000  -37.5000 2285.3052   29.2088
   -7.5000   22.5000  -37.5000 2300.5459   29.1030
    0.0000   22.5000  -37.5000 2307.9561   29.0804
    7.5000   22.5000  -37.5000 2284.9192   29.3305
   -7.5000   30.0000  -37.5000 2283.0842   29.7083
    0.0000   30.0000  -37.5000 2289.0547   29.6671
    7.5000   30.0000  -37.5000 2277.1599   29.9943
   -7.5000   37.5000  -37.5000 2262.1680   30.9384
    0.0000   37.5000  -37.5000 2272.5085   30.8027
    7.5000   37.5000  -37.5000 2256.6750   31.1230
   -7.5000   45.0000  -37.5000 2233.7434   32.6946
    0.0000   45.0000  -37.5000 2238.1816   32.5293
    7.5000   45.0000  -37.5000 2220.4561   32.8297
   -7.5000  -45.0000  -30.0000 1790.6676   50.8853
    0.0000  -45.0000  -30.0000 1801.8407   50.9324
    7.5000  -45.0000  -30.0000 1792.8174   51.3754
   -7.5000  -37.5000  -30.0000 1918.0208   44.7177
    0.0000  -37.5000  -30.0000 1927.1229   44.7866
    7.5000  -37.5000  -30.0000 1918.5513   45.0968
   -7.5000  -30.0000  -30.0000 2050.9048   40.1088
    0.0000  -30.0000  -30.0000 2060.2332   40.1384
    7.5000  -30.0000  -30.0000 2046.5963   40.3486
   -7.5000  -22.5000  -30.0000 2171.7046   36.3761
    0.0000  -22.5000  -30.0000 2181.3269   36.4593
    7.5000  -22.5000  -30.0000 2166.7056   36.6559
   -7.5000  -15.0000  -30.0000 2278.9368   33.3964
    0.0000  -15.0000  -30.0000 2291.2261   33.5006
    7.5000  -15.0000  -30.0000 2274.2690   33.7428
   -7.5000   -7.5000  -30.0000 2363.5122   31.1941
    0.0000   -7.5000  -30.0000 2377.6382   31.2375
    7.5000   -7.5000  -30.0000 2355.2109   31.4995
   -7.5000    0.0000  -30.0000 2406.2429   29.6081
    0.0000    0.0000  -30.0000 2417.1106   29.6452
    7.5000    0.0000  -30.0000 2394.6523   29.8568
   -7.5000    7.5000  -30.0000 2428.5930   28.4762
    0.0000    7.5000  -30.0000 2438.9724   28.5236
    7.5000    7.5000  -30.0000 2414.7612   28.7134
   -7.5000   15.0000  -30.0000 2439.9048   27.8563
    0.0000   15.0000  -30.0000 2446.2600   27.8602
    7.5000   15.0000  -30.0000 2426.5884   28.0754
   -7.5000   22.5000  -30.0000 2446.1877   27.9588
    0.0000   22.5000  -30.0000 2454.2397   27.8852
    7.5000   22.5000  -30.0000 2429.6404   28.1546
   -7.5000   30.0000  -30.0000 2432.2944   28.5649
    0.0000   30.0000  -30.0000 2445.0027   28.4882
    7.5000   30.0000  -30.0000 2419.3142   28.7994
   -7.5000   37.5000  -30.0000 2414.2710   29.6854
    0.0000   37.5000  -30.0000 2428.4270   29.6600
    7.5000   37.5000  -30.0000 2400.2920   29.9552
   -7.5000   45.0000  -30.0000 2377.1321   31.3371
    0.0000   45.0000  -30.0000 2389.1794   31.3328
    7.5000   45.0000  -30.0000 2364.7000   31.5926
   -7.5000  -45.0000  -22.5000 1861.8864   50.2581
    0.0000  -45.0000  -22.5000 1868.4363   50.2454
    7.5000  -45.0000  -22.5000 1862.0503   50.8020
   -7.5000  -37.5000  -22.5000 1992.7865   43.9552
    0.0000  -37.5000  -22.5000 2002.8496   44.0294
    7.5000  -37.5000  -22.5000 1990.3740   44.3884
   -7.5000  -30.0000  -22.5000 2133.0637   39.1822
    0.0000  -30.0000  -22.5000 2140.1245   39.2315
    7.5000  -30.0000  -22.5000 2122.5020   39.5114
   -7.5000  -22.5000  -22.5000 2267.4802   35.4706
    0.0000  -22.5000  -22.5000 2277.9919   35.5237
    7.5000  -22.5000  -22.5000 2257.2046   35.8316
   -7.5000  -15.0000  -22.5000 2390.1140   32.6157
    0.0000  -15.0000  -22.5000 2403.6260   32.6410
    7.5000  -15.0000  -22.5000 2380.1653   32.9520
   -7.5000   -7.5000  -22.5000 2468.7478   30.3023
    0.0000   -7.5000  -22.5000 2486.3723   30.3095
    7.5000   -7.5000  -22.5000 2463.5071   30.5557
   -7.5000    0.0000  -22.5000 2519.3162   28.6023
    0.0000    0.0000  -22.5000 2534.2146   28.5559
    7.5000    0.0000  -22.5000 2508.9746   28.8029
   -7.5000    7.5000  -22.5000 2558.0220   27.4191
    0.0000    7.5000  -22.5000 2569.9900   27.3756
    7.5000    7.5000  -22.5000 2545.2109   27.6566
   -7.5000   15.0000  -22.5000 2571.1147   26.7111
    0.0000   15.0000  -22.5000 2580.9714   26.6986
    7.5000   15.0000  -22.5000 2558.8809   26.9103
   -7.5000   22.5000  -22.5000 2577.0439   26.7453
    0.0000   22.5000  -22.5000 2589.3362   26.6851
    7.5000   22.5000  -22.5000 2562.6626   26.9437
   -7.5000   30.0000  -22.5000 2563.9397   27.2841
    0.0000   30.0000  -22.5000 2578.1531   27.2012
    7.5000   30.0000  -22.5000 2549.9417   27.4883
   -7.5000   37.5000  -22.5000 2538.6367   28.3766
    0.0000   37.5000  -22.5000 2555.5444   28.3050
    7.5000   37.5000  -22.5000 2524.3477   28.5401
   -7.5000   45.0000  -22.5000 2499.8989   29.9682
    0.0000   45.0000  -22.5000 2518.5090   29.9474
    7.5000   45.0000  -22.5000 2485.9697   30.1579
   -7.5000  -45.0000  -15.0000 1917.1763   49.8308
    0.0000  -45.0000  -15.0000 1922.4556   49.7228
    7.5000  -45.0000  -15.0000 1918.1735   50.4556
   -7.5000  -37.5000  -15.0000 2055.7419   43.5375
    0.0000  -37.5000  -15.0000 2063.3613   43.4685
    7.5000  -37.5000  -15.0000 2054.3286   44.0092
   -7.5000  -30.0000  -15.0000 2193.5676   38.6836
    0.0000  -30.0000  -15.0000 2203.8428   38.6329
    7.5000  -30.0000  -15.0000 2185.2900   39.1113
   -7.5000  -22.5000  -15.0000 2324.2180   34.7559
    0.0000  -22.5000  -15.0000 2338.6848   34.7520
    7.5000  -22.5000  -15.0000 2315.8445   35.2093
   -7.5000  -15.0000  -15.0000 2449.8789   31.7057
    0.0000  -15.0000  -15.0000 2463.0623   31.7132
    7.5000  -15.0000  -15.0000 2437.4492   32.1434
   -7.5000   -7.5000  -15.0000 2535.7651   29.3818
    0.0000   -7.5000  -15.0000 2550.6055   29.3702
    7.5000   -7.5000  -15.0000 2527.4939   29.7359
   -7.5000    0.0000  -15.0000 2589.8950   27.6680
    0.0000    0.0000  -15.0000 2602.8374   27.6172
    7.5000    0.0000  -15.0000 2580.3391   27.9077
   -7.5000    7.5000  -15.0000 2630.5239   26.3245
    0.0000    7.5000  -15.0000 2646.4551   26.2760
    7.5000    7.5000  -15.0000 2619.2891   26.5680
   -7.5000   15.0000  -15.0000 2655.6724   25.5170
    0.0000   15.0000  -15.0000 2673.2898   25.5068
    7.5000   15.0000  -15.0000 2644.4993   25.7652
   -7.5000   22.5000  -15.0000 2671.0830   25.5291
    0.0000   22.5000  -15.0000 2687.7087   25.4760
    7.5000   22.5000  -15.0000 2659.5461   25.8043
   -7.5000   30.0000  -15.0000 2672.5447   26.0796
    0.0000   30.0000  -15.0000 2690.6411   25.9731
    7.5000   30.0000  -15.0000 2654.5115   26.3072
   -7.5000   37.5000  -15.0000 2652.4521   27.1431
    0.0000   37.5000  -15.0000 2670.3723   27.0140
    7.5000   37.5000  -15.0000 2638.5391   27.3251
   -7.5000   45.0000  -15.0000 2598.3503   28.6700
    0.0000   45.0000  -15.0000 2613.4922   28.5762
    7.5000   45.0000  -15.0000 2589.1919   28.8513
   -7.5000  -45.0000   -7.5000 1949.2493   49.4160
    0.0000  -45.0000   -7.5000 1959.5079   49.3687
    7.5000  -45.0000   -7.5000 1942.8287   49.9740
   -7.5000  -37.5000   -7.5000 2092.5273   43.0867
    0.0000  -37.5000   -7.5000 2103.3684   43.0246
    7.5000  -37.5000   -7.5000 2087.1956   43.6718
   -7.5000  -30.0000   -7.5000 2223.4131   38.1081
    0.0000  -30.0000   -7.5000 2235.3159   38.0284
    7.5000  -30.0000   -7.5000 2218.3557   38.5752
   -7.5000  -22.5000   -7.5000 2354.2898   34.1174
    0.0000  -22.5000   -7.5000 2365.9409   34.1219
    7.5000  -22.5000   -7.5000 2349.0544   34.5900
   -7.5000  -15.0000   -7.5000 2473.4558   31.0083
    0.0000  -15.0000   -7.5000 2484.1245   31.0222
    7.5000  -15.0000   -7.5000 2469.7136   31.4438
   -7.5000   -7.5000   -7.5000 2572.8501   28.6028
    0.0000   -7.5000   -7.5000 2587.2427   28.5796
    7.5000   -7.5000   -7.5000 2565.8069   29.0169
   -7.5000    0.0000   -7.5000 2633.0632   26.7356
    0.0000    0.0000   -7.5000 2649.2771   26.7176
    7.5000    0.0000   -7.5000 2625.7463   27.1175
   -7.5000    7.5000   -7.5000 2679.3254   25.2892
    0.0000    7.5000   -7.5000 2696.7595   25.2223
    7.5000    7.5000   -7.5000 2668.9514   25.6262
   -7.5000   15.0000   -7.5000 2722.1865   24.3502
    0.0000   15.0000   -7.5000 2735.7671   24.2974
    7.5000   15.0000   -7.5000 2700.6301   24.6779
   -7.5000   22.5000   -7.5000 2748.2571   24.3286
    0.0000   22.5000   -7.5000 2755.9968   24.2436
    7.5000   22.5000   -7.5000 2726.9897   24.6639
   -7.5000   30.0000   -7.5000 2750.4478   24.8794
    0.0000   30.0000   -7.5000 2767.6682   24.7166
    7.5000   30.0000   -7.5000 2732.3784   25.1254
   -7.5000   37.5000   -7.5000 2732.3699   25.9338
    0.0000   37.5000   -7.5000 2747.4380   25.7698
    7.5000   37.5000   -7.5000 2717.7351   26.1206
   -7.5000   45.0000   -7.5000 2684.7544   27.4692
    0.0000   45.0000   -7.5000 2694.8086   27.3058
    7.5000   45.0000   -7.5000 2672.8870   27.6566
   -7.5000  -45.0000    0.0000 1956.7848   49.5826
    0.0000  -45.0000    0.0000 1964.2393   49.4329
    7.5000  -45.0000    0.0000 1950.8607   50.0741
   -7.5000  -37.5000    0.0000 2097.1392   43.0869
    0.0000  -37.5000    0.0000 2108.8691   42.9782
    7.5000  -37.5000    0.0000 2093.7410   43.4833
   -7.5000  -30.0000    0.0000 2227.0266   37.8524
    0.0000  -30.0000    0.0000 2240.7568   37.7869
    7.5000  -30.0000    0.0000 2220.4785   38.2235
   -7.5000  -22.5000    0.0000 2355.0317   33.7877
    0.0000  -22.5000    0.0000 2365.2949   33.7210
    7.5000  -22.5000    0.0000 2344.5964   34.1765
   -7.5000  -15.0000    0.0000 2476.0164   30.6330
    0.0000  -15.0000    0.0000 2485.7603   30.5663
    7.5000  -15.0000    0.0000 2468.5815   31.0549
   -7.5000   -7.5000    0.0000 2576.0454   28.1291
    0.0000   -7.5000    0.0000 2589.4824   28.1055
    7.5000   -7.5000    0.0000 2574.9626   28.6133
   -7.5000    0.0000    0.0000 2654.7258   26.1237
    0.0000    0.0000    0.0000 2667.5662   26.1381
    7.5000    0.0000    0.0000 2649.6387   26.6209
   -7.5000    7.5000    0.0000 2708.5820   24.5609
    0.0000    7.5000    0.0000 2721.7939   24.5015
    7.5000    7.5000    0.0000 2699.4331   25.0422
   -7.5000   15.0000    0.0000 2758.9917   23.5860
    0.0000   15.0000    0.0000 2770.8965   23.4305
    7.5000   15.0000    0.0000 2740.1169   24.0758
   -7.5000   22.5000    0.0000 2793.4438   23.4118
    0.0000   22.5000    0.0000 2798.1675   23.2604
    7.5000   22.5000    0.0000 2769.5120   23.8996
   -7.5000   30.0000    0.0000 2803.4226   23.9804
    0.0000   30.0000    0.0000 2813.6575   23.7794
    7.5000   30.0000    0.0000 2786.7900   24.3416
   -7.5000   37.5000    0.0000 2781.9575   25.0240
    0.0000   37.5000    0.0000 2795.8394   24.8496
    7.5000   37.5000    0.0000 2777.6416   25.3994
   -7.5000   45.0000    0.0000 2732.7549   26.5888
    0.0000   45.0000    0.0000 2743.2056   26.3942
    7.5000   45.0000    0.0000 2733.8274   27.0145
   -7.5000  -45.0000    7.5000 1979.4437   50.6827
    0.0000  -45.0000    7.5000 1999.2892   50.4973
    7.5000  -45.0000    7.5000 1980.9335   51.1251
   -7.5000  -37.5000    7.5000 2126.2896   43.9546
    0.0000  -37.5000    7.5000 2142.6980   43.7140
    7.5000  -37.5000    7.5000 2125.6963   44.2961
   -7.5000  -30.0000    7.5000 2242.2996   38.4499
    0.0000  -30.0000    7.5000 2257.8804   38.1996
    7.5000  -30.0000    7.5000 2246.8420   38.8234
   -7.5000  -22.5000    7.5000 2356.0588   34.1674
    0.0000  -22.5000    7.5000 2371.2874   33.9242
    7.5000  -22.5000    7.5000 2357.4863   34.5328
   -7.5000  -15.0000    7.5000 2470.2280   30.7740
    0.0000  -15.0000    7.5000 2484.1104   30.5654
    7.5000  -15.0000    7.5000 2466.2073   31.0974
   -7.5000   -7.5000    7.5000 2576.6213   28.1133
    0.0000   -7.5000    7.5000 2593.3066   27.9458
    7.5000   -7.5000    7.5000 2570.8870   28.4571
   -7.5000    0.0000    7.5000 2663.7527   26.0146
    0.0000    0.0000    7.5000 2676.9329   25.9232
    7.5000    0.0000    7.5000 2653.8965   26.3971
   -7.5000    7.5000    7.5000 2738.0969   24.4769
    0.0000    7.5000    7.5000 2753.0098   24.3901
    7.5000    7.5000    7.5000 2730.9771   24.9361
   -7.5000   15.0000    7.5000 2791.6042   23.4645
    0.0000   15.0000    7.5000 2816.0479   23.3069
    7.5000   15.0000    7.5000 2798.6479   24.1634
   -7.5000   22.5000    7.5000 2828.6499   23.0071
    0.0000   22.5000    7.5000 2841.1453   22.7860
    7.5000   22.5000    7.5000 2831.0981   23.8175
   -7.5000   30.0000    7.5000 2847.5317   23.4949
    0.0000   30.0000    7.5000 2863.3796   23.2924
    7.5000   30.0000    7.5000 2850.7209   24.0955
   -7.5000   37.5000    7.5000 2828.7974   24.6078
    0.0000   37.5000    7.5000 2854.0940   24.4127
    7.5000   37.5000    7.5000 2833.4133   25.0370
   -7.5000   45.0000    7.5000 2772.0242   26.1215
    0.0000   45.0000    7.5000 2794.6843   25.9312
    7.5000   45.0000    7.5000 2770.2129   26.4559
   -7.5000  -45.0000   15.0000 1957.5812   52.1675
    0.0000  -45.0000   15.0000 1974.0872   51.7361
    7.5000  -45.0000   15.0000 1961.9055   52.3392
   -7.5000  -37.5000   15.0000 2113.3364   45.1824
    0.0000  -37.5000   15.0000 2131.7634   44.8560
    7.5000  -37.5000   15.0000 2111.3770   45.2448
   -7.5000  -30.0000   15.0000 2240.9158   39.5017
    0.0000  -30.0000   15.0000 2259.4783   39.3536
    7.5000  -30.0000   15.0000 2237.0679   39.7669
   -7.5000  -22.5000   15.0000 2359.3896   35.0540
    0.0000  -22.5000   15.0000 2378.4028   34.9252
    7.5000  -22.5000   15.0000 2358.0088   35.4131
   -7.5000  -15.0000   15.0000 2466.8789   31.4582
    0.0000  -15.0000   15.0000 2481.7375   31.2862
    7.5000  -15.0000   15.0000 2470.5371   31.8654
   -7.5000   -7.5000   15.0000 2567.6487   28.6521
    0.0000   -7.5000   15.0000 2580.2144   28.4457
    7.5000   -7.5000   15.0000 2584.6411   29.0768
   -7.5000    0.0000   15.0000 2662.5691   26.5782
    0.0000    0.0000   15.0000 2677.2637   26.3863
    7.5000    0.0000   15.0000 2694.5637   27.0411
   -7.5000    7.5000   15.0000 2771.8462   25.2237
    0.0000    7.5000   15.0000 2801.5833   25.1055
    7.5000    7.5000   15.0000 2803.7676   25.6660
   -7.5000   15.0000   15.0000 2861.5422   24.4974
    0.0000   15.0000   15.0000 2926.5464   24.5630
    7.5000   15.0000   15.0000 2889.6960   24.9203
   -7.5000   22.5000   15.0000 2874.6072   23.7017
    0.0000   22.5000   15.0000 2942.8401   23.6874
    7.5000   22.5000   15.0000 2906.0437   24.3724
   -7.5000   30.0000   15.0000 2869.5312   23.5929
    0.0000   30.0000   15.0000 2911.1567   23.5565
    7.5000   30.0000   15.0000 2878.1892   24.1793
   -7.5000   37.5000   15.0000 2842.3735   24.4960
    0.0000   37.5000   15.0000 2877.0464   24.3283
    7.5000   37.5000   15.0000 2849.6606   24.8076
   -7.5000   45.0000   15.0000 2786.0471   26.1039
    0.0000   45.0000   15.0000 2815.0647   25.8789
    7.5000   45.0000   15.0000 2791.1790   26.3007
   -7.5000  -45.0000   22.5000 1981.2202   54.9625
    0.0000  -45.0000   22.5000 2002.3044   54.6120
    7.5000  -45.0000   22.5000 1984.3436   55.0680
   -7.5000  -37.5000   22.5000 2122.2129   47.1023
    0.0000  -37.5000   22.5000 2139.3647   46.7040
    7.5000  -37.5000   22.5000 2125.5220   47.2678
   -7.5000  -30.0000   22.5000 2226.5459   40.8560
    0.0000  -30.0000   22.5000 2239.3364   40.5221
    7.5000  -30.0000   22.5000 2238.6382   41.1755
   -7.5000  -22.5000   22.5000 2337.2705   36.2134
    0.0000  -22.5000   22.5000 2348.6152   35.8727
    7.5000  -22.5000   22.5000 2357.3735   36.5880
   -7.5000  -15.0000   22.5000 2462.5396   32.7755
    0.0000  -15.0000   22.5000 2477.8699   32.5271
    7.5000  -15.0000   22.5000 2483.7637   33.0873
   -7.5000   -7.5000   22.5000 2592.5369   30.0966
    0.0000   -7.5000   22.5000 2613.8977   30.0170
    7.5000   -7.5000   22.5000 2615.6707   30.4005
   -7.5000    0.0000   22.5000 2715.6152   28.0288
    0.0000    0.0000   22.5000 2753.3989   28.0948
    7.5000    0.0000   22.5000 2743.8733   28.3439
   -7.5000    7.5000   22.5000 2835.9424   26.6301
    0.0000    7.5000   22.5000 2885.0481   26.7935
    7.5000    7.5000   22.5000 2856.5906   26.8672
   -7.5000   15.0000   22.5000 2926.2751   25.7400
    0.0000   15.0000   22.5000 3003.0493   26.0541
    7.5000   15.0000   22.5000 2944.1453   26.0244
   -7.5000   22.5000   22.5000 2948.7942   25.0684
    0.0000   22.5000   22.5000 3030.4167   25.1837
    7.5000   22.5000   22.5000 2964.6926   25.4329
   -7.5000   30.0000   22.5000 2915.8245   24.8435
    0.0000   30.0000   22.5000 2955.0322   24.7182
    7.5000   30.0000   22.5000 2917.7058   25.1628
   -7.5000   37.5000   22.5000 2857.3137   25.3382
    0.0000   37.5000   22.5000 2886.7590   25.1097
    7.5000   37.5000   22.5000 2863.9114   25.5929
   -7.5000   45.0000   22.5000 2786.3867   26.7208
    0.0000   45.0000   22.5000 2808.1804   26.4280
    7.5000   45.0000   22.5000 2790.7737   26.8909
   -7.5000  -45.0000   30.0000 1930.5868   58.0915
    0.0000  -45.0000   30.0000 1945.2521   57.3985
    7.5000  -45.0000   30.0000 1946.1394   58.1323
   -7.5000  -37.5000   30.0000 2090.2195   49.7302
    0.0000  -37.5000   30.0000 2108.8867   49.2776
    7.5000  -37.5000   30.0000 2102.1538   49.6718
   -7.5000  -30.0000   30.0000 2227.6099   43.2299
    0.0000  -30.0000   30.0000 2251.3113   42.9790
    7.5000  -30.0000   30.0000 2244.3601   43.4327
   -7.5000  -22.5000   30.0000 2366.3657   38.6804
    0.0000  -22.5000   30.0000 2400.3228   38.5551
    7.5000  -22.5000   30.0000 2383.6748   38.8543
   -7.5000  -15.0000   30.0000 2498.4529   35.0650
    0.0000  -15.0000   30.0000 2530.1489   35.0246
    7.5000  -15.0000   30.0000 2512.7061   35.2069
   -7.5000   -7.5000   30.0000 2623.3870   32.1361
    0.0000   -7.5000   30.0000 2654.7168   32.0716
    7.5000   -7.5000   30.0000 2637.4880   32.2726
   -7.5000    0.0000   30.0000 2740.0078   29.8796
    0.0000    0.0000   30.0000 2768.8630   29.7733
    7.5000    0.0000   30.0000 2754.8145   30.0038
   -7.5000    7.5000   30.0000 2835.7961   28.2853
    0.0000    7.5000   30.0000 2871.2559   28.2290
    7.5000    7.5000   30.0000 2850.5713   28.4395
   -7.5000   15.0000   30.0000 2894.6926   27.0173
    0.0000   15.0000   30.0000 2954.7947   27.0255
    7.5000   15.0000   30.0000 2919.7009   27.3384
   -7.5000   22.5000   30.0000 2922.6394   26.1484
    0.0000   22.5000   30.0000 2972.2136   25.9057
    7.5000   22.5000   30.0000 2936.8733   26.4908
   -7.5000   30.0000   30.0000 2909.8088   26.1771
    0.0000   30.0000   30.0000 2942.9673   25.9572
    7.5000   30.0000   30.0000 2911.7666   26.4544
   -7.5000   37.5000   30.0000 2858.4045   26.8636
    0.0000   37.5000   30.0000 2888.4636   26.6493
    7.5000   37.5000   30.0000 2863.4719   27.0630
   -7.5000   45.0000   30.0000 2782.2241   28.2380
    0.0000   45.0000   30.0000 2809.6221   28.0116
    7.5000   45.0000   30.0000 2791.0342   28.3510
   -7.5000  -45.0000   37.5000 1917.1967   62.5672
    0.0000  -45.0000   37.5000 1940.7540   62.2696
    7.5000  -45.0000   37.5000 1931.6620   62.5237
   -7.5000  -37.5000   37.5000 2088.5576   53.4025
    0.0000  -37.5000   37.5000 2113.1418   53.0779
    7.5000  -37.5000   37.5000 2100.3198   53.2497
   -7.5000  -30.0000   37.5000 2236.1401   46.6067
    0.0000  -30.0000   37.5000 2259.0312   46.1410
    7.5000  -30.0000   37.5000 2241.2600   46.4447
   -7.5000  -22.5000   37.5000 2368.0190   41.3980
    0.0000  -22.5000   37.5000 2388.6431   40.9842
    7.5000  -22.5000   37.5000 2371.6348   41.3823
   -7.5000  -15.0000   37.5000 2480.9338   37.3373
    0.0000  -15.0000   37.5000 2502.6392   36.8775
    7.5000  -15.0000   37.5000 2491.4939   37.3205
   -7.5000   -7.5000   37.5000 2607.0625   34.1848
    0.0000   -7.5000   37.5000 2628.7856   33.6605
    7.5000   -7.5000   37.5000 2619.4360   34.1213
   -7.5000    0.0000   37.5000 2717.5549   31.7580
    0.0000    0.0000   37.5000 2743.8516   31.3217
    7.5000    0.0000   37.5000 2735.0037   31.7355
   -7.5000    7.5000   37.5000 2799.8811   29.9205
    0.0000    7.5000   37.5000 2834.0796   29.6834
    7.5000    7.5000   37.5000 2822.2778   30.0689
   -7.5000   15.0000   37.5000 2850.7480   28.5725
    0.0000   15.0000   37.5000 2881.9734   28.1370
    7.5000   15.0000   37.5000 2868.8433   28.6941
   -7.5000   22.5000   37.5000 2886.1389   27.7207
    0.0000   22.5000   37.5000 2919.1528   27.3245
    7.5000   22.5000   37.5000 2895.4236   27.8906
   -7.5000   30.0000   37.5000 2880.2319   27.8541
    0.0000   30.0000   37.5000 2912.3967   27.6051
    7.5000   30.0000   37.5000 2886.8235   28.0815
   -7.5000   37.5000   37.5000 2828.3315   28.5977
    0.0000   37.5000   37.5000 2858.2786   28.3536
    7.5000   37.5000   37.5000 2836.7634   28.7791
   -7.5000   45.0000   37.5000 2742.5928   29.8681
    0.0000   45.0000   37.5000 2771.6738   29.6422
    7.5000   45.0000   37.5000 2757.6174   30.0560
   -7.5000  -45.0000   45.0000 1879.7046   66.9532
    0.0000  -45.0000   45.0000 1896.2629   66.2683
    7.5000  -45.0000   45.0000 1890.7211   66.6100
   -7.5000  -37.5000   45.0000 2048.9392   56.9933
    0.0000  -37.5000   45.0000 2065.7615   56.3022
    7.5000  -37.5000   45.0000 2058.0908   56.6902
   -7.5000  -30.0000   45.0000 2197.8860   49.5304
    0.0000  -30.0000   45.0000 2217.4321   48.8626
    7.5000  -30.0000   45.0000 2204.6790   49.2453
   -7.5000  -22.5000   45.0000 2327.2812   43.9146
    0.0000  -22.5000   45.0000 2346.5840   43.2400
    7.5000  -22.5000   45.0000 2333.9810   43.7156
   -7.5000  -15.0000   45.0000 2443.9971   39.5264
    0.0000  -15.0000   45.0000 2465.4993   38.8822
    7.5000  -15.0000   45.0000 2452.3970   39.3350
   -7.5000   -7.5000   45.0000 2569.6165   36.2094
    0.0000   -7.5000   45.0000 2591.2336   35.5726
    7.5000   -7.5000   45.0000 2578.3062   36.0156
   -7.5000    0.0000   45.0000 2671.7141   33.6742
    0.0000    0.0000   45.0000 2702.1201   33.1541
    7.5000    0.0000   45.0000 2688.0696   33.5917
   -7.5000    7.5000   45.0000 2746.0134   31.7597
    0.0000    7.5000   45.0000 2774.5669   31.1944
    7.5000    7.5000   45.0000 2763.1138   31.6715
   -7.5000   15.0000   45.0000 2793.5254   30.3653
    0.0000   15.0000   45.0000 2823.2087   29.7333
    7.5000   15.0000   45.0000 2802.7725   30.2175
   -7.5000   22.5000   45.0000 2829.0317   29.5798
    0.0000   22.5000   45.0000 2860.6611   29.1805
    7.5000   22.5000   45.0000 2837.7290   29.6344
   -7.5000   30.0000   45.0000 2819.4434   29.8129
    0.0000   30.0000   45.0000 2852.4993   29.5268
    7.5000   30.0000   45.0000 2827.9827   29.9133
   -7.5000   37.5000   45.0000 2774.9995   30.5880
    0.0000   37.5000   45.0000 2800.1802   30.3398
    7.5000   37.5000   45.0000 2779.7649   30.6814
   -7.5000   45.0000   45.0000 2696.2927   31.8963
    0.0000   45.0000   45.0000 2715.6040   31.6029
    7.5000   45.0000   45.0000 2705.3320   31.9644

---------------------------------------------------------------------
imgreg_4dfp /opt/freesurfer/average/711-2C_as_mni_average_305 /opt/freesurfer/average/711-2B_as_mni_average_305_mask talsrcimg_g11 none talsrcimg_to_711-2C_as_mni_average_305_t4 1283
---------------------------------------------------------------------

freesurfer imgreg_4dfp.c
/opt/freesurfer/average/711-2C_as_mni_average_305.4dfp.img
       256       256       256         1
  1.000000  1.000000  1.000000
orientation T byte_order littleendian
Reading image: /opt/freesurfer/average/711-2C_as_mni_average_305.4dfp.img
dimensions:      256       256       256
mmppix:       1.0000   -1.0000   -1.0000
center:     128.0000 -129.0000 -129.0000
/opt/freesurfer/average/711-2B_as_mni_average_305_mask.4dfp.img
       256       256       256         1
  1.000000  1.000000  1.000000
orientation T byte_order littleendian
Reading mask: /opt/freesurfer/average/711-2B_as_mni_average_305_mask.4dfp.img (2306576 pixels)
talsrcimg_g11.4dfp.img
       256       256       256         1
  1.000000  1.000000  1.000000
orientation T byte_order littleendian
Reading image: talsrcimg_g11.4dfp.img
dimensions:      256       256       256
mmppix:       1.0000   -1.0000   -1.0000
center:     128.0000 -129.0000 -129.0000
rotation matrix determinant  1.000000
fimgreg.f
image alignment mode   1283 decimal      503 hex
parameters
    0.0000   22.5000   22.5000    0.0000    0.0000    0.0000
eta,q 0.95137 25.30376
niter,ni,del,rscale     5    3   12.0000    1.2000
parameters
    0.5332   20.1469   21.8623   -0.3488   -0.6151   -2.7072
eta,q 0.95123 25.52105
  0.0707  0.0543  0.0618  0.0524  0.0564  0.0500
  0.0617  0.0503  0.0511  0.0484  0.0515  0.0489
  0.0559  0.0507  0.0483  0.0485  0.0499  0.0489
  0.0535  0.0532  0.0505  0.0497  0.0495  0.0497
  0.0542  0.0549  0.0542  0.0495  0.0502  0.0511
  0.0582  0.0580  0.0585  0.0502  0.0545  0.0537
  0.0655  0.0637  0.0631  0.0520  0.0601  0.0572
niter,ni,del,rscale     4    3   12.0000    1.2000
parameters
    0.4193   20.8818   21.8946   -1.3784   -0.4379   -2.6750
eta,q 0.95092 25.48885
  0.0661  0.0632  0.0668  0.0511  0.0590  0.0527
  0.0567  0.0548  0.0527  0.0479  0.0532  0.0506
  0.0507  0.0495  0.0476  0.0484  0.0499  0.0493
  0.0488  0.0488  0.0495  0.0495  0.0491  0.0491
  0.0513  0.0510  0.0530  0.0496  0.0497  0.0495
  0.0579  0.0527  0.0572  0.0499  0.0526  0.0506
  0.0672  0.0560  0.0615  0.0519  0.0578  0.0526
niter,ni,del,rscale     3    3   12.0000    1.2000
parameters
    0.4410   20.8994   21.8502   -0.6717   -0.3134   -2.9438
eta,q 0.95066 25.45127
  0.0670  0.0608  0.0654  0.0545  0.0590  0.0526
  0.0576  0.0524  0.0521  0.0490  0.0532  0.0507
  0.0513  0.0484  0.0475  0.0479  0.0500  0.0496
  0.0491  0.0491  0.0491  0.0490  0.0494  0.0494
  0.0512  0.0522  0.0525  0.0494  0.0496  0.0499
  0.0575  0.0545  0.0567  0.0496  0.0527  0.0511
  0.0667  0.0579  0.0614  0.0507  0.0582  0.0531
niter,ni,del,rscale     2    3   12.0000    1.2000
parameters
    0.4045   20.8950   21.9028   -0.8229   -0.2806   -2.8790
eta,q 0.95063 25.46157
  0.0666  0.0601  0.0663  0.0524  0.0588  0.0530
  0.0574  0.0523  0.0526  0.0483  0.0530  0.0510
  0.0514  0.0485  0.0476  0.0483  0.0500  0.0497
  0.0493  0.0493  0.0493  0.0494  0.0494  0.0494
  0.0514  0.0518  0.0527  0.0495  0.0498  0.0498
  0.0576  0.0538  0.0567  0.0497  0.0531  0.0509
  0.0671  0.0581  0.0611  0.0515  0.0585  0.0527
niter,ni,del,rscale     1    3   12.0000    1.2000
parameters
    0.4029   20.8953   21.8931   -0.7180   -0.2653   -2.9182
eta,q 0.95062 25.45575
  0.0668  0.0603  0.0657  0.0529  0.0587  0.0529
  0.0576  0.0524  0.0523  0.0485  0.0530  0.0509
  0.0515  0.0486  0.0476  0.0482  0.0500  0.0497
  0.0494  0.0494  0.0494  0.0494  0.0494  0.0494
  0.0514  0.0520  0.0527  0.0495  0.0498  0.0499
  0.0575  0.0540  0.0567  0.0497  0.0531  0.0510
  0.0670  0.0580  0.0612  0.0513  0.0586  0.0529
registration optimization eta report
parameter search radius
    6.0000    6.0000    6.0000    6.0000    6.0000    6.0000
100000*second partial in parameter space
       48.       28.       40.        9.       27.       10.
  0.0668  0.0603  0.0657  0.0529  0.0587  0.0529
  0.0576  0.0524  0.0523  0.0485  0.0530  0.0509
  0.0515  0.0486  0.0476  0.0482  0.0500  0.0497
  0.0494  0.0494  0.0494  0.0494  0.0494  0.0494
  0.0514  0.0520  0.0527  0.0495  0.0498  0.0499
  0.0575  0.0540  0.0567  0.0497  0.0531  0.0510
  0.0670  0.0580  0.0612  0.0513  0.0586  0.0529
    0.4029   20.8953   21.8931   -0.7180   -0.2653   -2.9182
eta,q 0.95062 25.45575

---------------------------------------------------------------------
imgreg_4dfp /opt/freesurfer/average/711-2C_as_mni_average_305 /opt/freesurfer/average/711-2B_as_mni_average_305_mask talsrcimg_g11 none talsrcimg_to_711-2C_as_mni_average_305_t4 3335
---------------------------------------------------------------------

freesurfer imgreg_4dfp.c
/opt/freesurfer/average/711-2C_as_mni_average_305.4dfp.img
       256       256       256         1
  1.000000  1.000000  1.000000
orientation T byte_order littleendian
Reading image: /opt/freesurfer/average/711-2C_as_mni_average_305.4dfp.img
dimensions:      256       256       256
mmppix:       1.0000   -1.0000   -1.0000
center:     128.0000 -129.0000 -129.0000
/opt/freesurfer/average/711-2B_as_mni_average_305_mask.4dfp.img
       256       256       256         1
  1.000000  1.000000  1.000000
orientation T byte_order littleendian
Reading mask: /opt/freesurfer/average/711-2B_as_mni_average_305_mask.4dfp.img (2306576 pixels)
talsrcimg_g11.4dfp.img
       256       256       256         1
  1.000000  1.000000  1.000000
orientation T byte_order littleendian
Reading image: talsrcimg_g11.4dfp.img
dimensions:      256       256       256
mmppix:       1.0000   -1.0000   -1.0000
center:     128.0000 -129.0000 -129.0000
fimgreg.f
image alignment mode   3335 decimal      D07 hex
parameters
    0.4029   20.8953   21.8931   -0.1307   -0.1372   -0.0089
    5.0848    0.5261   -5.0909    1.2279   -0.4630   -1.2531
eta,q 0.95468 25.47669
niter,ni,del,rscale     5    3    5.0000    1.2000
parameter  4  0.692348 ->  0.500000 qaram    1.1500
parameter  5  0.711605 ->  0.500000 qaram    1.1500
parameters
    0.3586   20.5745   21.0947   -4.2707   -4.2772   -2.2842
    3.7582    0.9138   -2.7047   -0.8697    0.4648    1.3141
eta,q 0.95860 24.96668
  0.0489  0.0474  0.0462  0.0434  0.0412  0.0431  0.0436  0.0464  0.0449  0.0424  0.0424  0.0426
  0.0469  0.0460  0.0452  0.0431  0.0409  0.0428  0.0425  0.0436  0.0435  0.0417  0.0418  0.0420
  0.0457  0.0453  0.0448  0.0435  0.0414  0.0420  0.0419  0.0420  0.0425  0.0414  0.0415  0.0417
  0.0453  0.0453  0.0452  0.0448  0.0431  0.0409  0.0419  0.0418  0.0419  0.0417  0.0414  0.0414
  0.0458  0.0459  0.0462  0.0472  0.0460  0.0424  0.0426  0.0423  0.0417  0.0422  0.0415  0.0414
  0.0471  0.0471  0.0477  0.0505  0.0502  0.0484  0.0438  0.0434  0.0419  0.0431  0.0417  0.0415
  0.0491  0.0488  0.0494  0.0544  0.0548  0.0572  0.0454  0.0450  0.0425  0.0447  0.0419  0.0416
niter,ni,del,rscale     6    3    5.0000    1.2000
parameter  3  1.840948 ->  0.500000 qaram    1.1500
parameters
    0.7221   20.9572   19.7147   -4.8765   -6.1102   -3.9885
    3.0926    0.9069   -2.5509   -0.7815   -1.2792    1.8230
eta,q 0.95896 24.62413
  0.0450  0.0445  0.0397  0.0428  0.0425  0.0421  0.0431  0.0449  0.0428  0.0424  0.0415  0.0415
  0.0432  0.0429  0.0399  0.0416  0.0414  0.0419  0.0420  0.0424  0.0419  0.0416  0.0411  0.0412
  0.0420  0.0418  0.0405  0.0406  0.0404  0.0414  0.0413  0.0412  0.0413  0.0412  0.0410  0.0411
  0.0414  0.0413  0.0413  0.0400  0.0401  0.0402  0.0411  0.0411  0.0411  0.0411  0.0411  0.0410
  0.0414  0.0413  0.0422  0.0403  0.0411  0.0400  0.0416  0.0417  0.0413  0.0413  0.0413  0.0411
  0.0420  0.0419  0.0431  0.0417  0.0435  0.0440  0.0425  0.0429  0.0418  0.0416  0.0416  0.0411
  0.0434  0.0429  0.0441  0.0444  0.0474  0.0502  0.0440  0.0445  0.0427  0.0423  0.0420  0.0413
niter,ni,del,rscale     6    3    5.0000    1.2000
parameter  3  0.544384 ->  0.500000 qaram    1.3225
parameters
    0.7220   21.3433   18.1277   -5.0805   -6.5819   -5.8490
    2.9987    0.9180   -1.8629    0.3349   -1.5055    3.2801
eta,q 0.95843 24.43185
  0.0438  0.0437  0.0410  0.0434  0.0435  0.0424  0.0438  0.0456  0.0434  0.0430  0.0423  0.0420
  0.0424  0.0424  0.0406  0.0422  0.0425  0.0422  0.0427  0.0431  0.0425  0.0421  0.0418  0.0418
  0.0414  0.0415  0.0407  0.0412  0.0414  0.0418  0.0419  0.0417  0.0419  0.0418  0.0416  0.0416
  0.0410  0.0410  0.0410  0.0406  0.0406  0.0407  0.0416  0.0416  0.0416  0.0416  0.0416  0.0416
  0.0413  0.0411  0.0415  0.0408  0.0407  0.0407  0.0419  0.0423  0.0417  0.0416  0.0417  0.0416
  0.0423  0.0415  0.0420  0.0419  0.0423  0.0446  0.0427  0.0435  0.0421  0.0418  0.0420  0.0416
  0.0439  0.0424  0.0428  0.0443  0.0451  0.0507  0.0440  0.0451  0.0429  0.0422  0.0423  0.0418
niter,ni,del,rscale     6    3    5.0000    1.2000
parameters
    0.6286   21.7335   18.7952   -4.6100   -7.4242   -6.6495
    3.2084    0.3214   -1.5407    3.7879   -1.9397    6.0127
eta,q 0.95875 24.56177
  0.0440  0.0439  0.0431  0.0440  0.0435  0.0421  0.0439  0.0445  0.0431  0.0429  0.0421  0.0424
  0.0427  0.0428  0.0421  0.0429  0.0427  0.0420  0.0428  0.0425  0.0423  0.0422  0.0416  0.0420
  0.0419  0.0420  0.0417  0.0421  0.0420  0.0418  0.0420  0.0415  0.0418  0.0419  0.0414  0.0416
  0.0416  0.0416  0.0415  0.0415  0.0414  0.0415  0.0417  0.0417  0.0416  0.0416  0.0414  0.0414
  0.0419  0.0416  0.0415  0.0414  0.0417  0.0406  0.0419  0.0424  0.0417  0.0414  0.0415  0.0413
  0.0429  0.0420  0.0416  0.0421  0.0431  0.0409  0.0425  0.0436  0.0421  0.0414  0.0418  0.0413
  0.0445  0.0428  0.0421  0.0439  0.0452  0.0448  0.0437  0.0452  0.0429  0.0416  0.0423  0.0416
niter,ni,del,rscale     5    3    5.0000    1.2000
parameter 10 -0.505844 -> -0.500000 qaram    1.1500
parameters
    0.5634   21.9395   19.1812   -4.6785   -9.4757   -8.4775
    3.8202   -0.6307   -0.8757    7.9279   -2.2555    8.0559
eta,q 0.95918 24.58665
  0.0437  0.0431  0.0431  0.0434  0.0424  0.0418  0.0434  0.0435  0.0425  0.0424  0.0416  0.0422
  0.0424  0.0421  0.0421  0.0425  0.0419  0.0416  0.0424  0.0419  0.0419  0.0419  0.0412  0.0417
  0.0415  0.0415  0.0415  0.0418  0.0414  0.0415  0.0417  0.0412  0.0415  0.0416  0.0410  0.0412
  0.0412  0.0413  0.0413  0.0412  0.0412  0.0413  0.0414  0.0414  0.0413  0.0412  0.0409  0.0409
  0.0415  0.0414  0.0413  0.0413  0.0418  0.0412  0.0415  0.0420  0.0413  0.0410  0.0410  0.0408
  0.0425  0.0418  0.0417  0.0421  0.0433  0.0420  0.0420  0.0431  0.0416  0.0409  0.0413  0.0409
  0.0441  0.0425  0.0424  0.0439  0.0453  0.0460  0.0429  0.0446  0.0421  0.0413  0.0417  0.0413
niter,ni,del,rscale     5    3    5.0000    1.2000
parameters
    0.4394   22.8322   18.5107   -5.0524  -12.6141  -10.9945
    4.2377   -1.3124   -1.5264   10.8923   -2.2196   10.3672
eta,q 0.96012 24.32104
  0.0429  0.0436  0.0416  0.0424  0.0411  0.0405  0.0421  0.0423  0.0413  0.0423  0.0406  0.0413
  0.0418  0.0424  0.0408  0.0415  0.0406  0.0405  0.0413  0.0410  0.0407  0.0416  0.0402  0.0407
  0.0411  0.0414  0.0405  0.0409  0.0403  0.0404  0.0407  0.0403  0.0404  0.0409  0.0400  0.0403
  0.0408  0.0408  0.0406  0.0405  0.0405  0.0404  0.0404  0.0404  0.0403  0.0403  0.0400  0.0400
  0.0411  0.0406  0.0410  0.0406  0.0414  0.0406  0.0405  0.0409  0.0405  0.0400  0.0401  0.0399
  0.0420  0.0407  0.0418  0.0414  0.0431  0.0420  0.0410  0.0417  0.0410  0.0401  0.0403  0.0400
  0.0436  0.0413  0.0429  0.0432  0.0453  0.0463  0.0418  0.0429  0.0418  0.0408  0.0406  0.0403
niter,ni,del,rscale     4    3    5.0000    1.2000
parameters
    0.3849   23.4721   17.9905   -5.3234  -14.6227  -13.5284
    4.4006   -1.4478   -1.8149   12.2443   -2.8754   11.8912
eta,q 0.96043 24.14829
  0.0419  0.0424  0.0408  0.0413  0.0408  0.0399  0.0412  0.0417  0.0409  0.0416  0.0400  0.0405
  0.0408  0.0412  0.0400  0.0406  0.0402  0.0397  0.0404  0.0404  0.0402  0.0408  0.0398  0.0401
  0.0401  0.0404  0.0397  0.0401  0.0398  0.0397  0.0399  0.0398  0.0398  0.0401  0.0396  0.0398
  0.0399  0.0399  0.0398  0.0397  0.0397  0.0397  0.0397  0.0397  0.0397  0.0397  0.0396  0.0396
  0.0401  0.0398  0.0401  0.0398  0.0402  0.0400  0.0398  0.0401  0.0399  0.0396  0.0397  0.0396
  0.0409  0.0400  0.0407  0.0404  0.0415  0.0410  0.0403  0.0407  0.0403  0.0400  0.0399  0.0397
  0.0422  0.0407  0.0416  0.0419  0.0434  0.0442  0.0411  0.0417  0.0411  0.0408  0.0402  0.0400
niter,ni,del,rscale     3    3    5.0000    1.2000
parameters
    0.3973   23.8825   17.3793   -5.5080  -15.3073  -15.7692
    4.3806   -1.3162   -1.5512   12.9880   -3.1999   12.7149
eta,q 0.96052 24.06025
  0.0416  0.0416  0.0403  0.0409  0.0410  0.0398  0.0409  0.0416  0.0408  0.0411  0.0399  0.0402
  0.0405  0.0406  0.0397  0.0402  0.0403  0.0396  0.0402  0.0403  0.0401  0.0403  0.0397  0.0398
  0.0398  0.0399  0.0395  0.0398  0.0397  0.0395  0.0397  0.0397  0.0397  0.0398  0.0395  0.0396
  0.0396  0.0396  0.0395  0.0395  0.0395  0.0395  0.0395  0.0395  0.0395  0.0395  0.0395  0.0395
  0.0398  0.0396  0.0398  0.0395  0.0396  0.0397  0.0397  0.0398  0.0396  0.0395  0.0395  0.0395
  0.0404  0.0399  0.0404  0.0401  0.0405  0.0404  0.0402  0.0404  0.0400  0.0399  0.0397  0.0396
  0.0416  0.0405  0.0412  0.0413  0.0420  0.0424  0.0410  0.0414  0.0407  0.0407  0.0400  0.0399
niter,ni,del,rscale     2    3    5.0000    1.2000
parameters
    0.4093   24.2933   16.5699   -5.4647  -15.4178  -17.6468
    4.2754   -1.1149   -1.4187   13.8374   -2.9773   12.7088
eta,q 0.96070 24.01678
  0.0414  0.0413  0.0400  0.0408  0.0410  0.0398  0.0407  0.0415  0.0406  0.0408  0.0399  0.0398
  0.0404  0.0404  0.0395  0.0401  0.0402  0.0395  0.0400  0.0402  0.0399  0.0401  0.0396  0.0395
  0.0397  0.0398  0.0394  0.0396  0.0397  0.0393  0.0395  0.0395  0.0395  0.0396  0.0394  0.0394
  0.0395  0.0395  0.0394  0.0394  0.0394  0.0394  0.0393  0.0393  0.0393  0.0393  0.0393  0.0393
  0.0397  0.0395  0.0397  0.0394  0.0394  0.0395  0.0395  0.0396  0.0394  0.0393  0.0393  0.0394
  0.0403  0.0398  0.0403  0.0399  0.0400  0.0400  0.0400  0.0402  0.0398  0.0396  0.0395  0.0396
  0.0414  0.0403  0.0411  0.0410  0.0414  0.0414  0.0408  0.0411  0.0405  0.0404  0.0398  0.0398
niter,ni,del,rscale     1    3    5.0000    1.2000
parameters
    0.4289   24.7673   15.8032   -5.3936  -15.6471  -18.8967
    4.1512   -0.8742   -1.5103   15.0526   -2.4929   12.4149
eta,q 0.96089 23.97568
  0.0412  0.0410  0.0398  0.0406  0.0407  0.0398  0.0405  0.0413  0.0403  0.0407  0.0397  0.0396
  0.0402  0.0402  0.0394  0.0398  0.0400  0.0394  0.0398  0.0401  0.0397  0.0400  0.0394  0.0393
  0.0395  0.0396  0.0392  0.0394  0.0395  0.0392  0.0393  0.0394  0.0393  0.0395  0.0392  0.0392
  0.0393  0.0393  0.0393  0.0392  0.0392  0.0392  0.0392  0.0392  0.0392  0.0392  0.0391  0.0391
  0.0395  0.0393  0.0396  0.0392  0.0392  0.0394  0.0393  0.0394  0.0393  0.0391  0.0391  0.0392
  0.0401  0.0395  0.0401  0.0397  0.0398  0.0397  0.0398  0.0400  0.0397  0.0394  0.0393  0.0394
  0.0412  0.0401  0.0409  0.0407  0.0411  0.0407  0.0406  0.0410  0.0404  0.0401  0.0396  0.0397
registration optimization eta report
parameter search radius
    2.4000    2.4000    3.1740    8.2800    8.2800    7.2000
    7.2000    7.2000    7.2000    8.2800    7.2000    7.2000
100000*second partial in parameter space
       33.       22.       11.        2.        3.        2.
        3.        4.        2.        2.        1.        1.
  0.0412  0.0410  0.0398  0.0406  0.0407  0.0398  0.0405  0.0413  0.0403  0.0407  0.0397  0.0396
  0.0402  0.0402  0.0394  0.0398  0.0400  0.0394  0.0398  0.0401  0.0397  0.0400  0.0394  0.0393
  0.0395  0.0396  0.0392  0.0394  0.0395  0.0392  0.0393  0.0394  0.0393  0.0395  0.0392  0.0392
  0.0393  0.0393  0.0393  0.0392  0.0392  0.0392  0.0392  0.0392  0.0392  0.0392  0.0391  0.0391
  0.0395  0.0393  0.0396  0.0392  0.0392  0.0394  0.0393  0.0394  0.0393  0.0391  0.0391  0.0392
  0.0401  0.0395  0.0401  0.0397  0.0398  0.0397  0.0398  0.0400  0.0397  0.0394  0.0393  0.0394
  0.0412  0.0401  0.0409  0.0407  0.0411  0.0407  0.0406  0.0410  0.0404  0.0401  0.0396  0.0397
    0.4289   24.7673   15.8032   -5.3936  -15.6471  -18.8967
    4.1512   -0.8742   -1.5103   15.0526   -2.4929   12.4149
eta,q 0.96089 23.97568

---------------------------------------------------------------------
imgreg_4dfp /opt/freesurfer/average/711-2C_as_mni_average_305 /opt/freesurfer/average/711-2B_as_mni_average_305_mask talsrcimg_g11 none talsrcimg_to_711-2C_as_mni_average_305_t4 2311
---------------------------------------------------------------------

freesurfer imgreg_4dfp.c
/opt/freesurfer/average/711-2C_as_mni_average_305.4dfp.img
       256       256       256         1
  1.000000  1.000000  1.000000
orientation T byte_order littleendian
Reading image: /opt/freesurfer/average/711-2C_as_mni_average_305.4dfp.img
dimensions:      256       256       256
mmppix:       1.0000   -1.0000   -1.0000
center:     128.0000 -129.0000 -129.0000
/opt/freesurfer/average/711-2B_as_mni_average_305_mask.4dfp.img
       256       256       256         1
  1.000000  1.000000  1.000000
orientation T byte_order littleendian
Reading mask: /opt/freesurfer/average/711-2B_as_mni_average_305_mask.4dfp.img (2306576 pixels)
talsrcimg_g11.4dfp.img
       256       256       256         1
  1.000000  1.000000  1.000000
orientation T byte_order littleendian
Reading image: talsrcimg_g11.4dfp.img
dimensions:      256       256       256
mmppix:       1.0000   -1.0000   -1.0000
center:     128.0000 -129.0000 -129.0000
fimgreg.f
image alignment mode   2311 decimal      907 hex
parameters
    0.4289   24.7673   15.8032   -5.3936  -15.6471  -18.8967
    4.1512   -0.8742   -1.5103   15.0526   -2.4929   12.4149
eta,q 0.96089 23.97567
niter,ni,del,rscale     5    3    5.0000    0.8000
parameters
    0.4907   25.2442   15.2736   -4.8085  -15.4117  -19.5427
    4.1656   -0.6150   -1.5477   16.3711   -2.1300   11.8121
eta,q 0.96107 24.03073
  0.0400  0.0400  0.0392  0.0395  0.0396  0.0393  0.0396  0.0400  0.0395  0.0396  0.0392  0.0391
  0.0395  0.0396  0.0391  0.0393  0.0393  0.0391  0.0393  0.0394  0.0392  0.0393  0.0391  0.0390
  0.0392  0.0393  0.0390  0.0391  0.0391  0.0390  0.0391  0.0391  0.0390  0.0391  0.0390  0.0389
  0.0391  0.0391  0.0391  0.0390  0.0390  0.0390  0.0390  0.0390  0.0390  0.0390  0.0389  0.0389
  0.0392  0.0391  0.0392  0.0390  0.0390  0.0391  0.0390  0.0391  0.0390  0.0389  0.0389  0.0390
  0.0394  0.0391  0.0393  0.0391  0.0392  0.0393  0.0393  0.0393  0.0392  0.0390  0.0390  0.0391
  0.0399  0.0393  0.0396  0.0393  0.0395  0.0395  0.0396  0.0398  0.0395  0.0392  0.0392  0.0393
niter,ni,del,rscale     4    3    5.0000    0.7000
parameters
    0.5622   25.5913   14.8108   -4.8289  -15.9089  -20.0021
    3.9493   -0.2488   -1.6957   17.6578   -1.7203   11.6027
eta,q 0.96117 23.99272
  0.0396  0.0395  0.0390  0.0392  0.0392  0.0392  0.0393  0.0397  0.0392  0.0394  0.0391  0.0390
  0.0393  0.0392  0.0389  0.0390  0.0390  0.0390  0.0391  0.0392  0.0390  0.0392  0.0389  0.0389
  0.0390  0.0390  0.0389  0.0389  0.0389  0.0389  0.0389  0.0390  0.0389  0.0390  0.0389  0.0388
  0.0389  0.0389  0.0389  0.0389  0.0389  0.0389  0.0389  0.0389  0.0389  0.0389  0.0388  0.0388
  0.0390  0.0389  0.0390  0.0389  0.0389  0.0390  0.0389  0.0389  0.0389  0.0388  0.0388  0.0389
  0.0392  0.0390  0.0391  0.0390  0.0391  0.0391  0.0391  0.0391  0.0391  0.0389  0.0389  0.0389
  0.0395  0.0391  0.0393  0.0392  0.0395  0.0393  0.0394  0.0394  0.0393  0.0390  0.0390  0.0391
niter,ni,del,rscale     3    3    5.0000    0.6000
parameters
    0.6569   25.9827   14.4305   -4.9508  -16.6990  -20.4267
    3.6196    0.2011   -1.9122   18.9893   -1.2704   11.5027
eta,q 0.96129 23.93276
  0.0394  0.0393  0.0389  0.0390  0.0389  0.0390  0.0391  0.0394  0.0390  0.0392  0.0389  0.0388
  0.0391  0.0391  0.0388  0.0389  0.0388  0.0388  0.0389  0.0391  0.0389  0.0390  0.0388  0.0388
  0.0389  0.0389  0.0388  0.0388  0.0388  0.0388  0.0388  0.0388  0.0388  0.0389  0.0387  0.0387
  0.0388  0.0388  0.0388  0.0388  0.0388  0.0388  0.0388  0.0388  0.0388  0.0388  0.0387  0.0387
  0.0389  0.0388  0.0388  0.0388  0.0388  0.0388  0.0388  0.0388  0.0388  0.0387  0.0387  0.0387
  0.0390  0.0388  0.0389  0.0389  0.0390  0.0389  0.0390  0.0389  0.0389  0.0387  0.0387  0.0388
  0.0392  0.0389  0.0391  0.0390  0.0393  0.0391  0.0392  0.0391  0.0391  0.0388  0.0388  0.0389
niter,ni,del,rscale     2    3    5.0000    0.5000
parameters
    0.7658   26.3334   14.1261   -5.2817  -17.4920  -20.6657
    3.2373    0.6434   -2.1444   19.8484   -1.0481   11.4683
eta,q 0.96138 23.84478
  0.0391  0.0391  0.0387  0.0388  0.0388  0.0389  0.0388  0.0391  0.0388  0.0390  0.0387  0.0387
  0.0389  0.0389  0.0387  0.0387  0.0387  0.0387  0.0387  0.0389  0.0387  0.0388  0.0387  0.0387
  0.0388  0.0388  0.0387  0.0387  0.0387  0.0387  0.0387  0.0387  0.0387  0.0387  0.0386  0.0386
  0.0387  0.0387  0.0387  0.0387  0.0387  0.0387  0.0387  0.0387  0.0386  0.0386  0.0386  0.0386
  0.0387  0.0387  0.0387  0.0387  0.0387  0.0387  0.0387  0.0387  0.0387  0.0386  0.0386  0.0386
  0.0388  0.0387  0.0388  0.0387  0.0388  0.0388  0.0388  0.0387  0.0388  0.0387  0.0386  0.0387
  0.0390  0.0388  0.0389  0.0388  0.0390  0.0389  0.0390  0.0389  0.0389  0.0387  0.0387  0.0387
niter,ni,del,rscale     1    3    5.0000    0.4000
parameters
    0.8576   26.5348   13.9974   -5.5551  -18.0362  -20.6976
    2.9401    0.9251   -2.2426   20.3756   -1.0260   11.3787
eta,q 0.96141 23.78448
  0.0388  0.0388  0.0387  0.0387  0.0387  0.0388  0.0387  0.0389  0.0387  0.0388  0.0387  0.0386
  0.0387  0.0387  0.0386  0.0386  0.0386  0.0387  0.0386  0.0387  0.0387  0.0387  0.0386  0.0386
  0.0387  0.0386  0.0386  0.0386  0.0386  0.0386  0.0386  0.0386  0.0386  0.0386  0.0386  0.0386
  0.0386  0.0386  0.0386  0.0386  0.0386  0.0386  0.0386  0.0386  0.0386  0.0386  0.0386  0.0386
  0.0386  0.0386  0.0386  0.0386  0.0386  0.0386  0.0386  0.0386  0.0386  0.0386  0.0386  0.0386
  0.0387  0.0386  0.0387  0.0387  0.0387  0.0387  0.0387  0.0387  0.0387  0.0386  0.0386  0.0386
  0.0388  0.0387  0.0387  0.0387  0.0388  0.0388  0.0388  0.0388  0.0387  0.0387  0.0387  0.0387
registration optimization eta report
parameter search radius
    0.8000    0.8000    0.8000    2.4000    2.4000    2.4000
    2.4000    2.4000    2.4000    2.4000    2.4000    2.4000
100000*second partial in parameter space
       30.       22.       12.        1.        2.        3.
        3.        4.        2.        2.        1.        1.
  0.0388  0.0388  0.0387  0.0387  0.0387  0.0388  0.0387  0.0389  0.0387  0.0388  0.0387  0.0386
  0.0387  0.0387  0.0386  0.0386  0.0386  0.0387  0.0386  0.0387  0.0387  0.0387  0.0386  0.0386
  0.0387  0.0386  0.0386  0.0386  0.0386  0.0386  0.0386  0.0386  0.0386  0.0386  0.0386  0.0386
  0.0386  0.0386  0.0386  0.0386  0.0386  0.0386  0.0386  0.0386  0.0386  0.0386  0.0386  0.0386
  0.0386  0.0386  0.0386  0.0386  0.0386  0.0386  0.0386  0.0386  0.0386  0.0386  0.0386  0.0386
  0.0387  0.0386  0.0387  0.0387  0.0387  0.0387  0.0387  0.0387  0.0387  0.0386  0.0386  0.0386
  0.0388  0.0387  0.0387  0.0387  0.0388  0.0388  0.0388  0.0388  0.0387  0.0387  0.0387  0.0387
    0.8576   26.5348   13.9974   -5.5551  -18.0362  -20.6976
    2.9401    0.9251   -2.2426   20.3756   -1.0260   11.3787
eta,q 0.96141 23.78448

---------------------------------------------------------------------
imgreg_4dfp /opt/freesurfer/average/711-2C_as_mni_average_305 /opt/freesurfer/average/711-2B_as_mni_average_305_mask talsrcimg_g11 none talsrcimg_to_711-2C_as_mni_average_305_t4 2311
---------------------------------------------------------------------

freesurfer imgreg_4dfp.c
/opt/freesurfer/average/711-2C_as_mni_average_305.4dfp.img
       256       256       256         1
  1.000000  1.000000  1.000000
orientation T byte_order littleendian
Reading image: /opt/freesurfer/average/711-2C_as_mni_average_305.4dfp.img
dimensions:      256       256       256
mmppix:       1.0000   -1.0000   -1.0000
center:     128.0000 -129.0000 -129.0000
/opt/freesurfer/average/711-2B_as_mni_average_305_mask.4dfp.img
       256       256       256         1
  1.000000  1.000000  1.000000
orientation T byte_order littleendian
Reading mask: /opt/freesurfer/average/711-2B_as_mni_average_305_mask.4dfp.img (2306576 pixels)
talsrcimg_g11.4dfp.img
       256       256       256         1
  1.000000  1.000000  1.000000
orientation T byte_order littleendian
Reading image: talsrcimg_g11.4dfp.img
dimensions:      256       256       256
mmppix:       1.0000   -1.0000   -1.0000
center:     128.0000 -129.0000 -129.0000
fimgreg.f
image alignment mode   2311 decimal      907 hex
parameters
    0.8576   26.5348   13.9974   -5.5551  -18.0362  -20.6976
    2.9401    0.9251   -2.2426   20.3756   -1.0260   11.3787
eta,q 0.96141 23.78447
niter,ni,del,rscale     5    3    5.0000    0.8000
parameters
    0.8889   26.6452   13.9528   -5.7399  -18.6685  -20.5982
    2.8090    0.9459   -2.2749   20.5970   -1.0821   11.6410
eta,q 0.96142 23.72661
  0.0394  0.0392  0.0389  0.0389  0.0390  0.0392  0.0392  0.0395  0.0391  0.0392  0.0388  0.0388
  0.0390  0.0389  0.0387  0.0387  0.0388  0.0389  0.0388  0.0390  0.0388  0.0389  0.0387  0.0387
  0.0387  0.0387  0.0386  0.0386  0.0386  0.0387  0.0387  0.0387  0.0386  0.0387  0.0386  0.0386
  0.0386  0.0386  0.0386  0.0386  0.0386  0.0386  0.0386  0.0386  0.0386  0.0386  0.0386  0.0386
  0.0387  0.0386  0.0386  0.0386  0.0387  0.0387  0.0387  0.0387  0.0387  0.0386  0.0386  0.0386
  0.0389  0.0388  0.0387  0.0387  0.0389  0.0388  0.0389  0.0390  0.0388  0.0388  0.0387  0.0387
  0.0393  0.0391  0.0389  0.0389  0.0393  0.0392  0.0393  0.0395  0.0391  0.0391  0.0388  0.0388
niter,ni,del,rscale     4    3    5.0000    0.7000
parameters
    0.8996   26.7041   13.9798   -5.8910  -18.8868  -20.5730
    2.7857    1.0162   -2.2615   20.7520   -1.0568   11.6144
eta,q 0.96141 23.70307
  0.0392  0.0390  0.0388  0.0388  0.0389  0.0391  0.0391  0.0393  0.0390  0.0390  0.0388  0.0388
  0.0389  0.0388  0.0387  0.0387  0.0387  0.0388  0.0388  0.0389  0.0388  0.0388  0.0387  0.0387
  0.0387  0.0386  0.0386  0.0386  0.0386  0.0386  0.0386  0.0387  0.0386  0.0387  0.0386  0.0386
  0.0386  0.0386  0.0386  0.0386  0.0386  0.0386  0.0386  0.0386  0.0386  0.0386  0.0386  0.0386
  0.0387  0.0386  0.0386  0.0386  0.0386  0.0386  0.0386  0.0386  0.0386  0.0386  0.0386  0.0386
  0.0388  0.0387  0.0387  0.0387  0.0388  0.0388  0.0388  0.0389  0.0388  0.0387  0.0387  0.0387
  0.0392  0.0390  0.0388  0.0388  0.0390  0.0390  0.0391  0.0393  0.0390  0.0390  0.0388  0.0388
niter,ni,del,rscale     3    3    5.0000    0.6000
parameters
    0.9008   26.7175   13.9925   -5.9589  -18.9240  -20.5205
    2.7683    1.0579   -2.2716   20.8407   -1.0248   11.5358
eta,q 0.96141 23.69681
  0.0390  0.0389  0.0388  0.0388  0.0389  0.0389  0.0389  0.0391  0.0389  0.0389  0.0387  0.0387
  0.0388  0.0387  0.0387  0.0387  0.0387  0.0388  0.0388  0.0388  0.0387  0.0387  0.0387  0.0386
  0.0386  0.0386  0.0386  0.0386  0.0386  0.0386  0.0386  0.0387  0.0386  0.0386  0.0386  0.0386
  0.0386  0.0386  0.0386  0.0386  0.0386  0.0386  0.0386  0.0386  0.0386  0.0386  0.0386  0.0386
  0.0386  0.0386  0.0386  0.0386  0.0386  0.0386  0.0386  0.0386  0.0386  0.0386  0.0386  0.0386
  0.0388  0.0387  0.0387  0.0387  0.0387  0.0387  0.0388  0.0388  0.0387  0.0387  0.0387  0.0386
  0.0390  0.0389  0.0388  0.0388  0.0389  0.0389  0.0390  0.0391  0.0389  0.0389  0.0387  0.0387
niter,ni,del,rscale     2    3    5.0000    0.5000
parameters
    0.9109   26.7278   14.0065   -6.0170  -18.8993  -20.5029
    2.7384    1.1042   -2.3005   20.9203   -0.9376   11.4588
eta,q 0.96141 23.69536
  0.0389  0.0388  0.0387  0.0387  0.0388  0.0388  0.0388  0.0389  0.0388  0.0388  0.0387  0.0387
  0.0387  0.0387  0.0386  0.0386  0.0387  0.0387  0.0387  0.0387  0.0387  0.0387  0.0386  0.0386
  0.0386  0.0386  0.0386  0.0386  0.0386  0.0386  0.0386  0.0386  0.0386  0.0386  0.0386  0.0386
  0.0386  0.0386  0.0386  0.0386  0.0386  0.0386  0.0386  0.0386  0.0386  0.0386  0.0386  0.0386
  0.0386  0.0386  0.0386  0.0386  0.0386  0.0386  0.0386  0.0386  0.0386  0.0386  0.0386  0.0386
  0.0387  0.0387  0.0386  0.0386  0.0387  0.0387  0.0387  0.0387  0.0387  0.0387  0.0386  0.0386
  0.0389  0.0388  0.0387  0.0387  0.0388  0.0388  0.0388  0.0389  0.0388  0.0388  0.0387  0.0387
niter,ni,del,rscale     1    3    5.0000    0.4000
parameters
    0.9230   26.7241   14.0181   -6.0591  -18.8586  -20.5096
    2.7310    1.1524   -2.3485   20.9543   -0.9487   11.3579
eta,q 0.96142 23.69587
  0.0388  0.0387  0.0387  0.0387  0.0387  0.0387  0.0387  0.0388  0.0387  0.0387  0.0386  0.0386
  0.0387  0.0386  0.0386  0.0386  0.0386  0.0387  0.0387  0.0387  0.0386  0.0386  0.0386  0.0386
  0.0386  0.0386  0.0386  0.0386  0.0386  0.0386  0.0386  0.0386  0.0386  0.0386  0.0386  0.0386
  0.0386  0.0386  0.0386  0.0386  0.0386  0.0386  0.0386  0.0386  0.0386  0.0386  0.0386  0.0386
  0.0386  0.0386  0.0386  0.0386  0.0386  0.0386  0.0386  0.0386  0.0386  0.0386  0.0386  0.0386
  0.0387  0.0386  0.0386  0.0386  0.0386  0.0387  0.0387  0.0387  0.0386  0.0386  0.0386  0.0386
  0.0388  0.0387  0.0387  0.0387  0.0387  0.0387  0.0388  0.0388  0.0387  0.0387  0.0386  0.0386
registration optimization eta report
parameter search radius
    0.8000    0.8000    0.8000    2.4000    2.4000    2.4000
    2.4000    2.4000    2.4000    2.4000    2.4000    2.4000
100000*second partial in parameter space
       28.       21.       13.        1.        2.        3.
        3.        4.        2.        2.        1.        1.
  0.0388  0.0387  0.0387  0.0387  0.0387  0.0387  0.0387  0.0388  0.0387  0.0387  0.0386  0.0386
  0.0387  0.0386  0.0386  0.0386  0.0386  0.0387  0.0387  0.0387  0.0386  0.0386  0.0386  0.0386
  0.0386  0.0386  0.0386  0.0386  0.0386  0.0386  0.0386  0.0386  0.0386  0.0386  0.0386  0.0386
  0.0386  0.0386  0.0386  0.0386  0.0386  0.0386  0.0386  0.0386  0.0386  0.0386  0.0386  0.0386
  0.0386  0.0386  0.0386  0.0386  0.0386  0.0386  0.0386  0.0386  0.0386  0.0386  0.0386  0.0386
  0.0387  0.0386  0.0386  0.0386  0.0386  0.0387  0.0387  0.0387  0.0386  0.0386  0.0386  0.0386
  0.0388  0.0387  0.0387  0.0387  0.0387  0.0387  0.0388  0.0388  0.0387  0.0387  0.0386  0.0386
    0.9230   26.7241   14.0181   -6.0591  -18.8586  -20.5096
    2.7310    1.1524   -2.3485   20.9543   -0.9487   11.3579
eta,q 0.96142 23.69587

---------------------------------------------------------------------
compute_vox2vox talsrcimg talsrcimg_to_711-2C_as_mni_average_305_t4 /opt/freesurfer/average/711-2C_as_mni_average_305
---------------------------------------------------------------------

freesurfer compute_vox2vox.c
Reading: talsrcimg.4dfp.ifh
Reading: talsrcimg_to_711-2C_as_mni_average_305_t4
Reading: /opt/freesurfer/average/711-2C_as_mni_average_305.4dfp.ifh
Writing: talsrcimg_to_711-2C_as_mni_average_305_t4_vox2vox.txt

start time Sun Mar 8 20:39:00 CET 2026
end		time Sun Mar 8 20:40:26 CET 2026

mpr2mni305 success

avi2talxfm orig_nu.mgz /opt/freesurfer/average/mni305.cor.mgz talsrcimg_to_711-2C_as_mni_average_305_t4_vox2vox.txt transforms/talairach.auto.xfm
avi2talxfm done
mv -f /out/sourcedata/freesurfer/sub-v1s15x0050197_ses-1/mri/talsrcimg_to_711-2C_as_mni_average_305_t4_vox2vox.txt /out/sourcedata/freesurfer/sub-v1s15x0050197_ses-1/mri/transforms/talsrcimg_to_711-2C_as_mni_average_305_t4_vox2vox.txt
lta_convert --src orig_nu.mgz --trg /opt/freesurfer/average/mni305.cor.mgz --inxfm transforms/talairach.auto.xfm --outlta transforms/talairach.auto.xfm.lta --subject fsaverage
7.3.2

--src: orig_nu.mgz src image (geometry).
--trg: /opt/freesurfer/average/mni305.cor.mgz trg image (geometry).
--inmni: transforms/talairach.auto.xfm input MNI/XFM transform.
--outlta: transforms/talairach.auto.xfm.lta output LTA.
--s: fsaverage subject name
 LTA read, type : 1
 1.06356  -0.00621  -0.03493  -6.28491;
 0.00861   1.30616  -0.18312  -28.06984;
 0.02856  -0.33749   1.27870   3.87538;
 0.00000   0.00000   0.00000   1.00000;
setting subject to fsaverage
Writing  LTA to file transforms/talairach.auto.xfm.lta...
lta_convert successful.
 
 
Started at Sun Mar 8 20:38:59 CET 2026
Ended   at Sun Mar  8 20:40:26 CET 2026
talairach_avi done
