status file for recon-all
Sun Mar  8 23:03:39 CET 2026
#@# Tessellate lh Sun Mar  8 23:03:39 CET 2026
#@# Smooth1 lh Sun Mar  8 23:03:42 CET 2026
#@# Inflation1 lh Sun Mar  8 23:03:45 CET 2026
#@# QSphere lh Sun Mar  8 23:03:55 CET 2026
#@# Fix Topology lh Sun Mar  8 23:04:55 CET 2026
#@# Smooth2 lh Sun Mar  8 23:10:05 CET 2026
#@# Inflation2 lh Sun Mar  8 23:10:08 CET 2026
#@# Curv .H and .K lh Sun Mar  8 23:10:18 CET 2026
#@# Sphere lh Sun Mar  8 23:11:05 CET 2026
#@# Surf Reg lh Sun Mar  8 23:12:49 CET 2026
#@# Jacobian white lh Sun Mar  8 23:15:42 CET 2026
#@# AvgCurv lh Sun Mar  8 23:15:43 CET 2026
#@# Cortical Parc lh Sun Mar  8 23:15:43 CET 2026
#@# white curv lh Sun Mar  8 23:21:39 CET 2026
#@# white area lh Sun Mar  8 23:21:41 CET 2026
#@# pial curv lh Sun Mar  8 23:21:41 CET 2026
#@# pial area lh Sun Mar  8 23:21:43 CET 2026
#@# thickness lh Sun Mar  8 23:21:44 CET 2026
#@# area and vertex vol lh Sun Mar  8 23:22:13 CET 2026
#@# Curvature Stats lh Sun Mar  8 23:22:14 CET 2026
#@# Cortical Parc 2 lh Sun Mar  8 23:22:17 CET 2026
#@# Cortical Parc 3 lh Sun Mar  8 23:22:30 CET 2026
#@# WM/GM Contrast lh Sun Mar  8 23:22:39 CET 2026
recon-all -s sub-v1s15x0050214_ses-1 finished without error at Sun Mar  8 23:22:42 CET 2026



#New# invocation of recon-all 



status file for recon-all
Sun Mar  8 23:48:24 CET 2026
#@# white curv lh Sun Mar  8 23:48:24 CET 2026
#@# white area lh Sun Mar  8 23:48:24 CET 2026
#@# pial curv lh Sun Mar  8 23:48:24 CET 2026
#@# pial area lh Sun Mar  8 23:48:24 CET 2026
#@# thickness lh Sun Mar  8 23:48:24 CET 2026
#@# area and vertex vol lh Sun Mar  8 23:48:24 CET 2026
#@# Parcellation Stats lh Sun Mar  8 23:48:24 CET 2026
#@# Parcellation Stats 2 lh Sun Mar  8 23:48:42 CET 2026
#@# Parcellation Stats 3 lh Sun Mar  8 23:48:51 CET 2026
#@# BA_exvivo Labels lh Sun Mar  8 23:49:00 CET 2026
recon-all -s sub-v1s15x0050214_ses-1 finished without error at Sun Mar  8 23:51:22 CET 2026
