status file for recon-all
Sun Mar  8 23:22:47 CET 2026
#@# Tessellate rh Sun Mar  8 23:22:47 CET 2026
#@# Smooth1 rh Sun Mar  8 23:22:50 CET 2026
#@# Inflation1 rh Sun Mar  8 23:22:53 CET 2026
#@# QSphere rh Sun Mar  8 23:23:02 CET 2026
#@# Fix Topology rh Sun Mar  8 23:23:51 CET 2026
#@# Smooth2 rh Sun Mar  8 23:29:36 CET 2026
#@# Inflation2 rh Sun Mar  8 23:29:39 CET 2026
#@# Curv .H and .K rh Sun Mar  8 23:29:49 CET 2026
#@# Sphere rh Sun Mar  8 23:30:35 CET 2026
#@# Surf Reg rh Sun Mar  8 23:33:03 CET 2026
#@# Jacobian white rh Sun Mar  8 23:36:01 CET 2026
#@# AvgCurv rh Sun Mar  8 23:36:02 CET 2026
#@# Cortical Parc rh Sun Mar  8 23:36:03 CET 2026
#@# white curv rh Sun Mar  8 23:42:01 CET 2026
#@# white area rh Sun Mar  8 23:42:02 CET 2026
#@# pial curv rh Sun Mar  8 23:42:03 CET 2026
#@# pial area rh Sun Mar  8 23:42:04 CET 2026
#@# thickness rh Sun Mar  8 23:42:05 CET 2026
#@# area and vertex vol rh Sun Mar  8 23:42:34 CET 2026
#@# Curvature Stats rh Sun Mar  8 23:42:35 CET 2026
#@# Cortical Parc 2 rh Sun Mar  8 23:42:38 CET 2026
#@# Cortical Parc 3 rh Sun Mar  8 23:42:51 CET 2026
#@# WM/GM Contrast rh Sun Mar  8 23:43:00 CET 2026
recon-all -s sub-v1s15x0050214_ses-1 finished without error at Sun Mar  8 23:43:03 CET 2026



#New# invocation of recon-all 



status file for recon-all
Sun Mar  8 23:51:25 CET 2026
#@# white curv rh Sun Mar  8 23:51:25 CET 2026
#@# white area rh Sun Mar  8 23:51:25 CET 2026
#@# pial curv rh Sun Mar  8 23:51:25 CET 2026
#@# pial area rh Sun Mar  8 23:51:25 CET 2026
#@# thickness rh Sun Mar  8 23:51:25 CET 2026
#@# area and vertex vol rh Sun Mar  8 23:51:25 CET 2026
#@# Parcellation Stats rh Sun Mar  8 23:51:25 CET 2026
#@# Parcellation Stats 2 rh Sun Mar  8 23:51:43 CET 2026
#@# Parcellation Stats 3 rh Sun Mar  8 23:51:53 CET 2026
#@# BA_exvivo Labels rh Sun Mar  8 23:52:02 CET 2026
recon-all -s sub-v1s15x0050214_ses-1 finished without error at Sun Mar  8 23:54:23 CET 2026
