status file for recon-all
Sun Mar  8 21:30:19 CET 2026
#@# MotionCor Sun Mar  8 21:30:21 CET 2026
#@# Talairach Sun Mar  8 21:30:28 CET 2026
#@# Talairach Failure Detection Sun Mar  8 21:34:53 CET 2026
#@# Nu Intensity Correction Sun Mar  8 21:34:53 CET 2026
#@# Intensity Normalization Sun Mar  8 21:38:06 CET 2026
recon-all -s sub-v1s15x0050214_ses-1 finished without error at Sun Mar  8 21:39:39 CET 2026



#New# invocation of recon-all 



status file for recon-all
Sun Mar  8 21:46:44 CET 2026
#@# EM Registration Sun Mar  8 21:46:44 CET 2026
recon-all -s sub-v1s15x0050214_ses-1 finished without error at Sun Mar  8 21:48:15 CET 2026



#New# invocation of recon-all 



status file for recon-all
Sun Mar  8 21:48:18 CET 2026
#@# CA Normalize Sun Mar  8 21:48:18 CET 2026
#@# CA Reg Sun Mar  8 21:49:41 CET 2026
#@# SubCort Seg Sun Mar  8 22:28:46 CET 2026
#@# CC Seg Sun Mar  8 22:57:49 CET 2026
#@# Merge ASeg Sun Mar  8 22:58:25 CET 2026
#@# Intensity Normalization2 Sun Mar  8 22:58:25 CET 2026
#@# Mask BFS Sun Mar  8 23:00:41 CET 2026
#@# WM Segmentation Sun Mar  8 23:00:42 CET 2026
#@# Fill Sun Mar  8 23:02:34 CET 2026
recon-all -s sub-v1s15x0050214_ses-1 finished without error at Sun Mar  8 23:03:36 CET 2026



#New# invocation of recon-all 



status file for recon-all
Sun Mar  8 23:43:07 CET 2026
#@# white curv lh Sun Mar  8 23:43:07 CET 2026
#@# white area lh Sun Mar  8 23:43:07 CET 2026
#@# pial curv lh Sun Mar  8 23:43:07 CET 2026
#@# pial area lh Sun Mar  8 23:43:07 CET 2026
#@# thickness lh Sun Mar  8 23:43:08 CET 2026
#@# area and vertex vol lh Sun Mar  8 23:43:08 CET 2026
#@# white curv rh Sun Mar  8 23:43:08 CET 2026
#@# white area rh Sun Mar  8 23:43:08 CET 2026
#@# pial curv rh Sun Mar  8 23:43:08 CET 2026
#@# pial area rh Sun Mar  8 23:43:08 CET 2026
#@# thickness rh Sun Mar  8 23:43:08 CET 2026
#@# area and vertex vol rh Sun Mar  8 23:43:08 CET 2026
#@# Cortical ribbon mask Sun Mar  8 23:43:08 CET 2026
recon-all -s sub-v1s15x0050214_ses-1 finished without error at Sun Mar  8 23:48:19 CET 2026



#New# invocation of recon-all 



status file for recon-all
Sun Mar  8 23:54:29 CET 2026
#@# white curv lh Sun Mar  8 23:54:29 CET 2026
#@# white area lh Sun Mar  8 23:54:29 CET 2026
#@# pial curv lh Sun Mar  8 23:54:29 CET 2026
#@# pial area lh Sun Mar  8 23:54:29 CET 2026
#@# thickness lh Sun Mar  8 23:54:29 CET 2026
#@# area and vertex vol lh Sun Mar  8 23:54:29 CET 2026
#@# white curv rh Sun Mar  8 23:54:29 CET 2026
#@# white area rh Sun Mar  8 23:54:29 CET 2026
#@# pial curv rh Sun Mar  8 23:54:30 CET 2026
#@# pial area rh Sun Mar  8 23:54:30 CET 2026
#@# thickness rh Sun Mar  8 23:54:30 CET 2026
#@# area and vertex vol rh Sun Mar  8 23:54:30 CET 2026
#@# Curvature Stats lh Sun Mar  8 23:54:30 CET 2026
#@# Curvature Stats rh Sun Mar  8 23:54:32 CET 2026
#@# Relabel Hypointensities Sun Mar  8 23:54:34 CET 2026
#@# APas-to-ASeg Sun Mar  8 23:54:49 CET 2026
#@# AParc-to-ASeg aparc Sun Mar  8 23:54:57 CET 2026
#@# AParc-to-ASeg aparc.a2009s Sun Mar  8 23:55:33 CET 2026
#@# AParc-to-ASeg aparc.DKTatlas Sun Mar  8 23:56:09 CET 2026
#@# WMParc Sun Mar  8 23:56:42 CET 2026
#@# ASeg Stats Mon Mar  9 00:00:12 CET 2026
recon-all -s sub-v1s15x0050214_ses-1 finished without error at Mon Mar  9 00:00:43 CET 2026
