status file for recon-all
Sun Mar  8 22:21:34 CET 2026
#@# Tessellate rh Sun Mar  8 22:21:34 CET 2026
#@# Smooth1 rh Sun Mar  8 22:21:37 CET 2026
#@# Inflation1 rh Sun Mar  8 22:21:40 CET 2026
#@# QSphere rh Sun Mar  8 22:21:49 CET 2026
#@# Fix Topology rh Sun Mar  8 22:22:42 CET 2026
#@# Smooth2 rh Sun Mar  8 22:29:17 CET 2026
#@# Inflation2 rh Sun Mar  8 22:29:19 CET 2026
#@# Curv .H and .K rh Sun Mar  8 22:29:30 CET 2026
#@# Sphere rh Sun Mar  8 22:30:20 CET 2026
#@# Surf Reg rh Sun Mar  8 22:33:11 CET 2026
#@# Jacobian white rh Sun Mar  8 22:36:38 CET 2026
#@# AvgCurv rh Sun Mar  8 22:36:39 CET 2026
#@# Cortical Parc rh Sun Mar  8 22:36:40 CET 2026
#@# white curv rh Sun Mar  8 22:42:23 CET 2026
#@# white area rh Sun Mar  8 22:42:24 CET 2026
#@# pial curv rh Sun Mar  8 22:42:25 CET 2026
#@# pial area rh Sun Mar  8 22:42:27 CET 2026
#@# thickness rh Sun Mar  8 22:42:27 CET 2026
#@# area and vertex vol rh Sun Mar  8 22:42:56 CET 2026
#@# Curvature Stats rh Sun Mar  8 22:42:57 CET 2026
#@# Cortical Parc 2 rh Sun Mar  8 22:42:59 CET 2026
#@# Cortical Parc 3 rh Sun Mar  8 22:43:12 CET 2026
#@# WM/GM Contrast rh Sun Mar  8 22:43:21 CET 2026
recon-all -s sub-v1s15x0050190_ses-1 finished without error at Sun Mar  8 22:43:24 CET 2026



#New# invocation of recon-all 



status file for recon-all
Sun Mar  8 22:51:21 CET 2026
#@# white curv rh Sun Mar  8 22:51:21 CET 2026
#@# white area rh Sun Mar  8 22:51:21 CET 2026
#@# pial curv rh Sun Mar  8 22:51:21 CET 2026
#@# pial area rh Sun Mar  8 22:51:21 CET 2026
#@# thickness rh Sun Mar  8 22:51:21 CET 2026
#@# area and vertex vol rh Sun Mar  8 22:51:21 CET 2026
#@# Parcellation Stats rh Sun Mar  8 22:51:21 CET 2026
#@# Parcellation Stats 2 rh Sun Mar  8 22:51:38 CET 2026
#@# Parcellation Stats 3 rh Sun Mar  8 22:51:47 CET 2026
#@# BA_exvivo Labels rh Sun Mar  8 22:51:56 CET 2026
recon-all -s sub-v1s15x0050190_ses-1 finished without error at Sun Mar  8 22:54:11 CET 2026
