status file for recon-all
Sun Mar  8 20:28:28 CET 2026
#@# MotionCor Sun Mar  8 20:28:30 CET 2026
#@# Talairach Sun Mar  8 20:28:37 CET 2026
#@# Talairach Failure Detection Sun Mar  8 20:33:01 CET 2026
#@# Nu Intensity Correction Sun Mar  8 20:33:01 CET 2026
#@# Intensity Normalization Sun Mar  8 20:36:14 CET 2026
recon-all -s sub-v1s15x0050190_ses-1 finished without error at Sun Mar  8 20:37:49 CET 2026



#New# invocation of recon-all 



status file for recon-all
Sun Mar  8 20:44:31 CET 2026
#@# EM Registration Sun Mar  8 20:44:31 CET 2026
recon-all -s sub-v1s15x0050190_ses-1 finished without error at Sun Mar  8 20:46:11 CET 2026



#New# invocation of recon-all 



status file for recon-all
Sun Mar  8 20:46:15 CET 2026
#@# CA Normalize Sun Mar  8 20:46:15 CET 2026
#@# CA Reg Sun Mar  8 20:47:39 CET 2026
#@# SubCort Seg Sun Mar  8 21:26:33 CET 2026
#@# CC Seg Sun Mar  8 21:56:43 CET 2026
#@# Merge ASeg Sun Mar  8 21:57:22 CET 2026
#@# Intensity Normalization2 Sun Mar  8 21:57:22 CET 2026
#@# Mask BFS Sun Mar  8 21:59:33 CET 2026
#@# WM Segmentation Sun Mar  8 21:59:34 CET 2026
#@# Fill Sun Mar  8 22:01:30 CET 2026
recon-all -s sub-v1s15x0050190_ses-1 finished without error at Sun Mar  8 22:02:31 CET 2026



#New# invocation of recon-all 



status file for recon-all
Sun Mar  8 22:43:28 CET 2026
#@# white curv lh Sun Mar  8 22:43:28 CET 2026
#@# white area lh Sun Mar  8 22:43:28 CET 2026
#@# pial curv lh Sun Mar  8 22:43:28 CET 2026
#@# pial area lh Sun Mar  8 22:43:28 CET 2026
#@# thickness lh Sun Mar  8 22:43:28 CET 2026
#@# area and vertex vol lh Sun Mar  8 22:43:28 CET 2026
#@# white curv rh Sun Mar  8 22:43:28 CET 2026
#@# white area rh Sun Mar  8 22:43:28 CET 2026
#@# pial curv rh Sun Mar  8 22:43:28 CET 2026
#@# pial area rh Sun Mar  8 22:43:28 CET 2026
#@# thickness rh Sun Mar  8 22:43:28 CET 2026
#@# area and vertex vol rh Sun Mar  8 22:43:28 CET 2026
#@# Cortical ribbon mask Sun Mar  8 22:43:29 CET 2026
recon-all -s sub-v1s15x0050190_ses-1 finished without error at Sun Mar  8 22:48:40 CET 2026



#New# invocation of recon-all 



status file for recon-all
Sun Mar  8 22:54:16 CET 2026
#@# white curv lh Sun Mar  8 22:54:16 CET 2026
#@# white area lh Sun Mar  8 22:54:16 CET 2026
#@# pial curv lh Sun Mar  8 22:54:16 CET 2026
#@# pial area lh Sun Mar  8 22:54:16 CET 2026
#@# thickness lh Sun Mar  8 22:54:16 CET 2026
#@# area and vertex vol lh Sun Mar  8 22:54:16 CET 2026
#@# white curv rh Sun Mar  8 22:54:16 CET 2026
#@# white area rh Sun Mar  8 22:54:17 CET 2026
#@# pial curv rh Sun Mar  8 22:54:17 CET 2026
#@# pial area rh Sun Mar  8 22:54:17 CET 2026
#@# thickness rh Sun Mar  8 22:54:17 CET 2026
#@# area and vertex vol rh Sun Mar  8 22:54:17 CET 2026
#@# Curvature Stats lh Sun Mar  8 22:54:17 CET 2026
#@# Curvature Stats rh Sun Mar  8 22:54:18 CET 2026
#@# Relabel Hypointensities Sun Mar  8 22:54:21 CET 2026
#@# APas-to-ASeg Sun Mar  8 22:54:35 CET 2026
#@# AParc-to-ASeg aparc Sun Mar  8 22:54:42 CET 2026
#@# AParc-to-ASeg aparc.a2009s Sun Mar  8 22:55:13 CET 2026
#@# AParc-to-ASeg aparc.DKTatlas Sun Mar  8 22:55:42 CET 2026
#@# WMParc Sun Mar  8 22:56:11 CET 2026
#@# ASeg Stats Sun Mar  8 22:59:38 CET 2026
recon-all -s sub-v1s15x0050190_ses-1 finished without error at Sun Mar  8 23:00:09 CET 2026
