status file for recon-all
Sun Mar  8 20:35:56 CET 2026
#@# MotionCor Sun Mar  8 20:35:58 CET 2026
#@# Talairach Sun Mar  8 20:36:05 CET 2026
#@# Talairach Failure Detection Sun Mar  8 20:40:28 CET 2026
#@# Nu Intensity Correction Sun Mar  8 20:40:28 CET 2026
#@# Intensity Normalization Sun Mar  8 20:43:42 CET 2026
recon-all -s sub-v1s15x0050197_ses-1 finished without error at Sun Mar  8 20:45:24 CET 2026



#New# invocation of recon-all 



status file for recon-all
Sun Mar  8 20:52:36 CET 2026
#@# EM Registration Sun Mar  8 20:52:36 CET 2026
recon-all -s sub-v1s15x0050197_ses-1 finished without error at Sun Mar  8 20:54:22 CET 2026



#New# invocation of recon-all 



status file for recon-all
Sun Mar  8 20:54:25 CET 2026
#@# CA Normalize Sun Mar  8 20:54:25 CET 2026
#@# CA Reg Sun Mar  8 20:55:47 CET 2026
#@# SubCort Seg Sun Mar  8 21:40:58 CET 2026
#@# CC Seg Sun Mar  8 22:15:50 CET 2026
#@# Merge ASeg Sun Mar  8 22:16:25 CET 2026
#@# Intensity Normalization2 Sun Mar  8 22:16:25 CET 2026
#@# Mask BFS Sun Mar  8 22:18:50 CET 2026
#@# WM Segmentation Sun Mar  8 22:18:50 CET 2026
#@# Fill Sun Mar  8 22:20:56 CET 2026
recon-all -s sub-v1s15x0050197_ses-1 finished without error at Sun Mar  8 22:21:59 CET 2026



#New# invocation of recon-all 



status file for recon-all
Sun Mar  8 23:12:05 CET 2026
#@# white curv lh Sun Mar  8 23:12:05 CET 2026
#@# white area lh Sun Mar  8 23:12:05 CET 2026
#@# pial curv lh Sun Mar  8 23:12:05 CET 2026
#@# pial area lh Sun Mar  8 23:12:05 CET 2026
#@# thickness lh Sun Mar  8 23:12:05 CET 2026
#@# area and vertex vol lh Sun Mar  8 23:12:05 CET 2026
#@# white curv rh Sun Mar  8 23:12:05 CET 2026
#@# white area rh Sun Mar  8 23:12:05 CET 2026
#@# pial curv rh Sun Mar  8 23:12:05 CET 2026
#@# pial area rh Sun Mar  8 23:12:05 CET 2026
#@# thickness rh Sun Mar  8 23:12:05 CET 2026
#@# area and vertex vol rh Sun Mar  8 23:12:05 CET 2026
#@# Cortical ribbon mask Sun Mar  8 23:12:05 CET 2026
recon-all -s sub-v1s15x0050197_ses-1 finished without error at Sun Mar  8 23:20:49 CET 2026



#New# invocation of recon-all 



status file for recon-all
Sun Mar  8 23:27:06 CET 2026
#@# white curv lh Sun Mar  8 23:27:06 CET 2026
#@# white area lh Sun Mar  8 23:27:06 CET 2026
#@# pial curv lh Sun Mar  8 23:27:07 CET 2026
#@# pial area lh Sun Mar  8 23:27:07 CET 2026
#@# thickness lh Sun Mar  8 23:27:07 CET 2026
#@# area and vertex vol lh Sun Mar  8 23:27:07 CET 2026
#@# white curv rh Sun Mar  8 23:27:07 CET 2026
#@# white area rh Sun Mar  8 23:27:07 CET 2026
#@# pial curv rh Sun Mar  8 23:27:07 CET 2026
#@# pial area rh Sun Mar  8 23:27:07 CET 2026
#@# thickness rh Sun Mar  8 23:27:07 CET 2026
#@# area and vertex vol rh Sun Mar  8 23:27:07 CET 2026
#@# Curvature Stats lh Sun Mar  8 23:27:07 CET 2026
#@# Curvature Stats rh Sun Mar  8 23:27:09 CET 2026
#@# Relabel Hypointensities Sun Mar  8 23:27:11 CET 2026
#@# APas-to-ASeg Sun Mar  8 23:27:27 CET 2026
#@# AParc-to-ASeg aparc Sun Mar  8 23:27:34 CET 2026
#@# AParc-to-ASeg aparc.a2009s Sun Mar  8 23:28:08 CET 2026
#@# AParc-to-ASeg aparc.DKTatlas Sun Mar  8 23:28:44 CET 2026
#@# WMParc Sun Mar  8 23:29:20 CET 2026
#@# ASeg Stats Sun Mar  8 23:32:51 CET 2026
recon-all -s sub-v1s15x0050197_ses-1 finished without error at Sun Mar  8 23:33:23 CET 2026
