status file for recon-all
Sun Mar  8 22:22:06 CET 2026
#@# Tessellate lh Sun Mar  8 22:22:06 CET 2026
#@# Smooth1 lh Sun Mar  8 22:22:09 CET 2026
#@# Inflation1 lh Sun Mar  8 22:22:12 CET 2026
#@# QSphere lh Sun Mar  8 22:22:22 CET 2026
#@# Fix Topology lh Sun Mar  8 22:23:20 CET 2026
#@# Smooth2 lh Sun Mar  8 22:30:25 CET 2026
#@# Inflation2 lh Sun Mar  8 22:30:28 CET 2026
#@# Curv .H and .K lh Sun Mar  8 22:30:39 CET 2026
#@# Sphere lh Sun Mar  8 22:31:30 CET 2026
#@# Surf Reg lh Sun Mar  8 22:34:31 CET 2026
#@# Jacobian white lh Sun Mar  8 22:37:58 CET 2026
#@# AvgCurv lh Sun Mar  8 22:37:59 CET 2026
#@# Cortical Parc lh Sun Mar  8 22:38:00 CET 2026
#@# white curv lh Sun Mar  8 22:44:55 CET 2026
#@# white area lh Sun Mar  8 22:44:57 CET 2026
#@# pial curv lh Sun Mar  8 22:44:57 CET 2026
#@# pial area lh Sun Mar  8 22:44:59 CET 2026
#@# thickness lh Sun Mar  8 22:45:00 CET 2026
#@# area and vertex vol lh Sun Mar  8 22:45:33 CET 2026
#@# Curvature Stats lh Sun Mar  8 22:45:34 CET 2026
#@# Cortical Parc 2 lh Sun Mar  8 22:45:37 CET 2026
#@# Cortical Parc 3 lh Sun Mar  8 22:45:50 CET 2026
#@# WM/GM Contrast lh Sun Mar  8 22:46:01 CET 2026
recon-all -s sub-v1s15x0050197_ses-1 finished without error at Sun Mar  8 22:46:04 CET 2026



#New# invocation of recon-all 



status file for recon-all
Sun Mar  8 23:20:52 CET 2026
#@# white curv lh Sun Mar  8 23:20:53 CET 2026
#@# white area lh Sun Mar  8 23:20:53 CET 2026
#@# pial curv lh Sun Mar  8 23:20:53 CET 2026
#@# pial area lh Sun Mar  8 23:20:53 CET 2026
#@# thickness lh Sun Mar  8 23:20:53 CET 2026
#@# area and vertex vol lh Sun Mar  8 23:20:53 CET 2026
#@# Parcellation Stats lh Sun Mar  8 23:20:53 CET 2026
#@# Parcellation Stats 2 lh Sun Mar  8 23:21:13 CET 2026
#@# Parcellation Stats 3 lh Sun Mar  8 23:21:24 CET 2026
#@# BA_exvivo Labels lh Sun Mar  8 23:21:34 CET 2026
recon-all -s sub-v1s15x0050197_ses-1 finished without error at Sun Mar  8 23:24:06 CET 2026
