status file for recon-all
Sun Mar  8 23:01:06 CET 2026
#@# Tessellate lh Sun Mar  8 23:01:06 CET 2026
#@# Smooth1 lh Sun Mar  8 23:01:10 CET 2026
#@# Inflation1 lh Sun Mar  8 23:01:12 CET 2026
#@# QSphere lh Sun Mar  8 23:01:21 CET 2026
#@# Fix Topology lh Sun Mar  8 23:02:17 CET 2026
#@# Smooth2 lh Sun Mar  8 23:07:20 CET 2026
#@# Inflation2 lh Sun Mar  8 23:07:22 CET 2026
#@# Curv .H and .K lh Sun Mar  8 23:07:32 CET 2026
#@# Sphere lh Sun Mar  8 23:08:20 CET 2026
#@# Surf Reg lh Sun Mar  8 23:11:00 CET 2026
#@# Jacobian white lh Sun Mar  8 23:14:46 CET 2026
#@# AvgCurv lh Sun Mar  8 23:14:46 CET 2026
#@# Cortical Parc lh Sun Mar  8 23:14:47 CET 2026
#@# white curv lh Sun Mar  8 23:20:28 CET 2026
#@# white area lh Sun Mar  8 23:20:30 CET 2026
#@# pial curv lh Sun Mar  8 23:20:30 CET 2026
#@# pial area lh Sun Mar  8 23:20:32 CET 2026
#@# thickness lh Sun Mar  8 23:20:33 CET 2026
#@# area and vertex vol lh Sun Mar  8 23:21:02 CET 2026
#@# Curvature Stats lh Sun Mar  8 23:21:04 CET 2026
#@# Cortical Parc 2 lh Sun Mar  8 23:21:06 CET 2026
#@# Cortical Parc 3 lh Sun Mar  8 23:21:19 CET 2026
#@# WM/GM Contrast lh Sun Mar  8 23:21:29 CET 2026
recon-all -s sub-v1s15x0050213_ses-1 finished without error at Sun Mar  8 23:21:31 CET 2026



#New# invocation of recon-all 



status file for recon-all
Sun Mar  8 23:47:33 CET 2026
#@# white curv lh Sun Mar  8 23:47:33 CET 2026
#@# white area lh Sun Mar  8 23:47:33 CET 2026
#@# pial curv lh Sun Mar  8 23:47:33 CET 2026
#@# pial area lh Sun Mar  8 23:47:33 CET 2026
#@# thickness lh Sun Mar  8 23:47:33 CET 2026
#@# area and vertex vol lh Sun Mar  8 23:47:33 CET 2026
#@# Parcellation Stats lh Sun Mar  8 23:47:33 CET 2026
#@# Parcellation Stats 2 lh Sun Mar  8 23:47:51 CET 2026
#@# Parcellation Stats 3 lh Sun Mar  8 23:48:00 CET 2026
#@# BA_exvivo Labels lh Sun Mar  8 23:48:09 CET 2026
recon-all -s sub-v1s15x0050213_ses-1 finished without error at Sun Mar  8 23:50:29 CET 2026
