status file for recon-all
Sun Mar  8 21:59:40 CET 2026
#@# MotionCor Sun Mar  8 21:59:41 CET 2026
#@# Talairach Sun Mar  8 21:59:47 CET 2026
#@# Talairach Failure Detection Sun Mar  8 22:02:37 CET 2026
#@# Nu Intensity Correction Sun Mar  8 22:02:37 CET 2026
#@# Intensity Normalization Sun Mar  8 22:05:21 CET 2026
recon-all -s sub-v1s15x0050217_ses-1 finished without error at Sun Mar  8 22:06:25 CET 2026



#New# invocation of recon-all 



status file for recon-all
Sun Mar  8 22:12:16 CET 2026
#@# EM Registration Sun Mar  8 22:12:16 CET 2026
recon-all -s sub-v1s15x0050217_ses-1 finished without error at Sun Mar  8 22:13:27 CET 2026



#New# invocation of recon-all 



status file for recon-all
Sun Mar  8 22:13:29 CET 2026
#@# CA Normalize Sun Mar  8 22:13:29 CET 2026
#@# CA Reg Sun Mar  8 22:14:22 CET 2026
#@# SubCort Seg Sun Mar  8 22:47:59 CET 2026
#@# CC Seg Sun Mar  8 23:08:21 CET 2026
#@# Merge ASeg Sun Mar  8 23:08:40 CET 2026
#@# Intensity Normalization2 Sun Mar  8 23:08:40 CET 2026
#@# Mask BFS Sun Mar  8 23:10:07 CET 2026
#@# WM Segmentation Sun Mar  8 23:10:07 CET 2026
#@# Fill Sun Mar  8 23:11:37 CET 2026
recon-all -s sub-v1s15x0050217_ses-1 finished without error at Sun Mar  8 23:12:13 CET 2026



#New# invocation of recon-all 



status file for recon-all
Sun Mar  8 23:46:54 CET 2026
#@# white curv lh Sun Mar  8 23:46:54 CET 2026
#@# white area lh Sun Mar  8 23:46:54 CET 2026
#@# pial curv lh Sun Mar  8 23:46:54 CET 2026
#@# pial area lh Sun Mar  8 23:46:54 CET 2026
#@# thickness lh Sun Mar  8 23:46:54 CET 2026
#@# area and vertex vol lh Sun Mar  8 23:46:54 CET 2026
#@# white curv rh Sun Mar  8 23:46:54 CET 2026
#@# white area rh Sun Mar  8 23:46:54 CET 2026
#@# pial curv rh Sun Mar  8 23:46:54 CET 2026
#@# pial area rh Sun Mar  8 23:46:54 CET 2026
#@# thickness rh Sun Mar  8 23:46:54 CET 2026
#@# area and vertex vol rh Sun Mar  8 23:46:54 CET 2026
#@# Cortical ribbon mask Sun Mar  8 23:46:54 CET 2026
recon-all -s sub-v1s15x0050217_ses-1 finished without error at Sun Mar  8 23:50:07 CET 2026



#New# invocation of recon-all 



status file for recon-all
Sun Mar  8 23:54:41 CET 2026
#@# white curv lh Sun Mar  8 23:54:41 CET 2026
#@# white area lh Sun Mar  8 23:54:41 CET 2026
#@# pial curv lh Sun Mar  8 23:54:41 CET 2026
#@# pial area lh Sun Mar  8 23:54:41 CET 2026
#@# thickness lh Sun Mar  8 23:54:41 CET 2026
#@# area and vertex vol lh Sun Mar  8 23:54:41 CET 2026
#@# white curv rh Sun Mar  8 23:54:41 CET 2026
#@# white area rh Sun Mar  8 23:54:41 CET 2026
#@# pial curv rh Sun Mar  8 23:54:41 CET 2026
#@# pial area rh Sun Mar  8 23:54:41 CET 2026
#@# thickness rh Sun Mar  8 23:54:41 CET 2026
#@# area and vertex vol rh Sun Mar  8 23:54:41 CET 2026
#@# Curvature Stats lh Sun Mar  8 23:54:41 CET 2026
#@# Curvature Stats rh Sun Mar  8 23:54:43 CET 2026
#@# Relabel Hypointensities Sun Mar  8 23:54:44 CET 2026
#@# APas-to-ASeg Sun Mar  8 23:54:55 CET 2026
#@# AParc-to-ASeg aparc Sun Mar  8 23:55:00 CET 2026
#@# AParc-to-ASeg aparc.a2009s Sun Mar  8 23:55:24 CET 2026
#@# AParc-to-ASeg aparc.DKTatlas Sun Mar  8 23:55:48 CET 2026
#@# WMParc Sun Mar  8 23:56:12 CET 2026
#@# ASeg Stats Sun Mar  8 23:57:50 CET 2026
recon-all -s sub-v1s15x0050217_ses-1 finished without error at Sun Mar  8 23:58:05 CET 2026
