status file for recon-all
Sun Mar  8 23:29:11 CET 2026
#@# Tessellate rh Sun Mar  8 23:29:11 CET 2026
#@# Smooth1 rh Sun Mar  8 23:29:14 CET 2026
#@# Inflation1 rh Sun Mar  8 23:29:16 CET 2026
#@# QSphere rh Sun Mar  8 23:29:24 CET 2026
#@# Fix Topology rh Sun Mar  8 23:30:04 CET 2026
#@# Smooth2 rh Sun Mar  8 23:34:18 CET 2026
#@# Inflation2 rh Sun Mar  8 23:34:20 CET 2026
#@# Curv .H and .K rh Sun Mar  8 23:34:29 CET 2026
#@# Sphere rh Sun Mar  8 23:35:05 CET 2026
#@# Surf Reg rh Sun Mar  8 23:37:40 CET 2026
#@# Jacobian white rh Sun Mar  8 23:40:53 CET 2026
#@# AvgCurv rh Sun Mar  8 23:40:54 CET 2026
#@# Cortical Parc rh Sun Mar  8 23:40:54 CET 2026
#@# white curv rh Sun Mar  8 23:46:05 CET 2026
#@# white area rh Sun Mar  8 23:46:06 CET 2026
#@# pial curv rh Sun Mar  8 23:46:07 CET 2026
#@# pial area rh Sun Mar  8 23:46:08 CET 2026
#@# thickness rh Sun Mar  8 23:46:08 CET 2026
#@# area and vertex vol rh Sun Mar  8 23:46:27 CET 2026
#@# Curvature Stats rh Sun Mar  8 23:46:28 CET 2026
#@# Cortical Parc 2 rh Sun Mar  8 23:46:30 CET 2026
#@# Cortical Parc 3 rh Sun Mar  8 23:46:40 CET 2026
#@# WM/GM Contrast rh Sun Mar  8 23:46:47 CET 2026
recon-all -s sub-v1s15x0050217_ses-1 finished without error at Sun Mar  8 23:46:49 CET 2026



#New# invocation of recon-all 



status file for recon-all
Sun Mar  8 23:52:24 CET 2026
#@# white curv rh Sun Mar  8 23:52:25 CET 2026
#@# white area rh Sun Mar  8 23:52:25 CET 2026
#@# pial curv rh Sun Mar  8 23:52:25 CET 2026
#@# pial area rh Sun Mar  8 23:52:25 CET 2026
#@# thickness rh Sun Mar  8 23:52:25 CET 2026
#@# area and vertex vol rh Sun Mar  8 23:52:25 CET 2026
#@# Parcellation Stats rh Sun Mar  8 23:52:25 CET 2026
#@# Parcellation Stats 2 rh Sun Mar  8 23:52:39 CET 2026
#@# Parcellation Stats 3 rh Sun Mar  8 23:52:46 CET 2026
#@# BA_exvivo Labels rh Sun Mar  8 23:52:53 CET 2026
recon-all -s sub-v1s15x0050217_ses-1 finished without error at Sun Mar  8 23:54:37 CET 2026
