status file for recon-all
Sun Mar  8 23:12:17 CET 2026
#@# Tessellate lh Sun Mar  8 23:12:17 CET 2026
#@# Smooth1 lh Sun Mar  8 23:12:19 CET 2026
#@# Inflation1 lh Sun Mar  8 23:12:21 CET 2026
#@# QSphere lh Sun Mar  8 23:12:29 CET 2026
#@# Fix Topology lh Sun Mar  8 23:13:04 CET 2026
#@# Smooth2 lh Sun Mar  8 23:17:30 CET 2026
#@# Inflation2 lh Sun Mar  8 23:17:32 CET 2026
#@# Curv .H and .K lh Sun Mar  8 23:17:39 CET 2026
#@# Sphere lh Sun Mar  8 23:18:14 CET 2026
#@# Surf Reg lh Sun Mar  8 23:20:39 CET 2026
#@# Jacobian white lh Sun Mar  8 23:23:24 CET 2026
#@# AvgCurv lh Sun Mar  8 23:23:25 CET 2026
#@# Cortical Parc lh Sun Mar  8 23:23:25 CET 2026
#@# white curv lh Sun Mar  8 23:28:28 CET 2026
#@# white area lh Sun Mar  8 23:28:29 CET 2026
#@# pial curv lh Sun Mar  8 23:28:29 CET 2026
#@# pial area lh Sun Mar  8 23:28:30 CET 2026
#@# thickness lh Sun Mar  8 23:28:31 CET 2026
#@# area and vertex vol lh Sun Mar  8 23:28:49 CET 2026
#@# Curvature Stats lh Sun Mar  8 23:28:50 CET 2026
#@# Cortical Parc 2 lh Sun Mar  8 23:28:51 CET 2026
#@# Cortical Parc 3 lh Sun Mar  8 23:29:00 CET 2026
#@# WM/GM Contrast lh Sun Mar  8 23:29:07 CET 2026
recon-all -s sub-v1s15x0050217_ses-1 finished without error at Sun Mar  8 23:29:09 CET 2026



#New# invocation of recon-all 



status file for recon-all
Sun Mar  8 23:50:11 CET 2026
#@# white curv lh Sun Mar  8 23:50:11 CET 2026
#@# white area lh Sun Mar  8 23:50:11 CET 2026
#@# pial curv lh Sun Mar  8 23:50:11 CET 2026
#@# pial area lh Sun Mar  8 23:50:11 CET 2026
#@# thickness lh Sun Mar  8 23:50:11 CET 2026
#@# area and vertex vol lh Sun Mar  8 23:50:11 CET 2026
#@# Parcellation Stats lh Sun Mar  8 23:50:11 CET 2026
#@# Parcellation Stats 2 lh Sun Mar  8 23:50:25 CET 2026
#@# Parcellation Stats 3 lh Sun Mar  8 23:50:31 CET 2026
#@# BA_exvivo Labels lh Sun Mar  8 23:50:38 CET 2026
recon-all -s sub-v1s15x0050217_ses-1 finished without error at Sun Mar  8 23:52:22 CET 2026
