status file for recon-all
Thu Mar 12 11:17:08 CET 2026
#@# MotionCor Thu Mar 12 11:17:10 CET 2026
#@# Talairach Thu Mar 12 11:17:17 CET 2026
#@# Talairach Failure Detection Thu Mar 12 11:21:49 CET 2026
#@# Nu Intensity Correction Thu Mar 12 11:21:49 CET 2026
#@# Intensity Normalization Thu Mar 12 11:25:03 CET 2026
recon-all -s sub-v1s15x0050193_ses-1 finished without error at Thu Mar 12 11:26:36 CET 2026



#New# invocation of recon-all 



status file for recon-all
Thu Mar 12 11:33:42 CET 2026
#@# EM Registration Thu Mar 12 11:33:42 CET 2026
recon-all -s sub-v1s15x0050193_ses-1 finished without error at Thu Mar 12 11:35:11 CET 2026



#New# invocation of recon-all 



status file for recon-all
Thu Mar 12 11:35:15 CET 2026
#@# CA Normalize Thu Mar 12 11:35:15 CET 2026
#@# CA Reg Thu Mar 12 11:36:36 CET 2026
#@# SubCort Seg Thu Mar 12 12:14:37 CET 2026
#@# CC Seg Thu Mar 12 12:41:50 CET 2026
#@# Merge ASeg Thu Mar 12 12:42:42 CET 2026
#@# Intensity Normalization2 Thu Mar 12 12:42:42 CET 2026
#@# Mask BFS Thu Mar 12 12:45:10 CET 2026
#@# WM Segmentation Thu Mar 12 12:45:11 CET 2026
#@# Fill Thu Mar 12 12:47:04 CET 2026
recon-all -s sub-v1s15x0050193_ses-1 finished without error at Thu Mar 12 12:48:07 CET 2026



#New# invocation of recon-all 



status file for recon-all
Thu Mar 12 13:30:11 CET 2026
#@# white curv lh Thu Mar 12 13:30:11 CET 2026
#@# white area lh Thu Mar 12 13:30:11 CET 2026
#@# pial curv lh Thu Mar 12 13:30:11 CET 2026
#@# pial area lh Thu Mar 12 13:30:11 CET 2026
#@# thickness lh Thu Mar 12 13:30:11 CET 2026
#@# area and vertex vol lh Thu Mar 12 13:30:11 CET 2026
#@# white curv rh Thu Mar 12 13:30:11 CET 2026
#@# white area rh Thu Mar 12 13:30:11 CET 2026
#@# pial curv rh Thu Mar 12 13:30:11 CET 2026
#@# pial area rh Thu Mar 12 13:30:11 CET 2026
#@# thickness rh Thu Mar 12 13:30:11 CET 2026
#@# area and vertex vol rh Thu Mar 12 13:30:11 CET 2026
#@# Cortical ribbon mask Thu Mar 12 13:30:11 CET 2026
recon-all -s sub-v1s15x0050193_ses-1 finished without error at Thu Mar 12 13:34:56 CET 2026



#New# invocation of recon-all 



status file for recon-all
Thu Mar 12 13:41:49 CET 2026
#@# white curv lh Thu Mar 12 13:41:49 CET 2026
#@# white area lh Thu Mar 12 13:41:49 CET 2026
#@# pial curv lh Thu Mar 12 13:41:49 CET 2026
#@# pial area lh Thu Mar 12 13:41:49 CET 2026
#@# thickness lh Thu Mar 12 13:41:49 CET 2026
#@# area and vertex vol lh Thu Mar 12 13:41:49 CET 2026
#@# white curv rh Thu Mar 12 13:41:49 CET 2026
#@# white area rh Thu Mar 12 13:41:49 CET 2026
#@# pial curv rh Thu Mar 12 13:41:49 CET 2026
#@# pial area rh Thu Mar 12 13:41:49 CET 2026
#@# thickness rh Thu Mar 12 13:41:49 CET 2026
#@# area and vertex vol rh Thu Mar 12 13:41:49 CET 2026
#@# Curvature Stats lh Thu Mar 12 13:41:49 CET 2026
#@# Curvature Stats rh Thu Mar 12 13:41:52 CET 2026
#@# Relabel Hypointensities Thu Mar 12 13:41:54 CET 2026
#@# APas-to-ASeg Thu Mar 12 13:42:11 CET 2026
#@# AParc-to-ASeg aparc Thu Mar 12 13:42:19 CET 2026
#@# AParc-to-ASeg aparc.a2009s Thu Mar 12 13:42:59 CET 2026
#@# AParc-to-ASeg aparc.DKTatlas Thu Mar 12 13:43:38 CET 2026
#@# WMParc Thu Mar 12 13:44:19 CET 2026
#@# ASeg Stats Thu Mar 12 13:48:20 CET 2026
recon-all -s sub-v1s15x0050193_ses-1 finished without error at Thu Mar 12 13:48:54 CET 2026
