status file for recon-all
Thu Mar 12 13:08:42 CET 2026
#@# Tessellate rh Thu Mar 12 13:08:42 CET 2026
#@# Smooth1 rh Thu Mar 12 13:08:46 CET 2026
#@# Inflation1 rh Thu Mar 12 13:08:49 CET 2026
#@# QSphere rh Thu Mar 12 13:09:01 CET 2026
#@# Fix Topology rh Thu Mar 12 13:10:27 CET 2026
#@# Smooth2 rh Thu Mar 12 13:15:41 CET 2026
#@# Inflation2 rh Thu Mar 12 13:15:43 CET 2026
#@# Curv .H and .K rh Thu Mar 12 13:15:56 CET 2026
#@# Sphere rh Thu Mar 12 13:16:44 CET 2026
#@# Surf Reg rh Thu Mar 12 13:19:39 CET 2026
#@# Jacobian white rh Thu Mar 12 13:22:57 CET 2026
#@# AvgCurv rh Thu Mar 12 13:22:58 CET 2026
#@# Cortical Parc rh Thu Mar 12 13:22:59 CET 2026
#@# white curv rh Thu Mar 12 13:28:59 CET 2026
#@# white area rh Thu Mar 12 13:29:01 CET 2026
#@# pial curv rh Thu Mar 12 13:29:02 CET 2026
#@# pial area rh Thu Mar 12 13:29:04 CET 2026
#@# thickness rh Thu Mar 12 13:29:04 CET 2026
#@# area and vertex vol rh Thu Mar 12 13:29:36 CET 2026
#@# Curvature Stats rh Thu Mar 12 13:29:38 CET 2026
#@# Cortical Parc 2 rh Thu Mar 12 13:29:40 CET 2026
#@# Cortical Parc 3 rh Thu Mar 12 13:29:55 CET 2026
#@# WM/GM Contrast rh Thu Mar 12 13:30:04 CET 2026
recon-all -s sub-v1s15x0050193_ses-1 finished without error at Thu Mar 12 13:30:08 CET 2026



#New# invocation of recon-all 



status file for recon-all
Thu Mar 12 13:38:22 CET 2026
#@# white curv rh Thu Mar 12 13:38:22 CET 2026
#@# white area rh Thu Mar 12 13:38:22 CET 2026
#@# pial curv rh Thu Mar 12 13:38:23 CET 2026
#@# pial area rh Thu Mar 12 13:38:23 CET 2026
#@# thickness rh Thu Mar 12 13:38:23 CET 2026
#@# area and vertex vol rh Thu Mar 12 13:38:23 CET 2026
#@# Parcellation Stats rh Thu Mar 12 13:38:23 CET 2026
#@# Parcellation Stats 2 rh Thu Mar 12 13:38:42 CET 2026
#@# Parcellation Stats 3 rh Thu Mar 12 13:38:52 CET 2026
#@# BA_exvivo Labels rh Thu Mar 12 13:39:01 CET 2026
recon-all -s sub-v1s15x0050193_ses-1 finished without error at Thu Mar 12 13:41:43 CET 2026
