status file for recon-all
Thu Mar 12 12:48:11 CET 2026
#@# Tessellate lh Thu Mar 12 12:48:11 CET 2026
#@# Smooth1 lh Thu Mar 12 12:48:14 CET 2026
#@# Inflation1 lh Thu Mar 12 12:48:16 CET 2026
#@# QSphere lh Thu Mar 12 12:48:26 CET 2026
#@# Fix Topology lh Thu Mar 12 12:49:35 CET 2026
#@# Smooth2 lh Thu Mar 12 12:54:59 CET 2026
#@# Inflation2 lh Thu Mar 12 12:55:02 CET 2026
#@# Curv .H and .K lh Thu Mar 12 12:55:14 CET 2026
#@# Sphere lh Thu Mar 12 12:56:03 CET 2026
#@# Surf Reg lh Thu Mar 12 12:58:23 CET 2026
#@# Jacobian white lh Thu Mar 12 13:01:27 CET 2026
#@# AvgCurv lh Thu Mar 12 13:01:28 CET 2026
#@# Cortical Parc lh Thu Mar 12 13:01:29 CET 2026
#@# white curv lh Thu Mar 12 13:07:30 CET 2026
#@# white area lh Thu Mar 12 13:07:32 CET 2026
#@# pial curv lh Thu Mar 12 13:07:33 CET 2026
#@# pial area lh Thu Mar 12 13:07:35 CET 2026
#@# thickness lh Thu Mar 12 13:07:35 CET 2026
#@# area and vertex vol lh Thu Mar 12 13:08:07 CET 2026
#@# Curvature Stats lh Thu Mar 12 13:08:08 CET 2026
#@# Cortical Parc 2 lh Thu Mar 12 13:08:11 CET 2026
#@# Cortical Parc 3 lh Thu Mar 12 13:08:25 CET 2026
#@# WM/GM Contrast lh Thu Mar 12 13:08:35 CET 2026
recon-all -s sub-v1s15x0050193_ses-1 finished without error at Thu Mar 12 13:08:38 CET 2026



#New# invocation of recon-all 



status file for recon-all
Thu Mar 12 13:34:59 CET 2026
#@# white curv lh Thu Mar 12 13:34:59 CET 2026
#@# white area lh Thu Mar 12 13:34:59 CET 2026
#@# pial curv lh Thu Mar 12 13:34:59 CET 2026
#@# pial area lh Thu Mar 12 13:34:59 CET 2026
#@# thickness lh Thu Mar 12 13:34:59 CET 2026
#@# area and vertex vol lh Thu Mar 12 13:34:59 CET 2026
#@# Parcellation Stats lh Thu Mar 12 13:34:59 CET 2026
#@# Parcellation Stats 2 lh Thu Mar 12 13:35:18 CET 2026
#@# Parcellation Stats 3 lh Thu Mar 12 13:35:28 CET 2026
#@# BA_exvivo Labels lh Thu Mar 12 13:35:37 CET 2026
recon-all -s sub-v1s15x0050193_ses-1 finished without error at Thu Mar 12 13:38:19 CET 2026
