status file for recon-all
Mon Mar  9 00:05:24 CET 2026
#@# Tessellate rh Mon Mar  9 00:05:24 CET 2026
#@# Smooth1 rh Mon Mar  9 00:05:27 CET 2026
#@# Inflation1 rh Mon Mar  9 00:05:30 CET 2026
#@# QSphere rh Mon Mar  9 00:05:42 CET 2026
#@# Fix Topology rh Mon Mar  9 00:06:47 CET 2026
#@# Smooth2 rh Mon Mar  9 00:14:07 CET 2026
#@# Inflation2 rh Mon Mar  9 00:14:09 CET 2026
#@# Curv .H and .K rh Mon Mar  9 00:14:23 CET 2026
#@# Sphere rh Mon Mar  9 00:15:08 CET 2026
#@# Surf Reg rh Mon Mar  9 00:17:52 CET 2026
#@# Jacobian white rh Mon Mar  9 00:21:53 CET 2026
#@# AvgCurv rh Mon Mar  9 00:21:54 CET 2026
#@# Cortical Parc rh Mon Mar  9 00:21:55 CET 2026
#@# white curv rh Mon Mar  9 00:28:36 CET 2026
#@# white area rh Mon Mar  9 00:28:38 CET 2026
#@# pial curv rh Mon Mar  9 00:28:39 CET 2026
#@# pial area rh Mon Mar  9 00:28:41 CET 2026
#@# thickness rh Mon Mar  9 00:28:42 CET 2026
#@# area and vertex vol rh Mon Mar  9 00:29:10 CET 2026
#@# Curvature Stats rh Mon Mar  9 00:29:12 CET 2026
#@# Cortical Parc 2 rh Mon Mar  9 00:29:14 CET 2026
#@# Cortical Parc 3 rh Mon Mar  9 00:29:27 CET 2026
#@# WM/GM Contrast rh Mon Mar  9 00:29:37 CET 2026
recon-all -s sub-v1s15x0050216_ses-1 finished without error at Mon Mar  9 00:29:40 CET 2026



#New# invocation of recon-all 



status file for recon-all
Mon Mar  9 00:39:18 CET 2026
#@# white curv rh Mon Mar  9 00:39:18 CET 2026
#@# white area rh Mon Mar  9 00:39:18 CET 2026
#@# pial curv rh Mon Mar  9 00:39:18 CET 2026
#@# pial area rh Mon Mar  9 00:39:18 CET 2026
#@# thickness rh Mon Mar  9 00:39:18 CET 2026
#@# area and vertex vol rh Mon Mar  9 00:39:18 CET 2026
#@# Parcellation Stats rh Mon Mar  9 00:39:18 CET 2026
#@# Parcellation Stats 2 rh Mon Mar  9 00:39:36 CET 2026
#@# Parcellation Stats 3 rh Mon Mar  9 00:39:45 CET 2026
#@# BA_exvivo Labels rh Mon Mar  9 00:39:54 CET 2026
recon-all -s sub-v1s15x0050216_ses-1 finished without error at Mon Mar  9 00:42:27 CET 2026
