status file for recon-all
Sun Mar  8 21:55:35 CET 2026
#@# MotionCor Sun Mar  8 21:55:37 CET 2026
#@# Talairach Sun Mar  8 21:55:45 CET 2026
#@# Talairach Failure Detection Sun Mar  8 22:00:14 CET 2026
#@# Nu Intensity Correction Sun Mar  8 22:00:14 CET 2026
#@# Intensity Normalization Sun Mar  8 22:03:33 CET 2026
recon-all -s sub-v1s15x0050216_ses-1 finished without error at Sun Mar  8 22:05:06 CET 2026



#New# invocation of recon-all 



status file for recon-all
Sun Mar  8 22:12:32 CET 2026
#@# EM Registration Sun Mar  8 22:12:32 CET 2026
recon-all -s sub-v1s15x0050216_ses-1 finished without error at Sun Mar  8 22:14:29 CET 2026



#New# invocation of recon-all 



status file for recon-all
Sun Mar  8 22:14:33 CET 2026
#@# CA Normalize Sun Mar  8 22:14:33 CET 2026
#@# CA Reg Sun Mar  8 22:15:56 CET 2026
#@# SubCort Seg Sun Mar  8 23:06:40 CET 2026
#@# CC Seg Sun Mar  8 23:35:59 CET 2026
#@# Merge ASeg Sun Mar  8 23:36:49 CET 2026
#@# Intensity Normalization2 Sun Mar  8 23:36:49 CET 2026
#@# Mask BFS Sun Mar  8 23:39:05 CET 2026
#@# WM Segmentation Sun Mar  8 23:39:06 CET 2026
#@# Fill Sun Mar  8 23:41:03 CET 2026
recon-all -s sub-v1s15x0050216_ses-1 finished without error at Sun Mar  8 23:42:05 CET 2026



#New# invocation of recon-all 



status file for recon-all
Mon Mar  9 00:29:44 CET 2026
#@# white curv lh Mon Mar  9 00:29:44 CET 2026
#@# white area lh Mon Mar  9 00:29:44 CET 2026
#@# pial curv lh Mon Mar  9 00:29:44 CET 2026
#@# pial area lh Mon Mar  9 00:29:44 CET 2026
#@# thickness lh Mon Mar  9 00:29:44 CET 2026
#@# area and vertex vol lh Mon Mar  9 00:29:44 CET 2026
#@# white curv rh Mon Mar  9 00:29:44 CET 2026
#@# white area rh Mon Mar  9 00:29:44 CET 2026
#@# pial curv rh Mon Mar  9 00:29:44 CET 2026
#@# pial area rh Mon Mar  9 00:29:44 CET 2026
#@# thickness rh Mon Mar  9 00:29:44 CET 2026
#@# area and vertex vol rh Mon Mar  9 00:29:44 CET 2026
#@# Cortical ribbon mask Mon Mar  9 00:29:44 CET 2026
recon-all -s sub-v1s15x0050216_ses-1 finished without error at Mon Mar  9 00:36:12 CET 2026



#New# invocation of recon-all 



status file for recon-all
Mon Mar  9 00:42:34 CET 2026
#@# white curv lh Mon Mar  9 00:42:34 CET 2026
#@# white area lh Mon Mar  9 00:42:34 CET 2026
#@# pial curv lh Mon Mar  9 00:42:34 CET 2026
#@# pial area lh Mon Mar  9 00:42:34 CET 2026
#@# thickness lh Mon Mar  9 00:42:34 CET 2026
#@# area and vertex vol lh Mon Mar  9 00:42:34 CET 2026
#@# white curv rh Mon Mar  9 00:42:34 CET 2026
#@# white area rh Mon Mar  9 00:42:34 CET 2026
#@# pial curv rh Mon Mar  9 00:42:34 CET 2026
#@# pial area rh Mon Mar  9 00:42:34 CET 2026
#@# thickness rh Mon Mar  9 00:42:34 CET 2026
#@# area and vertex vol rh Mon Mar  9 00:42:34 CET 2026
#@# Curvature Stats lh Mon Mar  9 00:42:34 CET 2026
#@# Curvature Stats rh Mon Mar  9 00:42:37 CET 2026
#@# Relabel Hypointensities Mon Mar  9 00:42:39 CET 2026
#@# APas-to-ASeg Mon Mar  9 00:42:55 CET 2026
#@# AParc-to-ASeg aparc Mon Mar  9 00:43:02 CET 2026
#@# AParc-to-ASeg aparc.a2009s Mon Mar  9 00:43:32 CET 2026
#@# AParc-to-ASeg aparc.DKTatlas Mon Mar  9 00:43:59 CET 2026
#@# WMParc Mon Mar  9 00:44:25 CET 2026
#@# ASeg Stats Mon Mar  9 00:48:01 CET 2026
recon-all -s sub-v1s15x0050216_ses-1 finished without error at Mon Mar  9 00:48:39 CET 2026
