status file for recon-all
Sun Mar  8 23:42:08 CET 2026
#@# Tessellate lh Sun Mar  8 23:42:08 CET 2026
#@# Smooth1 lh Sun Mar  8 23:42:11 CET 2026
#@# Inflation1 lh Sun Mar  8 23:42:14 CET 2026
#@# QSphere lh Sun Mar  8 23:42:25 CET 2026
#@# Fix Topology lh Sun Mar  8 23:43:28 CET 2026
#@# Smooth2 lh Sun Mar  8 23:49:36 CET 2026
#@# Inflation2 lh Sun Mar  8 23:49:38 CET 2026
#@# Curv .H and .K lh Sun Mar  8 23:49:50 CET 2026
#@# Sphere lh Sun Mar  8 23:50:32 CET 2026
#@# Surf Reg lh Sun Mar  8 23:54:31 CET 2026
#@# Jacobian white lh Sun Mar  8 23:58:08 CET 2026
#@# AvgCurv lh Sun Mar  8 23:58:08 CET 2026
#@# Cortical Parc lh Sun Mar  8 23:58:09 CET 2026
#@# white curv lh Mon Mar  9 00:04:21 CET 2026
#@# white area lh Mon Mar  9 00:04:23 CET 2026
#@# pial curv lh Mon Mar  9 00:04:23 CET 2026
#@# pial area lh Mon Mar  9 00:04:25 CET 2026
#@# thickness lh Mon Mar  9 00:04:26 CET 2026
#@# area and vertex vol lh Mon Mar  9 00:04:52 CET 2026
#@# Curvature Stats lh Mon Mar  9 00:04:54 CET 2026
#@# Cortical Parc 2 lh Mon Mar  9 00:04:56 CET 2026
#@# Cortical Parc 3 lh Mon Mar  9 00:05:08 CET 2026
#@# WM/GM Contrast lh Mon Mar  9 00:05:17 CET 2026
recon-all -s sub-v1s15x0050216_ses-1 finished without error at Mon Mar  9 00:05:20 CET 2026



#New# invocation of recon-all 



status file for recon-all
Mon Mar  9 00:36:16 CET 2026
#@# white curv lh Mon Mar  9 00:36:16 CET 2026
#@# white area lh Mon Mar  9 00:36:16 CET 2026
#@# pial curv lh Mon Mar  9 00:36:16 CET 2026
#@# pial area lh Mon Mar  9 00:36:16 CET 2026
#@# thickness lh Mon Mar  9 00:36:16 CET 2026
#@# area and vertex vol lh Mon Mar  9 00:36:16 CET 2026
#@# Parcellation Stats lh Mon Mar  9 00:36:17 CET 2026
#@# Parcellation Stats 2 lh Mon Mar  9 00:36:32 CET 2026
#@# Parcellation Stats 3 lh Mon Mar  9 00:36:40 CET 2026
#@# BA_exvivo Labels lh Mon Mar  9 00:36:47 CET 2026
recon-all -s sub-v1s15x0050216_ses-1 finished without error at Mon Mar  9 00:39:14 CET 2026
