status file for recon-all
Sun Mar  8 22:50:38 CET 2026
#@# Tessellate lh Sun Mar  8 22:50:38 CET 2026
#@# Smooth1 lh Sun Mar  8 22:50:42 CET 2026
#@# Inflation1 lh Sun Mar  8 22:50:45 CET 2026
#@# QSphere lh Sun Mar  8 22:50:58 CET 2026
#@# Fix Topology lh Sun Mar  8 22:52:03 CET 2026
#@# Smooth2 lh Sun Mar  8 23:09:21 CET 2026
#@# Inflation2 lh Sun Mar  8 23:09:25 CET 2026
#@# Curv .H and .K lh Sun Mar  8 23:09:39 CET 2026
#@# Sphere lh Sun Mar  8 23:10:28 CET 2026
#@# Surf Reg lh Sun Mar  8 23:17:02 CET 2026
#@# Jacobian white lh Sun Mar  8 23:24:05 CET 2026
#@# AvgCurv lh Sun Mar  8 23:24:06 CET 2026
#@# Cortical Parc lh Sun Mar  8 23:24:07 CET 2026
#@# white curv lh Sun Mar  8 23:41:02 CET 2026
#@# white area lh Sun Mar  8 23:41:04 CET 2026
#@# pial curv lh Sun Mar  8 23:41:05 CET 2026
#@# pial area lh Sun Mar  8 23:41:07 CET 2026
#@# thickness lh Sun Mar  8 23:41:07 CET 2026
#@# area and vertex vol lh Sun Mar  8 23:41:39 CET 2026
#@# Curvature Stats lh Sun Mar  8 23:41:40 CET 2026
#@# Cortical Parc 2 lh Sun Mar  8 23:41:43 CET 2026
#@# Cortical Parc 3 lh Sun Mar  8 23:41:56 CET 2026
#@# WM/GM Contrast lh Sun Mar  8 23:42:07 CET 2026
recon-all -s sub-v1s15x0050207_ses-1 finished without error at Sun Mar  8 23:42:10 CET 2026



#New# invocation of recon-all 



status file for recon-all
Mon Mar  9 00:25:37 CET 2026
#@# white curv lh Mon Mar  9 00:25:37 CET 2026
#@# white area lh Mon Mar  9 00:25:37 CET 2026
#@# pial curv lh Mon Mar  9 00:25:37 CET 2026
#@# pial area lh Mon Mar  9 00:25:37 CET 2026
#@# thickness lh Mon Mar  9 00:25:37 CET 2026
#@# area and vertex vol lh Mon Mar  9 00:25:37 CET 2026
#@# Parcellation Stats lh Mon Mar  9 00:25:37 CET 2026
#@# Parcellation Stats 2 lh Mon Mar  9 00:25:56 CET 2026
#@# Parcellation Stats 3 lh Mon Mar  9 00:26:06 CET 2026
#@# BA_exvivo Labels lh Mon Mar  9 00:26:16 CET 2026
recon-all -s sub-v1s15x0050207_ses-1 finished without error at Mon Mar  9 00:28:52 CET 2026
