status file for recon-all
Sun Mar  8 21:07:15 CET 2026
#@# MotionCor Sun Mar  8 21:07:16 CET 2026
#@# Talairach Sun Mar  8 21:07:24 CET 2026
#@# Talairach Failure Detection Sun Mar  8 21:11:48 CET 2026
#@# Nu Intensity Correction Sun Mar  8 21:11:48 CET 2026
#@# Intensity Normalization Sun Mar  8 21:15:05 CET 2026
recon-all -s sub-v1s15x0050207_ses-1 finished without error at Sun Mar  8 21:16:38 CET 2026



#New# invocation of recon-all 



status file for recon-all
Sun Mar  8 21:24:03 CET 2026
#@# EM Registration Sun Mar  8 21:24:03 CET 2026
recon-all -s sub-v1s15x0050207_ses-1 finished without error at Sun Mar  8 21:25:47 CET 2026



#New# invocation of recon-all 



status file for recon-all
Sun Mar  8 21:25:50 CET 2026
#@# CA Normalize Sun Mar  8 21:25:50 CET 2026
#@# CA Reg Sun Mar  8 21:27:13 CET 2026
#@# SubCort Seg Sun Mar  8 22:12:17 CET 2026
#@# CC Seg Sun Mar  8 22:44:07 CET 2026
#@# Merge ASeg Sun Mar  8 22:44:59 CET 2026
#@# Intensity Normalization2 Sun Mar  8 22:44:59 CET 2026
#@# Mask BFS Sun Mar  8 22:47:20 CET 2026
#@# WM Segmentation Sun Mar  8 22:47:21 CET 2026
#@# Fill Sun Mar  8 22:49:30 CET 2026
recon-all -s sub-v1s15x0050207_ses-1 finished without error at Sun Mar  8 22:50:32 CET 2026



#New# invocation of recon-all 



status file for recon-all
Mon Mar  9 00:19:33 CET 2026
#@# white curv lh Mon Mar  9 00:19:33 CET 2026
#@# white area lh Mon Mar  9 00:19:33 CET 2026
#@# pial curv lh Mon Mar  9 00:19:33 CET 2026
#@# pial area lh Mon Mar  9 00:19:33 CET 2026
#@# thickness lh Mon Mar  9 00:19:33 CET 2026
#@# area and vertex vol lh Mon Mar  9 00:19:33 CET 2026
#@# white curv rh Mon Mar  9 00:19:33 CET 2026
#@# white area rh Mon Mar  9 00:19:33 CET 2026
#@# pial curv rh Mon Mar  9 00:19:33 CET 2026
#@# pial area rh Mon Mar  9 00:19:33 CET 2026
#@# thickness rh Mon Mar  9 00:19:33 CET 2026
#@# area and vertex vol rh Mon Mar  9 00:19:33 CET 2026
#@# Cortical ribbon mask Mon Mar  9 00:19:33 CET 2026
recon-all -s sub-v1s15x0050207_ses-1 finished without error at Mon Mar  9 00:25:33 CET 2026



#New# invocation of recon-all 



status file for recon-all
Mon Mar  9 00:32:27 CET 2026
#@# white curv lh Mon Mar  9 00:32:27 CET 2026
#@# white area lh Mon Mar  9 00:32:27 CET 2026
#@# pial curv lh Mon Mar  9 00:32:27 CET 2026
#@# pial area lh Mon Mar  9 00:32:27 CET 2026
#@# thickness lh Mon Mar  9 00:32:27 CET 2026
#@# area and vertex vol lh Mon Mar  9 00:32:27 CET 2026
#@# white curv rh Mon Mar  9 00:32:27 CET 2026
#@# white area rh Mon Mar  9 00:32:27 CET 2026
#@# pial curv rh Mon Mar  9 00:32:27 CET 2026
#@# pial area rh Mon Mar  9 00:32:27 CET 2026
#@# thickness rh Mon Mar  9 00:32:27 CET 2026
#@# area and vertex vol rh Mon Mar  9 00:32:27 CET 2026
#@# Curvature Stats lh Mon Mar  9 00:32:27 CET 2026
#@# Curvature Stats rh Mon Mar  9 00:32:29 CET 2026
#@# Relabel Hypointensities Mon Mar  9 00:32:32 CET 2026
#@# APas-to-ASeg Mon Mar  9 00:32:49 CET 2026
#@# AParc-to-ASeg aparc Mon Mar  9 00:32:57 CET 2026
#@# AParc-to-ASeg aparc.a2009s Mon Mar  9 00:33:48 CET 2026
#@# AParc-to-ASeg aparc.DKTatlas Mon Mar  9 00:34:39 CET 2026
#@# WMParc Mon Mar  9 00:35:27 CET 2026
#@# ASeg Stats Mon Mar  9 00:39:19 CET 2026
recon-all -s sub-v1s15x0050207_ses-1 finished without error at Mon Mar  9 00:40:00 CET 2026
