status file for recon-all
Sun Mar  8 23:42:13 CET 2026
#@# Tessellate rh Sun Mar  8 23:42:13 CET 2026
#@# Smooth1 rh Sun Mar  8 23:42:17 CET 2026
#@# Inflation1 rh Sun Mar  8 23:42:20 CET 2026
#@# QSphere rh Sun Mar  8 23:42:33 CET 2026
#@# Fix Topology rh Sun Mar  8 23:43:44 CET 2026
#@# Smooth2 rh Sun Mar  8 23:56:02 CET 2026
#@# Inflation2 rh Sun Mar  8 23:56:05 CET 2026
#@# Curv .H and .K rh Sun Mar  8 23:56:19 CET 2026
#@# Sphere rh Sun Mar  8 23:57:10 CET 2026
#@# Surf Reg rh Mon Mar  9 00:03:42 CET 2026
#@# Jacobian white rh Mon Mar  9 00:10:27 CET 2026
#@# AvgCurv rh Mon Mar  9 00:10:28 CET 2026
#@# Cortical Parc rh Mon Mar  9 00:10:28 CET 2026
#@# white curv rh Mon Mar  9 00:18:18 CET 2026
#@# white area rh Mon Mar  9 00:18:20 CET 2026
#@# pial curv rh Mon Mar  9 00:18:21 CET 2026
#@# pial area rh Mon Mar  9 00:18:23 CET 2026
#@# thickness rh Mon Mar  9 00:18:24 CET 2026
#@# area and vertex vol rh Mon Mar  9 00:18:56 CET 2026
#@# Curvature Stats rh Mon Mar  9 00:18:57 CET 2026
#@# Cortical Parc 2 rh Mon Mar  9 00:19:00 CET 2026
#@# Cortical Parc 3 rh Mon Mar  9 00:19:14 CET 2026
#@# WM/GM Contrast rh Mon Mar  9 00:19:25 CET 2026
recon-all -s sub-v1s15x0050207_ses-1 finished without error at Mon Mar  9 00:19:28 CET 2026



#New# invocation of recon-all 



status file for recon-all
Mon Mar  9 00:28:53 CET 2026
#@# white curv rh Mon Mar  9 00:28:53 CET 2026
#@# white area rh Mon Mar  9 00:28:53 CET 2026
#@# pial curv rh Mon Mar  9 00:28:53 CET 2026
#@# pial area rh Mon Mar  9 00:28:53 CET 2026
#@# thickness rh Mon Mar  9 00:28:53 CET 2026
#@# area and vertex vol rh Mon Mar  9 00:28:53 CET 2026
#@# Parcellation Stats rh Mon Mar  9 00:28:53 CET 2026
#@# Parcellation Stats 2 rh Mon Mar  9 00:29:14 CET 2026
#@# Parcellation Stats 3 rh Mon Mar  9 00:29:25 CET 2026
#@# BA_exvivo Labels rh Mon Mar  9 00:29:36 CET 2026
recon-all -s sub-v1s15x0050207_ses-1 finished without error at Mon Mar  9 00:32:20 CET 2026
