status file for recon-all
Sun Mar  8 21:04:31 CET 2026
#@# MotionCor Sun Mar  8 21:04:33 CET 2026
#@# Talairach Sun Mar  8 21:04:40 CET 2026
#@# Talairach Failure Detection Sun Mar  8 21:09:06 CET 2026
#@# Nu Intensity Correction Sun Mar  8 21:09:06 CET 2026
#@# Intensity Normalization Sun Mar  8 21:12:22 CET 2026
recon-all -s sub-v1s15x0050206_ses-1 finished without error at Sun Mar  8 21:13:54 CET 2026



#New# invocation of recon-all 



status file for recon-all
Sun Mar  8 21:21:19 CET 2026
#@# EM Registration Sun Mar  8 21:21:19 CET 2026
recon-all -s sub-v1s15x0050206_ses-1 finished without error at Sun Mar  8 21:23:04 CET 2026



#New# invocation of recon-all 



status file for recon-all
Sun Mar  8 21:23:09 CET 2026
#@# CA Normalize Sun Mar  8 21:23:09 CET 2026
#@# CA Reg Sun Mar  8 21:24:33 CET 2026
#@# SubCort Seg Sun Mar  8 22:09:49 CET 2026
#@# CC Seg Sun Mar  8 22:36:10 CET 2026
#@# Merge ASeg Sun Mar  8 22:36:44 CET 2026
#@# Intensity Normalization2 Sun Mar  8 22:36:44 CET 2026
#@# Mask BFS Sun Mar  8 22:38:57 CET 2026
#@# WM Segmentation Sun Mar  8 22:38:58 CET 2026
#@# Fill Sun Mar  8 22:40:50 CET 2026
recon-all -s sub-v1s15x0050206_ses-1 finished without error at Sun Mar  8 22:41:51 CET 2026



#New# invocation of recon-all 



status file for recon-all
Sun Mar  8 23:31:02 CET 2026
#@# white curv lh Sun Mar  8 23:31:02 CET 2026
#@# white area lh Sun Mar  8 23:31:02 CET 2026
#@# pial curv lh Sun Mar  8 23:31:02 CET 2026
#@# pial area lh Sun Mar  8 23:31:02 CET 2026
#@# thickness lh Sun Mar  8 23:31:02 CET 2026
#@# area and vertex vol lh Sun Mar  8 23:31:02 CET 2026
#@# white curv rh Sun Mar  8 23:31:02 CET 2026
#@# white area rh Sun Mar  8 23:31:02 CET 2026
#@# pial curv rh Sun Mar  8 23:31:02 CET 2026
#@# pial area rh Sun Mar  8 23:31:02 CET 2026
#@# thickness rh Sun Mar  8 23:31:02 CET 2026
#@# area and vertex vol rh Sun Mar  8 23:31:02 CET 2026
#@# Cortical ribbon mask Sun Mar  8 23:31:02 CET 2026
recon-all -s sub-v1s15x0050206_ses-1 finished without error at Sun Mar  8 23:34:48 CET 2026



#New# invocation of recon-all 



status file for recon-all
Sun Mar  8 23:40:46 CET 2026
#@# white curv lh Sun Mar  8 23:40:46 CET 2026
#@# white area lh Sun Mar  8 23:40:46 CET 2026
#@# pial curv lh Sun Mar  8 23:40:46 CET 2026
#@# pial area lh Sun Mar  8 23:40:46 CET 2026
#@# thickness lh Sun Mar  8 23:40:46 CET 2026
#@# area and vertex vol lh Sun Mar  8 23:40:46 CET 2026
#@# white curv rh Sun Mar  8 23:40:46 CET 2026
#@# white area rh Sun Mar  8 23:40:46 CET 2026
#@# pial curv rh Sun Mar  8 23:40:46 CET 2026
#@# pial area rh Sun Mar  8 23:40:46 CET 2026
#@# thickness rh Sun Mar  8 23:40:46 CET 2026
#@# area and vertex vol rh Sun Mar  8 23:40:46 CET 2026
#@# Curvature Stats lh Sun Mar  8 23:40:46 CET 2026
#@# Curvature Stats rh Sun Mar  8 23:40:49 CET 2026
#@# Relabel Hypointensities Sun Mar  8 23:40:51 CET 2026
#@# APas-to-ASeg Sun Mar  8 23:41:05 CET 2026
#@# AParc-to-ASeg aparc Sun Mar  8 23:41:13 CET 2026
#@# AParc-to-ASeg aparc.a2009s Sun Mar  8 23:41:56 CET 2026
#@# AParc-to-ASeg aparc.DKTatlas Sun Mar  8 23:42:42 CET 2026
#@# WMParc Sun Mar  8 23:43:33 CET 2026
#@# ASeg Stats Sun Mar  8 23:47:04 CET 2026
recon-all -s sub-v1s15x0050206_ses-1 finished without error at Sun Mar  8 23:47:45 CET 2026
