/out/sourcedata/freesurfer/sub-v1s15x0050198_ses-1/mri
/opt/freesurfer/bin/talairach_avi
--i orig_nu.mgz --xfm transforms/talairach.auto.xfm
talairach_avi 7.3.2
Linux dna009 5.14.0-427.37.1.el9_4.x86_64 #1 SMP PREEMPT_DYNAMIC Fri Sep 13 12:41:50 EDT 2024 x86_64 x86_64 x86_64 GNU/Linux
Sun Mar  8 20:40:26 CET 2026
mri_convert orig_nu.mgz talsrcimg.img 
reading from orig_nu.mgz...
TR=0.00, TE=0.00, TI=0.00, flip angle=0.00
i_ras = (-1, 0, 0)
j_ras = (0, 0, -1)
k_ras = (0, 1, 0)
writing to talsrcimg.img...
Analyze Output Matrix
-1.00000   0.00000   0.00000   136.53101;
 0.00000   0.00000   1.00000  -116.31200;
 0.00000  -1.00000   0.00000   84.96851;
 0.00000   0.00000   0.00000   1.00000;
--------------------
INFO: set hdr.hist.orient to -1
mpr2mni305 talsrcimg
Sun Mar  8 20:40:26 CET 2026
/opt/freesurfer/bin/mpr2mni305 talsrcimg
mpr2mni305 7.3.2
target=711-2C_as_mni_average_305

---------------------------------------------------------------------
analyzeto4dfp talsrcimg -O0 -y
---------------------------------------------------------------------

freesurfer ifh2hdr.c
Sun Mar  8 20:40:27 2026
Writing: talsrcimg.4dfp.hdr
freesurfer analyzeto4dfp.c
Reading: talsrcimg.hdr
header size 348 bytes
hdr.dime.datatype	offset=70	value=2
hdr.dime.bitpix		offset=72	value=8
hdr.hist.orient		offset=252	value=-1
dimensionality     4
dimensions       256       256       256         1
Reading: talsrcimg.img
Writing: talsrcimg.4dfp.img
Writing: talsrcimg.4dfp.ifh
ifh2hdr talsrcimg -r0to222
ori=2

---------------------------------------------------------------------
gauss_4dfp talsrcimg 1.1
---------------------------------------------------------------------

freesurfer gauss_4dfp.c
Reading: talsrcimg.4dfp.img
Writing: talsrcimg_g11.4dfp.img
image dimensions 256 256 256 padded to 288 288 288
processing volume 1freesurfer ifh2hdr.c
Sun Mar  8 20:40:28 2026
Writing: talsrcimg_g11.4dfp.hdr

Writing: talsrcimg_g11.4dfp.ifh
including: talsrcimg.4dfp.img.rec in talsrcimg_g11.4dfp.img.rec

---------------------------------------------------------------------
imgreg_4dfp /opt/freesurfer/average/711-2C_as_mni_average_305 none talsrcimg_g11 none talsrcimg_to_711-2C_as_mni_average_305_t4 4355
---------------------------------------------------------------------

freesurfer imgreg_4dfp.c
/opt/freesurfer/average/711-2C_as_mni_average_305.4dfp.img
       256       256       256         1
  1.000000  1.000000  1.000000
orientation T byte_order littleendian
Reading image: /opt/freesurfer/average/711-2C_as_mni_average_305.4dfp.img
dimensions:      256       256       256
mmppix:       1.0000   -1.0000   -1.0000
center:     128.0000 -129.0000 -129.0000
talsrcimg_g11.4dfp.img
       256       256       256         1
  1.000000  1.000000  1.000000
orientation T byte_order littleendian
Reading image: talsrcimg_g11.4dfp.img
dimensions:      256       256       256
mmppix:       1.0000   -1.0000   -1.0000
center:     128.0000 -129.0000 -129.0000
t4_read: open error in t4_sub.f l:  41 t4_file(1:l)talsrcimg_to_711-2C_as_mni_average_305_t4 
t4_read: transform initialized to I4
rotation matrix determinant  1.000000
image alignment mode   4355 decimal     1103 hex
   -7.5000  -45.0000  -45.0000 5643.3823   18.7203
    0.0000  -45.0000  -45.0000 5863.9141   18.7217
    7.5000  -45.0000  -45.0000 5610.2539   18.7553
   -7.5000  -37.5000  -45.0000 6175.4365   18.0414
    0.0000  -37.5000  -45.0000 6418.7969   18.0488
    7.5000  -37.5000  -45.0000 6136.4561   18.0909
   -7.5000  -30.0000  -45.0000 6990.2056   17.5392
    0.0000  -30.0000  -45.0000 7272.7061   17.5494
    7.5000  -30.0000  -45.0000 6927.4946   17.5978
   -7.5000  -22.5000  -45.0000 7863.1084   17.1946
    0.0000  -22.5000  -45.0000 8169.9409   17.2004
    7.5000  -22.5000  -45.0000 7765.8462   17.2437
   -7.5000  -15.0000  -45.0000 8731.6289   17.0380
    0.0000  -15.0000  -45.0000 9097.2520   17.0407
    7.5000  -15.0000  -45.0000 8641.3545   17.0739
   -7.5000   -7.5000  -45.0000 9651.6904   17.0552
    0.0000   -7.5000  -45.000010052.9824   17.0575
    7.5000   -7.5000  -45.0000 9571.1455   17.0857
   -7.5000    0.0000  -45.000010474.5439   17.0502
    0.0000    0.0000  -45.000010924.8545   17.0548
    7.5000    0.0000  -45.000010410.7373   17.0873
   -7.5000    7.5000  -45.000010526.9883   17.0201
    0.0000    7.5000  -45.000011001.3242   17.0294
    7.5000    7.5000  -45.000010492.6133   17.0711
   -7.5000   15.0000  -45.000010465.2734   16.9959
    0.0000   15.0000  -45.000010943.5049   17.0058
    7.5000   15.0000  -45.000010459.7305   17.0520
   -7.5000   22.5000  -45.000010353.5625   17.0007
    0.0000   22.5000  -45.000010845.3975   17.0064
    7.5000   22.5000  -45.000010356.2627   17.0485
   -7.5000   30.0000  -45.000010074.4326   16.8053
    0.0000   30.0000  -45.000010537.2881   16.8081
    7.5000   30.0000  -45.000010068.2471   16.8408
   -7.5000   37.5000  -45.000010079.1152   16.8279
    0.0000   37.5000  -45.000010538.5107   16.8302
    7.5000   37.5000  -45.000010062.2012   16.8580
   -7.5000   45.0000  -45.0000 9731.6494   16.3958
    0.0000   45.0000  -45.000010182.9854   16.4003
    7.5000   45.0000  -45.0000 9705.3809   16.4314
   -7.5000  -45.0000  -37.5000 5961.5986   18.5339
    0.0000  -45.0000  -37.5000 6198.7441   18.5379
    7.5000  -45.0000  -37.5000 5917.7686   18.5685
   -7.5000  -37.5000  -37.5000 6516.3081   17.8765
    0.0000  -37.5000  -37.5000 6774.7314   17.8861
    7.5000  -37.5000  -37.5000 6466.0684   17.9250
   -7.5000  -30.0000  -37.5000 7380.0483   17.3856
    0.0000  -30.0000  -37.5000 7668.0176   17.3964
    7.5000  -30.0000  -37.5000 7291.5928   17.4465
   -7.5000  -22.5000  -37.5000 8297.6807   17.0396
    0.0000  -22.5000  -37.5000 8612.2471   17.0463
    7.5000  -22.5000  -37.5000 8186.5630   17.0954
   -7.5000  -15.0000  -37.5000 9253.4590   16.8777
    0.0000  -15.0000  -37.5000 9629.0537   16.8815
    7.5000  -15.0000  -37.5000 9143.1211   16.9195
   -7.5000   -7.5000  -37.500010259.2324   16.8951
    0.0000   -7.5000  -37.500010674.6660   16.8986
    7.5000   -7.5000  -37.500010139.5039   16.9266
   -7.5000    0.0000  -37.500011147.5674   16.8972
    0.0000    0.0000  -37.500011624.3975   16.9036
    7.5000    0.0000  -37.500011041.8516   16.9313
   -7.5000    7.5000  -37.500011196.8262   16.8749
    0.0000    7.5000  -37.500011706.2520   16.8857
    7.5000    7.5000  -37.500011098.7539   16.9238
   -7.5000   15.0000  -37.500011113.6035   16.8520
    0.0000   15.0000  -37.500011615.0811   16.8627
    7.5000   15.0000  -37.500011037.6748   16.9107
   -7.5000   22.5000  -37.500010989.4922   16.8489
    0.0000   22.5000  -37.500011483.5898   16.8555
    7.5000   22.5000  -37.500010907.2031   16.9033
   -7.5000   30.0000  -37.500010691.2080   16.6472
    0.0000   30.0000  -37.500011149.5273   16.6511
    7.5000   30.0000  -37.500010597.0088   16.6887
   -7.5000   37.5000  -37.500010664.0234   16.6699
    0.0000   37.5000  -37.500011116.9238   16.6734
    7.5000   37.5000  -37.500010569.3262   16.7010
   -7.5000   45.0000  -37.500010291.5674   16.2487
    0.0000   45.0000  -37.500010747.1172   16.2548
    7.5000   45.0000  -37.500010206.9902   16.2815
   -7.5000  -45.0000  -30.0000 6405.4619   19.3034
    0.0000  -45.0000  -30.0000 6650.3745   19.3145
    7.5000  -45.0000  -30.0000 6347.7876   19.3517
   -7.5000  -37.5000  -30.0000 7022.7290   18.6274
    0.0000  -37.5000  -30.0000 7290.2686   18.6444
    7.5000  -37.5000  -30.0000 6927.4595   18.6860
   -7.5000  -30.0000  -30.0000 7976.7959   18.1274
    0.0000  -30.0000  -30.0000 8280.1914   18.1435
    7.5000  -30.0000  -30.0000 7839.4458   18.1941
   -7.5000  -22.5000  -30.0000 8984.1455   17.7608
    0.0000  -22.5000  -30.0000 9328.8887   17.7723
    7.5000  -22.5000  -30.0000 8851.3984   17.8230
   -7.5000  -15.0000  -30.000010033.9434   17.5789
    0.0000  -15.0000  -30.000010424.0840   17.5871
    7.5000  -15.0000  -30.0000 9892.3555   17.6285
   -7.5000   -7.5000  -30.000011101.2471   17.5892
    0.0000   -7.5000  -30.000011541.4570   17.5984
    7.5000   -7.5000  -30.000010953.6992   17.6308
   -7.5000    0.0000  -30.000012085.0879   17.5950
    0.0000    0.0000  -30.000012591.7490   17.6083
    7.5000    0.0000  -30.000011948.9482   17.6402
   -7.5000    7.5000  -30.000012145.7979   17.5847
    0.0000    7.5000  -30.000012672.2891   17.6020
    7.5000    7.5000  -30.000012007.2949   17.6419
   -7.5000   15.0000  -30.000012077.4756   17.5702
    0.0000   15.0000  -30.000012596.9600   17.5861
    7.5000   15.0000  -30.000011953.6484   17.6348
   -7.5000   22.5000  -30.000011905.0938   17.5601
    0.0000   22.5000  -30.000012408.6436   17.5713
    7.5000   22.5000  -30.000011789.2471   17.6208
   -7.5000   30.0000  -30.000011551.5264   17.3405
    0.0000   30.0000  -30.000012032.3281   17.3487
    7.5000   30.0000  -30.000011426.9736   17.3896
   -7.5000   37.5000  -30.000011531.4668   17.3564
    0.0000   37.5000  -30.000012013.0010   17.3655
    7.5000   37.5000  -30.000011390.6689   17.3975
   -7.5000   45.0000  -30.000011111.4268   16.9322
    0.0000   45.0000  -30.000011580.2617   16.9449
    7.5000   45.0000  -30.000010976.4062   16.9756
   -7.5000  -45.0000  -22.5000 6850.3130   19.9612
    0.0000  -45.0000  -22.5000 7101.9702   19.9751
    7.5000  -45.0000  -22.5000 6758.3262   20.0209
   -7.5000  -37.5000  -22.5000 7522.7734   19.2625
    0.0000  -37.5000  -22.5000 7821.5669   19.2832
    7.5000  -37.5000  -22.5000 7407.8584   19.3297
   -7.5000  -30.0000  -22.5000 8555.4111   18.7567
    0.0000  -30.0000  -22.5000 8897.6074   18.7764
    7.5000  -30.0000  -22.5000 8441.6016   18.8237
   -7.5000  -22.5000  -22.5000 9675.4941   18.3808
    0.0000  -22.5000  -22.500010072.5781   18.3948
    7.5000  -22.5000  -22.5000 9553.3135   18.4386
   -7.5000  -15.0000  -22.500010800.1904   18.1866
    0.0000  -15.0000  -22.500011260.2275   18.1971
    7.5000  -15.0000  -22.500010673.3975   18.2349
   -7.5000   -7.5000  -22.500011935.6992   18.1867
    0.0000   -7.5000  -22.500012439.2500   18.1989
    7.5000   -7.5000  -22.500011797.2744   18.2351
   -7.5000    0.0000  -22.500013025.7676   18.1878
    0.0000    0.0000  -22.500013593.3438   18.2050
    7.5000    0.0000  -22.500012875.8447   18.2452
   -7.5000    7.5000  -22.500013105.2852   18.1835
    0.0000    7.5000  -22.500013679.0596   18.2045
    7.5000    7.5000  -22.500012976.9551   18.2491
   -7.5000   15.0000  -22.500013020.5352   18.1794
    0.0000   15.0000  -22.500013597.3311   18.1985
    7.5000   15.0000  -22.500012893.6357   18.2440
   -7.5000   22.5000  -22.500012829.0908   18.1719
    0.0000   22.5000  -22.500013381.6299   18.1855
    7.5000   22.5000  -22.500012717.2207   18.2282
   -7.5000   30.0000  -22.500012452.2773   17.9427
    0.0000   30.0000  -22.500012987.1309   17.9531
    7.5000   30.0000  -22.500012345.0156   17.9905
   -7.5000   37.5000  -22.500012424.1436   17.9488
    0.0000   37.5000  -22.500012960.1133   17.9608
    7.5000   37.5000  -22.500012311.1699   17.9966
   -7.5000   45.0000  -22.500011921.0059   17.5157
    0.0000   45.0000  -22.500012424.2119   17.5323
    7.5000   45.0000  -22.500011807.3525   17.5710
   -7.5000  -45.0000  -15.0000 7280.8325   20.4296
    0.0000  -45.0000  -15.0000 7567.2803   20.4405
    7.5000  -45.0000  -15.0000 7209.6787   20.4880
   -7.5000  -37.5000  -15.0000 8013.7021   19.7058
    0.0000  -37.5000  -15.0000 8330.9893   19.7249
    7.5000  -37.5000  -15.0000 7925.8315   19.7735
   -7.5000  -30.0000  -15.0000 9153.4248   19.1870
    0.0000  -30.0000  -15.0000 9519.6416   19.2060
    7.5000  -30.0000  -15.0000 9041.6641   19.2499
   -7.5000  -22.5000  -15.000010352.9258   18.8104
    0.0000  -22.5000  -15.000010783.1514   18.8225
    7.5000  -22.5000  -15.000010245.0762   18.8582
   -7.5000  -15.0000  -15.000011562.1191   18.6197
    0.0000  -15.0000  -15.000012053.9941   18.6276
    7.5000  -15.0000  -15.000011440.0527   18.6582
   -7.5000   -7.5000  -15.000012755.6006   18.6189
    0.0000   -7.5000  -15.000013305.3311   18.6287
    7.5000   -7.5000  -15.000012630.0059   18.6635
   -7.5000    0.0000  -15.000013948.6621   18.6128
    0.0000    0.0000  -15.000014573.6484   18.6281
    7.5000    0.0000  -15.000013808.6104   18.6722
   -7.5000    7.5000  -15.000014032.0645   18.6014
    0.0000    7.5000  -15.000014681.3721   18.6214
    7.5000    7.5000  -15.000013938.0996   18.6687
   -7.5000   15.0000  -15.000013923.3643   18.5967
    0.0000   15.0000  -15.000014572.7207   18.6151
    7.5000   15.0000  -15.000013843.4365   18.6571
   -7.5000   22.5000  -15.000013722.8477   18.5960
    0.0000   22.5000  -15.000014350.8398   18.6079
    7.5000   22.5000  -15.000013654.6309   18.6426
   -7.5000   30.0000  -15.000013325.0596   18.3725
    0.0000   30.0000  -15.000013932.0684   18.3804
    7.5000   30.0000  -15.000013255.6699   18.4106
   -7.5000   37.5000  -15.000013299.0391   18.3779
    0.0000   37.5000  -15.000013927.1768   18.3876
    7.5000   37.5000  -15.000013243.5166   18.4219
   -7.5000   45.0000  -15.000012721.3965   17.9358
    0.0000   45.0000  -15.000013305.7568   17.9506
    7.5000   45.0000  -15.000012661.9453   17.9931
   -7.5000  -45.0000   -7.5000 7758.3228   20.6623
    0.0000  -45.0000   -7.5000 8072.3555   20.6690
    7.5000  -45.0000   -7.5000 7683.5674   20.7122
   -7.5000  -37.5000   -7.5000 8530.8857   19.9217
    0.0000  -37.5000   -7.5000 8883.3164   19.9359
    7.5000  -37.5000   -7.5000 8456.1865   19.9842
   -7.5000  -30.0000   -7.5000 9746.2305   19.3849
    0.0000  -30.0000   -7.500010151.4727   19.4008
    7.5000  -30.0000   -7.5000 9642.6084   19.4472
   -7.5000  -22.5000   -7.500011011.2852   19.0104
    0.0000  -22.5000   -7.500011470.5898   19.0195
    7.5000  -22.5000   -7.500010921.0400   19.0570
   -7.5000  -15.0000   -7.500012320.8955   18.8325
    0.0000  -15.0000   -7.500012827.6904   18.8374
    7.5000  -15.0000   -7.500012211.6592   18.8674
   -7.5000   -7.5000   -7.500013595.5244   18.8407
    0.0000   -7.5000   -7.500014196.6484   18.8468
    7.5000   -7.5000   -7.500013488.7236   18.8791
   -7.5000    0.0000   -7.500014866.3037   18.8308
    0.0000    0.0000   -7.500015563.7002   18.8416
    7.5000    0.0000   -7.500014755.3291   18.8834
   -7.5000    7.5000   -7.500015029.1426   18.8051
    0.0000    7.5000   -7.500015730.4873   18.8211
    7.5000    7.5000   -7.500014914.0381   18.8686
   -7.5000   15.0000   -7.500014920.1143   18.7896
    0.0000   15.0000   -7.500015646.9248   18.8050
    7.5000   15.0000   -7.500014869.7832   18.8491
   -7.5000   22.5000   -7.500014677.1963   18.7921
    0.0000   22.5000   -7.500015376.2715   18.8010
    7.5000   22.5000   -7.500014688.3984   18.8373
   -7.5000   30.0000   -7.500014257.9404   18.5821
    0.0000   30.0000   -7.500014938.7988   18.5869
    7.5000   30.0000   -7.500014270.7129   18.6166
   -7.5000   37.5000   -7.500014196.9912   18.5964
    0.0000   37.5000   -7.500014927.0850   18.6024
    7.5000   37.5000   -7.500014246.3877   18.6343
   -7.5000   45.0000   -7.500013557.4287   18.1494
    0.0000   45.0000   -7.500014240.7354   18.1598
    7.5000   45.0000   -7.500013585.4355   18.2001
   -7.5000  -45.0000    0.0000 8157.4907   20.7098
    0.0000  -45.0000    0.0000 8476.1885   20.7124
    7.5000  -45.0000    0.0000 8082.0190   20.7494
   -7.5000  -37.5000    0.0000 8990.2695   19.9673
    0.0000  -37.5000    0.0000 9351.2832   19.9765
    7.5000  -37.5000    0.0000 8900.4463   20.0226
   -7.5000  -30.0000    0.000010269.4570   19.4185
    0.0000  -30.0000    0.000010686.1357   19.4303
    7.5000  -30.0000    0.000010164.5898   19.4832
   -7.5000  -22.5000    0.000011610.8301   19.0418
    0.0000  -22.5000    0.000012092.5156   19.0482
    7.5000  -22.5000    0.000011512.7900   19.0955
   -7.5000  -15.0000    0.000012981.5986   18.8699
    0.0000  -15.0000    0.000013531.9023   18.8729
    7.5000  -15.0000    0.000012862.2832   18.9092
   -7.5000   -7.5000    0.000014343.2754   18.8877
    0.0000   -7.5000    0.000015012.5000   18.8906
    7.5000   -7.5000    0.000014243.3252   18.9216
   -7.5000    0.0000    0.000015707.7725   18.8813
    0.0000    0.0000    0.000016476.0449   18.8872
    7.5000    0.0000    0.000015590.5205   18.9230
   -7.5000    7.5000    0.000015935.0518   18.8487
    0.0000    7.5000    0.000016725.0410   18.8598
    7.5000    7.5000    0.000015826.0645   18.9055
   -7.5000   15.0000    0.000015905.6250   18.8232
    0.0000   15.0000    0.000016794.5410   18.8347
    7.5000   15.0000    0.000015896.6172   18.8850
   -7.5000   22.5000    0.000015677.1221   18.8231
    0.0000   22.5000    0.000016603.9688   18.8295
    7.5000   22.5000    0.000015833.1094   18.8753
   -7.5000   30.0000    0.000015148.5176   18.6195
    0.0000   30.0000    0.000016086.7539   18.6226
    7.5000   30.0000    0.000015358.5361   18.6584
   -7.5000   37.5000    0.000015040.7109   18.6433
    0.0000   37.5000    0.000016025.5586   18.6461
    7.5000   37.5000    0.000015263.6875   18.6767
   -7.5000   45.0000    0.000014350.2910   18.1994
    0.0000   45.0000    0.000015237.3359   18.2051
    7.5000   45.0000    0.000014486.2686   18.2396
   -7.5000  -45.0000    7.5000 7939.4194   20.7231
    0.0000  -45.0000    7.5000 8252.7852   20.7277
    7.5000  -45.0000    7.5000 7845.4399   20.7619
   -7.5000  -37.5000    7.5000 8783.0713   19.9885
    0.0000  -37.5000    7.5000 9122.1895   19.9993
    7.5000  -37.5000    7.5000 8674.3535   20.0428
   -7.5000  -30.0000    7.500010018.8613   19.4396
    0.0000  -30.0000    7.500010423.4805   19.4517
    7.5000  -30.0000    7.5000 9929.3174   19.5078
   -7.5000  -22.5000    7.500011321.7012   19.0529
    0.0000  -22.5000    7.500011792.7363   19.0604
    7.5000  -22.5000    7.500011229.6230   19.1152
   -7.5000  -15.0000    7.500012646.6982   18.8722
    0.0000  -15.0000    7.500013202.0674   18.8764
    7.5000  -15.0000    7.500012539.7314   18.9188
   -7.5000   -7.5000    7.500013998.3301   18.8919
    0.0000   -7.5000    7.500014685.5078   18.8958
    7.5000   -7.5000    7.500013919.9336   18.9270
   -7.5000    0.0000    7.500015359.2432   18.8945
    0.0000    0.0000    7.500016135.0566   18.9017
    7.5000    0.0000    7.500015258.0391   18.9326
   -7.5000    7.5000    7.500015654.4023   18.8694
    0.0000    7.5000    7.500016536.2129   18.8815
    7.5000    7.5000    7.500015563.9141   18.9241
   -7.5000   15.0000    7.500015829.2373   18.8434
    0.0000   15.0000    7.500016933.1465   18.8554
    7.5000   15.0000    7.500015825.4297   18.9091
   -7.5000   22.5000    7.500015765.6572   18.8338
    0.0000   22.5000    7.500016978.1523   18.8411
    7.5000   22.5000    7.500015954.9043   18.8945
   -7.5000   30.0000    7.500015151.6035   18.6218
    0.0000   30.0000    7.500016262.6211   18.6260
    7.5000   30.0000    7.500015417.9912   18.6679
   -7.5000   37.5000    7.500014914.1191   18.6474
    0.0000   37.5000    7.500015927.8525   18.6513
    7.5000   37.5000    7.500015141.1230   18.6821
   -7.5000   45.0000    7.500014168.6562   18.2121
    0.0000   45.0000    7.500015037.0869   18.2190
    7.5000   45.0000    7.500014267.0986   18.2489
   -7.5000  -45.0000   15.0000 7568.1821   20.7288
    0.0000  -45.0000   15.0000 7881.8477   20.7406
    7.5000  -45.0000   15.0000 7480.0610   20.7806
   -7.5000  -37.5000   15.0000 8455.6729   20.0029
    0.0000  -37.5000   15.0000 8826.4512   20.0211
    7.5000  -37.5000   15.0000 8375.7275   20.0658
   -7.5000  -30.0000   15.0000 9684.4883   19.4659
    0.0000  -30.0000   15.000010154.8877   19.4832
    7.5000  -30.0000   15.0000 9646.2979   19.5375
   -7.5000  -22.5000   15.000010949.7188   19.0722
    0.0000  -22.5000   15.000011465.3330   19.0846
    7.5000  -22.5000   15.000010889.1934   19.1390
   -7.5000  -15.0000   15.000012203.6055   18.8769
    0.0000  -15.0000   15.000012807.7275   18.8857
    7.5000  -15.0000   15.000012148.8770   18.9302
   -7.5000   -7.5000   15.000013529.0693   18.8880
    0.0000   -7.5000   15.000014256.2031   18.8978
    7.5000   -7.5000   15.000013499.4053   18.9326
   -7.5000    0.0000   15.000014888.9482   18.8943
    0.0000    0.0000   15.000015668.5781   18.9085
    7.5000    0.0000   15.000014789.3525   18.9427
   -7.5000    7.5000   15.000015241.4258   18.8832
    0.0000    7.5000   15.000016065.2705   18.9017
    7.5000    7.5000   15.000015063.0547   18.9446
   -7.5000   15.0000   15.000015443.4365   18.8676
    0.0000   15.0000   15.000016439.6660   18.8847
    7.5000   15.0000   15.000015304.4902   18.9369
   -7.5000   22.5000   15.000015445.1064   18.8526
    0.0000   22.5000   15.000016436.4707   18.8646
    7.5000   22.5000   15.000015325.7188   18.9177
   -7.5000   30.0000   15.000014849.6182   18.6264
    0.0000   30.0000   15.000015683.6328   18.6352
    7.5000   30.0000   15.000014701.0479   18.6792
   -7.5000   37.5000   15.000014571.8379   18.6435
    0.0000   37.5000   15.000015381.2471   18.6533
    7.5000   37.5000   15.000014482.7832   18.6876
   -7.5000   45.0000   15.000013703.6387   18.2119
    0.0000   45.0000   15.000014505.3877   18.2256
    7.5000   45.0000   15.000013697.6201   18.2586
   -7.5000  -45.0000   22.5000 7114.5547   20.7282
    0.0000  -45.0000   22.5000 7455.6069   20.7426
    7.5000  -45.0000   22.5000 7083.3208   20.7902
   -7.5000  -37.5000   22.5000 7973.0005   20.0026
    0.0000  -37.5000   22.5000 8362.4473   20.0242
    7.5000  -37.5000   22.5000 7951.9414   20.0725
   -7.5000  -30.0000   22.5000 9195.8555   19.4773
    0.0000  -30.0000   22.5000 9658.8555   19.4978
    7.5000  -30.0000   22.5000 9166.6621   19.5470
   -7.5000  -22.5000   22.500010443.7314   19.0869
    0.0000  -22.5000   22.500010942.2051   19.1015
    7.5000  -22.5000   22.500010356.7949   19.1470
   -7.5000  -15.0000   22.500011728.7637   18.8851
    0.0000  -15.0000   22.500012277.1572   18.8960
    7.5000  -15.0000   22.500011584.4219   18.9353
   -7.5000   -7.5000   22.500013030.1055   18.8850
    0.0000   -7.5000   22.500013664.2256   18.8978
    7.5000   -7.5000   22.500012869.8623   18.9354
   -7.5000    0.0000   22.500014279.0674   18.8862
    0.0000    0.0000   22.500014954.9170   18.9041
    7.5000    0.0000   22.500014076.6016   18.9458
   -7.5000    7.5000   22.500014478.7461   18.8818
    0.0000    7.5000   22.500015241.7109   18.9036
    7.5000    7.5000   22.500014338.2520   18.9500
   -7.5000   15.0000   22.500014516.0557   18.8777
    0.0000   15.0000   22.500015457.4834   18.8975
    7.5000   15.0000   22.500014527.4863   18.9448
   -7.5000   22.5000   22.500014365.5430   18.8670
    0.0000   22.5000   22.500015277.4229   18.8812
    7.5000   22.5000   22.500014374.6191   18.9255
   -7.5000   30.0000   22.500013907.2969   18.6344
    0.0000   30.0000   22.500014670.7236   18.6452
    7.5000   30.0000   22.500013808.4189   18.6841
   -7.5000   37.5000   22.500013831.4541   18.6406
    0.0000   37.5000   22.500014608.3281   18.6532
    7.5000   37.5000   22.500013728.1104   18.6903
   -7.5000   45.0000   22.500013119.5400   18.2041
    0.0000   45.0000   22.500013891.1699   18.2214
    7.5000   45.0000   22.500013068.6816   18.2616
   -7.5000  -45.0000   30.0000 6544.7617   20.7402
    0.0000  -45.0000   30.0000 6871.5059   20.7513
    7.5000  -45.0000   30.0000 6519.0894   20.7997
   -7.5000  -37.5000   30.0000 7376.7183   20.0056
    0.0000  -37.5000   30.0000 7743.6382   20.0251
    7.5000  -37.5000   30.0000 7347.1313   20.0746
   -7.5000  -30.0000   30.0000 8564.9473   19.4795
    0.0000  -30.0000   30.0000 8992.9072   19.4989
    7.5000  -30.0000   30.0000 8508.4033   19.5437
   -7.5000  -22.5000   30.0000 9747.4219   19.0971
    0.0000  -22.5000   30.000010230.5674   19.1095
    7.5000  -22.5000   30.0000 9646.2324   19.1459
   -7.5000  -15.0000   30.000010915.0352   18.9031
    0.0000  -15.0000   30.000011473.5430   18.9112
    7.5000  -15.0000   30.000010815.4473   18.9423
   -7.5000   -7.5000   30.000012061.2256   18.9020
    0.0000   -7.5000   30.000012699.4766   18.9120
    7.5000   -7.5000   30.000011984.5391   18.9473
   -7.5000    0.0000   30.000013139.4395   18.8955
    0.0000    0.0000   30.000013831.1465   18.9112
    7.5000    0.0000   30.000013104.8350   18.9560
   -7.5000    7.5000   30.000013302.7217   18.8841
    0.0000    7.5000   30.000014081.6211   18.9045
    7.5000    7.5000   30.000013368.0537   18.9527
   -7.5000   15.0000   30.000013293.5508   18.8796
    0.0000   15.0000   30.000014159.3408   18.8985
    7.5000   15.0000   30.000013447.3633   18.9413
   -7.5000   22.5000   30.000013129.3145   18.8772
    0.0000   22.5000   30.000013890.5146   18.8893
    7.5000   22.5000   30.000013195.9180   18.9246
   -7.5000   30.0000   30.000012750.2881   18.6522
    0.0000   30.0000   30.000013436.3867   18.6602
    7.5000   30.0000   30.000012775.7246   18.6909
   -7.5000   37.5000   30.000012750.8145   18.6574
    0.0000   37.5000   30.000013472.4414   18.6673
    7.5000   37.5000   30.000012813.8164   18.7021
   -7.5000   45.0000   30.000012187.8672   18.2131
    0.0000   45.0000   30.000012886.0820   18.2282
    7.5000   45.0000   30.000012228.1572   18.2714
   -7.5000  -45.0000   37.5000 6258.5151   21.0335
    0.0000  -45.0000   37.5000 6563.5142   21.0404
    7.5000  -45.0000   37.5000 6240.9902   21.0860
   -7.5000  -37.5000   37.5000 7051.4961   20.2712
    0.0000  -37.5000   37.5000 7415.3193   20.2856
    7.5000  -37.5000   37.5000 7046.0786   20.3363
   -7.5000  -30.0000   37.5000 8194.7529   19.7195
    0.0000  -30.0000   37.5000 8623.3662   19.7356
    7.5000  -30.0000   37.5000 8175.9351   19.7841
   -7.5000  -22.5000   37.5000 9331.7637   19.3335
    0.0000  -22.5000   37.5000 9815.9043   19.3427
    7.5000  -22.5000   37.5000 9288.5947   19.3819
   -7.5000  -15.0000   37.500010431.8184   19.1488
    0.0000  -15.0000   37.500010964.7979   19.1538
    7.5000  -15.0000   37.500010400.2500   19.1853
   -7.5000   -7.5000   37.500011558.3848   19.1569
    0.0000   -7.5000   37.500012131.8867   19.1633
    7.5000   -7.5000   37.500011553.2422   19.1972
   -7.5000    0.0000   37.500012656.9277   19.1472
    0.0000    0.0000   37.500013284.7852   19.1583
    7.5000    0.0000   37.500012665.9961   19.2022
   -7.5000    7.5000   37.500012817.7207   19.1217
    0.0000    7.5000   37.500013520.0723   19.1380
    7.5000    7.5000   37.500012925.8613   19.1877
   -7.5000   15.0000   37.500012772.8008   19.1063
    0.0000   15.0000   37.500013489.7646   19.1218
    7.5000   15.0000   37.500012910.3750   19.1679
   -7.5000   22.5000   37.500012547.2441   19.1083
    0.0000   22.5000   37.500013158.4551   19.1174
    7.5000   22.5000   37.500012595.9971   19.1553
   -7.5000   30.0000   37.500012230.1719   18.8945
    0.0000   30.0000   37.500012804.0098   18.8996
    7.5000   30.0000   37.500012253.0312   18.9307
   -7.5000   37.5000   37.500012269.6924   18.9089
    0.0000   37.5000   37.500012900.9277   18.9153
    7.5000   37.5000   37.500012352.9971   18.9487
   -7.5000   45.0000   37.500011746.9941   18.4557
    0.0000   45.0000   37.500012355.3281   18.4664
    7.5000   45.0000   37.500011818.8564   18.5087
   -7.5000  -45.0000   45.0000 5737.3408   21.4139
    0.0000  -45.0000   45.0000 5994.4077   21.4143
    7.5000  -45.0000   45.0000 5723.3755   21.4529
   -7.5000  -37.5000   45.0000 6471.2979   20.6210
    0.0000  -37.5000   45.0000 6787.2852   20.6285
    7.5000  -37.5000   45.0000 6465.3003   20.6765
   -7.5000  -30.0000   45.0000 7509.3530   20.0372
    0.0000  -30.0000   45.0000 7876.1387   20.0480
    7.5000  -30.0000   45.0000 7504.0054   20.1031
   -7.5000  -22.5000   45.0000 8545.7598   19.6356
    0.0000  -22.5000   45.0000 8975.5293   19.6414
    7.5000  -22.5000   45.0000 8536.6924   19.6909
   -7.5000  -15.0000   45.0000 9568.7256   19.4503
    0.0000  -15.0000   45.000010020.8877   19.4527
    7.5000  -15.0000   45.0000 9552.6533   19.4908
   -7.5000   -7.5000   45.000010637.4316   19.4685
    0.0000   -7.5000   45.000011109.0625   19.4704
    7.5000   -7.5000   45.000010606.0410   19.5028
   -7.5000    0.0000   45.000011677.1973   19.4622
    0.0000    0.0000   45.000012211.0332   19.4666
    7.5000    0.0000   45.000011664.3584   19.5039
   -7.5000    7.5000   45.000011808.4062   19.4288
    0.0000    7.5000   45.000012395.7090   19.4386
    7.5000    7.5000   45.000011872.0537   19.4861
   -7.5000   15.0000   45.000011733.2598   19.4025
    0.0000   15.0000   45.000012321.6748   19.4131
    7.5000   15.0000   45.000011777.6631   19.4656
   -7.5000   22.5000   45.000011515.6699   19.4019
    0.0000   22.5000   45.000012031.9209   19.4077
    7.5000   22.5000   45.000011492.4502   19.4557
   -7.5000   30.0000   45.000011217.5068   19.1903
    0.0000   30.0000   45.000011734.0791   19.1928
    7.5000   30.0000   45.000011193.0791   19.2304
   -7.5000   37.5000   45.000011297.4326   19.2149
    0.0000   37.5000   45.000011831.8506   19.2167
    7.5000   37.5000   45.000011291.0459   19.2487
   -7.5000   45.0000   45.000010841.8359   18.7678
    0.0000   45.0000   45.000011340.1494   18.7720
    7.5000   45.0000   45.000010843.1084   18.8080

---------------------------------------------------------------------
imgreg_4dfp /opt/freesurfer/average/711-2C_as_mni_average_305 /opt/freesurfer/average/711-2B_as_mni_average_305_mask talsrcimg_g11 none talsrcimg_to_711-2C_as_mni_average_305_t4 4355
---------------------------------------------------------------------

freesurfer imgreg_4dfp.c
/opt/freesurfer/average/711-2C_as_mni_average_305.4dfp.img
       256       256       256         1
  1.000000  1.000000  1.000000
orientation T byte_order littleendian
Reading image: /opt/freesurfer/average/711-2C_as_mni_average_305.4dfp.img
dimensions:      256       256       256
mmppix:       1.0000   -1.0000   -1.0000
center:     128.0000 -129.0000 -129.0000
/opt/freesurfer/average/711-2B_as_mni_average_305_mask.4dfp.img
       256       256       256         1
  1.000000  1.000000  1.000000
orientation T byte_order littleendian
Reading mask: /opt/freesurfer/average/711-2B_as_mni_average_305_mask.4dfp.img (2306576 pixels)
talsrcimg_g11.4dfp.img
       256       256       256         1
  1.000000  1.000000  1.000000
orientation T byte_order littleendian
Reading image: talsrcimg_g11.4dfp.img
dimensions:      256       256       256
mmppix:       1.0000   -1.0000   -1.0000
center:     128.0000 -129.0000 -129.0000
rotation matrix determinant  1.000000
image alignment mode   4355 decimal     1103 hex
   -7.5000  -22.5000  -37.5000 2146.7942   21.9343
    0.0000  -22.5000  -37.5000 2135.0300   22.0937
    7.5000  -22.5000  -37.5000 2108.8931   22.2856
   -7.5000  -15.0000  -37.5000 2243.7043   19.8290
    0.0000  -15.0000  -37.5000 2237.5181   19.9821
    7.5000  -15.0000  -37.5000 2213.8435   20.1640
   -7.5000   -7.5000  -37.5000 2331.8184   18.3191
    0.0000   -7.5000  -37.5000 2327.4751   18.4462
    7.5000   -7.5000  -37.5000 2303.9590   18.6818
   -7.5000    0.0000  -37.5000 2383.5198   17.2430
    0.0000    0.0000  -37.5000 2379.9792   17.3603
    7.5000    0.0000  -37.5000 2351.4575   17.5926
   -7.5000    7.5000  -37.5000 2414.6299   16.5526
    0.0000    7.5000  -37.5000 2416.7444   16.6265
    7.5000    7.5000  -37.5000 2379.7322   16.8674
   -7.5000   15.0000  -37.5000 2429.3325   16.0533
    0.0000   15.0000  -37.5000 2431.9172   16.0983
    7.5000   15.0000  -37.5000 2400.2793   16.3367
   -7.5000   22.5000  -37.5000 2439.1621   15.8212
    0.0000   22.5000  -37.5000 2441.0161   15.8116
    7.5000   22.5000  -37.5000 2414.6865   16.0700
   -7.5000   30.0000  -37.5000 2437.9512   15.9580
    0.0000   30.0000  -37.5000 2443.2004   15.9418
    7.5000   30.0000  -37.5000 2410.8845   16.1682
   -7.5000   37.5000  -37.5000 2412.3284   16.3851
    0.0000   37.5000  -37.5000 2416.1965   16.3811
    7.5000   37.5000  -37.5000 2389.9158   16.5947
   -7.5000   45.0000  -37.5000 2373.3540   17.0791
    0.0000   45.0000  -37.5000 2379.9636   17.0531
    7.5000   45.0000  -37.5000 2354.4031   17.2407
   -7.5000   52.5000  -37.5000 2295.0986   17.8880
    0.0000   52.5000  -37.5000 2304.7683   17.8619
    7.5000   52.5000  -37.5000 2276.1094   18.0780
   -7.5000   60.0000  -37.5000 2169.8096   18.8070
    0.0000   60.0000  -37.5000 2182.1587   18.7921
    7.5000   60.0000  -37.5000 2157.7549   19.0257
   -7.5000   67.5000  -37.5000 2012.4669   19.8195
    0.0000   67.5000  -37.5000 2023.8795   19.8181
    7.5000   67.5000  -37.5000 2004.8337   20.0638
   -7.5000  -22.5000  -30.0000 2255.3298   21.3122
    0.0000  -22.5000  -30.0000 2245.7727   21.4835
    7.5000  -22.5000  -30.0000 2215.0554   21.7083
   -7.5000  -15.0000  -30.0000 2368.9761   19.2858
    0.0000  -15.0000  -30.0000 2362.5886   19.4277
    7.5000  -15.0000  -30.0000 2331.2161   19.6489
   -7.5000   -7.5000  -30.0000 2459.9397   17.7437
    0.0000   -7.5000  -30.0000 2455.6731   17.8484
    7.5000   -7.5000  -30.0000 2426.0891   18.0791
   -7.5000    0.0000  -30.0000 2517.8899   16.6217
    0.0000    0.0000  -30.0000 2516.3931   16.7040
    7.5000    0.0000  -30.0000 2486.6001   16.9155
   -7.5000    7.5000  -30.0000 2560.0908   15.9008
    0.0000    7.5000  -30.0000 2558.2000   15.9301
    7.5000    7.5000  -30.0000 2522.9666   16.1712
   -7.5000   15.0000  -30.0000 2585.9631   15.4340
    0.0000   15.0000  -30.0000 2584.3193   15.4183
    7.5000   15.0000  -30.0000 2551.5386   15.6466
   -7.5000   22.5000  -30.0000 2591.9077   15.2298
    0.0000   22.5000  -30.0000 2592.6448   15.2261
    7.5000   22.5000  -30.0000 2564.2617   15.4702
   -7.5000   30.0000  -30.0000 2584.9036   15.2917
    0.0000   30.0000  -30.0000 2590.5752   15.2768
    7.5000   30.0000  -30.0000 2554.8516   15.5253
   -7.5000   37.5000  -30.0000 2564.8550   15.6656
    0.0000   37.5000  -30.0000 2572.2510   15.6443
    7.5000   37.5000  -30.0000 2536.9570   15.8520
   -7.5000   45.0000  -30.0000 2524.8748   16.2751
    0.0000   45.0000  -30.0000 2538.9958   16.2548
    7.5000   45.0000  -30.0000 2502.9851   16.4365
   -7.5000   52.5000  -30.0000 2440.7263   17.0061
    0.0000   52.5000  -30.0000 2449.6812   17.0150
    7.5000   52.5000  -30.0000 2418.3428   17.2164
   -7.5000   60.0000  -30.0000 2303.1604   17.9204
    0.0000   60.0000  -30.0000 2315.2786   17.9272
    7.5000   60.0000  -30.0000 2288.1746   18.1462
   -7.5000   67.5000  -30.0000 2138.8633   18.9377
    0.0000   67.5000  -30.0000 2153.2373   18.9273
    7.5000   67.5000  -30.0000 2129.2783   19.1796
   -7.5000  -22.5000  -22.5000 2333.0989   20.5420
    0.0000  -22.5000  -22.5000 2329.5276   20.7146
    7.5000  -22.5000  -22.5000 2296.3894   21.0117
   -7.5000  -15.0000  -22.5000 2453.0503   18.5433
    0.0000  -15.0000  -22.5000 2453.4590   18.6837
    7.5000  -15.0000  -22.5000 2418.0444   18.9578
   -7.5000   -7.5000  -22.5000 2547.0325   17.0275
    0.0000   -7.5000  -22.5000 2545.3833   17.0923
    7.5000   -7.5000  -22.5000 2515.8484   17.3423
   -7.5000    0.0000  -22.5000 2616.2402   15.8885
    0.0000    0.0000  -22.5000 2616.6672   15.9276
    7.5000    0.0000  -22.5000 2587.9148   16.1481
   -7.5000    7.5000  -22.5000 2670.4285   15.1091
    0.0000    7.5000  -22.5000 2668.7957   15.1304
    7.5000    7.5000  -22.5000 2638.0781   15.3598
   -7.5000   15.0000  -22.5000 2700.9734   14.5966
    0.0000   15.0000  -22.5000 2703.4976   14.5913
    7.5000   15.0000  -22.5000 2668.4646   14.8382
   -7.5000   22.5000  -22.5000 2712.0476   14.4185
    0.0000   22.5000  -22.5000 2713.3220   14.4154
    7.5000   22.5000  -22.5000 2681.9255   14.6483
   -7.5000   30.0000  -22.5000 2705.3423   14.4863
    0.0000   30.0000  -22.5000 2712.9922   14.4678
    7.5000   30.0000  -22.5000 2680.0344   14.7101
   -7.5000   37.5000  -22.5000 2689.3999   14.8325
    0.0000   37.5000  -22.5000 2702.3489   14.7950
    7.5000   37.5000  -22.5000 2666.1667   14.9998
   -7.5000   45.0000  -22.5000 2649.7949   15.3738
    0.0000   45.0000  -22.5000 2665.7712   15.3380
    7.5000   45.0000  -22.5000 2631.9246   15.5484
   -7.5000   52.5000  -22.5000 2561.3945   16.0639
    0.0000   52.5000  -22.5000 2576.9255   16.0498
    7.5000   52.5000  -22.5000 2545.6216   16.2636
   -7.5000   60.0000  -22.5000 2412.7856   16.9157
    0.0000   60.0000  -22.5000 2428.8677   16.8960
    7.5000   60.0000  -22.5000 2404.3552   17.1479
   -7.5000   67.5000  -22.5000 2239.3813   17.9031
    0.0000   67.5000  -22.5000 2257.4878   17.8910
    7.5000   67.5000  -22.5000 2233.9280   18.1464
   -7.5000  -22.5000  -15.0000 2370.9846   19.8602
    0.0000  -22.5000  -15.0000 2367.0310   19.9587
    7.5000  -22.5000  -15.0000 2343.0037   20.2971
   -7.5000  -15.0000  -15.0000 2494.3069   17.8563
    0.0000  -15.0000  -15.0000 2494.3987   17.9660
    7.5000  -15.0000  -15.0000 2467.4143   18.2554
   -7.5000   -7.5000  -15.0000 2594.4675   16.2988
    0.0000   -7.5000  -15.0000 2594.5879   16.3603
    7.5000   -7.5000  -15.0000 2567.4758   16.6275
   -7.5000    0.0000  -15.0000 2676.0017   15.1670
    0.0000    0.0000  -15.0000 2678.4968   15.2201
    7.5000    0.0000  -15.0000 2648.3960   15.4680
   -7.5000    7.5000  -15.0000 2736.8193   14.2949
    0.0000    7.5000  -15.0000 2741.8708   14.3291
    7.5000    7.5000  -15.0000 2708.2273   14.6031
   -7.5000   15.0000  -15.0000 2780.0447   13.7547
    0.0000   15.0000  -15.0000 2784.0137   13.7757
    7.5000   15.0000  -15.0000 2748.8330   14.0507
   -7.5000   22.5000  -15.0000 2798.4697   13.5627
    0.0000   22.5000  -15.0000 2804.8721   13.5729
    7.5000   22.5000  -15.0000 2769.8340   13.8518
   -7.5000   30.0000  -15.0000 2794.7151   13.6315
    0.0000   30.0000  -15.0000 2808.0154   13.6185
    7.5000   30.0000  -15.0000 2775.9482   13.9021
   -7.5000   37.5000  -15.0000 2776.6460   13.9801
    0.0000   37.5000  -15.0000 2798.4465   13.9359
    7.5000   37.5000  -15.0000 2764.6785   14.1870
   -7.5000   45.0000  -15.0000 2736.5498   14.4770
    0.0000   45.0000  -15.0000 2757.8279   14.4307
    7.5000   45.0000  -15.0000 2728.1472   14.6928
   -7.5000   52.5000  -15.0000 2646.0874   15.1169
    0.0000   52.5000  -15.0000 2668.7578   15.0853
    7.5000   52.5000  -15.0000 2640.7402   15.3650
   -7.5000   60.0000  -15.0000 2497.6702   15.9816
    0.0000   60.0000  -15.0000 2517.4221   15.9254
    7.5000   60.0000  -15.0000 2492.1736   16.2216
   -7.5000   67.5000  -15.0000 2313.6821   16.9364
    0.0000   67.5000  -15.0000 2337.1028   16.8917
    7.5000   67.5000  -15.0000 2314.2283   17.1388
   -7.5000  -22.5000   -7.5000 2380.8760   19.2211
    0.0000  -22.5000   -7.5000 2380.8872   19.3262
    7.5000  -22.5000   -7.5000 2357.9329   19.6994
   -7.5000  -15.0000   -7.5000 2509.5337   17.2082
    0.0000  -15.0000   -7.5000 2507.3015   17.3059
    7.5000  -15.0000   -7.5000 2485.6021   17.6509
   -7.5000   -7.5000   -7.5000 2615.2188   15.6553
    0.0000   -7.5000   -7.5000 2618.8733   15.7385
    7.5000   -7.5000   -7.5000 2593.4099   16.0640
   -7.5000    0.0000   -7.5000 2709.2566   14.5047
    0.0000    0.0000   -7.5000 2716.6414   14.6020
    7.5000    0.0000   -7.5000 2687.0808   14.8867
   -7.5000    7.5000   -7.5000 2786.4294   13.6340
    0.0000    7.5000   -7.5000 2791.6208   13.6931
    7.5000    7.5000   -7.5000 2758.3098   13.9863
   -7.5000   15.0000   -7.5000 2841.2544   13.0508
    0.0000   15.0000   -7.5000 2847.9741   13.0886
    7.5000   15.0000   -7.5000 2810.0037   13.4111
   -7.5000   22.5000   -7.5000 2866.1123   12.8252
    0.0000   22.5000   -7.5000 2878.9250   12.8371
    7.5000   22.5000   -7.5000 2841.3955   13.2235
   -7.5000   30.0000   -7.5000 2868.8999   12.8590
    0.0000   30.0000   -7.5000 2885.6646   12.8516
    7.5000   30.0000   -7.5000 2853.3530   13.2280
   -7.5000   37.5000   -7.5000 2846.1692   13.1899
    0.0000   37.5000   -7.5000 2873.2991   13.1682
    7.5000   37.5000   -7.5000 2840.0254   13.4988
   -7.5000   45.0000   -7.5000 2805.7302   13.6814
    0.0000   45.0000   -7.5000 2829.5835   13.6678
    7.5000   45.0000   -7.5000 2800.7886   14.0007
   -7.5000   52.5000   -7.5000 2711.9993   14.3238
    0.0000   52.5000   -7.5000 2732.9014   14.3090
    7.5000   52.5000   -7.5000 2705.5208   14.6392
   -7.5000   60.0000   -7.5000 2557.9202   15.1458
    0.0000   60.0000   -7.5000 2576.1345   15.1064
    7.5000   60.0000   -7.5000 2550.6931   15.4469
   -7.5000   67.5000   -7.5000 2375.8574   16.1045
    0.0000   67.5000   -7.5000 2397.4478   16.0550
    7.5000   67.5000   -7.5000 2371.6489   16.3307
   -7.5000  -22.5000    0.0000 2378.8364   18.8672
    0.0000  -22.5000    0.0000 2379.2603   18.9739
    7.5000  -22.5000    0.0000 2356.0408   19.3774
   -7.5000  -15.0000    0.0000 2505.3918   16.8492
    0.0000  -15.0000    0.0000 2500.8586   16.9172
    7.5000  -15.0000    0.0000 2480.5786   17.3294
   -7.5000   -7.5000    0.0000 2617.7732   15.2800
    0.0000   -7.5000    0.0000 2623.9487   15.3905
    7.5000   -7.5000    0.0000 2595.6392   15.7356
   -7.5000    0.0000    0.0000 2721.5276   14.0826
    0.0000    0.0000    0.0000 2729.4932   14.1769
    7.5000    0.0000    0.0000 2700.5513   14.4953
   -7.5000    7.5000    0.0000 2812.0376   13.2005
    0.0000    7.5000    0.0000 2818.5706   13.2853
    7.5000    7.5000    0.0000 2791.0652   13.5994
   -7.5000   15.0000    0.0000 2873.2664   12.6334
    0.0000   15.0000    0.0000 2894.9402   12.7258
    7.5000   15.0000    0.0000 2856.8845   13.0610
   -7.5000   22.5000    0.0000 2917.4612   12.3625
    0.0000   22.5000    0.0000 2947.1980   12.4580
    7.5000   22.5000    0.0000 2904.6968   12.8823
   -7.5000   30.0000    0.0000 2923.3796   12.3210
    0.0000   30.0000    0.0000 2958.5981   12.3758
    7.5000   30.0000    0.0000 2913.6853   12.8424
   -7.5000   37.5000    0.0000 2896.2727   12.6081
    0.0000   37.5000    0.0000 2934.6135   12.6747
    7.5000   37.5000    0.0000 2893.2405   13.0391
   -7.5000   45.0000    0.0000 2856.1924   13.0998
    0.0000   45.0000    0.0000 2886.2725   13.1588
    7.5000   45.0000    0.0000 2853.4202   13.4981
   -7.5000   52.5000    0.0000 2763.1084   13.7732
    0.0000   52.5000    0.0000 2784.1284   13.7673
    7.5000   52.5000    0.0000 2755.1123   14.1098
   -7.5000   60.0000    0.0000 2604.2791   14.5965
    0.0000   60.0000    0.0000 2621.4834   14.5809
    7.5000   60.0000    0.0000 2593.0210   14.9080
   -7.5000   67.5000    0.0000 2416.3855   15.5301
    0.0000   67.5000    0.0000 2437.7888   15.5219
    7.5000   67.5000    0.0000 2410.3137   15.8030
   -7.5000  -22.5000    7.5000 2358.5535   18.8311
    0.0000  -22.5000    7.5000 2359.2407   18.8307
    7.5000  -22.5000    7.5000 2342.1401   19.2937
   -7.5000  -15.0000    7.5000 2481.9866   16.7626
    0.0000  -15.0000    7.5000 2486.9548   16.7999
    7.5000  -15.0000    7.5000 2463.7317   17.2386
   -7.5000   -7.5000    7.5000 2602.6650   15.1624
    0.0000   -7.5000    7.5000 2612.0139   15.2142
    7.5000   -7.5000    7.5000 2587.5024   15.6104
   -7.5000    0.0000    7.5000 2714.7122   13.9340
    0.0000    0.0000    7.5000 2726.0664   13.9984
    7.5000    0.0000    7.5000 2698.3254   14.3743
   -7.5000    7.5000    7.5000 2811.4563   13.0441
    0.0000    7.5000    7.5000 2832.3049   13.1408
    7.5000    7.5000    7.5000 2804.7271   13.5080
   -7.5000   15.0000    7.5000 2897.6599   12.5320
    0.0000   15.0000    7.5000 2929.6611   12.6538
    7.5000   15.0000    7.5000 2895.6892   12.9547
   -7.5000   22.5000    7.5000 2962.3384   12.2596
    0.0000   22.5000    7.5000 3010.9026   12.3826
    7.5000   22.5000    7.5000 2958.1450   12.6963
   -7.5000   30.0000    7.5000 2969.3872   12.1381
    0.0000   30.0000    7.5000 3019.0471   12.1947
    7.5000   30.0000    7.5000 2969.7139   12.6001
   -7.5000   37.5000    7.5000 2929.7256   12.2731
    0.0000   37.5000    7.5000 2972.8333   12.3059
    7.5000   37.5000    7.5000 2936.0569   12.7108
   -7.5000   45.0000    7.5000 2880.2363   12.7891
    0.0000   45.0000    7.5000 2910.8025   12.7348
    7.5000   45.0000    7.5000 2879.6699   13.1067
   -7.5000   52.5000    7.5000 2783.7444   13.5085
    0.0000   52.5000    7.5000 2806.2832   13.3895
    7.5000   52.5000    7.5000 2776.4795   13.7215
   -7.5000   60.0000    7.5000 2626.9634   14.3586
    0.0000   60.0000    7.5000 2644.9541   14.2304
    7.5000   60.0000    7.5000 2616.8442   14.5506
   -7.5000   67.5000    7.5000 2437.9807   15.2506
    0.0000   67.5000    7.5000 2458.7129   15.1243
    7.5000   67.5000    7.5000 2431.8218   15.4300
   -7.5000  -22.5000   15.0000 2332.6973   19.0711
    0.0000  -22.5000   15.0000 2340.8103   19.1139
    7.5000  -22.5000   15.0000 2328.7109   19.6075
   -7.5000  -15.0000   15.0000 2448.2112   16.9694
    0.0000  -15.0000   15.0000 2461.1985   16.9624
    7.5000  -15.0000   15.0000 2448.6392   17.3884
   -7.5000   -7.5000   15.0000 2566.6597   15.3357
    0.0000   -7.5000   15.0000 2579.7473   15.3528
    7.5000   -7.5000   15.0000 2569.4873   15.7263
   -7.5000    0.0000   15.0000 2684.7942   14.1244
    0.0000    0.0000   15.0000 2698.2485   14.1440
    7.5000    0.0000   15.0000 2683.8184   14.4719
   -7.5000    7.5000   15.0000 2794.7146   13.2425
    0.0000    7.5000   15.0000 2811.9688   13.2646
    7.5000    7.5000   15.0000 2790.1807   13.5546
   -7.5000   15.0000   15.0000 2891.2944   12.6873
    0.0000   15.0000   15.0000 2914.1743   12.7454
    7.5000   15.0000   15.0000 2883.1472   12.9677
   -7.5000   22.5000   15.0000 2960.0815   12.3644
    0.0000   22.5000   15.0000 3009.2456   12.3999
    7.5000   22.5000   15.0000 2964.3103   12.6371
   -7.5000   30.0000   15.0000 2962.3904   12.1916
    0.0000   30.0000   15.0000 3014.4600   12.0986
    7.5000   30.0000   15.0000 2971.6755   12.4271
   -7.5000   37.5000   15.0000 2933.2205   12.2776
    0.0000   37.5000   15.0000 2970.0930   12.1303
    7.5000   37.5000   15.0000 2933.2227   12.4850
   -7.5000   45.0000   15.0000 2882.0408   12.7057
    0.0000   45.0000   15.0000 2915.7544   12.6139
    7.5000   45.0000   15.0000 2879.3733   12.9371
   -7.5000   52.5000   15.0000 2782.9583   13.4020
    0.0000   52.5000   15.0000 2809.4592   13.3115
    7.5000   52.5000   15.0000 2778.8591   13.6185
   -7.5000   60.0000   15.0000 2626.6030   14.2575
    0.0000   60.0000   15.0000 2643.5974   14.1790
    7.5000   60.0000   15.0000 2624.3286   14.4426
   -7.5000   67.5000   15.0000 2436.4285   15.1816
    0.0000   67.5000   15.0000 2458.6453   15.1008
    7.5000   67.5000   15.0000 2439.8162   15.3509
   -7.5000  -22.5000   22.5000 2300.5271   19.7590
    0.0000  -22.5000   22.5000 2309.2881   19.7356
    7.5000  -22.5000   22.5000 2301.0540   20.1090
   -7.5000  -15.0000   22.5000 2419.2612   17.6239
    0.0000  -15.0000   22.5000 2425.3982   17.5699
    7.5000  -15.0000   22.5000 2417.1289   17.8779
   -7.5000   -7.5000   22.5000 2536.3711   15.9889
    0.0000   -7.5000   22.5000 2542.6746   15.9375
    7.5000   -7.5000   22.5000 2538.3938   16.1885
   -7.5000    0.0000   22.5000 2647.8735   14.6542
    0.0000    0.0000   22.5000 2654.7449   14.6346
    7.5000    0.0000   22.5000 2652.1709   14.8545
   -7.5000    7.5000   22.5000 2760.8792   13.6403
    0.0000    7.5000   22.5000 2770.5850   13.6406
    7.5000    7.5000   22.5000 2760.8564   13.8560
   -7.5000   15.0000   22.5000 2860.1475   12.9439
    0.0000   15.0000   22.5000 2878.2812   13.0120
    7.5000   15.0000   22.5000 2863.2627   13.2381
   -7.5000   22.5000   22.5000 2932.9670   12.5075
    0.0000   22.5000   22.5000 2973.4446   12.5613
    7.5000   22.5000   22.5000 2942.6694   12.8275
   -7.5000   30.0000   22.5000 2945.0090   12.3785
    0.0000   30.0000   22.5000 2980.2117   12.2880
    7.5000   30.0000   22.5000 2945.0393   12.5879
   -7.5000   37.5000   22.5000 2924.8965   12.5468
    0.0000   37.5000   22.5000 2958.6433   12.4522
    7.5000   37.5000   22.5000 2919.5842   12.6728
   -7.5000   45.0000   22.5000 2871.7249   13.0576
    0.0000   45.0000   22.5000 2908.2434   12.9749
    7.5000   45.0000   22.5000 2874.5950   13.1998
   -7.5000   52.5000   22.5000 2765.7566   13.7658
    0.0000   52.5000   22.5000 2790.7312   13.6720
    7.5000   52.5000   22.5000 2767.5071   13.9167
   -7.5000   60.0000   22.5000 2604.2112   14.5291
    0.0000   60.0000   22.5000 2626.1631   14.4372
    7.5000   60.0000   22.5000 2610.6077   14.7081
   -7.5000   67.5000   22.5000 2415.2585   15.3529
    0.0000   67.5000   22.5000 2439.0356   15.2696
    7.5000   67.5000   22.5000 2425.7820   15.5152
   -7.5000  -22.5000   30.0000 2256.1201   20.7630
    0.0000  -22.5000   30.0000 2260.4321   20.7455
    7.5000  -22.5000   30.0000 2250.1755   21.0525
   -7.5000  -15.0000   30.0000 2378.3188   18.4753
    0.0000  -15.0000   30.0000 2383.7776   18.4087
    7.5000  -15.0000   30.0000 2371.5693   18.6664
   -7.5000   -7.5000   30.0000 2491.7197   16.6407
    0.0000   -7.5000   30.0000 2503.4707   16.6094
    7.5000   -7.5000   30.0000 2492.5845   16.8335
   -7.5000    0.0000   30.0000 2600.4126   15.1517
    0.0000    0.0000   30.0000 2604.9531   15.1358
    7.5000    0.0000   30.0000 2604.8899   15.4012
   -7.5000    7.5000   30.0000 2715.7051   14.1256
    0.0000    7.5000   30.0000 2724.5300   14.1135
    7.5000    7.5000   30.0000 2715.6147   14.3655
   -7.5000   15.0000   30.0000 2809.2588   13.3817
    0.0000   15.0000   30.0000 2829.8110   13.4324
    7.5000   15.0000   30.0000 2816.9397   13.6909
   -7.5000   22.5000   30.0000 2873.6013   12.9402
    0.0000   22.5000   30.0000 2901.9551   12.9039
    7.5000   22.5000   30.0000 2880.9868   13.2009
   -7.5000   30.0000   30.0000 2896.8428   12.7812
    0.0000   30.0000   30.0000 2923.6406   12.6784
    7.5000   30.0000   30.0000 2892.8821   12.9639
   -7.5000   37.5000   30.0000 2880.8286   13.0075
    0.0000   37.5000   30.0000 2915.5742   12.9240
    7.5000   37.5000   30.0000 2885.2290   13.1901
   -7.5000   45.0000   30.0000 2833.4109   13.5272
    0.0000   45.0000   30.0000 2870.0842   13.4592
    7.5000   45.0000   30.0000 2837.4443   13.7204
   -7.5000   52.5000   30.0000 2725.2522   14.2035
    0.0000   52.5000   30.0000 2752.8979   14.1219
    7.5000   52.5000   30.0000 2731.2034   14.3923
   -7.5000   60.0000   30.0000 2567.3269   14.9692
    0.0000   60.0000   30.0000 2588.7305   14.9053
    7.5000   60.0000   30.0000 2574.5056   15.1593
   -7.5000   67.5000   30.0000 2381.1677   15.7959
    0.0000   67.5000   30.0000 2404.6287   15.6789
    7.5000   67.5000   30.0000 2393.7385   15.9034
   -7.5000  -22.5000   37.5000 2202.8008   21.7699
    0.0000  -22.5000   37.5000 2207.0227   21.7092
    7.5000  -22.5000   37.5000 2195.2341   22.0059
   -7.5000  -15.0000   37.5000 2323.1140   19.2994
    0.0000  -15.0000   37.5000 2331.2446   19.2034
    7.5000  -15.0000   37.5000 2320.0239   19.5097
   -7.5000   -7.5000   37.5000 2443.5522   17.3801
    0.0000   -7.5000   37.5000 2452.0557   17.2701
    7.5000   -7.5000   37.5000 2445.6401   17.6077
   -7.5000    0.0000   37.5000 2560.6960   15.9042
    0.0000    0.0000   37.5000 2567.5664   15.7761
    7.5000    0.0000   37.5000 2559.2390   16.1091
   -7.5000    7.5000   37.5000 2668.5637   14.7950
    0.0000    7.5000   37.5000 2681.3079   14.7038
    7.5000    7.5000   37.5000 2669.0168   15.0230
   -7.5000   15.0000   37.5000 2748.7991   14.0189
    0.0000   15.0000   37.5000 2771.1672   13.9429
    7.5000   15.0000   37.5000 2758.5894   14.2669
   -7.5000   22.5000   37.5000 2801.4417   13.5333
    0.0000   22.5000   37.5000 2828.1887   13.4078
    7.5000   22.5000   37.5000 2807.1924   13.7134
   -7.5000   30.0000   37.5000 2825.4976   13.3997
    0.0000   30.0000   37.5000 2852.6497   13.2549
    7.5000   30.0000   37.5000 2827.0378   13.5676
   -7.5000   37.5000   37.5000 2808.7847   13.6410
    0.0000   37.5000   37.5000 2845.0515   13.5695
    7.5000   37.5000   37.5000 2822.5474   13.8502
   -7.5000   45.0000   37.5000 2761.7197   14.1455
    0.0000   45.0000   37.5000 2798.3105   14.0865
    7.5000   45.0000   37.5000 2775.2915   14.3636
   -7.5000   52.5000   37.5000 2663.0906   14.8120
    0.0000   52.5000   37.5000 2689.8420   14.7147
    7.5000   52.5000   37.5000 2674.3037   14.9885
   -7.5000   60.0000   37.5000 2512.1189   15.5429
    0.0000   60.0000   37.5000 2537.6775   15.4479
    7.5000   60.0000   37.5000 2524.6567   15.7083
   -7.5000   67.5000   37.5000 2332.1372   16.3121
    0.0000   67.5000   37.5000 2358.1050   16.2220
    7.5000   67.5000   37.5000 2350.3718   16.4467
   -7.5000  -22.5000   45.0000 2146.9861   23.0010
    0.0000  -22.5000   45.0000 2153.2080   22.7747
    7.5000  -22.5000   45.0000 2138.8496   23.1564
   -7.5000  -15.0000   45.0000 2264.3708   20.3250
    0.0000  -15.0000   45.0000 2276.7266   20.0964
    7.5000  -15.0000   45.0000 2262.9456   20.4677
   -7.5000   -7.5000   45.0000 2388.3833   18.3477
    0.0000   -7.5000   45.0000 2400.1296   18.0827
    7.5000   -7.5000   45.0000 2388.0420   18.4778
   -7.5000    0.0000   45.0000 2504.9373   16.8247
    0.0000    0.0000   45.0000 2514.4905   16.6349
    7.5000    0.0000   45.0000 2500.9158   16.9725
   -7.5000    7.5000   45.0000 2603.1233   15.6568
    0.0000    7.5000   45.0000 2618.4956   15.4941
    7.5000    7.5000   45.0000 2605.3296   15.8312
   -7.5000   15.0000   45.0000 2674.7268   14.8451
    0.0000   15.0000   45.0000 2701.1067   14.6828
    7.5000   15.0000   45.0000 2683.1174   14.9785
   -7.5000   22.5000   45.0000 2724.1436   14.3460
    0.0000   22.5000   45.0000 2749.0933   14.1545
    7.5000   22.5000   45.0000 2724.3333   14.4541
   -7.5000   30.0000   45.0000 2739.4329   14.2316
    0.0000   30.0000   45.0000 2766.3374   14.0586
    7.5000   30.0000   45.0000 2741.0659   14.3429
   -7.5000   37.5000   45.0000 2722.8403   14.5091
    0.0000   37.5000   45.0000 2753.7625   14.3799
    7.5000   37.5000   45.0000 2734.6182   14.6415
   -7.5000   45.0000   45.0000 2682.4194   14.9782
    0.0000   45.0000   45.0000 2709.3547   14.8617
    7.5000   45.0000   45.0000 2693.6174   15.1358
   -7.5000   52.5000   45.0000 2589.6531   15.5581
    0.0000   52.5000   45.0000 2616.5305   15.4152
    7.5000   52.5000   45.0000 2600.9307   15.6818
   -7.5000   60.0000   45.0000 2443.3713   16.2947
    0.0000   60.0000   45.0000 2470.7114   16.1499
    7.5000   60.0000   45.0000 2457.5381   16.4194
   -7.5000   67.5000   45.0000 2266.1785   17.0369
    0.0000   67.5000   45.0000 2290.2402   16.9078
    7.5000   67.5000   45.0000 2285.7798   17.1461
   -7.5000  -22.5000   52.5000 2088.1223   24.2643
    0.0000  -22.5000   52.5000 2097.9558   23.9310
    7.5000  -22.5000   52.5000 2082.4265   24.3916
   -7.5000  -15.0000   52.5000 2216.9031   21.5590
    0.0000  -15.0000   52.5000 2228.3298   21.1948
    7.5000  -15.0000   52.5000 2210.9143   21.5774
   -7.5000   -7.5000   52.5000 2336.8333   19.5291
    0.0000   -7.5000   52.5000 2352.6423   19.1735
    7.5000   -7.5000   52.5000 2333.8713   19.5311
   -7.5000    0.0000   52.5000 2446.5864   17.9557
    0.0000    0.0000   52.5000 2463.7192   17.6689
    7.5000    0.0000   52.5000 2443.8547   18.0245
   -7.5000    7.5000   52.5000 2536.0806   16.7260
    0.0000    7.5000   52.5000 2557.4365   16.4890
    7.5000    7.5000   52.5000 2536.8770   16.8207
   -7.5000   15.0000   52.5000 2601.9312   15.8623
    0.0000   15.0000   52.5000 2627.1992   15.6384
    7.5000   15.0000   52.5000 2603.7290   15.9305
   -7.5000   22.5000   52.5000 2645.0767   15.3512
    0.0000   22.5000   52.5000 2667.5906   15.1577
    7.5000   22.5000   52.5000 2642.3611   15.4376
   -7.5000   30.0000   52.5000 2657.3486   15.2632
    0.0000   30.0000   52.5000 2682.0979   15.0877
    7.5000   30.0000   52.5000 2662.2903   15.3426
   -7.5000   37.5000   52.5000 2633.6592   15.5515
    0.0000   37.5000   52.5000 2659.5828   15.3902
    7.5000   37.5000   52.5000 2643.5608   15.6318
   -7.5000   45.0000   52.5000 2595.2537   16.0167
    0.0000   45.0000   52.5000 2618.8865   15.8482
    7.5000   45.0000   52.5000 2607.0376   16.0863
   -7.5000   52.5000   52.5000 2508.3987   16.5437
    0.0000   52.5000   52.5000 2540.9727   16.3504
    7.5000   52.5000   52.5000 2524.4758   16.5882
   -7.5000   60.0000   52.5000 2370.7827   17.2241
    0.0000   60.0000   52.5000 2397.6257   17.0538
    7.5000   60.0000   52.5000 2385.4448   17.2896
   -7.5000   67.5000   52.5000 2197.1208   17.9397
    0.0000   67.5000   52.5000 2222.8809   17.7952
    7.5000   67.5000   52.5000 2215.5981   17.9790

---------------------------------------------------------------------
imgreg_4dfp /opt/freesurfer/average/711-2C_as_mni_average_305 /opt/freesurfer/average/711-2B_as_mni_average_305_mask talsrcimg_g11 none talsrcimg_to_711-2C_as_mni_average_305_t4 1283
---------------------------------------------------------------------

freesurfer imgreg_4dfp.c
/opt/freesurfer/average/711-2C_as_mni_average_305.4dfp.img
       256       256       256         1
  1.000000  1.000000  1.000000
orientation T byte_order littleendian
Reading image: /opt/freesurfer/average/711-2C_as_mni_average_305.4dfp.img
dimensions:      256       256       256
mmppix:       1.0000   -1.0000   -1.0000
center:     128.0000 -129.0000 -129.0000
/opt/freesurfer/average/711-2B_as_mni_average_305_mask.4dfp.img
       256       256       256         1
  1.000000  1.000000  1.000000
orientation T byte_order littleendian
Reading mask: /opt/freesurfer/average/711-2B_as_mni_average_305_mask.4dfp.img (2306576 pixels)
talsrcimg_g11.4dfp.img
       256       256       256         1
  1.000000  1.000000  1.000000
orientation T byte_order littleendian
Reading image: talsrcimg_g11.4dfp.img
dimensions:      256       256       256
mmppix:       1.0000   -1.0000   -1.0000
center:     128.0000 -129.0000 -129.0000
rotation matrix determinant  1.000000
fimgreg.f
image alignment mode   1283 decimal      503 hex
parameters
    0.0000   30.0000    7.5000    0.0000    0.0000    0.0000
eta,q 0.94673 12.23600
niter,ni,del,rscale     5    3   12.0000    1.2000
parameter  3 -0.713719 -> -0.500000 qaram    1.1500
parameter  4  1.497387 ->  0.500000 qaram    1.1500
parameters
    0.7489   27.0427   10.9500   -3.4500   -1.0187    0.1516
eta,q 0.95582 12.29599
  0.0670  0.0530  0.0649  0.0425  0.0475  0.0483
  0.0596  0.0508  0.0604  0.0439  0.0463  0.0458
  0.0554  0.0510  0.0556  0.0449  0.0446  0.0446
  0.0532  0.0525  0.0506  0.0472  0.0441  0.0442
  0.0533  0.0555  0.0475  0.0496  0.0451  0.0445
  0.0563  0.0595  0.0470  0.0526  0.0479  0.0456
  0.0613  0.0644  0.0490  0.0561  0.0524  0.0479
niter,ni,del,rscale     6    3   12.0000    1.2000
parameter  4  2.692617 ->  0.500000 qaram    1.3225
parameters
    0.5264   27.8463   10.3255   -7.4175   -1.5248   -0.3882
eta,q 0.95989 12.31951
  0.0568  0.0561  0.0547  0.0382  0.0452  0.0441
  0.0508  0.0489  0.0473  0.0393  0.0430  0.0415
  0.0457  0.0447  0.0440  0.0419  0.0410  0.0403
  0.0442  0.0442  0.0444  0.0441  0.0399  0.0401
  0.0462  0.0451  0.0474  0.0464  0.0403  0.0406
  0.0513  0.0468  0.0523  0.0492  0.0432  0.0426
  0.0596  0.0499  0.0565  0.0526  0.0491  0.0461
niter,ni,del,rscale     6    3   12.0000    1.2000
parameters
    0.5149   29.2696    9.1642  -10.6167   -1.4390   -0.4259
eta,q 0.96407 12.35815
  0.0556  0.0554  0.0493  0.0408  0.0448  0.0422
  0.0475  0.0477  0.0413  0.0367  0.0419  0.0392
  0.0418  0.0424  0.0379  0.0361  0.0388  0.0370
  0.0401  0.0401  0.0396  0.0383  0.0360  0.0359
  0.0420  0.0395  0.0438  0.0422  0.0365  0.0364
  0.0472  0.0411  0.0495  0.0471  0.0402  0.0388
  0.0559  0.0453  0.0553  0.0510  0.0459  0.0429
niter,ni,del,rscale     5    3   12.0000    1.2000
parameters
    0.6599   30.0232    8.6921  -10.6664   -1.4864   -0.3808
eta,q 0.96433 12.35929
  0.0548  0.0543  0.0496  0.0468  0.0442  0.0422
  0.0453  0.0445  0.0404  0.0401  0.0413  0.0392
  0.0384  0.0381  0.0358  0.0365  0.0382  0.0368
  0.0359  0.0360  0.0360  0.0356  0.0356  0.0357
  0.0383  0.0371  0.0388  0.0373  0.0363  0.0363
  0.0441  0.0409  0.0445  0.0408  0.0401  0.0386
  0.0530  0.0460  0.0523  0.0465  0.0460  0.0425
niter,ni,del,rscale     4    3   12.0000    1.2000
parameters
    0.6836   30.0578    8.6572  -10.6985   -1.5097   -0.3733
eta,q 0.96432 12.36130
  0.0540  0.0500  0.0517  0.0468  0.0441  0.0421
  0.0448  0.0411  0.0420  0.0401  0.0413  0.0391
  0.0380  0.0364  0.0363  0.0366  0.0382  0.0368
  0.0357  0.0357  0.0357  0.0357  0.0357  0.0357
  0.0383  0.0380  0.0381  0.0372  0.0363  0.0363
  0.0445  0.0425  0.0430  0.0408  0.0400  0.0386
  0.0536  0.0480  0.0509  0.0464  0.0458  0.0426
registration optimization eta report
parameter search radius
    6.0000    6.0000    6.9000    7.9350    6.0000    6.0000
100000*second partial in parameter space
       50.       37.       33.       17.       25.       18.
  0.0540  0.0500  0.0517  0.0468  0.0441  0.0421
  0.0448  0.0411  0.0420  0.0401  0.0413  0.0391
  0.0380  0.0364  0.0363  0.0366  0.0382  0.0368
  0.0357  0.0357  0.0357  0.0357  0.0357  0.0357
  0.0383  0.0380  0.0381  0.0372  0.0363  0.0363
  0.0445  0.0425  0.0430  0.0408  0.0400  0.0386
  0.0536  0.0480  0.0509  0.0464  0.0458  0.0426
    0.6836   30.0578    8.6572  -10.6985   -1.5097   -0.3733
eta,q 0.96432 12.36130

---------------------------------------------------------------------
imgreg_4dfp /opt/freesurfer/average/711-2C_as_mni_average_305 /opt/freesurfer/average/711-2B_as_mni_average_305_mask talsrcimg_g11 none talsrcimg_to_711-2C_as_mni_average_305_t4 3335
---------------------------------------------------------------------

freesurfer imgreg_4dfp.c
/opt/freesurfer/average/711-2C_as_mni_average_305.4dfp.img
       256       256       256         1
  1.000000  1.000000  1.000000
orientation T byte_order littleendian
Reading image: /opt/freesurfer/average/711-2C_as_mni_average_305.4dfp.img
dimensions:      256       256       256
mmppix:       1.0000   -1.0000   -1.0000
center:     128.0000 -129.0000 -129.0000
/opt/freesurfer/average/711-2B_as_mni_average_305_mask.4dfp.img
       256       256       256         1
  1.000000  1.000000  1.000000
orientation T byte_order littleendian
Reading mask: /opt/freesurfer/average/711-2B_as_mni_average_305_mask.4dfp.img (2306576 pixels)
talsrcimg_g11.4dfp.img
       256       256       256         1
  1.000000  1.000000  1.000000
orientation T byte_order littleendian
Reading image: talsrcimg_g11.4dfp.img
dimensions:      256       256       256
mmppix:       1.0000   -1.0000   -1.0000
center:     128.0000 -129.0000 -129.0000
fimgreg.f
image alignment mode   3335 decimal      D07 hex
parameters
    0.6836   30.0578    8.6572   -0.0368   -1.7371   -1.7724
    0.1512    2.7097   -0.6514   18.5469   -2.6346  -18.5577
eta,q 0.96625 12.41000
niter,ni,del,rscale     5    3    5.0000    1.2000
parameter  4  0.539017 ->  0.500000 qaram    1.1500
parameter  5  1.471561 ->  0.500000 qaram    1.1500
parameter  6  0.598913 ->  0.500000 qaram    1.1500
parameter  8 -0.549670 -> -0.500000 qaram    1.1500
parameter 11 -0.697568 -> -0.500000 qaram    1.1500
parameters
    0.7390   30.5674    8.8304   -4.1768   -5.8771   -5.9124
    1.1787    6.8497    2.0242   18.4861    1.5054  -15.4444
eta,q 0.97398 12.19207
  0.0375  0.0375  0.0364  0.0334  0.0288  0.0292  0.0321  0.0359  0.0308  0.0298  0.0296  0.0284
  0.0355  0.0358  0.0349  0.0330  0.0295  0.0285  0.0303  0.0328  0.0292  0.0282  0.0285  0.0274
  0.0342  0.0345  0.0340  0.0329  0.0309  0.0286  0.0290  0.0302  0.0280  0.0272  0.0276  0.0267
  0.0337  0.0337  0.0336  0.0336  0.0330  0.0299  0.0284  0.0284  0.0272  0.0268  0.0268  0.0262
  0.0341  0.0337  0.0338  0.0352  0.0358  0.0327  0.0285  0.0274  0.0269  0.0271  0.0264  0.0260
  0.0353  0.0342  0.0345  0.0375  0.0389  0.0368  0.0292  0.0272  0.0270  0.0281  0.0262  0.0261
  0.0372  0.0353  0.0357  0.0403  0.0419  0.0407  0.0304  0.0281  0.0277  0.0301  0.0264  0.0264
niter,ni,del,rscale     7    3    5.0000    1.2000
parameters
    0.7307   30.9206    8.6430   -3.0993   -9.6806   -5.7868
    1.1928    5.8042    2.0324   18.6310    2.4569  -16.7204
eta,q 0.97517 12.06712
  0.0295  0.0295  0.0276  0.0301  0.0260  0.0310  0.0277  0.0298  0.0270  0.0280  0.0269  0.0256
  0.0276  0.0277  0.0266  0.0284  0.0252  0.0288  0.0262  0.0272  0.0259  0.0264  0.0260  0.0251
  0.0264  0.0266  0.0261  0.0270  0.0251  0.0267  0.0253  0.0254  0.0252  0.0253  0.0253  0.0249
  0.0260  0.0260  0.0260  0.0259  0.0258  0.0250  0.0250  0.0250  0.0249  0.0249  0.0249  0.0249
  0.0264  0.0261  0.0263  0.0258  0.0272  0.0250  0.0253  0.0263  0.0252  0.0252  0.0249  0.0252
  0.0276  0.0267  0.0271  0.0267  0.0294  0.0274  0.0262  0.0293  0.0259  0.0262  0.0254  0.0257
  0.0295  0.0279  0.0282  0.0288  0.0325  0.0319  0.0277  0.0331  0.0270  0.0278  0.0262  0.0265
niter,ni,del,rscale     6    3    5.0000    1.2000
parameters
    0.5971   31.2052    8.8368   -2.6259  -10.2681   -5.7145
    1.1106    5.5076    1.8658   19.0455    2.5157  -17.1053
eta,q 0.97532 12.06290
  0.0280  0.0282  0.0270  0.0285  0.0275  0.0307  0.0274  0.0306  0.0267  0.0279  0.0263  0.0257
  0.0262  0.0265  0.0259  0.0270  0.0260  0.0284  0.0259  0.0277  0.0256  0.0262  0.0255  0.0251
  0.0251  0.0253  0.0251  0.0256  0.0250  0.0264  0.0250  0.0256  0.0249  0.0252  0.0250  0.0248
  0.0248  0.0248  0.0248  0.0248  0.0247  0.0247  0.0247  0.0247  0.0247  0.0247  0.0247  0.0247
  0.0254  0.0249  0.0249  0.0248  0.0252  0.0247  0.0251  0.0256  0.0250  0.0249  0.0248  0.0249
  0.0267  0.0256  0.0255  0.0260  0.0265  0.0271  0.0260  0.0281  0.0258  0.0258  0.0254  0.0253
  0.0288  0.0269  0.0264  0.0282  0.0285  0.0318  0.0275  0.0318  0.0269  0.0273  0.0264  0.0260
niter,ni,del,rscale     5    3    5.0000    1.2000
parameters
    0.5786   31.2968    8.8917   -2.5856  -10.4346   -5.6892
    1.1142    5.4708    1.8538   19.1920    2.5063  -17.2058
eta,q 0.97534 12.05905
  0.0282  0.0276  0.0267  0.0281  0.0277  0.0307  0.0275  0.0309  0.0268  0.0277  0.0263  0.0258
  0.0263  0.0260  0.0256  0.0266  0.0261  0.0283  0.0259  0.0279  0.0256  0.0261  0.0255  0.0252
  0.0251  0.0250  0.0249  0.0254  0.0251  0.0263  0.0250  0.0257  0.0249  0.0251  0.0249  0.0248
  0.0247  0.0247  0.0247  0.0247  0.0247  0.0247  0.0247  0.0247  0.0247  0.0247  0.0247  0.0247
  0.0251  0.0249  0.0249  0.0249  0.0251  0.0247  0.0250  0.0254  0.0249  0.0250  0.0248  0.0248
  0.0264  0.0258  0.0255  0.0262  0.0262  0.0271  0.0259  0.0278  0.0257  0.0259  0.0254  0.0252
  0.0283  0.0271  0.0265  0.0285  0.0280  0.0318  0.0275  0.0313  0.0268  0.0274  0.0264  0.0259
niter,ni,del,rscale     4    3    5.0000    1.2000
parameters
    0.5766   31.3292    8.8963   -2.5845  -10.4896   -5.6864
    1.1079    5.4718    1.8597   19.2455    2.5027  -17.2420
eta,q 0.97533 12.05725
  0.0282  0.0274  0.0266  0.0281  0.0278  0.0306  0.0275  0.0310  0.0268  0.0276  0.0263  0.0258
  0.0263  0.0259  0.0256  0.0266  0.0262  0.0283  0.0259  0.0280  0.0256  0.0260  0.0255  0.0252
  0.0251  0.0250  0.0249  0.0254  0.0251  0.0263  0.0250  0.0257  0.0249  0.0250  0.0249  0.0248
  0.0247  0.0247  0.0247  0.0247  0.0247  0.0247  0.0247  0.0247  0.0247  0.0247  0.0247  0.0247
  0.0251  0.0250  0.0249  0.0249  0.0250  0.0247  0.0250  0.0253  0.0249  0.0250  0.0248  0.0248
  0.0263  0.0259  0.0256  0.0262  0.0261  0.0272  0.0260  0.0277  0.0257  0.0260  0.0255  0.0252
  0.0282  0.0272  0.0266  0.0285  0.0279  0.0319  0.0275  0.0313  0.0267  0.0275  0.0264  0.0258
niter,ni,del,rscale     3    3    5.0000    1.2000
parameters
    0.5774   31.3418    8.8930   -2.5808  -10.5082   -5.6892
    1.1061    5.4744    1.8592   19.2682    2.5003  -17.2622
eta,q 0.97534 12.05677
  0.0283  0.0274  0.0266  0.0281  0.0278  0.0306  0.0275  0.0310  0.0268  0.0276  0.0263  0.0258
  0.0263  0.0259  0.0255  0.0266  0.0262  0.0283  0.0259  0.0280  0.0256  0.0260  0.0255  0.0252
  0.0251  0.0250  0.0249  0.0254  0.0251  0.0263  0.0250  0.0257  0.0249  0.0250  0.0249  0.0248
  0.0247  0.0247  0.0247  0.0247  0.0247  0.0247  0.0247  0.0247  0.0247  0.0247  0.0247  0.0247
  0.0251  0.0250  0.0249  0.0249  0.0250  0.0248  0.0250  0.0253  0.0249  0.0250  0.0248  0.0248
  0.0263  0.0259  0.0256  0.0262  0.0261  0.0272  0.0260  0.0277  0.0257  0.0260  0.0255  0.0252
  0.0282  0.0273  0.0266  0.0285  0.0279  0.0319  0.0275  0.0313  0.0268  0.0275  0.0264  0.0258
registration optimization eta report
parameter search radius
    2.4000    2.4000    2.4000    8.2800    8.2800    8.2800
    7.2000    8.2800    7.2000    7.2000    8.2800    7.2000
100000*second partial in parameter space
       62.       46.       33.        5.        5.       10.
        5.        9.        4.        5.        2.        2.
  0.0283  0.0274  0.0266  0.0281  0.0278  0.0306  0.0275  0.0310  0.0268  0.0276  0.0263  0.0258
  0.0263  0.0259  0.0255  0.0266  0.0262  0.0283  0.0259  0.0280  0.0256  0.0260  0.0255  0.0252
  0.0251  0.0250  0.0249  0.0254  0.0251  0.0263  0.0250  0.0257  0.0249  0.0250  0.0249  0.0248
  0.0247  0.0247  0.0247  0.0247  0.0247  0.0247  0.0247  0.0247  0.0247  0.0247  0.0247  0.0247
  0.0251  0.0250  0.0249  0.0249  0.0250  0.0248  0.0250  0.0253  0.0249  0.0250  0.0248  0.0248
  0.0263  0.0259  0.0256  0.0262  0.0261  0.0272  0.0260  0.0277  0.0257  0.0260  0.0255  0.0252
  0.0282  0.0273  0.0266  0.0285  0.0279  0.0319  0.0275  0.0313  0.0268  0.0275  0.0264  0.0258
    0.5774   31.3418    8.8930   -2.5808  -10.5082   -5.6892
    1.1061    5.4744    1.8592   19.2682    2.5003  -17.2622
eta,q 0.97534 12.05677

---------------------------------------------------------------------
imgreg_4dfp /opt/freesurfer/average/711-2C_as_mni_average_305 /opt/freesurfer/average/711-2B_as_mni_average_305_mask talsrcimg_g11 none talsrcimg_to_711-2C_as_mni_average_305_t4 2311
---------------------------------------------------------------------

freesurfer imgreg_4dfp.c
/opt/freesurfer/average/711-2C_as_mni_average_305.4dfp.img
       256       256       256         1
  1.000000  1.000000  1.000000
orientation T byte_order littleendian
Reading image: /opt/freesurfer/average/711-2C_as_mni_average_305.4dfp.img
dimensions:      256       256       256
mmppix:       1.0000   -1.0000   -1.0000
center:     128.0000 -129.0000 -129.0000
/opt/freesurfer/average/711-2B_as_mni_average_305_mask.4dfp.img
       256       256       256         1
  1.000000  1.000000  1.000000
orientation T byte_order littleendian
Reading mask: /opt/freesurfer/average/711-2B_as_mni_average_305_mask.4dfp.img (2306576 pixels)
talsrcimg_g11.4dfp.img
       256       256       256         1
  1.000000  1.000000  1.000000
orientation T byte_order littleendian
Reading image: talsrcimg_g11.4dfp.img
dimensions:      256       256       256
mmppix:       1.0000   -1.0000   -1.0000
center:     128.0000 -129.0000 -129.0000
fimgreg.f
image alignment mode   2311 decimal      907 hex
parameters
    0.5774   31.3418    8.8930   -2.5808  -10.5082   -5.6892
    1.1061    5.4744    1.8592   19.2682    2.5003  -17.2622
eta,q 0.97534 12.05677
niter,ni,del,rscale     5    3    5.0000    0.8000
parameters
    0.5753   31.3271    8.8789   -2.0632  -10.4123   -4.7825
    1.0370    5.8567    1.8255   19.1227    2.8341  -17.4817
eta,q 0.97558 12.09378
  0.0263  0.0259  0.0255  0.0262  0.0258  0.0277  0.0257  0.0272  0.0254  0.0257  0.0252  0.0249
  0.0254  0.0252  0.0251  0.0255  0.0252  0.0265  0.0250  0.0259  0.0249  0.0250  0.0248  0.0246
  0.0249  0.0248  0.0248  0.0250  0.0248  0.0254  0.0246  0.0249  0.0245  0.0246  0.0246  0.0245
  0.0247  0.0247  0.0247  0.0247  0.0246  0.0246  0.0245  0.0245  0.0244  0.0244  0.0244  0.0244
  0.0249  0.0248  0.0248  0.0247  0.0247  0.0245  0.0246  0.0246  0.0246  0.0246  0.0245  0.0245
  0.0254  0.0252  0.0251  0.0250  0.0251  0.0250  0.0251  0.0253  0.0249  0.0251  0.0247  0.0247
  0.0263  0.0259  0.0256  0.0258  0.0257  0.0263  0.0258  0.0266  0.0254  0.0259  0.0250  0.0250
niter,ni,del,rscale     4    3    5.0000    0.7000
parameters
    0.6126   31.2544    9.1300   -2.1032  -10.4279   -4.5206
    0.9899    5.8627    1.7255   18.9884    2.9102  -17.4195
eta,q 0.97564 12.09978
  0.0258  0.0253  0.0254  0.0255  0.0253  0.0267  0.0254  0.0263  0.0251  0.0254  0.0249  0.0248
  0.0250  0.0248  0.0249  0.0249  0.0248  0.0257  0.0248  0.0253  0.0247  0.0248  0.0246  0.0246
  0.0246  0.0245  0.0246  0.0245  0.0245  0.0249  0.0245  0.0246  0.0244  0.0245  0.0244  0.0244
  0.0244  0.0244  0.0244  0.0244  0.0244  0.0244  0.0244  0.0244  0.0244  0.0244  0.0244  0.0244
  0.0245  0.0246  0.0244  0.0245  0.0245  0.0245  0.0245  0.0246  0.0245  0.0245  0.0244  0.0244
  0.0249  0.0249  0.0246  0.0249  0.0248  0.0251  0.0248  0.0252  0.0248  0.0249  0.0246  0.0245
  0.0256  0.0255  0.0249  0.0256  0.0253  0.0264  0.0254  0.0264  0.0252  0.0255  0.0249  0.0248
niter,ni,del,rscale     3    3    5.0000    0.6000
parameters
    0.6218   31.2244    9.2042   -2.0825  -10.4070   -4.3572
    0.9827    5.8918    1.6874   18.9181    2.9701  -17.3960
eta,q 0.97565 12.10416
  0.0253  0.0250  0.0250  0.0252  0.0250  0.0261  0.0251  0.0258  0.0249  0.0251  0.0248  0.0247
  0.0248  0.0247  0.0247  0.0248  0.0247  0.0253  0.0247  0.0251  0.0246  0.0247  0.0245  0.0245
  0.0245  0.0244  0.0245  0.0245  0.0244  0.0247  0.0244  0.0245  0.0244  0.0244  0.0244  0.0244
  0.0244  0.0244  0.0244  0.0244  0.0244  0.0244  0.0244  0.0244  0.0244  0.0243  0.0243  0.0243
  0.0245  0.0245  0.0244  0.0244  0.0244  0.0245  0.0244  0.0245  0.0244  0.0244  0.0244  0.0244
  0.0248  0.0247  0.0246  0.0247  0.0246  0.0250  0.0247  0.0250  0.0246  0.0247  0.0245  0.0245
  0.0253  0.0251  0.0249  0.0252  0.0250  0.0260  0.0251  0.0258  0.0249  0.0252  0.0247  0.0247
niter,ni,del,rscale     2    3    5.0000    0.5000
parameters
    0.6262   31.1995    9.2552   -2.0545  -10.3909   -4.2447
    0.9571    5.9082    1.6561   18.8727    3.0136  -17.3910
eta,q 0.97566 12.10783
  0.0250  0.0248  0.0248  0.0249  0.0248  0.0256  0.0249  0.0254  0.0247  0.0249  0.0246  0.0246
  0.0247  0.0246  0.0246  0.0246  0.0246  0.0250  0.0246  0.0248  0.0245  0.0246  0.0245  0.0244
  0.0244  0.0244  0.0244  0.0244  0.0244  0.0245  0.0244  0.0245  0.0244  0.0244  0.0244  0.0244
  0.0244  0.0243  0.0243  0.0243  0.0243  0.0243  0.0243  0.0243  0.0243  0.0243  0.0243  0.0243
  0.0244  0.0244  0.0244  0.0244  0.0244  0.0245  0.0244  0.0245  0.0244  0.0244  0.0244  0.0244
  0.0246  0.0246  0.0245  0.0246  0.0245  0.0248  0.0246  0.0248  0.0245  0.0246  0.0245  0.0244
  0.0250  0.0249  0.0247  0.0249  0.0248  0.0255  0.0249  0.0254  0.0248  0.0249  0.0246  0.0246
niter,ni,del,rscale     1    3    5.0000    0.4000
parameters
    0.6312   31.1901    9.2846   -2.0592  -10.3756   -4.1838
    0.9451    5.9096    1.6350   18.8673    3.0609  -17.3879
eta,q 0.97566 12.11000
  0.0248  0.0247  0.0246  0.0247  0.0246  0.0252  0.0247  0.0250  0.0246  0.0247  0.0245  0.0245
  0.0245  0.0245  0.0245  0.0245  0.0245  0.0247  0.0245  0.0246  0.0245  0.0245  0.0244  0.0244
  0.0244  0.0244  0.0244  0.0244  0.0244  0.0244  0.0244  0.0244  0.0244  0.0244  0.0244  0.0244
  0.0243  0.0243  0.0243  0.0243  0.0243  0.0243  0.0243  0.0243  0.0243  0.0243  0.0243  0.0243
  0.0244  0.0244  0.0244  0.0244  0.0244  0.0244  0.0244  0.0244  0.0244  0.0244  0.0244  0.0244
  0.0245  0.0245  0.0244  0.0245  0.0245  0.0247  0.0245  0.0246  0.0245  0.0245  0.0244  0.0244
  0.0248  0.0247  0.0246  0.0247  0.0246  0.0251  0.0247  0.0250  0.0246  0.0247  0.0245  0.0245
registration optimization eta report
parameter search radius
    0.8000    0.8000    0.8000    2.4000    2.4000    2.4000
    2.4000    2.4000    2.4000    2.4000    2.4000    2.4000
100000*second partial in parameter space
       66.       49.       39.        6.        5.       14.
        6.       12.        5.        6.        3.        3.
  0.0248  0.0247  0.0246  0.0247  0.0246  0.0252  0.0247  0.0250  0.0246  0.0247  0.0245  0.0245
  0.0245  0.0245  0.0245  0.0245  0.0245  0.0247  0.0245  0.0246  0.0245  0.0245  0.0244  0.0244
  0.0244  0.0244  0.0244  0.0244  0.0244  0.0244  0.0244  0.0244  0.0244  0.0244  0.0244  0.0244
  0.0243  0.0243  0.0243  0.0243  0.0243  0.0243  0.0243  0.0243  0.0243  0.0243  0.0243  0.0243
  0.0244  0.0244  0.0244  0.0244  0.0244  0.0244  0.0244  0.0244  0.0244  0.0244  0.0244  0.0244
  0.0245  0.0245  0.0244  0.0245  0.0245  0.0247  0.0245  0.0246  0.0245  0.0245  0.0244  0.0244
  0.0248  0.0247  0.0246  0.0247  0.0246  0.0251  0.0247  0.0250  0.0246  0.0247  0.0245  0.0245
    0.6312   31.1901    9.2846   -2.0592  -10.3756   -4.1838
    0.9451    5.9096    1.6350   18.8673    3.0609  -17.3879
eta,q 0.97566 12.11000

---------------------------------------------------------------------
imgreg_4dfp /opt/freesurfer/average/711-2C_as_mni_average_305 /opt/freesurfer/average/711-2B_as_mni_average_305_mask talsrcimg_g11 none talsrcimg_to_711-2C_as_mni_average_305_t4 2311
---------------------------------------------------------------------

freesurfer imgreg_4dfp.c
/opt/freesurfer/average/711-2C_as_mni_average_305.4dfp.img
       256       256       256         1
  1.000000  1.000000  1.000000
orientation T byte_order littleendian
Reading image: /opt/freesurfer/average/711-2C_as_mni_average_305.4dfp.img
dimensions:      256       256       256
mmppix:       1.0000   -1.0000   -1.0000
center:     128.0000 -129.0000 -129.0000
/opt/freesurfer/average/711-2B_as_mni_average_305_mask.4dfp.img
       256       256       256         1
  1.000000  1.000000  1.000000
orientation T byte_order littleendian
Reading mask: /opt/freesurfer/average/711-2B_as_mni_average_305_mask.4dfp.img (2306576 pixels)
talsrcimg_g11.4dfp.img
       256       256       256         1
  1.000000  1.000000  1.000000
orientation T byte_order littleendian
Reading image: talsrcimg_g11.4dfp.img
dimensions:      256       256       256
mmppix:       1.0000   -1.0000   -1.0000
center:     128.0000 -129.0000 -129.0000
fimgreg.f
image alignment mode   2311 decimal      907 hex
parameters
    0.6312   31.1901    9.2846   -2.0592  -10.3756   -4.1838
    0.9451    5.9096    1.6350   18.8673    3.0609  -17.3879
eta,q 0.97566 12.11000
niter,ni,del,rscale     5    3    5.0000    0.8000
parameters
    0.6344   31.1959    9.2801   -2.2552  -10.4651   -4.5172
    1.0214    5.7904    1.6655   18.8804    2.9023  -17.3279
eta,q 0.97563 12.09523
  0.0260  0.0256  0.0253  0.0256  0.0255  0.0269  0.0257  0.0268  0.0254  0.0258  0.0250  0.0250
  0.0251  0.0249  0.0248  0.0250  0.0249  0.0257  0.0250  0.0255  0.0248  0.0250  0.0247  0.0246
  0.0245  0.0245  0.0245  0.0245  0.0245  0.0247  0.0245  0.0247  0.0245  0.0245  0.0244  0.0244
  0.0243  0.0243  0.0243  0.0243  0.0243  0.0244  0.0244  0.0244  0.0244  0.0244  0.0244  0.0244
  0.0245  0.0245  0.0244  0.0245  0.0245  0.0247  0.0245  0.0247  0.0245  0.0245  0.0244  0.0244
  0.0251  0.0249  0.0248  0.0250  0.0249  0.0258  0.0249  0.0256  0.0248  0.0250  0.0247  0.0246
  0.0260  0.0256  0.0253  0.0259  0.0256  0.0282  0.0256  0.0271  0.0254  0.0258  0.0251  0.0249
niter,ni,del,rscale     4    3    5.0000    0.7000
parameters
    0.6150   31.2160    9.2048   -2.1480  -10.4135   -4.4705
    1.0129    5.8499    1.6915   18.9012    2.9163  -17.3619
eta,q 0.97564 12.10003
  0.0256  0.0253  0.0250  0.0255  0.0253  0.0266  0.0254  0.0264  0.0252  0.0254  0.0249  0.0248
  0.0249  0.0248  0.0247  0.0249  0.0248  0.0256  0.0248  0.0253  0.0247  0.0248  0.0246  0.0245
  0.0245  0.0245  0.0244  0.0245  0.0245  0.0247  0.0245  0.0246  0.0245  0.0245  0.0244  0.0244
  0.0244  0.0244  0.0244  0.0244  0.0244  0.0244  0.0244  0.0244  0.0244  0.0244  0.0244  0.0244
  0.0245  0.0245  0.0245  0.0244  0.0244  0.0245  0.0245  0.0246  0.0245  0.0245  0.0244  0.0244
  0.0250  0.0248  0.0248  0.0248  0.0247  0.0252  0.0248  0.0252  0.0247  0.0248  0.0246  0.0246
  0.0257  0.0253  0.0252  0.0254  0.0253  0.0267  0.0254  0.0263  0.0251  0.0254  0.0249  0.0248
niter,ni,del,rscale     3    3    5.0000    0.6000
parameters
    0.6182   31.2092    9.2220   -2.0982  -10.3919   -4.3423
    0.9914    5.8831    1.6787   18.8848    2.9772  -17.3794
eta,q 0.97566 12.10450
  0.0253  0.0251  0.0249  0.0252  0.0250  0.0261  0.0251  0.0258  0.0249  0.0251  0.0247  0.0247
  0.0248  0.0247  0.0246  0.0248  0.0247  0.0253  0.0247  0.0251  0.0246  0.0247  0.0245  0.0245
  0.0245  0.0244  0.0244  0.0245  0.0244  0.0246  0.0244  0.0245  0.0244  0.0244  0.0244  0.0244
  0.0244  0.0244  0.0244  0.0244  0.0244  0.0244  0.0243  0.0243  0.0243  0.0243  0.0243  0.0243
  0.0245  0.0244  0.0244  0.0244  0.0244  0.0245  0.0244  0.0245  0.0244  0.0244  0.0244  0.0244
  0.0248  0.0247  0.0246  0.0247  0.0246  0.0250  0.0247  0.0250  0.0246  0.0247  0.0245  0.0245
  0.0253  0.0251  0.0249  0.0252  0.0250  0.0260  0.0251  0.0258  0.0249  0.0252  0.0247  0.0247
niter,ni,del,rscale     2    3    5.0000    0.5000
parameters
    0.6244   31.1972    9.2563   -2.0650  -10.3970   -4.2413
    0.9632    5.9044    1.6611   18.8734    3.0250  -17.4027
eta,q 0.97566 12.10750
  0.0250  0.0248  0.0248  0.0249  0.0248  0.0256  0.0249  0.0254  0.0248  0.0249  0.0246  0.0246
  0.0246  0.0246  0.0245  0.0246  0.0246  0.0250  0.0246  0.0248  0.0245  0.0246  0.0245  0.0244
  0.0244  0.0244  0.0244  0.0244  0.0244  0.0245  0.0244  0.0245  0.0244  0.0244  0.0244  0.0244
  0.0243  0.0243  0.0243  0.0243  0.0243  0.0243  0.0243  0.0243  0.0243  0.0243  0.0243  0.0243
  0.0244  0.0244  0.0244  0.0244  0.0244  0.0245  0.0244  0.0245  0.0244  0.0244  0.0244  0.0244
  0.0246  0.0246  0.0245  0.0246  0.0246  0.0248  0.0246  0.0248  0.0245  0.0246  0.0245  0.0244
  0.0250  0.0248  0.0247  0.0249  0.0248  0.0255  0.0249  0.0254  0.0248  0.0249  0.0246  0.0246
niter,ni,del,rscale     1    3    5.0000    0.4000
parameters
    0.6316   31.1941    9.2848   -2.0540  -10.3808   -4.1870
    0.9465    5.9047    1.6323   18.8723    3.0736  -17.3962
eta,q 0.97566 12.10999
  0.0248  0.0247  0.0246  0.0247  0.0246  0.0252  0.0247  0.0250  0.0246  0.0247  0.0245  0.0245
  0.0245  0.0245  0.0245  0.0245  0.0245  0.0247  0.0245  0.0246  0.0245  0.0245  0.0244  0.0244
  0.0244  0.0244  0.0244  0.0244  0.0244  0.0244  0.0244  0.0244  0.0244  0.0244  0.0244  0.0244
  0.0243  0.0243  0.0243  0.0243  0.0243  0.0243  0.0243  0.0243  0.0243  0.0243  0.0243  0.0243
  0.0244  0.0244  0.0244  0.0244  0.0244  0.0244  0.0244  0.0244  0.0244  0.0244  0.0244  0.0244
  0.0245  0.0245  0.0244  0.0245  0.0245  0.0247  0.0245  0.0246  0.0245  0.0245  0.0244  0.0244
  0.0248  0.0247  0.0246  0.0247  0.0246  0.0251  0.0247  0.0250  0.0246  0.0247  0.0245  0.0245
registration optimization eta report
parameter search radius
    0.8000    0.8000    0.8000    2.4000    2.4000    2.4000
    2.4000    2.4000    2.4000    2.4000    2.4000    2.4000
100000*second partial in parameter space
       66.       49.       39.        6.        5.       14.
        6.       12.        5.        6.        3.        3.
  0.0248  0.0247  0.0246  0.0247  0.0246  0.0252  0.0247  0.0250  0.0246  0.0247  0.0245  0.0245
  0.0245  0.0245  0.0245  0.0245  0.0245  0.0247  0.0245  0.0246  0.0245  0.0245  0.0244  0.0244
  0.0244  0.0244  0.0244  0.0244  0.0244  0.0244  0.0244  0.0244  0.0244  0.0244  0.0244  0.0244
  0.0243  0.0243  0.0243  0.0243  0.0243  0.0243  0.0243  0.0243  0.0243  0.0243  0.0243  0.0243
  0.0244  0.0244  0.0244  0.0244  0.0244  0.0244  0.0244  0.0244  0.0244  0.0244  0.0244  0.0244
  0.0245  0.0245  0.0244  0.0245  0.0245  0.0247  0.0245  0.0246  0.0245  0.0245  0.0244  0.0244
  0.0248  0.0247  0.0246  0.0247  0.0246  0.0251  0.0247  0.0250  0.0246  0.0247  0.0245  0.0245
    0.6316   31.1941    9.2848   -2.0540  -10.3808   -4.1870
    0.9465    5.9047    1.6323   18.8723    3.0736  -17.3962
eta,q 0.97566 12.10999

---------------------------------------------------------------------
compute_vox2vox talsrcimg talsrcimg_to_711-2C_as_mni_average_305_t4 /opt/freesurfer/average/711-2C_as_mni_average_305
---------------------------------------------------------------------

freesurfer compute_vox2vox.c
Reading: talsrcimg.4dfp.ifh
Reading: talsrcimg_to_711-2C_as_mni_average_305_t4
Reading: /opt/freesurfer/average/711-2C_as_mni_average_305.4dfp.ifh
Writing: talsrcimg_to_711-2C_as_mni_average_305_t4_vox2vox.txt

start time Sun Mar 8 20:40:26 CET 2026
end		time Sun Mar 8 20:41:53 CET 2026

mpr2mni305 success

avi2talxfm orig_nu.mgz /opt/freesurfer/average/mni305.cor.mgz talsrcimg_to_711-2C_as_mni_average_305_t4_vox2vox.txt transforms/talairach.auto.xfm
avi2talxfm done
mv -f /out/sourcedata/freesurfer/sub-v1s15x0050198_ses-1/mri/talsrcimg_to_711-2C_as_mni_average_305_t4_vox2vox.txt /out/sourcedata/freesurfer/sub-v1s15x0050198_ses-1/mri/transforms/talsrcimg_to_711-2C_as_mni_average_305_t4_vox2vox.txt
lta_convert --src orig_nu.mgz --trg /opt/freesurfer/average/mni305.cor.mgz --inxfm transforms/talairach.auto.xfm --outlta transforms/talairach.auto.xfm.lta --subject fsaverage
7.3.2

--src: orig_nu.mgz src image (geometry).
--trg: /opt/freesurfer/average/mni305.cor.mgz trg image (geometry).
--inmni: transforms/talairach.auto.xfm input MNI/XFM transform.
--outlta: transforms/talairach.auto.xfm.lta output LTA.
--s: fsaverage subject name
 LTA read, type : 1
 1.02318  -0.05868  -0.02220  -7.40599;
-0.03487   1.00726   0.19589  -19.32581;
-0.01129  -0.21104   1.07499   18.31837;
 0.00000   0.00000   0.00000   1.00000;
setting subject to fsaverage
Writing  LTA to file transforms/talairach.auto.xfm.lta...
lta_convert successful.
 
 
Started at Sun Mar 8 20:40:26 CET 2026
Ended   at Sun Mar  8 20:41:53 CET 2026
talairach_avi done
