status file for recon-all
Sun Mar  8 22:09:38 CET 2026
#@# Tessellate lh Sun Mar  8 22:09:38 CET 2026
#@# Smooth1 lh Sun Mar  8 22:09:41 CET 2026
#@# Inflation1 lh Sun Mar  8 22:09:44 CET 2026
#@# QSphere lh Sun Mar  8 22:09:56 CET 2026
#@# Fix Topology lh Sun Mar  8 22:11:05 CET 2026
#@# Smooth2 lh Sun Mar  8 22:18:14 CET 2026
#@# Inflation2 lh Sun Mar  8 22:18:18 CET 2026
#@# Curv .H and .K lh Sun Mar  8 22:18:31 CET 2026
#@# Sphere lh Sun Mar  8 22:19:29 CET 2026
#@# Surf Reg lh Sun Mar  8 22:24:38 CET 2026
#@# Jacobian white lh Sun Mar  8 22:30:05 CET 2026
#@# AvgCurv lh Sun Mar  8 22:30:06 CET 2026
#@# Cortical Parc lh Sun Mar  8 22:30:07 CET 2026
#@# white curv lh Sun Mar  8 22:37:07 CET 2026
#@# white area lh Sun Mar  8 22:37:09 CET 2026
#@# pial curv lh Sun Mar  8 22:37:10 CET 2026
#@# pial area lh Sun Mar  8 22:37:12 CET 2026
#@# thickness lh Sun Mar  8 22:37:12 CET 2026
#@# area and vertex vol lh Sun Mar  8 22:37:50 CET 2026
#@# Curvature Stats lh Sun Mar  8 22:37:52 CET 2026
#@# Cortical Parc 2 lh Sun Mar  8 22:37:54 CET 2026
#@# Cortical Parc 3 lh Sun Mar  8 22:38:10 CET 2026
#@# WM/GM Contrast lh Sun Mar  8 22:38:22 CET 2026
recon-all -s sub-v1s15x0050184_ses-1 finished without error at Sun Mar  8 22:38:25 CET 2026



#New# invocation of recon-all 



status file for recon-all
Sun Mar  8 23:17:40 CET 2026
#@# white curv lh Sun Mar  8 23:17:40 CET 2026
#@# white area lh Sun Mar  8 23:17:40 CET 2026
#@# pial curv lh Sun Mar  8 23:17:40 CET 2026
#@# pial area lh Sun Mar  8 23:17:40 CET 2026
#@# thickness lh Sun Mar  8 23:17:40 CET 2026
#@# area and vertex vol lh Sun Mar  8 23:17:40 CET 2026
#@# Parcellation Stats lh Sun Mar  8 23:17:40 CET 2026
#@# Parcellation Stats 2 lh Sun Mar  8 23:18:06 CET 2026
#@# Parcellation Stats 3 lh Sun Mar  8 23:18:19 CET 2026
#@# BA_exvivo Labels lh Sun Mar  8 23:18:32 CET 2026
recon-all -s sub-v1s15x0050184_ses-1 finished without error at Sun Mar  8 23:21:27 CET 2026
