status file for recon-all
Sun Mar  8 22:38:29 CET 2026
#@# Tessellate rh Sun Mar  8 22:38:29 CET 2026
#@# Smooth1 rh Sun Mar  8 22:38:33 CET 2026
#@# Inflation1 rh Sun Mar  8 22:38:36 CET 2026
#@# QSphere rh Sun Mar  8 22:38:48 CET 2026
#@# Fix Topology rh Sun Mar  8 22:39:56 CET 2026
#@# Smooth2 rh Sun Mar  8 22:46:48 CET 2026
#@# Inflation2 rh Sun Mar  8 22:46:52 CET 2026
#@# Curv .H and .K rh Sun Mar  8 22:47:04 CET 2026
#@# Sphere rh Sun Mar  8 22:48:01 CET 2026
#@# Surf Reg rh Sun Mar  8 22:50:27 CET 2026
#@# Jacobian white rh Sun Mar  8 22:54:47 CET 2026
#@# AvgCurv rh Sun Mar  8 22:54:48 CET 2026
#@# Cortical Parc rh Sun Mar  8 22:54:49 CET 2026
#@# white curv rh Sun Mar  8 23:01:59 CET 2026
#@# white area rh Sun Mar  8 23:02:01 CET 2026
#@# pial curv rh Sun Mar  8 23:02:02 CET 2026
#@# pial area rh Sun Mar  8 23:02:04 CET 2026
#@# thickness rh Sun Mar  8 23:02:04 CET 2026
#@# area and vertex vol rh Sun Mar  8 23:02:41 CET 2026
#@# Curvature Stats rh Sun Mar  8 23:02:43 CET 2026
#@# Cortical Parc 2 rh Sun Mar  8 23:02:46 CET 2026
#@# Cortical Parc 3 rh Sun Mar  8 23:03:01 CET 2026
#@# WM/GM Contrast rh Sun Mar  8 23:03:12 CET 2026
recon-all -s sub-v1s15x0050184_ses-1 finished without error at Sun Mar  8 23:03:15 CET 2026



#New# invocation of recon-all 



status file for recon-all
Sun Mar  8 23:21:28 CET 2026
#@# white curv rh Sun Mar  8 23:21:28 CET 2026
#@# white area rh Sun Mar  8 23:21:28 CET 2026
#@# pial curv rh Sun Mar  8 23:21:28 CET 2026
#@# pial area rh Sun Mar  8 23:21:28 CET 2026
#@# thickness rh Sun Mar  8 23:21:28 CET 2026
#@# area and vertex vol rh Sun Mar  8 23:21:28 CET 2026
#@# Parcellation Stats rh Sun Mar  8 23:21:28 CET 2026
#@# Parcellation Stats 2 rh Sun Mar  8 23:21:53 CET 2026
#@# Parcellation Stats 3 rh Sun Mar  8 23:22:05 CET 2026
#@# BA_exvivo Labels rh Sun Mar  8 23:22:18 CET 2026
recon-all -s sub-v1s15x0050184_ses-1 finished without error at Sun Mar  8 23:25:05 CET 2026
