status file for recon-all
Sun Mar  8 20:24:17 CET 2026
#@# MotionCor Sun Mar  8 20:24:19 CET 2026
#@# Talairach Sun Mar  8 20:24:27 CET 2026
#@# Talairach Failure Detection Sun Mar  8 20:28:50 CET 2026
#@# Nu Intensity Correction Sun Mar  8 20:28:50 CET 2026
#@# Intensity Normalization Sun Mar  8 20:32:07 CET 2026
recon-all -s sub-v1s15x0050184_ses-1 finished without error at Sun Mar  8 20:33:45 CET 2026



#New# invocation of recon-all 



status file for recon-all
Sun Mar  8 20:40:38 CET 2026
#@# EM Registration Sun Mar  8 20:40:38 CET 2026
recon-all -s sub-v1s15x0050184_ses-1 finished without error at Sun Mar  8 20:42:10 CET 2026



#New# invocation of recon-all 



status file for recon-all
Sun Mar  8 20:42:15 CET 2026
#@# CA Normalize Sun Mar  8 20:42:15 CET 2026
#@# CA Reg Sun Mar  8 20:43:36 CET 2026
#@# SubCort Seg Sun Mar  8 21:28:44 CET 2026
#@# CC Seg Sun Mar  8 22:03:27 CET 2026
#@# Merge ASeg Sun Mar  8 22:04:03 CET 2026
#@# Intensity Normalization2 Sun Mar  8 22:04:03 CET 2026
#@# Mask BFS Sun Mar  8 22:06:22 CET 2026
#@# WM Segmentation Sun Mar  8 22:06:22 CET 2026
#@# Fill Sun Mar  8 22:08:29 CET 2026
recon-all -s sub-v1s15x0050184_ses-1 finished without error at Sun Mar  8 22:09:34 CET 2026



#New# invocation of recon-all 



status file for recon-all
Sun Mar  8 23:03:20 CET 2026
#@# white curv lh Sun Mar  8 23:03:20 CET 2026
#@# white area lh Sun Mar  8 23:03:20 CET 2026
#@# pial curv lh Sun Mar  8 23:03:20 CET 2026
#@# pial area lh Sun Mar  8 23:03:20 CET 2026
#@# thickness lh Sun Mar  8 23:03:20 CET 2026
#@# area and vertex vol lh Sun Mar  8 23:03:20 CET 2026
#@# white curv rh Sun Mar  8 23:03:20 CET 2026
#@# white area rh Sun Mar  8 23:03:20 CET 2026
#@# pial curv rh Sun Mar  8 23:03:20 CET 2026
#@# pial area rh Sun Mar  8 23:03:20 CET 2026
#@# thickness rh Sun Mar  8 23:03:20 CET 2026
#@# area and vertex vol rh Sun Mar  8 23:03:20 CET 2026
#@# Cortical ribbon mask Sun Mar  8 23:03:20 CET 2026
recon-all -s sub-v1s15x0050184_ses-1 finished without error at Sun Mar  8 23:17:33 CET 2026



#New# invocation of recon-all 



status file for recon-all
Sun Mar  8 23:25:10 CET 2026
#@# white curv lh Sun Mar  8 23:25:10 CET 2026
#@# white area lh Sun Mar  8 23:25:10 CET 2026
#@# pial curv lh Sun Mar  8 23:25:10 CET 2026
#@# pial area lh Sun Mar  8 23:25:10 CET 2026
#@# thickness lh Sun Mar  8 23:25:10 CET 2026
#@# area and vertex vol lh Sun Mar  8 23:25:10 CET 2026
#@# white curv rh Sun Mar  8 23:25:10 CET 2026
#@# white area rh Sun Mar  8 23:25:10 CET 2026
#@# pial curv rh Sun Mar  8 23:25:10 CET 2026
#@# pial area rh Sun Mar  8 23:25:10 CET 2026
#@# thickness rh Sun Mar  8 23:25:10 CET 2026
#@# area and vertex vol rh Sun Mar  8 23:25:10 CET 2026
#@# Curvature Stats lh Sun Mar  8 23:25:10 CET 2026
#@# Curvature Stats rh Sun Mar  8 23:25:13 CET 2026
#@# Relabel Hypointensities Sun Mar  8 23:25:16 CET 2026
#@# APas-to-ASeg Sun Mar  8 23:25:33 CET 2026
#@# AParc-to-ASeg aparc Sun Mar  8 23:25:42 CET 2026
#@# AParc-to-ASeg aparc.a2009s Sun Mar  8 23:26:35 CET 2026
#@# AParc-to-ASeg aparc.DKTatlas Sun Mar  8 23:27:27 CET 2026
#@# WMParc Sun Mar  8 23:28:20 CET 2026
#@# ASeg Stats Sun Mar  8 23:32:05 CET 2026
recon-all -s sub-v1s15x0050184_ses-1 finished without error at Sun Mar  8 23:32:36 CET 2026
