status file for recon-all
Sun Mar  8 20:33:09 CET 2026
#@# MotionCor Sun Mar  8 20:33:10 CET 2026
#@# Talairach Sun Mar  8 20:33:18 CET 2026
#@# Talairach Failure Detection Sun Mar  8 20:37:42 CET 2026
#@# Nu Intensity Correction Sun Mar  8 20:37:42 CET 2026
#@# Intensity Normalization Sun Mar  8 20:40:54 CET 2026
recon-all -s sub-v1s15x0050195_ses-1 finished without error at Sun Mar  8 20:42:22 CET 2026



#New# invocation of recon-all 



status file for recon-all
Sun Mar  8 20:49:13 CET 2026
#@# EM Registration Sun Mar  8 20:49:13 CET 2026
recon-all -s sub-v1s15x0050195_ses-1 finished without error at Sun Mar  8 20:51:04 CET 2026



#New# invocation of recon-all 



status file for recon-all
Sun Mar  8 20:51:08 CET 2026
#@# CA Normalize Sun Mar  8 20:51:08 CET 2026
#@# CA Reg Sun Mar  8 20:52:29 CET 2026
#@# SubCort Seg Sun Mar  8 21:28:14 CET 2026
#@# CC Seg Sun Mar  8 21:53:52 CET 2026
#@# Merge ASeg Sun Mar  8 21:54:24 CET 2026
#@# Intensity Normalization2 Sun Mar  8 21:54:24 CET 2026
#@# Mask BFS Sun Mar  8 21:56:43 CET 2026
#@# WM Segmentation Sun Mar  8 21:56:43 CET 2026
#@# Fill Sun Mar  8 21:58:34 CET 2026
recon-all -s sub-v1s15x0050195_ses-1 finished without error at Sun Mar  8 21:59:36 CET 2026



#New# invocation of recon-all 



status file for recon-all
Sun Mar  8 22:37:53 CET 2026
#@# white curv lh Sun Mar  8 22:37:53 CET 2026
#@# white area lh Sun Mar  8 22:37:53 CET 2026
#@# pial curv lh Sun Mar  8 22:37:53 CET 2026
#@# pial area lh Sun Mar  8 22:37:53 CET 2026
#@# thickness lh Sun Mar  8 22:37:53 CET 2026
#@# area and vertex vol lh Sun Mar  8 22:37:53 CET 2026
#@# white curv rh Sun Mar  8 22:37:53 CET 2026
#@# white area rh Sun Mar  8 22:37:53 CET 2026
#@# pial curv rh Sun Mar  8 22:37:53 CET 2026
#@# pial area rh Sun Mar  8 22:37:53 CET 2026
#@# thickness rh Sun Mar  8 22:37:53 CET 2026
#@# area and vertex vol rh Sun Mar  8 22:37:53 CET 2026
#@# Cortical ribbon mask Sun Mar  8 22:37:53 CET 2026
recon-all -s sub-v1s15x0050195_ses-1 finished without error at Sun Mar  8 22:41:33 CET 2026



#New# invocation of recon-all 



status file for recon-all
Sun Mar  8 22:47:25 CET 2026
#@# white curv lh Sun Mar  8 22:47:25 CET 2026
#@# white area lh Sun Mar  8 22:47:25 CET 2026
#@# pial curv lh Sun Mar  8 22:47:25 CET 2026
#@# pial area lh Sun Mar  8 22:47:25 CET 2026
#@# thickness lh Sun Mar  8 22:47:25 CET 2026
#@# area and vertex vol lh Sun Mar  8 22:47:25 CET 2026
#@# white curv rh Sun Mar  8 22:47:25 CET 2026
#@# white area rh Sun Mar  8 22:47:25 CET 2026
#@# pial curv rh Sun Mar  8 22:47:25 CET 2026
#@# pial area rh Sun Mar  8 22:47:25 CET 2026
#@# thickness rh Sun Mar  8 22:47:25 CET 2026
#@# area and vertex vol rh Sun Mar  8 22:47:25 CET 2026
#@# Curvature Stats lh Sun Mar  8 22:47:25 CET 2026
#@# Curvature Stats rh Sun Mar  8 22:47:27 CET 2026
#@# Relabel Hypointensities Sun Mar  8 22:47:30 CET 2026
#@# APas-to-ASeg Sun Mar  8 22:47:45 CET 2026
#@# AParc-to-ASeg aparc Sun Mar  8 22:47:51 CET 2026
#@# AParc-to-ASeg aparc.a2009s Sun Mar  8 22:48:32 CET 2026
#@# AParc-to-ASeg aparc.DKTatlas Sun Mar  8 22:49:11 CET 2026
#@# WMParc Sun Mar  8 22:49:52 CET 2026
#@# ASeg Stats Sun Mar  8 22:53:30 CET 2026
recon-all -s sub-v1s15x0050195_ses-1 finished without error at Sun Mar  8 22:54:01 CET 2026
