status file for recon-all
Sun Mar  8 21:59:41 CET 2026
#@# Tessellate lh Sun Mar  8 21:59:41 CET 2026
#@# Smooth1 lh Sun Mar  8 21:59:44 CET 2026
#@# Inflation1 lh Sun Mar  8 21:59:46 CET 2026
#@# QSphere lh Sun Mar  8 21:59:56 CET 2026
#@# Fix Topology lh Sun Mar  8 22:00:59 CET 2026
#@# Smooth2 lh Sun Mar  8 22:05:46 CET 2026
#@# Inflation2 lh Sun Mar  8 22:05:49 CET 2026
#@# Curv .H and .K lh Sun Mar  8 22:05:59 CET 2026
#@# Sphere lh Sun Mar  8 22:06:44 CET 2026
#@# Surf Reg lh Sun Mar  8 22:09:12 CET 2026
#@# Jacobian white lh Sun Mar  8 22:12:16 CET 2026
#@# AvgCurv lh Sun Mar  8 22:12:16 CET 2026
#@# Cortical Parc lh Sun Mar  8 22:12:17 CET 2026
#@# white curv lh Sun Mar  8 22:17:48 CET 2026
#@# white area lh Sun Mar  8 22:17:49 CET 2026
#@# pial curv lh Sun Mar  8 22:17:50 CET 2026
#@# pial area lh Sun Mar  8 22:17:51 CET 2026
#@# thickness lh Sun Mar  8 22:17:52 CET 2026
#@# area and vertex vol lh Sun Mar  8 22:18:20 CET 2026
#@# Curvature Stats lh Sun Mar  8 22:18:21 CET 2026
#@# Cortical Parc 2 lh Sun Mar  8 22:18:23 CET 2026
#@# Cortical Parc 3 lh Sun Mar  8 22:18:36 CET 2026
#@# WM/GM Contrast lh Sun Mar  8 22:18:46 CET 2026
recon-all -s sub-v1s15x0050195_ses-1 finished without error at Sun Mar  8 22:18:48 CET 2026



#New# invocation of recon-all 



status file for recon-all
Sun Mar  8 22:41:37 CET 2026
#@# white curv lh Sun Mar  8 22:41:37 CET 2026
#@# white area lh Sun Mar  8 22:41:37 CET 2026
#@# pial curv lh Sun Mar  8 22:41:37 CET 2026
#@# pial area lh Sun Mar  8 22:41:37 CET 2026
#@# thickness lh Sun Mar  8 22:41:37 CET 2026
#@# area and vertex vol lh Sun Mar  8 22:41:37 CET 2026
#@# Parcellation Stats lh Sun Mar  8 22:41:37 CET 2026
#@# Parcellation Stats 2 lh Sun Mar  8 22:41:54 CET 2026
#@# Parcellation Stats 3 lh Sun Mar  8 22:42:03 CET 2026
#@# BA_exvivo Labels lh Sun Mar  8 22:42:12 CET 2026
recon-all -s sub-v1s15x0050195_ses-1 finished without error at Sun Mar  8 22:44:27 CET 2026
