status file for recon-all
Sun Mar  8 22:18:52 CET 2026
#@# Tessellate rh Sun Mar  8 22:18:52 CET 2026
#@# Smooth1 rh Sun Mar  8 22:18:56 CET 2026
#@# Inflation1 rh Sun Mar  8 22:18:58 CET 2026
#@# QSphere rh Sun Mar  8 22:19:08 CET 2026
#@# Fix Topology rh Sun Mar  8 22:20:09 CET 2026
#@# Smooth2 rh Sun Mar  8 22:25:35 CET 2026
#@# Inflation2 rh Sun Mar  8 22:25:38 CET 2026
#@# Curv .H and .K rh Sun Mar  8 22:25:48 CET 2026
#@# Sphere rh Sun Mar  8 22:26:34 CET 2026
#@# Surf Reg rh Sun Mar  8 22:28:16 CET 2026
#@# Jacobian white rh Sun Mar  8 22:31:24 CET 2026
#@# AvgCurv rh Sun Mar  8 22:31:25 CET 2026
#@# Cortical Parc rh Sun Mar  8 22:31:25 CET 2026
#@# white curv rh Sun Mar  8 22:36:46 CET 2026
#@# white area rh Sun Mar  8 22:36:47 CET 2026
#@# pial curv rh Sun Mar  8 22:36:48 CET 2026
#@# pial area rh Sun Mar  8 22:36:50 CET 2026
#@# thickness rh Sun Mar  8 22:36:50 CET 2026
#@# area and vertex vol rh Sun Mar  8 22:37:19 CET 2026
#@# Curvature Stats rh Sun Mar  8 22:37:20 CET 2026
#@# Cortical Parc 2 rh Sun Mar  8 22:37:22 CET 2026
#@# Cortical Parc 3 rh Sun Mar  8 22:37:35 CET 2026
#@# WM/GM Contrast rh Sun Mar  8 22:37:45 CET 2026
recon-all -s sub-v1s15x0050195_ses-1 finished without error at Sun Mar  8 22:37:47 CET 2026



#New# invocation of recon-all 



status file for recon-all
Sun Mar  8 22:44:29 CET 2026
#@# white curv rh Sun Mar  8 22:44:29 CET 2026
#@# white area rh Sun Mar  8 22:44:29 CET 2026
#@# pial curv rh Sun Mar  8 22:44:29 CET 2026
#@# pial area rh Sun Mar  8 22:44:29 CET 2026
#@# thickness rh Sun Mar  8 22:44:29 CET 2026
#@# area and vertex vol rh Sun Mar  8 22:44:29 CET 2026
#@# Parcellation Stats rh Sun Mar  8 22:44:29 CET 2026
#@# Parcellation Stats 2 rh Sun Mar  8 22:44:46 CET 2026
#@# Parcellation Stats 3 rh Sun Mar  8 22:44:55 CET 2026
#@# BA_exvivo Labels rh Sun Mar  8 22:45:04 CET 2026
recon-all -s sub-v1s15x0050195_ses-1 finished without error at Sun Mar  8 22:47:21 CET 2026
