status file for recon-all
Sun Mar  8 21:23:38 CET 2026
#@# MotionCor Sun Mar  8 21:23:40 CET 2026
#@# Talairach Sun Mar  8 21:23:48 CET 2026
#@# Talairach Failure Detection Sun Mar  8 21:28:15 CET 2026
#@# Nu Intensity Correction Sun Mar  8 21:28:15 CET 2026
#@# Intensity Normalization Sun Mar  8 21:31:32 CET 2026
recon-all -s sub-v1s15x0050211_ses-1 finished without error at Sun Mar  8 21:33:16 CET 2026



#New# invocation of recon-all 



status file for recon-all
Sun Mar  8 21:40:27 CET 2026
#@# EM Registration Sun Mar  8 21:40:27 CET 2026
recon-all -s sub-v1s15x0050211_ses-1 finished without error at Sun Mar  8 21:42:44 CET 2026



#New# invocation of recon-all 



status file for recon-all
Sun Mar  8 21:42:48 CET 2026
#@# CA Normalize Sun Mar  8 21:42:48 CET 2026
#@# CA Reg Sun Mar  8 21:44:11 CET 2026
#@# SubCort Seg Sun Mar  8 22:32:04 CET 2026
#@# CC Seg Sun Mar  8 23:05:42 CET 2026
#@# Merge ASeg Sun Mar  8 23:06:24 CET 2026
#@# Intensity Normalization2 Sun Mar  8 23:06:24 CET 2026
#@# Mask BFS Sun Mar  8 23:08:53 CET 2026
#@# WM Segmentation Sun Mar  8 23:08:54 CET 2026
#@# Fill Sun Mar  8 23:10:52 CET 2026
recon-all -s sub-v1s15x0050211_ses-1 finished without error at Sun Mar  8 23:11:56 CET 2026



#New# invocation of recon-all 



status file for recon-all
Mon Mar  9 00:08:39 CET 2026
#@# white curv lh Mon Mar  9 00:08:39 CET 2026
#@# white area lh Mon Mar  9 00:08:39 CET 2026
#@# pial curv lh Mon Mar  9 00:08:39 CET 2026
#@# pial area lh Mon Mar  9 00:08:39 CET 2026
#@# thickness lh Mon Mar  9 00:08:39 CET 2026
#@# area and vertex vol lh Mon Mar  9 00:08:39 CET 2026
#@# white curv rh Mon Mar  9 00:08:39 CET 2026
#@# white area rh Mon Mar  9 00:08:39 CET 2026
#@# pial curv rh Mon Mar  9 00:08:39 CET 2026
#@# pial area rh Mon Mar  9 00:08:39 CET 2026
#@# thickness rh Mon Mar  9 00:08:39 CET 2026
#@# area and vertex vol rh Mon Mar  9 00:08:39 CET 2026
#@# Cortical ribbon mask Mon Mar  9 00:08:39 CET 2026
recon-all -s sub-v1s15x0050211_ses-1 finished without error at Mon Mar  9 00:14:50 CET 2026



#New# invocation of recon-all 



status file for recon-all
Mon Mar  9 00:21:51 CET 2026
#@# white curv lh Mon Mar  9 00:21:51 CET 2026
#@# white area lh Mon Mar  9 00:21:51 CET 2026
#@# pial curv lh Mon Mar  9 00:21:51 CET 2026
#@# pial area lh Mon Mar  9 00:21:51 CET 2026
#@# thickness lh Mon Mar  9 00:21:51 CET 2026
#@# area and vertex vol lh Mon Mar  9 00:21:51 CET 2026
#@# white curv rh Mon Mar  9 00:21:51 CET 2026
#@# white area rh Mon Mar  9 00:21:51 CET 2026
#@# pial curv rh Mon Mar  9 00:21:51 CET 2026
#@# pial area rh Mon Mar  9 00:21:51 CET 2026
#@# thickness rh Mon Mar  9 00:21:51 CET 2026
#@# area and vertex vol rh Mon Mar  9 00:21:51 CET 2026
#@# Curvature Stats lh Mon Mar  9 00:21:51 CET 2026
#@# Curvature Stats rh Mon Mar  9 00:21:54 CET 2026
#@# Relabel Hypointensities Mon Mar  9 00:21:56 CET 2026
#@# APas-to-ASeg Mon Mar  9 00:22:13 CET 2026
#@# AParc-to-ASeg aparc Mon Mar  9 00:22:21 CET 2026
#@# AParc-to-ASeg aparc.a2009s Mon Mar  9 00:23:03 CET 2026
#@# AParc-to-ASeg aparc.DKTatlas Mon Mar  9 00:23:44 CET 2026
#@# WMParc Mon Mar  9 00:24:24 CET 2026
#@# ASeg Stats Mon Mar  9 00:28:26 CET 2026
recon-all -s sub-v1s15x0050211_ses-1 finished without error at Mon Mar  9 00:29:07 CET 2026
