status file for recon-all
Sun Mar  8 23:12:00 CET 2026
#@# Tessellate lh Sun Mar  8 23:12:00 CET 2026
#@# Smooth1 lh Sun Mar  8 23:12:04 CET 2026
#@# Inflation1 lh Sun Mar  8 23:12:07 CET 2026
#@# QSphere lh Sun Mar  8 23:12:22 CET 2026
#@# Fix Topology lh Sun Mar  8 23:13:26 CET 2026
#@# Smooth2 lh Sun Mar  8 23:22:58 CET 2026
#@# Inflation2 lh Sun Mar  8 23:23:01 CET 2026
#@# Curv .H and .K lh Sun Mar  8 23:23:14 CET 2026
#@# Sphere lh Sun Mar  8 23:24:02 CET 2026
#@# Surf Reg lh Sun Mar  8 23:28:25 CET 2026
#@# Jacobian white lh Sun Mar  8 23:32:27 CET 2026
#@# AvgCurv lh Sun Mar  8 23:32:27 CET 2026
#@# Cortical Parc lh Sun Mar  8 23:32:28 CET 2026
#@# white curv lh Sun Mar  8 23:39:44 CET 2026
#@# white area lh Sun Mar  8 23:39:46 CET 2026
#@# pial curv lh Sun Mar  8 23:39:47 CET 2026
#@# pial area lh Sun Mar  8 23:39:49 CET 2026
#@# thickness lh Sun Mar  8 23:39:50 CET 2026
#@# area and vertex vol lh Sun Mar  8 23:40:23 CET 2026
#@# Curvature Stats lh Sun Mar  8 23:40:24 CET 2026
#@# Cortical Parc 2 lh Sun Mar  8 23:40:27 CET 2026
#@# Cortical Parc 3 lh Sun Mar  8 23:40:40 CET 2026
#@# WM/GM Contrast lh Sun Mar  8 23:40:51 CET 2026
recon-all -s sub-v1s15x0050211_ses-1 finished without error at Sun Mar  8 23:40:54 CET 2026



#New# invocation of recon-all 



status file for recon-all
Mon Mar  9 00:14:55 CET 2026
#@# white curv lh Mon Mar  9 00:14:55 CET 2026
#@# white area lh Mon Mar  9 00:14:55 CET 2026
#@# pial curv lh Mon Mar  9 00:14:55 CET 2026
#@# pial area lh Mon Mar  9 00:14:55 CET 2026
#@# thickness lh Mon Mar  9 00:14:55 CET 2026
#@# area and vertex vol lh Mon Mar  9 00:14:55 CET 2026
#@# Parcellation Stats lh Mon Mar  9 00:14:55 CET 2026
#@# Parcellation Stats 2 lh Mon Mar  9 00:15:13 CET 2026
#@# Parcellation Stats 3 lh Mon Mar  9 00:15:23 CET 2026
#@# BA_exvivo Labels lh Mon Mar  9 00:15:32 CET 2026
recon-all -s sub-v1s15x0050211_ses-1 finished without error at Mon Mar  9 00:18:16 CET 2026
