/out/sourcedata/freesurfer/sub-v1s15x0050211_ses-1/mri
/opt/freesurfer/bin/talairach_avi
--i orig_nu.mgz --xfm transforms/talairach.auto.xfm
talairach_avi 7.3.2
Linux dna002 5.14.0-427.37.1.el9_4.x86_64 #1 SMP PREEMPT_DYNAMIC Fri Sep 13 12:41:50 EDT 2024 x86_64 x86_64 x86_64 GNU/Linux
Sun Mar  8 21:26:43 CET 2026
mri_convert orig_nu.mgz talsrcimg.img 
reading from orig_nu.mgz...
TR=0.00, TE=0.00, TI=0.00, flip angle=0.00
i_ras = (-1, 0, 0)
j_ras = (0, 0, -1)
k_ras = (0, 1, 0)
writing to talsrcimg.img...
Analyze Output Matrix
-1.00000   0.00000   0.00000   131.84351;
 0.00000   0.00000   1.00000  -114.43800;
 0.00000  -1.00000   0.00000   78.87469;
 0.00000   0.00000   0.00000   1.00000;
--------------------
INFO: set hdr.hist.orient to -1
mpr2mni305 talsrcimg
Sun Mar  8 21:26:44 CET 2026
/opt/freesurfer/bin/mpr2mni305 talsrcimg
mpr2mni305 7.3.2
target=711-2C_as_mni_average_305

---------------------------------------------------------------------
analyzeto4dfp talsrcimg -O0 -y
---------------------------------------------------------------------

freesurfer ifh2hdr.c
Sun Mar  8 21:26:44 2026
Writing: talsrcimg.4dfp.hdr
freesurfer analyzeto4dfp.c
Reading: talsrcimg.hdr
header size 348 bytes
hdr.dime.datatype	offset=70	value=2
hdr.dime.bitpix		offset=72	value=8
hdr.hist.orient		offset=252	value=-1
dimensionality     4
dimensions       256       256       256         1
Reading: talsrcimg.img
Writing: talsrcimg.4dfp.img
Writing: talsrcimg.4dfp.ifh
ifh2hdr talsrcimg -r0to221
ori=2

---------------------------------------------------------------------
gauss_4dfp talsrcimg 1.1
---------------------------------------------------------------------

freesurfer gauss_4dfp.c
Reading: talsrcimg.4dfp.img
Writing: talsrcimg_g11.4dfp.img
image dimensions 256 256 256 padded to 288 288 288
processing volume 1freesurfer ifh2hdr.c
Sun Mar  8 21:26:46 2026
Writing: talsrcimg_g11.4dfp.hdr

Writing: talsrcimg_g11.4dfp.ifh
including: talsrcimg.4dfp.img.rec in talsrcimg_g11.4dfp.img.rec

---------------------------------------------------------------------
imgreg_4dfp /opt/freesurfer/average/711-2C_as_mni_average_305 none talsrcimg_g11 none talsrcimg_to_711-2C_as_mni_average_305_t4 4355
---------------------------------------------------------------------

freesurfer imgreg_4dfp.c
/opt/freesurfer/average/711-2C_as_mni_average_305.4dfp.img
       256       256       256         1
  1.000000  1.000000  1.000000
orientation T byte_order littleendian
Reading image: /opt/freesurfer/average/711-2C_as_mni_average_305.4dfp.img
dimensions:      256       256       256
mmppix:       1.0000   -1.0000   -1.0000
center:     128.0000 -129.0000 -129.0000
talsrcimg_g11.4dfp.img
       256       256       256         1
  1.000000  1.000000  1.000000
orientation T byte_order littleendian
Reading image: talsrcimg_g11.4dfp.img
dimensions:      256       256       256
mmppix:       1.0000   -1.0000   -1.0000
center:     128.0000 -129.0000 -129.0000
t4_read: open error in t4_sub.f l:  41 t4_file(1:l)talsrcimg_to_711-2C_as_mni_average_305_t4 
t4_read: transform initialized to I4
rotation matrix determinant  1.000000
image alignment mode   4355 decimal     1103 hex
   -7.5000  -45.0000  -45.0000 6265.7710   20.4184
    0.0000  -45.0000  -45.0000 6588.5488   20.4472
    7.5000  -45.0000  -45.0000 6296.2959   20.4655
   -7.5000  -37.5000  -45.0000 6826.9580   19.7782
    0.0000  -37.5000  -45.0000 7179.7222   19.8070
    7.5000  -37.5000  -45.0000 6863.8994   19.8289
   -7.5000  -30.0000  -45.0000 7717.0889   19.3869
    0.0000  -30.0000  -45.0000 8113.0977   19.4148
    7.5000  -30.0000  -45.0000 7752.5811   19.4344
   -7.5000  -22.5000  -45.0000 8656.0098   19.1632
    0.0000  -22.5000  -45.0000 9086.0908   19.1920
    7.5000  -22.5000  -45.0000 8693.1885   19.2072
   -7.5000  -15.0000  -45.0000 9586.4375   19.1420
    0.0000  -15.0000  -45.000010041.0791   19.1706
    7.5000  -15.0000  -45.0000 9608.6367   19.1811
   -7.5000   -7.5000  -45.000010475.0801   19.1532
    0.0000   -7.5000  -45.000010968.7383   19.1812
    7.5000   -7.5000  -45.000010489.2334   19.1930
   -7.5000    0.0000  -45.000011315.9297   19.1451
    0.0000    0.0000  -45.000011837.5498   19.1724
    7.5000    0.0000  -45.000011312.4971   19.1890
   -7.5000    7.5000  -45.000011333.6816   19.1223
    0.0000    7.5000  -45.000011851.8320   19.1485
    7.5000    7.5000  -45.000011331.0615   19.1683
   -7.5000   15.0000  -45.000011244.7324   19.1070
    0.0000   15.0000  -45.000011778.1621   19.1342
    7.5000   15.0000  -45.000011265.2285   19.1536
   -7.5000   22.5000  -45.000011033.8760   19.1138
    0.0000   22.5000  -45.000011564.0303   19.1426
    7.5000   22.5000  -45.000011052.2881   19.1576
   -7.5000   30.0000  -45.000010656.8545   18.8848
    0.0000   30.0000  -45.000011169.6797   18.9130
    7.5000   30.0000  -45.000010651.5811   18.9233
   -7.5000   37.5000  -45.000010538.0225   18.8980
    0.0000   37.5000  -45.000011050.2051   18.9256
    7.5000   37.5000  -45.000010540.8174   18.9372
   -7.5000   45.0000  -45.0000 9940.6113   18.4103
    0.0000   45.0000  -45.000010434.1846   18.4365
    7.5000   45.0000  -45.0000 9953.3604   18.4525
   -7.5000  -45.0000  -37.5000 6512.0405   20.1592
    0.0000  -45.0000  -37.5000 6838.9336   20.1873
    7.5000  -45.0000  -37.5000 6527.9702   20.2106
   -7.5000  -37.5000  -37.5000 7105.1782   19.5372
    0.0000  -37.5000  -37.5000 7456.4727   19.5654
    7.5000  -37.5000  -37.5000 7121.6123   19.5903
   -7.5000  -30.0000  -37.5000 8032.1890   19.1499
    0.0000  -30.0000  -37.5000 8427.7002   19.1784
    7.5000  -30.0000  -37.5000 8053.8267   19.2024
   -7.5000  -22.5000  -37.5000 9024.0908   18.9252
    0.0000  -22.5000  -37.5000 9447.6201   18.9553
    7.5000  -22.5000  -37.5000 9047.3193   18.9773
   -7.5000  -15.0000  -37.500010026.2822   18.9025
    0.0000  -15.0000  -37.500010502.2549   18.9322
    7.5000  -15.0000  -37.500010045.5645   18.9509
   -7.5000   -7.5000  -37.500010959.2949   18.9181
    0.0000   -7.5000  -37.500011477.3096   18.9461
    7.5000   -7.5000  -37.500010968.0928   18.9646
   -7.5000    0.0000  -37.500011804.4219   18.9163
    0.0000    0.0000  -37.500012352.7158   18.9427
    7.5000    0.0000  -37.500011795.9238   18.9633
   -7.5000    7.5000  -37.500011778.0596   18.8964
    0.0000    7.5000  -37.500012322.4482   18.9222
    7.5000    7.5000  -37.500011769.9150   18.9446
   -7.5000   15.0000  -37.500011685.4629   18.8774
    0.0000   15.0000  -37.500012212.7568   18.9052
    7.5000   15.0000  -37.500011677.1094   18.9287
   -7.5000   22.5000  -37.500011452.7061   18.8770
    0.0000   22.5000  -37.500011981.6553   18.9072
    7.5000   22.5000  -37.500011445.1641   18.9290
   -7.5000   30.0000  -37.500011077.8604   18.6484
    0.0000   30.0000  -37.500011591.0537   18.6778
    7.5000   30.0000  -37.500011049.6904   18.6963
   -7.5000   37.5000  -37.500010934.4355   18.6660
    0.0000   37.5000  -37.500011455.7578   18.6936
    7.5000   37.5000  -37.500010929.6113   18.7119
   -7.5000   45.0000  -37.500010335.6240   18.1903
    0.0000   45.0000  -37.500010832.7373   18.2157
    7.5000   45.0000  -37.500010331.6641   18.2355
   -7.5000  -45.0000  -30.0000 6857.9551   20.9727
    0.0000  -45.0000  -30.0000 7190.8096   20.9963
    7.5000  -45.0000  -30.0000 6860.3203   21.0220
   -7.5000  -37.5000  -30.0000 7504.0796   20.3296
    0.0000  -37.5000  -30.0000 7859.5645   20.3522
    7.5000  -37.5000  -30.0000 7513.1958   20.3806
   -7.5000  -30.0000  -30.0000 8521.6289   19.9328
    0.0000  -30.0000  -30.0000 8916.7686   19.9569
    7.5000  -30.0000  -30.0000 8525.7256   19.9859
   -7.5000  -22.5000  -30.0000 9605.3486   19.6981
    0.0000  -22.5000  -30.000010044.1338   19.7260
    7.5000  -22.5000  -30.0000 9606.5361   19.7536
   -7.5000  -15.0000  -30.000010705.0127   19.6685
    0.0000  -15.0000  -30.000011199.1279   19.6981
    7.5000  -15.0000  -30.000010698.6836   19.7217
   -7.5000   -7.5000  -30.000011715.9492   19.6805
    0.0000   -7.5000  -30.000012259.0830   19.7072
    7.5000   -7.5000  -30.000011717.9570   19.7292
   -7.5000    0.0000  -30.000012618.7617   19.6791
    0.0000    0.0000  -30.000013192.3027   19.7014
    7.5000    0.0000  -30.000012595.2754   19.7243
   -7.5000    7.5000  -30.000012559.3203   19.6640
    0.0000    7.5000  -30.000013127.4785   19.6846
    7.5000    7.5000  -30.000012522.8135   19.7101
   -7.5000   15.0000  -30.000012435.8066   19.6500
    0.0000   15.0000  -30.000012978.2891   19.6733
    7.5000   15.0000  -30.000012413.5684   19.7014
   -7.5000   22.5000  -30.000012166.1465   19.6461
    0.0000   22.5000  -30.000012713.2383   19.6740
    7.5000   22.5000  -30.000012148.5625   19.7013
   -7.5000   30.0000  -30.000011789.4766   19.4061
    0.0000   30.0000  -30.000012313.8174   19.4353
    7.5000   30.0000  -30.000011757.1680   19.4585
   -7.5000   37.5000  -30.000011676.8535   19.4201
    0.0000   37.5000  -30.000012186.5918   19.4465
    7.5000   37.5000  -30.000011635.1543   19.4681
   -7.5000   45.0000  -30.000011057.6328   18.9377
    0.0000   45.0000  -30.000011543.1816   18.9591
    7.5000   45.0000  -30.000011019.4570   18.9812
   -7.5000  -45.0000  -22.5000 7210.0811   21.7228
    0.0000  -45.0000  -22.5000 7552.8613   21.7427
    7.5000  -45.0000  -22.5000 7216.1484   21.7663
   -7.5000  -37.5000  -22.5000 7903.1743   21.0572
    0.0000  -37.5000  -22.5000 8279.1016   21.0753
    7.5000  -37.5000  -22.5000 7913.6279   21.1049
   -7.5000  -30.0000  -22.5000 8998.6582   20.6611
    0.0000  -30.0000  -22.5000 9420.6709   20.6813
    7.5000  -30.0000  -22.5000 9011.3428   20.7112
   -7.5000  -22.5000  -22.500010174.0088   20.4255
    0.0000  -22.5000  -22.500010647.1533   20.4513
    7.5000  -22.5000  -22.500010164.2617   20.4771
   -7.5000  -15.0000  -22.500011356.6914   20.3900
    0.0000  -15.0000  -22.500011885.6680   20.4193
    7.5000  -15.0000  -22.500011337.6074   20.4391
   -7.5000   -7.5000  -22.500012483.8682   20.3895
    0.0000   -7.5000  -22.500013070.9746   20.4157
    7.5000   -7.5000  -22.500012465.1602   20.4343
   -7.5000    0.0000  -22.500013465.5000   20.3793
    0.0000    0.0000  -22.500014088.7539   20.3986
    7.5000    0.0000  -22.500013428.4854   20.4206
   -7.5000    7.5000  -22.500013362.4023   20.3680
    0.0000    7.5000  -22.500013957.6631   20.3843
    7.5000    7.5000  -22.500013342.9961   20.4110
   -7.5000   15.0000  -22.500013187.9209   20.3670
    0.0000   15.0000  -22.500013755.1270   20.3866
    7.5000   15.0000  -22.500013191.5371   20.4155
   -7.5000   22.5000  -22.500012916.9287   20.3703
    0.0000   22.5000  -22.500013490.2559   20.3961
    7.5000   22.5000  -22.500012909.8340   20.4214
   -7.5000   30.0000  -22.500012557.7910   20.1210
    0.0000   30.0000  -22.500013115.2148   20.1500
    7.5000   30.0000  -22.500012529.5684   20.1695
   -7.5000   37.5000  -22.500012449.4229   20.1228
    0.0000   37.5000  -22.500013001.4043   20.1486
    7.5000   37.5000  -22.500012415.5459   20.1670
   -7.5000   45.0000  -22.500011804.5391   19.6262
    0.0000   45.0000  -22.500012298.6377   19.6448
    7.5000   45.0000  -22.500011753.7725   19.6660
   -7.5000  -45.0000  -15.0000 7523.9941   22.2818
    0.0000  -45.0000  -15.0000 7872.1460   22.3043
    7.5000  -45.0000  -15.0000 7539.0562   22.3243
   -7.5000  -37.5000  -15.0000 8272.7324   21.5951
    0.0000  -37.5000  -15.0000 8669.8857   21.6147
    7.5000  -37.5000  -15.0000 8292.8457   21.6430
   -7.5000  -30.0000  -15.0000 9443.2646   21.1960
    0.0000  -30.0000  -15.0000 9902.5889   21.2163
    7.5000  -30.0000  -15.0000 9461.2432   21.2431
   -7.5000  -22.5000  -15.000010679.2266   20.9626
    0.0000  -22.5000  -15.000011209.8418   20.9881
    7.5000  -22.5000  -15.000010687.9014   21.0077
   -7.5000  -15.0000  -15.000011945.3154   20.9282
    0.0000  -15.0000  -15.000012521.5430   20.9579
    7.5000  -15.0000  -15.000011952.3984   20.9704
   -7.5000   -7.5000  -15.000013156.4814   20.9210
    0.0000   -7.5000  -15.000013793.7607   20.9492
    7.5000   -7.5000  -15.000013176.2861   20.9621
   -7.5000    0.0000  -15.000014262.1816   20.9021
    0.0000    0.0000  -15.000014956.8486   20.9242
    7.5000    0.0000  -15.000014287.2549   20.9436
   -7.5000    7.5000  -15.000014173.2188   20.8878
    0.0000    7.5000  -15.000014832.7832   20.9056
    7.5000    7.5000  -15.000014222.3867   20.9312
   -7.5000   15.0000  -15.000013946.4180   20.8930
    0.0000   15.0000  -15.000014565.3047   20.9127
    7.5000   15.0000  -15.000013989.3857   20.9387
   -7.5000   22.5000  -15.000013678.7021   20.9048
    0.0000   22.5000  -15.000014298.5771   20.9303
    7.5000   22.5000  -15.000013705.3457   20.9496
   -7.5000   30.0000  -15.000013292.1670   20.6550
    0.0000   30.0000  -15.000013906.4287   20.6844
    7.5000   30.0000  -15.000013327.6982   20.6966
   -7.5000   37.5000  -15.000013199.8701   20.6503
    0.0000   37.5000  -15.000013808.7686   20.6781
    7.5000   37.5000  -15.000013221.6475   20.6908
   -7.5000   45.0000  -15.000012521.8291   20.1419
    0.0000   45.0000  -15.000013065.3438   20.1633
    7.5000   45.0000  -15.000012489.4639   20.1819
   -7.5000  -45.0000   -7.5000 7828.6519   22.5518
    0.0000  -45.0000   -7.5000 8190.7612   22.5797
    7.5000  -45.0000   -7.5000 7855.8027   22.5973
   -7.5000  -37.5000   -7.5000 8646.7334   21.8517
    0.0000  -37.5000   -7.5000 9062.2363   21.8778
    7.5000  -37.5000   -7.5000 8671.1924   21.9027
   -7.5000  -30.0000   -7.5000 9881.7822   21.4390
    0.0000  -30.0000   -7.500010374.8945   21.4641
    7.5000  -30.0000   -7.5000 9919.1104   21.4868
   -7.5000  -22.5000   -7.500011182.8125   21.2038
    0.0000  -22.5000   -7.500011741.1230   21.2317
    7.5000  -22.5000   -7.500011213.7051   21.2473
   -7.5000  -15.0000   -7.500012534.4463   21.1772
    0.0000  -15.0000   -7.500013126.0693   21.2076
    7.5000  -15.0000   -7.500012566.1670   21.2162
   -7.5000   -7.5000   -7.500013840.1807   21.1766
    0.0000   -7.5000   -7.500014501.7295   21.2067
    7.5000   -7.5000   -7.500013877.5596   21.2166
   -7.5000    0.0000   -7.500015045.7910   21.1577
    0.0000    0.0000   -7.500015820.2568   21.1846
    7.5000    0.0000   -7.500015110.2061   21.2015
   -7.5000    7.5000   -7.500015084.4141   21.1354
    0.0000    7.5000   -7.500015877.6943   21.1592
    7.5000    7.5000   -7.500015170.9199   21.1817
   -7.5000   15.0000   -7.500014831.4258   21.1322
    0.0000   15.0000   -7.500015563.9580   21.1567
    7.5000   15.0000   -7.500014933.6982   21.1789
   -7.5000   22.5000   -7.500014493.6543   21.1430
    0.0000   22.5000   -7.500015180.4629   21.1708
    7.5000   22.5000   -7.500014606.0811   21.1862
   -7.5000   30.0000   -7.500014099.7080   20.9002
    0.0000   30.0000   -7.500014752.2168   20.9302
    7.5000   30.0000   -7.500014175.4023   20.9387
   -7.5000   37.5000   -7.500014058.4619   20.9020
    0.0000   37.5000   -7.500014733.0479   20.9317
    7.5000   37.5000   -7.500014103.7705   20.9414
   -7.5000   45.0000   -7.500013378.5107   20.3920
    0.0000   45.0000   -7.500013999.6895   20.4180
    7.5000   45.0000   -7.500013341.9434   20.4343
   -7.5000  -45.0000    0.0000 8134.8286   22.5713
    0.0000  -45.0000    0.0000 8507.2783   22.6033
    7.5000  -45.0000    0.0000 8164.3027   22.6234
   -7.5000  -37.5000    0.0000 8954.8818   21.8714
    0.0000  -37.5000    0.0000 9393.9326   21.9035
    7.5000  -37.5000    0.0000 9015.8350   21.9278
   -7.5000  -30.0000    0.000010195.6885   21.4448
    0.0000  -30.0000    0.000010714.5439   21.4765
    7.5000  -30.0000    0.000010277.9102   21.4986
   -7.5000  -22.5000    0.000011544.4355   21.2021
    0.0000  -22.5000    0.000012125.4072   21.2348
    7.5000  -22.5000    0.000011603.2646   21.2522
   -7.5000  -15.0000    0.000012958.1309   21.1797
    0.0000  -15.0000    0.000013584.7529   21.2119
    7.5000  -15.0000    0.000012999.6094   21.2239
   -7.5000   -7.5000    0.000014359.2939   21.1905
    0.0000   -7.5000    0.000015066.4355   21.2218
    7.5000   -7.5000    0.000014389.0303   21.2349
   -7.5000    0.0000    0.000015690.7148   21.1799
    0.0000    0.0000    0.000016503.1719   21.2100
    7.5000    0.0000    0.000015723.2539   21.2284
   -7.5000    7.5000    0.000015891.1738   21.1543
    0.0000    7.5000    0.000016829.6289   21.1837
    7.5000    7.5000    0.000015974.6426   21.2056
   -7.5000   15.0000    0.000015850.5273   21.1387
    0.0000   15.0000    0.000016777.0605   21.1697
    7.5000   15.0000    0.000015971.7490   21.1915
   -7.5000   22.5000    0.000015529.1670   21.1412
    0.0000   22.5000    0.000016413.6406   21.1739
    7.5000   22.5000    0.000015636.0576   21.1911
   -7.5000   30.0000    0.000015091.4199   20.9032
    0.0000   30.0000    0.000015914.0537   20.9350
    7.5000   30.0000    0.000015084.7441   20.9469
   -7.5000   37.5000    0.000014994.4863   20.9163
    0.0000   37.5000    0.000015853.8438   20.9471
    7.5000   37.5000    0.000014940.0430   20.9601
   -7.5000   45.0000    0.000014257.3174   20.4150
    0.0000   45.0000    0.000015035.2637   20.4440
    7.5000   45.0000    0.000014126.6250   20.4617
   -7.5000  -45.0000    7.5000 7695.6562   22.5334
    0.0000  -45.0000    7.5000 8076.7583   22.5646
    7.5000  -45.0000    7.5000 7752.5356   22.5905
   -7.5000  -37.5000    7.5000 8527.3662   21.8390
    0.0000  -37.5000    7.5000 8964.9639   21.8704
    7.5000  -37.5000    7.5000 8617.7559   21.8982
   -7.5000  -30.0000    7.5000 9758.4033   21.4065
    0.0000  -30.0000    7.500010252.1680   21.4383
    7.5000  -30.0000    7.5000 9854.0469   21.4651
   -7.5000  -22.5000    7.500011088.3643   21.1553
    0.0000  -22.5000    7.500011630.4277   21.1890
    7.5000  -22.5000    7.500011137.4326   21.2135
   -7.5000  -15.0000    7.500012464.9932   21.1297
    0.0000  -15.0000    7.500013060.2305   21.1630
    7.5000  -15.0000    7.500012474.3662   21.1838
   -7.5000   -7.5000    7.500013881.9082   21.1474
    0.0000   -7.5000    7.500014544.9590   21.1785
    7.5000   -7.5000    7.500013806.6436   21.1991
   -7.5000    0.0000    7.500015277.3604   21.1456
    0.0000    0.0000    7.500016026.0986   21.1749
    7.5000    0.0000    7.500015136.1514   21.1979
   -7.5000    7.5000    7.500015623.7979   21.1235
    0.0000    7.5000    7.500016533.9512   21.1522
    7.5000    7.5000    7.500015455.1201   21.1771
   -7.5000   15.0000    7.500015810.7539   21.1022
    0.0000   15.0000    7.500016989.1934   21.1333
    7.5000   15.0000    7.500015687.5332   21.1594
   -7.5000   22.5000    7.500015590.8428   21.0947
    0.0000   22.5000    7.500016869.5312   21.1284
    7.5000   22.5000    7.500015496.3506   21.1527
   -7.5000   30.0000    7.500014966.3877   20.8539
    0.0000   30.0000    7.500016126.1934   20.8868
    7.5000   30.0000    7.500014884.9258   20.9073
   -7.5000   37.5000    7.500014735.5898   20.8737
    0.0000   37.5000    7.500015765.9990   20.9044
    7.5000   37.5000    7.500014650.2617   20.9247
   -7.5000   45.0000    7.500013953.7598   20.3820
    0.0000   45.0000    7.500014817.5254   20.4102
    7.5000   45.0000    7.500013839.0049   20.4323
   -7.5000  -45.0000   15.0000 7213.0571   22.5337
    0.0000  -45.0000   15.0000 7574.1069   22.5590
    7.5000  -45.0000   15.0000 7209.6255   22.5865
   -7.5000  -37.5000   15.0000 8031.2378   21.8427
    0.0000  -37.5000   15.0000 8440.7422   21.8670
    7.5000  -37.5000   15.0000 8040.7554   21.8974
   -7.5000  -30.0000   15.0000 9238.6250   21.4161
    0.0000  -30.0000   15.0000 9704.5508   21.4418
    7.5000  -30.0000   15.0000 9204.7344   21.4730
   -7.5000  -22.5000   15.000010525.3311   21.1638
    0.0000  -22.5000   15.000011064.0400   21.1936
    7.5000  -22.5000   15.000010445.3311   21.2232
   -7.5000  -15.0000   15.000011892.1602   21.1322
    0.0000  -15.0000   15.000012457.8330   21.1638
    7.5000  -15.0000   15.000011741.1699   21.1890
   -7.5000   -7.5000   15.000013310.1162   21.1452
    0.0000   -7.5000   15.000013926.8076   21.1738
    7.5000   -7.5000   15.000013056.7227   21.1973
   -7.5000    0.0000   15.000014726.5791   21.1437
    0.0000    0.0000   15.000015371.8682   21.1675
    7.5000    0.0000   15.000014369.8857   21.1921
   -7.5000    7.5000   15.000015043.2129   21.1273
    0.0000    7.5000   15.000015771.1514   21.1493
    7.5000    7.5000   15.000014659.0557   21.1766
   -7.5000   15.0000   15.000015016.1270   21.1120
    0.0000   15.0000   15.000016035.1240   21.1370
    7.5000   15.0000   15.000014812.1045   21.1672
   -7.5000   22.5000   15.000014561.7451   21.1032
    0.0000   22.5000   15.000015573.2109   21.1331
    7.5000   22.5000   15.000014520.6777   21.1623
   -7.5000   30.0000   15.000013940.8955   20.8563
    0.0000   30.0000   15.000014875.3818   20.8876
    7.5000   30.0000   15.000013976.8867   20.9125
   -7.5000   37.5000   15.000013801.4814   20.8715
    0.0000   37.5000   15.000014687.7021   20.8998
    7.5000   37.5000   15.000013836.9131   20.9230
   -7.5000   45.0000   15.000013131.9258   20.3800
    0.0000   45.0000   15.000013911.8779   20.4030
    7.5000   45.0000   15.000013089.6758   20.4268
   -7.5000  -45.0000   22.5000 6587.5229   22.5969
    0.0000  -45.0000   22.5000 6923.1631   22.6173
    7.5000  -45.0000   22.5000 6595.6445   22.6418
   -7.5000  -37.5000   22.5000 7416.1797   21.9044
    0.0000  -37.5000   22.5000 7781.0215   21.9229
    7.5000  -37.5000   22.5000 7370.0659   21.9536
   -7.5000  -30.0000   22.5000 8645.0723   21.4915
    0.0000  -30.0000   22.5000 9038.3916   21.5124
    7.5000  -30.0000   22.5000 8517.5986   21.5434
   -7.5000  -22.5000   22.5000 9876.8076   21.2460
    0.0000  -22.5000   22.500010330.2305   21.2728
    7.5000  -22.5000   22.5000 9717.9189   21.2995
   -7.5000  -15.0000   22.500011182.3555   21.2091
    0.0000  -15.0000   22.500011665.6084   21.2395
    7.5000  -15.0000   22.500010981.0703   21.2600
   -7.5000   -7.5000   22.500012478.7764   21.2088
    0.0000   -7.5000   22.500012988.0986   21.2358
    7.5000   -7.5000   22.500012210.3574   21.2550
   -7.5000    0.0000   22.500013697.3652   21.1981
    0.0000    0.0000   22.500014248.9375   21.2179
    7.5000    0.0000   22.500013396.0908   21.2407
   -7.5000    7.5000   22.500013842.3799   21.1862
    0.0000    7.5000   22.500014529.1094   21.2029
    7.5000    7.5000   22.500013649.8438   21.2306
   -7.5000   15.0000   22.500013673.3701   21.1850
    0.0000   15.0000   22.500014493.8379   21.2052
    7.5000   15.0000   22.500013683.2930   21.2352
   -7.5000   22.5000   22.500013251.0488   21.1852
    0.0000   22.5000   22.500013953.7002   21.2120
    7.5000   22.5000   22.500013325.3096   21.2382
   -7.5000   30.0000   22.500012784.2949   20.9323
    0.0000   30.0000   22.500013385.0273   20.9623
    7.5000   30.0000   22.500012842.7646   20.9825
   -7.5000   37.5000   22.500012761.6670   20.9343
    0.0000   37.5000   22.500013392.2910   20.9610
    7.5000   37.5000   22.500012804.1357   20.9800
   -7.5000   45.0000   22.500012217.2568   20.4325
    0.0000   45.0000   22.500012819.1875   20.4516
    7.5000   45.0000   22.500012195.1875   20.4736
   -7.5000  -45.0000   30.0000 5900.6479   22.9281
    0.0000  -45.0000   30.0000 6213.7310   22.9511
    7.5000  -45.0000   30.0000 5953.2461   22.9714
   -7.5000  -37.5000   30.0000 6705.9360   22.2146
    0.0000  -37.5000   30.0000 7036.9336   22.2348
    7.5000  -37.5000   30.0000 6702.1475   22.2638
   -7.5000  -30.0000   30.0000 7858.5747   21.7982
    0.0000  -30.0000   30.0000 8210.9102   21.8193
    7.5000  -30.0000   30.0000 7798.5005   21.8470
   -7.5000  -22.5000   30.0000 9033.1387   21.5540
    0.0000  -22.5000   30.0000 9446.1045   21.5804
    7.5000  -22.5000   30.0000 8947.5371   21.6007
   -7.5000  -15.0000   30.000010244.7412   21.5180
    0.0000  -15.0000   30.000010698.7676   21.5486
    7.5000  -15.0000   30.000010109.1836   21.5613
   -7.5000   -7.5000   30.000011398.7676   21.5111
    0.0000   -7.5000   30.000011903.5352   21.5400
    7.5000   -7.5000   30.000011233.9805   21.5529
   -7.5000    0.0000   30.000012483.6328   21.4921
    0.0000    0.0000   30.000013047.5361   21.5148
    7.5000    0.0000   30.000012325.6758   21.5344
   -7.5000    7.5000   30.000012585.1475   21.4774
    0.0000    7.5000   30.000013271.0195   21.4957
    7.5000    7.5000   30.000012543.5000   21.5220
   -7.5000   15.0000   30.000012462.6201   21.4822
    0.0000   15.0000   30.000013169.2139   21.5026
    7.5000   15.0000   30.000012538.4961   21.5294
   -7.5000   22.5000   30.000012201.4004   21.4916
    0.0000   22.5000   30.000012777.5117   21.5180
    7.5000   22.5000   30.000012245.0781   21.5379
   -7.5000   30.0000   30.000011849.2236   21.2371
    0.0000   30.0000   30.000012379.0771   21.2674
    7.5000   30.0000   30.000011844.3613   21.2798
   -7.5000   37.5000   30.000011836.4297   21.2327
    0.0000   37.5000   30.000012395.9717   21.2613
    7.5000   37.5000   30.000011828.9102   21.2740
   -7.5000   45.0000   30.000011336.0498   20.7159
    0.0000   45.0000   30.000011860.0586   20.7378
    7.5000   45.0000   30.000011297.4492   20.7567
   -7.5000  -45.0000   37.5000 5587.9048   23.6961
    0.0000  -45.0000   37.5000 5875.1904   23.7245
    7.5000  -45.0000   37.5000 5641.2104   23.7420
   -7.5000  -37.5000   37.5000 6370.4058   22.9295
    0.0000  -37.5000   37.5000 6687.7627   22.9562
    7.5000  -37.5000   37.5000 6382.8379   22.9819
   -7.5000  -30.0000   37.5000 7488.6118   22.4766
    0.0000  -30.0000   37.5000 7838.3760   22.5025
    7.5000  -30.0000   37.5000 7456.6157   22.5266
   -7.5000  -22.5000   37.5000 8648.0078   22.2204
    0.0000  -22.5000   37.5000 9055.3223   22.2495
    7.5000  -22.5000   37.5000 8579.2539   22.2663
   -7.5000  -15.0000   37.5000 9818.4395   22.1937
    0.0000  -15.0000   37.500010253.8057   22.2254
    7.5000  -15.0000   37.5000 9698.9932   22.2345
   -7.5000   -7.5000   37.500010934.5498   22.1938
    0.0000   -7.5000   37.500011430.2578   22.2250
    7.5000   -7.5000   37.500010816.9160   22.2346
   -7.5000    0.0000   37.500011996.3105   22.1720
    0.0000    0.0000   37.500012564.9492   22.1995
    7.5000    0.0000   37.500011904.1904   22.2163
   -7.5000    7.5000   37.500012115.5498   22.1454
    0.0000    7.5000   37.500012759.5391   22.1695
    7.5000    7.5000   37.500012128.7988   22.1926
   -7.5000   15.0000   37.500012022.9043   22.1405
    0.0000   15.0000   37.500012622.2832   22.1657
    7.5000   15.0000   37.500012088.8711   22.1891
   -7.5000   22.5000   37.500011803.6348   22.1542
    0.0000   22.5000   37.500012330.6006   22.1833
    7.5000   22.5000   37.500011816.7441   22.1997
   -7.5000   30.0000   37.500011483.5156   21.9039
    0.0000   30.0000   37.500011998.2861   21.9352
    7.5000   30.0000   37.500011457.1826   21.9441
   -7.5000   37.5000   37.500011485.5322   21.9066
    0.0000   37.5000   37.500011999.5674   21.9374
    7.5000   37.5000   37.500011448.5879   21.9469
   -7.5000   45.0000   37.500011013.4990   21.3713
    0.0000   45.0000   37.500011506.5723   21.3978
    7.5000   45.0000   37.500010972.0781   21.4139
   -7.5000  -45.0000   45.0000 5097.8701   24.5296
    0.0000  -45.0000   45.0000 5344.0283   24.5680
    7.5000  -45.0000   45.0000 5142.3916   24.5898
   -7.5000  -37.5000   45.0000 5828.8965   23.7097
    0.0000  -37.5000   45.0000 6112.6577   23.7476
    7.5000  -37.5000   45.0000 5839.5161   23.7743
   -7.5000  -30.0000   45.0000 6864.3521   23.2176
    0.0000  -30.0000   45.0000 7191.7354   23.2535
    7.5000  -30.0000   45.0000 6840.7173   23.2783
   -7.5000  -22.5000   45.0000 7944.9233   22.9410
    0.0000  -22.5000   45.0000 8312.0898   22.9773
    7.5000  -22.5000   45.0000 7887.3374   22.9976
   -7.5000  -15.0000   45.0000 9008.6162   22.9153
    0.0000  -15.0000   45.0000 9413.1143   22.9513
    7.5000  -15.0000   45.0000 8923.3896   22.9655
   -7.5000   -7.5000   45.000010039.8369   22.9187
    0.0000   -7.5000   45.000010504.7510   22.9547
    7.5000   -7.5000   45.0000 9981.0566   22.9693
   -7.5000    0.0000   45.000011045.0430   22.8968
    0.0000    0.0000   45.000011576.8652   22.9325
    7.5000    0.0000   45.000011007.1396   22.9522
   -7.5000    7.5000   45.000011155.0938   22.8676
    0.0000    7.5000   45.000011716.5098   22.9020
    7.5000    7.5000   45.000011187.6768   22.9257
   -7.5000   15.0000   45.000011093.5000   22.8578
    0.0000   15.0000   45.000011609.2822   22.8928
    7.5000   15.0000   45.000011118.3184   22.9172
   -7.5000   22.5000   45.000010909.1611   22.8701
    0.0000   22.5000   45.000011390.2656   22.9065
    7.5000   22.5000   45.000010881.7793   22.9264
   -7.5000   30.0000   45.000010621.3984   22.6140
    0.0000   30.0000   45.000011101.7090   22.6495
    7.5000   30.0000   45.000010579.3760   22.6635
   -7.5000   37.5000   45.000010629.4541   22.6201
    0.0000   37.5000   45.000011109.3916   22.6557
    7.5000   37.5000   45.000010594.5459   22.6700
   -7.5000   45.0000   45.000010197.7275   22.0799
    0.0000   45.0000   45.000010652.5283   22.1143
    7.5000   45.0000   45.000010167.6562   22.1333

---------------------------------------------------------------------
imgreg_4dfp /opt/freesurfer/average/711-2C_as_mni_average_305 /opt/freesurfer/average/711-2B_as_mni_average_305_mask talsrcimg_g11 none talsrcimg_to_711-2C_as_mni_average_305_t4 4355
---------------------------------------------------------------------

freesurfer imgreg_4dfp.c
/opt/freesurfer/average/711-2C_as_mni_average_305.4dfp.img
       256       256       256         1
  1.000000  1.000000  1.000000
orientation T byte_order littleendian
Reading image: /opt/freesurfer/average/711-2C_as_mni_average_305.4dfp.img
dimensions:      256       256       256
mmppix:       1.0000   -1.0000   -1.0000
center:     128.0000 -129.0000 -129.0000
/opt/freesurfer/average/711-2B_as_mni_average_305_mask.4dfp.img
       256       256       256         1
  1.000000  1.000000  1.000000
orientation T byte_order littleendian
Reading mask: /opt/freesurfer/average/711-2B_as_mni_average_305_mask.4dfp.img (2306576 pixels)
talsrcimg_g11.4dfp.img
       256       256       256         1
  1.000000  1.000000  1.000000
orientation T byte_order littleendian
Reading image: talsrcimg_g11.4dfp.img
dimensions:      256       256       256
mmppix:       1.0000   -1.0000   -1.0000
center:     128.0000 -129.0000 -129.0000
rotation matrix determinant  1.000000
image alignment mode   4355 decimal     1103 hex
   -7.5000  -30.0000  -37.5000 2103.4329   24.8722
    0.0000  -30.0000  -37.5000 2120.2141   24.6832
    7.5000  -30.0000  -37.5000 2109.3760   24.7163
   -7.5000  -22.5000  -37.5000 2221.0911   22.3932
    0.0000  -22.5000  -37.5000 2235.8635   22.1995
    7.5000  -22.5000  -37.5000 2223.9141   22.2800
   -7.5000  -15.0000  -37.5000 2322.7754   20.4435
    0.0000  -15.0000  -37.5000 2334.1233   20.2631
    7.5000  -15.0000  -37.5000 2321.6758   20.3801
   -7.5000   -7.5000  -37.5000 2400.6135   18.8900
    0.0000   -7.5000  -37.5000 2410.5740   18.7108
    7.5000   -7.5000  -37.5000 2397.2031   18.8701
   -7.5000    0.0000  -37.5000 2464.4441   17.7037
    0.0000    0.0000  -37.5000 2470.5283   17.5343
    7.5000    0.0000  -37.5000 2458.3186   17.7251
   -7.5000    7.5000  -37.5000 2504.7991   17.0037
    0.0000    7.5000  -37.5000 2516.0830   16.8515
    7.5000    7.5000  -37.5000 2500.7383   17.0556
   -7.5000   15.0000  -37.5000 2526.8987   16.7238
    0.0000   15.0000  -37.5000 2534.1765   16.6011
    7.5000   15.0000  -37.5000 2522.7378   16.8061
   -7.5000   22.5000  -37.5000 2524.3975   16.8347
    0.0000   22.5000  -37.5000 2535.1270   16.7023
    7.5000   22.5000  -37.5000 2528.7422   16.8788
   -7.5000   30.0000  -37.5000 2506.9502   17.2221
    0.0000   30.0000  -37.5000 2521.9854   17.0983
    7.5000   30.0000  -37.5000 2515.6128   17.2831
   -7.5000   37.5000  -37.5000 2465.6411   17.9166
    0.0000   37.5000  -37.5000 2486.1604   17.7969
    7.5000   37.5000  -37.5000 2478.3975   17.9813
   -7.5000   45.0000  -37.5000 2404.9402   18.8414
    0.0000   45.0000  -37.5000 2428.6392   18.7295
    7.5000   45.0000  -37.5000 2419.6379   18.8974
   -7.5000   52.5000  -37.5000 2306.7832   19.8141
    0.0000   52.5000  -37.5000 2327.2871   19.7430
    7.5000   52.5000  -37.5000 2319.1726   19.8930
   -7.5000   60.0000  -37.5000 2160.3030   20.9504
    0.0000   60.0000  -37.5000 2178.4812   20.8432
    7.5000   60.0000  -37.5000 2169.8396   21.0310
   -7.5000  -30.0000  -30.0000 2187.0022   24.7169
    0.0000  -30.0000  -30.0000 2203.0139   24.4042
    7.5000  -30.0000  -30.0000 2189.3213   24.5961
   -7.5000  -22.5000  -30.0000 2315.6125   22.2075
    0.0000  -22.5000  -30.0000 2330.0420   21.9349
    7.5000  -22.5000  -30.0000 2314.7136   22.0996
   -7.5000  -15.0000  -30.0000 2426.3945   20.2341
    0.0000  -15.0000  -30.0000 2437.3098   19.9981
    7.5000  -15.0000  -30.0000 2421.2114   20.1576
   -7.5000   -7.5000  -30.0000 2508.7224   18.6224
    0.0000   -7.5000  -30.0000 2519.2656   18.4504
    7.5000   -7.5000  -30.0000 2507.4563   18.6005
   -7.5000    0.0000  -30.0000 2579.0344   17.3428
    0.0000    0.0000  -30.0000 2588.8667   17.1731
    7.5000    0.0000  -30.0000 2576.3901   17.3259
   -7.5000    7.5000  -30.0000 2628.8215   16.5130
    0.0000    7.5000  -30.0000 2640.4583   16.3602
    7.5000    7.5000  -30.0000 2625.0935   16.5500
   -7.5000   15.0000  -30.0000 2656.9041   16.1713
    0.0000   15.0000  -30.0000 2668.2844   16.0421
    7.5000   15.0000  -30.0000 2656.1445   16.2644
   -7.5000   22.5000  -30.0000 2656.8132   16.2487
    0.0000   22.5000  -30.0000 2671.9536   16.1247
    7.5000   22.5000  -30.0000 2662.6250   16.3275
   -7.5000   30.0000  -30.0000 2638.8757   16.6346
    0.0000   30.0000  -30.0000 2658.9895   16.5280
    7.5000   30.0000  -30.0000 2648.0894   16.7087
   -7.5000   37.5000  -30.0000 2603.3035   17.2430
    0.0000   37.5000  -30.0000 2622.3250   17.1150
    7.5000   37.5000  -30.0000 2614.5132   17.3100
   -7.5000   45.0000  -30.0000 2544.9299   18.1086
    0.0000   45.0000  -30.0000 2566.7747   17.9602
    7.5000   45.0000  -30.0000 2559.9707   18.1618
   -7.5000   52.5000  -30.0000 2444.9988   19.0348
    0.0000   52.5000  -30.0000 2463.3767   18.8981
    7.5000   52.5000  -30.0000 2454.9341   19.0868
   -7.5000   60.0000  -30.0000 2290.0569   20.0974
    0.0000   60.0000  -30.0000 2305.8506   19.9746
    7.5000   60.0000  -30.0000 2296.6602   20.1717
   -7.5000  -30.0000  -22.5000 2247.7437   24.5866
    0.0000  -30.0000  -22.5000 2263.3135   24.3403
    7.5000  -30.0000  -22.5000 2252.3496   24.5171
   -7.5000  -22.5000  -22.5000 2382.5276   22.0419
    0.0000  -22.5000  -22.5000 2398.0327   21.8036
    7.5000  -22.5000  -22.5000 2384.3271   21.9763
   -7.5000  -15.0000  -22.5000 2498.2131   20.0110
    0.0000  -15.0000  -22.5000 2511.8994   19.7884
    7.5000  -15.0000  -22.5000 2499.1548   19.9411
   -7.5000   -7.5000  -22.5000 2589.0205   18.3445
    0.0000   -7.5000  -22.5000 2601.2590   18.1403
    7.5000   -7.5000  -22.5000 2588.8940   18.3028
   -7.5000    0.0000  -22.5000 2657.7798   16.9951
    0.0000    0.0000  -22.5000 2670.8254   16.8246
    7.5000    0.0000  -22.5000 2660.0190   16.9975
   -7.5000    7.5000  -22.5000 2715.1960   16.0331
    0.0000    7.5000  -22.5000 2728.6089   15.8693
    7.5000    7.5000  -22.5000 2722.5803   16.0642
   -7.5000   15.0000  -22.5000 2750.3486   15.5983
    0.0000   15.0000  -22.5000 2764.9316   15.4428
    7.5000   15.0000  -22.5000 2756.4944   15.6974
   -7.5000   22.5000  -22.5000 2761.6946   15.6083
    0.0000   22.5000  -22.5000 2776.3928   15.4891
    7.5000   22.5000  -22.5000 2770.7070   15.7123
   -7.5000   30.0000  -22.5000 2750.4248   15.9885
    0.0000   30.0000  -22.5000 2769.2146   15.8647
    7.5000   30.0000  -22.5000 2764.8240   16.0858
   -7.5000   37.5000  -22.5000 2721.9480   16.5753
    0.0000   37.5000  -22.5000 2738.3350   16.4116
    7.5000   37.5000  -22.5000 2735.1536   16.6405
   -7.5000   45.0000  -22.5000 2665.9265   17.3564
    0.0000   45.0000  -22.5000 2682.8167   17.1730
    7.5000   45.0000  -22.5000 2677.9326   17.4099
   -7.5000   52.5000  -22.5000 2559.4543   18.2537
    0.0000   52.5000  -22.5000 2577.0256   18.0733
    7.5000   52.5000  -22.5000 2567.0728   18.2836
   -7.5000   60.0000  -22.5000 2395.3293   19.2806
    0.0000   60.0000  -22.5000 2411.9805   19.1218
    7.5000   60.0000  -22.5000 2402.9702   19.3679
   -7.5000  -30.0000  -15.0000 2267.3682   24.5874
    0.0000  -30.0000  -15.0000 2284.9253   24.3700
    7.5000  -30.0000  -15.0000 2281.0308   24.5694
   -7.5000  -22.5000  -15.0000 2399.0615   21.9289
    0.0000  -22.5000  -15.0000 2417.8047   21.7313
    7.5000  -22.5000  -15.0000 2410.9907   21.9003
   -7.5000  -15.0000  -15.0000 2519.4978   19.8287
    0.0000  -15.0000  -15.0000 2537.4836   19.6348
    7.5000  -15.0000  -15.0000 2530.5007   19.8063
   -7.5000   -7.5000  -15.0000 2617.6768   18.0901
    0.0000   -7.5000  -15.0000 2631.7583   17.9052
    7.5000   -7.5000  -15.0000 2628.0022   18.1083
   -7.5000    0.0000  -15.0000 2693.6436   16.7253
    0.0000    0.0000  -15.0000 2708.0918   16.5456
    7.5000    0.0000  -15.0000 2701.9692   16.7696
   -7.5000    7.5000  -15.0000 2756.5793   15.6797
    0.0000    7.5000  -15.0000 2765.0327   15.5362
    7.5000    7.5000  -15.0000 2771.3948   15.7870
   -7.5000   15.0000  -15.0000 2796.4324   15.0969
    0.0000   15.0000  -15.0000 2807.1580   14.9483
    7.5000   15.0000  -15.0000 2810.5312   15.2624
   -7.5000   22.5000  -15.0000 2827.5381   15.0215
    0.0000   22.5000  -15.0000 2838.7620   14.8983
    7.5000   22.5000  -15.0000 2837.5771   15.1960
   -7.5000   30.0000  -15.0000 2822.5627   15.3808
    0.0000   30.0000  -15.0000 2839.0342   15.2558
    7.5000   30.0000  -15.0000 2838.7500   15.5233
   -7.5000   37.5000  -15.0000 2798.1030   15.9781
    0.0000   37.5000  -15.0000 2813.3862   15.8094
    7.5000   37.5000  -15.0000 2814.1951   16.0687
   -7.5000   45.0000  -15.0000 2742.7783   16.7448
    0.0000   45.0000  -15.0000 2758.9978   16.5529
    7.5000   45.0000  -15.0000 2753.8635   16.8012
   -7.5000   52.5000  -15.0000 2638.2202   17.5779
    0.0000   52.5000  -15.0000 2654.5808   17.4184
    7.5000   52.5000  -15.0000 2644.6921   17.6662
   -7.5000   60.0000  -15.0000 2475.5232   18.5700
    0.0000   60.0000  -15.0000 2490.3889   18.4197
    7.5000   60.0000  -15.0000 2480.8687   18.7069
   -7.5000  -30.0000   -7.5000 2256.7830   24.6347
    0.0000  -30.0000   -7.5000 2274.8035   24.3830
    7.5000  -30.0000   -7.5000 2270.4233   24.6045
   -7.5000  -22.5000   -7.5000 2392.1116   21.8883
    0.0000  -22.5000   -7.5000 2411.0015   21.6631
    7.5000  -22.5000   -7.5000 2406.4473   21.8521
   -7.5000  -15.0000   -7.5000 2516.5298   19.6906
    0.0000  -15.0000   -7.5000 2529.9199   19.4927
    7.5000  -15.0000   -7.5000 2532.3918   19.7597
   -7.5000   -7.5000   -7.5000 2622.5020   17.9169
    0.0000   -7.5000   -7.5000 2629.6489   17.7338
    7.5000   -7.5000   -7.5000 2637.5779   18.0137
   -7.5000    0.0000   -7.5000 2700.9006   16.5333
    0.0000    0.0000   -7.5000 2710.0769   16.3781
    7.5000    0.0000   -7.5000 2717.3223   16.6655
   -7.5000    7.5000   -7.5000 2774.0730   15.4907
    0.0000    7.5000   -7.5000 2778.6118   15.4267
    7.5000    7.5000   -7.5000 2793.4976   15.6607
   -7.5000   15.0000   -7.5000 2814.8284   14.8030
    0.0000   15.0000   -7.5000 2824.9487   14.7371
    7.5000   15.0000   -7.5000 2838.5095   15.0413
   -7.5000   22.5000   -7.5000 2857.3730   14.5566
    0.0000   22.5000   -7.5000 2865.1191   14.4764
    7.5000   22.5000   -7.5000 2874.2695   14.8494
   -7.5000   30.0000   -7.5000 2865.7827   14.8603
    0.0000   30.0000   -7.5000 2875.8950   14.7495
    7.5000   30.0000   -7.5000 2882.4102   15.1078
   -7.5000   37.5000   -7.5000 2849.8826   15.4585
    0.0000   37.5000   -7.5000 2866.1306   15.3477
    7.5000   37.5000   -7.5000 2862.8120   15.6327
   -7.5000   45.0000   -7.5000 2797.9275   16.1896
    0.0000   45.0000   -7.5000 2817.8635   16.0878
    7.5000   45.0000   -7.5000 2808.2769   16.3433
   -7.5000   52.5000   -7.5000 2689.8860   16.9861
    0.0000   52.5000   -7.5000 2707.6331   16.8887
    7.5000   52.5000   -7.5000 2699.3462   17.1590
   -7.5000   60.0000   -7.5000 2523.4314   17.9682
    0.0000   60.0000   -7.5000 2538.0874   17.8142
    7.5000   60.0000   -7.5000 2532.9233   18.1361
   -7.5000  -30.0000    0.0000 2220.9111   24.9299
    0.0000  -30.0000    0.0000 2234.1572   24.6104
    7.5000  -30.0000    0.0000 2242.2192   24.8998
   -7.5000  -22.5000    0.0000 2352.8833   22.0030
    0.0000  -22.5000    0.0000 2369.7214   21.7845
    7.5000  -22.5000    0.0000 2376.9023   22.0354
   -7.5000  -15.0000    0.0000 2475.4797   19.7551
    0.0000  -15.0000    0.0000 2490.0474   19.5460
    7.5000  -15.0000    0.0000 2498.9478   19.8181
   -7.5000   -7.5000    0.0000 2586.2754   17.9721
    0.0000   -7.5000    0.0000 2601.1589   17.8621
    7.5000   -7.5000    0.0000 2606.0378   18.0923
   -7.5000    0.0000    0.0000 2677.0398   16.5882
    0.0000    0.0000    0.0000 2692.8228   16.5271
    7.5000    0.0000    0.0000 2698.7356   16.7488
   -7.5000    7.5000    0.0000 2762.5212   15.5839
    0.0000    7.5000    0.0000 2778.0549   15.5987
    7.5000    7.5000    0.0000 2790.0510   15.7965
   -7.5000   15.0000    0.0000 2831.4824   14.9450
    0.0000   15.0000    0.0000 2855.5073   15.0619
    7.5000   15.0000    0.0000 2864.6511   15.2064
   -7.5000   22.5000    0.0000 2876.7732   14.5601
    0.0000   22.5000    0.0000 2902.3340   14.6399
    7.5000   22.5000    0.0000 2907.4768   14.9236
   -7.5000   30.0000    0.0000 2894.0693   14.6926
    0.0000   30.0000    0.0000 2920.4275   14.7282
    7.5000   30.0000    0.0000 2908.7812   14.9908
   -7.5000   37.5000    0.0000 2874.9326   15.1634
    0.0000   37.5000    0.0000 2905.9595   15.2034
    7.5000   37.5000    0.0000 2878.4670   15.3523
   -7.5000   45.0000    0.0000 2822.2874   15.8384
    0.0000   45.0000    0.0000 2854.2554   15.8567
    7.5000   45.0000    0.0000 2822.5964   15.9946
   -7.5000   52.5000    0.0000 2716.7097   16.6290
    0.0000   52.5000    0.0000 2742.3145   16.6345
    7.5000   52.5000    0.0000 2718.7336   16.8247
   -7.5000   60.0000    0.0000 2544.9148   17.5852
    0.0000   60.0000    0.0000 2570.4333   17.5636
    7.5000   60.0000    0.0000 2549.4751   17.7877
   -7.5000  -30.0000    7.5000 2179.2471   25.7947
    0.0000  -30.0000    7.5000 2189.8022   25.5807
    7.5000  -30.0000    7.5000 2213.5396   25.8275
   -7.5000  -22.5000    7.5000 2309.5659   22.7367
    0.0000  -22.5000    7.5000 2319.6567   22.5070
    7.5000  -22.5000    7.5000 2342.4255   22.7601
   -7.5000  -15.0000    7.5000 2422.4360   20.3340
    0.0000  -15.0000    7.5000 2437.9167   20.1521
    7.5000  -15.0000    7.5000 2456.1753   20.3830
   -7.5000   -7.5000    7.5000 2543.0159   18.5136
    0.0000   -7.5000    7.5000 2555.2485   18.3752
    7.5000   -7.5000    7.5000 2568.7280   18.5638
   -7.5000    0.0000    7.5000 2654.0217   17.1341
    0.0000    0.0000    7.5000 2672.6924   17.0741
    7.5000    0.0000    7.5000 2676.2788   17.1890
   -7.5000    7.5000    7.5000 2763.3164   16.1161
    0.0000    7.5000    7.5000 2793.8452   16.1892
    7.5000    7.5000    7.5000 2782.9661   16.2127
   -7.5000   15.0000    7.5000 2859.0906   15.4150
    0.0000   15.0000    7.5000 2897.8809   15.6468
    7.5000   15.0000    7.5000 2877.0886   15.5932
   -7.5000   22.5000    7.5000 2911.3992   14.9924
    0.0000   22.5000    7.5000 2967.1663   15.2777
    7.5000   22.5000    7.5000 2934.1584   15.2602
   -7.5000   30.0000    7.5000 2919.2402   14.8230
    0.0000   30.0000    7.5000 2973.0212   15.0282
    7.5000   30.0000    7.5000 2936.0332   15.1059
   -7.5000   37.5000    7.5000 2890.8728   14.9759
    0.0000   37.5000    7.5000 2929.0857   15.1345
    7.5000   37.5000    7.5000 2901.5864   15.2980
   -7.5000   45.0000    7.5000 2841.0344   15.6245
    0.0000   45.0000    7.5000 2862.6941   15.6446
    7.5000   45.0000    7.5000 2838.8503   15.9349
   -7.5000   52.5000    7.5000 2734.4944   16.5309
    0.0000   52.5000    7.5000 2747.9016   16.4941
    7.5000   52.5000    7.5000 2730.8923   16.8142
   -7.5000   60.0000    7.5000 2560.4548   17.5310
    0.0000   60.0000    7.5000 2575.8823   17.4637
    7.5000   60.0000    7.5000 2564.7224   17.7957
   -7.5000  -30.0000   15.0000 2124.5537   27.3122
    0.0000  -30.0000   15.0000 2143.3289   27.1293
    7.5000  -30.0000   15.0000 2163.1108   27.1220
   -7.5000  -22.5000   15.0000 2257.2957   24.0861
    0.0000  -22.5000   15.0000 2282.7014   23.9433
    7.5000  -22.5000   15.0000 2287.1345   23.8801
   -7.5000  -15.0000   15.0000 2385.9834   21.5776
    0.0000  -15.0000   15.0000 2404.2202   21.4700
    7.5000  -15.0000   15.0000 2407.8516   21.4689
   -7.5000   -7.5000   15.0000 2516.1750   19.6337
    0.0000   -7.5000   15.0000 2533.1606   19.5708
    7.5000   -7.5000   15.0000 2523.8611   19.5446
   -7.5000    0.0000   15.0000 2638.9053   18.0906
    0.0000    0.0000   15.0000 2656.9944   18.0982
    7.5000    0.0000   15.0000 2640.0901   18.0780
   -7.5000    7.5000   15.0000 2753.4341   16.8875
    0.0000    7.5000   15.0000 2771.4297   16.9470
    7.5000    7.5000   15.0000 2753.7500   16.9303
   -7.5000   15.0000   15.0000 2851.1572   15.9861
    0.0000   15.0000   15.0000 2880.0781   16.1412
    7.5000   15.0000   15.0000 2860.8987   16.1495
   -7.5000   22.5000   15.0000 2903.1709   15.3121
    0.0000   22.5000   15.0000 2948.7563   15.5363
    7.5000   22.5000   15.0000 2924.0776   15.6663
   -7.5000   30.0000   15.0000 2912.6013   15.0062
    0.0000   30.0000   15.0000 2956.1597   15.1329
    7.5000   30.0000   15.0000 2935.1497   15.4065
   -7.5000   37.5000   15.0000 2897.9832   15.1484
    0.0000   37.5000   15.0000 2923.7441   15.2426
    7.5000   37.5000   15.0000 2905.6582   15.6254
   -7.5000   45.0000   15.0000 2844.2725   15.7287
    0.0000   45.0000   15.0000 2862.1064   15.8019
    7.5000   45.0000   15.0000 2835.4695   16.1766
   -7.5000   52.5000   15.0000 2731.2720   16.6432
    0.0000   52.5000   15.0000 2740.7764   16.6987
    7.5000   52.5000   15.0000 2721.9653   17.0091
   -7.5000   60.0000   15.0000 2549.7212   17.6631
    0.0000   60.0000   15.0000 2562.9663   17.6708
    7.5000   60.0000   15.0000 2551.3696   17.9682
   -7.5000  -30.0000   22.5000 2096.2031   29.7723
    0.0000  -30.0000   22.5000 2112.4683   29.5485
    7.5000  -30.0000   22.5000 2107.3899   29.2723
   -7.5000  -22.5000   22.5000 2231.1758   26.0513
    0.0000  -22.5000   22.5000 2247.2732   25.8627
    7.5000  -22.5000   22.5000 2239.9734   25.6710
   -7.5000  -15.0000   22.5000 2358.4084   23.0900
    0.0000  -15.0000   22.5000 2371.6284   23.0096
    7.5000  -15.0000   22.5000 2367.8401   22.9525
   -7.5000   -7.5000   22.5000 2480.1084   20.7933
    0.0000   -7.5000   22.5000 2491.6863   20.7156
    7.5000   -7.5000   22.5000 2483.3833   20.7186
   -7.5000    0.0000   22.5000 2594.1116   18.9802
    0.0000    0.0000   22.5000 2607.3230   18.9182
    7.5000    0.0000   22.5000 2598.2310   18.9494
   -7.5000    7.5000   22.5000 2697.2974   17.4997
    0.0000    7.5000   22.5000 2718.1406   17.4830
    7.5000    7.5000   22.5000 2712.4868   17.5905
   -7.5000   15.0000   22.5000 2785.4841   16.3791
    0.0000   15.0000   22.5000 2814.4792   16.5024
    7.5000   15.0000   22.5000 2811.2571   16.6503
   -7.5000   22.5000   22.5000 2851.0352   15.5469
    0.0000   22.5000   22.5000 2882.7788   15.6597
    7.5000   22.5000   22.5000 2874.1353   15.9558
   -7.5000   30.0000   22.5000 2892.6633   15.3018
    0.0000   30.0000   22.5000 2907.9851   15.2614
    7.5000   30.0000   22.5000 2902.0781   15.6977
   -7.5000   37.5000   22.5000 2888.3489   15.5679
    0.0000   37.5000   22.5000 2903.7139   15.5358
    7.5000   37.5000   22.5000 2889.1760   15.9276
   -7.5000   45.0000   22.5000 2836.0906   16.2005
    0.0000   45.0000   22.5000 2844.5144   16.1765
    7.5000   45.0000   22.5000 2824.1326   16.5711
   -7.5000   52.5000   22.5000 2722.2969   17.1026
    0.0000   52.5000   22.5000 2726.2537   17.1044
    7.5000   52.5000   22.5000 2708.5388   17.4451
   -7.5000   60.0000   22.5000 2548.5439   18.1594
    0.0000   60.0000   22.5000 2554.6670   18.1660
    7.5000   60.0000   22.5000 2541.9399   18.5072
   -7.5000  -30.0000   30.0000 2047.2150   32.1904
    0.0000  -30.0000   30.0000 2058.9128   31.8647
    7.5000  -30.0000   30.0000 2053.4607   31.5925
   -7.5000  -22.5000   30.0000 2182.1565   27.8026
    0.0000  -22.5000   30.0000 2194.7832   27.6230
    7.5000  -22.5000   30.0000 2191.3911   27.5360
   -7.5000  -15.0000   30.0000 2306.1743   24.4499
    0.0000  -15.0000   30.0000 2321.6846   24.3046
    7.5000  -15.0000   30.0000 2315.3342   24.3698
   -7.5000   -7.5000   30.0000 2428.3818   21.8331
    0.0000   -7.5000   30.0000 2442.0720   21.7279
    7.5000   -7.5000   30.0000 2432.3308   21.8128
   -7.5000    0.0000   30.0000 2532.5962   19.7292
    0.0000    0.0000   30.0000 2549.0107   19.7062
    7.5000    0.0000   30.0000 2544.6235   19.8508
   -7.5000    7.5000   30.0000 2630.9326   18.1448
    0.0000    7.5000   30.0000 2649.5220   18.1747
    7.5000    7.5000   30.0000 2652.8838   18.3974
   -7.5000   15.0000   30.0000 2724.6938   16.9868
    0.0000   15.0000   30.0000 2747.9434   17.0956
    7.5000   15.0000   30.0000 2748.7864   17.3266
   -7.5000   22.5000   30.0000 2808.6748   16.1899
    0.0000   22.5000   30.0000 2821.1567   16.1320
    7.5000   22.5000   30.0000 2818.5046   16.5570
   -7.5000   30.0000   30.0000 2852.8374   16.0234
    0.0000   30.0000   30.0000 2862.8953   15.9183
    7.5000   30.0000   30.0000 2847.8665   16.2947
   -7.5000   37.5000   30.0000 2845.5791   16.2663
    0.0000   37.5000   30.0000 2857.1296   16.2381
    7.5000   37.5000   30.0000 2843.8010   16.5313
   -7.5000   45.0000   30.0000 2796.7742   16.8629
    0.0000   45.0000   30.0000 2803.3728   16.8638
    7.5000   45.0000   30.0000 2784.5842   17.1597
   -7.5000   52.5000   30.0000 2688.9407   17.7176
    0.0000   52.5000   30.0000 2693.4939   17.6887
    7.5000   52.5000   30.0000 2675.0571   18.0173
   -7.5000   60.0000   30.0000 2519.1135   18.6880
    0.0000   60.0000   30.0000 2521.9697   18.6756
    7.5000   60.0000   30.0000 2508.4817   19.0117
   -7.5000  -30.0000   37.5000 1983.5538   34.2914
    0.0000  -30.0000   37.5000 1996.3004   33.9248
    7.5000  -30.0000   37.5000 1993.4540   33.8909
   -7.5000  -22.5000   37.5000 2122.6204   29.4688
    0.0000  -22.5000   37.5000 2138.5562   29.2620
    7.5000  -22.5000   37.5000 2133.4248   29.2999
   -7.5000  -15.0000   37.5000 2246.8381   25.8114
    0.0000  -15.0000   37.5000 2262.0681   25.5939
    7.5000  -15.0000   37.5000 2253.2622   25.7782
   -7.5000   -7.5000   37.5000 2364.6357   22.9343
    0.0000   -7.5000   37.5000 2380.5188   22.7787
    7.5000   -7.5000   37.5000 2372.3230   23.0020
   -7.5000    0.0000   37.5000 2474.6790   20.7356
    0.0000    0.0000   37.5000 2490.4353   20.6172
    7.5000    0.0000   37.5000 2487.9314   20.8975
   -7.5000    7.5000   37.5000 2583.4805   19.0698
    0.0000    7.5000   37.5000 2598.2812   19.0369
    7.5000    7.5000   37.5000 2596.2520   19.3178
   -7.5000   15.0000   37.5000 2678.7600   17.8201
    0.0000   15.0000   37.5000 2688.4812   17.7741
    7.5000   15.0000   37.5000 2693.9641   18.1610
   -7.5000   22.5000   37.5000 2756.5054   17.0837
    0.0000   22.5000   37.5000 2767.0654   16.9371
    7.5000   22.5000   37.5000 2753.9551   17.3621
   -7.5000   30.0000   37.5000 2792.6733   16.9355
    0.0000   30.0000   37.5000 2804.3054   16.8275
    7.5000   30.0000   37.5000 2782.9653   17.1665
   -7.5000   37.5000   37.5000 2779.5820   17.1774
    0.0000   37.5000   37.5000 2789.6780   17.1239
    7.5000   37.5000   37.5000 2774.1973   17.3860
   -7.5000   45.0000   37.5000 2737.2751   17.7411
    0.0000   45.0000   37.5000 2744.8987   17.6975
    7.5000   45.0000   37.5000 2730.5007   17.9508
   -7.5000   52.5000   37.5000 2636.7864   18.5323
    0.0000   52.5000   37.5000 2644.0056   18.4737
    7.5000   52.5000   37.5000 2625.8540   18.7883
   -7.5000   60.0000   37.5000 2475.8967   19.4567
    0.0000   60.0000   37.5000 2483.6870   19.4320
    7.5000   60.0000   37.5000 2469.9131   19.7874
   -7.5000  -30.0000   45.0000 1911.5293   36.5409
    0.0000  -30.0000   45.0000 1926.6957   36.1765
    7.5000  -30.0000   45.0000 1926.9867   36.2495
   -7.5000  -22.5000   45.0000 2058.1990   31.3204
    0.0000  -22.5000   45.0000 2070.3333   31.0951
    7.5000  -22.5000   45.0000 2068.7664   31.2036
   -7.5000  -15.0000   45.0000 2180.4429   27.2904
    0.0000  -15.0000   45.0000 2197.2312   27.0883
    7.5000  -15.0000   45.0000 2191.2830   27.3595
   -7.5000   -7.5000   45.0000 2296.3020   24.1947
    0.0000   -7.5000   45.0000 2310.8391   23.9961
    7.5000   -7.5000   45.0000 2307.6804   24.3227
   -7.5000    0.0000   45.0000 2412.7913   21.8672
    0.0000    0.0000   45.0000 2425.2012   21.7016
    7.5000    0.0000   45.0000 2424.3838   22.1000
   -7.5000    7.5000   45.0000 2522.8928   20.1473
    0.0000    7.5000   45.0000 2534.2817   20.0332
    7.5000    7.5000   45.0000 2534.2410   20.4249
   -7.5000   15.0000   45.0000 2615.1775   18.9061
    0.0000   15.0000   45.0000 2624.7776   18.7421
    7.5000   15.0000   45.0000 2618.0181   19.1865
   -7.5000   22.5000   45.0000 2688.2859   18.2175
    0.0000   22.5000   45.0000 2698.5962   18.0427
    7.5000   22.5000   45.0000 2678.1047   18.4216
   -7.5000   30.0000   45.0000 2716.8130   18.0445
    0.0000   30.0000   45.0000 2727.8137   17.9196
    7.5000   30.0000   45.0000 2704.6323   18.2390
   -7.5000   37.5000   45.0000 2701.5461   18.2464
    0.0000   37.5000   45.0000 2711.2473   18.1650
    7.5000   37.5000   45.0000 2694.9199   18.4617
   -7.5000   45.0000   45.0000 2652.8308   18.7907
    0.0000   45.0000   45.0000 2660.9973   18.7120
    7.5000   45.0000   45.0000 2650.6555   19.0211
   -7.5000   52.5000   45.0000 2562.4434   19.4973
    0.0000   52.5000   45.0000 2574.9565   19.4047
    7.5000   52.5000   45.0000 2555.6396   19.7525
   -7.5000   60.0000   45.0000 2413.4302   20.3294
    0.0000   60.0000   45.0000 2427.1868   20.3430
    7.5000   60.0000   45.0000 2409.7500   20.7111
   -7.5000  -30.0000   52.5000 1829.1204   39.1121
    0.0000  -30.0000   52.5000 1846.9702   38.8199
    7.5000  -30.0000   52.5000 1849.0389   38.9409
   -7.5000  -22.5000   52.5000 1980.3230   33.3253
    0.0000  -22.5000   52.5000 2000.2345   33.1208
    7.5000  -22.5000   52.5000 2000.3568   33.3525
   -7.5000  -15.0000   52.5000 2108.0947   28.9035
    0.0000  -15.0000   52.5000 2123.3774   28.6947
    7.5000  -15.0000   52.5000 2120.9429   29.1670
   -7.5000   -7.5000   52.5000 2232.8088   25.6496
    0.0000   -7.5000   52.5000 2244.9265   25.4354
    7.5000   -7.5000   52.5000 2241.0227   25.8691
   -7.5000    0.0000   52.5000 2351.9578   23.2832
    0.0000    0.0000   52.5000 2360.6052   23.0802
    7.5000    0.0000   52.5000 2354.4634   23.5068
   -7.5000    7.5000   52.5000 2460.7063   21.4897
    0.0000    7.5000   52.5000 2467.4387   21.2850
    7.5000    7.5000   52.5000 2457.8335   21.7402
   -7.5000   15.0000   52.5000 2548.1592   20.2359
    0.0000   15.0000   52.5000 2553.8723   20.0114
    7.5000   15.0000   52.5000 2539.0647   20.4984
   -7.5000   22.5000   52.5000 2611.1487   19.5391
    0.0000   22.5000   52.5000 2618.0378   19.3537
    7.5000   22.5000   52.5000 2597.0796   19.7666
   -7.5000   30.0000   52.5000 2635.6199   19.3411
    0.0000   30.0000   52.5000 2644.5378   19.1918
    7.5000   30.0000   52.5000 2623.1633   19.5386
   -7.5000   37.5000   52.5000 2620.2754   19.5661
    0.0000   37.5000   52.5000 2625.4863   19.4491
    7.5000   37.5000   52.5000 2614.3030   19.7621
   -7.5000   45.0000   52.5000 2567.4448   20.0848
    0.0000   45.0000   52.5000 2576.4954   19.9939
    7.5000   45.0000   52.5000 2566.8521   20.3312
   -7.5000   52.5000   52.5000 2474.0103   20.7190
    0.0000   52.5000   52.5000 2486.1562   20.6090
    7.5000   52.5000   52.5000 2471.4524   21.0185
   -7.5000   60.0000   52.5000 2338.1699   21.4170
    0.0000   60.0000   52.5000 2350.1455   21.3794
    7.5000   60.0000   52.5000 2336.3247   21.8129

---------------------------------------------------------------------
imgreg_4dfp /opt/freesurfer/average/711-2C_as_mni_average_305 /opt/freesurfer/average/711-2B_as_mni_average_305_mask talsrcimg_g11 none talsrcimg_to_711-2C_as_mni_average_305_t4 1283
---------------------------------------------------------------------

freesurfer imgreg_4dfp.c
/opt/freesurfer/average/711-2C_as_mni_average_305.4dfp.img
       256       256       256         1
  1.000000  1.000000  1.000000
orientation T byte_order littleendian
Reading image: /opt/freesurfer/average/711-2C_as_mni_average_305.4dfp.img
dimensions:      256       256       256
mmppix:       1.0000   -1.0000   -1.0000
center:     128.0000 -129.0000 -129.0000
/opt/freesurfer/average/711-2B_as_mni_average_305_mask.4dfp.img
       256       256       256         1
  1.000000  1.000000  1.000000
orientation T byte_order littleendian
Reading mask: /opt/freesurfer/average/711-2B_as_mni_average_305_mask.4dfp.img (2306576 pixels)
talsrcimg_g11.4dfp.img
       256       256       256         1
  1.000000  1.000000  1.000000
orientation T byte_order littleendian
Reading image: talsrcimg_g11.4dfp.img
dimensions:      256       256       256
mmppix:       1.0000   -1.0000   -1.0000
center:     128.0000 -129.0000 -129.0000
rotation matrix determinant  1.000000
fimgreg.f
image alignment mode   1283 decimal      503 hex
parameters
    0.0000   30.0000    7.5000    0.0000    0.0000    0.0000
eta,q 0.93425 15.11561
niter,ni,del,rscale     5    3   12.0000    1.2000
parameter  4  1.707087 ->  0.500000 qaram    1.1500
parameter  6  1.688992 ->  0.500000 qaram    1.1500
parameters
    0.6777   27.6034    9.7237   -3.4500    0.8667   -3.4500
eta,q 0.94614 15.26434
  0.0827  0.0665  0.0795  0.0548  0.0631  0.0534
  0.0753  0.0639  0.0734  0.0576  0.0603  0.0536
  0.0680  0.0638  0.0697  0.0587  0.0591  0.0551
  0.0649  0.0651  0.0633  0.0596  0.0581  0.0578
  0.0672  0.0673  0.0596  0.0625  0.0577  0.0606
  0.0707  0.0715  0.0619  0.0662  0.0587  0.0630
  0.0762  0.0759  0.0674  0.0695  0.0610  0.0660
niter,ni,del,rscale     6    3   12.0000    1.2000
parameter  4  1.709319 ->  0.500000 qaram    1.3225
parameters
    0.9413   29.6006    9.2272   -7.4175    1.1050   -6.5087
eta,q 0.95431 15.30865
  0.0642  0.0681  0.0636  0.0452  0.0516  0.0478
  0.0586  0.0624  0.0587  0.0463  0.0482  0.0461
  0.0554  0.0568  0.0534  0.0489  0.0470  0.0457
  0.0539  0.0538  0.0530  0.0526  0.0468  0.0468
  0.0535  0.0530  0.0566  0.0562  0.0471  0.0492
  0.0562  0.0537  0.0615  0.0609  0.0478  0.0521
  0.0636  0.0571  0.0667  0.0656  0.0507  0.0553
niter,ni,del,rscale     6    3   12.0000    1.2000
parameter  4  0.689257 ->  0.500000 qaram    1.5209
parameters
    0.4364   30.5752    8.6178  -11.9801    3.1447   -6.9885
eta,q 0.95865 15.35487
  0.0579  0.0613  0.0606  0.0433  0.0500  0.0449
  0.0510  0.0536  0.0522  0.0423  0.0464  0.0424
  0.0467  0.0482  0.0454  0.0439  0.0439  0.0416
  0.0457  0.0457  0.0460  0.0452  0.0427  0.0413
  0.0480  0.0473  0.0515  0.0489  0.0414  0.0418
  0.0545  0.0506  0.0581  0.0544  0.0411  0.0435
  0.0629  0.0527  0.0649  0.0601  0.0443  0.0460
niter,ni,del,rscale     6    3   12.0000    1.2000
parameters
   -0.0010   31.9619    7.6731  -14.6353    2.8253   -6.1414
eta,q 0.96138 15.36728
  0.0551  0.0608  0.0525  0.0444  0.0449  0.0443
  0.0463  0.0511  0.0444  0.0404  0.0417  0.0416
  0.0410  0.0442  0.0399  0.0384  0.0398  0.0396
  0.0414  0.0409  0.0420  0.0403  0.0386  0.0386
  0.0449  0.0431  0.0472  0.0428  0.0394  0.0389
  0.0501  0.0454  0.0513  0.0492  0.0425  0.0400
  0.0584  0.0472  0.0587  0.0560  0.0469  0.0421
niter,ni,del,rscale     5    3   12.0000    1.2000
parameters
    0.0664   32.8032    6.7585  -15.7701    2.5271   -5.9599
eta,q 0.96376 15.27182
  0.0544  0.0547  0.0525  0.0472  0.0443  0.0428
  0.0460  0.0461  0.0431  0.0414  0.0400  0.0403
  0.0402  0.0405  0.0372  0.0368  0.0375  0.0376
  0.0386  0.0386  0.0392  0.0374  0.0361  0.0362
  0.0407  0.0406  0.0459  0.0413  0.0373  0.0371
  0.0452  0.0429  0.0521  0.0450  0.0414  0.0393
  0.0537  0.0466  0.0589  0.0529  0.0462  0.0426
niter,ni,del,rscale     4    3   12.0000    1.2000
parameters
    0.1838   33.1262    6.4656  -16.1252    2.3485   -5.9150
eta,q 0.96422 15.23560
  0.0539  0.0509  0.0555  0.0495  0.0445  0.0425
  0.0454  0.0442  0.0457  0.0428  0.0399  0.0401
  0.0386  0.0385  0.0374  0.0375  0.0371  0.0372
  0.0362  0.0363  0.0364  0.0359  0.0357  0.0358
  0.0382  0.0384  0.0424  0.0405  0.0367  0.0367
  0.0437  0.0422  0.0497  0.0444  0.0407  0.0392
  0.0531  0.0480  0.0569  0.0505  0.0458  0.0430
niter,ni,del,rscale     3    3   12.0000    1.2000
parameters
    0.2226   33.2343    6.3845  -16.2590    2.2882   -5.8975
eta,q 0.96429 15.22521
  0.0534  0.0500  0.0567  0.0500  0.0449  0.0425
  0.0449  0.0436  0.0469  0.0434  0.0401  0.0400
  0.0381  0.0379  0.0380  0.0379  0.0371  0.0372
  0.0358  0.0358  0.0358  0.0357  0.0357  0.0357
  0.0378  0.0381  0.0412  0.0402  0.0364  0.0366
  0.0438  0.0424  0.0487  0.0443  0.0403  0.0392
  0.0536  0.0492  0.0561  0.0499  0.0455  0.0431
niter,ni,del,rscale     2    3   12.0000    1.2000
parameters
    0.2366   33.2772    6.3591  -16.3083    2.2683   -5.8904
eta,q 0.96432 15.22151
  0.0533  0.0497  0.0571  0.0503  0.0450  0.0425
  0.0448  0.0435  0.0471  0.0437  0.0401  0.0400
  0.0380  0.0377  0.0381  0.0381  0.0371  0.0371
  0.0357  0.0357  0.0357  0.0357  0.0357  0.0357
  0.0378  0.0381  0.0409  0.0401  0.0364  0.0366
  0.0439  0.0426  0.0484  0.0442  0.0402  0.0392
  0.0538  0.0496  0.0558  0.0497  0.0454  0.0431
registration optimization eta report
parameter search radius
    6.0000    6.0000    6.0000    9.1253    6.0000    6.9000
100000*second partial in parameter space
       49.       38.       55.       16.       26.       14.
  0.0533  0.0497  0.0571  0.0503  0.0450  0.0425
  0.0448  0.0435  0.0471  0.0437  0.0401  0.0400
  0.0380  0.0377  0.0381  0.0381  0.0371  0.0371
  0.0357  0.0357  0.0357  0.0357  0.0357  0.0357
  0.0378  0.0381  0.0409  0.0401  0.0364  0.0366
  0.0439  0.0426  0.0484  0.0442  0.0402  0.0392
  0.0538  0.0496  0.0558  0.0497  0.0454  0.0431
    0.2366   33.2772    6.3591  -16.3083    2.2683   -5.8904
eta,q 0.96432 15.22151

---------------------------------------------------------------------
imgreg_4dfp /opt/freesurfer/average/711-2C_as_mni_average_305 /opt/freesurfer/average/711-2B_as_mni_average_305_mask talsrcimg_g11 none talsrcimg_to_711-2C_as_mni_average_305_t4 3335
---------------------------------------------------------------------

freesurfer imgreg_4dfp.c
/opt/freesurfer/average/711-2C_as_mni_average_305.4dfp.img
       256       256       256         1
  1.000000  1.000000  1.000000
orientation T byte_order littleendian
Reading image: /opt/freesurfer/average/711-2C_as_mni_average_305.4dfp.img
dimensions:      256       256       256
mmppix:       1.0000   -1.0000   -1.0000
center:     128.0000 -129.0000 -129.0000
/opt/freesurfer/average/711-2B_as_mni_average_305_mask.4dfp.img
       256       256       256         1
  1.000000  1.000000  1.000000
orientation T byte_order littleendian
Reading mask: /opt/freesurfer/average/711-2B_as_mni_average_305_mask.4dfp.img (2306576 pixels)
talsrcimg_g11.4dfp.img
       256       256       256         1
  1.000000  1.000000  1.000000
orientation T byte_order littleendian
Reading image: talsrcimg_g11.4dfp.img
dimensions:      256       256       256
mmppix:       1.0000   -1.0000   -1.0000
center:     128.0000 -129.0000 -129.0000
fimgreg.f
image alignment mode   3335 decimal      D07 hex
parameters
    0.2366   33.2772    6.3591   -0.6059   -4.6444   -4.0987
   10.9553   -0.8968  -10.2546   28.3221    3.9579  -28.0585
eta,q 0.96239 15.26156
niter,ni,del,rscale     5    3    5.0000    1.2000
parameter  5  7.177962 ->  0.500000 qaram    1.1500
parameter 12 -0.649423 -> -0.500000 qaram    1.1500
parameters
    0.2944   33.2602    6.3599   -2.8286   -8.7844   -6.9348
   11.8445   -0.2679   -9.2045   26.5553    3.2646  -23.9185
eta,q 0.96921 14.98493
  0.0420  0.0396  0.0420  0.0395  0.0274  0.0339  0.0345  0.0372  0.0347  0.0336  0.0322  0.0352
  0.0396  0.0386  0.0396  0.0383  0.0305  0.0328  0.0332  0.0341  0.0332  0.0322  0.0317  0.0335
  0.0381  0.0379  0.0380  0.0375  0.0341  0.0315  0.0323  0.0323  0.0322  0.0315  0.0315  0.0323
  0.0376  0.0376  0.0376  0.0376  0.0374  0.0315  0.0318  0.0317  0.0317  0.0316  0.0314  0.0314
  0.0381  0.0378  0.0382  0.0392  0.0411  0.0360  0.0318  0.0319  0.0317  0.0327  0.0316  0.0309
  0.0395  0.0386  0.0397  0.0421  0.0451  0.0441  0.0323  0.0330  0.0323  0.0347  0.0319  0.0308
  0.0415  0.0397  0.0418  0.0459  0.0490  0.0540  0.0335  0.0355  0.0333  0.0374  0.0327  0.0309
niter,ni,del,rscale     6    3    5.0000    1.2000
parameter  3  0.959241 ->  0.500000 qaram    1.1500
parameter  5  1.229002 ->  0.500000 qaram    1.3225
parameters
   -0.0167   33.4437    4.9799   -1.0881  -13.5454   -7.9966
   12.0511   -0.5692   -8.7388   26.8336    2.6219  -25.9034
eta,q 0.97449 14.86542
  0.0328  0.0335  0.0295  0.0336  0.0249  0.0293  0.0286  0.0302  0.0287  0.0296  0.0266  0.0268
  0.0314  0.0321  0.0296  0.0322  0.0248  0.0279  0.0271  0.0276  0.0272  0.0278  0.0260  0.0258
  0.0308  0.0311  0.0300  0.0308  0.0263  0.0266  0.0261  0.0261  0.0262  0.0264  0.0258  0.0255
  0.0308  0.0307  0.0307  0.0296  0.0291  0.0251  0.0257  0.0257  0.0257  0.0257  0.0257  0.0257
  0.0314  0.0308  0.0317  0.0291  0.0327  0.0249  0.0260  0.0263  0.0259  0.0260  0.0258  0.0263
  0.0324  0.0316  0.0329  0.0297  0.0362  0.0289  0.0269  0.0281  0.0267  0.0271  0.0262  0.0272
  0.0340  0.0328  0.0344  0.0315  0.0399  0.0365  0.0283  0.0312  0.0280  0.0293  0.0271  0.0283
niter,ni,del,rscale     7    3    5.0000    1.2000
parameters
    0.0458   33.6808    4.5261   -0.2107  -16.8997   -8.5218
   11.7162   -0.4240   -8.4326   28.2497    2.6905  -28.4553
eta,q 0.97542 14.77588
  0.0288  0.0293  0.0268  0.0294  0.0273  0.0289  0.0275  0.0300  0.0275  0.0285  0.0262  0.0256
  0.0270  0.0274  0.0257  0.0279  0.0256  0.0274  0.0261  0.0273  0.0262  0.0268  0.0254  0.0248
  0.0259  0.0261  0.0253  0.0264  0.0246  0.0261  0.0252  0.0256  0.0253  0.0255  0.0250  0.0246
  0.0255  0.0255  0.0255  0.0254  0.0252  0.0246  0.0250  0.0250  0.0250  0.0250  0.0248  0.0248
  0.0258  0.0257  0.0260  0.0252  0.0277  0.0239  0.0254  0.0254  0.0252  0.0248  0.0249  0.0255
  0.0269  0.0265  0.0268  0.0262  0.0316  0.0268  0.0264  0.0269  0.0259  0.0252  0.0253  0.0264
  0.0285  0.0280  0.0278  0.0283  0.0357  0.0329  0.0280  0.0297  0.0271  0.0266  0.0262  0.0274
niter,ni,del,rscale     6    3    5.0000    1.2000
parameters
    0.1577   34.2688    4.4047    0.3609  -18.4230   -9.1160
   11.3998   -0.2328   -8.0477   29.7403    2.6164  -29.2819
eta,q 0.97555 14.73168
  0.0282  0.0284  0.0263  0.0283  0.0281  0.0285  0.0273  0.0297  0.0272  0.0276  0.0259  0.0261
  0.0263  0.0266  0.0249  0.0268  0.0263  0.0270  0.0259  0.0271  0.0259  0.0262  0.0252  0.0249
  0.0251  0.0253  0.0244  0.0253  0.0248  0.0258  0.0250  0.0254  0.0251  0.0253  0.0247  0.0245
  0.0246  0.0246  0.0244  0.0244  0.0243  0.0244  0.0248  0.0248  0.0247  0.0247  0.0245  0.0245
  0.0249  0.0244  0.0248  0.0244  0.0254  0.0236  0.0252  0.0251  0.0250  0.0244  0.0246  0.0249
  0.0259  0.0249  0.0255  0.0255  0.0284  0.0267  0.0262  0.0266  0.0256  0.0247  0.0251  0.0256
  0.0276  0.0259  0.0264  0.0277  0.0325  0.0329  0.0278  0.0294  0.0267  0.0261  0.0261  0.0266
niter,ni,del,rscale     5    3    5.0000    1.2000
parameters
    0.2812   34.7283    4.1028    0.5770  -19.3502   -9.6207
   11.1767    0.0084   -7.7488   30.7911    2.2186  -29.9098
eta,q 0.97552 14.69242
  0.0280  0.0279  0.0258  0.0280  0.0285  0.0285  0.0272  0.0296  0.0272  0.0273  0.0258  0.0261
  0.0262  0.0263  0.0247  0.0265  0.0267  0.0270  0.0259  0.0271  0.0259  0.0261  0.0251  0.0250
  0.0250  0.0251  0.0242  0.0251  0.0251  0.0258  0.0250  0.0254  0.0250  0.0253  0.0247  0.0245
  0.0245  0.0244  0.0243  0.0242  0.0242  0.0244  0.0247  0.0247  0.0247  0.0247  0.0245  0.0245
  0.0247  0.0244  0.0248  0.0244  0.0248  0.0235  0.0251  0.0250  0.0249  0.0244  0.0247  0.0249
  0.0257  0.0249  0.0255  0.0257  0.0275  0.0263  0.0261  0.0265  0.0257  0.0249  0.0252  0.0256
  0.0274  0.0261  0.0264  0.0280  0.0316  0.0325  0.0276  0.0292  0.0268  0.0264  0.0262  0.0265
niter,ni,del,rscale     4    3    5.0000    1.2000
parameters
    0.3427   35.0362    3.8097    0.6321  -19.9872  -10.0936
   11.0044    0.2605   -7.5126   31.6260    1.8330  -30.2909
eta,q 0.97537 14.65568
  0.0278  0.0277  0.0259  0.0279  0.0287  0.0285  0.0273  0.0296  0.0272  0.0273  0.0259  0.0263
  0.0261  0.0261  0.0248  0.0264  0.0270  0.0270  0.0260  0.0272  0.0259  0.0262  0.0252  0.0252
  0.0249  0.0250  0.0244  0.0251  0.0254  0.0258  0.0251  0.0255  0.0251  0.0253  0.0248  0.0247
  0.0245  0.0245  0.0244  0.0244  0.0244  0.0245  0.0248  0.0248  0.0248  0.0248  0.0246  0.0246
  0.0248  0.0245  0.0248  0.0246  0.0247  0.0236  0.0251  0.0250  0.0250  0.0246  0.0248  0.0250
  0.0258  0.0252  0.0255  0.0259  0.0271  0.0262  0.0261  0.0265  0.0258  0.0250  0.0254  0.0256
  0.0275  0.0264  0.0264  0.0282  0.0311  0.0322  0.0276  0.0292  0.0269  0.0267  0.0263  0.0264
niter,ni,del,rscale     3    3    5.0000    1.2000
parameters
    0.3902   35.2883    3.4819    0.6098  -20.4905  -10.6024
   10.8602    0.5118   -7.3874   32.3329    1.5768  -30.5978
eta,q 0.97519 14.61895
  0.0279  0.0276  0.0260  0.0279  0.0287  0.0284  0.0274  0.0297  0.0273  0.0274  0.0261  0.0265
  0.0262  0.0261  0.0249  0.0265  0.0271  0.0270  0.0261  0.0273  0.0260  0.0263  0.0254  0.0253
  0.0250  0.0251  0.0245  0.0252  0.0256  0.0259  0.0252  0.0257  0.0252  0.0254  0.0250  0.0249
  0.0246  0.0246  0.0246  0.0245  0.0245  0.0246  0.0249  0.0249  0.0249  0.0249  0.0248  0.0248
  0.0249  0.0247  0.0250  0.0248  0.0247  0.0238  0.0253  0.0252  0.0252  0.0247  0.0250  0.0251
  0.0260  0.0254  0.0257  0.0261  0.0269  0.0263  0.0262  0.0266  0.0259  0.0252  0.0255  0.0257
  0.0276  0.0266  0.0266  0.0284  0.0309  0.0322  0.0276  0.0293  0.0271  0.0269  0.0264  0.0265
niter,ni,del,rscale     2    3    5.0000    1.2000
parameters
    0.4507   35.5146    3.1237    0.5580  -20.9513  -11.1661
   10.7533    0.7570   -7.4105   32.9983    1.5166  -30.8446
eta,q 0.97498 14.58133
  0.0280  0.0277  0.0261  0.0280  0.0288  0.0283  0.0275  0.0297  0.0273  0.0276  0.0263  0.0266
  0.0263  0.0262  0.0251  0.0266  0.0273  0.0271  0.0263  0.0274  0.0261  0.0264  0.0256  0.0255
  0.0252  0.0253  0.0247  0.0254  0.0258  0.0260  0.0254  0.0259  0.0253  0.0256  0.0252  0.0251
  0.0248  0.0248  0.0248  0.0247  0.0247  0.0248  0.0251  0.0251  0.0251  0.0251  0.0250  0.0250
  0.0251  0.0249  0.0252  0.0250  0.0249  0.0240  0.0254  0.0254  0.0254  0.0249  0.0251  0.0253
  0.0261  0.0256  0.0258  0.0263  0.0270  0.0264  0.0263  0.0267  0.0262  0.0254  0.0256  0.0258
  0.0277  0.0268  0.0267  0.0285  0.0308  0.0322  0.0277  0.0294  0.0273  0.0271  0.0264  0.0266
niter,ni,del,rscale     1    3    5.0000    1.2000
parameters
    0.5270   35.7439    2.7448    0.4997  -21.4289  -11.7769
   10.6688    0.9831   -7.5718   33.7159    1.5861  -31.0624
eta,q 0.97480 14.54300
  0.0282  0.0278  0.0262  0.0281  0.0288  0.0283  0.0277  0.0297  0.0275  0.0277  0.0265  0.0266
  0.0265  0.0264  0.0253  0.0268  0.0274  0.0271  0.0264  0.0275  0.0262  0.0266  0.0258  0.0257
  0.0254  0.0255  0.0249  0.0256  0.0260  0.0261  0.0256  0.0260  0.0255  0.0258  0.0254  0.0253
  0.0250  0.0250  0.0250  0.0249  0.0249  0.0250  0.0253  0.0253  0.0253  0.0253  0.0252  0.0252
  0.0253  0.0251  0.0254  0.0252  0.0250  0.0243  0.0256  0.0255  0.0257  0.0251  0.0253  0.0254
  0.0262  0.0258  0.0260  0.0265  0.0271  0.0265  0.0265  0.0269  0.0265  0.0256  0.0257  0.0259
  0.0278  0.0269  0.0268  0.0286  0.0308  0.0322  0.0278  0.0295  0.0276  0.0273  0.0265  0.0267
registration optimization eta report
parameter search radius
    2.4000    2.4000    2.7600    7.2000    9.5220    7.2000
    7.2000    7.2000    7.2000    7.2000    7.2000    8.2800
100000*second partial in parameter space
       52.       41.       20.        7.        5.       11.
        5.        8.        4.        4.        3.        2.
  0.0282  0.0278  0.0262  0.0281  0.0288  0.0283  0.0277  0.0297  0.0275  0.0277  0.0265  0.0266
  0.0265  0.0264  0.0253  0.0268  0.0274  0.0271  0.0264  0.0275  0.0262  0.0266  0.0258  0.0257
  0.0254  0.0255  0.0249  0.0256  0.0260  0.0261  0.0256  0.0260  0.0255  0.0258  0.0254  0.0253
  0.0250  0.0250  0.0250  0.0249  0.0249  0.0250  0.0253  0.0253  0.0253  0.0253  0.0252  0.0252
  0.0253  0.0251  0.0254  0.0252  0.0250  0.0243  0.0256  0.0255  0.0257  0.0251  0.0253  0.0254
  0.0262  0.0258  0.0260  0.0265  0.0271  0.0265  0.0265  0.0269  0.0265  0.0256  0.0257  0.0259
  0.0278  0.0269  0.0268  0.0286  0.0308  0.0322  0.0278  0.0295  0.0276  0.0273  0.0265  0.0267
    0.5270   35.7439    2.7448    0.4997  -21.4289  -11.7769
   10.6688    0.9831   -7.5718   33.7159    1.5861  -31.0624
eta,q 0.97480 14.54300

---------------------------------------------------------------------
imgreg_4dfp /opt/freesurfer/average/711-2C_as_mni_average_305 /opt/freesurfer/average/711-2B_as_mni_average_305_mask talsrcimg_g11 none talsrcimg_to_711-2C_as_mni_average_305_t4 2311
---------------------------------------------------------------------

freesurfer imgreg_4dfp.c
/opt/freesurfer/average/711-2C_as_mni_average_305.4dfp.img
       256       256       256         1
  1.000000  1.000000  1.000000
orientation T byte_order littleendian
Reading image: /opt/freesurfer/average/711-2C_as_mni_average_305.4dfp.img
dimensions:      256       256       256
mmppix:       1.0000   -1.0000   -1.0000
center:     128.0000 -129.0000 -129.0000
/opt/freesurfer/average/711-2B_as_mni_average_305_mask.4dfp.img
       256       256       256         1
  1.000000  1.000000  1.000000
orientation T byte_order littleendian
Reading mask: /opt/freesurfer/average/711-2B_as_mni_average_305_mask.4dfp.img (2306576 pixels)
talsrcimg_g11.4dfp.img
       256       256       256         1
  1.000000  1.000000  1.000000
orientation T byte_order littleendian
Reading image: talsrcimg_g11.4dfp.img
dimensions:      256       256       256
mmppix:       1.0000   -1.0000   -1.0000
center:     128.0000 -129.0000 -129.0000
fimgreg.f
image alignment mode   2311 decimal      907 hex
parameters
    0.5270   35.7439    2.7448    0.4997  -21.4289  -11.7769
   10.6688    0.9831   -7.5718   33.7159    1.5861  -31.0624
eta,q 0.97480 14.54300
niter,ni,del,rscale     5    3    5.0000    0.8000
parameters
    0.6234   36.0042    2.1468    0.7236  -20.5301  -11.4678
   10.5319    1.2635   -7.6650   34.7602    1.5868  -30.9533
eta,q 0.97536 14.62509
  0.0267  0.0266  0.0253  0.0269  0.0267  0.0268  0.0260  0.0275  0.0259  0.0265  0.0255  0.0253
  0.0259  0.0259  0.0251  0.0261  0.0261  0.0262  0.0253  0.0262  0.0253  0.0258  0.0250  0.0249
  0.0254  0.0254  0.0251  0.0254  0.0255  0.0256  0.0249  0.0253  0.0249  0.0252  0.0248  0.0247
  0.0252  0.0252  0.0252  0.0251  0.0251  0.0249  0.0248  0.0248  0.0248  0.0248  0.0246  0.0246
  0.0253  0.0252  0.0254  0.0252  0.0249  0.0245  0.0250  0.0249  0.0249  0.0246  0.0247  0.0247
  0.0257  0.0254  0.0256  0.0257  0.0252  0.0249  0.0254  0.0257  0.0254  0.0248  0.0250  0.0249
  0.0264  0.0259  0.0260  0.0267  0.0260  0.0272  0.0262  0.0271  0.0260  0.0256  0.0255  0.0252
niter,ni,del,rscale     4    3    5.0000    0.7000
parameters
    0.7162   36.0463    2.3217    0.6852  -20.7393  -10.8387
   10.4348    1.4601   -7.6833   34.7214    1.5099  -31.0489
eta,q 0.97562 14.63736
  0.0259  0.0257  0.0253  0.0260  0.0258  0.0266  0.0254  0.0268  0.0253  0.0256  0.0251  0.0248
  0.0253  0.0251  0.0250  0.0253  0.0253  0.0260  0.0248  0.0256  0.0248  0.0250  0.0247  0.0246
  0.0248  0.0248  0.0247  0.0249  0.0248  0.0254  0.0245  0.0248  0.0245  0.0246  0.0245  0.0244
  0.0246  0.0246  0.0246  0.0246  0.0246  0.0246  0.0244  0.0244  0.0244  0.0244  0.0244  0.0244
  0.0247  0.0247  0.0247  0.0248  0.0247  0.0242  0.0245  0.0245  0.0245  0.0244  0.0245  0.0244
  0.0250  0.0250  0.0248  0.0253  0.0253  0.0246  0.0249  0.0252  0.0248  0.0249  0.0247  0.0246
  0.0256  0.0256  0.0250  0.0262  0.0262  0.0262  0.0254  0.0265  0.0253  0.0258  0.0252  0.0249
niter,ni,del,rscale     3    3    5.0000    0.6000
parameters
    0.7686   36.0582    2.6022    0.7066  -20.6647  -10.2515
   10.3813    1.5352   -7.6542   34.6052    1.4750  -31.0793
eta,q 0.97586 14.66244
  0.0253  0.0251  0.0251  0.0255  0.0253  0.0262  0.0249  0.0260  0.0249  0.0251  0.0247  0.0245
  0.0248  0.0247  0.0247  0.0249  0.0249  0.0256  0.0245  0.0251  0.0245  0.0246  0.0244  0.0243
  0.0245  0.0245  0.0245  0.0245  0.0245  0.0250  0.0242  0.0244  0.0242  0.0243  0.0242  0.0242
  0.0244  0.0244  0.0244  0.0244  0.0243  0.0243  0.0241  0.0241  0.0241  0.0241  0.0241  0.0241
  0.0244  0.0244  0.0244  0.0244  0.0244  0.0240  0.0242  0.0243  0.0242  0.0242  0.0242  0.0242
  0.0247  0.0247  0.0244  0.0248  0.0247  0.0244  0.0245  0.0249  0.0245  0.0246  0.0244  0.0243
  0.0252  0.0251  0.0246  0.0255  0.0254  0.0257  0.0249  0.0259  0.0248  0.0253  0.0248  0.0245
niter,ni,del,rscale     2    3    5.0000    0.5000
parameters
    0.7791   36.0068    2.8967    0.6934  -20.5227   -9.6570
   10.3551    1.5331   -7.6097   34.3403    1.4629  -31.1118
eta,q 0.97607 14.68698
  0.0248  0.0246  0.0247  0.0249  0.0249  0.0257  0.0245  0.0252  0.0244  0.0246  0.0244  0.0242
  0.0244  0.0243  0.0244  0.0245  0.0245  0.0252  0.0242  0.0246  0.0241  0.0242  0.0241  0.0240
  0.0242  0.0242  0.0242  0.0242  0.0243  0.0246  0.0240  0.0241  0.0240  0.0240  0.0240  0.0239
  0.0241  0.0241  0.0241  0.0241  0.0241  0.0241  0.0239  0.0239  0.0239  0.0239  0.0239  0.0239
  0.0242  0.0242  0.0241  0.0242  0.0241  0.0239  0.0240  0.0240  0.0240  0.0240  0.0240  0.0240
  0.0244  0.0244  0.0242  0.0245  0.0244  0.0241  0.0242  0.0245  0.0241  0.0244  0.0241  0.0241
  0.0248  0.0247  0.0243  0.0250  0.0248  0.0251  0.0245  0.0253  0.0244  0.0249  0.0244  0.0242
niter,ni,del,rscale     1    3    5.0000    0.4000
parameters
    0.7651   35.9148    3.2044    0.6768  -20.3136   -9.0854
   10.3578    1.4748   -7.5454   33.9606    1.4320  -31.0696
eta,q 0.97626 14.71060
  0.0243  0.0242  0.0244  0.0244  0.0244  0.0252  0.0241  0.0246  0.0241  0.0241  0.0240  0.0240
  0.0241  0.0240  0.0242  0.0241  0.0242  0.0247  0.0239  0.0241  0.0239  0.0239  0.0239  0.0238
  0.0240  0.0239  0.0240  0.0240  0.0240  0.0242  0.0238  0.0238  0.0238  0.0238  0.0238  0.0238
  0.0239  0.0239  0.0239  0.0239  0.0239  0.0239  0.0237  0.0237  0.0237  0.0237  0.0237  0.0237
  0.0240  0.0240  0.0239  0.0239  0.0239  0.0237  0.0238  0.0238  0.0238  0.0238  0.0238  0.0238
  0.0241  0.0241  0.0239  0.0241  0.0240  0.0239  0.0239  0.0242  0.0239  0.0241  0.0239  0.0238
  0.0244  0.0244  0.0240  0.0245  0.0243  0.0245  0.0241  0.0247  0.0240  0.0245  0.0241  0.0239
registration optimization eta report
parameter search radius
    0.8000    0.8000    0.8000    2.4000    2.4000    2.4000
    2.4000    2.4000    2.4000    2.4000    2.4000    2.4000
100000*second partial in parameter space
       65.       54.       41.       10.        8.       17.
        6.       16.        5.       10.        5.        4.
  0.0243  0.0242  0.0244  0.0244  0.0244  0.0252  0.0241  0.0246  0.0241  0.0241  0.0240  0.0240
  0.0241  0.0240  0.0242  0.0241  0.0242  0.0247  0.0239  0.0241  0.0239  0.0239  0.0239  0.0238
  0.0240  0.0239  0.0240  0.0240  0.0240  0.0242  0.0238  0.0238  0.0238  0.0238  0.0238  0.0238
  0.0239  0.0239  0.0239  0.0239  0.0239  0.0239  0.0237  0.0237  0.0237  0.0237  0.0237  0.0237
  0.0240  0.0240  0.0239  0.0239  0.0239  0.0237  0.0238  0.0238  0.0238  0.0238  0.0238  0.0238
  0.0241  0.0241  0.0239  0.0241  0.0240  0.0239  0.0239  0.0242  0.0239  0.0241  0.0239  0.0238
  0.0244  0.0244  0.0240  0.0245  0.0243  0.0245  0.0241  0.0247  0.0240  0.0245  0.0241  0.0239
    0.7651   35.9148    3.2044    0.6768  -20.3136   -9.0854
   10.3578    1.4748   -7.5454   33.9606    1.4320  -31.0696
eta,q 0.97626 14.71060

---------------------------------------------------------------------
imgreg_4dfp /opt/freesurfer/average/711-2C_as_mni_average_305 /opt/freesurfer/average/711-2B_as_mni_average_305_mask talsrcimg_g11 none talsrcimg_to_711-2C_as_mni_average_305_t4 2311
---------------------------------------------------------------------

freesurfer imgreg_4dfp.c
/opt/freesurfer/average/711-2C_as_mni_average_305.4dfp.img
       256       256       256         1
  1.000000  1.000000  1.000000
orientation T byte_order littleendian
Reading image: /opt/freesurfer/average/711-2C_as_mni_average_305.4dfp.img
dimensions:      256       256       256
mmppix:       1.0000   -1.0000   -1.0000
center:     128.0000 -129.0000 -129.0000
/opt/freesurfer/average/711-2B_as_mni_average_305_mask.4dfp.img
       256       256       256         1
  1.000000  1.000000  1.000000
orientation T byte_order littleendian
Reading mask: /opt/freesurfer/average/711-2B_as_mni_average_305_mask.4dfp.img (2306576 pixels)
talsrcimg_g11.4dfp.img
       256       256       256         1
  1.000000  1.000000  1.000000
orientation T byte_order littleendian
Reading image: talsrcimg_g11.4dfp.img
dimensions:      256       256       256
mmppix:       1.0000   -1.0000   -1.0000
center:     128.0000 -129.0000 -129.0000
fimgreg.f
image alignment mode   2311 decimal      907 hex
parameters
    0.7651   35.9148    3.2044    0.6768  -20.3136   -9.0854
   10.3578    1.4748   -7.5454   33.9606    1.4320  -31.0696
eta,q 0.97626 14.71060
niter,ni,del,rscale     5    3    5.0000    0.8000
parameters
    0.7246   35.7518    3.5742    0.4567  -20.4691   -9.4931
   10.5019    1.3087   -7.5139   33.4727    1.5251  -31.0722
eta,q 0.97608 14.69185
  0.0253  0.0248  0.0254  0.0256  0.0253  0.0265  0.0253  0.0265  0.0251  0.0252  0.0249  0.0246
  0.0244  0.0242  0.0246  0.0246  0.0246  0.0256  0.0245  0.0251  0.0244  0.0246  0.0244  0.0242
  0.0239  0.0238  0.0240  0.0240  0.0240  0.0246  0.0241  0.0242  0.0240  0.0241  0.0241  0.0240
  0.0237  0.0237  0.0237  0.0237  0.0237  0.0237  0.0239  0.0239  0.0239  0.0239  0.0239  0.0239
  0.0240  0.0240  0.0237  0.0239  0.0238  0.0237  0.0240  0.0242  0.0240  0.0241  0.0240  0.0240
  0.0246  0.0245  0.0239  0.0248  0.0245  0.0255  0.0244  0.0253  0.0244  0.0248  0.0243  0.0242
  0.0255  0.0254  0.0243  0.0261  0.0257  0.0290  0.0251  0.0270  0.0250  0.0262  0.0248  0.0246
niter,ni,del,rscale     4    3    5.0000    0.7000
parameters
    0.6489   35.6816    3.3611    0.6198  -20.0487   -9.5057
   10.5624    1.1926   -7.4294   33.4201    1.5458  -30.8615
eta,q 0.97614 14.70889
  0.0250  0.0248  0.0244  0.0256  0.0253  0.0262  0.0249  0.0260  0.0248  0.0251  0.0246  0.0245
  0.0244  0.0243  0.0241  0.0248  0.0247  0.0255  0.0243  0.0249  0.0243  0.0245  0.0242  0.0241
  0.0240  0.0240  0.0239  0.0242  0.0242  0.0246  0.0240  0.0241  0.0240  0.0241  0.0240  0.0239
  0.0239  0.0239  0.0239  0.0239  0.0239  0.0238  0.0238  0.0238  0.0239  0.0239  0.0239  0.0239
  0.0241  0.0241  0.0241  0.0240  0.0238  0.0236  0.0240  0.0241  0.0239  0.0239  0.0239  0.0239
  0.0245  0.0244  0.0244  0.0245  0.0242  0.0247  0.0243  0.0249  0.0242  0.0244  0.0242  0.0241
  0.0252  0.0250  0.0248  0.0254  0.0250  0.0272  0.0249  0.0264  0.0247  0.0253  0.0247  0.0244
niter,ni,del,rscale     3    3    5.0000    0.6000
parameters
    0.6202   35.6235    3.3858    0.6817  -19.8558   -9.1608
   10.5196    1.1408   -7.3697   33.2540    1.5271  -30.7545
eta,q 0.97628 14.72438
  0.0247  0.0245  0.0244  0.0251  0.0249  0.0259  0.0245  0.0255  0.0244  0.0246  0.0243  0.0242
  0.0242  0.0241  0.0241  0.0245  0.0245  0.0253  0.0240  0.0245  0.0240  0.0242  0.0240  0.0239
  0.0239  0.0239  0.0239  0.0240  0.0241  0.0245  0.0238  0.0239  0.0238  0.0239  0.0238  0.0238
  0.0239  0.0239  0.0239  0.0239  0.0239  0.0238  0.0237  0.0237  0.0237  0.0237  0.0237  0.0237
  0.0240  0.0240  0.0239  0.0240  0.0239  0.0236  0.0238  0.0239  0.0238  0.0238  0.0238  0.0238
  0.0243  0.0242  0.0241  0.0244  0.0242  0.0241  0.0241  0.0245  0.0240  0.0242  0.0240  0.0239
  0.0248  0.0247  0.0243  0.0251  0.0248  0.0258  0.0245  0.0256  0.0244  0.0249  0.0244  0.0241
niter,ni,del,rscale     2    3    5.0000    0.5000
parameters
    0.6006   35.5554    3.5727    0.7054  -19.6628   -8.6595
   10.4790    1.1005   -7.3138   32.9557    1.4957  -30.6620
eta,q 0.97647 14.74299
  0.0243  0.0242  0.0243  0.0246  0.0245  0.0255  0.0241  0.0248  0.0240  0.0241  0.0240  0.0239
  0.0240  0.0239  0.0240  0.0241  0.0241  0.0249  0.0238  0.0241  0.0237  0.0238  0.0237  0.0237
  0.0238  0.0238  0.0238  0.0238  0.0239  0.0242  0.0236  0.0237  0.0236  0.0236  0.0236  0.0236
  0.0237  0.0237  0.0237  0.0237  0.0237  0.0237  0.0235  0.0235  0.0235  0.0235  0.0235  0.0235
  0.0238  0.0238  0.0237  0.0238  0.0237  0.0235  0.0236  0.0237  0.0236  0.0236  0.0236  0.0236
  0.0240  0.0240  0.0238  0.0241  0.0239  0.0238  0.0238  0.0241  0.0237  0.0240  0.0237  0.0237
  0.0244  0.0243  0.0240  0.0246  0.0244  0.0249  0.0241  0.0250  0.0240  0.0245  0.0240  0.0238
niter,ni,del,rscale     1    3    5.0000    0.4000
parameters
    0.5773   35.4476    3.8383    0.7005  -19.4194   -8.1298
   10.4561    1.0546   -7.2896   32.5559    1.4872  -30.5529
eta,q 0.97666 14.76407
  0.0239  0.0238  0.0240  0.0241  0.0241  0.0250  0.0237  0.0242  0.0237  0.0237  0.0236  0.0236
  0.0237  0.0236  0.0238  0.0238  0.0238  0.0244  0.0235  0.0238  0.0235  0.0235  0.0235  0.0234
  0.0236  0.0235  0.0236  0.0236  0.0236  0.0239  0.0234  0.0234  0.0234  0.0234  0.0234  0.0234
  0.0235  0.0235  0.0235  0.0235  0.0235  0.0235  0.0233  0.0233  0.0233  0.0233  0.0233  0.0233
  0.0236  0.0236  0.0235  0.0235  0.0235  0.0233  0.0234  0.0234  0.0234  0.0235  0.0234  0.0234
  0.0237  0.0237  0.0235  0.0238  0.0236  0.0235  0.0235  0.0238  0.0235  0.0237  0.0235  0.0234
  0.0240  0.0240  0.0236  0.0241  0.0239  0.0242  0.0237  0.0243  0.0237  0.0241  0.0237  0.0235
registration optimization eta report
parameter search radius
    0.8000    0.8000    0.8000    2.4000    2.4000    2.4000
    2.4000    2.4000    2.4000    2.4000    2.4000    2.4000
100000*second partial in parameter space
       66.       54.       45.       10.        9.       19.
        7.       16.        5.       10.        6.        4.
  0.0239  0.0238  0.0240  0.0241  0.0241  0.0250  0.0237  0.0242  0.0237  0.0237  0.0236  0.0236
  0.0237  0.0236  0.0238  0.0238  0.0238  0.0244  0.0235  0.0238  0.0235  0.0235  0.0235  0.0234
  0.0236  0.0235  0.0236  0.0236  0.0236  0.0239  0.0234  0.0234  0.0234  0.0234  0.0234  0.0234
  0.0235  0.0235  0.0235  0.0235  0.0235  0.0235  0.0233  0.0233  0.0233  0.0233  0.0233  0.0233
  0.0236  0.0236  0.0235  0.0235  0.0235  0.0233  0.0234  0.0234  0.0234  0.0235  0.0234  0.0234
  0.0237  0.0237  0.0235  0.0238  0.0236  0.0235  0.0235  0.0238  0.0235  0.0237  0.0235  0.0234
  0.0240  0.0240  0.0236  0.0241  0.0239  0.0242  0.0237  0.0243  0.0237  0.0241  0.0237  0.0235
    0.5773   35.4476    3.8383    0.7005  -19.4194   -8.1298
   10.4561    1.0546   -7.2896   32.5559    1.4872  -30.5529
eta,q 0.97666 14.76407

---------------------------------------------------------------------
compute_vox2vox talsrcimg talsrcimg_to_711-2C_as_mni_average_305_t4 /opt/freesurfer/average/711-2C_as_mni_average_305
---------------------------------------------------------------------

freesurfer compute_vox2vox.c
Reading: talsrcimg.4dfp.ifh
Reading: talsrcimg_to_711-2C_as_mni_average_305_t4
Reading: /opt/freesurfer/average/711-2C_as_mni_average_305.4dfp.ifh
Writing: talsrcimg_to_711-2C_as_mni_average_305_t4_vox2vox.txt

start time Sun Mar 8 21:26:44 CET 2026
end		time Sun Mar 8 21:28:13 CET 2026

mpr2mni305 success

avi2talxfm orig_nu.mgz /opt/freesurfer/average/mni305.cor.mgz talsrcimg_to_711-2C_as_mni_average_305_t4_vox2vox.txt transforms/talairach.auto.xfm
avi2talxfm done
mv -f /out/sourcedata/freesurfer/sub-v1s15x0050211_ses-1/mri/talsrcimg_to_711-2C_as_mni_average_305_t4_vox2vox.txt /out/sourcedata/freesurfer/sub-v1s15x0050211_ses-1/mri/transforms/talsrcimg_to_711-2C_as_mni_average_305_t4_vox2vox.txt
lta_convert --src orig_nu.mgz --trg /opt/freesurfer/average/mni305.cor.mgz --inxfm transforms/talairach.auto.xfm --outlta transforms/talairach.auto.xfm.lta --subject fsaverage
7.3.2

--src: orig_nu.mgz src image (geometry).
--trg: /opt/freesurfer/average/mni305.cor.mgz trg image (geometry).
--inmni: transforms/talairach.auto.xfm input MNI/XFM transform.
--outlta: transforms/talairach.auto.xfm.lta output LTA.
--s: fsaverage subject name
 LTA read, type : 1
 0.98418   0.02994  -0.11636  -5.59540;
 0.01206   0.95993   0.36240  -12.42514;
 0.08416  -0.38512   1.08405   22.32469;
 0.00000   0.00000   0.00000   1.00000;
setting subject to fsaverage
Writing  LTA to file transforms/talairach.auto.xfm.lta...
lta_convert successful.
 
 
Started at Sun Mar 8 21:26:43 CET 2026
Ended   at Sun Mar  8 21:28:13 CET 2026
talairach_avi done
