status file for recon-all
Thu Mar 12 13:13:58 CET 2026
#@# Tessellate lh Thu Mar 12 13:13:58 CET 2026
#@# Smooth1 lh Thu Mar 12 13:14:01 CET 2026
#@# Inflation1 lh Thu Mar 12 13:14:04 CET 2026
#@# QSphere lh Thu Mar 12 13:14:16 CET 2026
#@# Fix Topology lh Thu Mar 12 13:15:16 CET 2026
#@# Smooth2 lh Thu Mar 12 13:20:14 CET 2026
#@# Inflation2 lh Thu Mar 12 13:20:16 CET 2026
#@# Curv .H and .K lh Thu Mar 12 13:20:30 CET 2026
#@# Sphere lh Thu Mar 12 13:21:12 CET 2026
#@# Surf Reg lh Thu Mar 12 13:22:59 CET 2026
#@# Jacobian white lh Thu Mar 12 13:25:53 CET 2026
#@# AvgCurv lh Thu Mar 12 13:25:53 CET 2026
#@# Cortical Parc lh Thu Mar 12 13:25:54 CET 2026
#@# white curv lh Thu Mar 12 13:32:02 CET 2026
#@# white area lh Thu Mar 12 13:32:04 CET 2026
#@# pial curv lh Thu Mar 12 13:32:05 CET 2026
#@# pial area lh Thu Mar 12 13:32:06 CET 2026
#@# thickness lh Thu Mar 12 13:32:07 CET 2026
#@# area and vertex vol lh Thu Mar 12 13:32:33 CET 2026
#@# Curvature Stats lh Thu Mar 12 13:32:35 CET 2026
#@# Cortical Parc 2 lh Thu Mar 12 13:32:37 CET 2026
#@# Cortical Parc 3 lh Thu Mar 12 13:32:49 CET 2026
#@# WM/GM Contrast lh Thu Mar 12 13:32:58 CET 2026
recon-all -s sub-v1s15x0050202_ses-1 finished without error at Thu Mar 12 13:33:01 CET 2026



#New# invocation of recon-all 



status file for recon-all
Thu Mar 12 14:00:00 CET 2026
#@# white curv lh Thu Mar 12 14:00:00 CET 2026
#@# white area lh Thu Mar 12 14:00:00 CET 2026
#@# pial curv lh Thu Mar 12 14:00:00 CET 2026
#@# pial area lh Thu Mar 12 14:00:00 CET 2026
#@# thickness lh Thu Mar 12 14:00:00 CET 2026
#@# area and vertex vol lh Thu Mar 12 14:00:00 CET 2026
#@# Parcellation Stats lh Thu Mar 12 14:00:01 CET 2026
#@# Parcellation Stats 2 lh Thu Mar 12 14:00:17 CET 2026
#@# Parcellation Stats 3 lh Thu Mar 12 14:00:25 CET 2026
#@# BA_exvivo Labels lh Thu Mar 12 14:00:33 CET 2026
recon-all -s sub-v1s15x0050202_ses-1 finished without error at Thu Mar 12 14:02:58 CET 2026
