status file for recon-all
Thu Mar 12 11:31:19 CET 2026
#@# MotionCor Thu Mar 12 11:31:21 CET 2026
#@# Talairach Thu Mar 12 11:31:29 CET 2026
#@# Talairach Failure Detection Thu Mar 12 11:35:54 CET 2026
#@# Nu Intensity Correction Thu Mar 12 11:35:54 CET 2026
#@# Intensity Normalization Thu Mar 12 11:39:10 CET 2026
recon-all -s sub-v1s15x0050202_ses-1 finished without error at Thu Mar 12 11:40:42 CET 2026



#New# invocation of recon-all 



status file for recon-all
Thu Mar 12 11:48:08 CET 2026
#@# EM Registration Thu Mar 12 11:48:08 CET 2026
recon-all -s sub-v1s15x0050202_ses-1 finished without error at Thu Mar 12 11:49:47 CET 2026



#New# invocation of recon-all 



status file for recon-all
Thu Mar 12 11:49:50 CET 2026
#@# CA Normalize Thu Mar 12 11:49:50 CET 2026
#@# CA Reg Thu Mar 12 11:51:11 CET 2026
#@# SubCort Seg Thu Mar 12 12:41:09 CET 2026
#@# CC Seg Thu Mar 12 13:08:07 CET 2026
#@# Merge ASeg Thu Mar 12 13:08:46 CET 2026
#@# Intensity Normalization2 Thu Mar 12 13:08:46 CET 2026
#@# Mask BFS Thu Mar 12 13:10:59 CET 2026
#@# WM Segmentation Thu Mar 12 13:10:59 CET 2026
#@# Fill Thu Mar 12 13:12:50 CET 2026
recon-all -s sub-v1s15x0050202_ses-1 finished without error at Thu Mar 12 13:13:51 CET 2026



#New# invocation of recon-all 



status file for recon-all
Thu Mar 12 13:53:40 CET 2026
#@# white curv lh Thu Mar 12 13:53:40 CET 2026
#@# white area lh Thu Mar 12 13:53:40 CET 2026
#@# pial curv lh Thu Mar 12 13:53:40 CET 2026
#@# pial area lh Thu Mar 12 13:53:40 CET 2026
#@# thickness lh Thu Mar 12 13:53:40 CET 2026
#@# area and vertex vol lh Thu Mar 12 13:53:40 CET 2026
#@# white curv rh Thu Mar 12 13:53:41 CET 2026
#@# white area rh Thu Mar 12 13:53:41 CET 2026
#@# pial curv rh Thu Mar 12 13:53:41 CET 2026
#@# pial area rh Thu Mar 12 13:53:41 CET 2026
#@# thickness rh Thu Mar 12 13:53:41 CET 2026
#@# area and vertex vol rh Thu Mar 12 13:53:41 CET 2026
#@# Cortical ribbon mask Thu Mar 12 13:53:41 CET 2026
recon-all -s sub-v1s15x0050202_ses-1 finished without error at Thu Mar 12 13:59:57 CET 2026



#New# invocation of recon-all 



status file for recon-all
Thu Mar 12 14:06:12 CET 2026
#@# white curv lh Thu Mar 12 14:06:12 CET 2026
#@# white area lh Thu Mar 12 14:06:12 CET 2026
#@# pial curv lh Thu Mar 12 14:06:12 CET 2026
#@# pial area lh Thu Mar 12 14:06:12 CET 2026
#@# thickness lh Thu Mar 12 14:06:12 CET 2026
#@# area and vertex vol lh Thu Mar 12 14:06:12 CET 2026
#@# white curv rh Thu Mar 12 14:06:13 CET 2026
#@# white area rh Thu Mar 12 14:06:13 CET 2026
#@# pial curv rh Thu Mar 12 14:06:13 CET 2026
#@# pial area rh Thu Mar 12 14:06:13 CET 2026
#@# thickness rh Thu Mar 12 14:06:13 CET 2026
#@# area and vertex vol rh Thu Mar 12 14:06:13 CET 2026
#@# Curvature Stats lh Thu Mar 12 14:06:13 CET 2026
#@# Curvature Stats rh Thu Mar 12 14:06:15 CET 2026
#@# Relabel Hypointensities Thu Mar 12 14:06:17 CET 2026
#@# APas-to-ASeg Thu Mar 12 14:06:33 CET 2026
#@# AParc-to-ASeg aparc Thu Mar 12 14:06:41 CET 2026
#@# AParc-to-ASeg aparc.a2009s Thu Mar 12 14:07:17 CET 2026
#@# AParc-to-ASeg aparc.DKTatlas Thu Mar 12 14:07:51 CET 2026
#@# WMParc Thu Mar 12 14:08:28 CET 2026
#@# ASeg Stats Thu Mar 12 14:12:40 CET 2026
recon-all -s sub-v1s15x0050202_ses-1 finished without error at Thu Mar 12 14:13:23 CET 2026
