/out/sourcedata/freesurfer/sub-v1s15x0050215_ses-1/mri
/opt/freesurfer/bin/talairach_avi
--i orig_nu.mgz --xfm transforms/talairach.auto.xfm
talairach_avi 7.3.2
Linux dna007 5.14.0-427.37.1.el9_4.x86_64 #1 SMP PREEMPT_DYNAMIC Fri Sep 13 12:41:50 EDT 2024 x86_64 x86_64 x86_64 GNU/Linux
Sun Mar  8 21:43:39 CET 2026
mri_convert orig_nu.mgz talsrcimg.img 
reading from orig_nu.mgz...
TR=0.00, TE=0.00, TI=0.00, flip angle=0.00
i_ras = (-1, 0, 0)
j_ras = (0, 0, -1)
k_ras = (0, 1, 0)
writing to talsrcimg.img...
Analyze Output Matrix
-1.00000   0.00000   0.00000   135.12469;
 0.00000   0.00000   1.00000  -125.68800;
 0.00000  -1.00000   0.00000   98.56219;
 0.00000   0.00000   0.00000   1.00000;
--------------------
INFO: set hdr.hist.orient to -1
mpr2mni305 talsrcimg
Sun Mar  8 21:43:40 CET 2026
/opt/freesurfer/bin/mpr2mni305 talsrcimg
mpr2mni305 7.3.2
target=711-2C_as_mni_average_305

---------------------------------------------------------------------
analyzeto4dfp talsrcimg -O0 -y
---------------------------------------------------------------------

freesurfer ifh2hdr.c
Sun Mar  8 21:43:40 2026
Writing: talsrcimg.4dfp.hdr
freesurfer analyzeto4dfp.c
Reading: talsrcimg.hdr
header size 348 bytes
hdr.dime.datatype	offset=70	value=2
hdr.dime.bitpix		offset=72	value=8
hdr.hist.orient		offset=252	value=-1
dimensionality     4
dimensions       256       256       256         1
Reading: talsrcimg.img
Writing: talsrcimg.4dfp.img
Writing: talsrcimg.4dfp.ifh
ifh2hdr talsrcimg -r0to221
ori=2

---------------------------------------------------------------------
gauss_4dfp talsrcimg 1.1
---------------------------------------------------------------------

freesurfer gauss_4dfp.c
Reading: talsrcimg.4dfp.img
Writing: talsrcimg_g11.4dfp.img
image dimensions 256 256 256 padded to 288 288 288
processing volume 1freesurfer ifh2hdr.c
Sun Mar  8 21:43:41 2026
Writing: talsrcimg_g11.4dfp.hdr

Writing: talsrcimg_g11.4dfp.ifh
including: talsrcimg.4dfp.img.rec in talsrcimg_g11.4dfp.img.rec

---------------------------------------------------------------------
imgreg_4dfp /opt/freesurfer/average/711-2C_as_mni_average_305 none talsrcimg_g11 none talsrcimg_to_711-2C_as_mni_average_305_t4 4355
---------------------------------------------------------------------

freesurfer imgreg_4dfp.c
/opt/freesurfer/average/711-2C_as_mni_average_305.4dfp.img
       256       256       256         1
  1.000000  1.000000  1.000000
orientation T byte_order littleendian
Reading image: /opt/freesurfer/average/711-2C_as_mni_average_305.4dfp.img
dimensions:      256       256       256
mmppix:       1.0000   -1.0000   -1.0000
center:     128.0000 -129.0000 -129.0000
talsrcimg_g11.4dfp.img
       256       256       256         1
  1.000000  1.000000  1.000000
orientation T byte_order littleendian
Reading image: talsrcimg_g11.4dfp.img
dimensions:      256       256       256
mmppix:       1.0000   -1.0000   -1.0000
center:     128.0000 -129.0000 -129.0000
t4_read: open error in t4_sub.f l:  41 t4_file(1:l)talsrcimg_to_711-2C_as_mni_average_305_t4 
t4_read: transform initialized to I4
rotation matrix determinant  1.000000
image alignment mode   4355 decimal     1103 hex
   -7.5000  -45.0000  -45.0000 4733.6733   26.7116
    0.0000  -45.0000  -45.0000 5008.3911   26.7025
    7.5000  -45.0000  -45.0000 4795.5845   26.6874
   -7.5000  -37.5000  -45.0000 5311.9590   25.6861
    0.0000  -37.5000  -45.0000 5601.5381   25.6737
    7.5000  -37.5000  -45.0000 5381.3657   25.6616
   -7.5000  -30.0000  -45.0000 6121.7988   24.9645
    0.0000  -30.0000  -45.0000 6417.1411   24.9563
    7.5000  -30.0000  -45.0000 6183.8271   24.9298
   -7.5000  -22.5000  -45.0000 6980.0923   24.4459
    0.0000  -22.5000  -45.0000 7313.7080   24.4448
    7.5000  -22.5000  -45.0000 7043.7217   24.4078
   -7.5000  -15.0000  -45.0000 7847.0703   24.2058
    0.0000  -15.0000  -45.0000 8228.4707   24.2089
    7.5000  -15.0000  -45.0000 7915.0015   24.1679
   -7.5000   -7.5000  -45.0000 8759.1777   24.1571
    0.0000   -7.5000  -45.0000 9190.4805   24.1612
    7.5000   -7.5000  -45.0000 8842.2490   24.1350
   -7.5000    0.0000  -45.0000 9713.5908   24.1750
    0.0000    0.0000  -45.000010196.7686   24.1737
    7.5000    0.0000  -45.0000 9786.9209   24.1654
   -7.5000    7.5000  -45.0000 9947.4473   24.2349
    0.0000    7.5000  -45.000010443.2441   24.2269
    7.5000    7.5000  -45.000010032.3242   24.2182
   -7.5000   15.0000  -45.0000 9921.3721   24.2689
    0.0000   15.0000  -45.000010432.8271   24.2619
    7.5000   15.0000  -45.000010009.2891   24.2395
   -7.5000   22.5000  -45.0000 9783.8818   24.2409
    0.0000   22.5000  -45.000010305.9766   24.2396
    7.5000   22.5000  -45.0000 9894.9434   24.2030
   -7.5000   30.0000  -45.0000 9631.6104   23.8701
    0.0000   30.0000  -45.000010154.4150   23.8731
    7.5000   30.0000  -45.0000 9726.1904   23.8326
   -7.5000   37.5000  -45.0000 9765.4043   23.8351
    0.0000   37.5000  -45.000010295.0342   23.8393
    7.5000   37.5000  -45.0000 9842.7607   23.8134
   -7.5000   45.0000  -45.0000 9519.5674   23.2471
    0.0000   45.0000  -45.0000 9991.2168   23.2459
    7.5000   45.0000  -45.0000 9565.0986   23.2379
   -7.5000  -45.0000  -37.5000 5046.6978   26.3428
    0.0000  -45.0000  -37.5000 5321.7881   26.3288
    7.5000  -45.0000  -37.5000 5095.7197   26.3112
   -7.5000  -37.5000  -37.5000 5629.8159   25.3140
    0.0000  -37.5000  -37.5000 5904.5576   25.3013
    7.5000  -37.5000  -37.5000 5690.1782   25.2922
   -7.5000  -30.0000  -37.5000 6448.3105   24.5971
    0.0000  -30.0000  -37.5000 6747.8398   24.5911
    7.5000  -30.0000  -37.5000 6523.9111   24.5772
   -7.5000  -22.5000  -37.5000 7351.9678   24.1068
    0.0000  -22.5000  -37.5000 7696.9893   24.1072
    7.5000  -22.5000  -37.5000 7429.8135   24.0857
   -7.5000  -15.0000  -37.5000 8312.2695   23.8998
    0.0000  -15.0000  -37.5000 8695.2734   23.9017
    7.5000  -15.0000  -37.5000 8363.8242   23.8709
   -7.5000   -7.5000  -37.5000 9314.0840   23.8643
    0.0000   -7.5000  -37.5000 9755.1699   23.8634
    7.5000   -7.5000  -37.5000 9371.4873   23.8374
   -7.5000    0.0000  -37.500010323.7812   23.8706
    0.0000    0.0000  -37.500010820.6729   23.8642
    7.5000    0.0000  -37.500010369.3379   23.8511
   -7.5000    7.5000  -37.500010534.8574   23.9038
    0.0000    7.5000  -37.500011074.5342   23.8949
    7.5000    7.5000  -37.500010592.1475   23.8874
   -7.5000   15.0000  -37.500010482.4287   23.9213
    0.0000   15.0000  -37.500011033.6328   23.9163
    7.5000   15.0000  -37.500010558.4531   23.9055
   -7.5000   22.5000  -37.500010294.4951   23.9073
    0.0000   22.5000  -37.500010874.4902   23.9075
    7.5000   22.5000  -37.500010383.6973   23.8862
   -7.5000   30.0000  -37.500010105.4639   23.5685
    0.0000   30.0000  -37.500010670.5566   23.5703
    7.5000   30.0000  -37.500010169.9570   23.5399
   -7.5000   37.5000  -37.500010252.9834   23.5463
    0.0000   37.5000  -37.500010789.6895   23.5454
    7.5000   37.5000  -37.500010309.4873   23.5198
   -7.5000   45.0000  -37.5000 9978.3643   22.9544
    0.0000   45.0000  -37.500010478.9795   22.9483
    7.5000   45.0000  -37.500010025.5986   22.9357
   -7.5000  -45.0000  -30.0000 5456.1128   27.4863
    0.0000  -45.0000  -30.0000 5737.5947   27.4698
    7.5000  -45.0000  -30.0000 5517.5239   27.4409
   -7.5000  -37.5000  -30.0000 6081.4141   26.3949
    0.0000  -37.5000  -30.0000 6345.2715   26.3788
    7.5000  -37.5000  -30.0000 6149.4160   26.3538
   -7.5000  -30.0000  -30.0000 6960.5728   25.6308
    0.0000  -30.0000  -30.0000 7257.9761   25.6207
    7.5000  -30.0000  -30.0000 7052.0371   25.5959
   -7.5000  -22.5000  -30.0000 7957.3535   25.1281
    0.0000  -22.5000  -30.0000 8317.8457   25.1265
    7.5000  -22.5000  -30.0000 8042.8169   25.1033
   -7.5000  -15.0000  -30.0000 9017.7217   24.9353
    0.0000  -15.0000  -30.0000 9443.2646   24.9357
    7.5000  -15.0000  -30.0000 9083.9619   24.9069
   -7.5000   -7.5000  -30.000010126.0918   24.9132
    0.0000   -7.5000  -30.000010613.3633   24.9090
    7.5000   -7.5000  -30.000010190.0146   24.8790
   -7.5000    0.0000  -30.000011196.8574   24.9140
    0.0000    0.0000  -30.000011735.4541   24.9035
    7.5000    0.0000  -30.000011253.5010   24.8772
   -7.5000    7.5000  -30.000011385.9697   24.9264
    0.0000    7.5000  -30.000011961.2285   24.9137
    7.5000    7.5000  -30.000011447.5449   24.8907
   -7.5000   15.0000  -30.000011309.3086   24.9272
    0.0000   15.0000  -30.000011916.5000   24.9188
    7.5000   15.0000  -30.000011391.9229   24.8978
   -7.5000   22.5000  -30.000011134.2793   24.9174
    0.0000   22.5000  -30.000011757.1895   24.9157
    7.5000   22.5000  -30.000011203.0684   24.8927
   -7.5000   30.0000  -30.000010932.4375   24.5920
    0.0000   30.0000  -30.000011516.9082   24.5924
    7.5000   30.0000  -30.000010949.0098   24.5639
   -7.5000   37.5000  -30.000011069.2021   24.5836
    0.0000   37.5000  -30.000011646.4961   24.5794
    7.5000   37.5000  -30.000011071.5254   24.5498
   -7.5000   45.0000  -30.000010719.8203   23.9754
    0.0000   45.0000  -30.000011302.0215   23.9653
    7.5000   45.0000  -30.000010764.3232   23.9399
   -7.5000  -45.0000  -22.5000 5886.3804   28.5425
    0.0000  -45.0000  -22.5000 6161.8931   28.5306
    7.5000  -45.0000  -22.5000 5932.5659   28.4915
   -7.5000  -37.5000  -22.5000 6539.1616   27.4230
    0.0000  -37.5000  -22.5000 6838.9497   27.4057
    7.5000  -37.5000  -22.5000 6605.8799   27.3593
   -7.5000  -30.0000  -22.5000 7494.8154   26.6234
    0.0000  -30.0000  -22.5000 7854.2334   26.6082
    7.5000  -30.0000  -22.5000 7578.1426   26.5579
   -7.5000  -22.5000  -22.5000 8599.0068   26.0887
    0.0000  -22.5000  -22.5000 9002.0459   26.0850
    7.5000  -22.5000  -22.5000 8661.0625   26.0443
   -7.5000  -15.0000  -22.5000 9752.1768   25.8813
    0.0000  -15.0000  -22.500010215.8486   25.8827
    7.5000  -15.0000  -22.5000 9816.5918   25.8461
   -7.5000   -7.5000  -22.500010945.6064   25.8644
    0.0000   -7.5000  -22.500011458.9824   25.8627
    7.5000   -7.5000  -22.500010977.4717   25.8282
   -7.5000    0.0000  -22.500012083.8613   25.8756
    0.0000    0.0000  -22.500012636.4395   25.8672
    7.5000    0.0000  -22.500012102.1641   25.8309
   -7.5000    7.5000  -22.500012273.9580   25.8937
    0.0000    7.5000  -22.500012873.9502   25.8796
    7.5000    7.5000  -22.500012300.4492   25.8371
   -7.5000   15.0000  -22.500012186.4727   25.8905
    0.0000   15.0000  -22.500012826.0908   25.8780
    7.5000   15.0000  -22.500012234.4316   25.8334
   -7.5000   22.5000  -22.500012030.5508   25.8673
    0.0000   22.5000  -22.500012671.1572   25.8636
    7.5000   22.5000  -22.500012057.5791   25.8232
   -7.5000   30.0000  -22.500011802.9141   25.5290
    0.0000   30.0000  -22.500012413.5801   25.5303
    7.5000   30.0000  -22.500011777.1133   25.4941
   -7.5000   37.5000  -22.500011939.5635   25.5260
    0.0000   37.5000  -22.500012566.2334   25.5244
    7.5000   37.5000  -22.500011897.6904   25.4904
   -7.5000   45.0000  -22.500011515.2754   24.9194
    0.0000   45.0000  -22.500012161.8203   24.9114
    7.5000   45.0000  -22.500011531.5889   24.8765
   -7.5000  -45.0000  -15.0000 6264.0405   29.2884
    0.0000  -45.0000  -15.0000 6567.9609   29.2825
    7.5000  -45.0000  -15.0000 6317.4272   29.2440
   -7.5000  -37.5000  -15.0000 6986.8940   28.1718
    0.0000  -37.5000  -15.0000 7316.5029   28.1549
    7.5000  -37.5000  -15.0000 7053.4507   28.1019
   -7.5000  -30.0000  -15.0000 8038.5278   27.3615
    0.0000  -30.0000  -15.0000 8422.3584   27.3434
    7.5000  -30.0000  -15.0000 8115.3530   27.2766
   -7.5000  -22.5000  -15.0000 9215.8076   26.7920
    0.0000  -22.5000  -15.0000 9642.6426   26.7866
    7.5000  -22.5000  -15.0000 9280.1689   26.7281
   -7.5000  -15.0000  -15.000010469.4785   26.5492
    0.0000  -15.0000  -15.000010944.2207   26.5521
    7.5000  -15.0000  -15.000010520.3662   26.5045
   -7.5000   -7.5000  -15.000011742.7266   26.5228
    0.0000   -7.5000  -15.000012292.3428   26.5269
    7.5000   -7.5000  -15.000011773.2676   26.4912
   -7.5000    0.0000  -15.000012955.3623   26.5499
    0.0000    0.0000  -15.000013531.6768   26.5474
    7.5000    0.0000  -15.000012932.1865   26.5141
   -7.5000    7.5000  -15.000013157.8779   26.5960
    0.0000    7.5000  -15.000013768.2852   26.5826
    7.5000    7.5000  -15.000013124.5420   26.5355
   -7.5000   15.0000  -15.000013069.7930   26.6061
    0.0000   15.0000  -15.000013708.7090   26.5912
    7.5000   15.0000  -15.000013030.3115   26.5314
   -7.5000   22.5000  -15.000012884.8311   26.5628
    0.0000   22.5000  -15.000013546.7500   26.5575
    7.5000   22.5000  -15.000012839.1943   26.4995
   -7.5000   30.0000  -15.000012604.7070   26.1915
    0.0000   30.0000  -15.000013239.5469   26.1944
    7.5000   30.0000  -15.000012515.9629   26.1473
   -7.5000   37.5000  -15.000012766.5146   26.1795
    0.0000   37.5000  -15.000013434.8730   26.1836
    7.5000   37.5000  -15.000012651.2148   26.1483
   -7.5000   45.0000  -15.000012361.2041   25.5844
    0.0000   45.0000  -15.000013043.7471   25.5819
    7.5000   45.0000  -15.000012269.7822   25.5498
   -7.5000  -45.0000   -7.5000 6635.8003   29.5679
    0.0000  -45.0000   -7.5000 6955.4058   29.5630
    7.5000  -45.0000   -7.5000 6705.0918   29.5364
   -7.5000  -37.5000   -7.5000 7427.6929   28.4589
    0.0000  -37.5000   -7.5000 7777.7031   28.4436
    7.5000  -37.5000   -7.5000 7494.6313   28.4080
   -7.5000  -30.0000   -7.5000 8615.3223   27.6610
    0.0000  -30.0000   -7.5000 9008.7900   27.6456
    7.5000  -30.0000   -7.5000 8663.4170   27.5904
   -7.5000  -22.5000   -7.5000 9889.6748   27.0809
    0.0000  -22.5000   -7.500010331.0605   27.0761
    7.5000  -22.5000   -7.5000 9909.1104   27.0181
   -7.5000  -15.0000   -7.500011227.9014   26.8126
    0.0000  -15.0000   -7.500011722.5977   26.8163
    7.5000  -15.0000   -7.500011211.0000   26.7648
   -7.5000   -7.5000   -7.500012571.5967   26.7669
    0.0000   -7.5000   -7.500013115.2139   26.7743
    7.5000   -7.5000   -7.500012547.9131   26.7420
   -7.5000    0.0000   -7.500013862.3076   26.7967
    0.0000    0.0000   -7.500014445.4922   26.7978
    7.5000    0.0000   -7.500013798.7803   26.7786
   -7.5000    7.5000   -7.500014111.5605   26.8660
    0.0000    7.5000   -7.500014707.5566   26.8552
    7.5000    7.5000   -7.500013986.9531   26.8253
   -7.5000   15.0000   -7.500014006.6426   26.8973
    0.0000   15.0000   -7.500014646.6992   26.8843
    7.5000   15.0000   -7.500013875.0059   26.8353
   -7.5000   22.5000   -7.500013733.2607   26.8467
    0.0000   22.5000   -7.500014406.3291   26.8420
    7.5000   22.5000   -7.500013603.9414   26.7845
   -7.5000   30.0000   -7.500013388.9688   26.4505
    0.0000   30.0000   -7.500014025.7549   26.4543
    7.5000   30.0000   -7.500013239.4873   26.4033
   -7.5000   37.5000   -7.500013610.8955   26.4198
    0.0000   37.5000   -7.500014269.0752   26.4271
    7.5000   37.5000   -7.500013435.2949   26.3952
   -7.5000   45.0000   -7.500013212.4609   25.8270
    0.0000   45.0000   -7.500013867.9316   25.8281
    7.5000   45.0000   -7.500013022.1152   25.8096
   -7.5000  -45.0000    0.0000 6975.6431   29.5187
    0.0000  -45.0000    0.0000 7311.2598   29.5095
    7.5000  -45.0000    0.0000 7028.7397   29.4927
   -7.5000  -37.5000    0.0000 7851.0933   28.3984
    0.0000  -37.5000    0.0000 8192.8594   28.3856
    7.5000  -37.5000    0.0000 7887.1973   28.3723
   -7.5000  -30.0000    0.0000 9117.7012   27.6087
    0.0000  -30.0000    0.0000 9522.7646   27.6003
    7.5000  -30.0000    0.0000 9153.8828   27.5716
   -7.5000  -22.5000    0.000010462.9424   27.0410
    0.0000  -22.5000    0.000010915.7686   27.0402
    7.5000  -22.5000    0.000010457.2188   27.0001
   -7.5000  -15.0000    0.000011844.3682   26.7788
    0.0000  -15.0000    0.000012347.2002   26.7825
    7.5000  -15.0000    0.000011793.8613   26.7379
   -7.5000   -7.5000    0.000013277.3350   26.7267
    0.0000   -7.5000    0.000013814.7520   26.7316
    7.5000   -7.5000    0.000013187.2451   26.7029
   -7.5000    0.0000    0.000014649.0117   26.7471
    0.0000    0.0000    0.000015243.8867   26.7462
    7.5000    0.0000    0.000014526.8037   26.7369
   -7.5000    7.5000    0.000014917.0488   26.8122
    0.0000    7.5000    0.000015501.8057   26.8041
    7.5000    7.5000    0.000014754.4385   26.7944
   -7.5000   15.0000    0.000014879.1855   26.8482
    0.0000   15.0000    0.000015477.7891   26.8411
    7.5000   15.0000    0.000014704.8945   26.8168
   -7.5000   22.5000    0.000014559.7500   26.8081
    0.0000   22.5000    0.000015128.6279   26.8071
    7.5000   22.5000    0.000014338.6572   26.7674
   -7.5000   30.0000    0.000014179.0195   26.4178
    0.0000   30.0000    0.000014674.7646   26.4215
    7.5000   30.0000    0.000013917.2324   26.3774
   -7.5000   37.5000    0.000014388.7227   26.3808
    0.0000   37.5000    0.000014934.3477   26.3857
    7.5000   37.5000    0.000014106.9902   26.3573
   -7.5000   45.0000    0.000013964.0010   25.7811
    0.0000   45.0000    0.000014503.5098   25.7803
    7.5000   45.0000    0.000013683.7100   25.7713
   -7.5000  -45.0000    7.5000 6706.2139   29.4676
    0.0000  -45.0000    7.5000 7032.4404   29.4521
    7.5000  -45.0000    7.5000 6757.7686   29.4324
   -7.5000  -37.5000    7.5000 7606.0840   28.3169
    0.0000  -37.5000    7.5000 7960.5112   28.3029
    7.5000  -37.5000    7.5000 7645.7563   28.2928
   -7.5000  -30.0000    7.5000 8912.1787   27.5149
    0.0000  -30.0000    7.5000 9313.3945   27.5084
    7.5000  -30.0000    7.5000 8918.6338   27.4930
   -7.5000  -22.5000    7.500010248.9980   26.9664
    0.0000  -22.5000    7.500010681.0273   26.9669
    7.5000  -22.5000    7.500010209.7832   26.9431
   -7.5000  -15.0000    7.500011592.4746   26.7352
    0.0000  -15.0000    7.500012036.2100   26.7372
    7.5000  -15.0000    7.500011520.3398   26.7029
   -7.5000   -7.5000    7.500012963.7725   26.6958
    0.0000   -7.5000    7.500013450.3125   26.6947
    7.5000   -7.5000    7.500012868.5361   26.6657
   -7.5000    0.0000    7.500014280.7607   26.7031
    0.0000    0.0000    7.500014821.0654   26.6960
    7.5000    0.0000    7.500014152.5205   26.6814
   -7.5000    7.5000    7.500014591.0410   26.7400
    0.0000    7.5000    7.500015136.1494   26.7302
    7.5000    7.5000    7.500014468.0098   26.7219
   -7.5000   15.0000    7.500014754.8232   26.7592
    0.0000   15.0000    7.500015328.2676   26.7537
    7.5000   15.0000    7.500014558.2539   26.7418
   -7.5000   22.5000    7.500014570.1699   26.7347
    0.0000   22.5000    7.500015020.6367   26.7350
    7.5000   22.5000    7.500014286.5156   26.7113
   -7.5000   30.0000    7.500014045.2256   26.3748
    0.0000   30.0000    7.500014422.1514   26.3767
    7.5000   30.0000    7.500013766.9141   26.3428
   -7.5000   37.5000    7.500014199.0303   26.3503
    0.0000   37.5000    7.500014586.9443   26.3493
    7.5000   37.5000    7.500013915.7822   26.3206
   -7.5000   45.0000    7.500013776.6416   25.7387
    0.0000   45.0000    7.500014158.9844   25.7319
    7.5000   45.0000    7.500013492.0527   25.7178
   -7.5000  -45.0000   15.0000 6399.9932   29.5157
    0.0000  -45.0000   15.0000 6722.8569   29.4980
    7.5000  -45.0000   15.0000 6448.9355   29.4670
   -7.5000  -37.5000   15.0000 7300.8940   28.3438
    0.0000  -37.5000   15.0000 7648.5542   28.3265
    7.5000  -37.5000   15.0000 7340.3154   28.2997
   -7.5000  -30.0000   15.0000 8572.1348   27.5233
    0.0000  -30.0000   15.0000 8967.3457   27.5124
    7.5000  -30.0000   15.0000 8585.8301   27.4858
   -7.5000  -22.5000   15.0000 9858.3008   26.9834
    0.0000  -22.5000   15.000010303.0146   26.9818
    7.5000  -22.5000   15.0000 9835.1240   26.9569
   -7.5000  -15.0000   15.000011170.5312   26.7764
    0.0000  -15.0000   15.000011653.6055   26.7768
    7.5000  -15.0000   15.000011105.9209   26.7459
   -7.5000   -7.5000   15.000012483.4717   26.7527
    0.0000   -7.5000   15.000013019.3955   26.7482
    7.5000   -7.5000   15.000012391.3271   26.7159
   -7.5000    0.0000   15.000013679.1768   26.7535
    0.0000    0.0000   15.000014269.2295   26.7422
    7.5000    0.0000   15.000013604.3223   26.7140
   -7.5000    7.5000   15.000013945.3838   26.7669
    0.0000    7.5000   15.000014547.2549   26.7532
    7.5000    7.5000   15.000013891.5244   26.7285
   -7.5000   15.0000   15.000014117.6221   26.7677
    0.0000   15.0000   15.000014776.7949   26.7586
    7.5000   15.0000   15.000014032.2139   26.7362
   -7.5000   22.5000   15.000013947.1904   26.7513
    0.0000   22.5000   15.000014428.1611   26.7494
    7.5000   22.5000   15.000013931.2148   26.7248
   -7.5000   30.0000   15.000013517.3555   26.4156
    0.0000   30.0000   15.000013834.7432   26.4159
    7.5000   30.0000   15.000013517.6914   26.3854
   -7.5000   37.5000   15.000013700.1074   26.4065
    0.0000   37.5000   15.000013974.7744   26.4020
    7.5000   37.5000   15.000013591.0117   26.3702
   -7.5000   45.0000   15.000013311.1074   25.7873
    0.0000   45.0000   15.000013629.5176   25.7764
    7.5000   45.0000   15.000013140.1904   25.7492
   -7.5000  -45.0000   22.5000 6047.9883   29.6298
    0.0000  -45.0000   22.5000 6325.3906   29.6174
    7.5000  -45.0000   22.5000 6076.0747   29.5769
   -7.5000  -37.5000   22.5000 6919.5029   28.4676
    0.0000  -37.5000   22.5000 7261.5220   28.4497
    7.5000  -37.5000   22.5000 6938.1758   28.4015
   -7.5000  -30.0000   22.5000 8150.7661   27.6375
    0.0000  -30.0000   22.5000 8564.3145   27.6218
    7.5000  -30.0000   22.5000 8155.4834   27.5696
   -7.5000  -22.5000   22.5000 9405.0215   27.0825
    0.0000  -22.5000   22.5000 9850.9316   27.0787
    7.5000  -22.5000   22.5000 9381.9072   27.0364
   -7.5000  -15.0000   22.500010671.2383   26.8671
    0.0000  -15.0000   22.500011139.4033   26.8686
    7.5000  -15.0000   22.500010616.6865   26.8306
   -7.5000   -7.5000   22.500011869.7744   26.8496
    0.0000   -7.5000   22.500012402.8164   26.8478
    7.5000   -7.5000   22.500011824.4258   26.8121
   -7.5000    0.0000   22.500012989.6162   26.8612
    0.0000    0.0000   22.500013560.7568   26.8526
    7.5000    0.0000   22.500012975.1055   26.8149
   -7.5000    7.5000   22.500013241.4785   26.8801
    0.0000    7.5000   22.500013837.3818   26.8654
    7.5000    7.5000   22.500013239.0527   26.8213
   -7.5000   15.0000   22.500013252.9141   26.8767
    0.0000   15.0000   22.500013918.2344   26.8637
    7.5000   15.0000   22.500013296.8359   26.8175
   -7.5000   22.5000   22.500013120.6631   26.8485
    0.0000   22.5000   22.500013785.7891   26.8447
    7.5000   22.5000   22.500013216.8955   26.8028
   -7.5000   30.0000   22.500012923.8242   26.5052
    0.0000   30.0000   22.500013580.7178   26.5066
    7.5000   30.0000   22.500012973.7197   26.4690
   -7.5000   37.5000   22.500013163.6396   26.5021
    0.0000   37.5000   22.500013790.9707   26.5004
    7.5000   37.5000   22.500013122.5283   26.4651
   -7.5000   45.0000   22.500012747.7490   25.8911
    0.0000   45.0000   22.500013296.7432   25.8828
    7.5000   45.0000   22.500012646.8301   25.8465
   -7.5000  -45.0000   30.0000 5634.6519   29.7057
    0.0000  -45.0000   30.0000 5886.6606   29.6997
    7.5000  -45.0000   30.0000 5646.7505   29.6606
   -7.5000  -37.5000   30.0000 6484.2202   28.5733
    0.0000  -37.5000   30.0000 6761.6680   28.5561
    7.5000  -37.5000   30.0000 6481.2544   28.5023
   -7.5000  -30.0000   30.0000 7650.9653   27.7513
    0.0000  -30.0000   30.0000 7987.0474   27.7330
    7.5000  -30.0000   30.0000 7612.1558   27.6651
   -7.5000  -22.5000   30.0000 8810.1768   27.1734
    0.0000  -22.5000   30.0000 9214.0967   27.1679
    7.5000  -22.5000   30.0000 8761.9453   27.1086
   -7.5000  -15.0000   30.0000 9951.4229   26.9269
    0.0000  -15.0000   30.000010438.8096   26.9299
    7.5000  -15.0000   30.0000 9937.2988   26.8815
   -7.5000   -7.5000   30.000011083.7783   26.8999
    0.0000   -7.5000   30.000011659.8555   26.9042
    7.5000   -7.5000   30.000011097.5859   26.8679
   -7.5000    0.0000   30.000012233.2305   26.9275
    0.0000    0.0000   30.000012824.3740   26.9249
    7.5000    0.0000   30.000012217.6621   26.8910
   -7.5000    7.5000   30.000012504.7998   26.9744
    0.0000    7.5000   30.000013147.2393   26.9607
    7.5000    7.5000   30.000012473.6650   26.9129
   -7.5000   15.0000   30.000012511.0635   26.9847
    0.0000   15.0000   30.000013149.3594   26.9696
    7.5000   15.0000   30.000012517.4697   26.9089
   -7.5000   22.5000   30.000012330.9502   26.9380
    0.0000   22.5000   30.000012904.8721   26.9326
    7.5000   22.5000   30.000012345.4648   26.8737
   -7.5000   30.0000   30.000012065.5254   26.5641
    0.0000   30.0000   30.000012641.7783   26.5671
    7.5000   30.0000   30.000012056.9131   26.5192
   -7.5000   37.5000   30.000012219.5293   26.5518
    0.0000   37.5000   30.000012803.3174   26.5560
    7.5000   37.5000   30.000012197.4863   26.5201
   -7.5000   45.0000   30.000011889.9863   25.9550
    0.0000   45.0000   30.000012419.8574   25.9525
    7.5000   45.0000   30.000011823.8740   25.9198
   -7.5000  -45.0000   37.5000 5432.8638   29.7108
    0.0000  -45.0000   37.5000 5644.8813   29.7058
    7.5000  -45.0000   37.5000 5425.4375   29.6789
   -7.5000  -37.5000   37.5000 6231.9917   28.5955
    0.0000  -37.5000   37.5000 6472.6196   28.5800
    7.5000  -37.5000   37.5000 6191.4868   28.5442
   -7.5000  -30.0000   37.5000 7314.1616   27.7932
    0.0000  -30.0000   37.5000 7619.2104   27.7775
    7.5000  -30.0000   37.5000 7268.1431   27.7220
   -7.5000  -22.5000   37.5000 8406.5850   27.2091
    0.0000  -22.5000   37.5000 8823.2354   27.2041
    7.5000  -22.5000   37.5000 8386.9863   27.1456
   -7.5000  -15.0000   37.5000 9523.4072   26.9390
    0.0000  -15.0000   37.500010009.8936   26.9425
    7.5000  -15.0000   37.5000 9535.0820   26.8904
   -7.5000   -7.5000   37.500010692.7549   26.8930
    0.0000   -7.5000   37.500011233.8018   26.9003
    7.5000   -7.5000   37.500010684.7734   26.8676
   -7.5000    0.0000   37.500011805.3721   26.9228
    0.0000    0.0000   37.500012388.3154   26.9239
    7.5000    0.0000   37.500011776.9648   26.9045
   -7.5000    7.5000   37.500012050.0117   26.9924
    0.0000    7.5000   37.500012630.3037   26.9814
    7.5000    7.5000   37.500012005.3242   26.9514
   -7.5000   15.0000   37.500012009.6006   27.0239
    0.0000   15.0000   37.500012543.2959   27.0107
    7.5000   15.0000   37.500011978.4570   26.9614
   -7.5000   22.5000   37.500011818.3008   26.9733
    0.0000   22.5000   37.500012290.0264   26.9683
    7.5000   22.5000   37.500011758.6289   26.9103
   -7.5000   30.0000   37.500011552.5605   26.5758
    0.0000   30.0000   37.500012008.8311   26.5794
    7.5000   30.0000   37.500011491.0156   26.5279
   -7.5000   37.5000   37.500011658.7529   26.5449
    0.0000   37.5000   37.500012122.0166   26.5521
    7.5000   37.5000   37.500011628.2061   26.5198
   -7.5000   45.0000   37.500011344.9941   25.9505
    0.0000   45.0000   37.500011768.1045   25.9515
    7.5000   45.0000   37.500011300.3076   25.9328
   -7.5000  -45.0000   45.0000 4971.6255   29.9248
    0.0000  -45.0000   45.0000 5163.2754   29.9166
    7.5000  -45.0000   45.0000 4952.0239   29.8986
   -7.5000  -37.5000   45.0000 5699.6260   28.7700
    0.0000  -37.5000   45.0000 5927.7002   28.7580
    7.5000  -37.5000   45.0000 5664.1567   28.7443
   -7.5000  -30.0000   45.0000 6660.0327   27.9565
    0.0000  -30.0000   45.0000 6954.7222   27.9490
    7.5000  -30.0000   45.0000 6655.5752   27.9195
   -7.5000  -22.5000   45.0000 7666.2856   27.3717
    0.0000  -22.5000   45.0000 8042.1631   27.3717
    7.5000  -22.5000   45.0000 7678.8838   27.3298
   -7.5000  -15.0000   45.0000 8723.0078   27.1028
    0.0000  -15.0000   45.0000 9145.7002   27.1074
    7.5000  -15.0000   45.0000 8722.9912   27.0603
   -7.5000   -7.5000   45.0000 9791.9834   27.0508
    0.0000   -7.5000   45.000010230.6865   27.0569
    7.5000   -7.5000   45.0000 9739.5000   27.0261
   -7.5000    0.0000   45.000010796.0850   27.0724
    0.0000    0.0000   45.000011273.9414   27.0726
    7.5000    0.0000   45.000010743.5146   27.0624
   -7.5000    7.5000   45.000010982.5029   27.1384
    0.0000    7.5000   45.000011487.8652   27.1311
    7.5000    7.5000   45.000010938.6504   27.1213
   -7.5000   15.0000   45.000010943.5059   27.1736
    0.0000   15.0000   45.000011421.4385   27.1673
    7.5000   15.0000   45.000010914.1172   27.1424
   -7.5000   22.5000   45.000010775.7002   27.1319
    0.0000   22.5000   45.000011218.9502   27.1317
    7.5000   22.5000   45.000010751.7422   27.0902
   -7.5000   30.0000   45.000010529.1797   26.7348
    0.0000   30.0000   45.000010948.7979   26.7394
    7.5000   30.0000   45.000010505.3467   26.6929
   -7.5000   37.5000   45.000010607.2549   26.6984
    0.0000   37.5000   45.000011048.4180   26.7044
    7.5000   37.5000   45.000010609.7051   26.6740
   -7.5000   45.0000   45.000010332.9375   26.1065
    0.0000   45.0000   45.000010729.3721   26.1067
    7.5000   45.0000   45.000010333.8633   26.0969

---------------------------------------------------------------------
imgreg_4dfp /opt/freesurfer/average/711-2C_as_mni_average_305 /opt/freesurfer/average/711-2B_as_mni_average_305_mask talsrcimg_g11 none talsrcimg_to_711-2C_as_mni_average_305_t4 4355
---------------------------------------------------------------------

freesurfer imgreg_4dfp.c
/opt/freesurfer/average/711-2C_as_mni_average_305.4dfp.img
       256       256       256         1
  1.000000  1.000000  1.000000
orientation T byte_order littleendian
Reading image: /opt/freesurfer/average/711-2C_as_mni_average_305.4dfp.img
dimensions:      256       256       256
mmppix:       1.0000   -1.0000   -1.0000
center:     128.0000 -129.0000 -129.0000
/opt/freesurfer/average/711-2B_as_mni_average_305_mask.4dfp.img
       256       256       256         1
  1.000000  1.000000  1.000000
orientation T byte_order littleendian
Reading mask: /opt/freesurfer/average/711-2B_as_mni_average_305_mask.4dfp.img (2306576 pixels)
talsrcimg_g11.4dfp.img
       256       256       256         1
  1.000000  1.000000  1.000000
orientation T byte_order littleendian
Reading image: talsrcimg_g11.4dfp.img
dimensions:      256       256       256
mmppix:       1.0000   -1.0000   -1.0000
center:     128.0000 -129.0000 -129.0000
rotation matrix determinant  1.000000
image alignment mode   4355 decimal     1103 hex
   -7.5000  -37.5000  -45.0000 1542.3843   45.7013
    0.0000  -37.5000  -45.0000 1556.4409   45.6994
    7.5000  -37.5000  -45.0000 1548.4045   45.9983
   -7.5000  -30.0000  -45.0000 1663.8383   39.5841
    0.0000  -30.0000  -45.0000 1674.3170   39.4262
    7.5000  -30.0000  -45.0000 1666.7186   39.8022
   -7.5000  -22.5000  -45.0000 1791.2700   34.8072
    0.0000  -22.5000  -45.0000 1793.6049   34.5309
    7.5000  -22.5000  -45.0000 1786.4807   34.7188
   -7.5000  -15.0000  -45.0000 1890.0245   30.9065
    0.0000  -15.0000  -45.0000 1899.3518   30.6647
    7.5000  -15.0000  -45.0000 1893.9380   30.8459
   -7.5000   -7.5000  -45.0000 1985.2141   27.9176
    0.0000   -7.5000  -45.0000 1996.3324   27.7004
    7.5000   -7.5000  -45.0000 1986.6288   27.9116
   -7.5000    0.0000  -45.0000 2074.2766   25.7163
    0.0000    0.0000  -45.0000 2086.2927   25.5753
    7.5000    0.0000  -45.0000 2074.9048   25.7428
   -7.5000    7.5000  -45.0000 2140.8772   24.1190
    0.0000    7.5000  -45.0000 2149.6543   23.9806
    7.5000    7.5000  -45.0000 2145.9673   24.1189
   -7.5000   15.0000  -45.0000 2173.8967   22.9234
    0.0000   15.0000  -45.0000 2186.9333   22.7816
    7.5000   15.0000  -45.0000 2176.0891   22.9094
   -7.5000   22.5000  -45.0000 2191.5881   22.2121
    0.0000   22.5000  -45.0000 2203.1750   22.0220
    7.5000   22.5000  -45.0000 2199.8066   22.2474
   -7.5000   30.0000  -45.0000 2193.0981   22.0392
    0.0000   30.0000  -45.0000 2211.2415   21.8563
    7.5000   30.0000  -45.0000 2198.8887   22.0578
   -7.5000   37.5000  -45.0000 2183.6069   22.2316
    0.0000   37.5000  -45.0000 2205.1606   22.0141
    7.5000   37.5000  -45.0000 2189.6848   22.1730
   -7.5000   45.0000  -45.0000 2158.1807   22.9865
    0.0000   45.0000  -45.0000 2174.8147   22.7050
    7.5000   45.0000  -45.0000 2157.2646   22.8738
   -7.5000   52.5000  -45.0000 2093.7131   24.0209
    0.0000   52.5000  -45.0000 2112.2251   23.6946
    7.5000   52.5000  -45.0000 2096.9304   23.9401
   -7.5000  -37.5000  -37.5000 1598.2638   42.8331
    0.0000  -37.5000  -37.5000 1612.0851   42.5016
    7.5000  -37.5000  -37.5000 1610.8131   42.9807
   -7.5000  -30.0000  -37.5000 1721.1125   36.9091
    0.0000  -30.0000  -37.5000 1729.0898   36.5735
    7.5000  -30.0000  -37.5000 1729.6071   36.9043
   -7.5000  -22.5000  -37.5000 1849.0461   32.2790
    0.0000  -22.5000  -37.5000 1854.1663   32.0188
    7.5000  -22.5000  -37.5000 1852.9012   32.2105
   -7.5000  -15.0000  -37.5000 1962.3419   28.6227
    0.0000  -15.0000  -37.5000 1968.3835   28.4134
    7.5000  -15.0000  -37.5000 1966.3577   28.5419
   -7.5000   -7.5000  -37.5000 2069.1248   25.8508
    0.0000   -7.5000  -37.5000 2078.8823   25.7094
    7.5000   -7.5000  -37.5000 2076.4102   25.8129
   -7.5000    0.0000  -37.5000 2165.4856   23.7784
    0.0000    0.0000  -37.5000 2177.4995   23.6628
    7.5000    0.0000  -37.5000 2171.9958   23.7825
   -7.5000    7.5000  -37.5000 2237.0503   22.1875
    0.0000    7.5000  -37.5000 2255.6780   22.1801
    7.5000    7.5000  -37.5000 2245.6753   22.2379
   -7.5000   15.0000  -37.5000 2270.1821   21.0893
    0.0000   15.0000  -37.5000 2288.2156   21.0535
    7.5000   15.0000  -37.5000 2280.3289   21.1604
   -7.5000   22.5000  -37.5000 2282.2751   20.4246
    0.0000   22.5000  -37.5000 2304.7375   20.3535
    7.5000   22.5000  -37.5000 2294.6128   20.5251
   -7.5000   30.0000  -37.5000 2282.7959   20.2535
    0.0000   30.0000  -37.5000 2308.2056   20.1474
    7.5000   30.0000  -37.5000 2293.6743   20.2610
   -7.5000   37.5000  -37.5000 2280.1882   20.3195
    0.0000   37.5000  -37.5000 2298.1106   20.1852
    7.5000   37.5000  -37.5000 2287.7896   20.3075
   -7.5000   45.0000  -37.5000 2258.2224   20.9488
    0.0000   45.0000  -37.5000 2275.6550   20.7758
    7.5000   45.0000  -37.5000 2265.9136   20.9109
   -7.5000   52.5000  -37.5000 2201.3455   21.8868
    0.0000   52.5000  -37.5000 2220.5864   21.7142
    7.5000   52.5000  -37.5000 2207.8997   21.8673
   -7.5000  -37.5000  -30.0000 1677.5809   41.4780
    0.0000  -37.5000  -30.0000 1683.2994   41.1879
    7.5000  -37.5000  -30.0000 1684.2679   41.5529
   -7.5000  -30.0000  -30.0000 1806.9384   35.5352
    0.0000  -30.0000  -30.0000 1810.6859   35.2297
    7.5000  -30.0000  -30.0000 1817.8583   35.5592
   -7.5000  -22.5000  -30.0000 1940.6849   31.1666
    0.0000  -22.5000  -30.0000 1953.8524   30.8938
    7.5000  -22.5000  -30.0000 1952.5992   31.0489
   -7.5000  -15.0000  -30.0000 2069.3147   27.7654
    0.0000  -15.0000  -30.0000 2079.9490   27.5388
    7.5000  -15.0000  -30.0000 2075.6289   27.6268
   -7.5000   -7.5000  -30.0000 2186.9873   24.9682
    0.0000   -7.5000  -30.0000 2201.2839   24.8793
    7.5000   -7.5000  -30.0000 2197.4084   24.9617
   -7.5000    0.0000  -30.0000 2289.9622   22.7941
    0.0000    0.0000  -30.0000 2302.0186   22.7808
    7.5000    0.0000  -30.0000 2298.5864   22.8745
   -7.5000    7.5000  -30.0000 2368.0461   21.2324
    0.0000    7.5000  -30.0000 2382.9209   21.2116
    7.5000    7.5000  -30.0000 2376.6545   21.2531
   -7.5000   15.0000  -30.0000 2405.3220   20.1432
    0.0000   15.0000  -30.0000 2423.8804   20.1436
    7.5000   15.0000  -30.0000 2416.4265   20.2045
   -7.5000   22.5000  -30.0000 2429.2534   19.5229
    0.0000   22.5000  -30.0000 2450.2090   19.5181
    7.5000   22.5000  -30.0000 2437.1272   19.6050
   -7.5000   30.0000  -30.0000 2440.8882   19.3647
    0.0000   30.0000  -30.0000 2462.1772   19.2716
    7.5000   30.0000  -30.0000 2444.5125   19.3643
   -7.5000   37.5000  -30.0000 2435.9355   19.4504
    0.0000   37.5000  -30.0000 2452.8586   19.3855
    7.5000   37.5000  -30.0000 2438.0642   19.4642
   -7.5000   45.0000  -30.0000 2405.5784   20.0006
    0.0000   45.0000  -30.0000 2433.8728   19.8938
    7.5000   45.0000  -30.0000 2414.7588   19.9903
   -7.5000   52.5000  -30.0000 2339.0830   20.8775
    0.0000   52.5000  -30.0000 2367.3894   20.7655
    7.5000   52.5000  -30.0000 2349.2856   20.8723
   -7.5000  -37.5000  -22.5000 1742.3939   40.4945
    0.0000  -37.5000  -22.5000 1750.4875   40.0720
    7.5000  -37.5000  -22.5000 1747.8521   40.4012
   -7.5000  -30.0000  -22.5000 1875.9165   34.4793
    0.0000  -30.0000  -22.5000 1887.4828   34.2197
    7.5000  -30.0000  -22.5000 1882.7400   34.4215
   -7.5000  -22.5000  -22.5000 2020.3251   30.1536
    0.0000  -22.5000  -22.5000 2030.6849   29.9044
    7.5000  -22.5000  -22.5000 2025.6510   29.9149
   -7.5000  -15.0000  -22.5000 2153.6841   26.6874
    0.0000  -15.0000  -22.5000 2168.2429   26.4997
    7.5000  -15.0000  -22.5000 2160.9548   26.5290
   -7.5000   -7.5000  -22.5000 2280.4912   23.9919
    0.0000   -7.5000  -22.5000 2297.8657   23.8738
    7.5000   -7.5000  -22.5000 2288.8877   23.9056
   -7.5000    0.0000  -22.5000 2390.8999   21.8829
    0.0000    0.0000  -22.5000 2404.6121   21.7935
    7.5000    0.0000  -22.5000 2396.6738   21.8380
   -7.5000    7.5000  -22.5000 2471.9773   20.3151
    0.0000    7.5000  -22.5000 2488.5759   20.1793
    7.5000    7.5000  -22.5000 2476.8523   20.2089
   -7.5000   15.0000  -22.5000 2521.4380   19.1995
    0.0000   15.0000  -22.5000 2541.0972   19.1475
    7.5000   15.0000  -22.5000 2530.6333   19.1827
   -7.5000   22.5000  -22.5000 2563.0747   18.5701
    0.0000   22.5000  -22.5000 2579.5344   18.5364
    7.5000   22.5000  -22.5000 2566.5276   18.5729
   -7.5000   30.0000  -22.5000 2588.5366   18.3472
    0.0000   30.0000  -22.5000 2603.9268   18.2815
    7.5000   30.0000  -22.5000 2585.5552   18.3649
   -7.5000   37.5000  -22.5000 2580.9023   18.4990
    0.0000   37.5000  -22.5000 2598.8652   18.4612
    7.5000   37.5000  -22.5000 2576.4429   18.5493
   -7.5000   45.0000  -22.5000 2540.3774   19.0538
    0.0000   45.0000  -22.5000 2566.4531   19.0068
    7.5000   45.0000  -22.5000 2542.5059   19.1092
   -7.5000   52.5000  -22.5000 2463.3428   19.8816
    0.0000   52.5000  -22.5000 2492.1536   19.8128
    7.5000   52.5000  -22.5000 2466.0996   19.9419
   -7.5000  -37.5000  -15.0000 1776.6150   39.2510
    0.0000  -37.5000  -15.0000 1787.5620   38.8485
    7.5000  -37.5000  -15.0000 1783.1412   39.0504
   -7.5000  -30.0000  -15.0000 1922.4808   33.4790
    0.0000  -30.0000  -15.0000 1933.5513   33.1509
    7.5000  -30.0000  -15.0000 1927.3235   33.3064
   -7.5000  -22.5000  -15.0000 2068.6411   29.1529
    0.0000  -22.5000  -15.0000 2081.6694   28.8538
    7.5000  -22.5000  -15.0000 2077.1213   28.9631
   -7.5000  -15.0000  -15.0000 2210.3433   25.8164
    0.0000  -15.0000  -15.0000 2224.3367   25.4649
    7.5000  -15.0000  -15.0000 2222.1172   25.5672
   -7.5000   -7.5000  -15.0000 2337.5784   23.0796
    0.0000   -7.5000  -15.0000 2358.9875   22.8321
    7.5000   -7.5000  -15.0000 2353.9226   22.9261
   -7.5000    0.0000  -15.0000 2451.2068   20.9639
    0.0000    0.0000  -15.0000 2468.8845   20.7686
    7.5000    0.0000  -15.0000 2460.8699   20.7773
   -7.5000    7.5000  -15.0000 2543.4937   19.4266
    0.0000    7.5000  -15.0000 2564.1343   19.2962
    7.5000    7.5000  -15.0000 2551.9443   19.2989
   -7.5000   15.0000  -15.0000 2605.9011   18.3366
    0.0000   15.0000  -15.0000 2624.4209   18.2264
    7.5000   15.0000  -15.0000 2610.1294   18.2364
   -7.5000   22.5000  -15.0000 2657.6909   17.6136
    0.0000   22.5000  -15.0000 2678.0198   17.5441
    7.5000   22.5000  -15.0000 2658.5667   17.5800
   -7.5000   30.0000  -15.0000 2692.1177   17.3045
    0.0000   30.0000  -15.0000 2706.4763   17.2519
    7.5000   30.0000  -15.0000 2684.6411   17.3078
   -7.5000   37.5000  -15.0000 2689.2749   17.5327
    0.0000   37.5000  -15.0000 2710.8909   17.5118
    7.5000   37.5000  -15.0000 2678.8162   17.6100
   -7.5000   45.0000  -15.0000 2655.4468   18.1003
    0.0000   45.0000  -15.0000 2680.6411   18.0821
    7.5000   45.0000  -15.0000 2646.4800   18.1827
   -7.5000   52.5000  -15.0000 2570.2754   18.9486
    0.0000   52.5000  -15.0000 2596.0142   18.8781
    7.5000   52.5000  -15.0000 2559.9795   18.9924
   -7.5000  -37.5000   -7.5000 1797.9912   37.9849
    0.0000  -37.5000   -7.5000 1809.4994   37.5320
    7.5000  -37.5000   -7.5000 1804.3331   37.9063
   -7.5000  -30.0000   -7.5000 1952.6311   32.4290
    0.0000  -30.0000   -7.5000 1965.1327   32.0141
    7.5000  -30.0000   -7.5000 1959.9680   32.3256
   -7.5000  -22.5000   -7.5000 2103.7502   28.2101
    0.0000  -22.5000   -7.5000 2118.1277   27.8090
    7.5000  -22.5000   -7.5000 2112.3867   28.0124
   -7.5000  -15.0000   -7.5000 2246.1960   24.9039
    0.0000  -15.0000   -7.5000 2265.1794   24.4635
    7.5000  -15.0000   -7.5000 2256.4006   24.6262
   -7.5000   -7.5000   -7.5000 2380.2637   22.2105
    0.0000   -7.5000   -7.5000 2396.9426   21.8420
    7.5000   -7.5000   -7.5000 2393.0510   22.0063
   -7.5000    0.0000   -7.5000 2497.8215   20.1079
    0.0000    0.0000   -7.5000 2512.9614   19.8518
    7.5000    0.0000   -7.5000 2507.2356   19.9602
   -7.5000    7.5000   -7.5000 2601.3003   18.5765
    0.0000    7.5000   -7.5000 2620.1885   18.3635
    7.5000    7.5000   -7.5000 2606.2581   18.4497
   -7.5000   15.0000   -7.5000 2680.2771   17.4995
    0.0000   15.0000   -7.5000 2699.1738   17.3514
    7.5000   15.0000   -7.5000 2678.7061   17.4149
   -7.5000   22.5000   -7.5000 2732.6406   16.7112
    0.0000   22.5000   -7.5000 2759.1545   16.6348
    7.5000   22.5000   -7.5000 2729.9377   16.6952
   -7.5000   30.0000   -7.5000 2773.7400   16.3147
    0.0000   30.0000   -7.5000 2794.1167   16.2850
    7.5000   30.0000   -7.5000 2760.5940   16.3537
   -7.5000   37.5000   -7.5000 2776.6541   16.5915
    0.0000   37.5000   -7.5000 2800.1819   16.5629
    7.5000   37.5000   -7.5000 2762.7075   16.6251
   -7.5000   45.0000   -7.5000 2744.5132   17.1829
    0.0000   45.0000   -7.5000 2768.2009   17.1256
    7.5000   45.0000   -7.5000 2726.9688   17.2255
   -7.5000   52.5000   -7.5000 2652.2891   17.9761
    0.0000   52.5000   -7.5000 2671.0056   17.9081
    7.5000   52.5000   -7.5000 2635.1667   18.0745
   -7.5000  -37.5000    0.0000 1815.9227   37.3510
    0.0000  -37.5000    0.0000 1824.8605   36.8490
    7.5000  -37.5000    0.0000 1820.0890   37.3152
   -7.5000  -30.0000    0.0000 1969.4423   31.8405
    0.0000  -30.0000    0.0000 1984.0898   31.3021
    7.5000  -30.0000    0.0000 1981.2942   31.7302
   -7.5000  -22.5000    0.0000 2119.9817   27.5865
    0.0000  -22.5000    0.0000 2134.3333   27.0980
    7.5000  -22.5000    0.0000 2135.7827   27.4460
   -7.5000  -15.0000    0.0000 2257.1511   24.2047
    0.0000  -15.0000    0.0000 2275.9771   23.7628
    7.5000  -15.0000    0.0000 2270.0381   24.0725
   -7.5000   -7.5000    0.0000 2396.5725   21.5304
    0.0000   -7.5000    0.0000 2413.6035   21.1488
    7.5000   -7.5000    0.0000 2405.0686   21.4344
   -7.5000    0.0000    0.0000 2523.9897   19.4819
    0.0000    0.0000    0.0000 2538.0706   19.1599
    7.5000    0.0000    0.0000 2528.6084   19.4100
   -7.5000    7.5000    0.0000 2637.6377   17.9757
    0.0000    7.5000    0.0000 2655.7183   17.7178
    7.5000    7.5000    0.0000 2638.5767   17.9371
   -7.5000   15.0000    0.0000 2732.5222   16.8985
    0.0000   15.0000    0.0000 2750.4395   16.6805
    7.5000   15.0000    0.0000 2729.3455   16.8817
   -7.5000   22.5000    0.0000 2793.1899   16.0915
    0.0000   22.5000    0.0000 2822.8391   15.9176
    7.5000   22.5000    0.0000 2791.8762   16.0731
   -7.5000   30.0000    0.0000 2845.2612   15.6487
    0.0000   30.0000    0.0000 2868.1582   15.4886
    7.5000   30.0000    0.0000 2827.7991   15.6475
   -7.5000   37.5000    0.0000 2854.7883   15.8717
    0.0000   37.5000    0.0000 2869.4600   15.7480
    7.5000   37.5000    0.0000 2827.7451   15.8783
   -7.5000   45.0000    0.0000 2805.3623   16.4336
    0.0000   45.0000    0.0000 2816.9932   16.3442
    7.5000   45.0000    0.0000 2784.4983   16.4804
   -7.5000   52.5000    0.0000 2703.7937   17.2487
    0.0000   52.5000    0.0000 2717.0791   17.1234
    7.5000   52.5000    0.0000 2688.2881   17.3416
   -7.5000  -37.5000    7.5000 1821.7438   37.3838
    0.0000  -37.5000    7.5000 1831.7626   36.8317
    7.5000  -37.5000    7.5000 1825.9675   37.3372
   -7.5000  -30.0000    7.5000 1983.3259   31.9034
    0.0000  -30.0000    7.5000 1998.9908   31.3136
    7.5000  -30.0000    7.5000 1995.3661   31.7570
   -7.5000  -22.5000    7.5000 2135.0903   27.5502
    0.0000  -22.5000    7.5000 2153.5554   27.0306
    7.5000  -22.5000    7.5000 2141.9934   27.3597
   -7.5000  -15.0000    7.5000 2266.4829   23.9885
    0.0000  -15.0000    7.5000 2284.0547   23.4649
    7.5000  -15.0000    7.5000 2276.0481   23.8913
   -7.5000   -7.5000    7.5000 2399.1194   21.2653
    0.0000   -7.5000    7.5000 2415.7419   20.8086
    7.5000   -7.5000    7.5000 2411.5046   21.2323
   -7.5000    0.0000    7.5000 2526.5801   19.2086
    0.0000    0.0000    7.5000 2543.5007   18.8327
    7.5000    0.0000    7.5000 2536.6721   19.2271
   -7.5000    7.5000    7.5000 2650.9128   17.7030
    0.0000    7.5000    7.5000 2666.0059   17.3783
    7.5000    7.5000    7.5000 2656.6853   17.7345
   -7.5000   15.0000    7.5000 2758.4348   16.6261
    0.0000   15.0000    7.5000 2773.1042   16.3236
    7.5000   15.0000    7.5000 2759.4639   16.6251
   -7.5000   22.5000    7.5000 2845.4031   15.8080
    0.0000   22.5000    7.5000 2873.6274   15.5356
    7.5000   22.5000    7.5000 2843.4521   15.8181
   -7.5000   30.0000    7.5000 2902.4714   15.2673
    0.0000   30.0000    7.5000 2923.2852   14.9460
    7.5000   30.0000    7.5000 2881.5676   15.2880
   -7.5000   37.5000    7.5000 2910.9512   15.4155
    0.0000   37.5000    7.5000 2915.3684   15.1935
    7.5000   37.5000    7.5000 2874.9890   15.4448
   -7.5000   45.0000    7.5000 2853.6562   16.0945
    0.0000   45.0000    7.5000 2849.1624   15.8872
    7.5000   45.0000    7.5000 2827.1648   16.1537
   -7.5000   52.5000    7.5000 2740.7253   16.9517
    0.0000   52.5000    7.5000 2746.5496   16.7555
    7.5000   52.5000    7.5000 2724.7078   17.0331
   -7.5000  -37.5000   15.0000 1816.2301   38.1760
    0.0000  -37.5000   15.0000 1828.9918   37.6657
    7.5000  -37.5000   15.0000 1822.1630   38.1196
   -7.5000  -30.0000   15.0000 1981.9403   32.4020
    0.0000  -30.0000   15.0000 2001.7159   31.8049
    7.5000  -30.0000   15.0000 1993.1815   32.1703
   -7.5000  -22.5000   15.0000 2128.1855   27.7314
    0.0000  -22.5000   15.0000 2143.9924   27.2486
    7.5000  -22.5000   15.0000 2132.2354   27.5700
   -7.5000  -15.0000   15.0000 2255.6243   24.0564
    0.0000  -15.0000   15.0000 2273.7749   23.7298
    7.5000  -15.0000   15.0000 2262.5806   24.1066
   -7.5000   -7.5000   15.0000 2386.4802   21.3209
    0.0000   -7.5000   15.0000 2402.7744   21.0064
    7.5000   -7.5000   15.0000 2393.4905   21.3778
   -7.5000    0.0000   15.0000 2511.3535   19.2566
    0.0000    0.0000   15.0000 2527.6096   18.9805
    7.5000    0.0000   15.0000 2515.5967   19.3278
   -7.5000    7.5000   15.0000 2634.9446   17.6370
    0.0000    7.5000   15.0000 2653.6555   17.3914
    7.5000    7.5000   15.0000 2638.5681   17.7495
   -7.5000   15.0000   15.0000 2746.1218   16.4820
    0.0000   15.0000   15.0000 2761.2676   16.2459
    7.5000   15.0000   15.0000 2743.7446   16.6066
   -7.5000   22.5000   15.0000 2842.8608   15.7103
    0.0000   22.5000   15.0000 2865.9121   15.4624
    7.5000   22.5000   15.0000 2846.3142   15.8316
   -7.5000   30.0000   15.0000 2904.8235   15.2682
    0.0000   30.0000   15.0000 2930.9841   14.9213
    7.5000   30.0000   15.0000 2903.7371   15.4788
   -7.5000   37.5000   15.0000 2920.2227   15.3436
    0.0000   37.5000   15.0000 2930.0435   15.0257
    7.5000   37.5000   15.0000 2892.8650   15.5689
   -7.5000   45.0000   15.0000 2859.5789   15.9768
    0.0000   45.0000   15.0000 2862.0217   15.7719
    7.5000   45.0000   15.0000 2829.1985   16.0802
   -7.5000   52.5000   15.0000 2732.8147   16.8569
    0.0000   52.5000   15.0000 2747.9617   16.6664
    7.5000   52.5000   15.0000 2721.6294   16.8577
   -7.5000  -37.5000   22.5000 1789.8613   39.2906
    0.0000  -37.5000   22.5000 1799.1219   38.8236
    7.5000  -37.5000   22.5000 1794.2445   39.2410
   -7.5000  -30.0000   22.5000 1960.7737   33.1740
    0.0000  -30.0000   22.5000 1979.7493   32.8933
    7.5000  -30.0000   22.5000 1967.2518   33.2429
   -7.5000  -22.5000   22.5000 2104.6809   28.2917
    0.0000  -22.5000   22.5000 2122.5442   28.0144
    7.5000  -22.5000   22.5000 2110.0581   28.3554
   -7.5000  -15.0000   22.5000 2240.6162   24.5235
    0.0000  -15.0000   22.5000 2254.6956   24.2460
    7.5000  -15.0000   22.5000 2244.2791   24.7055
   -7.5000   -7.5000   22.5000 2367.7473   21.6689
    0.0000   -7.5000   22.5000 2382.4719   21.3955
    7.5000   -7.5000   22.5000 2372.2578   21.8253
   -7.5000    0.0000   22.5000 2485.2568   19.5183
    0.0000    0.0000   22.5000 2499.5823   19.2813
    7.5000    0.0000   22.5000 2490.8018   19.7318
   -7.5000    7.5000   22.5000 2612.0510   17.9489
    0.0000    7.5000   22.5000 2626.9309   17.7149
    7.5000    7.5000   22.5000 2616.5754   18.1768
   -7.5000   15.0000   22.5000 2729.5842   16.8712
    0.0000   15.0000   22.5000 2742.2710   16.6604
    7.5000   15.0000   22.5000 2726.8118   17.0453
   -7.5000   22.5000   22.5000 2833.8320   16.0969
    0.0000   22.5000   22.5000 2860.8826   15.9791
    7.5000   22.5000   22.5000 2822.6606   16.3605
   -7.5000   30.0000   22.5000 2891.7383   15.8080
    0.0000   30.0000   22.5000 2922.6584   15.6973
    7.5000   30.0000   22.5000 2873.3738   16.0592
   -7.5000   37.5000   22.5000 2899.1277   15.9362
    0.0000   37.5000   22.5000 2923.5857   15.8571
    7.5000   37.5000   22.5000 2868.3267   16.1145
   -7.5000   45.0000   22.5000 2847.4009   16.4116
    0.0000   45.0000   22.5000 2860.9265   16.3316
    7.5000   45.0000   22.5000 2813.8027   16.5531
   -7.5000   52.5000   22.5000 2717.2146   17.2010
    0.0000   52.5000   22.5000 2732.9258   17.0413
    7.5000   52.5000   22.5000 2704.4780   17.2276
   -7.5000  -37.5000   30.0000 1751.3553   40.9074
    0.0000  -37.5000   30.0000 1760.7880   40.6274
    7.5000  -37.5000   30.0000 1751.5381   41.1650
   -7.5000  -30.0000   30.0000 1924.4396   34.5165
    0.0000  -30.0000   30.0000 1936.4237   34.2629
    7.5000  -30.0000   30.0000 1921.6726   34.6795
   -7.5000  -22.5000   30.0000 2072.3044   29.2462
    0.0000  -22.5000   30.0000 2088.7246   29.0102
    7.5000  -22.5000   30.0000 2076.7139   29.4877
   -7.5000  -15.0000   30.0000 2208.9941   25.3165
    0.0000  -15.0000   30.0000 2225.5093   25.1109
    7.5000  -15.0000   30.0000 2213.7595   25.5789
   -7.5000   -7.5000   30.0000 2335.0100   22.4240
    0.0000   -7.5000   30.0000 2355.5488   22.2966
    7.5000   -7.5000   30.0000 2340.6047   22.7368
   -7.5000    0.0000   30.0000 2458.7346   20.3433
    0.0000    0.0000   30.0000 2473.2070   20.2087
    7.5000    0.0000   30.0000 2457.3521   20.6809
   -7.5000    7.5000   30.0000 2589.3772   18.8327
    0.0000    7.5000   30.0000 2604.0352   18.6779
    7.5000    7.5000   30.0000 2580.0273   19.1127
   -7.5000   15.0000   30.0000 2698.0720   17.7083
    0.0000   15.0000   30.0000 2714.4453   17.5692
    7.5000   15.0000   30.0000 2685.3809   17.9403
   -7.5000   22.5000   30.0000 2791.1987   16.8996
    0.0000   22.5000   30.0000 2806.4685   16.6967
    7.5000   22.5000   30.0000 2768.2183   17.1572
   -7.5000   30.0000   30.0000 2837.4229   16.5857
    0.0000   30.0000   30.0000 2856.4424   16.4088
    7.5000   30.0000   30.0000 2814.8872   16.7607
   -7.5000   37.5000   30.0000 2836.9463   16.6307
    0.0000   37.5000   30.0000 2856.7622   16.5234
    7.5000   37.5000   30.0000 2821.3022   16.7586
   -7.5000   45.0000   30.0000 2793.4126   17.1211
    0.0000   45.0000   30.0000 2801.2830   17.0318
    7.5000   45.0000   30.0000 2763.0012   17.2740
   -7.5000   52.5000   30.0000 2672.5464   17.9216
    0.0000   52.5000   30.0000 2685.3093   17.8261
    7.5000   52.5000   30.0000 2657.5715   17.9988
   -7.5000  -37.5000   37.5000 1708.1796   43.0607
    0.0000  -37.5000   37.5000 1710.2528   42.6361
    7.5000  -37.5000   37.5000 1695.7955   43.3030
   -7.5000  -30.0000   37.5000 1873.6984   36.0675
    0.0000  -30.0000   37.5000 1880.8535   35.8234
    7.5000  -30.0000   37.5000 1866.5070   36.2767
   -7.5000  -22.5000   37.5000 2025.7063   30.6137
    0.0000  -22.5000   37.5000 2039.6195   30.4486
    7.5000  -22.5000   37.5000 2026.1764   30.8865
   -7.5000  -15.0000   37.5000 2165.0913   26.5566
    0.0000  -15.0000   37.5000 2183.0581   26.4791
    7.5000  -15.0000   37.5000 2168.7327   26.9349
   -7.5000   -7.5000   37.5000 2301.6118   23.6510
    0.0000   -7.5000   37.5000 2317.1582   23.6292
    7.5000   -7.5000   37.5000 2293.6602   24.0659
   -7.5000    0.0000   37.5000 2425.3660   21.5570
    0.0000    0.0000   37.5000 2439.8889   21.4785
    7.5000    0.0000   37.5000 2411.7605   21.9108
   -7.5000    7.5000   37.5000 2548.6077   19.9308
    0.0000    7.5000   37.5000 2560.7161   19.8230
    7.5000    7.5000   37.5000 2532.2903   20.2104
   -7.5000   15.0000   37.5000 2649.2566   18.7024
    0.0000   15.0000   37.5000 2664.4072   18.4881
    7.5000   15.0000   37.5000 2631.8618   18.9474
   -7.5000   22.5000   37.5000 2724.5317   17.8947
    0.0000   22.5000   37.5000 2737.4739   17.6340
    7.5000   22.5000   37.5000 2693.5789   18.0566
   -7.5000   30.0000   37.5000 2759.1936   17.6029
    0.0000   30.0000   37.5000 2772.6047   17.3576
    7.5000   30.0000   37.5000 2734.8342   17.6616
   -7.5000   37.5000   37.5000 2753.5471   17.5900
    0.0000   37.5000   37.5000 2768.1714   17.4070
    7.5000   37.5000   37.5000 2737.6077   17.6878
   -7.5000   45.0000   37.5000 2709.7976   18.0466
    0.0000   45.0000   37.5000 2714.9639   17.8955
    7.5000   45.0000   37.5000 2688.4155   18.2093
   -7.5000   52.5000   37.5000 2606.9312   18.8046
    0.0000   52.5000   37.5000 2612.7188   18.6238
    7.5000   52.5000   37.5000 2590.0103   18.8901
   -7.5000  -37.5000   45.0000 1651.7745   46.1917
    0.0000  -37.5000   45.0000 1651.5281   45.8693
    7.5000  -37.5000   45.0000 1642.0834   46.5454
   -7.5000  -30.0000   45.0000 1813.8989   38.2977
    0.0000  -30.0000   45.0000 1818.1304   38.2083
    7.5000  -30.0000   45.0000 1809.6938   38.7493
   -7.5000  -22.5000   45.0000 1964.6443   32.4345
    0.0000  -22.5000   45.0000 1974.6937   32.4342
    7.5000  -22.5000   45.0000 1965.7859   32.8527
   -7.5000  -15.0000   45.0000 2106.9214   28.2022
    0.0000  -15.0000   45.0000 2121.3464   28.1789
    7.5000  -15.0000   45.0000 2105.6509   28.5716
   -7.5000   -7.5000   45.0000 2247.3096   25.1693
    0.0000   -7.5000   45.0000 2255.8201   25.0603
    7.5000   -7.5000   45.0000 2229.0918   25.4547
   -7.5000    0.0000   45.0000 2373.4827   22.8737
    0.0000    0.0000   45.0000 2382.1604   22.7801
    7.5000    0.0000   45.0000 2349.0823   23.1631
   -7.5000    7.5000   45.0000 2489.7183   21.1538
    0.0000    7.5000   45.0000 2502.5964   21.0285
    7.5000    7.5000   45.0000 2462.7603   21.4415
   -7.5000   15.0000   45.0000 2579.0791   19.8827
    0.0000   15.0000   45.0000 2594.2437   19.6887
    7.5000   15.0000   45.0000 2550.3342   20.1107
   -7.5000   22.5000   45.0000 2642.6130   19.1191
    0.0000   22.5000   45.0000 2653.4663   18.9187
    7.5000   22.5000   45.0000 2614.6907   19.2689
   -7.5000   30.0000   45.0000 2665.7427   18.8031
    0.0000   30.0000   45.0000 2676.0305   18.5897
    7.5000   30.0000   45.0000 2642.6814   18.8821
   -7.5000   37.5000   45.0000 2653.5144   18.7501
    0.0000   37.5000   45.0000 2667.4167   18.5800
    7.5000   37.5000   45.0000 2638.2151   18.8270
   -7.5000   45.0000   45.0000 2607.5210   19.2099
    0.0000   45.0000   45.0000 2613.0967   19.0602
    7.5000   45.0000   45.0000 2589.9949   19.3513
   -7.5000   52.5000   45.0000 2519.6213   19.8883
    0.0000   52.5000   45.0000 2525.5605   19.7371
    7.5000   52.5000   45.0000 2499.5828   20.0319

---------------------------------------------------------------------
imgreg_4dfp /opt/freesurfer/average/711-2C_as_mni_average_305 /opt/freesurfer/average/711-2B_as_mni_average_305_mask talsrcimg_g11 none talsrcimg_to_711-2C_as_mni_average_305_t4 1283
---------------------------------------------------------------------

freesurfer imgreg_4dfp.c
/opt/freesurfer/average/711-2C_as_mni_average_305.4dfp.img
       256       256       256         1
  1.000000  1.000000  1.000000
orientation T byte_order littleendian
Reading image: /opt/freesurfer/average/711-2C_as_mni_average_305.4dfp.img
dimensions:      256       256       256
mmppix:       1.0000   -1.0000   -1.0000
center:     128.0000 -129.0000 -129.0000
/opt/freesurfer/average/711-2B_as_mni_average_305_mask.4dfp.img
       256       256       256         1
  1.000000  1.000000  1.000000
orientation T byte_order littleendian
Reading mask: /opt/freesurfer/average/711-2B_as_mni_average_305_mask.4dfp.img (2306576 pixels)
talsrcimg_g11.4dfp.img
       256       256       256         1
  1.000000  1.000000  1.000000
orientation T byte_order littleendian
Reading image: talsrcimg_g11.4dfp.img
dimensions:      256       256       256
mmppix:       1.0000   -1.0000   -1.0000
center:     128.0000 -129.0000 -129.0000
rotation matrix determinant  1.000000
fimgreg.f
image alignment mode   1283 decimal      503 hex
parameters
    0.0000   30.0000   15.0000    0.0000    0.0000    0.0000
eta,q 0.92307 14.93675
niter,ni,del,rscale     5    3   12.0000    1.2000
parameter  5 -0.788818 -> -0.500000 qaram    1.1500
parameters
    0.2175   31.5629   14.6571   -0.9604    3.4500    1.5350
eta,q 0.92732 14.74652
  0.0873  0.0953  0.0771  0.0805  0.0833  0.0808
  0.0823  0.0877  0.0738  0.0766  0.0800  0.0776
  0.0778  0.0799  0.0740  0.0749  0.0770  0.0752
  0.0758  0.0754  0.0756  0.0748  0.0748  0.0731
  0.0767  0.0766  0.0747  0.0772  0.0733  0.0728
  0.0809  0.0788  0.0748  0.0809  0.0732  0.0741
  0.0861  0.0821  0.0770  0.0841  0.0729  0.0759
niter,ni,del,rscale     5    3   12.0000    1.2000
parameters
   -0.3554   32.1921   14.6174   -2.5708    6.8717    1.4733
eta,q 0.92882 14.73272
  0.0797  0.0861  0.0771  0.0766  0.0807  0.0763
  0.0765  0.0790  0.0728  0.0729  0.0776  0.0725
  0.0736  0.0737  0.0724  0.0724  0.0746  0.0708
  0.0727  0.0727  0.0733  0.0733  0.0725  0.0712
  0.0738  0.0746  0.0731  0.0753  0.0717  0.0722
  0.0775  0.0768  0.0742  0.0785  0.0712  0.0734
  0.0846  0.0806  0.0761  0.0818  0.0730  0.0755
niter,ni,del,rscale     4    3   12.0000    1.2000
parameters
   -1.5451   33.0224   14.3631   -4.8395    7.7211    0.8969
eta,q 0.93171 14.76662
  0.0776  0.0847  0.0751  0.0726  0.0777  0.0743
  0.0724  0.0772  0.0716  0.0697  0.0735  0.0709
  0.0703  0.0715  0.0697  0.0690  0.0705  0.0685
  0.0712  0.0705  0.0711  0.0710  0.0689  0.0686
  0.0742  0.0723  0.0716  0.0734  0.0689  0.0705
  0.0785  0.0741  0.0728  0.0753  0.0709  0.0731
  0.0845  0.0775  0.0748  0.0781  0.0745  0.0760
niter,ni,del,rscale     3    3   12.0000    1.2000
parameters
   -2.0242   34.7112   14.2634   -6.3744    7.6376    0.4140
eta,q 0.93374 14.76325
  0.0778  0.0845  0.0726  0.0718  0.0743  0.0721
  0.0723  0.0787  0.0709  0.0687  0.0699  0.0695
  0.0688  0.0724  0.0679  0.0661  0.0669  0.0672
  0.0683  0.0682  0.0681  0.0680  0.0662  0.0662
  0.0710  0.0682  0.0698  0.0712  0.0672  0.0678
  0.0752  0.0696  0.0705  0.0738  0.0703  0.0710
  0.0804  0.0738  0.0727  0.0767  0.0746  0.0743
niter,ni,del,rscale     2    3   12.0000    1.2000
parameters
   -2.1328   35.6757   15.0588   -6.8516    6.7793   -0.0074
eta,q 0.93445 14.79640
  0.0777  0.0820  0.0716  0.0747  0.0733  0.0719
  0.0710  0.0767  0.0711  0.0709  0.0682  0.0687
  0.0664  0.0698  0.0678  0.0667  0.0655  0.0662
  0.0663  0.0662  0.0664  0.0666  0.0662  0.0656
  0.0690  0.0671  0.0675  0.0697  0.0686  0.0670
  0.0726  0.0702  0.0679  0.0732  0.0721  0.0702
  0.0770  0.0753  0.0704  0.0763  0.0764  0.0738
niter,ni,del,rscale     1    3   12.0000    1.2000
parameters
   -2.1973   36.0642   15.6578   -7.0813    6.2241   -0.1170
eta,q 0.93450 14.83838
  0.0786  0.0809  0.0718  0.0754  0.0751  0.0727
  0.0717  0.0750  0.0706  0.0714  0.0695  0.0693
  0.0663  0.0680  0.0671  0.0669  0.0659  0.0664
  0.0656  0.0655  0.0656  0.0660  0.0658  0.0655
  0.0688  0.0675  0.0669  0.0690  0.0689  0.0667
  0.0731  0.0719  0.0672  0.0726  0.0726  0.0695
  0.0777  0.0778  0.0709  0.0761  0.0770  0.0733
registration optimization eta report
parameter search radius
    6.0000    6.0000    6.0000    6.0000    6.9000    6.0000
100000*second partial in parameter space
       34.       37.       15.       26.       21.       21.
  0.0786  0.0809  0.0718  0.0754  0.0751  0.0727
  0.0717  0.0750  0.0706  0.0714  0.0695  0.0693
  0.0663  0.0680  0.0671  0.0669  0.0659  0.0664
  0.0656  0.0655  0.0656  0.0660  0.0658  0.0655
  0.0688  0.0675  0.0669  0.0690  0.0689  0.0667
  0.0731  0.0719  0.0672  0.0726  0.0726  0.0695
  0.0777  0.0778  0.0709  0.0761  0.0770  0.0733
   -2.1973   36.0642   15.6578   -7.0813    6.2241   -0.1170
eta,q 0.93450 14.83838

---------------------------------------------------------------------
imgreg_4dfp /opt/freesurfer/average/711-2C_as_mni_average_305 /opt/freesurfer/average/711-2B_as_mni_average_305_mask talsrcimg_g11 none talsrcimg_to_711-2C_as_mni_average_305_t4 3335
---------------------------------------------------------------------

freesurfer imgreg_4dfp.c
/opt/freesurfer/average/711-2C_as_mni_average_305.4dfp.img
       256       256       256         1
  1.000000  1.000000  1.000000
orientation T byte_order littleendian
Reading image: /opt/freesurfer/average/711-2C_as_mni_average_305.4dfp.img
dimensions:      256       256       256
mmppix:       1.0000   -1.0000   -1.0000
center:     128.0000 -129.0000 -129.0000
/opt/freesurfer/average/711-2B_as_mni_average_305_mask.4dfp.img
       256       256       256         1
  1.000000  1.000000  1.000000
orientation T byte_order littleendian
Reading mask: /opt/freesurfer/average/711-2B_as_mni_average_305_mask.4dfp.img (2306576 pixels)
talsrcimg_g11.4dfp.img
       256       256       256         1
  1.000000  1.000000  1.000000
orientation T byte_order littleendian
Reading image: talsrcimg_g11.4dfp.img
dimensions:      256       256       256
mmppix:       1.0000   -1.0000   -1.0000
center:     128.0000 -129.0000 -129.0000
fimgreg.f
image alignment mode   3335 decimal      D07 hex
parameters
   -2.1973   36.0642   15.6578   -0.5897   -0.7657   -1.3477
    1.5392  -10.7339   -0.2030   12.3496   10.8418  -12.2550
eta,q 0.93594 14.97404
niter,ni,del,rscale     5    3    5.0000    1.2000
parameter  4 10.512556 ->  0.500000 qaram    1.1500
parameter  5  4.981966 ->  0.500000 qaram    1.1500
parameter  6  1.746809 ->  0.500000 qaram    1.1500
parameter 12 -0.647182 -> -0.500000 qaram    1.1500
parameters
   -2.7332   36.7840   15.1259   -4.7297   -4.9057   -5.4877
    1.1374   -9.9747   -0.3028    9.2016    9.2004   -8.1150
eta,q 0.96039 14.71603
  0.0650  0.0672  0.0651  0.0518  0.0446  0.0402  0.0445  0.0507  0.0439  0.0422  0.0421  0.0446
  0.0643  0.0657  0.0646  0.0548  0.0481  0.0409  0.0429  0.0469  0.0427  0.0409  0.0409  0.0427
  0.0640  0.0646  0.0640  0.0590  0.0520  0.0444  0.0419  0.0434  0.0418  0.0406  0.0404  0.0414
  0.0641  0.0640  0.0639  0.0639  0.0559  0.0492  0.0416  0.0416  0.0415  0.0415  0.0405  0.0404
  0.0645  0.0639  0.0645  0.0686  0.0601  0.0571  0.0421  0.0421  0.0418  0.0434  0.0413  0.0398
  0.0653  0.0642  0.0657  0.0728  0.0648  0.0645  0.0434  0.0444  0.0427  0.0460  0.0426  0.0396
  0.0667  0.0648  0.0672  0.0771  0.0697  0.0683  0.0451  0.0479  0.0441  0.0495  0.0445  0.0398
niter,ni,del,rscale     7    3    5.0000    1.2000
parameter  3  0.990009 ->  0.500000 qaram    1.1500
parameter  4  0.659943 ->  0.500000 qaram    1.3225
parameter  5  2.417214 ->  0.500000 qaram    1.3225
parameters
   -2.8362   35.9492   13.7459   -9.4907   -9.6667   -8.5340
    2.0469   -9.6807   -0.0550    7.9026   10.3791  -10.4438
eta,q 0.97082 14.40362
  0.0439  0.0403  0.0366  0.0350  0.0264  0.0321  0.0332  0.0356  0.0325  0.0327  0.0307  0.0304
  0.0415  0.0395  0.0364  0.0341  0.0282  0.0308  0.0315  0.0321  0.0310  0.0307  0.0300  0.0295
  0.0400  0.0393  0.0373  0.0342  0.0308  0.0296  0.0303  0.0301  0.0301  0.0296  0.0296  0.0292
  0.0396  0.0396  0.0393  0.0365  0.0340  0.0288  0.0297  0.0296  0.0296  0.0296  0.0294  0.0294
  0.0403  0.0404  0.0421  0.0410  0.0375  0.0330  0.0297  0.0300  0.0299  0.0308  0.0293  0.0301
  0.0420  0.0418  0.0453  0.0465  0.0415  0.0413  0.0305  0.0316  0.0307  0.0330  0.0295  0.0313
  0.0447  0.0437  0.0483  0.0519  0.0456  0.0486  0.0319  0.0346  0.0322  0.0361  0.0301  0.0328
niter,ni,del,rscale     7    3    5.0000    1.2000
parameter  3  0.974393 ->  0.500000 qaram    1.3225
parameters
   -2.9183   35.3485   12.1589  -10.3058  -13.6399   -9.4409
    1.9939  -10.0544   -0.3555    8.2615   11.3718  -10.6935
eta,q 0.97350 14.15054
  0.0326  0.0310  0.0268  0.0313  0.0287  0.0305  0.0296  0.0310  0.0292  0.0309  0.0277  0.0284
  0.0306  0.0296  0.0269  0.0295  0.0269  0.0287  0.0280  0.0283  0.0278  0.0288  0.0272  0.0274
  0.0295  0.0289  0.0276  0.0281  0.0260  0.0275  0.0270  0.0269  0.0269  0.0274  0.0268  0.0268
  0.0292  0.0292  0.0289  0.0270  0.0272  0.0260  0.0266  0.0266  0.0266  0.0266  0.0266  0.0265
  0.0297  0.0302  0.0307  0.0271  0.0303  0.0252  0.0269  0.0270  0.0271  0.0268  0.0265  0.0267
  0.0310  0.0321  0.0328  0.0298  0.0341  0.0283  0.0280  0.0289  0.0281  0.0281  0.0267  0.0275
  0.0331  0.0345  0.0354  0.0346  0.0384  0.0370  0.0297  0.0323  0.0296  0.0303  0.0274  0.0287
niter,ni,del,rscale     7    3    5.0000    1.2000
parameters
   -2.8837   35.6399   11.3202   -9.8048  -13.9035  -10.1795
    2.1147  -10.1574   -0.4885    8.5242   10.8969  -11.5521
eta,q 0.97353 14.11823
  0.0303  0.0312  0.0279  0.0308  0.0316  0.0308  0.0296  0.0317  0.0292  0.0306  0.0275  0.0280
  0.0282  0.0289  0.0265  0.0289  0.0293  0.0289  0.0280  0.0288  0.0277  0.0286  0.0270  0.0271
  0.0269  0.0273  0.0262  0.0274  0.0273  0.0274  0.0269  0.0271  0.0268  0.0272  0.0266  0.0266
  0.0265  0.0265  0.0265  0.0262  0.0260  0.0261  0.0265  0.0265  0.0265  0.0265  0.0265  0.0265
  0.0269  0.0267  0.0273  0.0256  0.0266  0.0254  0.0268  0.0269  0.0269  0.0268  0.0265  0.0268
  0.0281  0.0277  0.0288  0.0271  0.0293  0.0288  0.0278  0.0288  0.0279  0.0281  0.0270  0.0276
  0.0300  0.0294  0.0306  0.0310  0.0328  0.0357  0.0295  0.0322  0.0294  0.0302  0.0280  0.0288
niter,ni,del,rscale     6    3    5.0000    1.2000
parameters
   -2.8058   35.7640   11.1801   -9.6085  -13.8672  -10.3268
    2.2117  -10.0737   -0.3668    8.7060   10.6420  -11.8417
eta,q 0.97354 14.12311
  0.0304  0.0306  0.0291  0.0306  0.0320  0.0312  0.0296  0.0319  0.0293  0.0305  0.0275  0.0282
  0.0283  0.0284  0.0274  0.0289  0.0298  0.0292  0.0280  0.0289  0.0279  0.0284  0.0270  0.0272
  0.0270  0.0270  0.0266  0.0276  0.0278  0.0277  0.0269  0.0271  0.0269  0.0271  0.0266  0.0267
  0.0265  0.0265  0.0265  0.0265  0.0264  0.0264  0.0265  0.0265  0.0264  0.0264  0.0264  0.0265
  0.0268  0.0268  0.0269  0.0259  0.0268  0.0252  0.0268  0.0268  0.0267  0.0268  0.0265  0.0267
  0.0279  0.0279  0.0279  0.0276  0.0292  0.0276  0.0278  0.0286  0.0277  0.0281  0.0269  0.0274
  0.0299  0.0298  0.0294  0.0315  0.0326  0.0338  0.0295  0.0318  0.0292  0.0302  0.0279  0.0285
niter,ni,del,rscale     5    3    5.0000    1.2000
parameters
   -2.7864   35.7989   11.1363   -9.5711  -13.8462  -10.3543
    2.2310  -10.0364   -0.3009    8.7640   10.5670  -11.9212
eta,q 0.97355 14.12460
  0.0302  0.0303  0.0293  0.0306  0.0320  0.0313  0.0295  0.0319  0.0293  0.0304  0.0276  0.0283
  0.0281  0.0282  0.0275  0.0289  0.0298  0.0293  0.0279  0.0289  0.0278  0.0283  0.0270  0.0272
  0.0269  0.0269  0.0266  0.0276  0.0278  0.0277  0.0269  0.0270  0.0268  0.0270  0.0266  0.0267
  0.0265  0.0265  0.0265  0.0265  0.0264  0.0264  0.0265  0.0264  0.0265  0.0264  0.0264  0.0264
  0.0268  0.0269  0.0269  0.0260  0.0268  0.0251  0.0268  0.0268  0.0268  0.0269  0.0265  0.0266
  0.0280  0.0281  0.0278  0.0277  0.0293  0.0274  0.0278  0.0287  0.0277  0.0282  0.0269  0.0273
  0.0301  0.0300  0.0293  0.0318  0.0327  0.0335  0.0295  0.0319  0.0292  0.0303  0.0278  0.0284
niter,ni,del,rscale     4    3    5.0000    1.2000
parameters
   -2.7802   35.8073   11.1263   -9.5606  -13.8412  -10.3609
    2.2295  -10.0256   -0.2769    8.7835   10.5351  -11.9409
eta,q 0.97355 14.12507
  0.0302  0.0302  0.0294  0.0306  0.0320  0.0313  0.0295  0.0318  0.0292  0.0303  0.0276  0.0283
  0.0281  0.0281  0.0275  0.0289  0.0298  0.0293  0.0279  0.0288  0.0278  0.0283  0.0270  0.0273
  0.0269  0.0269  0.0266  0.0276  0.0278  0.0277  0.0268  0.0270  0.0268  0.0270  0.0266  0.0267
  0.0264  0.0265  0.0265  0.0265  0.0264  0.0264  0.0265  0.0265  0.0265  0.0264  0.0264  0.0264
  0.0268  0.0269  0.0268  0.0260  0.0269  0.0251  0.0268  0.0268  0.0268  0.0269  0.0265  0.0266
  0.0281  0.0282  0.0278  0.0278  0.0293  0.0274  0.0279  0.0287  0.0277  0.0282  0.0269  0.0273
  0.0301  0.0301  0.0292  0.0318  0.0327  0.0335  0.0296  0.0319  0.0292  0.0303  0.0278  0.0284
registration optimization eta report
parameter search radius
    2.4000    2.4000    3.1740    9.5220    9.5220    8.2800
    7.2000    7.2000    7.2000    7.2000    7.2000    8.2800
100000*second partial in parameter space
       64.       64.       29.        5.        6.        9.
        6.       11.        5.        7.        2.        3.
  0.0302  0.0302  0.0294  0.0306  0.0320  0.0313  0.0295  0.0318  0.0292  0.0303  0.0276  0.0283
  0.0281  0.0281  0.0275  0.0289  0.0298  0.0293  0.0279  0.0288  0.0278  0.0283  0.0270  0.0273
  0.0269  0.0269  0.0266  0.0276  0.0278  0.0277  0.0268  0.0270  0.0268  0.0270  0.0266  0.0267
  0.0264  0.0265  0.0265  0.0265  0.0264  0.0264  0.0265  0.0265  0.0265  0.0264  0.0264  0.0264
  0.0268  0.0269  0.0268  0.0260  0.0269  0.0251  0.0268  0.0268  0.0268  0.0269  0.0265  0.0266
  0.0281  0.0282  0.0278  0.0278  0.0293  0.0274  0.0279  0.0287  0.0277  0.0282  0.0269  0.0273
  0.0301  0.0301  0.0292  0.0318  0.0327  0.0335  0.0296  0.0319  0.0292  0.0303  0.0278  0.0284
   -2.7802   35.8073   11.1263   -9.5606  -13.8412  -10.3609
    2.2295  -10.0256   -0.2769    8.7835   10.5351  -11.9409
eta,q 0.97355 14.12507

---------------------------------------------------------------------
imgreg_4dfp /opt/freesurfer/average/711-2C_as_mni_average_305 /opt/freesurfer/average/711-2B_as_mni_average_305_mask talsrcimg_g11 none talsrcimg_to_711-2C_as_mni_average_305_t4 2311
---------------------------------------------------------------------

freesurfer imgreg_4dfp.c
/opt/freesurfer/average/711-2C_as_mni_average_305.4dfp.img
       256       256       256         1
  1.000000  1.000000  1.000000
orientation T byte_order littleendian
Reading image: /opt/freesurfer/average/711-2C_as_mni_average_305.4dfp.img
dimensions:      256       256       256
mmppix:       1.0000   -1.0000   -1.0000
center:     128.0000 -129.0000 -129.0000
/opt/freesurfer/average/711-2B_as_mni_average_305_mask.4dfp.img
       256       256       256         1
  1.000000  1.000000  1.000000
orientation T byte_order littleendian
Reading mask: /opt/freesurfer/average/711-2B_as_mni_average_305_mask.4dfp.img (2306576 pixels)
talsrcimg_g11.4dfp.img
       256       256       256         1
  1.000000  1.000000  1.000000
orientation T byte_order littleendian
Reading image: talsrcimg_g11.4dfp.img
dimensions:      256       256       256
mmppix:       1.0000   -1.0000   -1.0000
center:     128.0000 -129.0000 -129.0000
fimgreg.f
image alignment mode   2311 decimal      907 hex
parameters
   -2.7802   35.8073   11.1263   -9.5606  -13.8412  -10.3609
    2.2295  -10.0256   -0.2769    8.7835   10.5351  -11.9409
eta,q 0.97355 14.12506
niter,ni,del,rscale     5    3    5.0000    0.8000
parameters
   -2.7729   35.7893   10.9746   -7.2960  -13.3499   -9.3945
    2.2131  -10.1903   -0.0534    9.0340   10.1918  -11.9104
eta,q 0.97456 14.30737
  0.0281  0.0281  0.0270  0.0282  0.0283  0.0286  0.0271  0.0290  0.0271  0.0281  0.0264  0.0263
  0.0272  0.0272  0.0266  0.0276  0.0273  0.0275  0.0262  0.0271  0.0263  0.0268  0.0259  0.0258
  0.0266  0.0266  0.0265  0.0270  0.0265  0.0267  0.0257  0.0258  0.0257  0.0258  0.0255  0.0255
  0.0264  0.0264  0.0264  0.0264  0.0260  0.0259  0.0255  0.0255  0.0255  0.0255  0.0254  0.0254
  0.0266  0.0267  0.0266  0.0260  0.0259  0.0253  0.0257  0.0260  0.0256  0.0256  0.0256  0.0255
  0.0272  0.0273  0.0268  0.0260  0.0266  0.0256  0.0262  0.0275  0.0260  0.0264  0.0261  0.0258
  0.0281  0.0282  0.0272  0.0266  0.0277  0.0275  0.0272  0.0295  0.0268  0.0276  0.0268  0.0263
niter,ni,del,rscale     4    3    5.0000    0.7000
parameters
   -2.7353   35.7763   11.3502   -7.7968  -13.3425   -8.4986
    2.1404  -10.1559    0.0243    9.0180   10.2485  -11.8224
eta,q 0.97501 14.33689
  0.0272  0.0269  0.0267  0.0266  0.0272  0.0277  0.0263  0.0281  0.0262  0.0269  0.0259  0.0257
  0.0262  0.0261  0.0260  0.0261  0.0263  0.0269  0.0256  0.0265  0.0256  0.0259  0.0254  0.0253
  0.0257  0.0256  0.0257  0.0256  0.0257  0.0262  0.0251  0.0254  0.0252  0.0252  0.0251  0.0251
  0.0254  0.0254  0.0254  0.0254  0.0254  0.0254  0.0250  0.0250  0.0250  0.0250  0.0250  0.0250
  0.0256  0.0256  0.0254  0.0256  0.0256  0.0248  0.0251  0.0253  0.0251  0.0252  0.0251  0.0251
  0.0261  0.0261  0.0255  0.0264  0.0262  0.0252  0.0256  0.0264  0.0255  0.0259  0.0254  0.0253
  0.0270  0.0269  0.0258  0.0277  0.0273  0.0268  0.0264  0.0280  0.0261  0.0270  0.0259  0.0257
niter,ni,del,rscale     3    3    5.0000    0.6000
parameters
   -2.7476   35.7744   11.6170   -7.8897  -13.4317   -8.0212
    2.1229  -10.2076    0.0107    9.0011   10.2420  -11.7082
eta,q 0.97523 14.35378
  0.0262  0.0261  0.0260  0.0261  0.0263  0.0270  0.0257  0.0271  0.0256  0.0263  0.0255  0.0253
  0.0255  0.0255  0.0255  0.0256  0.0256  0.0264  0.0252  0.0258  0.0252  0.0255  0.0251  0.0250
  0.0251  0.0251  0.0252  0.0252  0.0252  0.0257  0.0249  0.0250  0.0249  0.0250  0.0249  0.0249
  0.0250  0.0250  0.0250  0.0250  0.0250  0.0250  0.0248  0.0248  0.0248  0.0248  0.0248  0.0248
  0.0251  0.0251  0.0250  0.0251  0.0251  0.0246  0.0249  0.0251  0.0249  0.0249  0.0248  0.0248
  0.0256  0.0255  0.0251  0.0255  0.0256  0.0252  0.0252  0.0259  0.0252  0.0255  0.0251  0.0250
  0.0263  0.0261  0.0254  0.0264  0.0265  0.0266  0.0258  0.0272  0.0257  0.0263  0.0255  0.0253
niter,ni,del,rscale     2    3    5.0000    0.5000
parameters
   -2.7796   35.7789   11.8022   -7.8486  -13.4839   -7.5958
    2.1058  -10.2676   -0.0121    8.9808   10.1458  -11.6305
eta,q 0.97540 14.36941
  0.0256  0.0255  0.0255  0.0257  0.0257  0.0265  0.0253  0.0263  0.0252  0.0257  0.0251  0.0250
  0.0251  0.0251  0.0251  0.0253  0.0252  0.0259  0.0249  0.0253  0.0249  0.0251  0.0248  0.0248
  0.0249  0.0249  0.0249  0.0249  0.0249  0.0253  0.0247  0.0248  0.0247  0.0247  0.0247  0.0247
  0.0248  0.0248  0.0248  0.0248  0.0248  0.0248  0.0246  0.0246  0.0246  0.0246  0.0246  0.0246
  0.0249  0.0249  0.0248  0.0248  0.0248  0.0245  0.0247  0.0248  0.0247  0.0247  0.0247  0.0246
  0.0252  0.0251  0.0249  0.0251  0.0252  0.0250  0.0249  0.0254  0.0249  0.0251  0.0249  0.0248
  0.0257  0.0255  0.0251  0.0257  0.0258  0.0260  0.0253  0.0264  0.0252  0.0257  0.0252  0.0250
niter,ni,del,rscale     1    3    5.0000    0.4000
parameters
   -2.8118   35.7889   11.9791   -7.8163  -13.5309   -7.2127
    2.0915  -10.2867   -0.0110    8.9590   10.0136  -11.6000
eta,q 0.97552 14.38131
  0.0251  0.0251  0.0251  0.0252  0.0252  0.0260  0.0249  0.0256  0.0249  0.0252  0.0248  0.0248
  0.0248  0.0248  0.0249  0.0249  0.0249  0.0255  0.0247  0.0250  0.0247  0.0248  0.0246  0.0246
  0.0247  0.0247  0.0247  0.0247  0.0247  0.0250  0.0245  0.0246  0.0245  0.0246  0.0245  0.0245
  0.0246  0.0246  0.0246  0.0246  0.0246  0.0246  0.0245  0.0245  0.0245  0.0245  0.0245  0.0245
  0.0247  0.0246  0.0246  0.0246  0.0247  0.0245  0.0245  0.0246  0.0245  0.0246  0.0245  0.0245
  0.0249  0.0248  0.0247  0.0248  0.0249  0.0248  0.0247  0.0250  0.0247  0.0248  0.0247  0.0246
  0.0252  0.0251  0.0248  0.0252  0.0253  0.0255  0.0249  0.0257  0.0249  0.0252  0.0249  0.0248
registration optimization eta report
parameter search radius
    0.8000    0.8000    0.8000    2.4000    2.4000    2.4000
    2.4000    2.4000    2.4000    2.4000    2.4000    2.4000
100000*second partial in parameter space
       90.       77.       57.       11.       12.       20.
        8.       20.        7.       13.        6.        5.
  0.0251  0.0251  0.0251  0.0252  0.0252  0.0260  0.0249  0.0256  0.0249  0.0252  0.0248  0.0248
  0.0248  0.0248  0.0249  0.0249  0.0249  0.0255  0.0247  0.0250  0.0247  0.0248  0.0246  0.0246
  0.0247  0.0247  0.0247  0.0247  0.0247  0.0250  0.0245  0.0246  0.0245  0.0246  0.0245  0.0245
  0.0246  0.0246  0.0246  0.0246  0.0246  0.0246  0.0245  0.0245  0.0245  0.0245  0.0245  0.0245
  0.0247  0.0246  0.0246  0.0246  0.0247  0.0245  0.0245  0.0246  0.0245  0.0246  0.0245  0.0245
  0.0249  0.0248  0.0247  0.0248  0.0249  0.0248  0.0247  0.0250  0.0247  0.0248  0.0247  0.0246
  0.0252  0.0251  0.0248  0.0252  0.0253  0.0255  0.0249  0.0257  0.0249  0.0252  0.0249  0.0248
   -2.8118   35.7889   11.9791   -7.8163  -13.5309   -7.2127
    2.0915  -10.2867   -0.0110    8.9590   10.0136  -11.6000
eta,q 0.97552 14.38131

---------------------------------------------------------------------
imgreg_4dfp /opt/freesurfer/average/711-2C_as_mni_average_305 /opt/freesurfer/average/711-2B_as_mni_average_305_mask talsrcimg_g11 none talsrcimg_to_711-2C_as_mni_average_305_t4 2311
---------------------------------------------------------------------

freesurfer imgreg_4dfp.c
/opt/freesurfer/average/711-2C_as_mni_average_305.4dfp.img
       256       256       256         1
  1.000000  1.000000  1.000000
orientation T byte_order littleendian
Reading image: /opt/freesurfer/average/711-2C_as_mni_average_305.4dfp.img
dimensions:      256       256       256
mmppix:       1.0000   -1.0000   -1.0000
center:     128.0000 -129.0000 -129.0000
/opt/freesurfer/average/711-2B_as_mni_average_305_mask.4dfp.img
       256       256       256         1
  1.000000  1.000000  1.000000
orientation T byte_order littleendian
Reading mask: /opt/freesurfer/average/711-2B_as_mni_average_305_mask.4dfp.img (2306576 pixels)
talsrcimg_g11.4dfp.img
       256       256       256         1
  1.000000  1.000000  1.000000
orientation T byte_order littleendian
Reading image: talsrcimg_g11.4dfp.img
dimensions:      256       256       256
mmppix:       1.0000   -1.0000   -1.0000
center:     128.0000 -129.0000 -129.0000
fimgreg.f
image alignment mode   2311 decimal      907 hex
parameters
   -2.8118   35.7889   11.9791   -7.8163  -13.5309   -7.2127
    2.0915  -10.2867   -0.0110    8.9590   10.0136  -11.6000
eta,q 0.97552 14.38130
niter,ni,del,rscale     5    3    5.0000    0.8000
parameters
   -2.8345   35.7933   12.1853   -8.3125  -13.8502   -7.7080
    2.0578  -10.2152   -0.0430    8.9642   10.2431  -11.3987
eta,q 0.97525 14.34293
  0.0267  0.0265  0.0264  0.0262  0.0265  0.0273  0.0264  0.0285  0.0262  0.0271  0.0260  0.0257
  0.0255  0.0254  0.0254  0.0254  0.0256  0.0265  0.0255  0.0265  0.0254  0.0259  0.0254  0.0252
  0.0247  0.0247  0.0248  0.0248  0.0248  0.0255  0.0250  0.0252  0.0249  0.0251  0.0249  0.0249
  0.0245  0.0245  0.0245  0.0245  0.0245  0.0245  0.0248  0.0248  0.0248  0.0248  0.0248  0.0248
  0.0248  0.0247  0.0246  0.0248  0.0248  0.0247  0.0249  0.0252  0.0249  0.0250  0.0248  0.0248
  0.0256  0.0254  0.0249  0.0258  0.0258  0.0265  0.0255  0.0264  0.0254  0.0258  0.0252  0.0251
  0.0268  0.0264  0.0256  0.0275  0.0273  0.0303  0.0264  0.0283  0.0263  0.0272  0.0258  0.0256
niter,ni,del,rscale     4    3    5.0000    0.7000
parameters
   -2.8364   35.7733   11.9269   -8.1057  -13.6890   -7.8281
    2.0891  -10.2735   -0.0637    8.9260   10.2744  -11.4822
eta,q 0.97529 14.34818
  0.0264  0.0262  0.0254  0.0263  0.0265  0.0271  0.0260  0.0276  0.0258  0.0266  0.0257  0.0254
  0.0255  0.0254  0.0249  0.0257  0.0257  0.0263  0.0253  0.0260  0.0252  0.0256  0.0252  0.0250
  0.0249  0.0249  0.0247  0.0251  0.0250  0.0255  0.0249  0.0250  0.0248  0.0250  0.0248  0.0248
  0.0248  0.0248  0.0247  0.0247  0.0247  0.0247  0.0247  0.0247  0.0247  0.0247  0.0247  0.0247
  0.0249  0.0249  0.0250  0.0247  0.0248  0.0246  0.0248  0.0251  0.0248  0.0249  0.0248  0.0248
  0.0255  0.0254  0.0254  0.0252  0.0253  0.0259  0.0253  0.0262  0.0252  0.0256  0.0251  0.0250
  0.0264  0.0262  0.0260  0.0263  0.0264  0.0282  0.0260  0.0278  0.0259  0.0267  0.0257  0.0255
niter,ni,del,rscale     3    3    5.0000    0.6000
parameters
   -2.8191   35.7754   11.8854   -7.9662  -13.5958   -7.6818
    2.0991  -10.2920   -0.0526    8.9404   10.2189  -11.5407
eta,q 0.97537 14.36078
  0.0260  0.0258  0.0254  0.0260  0.0261  0.0268  0.0256  0.0270  0.0255  0.0261  0.0253  0.0252
  0.0253  0.0252  0.0250  0.0254  0.0254  0.0261  0.0251  0.0257  0.0250  0.0253  0.0250  0.0249
  0.0249  0.0248  0.0248  0.0250  0.0249  0.0254  0.0247  0.0249  0.0247  0.0248  0.0247  0.0247
  0.0247  0.0247  0.0247  0.0247  0.0247  0.0247  0.0246  0.0246  0.0246  0.0246  0.0246  0.0246
  0.0248  0.0248  0.0248  0.0247  0.0248  0.0246  0.0247  0.0249  0.0247  0.0248  0.0247  0.0247
  0.0252  0.0252  0.0251  0.0251  0.0252  0.0254  0.0250  0.0257  0.0250  0.0253  0.0250  0.0249
  0.0259  0.0258  0.0255  0.0260  0.0260  0.0270  0.0256  0.0270  0.0255  0.0261  0.0254  0.0252
niter,ni,del,rscale     2    3    5.0000    0.5000
parameters
   -2.8197   35.7803   11.9499   -7.8761  -13.5638   -7.4159
    2.0963  -10.3016   -0.0360    8.9468   10.1105  -11.5576
eta,q 0.97547 14.37356
  0.0255  0.0254  0.0252  0.0256  0.0256  0.0264  0.0252  0.0263  0.0252  0.0256  0.0250  0.0249
  0.0250  0.0250  0.0249  0.0251  0.0251  0.0258  0.0248  0.0253  0.0248  0.0250  0.0248  0.0247
  0.0247  0.0247  0.0247  0.0248  0.0248  0.0252  0.0246  0.0247  0.0246  0.0247  0.0246  0.0246
  0.0246  0.0246  0.0246  0.0246  0.0246  0.0246  0.0245  0.0245  0.0245  0.0245  0.0245  0.0245
  0.0247  0.0247  0.0247  0.0247  0.0247  0.0245  0.0246  0.0247  0.0246  0.0247  0.0246  0.0246
  0.0250  0.0250  0.0248  0.0250  0.0250  0.0250  0.0248  0.0253  0.0248  0.0250  0.0248  0.0247
  0.0255  0.0254  0.0251  0.0256  0.0256  0.0262  0.0252  0.0263  0.0251  0.0256  0.0251  0.0249
niter,ni,del,rscale     1    3    5.0000    0.4000
parameters
   -2.8334   35.7854   12.0547   -7.8451  -13.5742   -7.1239
    2.0929  -10.2932   -0.0236    8.9398   10.0074  -11.5622
eta,q 0.97554 14.38241
  0.0251  0.0250  0.0250  0.0252  0.0252  0.0259  0.0249  0.0256  0.0249  0.0252  0.0248  0.0247
  0.0248  0.0248  0.0248  0.0249  0.0248  0.0254  0.0247  0.0250  0.0246  0.0248  0.0246  0.0246
  0.0246  0.0246  0.0246  0.0246  0.0246  0.0249  0.0245  0.0246  0.0245  0.0245  0.0245  0.0245
  0.0245  0.0245  0.0245  0.0245  0.0245  0.0245  0.0245  0.0245  0.0245  0.0245  0.0245  0.0245
  0.0246  0.0246  0.0245  0.0246  0.0246  0.0245  0.0245  0.0246  0.0245  0.0245  0.0245  0.0245
  0.0248  0.0248  0.0246  0.0248  0.0248  0.0248  0.0247  0.0250  0.0246  0.0248  0.0247  0.0246
  0.0251  0.0250  0.0248  0.0252  0.0252  0.0256  0.0249  0.0256  0.0249  0.0252  0.0249  0.0247
registration optimization eta report
parameter search radius
    0.8000    0.8000    0.8000    2.4000    2.4000    2.4000
    2.4000    2.4000    2.4000    2.4000    2.4000    2.4000
100000*second partial in parameter space
       89.       76.       58.       11.       11.       21.
        8.       20.        7.       13.        7.        5.
  0.0251  0.0250  0.0250  0.0252  0.0252  0.0259  0.0249  0.0256  0.0249  0.0252  0.0248  0.0247
  0.0248  0.0248  0.0248  0.0249  0.0248  0.0254  0.0247  0.0250  0.0246  0.0248  0.0246  0.0246
  0.0246  0.0246  0.0246  0.0246  0.0246  0.0249  0.0245  0.0246  0.0245  0.0245  0.0245  0.0245
  0.0245  0.0245  0.0245  0.0245  0.0245  0.0245  0.0245  0.0245  0.0245  0.0245  0.0245  0.0245
  0.0246  0.0246  0.0245  0.0246  0.0246  0.0245  0.0245  0.0246  0.0245  0.0245  0.0245  0.0245
  0.0248  0.0248  0.0246  0.0248  0.0248  0.0248  0.0247  0.0250  0.0246  0.0248  0.0247  0.0246
  0.0251  0.0250  0.0248  0.0252  0.0252  0.0256  0.0249  0.0256  0.0249  0.0252  0.0249  0.0247
   -2.8334   35.7854   12.0547   -7.8451  -13.5742   -7.1239
    2.0929  -10.2932   -0.0236    8.9398   10.0074  -11.5622
eta,q 0.97554 14.38241

---------------------------------------------------------------------
compute_vox2vox talsrcimg talsrcimg_to_711-2C_as_mni_average_305_t4 /opt/freesurfer/average/711-2C_as_mni_average_305
---------------------------------------------------------------------

freesurfer compute_vox2vox.c
Reading: talsrcimg.4dfp.ifh
Reading: talsrcimg_to_711-2C_as_mni_average_305_t4
Reading: /opt/freesurfer/average/711-2C_as_mni_average_305.4dfp.ifh
Writing: talsrcimg_to_711-2C_as_mni_average_305_t4_vox2vox.txt

start time Sun Mar 8 21:43:40 CET 2026
end		time Sun Mar 8 21:45:05 CET 2026

mpr2mni305 success

avi2talxfm orig_nu.mgz /opt/freesurfer/average/mni305.cor.mgz talsrcimg_to_711-2C_as_mni_average_305_t4_vox2vox.txt transforms/talairach.auto.xfm
avi2talxfm done
mv -f /out/sourcedata/freesurfer/sub-v1s15x0050215_ses-1/mri/talsrcimg_to_711-2C_as_mni_average_305_t4_vox2vox.txt /out/sourcedata/freesurfer/sub-v1s15x0050215_ses-1/mri/transforms/talsrcimg_to_711-2C_as_mni_average_305_t4_vox2vox.txt
lta_convert --src orig_nu.mgz --trg /opt/freesurfer/average/mni305.cor.mgz --inxfm transforms/talairach.auto.xfm --outlta transforms/talairach.auto.xfm.lta --subject fsaverage
7.3.2

--src: orig_nu.mgz src image (geometry).
--trg: /opt/freesurfer/average/mni305.cor.mgz trg image (geometry).
--inmni: transforms/talairach.auto.xfm input MNI/XFM transform.
--outlta: transforms/talairach.auto.xfm.lta output LTA.
--s: fsaverage subject name
 LTA read, type : 1
 1.07212   0.11978  -0.00994  -5.19627;
-0.11402   1.05028   0.14327  -16.47990;
 0.01209  -0.10861   1.14224  -4.58772;
 0.00000   0.00000   0.00000   1.00000;
setting subject to fsaverage
Writing  LTA to file transforms/talairach.auto.xfm.lta...
lta_convert successful.
 
 
Started at Sun Mar 8 21:43:39 CET 2026
Ended   at Sun Mar  8 21:45:05 CET 2026
talairach_avi done
