status file for recon-all
Sun Mar  8 20:34:53 CET 2026
#@# MotionCor Sun Mar  8 20:34:55 CET 2026
#@# Talairach Sun Mar  8 20:35:02 CET 2026
#@# Talairach Failure Detection Sun Mar  8 20:39:36 CET 2026
#@# Nu Intensity Correction Sun Mar  8 20:39:36 CET 2026
#@# Intensity Normalization Sun Mar  8 20:42:51 CET 2026
recon-all -s sub-v1s15x0050196_ses-1 finished without error at Sun Mar  8 20:44:33 CET 2026



#New# invocation of recon-all 



status file for recon-all
Sun Mar  8 20:51:32 CET 2026
#@# EM Registration Sun Mar  8 20:51:32 CET 2026
recon-all -s sub-v1s15x0050196_ses-1 finished without error at Sun Mar  8 20:53:07 CET 2026



#New# invocation of recon-all 



status file for recon-all
Sun Mar  8 20:53:11 CET 2026
#@# CA Normalize Sun Mar  8 20:53:11 CET 2026
#@# CA Reg Sun Mar  8 20:54:33 CET 2026
#@# SubCort Seg Sun Mar  8 21:33:45 CET 2026
#@# CC Seg Sun Mar  8 22:02:47 CET 2026
#@# Merge ASeg Sun Mar  8 22:03:31 CET 2026
#@# Intensity Normalization2 Sun Mar  8 22:03:31 CET 2026
#@# Mask BFS Sun Mar  8 22:05:58 CET 2026
#@# WM Segmentation Sun Mar  8 22:05:59 CET 2026
#@# Fill Sun Mar  8 22:07:53 CET 2026
recon-all -s sub-v1s15x0050196_ses-1 finished without error at Sun Mar  8 22:08:58 CET 2026



#New# invocation of recon-all 



status file for recon-all
Sun Mar  8 22:48:50 CET 2026
#@# white curv lh Sun Mar  8 22:48:50 CET 2026
#@# white area lh Sun Mar  8 22:48:50 CET 2026
#@# pial curv lh Sun Mar  8 22:48:50 CET 2026
#@# pial area lh Sun Mar  8 22:48:50 CET 2026
#@# thickness lh Sun Mar  8 22:48:50 CET 2026
#@# area and vertex vol lh Sun Mar  8 22:48:50 CET 2026
#@# white curv rh Sun Mar  8 22:48:50 CET 2026
#@# white area rh Sun Mar  8 22:48:50 CET 2026
#@# pial curv rh Sun Mar  8 22:48:50 CET 2026
#@# pial area rh Sun Mar  8 22:48:50 CET 2026
#@# thickness rh Sun Mar  8 22:48:50 CET 2026
#@# area and vertex vol rh Sun Mar  8 22:48:50 CET 2026
#@# Cortical ribbon mask Sun Mar  8 22:48:50 CET 2026
recon-all -s sub-v1s15x0050196_ses-1 finished without error at Sun Mar  8 22:52:52 CET 2026



#New# invocation of recon-all 



status file for recon-all
Sun Mar  8 22:59:08 CET 2026
#@# white curv lh Sun Mar  8 22:59:08 CET 2026
#@# white area lh Sun Mar  8 22:59:08 CET 2026
#@# pial curv lh Sun Mar  8 22:59:08 CET 2026
#@# pial area lh Sun Mar  8 22:59:08 CET 2026
#@# thickness lh Sun Mar  8 22:59:08 CET 2026
#@# area and vertex vol lh Sun Mar  8 22:59:08 CET 2026
#@# white curv rh Sun Mar  8 22:59:08 CET 2026
#@# white area rh Sun Mar  8 22:59:08 CET 2026
#@# pial curv rh Sun Mar  8 22:59:08 CET 2026
#@# pial area rh Sun Mar  8 22:59:08 CET 2026
#@# thickness rh Sun Mar  8 22:59:08 CET 2026
#@# area and vertex vol rh Sun Mar  8 22:59:08 CET 2026
#@# Curvature Stats lh Sun Mar  8 22:59:08 CET 2026
#@# Curvature Stats rh Sun Mar  8 22:59:10 CET 2026
#@# Relabel Hypointensities Sun Mar  8 22:59:12 CET 2026
#@# APas-to-ASeg Sun Mar  8 22:59:28 CET 2026
#@# AParc-to-ASeg aparc Sun Mar  8 22:59:35 CET 2026
#@# AParc-to-ASeg aparc.a2009s Sun Mar  8 23:00:14 CET 2026
#@# AParc-to-ASeg aparc.DKTatlas Sun Mar  8 23:00:49 CET 2026
#@# WMParc Sun Mar  8 23:01:25 CET 2026
#@# ASeg Stats Sun Mar  8 23:05:22 CET 2026
recon-all -s sub-v1s15x0050196_ses-1 finished without error at Sun Mar  8 23:05:56 CET 2026
