status file for recon-all
Sun Mar  8 22:09:02 CET 2026
#@# Tessellate lh Sun Mar  8 22:09:02 CET 2026
#@# Smooth1 lh Sun Mar  8 22:09:05 CET 2026
#@# Inflation1 lh Sun Mar  8 22:09:07 CET 2026
#@# QSphere lh Sun Mar  8 22:09:17 CET 2026
#@# Fix Topology lh Sun Mar  8 22:10:25 CET 2026
#@# Smooth2 lh Sun Mar  8 22:15:37 CET 2026
#@# Inflation2 lh Sun Mar  8 22:15:40 CET 2026
#@# Curv .H and .K lh Sun Mar  8 22:15:51 CET 2026
#@# Sphere lh Sun Mar  8 22:16:39 CET 2026
#@# Surf Reg lh Sun Mar  8 22:19:36 CET 2026
#@# Jacobian white lh Sun Mar  8 22:23:02 CET 2026
#@# AvgCurv lh Sun Mar  8 22:23:03 CET 2026
#@# Cortical Parc lh Sun Mar  8 22:23:04 CET 2026
#@# white curv lh Sun Mar  8 22:29:05 CET 2026
#@# white area lh Sun Mar  8 22:29:07 CET 2026
#@# pial curv lh Sun Mar  8 22:29:08 CET 2026
#@# pial area lh Sun Mar  8 22:29:09 CET 2026
#@# thickness lh Sun Mar  8 22:29:10 CET 2026
#@# area and vertex vol lh Sun Mar  8 22:29:40 CET 2026
#@# Curvature Stats lh Sun Mar  8 22:29:42 CET 2026
#@# Cortical Parc 2 lh Sun Mar  8 22:29:44 CET 2026
#@# Cortical Parc 3 lh Sun Mar  8 22:29:57 CET 2026
#@# WM/GM Contrast lh Sun Mar  8 22:30:07 CET 2026
recon-all -s sub-v1s15x0050196_ses-1 finished without error at Sun Mar  8 22:30:10 CET 2026



#New# invocation of recon-all 



status file for recon-all
Sun Mar  8 22:52:56 CET 2026
#@# white curv lh Sun Mar  8 22:52:56 CET 2026
#@# white area lh Sun Mar  8 22:52:56 CET 2026
#@# pial curv lh Sun Mar  8 22:52:56 CET 2026
#@# pial area lh Sun Mar  8 22:52:56 CET 2026
#@# thickness lh Sun Mar  8 22:52:56 CET 2026
#@# area and vertex vol lh Sun Mar  8 22:52:56 CET 2026
#@# Parcellation Stats lh Sun Mar  8 22:52:56 CET 2026
#@# Parcellation Stats 2 lh Sun Mar  8 22:53:15 CET 2026
#@# Parcellation Stats 3 lh Sun Mar  8 22:53:25 CET 2026
#@# BA_exvivo Labels lh Sun Mar  8 22:53:34 CET 2026
recon-all -s sub-v1s15x0050196_ses-1 finished without error at Sun Mar  8 22:56:05 CET 2026
