status file for recon-all
Thu Mar 12 13:13:58 CET 2026
#@# Tessellate lh Thu Mar 12 13:13:58 CET 2026
#@# Smooth1 lh Thu Mar 12 13:14:02 CET 2026
#@# Inflation1 lh Thu Mar 12 13:14:04 CET 2026
#@# QSphere lh Thu Mar 12 13:14:16 CET 2026
#@# Fix Topology lh Thu Mar 12 13:15:33 CET 2026
#@# Smooth2 lh Thu Mar 12 13:20:46 CET 2026
#@# Inflation2 lh Thu Mar 12 13:20:49 CET 2026
#@# Curv .H and .K lh Thu Mar 12 13:21:04 CET 2026
#@# Sphere lh Thu Mar 12 13:21:46 CET 2026
#@# Surf Reg lh Thu Mar 12 13:24:05 CET 2026
#@# Jacobian white lh Thu Mar 12 13:27:30 CET 2026
#@# AvgCurv lh Thu Mar 12 13:27:31 CET 2026
#@# Cortical Parc lh Thu Mar 12 13:27:32 CET 2026
#@# white curv lh Thu Mar 12 13:33:22 CET 2026
#@# white area lh Thu Mar 12 13:33:23 CET 2026
#@# pial curv lh Thu Mar 12 13:33:24 CET 2026
#@# pial area lh Thu Mar 12 13:33:26 CET 2026
#@# thickness lh Thu Mar 12 13:33:27 CET 2026
#@# area and vertex vol lh Thu Mar 12 13:33:53 CET 2026
#@# Curvature Stats lh Thu Mar 12 13:33:54 CET 2026
#@# Cortical Parc 2 lh Thu Mar 12 13:33:57 CET 2026
#@# Cortical Parc 3 lh Thu Mar 12 13:34:09 CET 2026
#@# WM/GM Contrast lh Thu Mar 12 13:34:19 CET 2026
recon-all -s sub-v1s15x0050204_ses-1 finished without error at Thu Mar 12 13:34:22 CET 2026



#New# invocation of recon-all 



status file for recon-all
Thu Mar 12 14:04:53 CET 2026
#@# white curv lh Thu Mar 12 14:04:53 CET 2026
#@# white area lh Thu Mar 12 14:04:53 CET 2026
#@# pial curv lh Thu Mar 12 14:04:53 CET 2026
#@# pial area lh Thu Mar 12 14:04:53 CET 2026
#@# thickness lh Thu Mar 12 14:04:53 CET 2026
#@# area and vertex vol lh Thu Mar 12 14:04:53 CET 2026
#@# Parcellation Stats lh Thu Mar 12 14:04:53 CET 2026
#@# Parcellation Stats 2 lh Thu Mar 12 14:05:09 CET 2026
#@# Parcellation Stats 3 lh Thu Mar 12 14:05:17 CET 2026
#@# BA_exvivo Labels lh Thu Mar 12 14:05:25 CET 2026
recon-all -s sub-v1s15x0050204_ses-1 finished without error at Thu Mar 12 14:07:54 CET 2026
