status file for recon-all
Sun Mar  8 20:26:42 CET 2026
#@# MotionCor Sun Mar  8 20:26:44 CET 2026
#@# Talairach Sun Mar  8 20:26:51 CET 2026
#@# Talairach Failure Detection Sun Mar  8 20:31:17 CET 2026
#@# Nu Intensity Correction Sun Mar  8 20:31:17 CET 2026
#@# Intensity Normalization Sun Mar  8 20:34:33 CET 2026
recon-all -s sub-v1s15x0050186_ses-1 finished without error at Sun Mar  8 20:36:03 CET 2026



#New# invocation of recon-all 



status file for recon-all
Sun Mar  8 20:43:11 CET 2026
#@# EM Registration Sun Mar  8 20:43:11 CET 2026
recon-all -s sub-v1s15x0050186_ses-1 finished without error at Sun Mar  8 20:44:32 CET 2026



#New# invocation of recon-all 



status file for recon-all
Sun Mar  8 20:44:36 CET 2026
#@# CA Normalize Sun Mar  8 20:44:36 CET 2026
#@# CA Reg Sun Mar  8 20:45:59 CET 2026
#@# SubCort Seg Sun Mar  8 21:25:53 CET 2026
#@# CC Seg Sun Mar  8 21:55:58 CET 2026
#@# Merge ASeg Sun Mar  8 21:56:52 CET 2026
#@# Intensity Normalization2 Sun Mar  8 21:56:52 CET 2026
#@# Mask BFS Sun Mar  8 21:59:07 CET 2026
#@# WM Segmentation Sun Mar  8 21:59:08 CET 2026
#@# Fill Sun Mar  8 22:01:04 CET 2026
recon-all -s sub-v1s15x0050186_ses-1 finished without error at Sun Mar  8 22:02:06 CET 2026



#New# invocation of recon-all 



status file for recon-all
Sun Mar  8 22:56:59 CET 2026
#@# white curv lh Sun Mar  8 22:56:59 CET 2026
#@# white area lh Sun Mar  8 22:56:59 CET 2026
#@# pial curv lh Sun Mar  8 22:56:59 CET 2026
#@# pial area lh Sun Mar  8 22:56:59 CET 2026
#@# thickness lh Sun Mar  8 22:56:59 CET 2026
#@# area and vertex vol lh Sun Mar  8 22:56:59 CET 2026
#@# white curv rh Sun Mar  8 22:56:59 CET 2026
#@# white area rh Sun Mar  8 22:56:59 CET 2026
#@# pial curv rh Sun Mar  8 22:56:59 CET 2026
#@# pial area rh Sun Mar  8 22:56:59 CET 2026
#@# thickness rh Sun Mar  8 22:56:59 CET 2026
#@# area and vertex vol rh Sun Mar  8 22:56:59 CET 2026
#@# Cortical ribbon mask Sun Mar  8 22:56:59 CET 2026
recon-all -s sub-v1s15x0050186_ses-1 finished without error at Sun Mar  8 23:04:03 CET 2026



#New# invocation of recon-all 



status file for recon-all
Sun Mar  8 23:10:11 CET 2026
#@# white curv lh Sun Mar  8 23:10:11 CET 2026
#@# white area lh Sun Mar  8 23:10:11 CET 2026
#@# pial curv lh Sun Mar  8 23:10:11 CET 2026
#@# pial area lh Sun Mar  8 23:10:11 CET 2026
#@# thickness lh Sun Mar  8 23:10:11 CET 2026
#@# area and vertex vol lh Sun Mar  8 23:10:11 CET 2026
#@# white curv rh Sun Mar  8 23:10:11 CET 2026
#@# white area rh Sun Mar  8 23:10:11 CET 2026
#@# pial curv rh Sun Mar  8 23:10:11 CET 2026
#@# pial area rh Sun Mar  8 23:10:11 CET 2026
#@# thickness rh Sun Mar  8 23:10:11 CET 2026
#@# area and vertex vol rh Sun Mar  8 23:10:11 CET 2026
#@# Curvature Stats lh Sun Mar  8 23:10:11 CET 2026
#@# Curvature Stats rh Sun Mar  8 23:10:13 CET 2026
#@# Relabel Hypointensities Sun Mar  8 23:10:15 CET 2026
#@# APas-to-ASeg Sun Mar  8 23:10:31 CET 2026
#@# AParc-to-ASeg aparc Sun Mar  8 23:10:37 CET 2026
#@# AParc-to-ASeg aparc.a2009s Sun Mar  8 23:11:19 CET 2026
#@# AParc-to-ASeg aparc.DKTatlas Sun Mar  8 23:12:01 CET 2026
#@# WMParc Sun Mar  8 23:12:41 CET 2026
#@# ASeg Stats Sun Mar  8 23:16:21 CET 2026
recon-all -s sub-v1s15x0050186_ses-1 finished without error at Sun Mar  8 23:16:52 CET 2026
