status file for recon-all
Sun Mar  8 22:02:11 CET 2026
#@# Tessellate lh Sun Mar  8 22:02:11 CET 2026
#@# Smooth1 lh Sun Mar  8 22:02:14 CET 2026
#@# Inflation1 lh Sun Mar  8 22:02:16 CET 2026
#@# QSphere lh Sun Mar  8 22:02:25 CET 2026
#@# Fix Topology lh Sun Mar  8 22:03:17 CET 2026
#@# Smooth2 lh Sun Mar  8 22:09:11 CET 2026
#@# Inflation2 lh Sun Mar  8 22:09:14 CET 2026
#@# Curv .H and .K lh Sun Mar  8 22:09:23 CET 2026
#@# Sphere lh Sun Mar  8 22:10:09 CET 2026
#@# Surf Reg lh Sun Mar  8 22:13:03 CET 2026
#@# Jacobian white lh Sun Mar  8 22:16:13 CET 2026
#@# AvgCurv lh Sun Mar  8 22:16:13 CET 2026
#@# Cortical Parc lh Sun Mar  8 22:16:14 CET 2026
#@# white curv lh Sun Mar  8 22:22:06 CET 2026
#@# white area lh Sun Mar  8 22:22:07 CET 2026
#@# pial curv lh Sun Mar  8 22:22:08 CET 2026
#@# pial area lh Sun Mar  8 22:22:09 CET 2026
#@# thickness lh Sun Mar  8 22:22:10 CET 2026
#@# area and vertex vol lh Sun Mar  8 22:22:40 CET 2026
#@# Curvature Stats lh Sun Mar  8 22:22:41 CET 2026
#@# Cortical Parc 2 lh Sun Mar  8 22:22:43 CET 2026
#@# Cortical Parc 3 lh Sun Mar  8 22:22:55 CET 2026
#@# WM/GM Contrast lh Sun Mar  8 22:23:05 CET 2026
recon-all -s sub-v1s15x0050186_ses-1 finished without error at Sun Mar  8 22:23:08 CET 2026



#New# invocation of recon-all 



status file for recon-all
Sun Mar  8 23:04:07 CET 2026
#@# white curv lh Sun Mar  8 23:04:07 CET 2026
#@# white area lh Sun Mar  8 23:04:07 CET 2026
#@# pial curv lh Sun Mar  8 23:04:07 CET 2026
#@# pial area lh Sun Mar  8 23:04:07 CET 2026
#@# thickness lh Sun Mar  8 23:04:07 CET 2026
#@# area and vertex vol lh Sun Mar  8 23:04:07 CET 2026
#@# Parcellation Stats lh Sun Mar  8 23:04:07 CET 2026
#@# Parcellation Stats 2 lh Sun Mar  8 23:04:24 CET 2026
#@# Parcellation Stats 3 lh Sun Mar  8 23:04:33 CET 2026
#@# BA_exvivo Labels lh Sun Mar  8 23:04:41 CET 2026
recon-all -s sub-v1s15x0050186_ses-1 finished without error at Sun Mar  8 23:06:59 CET 2026
