status file for recon-all
Sun Mar  8 22:23:10 CET 2026
#@# Tessellate rh Sun Mar  8 22:23:10 CET 2026
#@# Smooth1 rh Sun Mar  8 22:23:14 CET 2026
#@# Inflation1 rh Sun Mar  8 22:23:16 CET 2026
#@# QSphere rh Sun Mar  8 22:23:26 CET 2026
#@# Fix Topology rh Sun Mar  8 22:24:24 CET 2026
#@# Smooth2 rh Sun Mar  8 22:36:06 CET 2026
#@# Inflation2 rh Sun Mar  8 22:36:08 CET 2026
#@# Curv .H and .K rh Sun Mar  8 22:36:20 CET 2026
#@# Sphere rh Sun Mar  8 22:37:08 CET 2026
#@# Surf Reg rh Sun Mar  8 22:42:55 CET 2026
#@# Jacobian white rh Sun Mar  8 22:48:07 CET 2026
#@# AvgCurv rh Sun Mar  8 22:48:08 CET 2026
#@# Cortical Parc rh Sun Mar  8 22:48:09 CET 2026
#@# white curv rh Sun Mar  8 22:55:48 CET 2026
#@# white area rh Sun Mar  8 22:55:50 CET 2026
#@# pial curv rh Sun Mar  8 22:55:50 CET 2026
#@# pial area rh Sun Mar  8 22:55:52 CET 2026
#@# thickness rh Sun Mar  8 22:55:53 CET 2026
#@# area and vertex vol rh Sun Mar  8 22:56:24 CET 2026
#@# Curvature Stats rh Sun Mar  8 22:56:26 CET 2026
#@# Cortical Parc 2 rh Sun Mar  8 22:56:28 CET 2026
#@# Cortical Parc 3 rh Sun Mar  8 22:56:41 CET 2026
#@# WM/GM Contrast rh Sun Mar  8 22:56:51 CET 2026
recon-all -s sub-v1s15x0050186_ses-1 finished without error at Sun Mar  8 22:56:54 CET 2026



#New# invocation of recon-all 



status file for recon-all
Sun Mar  8 23:07:01 CET 2026
#@# white curv rh Sun Mar  8 23:07:01 CET 2026
#@# white area rh Sun Mar  8 23:07:01 CET 2026
#@# pial curv rh Sun Mar  8 23:07:01 CET 2026
#@# pial area rh Sun Mar  8 23:07:01 CET 2026
#@# thickness rh Sun Mar  8 23:07:01 CET 2026
#@# area and vertex vol rh Sun Mar  8 23:07:01 CET 2026
#@# Parcellation Stats rh Sun Mar  8 23:07:01 CET 2026
#@# Parcellation Stats 2 rh Sun Mar  8 23:07:20 CET 2026
#@# Parcellation Stats 3 rh Sun Mar  8 23:07:30 CET 2026
#@# BA_exvivo Labels rh Sun Mar  8 23:07:40 CET 2026
recon-all -s sub-v1s15x0050186_ses-1 finished without error at Sun Mar  8 23:10:05 CET 2026
