/out/sourcedata/freesurfer/sub-v1s15x0050196_ses-1/mri
/opt/freesurfer/bin/talairach_avi
--i orig_nu.mgz --xfm transforms/talairach.auto.xfm
talairach_avi 7.3.2
Linux dna058 5.14.0-427.37.1.el9_4.x86_64 #1 SMP PREEMPT_DYNAMIC Fri Sep 13 12:41:50 EDT 2024 x86_64 x86_64 x86_64 GNU/Linux
Sun Mar  8 20:37:57 CET 2026
mri_convert orig_nu.mgz talsrcimg.img 
reading from orig_nu.mgz...
TR=0.00, TE=0.00, TI=0.00, flip angle=0.00
i_ras = (-1, 0, 0)
j_ras = (0, 0, -1)
k_ras = (0, 1, 0)
writing to talsrcimg.img...
Analyze Output Matrix
-1.00000   0.00000   0.00000   131.84351;
 0.00000   0.00000   1.00000  -123.81200;
 0.00000  -1.00000   0.00000   89.65601;
 0.00000   0.00000   0.00000   1.00000;
--------------------
INFO: set hdr.hist.orient to -1
mpr2mni305 talsrcimg
Sun Mar  8 20:37:58 CET 2026
/opt/freesurfer/bin/mpr2mni305 talsrcimg
mpr2mni305 7.3.2
target=711-2C_as_mni_average_305

---------------------------------------------------------------------
analyzeto4dfp talsrcimg -O0 -y
---------------------------------------------------------------------

freesurfer ifh2hdr.c
Sun Mar  8 20:37:58 2026
Writing: talsrcimg.4dfp.hdr
freesurfer analyzeto4dfp.c
Reading: talsrcimg.hdr
header size 348 bytes
hdr.dime.datatype	offset=70	value=2
hdr.dime.bitpix		offset=72	value=8
hdr.hist.orient		offset=252	value=-1
dimensionality     4
dimensions       256       256       256         1
Reading: talsrcimg.img
Writing: talsrcimg.4dfp.img
Writing: talsrcimg.4dfp.ifh
ifh2hdr talsrcimg -r0to216
ori=2

---------------------------------------------------------------------
gauss_4dfp talsrcimg 1.1
---------------------------------------------------------------------

freesurfer gauss_4dfp.c
Reading: talsrcimg.4dfp.img
Writing: talsrcimg_g11.4dfp.img
image dimensions 256 256 256 padded to 288 288 288
processing volume 1freesurfer ifh2hdr.c
Sun Mar  8 20:38:00 2026
Writing: talsrcimg_g11.4dfp.hdr

Writing: talsrcimg_g11.4dfp.ifh
including: talsrcimg.4dfp.img.rec in talsrcimg_g11.4dfp.img.rec

---------------------------------------------------------------------
imgreg_4dfp /opt/freesurfer/average/711-2C_as_mni_average_305 none talsrcimg_g11 none talsrcimg_to_711-2C_as_mni_average_305_t4 4355
---------------------------------------------------------------------

freesurfer imgreg_4dfp.c
/opt/freesurfer/average/711-2C_as_mni_average_305.4dfp.img
       256       256       256         1
  1.000000  1.000000  1.000000
orientation T byte_order littleendian
Reading image: /opt/freesurfer/average/711-2C_as_mni_average_305.4dfp.img
dimensions:      256       256       256
mmppix:       1.0000   -1.0000   -1.0000
center:     128.0000 -129.0000 -129.0000
talsrcimg_g11.4dfp.img
       256       256       256         1
  1.000000  1.000000  1.000000
orientation T byte_order littleendian
Reading image: talsrcimg_g11.4dfp.img
dimensions:      256       256       256
mmppix:       1.0000   -1.0000   -1.0000
center:     128.0000 -129.0000 -129.0000
t4_read: open error in t4_sub.f l:  41 t4_file(1:l)talsrcimg_to_711-2C_as_mni_average_305_t4 
t4_read: transform initialized to I4
rotation matrix determinant  1.000000
image alignment mode   4355 decimal     1103 hex
   -7.5000  -45.0000  -45.0000 4575.7412   27.6540
    0.0000  -45.0000  -45.0000 4789.2280   27.5718
    7.5000  -45.0000  -45.0000 4581.9893   27.5642
   -7.5000  -37.5000  -45.0000 5074.7925   26.3939
    0.0000  -37.5000  -45.0000 5302.6377   26.3201
    7.5000  -37.5000  -45.0000 5056.9878   26.3193
   -7.5000  -30.0000  -45.0000 5793.5835   25.5286
    0.0000  -30.0000  -45.0000 6017.5449   25.4613
    7.5000  -30.0000  -45.0000 5754.5942   25.4626
   -7.5000  -22.5000  -45.0000 6537.2344   24.9634
    0.0000  -22.5000  -45.0000 6752.1235   24.8914
    7.5000  -22.5000  -45.0000 6494.7798   24.8881
   -7.5000  -15.0000  -45.0000 7255.1274   24.5856
    0.0000  -15.0000  -45.0000 7501.2192   24.5138
    7.5000  -15.0000  -45.0000 7221.4209   24.5003
   -7.5000   -7.5000  -45.0000 8079.5444   24.5214
    0.0000   -7.5000  -45.0000 8360.9297   24.4532
    7.5000   -7.5000  -45.0000 8054.5518   24.4387
   -7.5000    0.0000  -45.0000 8889.4248   24.4763
    0.0000    0.0000  -45.0000 9217.3262   24.4132
    7.5000    0.0000  -45.0000 8881.7207   24.4055
   -7.5000    7.5000  -45.0000 9054.0811   24.4505
    0.0000    7.5000  -45.0000 9411.9277   24.3925
    7.5000    7.5000  -45.0000 9060.9404   24.3921
   -7.5000   15.0000  -45.0000 9077.1387   24.4600
    0.0000   15.0000  -45.0000 9436.8213   24.3987
    7.5000   15.0000  -45.0000 9053.4561   24.4006
   -7.5000   22.5000  -45.0000 9023.2881   24.5000
    0.0000   22.5000  -45.0000 9364.1533   24.4305
    7.5000   22.5000  -45.0000 8973.9346   24.4264
   -7.5000   30.0000  -45.0000 8924.0400   24.2110
    0.0000   30.0000  -45.0000 9288.1494   24.1406
    7.5000   30.0000  -45.0000 8892.8486   24.1276
   -7.5000   37.5000  -45.0000 9100.5801   24.1933
    0.0000   37.5000  -45.0000 9467.7275   24.1261
    7.5000   37.5000  -45.0000 9082.2285   24.1118
   -7.5000   45.0000  -45.0000 8773.3545   23.5369
    0.0000   45.0000  -45.0000 9132.7656   23.4763
    7.5000   45.0000  -45.0000 8771.7969   23.4688
   -7.5000  -45.0000  -37.5000 4860.9863   27.2280
    0.0000  -45.0000  -37.5000 5071.2729   27.1314
    7.5000  -45.0000  -37.5000 4850.8862   27.1114
   -7.5000  -37.5000  -37.5000 5373.9951   25.9935
    0.0000  -37.5000  -37.5000 5596.6709   25.9089
    7.5000  -37.5000  -37.5000 5343.5645   25.9006
   -7.5000  -30.0000  -37.5000 6123.8325   25.1434
    0.0000  -30.0000  -37.5000 6342.8374   25.0636
    7.5000  -30.0000  -37.5000 6088.9722   25.0591
   -7.5000  -22.5000  -37.5000 6894.7349   24.5891
    0.0000  -22.5000  -37.5000 7124.3613   24.5016
    7.5000  -22.5000  -37.5000 6867.9634   24.4930
   -7.5000  -15.0000  -37.5000 7669.4639   24.2270
    0.0000  -15.0000  -37.5000 7928.1616   24.1376
    7.5000  -15.0000  -37.5000 7643.9346   24.1174
   -7.5000   -7.5000  -37.5000 8538.8936   24.1752
    0.0000   -7.5000  -37.5000 8847.1250   24.0915
    7.5000   -7.5000  -37.5000 8516.2920   24.0680
   -7.5000    0.0000  -37.5000 9391.7832   24.1368
    0.0000    0.0000  -37.5000 9746.5518   24.0622
    7.5000    0.0000  -37.5000 9385.4854   24.0450
   -7.5000    7.5000  -37.5000 9559.8193   24.1059
    0.0000    7.5000  -37.5000 9926.1025   24.0377
    7.5000    7.5000  -37.5000 9569.8896   24.0303
   -7.5000   15.0000  -37.5000 9549.1279   24.1056
    0.0000   15.0000  -37.5000 9912.1064   24.0324
    7.5000   15.0000  -37.5000 9524.8506   24.0292
   -7.5000   22.5000  -37.5000 9472.1523   24.1395
    0.0000   22.5000  -37.5000 9841.0039   24.0548
    7.5000   22.5000  -37.5000 9428.3311   24.0454
   -7.5000   30.0000  -37.5000 9342.9736   23.8583
    0.0000   30.0000  -37.5000 9733.7588   23.7707
    7.5000   30.0000  -37.5000 9296.8916   23.7510
   -7.5000   37.5000  -37.5000 9545.3447   23.8518
    0.0000   37.5000  -37.5000 9954.6904   23.7693
    7.5000   37.5000  -37.5000 9529.0742   23.7460
   -7.5000   45.0000  -37.5000 9207.6113   23.2105
    0.0000   45.0000  -37.5000 9615.8633   23.1387
    7.5000   45.0000  -37.5000 9202.8105   23.1221
   -7.5000  -45.0000  -30.0000 5181.9731   27.8493
    0.0000  -45.0000  -30.0000 5406.3721   27.7611
    7.5000  -45.0000  -30.0000 5178.8970   27.7398
   -7.5000  -37.5000  -30.0000 5712.9043   26.6064
    0.0000  -37.5000  -30.0000 5940.2319   26.5285
    7.5000  -37.5000  -30.0000 5692.8047   26.5203
   -7.5000  -30.0000  -30.0000 6497.8237   25.7506
    0.0000  -30.0000  -30.0000 6725.9805   25.6728
    7.5000  -30.0000  -30.0000 6473.5127   25.6655
   -7.5000  -22.5000  -30.0000 7312.4297   25.1926
    0.0000  -22.5000  -30.0000 7553.3306   25.1037
    7.5000  -22.5000  -30.0000 7292.0625   25.0891
   -7.5000  -15.0000  -30.0000 8179.2456   24.8303
    0.0000  -15.0000  -30.0000 8459.0029   24.7393
    7.5000  -15.0000  -30.0000 8140.8765   24.7120
   -7.5000   -7.5000  -30.0000 9137.9424   24.7809
    0.0000   -7.5000  -30.0000 9480.4707   24.6994
    7.5000   -7.5000  -30.0000 9095.0146   24.6707
   -7.5000    0.0000  -30.000010049.7939   24.7425
    0.0000    0.0000  -30.000010440.3467   24.6737
    7.5000    0.0000  -30.000010006.2529   24.6541
   -7.5000    7.5000  -30.000010232.0293   24.7082
    0.0000    7.5000  -30.000010639.8330   24.6447
    7.5000    7.5000  -30.000010190.8604   24.6361
   -7.5000   15.0000  -30.000010210.9375   24.7054
    0.0000   15.0000  -30.000010613.0771   24.6334
    7.5000   15.0000  -30.000010142.0352   24.6272
   -7.5000   22.5000  -30.000010082.2305   24.7372
    0.0000   22.5000  -30.000010509.4141   24.6508
    7.5000   22.5000  -30.000010023.7568   24.6355
   -7.5000   30.0000  -30.0000 9906.6143   24.4555
    0.0000   30.0000  -30.000010362.7305   24.3662
    7.5000   30.0000  -30.0000 9865.4629   24.3396
   -7.5000   37.5000  -30.000010122.7051   24.4518
    0.0000   37.5000  -30.000010579.5098   24.3714
    7.5000   37.5000  -30.000010094.1855   24.3431
   -7.5000   45.0000  -30.0000 9747.3838   23.8103
    0.0000   45.0000  -30.000010195.7188   23.7441
    7.5000   45.0000  -30.0000 9727.8340   23.7253
   -7.5000  -45.0000  -22.5000 5590.4590   28.7248
    0.0000  -45.0000  -22.5000 5826.9565   28.6581
    7.5000  -45.0000  -22.5000 5575.1646   28.6468
   -7.5000  -37.5000  -22.5000 6154.9922   27.4514
    0.0000  -37.5000  -22.5000 6403.6318   27.3919
    7.5000  -37.5000  -22.5000 6151.8745   27.3900
   -7.5000  -30.0000  -22.5000 7006.8345   26.5865
    0.0000  -30.0000  -22.5000 7261.8965   26.5244
    7.5000  -30.0000  -22.5000 6990.3921   26.5183
   -7.5000  -22.5000  -22.5000 7893.0029   26.0296
    0.0000  -22.5000  -22.5000 8170.9995   25.9546
    7.5000  -22.5000  -22.5000 7863.2847   25.9369
   -7.5000  -15.0000  -22.5000 8869.9834   25.6587
    0.0000  -15.0000  -22.5000 9193.5557   25.5816
    7.5000  -15.0000  -22.5000 8810.0518   25.5516
   -7.5000   -7.5000  -22.5000 9924.5977   25.5923
    0.0000   -7.5000  -22.500010314.6016   25.5259
    7.5000   -7.5000  -22.5000 9855.5352   25.4991
   -7.5000    0.0000  -22.500010929.6113   25.5358
    0.0000    0.0000  -22.500011363.8057   25.4833
    7.5000    0.0000  -22.500010860.9023   25.4696
   -7.5000    7.5000  -22.500011131.4414   25.4994
    0.0000    7.5000  -22.500011589.8555   25.4518
    7.5000    7.5000  -22.500011056.3779   25.4478
   -7.5000   15.0000  -22.500011109.1641   25.5104
    0.0000   15.0000  -22.500011558.5693   25.4525
    7.5000   15.0000  -22.500011030.3389   25.4466
   -7.5000   22.5000  -22.500010931.7852   25.5579
    0.0000   22.5000  -22.500011411.3877   25.4849
    7.5000   22.5000  -22.500010878.1582   25.4664
   -7.5000   30.0000  -22.500010725.2236   25.2755
    0.0000   30.0000  -22.500011215.0137   25.1998
    7.5000   30.0000  -22.500010655.4805   25.1705
   -7.5000   37.5000  -22.500010914.6680   25.2563
    0.0000   37.5000  -22.500011432.4551   25.1907
    7.5000   37.5000  -22.500010868.2158   25.1643
   -7.5000   45.0000  -22.500010500.5439   24.5922
    0.0000   45.0000  -22.500011019.3848   24.5417
    7.5000   45.0000  -22.500010453.8105   24.5285
   -7.5000  -45.0000  -15.0000 5958.4531   29.3524
    0.0000  -45.0000  -15.0000 6222.6826   29.3017
    7.5000  -45.0000  -15.0000 5933.2783   29.3024
   -7.5000  -37.5000  -15.0000 6586.3027   28.0622
    0.0000  -37.5000  -15.0000 6845.2476   28.0149
    7.5000  -37.5000  -15.0000 6565.4678   28.0196
   -7.5000  -30.0000  -15.0000 7520.6719   27.1954
    0.0000  -30.0000  -15.0000 7783.1821   27.1459
    7.5000  -30.0000  -15.0000 7481.7725   27.1440
   -7.5000  -22.5000  -15.0000 8515.2227   26.6413
    0.0000  -22.5000  -15.0000 8821.1201   26.5803
    7.5000  -22.5000  -15.0000 8454.6279   26.5657
   -7.5000  -15.0000  -15.0000 9578.2178   26.2609
    0.0000  -15.0000  -15.0000 9952.0391   26.1988
    7.5000  -15.0000  -15.0000 9502.6943   26.1733
   -7.5000   -7.5000  -15.000010731.7764   26.1755
    0.0000   -7.5000  -15.000011164.2451   26.1233
    7.5000   -7.5000  -15.000010633.5928   26.1042
   -7.5000    0.0000  -15.000011819.8008   26.1031
    0.0000    0.0000  -15.000012292.1533   26.0628
    7.5000    0.0000  -15.000011719.6807   26.0580
   -7.5000    7.5000  -15.000012042.6074   26.0700
    0.0000    7.5000  -15.000012532.4805   26.0333
    7.5000    7.5000  -15.000011911.2705   26.0357
   -7.5000   15.0000  -15.000012037.9922   26.0964
    0.0000   15.0000  -15.000012520.0195   26.0503
    7.5000   15.0000  -15.000011894.1875   26.0480
   -7.5000   22.5000  -15.000011806.8066   26.1576
    0.0000   22.5000  -15.000012343.2666   26.0983
    7.5000   22.5000  -15.000011725.2148   26.0827
   -7.5000   30.0000  -15.000011547.0576   25.8726
    0.0000   30.0000  -15.000012094.0781   25.8117
    7.5000   30.0000  -15.000011468.7871   25.7868
   -7.5000   37.5000  -15.000011755.6895   25.8354
    0.0000   37.5000  -15.000012348.4209   25.7839
    7.5000   37.5000  -15.000011677.4375   25.7651
   -7.5000   45.0000  -15.000011325.1895   25.1538
    0.0000   45.0000  -15.000011918.1338   25.1149
    7.5000   45.0000  -15.000011253.2373   25.1103
   -7.5000  -45.0000   -7.5000 6348.7808   29.6648
    0.0000  -45.0000   -7.5000 6605.4600   29.6011
    7.5000  -45.0000   -7.5000 6325.1943   29.6020
   -7.5000  -37.5000   -7.5000 7063.9473   28.3640
    0.0000  -37.5000   -7.5000 7328.7031   28.3044
    7.5000  -37.5000   -7.5000 7029.5522   28.3079
   -7.5000  -30.0000   -7.5000 8087.5723   27.4868
    0.0000  -30.0000   -7.5000 8386.1426   27.4295
    7.5000  -30.0000   -7.5000 8019.2642   27.4296
   -7.5000  -22.5000   -7.5000 9190.0479   26.9227
    0.0000  -22.5000   -7.5000 9537.7139   26.8587
    7.5000  -22.5000   -7.5000 9098.8936   26.8495
   -7.5000  -15.0000   -7.500010316.1006   26.5345
    0.0000  -15.0000   -7.500010738.8369   26.4708
    7.5000  -15.0000   -7.500010224.5254   26.4521
   -7.5000   -7.5000   -7.500011559.4668   26.4478
    0.0000   -7.5000   -7.500012008.4727   26.3906
    7.5000   -7.5000   -7.500011443.4160   26.3764
   -7.5000    0.0000   -7.500012768.5059   26.3789
    0.0000    0.0000   -7.500013284.9248   26.3290
    7.5000    0.0000   -7.500012641.0508   26.3257
   -7.5000    7.5000   -7.500013004.5342   26.3501
    0.0000    7.5000   -7.500013541.6680   26.3038
    7.5000    7.5000   -7.500012837.0430   26.3063
   -7.5000   15.0000   -7.500012999.3291   26.3766
    0.0000   15.0000   -7.500013525.3242   26.3241
    7.5000   15.0000   -7.500012830.4473   26.3241
   -7.5000   22.5000   -7.500012743.9463   26.4313
    0.0000   22.5000   -7.500013301.6016   26.3693
    7.5000   22.5000   -7.500012624.8477   26.3592
   -7.5000   30.0000   -7.500012423.2480   26.1414
    0.0000   30.0000   -7.500013003.6182   26.0790
    7.5000   30.0000   -7.500012341.7109   26.0609
   -7.5000   37.5000   -7.500012676.4141   26.1035
    0.0000   37.5000   -7.500013340.3828   26.0470
    7.5000   37.5000   -7.500012581.6494   26.0330
   -7.5000   45.0000   -7.500012259.3369   25.4243
    0.0000   45.0000   -7.500012931.1719   25.3762
    7.5000   45.0000   -7.500012171.1611   25.3730
   -7.5000  -45.0000    0.0000 6702.2188   29.7513
    0.0000  -45.0000    0.0000 6962.5688   29.6605
    7.5000  -45.0000    0.0000 6685.3433   29.6488
   -7.5000  -37.5000    0.0000 7497.8218   28.4409
    0.0000  -37.5000    0.0000 7771.7275   28.3589
    7.5000  -37.5000    0.0000 7463.0918   28.3542
   -7.5000  -30.0000    0.0000 8577.1328   27.5438
    0.0000  -30.0000    0.0000 8901.5996   27.4684
    7.5000  -30.0000    0.0000 8523.7031   27.4662
   -7.5000  -22.5000    0.0000 9766.5195   26.9599
    0.0000  -22.5000    0.000010138.6748   26.8797
    7.5000  -22.5000    0.0000 9667.4609   26.8731
   -7.5000  -15.0000    0.000010945.5762   26.5677
    0.0000  -15.0000    0.000011378.7441   26.4877
    7.5000  -15.0000    0.000010839.0830   26.4709
   -7.5000   -7.5000    0.000012277.9971   26.4969
    0.0000   -7.5000    0.000012762.0576   26.4210
    7.5000   -7.5000    0.000012142.1250   26.4032
   -7.5000    0.0000    0.000013607.7617   26.4458
    0.0000    0.0000    0.000014166.8652   26.3754
    7.5000    0.0000    0.000013458.4775   26.3642
   -7.5000    7.5000    0.000013907.2871   26.4181
    0.0000    7.5000    0.000014462.8066   26.3528
    7.5000    7.5000    0.000013712.3389   26.3491
   -7.5000   15.0000    0.000013950.0957   26.4304
    0.0000   15.0000    0.000014480.9473   26.3615
    7.5000   15.0000    0.000013718.8564   26.3602
   -7.5000   22.5000    0.000013653.3887   26.4679
    0.0000   22.5000    0.000014216.0635   26.3904
    7.5000   22.5000    0.000013513.1494   26.3831
   -7.5000   30.0000    0.000013254.3643   26.1747
    0.0000   30.0000    0.000013865.9150   26.0964
    7.5000   30.0000    0.000013215.2090   26.0801
   -7.5000   37.5000    0.000013548.2520   26.1526
    0.0000   37.5000    0.000014248.1230   26.0778
    7.5000   37.5000    0.000013485.3682   26.0601
   -7.5000   45.0000    0.000013148.7832   25.4907
    0.0000   45.0000    0.000013882.9062   25.4228
    7.5000   45.0000    0.000013112.7852   25.4120
   -7.5000  -45.0000    7.5000 6533.0479   29.8158
    0.0000  -45.0000    7.5000 6782.6392   29.7123
    7.5000  -45.0000    7.5000 6530.1924   29.6894
   -7.5000  -37.5000    7.5000 7299.4502   28.4917
    0.0000  -37.5000    7.5000 7582.0249   28.4000
    7.5000  -37.5000    7.5000 7282.4116   28.3898
   -7.5000  -30.0000    7.5000 8406.6836   27.5764
    0.0000  -30.0000    7.5000 8744.0205   27.4893
    7.5000  -30.0000    7.5000 8369.2012   27.4838
   -7.5000  -22.5000    7.5000 9618.8926   26.9775
    0.0000  -22.5000    7.500010001.9775   26.8823
    7.5000  -22.5000    7.5000 9538.4893   26.8729
   -7.5000  -15.0000    7.500010795.4551   26.5867
    0.0000  -15.0000    7.500011217.9248   26.4903
    7.5000  -15.0000    7.500010701.3340   26.4684
   -7.5000   -7.5000    7.500012095.1006   26.5327
    0.0000   -7.5000    7.500012571.3613   26.4429
    7.5000   -7.5000    7.500011987.7812   26.4170
   -7.5000    0.0000    7.500013368.7061   26.4943
    0.0000    0.0000    7.500013934.6143   26.4140
    7.5000    0.0000    7.500013261.4990   26.3943
   -7.5000    7.5000    7.500013737.3115   26.4620
    0.0000    7.5000    7.500014270.3906   26.3878
    7.5000    7.5000    7.500013539.3369   26.3787
   -7.5000   15.0000    7.500013881.2930   26.4599
    0.0000   15.0000    7.500014435.6543   26.3799
    7.5000   15.0000    7.500013684.3867   26.3757
   -7.5000   22.5000    7.500013601.5723   26.4851
    0.0000   22.5000    7.500014219.9980   26.3930
    7.5000   22.5000    7.500013617.1748   26.3827
   -7.5000   30.0000    7.500013159.7852   26.1933
    0.0000   30.0000    7.500013831.5068   26.0987
    7.5000   30.0000    7.500013309.2354   26.0774
   -7.5000   37.5000    7.500013440.9141   26.1880
    0.0000   37.5000    7.500014192.8750   26.0994
    7.5000   37.5000    7.500013587.1914   26.0738
   -7.5000   45.0000    7.500013077.5010   25.5375
    0.0000   45.0000    7.500013861.6172   25.4601
    7.5000   45.0000    7.500013244.1006   25.4411
   -7.5000  -45.0000   15.0000 6300.5361   29.8499
    0.0000  -45.0000   15.0000 6533.6416   29.7557
    7.5000  -45.0000   15.0000 6307.0806   29.7330
   -7.5000  -37.5000   15.0000 7046.4888   28.5194
    0.0000  -37.5000   15.0000 7312.5498   28.4361
    7.5000  -37.5000   15.0000 7038.0488   28.4274
   -7.5000  -30.0000   15.0000 8131.4922   27.6033
    0.0000  -30.0000   15.0000 8471.7832   27.5200
    7.5000  -30.0000   15.0000 8122.3359   27.5123
   -7.5000  -22.5000   15.0000 9297.4414   27.0068
    0.0000  -22.5000   15.0000 9700.1729   26.9115
    7.5000  -22.5000   15.0000 9260.0176   26.8960
   -7.5000  -15.0000   15.000010429.6533   26.6197
    0.0000  -15.0000   15.000010886.8311   26.5224
    7.5000  -15.0000   15.000010396.0957   26.4931
   -7.5000   -7.5000   15.000011682.9766   26.5670
    0.0000   -7.5000   15.000012202.0957   26.4798
    7.5000   -7.5000   15.000011660.4902   26.4492
   -7.5000    0.0000   15.000012907.5527   26.5254
    0.0000    0.0000   15.000013475.3652   26.4519
    7.5000    0.0000   15.000012880.1885   26.4310
   -7.5000    7.5000   15.000013287.5547   26.4881
    0.0000    7.5000   15.000013868.3428   26.4203
    7.5000    7.5000   15.000013190.0078   26.4111
   -7.5000   15.0000   15.000013649.8887   26.4849
    0.0000   15.0000   15.000014285.9219   26.4078
    7.5000   15.0000   15.000013517.2520   26.4012
   -7.5000   22.5000   15.000013651.1504   26.5135
    0.0000   22.5000   15.000014429.5713   26.4210
    7.5000   22.5000   15.000013836.4229   26.4046
   -7.5000   30.0000   15.000013274.2822   26.2257
    0.0000   30.0000   15.000014075.0889   26.1301
    7.5000   30.0000   15.000013693.5762   26.1016
   -7.5000   37.5000   15.000013498.5215   26.2219
    0.0000   37.5000   15.000014308.2725   26.1359
    7.5000   37.5000   15.000013879.4609   26.1056
   -7.5000   45.0000   15.000013088.0439   25.5675
    0.0000   45.0000   15.000013896.8105   25.4966
    7.5000   45.0000   15.000013364.6689   25.4765
   -7.5000  -45.0000   22.5000 5976.8555   29.8163
    0.0000  -45.0000   22.5000 6206.2778   29.7471
    7.5000  -45.0000   22.5000 5953.6338   29.7354
   -7.5000  -37.5000   22.5000 6717.0420   28.4948
    0.0000  -37.5000   22.5000 6995.5430   28.4330
    7.5000  -37.5000   22.5000 6711.3911   28.4310
   -7.5000  -30.0000   22.5000 7812.5420   27.5972
    0.0000  -30.0000   22.5000 8166.0493   27.5328
    7.5000  -30.0000   22.5000 7823.2241   27.5265
   -7.5000  -22.5000   22.5000 8951.8086   27.0192
    0.0000  -22.5000   22.5000 9368.4736   26.9414
    7.5000  -22.5000   22.5000 8988.1816   26.9230
   -7.5000  -15.0000   22.500010039.0469   26.6342
    0.0000  -15.0000   22.500010493.5059   26.5542
    7.5000  -15.0000   22.500010092.7754   26.5231
   -7.5000   -7.5000   22.500011259.5439   26.5651
    0.0000   -7.5000   22.500011744.8418   26.4961
    7.5000   -7.5000   22.500011310.5537   26.4684
   -7.5000    0.0000   22.500012433.5127   26.5064
    0.0000    0.0000   22.500012999.5986   26.4519
    7.5000    0.0000   22.500012484.8467   26.4377
   -7.5000    7.5000   22.500012866.2969   26.4687
    0.0000    7.5000   22.500013478.6865   26.4193
    7.5000    7.5000   22.500012837.6172   26.4152
   -7.5000   15.0000   22.500013303.7998   26.4803
    0.0000   15.0000   22.500014065.3926   26.4202
    7.5000   15.0000   22.500013188.4365   26.4141
   -7.5000   22.5000   22.500013547.6748   26.5256
    0.0000   22.5000   22.500014409.2549   26.4499
    7.5000   22.5000   22.500013496.9209   26.4307
   -7.5000   30.0000   22.500013263.9248   26.2401
    0.0000   30.0000   22.500013998.0508   26.1616
    7.5000   30.0000   22.500013301.5225   26.1312
   -7.5000   37.5000   22.500013340.3857   26.2200
    0.0000   37.5000   22.500013980.2158   26.1519
    7.5000   37.5000   22.500013318.4863   26.1245
   -7.5000   45.0000   22.500012761.4385   25.5491
    0.0000   45.0000   22.500013397.0303   25.4966
    7.5000   45.0000   22.500012713.5488   25.4829
   -7.5000  -45.0000   30.0000 5580.5908   29.7648
    0.0000  -45.0000   30.0000 5827.9395   29.7135
    7.5000  -45.0000   30.0000 5561.8311   29.7142
   -7.5000  -37.5000   30.0000 6321.3154   28.4566
    0.0000  -37.5000   30.0000 6623.2363   28.4086
    7.5000  -37.5000   30.0000 6312.7739   28.4135
   -7.5000  -30.0000   30.0000 7392.6660   27.5776
    0.0000  -30.0000   30.0000 7756.7739   27.5273
    7.5000  -30.0000   30.0000 7402.1987   27.5255
   -7.5000  -22.5000   30.0000 8476.9111   27.0156
    0.0000  -22.5000   30.0000 8917.1660   26.9538
    7.5000  -22.5000   30.0000 8517.0303   26.9390
   -7.5000  -15.0000   30.0000 9540.5908   26.6297
    0.0000  -15.0000   30.000010051.5879   26.5667
    7.5000  -15.0000   30.0000 9605.5918   26.5409
   -7.5000   -7.5000   30.000010728.4863   26.5429
    0.0000   -7.5000   30.000011319.3916   26.4901
    7.5000   -7.5000   30.000010804.5400   26.4708
   -7.5000    0.0000   30.000011907.9307   26.4696
    0.0000    0.0000   30.000012575.3945   26.4288
    7.5000    0.0000   30.000011942.9766   26.4239
   -7.5000    7.5000   30.000012358.9336   26.4361
    0.0000    7.5000   30.000013010.5859   26.3990
    7.5000    7.5000   30.000012277.3340   26.4014
   -7.5000   15.0000   30.000012676.9551   26.4630
    0.0000   15.0000   30.000013418.3945   26.4162
    7.5000   15.0000   30.000012518.6113   26.4139
   -7.5000   22.5000   30.000012694.0254   26.5221
    0.0000   22.5000   30.000013306.7119   26.4620
    7.5000   22.5000   30.000012485.2686   26.4462
   -7.5000   30.0000   30.000012359.3887   26.2358
    0.0000   30.0000   30.000012836.4443   26.1741
    7.5000   30.0000   30.000012133.4180   26.1489
   -7.5000   37.5000   30.000012478.0508   26.1981
    0.0000   37.5000   30.000013021.2646   26.1459
    7.5000   37.5000   30.000012275.2793   26.1269
   -7.5000   45.0000   30.000012045.1895   25.5136
    0.0000   45.0000   30.000012655.4092   25.4743
    7.5000   45.0000   30.000011918.4375   25.4696
   -7.5000  -45.0000   37.5000 5312.2715   29.7677
    0.0000  -45.0000   37.5000 5571.1401   29.7037
    7.5000  -45.0000   37.5000 5297.3467   29.7046
   -7.5000  -37.5000   37.5000 6052.5332   28.4621
    0.0000  -37.5000   37.5000 6356.7329   28.4022
    7.5000  -37.5000   37.5000 6039.4712   28.4057
   -7.5000  -30.0000   37.5000 7123.4849   27.5816
    0.0000  -30.0000   37.5000 7515.9639   27.5240
    7.5000  -30.0000   37.5000 7121.2397   27.5240
   -7.5000  -22.5000   37.5000 8221.2197   27.0155
    0.0000  -22.5000   37.5000 8688.2754   26.9511
    7.5000  -22.5000   37.5000 8222.3984   26.9418
   -7.5000  -15.0000   37.5000 9296.8994   26.6253
    0.0000  -15.0000   37.5000 9819.7539   26.5613
    7.5000  -15.0000   37.5000 9309.0303   26.5425
   -7.5000   -7.5000   37.500010444.7383   26.5383
    0.0000   -7.5000   37.500011033.9844   26.4808
    7.5000   -7.5000   37.500010444.8613   26.4666
   -7.5000    0.0000   37.500011585.2441   26.4693
    0.0000    0.0000   37.500012198.3594   26.4191
    7.5000    0.0000   37.500011532.7891   26.4157
   -7.5000    7.5000   37.500011946.5557   26.4404
    0.0000    7.5000   37.500012536.5820   26.3938
    7.5000    7.5000   37.500011829.6514   26.3964
   -7.5000   15.0000   37.500012110.6758   26.4670
    0.0000   15.0000   37.500012705.9023   26.4141
    7.5000   15.0000   37.500011968.2480   26.4141
   -7.5000   22.5000   37.500011999.3223   26.5217
    0.0000   22.5000   37.500012453.7910   26.4594
    7.5000   22.5000   37.500011821.0615   26.4492
   -7.5000   30.0000   37.500011660.7529   26.2315
    0.0000   30.0000   37.500012083.3594   26.1688
    7.5000   30.0000   37.500011520.1660   26.1506
   -7.5000   37.5000   37.500011843.8994   26.1936
    0.0000   37.5000   37.500012381.3506   26.1368
    7.5000   37.5000   37.500011745.3232   26.1227
   -7.5000   45.0000   37.500011529.9336   25.5133
    0.0000   45.0000   37.500012114.1484   25.4650
    7.5000   45.0000   37.500011493.4531   25.4617
   -7.5000  -45.0000   45.0000 4815.9570   30.0865
    0.0000  -45.0000   45.0000 5070.0986   29.9935
    7.5000  -45.0000   45.0000 4817.9272   29.9812
   -7.5000  -37.5000   45.0000 5507.0859   28.7423
    0.0000  -37.5000   45.0000 5797.4561   28.6582
    7.5000  -37.5000   45.0000 5520.1494   28.6530
   -7.5000  -30.0000   45.0000 6494.3594   27.8230
    0.0000  -30.0000   45.0000 6843.7168   27.7458
    7.5000  -30.0000   45.0000 6515.1084   27.7430
   -7.5000  -22.5000   45.0000 7517.3667   27.2250
    0.0000  -22.5000   45.0000 7915.6064   27.1431
    7.5000  -22.5000   45.0000 7533.5562   27.1358
   -7.5000  -15.0000   45.0000 8528.0576   26.8226
    0.0000  -15.0000   45.0000 8953.9443   26.7411
    7.5000  -15.0000   45.0000 8524.3994   26.7236
   -7.5000   -7.5000   45.0000 9575.9717   26.7502
    0.0000   -7.5000   45.000010038.4121   26.6729
    7.5000   -7.5000   45.0000 9564.0518   26.6545
   -7.5000    0.0000   45.000010617.3076   26.6981
    0.0000    0.0000   45.000011104.2930   26.6263
    7.5000    0.0000   45.000010608.3359   26.6146
   -7.5000    7.5000   45.000010910.0557   26.6698
    0.0000    7.5000   45.000011412.5527   26.6030
    7.5000    7.5000   45.000010896.2832   26.5989
   -7.5000   15.0000   45.000011023.9893   26.6823
    0.0000   15.0000   45.000011474.2754   26.6118
    7.5000   15.0000   45.000010959.6016   26.6099
   -7.5000   22.5000   45.000010900.4248   26.7205
    0.0000   22.5000   45.000011255.7109   26.6413
    7.5000   22.5000   45.000010783.6846   26.6333
   -7.5000   30.0000   45.000010620.2471   26.4228
    0.0000   30.0000   45.000011002.8408   26.3428
    7.5000   30.0000   45.000010551.5049   26.3260
   -7.5000   37.5000   45.000010814.9229   26.4004
    0.0000   37.5000   45.000011287.3330   26.3241
    7.5000   37.5000   45.000010803.2451   26.3059
   -7.5000   45.0000   45.000010572.2773   25.7455
    0.0000   45.0000   45.000011047.8320   25.6763
    7.5000   45.0000   45.000010586.2373   25.6650

---------------------------------------------------------------------
imgreg_4dfp /opt/freesurfer/average/711-2C_as_mni_average_305 /opt/freesurfer/average/711-2B_as_mni_average_305_mask talsrcimg_g11 none talsrcimg_to_711-2C_as_mni_average_305_t4 4355
---------------------------------------------------------------------

freesurfer imgreg_4dfp.c
/opt/freesurfer/average/711-2C_as_mni_average_305.4dfp.img
       256       256       256         1
  1.000000  1.000000  1.000000
orientation T byte_order littleendian
Reading image: /opt/freesurfer/average/711-2C_as_mni_average_305.4dfp.img
dimensions:      256       256       256
mmppix:       1.0000   -1.0000   -1.0000
center:     128.0000 -129.0000 -129.0000
/opt/freesurfer/average/711-2B_as_mni_average_305_mask.4dfp.img
       256       256       256         1
  1.000000  1.000000  1.000000
orientation T byte_order littleendian
Reading mask: /opt/freesurfer/average/711-2B_as_mni_average_305_mask.4dfp.img (2306576 pixels)
talsrcimg_g11.4dfp.img
       256       256       256         1
  1.000000  1.000000  1.000000
orientation T byte_order littleendian
Reading image: talsrcimg_g11.4dfp.img
dimensions:      256       256       256
mmppix:       1.0000   -1.0000   -1.0000
center:     128.0000 -129.0000 -129.0000
rotation matrix determinant  1.000000
image alignment mode   4355 decimal     1103 hex
   -7.5000  -30.0000  -45.0000 1691.0577   43.2074
    0.0000  -30.0000  -45.0000 1692.4906   42.7032
    7.5000  -30.0000  -45.0000 1668.3964   43.2469
   -7.5000  -22.5000  -45.0000 1800.8098   38.5327
    0.0000  -22.5000  -45.0000 1794.2555   37.8464
    7.5000  -22.5000  -45.0000 1778.1749   38.5698
   -7.5000  -15.0000  -45.0000 1891.7546   34.6874
    0.0000  -15.0000  -45.0000 1888.6238   34.1157
    7.5000  -15.0000  -45.0000 1872.4526   34.7182
   -7.5000   -7.5000  -45.0000 1985.4935   31.4692
    0.0000   -7.5000  -45.0000 1984.4678   31.1263
    7.5000   -7.5000  -45.0000 1967.6974   31.5872
   -7.5000    0.0000  -45.0000 2058.2231   28.9466
    0.0000    0.0000  -45.0000 2061.4578   28.7535
    7.5000    0.0000  -45.0000 2043.5238   29.1610
   -7.5000    7.5000  -45.0000 2110.2017   27.3015
    0.0000    7.5000  -45.0000 2114.6472   27.1183
    7.5000    7.5000  -45.0000 2095.7278   27.4311
   -7.5000   15.0000  -45.0000 2136.3147   26.2874
    0.0000   15.0000  -45.0000 2138.6777   26.1097
    7.5000   15.0000  -45.0000 2119.3103   26.5081
   -7.5000   22.5000  -45.0000 2161.8044   25.9551
    0.0000   22.5000  -45.0000 2158.7139   25.7515
    7.5000   22.5000  -45.0000 2140.5911   26.1445
   -7.5000   30.0000  -45.0000 2168.6379   26.1553
    0.0000   30.0000  -45.0000 2166.6526   26.0092
    7.5000   30.0000  -45.0000 2147.1409   26.4185
   -7.5000   37.5000  -45.0000 2150.1482   26.5966
    0.0000   37.5000  -45.0000 2146.4863   26.4295
    7.5000   37.5000  -45.0000 2129.2732   27.0019
   -7.5000   45.0000  -45.0000 2120.4619   27.5229
    0.0000   45.0000  -45.0000 2120.5842   27.3071
    7.5000   45.0000  -45.0000 2098.4980   27.9129
   -7.5000   52.5000  -45.0000 2056.4717   28.6107
    0.0000   52.5000  -45.0000 2058.8167   28.4346
    7.5000   52.5000  -45.0000 2038.9569   29.0726
   -7.5000   60.0000  -45.0000 1959.8275   29.7231
    0.0000   60.0000  -45.0000 1954.1343   29.5233
    7.5000   60.0000  -45.0000 1930.6497   30.2397
   -7.5000  -30.0000  -37.5000 1756.7904   40.6919
    0.0000  -30.0000  -37.5000 1753.0389   40.1177
    7.5000  -30.0000  -37.5000 1735.4178   40.5926
   -7.5000  -22.5000  -37.5000 1866.5435   35.9883
    0.0000  -22.5000  -37.5000 1859.7957   35.4347
    7.5000  -22.5000  -37.5000 1848.4700   35.9725
   -7.5000  -15.0000  -37.5000 1967.3766   32.2358
    0.0000  -15.0000  -37.5000 1962.5222   31.7829
    7.5000  -15.0000  -37.5000 1951.6381   32.3203
   -7.5000   -7.5000  -37.5000 2066.5542   29.2555
    0.0000   -7.5000  -37.5000 2062.8945   28.9441
    7.5000   -7.5000  -37.5000 2052.4453   29.4204
   -7.5000    0.0000  -37.5000 2145.5444   26.9939
    0.0000    0.0000  -37.5000 2143.0303   26.7823
    7.5000    0.0000  -37.5000 2130.8242   27.0852
   -7.5000    7.5000  -37.5000 2204.7507   25.3833
    0.0000    7.5000  -37.5000 2205.1873   25.2402
    7.5000    7.5000  -37.5000 2194.5337   25.4542
   -7.5000   15.0000  -37.5000 2236.0374   24.3395
    0.0000   15.0000  -37.5000 2234.0908   24.1970
    7.5000   15.0000  -37.5000 2222.1506   24.4152
   -7.5000   22.5000  -37.5000 2258.9829   23.9047
    0.0000   22.5000  -37.5000 2259.0569   23.7947
    7.5000   22.5000  -37.5000 2244.0920   24.0212
   -7.5000   30.0000  -37.5000 2262.8542   23.9767
    0.0000   30.0000  -37.5000 2265.1985   23.8402
    7.5000   30.0000  -37.5000 2239.9753   24.0773
   -7.5000   37.5000  -37.5000 2251.7756   24.2759
    0.0000   37.5000  -37.5000 2253.4377   24.1772
    7.5000   37.5000  -37.5000 2232.1465   24.4991
   -7.5000   45.0000  -37.5000 2230.6003   25.1308
    0.0000   45.0000  -37.5000 2233.5337   24.9778
    7.5000   45.0000  -37.5000 2208.5784   25.3555
   -7.5000   52.5000  -37.5000 2165.7239   26.1711
    0.0000   52.5000  -37.5000 2170.3545   26.0505
    7.5000   52.5000  -37.5000 2147.1729   26.5022
   -7.5000   60.0000  -37.5000 2065.3999   27.3313
    0.0000   60.0000  -37.5000 2062.3196   27.1216
    7.5000   60.0000  -37.5000 2038.0719   27.6176
   -7.5000  -30.0000  -30.0000 1840.2974   39.6738
    0.0000  -30.0000  -30.0000 1840.5778   39.1529
    7.5000  -30.0000  -30.0000 1830.8163   39.5989
   -7.5000  -22.5000  -30.0000 1956.7628   34.9561
    0.0000  -22.5000  -30.0000 1959.9542   34.5348
    7.5000  -22.5000  -30.0000 1957.6956   35.0506
   -7.5000  -15.0000  -30.0000 2072.4963   31.2831
    0.0000  -15.0000  -30.0000 2075.4429   30.9429
    7.5000  -15.0000  -30.0000 2068.1235   31.2908
   -7.5000   -7.5000  -30.0000 2185.3340   28.3162
    0.0000   -7.5000  -30.0000 2188.2192   28.1122
    7.5000   -7.5000  -30.0000 2176.4114   28.3148
   -7.5000    0.0000  -30.0000 2276.5659   26.0344
    0.0000    0.0000  -30.0000 2275.4529   25.8491
    7.5000    0.0000  -30.0000 2260.9292   26.0571
   -7.5000    7.5000  -30.0000 2344.4976   24.3679
    0.0000    7.5000  -30.0000 2348.7178   24.2606
    7.5000    7.5000  -30.0000 2328.3298   24.4597
   -7.5000   15.0000  -30.0000 2378.3362   23.3280
    0.0000   15.0000  -30.0000 2385.0833   23.2353
    7.5000   15.0000  -30.0000 2361.1099   23.4061
   -7.5000   22.5000  -30.0000 2395.3203   22.8239
    0.0000   22.5000  -30.0000 2405.5261   22.7305
    7.5000   22.5000  -30.0000 2383.8706   22.8780
   -7.5000   30.0000  -30.0000 2399.7690   22.7929
    0.0000   30.0000  -30.0000 2413.2981   22.7207
    7.5000   30.0000  -30.0000 2384.3796   22.8695
   -7.5000   37.5000  -30.0000 2397.8953   23.1274
    0.0000   37.5000  -30.0000 2403.5144   23.0800
    7.5000   37.5000  -30.0000 2374.7869   23.2736
   -7.5000   45.0000  -30.0000 2374.7151   23.9570
    0.0000   45.0000  -30.0000 2377.2825   23.8483
    7.5000   45.0000  -30.0000 2353.1187   24.0919
   -7.5000   52.5000  -30.0000 2311.2915   24.9400
    0.0000   52.5000  -30.0000 2315.5547   24.8311
    7.5000   52.5000  -30.0000 2292.1177   25.1725
   -7.5000   60.0000  -30.0000 2200.3525   26.0621
    0.0000   60.0000  -30.0000 2198.4375   25.9013
    7.5000   60.0000  -30.0000 2177.3394   26.2906
   -7.5000  -30.0000  -22.5000 1909.6276   38.2501
    0.0000  -30.0000  -22.5000 1914.5398   37.7939
    7.5000  -30.0000  -22.5000 1905.0229   38.2178
   -7.5000  -22.5000  -22.5000 2032.6718   33.6540
    0.0000  -22.5000  -22.5000 2036.8387   33.3406
    7.5000  -22.5000  -22.5000 2035.9215   33.6403
   -7.5000  -15.0000  -22.5000 2160.6958   30.1422
    0.0000  -15.0000  -22.5000 2168.1416   29.9112
    7.5000  -15.0000  -22.5000 2159.1692   30.0078
   -7.5000   -7.5000  -22.5000 2286.0237   27.2899
    0.0000   -7.5000  -22.5000 2294.0234   27.1957
    7.5000   -7.5000  -22.5000 2278.9565   27.2232
   -7.5000    0.0000  -22.5000 2384.9150   24.9492
    0.0000    0.0000  -22.5000 2390.9167   24.8782
    7.5000    0.0000  -22.5000 2374.6074   24.9455
   -7.5000    7.5000  -22.5000 2460.9094   23.2200
    0.0000    7.5000  -22.5000 2469.3347   23.1090
    7.5000    7.5000  -22.5000 2450.4529   23.2876
   -7.5000   15.0000  -22.5000 2504.2092   22.1409
    0.0000   15.0000  -22.5000 2509.7354   22.1034
    7.5000   15.0000  -22.5000 2492.2437   22.2200
   -7.5000   22.5000  -22.5000 2517.2078   21.5905
    0.0000   22.5000  -22.5000 2528.2383   21.5458
    7.5000   22.5000  -22.5000 2512.1970   21.6582
   -7.5000   30.0000  -22.5000 2525.7209   21.4814
    0.0000   30.0000  -22.5000 2538.2136   21.4169
    7.5000   30.0000  -22.5000 2509.4756   21.5339
   -7.5000   37.5000  -22.5000 2522.4548   21.8455
    0.0000   37.5000  -22.5000 2530.4148   21.8422
    7.5000   37.5000  -22.5000 2503.8362   21.9571
   -7.5000   45.0000  -22.5000 2496.5293   22.5927
    0.0000   45.0000  -22.5000 2505.3557   22.6075
    7.5000   45.0000  -22.5000 2474.9004   22.7324
   -7.5000   52.5000  -22.5000 2435.4202   23.5026
    0.0000   52.5000  -22.5000 2441.1790   23.5014
    7.5000   52.5000  -22.5000 2413.2759   23.6882
   -7.5000   60.0000  -22.5000 2316.5789   24.5396
    0.0000   60.0000  -22.5000 2321.5769   24.5054
    7.5000   60.0000  -22.5000 2293.0527   24.7362
   -7.5000  -30.0000  -15.0000 1953.5757   36.9770
    0.0000  -30.0000  -15.0000 1960.2498   36.5989
    7.5000  -30.0000  -15.0000 1947.2285   36.8737
   -7.5000  -22.5000  -15.0000 2089.3823   32.4821
    0.0000  -22.5000  -15.0000 2096.7871   32.2026
    7.5000  -22.5000  -15.0000 2083.3501   32.4316
   -7.5000  -15.0000  -15.0000 2225.0042   29.0367
    0.0000  -15.0000  -15.0000 2237.7869   28.8803
    7.5000  -15.0000  -15.0000 2216.6238   28.9875
   -7.5000   -7.5000  -15.0000 2355.0486   26.1681
    0.0000   -7.5000  -15.0000 2366.5579   26.0847
    7.5000   -7.5000  -15.0000 2339.7717   26.1034
   -7.5000    0.0000  -15.0000 2453.7131   23.8100
    0.0000    0.0000  -15.0000 2464.7939   23.7614
    7.5000    0.0000  -15.0000 2444.2253   23.8508
   -7.5000    7.5000  -15.0000 2531.2795   22.1067
    0.0000    7.5000  -15.0000 2544.0637   22.0580
    7.5000    7.5000  -15.0000 2523.3281   22.0933
   -7.5000   15.0000  -15.0000 2585.5608   20.9669
    0.0000   15.0000  -15.0000 2595.5203   20.9239
    7.5000   15.0000  -15.0000 2574.4363   20.9657
   -7.5000   22.5000  -15.0000 2608.2148   20.2938
    0.0000   22.5000  -15.0000 2620.1973   20.3451
    7.5000   22.5000  -15.0000 2602.8618   20.3796
   -7.5000   30.0000  -15.0000 2617.0295   20.1119
    0.0000   30.0000  -15.0000 2630.9927   20.1159
    7.5000   30.0000  -15.0000 2605.7097   20.2276
   -7.5000   37.5000  -15.0000 2619.3025   20.5094
    0.0000   37.5000  -15.0000 2633.0576   20.5585
    7.5000   37.5000  -15.0000 2596.3323   20.6493
   -7.5000   45.0000  -15.0000 2597.2866   21.2228
    0.0000   45.0000  -15.0000 2612.0190   21.3053
    7.5000   45.0000  -15.0000 2570.6851   21.3769
   -7.5000   52.5000  -15.0000 2529.9419   22.0806
    0.0000   52.5000  -15.0000 2543.3005   22.1468
    7.5000   52.5000  -15.0000 2504.8306   22.2378
   -7.5000   60.0000  -15.0000 2407.3643   23.0470
    0.0000   60.0000  -15.0000 2420.1743   23.0441
    7.5000   60.0000  -15.0000 2385.0681   23.2293
   -7.5000  -30.0000   -7.5000 1984.8331   35.8426
    0.0000  -30.0000   -7.5000 1992.7101   35.5017
    7.5000  -30.0000   -7.5000 1979.6089   35.5812
   -7.5000  -22.5000   -7.5000 2131.2056   31.4863
    0.0000  -22.5000   -7.5000 2143.5083   31.1887
    7.5000  -22.5000   -7.5000 2119.0247   31.2597
   -7.5000  -15.0000   -7.5000 2267.9014   28.0338
    0.0000  -15.0000   -7.5000 2286.5952   27.8671
    7.5000  -15.0000   -7.5000 2257.7524   27.9022
   -7.5000   -7.5000   -7.5000 2394.4392   25.1114
    0.0000   -7.5000   -7.5000 2411.7048   25.0558
    7.5000   -7.5000   -7.5000 2380.3115   25.1044
   -7.5000    0.0000   -7.5000 2502.4089   22.7751
    0.0000    0.0000   -7.5000 2520.2488   22.7307
    7.5000    0.0000   -7.5000 2491.3306   22.8527
   -7.5000    7.5000   -7.5000 2584.7781   20.9900
    0.0000    7.5000   -7.5000 2606.4285   20.9532
    7.5000    7.5000   -7.5000 2575.2092   21.0521
   -7.5000   15.0000   -7.5000 2647.1423   19.8043
    0.0000   15.0000   -7.5000 2667.5181   19.8125
    7.5000   15.0000   -7.5000 2639.3687   19.9022
   -7.5000   22.5000   -7.5000 2677.3110   19.0245
    0.0000   22.5000   -7.5000 2694.5105   19.1332
    7.5000   22.5000   -7.5000 2665.8501   19.2217
   -7.5000   30.0000   -7.5000 2693.9099   18.7763
    0.0000   30.0000   -7.5000 2707.0859   18.8331
    7.5000   30.0000   -7.5000 2680.9844   18.9979
   -7.5000   37.5000   -7.5000 2699.4099   19.1885
    0.0000   37.5000   -7.5000 2721.6724   19.2596
    7.5000   37.5000   -7.5000 2679.9004   19.3903
   -7.5000   45.0000   -7.5000 2681.9556   19.9207
    0.0000   45.0000   -7.5000 2705.0078   20.0182
    7.5000   45.0000   -7.5000 2659.1187   20.0908
   -7.5000   52.5000   -7.5000 2615.9924   20.7621
    0.0000   52.5000   -7.5000 2632.7229   20.8389
    7.5000   52.5000   -7.5000 2593.9658   20.8916
   -7.5000   60.0000   -7.5000 2486.9766   21.6478
    0.0000   60.0000   -7.5000 2499.4854   21.6505
    7.5000   60.0000   -7.5000 2465.5129   21.8146
   -7.5000  -30.0000    0.0000 1994.9860   35.1645
    0.0000  -30.0000    0.0000 2010.9888   34.8665
    7.5000  -30.0000    0.0000 1999.7286   35.0444
   -7.5000  -22.5000    0.0000 2141.7539   30.7474
    0.0000  -22.5000    0.0000 2160.9470   30.5260
    7.5000  -22.5000    0.0000 2138.2170   30.6228
   -7.5000  -15.0000    0.0000 2273.7244   27.2498
    0.0000  -15.0000    0.0000 2299.2046   27.0882
    7.5000  -15.0000    0.0000 2267.8535   27.1362
   -7.5000   -7.5000    0.0000 2399.0676   24.3520
    0.0000   -7.5000    0.0000 2423.2068   24.2509
    7.5000   -7.5000    0.0000 2386.6182   24.3772
   -7.5000    0.0000    0.0000 2514.0613   22.0406
    0.0000    0.0000    0.0000 2539.8167   21.9961
    7.5000    0.0000    0.0000 2505.4189   22.1192
   -7.5000    7.5000    0.0000 2604.5425   20.2430
    0.0000    7.5000    0.0000 2637.7236   20.2449
    7.5000    7.5000    0.0000 2607.3193   20.3939
   -7.5000   15.0000    0.0000 2681.3293   18.9993
    0.0000   15.0000    0.0000 2706.7441   18.9755
    7.5000   15.0000    0.0000 2679.2244   19.1847
   -7.5000   22.5000    0.0000 2725.2070   18.1114
    0.0000   22.5000    0.0000 2745.3386   18.1759
    7.5000   22.5000    0.0000 2715.5945   18.4280
   -7.5000   30.0000    0.0000 2743.1865   17.7058
    0.0000   30.0000    0.0000 2761.4541   17.8045
    7.5000   30.0000    0.0000 2737.9980   18.0874
   -7.5000   37.5000    0.0000 2757.2222   18.1054
    0.0000   37.5000    0.0000 2782.0566   18.1625
    7.5000   37.5000    0.0000 2745.8953   18.3518
   -7.5000   45.0000    0.0000 2741.7524   18.8446
    0.0000   45.0000    0.0000 2766.6008   18.9213
    7.5000   45.0000    0.0000 2729.7539   19.0544
   -7.5000   52.5000    0.0000 2669.2791   19.6671
    0.0000   52.5000    0.0000 2685.3196   19.7381
    7.5000   52.5000    0.0000 2657.7197   19.8695
   -7.5000   60.0000    0.0000 2535.3540   20.5700
    0.0000   60.0000    0.0000 2548.2781   20.5354
    7.5000   60.0000    0.0000 2522.1284   20.7860
   -7.5000  -30.0000    7.5000 1994.3223   34.9612
    0.0000  -30.0000    7.5000 2014.3783   34.7833
    7.5000  -30.0000    7.5000 2003.6179   34.9585
   -7.5000  -22.5000    7.5000 2142.8616   30.5298
    0.0000  -22.5000    7.5000 2171.4341   30.3727
    7.5000  -22.5000    7.5000 2145.9448   30.5025
   -7.5000  -15.0000    7.5000 2266.2810   26.9245
    0.0000  -15.0000    7.5000 2296.0007   26.7407
    7.5000  -15.0000    7.5000 2268.9001   26.9776
   -7.5000   -7.5000    7.5000 2386.2234   23.9999
    0.0000   -7.5000    7.5000 2413.0681   23.8341
    7.5000   -7.5000    7.5000 2391.6228   24.1588
   -7.5000    0.0000    7.5000 2495.9458   21.6688
    0.0000    0.0000    7.5000 2528.7297   21.5558
    7.5000    0.0000    7.5000 2511.0981   21.8408
   -7.5000    7.5000    7.5000 2599.2202   19.8672
    0.0000    7.5000    7.5000 2629.8154   19.8165
    7.5000    7.5000    7.5000 2620.1340   20.0705
   -7.5000   15.0000    7.5000 2688.6282   18.6023
    0.0000   15.0000    7.5000 2720.9612   18.5735
    7.5000   15.0000    7.5000 2712.0837   18.8896
   -7.5000   22.5000    7.5000 2744.2656   17.6658
    0.0000   22.5000    7.5000 2773.0923   17.6711
    7.5000   22.5000    7.5000 2768.5923   18.1839
   -7.5000   30.0000    7.5000 2774.9043   17.0661
    0.0000   30.0000    7.5000 2798.4863   17.1163
    7.5000   30.0000    7.5000 2799.0283   17.7287
   -7.5000   37.5000    7.5000 2793.7991   17.3577
    0.0000   37.5000    7.5000 2824.8057   17.3985
    7.5000   37.5000    7.5000 2814.2876   17.8409
   -7.5000   45.0000    7.5000 2782.1870   18.1122
    0.0000   45.0000    7.5000 2807.9287   18.1748
    7.5000   45.0000    7.5000 2807.1907   18.5135
   -7.5000   52.5000    7.5000 2709.2183   18.9287
    0.0000   52.5000    7.5000 2726.9346   18.9584
    7.5000   52.5000    7.5000 2729.5723   19.3229
   -7.5000   60.0000    7.5000 2571.1182   19.7849
    0.0000   60.0000    7.5000 2592.7148   19.7213
    7.5000   60.0000    7.5000 2580.4565   20.0959
   -7.5000  -30.0000   15.0000 1971.6476   35.2115
    0.0000  -30.0000   15.0000 1996.9683   34.9029
    7.5000  -30.0000   15.0000 1997.6553   35.4063
   -7.5000  -22.5000   15.0000 2117.5491   30.6764
    0.0000  -22.5000   15.0000 2140.1250   30.3230
    7.5000  -22.5000   15.0000 2140.4446   30.7195
   -7.5000  -15.0000   15.0000 2232.7417   26.9665
    0.0000  -15.0000   15.0000 2255.1719   26.6289
    7.5000  -15.0000   15.0000 2258.7139   27.0905
   -7.5000   -7.5000   15.0000 2352.4004   23.9834
    0.0000   -7.5000   15.0000 2375.3027   23.7139
    7.5000   -7.5000   15.0000 2381.7505   24.1701
   -7.5000    0.0000   15.0000 2464.3083   21.6287
    0.0000    0.0000   15.0000 2490.2644   21.3890
    7.5000    0.0000   15.0000 2499.4512   21.8347
   -7.5000    7.5000   15.0000 2574.2812   19.8327
    0.0000    7.5000   15.0000 2599.9531   19.6347
    7.5000    7.5000   15.0000 2619.3376   20.0998
   -7.5000   15.0000   15.0000 2671.0034   18.6188
    0.0000   15.0000   15.0000 2698.2107   18.4743
    7.5000   15.0000   15.0000 2726.3792   18.9580
   -7.5000   22.5000   15.0000 2742.3074   17.8240
    0.0000   22.5000   15.0000 2784.5393   17.7708
    7.5000   22.5000   15.0000 2808.8489   18.2702
   -7.5000   30.0000   15.0000 2791.7605   17.1228
    0.0000   30.0000   15.0000 2825.8025   17.0841
    7.5000   30.0000   15.0000 2859.8938   17.9036
   -7.5000   37.5000   15.0000 2817.3535   17.1112
    0.0000   37.5000   15.0000 2855.2217   17.0998
    7.5000   37.5000   15.0000 2869.8350   17.7822
   -7.5000   45.0000   15.0000 2790.4055   17.6830
    0.0000   45.0000   15.0000 2826.8330   17.6785
    7.5000   45.0000   15.0000 2848.4668   18.1915
   -7.5000   52.5000   15.0000 2713.1660   18.4345
    0.0000   52.5000   15.0000 2735.7219   18.3604
    7.5000   52.5000   15.0000 2752.3267   18.8137
   -7.5000   60.0000   15.0000 2580.8462   19.3299
    0.0000   60.0000   15.0000 2600.9580   19.2005
    7.5000   60.0000   15.0000 2594.2927   19.5574
   -7.5000  -30.0000   22.5000 1938.4114   36.0709
    0.0000  -30.0000   22.5000 1964.0865   35.7585
    7.5000  -30.0000   22.5000 1971.2788   36.3646
   -7.5000  -22.5000   22.5000 2085.2305   31.3668
    0.0000  -22.5000   22.5000 2108.7971   30.9544
    7.5000  -22.5000   22.5000 2121.0110   31.5015
   -7.5000  -15.0000   22.5000 2195.5991   27.3699
    0.0000  -15.0000   22.5000 2214.1304   26.9331
    7.5000  -15.0000   22.5000 2236.2998   27.5555
   -7.5000   -7.5000   22.5000 2316.9097   24.2712
    0.0000   -7.5000   22.5000 2329.4553   23.8503
    7.5000   -7.5000   22.5000 2362.7681   24.4613
   -7.5000    0.0000   22.5000 2433.8359   21.9482
    0.0000    0.0000   22.5000 2443.6846   21.5638
    7.5000    0.0000   22.5000 2479.1531   22.0998
   -7.5000    7.5000   22.5000 2554.7295   20.2320
    0.0000    7.5000   22.5000 2568.8049   19.9527
    7.5000    7.5000   22.5000 2604.7029   20.4082
   -7.5000   15.0000   22.5000 2659.3105   19.0581
    0.0000   15.0000   22.5000 2683.1926   18.8659
    7.5000   15.0000   22.5000 2715.7354   19.2372
   -7.5000   22.5000   22.5000 2750.9832   18.3374
    0.0000   22.5000   22.5000 2791.2866   18.2351
    7.5000   22.5000   22.5000 2806.5083   18.5087
   -7.5000   30.0000   22.5000 2803.1584   17.6802
    0.0000   30.0000   22.5000 2847.5073   17.5529
    7.5000   30.0000   22.5000 2858.0364   17.9620
   -7.5000   37.5000   22.5000 2815.4404   17.3101
    0.0000   37.5000   22.5000 2846.9883   17.1237
    7.5000   37.5000   22.5000 2855.2280   17.6035
   -7.5000   45.0000   22.5000 2791.3384   17.5274
    0.0000   45.0000   22.5000 2803.1074   17.2981
    7.5000   45.0000   22.5000 2814.4338   17.7100
   -7.5000   52.5000   22.5000 2710.4351   18.1735
    0.0000   52.5000   22.5000 2723.5220   18.0063
    7.5000   52.5000   22.5000 2719.2085   18.2900
   -7.5000   60.0000   22.5000 2578.9424   19.0332
    0.0000   60.0000   22.5000 2585.2556   18.8987
    7.5000   60.0000   22.5000 2571.9473   19.1228
   -7.5000  -30.0000   30.0000 1897.6475   37.7411
    0.0000  -30.0000   30.0000 1923.2573   37.3386
    7.5000  -30.0000   30.0000 1937.7234   37.8488
   -7.5000  -22.5000   30.0000 2040.7633   32.5320
    0.0000  -22.5000   30.0000 2068.2339   32.1124
    7.5000  -22.5000   30.0000 2089.7803   32.5603
   -7.5000  -15.0000   30.0000 2155.3574   28.3616
    0.0000  -15.0000   30.0000 2181.5706   27.9894
    7.5000  -15.0000   30.0000 2206.7952   28.4600
   -7.5000   -7.5000   30.0000 2282.0344   25.2636
    0.0000   -7.5000   30.0000 2301.1709   24.8929
    7.5000   -7.5000   30.0000 2328.2249   25.3507
   -7.5000    0.0000   30.0000 2406.2188   22.8982
    0.0000    0.0000   30.0000 2425.0818   22.5958
    7.5000    0.0000   30.0000 2446.5010   22.9570
   -7.5000    7.5000   30.0000 2529.9163   21.0862
    0.0000    7.5000   30.0000 2548.4636   20.8687
    7.5000    7.5000   30.0000 2564.8621   21.0847
   -7.5000   15.0000   30.0000 2637.9055   19.7983
    0.0000   15.0000   30.0000 2658.8467   19.5502
    7.5000   15.0000   30.0000 2664.0156   19.7362
   -7.5000   22.5000   30.0000 2729.8809   18.8642
    0.0000   22.5000   30.0000 2760.0112   18.6387
    7.5000   22.5000   30.0000 2743.9624   18.7620
   -7.5000   30.0000   30.0000 2780.2830   18.0083
    0.0000   30.0000   30.0000 2797.0103   17.6865
    7.5000   30.0000   30.0000 2783.6816   17.9954
   -7.5000   37.5000   30.0000 2812.7454   17.7104
    0.0000   37.5000   30.0000 2822.6047   17.4052
    7.5000   37.5000   30.0000 2801.4456   17.6154
   -7.5000   45.0000   30.0000 2797.0110   17.9516
    0.0000   45.0000   30.0000 2815.6267   17.8197
    7.5000   45.0000   30.0000 2788.1394   17.8645
   -7.5000   52.5000   30.0000 2718.7217   18.5899
    0.0000   52.5000   30.0000 2740.2578   18.5807
    7.5000   52.5000   30.0000 2714.9121   18.6433
   -7.5000   60.0000   30.0000 2577.3909   19.4261
    0.0000   60.0000   30.0000 2583.3188   19.3866
    7.5000   60.0000   30.0000 2564.5623   19.5243
   -7.5000  -30.0000   37.5000 1843.1686   40.0407
    0.0000  -30.0000   37.5000 1878.1228   39.7506
    7.5000  -30.0000   37.5000 1885.8094   40.1278
   -7.5000  -22.5000   37.5000 1993.5951   34.4956
    0.0000  -22.5000   37.5000 2031.3085   34.1547
    7.5000  -22.5000   37.5000 2034.5463   34.3603
   -7.5000  -15.0000   37.5000 2125.8191   29.9949
    0.0000  -15.0000   37.5000 2155.0571   29.6590
    7.5000  -15.0000   37.5000 2162.0386   29.9154
   -7.5000   -7.5000   37.5000 2248.8650   26.5929
    0.0000   -7.5000   37.5000 2276.9111   26.2602
    7.5000   -7.5000   37.5000 2281.4346   26.5195
   -7.5000    0.0000   37.5000 2363.2019   23.9521
    0.0000    0.0000   37.5000 2391.1521   23.6234
    7.5000    0.0000   37.5000 2391.1687   23.8821
   -7.5000    7.5000   37.5000 2483.1223   21.9284
    0.0000    7.5000   37.5000 2502.7795   21.5954
    7.5000    7.5000   37.5000 2502.4587   21.8022
   -7.5000   15.0000   37.5000 2592.7139   20.4865
    0.0000   15.0000   37.5000 2608.4167   20.1087
    7.5000   15.0000   37.5000 2602.0486   20.2991
   -7.5000   22.5000   37.5000 2681.6729   19.3794
    0.0000   22.5000   37.5000 2700.4998   19.0028
    7.5000   22.5000   37.5000 2683.9558   19.2126
   -7.5000   30.0000   37.5000 2742.0586   18.5256
    0.0000   30.0000   37.5000 2739.8147   18.0311
    7.5000   30.0000   37.5000 2730.1716   18.3593
   -7.5000   37.5000   37.5000 2791.0513   18.2918
    0.0000   37.5000   37.5000 2799.6763   17.9701
    7.5000   37.5000   37.5000 2769.1589   18.1406
   -7.5000   45.0000   37.5000 2772.9353   18.6296
    0.0000   45.0000   37.5000 2792.4893   18.4411
    7.5000   45.0000   37.5000 2767.0913   18.5677
   -7.5000   52.5000   37.5000 2694.5645   19.2566
    0.0000   52.5000   37.5000 2724.2170   19.1829
    7.5000   52.5000   37.5000 2695.0796   19.2542
   -7.5000   60.0000   37.5000 2549.1782   20.1135
    0.0000   60.0000   37.5000 2565.7546   20.0955
    7.5000   60.0000   37.5000 2539.8391   20.1245
   -7.5000  -30.0000   45.0000 1786.9152   42.6161
    0.0000  -30.0000   45.0000 1818.9313   42.1737
    7.5000  -30.0000   45.0000 1825.0336   42.5986
   -7.5000  -22.5000   45.0000 1937.7728   36.4735
    0.0000  -22.5000   45.0000 1965.7073   35.9903
    7.5000  -22.5000   45.0000 1972.3053   36.3055
   -7.5000  -15.0000   45.0000 2075.3914   31.7132
    0.0000  -15.0000   45.0000 2099.5095   31.1961
    7.5000  -15.0000   45.0000 2106.5571   31.4649
   -7.5000   -7.5000   45.0000 2193.4470   27.9307
    0.0000   -7.5000   45.0000 2214.6875   27.4750
    7.5000   -7.5000   45.0000 2223.1567   27.7777
   -7.5000    0.0000   45.0000 2308.0825   25.0599
    0.0000    0.0000   45.0000 2326.9636   24.5462
    7.5000    0.0000   45.0000 2332.6721   24.8536
   -7.5000    7.5000   45.0000 2427.4985   22.9714
    0.0000    7.5000   45.0000 2444.9463   22.3891
    7.5000    7.5000   45.0000 2440.7500   22.6625
   -7.5000   15.0000   45.0000 2536.0212   21.3653
    0.0000   15.0000   45.0000 2550.4663   20.7910
    7.5000   15.0000   45.0000 2541.4707   21.0174
   -7.5000   22.5000   45.0000 2616.4358   20.1226
    0.0000   22.5000   45.0000 2627.8672   19.4286
    7.5000   22.5000   45.0000 2614.4146   19.7840
   -7.5000   30.0000   45.0000 2675.8628   19.2744
    0.0000   30.0000   45.0000 2683.9429   18.7562
    7.5000   30.0000   45.0000 2666.9539   19.0297
   -7.5000   37.5000   45.0000 2721.8574   19.1154
    0.0000   37.5000   45.0000 2735.4407   18.7968
    7.5000   37.5000   45.0000 2711.3794   18.9661
   -7.5000   45.0000   45.0000 2712.2800   19.4680
    0.0000   45.0000   45.0000 2727.7197   19.2483
    7.5000   45.0000   45.0000 2710.1833   19.4150
   -7.5000   52.5000   45.0000 2633.0393   20.1449
    0.0000   52.5000   45.0000 2658.8337   19.9675
    7.5000   52.5000   45.0000 2643.3533   20.0981
   -7.5000   60.0000   45.0000 2491.0044   20.9383
    0.0000   60.0000   45.0000 2514.0840   20.8308
    7.5000   60.0000   45.0000 2495.0574   20.9340

---------------------------------------------------------------------
imgreg_4dfp /opt/freesurfer/average/711-2C_as_mni_average_305 /opt/freesurfer/average/711-2B_as_mni_average_305_mask talsrcimg_g11 none talsrcimg_to_711-2C_as_mni_average_305_t4 1283
---------------------------------------------------------------------

freesurfer imgreg_4dfp.c
/opt/freesurfer/average/711-2C_as_mni_average_305.4dfp.img
       256       256       256         1
  1.000000  1.000000  1.000000
orientation T byte_order littleendian
Reading image: /opt/freesurfer/average/711-2C_as_mni_average_305.4dfp.img
dimensions:      256       256       256
mmppix:       1.0000   -1.0000   -1.0000
center:     128.0000 -129.0000 -129.0000
/opt/freesurfer/average/711-2B_as_mni_average_305_mask.4dfp.img
       256       256       256         1
  1.000000  1.000000  1.000000
orientation T byte_order littleendian
Reading mask: /opt/freesurfer/average/711-2B_as_mni_average_305_mask.4dfp.img (2306576 pixels)
talsrcimg_g11.4dfp.img
       256       256       256         1
  1.000000  1.000000  1.000000
orientation T byte_order littleendian
Reading image: talsrcimg_g11.4dfp.img
dimensions:      256       256       256
mmppix:       1.0000   -1.0000   -1.0000
center:     128.0000 -129.0000 -129.0000
rotation matrix determinant  1.000000
fimgreg.f
image alignment mode   1283 decimal      503 hex
parameters
    7.5000   37.5000   15.0000    0.0000    0.0000    0.0000
eta,q 0.90044 17.77845
niter,ni,del,rscale     5    3   12.0000    1.2000
parameter  1  0.680282 ->  0.500000 qaram    1.1500
parameter  2  0.763547 ->  0.500000 qaram    1.1500
parameter  3 -1.060554 -> -0.500000 qaram    1.1500
parameter  4 17.155180 ->  0.500000 qaram    1.1500
parameters
    4.0500   34.0500   18.4500   -3.4500   -1.7128    0.3398
eta,q 0.91737 17.45351
  0.0993  0.0918  0.1131  0.0820  0.0856  0.0867
  0.0942  0.0929  0.1073  0.0826  0.0845  0.0845
  0.0942  0.0932  0.1002  0.0850  0.0828  0.0829
  0.0996  0.0942  0.0934  0.0868  0.0832  0.0826
  0.1082  0.0940  0.0897  0.0876  0.0855  0.0831
  0.1154  0.0962  0.0865  0.0890  0.0880  0.0840
  0.1187  0.0999  0.0877  0.0912  0.0889  0.0857
niter,ni,del,rscale     7    3   12.0000    1.2000
parameter  4  0.853988 ->  0.500000 qaram    1.3225
parameters
    3.8487   34.7184   18.4740   -7.4175   -2.0355    0.4899
eta,q 0.91871 17.63470
  0.1002  0.0993  0.1051  0.0827  0.0862  0.0850
  0.0932  0.0891  0.0954  0.0818  0.0830  0.0835
  0.0859  0.0831  0.0897  0.0808  0.0813  0.0819
  0.0826  0.0826  0.0835  0.0834  0.0813  0.0813
  0.0859  0.0861  0.0825  0.0873  0.0819  0.0815
  0.0937  0.0899  0.0929  0.0894  0.0841  0.0828
  0.1032  0.0905  0.1086  0.0900  0.0872  0.0850
niter,ni,del,rscale     7    3   12.0000    1.2000
parameters
    3.6682   36.3837   17.8905  -10.8828   -1.6953   -0.1257
eta,q 0.91970 17.62403
  0.1037  0.0971  0.1017  0.0837  0.0875  0.0840
  0.0941  0.0905  0.0909  0.0811  0.0833  0.0821
  0.0850  0.0862  0.0858  0.0802  0.0815  0.0808
  0.0813  0.0813  0.0805  0.0816  0.0803  0.0802
  0.0857  0.0810  0.0831  0.0855  0.0803  0.0809
  0.0951  0.0851  0.0963  0.0898  0.0824  0.0834
  0.1065  0.0872  0.1128  0.0914  0.0862  0.0861
niter,ni,del,rscale     6    3   12.0000    1.2000
parameters
    3.7546   36.7876   17.3720  -11.0028   -1.3788    0.0477
eta,q 0.91923 17.56871
  0.1075  0.0930  0.1015  0.0888  0.0868  0.0854
  0.0963  0.0898  0.0904  0.0847  0.0841  0.0832
  0.0861  0.0849  0.0850  0.0821  0.0826  0.0817
  0.0803  0.0803  0.0800  0.0810  0.0810  0.0808
  0.0848  0.0803  0.0822  0.0818  0.0813  0.0810
  0.0947  0.0845  0.0941  0.0852  0.0832  0.0827
  0.1070  0.0935  0.1123  0.0893  0.0862  0.0852
niter,ni,del,rscale     5    3   12.0000    1.2000
parameters
    3.9005   36.8302   17.2344  -11.0432   -1.3116    0.2033
eta,q 0.91905 17.57724
  0.1070  0.0922  0.1036  0.0886  0.0865  0.0855
  0.0961  0.0889  0.0917  0.0845  0.0843  0.0833
  0.0870  0.0840  0.0854  0.0822  0.0827  0.0818
  0.0808  0.0807  0.0807  0.0810  0.0810  0.0810
  0.0849  0.0815  0.0812  0.0817  0.0815  0.0812
  0.0940  0.0857  0.0915  0.0848  0.0838  0.0830
  0.1059  0.0946  0.1083  0.0887  0.0869  0.0852
niter,ni,del,rscale     4    3   12.0000    1.2000
parameters
    3.9825   36.8395   17.1872  -11.0546   -1.3172    0.2638
eta,q 0.91898 17.58337
  0.1065  0.0921  0.1041  0.0886  0.0865  0.0854
  0.0959  0.0888  0.0920  0.0844  0.0845  0.0832
  0.0869  0.0839  0.0854  0.0823  0.0827  0.0817
  0.0810  0.0809  0.0809  0.0810  0.0810  0.0810
  0.0853  0.0818  0.0810  0.0817  0.0817  0.0814
  0.0945  0.0859  0.0910  0.0847  0.0841  0.0832
  0.1062  0.0946  0.1073  0.0886  0.0871  0.0853
niter,ni,del,rscale     3    3   12.0000    1.2000
parameters
    4.0186   36.8473   17.1765  -11.0534   -1.3289    0.2802
eta,q 0.91896 17.58488
  0.1062  0.0921  0.1042  0.0885  0.0865  0.0854
  0.0958  0.0888  0.0921  0.0845  0.0845  0.0832
  0.0868  0.0839  0.0854  0.0823  0.0827  0.0817
  0.0810  0.0810  0.0810  0.0810  0.0810  0.0810
  0.0856  0.0820  0.0809  0.0818  0.0817  0.0814
  0.0949  0.0859  0.0907  0.0847  0.0841  0.0832
  0.1064  0.0946  0.1069  0.0886  0.0872  0.0853
registration optimization eta report
parameter search radius
    6.9000    6.9000    6.9000    7.9350    6.0000    6.0000
100000*second partial in parameter space
       50.       25.       52.       12.       15.       12.
  0.1062  0.0921  0.1042  0.0885  0.0865  0.0854
  0.0958  0.0888  0.0921  0.0845  0.0845  0.0832
  0.0868  0.0839  0.0854  0.0823  0.0827  0.0817
  0.0810  0.0810  0.0810  0.0810  0.0810  0.0810
  0.0856  0.0820  0.0809  0.0818  0.0817  0.0814
  0.0949  0.0859  0.0907  0.0847  0.0841  0.0832
  0.1064  0.0946  0.1069  0.0886  0.0872  0.0853
    4.0186   36.8473   17.1765  -11.0534   -1.3289    0.2802
eta,q 0.91896 17.58488

---------------------------------------------------------------------
imgreg_4dfp /opt/freesurfer/average/711-2C_as_mni_average_305 /opt/freesurfer/average/711-2B_as_mni_average_305_mask talsrcimg_g11 none talsrcimg_to_711-2C_as_mni_average_305_t4 3335
---------------------------------------------------------------------

freesurfer imgreg_4dfp.c
/opt/freesurfer/average/711-2C_as_mni_average_305.4dfp.img
       256       256       256         1
  1.000000  1.000000  1.000000
orientation T byte_order littleendian
Reading image: /opt/freesurfer/average/711-2C_as_mni_average_305.4dfp.img
dimensions:      256       256       256
mmppix:       1.0000   -1.0000   -1.0000
center:     128.0000 -129.0000 -129.0000
/opt/freesurfer/average/711-2B_as_mni_average_305_mask.4dfp.img
       256       256       256         1
  1.000000  1.000000  1.000000
orientation T byte_order littleendian
Reading mask: /opt/freesurfer/average/711-2B_as_mni_average_305_mask.4dfp.img (2306576 pixels)
talsrcimg_g11.4dfp.img
       256       256       256         1
  1.000000  1.000000  1.000000
orientation T byte_order littleendian
Reading image: talsrcimg_g11.4dfp.img
dimensions:      256       256       256
mmppix:       1.0000   -1.0000   -1.0000
center:     128.0000 -129.0000 -129.0000
fimgreg.f
image alignment mode   3335 decimal      D07 hex
parameters
    4.0186   36.8473   17.1765   -0.0281   -1.8585   -1.8815
   -0.9246    2.1824    0.4889   19.1833   -2.3192  -19.1672
eta,q 0.91529 17.49652
niter,ni,del,rscale     5    3    5.0000    1.2000
parameter  4  1.718925 ->  0.500000 qaram    1.1500
parameter  5 -4.966014 ->  0.500000 qaram    1.1500
parameter  6  0.831959 ->  0.500000 qaram    1.1500
parameter  8 -1.735644 -> -0.500000 qaram    1.1500
parameter 12 -0.550438 -> -0.500000 qaram    1.1500
parameters
    4.3100   37.0342   17.7120   -4.1681   -5.9985   -6.0215
   -3.3091    6.3224   -1.1129   16.2849   -2.4264  -15.0272
eta,q 0.94332 17.55990
  0.0891  0.0859  0.0898  0.0755  0.0621  0.0616  0.0642  0.0728  0.0594  0.0595  0.0596  0.0635
  0.0870  0.0852  0.0874  0.0780  0.0670  0.0631  0.0636  0.0698  0.0586  0.0580  0.0586  0.0610
  0.0854  0.0849  0.0856  0.0807  0.0728  0.0651  0.0634  0.0667  0.0583  0.0574  0.0578  0.0589
  0.0847  0.0847  0.0847  0.0846  0.0787  0.0685  0.0636  0.0634  0.0583  0.0582  0.0574  0.0574
  0.0849  0.0848  0.0846  0.0902  0.0834  0.0740  0.0642  0.0601  0.0589  0.0606  0.0576  0.0568
  0.0859  0.0851  0.0852  0.0964  0.0872  0.0843  0.0650  0.0579  0.0598  0.0641  0.0584  0.0567
  0.0874  0.0855  0.0867  0.1020  0.0918  0.0947  0.0661  0.0583  0.0611  0.0684  0.0600  0.0572
niter,ni,del,rscale     7    3    5.0000    1.2000
parameter  1  1.612607 ->  0.500000 qaram    1.1500
parameter  3 -0.781118 -> -0.500000 qaram    1.1500
parameter  4  1.419311 ->  0.500000 qaram    1.3225
parameter  5  2.154824 ->  0.500000 qaram    1.3225
parameter 10  0.504328 ->  0.500000 qaram    1.1500
parameters
    2.9300   36.9034   19.0920   -8.9291  -10.7595   -7.7941
   -2.3131    8.3820   -2.0488   12.1448   -4.5341  -14.7010
eta,q 0.96906 17.59155
  0.0507  0.0540  0.0584  0.0399  0.0312  0.0368  0.0388  0.0485  0.0344  0.0321  0.0317  0.0329
  0.0516  0.0527  0.0557  0.0410  0.0320  0.0350  0.0361  0.0420  0.0330  0.0312  0.0311  0.0316
  0.0536  0.0521  0.0536  0.0448  0.0359  0.0336  0.0341  0.0366  0.0322  0.0311  0.0309  0.0311
  0.0567  0.0520  0.0520  0.0506  0.0418  0.0328  0.0332  0.0332  0.0321  0.0320  0.0311  0.0309
  0.0604  0.0524  0.0510  0.0584  0.0480  0.0330  0.0334  0.0320  0.0328  0.0339  0.0315  0.0311
  0.0643  0.0531  0.0505  0.0667  0.0543  0.0375  0.0345  0.0336  0.0341  0.0365  0.0324  0.0316
  0.0683  0.0543  0.0506  0.0744  0.0591  0.0500  0.0364  0.0391  0.0359  0.0400  0.0337  0.0324
niter,ni,del,rscale     7    3    5.0000    1.2000
parameter  5  0.598930 ->  0.500000 qaram    1.5209
parameter 11  0.799093 ->  0.500000 qaram    1.1500
parameter 12  0.756849 ->  0.500000 qaram    1.3225
parameters
    1.6328   37.8954   19.1035  -13.1256  -16.2347   -5.3362
   -0.5680    7.8966   -3.2714   12.3960   -8.6741  -19.4620
eta,q 0.97529 17.28826
  0.0314  0.0361  0.0311  0.0298  0.0278  0.0310  0.0298  0.0323  0.0272  0.0297  0.0254  0.0249
  0.0298  0.0332  0.0298  0.0290  0.0265  0.0291  0.0278  0.0285  0.0261  0.0273  0.0253  0.0247
  0.0296  0.0310  0.0291  0.0283  0.0262  0.0274  0.0265  0.0265  0.0256  0.0260  0.0254  0.0249
  0.0309  0.0295  0.0289  0.0289  0.0285  0.0263  0.0257  0.0256  0.0257  0.0256  0.0256  0.0254
  0.0337  0.0289  0.0291  0.0328  0.0341  0.0257  0.0256  0.0258  0.0262  0.0260  0.0258  0.0261
  0.0377  0.0291  0.0299  0.0409  0.0413  0.0252  0.0260  0.0286  0.0272  0.0272  0.0261  0.0270
  0.0428  0.0302  0.0310  0.0504  0.0471  0.0281  0.0271  0.0357  0.0286  0.0291  0.0265  0.0279
niter,ni,del,rscale     7    3    5.0000    1.2000
parameter  2 -0.774490 -> -0.500000 qaram    1.1500
parameters
    1.3088   39.2754   18.9466  -14.2059  -18.8158   -7.1051
   -0.6132    8.2659   -2.6651   13.3253   -9.3350  -21.3946
eta,q 0.97574 16.95293
  0.0284  0.0322  0.0252  0.0279  0.0292  0.0274  0.0270  0.0313  0.0271  0.0293  0.0252  0.0255
  0.0261  0.0293  0.0238  0.0259  0.0267  0.0258  0.0256  0.0271  0.0257  0.0266  0.0245  0.0246
  0.0249  0.0267  0.0230  0.0242  0.0246  0.0247  0.0247  0.0250  0.0248  0.0250  0.0244  0.0243
  0.0247  0.0247  0.0228  0.0228  0.0232  0.0240  0.0244  0.0244  0.0244  0.0244  0.0244  0.0244
  0.0256  0.0233  0.0231  0.0225  0.0255  0.0240  0.0246  0.0250  0.0245  0.0247  0.0246  0.0249
  0.0276  0.0227  0.0241  0.0260  0.0334  0.0282  0.0256  0.0265  0.0252  0.0257  0.0249  0.0257
  0.0308  0.0232  0.0259  0.0346  0.0425  0.0385  0.0272  0.0300  0.0264  0.0273  0.0253  0.0267
niter,ni,del,rscale     7    3    5.0000    1.2000
parameters
    1.3402   40.1456   18.7046  -13.6751  -20.1698   -7.7491
   -0.7515    8.2537   -2.4274   14.7238   -9.0257  -22.0142
eta,q 0.97566 16.88532
  0.0286  0.0303  0.0254  0.0290  0.0303  0.0284  0.0270  0.0309  0.0267  0.0292  0.0256  0.0259
  0.0263  0.0276  0.0245  0.0269  0.0277  0.0266  0.0256  0.0268  0.0255  0.0265  0.0247  0.0248
  0.0248  0.0255  0.0240  0.0252  0.0255  0.0252  0.0247  0.0248  0.0247  0.0251  0.0244  0.0244
  0.0243  0.0243  0.0239  0.0239  0.0236  0.0242  0.0244  0.0244  0.0244  0.0244  0.0243  0.0244
  0.0247  0.0239  0.0241  0.0229  0.0237  0.0237  0.0247  0.0252  0.0246  0.0245  0.0245  0.0247
  0.0261  0.0243  0.0249  0.0241  0.0292  0.0254  0.0257  0.0269  0.0253  0.0253  0.0248  0.0253
  0.0285  0.0257  0.0262  0.0297  0.0383  0.0329  0.0274  0.0308  0.0264  0.0266  0.0252  0.0262
niter,ni,del,rscale     6    3    5.0000    1.2000
parameters
    1.2792   40.5744   18.4295  -13.5191  -20.8043   -7.8221
   -0.6784    8.1268   -2.3438   15.7911   -8.8084  -22.2289
eta,q 0.97555 16.86455
  0.0283  0.0288  0.0256  0.0290  0.0308  0.0287  0.0271  0.0308  0.0265  0.0284  0.0256  0.0261
  0.0261  0.0266  0.0248  0.0270  0.0282  0.0268  0.0258  0.0267  0.0254  0.0262  0.0247  0.0250
  0.0248  0.0251  0.0244  0.0255  0.0260  0.0254  0.0249  0.0248  0.0247  0.0250  0.0244  0.0246
  0.0243  0.0243  0.0242  0.0242  0.0242  0.0245  0.0245  0.0245  0.0245  0.0245  0.0244  0.0245
  0.0248  0.0244  0.0245  0.0234  0.0234  0.0239  0.0247  0.0253  0.0247  0.0246  0.0246  0.0247
  0.0263  0.0251  0.0252  0.0248  0.0272  0.0246  0.0256  0.0270  0.0253  0.0254  0.0249  0.0253
  0.0287  0.0267  0.0264  0.0306  0.0358  0.0309  0.0272  0.0310  0.0265  0.0266  0.0253  0.0261
niter,ni,del,rscale     5    3    5.0000    1.2000
parameters
    1.1961   40.9008   18.2558  -13.5329  -21.2732   -7.9697
   -0.5523    7.9974   -2.3015   16.6603   -8.7550  -22.2714
eta,q 0.97538 16.83265
  0.0283  0.0284  0.0259  0.0289  0.0307  0.0286  0.0272  0.0307  0.0265  0.0281  0.0256  0.0262
  0.0261  0.0264  0.0251  0.0270  0.0283  0.0268  0.0259  0.0268  0.0255  0.0262  0.0248  0.0252
  0.0248  0.0251  0.0246  0.0256  0.0262  0.0254  0.0250  0.0249  0.0249  0.0251  0.0246  0.0248
  0.0245  0.0244  0.0244  0.0244  0.0244  0.0246  0.0246  0.0246  0.0246  0.0246  0.0246  0.0246
  0.0250  0.0246  0.0246  0.0236  0.0235  0.0240  0.0248  0.0254  0.0248  0.0248  0.0248  0.0248
  0.0264  0.0254  0.0252  0.0250  0.0266  0.0247  0.0256  0.0271  0.0254  0.0256  0.0251  0.0253
  0.0288  0.0269  0.0264  0.0310  0.0350  0.0310  0.0272  0.0310  0.0265  0.0268  0.0254  0.0261
niter,ni,del,rscale     4    3    5.0000    1.2000
parameters
    1.1311   41.1819   18.0680  -13.5655  -21.7046   -8.1718
   -0.4592    7.9108   -2.3011   17.4488   -8.6133  -22.2209
eta,q 0.97521 16.79573
  0.0284  0.0284  0.0260  0.0290  0.0306  0.0284  0.0272  0.0308  0.0266  0.0280  0.0258  0.0263
  0.0263  0.0264  0.0252  0.0271  0.0282  0.0267  0.0260  0.0269  0.0256  0.0263  0.0250  0.0254
  0.0250  0.0252  0.0247  0.0257  0.0262  0.0255  0.0252  0.0251  0.0250  0.0253  0.0248  0.0250
  0.0246  0.0246  0.0246  0.0246  0.0246  0.0248  0.0248  0.0248  0.0248  0.0248  0.0248  0.0248
  0.0251  0.0248  0.0248  0.0238  0.0237  0.0242  0.0249  0.0256  0.0250  0.0250  0.0249  0.0249
  0.0265  0.0256  0.0254  0.0252  0.0265  0.0248  0.0258  0.0271  0.0256  0.0257  0.0252  0.0254
  0.0289  0.0271  0.0265  0.0310  0.0347  0.0309  0.0273  0.0309  0.0266  0.0269  0.0255  0.0262
niter,ni,del,rscale     3    3    5.0000    1.2000
parameters
    1.0898   41.4440   17.8675  -13.5741  -22.1366   -8.3400
   -0.3915    7.8367   -2.4074   18.2128   -8.2439  -22.1449
eta,q 0.97508 16.76005
  0.0286  0.0284  0.0261  0.0290  0.0306  0.0283  0.0273  0.0308  0.0267  0.0280  0.0259  0.0263
  0.0265  0.0265  0.0253  0.0272  0.0282  0.0267  0.0261  0.0270  0.0257  0.0264  0.0252  0.0255
  0.0252  0.0253  0.0249  0.0258  0.0263  0.0255  0.0253  0.0252  0.0251  0.0254  0.0249  0.0251
  0.0248  0.0248  0.0248  0.0248  0.0248  0.0249  0.0249  0.0249  0.0249  0.0249  0.0249  0.0249
  0.0252  0.0249  0.0250  0.0240  0.0239  0.0244  0.0251  0.0256  0.0251  0.0251  0.0250  0.0251
  0.0266  0.0257  0.0256  0.0253  0.0265  0.0249  0.0259  0.0272  0.0258  0.0258  0.0253  0.0255
  0.0289  0.0273  0.0266  0.0309  0.0345  0.0305  0.0274  0.0309  0.0268  0.0270  0.0256  0.0263
niter,ni,del,rscale     2    3    5.0000    1.2000
parameters
    1.0581   41.6978   17.6732  -13.5412  -22.5813   -8.4682
   -0.3062    7.7343   -2.5924   18.9589   -7.8098  -22.0496
eta,q 0.97499 16.72779
  0.0286  0.0285  0.0262  0.0290  0.0306  0.0282  0.0273  0.0307  0.0268  0.0281  0.0259  0.0264
  0.0266  0.0267  0.0254  0.0272  0.0282  0.0266  0.0262  0.0271  0.0258  0.0266  0.0253  0.0257
  0.0253  0.0255  0.0250  0.0259  0.0263  0.0255  0.0254  0.0253  0.0252  0.0255  0.0250  0.0252
  0.0249  0.0249  0.0249  0.0249  0.0249  0.0250  0.0250  0.0250  0.0250  0.0250  0.0250  0.0250
  0.0254  0.0250  0.0251  0.0241  0.0241  0.0246  0.0252  0.0257  0.0253  0.0252  0.0251  0.0251
  0.0266  0.0259  0.0257  0.0253  0.0266  0.0249  0.0259  0.0272  0.0259  0.0260  0.0253  0.0256
  0.0289  0.0274  0.0267  0.0308  0.0343  0.0301  0.0273  0.0310  0.0270  0.0272  0.0256  0.0263
niter,ni,del,rscale     1    3    5.0000    1.2000
parameters
    1.0216   41.9304   17.5129  -13.5065  -22.9922   -8.5674
   -0.2014    7.6174   -2.7744   19.6027   -7.4150  -22.0007
eta,q 0.97492 16.69942
  0.0286  0.0286  0.0263  0.0290  0.0306  0.0281  0.0273  0.0307  0.0269  0.0282  0.0259  0.0264
  0.0266  0.0268  0.0256  0.0272  0.0282  0.0265  0.0262  0.0271  0.0259  0.0267  0.0253  0.0257
  0.0254  0.0256  0.0251  0.0259  0.0263  0.0255  0.0254  0.0254  0.0253  0.0256  0.0251  0.0253
  0.0250  0.0250  0.0250  0.0250  0.0250  0.0251  0.0251  0.0251  0.0251  0.0251  0.0251  0.0251
  0.0254  0.0252  0.0252  0.0242  0.0243  0.0247  0.0252  0.0257  0.0254  0.0253  0.0252  0.0252
  0.0267  0.0260  0.0257  0.0253  0.0267  0.0249  0.0260  0.0272  0.0260  0.0261  0.0254  0.0257
  0.0289  0.0276  0.0267  0.0307  0.0341  0.0297  0.0273  0.0310  0.0271  0.0274  0.0257  0.0264
registration optimization eta report
parameter search radius
    2.7600    2.7600    2.7600    9.5220   10.9503    8.2800
    7.2000    8.2800    7.2000    8.2800    8.2800    9.5220
100000*second partial in parameter space
       49.       40.       20.        6.        6.        6.
        4.        9.        4.        4.        1.        1.
  0.0286  0.0286  0.0263  0.0290  0.0306  0.0281  0.0273  0.0307  0.0269  0.0282  0.0259  0.0264
  0.0266  0.0268  0.0256  0.0272  0.0282  0.0265  0.0262  0.0271  0.0259  0.0267  0.0253  0.0257
  0.0254  0.0256  0.0251  0.0259  0.0263  0.0255  0.0254  0.0254  0.0253  0.0256  0.0251  0.0253
  0.0250  0.0250  0.0250  0.0250  0.0250  0.0251  0.0251  0.0251  0.0251  0.0251  0.0251  0.0251
  0.0254  0.0252  0.0252  0.0242  0.0243  0.0247  0.0252  0.0257  0.0254  0.0253  0.0252  0.0252
  0.0267  0.0260  0.0257  0.0253  0.0267  0.0249  0.0260  0.0272  0.0260  0.0261  0.0254  0.0257
  0.0289  0.0276  0.0267  0.0307  0.0341  0.0297  0.0273  0.0310  0.0271  0.0274  0.0257  0.0264
    1.0216   41.9304   17.5129  -13.5065  -22.9922   -8.5674
   -0.2014    7.6174   -2.7744   19.6027   -7.4150  -22.0007
eta,q 0.97492 16.69942

---------------------------------------------------------------------
imgreg_4dfp /opt/freesurfer/average/711-2C_as_mni_average_305 /opt/freesurfer/average/711-2B_as_mni_average_305_mask talsrcimg_g11 none talsrcimg_to_711-2C_as_mni_average_305_t4 2311
---------------------------------------------------------------------

freesurfer imgreg_4dfp.c
/opt/freesurfer/average/711-2C_as_mni_average_305.4dfp.img
       256       256       256         1
  1.000000  1.000000  1.000000
orientation T byte_order littleendian
Reading image: /opt/freesurfer/average/711-2C_as_mni_average_305.4dfp.img
dimensions:      256       256       256
mmppix:       1.0000   -1.0000   -1.0000
center:     128.0000 -129.0000 -129.0000
/opt/freesurfer/average/711-2B_as_mni_average_305_mask.4dfp.img
       256       256       256         1
  1.000000  1.000000  1.000000
orientation T byte_order littleendian
Reading mask: /opt/freesurfer/average/711-2B_as_mni_average_305_mask.4dfp.img (2306576 pixels)
talsrcimg_g11.4dfp.img
       256       256       256         1
  1.000000  1.000000  1.000000
orientation T byte_order littleendian
Reading image: talsrcimg_g11.4dfp.img
dimensions:      256       256       256
mmppix:       1.0000   -1.0000   -1.0000
center:     128.0000 -129.0000 -129.0000
fimgreg.f
image alignment mode   2311 decimal      907 hex
parameters
    1.0216   41.9304   17.5129  -13.5065  -22.9922   -8.5674
   -0.2014    7.6174   -2.7744   19.6027   -7.4150  -22.0007
eta,q 0.97492 16.69942
niter,ni,del,rscale     5    3    5.0000    0.8000
parameter  4 -1.209137 -> -0.500000 qaram    1.1500
parameter  5 -0.670187 -> -0.500000 qaram    1.1500
parameter  6 -0.895400 -> -0.500000 qaram    1.1500
parameters
    0.9962   42.1242   17.4772  -10.7465  -20.2322   -5.8074
   -0.4705    7.8782   -2.7994   20.7804   -6.3235  -21.5413
eta,q 0.97702 17.29589
  0.0263  0.0264  0.0255  0.0265  0.0264  0.0251  0.0250  0.0278  0.0245  0.0252  0.0245  0.0237
  0.0256  0.0258  0.0253  0.0260  0.0256  0.0245  0.0239  0.0253  0.0237  0.0241  0.0237  0.0233
  0.0252  0.0253  0.0251  0.0255  0.0249  0.0241  0.0233  0.0238  0.0232  0.0235  0.0232  0.0231
  0.0251  0.0251  0.0251  0.0251  0.0244  0.0238  0.0232  0.0231  0.0231  0.0231  0.0230  0.0230
  0.0252  0.0251  0.0251  0.0246  0.0239  0.0234  0.0235  0.0233  0.0233  0.0230  0.0230  0.0230
  0.0257  0.0254  0.0253  0.0243  0.0237  0.0231  0.0243  0.0245  0.0238  0.0232  0.0232  0.0232
  0.0264  0.0259  0.0256  0.0244  0.0241  0.0234  0.0254  0.0271  0.0245  0.0238  0.0235  0.0235
niter,ni,del,rscale     7    3    5.0000    1.0000
parameters
    0.9776   41.5538   17.6622  -12.0835  -20.9770   -7.3256
    0.1735    7.5840   -3.0561   19.1194   -6.0760  -22.2556
eta,q 0.97616 17.05061
  0.0263  0.0239  0.0245  0.0259  0.0260  0.0257  0.0263  0.0272  0.0252  0.0245  0.0243  0.0243
  0.0244  0.0232  0.0236  0.0249  0.0249  0.0249  0.0251  0.0252  0.0245  0.0240  0.0240  0.0240
  0.0233  0.0229  0.0231  0.0238  0.0240  0.0242  0.0243  0.0243  0.0241  0.0239  0.0239  0.0239
  0.0230  0.0230  0.0229  0.0228  0.0233  0.0235  0.0240  0.0240  0.0240  0.0240  0.0238  0.0238
  0.0234  0.0236  0.0229  0.0233  0.0232  0.0232  0.0240  0.0242  0.0242  0.0243  0.0239  0.0240
  0.0246  0.0249  0.0233  0.0265  0.0250  0.0261  0.0245  0.0253  0.0247  0.0250  0.0240  0.0242
  0.0264  0.0268  0.0240  0.0328  0.0292  0.0351  0.0255  0.0283  0.0255  0.0262  0.0242  0.0246
niter,ni,del,rscale     6    3    5.0000    0.9000
parameters
    0.9034   41.6865   17.8167  -11.6807  -20.7268   -7.0347
    0.1513    7.5158   -3.1592   19.4734   -6.0074  -22.1180
eta,q 0.97647 17.12210
  0.0256  0.0254  0.0246  0.0262  0.0262  0.0257  0.0254  0.0267  0.0248  0.0249  0.0240  0.0241
  0.0246  0.0246  0.0242  0.0254  0.0252  0.0248  0.0243  0.0249  0.0241  0.0241  0.0237  0.0238
  0.0240  0.0241  0.0240  0.0246  0.0244  0.0241  0.0237  0.0239  0.0236  0.0237  0.0236  0.0236
  0.0238  0.0238  0.0238  0.0238  0.0237  0.0236  0.0235  0.0235  0.0235  0.0235  0.0235  0.0235
  0.0241  0.0239  0.0238  0.0233  0.0233  0.0230  0.0237  0.0237  0.0237  0.0236  0.0236  0.0236
  0.0248  0.0243  0.0240  0.0239  0.0240  0.0231  0.0244  0.0247  0.0242  0.0239  0.0237  0.0237
  0.0259  0.0251  0.0244  0.0265  0.0266  0.0264  0.0254  0.0272  0.0248  0.0245  0.0240  0.0240
niter,ni,del,rscale     5    3    5.0000    0.8000
parameters
    0.8829   41.6747   17.8334  -11.3464  -20.5092   -6.6039
    0.1857    7.5203   -3.1852   19.6135   -5.9215  -21.9632
eta,q 0.97676 17.18906
  0.0251  0.0247  0.0241  0.0257  0.0255  0.0252  0.0249  0.0261  0.0243  0.0242  0.0238  0.0237
  0.0242  0.0241  0.0238  0.0250  0.0247  0.0244  0.0240  0.0245  0.0237  0.0237  0.0234  0.0234
  0.0237  0.0237  0.0236  0.0243  0.0240  0.0239  0.0234  0.0236  0.0233  0.0233  0.0233  0.0233
  0.0235  0.0235  0.0235  0.0235  0.0234  0.0234  0.0232  0.0232  0.0232  0.0232  0.0232  0.0232
  0.0237  0.0236  0.0236  0.0232  0.0232  0.0229  0.0234  0.0234  0.0234  0.0233  0.0233  0.0233
  0.0243  0.0240  0.0238  0.0238  0.0238  0.0229  0.0239  0.0243  0.0237  0.0236  0.0234  0.0234
  0.0252  0.0247  0.0241  0.0260  0.0259  0.0255  0.0248  0.0263  0.0243  0.0241  0.0237  0.0236
niter,ni,del,rscale     4    3    5.0000    0.7000
parameters
    0.8647   41.6090   17.8453  -11.0466  -20.1649   -6.2475
    0.2108    7.5101   -3.2156   19.5803   -5.8720  -21.7953
eta,q 0.97703 17.25063
  0.0245  0.0241  0.0237  0.0253  0.0249  0.0246  0.0244  0.0254  0.0238  0.0237  0.0235  0.0234
  0.0238  0.0236  0.0235  0.0246  0.0243  0.0241  0.0236  0.0241  0.0233  0.0233  0.0232  0.0231
  0.0234  0.0233  0.0233  0.0239  0.0237  0.0236  0.0231  0.0233  0.0231  0.0230  0.0230  0.0230
  0.0232  0.0232  0.0232  0.0232  0.0232  0.0231  0.0230  0.0230  0.0230  0.0230  0.0230  0.0230
  0.0234  0.0234  0.0233  0.0230  0.0229  0.0226  0.0231  0.0231  0.0231  0.0231  0.0230  0.0230
  0.0239  0.0237  0.0234  0.0236  0.0234  0.0228  0.0236  0.0239  0.0234  0.0233  0.0232  0.0231
  0.0246  0.0243  0.0238  0.0254  0.0250  0.0249  0.0243  0.0257  0.0239  0.0237  0.0234  0.0233
niter,ni,del,rscale     3    3    5.0000    0.6000
parameters
    0.8573   41.4799   17.8858  -10.7852  -19.7284   -5.8180
    0.1974    7.5083   -3.2095   19.3590   -5.8988  -21.5982
eta,q 0.97732 17.31241
  0.0240  0.0235  0.0234  0.0248  0.0244  0.0241  0.0238  0.0248  0.0234  0.0232  0.0232  0.0230
  0.0234  0.0232  0.0232  0.0242  0.0238  0.0237  0.0232  0.0237  0.0230  0.0229  0.0229  0.0228
  0.0231  0.0230  0.0230  0.0235  0.0233  0.0232  0.0228  0.0230  0.0228  0.0227  0.0227  0.0227
  0.0230  0.0230  0.0230  0.0230  0.0229  0.0228  0.0227  0.0227  0.0227  0.0227  0.0227  0.0227
  0.0231  0.0231  0.0230  0.0228  0.0227  0.0225  0.0228  0.0228  0.0228  0.0228  0.0227  0.0227
  0.0235  0.0234  0.0231  0.0233  0.0230  0.0226  0.0232  0.0235  0.0230  0.0230  0.0229  0.0228
  0.0241  0.0239  0.0234  0.0248  0.0242  0.0242  0.0238  0.0249  0.0234  0.0233  0.0231  0.0230
niter,ni,del,rscale     2    3    5.0000    0.5000
parameters
    0.8614   41.2792   17.9369  -10.6100  -19.1670   -5.4129
    0.1458    7.5469   -3.1583   18.9344   -5.9962  -21.4242
eta,q 0.97760 17.36835
  0.0235  0.0230  0.0230  0.0242  0.0239  0.0237  0.0232  0.0241  0.0230  0.0227  0.0228  0.0227
  0.0231  0.0228  0.0228  0.0236  0.0234  0.0233  0.0228  0.0232  0.0227  0.0225  0.0226  0.0225
  0.0228  0.0227  0.0227  0.0231  0.0230  0.0229  0.0225  0.0227  0.0225  0.0224  0.0224  0.0224
  0.0227  0.0227  0.0227  0.0227  0.0226  0.0225  0.0224  0.0224  0.0224  0.0224  0.0224  0.0224
  0.0228  0.0228  0.0227  0.0226  0.0225  0.0223  0.0225  0.0225  0.0225  0.0225  0.0225  0.0224
  0.0231  0.0231  0.0228  0.0231  0.0227  0.0224  0.0228  0.0231  0.0227  0.0227  0.0226  0.0225
  0.0235  0.0234  0.0230  0.0242  0.0234  0.0236  0.0233  0.0241  0.0229  0.0230  0.0228  0.0226
niter,ni,del,rscale     1    3    5.0000    0.4000
parameters
    0.8852   41.0117   18.0129  -10.5108  -18.5234   -4.9726
    0.0481    7.6256   -2.9787   18.3493   -6.1532  -21.1535
eta,q 0.97788 17.41859
  0.0230  0.0225  0.0226  0.0235  0.0233  0.0232  0.0227  0.0235  0.0226  0.0223  0.0224  0.0224
  0.0227  0.0224  0.0225  0.0230  0.0230  0.0228  0.0224  0.0228  0.0224  0.0222  0.0222  0.0222
  0.0225  0.0224  0.0224  0.0226  0.0226  0.0225  0.0222  0.0223  0.0222  0.0221  0.0221  0.0221
  0.0224  0.0224  0.0224  0.0224  0.0224  0.0223  0.0221  0.0221  0.0221  0.0221  0.0221  0.0221
  0.0225  0.0225  0.0224  0.0224  0.0222  0.0221  0.0222  0.0222  0.0222  0.0222  0.0222  0.0221
  0.0226  0.0227  0.0224  0.0227  0.0224  0.0222  0.0225  0.0226  0.0223  0.0224  0.0223  0.0222
  0.0230  0.0230  0.0226  0.0235  0.0228  0.0229  0.0228  0.0233  0.0225  0.0226  0.0225  0.0223
registration optimization eta report
parameter search radius
    0.8000    0.8000    0.8000    2.7600    2.7600    2.7600
    2.4000    2.4000    2.4000    2.4000    2.4000    2.4000
100000*second partial in parameter space
       92.       58.       36.       15.        9.       11.
       11.       22.        7.        5.        6.        4.
  0.0230  0.0225  0.0226  0.0235  0.0233  0.0232  0.0227  0.0235  0.0226  0.0223  0.0224  0.0224
  0.0227  0.0224  0.0225  0.0230  0.0230  0.0228  0.0224  0.0228  0.0224  0.0222  0.0222  0.0222
  0.0225  0.0224  0.0224  0.0226  0.0226  0.0225  0.0222  0.0223  0.0222  0.0221  0.0221  0.0221
  0.0224  0.0224  0.0224  0.0224  0.0224  0.0223  0.0221  0.0221  0.0221  0.0221  0.0221  0.0221
  0.0225  0.0225  0.0224  0.0224  0.0222  0.0221  0.0222  0.0222  0.0222  0.0222  0.0222  0.0221
  0.0226  0.0227  0.0224  0.0227  0.0224  0.0222  0.0225  0.0226  0.0223  0.0224  0.0223  0.0222
  0.0230  0.0230  0.0226  0.0235  0.0228  0.0229  0.0228  0.0233  0.0225  0.0226  0.0225  0.0223
    0.8852   41.0117   18.0129  -10.5108  -18.5234   -4.9726
    0.0481    7.6256   -2.9787   18.3493   -6.1532  -21.1535
eta,q 0.97788 17.41859

---------------------------------------------------------------------
imgreg_4dfp /opt/freesurfer/average/711-2C_as_mni_average_305 /opt/freesurfer/average/711-2B_as_mni_average_305_mask talsrcimg_g11 none talsrcimg_to_711-2C_as_mni_average_305_t4 2311
---------------------------------------------------------------------

freesurfer imgreg_4dfp.c
/opt/freesurfer/average/711-2C_as_mni_average_305.4dfp.img
       256       256       256         1
  1.000000  1.000000  1.000000
orientation T byte_order littleendian
Reading image: /opt/freesurfer/average/711-2C_as_mni_average_305.4dfp.img
dimensions:      256       256       256
mmppix:       1.0000   -1.0000   -1.0000
center:     128.0000 -129.0000 -129.0000
/opt/freesurfer/average/711-2B_as_mni_average_305_mask.4dfp.img
       256       256       256         1
  1.000000  1.000000  1.000000
orientation T byte_order littleendian
Reading mask: /opt/freesurfer/average/711-2B_as_mni_average_305_mask.4dfp.img (2306576 pixels)
talsrcimg_g11.4dfp.img
       256       256       256         1
  1.000000  1.000000  1.000000
orientation T byte_order littleendian
Reading image: talsrcimg_g11.4dfp.img
dimensions:      256       256       256
mmppix:       1.0000   -1.0000   -1.0000
center:     128.0000 -129.0000 -129.0000
fimgreg.f
image alignment mode   2311 decimal      907 hex
parameters
    0.8852   41.0117   18.0129  -10.5108  -18.5234   -4.9726
    0.0481    7.6256   -2.9787   18.3493   -6.1532  -21.1535
eta,q 0.97788 17.41860
niter,ni,del,rscale     5    3    5.0000    0.8000
parameters
    0.9449   40.6419   18.1385  -11.2339  -18.6309   -5.7459
   -0.0059    7.6427   -2.9441   17.0093   -6.3661  -21.5710
eta,q 0.97769 17.31925
  0.0249  0.0230  0.0234  0.0243  0.0242  0.0240  0.0244  0.0260  0.0238  0.0229  0.0230  0.0229
  0.0234  0.0224  0.0227  0.0234  0.0235  0.0234  0.0233  0.0240  0.0230  0.0225  0.0226  0.0225
  0.0224  0.0221  0.0222  0.0225  0.0228  0.0228  0.0227  0.0229  0.0226  0.0223  0.0224  0.0223
  0.0221  0.0221  0.0221  0.0220  0.0222  0.0222  0.0225  0.0225  0.0225  0.0225  0.0223  0.0223
  0.0224  0.0225  0.0221  0.0224  0.0221  0.0220  0.0227  0.0226  0.0226  0.0228  0.0224  0.0225
  0.0231  0.0233  0.0224  0.0241  0.0230  0.0236  0.0234  0.0238  0.0230  0.0233  0.0227  0.0227
  0.0245  0.0246  0.0230  0.0275  0.0251  0.0280  0.0244  0.0262  0.0237  0.0240  0.0231  0.0230
niter,ni,del,rscale     4    3    5.0000    0.7000
parameters
    0.9603   40.6044   18.3602  -10.9856  -18.4112   -5.5652
   -0.1472    7.7497   -2.8560   16.9829   -6.4838  -21.4107
eta,q 0.97789 17.35328
  0.0240  0.0234  0.0231  0.0243  0.0241  0.0237  0.0237  0.0252  0.0233  0.0231  0.0228  0.0227
  0.0231  0.0228  0.0227  0.0236  0.0234  0.0231  0.0228  0.0235  0.0227  0.0225  0.0224  0.0223
  0.0225  0.0224  0.0224  0.0229  0.0227  0.0226  0.0223  0.0225  0.0222  0.0221  0.0222  0.0221
  0.0223  0.0223  0.0223  0.0223  0.0222  0.0222  0.0221  0.0221  0.0221  0.0221  0.0221  0.0221
  0.0225  0.0224  0.0223  0.0222  0.0221  0.0219  0.0224  0.0223  0.0222  0.0223  0.0222  0.0222
  0.0230  0.0229  0.0224  0.0227  0.0227  0.0222  0.0230  0.0232  0.0226  0.0226  0.0224  0.0223
  0.0239  0.0236  0.0227  0.0243  0.0241  0.0241  0.0239  0.0250  0.0232  0.0231  0.0228  0.0226
niter,ni,del,rscale     3    3    5.0000    0.6000
parameters
    1.0060   40.5202   18.3810  -10.8060  -18.1298   -5.1954
   -0.2479    7.8589   -2.8071   16.9246   -6.5348  -21.1519
eta,q 0.97809 17.39616
  0.0235  0.0229  0.0226  0.0238  0.0236  0.0233  0.0232  0.0244  0.0229  0.0227  0.0225  0.0224
  0.0227  0.0224  0.0223  0.0231  0.0230  0.0228  0.0225  0.0231  0.0223  0.0222  0.0222  0.0221
  0.0223  0.0222  0.0222  0.0225  0.0225  0.0224  0.0220  0.0223  0.0220  0.0219  0.0220  0.0219
  0.0221  0.0221  0.0221  0.0221  0.0221  0.0220  0.0219  0.0219  0.0219  0.0219  0.0219  0.0219
  0.0222  0.0222  0.0222  0.0221  0.0220  0.0218  0.0221  0.0220  0.0220  0.0221  0.0220  0.0220
  0.0226  0.0226  0.0223  0.0226  0.0224  0.0220  0.0226  0.0228  0.0223  0.0223  0.0222  0.0221
  0.0233  0.0231  0.0226  0.0238  0.0234  0.0233  0.0233  0.0243  0.0228  0.0227  0.0225  0.0223
niter,ni,del,rscale     2    3    5.0000    0.5000
parameters
    1.0438   40.4055   18.3747  -10.7037  -17.8445   -4.8690
   -0.2989    7.9582   -2.7690   16.8245   -6.6010  -20.8961
eta,q 0.97823 17.43097
  0.0229  0.0224  0.0223  0.0232  0.0231  0.0229  0.0227  0.0237  0.0225  0.0223  0.0222  0.0222
  0.0224  0.0221  0.0221  0.0227  0.0226  0.0225  0.0222  0.0227  0.0221  0.0220  0.0220  0.0219
  0.0220  0.0219  0.0220  0.0222  0.0222  0.0221  0.0219  0.0221  0.0218  0.0218  0.0218  0.0218
  0.0219  0.0219  0.0219  0.0219  0.0219  0.0218  0.0218  0.0218  0.0218  0.0218  0.0218  0.0218
  0.0220  0.0220  0.0220  0.0219  0.0218  0.0217  0.0219  0.0219  0.0218  0.0219  0.0218  0.0218
  0.0223  0.0223  0.0221  0.0223  0.0221  0.0218  0.0223  0.0224  0.0221  0.0221  0.0220  0.0219
  0.0228  0.0227  0.0223  0.0233  0.0229  0.0228  0.0228  0.0235  0.0224  0.0223  0.0223  0.0220
niter,ni,del,rscale     1    3    5.0000    0.4000
parameters
    1.0745   40.2886   18.3777  -10.6479  -17.5728   -4.5411
   -0.3456    8.0478   -2.7330   16.7213   -6.6644  -20.6406
eta,q 0.97835 17.46054
  0.0224  0.0221  0.0220  0.0227  0.0226  0.0225  0.0223  0.0230  0.0221  0.0220  0.0220  0.0219
  0.0221  0.0219  0.0219  0.0223  0.0222  0.0222  0.0219  0.0223  0.0219  0.0218  0.0218  0.0218
  0.0218  0.0218  0.0218  0.0219  0.0219  0.0219  0.0217  0.0219  0.0217  0.0217  0.0217  0.0217
  0.0218  0.0218  0.0218  0.0218  0.0218  0.0217  0.0217  0.0217  0.0217  0.0216  0.0216  0.0217
  0.0218  0.0219  0.0218  0.0218  0.0217  0.0216  0.0217  0.0217  0.0217  0.0217  0.0217  0.0217
  0.0220  0.0220  0.0219  0.0221  0.0219  0.0217  0.0220  0.0221  0.0219  0.0218  0.0218  0.0217
  0.0223  0.0223  0.0220  0.0227  0.0224  0.0223  0.0223  0.0229  0.0221  0.0220  0.0220  0.0218
registration optimization eta report
parameter search radius
    0.8000    0.8000    0.8000    2.4000    2.4000    2.4000
    2.4000    2.4000    2.4000    2.4000    2.4000    2.4000
100000*second partial in parameter space
       99.       68.       41.       17.       13.       12.
       12.       22.        8.        7.        6.        4.
  0.0224  0.0221  0.0220  0.0227  0.0226  0.0225  0.0223  0.0230  0.0221  0.0220  0.0220  0.0219
  0.0221  0.0219  0.0219  0.0223  0.0222  0.0222  0.0219  0.0223  0.0219  0.0218  0.0218  0.0218
  0.0218  0.0218  0.0218  0.0219  0.0219  0.0219  0.0217  0.0219  0.0217  0.0217  0.0217  0.0217
  0.0218  0.0218  0.0218  0.0218  0.0218  0.0217  0.0217  0.0217  0.0217  0.0216  0.0216  0.0217
  0.0218  0.0219  0.0218  0.0218  0.0217  0.0216  0.0217  0.0217  0.0217  0.0217  0.0217  0.0217
  0.0220  0.0220  0.0219  0.0221  0.0219  0.0217  0.0220  0.0221  0.0219  0.0218  0.0218  0.0217
  0.0223  0.0223  0.0220  0.0227  0.0224  0.0223  0.0223  0.0229  0.0221  0.0220  0.0220  0.0218
    1.0745   40.2886   18.3777  -10.6479  -17.5728   -4.5411
   -0.3456    8.0478   -2.7330   16.7213   -6.6644  -20.6406
eta,q 0.97835 17.46054

---------------------------------------------------------------------
compute_vox2vox talsrcimg talsrcimg_to_711-2C_as_mni_average_305_t4 /opt/freesurfer/average/711-2C_as_mni_average_305
---------------------------------------------------------------------

freesurfer compute_vox2vox.c
Reading: talsrcimg.4dfp.ifh
Reading: talsrcimg_to_711-2C_as_mni_average_305_t4
Reading: /opt/freesurfer/average/711-2C_as_mni_average_305.4dfp.ifh
Writing: talsrcimg_to_711-2C_as_mni_average_305_t4_vox2vox.txt

start time Sun Mar 8 20:37:58 CET 2026
end		time Sun Mar 8 20:39:34 CET 2026

mpr2mni305 success

avi2talxfm orig_nu.mgz /opt/freesurfer/average/mni305.cor.mgz talsrcimg_to_711-2C_as_mni_average_305_t4_vox2vox.txt transforms/talairach.auto.xfm
avi2talxfm done
mv -f /out/sourcedata/freesurfer/sub-v1s15x0050196_ses-1/mri/talsrcimg_to_711-2C_as_mni_average_305_t4_vox2vox.txt /out/sourcedata/freesurfer/sub-v1s15x0050196_ses-1/mri/transforms/talsrcimg_to_711-2C_as_mni_average_305_t4_vox2vox.txt
lta_convert --src orig_nu.mgz --trg /opt/freesurfer/average/mni305.cor.mgz --inxfm transforms/talairach.auto.xfm --outlta transforms/talairach.auto.xfm.lta --subject fsaverage
7.3.2

--src: orig_nu.mgz src image (geometry).
--trg: /opt/freesurfer/average/mni305.cor.mgz trg image (geometry).
--inmni: transforms/talairach.auto.xfm input MNI/XFM transform.
--outlta: transforms/talairach.auto.xfm.lta output LTA.
--s: fsaverage subject name
 LTA read, type : 1
 1.11186  -0.09058  -0.01802  -2.29523;
 0.08200   0.99687   0.24997  -24.05251;
 0.02023  -0.20523   1.16189   3.45438;
 0.00000   0.00000   0.00000   1.00000;
setting subject to fsaverage
Writing  LTA to file transforms/talairach.auto.xfm.lta...
lta_convert successful.
 
 
Started at Sun Mar 8 20:37:57 CET 2026
Ended   at Sun Mar  8 20:39:34 CET 2026
talairach_avi done
