/out/sourcedata/freesurfer/sub-v1s15x0050216_ses-1/mri
/opt/freesurfer/bin/talairach_avi
--i orig_nu.mgz --xfm transforms/talairach.auto.xfm
talairach_avi 7.3.2
Linux dna010 5.14.0-427.37.1.el9_4.x86_64 #1 SMP PREEMPT_DYNAMIC Fri Sep 13 12:41:50 EDT 2024 x86_64 x86_64 x86_64 GNU/Linux
Sun Mar  8 21:58:42 CET 2026
mri_convert orig_nu.mgz talsrcimg.img 
reading from orig_nu.mgz...
TR=0.00, TE=0.00, TI=0.00, flip angle=0.00
i_ras = (-1, 0, 0)
j_ras = (0, 0, -1)
k_ras = (0, 1, 0)
writing to talsrcimg.img...
Analyze Output Matrix
-1.00000   0.00000   0.00000   138.87500;
 0.00000   0.00000   1.00000  -118.65600;
 0.00000  -1.00000   0.00000   111.21800;
 0.00000   0.00000   0.00000   1.00000;
--------------------
INFO: set hdr.hist.orient to -1
mpr2mni305 talsrcimg
Sun Mar  8 21:58:43 CET 2026
/opt/freesurfer/bin/mpr2mni305 talsrcimg
mpr2mni305 7.3.2
target=711-2C_as_mni_average_305

---------------------------------------------------------------------
analyzeto4dfp talsrcimg -O0 -y
---------------------------------------------------------------------

freesurfer ifh2hdr.c
Sun Mar  8 21:58:43 2026
Writing: talsrcimg.4dfp.hdr
freesurfer analyzeto4dfp.c
Reading: talsrcimg.hdr
header size 348 bytes
hdr.dime.datatype	offset=70	value=2
hdr.dime.bitpix		offset=72	value=8
hdr.hist.orient		offset=252	value=-1
dimensionality     4
dimensions       256       256       256         1
Reading: talsrcimg.img
Writing: talsrcimg.4dfp.img
Writing: talsrcimg.4dfp.ifh
ifh2hdr talsrcimg -r0to219
ori=2

---------------------------------------------------------------------
gauss_4dfp talsrcimg 1.1
---------------------------------------------------------------------

freesurfer gauss_4dfp.c
Reading: talsrcimg.4dfp.img
Writing: talsrcimg_g11.4dfp.img
image dimensions 256 256 256 padded to 288 288 288
processing volume 1freesurfer ifh2hdr.c
Sun Mar  8 21:58:44 2026
Writing: talsrcimg_g11.4dfp.hdr

Writing: talsrcimg_g11.4dfp.ifh
including: talsrcimg.4dfp.img.rec in talsrcimg_g11.4dfp.img.rec

---------------------------------------------------------------------
imgreg_4dfp /opt/freesurfer/average/711-2C_as_mni_average_305 none talsrcimg_g11 none talsrcimg_to_711-2C_as_mni_average_305_t4 4355
---------------------------------------------------------------------

freesurfer imgreg_4dfp.c
/opt/freesurfer/average/711-2C_as_mni_average_305.4dfp.img
       256       256       256         1
  1.000000  1.000000  1.000000
orientation T byte_order littleendian
Reading image: /opt/freesurfer/average/711-2C_as_mni_average_305.4dfp.img
dimensions:      256       256       256
mmppix:       1.0000   -1.0000   -1.0000
center:     128.0000 -129.0000 -129.0000
talsrcimg_g11.4dfp.img
       256       256       256         1
  1.000000  1.000000  1.000000
orientation T byte_order littleendian
Reading image: talsrcimg_g11.4dfp.img
dimensions:      256       256       256
mmppix:       1.0000   -1.0000   -1.0000
center:     128.0000 -129.0000 -129.0000
t4_read: open error in t4_sub.f l:  41 t4_file(1:l)talsrcimg_to_711-2C_as_mni_average_305_t4 
t4_read: transform initialized to I4
rotation matrix determinant  1.000000
image alignment mode   4355 decimal     1103 hex
   -7.5000  -45.0000  -45.0000 5894.6479   23.3297
    0.0000  -45.0000  -45.0000 6223.3008   23.2801
    7.5000  -45.0000  -45.0000 6039.6724   23.2659
   -7.5000  -37.5000  -45.0000 6351.2402   22.7575
    0.0000  -37.5000  -45.0000 6714.4312   22.7206
    7.5000  -37.5000  -45.0000 6518.4805   22.7163
   -7.5000  -30.0000  -45.0000 7070.2930   22.3594
    0.0000  -30.0000  -45.0000 7493.2227   22.3443
    7.5000  -30.0000  -45.0000 7246.3926   22.3469
   -7.5000  -22.5000  -45.0000 7872.4482   22.2615
    0.0000  -22.5000  -45.0000 8356.4883   22.2546
    7.5000  -22.5000  -45.0000 8085.7368   22.2570
   -7.5000  -15.0000  -45.0000 8679.9414   22.2846
    0.0000  -15.0000  -45.0000 9209.7324   22.2702
    7.5000  -15.0000  -45.0000 8898.9531   22.2666
   -7.5000   -7.5000  -45.0000 9511.5645   22.3201
    0.0000   -7.5000  -45.000010048.5264   22.2853
    7.5000   -7.5000  -45.0000 9710.9023   22.2731
   -7.5000    0.0000  -45.000010199.8428   22.3291
    0.0000    0.0000  -45.000010776.9873   22.2819
    7.5000    0.0000  -45.000010399.8730   22.2692
   -7.5000    7.5000  -45.000010108.3105   22.2972
    0.0000    7.5000  -45.000010693.5469   22.2621
    7.5000    7.5000  -45.000010285.2148   22.2579
   -7.5000   15.0000  -45.0000 9946.6543   22.2632
    0.0000   15.0000  -45.000010534.2158   22.2480
    7.5000   15.0000  -45.000010094.6279   22.2505
   -7.5000   22.5000  -45.0000 9768.6865   22.2566
    0.0000   22.5000  -45.000010320.5332   22.2497
    7.5000   22.5000  -45.0000 9899.1934   22.2521
   -7.5000   30.0000  -45.0000 9473.2988   21.9877
    0.0000   30.0000  -45.000010022.4189   21.9734
    7.5000   30.0000  -45.0000 9609.9062   21.9699
   -7.5000   37.5000  -45.0000 9352.9658   22.0227
    0.0000   37.5000  -45.0000 9927.3984   21.9883
    7.5000   37.5000  -45.0000 9493.8096   21.9763
   -7.5000   45.0000  -45.0000 8778.8936   21.4721
    0.0000   45.0000  -45.0000 9312.9287   21.4267
    7.5000   45.0000  -45.0000 8902.6992   21.4145
   -7.5000  -45.0000  -37.5000 6199.5029   22.9918
    0.0000  -45.0000  -37.5000 6561.8701   22.9367
    7.5000  -45.0000  -37.5000 6377.5366   22.9154
   -7.5000  -37.5000  -37.5000 6690.5181   22.4391
    0.0000  -37.5000  -37.5000 7089.9058   22.3948
    7.5000  -37.5000  -37.5000 6888.7422   22.3872
   -7.5000  -30.0000  -37.5000 7449.9707   22.0556
    0.0000  -30.0000  -37.5000 7908.0117   22.0311
    7.5000  -30.0000  -37.5000 7678.3091   22.0341
   -7.5000  -22.5000  -37.5000 8313.4736   21.9599
    0.0000  -22.5000  -37.5000 8837.0029   21.9440
    7.5000  -22.5000  -37.5000 8553.0459   21.9473
   -7.5000  -15.0000  -37.5000 9181.2031   21.9805
    0.0000  -15.0000  -37.5000 9747.3018   21.9586
    7.5000  -15.0000  -37.5000 9415.9150   21.9527
   -7.5000   -7.5000  -37.500010047.1875   22.0130
    0.0000   -7.5000  -37.500010616.3164   21.9724
    7.5000   -7.5000  -37.500010216.5732   21.9539
   -7.5000    0.0000  -37.500010764.2324   22.0215
    0.0000    0.0000  -37.500011361.1836   21.9690
    7.5000    0.0000  -37.500010937.8066   21.9493
   -7.5000    7.5000  -37.500010625.9004   21.9930
    0.0000    7.5000  -37.500011250.5273   21.9507
    7.5000    7.5000  -37.500010803.1914   21.9431
   -7.5000   15.0000  -37.500010455.9092   21.9621
    0.0000   15.0000  -37.500011051.5957   21.9376
    7.5000   15.0000  -37.500010587.3369   21.9405
   -7.5000   22.5000  -37.500010268.7139   21.9551
    0.0000   22.5000  -37.500010844.3926   21.9392
    7.5000   22.5000  -37.500010393.4395   21.9425
   -7.5000   30.0000  -37.5000 9939.3008   21.6876
    0.0000   30.0000  -37.500010517.7627   21.6660
    7.5000   30.0000  -37.500010078.2031   21.6601
   -7.5000   37.5000  -37.5000 9814.5078   21.7197
    0.0000   37.5000  -37.500010414.7773   21.6796
    7.5000   37.5000  -37.5000 9966.6484   21.6613
   -7.5000   45.0000  -37.5000 9178.8584   21.1763
    0.0000   45.0000  -37.5000 9749.7158   21.1258
    7.5000   45.0000  -37.5000 9332.6455   21.1069
   -7.5000  -45.0000  -30.0000 6618.7441   23.7273
    0.0000  -45.0000  -30.0000 7009.8237   23.6735
    7.5000  -45.0000  -30.0000 6821.5171   23.6647
   -7.5000  -37.5000  -30.0000 7154.5317   23.1697
    0.0000  -37.5000  -30.0000 7576.7881   23.1271
    7.5000  -37.5000  -30.0000 7381.4434   23.1356
   -7.5000  -30.0000  -30.0000 8008.7896   22.7924
    0.0000  -30.0000  -30.0000 8507.8223   22.7688
    7.5000  -30.0000  -30.0000 8258.8184   22.7888
   -7.5000  -22.5000  -30.0000 8955.3027   22.7025
    0.0000  -22.5000  -30.0000 9521.0615   22.6862
    7.5000  -22.5000  -30.0000 9199.9766   22.7018
   -7.5000  -15.0000  -30.0000 9895.9854   22.7182
    0.0000  -15.0000  -30.000010488.1631   22.6945
    7.5000  -15.0000  -30.000010118.2510   22.6954
   -7.5000   -7.5000  -30.000010806.3340   22.7355
    0.0000   -7.5000  -30.000011427.3350   22.6939
    7.5000   -7.5000  -30.000010986.6777   22.6821
   -7.5000    0.0000  -30.000011586.9277   22.7346
    0.0000    0.0000  -30.000012216.8740   22.6832
    7.5000    0.0000  -30.000011771.9492   22.6745
   -7.5000    7.5000  -30.000011418.3125   22.7134
    0.0000    7.5000  -30.000012074.1602   22.6726
    7.5000    7.5000  -30.000011608.8838   22.6805
   -7.5000   15.0000  -30.000011203.5010   22.6966
    0.0000   15.0000  -30.000011830.9150   22.6731
    7.5000   15.0000  -30.000011361.4023   22.6928
   -7.5000   22.5000  -30.000010968.8076   22.6952
    0.0000   22.5000  -30.000011587.6406   22.6789
    7.5000   22.5000  -30.000011120.4404   22.6945
   -7.5000   30.0000  -30.000010571.8574   22.4175
    0.0000   30.0000  -30.000011218.5996   22.3942
    7.5000   30.0000  -30.000010744.5205   22.3951
   -7.5000   37.5000  -30.000010448.8320   22.4347
    0.0000   37.5000  -30.000011095.8760   22.3936
    7.5000   37.5000  -30.000010636.3809   22.3819
   -7.5000   45.0000  -30.0000 9756.5762   21.8781
    0.0000   45.0000  -30.000010372.3428   21.8287
    7.5000   45.0000  -30.0000 9957.0605   21.8202
   -7.5000  -45.0000  -22.5000 7075.1177   24.5129
    0.0000  -45.0000  -22.5000 7501.1650   24.4642
    7.5000  -45.0000  -22.5000 7302.8076   24.4730
   -7.5000  -37.5000  -22.5000 7701.6108   23.9451
    0.0000  -37.5000  -22.5000 8165.7212   23.9094
    7.5000  -37.5000  -22.5000 7928.9546   23.9345
   -7.5000  -30.0000  -22.5000 8673.0332   23.5769
    0.0000  -30.0000  -22.5000 9196.4219   23.5617
    7.5000  -30.0000  -22.5000 8906.9229   23.5946
   -7.5000  -22.5000  -22.5000 9679.6436   23.4991
    0.0000  -22.5000  -22.500010287.3320   23.4906
    7.5000  -22.5000  -22.5000 9947.6982   23.5144
   -7.5000  -15.0000  -22.500010680.9785   23.5099
    0.0000  -15.0000  -22.500011331.8584   23.4917
    7.5000  -15.0000  -22.500010932.1455   23.4993
   -7.5000   -7.5000  -22.500011650.5000   23.5034
    0.0000   -7.5000  -22.500012345.9756   23.4659
    7.5000   -7.5000  -22.500011876.5898   23.4657
   -7.5000    0.0000  -22.500012498.5088   23.4854
    0.0000    0.0000  -22.500013184.5264   23.4389
    7.5000    0.0000  -22.500012703.8955   23.4463
   -7.5000    7.5000  -22.500012349.3135   23.4723
    0.0000    7.5000  -22.500013024.2842   23.4383
    7.5000    7.5000  -22.500012532.4541   23.4623
   -7.5000   15.0000  -22.500012105.4287   23.4777
    0.0000   15.0000  -22.500012748.3525   23.4624
    7.5000   15.0000  -22.500012255.8926   23.4950
   -7.5000   22.5000  -22.500011830.8945   23.4900
    0.0000   22.5000  -22.500012465.2139   23.4815
    7.5000   22.5000  -22.500011990.1455   23.5053
   -7.5000   30.0000  -22.500011371.9111   23.2024
    0.0000   30.0000  -22.500012035.7451   23.1845
    7.5000   30.0000  -22.500011557.5596   23.1919
   -7.5000   37.5000  -22.500011228.8154   23.1960
    0.0000   37.5000  -22.500011889.8115   23.1589
    7.5000   37.5000  -22.500011422.6670   23.1588
   -7.5000   45.0000  -22.500010472.6396   22.6176
    0.0000   45.0000  -22.500011113.0078   22.5728
    7.5000   45.0000  -22.500010689.4727   22.5800
   -7.5000  -45.0000  -15.0000 7579.5195   25.0977
    0.0000  -45.0000  -15.0000 8037.4814   25.0538
    7.5000  -45.0000  -15.0000 7818.7085   25.0683
   -7.5000  -37.5000  -15.0000 8283.4502   24.5189
    0.0000  -37.5000  -15.0000 8776.1133   24.4891
    7.5000  -37.5000  -15.0000 8514.8525   24.5159
   -7.5000  -30.0000  -15.0000 9343.8379   24.1492
    0.0000  -30.0000  -15.0000 9900.1240   24.1411
    7.5000  -30.0000  -15.0000 9600.0410   24.1720
   -7.5000  -22.5000  -15.000010441.5791   24.0757
    0.0000  -22.5000  -15.000011072.7080   24.0740
    7.5000  -22.5000  -15.000010725.7393   24.0950
   -7.5000  -15.0000  -15.000011500.6748   24.0845
    0.0000  -15.0000  -15.000012180.9268   24.0724
    7.5000  -15.0000  -15.000011779.7949   24.0805
   -7.5000   -7.5000  -15.000012542.6572   24.0681
    0.0000   -7.5000  -15.000013265.2998   24.0357
    7.5000   -7.5000  -15.000012815.9180   24.0405
   -7.5000    0.0000  -15.000013421.3037   24.0430
    0.0000    0.0000  -15.000014167.7783   24.0012
    7.5000    0.0000  -15.000013704.7559   24.0143
   -7.5000    7.5000  -15.000013263.3789   24.0330
    0.0000    7.5000  -15.000013974.1846   24.0049
    7.5000    7.5000  -15.000013495.2773   24.0308
   -7.5000   15.0000  -15.000013012.3750   24.0474
    0.0000   15.0000  -15.000013689.8564   24.0391
    7.5000   15.0000  -15.000013196.3115   24.0697
   -7.5000   22.5000  -15.000012698.7422   24.0652
    0.0000   22.5000  -15.000013390.1094   24.0635
    7.5000   22.5000  -15.000012892.4131   24.0846
   -7.5000   30.0000  -15.000012209.1660   23.7728
    0.0000   30.0000  -15.000012896.0762   23.7608
    7.5000   30.0000  -15.000012430.0557   23.7689
   -7.5000   37.5000  -15.000012009.0088   23.7566
    0.0000   37.5000  -15.000012709.1846   23.7247
    7.5000   37.5000  -15.000012280.9229   23.7294
   -7.5000   45.0000  -15.000011184.0732   23.1685
    0.0000   45.0000  -15.000011855.9277   23.1283
    7.5000   45.0000  -15.000011458.3428   23.1409
   -7.5000  -45.0000   -7.5000 8120.0508   25.3605
    0.0000  -45.0000   -7.5000 8620.5479   25.3125
    7.5000  -45.0000   -7.5000 8405.2080   25.3108
   -7.5000  -37.5000   -7.5000 8882.8135   24.7673
    0.0000  -37.5000   -7.5000 9418.8682   24.7329
    7.5000  -37.5000   -7.5000 9156.4707   24.7409
   -7.5000  -30.0000   -7.500010022.5195   24.3740
    0.0000  -30.0000   -7.500010621.3818   24.3631
    7.5000  -30.0000   -7.500010299.7402   24.3758
   -7.5000  -22.5000   -7.500011193.9844   24.2887
    0.0000  -22.5000   -7.500011865.0918   24.2864
    7.5000  -22.5000   -7.500011514.0098   24.2945
   -7.5000  -15.0000   -7.500012344.5928   24.3045
    0.0000  -15.0000   -7.500013110.7998   24.2936
    7.5000  -15.0000   -7.500012692.3643   24.2934
   -7.5000   -7.5000   -7.500013458.6650   24.3093
    0.0000   -7.5000   -7.500014263.0615   24.2765
    7.5000   -7.5000   -7.500013804.6172   24.2716
   -7.5000    0.0000   -7.500014417.1592   24.2970
    0.0000    0.0000   -7.500015255.3779   24.2514
    7.5000    0.0000   -7.500014780.7002   24.2502
   -7.5000    7.5000   -7.500014265.3467   24.2771
    0.0000    7.5000   -7.500015057.3086   24.2447
    7.5000    7.5000   -7.500014525.5957   24.2526
   -7.5000   15.0000   -7.500013982.4238   24.2715
    0.0000   15.0000   -7.500014739.1660   24.2604
    7.5000   15.0000   -7.500014204.7412   24.2729
   -7.5000   22.5000   -7.500013649.3135   24.2755
    0.0000   22.5000   -7.500014405.4229   24.2732
    7.5000   22.5000   -7.500013892.4873   24.2813
   -7.5000   30.0000   -7.500013134.7520   23.9894
    0.0000   30.0000   -7.500013879.3330   23.9785
    7.5000   30.0000   -7.500013396.1143   23.9784
   -7.5000   37.5000   -7.500012932.6699   23.9941
    0.0000   37.5000   -7.500013665.9023   23.9617
    7.5000   37.5000   -7.500013222.7021   23.9568
   -7.5000   45.0000   -7.500012049.0439   23.4177
    0.0000   45.0000   -7.500012736.9531   23.3738
    7.5000   45.0000   -7.500012335.1660   23.3726
   -7.5000  -45.0000    0.0000 8553.9297   25.3785
    0.0000  -45.0000    0.0000 9088.5596   25.3214
    7.5000  -45.0000    0.0000 8887.5283   25.3001
   -7.5000  -37.5000    0.0000 9354.1650   24.7765
    0.0000  -37.5000    0.0000 9930.6875   24.7319
    7.5000  -37.5000    0.0000 9682.4082   24.7209
   -7.5000  -30.0000    0.000010534.8672   24.3606
    0.0000  -30.0000    0.000011190.7002   24.3402
    7.5000  -30.0000    0.000010890.4580   24.3375
   -7.5000  -22.5000    0.000011777.3428   24.2598
    0.0000  -22.5000    0.000012536.1875   24.2501
    7.5000  -22.5000    0.000012173.1328   24.2485
   -7.5000  -15.0000    0.000013050.1465   24.2824
    0.0000  -15.0000    0.000013868.5879   24.2661
    7.5000  -15.0000    0.000013445.2354   24.2587
   -7.5000   -7.5000    0.000014295.7080   24.3137
    0.0000   -7.5000    0.000015163.5254   24.2747
    7.5000   -7.5000    0.000014683.1025   24.2572
   -7.5000    0.0000    0.000015395.8340   24.3190
    0.0000    0.0000    0.000016313.5352   24.2648
    7.5000    0.0000    0.000015779.4707   24.2455
   -7.5000    7.5000    0.000015247.4414   24.2886
    0.0000    7.5000    0.000016093.7891   24.2462
    7.5000    7.5000    0.000015499.7881   24.2356
   -7.5000   15.0000    0.000014915.6221   24.2585
    0.0000   15.0000    0.000015679.4795   24.2381
    7.5000   15.0000    0.000015092.5049   24.2353
   -7.5000   22.5000    0.000014582.5820   24.2466
    0.0000   22.5000    0.000015303.0312   24.2370
    7.5000   22.5000    0.000014745.5371   24.2354
   -7.5000   30.0000    0.000014041.6484   23.9682
    0.0000   30.0000    0.000014762.6699   23.9520
    7.5000   30.0000    0.000014233.4277   23.9447
   -7.5000   37.5000    0.000013840.5059   23.9990
    0.0000   37.5000    0.000014564.1924   23.9605
    7.5000   37.5000    0.000014065.6211   23.9433
   -7.5000   45.0000    0.000012902.9609   23.4408
    0.0000   45.0000    0.000013583.1348   23.3885
    7.5000   45.0000    0.000013121.7529   23.3699
   -7.5000  -45.0000    7.5000 8346.3418   25.3832
    0.0000  -45.0000    7.5000 8865.5391   25.3231
    7.5000  -45.0000    7.5000 8647.5557   25.2997
   -7.5000  -37.5000    7.5000 9161.5156   24.7821
    0.0000  -37.5000    7.5000 9717.8760   24.7336
    7.5000  -37.5000    7.5000 9448.9258   24.7250
   -7.5000  -30.0000    7.500010309.7656   24.3638
    0.0000  -30.0000    7.500010948.1387   24.3367
    7.5000  -30.0000    7.500010628.8418   24.3400
   -7.5000  -22.5000    7.500011500.9717   24.2579
    0.0000  -22.5000    7.500012211.6162   24.2403
    7.5000  -22.5000    7.500011849.4111   24.2443
   -7.5000  -15.0000    7.500012720.1943   24.2793
    0.0000  -15.0000    7.500013506.0918   24.2553
    7.5000  -15.0000    7.500013069.2793   24.2494
   -7.5000   -7.5000    7.500014047.3369   24.3152
    0.0000   -7.5000    7.500014896.9229   24.2709
    7.5000   -7.5000    7.500014409.2236   24.2509
   -7.5000    0.0000    7.500015349.5225   24.3257
    0.0000    0.0000    7.500016276.3848   24.2684
    7.5000    0.0000    7.500015658.5996   24.2467
   -7.5000    7.5000    7.500015430.1494   24.2957
    0.0000    7.5000    7.500016230.4561   24.2493
    7.5000    7.5000    7.500015460.9580   24.2407
   -7.5000   15.0000    7.500015128.1309   24.2618
    0.0000   15.0000    7.500015706.6230   24.2348
    7.5000   15.0000    7.500014993.7285   24.2379
   -7.5000   22.5000    7.500014696.3623   24.2447
    0.0000   22.5000    7.500015251.3848   24.2272
    7.5000   22.5000    7.500014582.6035   24.2312
   -7.5000   30.0000    7.500014156.8076   23.9651
    0.0000   30.0000    7.500014754.7686   23.9414
    7.5000   30.0000    7.500014093.6934   23.9355
   -7.5000   37.5000    7.500013939.1074   24.0005
    0.0000   37.5000    7.500014600.7998   23.9567
    7.5000   37.5000    7.500013941.2412   23.9370
   -7.5000   45.0000    7.500012974.8633   23.4472
    0.0000   45.0000    7.500013652.3232   23.3919
    7.5000   45.0000    7.500013018.8740   23.3710
   -7.5000  -45.0000   15.0000 7988.0103   25.4204
    0.0000  -45.0000   15.0000 8507.4834   25.3632
    7.5000  -45.0000   15.0000 8236.8447   25.3538
   -7.5000  -37.5000   15.0000 8796.1641   24.8242
    0.0000  -37.5000   15.0000 9333.4824   24.7789
    7.5000  -37.5000   15.0000 9020.7988   24.7882
   -7.5000  -30.0000   15.0000 9921.8408   24.4202
    0.0000  -30.0000   15.000010514.7549   24.3952
    7.5000  -30.0000   15.000010192.2812   24.4167
   -7.5000  -22.5000   15.000011110.8828   24.3236
    0.0000  -22.5000   15.000011738.6221   24.3062
    7.5000  -22.5000   15.000011360.8408   24.3231
   -7.5000  -15.0000   15.000012312.3682   24.3404
    0.0000  -15.0000   15.000013020.9307   24.3152
    7.5000  -15.0000   15.000012566.9395   24.3163
   -7.5000   -7.5000   15.000013671.5449   24.3596
    0.0000   -7.5000   15.000014506.8506   24.3154
    7.5000   -7.5000   15.000013934.6191   24.3028
   -7.5000    0.0000   15.000015355.8457   24.3592
    0.0000    0.0000   15.000016371.7578   24.3046
    7.5000    0.0000   15.000015365.4307   24.2953
   -7.5000    7.5000   15.000015853.0811   24.3364
    0.0000    7.5000   15.000016676.7812   24.2930
    7.5000    7.5000   15.000015423.2422   24.3016
   -7.5000   15.0000   15.000015572.3203   24.3179
    0.0000   15.0000   15.000016105.3486   24.2928
    7.5000   15.0000   15.000015000.4785   24.3141
   -7.5000   22.5000   15.000014957.2510   24.3104
    0.0000   22.5000   15.000015434.4775   24.2931
    7.5000   22.5000   15.000014489.2617   24.3099
   -7.5000   30.0000   15.000014224.2988   24.0254
    0.0000   30.0000   15.000014759.6816   24.0005
    7.5000   30.0000   15.000013828.7344   24.0016
   -7.5000   37.5000   15.000013825.8711   24.0444
    0.0000   37.5000   15.000014478.1221   24.0007
    7.5000   37.5000   15.000013580.1357   23.9883
   -7.5000   45.0000   15.000012735.6797   23.4795
    0.0000   45.0000   15.000013431.0098   23.4268
    7.5000   45.0000   15.000012619.8291   23.4179
   -7.5000  -45.0000   22.5000 7655.8281   25.4475
    0.0000  -45.0000   22.5000 8127.1426   25.3969
    7.5000  -45.0000   22.5000 7810.7783   25.4061
   -7.5000  -37.5000   22.5000 8427.7930   24.8580
    0.0000  -37.5000   22.5000 8911.4736   24.8209
    7.5000  -37.5000   22.5000 8552.6807   24.8470
   -7.5000  -30.0000   22.5000 9533.4111   24.4757
    0.0000  -30.0000   22.500010045.8818   24.4599
    7.5000  -30.0000   22.5000 9644.0723   24.4941
   -7.5000  -22.5000   22.500010705.2725   24.3950
    0.0000  -22.5000   22.500011292.5020   24.3861
    7.5000  -22.5000   22.500010770.7666   24.4108
   -7.5000  -15.0000   22.500011962.0479   24.4061
    0.0000  -15.0000   22.500012626.7217   24.3873
    7.5000  -15.0000   22.500011947.4463   24.3951
   -7.5000   -7.5000   22.500013363.8379   24.3994
    0.0000   -7.5000   22.500014142.8135   24.3604
    7.5000   -7.5000   22.500013236.5898   24.3603
   -7.5000    0.0000   22.500014851.1152   24.3807
    0.0000    0.0000   22.500015875.8682   24.3325
    7.5000    0.0000   22.500014542.5332   24.3402
   -7.5000    7.5000   22.500015051.0352   24.3672
    0.0000    7.5000   22.500016124.5342   24.3319
    7.5000    7.5000   22.500014628.8623   24.3568
   -7.5000   15.0000   22.500014752.0977   24.3728
    0.0000   15.0000   22.500015700.4844   24.3569
    7.5000   15.0000   22.500014394.0371   24.3907
   -7.5000   22.5000   22.500014260.2471   24.3818
    0.0000   22.5000   22.500015076.8066   24.3730
    7.5000   22.5000   22.500013968.4766   24.3976
   -7.5000   30.0000   22.500013532.1885   24.0903
    0.0000   30.0000   22.500014277.7129   24.0716
    7.5000   30.0000   22.500013250.9609   24.0794
   -7.5000   37.5000   22.500013071.9824   24.0836
    0.0000   37.5000   22.500013814.0859   24.0452
    7.5000   37.5000   22.500012915.9316   24.0450
   -7.5000   45.0000   22.500012042.7959   23.5002
    0.0000   45.0000   22.500012704.8672   23.4537
    7.5000   45.0000   22.500011966.1064   23.4611
   -7.5000  -45.0000   30.0000 7065.7729   25.4630
    0.0000  -45.0000   30.0000 7499.4180   25.4186
    7.5000  -45.0000   30.0000 7171.6250   25.4333
   -7.5000  -37.5000   30.0000 7850.7520   24.8754
    0.0000  -37.5000   30.0000 8288.7129   24.8453
    7.5000  -37.5000   30.0000 7889.0640   24.8725
   -7.5000  -30.0000   30.0000 8955.3838   24.4998
    0.0000  -30.0000   30.0000 9427.8896   24.4917
    7.5000  -30.0000   30.0000 8961.7900   24.5231
   -7.5000  -22.5000   30.000010099.4492   24.4251
    0.0000  -22.5000   30.000010623.2139   24.4235
    7.5000  -22.5000   30.000010076.1895   24.4449
   -7.5000  -15.0000   30.000011226.7178   24.4342
    0.0000  -15.0000   30.000011808.2900   24.4220
    7.5000  -15.0000   30.000011186.8594   24.4303
   -7.5000   -7.5000   30.000012401.8887   24.4178
    0.0000   -7.5000   30.000013080.7734   24.3849
    7.5000   -7.5000   30.000012327.0254   24.3898
   -7.5000    0.0000   30.000013540.5889   24.3923
    0.0000    0.0000   30.000014354.4023   24.3500
    7.5000    0.0000   30.000013432.5723   24.3633
   -7.5000    7.5000   30.000013507.9658   24.3820
    0.0000    7.5000   30.000014290.4482   24.3536
    7.5000    7.5000   30.000013406.6689   24.3800
   -7.5000   15.0000   30.000013259.2617   24.3964
    0.0000   15.0000   30.000013991.6465   24.3882
    7.5000   15.0000   30.000013199.1104   24.4192
   -7.5000   22.5000   30.000012960.5518   24.4119
    0.0000   22.5000   30.000013674.1289   24.4103
    7.5000   22.5000   30.000012907.6279   24.4317
   -7.5000   30.0000   30.000012445.9307   24.1180
    0.0000   30.0000   30.000013120.6006   24.1059
    7.5000   30.0000   30.000012373.0303   24.1141
   -7.5000   37.5000   30.000012136.8701   24.1018
    0.0000   37.5000   30.000012815.7344   24.0694
    7.5000   37.5000   30.000012096.0537   24.0742
   -7.5000   45.0000   30.000011246.3047   23.5114
    0.0000   45.0000   30.000011872.2139   23.4706
    7.5000   45.0000   30.000011240.9414   23.4834
   -7.5000  -45.0000   37.5000 6664.6836   25.5396
    0.0000  -45.0000   37.5000 7073.9351   25.4906
    7.5000  -45.0000   37.5000 6824.5737   25.4887
   -7.5000  -37.5000   37.5000 7410.4502   24.9412
    0.0000  -37.5000   37.5000 7823.5986   24.9059
    7.5000  -37.5000   37.5000 7547.2173   24.9138
   -7.5000  -30.0000   37.5000 8442.0908   24.5435
    0.0000  -30.0000   37.5000 8881.2012   24.5319
    7.5000  -30.0000   37.5000 8542.5859   24.5445
   -7.5000  -22.5000   37.5000 9470.6846   24.4568
    0.0000  -22.5000   37.5000 9981.4609   24.4540
    7.5000  -22.5000   37.5000 9596.9141   24.4618
   -7.5000  -15.0000   37.500010489.0957   24.4726
    0.0000  -15.0000   37.500011066.3750   24.4611
    7.5000  -15.0000   37.500010637.6445   24.4606
   -7.5000   -7.5000   37.500011576.0439   24.4777
    0.0000   -7.5000   37.500012213.7119   24.4441
    7.5000   -7.5000   37.500011689.0312   24.4388
   -7.5000    0.0000   37.500012581.8584   24.4656
    0.0000    0.0000   37.500013270.5820   24.4191
    7.5000    0.0000   37.500012678.0469   24.4176
   -7.5000    7.5000   37.500012518.4189   24.4457
    0.0000    7.5000   37.500013163.0693   24.4124
    7.5000    7.5000   37.500012615.4551   24.4202
   -7.5000   15.0000   37.500012301.0273   24.4398
    0.0000   15.0000   37.500012959.9053   24.4280
    7.5000   15.0000   37.500012427.8740   24.4404
   -7.5000   22.5000   37.500012085.1953   24.4435
    0.0000   22.5000   37.500012723.2393   24.4407
    7.5000   22.5000   37.500012202.2793   24.4485
   -7.5000   30.0000   37.500011693.5117   24.1559
    0.0000   30.0000   37.500012302.8086   24.1445
    7.5000   30.0000   37.500011747.8486   24.1440
   -7.5000   37.5000   37.500011530.1348   24.1609
    0.0000   37.5000   37.500012117.7734   24.1277
    7.5000   37.5000   37.500011549.0957   24.1225
   -7.5000   45.0000   37.500010758.7441   23.5820
    0.0000   45.0000   37.500011303.9316   23.5372
    7.5000   45.0000   37.500010794.9902   23.5358
   -7.5000  -45.0000   45.0000 6162.1562   26.2453
    0.0000  -45.0000   45.0000 6558.2280   26.1857
    7.5000  -45.0000   45.0000 6344.2739   26.1634
   -7.5000  -37.5000   45.0000 6832.3652   25.6019
    0.0000  -37.5000   45.0000 7232.5913   25.5560
    7.5000  -37.5000   45.0000 7016.9160   25.5453
   -7.5000  -30.0000   45.0000 7737.3174   25.1543
    0.0000  -30.0000   45.0000 8189.5205   25.1342
    7.5000  -30.0000   45.0000 7950.4546   25.1328
   -7.5000  -22.5000   45.0000 8682.8809   25.0434
    0.0000  -22.5000   45.0000 9201.4189   25.0347
    7.5000  -22.5000   45.0000 8925.0928   25.0344
   -7.5000  -15.0000   45.0000 9651.8789   25.0671
    0.0000  -15.0000   45.000010223.8184   25.0510
    7.5000  -15.0000   45.0000 9895.1396   25.0440
   -7.5000   -7.5000   45.000010639.8643   25.1034
    0.0000   -7.5000   45.000011257.2061   25.0629
    7.5000   -7.5000   45.000010873.3467   25.0448
   -7.5000    0.0000   45.000011546.0342   25.1123
    0.0000    0.0000   45.000012163.8096   25.0558
    7.5000    0.0000   45.000011733.3975   25.0357
   -7.5000    7.5000   45.000011493.8252   25.0799
    0.0000    7.5000   45.000012065.1357   25.0364
    7.5000    7.5000   45.000011665.3467   25.0260
   -7.5000   15.0000   45.000011312.2100   25.0452
    0.0000   15.0000   45.000011875.2529   25.0251
    7.5000   15.0000   45.000011490.7246   25.0235
   -7.5000   22.5000   45.000011111.6016   25.0296
    0.0000   22.5000   45.000011673.6113   25.0209
    7.5000   22.5000   45.000011256.4961   25.0207
   -7.5000   30.0000   45.000010799.4521   24.7406
    0.0000   30.0000   45.000011330.6777   24.7246
    7.5000   30.0000   45.000010885.3594   24.7177
   -7.5000   37.5000   45.000010697.8135   24.7764
    0.0000   37.5000   45.000011222.0547   24.7364
    7.5000   37.5000   45.000010759.4072   24.7185
   -7.5000   45.0000   45.000010002.3105   24.2163
    0.0000   45.0000   45.000010503.7266   24.1618
    7.5000   45.0000   45.000010064.3125   24.1425

---------------------------------------------------------------------
imgreg_4dfp /opt/freesurfer/average/711-2C_as_mni_average_305 /opt/freesurfer/average/711-2B_as_mni_average_305_mask talsrcimg_g11 none talsrcimg_to_711-2C_as_mni_average_305_t4 4355
---------------------------------------------------------------------

freesurfer imgreg_4dfp.c
/opt/freesurfer/average/711-2C_as_mni_average_305.4dfp.img
       256       256       256         1
  1.000000  1.000000  1.000000
orientation T byte_order littleendian
Reading image: /opt/freesurfer/average/711-2C_as_mni_average_305.4dfp.img
dimensions:      256       256       256
mmppix:       1.0000   -1.0000   -1.0000
center:     128.0000 -129.0000 -129.0000
/opt/freesurfer/average/711-2B_as_mni_average_305_mask.4dfp.img
       256       256       256         1
  1.000000  1.000000  1.000000
orientation T byte_order littleendian
Reading mask: /opt/freesurfer/average/711-2B_as_mni_average_305_mask.4dfp.img (2306576 pixels)
talsrcimg_g11.4dfp.img
       256       256       256         1
  1.000000  1.000000  1.000000
orientation T byte_order littleendian
Reading image: talsrcimg_g11.4dfp.img
dimensions:      256       256       256
mmppix:       1.0000   -1.0000   -1.0000
center:     128.0000 -129.0000 -129.0000
rotation matrix determinant  1.000000
image alignment mode   4355 decimal     1103 hex
   -7.5000  -37.5000  -30.0000 1911.6904   30.8046
    0.0000  -37.5000  -30.0000 1938.6631   29.9531
    7.5000  -37.5000  -30.0000 1958.4453   29.4844
   -7.5000  -30.0000  -30.0000 2033.5841   27.7201
    0.0000  -30.0000  -30.0000 2065.9822   26.9687
    7.5000  -30.0000  -30.0000 2075.3801   26.5144
   -7.5000  -22.5000  -30.0000 2143.7305   25.2243
    0.0000  -22.5000  -30.0000 2182.1467   24.5506
    7.5000  -22.5000  -30.0000 2185.3591   24.1641
   -7.5000  -15.0000  -30.0000 2233.7314   23.2813
    0.0000  -15.0000  -30.0000 2271.0808   22.6283
    7.5000  -15.0000  -30.0000 2276.1443   22.3213
   -7.5000   -7.5000  -30.0000 2310.8042   21.9260
    0.0000   -7.5000  -30.0000 2341.3572   21.3048
    7.5000   -7.5000  -30.0000 2342.4749   21.0314
   -7.5000    0.0000  -30.0000 2359.4358   20.9074
    0.0000    0.0000  -30.0000 2383.9368   20.3724
    7.5000    0.0000  -30.0000 2387.7849   20.1633
   -7.5000    7.5000  -30.0000 2380.7024   20.3224
    0.0000    7.5000  -30.0000 2410.0276   19.8407
    7.5000    7.5000  -30.0000 2412.4185   19.6101
   -7.5000   15.0000  -30.0000 2392.3188   20.1739
    0.0000   15.0000  -30.0000 2418.2258   19.6451
    7.5000   15.0000  -30.0000 2422.4792   19.4117
   -7.5000   22.5000  -30.0000 2387.1580   20.3324
    0.0000   22.5000  -30.0000 2422.4832   19.8649
    7.5000   22.5000  -30.0000 2422.7830   19.6868
   -7.5000   30.0000  -30.0000 2366.5940   20.9665
    0.0000   30.0000  -30.0000 2407.9919   20.5492
    7.5000   30.0000  -30.0000 2400.7505   20.3568
   -7.5000   37.5000  -30.0000 2333.4780   22.0395
    0.0000   37.5000  -30.0000 2372.5852   21.6293
    7.5000   37.5000  -30.0000 2367.5679   21.4112
   -7.5000   45.0000  -30.0000 2273.0757   23.5658
    0.0000   45.0000  -30.0000 2306.5435   23.0795
    7.5000   45.0000  -30.0000 2309.2700   22.8566
   -7.5000   52.5000  -30.0000 2175.7410   25.3565
    0.0000   52.5000  -30.0000 2198.6863   24.8363
    7.5000   52.5000  -30.0000 2199.6313   24.6892
   -7.5000  -37.5000  -22.5000 2002.3788   30.0981
    0.0000  -37.5000  -22.5000 2032.3140   29.2081
    7.5000  -37.5000  -22.5000 2039.3815   28.7173
   -7.5000  -30.0000  -22.5000 2132.2434   26.9866
    0.0000  -30.0000  -22.5000 2165.5259   26.2255
    7.5000  -30.0000  -22.5000 2169.0330   25.7798
   -7.5000  -22.5000  -22.5000 2247.3745   24.5050
    0.0000  -22.5000  -22.5000 2284.5889   23.8383
    7.5000  -22.5000  -22.5000 2289.3638   23.4326
   -7.5000  -15.0000  -22.5000 2344.0898   22.5284
    0.0000  -15.0000  -22.5000 2376.8303   21.8544
    7.5000  -15.0000  -22.5000 2380.5020   21.5477
   -7.5000   -7.5000  -22.5000 2428.1287   21.0892
    0.0000   -7.5000  -22.5000 2456.0002   20.4686
    7.5000   -7.5000  -22.5000 2457.2905   20.2003
   -7.5000    0.0000  -22.5000 2483.4702   20.0511
    0.0000    0.0000  -22.5000 2507.1421   19.4857
    7.5000    0.0000  -22.5000 2508.6628   19.3238
   -7.5000    7.5000  -22.5000 2514.7864   19.4596
    0.0000    7.5000  -22.5000 2536.5657   18.9394
    7.5000    7.5000  -22.5000 2537.1292   18.7573
   -7.5000   15.0000  -22.5000 2527.5129   19.2298
    0.0000   15.0000  -22.5000 2545.8157   18.7362
    7.5000   15.0000  -22.5000 2550.1338   18.5844
   -7.5000   22.5000  -22.5000 2522.0225   19.3553
    0.0000   22.5000  -22.5000 2552.6194   18.9299
    7.5000   22.5000  -22.5000 2557.4116   18.8134
   -7.5000   30.0000  -22.5000 2499.3628   19.9319
    0.0000   30.0000  -22.5000 2539.1375   19.5329
    7.5000   30.0000  -22.5000 2536.1528   19.4462
   -7.5000   37.5000  -22.5000 2460.9380   20.9465
    0.0000   37.5000  -22.5000 2500.1113   20.5287
    7.5000   37.5000  -22.5000 2496.0933   20.4074
   -7.5000   45.0000  -22.5000 2396.4797   22.3845
    0.0000   45.0000  -22.5000 2435.6309   21.9310
    7.5000   45.0000  -22.5000 2435.6660   21.7946
   -7.5000   52.5000  -22.5000 2299.0374   24.0849
    0.0000   52.5000  -22.5000 2330.7844   23.6503
    7.5000   52.5000  -22.5000 2327.5205   23.5928
   -7.5000  -37.5000  -15.0000 2062.1389   29.3933
    0.0000  -37.5000  -15.0000 2095.4509   28.3968
    7.5000  -37.5000  -15.0000 2102.9861   27.9244
   -7.5000  -30.0000  -15.0000 2197.1279   26.2639
    0.0000  -30.0000  -15.0000 2232.7139   25.4190
    7.5000  -30.0000  -15.0000 2239.9685   25.0059
   -7.5000  -22.5000  -15.0000 2309.6372   23.6935
    0.0000  -22.5000  -15.0000 2348.0754   22.9311
    7.5000  -22.5000  -15.0000 2353.5205   22.6121
   -7.5000  -15.0000  -15.0000 2407.8870   21.7086
    0.0000  -15.0000  -15.0000 2441.9866   21.0392
    7.5000  -15.0000  -15.0000 2446.7332   20.7226
   -7.5000   -7.5000  -15.0000 2497.2197   20.2948
    0.0000   -7.5000  -15.0000 2527.2119   19.6494
    7.5000   -7.5000  -15.0000 2533.8018   19.4193
   -7.5000    0.0000  -15.0000 2549.2004   19.2150
    0.0000    0.0000  -15.0000 2579.4006   18.5949
    7.5000    0.0000  -15.0000 2587.1384   18.4484
   -7.5000    7.5000  -15.0000 2590.0298   18.4990
    0.0000    7.5000  -15.0000 2617.2932   17.9446
    7.5000    7.5000  -15.0000 2623.8604   17.8307
   -7.5000   15.0000  -15.0000 2613.6877   18.1871
    0.0000   15.0000  -15.0000 2636.0479   17.6844
    7.5000   15.0000  -15.0000 2642.3718   17.6209
   -7.5000   22.5000  -15.0000 2614.0786   18.3067
    0.0000   22.5000  -15.0000 2649.7776   17.9025
    7.5000   22.5000  -15.0000 2652.7683   17.8494
   -7.5000   30.0000  -15.0000 2601.0696   18.9156
    0.0000   30.0000  -15.0000 2636.1592   18.5148
    7.5000   30.0000  -15.0000 2637.0825   18.4685
   -7.5000   37.5000  -15.0000 2564.1333   19.8875
    0.0000   37.5000  -15.0000 2601.4727   19.4534
    7.5000   37.5000  -15.0000 2602.9282   19.4086
   -7.5000   45.0000  -15.0000 2493.1755   21.2297
    0.0000   45.0000  -15.0000 2532.1230   20.7614
    7.5000   45.0000  -15.0000 2528.2078   20.7030
   -7.5000   52.5000  -15.0000 2391.3765   22.8857
    0.0000   52.5000  -15.0000 2420.2126   22.4385
    7.5000   52.5000  -15.0000 2414.1018   22.3625
   -7.5000  -37.5000   -7.5000 2091.0796   28.5896
    0.0000  -37.5000   -7.5000 2132.5654   27.5676
    7.5000  -37.5000   -7.5000 2143.3271   27.0891
   -7.5000  -30.0000   -7.5000 2229.7109   25.4011
    0.0000  -30.0000   -7.5000 2271.1968   24.5272
    7.5000  -30.0000   -7.5000 2275.6470   24.1011
   -7.5000  -22.5000   -7.5000 2344.4133   22.8675
    0.0000  -22.5000   -7.5000 2386.1670   22.0585
    7.5000  -22.5000   -7.5000 2391.0559   21.7376
   -7.5000  -15.0000   -7.5000 2444.5398   20.9271
    0.0000  -15.0000   -7.5000 2486.4087   20.1734
    7.5000  -15.0000   -7.5000 2490.4438   19.9187
   -7.5000   -7.5000   -7.5000 2532.1787   19.4548
    0.0000   -7.5000   -7.5000 2572.9368   18.7659
    7.5000   -7.5000   -7.5000 2576.9922   18.5531
   -7.5000    0.0000   -7.5000 2594.5420   18.3948
    0.0000    0.0000   -7.5000 2631.8237   17.7446
    7.5000    0.0000   -7.5000 2643.4702   17.5803
   -7.5000    7.5000   -7.5000 2639.6665   17.6070
    0.0000    7.5000   -7.5000 2675.3914   16.9836
    7.5000    7.5000   -7.5000 2682.3862   16.8947
   -7.5000   15.0000   -7.5000 2672.0020   17.2154
    0.0000   15.0000   -7.5000 2705.0652   16.6558
    7.5000   15.0000   -7.5000 2711.1980   16.6165
   -7.5000   22.5000   -7.5000 2688.1101   17.3314
    0.0000   22.5000   -7.5000 2721.4197   16.8897
    7.5000   22.5000   -7.5000 2725.1729   16.8709
   -7.5000   30.0000   -7.5000 2678.9622   17.9717
    0.0000   30.0000   -7.5000 2714.6777   17.5086
    7.5000   30.0000   -7.5000 2713.0686   17.4859
   -7.5000   37.5000   -7.5000 2645.5452   18.9512
    0.0000   37.5000   -7.5000 2676.7356   18.4441
    7.5000   37.5000   -7.5000 2675.8650   18.4271
   -7.5000   45.0000   -7.5000 2576.2720   20.2536
    0.0000   45.0000   -7.5000 2604.5408   19.7576
    7.5000   45.0000   -7.5000 2604.9023   19.7300
   -7.5000   52.5000   -7.5000 2458.4934   21.8238
    0.0000   52.5000   -7.5000 2484.3965   21.3397
    7.5000   52.5000   -7.5000 2479.9507   21.3080
   -7.5000  -37.5000    0.0000 2085.4395   28.2039
    0.0000  -37.5000    0.0000 2127.6108   27.0184
    7.5000  -37.5000    0.0000 2144.4978   26.5881
   -7.5000  -30.0000    0.0000 2223.8752   24.8898
    0.0000  -30.0000    0.0000 2268.6897   23.9068
    7.5000  -30.0000    0.0000 2276.2195   23.5395
   -7.5000  -22.5000    0.0000 2341.6755   22.3555
    0.0000  -22.5000    0.0000 2389.1782   21.4413
    7.5000  -22.5000    0.0000 2391.9644   21.1551
   -7.5000  -15.0000    0.0000 2449.6641   20.4436
    0.0000  -15.0000    0.0000 2495.1626   19.6006
    7.5000  -15.0000    0.0000 2497.1423   19.3334
   -7.5000   -7.5000    0.0000 2548.3784   18.9808
    0.0000   -7.5000    0.0000 2590.7883   18.1710
    7.5000   -7.5000    0.0000 2594.7957   17.9912
   -7.5000    0.0000    0.0000 2617.8508   17.8620
    0.0000    0.0000    0.0000 2655.8098   17.0971
    7.5000    0.0000    0.0000 2667.0552   16.9682
   -7.5000    7.5000    0.0000 2670.2405   17.0611
    0.0000    7.5000    0.0000 2702.1313   16.3005
    7.5000    7.5000    0.0000 2710.1375   16.2464
   -7.5000   15.0000    0.0000 2710.4934   16.5896
    0.0000   15.0000    0.0000 2737.5884   15.9130
    7.5000   15.0000    0.0000 2741.5789   15.9121
   -7.5000   22.5000    0.0000 2742.2080   16.7105
    0.0000   22.5000    0.0000 2761.6057   16.1339
    7.5000   22.5000    0.0000 2766.1301   16.1393
   -7.5000   30.0000    0.0000 2732.9031   17.3550
    0.0000   30.0000    0.0000 2757.2473   16.7745
    7.5000   30.0000    0.0000 2760.5657   16.7924
   -7.5000   37.5000    0.0000 2699.4819   18.3259
    0.0000   37.5000    0.0000 2724.3960   17.7283
    7.5000   37.5000    0.0000 2728.0525   17.7535
   -7.5000   45.0000    0.0000 2626.7471   19.6068
    0.0000   45.0000    0.0000 2647.4839   18.9948
    7.5000   45.0000    0.0000 2649.7339   19.0686
   -7.5000   52.5000    0.0000 2496.0110   21.1526
    0.0000   52.5000    0.0000 2524.0974   20.5580
    7.5000   52.5000    0.0000 2513.1299   20.6500
   -7.5000  -37.5000    7.5000 2101.8838   28.5887
    0.0000  -37.5000    7.5000 2130.3630   27.1302
    7.5000  -37.5000    7.5000 2148.4241   26.7017
   -7.5000  -30.0000    7.5000 2235.6851   25.0978
    0.0000  -30.0000    7.5000 2263.7126   23.8731
    7.5000  -30.0000    7.5000 2277.4255   23.5439
   -7.5000  -22.5000    7.5000 2348.3916   22.4164
    0.0000  -22.5000    7.5000 2377.7722   21.3455
    7.5000  -22.5000    7.5000 2391.1292   21.0376
   -7.5000  -15.0000    7.5000 2455.6523   20.4166
    0.0000  -15.0000    7.5000 2483.5891   19.4079
    7.5000  -15.0000    7.5000 2496.4534   19.1577
   -7.5000   -7.5000    7.5000 2561.4963   18.9393
    0.0000   -7.5000    7.5000 2584.1255   18.0188
    7.5000   -7.5000    7.5000 2599.6680   17.8145
   -7.5000    0.0000    7.5000 2646.2427   17.8919
    0.0000    0.0000    7.5000 2660.7656   17.0124
    7.5000    0.0000    7.5000 2681.5015   16.7872
   -7.5000    7.5000    7.5000 2716.3613   17.1445
    0.0000    7.5000    7.5000 2721.5061   16.2194
    7.5000    7.5000    7.5000 2737.7925   16.1055
   -7.5000   15.0000    7.5000 2770.2061   16.6068
    0.0000   15.0000    7.5000 2764.8821   15.7513
    7.5000   15.0000    7.5000 2774.9058   15.7226
   -7.5000   22.5000    7.5000 2809.8296   16.6204
    0.0000   22.5000    7.5000 2801.2073   15.8529
    7.5000   22.5000    7.5000 2805.1086   15.8546
   -7.5000   30.0000    7.5000 2806.5254   17.1886
    0.0000   30.0000    7.5000 2803.3062   16.4935
    7.5000   30.0000    7.5000 2810.4204   16.4897
   -7.5000   37.5000    7.5000 2765.1370   18.0997
    0.0000   37.5000    7.5000 2773.7256   17.4193
    7.5000   37.5000    7.5000 2779.4001   17.4659
   -7.5000   45.0000    7.5000 2686.1953   19.4000
    0.0000   45.0000    7.5000 2694.7478   18.7460
    7.5000   45.0000    7.5000 2698.9021   18.7772
   -7.5000   52.5000    7.5000 2557.0813   20.9645
    0.0000   52.5000    7.5000 2565.5881   20.2895
    7.5000   52.5000    7.5000 2561.1460   20.3165
   -7.5000  -37.5000   15.0000 2083.6746   29.1321
    0.0000  -37.5000   15.0000 2105.3037   27.7080
    7.5000  -37.5000   15.0000 2118.6118   27.0728
   -7.5000  -30.0000   15.0000 2225.7551   25.6080
    0.0000  -30.0000   15.0000 2241.4727   24.3713
    7.5000  -30.0000   15.0000 2257.8518   23.8995
   -7.5000  -22.5000   15.0000 2348.7935   22.9006
    0.0000  -22.5000   15.0000 2358.7212   21.7225
    7.5000  -22.5000   15.0000 2377.7666   21.3346
   -7.5000  -15.0000   15.0000 2466.4019   20.8296
    0.0000  -15.0000   15.0000 2473.1975   19.7681
    7.5000  -15.0000   15.0000 2496.4382   19.3873
   -7.5000   -7.5000   15.0000 2590.9985   19.3806
    0.0000   -7.5000   15.0000 2589.7163   18.4414
    7.5000   -7.5000   15.0000 2614.7498   18.0010
   -7.5000    0.0000   15.0000 2706.5896   18.4665
    0.0000    0.0000   15.0000 2694.0181   17.6230
    7.5000    0.0000   15.0000 2711.4255   17.0910
   -7.5000    7.5000   15.0000 2819.4333   17.9494
    0.0000    7.5000   15.0000 2807.3320   17.1197
    7.5000    7.5000   15.0000 2787.6567   16.4863
   -7.5000   15.0000   15.0000 2890.7039   17.4113
    0.0000   15.0000   15.0000 2861.7751   16.4758
    7.5000   15.0000   15.0000 2831.6902   16.1402
   -7.5000   22.5000   15.0000 2890.4460   16.9802
    0.0000   22.5000   15.0000 2870.6917   16.1972
    7.5000   22.5000   15.0000 2848.2356   16.0942
   -7.5000   30.0000   15.0000 2859.3342   17.2769
    0.0000   30.0000   15.0000 2856.2678   16.6481
    7.5000   30.0000   15.0000 2832.2068   16.5601
   -7.5000   37.5000   15.0000 2801.8381   18.0558
    0.0000   37.5000   15.0000 2812.3271   17.5110
    7.5000   37.5000   15.0000 2797.3254   17.3969
   -7.5000   45.0000   15.0000 2712.6089   19.2763
    0.0000   45.0000   15.0000 2730.8091   18.7401
    7.5000   45.0000   15.0000 2713.4536   18.6454
   -7.5000   52.5000   15.0000 2580.2695   20.8103
    0.0000   52.5000   15.0000 2600.2375   20.3084
    7.5000   52.5000   15.0000 2579.3857   20.2205
   -7.5000  -37.5000   22.5000 2093.8684   30.4214
    0.0000  -37.5000   22.5000 2098.9602   28.7470
    7.5000  -37.5000   22.5000 2115.3665   27.9398
   -7.5000  -30.0000   22.5000 2228.9592   26.5443
    0.0000  -30.0000   22.5000 2227.4143   25.1674
    7.5000  -30.0000   22.5000 2247.9844   24.5481
   -7.5000  -22.5000   22.5000 2359.1328   23.8235
    0.0000  -22.5000   22.5000 2352.3770   22.5883
    7.5000  -22.5000   22.5000 2363.1714   21.9296
   -7.5000  -15.0000   22.5000 2498.4978   21.7655
    0.0000  -15.0000   22.5000 2494.9763   20.7173
    7.5000  -15.0000   22.5000 2490.7468   20.0089
   -7.5000   -7.5000   22.5000 2642.7493   20.3428
    0.0000   -7.5000   22.5000 2644.2383   19.4349
    7.5000   -7.5000   22.5000 2618.4595   18.6634
   -7.5000    0.0000   22.5000 2766.0742   19.3425
    0.0000    0.0000   22.5000 2781.4749   18.6007
    7.5000    0.0000   22.5000 2733.4875   17.7675
   -7.5000    7.5000   22.5000 2869.8301   18.5978
    0.0000    7.5000   22.5000 2895.5806   17.9845
    7.5000    7.5000   22.5000 2820.2249   17.1287
   -7.5000   15.0000   22.5000 2921.3984   17.8054
    0.0000   15.0000   22.5000 2940.8970   17.3402
    7.5000   15.0000   22.5000 2861.3362   16.7880
   -7.5000   22.5000   22.5000 2930.8411   17.4979
    0.0000   22.5000   22.5000 2936.7739   17.1000
    7.5000   22.5000   22.5000 2876.9500   16.8242
   -7.5000   30.0000   22.5000 2876.7302   17.6935
    0.0000   30.0000   22.5000 2892.7864   17.3147
    7.5000   30.0000   22.5000 2847.5334   17.1127
   -7.5000   37.5000   22.5000 2794.7302   18.3329
    0.0000   37.5000   22.5000 2818.1775   17.8964
    7.5000   37.5000   22.5000 2794.1047   17.7671
   -7.5000   45.0000   22.5000 2703.5061   19.4673
    0.0000   45.0000   22.5000 2722.3335   18.9205
    7.5000   45.0000   22.5000 2704.5195   18.8610
   -7.5000   52.5000   22.5000 2574.4351   20.9520
    0.0000   52.5000   22.5000 2592.3667   20.4042
    7.5000   52.5000   22.5000 2575.3638   20.3518
   -7.5000  -37.5000   30.0000 2099.8140   32.3157
    0.0000  -37.5000   30.0000 2096.2634   30.4615
    7.5000  -37.5000   30.0000 2086.0437   29.2933
   -7.5000  -30.0000   30.0000 2254.3147   28.2812
    0.0000  -30.0000   30.0000 2248.0051   26.8208
    7.5000  -30.0000   30.0000 2234.3203   25.8489
   -7.5000  -22.5000   30.0000 2391.3669   25.2608
    0.0000  -22.5000   30.0000 2390.2122   24.0749
    7.5000  -22.5000   30.0000 2371.8706   23.2343
   -7.5000  -15.0000   30.0000 2521.6575   23.0101
    0.0000  -15.0000   30.0000 2523.1833   21.9352
    7.5000  -15.0000   30.0000 2505.9094   21.1758
   -7.5000   -7.5000   30.0000 2645.5391   21.2235
    0.0000   -7.5000   30.0000 2658.2761   20.3114
    7.5000   -7.5000   30.0000 2634.1619   19.6201
   -7.5000    0.0000   30.0000 2752.8313   19.9754
    0.0000    0.0000   30.0000 2774.5916   19.2166
    7.5000    0.0000   30.0000 2743.7356   18.4743
   -7.5000    7.5000   30.0000 2842.9182   18.9627
    0.0000    7.5000   30.0000 2863.7915   18.2799
    7.5000    7.5000   30.0000 2826.8579   17.7370
   -7.5000   15.0000   30.0000 2894.3479   18.2048
    0.0000   15.0000   30.0000 2912.4939   17.6315
    7.5000   15.0000   30.0000 2871.5320   17.3765
   -7.5000   22.5000   30.0000 2914.6682   18.0470
    0.0000   22.5000   30.0000 2925.8916   17.6682
    7.5000   22.5000   30.0000 2886.4912   17.4040
   -7.5000   30.0000   30.0000 2871.6458   18.4608
    0.0000   30.0000   30.0000 2887.3499   18.1145
    7.5000   30.0000   30.0000 2854.8438   17.8853
   -7.5000   37.5000   30.0000 2784.1665   19.1736
    0.0000   37.5000   30.0000 2809.2942   18.8412
    7.5000   37.5000   30.0000 2786.7930   18.6588
   -7.5000   45.0000   30.0000 2684.9695   20.1866
    0.0000   45.0000   30.0000 2700.4612   19.7636
    7.5000   45.0000   30.0000 2684.0156   19.6476
   -7.5000   52.5000   30.0000 2561.3088   21.5581
    0.0000   52.5000   30.0000 2573.2888   21.0858
    7.5000   52.5000   30.0000 2549.0569   20.9587
   -7.5000  -37.5000   37.5000 2083.8689   33.9508
    0.0000  -37.5000   37.5000 2087.3455   32.1408
    7.5000  -37.5000   37.5000 2087.4216   31.1752
   -7.5000  -30.0000   37.5000 2236.7297   29.5474
    0.0000  -30.0000   37.5000 2240.2751   28.1681
    7.5000  -30.0000   37.5000 2235.9324   27.3765
   -7.5000  -22.5000   37.5000 2365.0498   26.3088
    0.0000  -22.5000   37.5000 2381.0054   25.1513
    7.5000  -22.5000   37.5000 2366.2434   24.5129
   -7.5000  -15.0000   37.5000 2485.1802   23.8231
    0.0000  -15.0000   37.5000 2506.5789   22.8289
    7.5000  -15.0000   37.5000 2493.1731   22.3075
   -7.5000   -7.5000   37.5000 2613.3926   22.0033
    0.0000   -7.5000   37.5000 2636.0203   21.0899
    7.5000   -7.5000   37.5000 2620.1499   20.5750
   -7.5000    0.0000   37.5000 2722.6663   20.6121
    0.0000    0.0000   37.5000 2741.7480   19.7812
    7.5000    0.0000   37.5000 2728.8535   19.3128
   -7.5000    7.5000   37.5000 2806.7534   19.4881
    0.0000    7.5000   37.5000 2822.7354   18.7320
    7.5000    7.5000   37.5000 2803.9958   18.4769
   -7.5000   15.0000   37.5000 2857.1416   18.8271
    0.0000   15.0000   37.5000 2878.4446   18.2316
    7.5000   15.0000   37.5000 2850.1521   18.0822
   -7.5000   22.5000   37.5000 2873.7258   18.8278
    0.0000   22.5000   37.5000 2890.7546   18.3414
    7.5000   22.5000   37.5000 2862.5352   18.1812
   -7.5000   30.0000   37.5000 2837.7703   19.2699
    0.0000   30.0000   37.5000 2855.8882   18.8379
    7.5000   30.0000   37.5000 2826.1064   18.6915
   -7.5000   37.5000   37.5000 2753.2012   20.0990
    0.0000   37.5000   37.5000 2769.8826   19.6626
    7.5000   37.5000   37.5000 2754.4780   19.5438
   -7.5000   45.0000   37.5000 2654.2869   21.2465
    0.0000   45.0000   37.5000 2672.0432   20.7705
    7.5000   45.0000   37.5000 2657.3184   20.6919
   -7.5000   52.5000   37.5000 2529.0244   22.6046
    0.0000   52.5000   37.5000 2541.5991   22.1298
    7.5000   52.5000   37.5000 2522.7656   22.0043
   -7.5000  -37.5000   45.0000 2038.6206   35.1311
    0.0000  -37.5000   45.0000 2052.4011   33.5249
    7.5000  -37.5000   45.0000 2058.9492   32.8395
   -7.5000  -30.0000   45.0000 2183.8342   30.5958
    0.0000  -30.0000   45.0000 2205.8550   29.3109
    7.5000  -30.0000   45.0000 2209.0188   28.8506
   -7.5000  -22.5000   45.0000 2319.3457   27.2348
    0.0000  -22.5000   45.0000 2344.6797   26.1579
    7.5000  -22.5000   45.0000 2343.3357   25.8321
   -7.5000  -15.0000   45.0000 2447.2046   24.7096
    0.0000  -15.0000   45.0000 2473.9412   23.7423
    7.5000  -15.0000   45.0000 2468.5552   23.4853
   -7.5000   -7.5000   45.0000 2570.1895   22.8058
    0.0000   -7.5000   45.0000 2596.0952   21.8862
    7.5000   -7.5000   45.0000 2591.5869   21.6455
   -7.5000    0.0000   45.0000 2677.4062   21.3131
    0.0000    0.0000   45.0000 2695.8608   20.4527
    7.5000    0.0000   45.0000 2688.8850   20.2987
   -7.5000    7.5000   45.0000 2759.2458   20.2441
    0.0000    7.5000   45.0000 2772.4490   19.4926
    7.5000    7.5000   45.0000 2757.0510   19.4210
   -7.5000   15.0000   45.0000 2802.2466   19.7249
    0.0000   15.0000   45.0000 2815.6597   19.0563
    7.5000   15.0000   45.0000 2803.7410   19.0079
   -7.5000   22.5000   45.0000 2813.1396   19.7921
    0.0000   22.5000   45.0000 2827.0354   19.1986
    7.5000   22.5000   45.0000 2806.9417   19.1021
   -7.5000   30.0000   45.0000 2782.4219   20.2571
    0.0000   30.0000   45.0000 2792.9368   19.7722
    7.5000   30.0000   45.0000 2767.0691   19.6565
   -7.5000   37.5000   45.0000 2704.1521   21.1236
    0.0000   37.5000   45.0000 2714.2334   20.6457
    7.5000   37.5000   45.0000 2700.7861   20.6157
   -7.5000   45.0000   45.0000 2601.0950   22.2932
    0.0000   45.0000   45.0000 2618.5930   21.7775
    7.5000   45.0000   45.0000 2605.3601   21.7540
   -7.5000   52.5000   45.0000 2472.1443   23.7318
    0.0000   52.5000   45.0000 2488.7024   23.2250
    7.5000   52.5000   45.0000 2477.0708   23.1538
   -7.5000  -37.5000   52.5000 1995.3629   36.5450
    0.0000  -37.5000   52.5000 2019.2257   35.0195
    7.5000  -37.5000   52.5000 2025.9598   34.6177
   -7.5000  -30.0000   52.5000 2139.2302   31.8106
    0.0000  -30.0000   52.5000 2166.6409   30.5652
    7.5000  -30.0000   52.5000 2174.6396   30.3910
   -7.5000  -22.5000   52.5000 2282.7419   28.3430
    0.0000  -22.5000   52.5000 2308.2625   27.2966
    7.5000  -22.5000   52.5000 2307.2900   27.1633
   -7.5000  -15.0000   52.5000 2403.4019   25.6695
    0.0000  -15.0000   52.5000 2432.8999   24.7316
    7.5000  -15.0000   52.5000 2431.8420   24.6986
   -7.5000   -7.5000   52.5000 2517.4587   23.7150
    0.0000   -7.5000   52.5000 2548.6780   22.8260
    7.5000   -7.5000   52.5000 2542.0940   22.8005
   -7.5000    0.0000   52.5000 2618.9719   22.2999
    0.0000    0.0000   52.5000 2642.5935   21.4332
    7.5000    0.0000   52.5000 2629.9709   21.4240
   -7.5000    7.5000   52.5000 2697.6382   21.2841
    0.0000    7.5000   52.5000 2712.7302   20.5622
    7.5000    7.5000   52.5000 2696.7549   20.5629
   -7.5000   15.0000   52.5000 2735.1643   20.8472
    0.0000   15.0000   52.5000 2747.0151   20.1946
    7.5000   15.0000   52.5000 2732.4951   20.1739
   -7.5000   22.5000   52.5000 2735.7805   20.9144
    0.0000   22.5000   52.5000 2753.4077   20.3269
    7.5000   22.5000   52.5000 2732.1570   20.2800
   -7.5000   30.0000   52.5000 2708.1072   21.3736
    0.0000   30.0000   52.5000 2716.2734   20.8745
    7.5000   30.0000   52.5000 2692.1067   20.8536
   -7.5000   37.5000   52.5000 2634.1829   22.2585
    0.0000   37.5000   52.5000 2646.3533   21.7998
    7.5000   37.5000   52.5000 2629.0686   21.8314
   -7.5000   45.0000   52.5000 2539.1631   23.4454
    0.0000   45.0000   52.5000 2552.4580   22.9756
    7.5000   45.0000   52.5000 2537.6516   23.0263
   -7.5000   52.5000   52.5000 2405.9946   24.8943
    0.0000   52.5000   52.5000 2418.2932   24.3734
    7.5000   52.5000   52.5000 2404.6208   24.4183
   -7.5000  -37.5000   60.0000 1926.1628   37.9455
    0.0000  -37.5000   60.0000 1957.7014   36.6322
    7.5000  -37.5000   60.0000 1963.4319   36.4388
   -7.5000  -30.0000   60.0000 2076.2810   33.0526
    0.0000  -30.0000   60.0000 2111.5015   32.0276
    7.5000  -30.0000   60.0000 2113.0928   31.9899
   -7.5000  -22.5000   60.0000 2215.9590   29.5406
    0.0000  -22.5000   60.0000 2242.4976   28.5536
    7.5000  -22.5000   60.0000 2239.3433   28.6005
   -7.5000  -15.0000   60.0000 2331.1106   26.8496
    0.0000  -15.0000   60.0000 2360.9971   25.9510
    7.5000  -15.0000   60.0000 2357.0518   26.0147
   -7.5000   -7.5000   60.0000 2440.1396   24.8027
    0.0000   -7.5000   60.0000 2466.8926   23.9697
    7.5000   -7.5000   60.0000 2457.8206   24.0315
   -7.5000    0.0000   60.0000 2531.6531   23.3971
    0.0000    0.0000   60.0000 2554.6060   22.6331
    7.5000    0.0000   60.0000 2537.6946   22.6818
   -7.5000    7.5000   60.0000 2598.0698   22.4420
    0.0000    7.5000   60.0000 2616.6897   21.8269
    7.5000    7.5000   60.0000 2596.7571   21.8111
   -7.5000   15.0000   60.0000 2624.8496   22.0956
    0.0000   15.0000   60.0000 2640.4939   21.4955
    7.5000   15.0000   60.0000 2625.7427   21.5040
   -7.5000   22.5000   60.0000 2623.0178   22.1400
    0.0000   22.5000   60.0000 2637.7888   21.6242
    7.5000   22.5000   60.0000 2623.2051   21.6106
   -7.5000   30.0000   60.0000 2598.1345   22.5860
    0.0000   30.0000   60.0000 2606.3569   22.1628
    7.5000   30.0000   60.0000 2588.1292   22.1620
   -7.5000   37.5000   60.0000 2537.2502   23.4261
    0.0000   37.5000   60.0000 2545.3921   23.0273
    7.5000   37.5000   60.0000 2527.4988   23.0559
   -7.5000   45.0000   60.0000 2443.9438   24.6365
    0.0000   45.0000   60.0000 2452.3127   24.2284
    7.5000   45.0000   60.0000 2432.9753   24.2713
   -7.5000   52.5000   60.0000 2304.8948   26.1595
    0.0000   52.5000   60.0000 2320.3008   25.6585
    7.5000   52.5000   60.0000 2305.0002   25.6849

---------------------------------------------------------------------
imgreg_4dfp /opt/freesurfer/average/711-2C_as_mni_average_305 /opt/freesurfer/average/711-2B_as_mni_average_305_mask talsrcimg_g11 none talsrcimg_to_711-2C_as_mni_average_305_t4 1283
---------------------------------------------------------------------

freesurfer imgreg_4dfp.c
/opt/freesurfer/average/711-2C_as_mni_average_305.4dfp.img
       256       256       256         1
  1.000000  1.000000  1.000000
orientation T byte_order littleendian
Reading image: /opt/freesurfer/average/711-2C_as_mni_average_305.4dfp.img
dimensions:      256       256       256
mmppix:       1.0000   -1.0000   -1.0000
center:     128.0000 -129.0000 -129.0000
/opt/freesurfer/average/711-2B_as_mni_average_305_mask.4dfp.img
       256       256       256         1
  1.000000  1.000000  1.000000
orientation T byte_order littleendian
Reading mask: /opt/freesurfer/average/711-2B_as_mni_average_305_mask.4dfp.img (2306576 pixels)
talsrcimg_g11.4dfp.img
       256       256       256         1
  1.000000  1.000000  1.000000
orientation T byte_order littleendian
Reading image: talsrcimg_g11.4dfp.img
dimensions:      256       256       256
mmppix:       1.0000   -1.0000   -1.0000
center:     128.0000 -129.0000 -129.0000
rotation matrix determinant  1.000000
fimgreg.f
image alignment mode   1283 decimal      503 hex
parameters
    0.0000   15.0000   22.5000    0.0000    0.0000    0.0000
eta,q 0.92389 17.37212
niter,ni,del,rscale     5    3   12.0000    1.2000
parameter  6  0.737597 ->  0.500000 qaram    1.1500
parameters
   -1.8097   16.3360   21.6687    2.2619    0.8794   -3.4500
eta,q 0.93369 17.09905
  0.0819  0.0837  0.0829  0.0764  0.0791  0.0672
  0.0757  0.0787  0.0731  0.0765  0.0736  0.0664
  0.0725  0.0749  0.0693  0.0740  0.0698  0.0667
  0.0747  0.0723  0.0716  0.0701  0.0685  0.0691
  0.0814  0.0723  0.0771  0.0686  0.0705  0.0732
  0.0892  0.0754  0.0820  0.0699  0.0725  0.0778
  0.0941  0.0764  0.0849  0.0729  0.0732  0.0821
niter,ni,del,rscale     5    3   12.0000    1.2000
parameter  6  0.529636 ->  0.500000 qaram    1.3225
parameters
   -2.5817   15.5161   21.7028    2.5937    3.2569   -7.4175
eta,q 0.93671 17.30008
  0.0779  0.0722  0.0841  0.0724  0.0756  0.0641
  0.0700  0.0689  0.0729  0.0693  0.0703  0.0633
  0.0664  0.0662  0.0652  0.0662  0.0673  0.0633
  0.0663  0.0661  0.0657  0.0657  0.0658  0.0641
  0.0693  0.0688  0.0703  0.0665  0.0643  0.0676
  0.0763  0.0719  0.0761  0.0688  0.0643  0.0729
  0.0848  0.0758  0.0798  0.0706  0.0666  0.0780
niter,ni,del,rscale     5    3   12.0000    1.2000
parameters
   -3.7788   15.0046   21.4814    2.7346    4.1508   -6.4390
eta,q 0.93901 17.40351
  0.0746  0.0695  0.0825  0.0680  0.0734  0.0722
  0.0679  0.0637  0.0695  0.0640  0.0692  0.0672
  0.0632  0.0616  0.0613  0.0615  0.0645  0.0635
  0.0633  0.0625  0.0619  0.0616  0.0617  0.0614
  0.0691  0.0650  0.0682  0.0630  0.0618  0.0608
  0.0778  0.0672  0.0756  0.0645  0.0646  0.0629
  0.0869  0.0698  0.0806  0.0663  0.0688  0.0688
niter,ni,del,rscale     4    3   12.0000    1.2000
parameters
   -4.3202   14.8750   21.4801    2.9547    4.8045   -6.2414
eta,q 0.93912 17.40848
  0.0769  0.0711  0.0839  0.0679  0.0722  0.0699
  0.0695  0.0638  0.0709  0.0640  0.0676  0.0658
  0.0633  0.0609  0.0615  0.0609  0.0634  0.0628
  0.0610  0.0610  0.0609  0.0609  0.0611  0.0610
  0.0649  0.0634  0.0668  0.0620  0.0616  0.0608
  0.0738  0.0664  0.0745  0.0638  0.0642  0.0640
  0.0841  0.0698  0.0798  0.0663  0.0688  0.0703
niter,ni,del,rscale     3    3   12.0000    1.2000
parameters
   -4.6343   14.8311   21.5285    3.0329    5.1721   -6.1561
eta,q 0.93901 17.40503
  0.0778  0.0719  0.0845  0.0682  0.0714  0.0693
  0.0703  0.0642  0.0713  0.0642  0.0665  0.0655
  0.0640  0.0610  0.0617  0.0610  0.0628  0.0628
  0.0609  0.0610  0.0609  0.0610  0.0610  0.0610
  0.0637  0.0634  0.0668  0.0622  0.0619  0.0609
  0.0721  0.0665  0.0745  0.0643  0.0645  0.0641
  0.0828  0.0701  0.0796  0.0671  0.0696  0.0703
niter,ni,del,rscale     2    3   12.0000    1.2000
parameters
   -4.7997   14.8395   21.5650    3.0443    5.3611   -6.1425
eta,q 0.93885 17.40045
  0.0786  0.0724  0.0844  0.0684  0.0709  0.0690
  0.0707  0.0646  0.0711  0.0645  0.0660  0.0653
  0.0643  0.0613  0.0619  0.0611  0.0625  0.0629
  0.0610  0.0611  0.0611  0.0611  0.0611  0.0612
  0.0632  0.0635  0.0670  0.0625  0.0620  0.0610
  0.0712  0.0666  0.0746  0.0648  0.0647  0.0641
  0.0818  0.0702  0.0796  0.0677  0.0701  0.0703
niter,ni,del,rscale     1    3   12.0000    1.2000
parameters
   -4.8795   14.8620   21.5809    3.0456    5.4488   -6.1372
eta,q 0.93877 17.39779
  0.0791  0.0726  0.0843  0.0686  0.0706  0.0689
  0.0709  0.0648  0.0708  0.0647  0.0658  0.0653
  0.0645  0.0615  0.0619  0.0613  0.0624  0.0630
  0.0612  0.0612  0.0612  0.0612  0.0612  0.0612
  0.0631  0.0636  0.0672  0.0626  0.0621  0.0611
  0.0707  0.0668  0.0747  0.0650  0.0649  0.0641
  0.0812  0.0703  0.0796  0.0679  0.0705  0.0703
registration optimization eta report
parameter search radius
    6.0000    6.0000    6.0000    6.0000    6.0000    7.9350
100000*second partial in parameter space
       52.       28.       56.       20.       26.       13.
  0.0791  0.0726  0.0843  0.0686  0.0706  0.0689
  0.0709  0.0648  0.0708  0.0647  0.0658  0.0653
  0.0645  0.0615  0.0619  0.0613  0.0624  0.0630
  0.0612  0.0612  0.0612  0.0612  0.0612  0.0612
  0.0631  0.0636  0.0672  0.0626  0.0621  0.0611
  0.0707  0.0668  0.0747  0.0650  0.0649  0.0641
  0.0812  0.0703  0.0796  0.0679  0.0705  0.0703
   -4.8795   14.8620   21.5809    3.0456    5.4488   -6.1372
eta,q 0.93877 17.39779

---------------------------------------------------------------------
imgreg_4dfp /opt/freesurfer/average/711-2C_as_mni_average_305 /opt/freesurfer/average/711-2B_as_mni_average_305_mask talsrcimg_g11 none talsrcimg_to_711-2C_as_mni_average_305_t4 3335
---------------------------------------------------------------------

freesurfer imgreg_4dfp.c
/opt/freesurfer/average/711-2C_as_mni_average_305.4dfp.img
       256       256       256         1
  1.000000  1.000000  1.000000
orientation T byte_order littleendian
Reading image: /opt/freesurfer/average/711-2C_as_mni_average_305.4dfp.img
dimensions:      256       256       256
mmppix:       1.0000   -1.0000   -1.0000
center:     128.0000 -129.0000 -129.0000
/opt/freesurfer/average/711-2B_as_mni_average_305_mask.4dfp.img
       256       256       256         1
  1.000000  1.000000  1.000000
orientation T byte_order littleendian
Reading mask: /opt/freesurfer/average/711-2B_as_mni_average_305_mask.4dfp.img (2306576 pixels)
talsrcimg_g11.4dfp.img
       256       256       256         1
  1.000000  1.000000  1.000000
orientation T byte_order littleendian
Reading image: talsrcimg_g11.4dfp.img
dimensions:      256       256       256
mmppix:       1.0000   -1.0000   -1.0000
center:     128.0000 -129.0000 -129.0000
fimgreg.f
image alignment mode   3335 decimal      D07 hex
parameters
   -4.8795   14.8620   21.5809   -1.0224   -0.6596   -0.5925
   10.1743   -9.9959  -10.6427   -4.2689    9.4956    5.2891
eta,q 0.93544 17.47016
niter,ni,del,rscale     5    3    5.0000    1.2000
parameter  4  1.290701 ->  0.500000 qaram    1.1500
parameter  5 17.878868 ->  0.500000 qaram    1.1500
parameter  6  0.604013 ->  0.500000 qaram    1.1500
parameter 12  0.827454 ->  0.500000 qaram    1.1500
parameters
   -4.7871   15.5004   21.2389   -5.1624   -4.7996   -4.7325
    9.7956   -8.9039  -10.4968   -4.3812    8.0512    1.1491
eta,q 0.95426 17.52637
  0.0684  0.0662  0.0669  0.0565  0.0448  0.0468  0.0496  0.0543  0.0489  0.0507  0.0479  0.0458
  0.0665  0.0654  0.0651  0.0578  0.0487  0.0469  0.0482  0.0503  0.0479  0.0487  0.0473  0.0457
  0.0652  0.0648  0.0643  0.0603  0.0533  0.0478  0.0474  0.0480  0.0473  0.0474  0.0470  0.0461
  0.0646  0.0645  0.0645  0.0643  0.0583  0.0499  0.0471  0.0471  0.0470  0.0470  0.0470  0.0470
  0.0648  0.0645  0.0653  0.0697  0.0631  0.0558  0.0475  0.0472  0.0472  0.0476  0.0473  0.0485
  0.0659  0.0647  0.0667  0.0760  0.0677  0.0647  0.0486  0.0484  0.0478  0.0490  0.0480  0.0503
  0.0680  0.0650  0.0684  0.0825  0.0724  0.0781  0.0502  0.0507  0.0488  0.0509  0.0493  0.0522
niter,ni,del,rscale     7    3    5.0000    1.2000
parameter  1 -0.600234 -> -0.500000 qaram    1.1500
parameter  3  1.231909 ->  0.500000 qaram    1.1500
parameter  4  0.533403 ->  0.500000 qaram    1.3225
parameter  5  1.161584 ->  0.500000 qaram    1.3225
parameter 10 -0.890106 -> -0.500000 qaram    1.1500
parameters
   -3.4071   15.8081   19.8589   -9.9234   -9.5606   -6.1469
   10.5042   -8.0804  -10.4226   -0.2412   10.3114   -0.2010
eta,q 0.96399 17.12091
  0.0519  0.0477  0.0421  0.0420  0.0361  0.0400  0.0410  0.0417  0.0393  0.0433  0.0368  0.0372
  0.0493  0.0461  0.0425  0.0417  0.0368  0.0391  0.0395  0.0393  0.0384  0.0412  0.0365  0.0365
  0.0473  0.0451  0.0434  0.0417  0.0385  0.0383  0.0384  0.0381  0.0379  0.0393  0.0362  0.0361
  0.0457  0.0447  0.0446  0.0427  0.0416  0.0371  0.0378  0.0377  0.0377  0.0377  0.0361  0.0360
  0.0449  0.0447  0.0463  0.0453  0.0463  0.0363  0.0378  0.0378  0.0378  0.0365  0.0360  0.0363
  0.0447  0.0453  0.0483  0.0499  0.0515  0.0397  0.0386  0.0386  0.0383  0.0360  0.0360  0.0372
  0.0452  0.0464  0.0506  0.0561  0.0565  0.0480  0.0401  0.0400  0.0393  0.0362  0.0362  0.0387
niter,ni,del,rscale     7    3    5.0000    1.2000
parameter  2 -1.072886 -> -0.500000 qaram    1.1500
parameter  3  0.952881 ->  0.500000 qaram    1.3225
parameter  5  0.552117 ->  0.500000 qaram    1.5209
parameter 10 -0.529190 -> -0.500000 qaram    1.3225
parameters
   -2.4940   17.1881   18.2719  -11.0867  -15.0358   -6.8361
   11.1589   -7.6919  -10.2426    4.5198    9.7010   -3.2796
eta,q 0.97004 16.67170
  0.0417  0.0427  0.0318  0.0349  0.0315  0.0338  0.0340  0.0349  0.0329  0.0375  0.0305  0.0304
  0.0392  0.0399  0.0319  0.0336  0.0310  0.0329  0.0327  0.0328  0.0321  0.0350  0.0302  0.0301
  0.0372  0.0376  0.0325  0.0327  0.0310  0.0321  0.0317  0.0317  0.0315  0.0329  0.0301  0.0300
  0.0360  0.0356  0.0334  0.0321  0.0322  0.0309  0.0313  0.0312  0.0312  0.0312  0.0301  0.0301
  0.0356  0.0341  0.0347  0.0321  0.0353  0.0297  0.0314  0.0315  0.0313  0.0303  0.0302  0.0305
  0.0360  0.0332  0.0364  0.0341  0.0403  0.0318  0.0321  0.0325  0.0319  0.0302  0.0304  0.0312
  0.0372  0.0330  0.0385  0.0384  0.0463  0.0382  0.0332  0.0341  0.0328  0.0312  0.0307  0.0323
niter,ni,del,rscale     7    3    5.0000    1.2000
parameter  2 -0.878261 -> -0.500000 qaram    1.3225
parameters
   -2.3190   18.7751   16.9075   -9.6945  -16.6642   -7.5542
   11.4892   -7.2330  -10.2211    4.8472    9.2987   -6.4531
eta,q 0.97244 16.58330
  0.0342  0.0384  0.0280  0.0318  0.0313  0.0314  0.0306  0.0329  0.0296  0.0331  0.0282  0.0279
  0.0320  0.0351  0.0275  0.0300  0.0293  0.0301  0.0292  0.0299  0.0287  0.0304  0.0279  0.0276
  0.0306  0.0322  0.0274  0.0285  0.0279  0.0289  0.0282  0.0283  0.0280  0.0286  0.0278  0.0276
  0.0300  0.0299  0.0278  0.0274  0.0270  0.0273  0.0278  0.0278  0.0278  0.0278  0.0277  0.0277
  0.0303  0.0284  0.0285  0.0267  0.0276  0.0260  0.0280  0.0282  0.0279  0.0281  0.0278  0.0281
  0.0314  0.0276  0.0297  0.0275  0.0309  0.0290  0.0288  0.0294  0.0286  0.0297  0.0280  0.0285
  0.0332  0.0277  0.0314  0.0305  0.0370  0.0370  0.0302  0.0315  0.0296  0.0326  0.0283  0.0292
niter,ni,del,rscale     7    3    5.0000    1.2000
parameters
   -2.2050   19.7440   16.7113   -9.8523  -16.9960   -7.4490
   11.5456   -7.1598  -10.4446    5.9666    9.3324   -7.0787
eta,q 0.97276 16.55669
  0.0320  0.0344  0.0286  0.0309  0.0322  0.0314  0.0300  0.0320  0.0289  0.0330  0.0278  0.0280
  0.0297  0.0312  0.0277  0.0293  0.0301  0.0300  0.0286  0.0289  0.0280  0.0300  0.0275  0.0275
  0.0282  0.0289  0.0273  0.0281  0.0284  0.0287  0.0276  0.0276  0.0275  0.0281  0.0273  0.0273
  0.0276  0.0275  0.0272  0.0272  0.0272  0.0273  0.0273  0.0273  0.0273  0.0273  0.0272  0.0272
  0.0279  0.0272  0.0275  0.0269  0.0271  0.0256  0.0275  0.0278  0.0275  0.0274  0.0273  0.0274
  0.0292  0.0278  0.0280  0.0285  0.0294  0.0271  0.0285  0.0292  0.0281  0.0286  0.0275  0.0278
  0.0313  0.0292  0.0290  0.0323  0.0343  0.0338  0.0300  0.0314  0.0292  0.0308  0.0278  0.0283
niter,ni,del,rscale     6    3    5.0000    1.2000
parameters
   -2.1299   19.9855   16.5757   -9.8773  -17.0791   -7.6376
   11.5833   -7.0246  -10.6274    6.3237    9.6432   -7.1835
eta,q 0.97259 16.54349
  0.0314  0.0317  0.0287  0.0310  0.0321  0.0313  0.0301  0.0321  0.0290  0.0321  0.0280  0.0283
  0.0292  0.0292  0.0278  0.0294  0.0301  0.0300  0.0287  0.0290  0.0281  0.0295  0.0276  0.0278
  0.0278  0.0277  0.0273  0.0282  0.0284  0.0287  0.0278  0.0277  0.0276  0.0278  0.0274  0.0275
  0.0272  0.0272  0.0272  0.0272  0.0272  0.0273  0.0274  0.0274  0.0274  0.0274  0.0274  0.0274
  0.0276  0.0276  0.0274  0.0269  0.0269  0.0256  0.0277  0.0279  0.0276  0.0278  0.0275  0.0275
  0.0289  0.0286  0.0280  0.0284  0.0289  0.0275  0.0286  0.0292  0.0282  0.0291  0.0276  0.0279
  0.0310  0.0304  0.0290  0.0322  0.0337  0.0349  0.0301  0.0313  0.0292  0.0313  0.0279  0.0283
niter,ni,del,rscale     5    3    5.0000    1.2000
parameters
   -2.0900   20.0743   16.5165   -9.8489  -17.1531   -7.7099
   11.6228   -7.0005  -10.8205    6.4702    9.9288   -7.2097
eta,q 0.97252 16.54028
  0.0314  0.0313  0.0289  0.0311  0.0322  0.0314  0.0301  0.0319  0.0290  0.0318  0.0280  0.0284
  0.0292  0.0290  0.0280  0.0296  0.0302  0.0301  0.0287  0.0290  0.0282  0.0293  0.0277  0.0278
  0.0279  0.0277  0.0275  0.0284  0.0286  0.0289  0.0278  0.0277  0.0277  0.0278  0.0275  0.0276
  0.0274  0.0274  0.0274  0.0274  0.0274  0.0274  0.0275  0.0275  0.0275  0.0275  0.0275  0.0275
  0.0278  0.0278  0.0276  0.0271  0.0270  0.0257  0.0277  0.0280  0.0277  0.0279  0.0275  0.0276
  0.0291  0.0290  0.0281  0.0285  0.0290  0.0275  0.0287  0.0293  0.0282  0.0292  0.0276  0.0279
  0.0312  0.0307  0.0290  0.0321  0.0338  0.0345  0.0301  0.0315  0.0292  0.0315  0.0279  0.0283
niter,ni,del,rscale     4    3    5.0000    1.2000
parameters
   -2.0756   20.1195   16.4922   -9.8441  -17.1970   -7.7580
   11.6549   -7.0051  -10.9663    6.5489   10.1336   -7.2133
eta,q 0.97247 16.53823
  0.0314  0.0312  0.0290  0.0311  0.0322  0.0315  0.0301  0.0318  0.0290  0.0318  0.0280  0.0284
  0.0293  0.0290  0.0281  0.0296  0.0303  0.0301  0.0288  0.0290  0.0282  0.0293  0.0277  0.0279
  0.0279  0.0278  0.0276  0.0284  0.0286  0.0289  0.0279  0.0278  0.0277  0.0278  0.0276  0.0276
  0.0275  0.0275  0.0275  0.0275  0.0275  0.0275  0.0275  0.0275  0.0275  0.0275  0.0275  0.0275
  0.0279  0.0279  0.0276  0.0272  0.0271  0.0258  0.0278  0.0281  0.0277  0.0280  0.0276  0.0276
  0.0292  0.0291  0.0281  0.0286  0.0290  0.0275  0.0287  0.0293  0.0283  0.0292  0.0277  0.0279
  0.0313  0.0308  0.0290  0.0322  0.0337  0.0345  0.0301  0.0315  0.0292  0.0315  0.0280  0.0284
niter,ni,del,rscale     3    3    5.0000    1.2000
parameters
   -2.0700   20.1449   16.4730   -9.8454  -17.2232   -7.7943
   11.6795   -7.0149  -11.0604    6.6005   10.2445   -7.2195
eta,q 0.97244 16.53641
  0.0314  0.0312  0.0291  0.0311  0.0322  0.0315  0.0302  0.0318  0.0291  0.0317  0.0281  0.0284
  0.0293  0.0290  0.0281  0.0296  0.0303  0.0302  0.0288  0.0291  0.0283  0.0293  0.0278  0.0279
  0.0280  0.0278  0.0277  0.0285  0.0287  0.0290  0.0279  0.0278  0.0278  0.0279  0.0276  0.0277
  0.0275  0.0275  0.0275  0.0275  0.0275  0.0275  0.0276  0.0276  0.0276  0.0276  0.0276  0.0276
  0.0280  0.0280  0.0277  0.0272  0.0271  0.0258  0.0278  0.0281  0.0277  0.0280  0.0276  0.0277
  0.0293  0.0291  0.0282  0.0286  0.0290  0.0275  0.0287  0.0294  0.0283  0.0292  0.0277  0.0280
  0.0313  0.0308  0.0291  0.0322  0.0337  0.0345  0.0302  0.0315  0.0292  0.0316  0.0280  0.0284
niter,ni,del,rscale     2    3    5.0000    1.2000
parameters
   -2.0672   20.1614   16.4596   -9.8470  -17.2412   -7.8170
   11.6915   -7.0185  -11.1218    6.6329   10.3600   -7.2005
eta,q 0.97241 16.53547
  0.0314  0.0312  0.0291  0.0311  0.0323  0.0315  0.0302  0.0318  0.0291  0.0317  0.0281  0.0285
  0.0293  0.0290  0.0282  0.0297  0.0304  0.0302  0.0288  0.0291  0.0283  0.0293  0.0278  0.0279
  0.0280  0.0278  0.0277  0.0285  0.0287  0.0290  0.0279  0.0279  0.0278  0.0279  0.0276  0.0277
  0.0276  0.0276  0.0276  0.0276  0.0276  0.0276  0.0276  0.0276  0.0276  0.0276  0.0276  0.0276
  0.0280  0.0280  0.0277  0.0272  0.0271  0.0259  0.0279  0.0281  0.0277  0.0280  0.0276  0.0277
  0.0293  0.0291  0.0282  0.0286  0.0290  0.0275  0.0288  0.0294  0.0283  0.0293  0.0278  0.0280
  0.0314  0.0309  0.0291  0.0322  0.0337  0.0345  0.0302  0.0315  0.0292  0.0316  0.0280  0.0284
niter,ni,del,rscale     1    3    5.0000    1.2000
parameters
   -2.0647   20.1732   16.4523   -9.8531  -17.2580   -7.8391
   11.7010   -7.0230  -11.1845    6.6570   10.4286   -7.1953
eta,q 0.97239 16.53392
  0.0314  0.0311  0.0291  0.0311  0.0323  0.0315  0.0302  0.0318  0.0291  0.0317  0.0281  0.0285
  0.0293  0.0290  0.0282  0.0297  0.0304  0.0302  0.0288  0.0291  0.0283  0.0293  0.0278  0.0280
  0.0280  0.0279  0.0277  0.0285  0.0287  0.0290  0.0279  0.0279  0.0278  0.0279  0.0276  0.0277
  0.0276  0.0276  0.0276  0.0276  0.0276  0.0276  0.0276  0.0276  0.0276  0.0276  0.0276  0.0276
  0.0280  0.0281  0.0277  0.0273  0.0272  0.0259  0.0279  0.0281  0.0278  0.0280  0.0277  0.0277
  0.0293  0.0292  0.0282  0.0287  0.0291  0.0276  0.0288  0.0294  0.0283  0.0293  0.0278  0.0280
  0.0314  0.0309  0.0291  0.0323  0.0337  0.0345  0.0302  0.0315  0.0292  0.0316  0.0281  0.0284
registration optimization eta report
parameter search radius
    2.7600    3.1740    3.1740    9.5220   10.9503    8.2800
    7.2000    7.2000    7.2000    9.5220    7.2000    8.2800
100000*second partial in parameter space
       50.       34.       15.        5.        5.        9.
        5.        8.        3.        5.        1.        1.
  0.0314  0.0311  0.0291  0.0311  0.0323  0.0315  0.0302  0.0318  0.0291  0.0317  0.0281  0.0285
  0.0293  0.0290  0.0282  0.0297  0.0304  0.0302  0.0288  0.0291  0.0283  0.0293  0.0278  0.0280
  0.0280  0.0279  0.0277  0.0285  0.0287  0.0290  0.0279  0.0279  0.0278  0.0279  0.0276  0.0277
  0.0276  0.0276  0.0276  0.0276  0.0276  0.0276  0.0276  0.0276  0.0276  0.0276  0.0276  0.0276
  0.0280  0.0281  0.0277  0.0273  0.0272  0.0259  0.0279  0.0281  0.0278  0.0280  0.0277  0.0277
  0.0293  0.0292  0.0282  0.0287  0.0291  0.0276  0.0288  0.0294  0.0283  0.0293  0.0278  0.0280
  0.0314  0.0309  0.0291  0.0323  0.0337  0.0345  0.0302  0.0315  0.0292  0.0316  0.0281  0.0284
   -2.0647   20.1732   16.4523   -9.8531  -17.2580   -7.8391
   11.7010   -7.0230  -11.1845    6.6570   10.4286   -7.1953
eta,q 0.97239 16.53392

---------------------------------------------------------------------
imgreg_4dfp /opt/freesurfer/average/711-2C_as_mni_average_305 /opt/freesurfer/average/711-2B_as_mni_average_305_mask talsrcimg_g11 none talsrcimg_to_711-2C_as_mni_average_305_t4 2311
---------------------------------------------------------------------

freesurfer imgreg_4dfp.c
/opt/freesurfer/average/711-2C_as_mni_average_305.4dfp.img
       256       256       256         1
  1.000000  1.000000  1.000000
orientation T byte_order littleendian
Reading image: /opt/freesurfer/average/711-2C_as_mni_average_305.4dfp.img
dimensions:      256       256       256
mmppix:       1.0000   -1.0000   -1.0000
center:     128.0000 -129.0000 -129.0000
/opt/freesurfer/average/711-2B_as_mni_average_305_mask.4dfp.img
       256       256       256         1
  1.000000  1.000000  1.000000
orientation T byte_order littleendian
Reading mask: /opt/freesurfer/average/711-2B_as_mni_average_305_mask.4dfp.img (2306576 pixels)
talsrcimg_g11.4dfp.img
       256       256       256         1
  1.000000  1.000000  1.000000
orientation T byte_order littleendian
Reading image: talsrcimg_g11.4dfp.img
dimensions:      256       256       256
mmppix:       1.0000   -1.0000   -1.0000
center:     128.0000 -129.0000 -129.0000
fimgreg.f
image alignment mode   2311 decimal      907 hex
parameters
   -2.0647   20.1732   16.4523   -9.8531  -17.2580   -7.8391
   11.7010   -7.0230  -11.1845    6.6570   10.4286   -7.1953
eta,q 0.97239 16.53393
niter,ni,del,rscale     5    3    5.0000    0.8000
parameter  5 -0.534234 -> -0.500000 qaram    1.1500
parameter  6 -0.677846 -> -0.500000 qaram    1.1500
parameters
   -2.0716   20.0472   16.4425   -7.5017  -14.4980   -5.0791
   10.9796   -6.9904  -10.9215    6.2384    9.2016   -8.3844
eta,q 0.97491 16.93198
  0.0289  0.0283  0.0279  0.0291  0.0289  0.0296  0.0265  0.0297  0.0264  0.0271  0.0256  0.0255
  0.0282  0.0279  0.0277  0.0285  0.0282  0.0287  0.0257  0.0270  0.0258  0.0260  0.0253  0.0252
  0.0278  0.0276  0.0276  0.0280  0.0277  0.0278  0.0253  0.0256  0.0254  0.0253  0.0251  0.0251
  0.0276  0.0276  0.0276  0.0276  0.0272  0.0268  0.0252  0.0252  0.0252  0.0252  0.0252  0.0251
  0.0278  0.0278  0.0276  0.0273  0.0269  0.0257  0.0256  0.0257  0.0252  0.0255  0.0254  0.0253
  0.0282  0.0281  0.0277  0.0273  0.0268  0.0252  0.0264  0.0271  0.0256  0.0265  0.0259  0.0257
  0.0289  0.0286  0.0279  0.0277  0.0272  0.0267  0.0277  0.0293  0.0262  0.0280  0.0267  0.0262
niter,ni,del,rscale     6    3    5.0000    0.9000
parameters
   -2.2714   19.6901   17.0364   -8.5353  -15.3109   -6.0497
   11.4948   -6.9945  -10.4932    6.0646    9.2963   -7.6650
eta,q 0.97440 16.83440
  0.0271  0.0261  0.0277  0.0264  0.0268  0.0289  0.0279  0.0293  0.0270  0.0275  0.0262  0.0263
  0.0259  0.0254  0.0264  0.0257  0.0260  0.0279  0.0268  0.0270  0.0263  0.0265  0.0259  0.0260
  0.0252  0.0250  0.0255  0.0251  0.0253  0.0265  0.0260  0.0259  0.0259  0.0258  0.0257  0.0258
  0.0251  0.0251  0.0250  0.0249  0.0249  0.0250  0.0257  0.0256  0.0256  0.0256  0.0256  0.0256
  0.0255  0.0255  0.0249  0.0253  0.0252  0.0251  0.0257  0.0261  0.0257  0.0258  0.0257  0.0256
  0.0266  0.0263  0.0250  0.0267  0.0265  0.0289  0.0262  0.0272  0.0260  0.0266  0.0258  0.0258
  0.0283  0.0275  0.0255  0.0289  0.0289  0.0359  0.0273  0.0291  0.0267  0.0279  0.0262  0.0261
niter,ni,del,rscale     5    3    5.0000    0.8000
parameters
   -2.2012   19.6680   16.7878   -8.3821  -15.2124   -6.0480
   11.3540   -7.0047  -10.4670    6.0532    9.3664   -7.7521
eta,q 0.97446 16.84332
  0.0274  0.0268  0.0261  0.0271  0.0274  0.0289  0.0271  0.0285  0.0265  0.0272  0.0260  0.0260
  0.0265  0.0261  0.0258  0.0265  0.0266  0.0280  0.0262  0.0267  0.0260  0.0263  0.0258  0.0258
  0.0259  0.0257  0.0256  0.0260  0.0260  0.0269  0.0257  0.0258  0.0257  0.0257  0.0256  0.0256
  0.0256  0.0256  0.0256  0.0256  0.0256  0.0255  0.0255  0.0255  0.0255  0.0255  0.0255  0.0255
  0.0257  0.0258  0.0257  0.0255  0.0255  0.0247  0.0257  0.0259  0.0256  0.0257  0.0256  0.0256
  0.0262  0.0262  0.0260  0.0260  0.0262  0.0263  0.0263  0.0269  0.0260  0.0263  0.0257  0.0257
  0.0271  0.0269  0.0265  0.0272  0.0277  0.0308  0.0273  0.0284  0.0265  0.0273  0.0260  0.0260
niter,ni,del,rscale     4    3    5.0000    0.7000
parameters
   -2.1945   19.6741   16.7982   -8.1837  -15.0298   -5.6630
   11.2817   -7.0246  -10.4554    6.0757    9.2423   -7.9199
eta,q 0.97476 16.87741
  0.0269  0.0265  0.0261  0.0268  0.0270  0.0286  0.0265  0.0277  0.0260  0.0266  0.0256  0.0256
  0.0261  0.0260  0.0258  0.0263  0.0264  0.0277  0.0258  0.0262  0.0256  0.0259  0.0254  0.0254
  0.0257  0.0256  0.0256  0.0259  0.0259  0.0267  0.0254  0.0254  0.0253  0.0254  0.0253  0.0253
  0.0255  0.0255  0.0255  0.0255  0.0255  0.0255  0.0252  0.0252  0.0252  0.0252  0.0252  0.0252
  0.0257  0.0257  0.0256  0.0255  0.0255  0.0247  0.0254  0.0255  0.0253  0.0253  0.0253  0.0253
  0.0261  0.0260  0.0258  0.0259  0.0260  0.0256  0.0258  0.0264  0.0256  0.0258  0.0254  0.0254
  0.0269  0.0265  0.0261  0.0268  0.0271  0.0289  0.0266  0.0277  0.0260  0.0266  0.0257  0.0257
niter,ni,del,rscale     3    3    5.0000    0.6000
parameters
   -2.2112   19.6454   16.8691   -8.0820  -14.8674   -5.2756
   11.2552   -7.0365  -10.3916    6.0560    9.0522   -8.0232
eta,q 0.97503 16.90428
  0.0262  0.0259  0.0258  0.0262  0.0264  0.0280  0.0259  0.0269  0.0256  0.0261  0.0253  0.0253
  0.0257  0.0255  0.0255  0.0258  0.0259  0.0272  0.0254  0.0258  0.0253  0.0255  0.0251  0.0251
  0.0253  0.0253  0.0253  0.0255  0.0255  0.0262  0.0251  0.0251  0.0250  0.0251  0.0250  0.0250
  0.0252  0.0252  0.0252  0.0252  0.0252  0.0252  0.0250  0.0250  0.0250  0.0250  0.0250  0.0250
  0.0253  0.0253  0.0253  0.0252  0.0252  0.0246  0.0251  0.0252  0.0250  0.0251  0.0250  0.0250
  0.0257  0.0256  0.0254  0.0256  0.0256  0.0254  0.0254  0.0259  0.0252  0.0254  0.0251  0.0251
  0.0263  0.0260  0.0256  0.0263  0.0264  0.0280  0.0260  0.0269  0.0256  0.0261  0.0254  0.0253
niter,ni,del,rscale     2    3    5.0000    0.5000
parameters
   -2.2311   19.6115   16.9343   -8.0196  -14.7545   -4.9250
   11.2440   -7.0426  -10.3082    6.0206    8.8651   -8.1088
eta,q 0.97523 16.92223
  0.0257  0.0255  0.0254  0.0257  0.0258  0.0274  0.0255  0.0262  0.0252  0.0256  0.0250  0.0250
  0.0253  0.0252  0.0252  0.0254  0.0255  0.0266  0.0251  0.0254  0.0250  0.0251  0.0249  0.0249
  0.0250  0.0250  0.0250  0.0251  0.0251  0.0258  0.0249  0.0249  0.0248  0.0249  0.0248  0.0248
  0.0250  0.0250  0.0250  0.0250  0.0250  0.0250  0.0248  0.0248  0.0248  0.0248  0.0248  0.0248
  0.0251  0.0250  0.0250  0.0250  0.0250  0.0246  0.0248  0.0250  0.0248  0.0249  0.0248  0.0248
  0.0253  0.0252  0.0251  0.0252  0.0252  0.0252  0.0251  0.0254  0.0249  0.0251  0.0249  0.0249
  0.0257  0.0255  0.0253  0.0258  0.0259  0.0272  0.0255  0.0262  0.0252  0.0256  0.0251  0.0250
niter,ni,del,rscale     1    3    5.0000    0.4000
parameters
   -2.2498   19.5730   17.0090   -7.9663  -14.6785   -4.6068
   11.2141   -7.0491  -10.2359    5.9655    8.7379   -8.2115
eta,q 0.97537 16.93605
  0.0252  0.0251  0.0251  0.0253  0.0254  0.0267  0.0251  0.0256  0.0249  0.0252  0.0248  0.0248
  0.0250  0.0249  0.0249  0.0251  0.0251  0.0260  0.0248  0.0250  0.0248  0.0249  0.0247  0.0247
  0.0248  0.0248  0.0248  0.0249  0.0249  0.0253  0.0247  0.0247  0.0247  0.0247  0.0246  0.0246
  0.0248  0.0248  0.0248  0.0248  0.0248  0.0248  0.0246  0.0246  0.0246  0.0246  0.0246  0.0246
  0.0248  0.0248  0.0248  0.0248  0.0248  0.0245  0.0247  0.0248  0.0247  0.0247  0.0247  0.0247
  0.0250  0.0249  0.0249  0.0250  0.0250  0.0250  0.0248  0.0251  0.0247  0.0249  0.0247  0.0247
  0.0253  0.0252  0.0250  0.0253  0.0254  0.0264  0.0251  0.0256  0.0249  0.0252  0.0249  0.0248
registration optimization eta report
parameter search radius
    0.8000    0.8000    0.8000    2.4000    2.7600    2.7600
    2.4000    2.4000    2.4000    2.4000    2.4000    2.4000
100000*second partial in parameter space
       75.       54.       44.        9.        8.       23.
        8.       17.        5.       10.        4.        3.
  0.0252  0.0251  0.0251  0.0253  0.0254  0.0267  0.0251  0.0256  0.0249  0.0252  0.0248  0.0248
  0.0250  0.0249  0.0249  0.0251  0.0251  0.0260  0.0248  0.0250  0.0248  0.0249  0.0247  0.0247
  0.0248  0.0248  0.0248  0.0249  0.0249  0.0253  0.0247  0.0247  0.0247  0.0247  0.0246  0.0246
  0.0248  0.0248  0.0248  0.0248  0.0248  0.0248  0.0246  0.0246  0.0246  0.0246  0.0246  0.0246
  0.0248  0.0248  0.0248  0.0248  0.0248  0.0245  0.0247  0.0248  0.0247  0.0247  0.0247  0.0247
  0.0250  0.0249  0.0249  0.0250  0.0250  0.0250  0.0248  0.0251  0.0247  0.0249  0.0247  0.0247
  0.0253  0.0252  0.0250  0.0253  0.0254  0.0264  0.0251  0.0256  0.0249  0.0252  0.0249  0.0248
   -2.2498   19.5730   17.0090   -7.9663  -14.6785   -4.6068
   11.2141   -7.0491  -10.2359    5.9655    8.7379   -8.2115
eta,q 0.97537 16.93605

---------------------------------------------------------------------
imgreg_4dfp /opt/freesurfer/average/711-2C_as_mni_average_305 /opt/freesurfer/average/711-2B_as_mni_average_305_mask talsrcimg_g11 none talsrcimg_to_711-2C_as_mni_average_305_t4 2311
---------------------------------------------------------------------

freesurfer imgreg_4dfp.c
/opt/freesurfer/average/711-2C_as_mni_average_305.4dfp.img
       256       256       256         1
  1.000000  1.000000  1.000000
orientation T byte_order littleendian
Reading image: /opt/freesurfer/average/711-2C_as_mni_average_305.4dfp.img
dimensions:      256       256       256
mmppix:       1.0000   -1.0000   -1.0000
center:     128.0000 -129.0000 -129.0000
/opt/freesurfer/average/711-2B_as_mni_average_305_mask.4dfp.img
       256       256       256         1
  1.000000  1.000000  1.000000
orientation T byte_order littleendian
Reading mask: /opt/freesurfer/average/711-2B_as_mni_average_305_mask.4dfp.img (2306576 pixels)
talsrcimg_g11.4dfp.img
       256       256       256         1
  1.000000  1.000000  1.000000
orientation T byte_order littleendian
Reading image: talsrcimg_g11.4dfp.img
dimensions:      256       256       256
mmppix:       1.0000   -1.0000   -1.0000
center:     128.0000 -129.0000 -129.0000
fimgreg.f
image alignment mode   2311 decimal      907 hex
parameters
   -2.2498   19.5730   17.0090   -7.9663  -14.6785   -4.6068
   11.2141   -7.0491  -10.2359    5.9655    8.7379   -8.2115
eta,q 0.97537 16.93605
niter,ni,del,rscale     5    3    5.0000    0.8000
parameters
   -2.2976   19.5626   17.1645   -8.5777  -15.0888   -5.1963
   11.3606   -7.0249  -10.2444    5.9001    8.7268   -7.8956
eta,q 0.97497 16.87205
  0.0265  0.0261  0.0262  0.0261  0.0260  0.0279  0.0268  0.0284  0.0261  0.0269  0.0256  0.0257
  0.0255  0.0252  0.0253  0.0254  0.0254  0.0269  0.0259  0.0263  0.0255  0.0259  0.0253  0.0253
  0.0248  0.0248  0.0248  0.0249  0.0249  0.0257  0.0253  0.0253  0.0252  0.0253  0.0251  0.0251
  0.0246  0.0246  0.0246  0.0246  0.0247  0.0247  0.0250  0.0250  0.0250  0.0250  0.0250  0.0250
  0.0249  0.0248  0.0247  0.0249  0.0248  0.0249  0.0251  0.0254  0.0251  0.0252  0.0251  0.0251
  0.0256  0.0253  0.0251  0.0258  0.0256  0.0274  0.0257  0.0265  0.0255  0.0259  0.0253  0.0252
  0.0268  0.0261  0.0256  0.0275  0.0269  0.0318  0.0266  0.0281  0.0261  0.0270  0.0256  0.0255
niter,ni,del,rscale     4    3    5.0000    0.7000
parameters
   -2.2193   19.5939   16.9323   -8.3826  -14.9344   -5.2173
   11.2636   -6.9717  -10.2493    5.9656    8.8026   -7.9846
eta,q 0.97503 16.88535
  0.0265  0.0261  0.0255  0.0263  0.0262  0.0278  0.0262  0.0277  0.0258  0.0265  0.0255  0.0254
  0.0257  0.0255  0.0252  0.0258  0.0257  0.0270  0.0255  0.0260  0.0253  0.0257  0.0252  0.0252
  0.0252  0.0251  0.0250  0.0253  0.0252  0.0259  0.0251  0.0252  0.0251  0.0252  0.0250  0.0250
  0.0250  0.0250  0.0250  0.0250  0.0250  0.0250  0.0250  0.0250  0.0250  0.0250  0.0250  0.0250
  0.0251  0.0251  0.0252  0.0250  0.0250  0.0246  0.0251  0.0253  0.0251  0.0251  0.0250  0.0250
  0.0255  0.0255  0.0255  0.0254  0.0254  0.0259  0.0256  0.0261  0.0253  0.0256  0.0252  0.0252
  0.0262  0.0260  0.0259  0.0263  0.0262  0.0290  0.0264  0.0274  0.0258  0.0265  0.0254  0.0255
niter,ni,del,rscale     3    3    5.0000    0.6000
parameters
   -2.2167   19.6054   16.9329   -8.1892  -14.7910   -4.9639
   11.2219   -6.9810  -10.2710    5.9827    8.7853   -8.1187
eta,q 0.97519 16.90973
  0.0260  0.0258  0.0255  0.0260  0.0259  0.0275  0.0258  0.0269  0.0254  0.0260  0.0252  0.0251
  0.0254  0.0253  0.0252  0.0256  0.0255  0.0267  0.0252  0.0256  0.0251  0.0253  0.0250  0.0250
  0.0251  0.0251  0.0250  0.0252  0.0252  0.0258  0.0249  0.0250  0.0249  0.0250  0.0248  0.0248
  0.0250  0.0250  0.0250  0.0250  0.0250  0.0249  0.0248  0.0248  0.0248  0.0248  0.0248  0.0248
  0.0251  0.0251  0.0250  0.0249  0.0250  0.0246  0.0249  0.0251  0.0249  0.0249  0.0248  0.0248
  0.0254  0.0253  0.0252  0.0253  0.0252  0.0254  0.0252  0.0257  0.0251  0.0253  0.0250  0.0250
  0.0260  0.0257  0.0255  0.0260  0.0259  0.0276  0.0259  0.0268  0.0254  0.0260  0.0252  0.0252
niter,ni,del,rscale     2    3    5.0000    0.5000
parameters
   -2.2316   19.5859   16.9894   -8.0884  -14.7010   -4.6931
   11.2155   -7.0058  -10.2509    5.9710    8.7159   -8.1865
eta,q 0.97533 16.92659
  0.0255  0.0253  0.0253  0.0256  0.0255  0.0269  0.0254  0.0262  0.0251  0.0255  0.0250  0.0249
  0.0251  0.0250  0.0250  0.0252  0.0252  0.0262  0.0250  0.0253  0.0249  0.0251  0.0248  0.0248
  0.0249  0.0249  0.0249  0.0250  0.0249  0.0254  0.0248  0.0248  0.0247  0.0248  0.0247  0.0247
  0.0248  0.0248  0.0248  0.0248  0.0248  0.0248  0.0247  0.0247  0.0247  0.0247  0.0247  0.0247
  0.0249  0.0249  0.0248  0.0248  0.0248  0.0246  0.0247  0.0249  0.0247  0.0248  0.0247  0.0247
  0.0251  0.0251  0.0250  0.0251  0.0250  0.0251  0.0250  0.0254  0.0249  0.0250  0.0248  0.0248
  0.0256  0.0254  0.0252  0.0256  0.0255  0.0267  0.0254  0.0262  0.0251  0.0255  0.0250  0.0250
niter,ni,del,rscale     1    3    5.0000    0.4000
parameters
   -2.2518   19.5559   17.0645   -8.0083  -14.6527   -4.4385
   11.2003   -7.0306  -10.2036    5.9305    8.6313   -8.2561
eta,q 0.97543 16.93879
  0.0251  0.0250  0.0250  0.0252  0.0251  0.0263  0.0250  0.0256  0.0249  0.0251  0.0248  0.0247
  0.0249  0.0248  0.0248  0.0250  0.0249  0.0257  0.0248  0.0250  0.0247  0.0248  0.0247  0.0247
  0.0247  0.0247  0.0247  0.0248  0.0247  0.0251  0.0246  0.0247  0.0246  0.0246  0.0246  0.0246
  0.0247  0.0247  0.0247  0.0247  0.0247  0.0247  0.0246  0.0246  0.0246  0.0246  0.0246  0.0246
  0.0247  0.0247  0.0247  0.0247  0.0247  0.0245  0.0246  0.0247  0.0246  0.0246  0.0246  0.0246
  0.0249  0.0248  0.0248  0.0249  0.0248  0.0249  0.0248  0.0250  0.0247  0.0248  0.0247  0.0247
  0.0252  0.0251  0.0249  0.0252  0.0251  0.0260  0.0250  0.0256  0.0249  0.0252  0.0248  0.0248
registration optimization eta report
parameter search radius
    0.8000    0.8000    0.8000    2.4000    2.4000    2.4000
    2.4000    2.4000    2.4000    2.4000    2.4000    2.4000
100000*second partial in parameter space
       76.       56.       48.        9.        8.       26.
        8.       18.        5.       10.        4.        3.
  0.0251  0.0250  0.0250  0.0252  0.0251  0.0263  0.0250  0.0256  0.0249  0.0251  0.0248  0.0247
  0.0249  0.0248  0.0248  0.0250  0.0249  0.0257  0.0248  0.0250  0.0247  0.0248  0.0247  0.0247
  0.0247  0.0247  0.0247  0.0248  0.0247  0.0251  0.0246  0.0247  0.0246  0.0246  0.0246  0.0246
  0.0247  0.0247  0.0247  0.0247  0.0247  0.0247  0.0246  0.0246  0.0246  0.0246  0.0246  0.0246
  0.0247  0.0247  0.0247  0.0247  0.0247  0.0245  0.0246  0.0247  0.0246  0.0246  0.0246  0.0246
  0.0249  0.0248  0.0248  0.0249  0.0248  0.0249  0.0248  0.0250  0.0247  0.0248  0.0247  0.0247
  0.0252  0.0251  0.0249  0.0252  0.0251  0.0260  0.0250  0.0256  0.0249  0.0252  0.0248  0.0248
   -2.2518   19.5559   17.0645   -8.0083  -14.6527   -4.4385
   11.2003   -7.0306  -10.2036    5.9305    8.6313   -8.2561
eta,q 0.97543 16.93879

---------------------------------------------------------------------
compute_vox2vox talsrcimg talsrcimg_to_711-2C_as_mni_average_305_t4 /opt/freesurfer/average/711-2C_as_mni_average_305
---------------------------------------------------------------------

freesurfer compute_vox2vox.c
Reading: talsrcimg.4dfp.ifh
Reading: talsrcimg_to_711-2C_as_mni_average_305_t4
Reading: /opt/freesurfer/average/711-2C_as_mni_average_305.4dfp.ifh
Writing: talsrcimg_to_711-2C_as_mni_average_305_t4_vox2vox.txt

start time Sun Mar 8 21:58:43 CET 2026
end		time Sun Mar 8 22:00:11 CET 2026

mpr2mni305 success

avi2talxfm orig_nu.mgz /opt/freesurfer/average/mni305.cor.mgz talsrcimg_to_711-2C_as_mni_average_305_t4_vox2vox.txt transforms/talairach.auto.xfm
avi2talxfm done
mv -f /out/sourcedata/freesurfer/sub-v1s15x0050216_ses-1/mri/talsrcimg_to_711-2C_as_mni_average_305_t4_vox2vox.txt /out/sourcedata/freesurfer/sub-v1s15x0050216_ses-1/mri/transforms/talsrcimg_to_711-2C_as_mni_average_305_t4_vox2vox.txt
lta_convert --src orig_nu.mgz --trg /opt/freesurfer/average/mni305.cor.mgz --inxfm transforms/talairach.auto.xfm --outlta transforms/talairach.auto.xfm.lta --subject fsaverage
7.3.2

--src: orig_nu.mgz src image (geometry).
--trg: /opt/freesurfer/average/mni305.cor.mgz trg image (geometry).
--inmni: transforms/talairach.auto.xfm input MNI/XFM transform.
--outlta: transforms/talairach.auto.xfm.lta output LTA.
--s: fsaverage subject name
 LTA read, type : 1
 1.06438   0.08646  -0.13132  -10.16421;
-0.08463   1.03333   0.11107  -27.84050;
 0.13313  -0.06147   1.14827  -1.42856;
 0.00000   0.00000   0.00000   1.00000;
setting subject to fsaverage
Writing  LTA to file transforms/talairach.auto.xfm.lta...
lta_convert successful.
 
 
Started at Sun Mar 8 21:58:42 CET 2026
Ended   at Sun Mar  8 22:00:11 CET 2026
talairach_avi done
