/out/sourcedata/freesurfer/sub-v1s15x0050184_ses-1/mri
/opt/freesurfer/bin/talairach_avi
--i orig_nu.mgz --xfm transforms/talairach.auto.xfm
talairach_avi 7.3.2
Linux dna030 5.14.0-427.37.1.el9_4.x86_64 #1 SMP PREEMPT_DYNAMIC Fri Sep 13 12:41:50 EDT 2024 x86_64 x86_64 x86_64 GNU/Linux
Sun Mar  8 20:27:22 CET 2026
mri_convert orig_nu.mgz talsrcimg.img 
reading from orig_nu.mgz...
TR=0.00, TE=0.00, TI=0.00, flip angle=0.00
i_ras = (-1, 0, 0)
j_ras = (0, 0, -1)
k_ras = (0, 1, 0)
writing to talsrcimg.img...
Analyze Output Matrix
-1.00000   0.00000   0.00000   133.71851;
 0.00000   0.00000   1.00000  -115.37500;
 0.00000  -1.00000   0.00000   93.87469;
 0.00000   0.00000   0.00000   1.00000;
--------------------
INFO: set hdr.hist.orient to -1
mpr2mni305 talsrcimg
Sun Mar  8 20:27:22 CET 2026
/opt/freesurfer/bin/mpr2mni305 talsrcimg
mpr2mni305 7.3.2
target=711-2C_as_mni_average_305

---------------------------------------------------------------------
analyzeto4dfp talsrcimg -O0 -y
---------------------------------------------------------------------

freesurfer ifh2hdr.c
Sun Mar  8 20:27:22 2026
Writing: talsrcimg.4dfp.hdr
freesurfer analyzeto4dfp.c
Reading: talsrcimg.hdr
header size 348 bytes
hdr.dime.datatype	offset=70	value=2
hdr.dime.bitpix		offset=72	value=8
hdr.hist.orient		offset=252	value=-1
dimensionality     4
dimensions       256       256       256         1
Reading: talsrcimg.img
Writing: talsrcimg.4dfp.img
Writing: talsrcimg.4dfp.ifh
ifh2hdr talsrcimg -r0to223
ori=2

---------------------------------------------------------------------
gauss_4dfp talsrcimg 1.1
---------------------------------------------------------------------

freesurfer gauss_4dfp.c
Reading: talsrcimg.4dfp.img
Writing: talsrcimg_g11.4dfp.img
image dimensions 256 256 256 padded to 288 288 288
processing volume 1freesurfer ifh2hdr.c
Sun Mar  8 20:27:24 2026
Writing: talsrcimg_g11.4dfp.hdr

Writing: talsrcimg_g11.4dfp.ifh
including: talsrcimg.4dfp.img.rec in talsrcimg_g11.4dfp.img.rec

---------------------------------------------------------------------
imgreg_4dfp /opt/freesurfer/average/711-2C_as_mni_average_305 none talsrcimg_g11 none talsrcimg_to_711-2C_as_mni_average_305_t4 4355
---------------------------------------------------------------------

freesurfer imgreg_4dfp.c
/opt/freesurfer/average/711-2C_as_mni_average_305.4dfp.img
       256       256       256         1
  1.000000  1.000000  1.000000
orientation T byte_order littleendian
Reading image: /opt/freesurfer/average/711-2C_as_mni_average_305.4dfp.img
dimensions:      256       256       256
mmppix:       1.0000   -1.0000   -1.0000
center:     128.0000 -129.0000 -129.0000
talsrcimg_g11.4dfp.img
       256       256       256         1
  1.000000  1.000000  1.000000
orientation T byte_order littleendian
Reading image: talsrcimg_g11.4dfp.img
dimensions:      256       256       256
mmppix:       1.0000   -1.0000   -1.0000
center:     128.0000 -129.0000 -129.0000
t4_read: open error in t4_sub.f l:  41 t4_file(1:l)talsrcimg_to_711-2C_as_mni_average_305_t4 
t4_read: transform initialized to I4
rotation matrix determinant  1.000000
image alignment mode   4355 decimal     1103 hex
   -7.5000  -45.0000  -45.0000 6560.7256   21.9727
    0.0000  -45.0000  -45.0000 6873.3882   22.0243
    7.5000  -45.0000  -45.0000 6562.1177   22.0740
   -7.5000  -37.5000  -45.0000 7047.9819   21.3738
    0.0000  -37.5000  -45.0000 7398.8525   21.4071
    7.5000  -37.5000  -45.0000 7053.3638   21.4483
   -7.5000  -30.0000  -45.0000 7871.2300   20.9621
    0.0000  -30.0000  -45.0000 8250.8037   20.9816
    7.5000  -30.0000  -45.0000 7867.2925   21.0166
   -7.5000  -22.5000  -45.0000 8749.6113   20.7663
    0.0000  -22.5000  -45.0000 9146.5361   20.7832
    7.5000  -22.5000  -45.0000 8752.8896   20.8182
   -7.5000  -15.0000  -45.0000 9602.6562   20.7566
    0.0000  -15.0000  -45.000010018.9561   20.7819
    7.5000  -15.0000  -45.0000 9600.6924   20.8212
   -7.5000   -7.5000  -45.000010433.1738   20.7768
    0.0000   -7.5000  -45.000010880.6699   20.8149
    7.5000   -7.5000  -45.000010411.6318   20.8591
   -7.5000    0.0000  -45.000011251.5039   20.8027
    0.0000    0.0000  -45.000011735.0850   20.8442
    7.5000    0.0000  -45.000011227.3936   20.8886
   -7.5000    7.5000  -45.000011231.6191   20.8057
    0.0000    7.5000  -45.000011692.3145   20.8371
    7.5000    7.5000  -45.000011207.2109   20.8761
   -7.5000   15.0000  -45.000011024.9678   20.7856
    0.0000   15.0000  -45.000011454.1523   20.8050
    7.5000   15.0000  -45.000010986.8750   20.8396
   -7.5000   22.5000  -45.000010663.9902   20.7594
    0.0000   22.5000  -45.000011076.9902   20.7762
    7.5000   22.5000  -45.000010624.0566   20.8112
   -7.5000   30.0000  -45.000010217.5811   20.4799
    0.0000   30.0000  -45.000010627.9482   20.5049
    7.5000   30.0000  -45.000010180.9561   20.5437
   -7.5000   37.5000  -45.000010102.0127   20.5000
    0.0000   37.5000  -45.000010524.0225   20.5375
    7.5000   37.5000  -45.000010043.6924   20.5811
   -7.5000   45.0000  -45.0000 9460.6934   20.0043
    0.0000   45.0000  -45.0000 9873.0205   20.0442
    7.5000   45.0000  -45.0000 9404.9346   20.0868
   -7.5000  -45.0000  -37.5000 6830.8071   21.7309
    0.0000  -45.0000  -37.5000 7164.7837   21.7636
    7.5000  -45.0000  -37.5000 6816.0283   21.7821
   -7.5000  -37.5000  -37.5000 7376.2979   21.1592
    0.0000  -37.5000  -37.5000 7731.8618   21.1791
    7.5000  -37.5000  -37.5000 7361.8965   21.1926
   -7.5000  -30.0000  -37.5000 8263.5430   20.7551
    0.0000  -30.0000  -37.5000 8640.0635   20.7665
    7.5000  -30.0000  -37.5000 8233.0850   20.7786
   -7.5000  -22.5000  -37.5000 9196.5977   20.5490
    0.0000  -22.5000  -37.5000 9597.1885   20.5583
    7.5000  -22.5000  -37.5000 9168.3252   20.5723
   -7.5000  -15.0000  -37.500010116.6338   20.5269
    0.0000  -15.0000  -37.500010548.9600   20.5403
    7.5000  -15.0000  -37.500010079.3086   20.5561
   -7.5000   -7.5000  -37.500010984.2158   20.5493
    0.0000   -7.5000  -37.500011450.1377   20.5711
    7.5000   -7.5000  -37.500010936.9268   20.5878
   -7.5000    0.0000  -37.500011812.3994   20.5875
    0.0000    0.0000  -37.500012312.5996   20.6124
    7.5000    0.0000  -37.500011759.8486   20.6278
   -7.5000    7.5000  -37.500011767.8105   20.6021
    0.0000    7.5000  -37.500012240.7002   20.6209
    7.5000    7.5000  -37.500011719.8428   20.6336
   -7.5000   15.0000  -37.500011551.0186   20.5821
    0.0000   15.0000  -37.500012003.8682   20.5936
    7.5000   15.0000  -37.500011482.6807   20.6057
   -7.5000   22.5000  -37.500011159.1133   20.5422
    0.0000   22.5000  -37.500011595.3135   20.5514
    7.5000   22.5000  -37.500011078.1104   20.5653
   -7.5000   30.0000  -37.500010689.4570   20.2533
    0.0000   30.0000  -37.500011117.0527   20.2665
    7.5000   30.0000  -37.500010616.0117   20.2821
   -7.5000   37.5000  -37.500010555.6416   20.2755
    0.0000   37.5000  -37.500010997.2119   20.2969
    7.5000   37.5000  -37.500010483.4570   20.3134
   -7.5000   45.0000  -37.5000 9891.4482   19.7973
    0.0000   45.0000  -37.500010300.9629   19.8213
    7.5000   45.0000  -37.5000 9834.1689   19.8361
   -7.5000  -45.0000  -30.0000 7210.0591   22.4364
    0.0000  -45.0000  -30.0000 7558.2300   22.4598
    7.5000  -45.0000  -30.0000 7175.6528   22.4595
   -7.5000  -37.5000  -30.0000 7829.0425   21.8671
    0.0000  -37.5000  -30.0000 8204.4336   21.8831
    7.5000  -37.5000  -30.0000 7791.9658   21.8824
   -7.5000  -30.0000  -30.0000 8816.5176   21.4563
    0.0000  -30.0000  -30.0000 9212.0342   21.4688
    7.5000  -30.0000  -30.0000 8761.0635   21.4735
   -7.5000  -22.5000  -30.0000 9824.8877   21.2320
    0.0000  -22.5000  -30.000010240.4824   21.2427
    7.5000  -22.5000  -30.0000 9757.9609   21.2516
   -7.5000  -15.0000  -30.000010811.9688   21.1936
    0.0000  -15.0000  -30.000011273.7100   21.2047
    7.5000  -15.0000  -30.000010743.7939   21.2125
   -7.5000   -7.5000  -30.000011746.0010   21.2146
    0.0000   -7.5000  -30.000012237.7100   21.2289
    7.5000   -7.5000  -30.000011656.2070   21.2314
   -7.5000    0.0000  -30.000012627.6543   21.2652
    0.0000    0.0000  -30.000013132.3691   21.2817
    7.5000    0.0000  -30.000012512.8164   21.2797
   -7.5000    7.5000  -30.000012529.7520   21.2952
    0.0000    7.5000  -30.000013029.6582   21.3104
    7.5000    7.5000  -30.000012445.7373   21.3098
   -7.5000   15.0000  -30.000012270.6729   21.2790
    0.0000   15.0000  -30.000012741.9863   21.2916
    7.5000   15.0000  -30.000012193.1475   21.2964
   -7.5000   22.5000  -30.000011829.5244   21.2228
    0.0000   22.5000  -30.000012289.1650   21.2335
    7.5000   22.5000  -30.000011745.0996   21.2423
   -7.5000   30.0000  -30.000011350.0889   20.9131
    0.0000   30.0000  -30.000011789.1016   20.9241
    7.5000   30.0000  -30.000011275.0762   20.9318
   -7.5000   37.5000  -30.000011217.3945   20.9338
    0.0000   37.5000  -30.000011662.2324   20.9480
    7.5000   37.5000  -30.000011145.2188   20.9504
   -7.5000   45.0000  -30.000010536.1709   20.4641
    0.0000   45.0000  -30.000010955.8984   20.4799
    7.5000   45.0000  -30.000010476.9033   20.4780
   -7.5000  -45.0000  -22.5000 7584.0903   22.9586
    0.0000  -45.0000  -22.5000 7946.0688   22.9892
    7.5000  -45.0000  -22.5000 7543.0449   23.0034
   -7.5000  -37.5000  -22.5000 8278.1943   22.3838
    0.0000  -37.5000  -22.5000 8661.7500   22.4063
    7.5000  -37.5000  -22.5000 8223.6494   22.4214
   -7.5000  -30.0000  -22.5000 9343.2705   21.9771
    0.0000  -30.0000  -22.5000 9758.2529   21.9976
    7.5000  -30.0000  -22.5000 9277.8984   22.0210
   -7.5000  -22.5000  -22.500010407.0635   21.7562
    0.0000  -22.5000  -22.500010857.9971   21.7777
    7.5000  -22.5000  -22.500010353.8242   21.8066
   -7.5000  -15.0000  -22.500011470.0596   21.7134
    0.0000  -15.0000  -22.500011955.1592   21.7376
    7.5000  -15.0000  -22.500011416.2852   21.7645
   -7.5000   -7.5000  -22.500012473.1201   21.7238
    0.0000   -7.5000  -22.500012990.2021   21.7487
    7.5000   -7.5000  -22.500012400.0850   21.7670
   -7.5000    0.0000  -22.500013397.9443   21.7691
    0.0000    0.0000  -22.500013924.9883   21.7922
    7.5000    0.0000  -22.500013270.6260   21.8035
   -7.5000    7.5000  -22.500013272.6943   21.8038
    0.0000    7.5000  -22.500013792.6006   21.8251
    7.5000    7.5000  -22.500013179.5312   21.8395
   -7.5000   15.0000  -22.500013004.3682   21.7973
    0.0000   15.0000  -22.500013497.9521   21.8176
    7.5000   15.0000  -22.500012931.3711   21.8409
   -7.5000   22.5000  -22.500012552.1289   21.7454
    0.0000   22.5000  -22.500013036.2861   21.7669
    7.5000   22.5000  -22.500012486.9209   21.7956
   -7.5000   30.0000  -22.500012035.2871   21.4294
    0.0000   30.0000  -22.500012511.9111   21.4532
    7.5000   30.0000  -22.500011964.9990   21.4798
   -7.5000   37.5000  -22.500011889.4307   21.4396
    0.0000   37.5000  -22.500012362.3535   21.4642
    7.5000   37.5000  -22.500011840.5264   21.4823
   -7.5000   45.0000  -22.500011163.0596   20.9647
    0.0000   45.0000  -22.500011609.5547   20.9870
    7.5000   45.0000  -22.500011130.9932   20.9979
   -7.5000  -45.0000  -15.0000 8008.1152   23.4648
    0.0000  -45.0000  -15.0000 8379.3506   23.5140
    7.5000  -45.0000  -15.0000 7966.6260   23.5609
   -7.5000  -37.5000  -15.0000 8762.0498   22.8644
    0.0000  -37.5000  -15.0000 9152.8369   22.8998
    7.5000  -37.5000  -15.0000 8706.4707   22.9447
   -7.5000  -30.0000  -15.0000 9907.1689   22.4538
    0.0000  -30.0000  -15.000010349.3340   22.4843
    7.5000  -30.0000  -15.0000 9849.1787   22.5345
   -7.5000  -22.5000  -15.000011041.3037   22.2470
    0.0000  -22.5000  -15.000011535.8096   22.2809
    7.5000  -22.5000  -15.000011014.2510   22.3360
   -7.5000  -15.0000  -15.000012203.0527   22.2166
    0.0000  -15.0000  -15.000012715.2598   22.2580
    7.5000  -15.0000  -15.000012170.0811   22.3131
   -7.5000   -7.5000  -15.000013348.2363   22.2198
    0.0000   -7.5000  -15.000013925.6719   22.2639
    7.5000   -7.5000  -15.000013296.4834   22.3124
   -7.5000    0.0000  -15.000014309.6016   22.2490
    0.0000    0.0000  -15.000014929.5713   22.2890
    7.5000    0.0000  -15.000014232.6885   22.3304
   -7.5000    7.5000  -15.000014186.8301   22.2735
    0.0000    7.5000  -15.000014750.2139   22.3069
    7.5000    7.5000  -15.000014100.1318   22.3496
   -7.5000   15.0000  -15.000013900.6572   22.2704
    0.0000   15.0000  -15.000014432.7695   22.3006
    7.5000   15.0000  -15.000013840.4209   22.3501
   -7.5000   22.5000  -15.000013436.4824   22.2349
    0.0000   22.5000  -15.000013966.4180   22.2688
    7.5000   22.5000  -15.000013400.0303   22.3237
   -7.5000   30.0000  -15.000012879.3174   21.9291
    0.0000   30.0000  -15.000013410.7217   21.9699
    7.5000   30.0000  -15.000012853.6426   22.0243
   -7.5000   37.5000  -15.000012707.2305   21.9322
    0.0000   37.5000  -15.000013219.4775   21.9758
    7.5000   37.5000  -15.000012690.6084   22.0236
   -7.5000   45.0000  -15.000011927.7246   21.4398
    0.0000   45.0000  -15.000012413.0781   21.4783
    7.5000   45.0000  -15.000011933.5361   21.5183
   -7.5000  -45.0000   -7.5000 8437.7100   23.6675
    0.0000  -45.0000   -7.5000 8827.2979   23.7273
    7.5000  -45.0000   -7.5000 8418.1035   23.7921
   -7.5000  -37.5000   -7.5000 9229.7715   23.0480
    0.0000  -37.5000   -7.5000 9659.3760   23.0888
    7.5000  -37.5000   -7.5000 9199.8145   23.1460
   -7.5000  -30.0000   -7.500010446.9971   22.6306
    0.0000  -30.0000   -7.500010931.8369   22.6605
    7.5000  -30.0000   -7.500010402.0312   22.7157
   -7.5000  -22.5000   -7.500011685.7402   22.4345
    0.0000  -22.5000   -7.500012227.6855   22.4661
    7.5000  -22.5000   -7.500011678.0459   22.5240
   -7.5000  -15.0000   -7.500012941.2549   22.4206
    0.0000  -15.0000   -7.500013545.1406   22.4627
    7.5000  -15.0000   -7.500012951.5352   22.5241
   -7.5000   -7.5000   -7.500014236.8730   22.4277
    0.0000   -7.5000   -7.500014888.1279   22.4787
    7.5000   -7.5000   -7.500014196.9258   22.5404
   -7.5000    0.0000   -7.500015359.3574   22.4462
    0.0000    0.0000   -7.500016074.6074   22.4955
    7.5000    0.0000   -7.500015298.7744   22.5536
   -7.5000    7.5000   -7.500015247.7715   22.4553
    0.0000    7.5000   -7.500015903.3486   22.4936
    7.5000    7.5000   -7.500015197.8369   22.5482
   -7.5000   15.0000   -7.500014899.9395   22.4463
    0.0000   15.0000   -7.500015507.6982   22.4760
    7.5000   15.0000   -7.500014871.3281   22.5304
   -7.5000   22.5000   -7.500014402.1201   22.4198
    0.0000   22.5000   -7.500015004.8379   22.4514
    7.5000   22.5000   -7.500014411.4316   22.5092
   -7.5000   30.0000   -7.500013790.3838   22.1298
    0.0000   30.0000   -7.500014400.7803   22.1714
    7.5000   30.0000   -7.500013821.6006   22.2320
   -7.5000   37.5000   -7.500013601.6455   22.1368
    0.0000   37.5000   -7.500014190.6240   22.1872
    7.5000   37.5000   -7.500013628.1748   22.2481
   -7.5000   45.0000   -7.500012783.0996   21.6339
    0.0000   45.0000   -7.500013312.4902   21.6814
    7.5000   45.0000   -7.500012816.4209   21.7374
   -7.5000  -45.0000    0.0000 8831.1201   23.6827
    0.0000  -45.0000    0.0000 9247.2354   23.7359
    7.5000  -45.0000    0.0000 8820.1680   23.7883
   -7.5000  -37.5000    0.0000 9626.5488   23.0609
    0.0000  -37.5000    0.000010084.5752   23.0948
    7.5000  -37.5000    0.0000 9607.5752   23.1377
   -7.5000  -30.0000    0.000010875.9365   22.6347
    0.0000  -30.0000    0.000011369.1602   22.6550
    7.5000  -30.0000    0.000010829.7979   22.6917
   -7.5000  -22.5000    0.000012171.2412   22.4335
    0.0000  -22.5000    0.000012719.0293   22.4518
    7.5000  -22.5000    0.000012149.7373   22.4894
   -7.5000  -15.0000    0.000013475.1416   22.4238
    0.0000  -15.0000    0.000014104.6846   22.4515
    7.5000  -15.0000    0.000013483.7646   22.4942
   -7.5000   -7.5000    0.000014874.8809   22.4416
    0.0000   -7.5000    0.000015568.9717   22.4821
    7.5000   -7.5000    0.000014850.6045   22.5297
   -7.5000    0.0000    0.000016256.0371   22.4656
    0.0000    0.0000    0.000017016.8789   22.5086
    7.5000    0.0000    0.000016187.9727   22.5555
   -7.5000    7.5000    0.000016332.1719   22.4694
    0.0000    7.5000    0.000017103.7891   22.5014
    7.5000    7.5000    0.000016234.3389   22.5421
   -7.5000   15.0000    0.000015972.0527   22.4508
    0.0000   15.0000    0.000016677.2207   22.4709
    7.5000   15.0000    0.000015903.3818   22.5072
   -7.5000   22.5000    0.000015396.1709   22.4189
    0.0000   22.5000    0.000016070.9854   22.4372
    7.5000   22.5000    0.000015318.4795   22.4747
   -7.5000   30.0000    0.000014752.4033   22.1336
    0.0000   30.0000    0.000015422.5869   22.1609
    7.5000   30.0000    0.000014663.3545   22.2030
   -7.5000   37.5000    0.000014557.2549   22.1511
    0.0000   37.5000    0.000015235.3516   22.1911
    7.5000   37.5000    0.000014448.9893   22.2381
   -7.5000   45.0000    0.000013705.9326   21.6543
    0.0000   45.0000    0.000014306.4053   21.6957
    7.5000   45.0000    0.000013599.8584   21.7409
   -7.5000  -45.0000    7.5000 8514.7676   23.7321
    0.0000  -45.0000    7.5000 8912.5127   23.7676
    7.5000  -45.0000    7.5000 8493.7197   23.7881
   -7.5000  -37.5000    7.5000 9290.9287   23.1206
    0.0000  -37.5000    7.5000 9727.0303   23.1425
    7.5000  -37.5000    7.5000 9261.1377   23.1574
   -7.5000  -30.0000    7.500010483.4492   22.6870
    0.0000  -30.0000    7.500010958.2734   22.6994
    7.5000  -30.0000    7.500010436.6416   22.7122
   -7.5000  -22.5000    7.500011750.3359   22.4667
    0.0000  -22.5000    7.500012290.6650   22.4757
    7.5000  -22.5000    7.500011735.9834   22.4905
   -7.5000  -15.0000    7.500013005.8252   22.4450
    0.0000  -15.0000    7.500013618.4902   22.4583
    7.5000  -15.0000    7.500013034.9570   22.4754
   -7.5000   -7.5000    7.500014362.3311   22.4710
    0.0000   -7.5000    7.500015037.7959   22.4939
    7.5000   -7.5000    7.500014442.9150   22.5125
   -7.5000    0.0000    7.500015899.5596   22.5119
    0.0000    0.0000    7.500016661.2852   22.5390
    7.5000    0.0000    7.500015871.1494   22.5563
   -7.5000    7.5000    7.500016395.3789   22.5257
    0.0000    7.5000    7.500017235.2793   22.5465
    7.5000    7.5000    7.500016109.2031   22.5606
   -7.5000   15.0000    7.500016318.4189   22.5023
    0.0000   15.0000    7.500017193.3535   22.5147
    7.5000   15.0000    7.500015917.1279   22.5276
   -7.5000   22.5000    7.500015625.0371   22.4521
    0.0000   22.5000    7.500016430.5801   22.4611
    7.5000   22.5000    7.500015182.7061   22.4758
   -7.5000   30.0000    7.500014777.0840   22.1544
    0.0000   30.0000    7.500015511.0127   22.1676
    7.5000   30.0000    7.500014357.4961   22.1845
   -7.5000   37.5000    7.500014424.4443   22.1802
    0.0000   37.5000    7.500015155.7061   22.2028
    7.5000   37.5000    7.500014104.1719   22.2211
   -7.5000   45.0000    7.500013557.4229   21.6989
    0.0000   45.0000    7.500014193.5430   21.7250
    7.5000   45.0000    7.500013336.6699   21.7417
   -7.5000  -45.0000   15.0000 8124.7773   23.8008
    0.0000  -45.0000   15.0000 8498.6299   23.8248
    7.5000  -45.0000   15.0000 8116.0498   23.8249
   -7.5000  -37.5000   15.0000 8877.1787   23.2032
    0.0000  -37.5000   15.0000 9276.6875   23.2196
    7.5000  -37.5000   15.0000 8854.7822   23.2192
   -7.5000  -30.0000   15.000010027.5801   22.7721
    0.0000  -30.0000   15.000010459.5869   22.7847
    7.5000  -30.0000   15.0000 9982.4766   22.7897
   -7.5000  -22.5000   15.000011284.6074   22.5371
    0.0000  -22.5000   15.000011767.3457   22.5475
    7.5000  -22.5000   15.000011222.9521   22.5568
   -7.5000  -15.0000   15.000012553.7217   22.4971
    0.0000  -15.0000   15.000013126.8232   22.5080
    7.5000  -15.0000   15.000012481.2344   22.5162
   -7.5000   -7.5000   15.000013892.1260   22.5195
    0.0000   -7.5000   15.000014560.9727   22.5341
    7.5000   -7.5000   15.000013787.4824   22.5369
   -7.5000    0.0000   15.000015400.9814   22.5726
    0.0000    0.0000   15.000016156.4062   22.5895
    7.5000    0.0000   15.000015192.1436   22.5878
   -7.5000    7.5000   15.000015966.1660   22.6034
    0.0000    7.5000   15.000016882.3320   22.6190
    7.5000    7.5000   15.000015530.6982   22.6186
   -7.5000   15.0000   15.000016040.6631   22.5861
    0.0000   15.0000   15.000017092.0254   22.5987
    7.5000   15.0000   15.000015442.7354   22.6039
   -7.5000   22.5000   15.000015328.3662   22.5224
    0.0000   22.5000   15.000016343.0352   22.5328
    7.5000   22.5000   15.000014809.0586   22.5420
   -7.5000   30.0000   15.000014394.1865   22.2059
    0.0000   30.0000   15.000015274.3242   22.2167
    7.5000   30.0000   15.000014008.1611   22.2248
   -7.5000   37.5000   15.000013958.5557   22.2281
    0.0000   37.5000   15.000014759.2686   22.2424
    7.5000   37.5000   15.000013684.6182   22.2452
   -7.5000   45.0000   15.000013080.7578   21.7574
    0.0000   45.0000   15.000013788.7861   21.7737
    7.5000   45.0000   15.000012910.0801   21.7721
   -7.5000  -45.0000   22.5000 7628.5894   23.8400
    0.0000  -45.0000   22.5000 8000.3496   23.8718
    7.5000  -45.0000   22.5000 7625.2295   23.8866
   -7.5000  -37.5000   22.5000 8393.8086   23.2435
    0.0000  -37.5000   22.5000 8799.2021   23.2669
    7.5000  -37.5000   22.5000 8359.0713   23.2827
   -7.5000  -30.0000   22.5000 9567.9932   22.8214
    0.0000  -30.0000   22.500010018.0840   22.8428
    7.5000  -30.0000   22.5000 9480.9141   22.8673
   -7.5000  -22.5000   22.500010821.7676   22.5920
    0.0000  -22.5000   22.500011343.2354   22.6144
    7.5000  -22.5000   22.500010676.4854   22.6445
   -7.5000  -15.0000   22.500012074.7607   22.5470
    0.0000  -15.0000   22.500012641.5605   22.5722
    7.5000  -15.0000   22.500011897.1465   22.6002
   -7.5000   -7.5000   22.500013332.9023   22.5572
    0.0000   -7.5000   22.500013907.6348   22.5831
    7.5000   -7.5000   22.500013130.5010   22.6022
   -7.5000    0.0000   22.500014714.1963   22.6044
    0.0000    0.0000   22.500015368.6494   22.6285
    7.5000    0.0000   22.500014494.1436   22.6403
   -7.5000    7.5000   22.500015087.7217   22.6410
    0.0000    7.5000   22.500016006.4082   22.6632
    7.5000    7.5000   22.500014849.8232   22.6783
   -7.5000   15.0000   22.500014972.4746   22.6346
    0.0000   15.0000   22.500015979.1240   22.6559
    7.5000   15.0000   22.500014774.6523   22.6802
   -7.5000   22.5000   22.500014267.1025   22.5773
    0.0000   22.5000   22.500015134.1582   22.5997
    7.5000   22.5000   22.500014157.2314   22.6296
   -7.5000   30.0000   22.500013578.6592   22.2552
    0.0000   30.0000   22.500014370.4541   22.2800
    7.5000   30.0000   22.500013476.1943   22.3077
   -7.5000   37.5000   22.500013307.3037   22.2653
    0.0000   37.5000   22.500014074.1963   22.2909
    7.5000   37.5000   22.500013216.9961   22.3097
   -7.5000   45.0000   22.500012503.1240   21.7881
    0.0000   45.0000   22.500013209.1543   21.8113
    7.5000   45.0000   22.500012438.2861   21.8227
   -7.5000  -45.0000   30.0000 7068.7803   23.8905
    0.0000  -45.0000   30.0000 7413.2705   23.9408
    7.5000  -45.0000   30.0000 7048.0938   23.9890
   -7.5000  -37.5000   30.0000 7846.9272   23.2768
    0.0000  -37.5000   30.0000 8216.1201   23.3130
    7.5000  -37.5000   30.0000 7779.7397   23.3590
   -7.5000  -30.0000   30.0000 8919.3506   22.8572
    0.0000  -30.0000   30.0000 9321.0342   22.8883
    7.5000  -30.0000   30.0000 8825.1582   22.9398
   -7.5000  -22.5000   30.000010037.1396   22.6460
    0.0000  -22.5000   30.000010482.2578   22.6806
    7.5000  -22.5000   30.0000 9934.7822   22.7371
   -7.5000  -15.0000   30.000011175.5049   22.6150
    0.0000  -15.0000   30.000011684.4453   22.6573
    7.5000  -15.0000   30.000011071.0703   22.7138
   -7.5000   -7.5000   30.000012340.8691   22.6180
    0.0000   -7.5000   30.000012909.4004   22.6633
    7.5000   -7.5000   30.000012231.9180   22.7129
   -7.5000    0.0000   30.000013521.3281   22.6477
    0.0000    0.0000   30.000014242.4365   22.6886
    7.5000    0.0000   30.000013447.3457   22.7311
   -7.5000    7.5000   30.000013620.2627   22.6728
    0.0000    7.5000   30.000014523.1338   22.7068
    7.5000    7.5000   30.000013590.9014   22.7507
   -7.5000   15.0000   30.000013372.2041   22.6698
    0.0000   15.0000   30.000014208.1855   22.7005
    7.5000   15.0000   30.000013396.7812   22.7514
   -7.5000   22.5000   30.000012844.3027   22.6313
    0.0000   22.5000   30.000013584.1025   22.6658
    7.5000   22.5000   30.000012904.1641   22.7222
   -7.5000   30.0000   30.000012407.7598   22.3223
    0.0000   30.0000   30.000013074.9248   22.3641
    7.5000   30.0000   30.000012407.4004   22.4198
   -7.5000   37.5000   30.000012273.6611   22.3253
    0.0000   37.5000   30.000012936.9502   22.3700
    7.5000   37.5000   30.000012242.2334   22.4190
   -7.5000   45.0000   30.000011529.9678   21.8298
    0.0000   45.0000   30.000012175.4727   21.8692
    7.5000   45.0000   30.000011515.1777   21.9102
   -7.5000  -45.0000   37.5000 6860.3799   24.4567
    0.0000  -45.0000   37.5000 7179.0776   24.5190
    7.5000  -45.0000   37.5000 6810.7178   24.5869
   -7.5000  -37.5000   37.5000 7605.3101   23.7982
    0.0000  -37.5000   37.5000 7942.1831   23.8406
    7.5000  -37.5000   37.5000 7540.6489   23.9007
   -7.5000  -30.0000   37.5000 8645.2607   23.3537
    0.0000  -30.0000   37.5000 9013.0928   23.3847
    7.5000  -30.0000   37.5000 8561.5176   23.4429
   -7.5000  -22.5000   37.5000 9741.3340   23.1457
    0.0000  -22.5000   37.500010174.3242   23.1782
    7.5000  -22.5000   37.5000 9652.7910   23.2392
   -7.5000  -15.0000   37.500010819.2227   23.1318
    0.0000  -15.0000   37.500011316.0371   23.1749
    7.5000  -15.0000   37.500010745.4922   23.2396
   -7.5000   -7.5000   37.500011907.0586   23.1398
    0.0000   -7.5000   37.500012462.3633   23.1923
    7.5000   -7.5000   37.500011879.5215   23.2571
   -7.5000    0.0000   37.500012988.0889   23.1593
    0.0000    0.0000   37.500013673.5029   23.2104
    7.5000    0.0000   37.500012992.7236   23.2711
   -7.5000    7.5000   37.500012999.0771   23.1681
    0.0000    7.5000   37.500013750.5918   23.2079
    7.5000    7.5000   37.500013027.9170   23.2651
   -7.5000   15.0000   37.500012793.7471   23.1580
    0.0000   15.0000   37.500013441.0557   23.1887
    7.5000   15.0000   37.500012825.0869   23.2460
   -7.5000   22.5000   37.500012449.8525   23.1305
    0.0000   22.5000   37.500013055.1982   23.1629
    7.5000   22.5000   37.500012470.5615   23.2238
   -7.5000   30.0000   37.500012068.1748   22.8324
    0.0000   30.0000   37.500012673.7646   22.8750
    7.5000   30.0000   37.500012067.0869   22.9389
   -7.5000   37.5000   37.500011949.5840   22.8403
    0.0000   37.5000   37.500012563.1504   22.8922
    7.5000   37.5000   37.500011901.0879   22.9561
   -7.5000   45.0000   37.500011244.4834   22.3229
    0.0000   45.0000   37.500011828.7480   22.3721
    7.5000   45.0000   37.500011203.3818   22.4307
   -7.5000  -45.0000   45.0000 6369.7188   25.1469
    0.0000  -45.0000   45.0000 6637.9517   25.2101
    7.5000  -45.0000   45.0000 6311.7153   25.2737
   -7.5000  -37.5000   45.0000 7048.7910   24.4456
    0.0000  -37.5000   45.0000 7340.7588   24.4867
    7.5000  -37.5000   45.0000 6978.5054   24.5382
   -7.5000  -30.0000   45.0000 8011.2124   23.9623
    0.0000  -30.0000   45.0000 8348.3965   23.9867
    7.5000  -30.0000   45.0000 7925.5518   24.0306
   -7.5000  -22.5000   45.0000 9014.3701   23.7345
    0.0000  -22.5000   45.0000 9409.1260   23.7558
    7.5000  -22.5000   45.0000 8939.5332   23.8010
   -7.5000  -15.0000   45.000010017.1318   23.7251
    0.0000  -15.0000   45.000010443.5146   23.7566
    7.5000  -15.0000   45.0000 9962.4873   23.8084
   -7.5000   -7.5000   45.000011042.2988   23.7474
    0.0000   -7.5000   45.000011531.0186   23.7944
    7.5000   -7.5000   45.000011015.2773   23.8521
   -7.5000    0.0000   45.000012025.4531   23.7754
    0.0000    0.0000   45.000012626.9570   23.8265
    7.5000    0.0000   45.000012042.5186   23.8830
   -7.5000    7.5000   45.000012013.7168   23.7782
    0.0000    7.5000   45.000012611.9668   23.8169
    7.5000    7.5000   45.000012024.7178   23.8657
   -7.5000   15.0000   45.000011832.7139   23.7549
    0.0000   15.0000   45.000012340.6816   23.7792
    7.5000   15.0000   45.000011811.3369   23.8225
   -7.5000   22.5000   45.000011563.4277   23.7187
    0.0000   22.5000   45.000012069.7666   23.7399
    7.5000   22.5000   45.000011536.3711   23.7850
   -7.5000   30.0000   45.000011227.1299   23.4160
    0.0000   30.0000   45.000011732.2080   23.4471
    7.5000   30.0000   45.000011194.7627   23.4982
   -7.5000   37.5000   45.000011141.0273   23.4380
    0.0000   37.5000   45.000011644.8711   23.4845
    7.5000   37.5000   45.000011074.0947   23.5413
   -7.5000   45.0000   45.000010493.7881   22.9272
    0.0000   45.0000   45.000010975.3916   22.9765
    7.5000   45.0000   45.000010453.7578   23.0309

---------------------------------------------------------------------
imgreg_4dfp /opt/freesurfer/average/711-2C_as_mni_average_305 /opt/freesurfer/average/711-2B_as_mni_average_305_mask talsrcimg_g11 none talsrcimg_to_711-2C_as_mni_average_305_t4 4355
---------------------------------------------------------------------

freesurfer imgreg_4dfp.c
/opt/freesurfer/average/711-2C_as_mni_average_305.4dfp.img
       256       256       256         1
  1.000000  1.000000  1.000000
orientation T byte_order littleendian
Reading image: /opt/freesurfer/average/711-2C_as_mni_average_305.4dfp.img
dimensions:      256       256       256
mmppix:       1.0000   -1.0000   -1.0000
center:     128.0000 -129.0000 -129.0000
/opt/freesurfer/average/711-2B_as_mni_average_305_mask.4dfp.img
       256       256       256         1
  1.000000  1.000000  1.000000
orientation T byte_order littleendian
Reading mask: /opt/freesurfer/average/711-2B_as_mni_average_305_mask.4dfp.img (2306576 pixels)
talsrcimg_g11.4dfp.img
       256       256       256         1
  1.000000  1.000000  1.000000
orientation T byte_order littleendian
Reading image: talsrcimg_g11.4dfp.img
dimensions:      256       256       256
mmppix:       1.0000   -1.0000   -1.0000
center:     128.0000 -129.0000 -129.0000
rotation matrix determinant  1.000000
image alignment mode   4355 decimal     1103 hex
   -7.5000  -37.5000  -37.5000 2066.4446   28.9292
    0.0000  -37.5000  -37.5000 2070.1223   28.9333
    7.5000  -37.5000  -37.5000 2054.7844   29.0466
   -7.5000  -30.0000  -37.5000 2182.0442   26.1095
    0.0000  -30.0000  -37.5000 2186.0015   26.0716
    7.5000  -30.0000  -37.5000 2169.5508   26.2222
   -7.5000  -22.5000  -37.5000 2275.9976   23.8641
    0.0000  -22.5000  -37.5000 2281.6562   23.7673
    7.5000  -22.5000  -37.5000 2263.3364   23.9708
   -7.5000  -15.0000  -37.5000 2346.4805   22.0566
    0.0000  -15.0000  -37.5000 2357.2900   21.9539
    7.5000  -15.0000  -37.5000 2330.6096   22.1934
   -7.5000   -7.5000  -37.5000 2399.6035   20.8224
    0.0000   -7.5000  -37.5000 2407.2759   20.6804
    7.5000   -7.5000  -37.5000 2379.0847   20.9849
   -7.5000    0.0000  -37.5000 2432.7500   20.0085
    0.0000    0.0000  -37.5000 2442.1814   19.8531
    7.5000    0.0000  -37.5000 2413.2329   20.1497
   -7.5000    7.5000  -37.5000 2453.6824   19.5223
    0.0000    7.5000  -37.5000 2460.7388   19.3648
    7.5000    7.5000  -37.5000 2436.3789   19.6678
   -7.5000   15.0000  -37.5000 2469.4407   19.4288
    0.0000   15.0000  -37.5000 2471.8872   19.2462
    7.5000   15.0000  -37.5000 2447.9980   19.5411
   -7.5000   22.5000  -37.5000 2469.2793   19.7389
    0.0000   22.5000  -37.5000 2469.8662   19.5451
    7.5000   22.5000  -37.5000 2445.2622   19.8270
   -7.5000   30.0000  -37.5000 2442.9548   20.3340
    0.0000   30.0000  -37.5000 2448.0090   20.1394
    7.5000   30.0000  -37.5000 2419.2781   20.4271
   -7.5000   37.5000  -37.5000 2408.3538   21.2645
    0.0000   37.5000  -37.5000 2417.7073   21.0873
    7.5000   37.5000  -37.5000 2381.5847   21.3715
   -7.5000   45.0000  -37.5000 2340.1604   22.5369
    0.0000   45.0000  -37.5000 2346.2307   22.3737
    7.5000   45.0000  -37.5000 2317.6509   22.6438
   -7.5000   52.5000  -37.5000 2223.2285   24.0021
    0.0000   52.5000  -37.5000 2232.1331   23.8230
    7.5000   52.5000  -37.5000 2208.7087   24.0755
   -7.5000  -37.5000  -30.0000 2182.3235   28.7834
    0.0000  -37.5000  -30.0000 2184.3352   28.7530
    7.5000  -37.5000  -30.0000 2155.2070   28.9338
   -7.5000  -30.0000  -30.0000 2309.9270   25.9123
    0.0000  -30.0000  -30.0000 2312.7930   25.8441
    7.5000  -30.0000  -30.0000 2277.9070   26.0528
   -7.5000  -22.5000  -30.0000 2409.1550   23.5925
    0.0000  -22.5000  -30.0000 2414.4126   23.4751
    7.5000  -22.5000  -30.0000 2381.9653   23.7247
   -7.5000  -15.0000  -30.0000 2487.0720   21.8196
    0.0000  -15.0000  -30.0000 2494.2056   21.6738
    7.5000  -15.0000  -30.0000 2463.8518   21.9330
   -7.5000   -7.5000  -30.0000 2538.0864   20.4471
    0.0000   -7.5000  -30.0000 2545.9885   20.2600
    7.5000   -7.5000  -30.0000 2511.5420   20.5346
   -7.5000    0.0000  -30.0000 2580.7124   19.5233
    0.0000    0.0000  -30.0000 2584.1621   19.3099
    7.5000    0.0000  -30.0000 2552.8047   19.5943
   -7.5000    7.5000  -30.0000 2604.0286   19.0275
    0.0000    7.5000  -30.0000 2606.6509   18.8306
    7.5000    7.5000  -30.0000 2580.3906   19.1425
   -7.5000   15.0000  -30.0000 2615.1104   18.8624
    0.0000   15.0000  -30.0000 2616.0532   18.7245
    7.5000   15.0000  -30.0000 2591.4929   19.0137
   -7.5000   22.5000  -30.0000 2618.1411   19.0754
    0.0000   22.5000  -30.0000 2620.1665   18.9188
    7.5000   22.5000  -30.0000 2593.6738   19.1793
   -7.5000   30.0000  -30.0000 2599.7356   19.5649
    0.0000   30.0000  -30.0000 2601.5669   19.4481
    7.5000   30.0000  -30.0000 2572.6792   19.6919
   -7.5000   37.5000  -30.0000 2562.2466   20.4598
    0.0000   37.5000  -30.0000 2566.5640   20.3046
    7.5000   37.5000  -30.0000 2528.5349   20.5934
   -7.5000   45.0000  -30.0000 2495.6443   21.6790
    0.0000   45.0000  -30.0000 2503.3064   21.5342
    7.5000   45.0000  -30.0000 2469.3403   21.8249
   -7.5000   52.5000  -30.0000 2373.8267   23.1456
    0.0000   52.5000  -30.0000 2386.1841   22.9889
    7.5000   52.5000  -30.0000 2355.7939   23.3048
   -7.5000  -37.5000  -22.5000 2263.1016   28.3577
    0.0000  -37.5000  -22.5000 2269.2810   28.3605
    7.5000  -37.5000  -22.5000 2239.9395   28.6719
   -7.5000  -30.0000  -22.5000 2397.1929   25.5226
    0.0000  -30.0000  -22.5000 2403.0139   25.4577
    7.5000  -30.0000  -22.5000 2368.6475   25.7596
   -7.5000  -22.5000  -22.5000 2499.1985   23.1242
    0.0000  -22.5000  -22.5000 2504.0637   23.0397
    7.5000  -22.5000  -22.5000 2473.3857   23.3739
   -7.5000  -15.0000  -22.5000 2579.8201   21.2938
    0.0000  -15.0000  -22.5000 2585.2085   21.1614
    7.5000  -15.0000  -22.5000 2558.1699   21.4643
   -7.5000   -7.5000  -22.5000 2633.0039   19.8746
    0.0000   -7.5000  -22.5000 2639.3145   19.7396
    7.5000   -7.5000  -22.5000 2615.1121   20.0287
   -7.5000    0.0000  -22.5000 2679.2905   18.8713
    0.0000    0.0000  -22.5000 2679.5884   18.6730
    7.5000    0.0000  -22.5000 2651.0754   18.9722
   -7.5000    7.5000  -22.5000 2707.7129   18.2975
    0.0000    7.5000  -22.5000 2713.0791   18.1366
    7.5000    7.5000  -22.5000 2681.6924   18.4526
   -7.5000   15.0000  -22.5000 2726.0042   18.0883
    0.0000   15.0000  -22.5000 2730.4072   17.9743
    7.5000   15.0000  -22.5000 2702.8521   18.2844
   -7.5000   22.5000  -22.5000 2737.6782   18.2403
    0.0000   22.5000  -22.5000 2740.3125   18.1110
    7.5000   22.5000  -22.5000 2712.3687   18.4321
   -7.5000   30.0000  -22.5000 2724.4172   18.6957
    0.0000   30.0000  -22.5000 2729.1748   18.5505
    7.5000   30.0000  -22.5000 2698.0547   18.8909
   -7.5000   37.5000  -22.5000 2683.3191   19.5104
    0.0000   37.5000  -22.5000 2687.0637   19.3650
    7.5000   37.5000  -22.5000 2657.8120   19.7096
   -7.5000   45.0000  -22.5000 2608.2134   20.6485
    0.0000   45.0000  -22.5000 2616.6816   20.5141
    7.5000   45.0000  -22.5000 2584.3577   20.8318
   -7.5000   52.5000  -22.5000 2485.7539   22.0936
    0.0000   52.5000  -22.5000 2498.8035   21.9240
    7.5000   52.5000  -22.5000 2466.5334   22.2634
   -7.5000  -37.5000  -15.0000 2292.6858   27.9095
    0.0000  -37.5000  -15.0000 2300.3296   27.8757
    7.5000  -37.5000  -15.0000 2279.0398   28.2620
   -7.5000  -30.0000  -15.0000 2431.3816   25.0777
    0.0000  -30.0000  -15.0000 2440.4927   25.0357
    7.5000  -30.0000  -15.0000 2416.6318   25.3401
   -7.5000  -22.5000  -15.0000 2533.9258   22.6327
    0.0000  -22.5000  -15.0000 2544.3906   22.5850
    7.5000  -22.5000  -15.0000 2525.8643   22.9030
   -7.5000  -15.0000  -15.0000 2619.2527   20.7446
    0.0000  -15.0000  -15.0000 2626.4561   20.6540
    7.5000  -15.0000  -15.0000 2612.9148   20.9860
   -7.5000   -7.5000  -15.0000 2682.3770   19.3005
    0.0000   -7.5000  -15.0000 2693.8965   19.2069
    7.5000   -7.5000  -15.0000 2678.6343   19.5055
   -7.5000    0.0000  -15.0000 2723.5422   18.2152
    0.0000    0.0000  -15.0000 2737.5737   18.0978
    7.5000    0.0000  -15.0000 2710.0286   18.4003
   -7.5000    7.5000  -15.0000 2761.5334   17.5837
    0.0000    7.5000  -15.0000 2771.5364   17.4269
    7.5000    7.5000  -15.0000 2738.8845   17.7778
   -7.5000   15.0000  -15.0000 2790.3459   17.3185
    0.0000   15.0000  -15.0000 2796.4031   17.1515
    7.5000   15.0000  -15.0000 2768.6201   17.5508
   -7.5000   22.5000  -15.0000 2810.5977   17.4443
    0.0000   22.5000  -15.0000 2815.5173   17.2864
    7.5000   22.5000  -15.0000 2787.8621   17.6744
   -7.5000   30.0000  -15.0000 2798.0969   17.8671
    0.0000   30.0000  -15.0000 2809.5742   17.7113
    7.5000   30.0000  -15.0000 2777.9851   18.0793
   -7.5000   37.5000  -15.0000 2758.6580   18.6299
    0.0000   37.5000  -15.0000 2768.3069   18.4812
    7.5000   37.5000  -15.0000 2739.8215   18.8510
   -7.5000   45.0000  -15.0000 2682.3894   19.6961
    0.0000   45.0000  -15.0000 2693.7551   19.5521
    7.5000   45.0000  -15.0000 2667.3130   19.9038
   -7.5000   52.5000  -15.0000 2557.6597   21.0413
    0.0000   52.5000  -15.0000 2568.8037   20.8896
    7.5000   52.5000  -15.0000 2546.2874   21.2823
   -7.5000  -37.5000   -7.5000 2295.1960   27.5777
    0.0000  -37.5000   -7.5000 2305.6714   27.5033
    7.5000  -37.5000   -7.5000 2284.4011   27.8114
   -7.5000  -30.0000   -7.5000 2431.4722   24.6405
    0.0000  -30.0000   -7.5000 2446.0886   24.5997
    7.5000  -30.0000   -7.5000 2422.5947   24.8725
   -7.5000  -22.5000   -7.5000 2541.9275   22.2020
    0.0000  -22.5000   -7.5000 2556.7266   22.1418
    7.5000  -22.5000   -7.5000 2536.3733   22.4289
   -7.5000  -15.0000   -7.5000 2633.4500   20.2605
    0.0000  -15.0000   -7.5000 2647.6062   20.1892
    7.5000  -15.0000   -7.5000 2633.8264   20.5203
   -7.5000   -7.5000   -7.5000 2709.3523   18.7864
    0.0000   -7.5000   -7.5000 2722.4888   18.7116
    7.5000   -7.5000   -7.5000 2708.5146   19.0216
   -7.5000    0.0000   -7.5000 2755.4854   17.7043
    0.0000    0.0000   -7.5000 2771.8218   17.6059
    7.5000    0.0000   -7.5000 2757.0925   17.9233
   -7.5000    7.5000   -7.5000 2795.1941   17.0405
    0.0000    7.5000   -7.5000 2803.9299   16.8644
    7.5000    7.5000   -7.5000 2791.4065   17.2417
   -7.5000   15.0000   -7.5000 2825.1611   16.6572
    0.0000   15.0000   -7.5000 2828.2581   16.4611
    7.5000   15.0000   -7.5000 2813.0254   16.8918
   -7.5000   22.5000   -7.5000 2849.9446   16.7444
    0.0000   22.5000   -7.5000 2854.3477   16.5679
    7.5000   22.5000   -7.5000 2833.7498   16.9779
   -7.5000   30.0000   -7.5000 2840.1833   17.1684
    0.0000   30.0000   -7.5000 2854.8269   16.9892
    7.5000   30.0000   -7.5000 2831.6719   17.3997
   -7.5000   37.5000   -7.5000 2806.0942   17.8495
    0.0000   37.5000   -7.5000 2820.5764   17.7035
    7.5000   37.5000   -7.5000 2798.3987   18.0900
   -7.5000   45.0000   -7.5000 2728.5447   18.8260
    0.0000   45.0000   -7.5000 2742.5171   18.7097
    7.5000   45.0000   -7.5000 2721.8291   19.0937
   -7.5000   52.5000   -7.5000 2605.4170   20.1075
    0.0000   52.5000   -7.5000 2617.0586   19.9875
    7.5000   52.5000   -7.5000 2596.7683   20.3775
   -7.5000  -37.5000    0.0000 2293.5212   27.7245
    0.0000  -37.5000    0.0000 2297.9990   27.6411
    7.5000  -37.5000    0.0000 2281.6274   27.9895
   -7.5000  -30.0000    0.0000 2425.8943   24.6292
    0.0000  -30.0000    0.0000 2427.8013   24.5032
    7.5000  -30.0000    0.0000 2407.2693   24.7888
   -7.5000  -22.5000    0.0000 2537.1362   22.0949
    0.0000  -22.5000    0.0000 2539.0024   21.9399
    7.5000  -22.5000    0.0000 2524.0149   22.2565
   -7.5000  -15.0000    0.0000 2631.2334   20.0980
    0.0000  -15.0000    0.0000 2633.6738   19.9622
    7.5000  -15.0000    0.0000 2621.8674   20.2264
   -7.5000   -7.5000    0.0000 2715.4492   18.5786
    0.0000   -7.5000    0.0000 2715.8928   18.4713
    7.5000   -7.5000    0.0000 2701.9780   18.6903
   -7.5000    0.0000    0.0000 2773.8462   17.5707
    0.0000    0.0000    0.0000 2774.8508   17.3986
    7.5000    0.0000    0.0000 2764.1208   17.6584
   -7.5000    7.5000    0.0000 2823.5681   16.9995
    0.0000    7.5000    0.0000 2827.2390   16.8377
    7.5000    7.5000    0.0000 2817.7407   17.0699
   -7.5000   15.0000    0.0000 2853.4866   16.5406
    0.0000   15.0000    0.0000 2852.6343   16.3892
    7.5000   15.0000    0.0000 2843.5588   16.6656
   -7.5000   22.5000    0.0000 2881.6121   16.3476
    0.0000   22.5000    0.0000 2882.1624   16.2134
    7.5000   22.5000    0.0000 2852.4329   16.5820
   -7.5000   30.0000    0.0000 2872.4895   16.7190
    0.0000   30.0000    0.0000 2883.5608   16.5880
    7.5000   30.0000    0.0000 2850.4529   16.8507
   -7.5000   37.5000    0.0000 2843.3535   17.4027
    0.0000   37.5000    0.0000 2856.0881   17.2785
    7.5000   37.5000    0.0000 2819.8518   17.4823
   -7.5000   45.0000    0.0000 2770.8662   18.4170
    0.0000   45.0000    0.0000 2781.1284   18.2812
    7.5000   45.0000    0.0000 2751.6282   18.4921
   -7.5000   52.5000    0.0000 2652.8081   19.7366
    0.0000   52.5000    0.0000 2658.4568   19.5463
    7.5000   52.5000    0.0000 2630.7124   19.7671
   -7.5000  -37.5000    7.5000 2274.4707   28.2120
    0.0000  -37.5000    7.5000 2279.7012   28.1773
    7.5000  -37.5000    7.5000 2259.3191   28.3999
   -7.5000  -30.0000    7.5000 2404.4963   24.8893
    0.0000  -30.0000    7.5000 2408.0852   24.8238
    7.5000  -30.0000    7.5000 2382.2563   25.0878
   -7.5000  -22.5000    7.5000 2524.2258   22.2892
    0.0000  -22.5000    7.5000 2526.2832   22.1874
    7.5000  -22.5000    7.5000 2505.5010   22.4594
   -7.5000  -15.0000    7.5000 2620.5430   20.2262
    0.0000  -15.0000    7.5000 2619.1670   20.1160
    7.5000  -15.0000    7.5000 2607.0837   20.3597
   -7.5000   -7.5000    7.5000 2715.2534   18.7811
    0.0000   -7.5000    7.5000 2712.8811   18.6806
    7.5000   -7.5000    7.5000 2709.6179   18.8997
   -7.5000    0.0000    7.5000 2810.0476   17.9723
    0.0000    0.0000    7.5000 2801.1160   17.8647
    7.5000    0.0000    7.5000 2799.7515   18.0202
   -7.5000    7.5000    7.5000 2893.0452   17.5450
    0.0000    7.5000    7.5000 2892.7771   17.4554
    7.5000    7.5000    7.5000 2864.8601   17.3636
   -7.5000   15.0000    7.5000 2936.0098   17.1417
    0.0000   15.0000    7.5000 2947.0813   17.1526
    7.5000   15.0000    7.5000 2891.9617   16.9501
   -7.5000   22.5000    7.5000 2928.0891   16.5751
    0.0000   22.5000    7.5000 2939.0171   16.5739
    7.5000   22.5000    7.5000 2882.9753   16.5740
   -7.5000   30.0000    7.5000 2910.0234   16.6143
    0.0000   30.0000    7.5000 2919.7966   16.5537
    7.5000   30.0000    7.5000 2862.1704   16.6096
   -7.5000   37.5000    7.5000 2876.6284   17.1656
    0.0000   37.5000    7.5000 2889.1982   17.1185
    7.5000   37.5000    7.5000 2838.8694   17.1748
   -7.5000   45.0000    7.5000 2806.7769   18.1893
    0.0000   45.0000    7.5000 2817.7424   18.0934
    7.5000   45.0000    7.5000 2775.3901   18.2025
   -7.5000   52.5000    7.5000 2690.8230   19.5580
    0.0000   52.5000    7.5000 2700.7502   19.3992
    7.5000   52.5000    7.5000 2656.9939   19.5479
   -7.5000  -37.5000   15.0000 2235.9714   28.9015
    0.0000  -37.5000   15.0000 2234.7141   28.7569
    7.5000  -37.5000   15.0000 2228.1069   29.1898
   -7.5000  -30.0000   15.0000 2361.0640   25.4794
    0.0000  -30.0000   15.0000 2356.6426   25.3195
    7.5000  -30.0000   15.0000 2351.3718   25.6929
   -7.5000  -22.5000   15.0000 2490.1333   22.9287
    0.0000  -22.5000   15.0000 2482.6392   22.8051
    7.5000  -22.5000   15.0000 2479.4749   23.0867
   -7.5000  -15.0000   15.0000 2604.5347   20.9311
    0.0000  -15.0000   15.0000 2602.1509   20.8821
    7.5000  -15.0000   15.0000 2595.7021   21.0839
   -7.5000   -7.5000   15.0000 2728.5061   19.5932
    0.0000   -7.5000   15.0000 2734.6797   19.6227
    7.5000   -7.5000   15.0000 2707.4028   19.6566
   -7.5000    0.0000   15.0000 2842.8452   18.6742
    0.0000    0.0000   15.0000 2851.3259   18.7703
    7.5000    0.0000   15.0000 2806.2588   18.6622
   -7.5000    7.5000   15.0000 2935.6440   18.1286
    0.0000    7.5000   15.0000 2951.3650   18.2309
    7.5000    7.5000   15.0000 2886.8865   17.9535
   -7.5000   15.0000   15.0000 2993.5813   17.7114
    0.0000   15.0000   15.0000 3014.9922   17.8371
    7.5000   15.0000   15.0000 2929.1479   17.4799
   -7.5000   22.5000   15.0000 2984.3066   17.1907
    0.0000   22.5000   15.0000 3003.3855   17.2855
    7.5000   22.5000   15.0000 2917.6768   17.0716
   -7.5000   30.0000   15.0000 2940.7214   16.9974
    0.0000   30.0000   15.0000 2954.2131   17.0564
    7.5000   30.0000   15.0000 2888.6465   17.0168
   -7.5000   37.5000   15.0000 2884.0098   17.3527
    0.0000   37.5000   15.0000 2887.7336   17.3122
    7.5000   37.5000   15.0000 2845.4072   17.4401
   -7.5000   45.0000   15.0000 2807.1331   18.2737
    0.0000   45.0000   15.0000 2813.6733   18.1475
    7.5000   45.0000   15.0000 2777.0623   18.3396
   -7.5000   52.5000   15.0000 2692.5146   19.5494
    0.0000   52.5000   15.0000 2703.5684   19.3790
    7.5000   52.5000   15.0000 2668.7451   19.6294
   -7.5000  -37.5000   22.5000 2212.4033   30.3784
    0.0000  -37.5000   22.5000 2213.4700   30.2969
    7.5000  -37.5000   22.5000 2200.8230   30.5455
   -7.5000  -30.0000   22.5000 2349.1992   26.9672
    0.0000  -30.0000   22.5000 2347.4246   26.9164
    7.5000  -30.0000   22.5000 2330.9751   27.0653
   -7.5000  -22.5000   22.5000 2484.8577   24.2940
    0.0000  -22.5000   22.5000 2486.4341   24.2986
    7.5000  -22.5000   22.5000 2461.0786   24.4167
   -7.5000  -15.0000   22.5000 2604.7913   22.0900
    0.0000  -15.0000   22.5000 2614.0742   22.1627
    7.5000  -15.0000   22.5000 2582.7617   22.1653
   -7.5000   -7.5000   22.5000 2721.8457   20.4303
    0.0000   -7.5000   22.5000 2731.8213   20.4917
    7.5000   -7.5000   22.5000 2698.1345   20.4804
   -7.5000    0.0000   22.5000 2828.3774   19.2361
    0.0000    0.0000   22.5000 2837.3955   19.2856
    7.5000    0.0000   22.5000 2801.6665   19.2945
   -7.5000    7.5000   22.5000 2920.7249   18.4804
    0.0000    7.5000   22.5000 2936.8320   18.5436
    7.5000    7.5000   22.5000 2892.0972   18.4712
   -7.5000   15.0000   22.5000 2977.0444   17.8590
    0.0000   15.0000   22.5000 3001.7234   18.0097
    7.5000   15.0000   22.5000 2943.0659   17.8979
   -7.5000   22.5000   22.5000 2964.6907   17.2837
    0.0000   22.5000   22.5000 2983.3538   17.4039
    7.5000   22.5000   22.5000 2931.8262   17.5012
   -7.5000   30.0000   22.5000 2932.4441   17.2715
    0.0000   30.0000   22.5000 2945.5349   17.2321
    7.5000   30.0000   22.5000 2896.3406   17.5201
   -7.5000   37.5000   22.5000 2881.2388   17.8459
    0.0000   37.5000   22.5000 2888.2419   17.7975
    7.5000   37.5000   22.5000 2852.0898   18.0366
   -7.5000   45.0000   22.5000 2801.2329   18.7730
    0.0000   45.0000   22.5000 2810.6750   18.6836
    7.5000   45.0000   22.5000 2781.4902   18.9379
   -7.5000   52.5000   22.5000 2684.6584   19.9878
    0.0000   52.5000   22.5000 2691.5315   19.8444
    7.5000   52.5000   22.5000 2668.5757   20.0990
   -7.5000  -37.5000   30.0000 2198.3538   32.3971
    0.0000  -37.5000   30.0000 2202.7178   32.4013
    7.5000  -37.5000   30.0000 2184.5984   32.5699
   -7.5000  -30.0000   30.0000 2333.4141   28.6433
    0.0000  -30.0000   30.0000 2334.0999   28.5872
    7.5000  -30.0000   30.0000 2314.0889   28.7239
   -7.5000  -22.5000   30.0000 2453.9795   25.4770
    0.0000  -22.5000   30.0000 2459.7622   25.4462
    7.5000  -22.5000   30.0000 2437.4712   25.5980
   -7.5000  -15.0000   30.0000 2573.4094   23.0253
    0.0000  -15.0000   30.0000 2581.7468   23.0202
    7.5000  -15.0000   30.0000 2559.7595   23.1789
   -7.5000   -7.5000   30.0000 2684.8652   21.1526
    0.0000   -7.5000   30.0000 2693.5862   21.1639
    7.5000   -7.5000   30.0000 2669.9229   21.3223
   -7.5000    0.0000   30.0000 2788.2344   19.7617
    0.0000    0.0000   30.0000 2798.1201   19.8304
    7.5000    0.0000   30.0000 2770.3086   19.8866
   -7.5000    7.5000   30.0000 2863.5698   18.7254
    0.0000    7.5000   30.0000 2884.7021   18.8796
    7.5000    7.5000   30.0000 2849.6807   18.8472
   -7.5000   15.0000   30.0000 2903.1760   17.8372
    0.0000   15.0000   30.0000 2928.1909   18.0081
    7.5000   15.0000   30.0000 2891.4324   18.0706
   -7.5000   22.5000   30.0000 2901.0344   17.3538
    0.0000   22.5000   30.0000 2912.6157   17.3261
    7.5000   22.5000   30.0000 2878.8596   17.6707
   -7.5000   30.0000   30.0000 2896.3020   17.5826
    0.0000   30.0000   30.0000 2906.1606   17.4884
    7.5000   30.0000   30.0000 2864.3286   17.8469
   -7.5000   37.5000   30.0000 2854.5300   18.3262
    0.0000   37.5000   30.0000 2856.8105   18.2653
    7.5000   37.5000   30.0000 2827.7451   18.5370
   -7.5000   45.0000   30.0000 2765.7095   19.3791
    0.0000   45.0000   30.0000 2774.8750   19.2928
    7.5000   45.0000   30.0000 2751.1660   19.5657
   -7.5000   52.5000   30.0000 2650.8999   20.6634
    0.0000   52.5000   30.0000 2662.8926   20.5939
    7.5000   52.5000   30.0000 2638.1538   20.8154
   -7.5000  -37.5000   37.5000 2161.8105   34.1936
    0.0000  -37.5000   37.5000 2161.8201   34.1379
    7.5000  -37.5000   37.5000 2146.8123   34.4614
   -7.5000  -30.0000   37.5000 2288.8191   29.8260
    0.0000  -30.0000   37.5000 2290.8372   29.7496
    7.5000  -30.0000   37.5000 2273.8975   30.0754
   -7.5000  -22.5000   37.5000 2420.4026   26.4731
    0.0000  -22.5000   37.5000 2427.1414   26.3798
    7.5000  -22.5000   37.5000 2403.9678   26.6851
   -7.5000  -15.0000   37.5000 2535.4016   23.8082
    0.0000  -15.0000   37.5000 2539.1643   23.7363
    7.5000  -15.0000   37.5000 2521.4700   24.0541
   -7.5000   -7.5000   37.5000 2636.4729   21.7717
    0.0000   -7.5000   37.5000 2639.5496   21.7654
    7.5000   -7.5000   37.5000 2626.7283   22.0565
   -7.5000    0.0000   37.5000 2726.3516   20.2607
    0.0000    0.0000   37.5000 2737.1775   20.3352
    7.5000    0.0000   37.5000 2717.5779   20.5613
   -7.5000    7.5000   37.5000 2803.0364   19.1294
    0.0000    7.5000   37.5000 2821.9875   19.2578
    7.5000    7.5000   37.5000 2794.9565   19.4192
   -7.5000   15.0000   37.5000 2851.8186   18.2550
    0.0000   15.0000   37.5000 2862.5598   18.2700
    7.5000   15.0000   37.5000 2836.0327   18.5611
   -7.5000   22.5000   37.5000 2873.5115   17.9970
    0.0000   22.5000   37.5000 2878.0103   17.8802
    7.5000   22.5000   37.5000 2847.2683   18.2409
   -7.5000   30.0000   37.5000 2864.4143   18.2964
    0.0000   30.0000   37.5000 2872.3542   18.2078
    7.5000   30.0000   37.5000 2839.8447   18.5134
   -7.5000   37.5000   37.5000 2826.4851   19.0832
    0.0000   37.5000   37.5000 2833.9727   19.0420
    7.5000   37.5000   37.5000 2798.8047   19.2959
   -7.5000   45.0000   37.5000 2739.3171   20.2339
    0.0000   45.0000   37.5000 2748.5869   20.1568
    7.5000   45.0000   37.5000 2723.6118   20.4267
   -7.5000   52.5000   37.5000 2617.7346   21.4862
    0.0000   52.5000   37.5000 2627.3562   21.4720
    7.5000   52.5000   37.5000 2606.7168   21.6763
   -7.5000  -37.5000   45.0000 2099.1538   35.6862
    0.0000  -37.5000   45.0000 2101.1855   35.5880
    7.5000  -37.5000   45.0000 2091.3979   36.1714
   -7.5000  -30.0000   45.0000 2229.2024   30.9932
    0.0000  -30.0000   45.0000 2238.0046   30.8736
    7.5000  -30.0000   45.0000 2223.5261   31.4372
   -7.5000  -22.5000   45.0000 2357.8848   27.3392
    0.0000  -22.5000   45.0000 2361.5798   27.2188
    7.5000  -22.5000   45.0000 2347.0930   27.7217
   -7.5000  -15.0000   45.0000 2471.9878   24.6337
    0.0000  -15.0000   45.0000 2474.4939   24.5551
    7.5000  -15.0000   45.0000 2458.3391   25.0145
   -7.5000   -7.5000   45.0000 2575.4172   22.5733
    0.0000   -7.5000   45.0000 2582.9097   22.5228
    7.5000   -7.5000   45.0000 2566.3992   22.9581
   -7.5000    0.0000   45.0000 2675.9358   21.0949
    0.0000    0.0000   45.0000 2687.3132   21.0379
    7.5000    0.0000   45.0000 2666.4683   21.4565
   -7.5000    7.5000   45.0000 2749.0789   19.8962
    0.0000    7.5000   45.0000 2761.1255   19.8104
    7.5000    7.5000   45.0000 2737.8738   20.1849
   -7.5000   15.0000   45.0000 2800.1423   19.0985
    0.0000   15.0000   45.0000 2807.5193   18.9383
    7.5000   15.0000   45.0000 2778.4431   19.3617
   -7.5000   22.5000   45.0000 2828.8965   18.9153
    0.0000   22.5000   45.0000 2834.2495   18.8124
    7.5000   22.5000   45.0000 2807.8494   19.1146
   -7.5000   30.0000   45.0000 2810.4250   19.2544
    0.0000   30.0000   45.0000 2820.1104   19.1870
    7.5000   30.0000   45.0000 2788.7117   19.4652
   -7.5000   37.5000   45.0000 2767.4539   19.9893
    0.0000   37.5000   45.0000 2774.9084   19.9135
    7.5000   37.5000   45.0000 2737.5762   20.2177
   -7.5000   45.0000   45.0000 2689.4050   21.1845
    0.0000   45.0000   45.0000 2694.9736   21.0744
    7.5000   45.0000   45.0000 2672.1702   21.4178
   -7.5000   52.5000   45.0000 2574.4055   22.5322
    0.0000   52.5000   45.0000 2581.4243   22.4729
    7.5000   52.5000   45.0000 2567.2471   22.7624
   -7.5000  -37.5000   52.5000 2030.0109   37.3837
    0.0000  -37.5000   52.5000 2037.1157   37.2056
    7.5000  -37.5000   52.5000 2024.9634   37.8992
   -7.5000  -30.0000   52.5000 2160.5942   32.4341
    0.0000  -30.0000   52.5000 2169.0571   32.2635
    7.5000  -30.0000   52.5000 2159.0339   32.9851
   -7.5000  -22.5000   52.5000 2293.8613   28.6114
    0.0000  -22.5000   52.5000 2298.1030   28.4642
    7.5000  -22.5000   52.5000 2284.6702   29.0897
   -7.5000  -15.0000   52.5000 2413.2161   25.7559
    0.0000  -15.0000   52.5000 2412.6326   25.5728
    7.5000  -15.0000   52.5000 2400.3706   26.1952
   -7.5000   -7.5000   52.5000 2529.5918   23.6672
    0.0000   -7.5000   52.5000 2528.5154   23.4772
    7.5000   -7.5000   52.5000 2511.8940   24.0669
   -7.5000    0.0000   52.5000 2621.9739   22.0707
    0.0000    0.0000   52.5000 2628.3962   21.8920
    7.5000    0.0000   52.5000 2604.3894   22.4109
   -7.5000    7.5000   52.5000 2690.5286   20.8998
    0.0000    7.5000   52.5000 2699.5947   20.6898
    7.5000    7.5000   52.5000 2676.4111   21.1767
   -7.5000   15.0000   52.5000 2736.9802   20.1728
    0.0000   15.0000   52.5000 2741.3276   19.9877
    7.5000   15.0000   52.5000 2717.3196   20.4046
   -7.5000   22.5000   52.5000 2762.9878   20.0463
    0.0000   22.5000   52.5000 2766.4360   19.9030
    7.5000   22.5000   52.5000 2746.5959   20.2358
   -7.5000   30.0000   52.5000 2747.6277   20.3541
    0.0000   30.0000   52.5000 2755.2454   20.2573
    7.5000   30.0000   52.5000 2731.3037   20.5937
   -7.5000   37.5000   52.5000 2705.7761   21.0689
    0.0000   37.5000   52.5000 2714.0769   20.9952
    7.5000   37.5000   52.5000 2686.0605   21.3313
   -7.5000   45.0000   52.5000 2624.5608   22.2299
    0.0000   45.0000   52.5000 2629.0056   22.1320
    7.5000   45.0000   52.5000 2614.9282   22.5101
   -7.5000   52.5000   52.5000 2505.9785   23.6038
    0.0000   52.5000   52.5000 2516.7368   23.4942
    7.5000   52.5000   52.5000 2508.2034   23.8517

---------------------------------------------------------------------
imgreg_4dfp /opt/freesurfer/average/711-2C_as_mni_average_305 /opt/freesurfer/average/711-2B_as_mni_average_305_mask talsrcimg_g11 none talsrcimg_to_711-2C_as_mni_average_305_t4 1283
---------------------------------------------------------------------

freesurfer imgreg_4dfp.c
/opt/freesurfer/average/711-2C_as_mni_average_305.4dfp.img
       256       256       256         1
  1.000000  1.000000  1.000000
orientation T byte_order littleendian
Reading image: /opt/freesurfer/average/711-2C_as_mni_average_305.4dfp.img
dimensions:      256       256       256
mmppix:       1.0000   -1.0000   -1.0000
center:     128.0000 -129.0000 -129.0000
/opt/freesurfer/average/711-2B_as_mni_average_305_mask.4dfp.img
       256       256       256         1
  1.000000  1.000000  1.000000
orientation T byte_order littleendian
Reading mask: /opt/freesurfer/average/711-2B_as_mni_average_305_mask.4dfp.img (2306576 pixels)
talsrcimg_g11.4dfp.img
       256       256       256         1
  1.000000  1.000000  1.000000
orientation T byte_order littleendian
Reading image: talsrcimg_g11.4dfp.img
dimensions:      256       256       256
mmppix:       1.0000   -1.0000   -1.0000
center:     128.0000 -129.0000 -129.0000
rotation matrix determinant  1.000000
fimgreg.f
image alignment mode   1283 decimal      503 hex
parameters
    0.0000   15.0000   15.0000    0.0000    0.0000    0.0000
eta,q 0.94500 17.81504
niter,ni,del,rscale     5    3   12.0000    1.2000
parameter  4 26.001942 ->  0.500000 qaram    1.1500
parameters
   -2.2020   17.7647   16.7102   -3.4500   -0.8252    0.1250
eta,q 0.95277 17.94164
  0.0576  0.0680  0.0656  0.0426  0.0497  0.0514
  0.0546  0.0620  0.0573  0.0462  0.0469  0.0491
  0.0563  0.0581  0.0542  0.0506  0.0469  0.0477
  0.0568  0.0559  0.0538  0.0536  0.0473  0.0472
  0.0572  0.0544  0.0538  0.0565  0.0475  0.0479
  0.0619  0.0540  0.0541  0.0601  0.0488  0.0490
  0.0717  0.0562  0.0554  0.0650  0.0512  0.0509
niter,ni,del,rscale     5    3   12.0000    1.2000
parameter  4  2.032459 ->  0.500000 qaram    1.3225
parameters
   -1.5669   17.9453   16.0935   -7.4175   -0.1981    0.3336
eta,q 0.95916 18.05226
  0.0588  0.0571  0.0516  0.0406  0.0489  0.0457
  0.0514  0.0519  0.0485  0.0408  0.0453  0.0431
  0.0474  0.0480  0.0478  0.0431  0.0425  0.0417
  0.0472  0.0475  0.0477  0.0477  0.0411  0.0409
  0.0478  0.0498  0.0481  0.0522  0.0410  0.0411
  0.0491  0.0516  0.0499  0.0551  0.0434  0.0427
  0.0539  0.0551  0.0539  0.0593  0.0463  0.0452
niter,ni,del,rscale     5    3   12.0000    1.2000
parameter  4  0.605175 ->  0.500000 qaram    1.5209
parameters
   -2.0465   18.5516   14.9603  -11.9801    0.3145    0.4009
eta,q 0.96215 18.19007
  0.0530  0.0559  0.0462  0.0409  0.0460  0.0445
  0.0449  0.0474  0.0432  0.0378  0.0419  0.0416
  0.0406  0.0422  0.0416  0.0390  0.0396  0.0391
  0.0408  0.0406  0.0410  0.0411  0.0380  0.0379
  0.0431  0.0430  0.0428  0.0449  0.0378  0.0384
  0.0485  0.0463  0.0475  0.0507  0.0395  0.0409
  0.0570  0.0492  0.0528  0.0541  0.0443  0.0447
niter,ni,del,rscale     5    3   12.0000    1.2000
parameters
   -2.1654   19.8205   13.6242  -11.8892    0.1214    0.1801
eta,q 0.96320 18.00600
  0.0530  0.0578  0.0422  0.0524  0.0431  0.0426
  0.0423  0.0482  0.0382  0.0439  0.0391  0.0399
  0.0378  0.0414  0.0367  0.0371  0.0373  0.0376
  0.0378  0.0378  0.0370  0.0366  0.0367  0.0367
  0.0401  0.0373  0.0396  0.0407  0.0369  0.0372
  0.0445  0.0409  0.0441  0.0450  0.0393  0.0399
  0.0527  0.0457  0.0494  0.0496  0.0446  0.0443
niter,ni,del,rscale     4    3   12.0000    1.2000
parameters
   -2.1909   19.9319   13.8164  -11.8946    0.2263    0.1252
eta,q 0.96325 18.00501
  0.0529  0.0500  0.0483  0.0523  0.0439  0.0429
  0.0416  0.0429  0.0406  0.0436  0.0397  0.0401
  0.0365  0.0385  0.0376  0.0370  0.0376  0.0377
  0.0368  0.0368  0.0368  0.0368  0.0368  0.0367
  0.0389  0.0388  0.0377  0.0409  0.0367  0.0371
  0.0428  0.0432  0.0411  0.0453  0.0388  0.0395
  0.0517  0.0484  0.0458  0.0499  0.0440  0.0438
niter,ni,del,rscale     3    3   12.0000    1.2000
parameters
   -2.1762   19.9438   13.8041  -11.9094    0.2285    0.1154
eta,q 0.96325 18.00356
  0.0530  0.0497  0.0472  0.0522  0.0436  0.0429
  0.0417  0.0426  0.0402  0.0436  0.0395  0.0402
  0.0366  0.0383  0.0374  0.0370  0.0375  0.0378
  0.0367  0.0368  0.0368  0.0368  0.0367  0.0367
  0.0388  0.0391  0.0379  0.0409  0.0368  0.0371
  0.0427  0.0435  0.0414  0.0453  0.0390  0.0394
  0.0514  0.0487  0.0463  0.0499  0.0442  0.0437
registration optimization eta report
parameter search radius
    6.0000    6.0000    6.0000    9.1253    6.0000    6.0000
100000*second partial in parameter space
       44.       34.       28.       17.       21.       18.
  0.0530  0.0497  0.0472  0.0522  0.0436  0.0429
  0.0417  0.0426  0.0402  0.0436  0.0395  0.0402
  0.0366  0.0383  0.0374  0.0370  0.0375  0.0378
  0.0367  0.0368  0.0368  0.0368  0.0367  0.0367
  0.0388  0.0391  0.0379  0.0409  0.0368  0.0371
  0.0427  0.0435  0.0414  0.0453  0.0390  0.0394
  0.0514  0.0487  0.0463  0.0499  0.0442  0.0437
   -2.1762   19.9438   13.8041  -11.9094    0.2285    0.1154
eta,q 0.96325 18.00356

---------------------------------------------------------------------
imgreg_4dfp /opt/freesurfer/average/711-2C_as_mni_average_305 /opt/freesurfer/average/711-2B_as_mni_average_305_mask talsrcimg_g11 none talsrcimg_to_711-2C_as_mni_average_305_t4 3335
---------------------------------------------------------------------

freesurfer imgreg_4dfp.c
/opt/freesurfer/average/711-2C_as_mni_average_305.4dfp.img
       256       256       256         1
  1.000000  1.000000  1.000000
orientation T byte_order littleendian
Reading image: /opt/freesurfer/average/711-2C_as_mni_average_305.4dfp.img
dimensions:      256       256       256
mmppix:       1.0000   -1.0000   -1.0000
center:     128.0000 -129.0000 -129.0000
/opt/freesurfer/average/711-2B_as_mni_average_305_mask.4dfp.img
       256       256       256         1
  1.000000  1.000000  1.000000
orientation T byte_order littleendian
Reading mask: /opt/freesurfer/average/711-2B_as_mni_average_305_mask.4dfp.img (2306576 pixels)
talsrcimg_g11.4dfp.img
       256       256       256         1
  1.000000  1.000000  1.000000
orientation T byte_order littleendian
Reading image: talsrcimg_g11.4dfp.img
dimensions:      256       256       256
mmppix:       1.0000   -1.0000   -1.0000
center:     128.0000 -129.0000 -129.0000
fimgreg.f
image alignment mode   3335 decimal      D07 hex
parameters
   -2.1762   19.9438   13.8041   -0.0010   -2.1525   -2.1533
   -0.1147   -0.4318    0.2013   20.6357    0.3988  -20.6363
eta,q 0.96550 17.94106
niter,ni,del,rscale     5    3    5.0000    1.2000
parameter  5  0.864123 ->  0.500000 qaram    1.1500
parameters
   -2.2204   20.0766   13.3858   -2.3236   -6.2925   -2.0033
    1.3460   -0.1433    0.8840   21.2058   -1.2531  -23.0010
eta,q 0.96856 17.56800
  0.0374  0.0378  0.0353  0.0349  0.0317  0.0366  0.0359  0.0379  0.0343  0.0355  0.0321  0.0321
  0.0357  0.0361  0.0347  0.0344  0.0318  0.0349  0.0339  0.0342  0.0330  0.0335  0.0317  0.0316
  0.0348  0.0350  0.0344  0.0343  0.0326  0.0333  0.0326  0.0323  0.0321  0.0323  0.0316  0.0314
  0.0345  0.0345  0.0345  0.0344  0.0343  0.0319  0.0318  0.0317  0.0317  0.0317  0.0317  0.0316
  0.0348  0.0348  0.0348  0.0348  0.0371  0.0308  0.0318  0.0322  0.0318  0.0319  0.0319  0.0321
  0.0358  0.0357  0.0353  0.0358  0.0407  0.0329  0.0324  0.0338  0.0324  0.0327  0.0322  0.0327
  0.0376  0.0371  0.0360  0.0379  0.0446  0.0381  0.0335  0.0368  0.0335  0.0345  0.0328  0.0334
niter,ni,del,rscale     5    3    5.0000    1.2000
parameters
   -2.3626   20.6223   12.9902   -1.7953   -9.3291   -2.5428
    1.3080    0.0717    1.6096   21.7378   -2.2930  -24.0321
eta,q 0.96899 17.38439
  0.0342  0.0355  0.0322  0.0332  0.0324  0.0356  0.0338  0.0371  0.0335  0.0345  0.0316  0.0320
  0.0326  0.0335  0.0315  0.0320  0.0312  0.0339  0.0323  0.0334  0.0323  0.0327  0.0312  0.0313
  0.0317  0.0322  0.0312  0.0314  0.0308  0.0322  0.0314  0.0315  0.0315  0.0315  0.0311  0.0310
  0.0314  0.0314  0.0313  0.0312  0.0312  0.0308  0.0311  0.0311  0.0311  0.0311  0.0311  0.0311
  0.0319  0.0313  0.0316  0.0312  0.0328  0.0302  0.0315  0.0316  0.0312  0.0314  0.0312  0.0314
  0.0331  0.0318  0.0322  0.0316  0.0358  0.0338  0.0324  0.0333  0.0318  0.0322  0.0315  0.0320
  0.0349  0.0330  0.0330  0.0327  0.0401  0.0395  0.0338  0.0361  0.0327  0.0335  0.0320  0.0327
niter,ni,del,rscale     4    3    5.0000    1.2000
parameters
   -2.3888   20.9479   12.8252   -1.4592  -10.0356   -2.9147
    1.2454    0.2464    2.0677   22.1491   -2.7987  -24.3653
eta,q 0.96880 17.34470
  0.0339  0.0343  0.0321  0.0327  0.0342  0.0358  0.0338  0.0372  0.0334  0.0343  0.0319  0.0325
  0.0323  0.0327  0.0313  0.0317  0.0326  0.0341  0.0324  0.0334  0.0323  0.0326  0.0314  0.0317
  0.0313  0.0315  0.0310  0.0311  0.0314  0.0325  0.0315  0.0316  0.0315  0.0316  0.0312  0.0313
  0.0310  0.0310  0.0310  0.0310  0.0309  0.0310  0.0312  0.0312  0.0312  0.0312  0.0312  0.0312
  0.0313  0.0311  0.0312  0.0309  0.0314  0.0302  0.0316  0.0318  0.0314  0.0316  0.0313  0.0315
  0.0324  0.0318  0.0317  0.0313  0.0330  0.0336  0.0325  0.0335  0.0319  0.0324  0.0316  0.0319
  0.0341  0.0329  0.0324  0.0326  0.0361  0.0391  0.0339  0.0362  0.0329  0.0335  0.0321  0.0326
niter,ni,del,rscale     3    3    5.0000    1.2000
parameters
   -2.3989   21.0753   12.7175   -1.4130  -10.1895   -3.1053
    1.1998    0.3247    2.3011   22.3403   -3.0804  -24.4673
eta,q 0.96865 17.32730
  0.0341  0.0339  0.0324  0.0328  0.0347  0.0361  0.0340  0.0372  0.0333  0.0342  0.0321  0.0327
  0.0325  0.0325  0.0316  0.0318  0.0331  0.0344  0.0325  0.0334  0.0323  0.0326  0.0316  0.0318
  0.0315  0.0316  0.0312  0.0314  0.0318  0.0327  0.0316  0.0316  0.0316  0.0316  0.0314  0.0314
  0.0312  0.0312  0.0312  0.0312  0.0312  0.0312  0.0313  0.0313  0.0313  0.0313  0.0314  0.0313
  0.0315  0.0314  0.0314  0.0312  0.0314  0.0303  0.0317  0.0320  0.0315  0.0318  0.0315  0.0316
  0.0325  0.0322  0.0319  0.0316  0.0328  0.0333  0.0326  0.0337  0.0321  0.0325  0.0317  0.0320
  0.0342  0.0334  0.0325  0.0330  0.0355  0.0387  0.0340  0.0365  0.0331  0.0337  0.0321  0.0326
niter,ni,del,rscale     2    3    5.0000    1.2000
parameters
   -2.4067   21.1335   12.6445   -1.4231  -10.2553   -3.2200
    1.1773    0.3584    2.4312   22.4319   -3.2469  -24.5103
eta,q 0.96858 17.31479
  0.0342  0.0339  0.0325  0.0329  0.0348  0.0362  0.0341  0.0372  0.0333  0.0342  0.0322  0.0328
  0.0326  0.0325  0.0318  0.0320  0.0332  0.0346  0.0326  0.0335  0.0323  0.0325  0.0316  0.0319
  0.0317  0.0316  0.0314  0.0315  0.0320  0.0329  0.0317  0.0317  0.0316  0.0316  0.0314  0.0315
  0.0313  0.0313  0.0313  0.0313  0.0313  0.0313  0.0314  0.0314  0.0314  0.0314  0.0314  0.0314
  0.0316  0.0316  0.0315  0.0313  0.0315  0.0304  0.0318  0.0321  0.0316  0.0319  0.0315  0.0316
  0.0326  0.0324  0.0320  0.0317  0.0328  0.0332  0.0327  0.0338  0.0322  0.0326  0.0318  0.0321
  0.0343  0.0336  0.0326  0.0332  0.0355  0.0386  0.0341  0.0366  0.0332  0.0338  0.0322  0.0327
niter,ni,del,rscale     1    3    5.0000    1.2000
parameters
   -2.4108   21.1654   12.5990   -1.4289  -10.2987   -3.2932
    1.1587    0.3798    2.5111   22.4804   -3.3476  -24.5305
eta,q 0.96853 17.30675
  0.0343  0.0339  0.0326  0.0330  0.0349  0.0363  0.0341  0.0372  0.0333  0.0341  0.0323  0.0328
  0.0327  0.0325  0.0318  0.0321  0.0333  0.0346  0.0327  0.0335  0.0323  0.0325  0.0317  0.0320
  0.0318  0.0317  0.0315  0.0316  0.0321  0.0330  0.0318  0.0317  0.0317  0.0317  0.0315  0.0315
  0.0314  0.0314  0.0314  0.0314  0.0314  0.0314  0.0315  0.0315  0.0315  0.0315  0.0315  0.0315
  0.0317  0.0317  0.0316  0.0314  0.0316  0.0304  0.0318  0.0322  0.0317  0.0319  0.0316  0.0317
  0.0327  0.0325  0.0320  0.0318  0.0329  0.0331  0.0327  0.0339  0.0323  0.0327  0.0318  0.0321
  0.0343  0.0337  0.0326  0.0333  0.0355  0.0385  0.0341  0.0367  0.0332  0.0339  0.0322  0.0327
registration optimization eta report
parameter search radius
    2.4000    2.4000    2.4000    7.2000    8.2800    7.2000
    7.2000    7.2000    7.2000    7.2000    7.2000    7.2000
100000*second partial in parameter space
       50.       40.       21.        3.        5.       12.
        5.       11.        3.        5.        2.        3.
  0.0343  0.0339  0.0326  0.0330  0.0349  0.0363  0.0341  0.0372  0.0333  0.0341  0.0323  0.0328
  0.0327  0.0325  0.0318  0.0321  0.0333  0.0346  0.0327  0.0335  0.0323  0.0325  0.0317  0.0320
  0.0318  0.0317  0.0315  0.0316  0.0321  0.0330  0.0318  0.0317  0.0317  0.0317  0.0315  0.0315
  0.0314  0.0314  0.0314  0.0314  0.0314  0.0314  0.0315  0.0315  0.0315  0.0315  0.0315  0.0315
  0.0317  0.0317  0.0316  0.0314  0.0316  0.0304  0.0318  0.0322  0.0317  0.0319  0.0316  0.0317
  0.0327  0.0325  0.0320  0.0318  0.0329  0.0331  0.0327  0.0339  0.0323  0.0327  0.0318  0.0321
  0.0343  0.0337  0.0326  0.0333  0.0355  0.0385  0.0341  0.0367  0.0332  0.0339  0.0322  0.0327
   -2.4108   21.1654   12.5990   -1.4289  -10.2987   -3.2932
    1.1587    0.3798    2.5111   22.4804   -3.3476  -24.5305
eta,q 0.96853 17.30675

---------------------------------------------------------------------
imgreg_4dfp /opt/freesurfer/average/711-2C_as_mni_average_305 /opt/freesurfer/average/711-2B_as_mni_average_305_mask talsrcimg_g11 none talsrcimg_to_711-2C_as_mni_average_305_t4 2311
---------------------------------------------------------------------

freesurfer imgreg_4dfp.c
/opt/freesurfer/average/711-2C_as_mni_average_305.4dfp.img
       256       256       256         1
  1.000000  1.000000  1.000000
orientation T byte_order littleendian
Reading image: /opt/freesurfer/average/711-2C_as_mni_average_305.4dfp.img
dimensions:      256       256       256
mmppix:       1.0000   -1.0000   -1.0000
center:     128.0000 -129.0000 -129.0000
/opt/freesurfer/average/711-2B_as_mni_average_305_mask.4dfp.img
       256       256       256         1
  1.000000  1.000000  1.000000
orientation T byte_order littleendian
Reading mask: /opt/freesurfer/average/711-2B_as_mni_average_305_mask.4dfp.img (2306576 pixels)
talsrcimg_g11.4dfp.img
       256       256       256         1
  1.000000  1.000000  1.000000
orientation T byte_order littleendian
Reading image: talsrcimg_g11.4dfp.img
dimensions:      256       256       256
mmppix:       1.0000   -1.0000   -1.0000
center:     128.0000 -129.0000 -129.0000
fimgreg.f
image alignment mode   2311 decimal      907 hex
parameters
   -2.4108   21.1654   12.5990   -1.4289  -10.2987   -3.2932
    1.1587    0.3798    2.5111   22.4805   -3.3476  -24.5305
eta,q 0.96852 17.30675
niter,ni,del,rscale     5    3    5.0000    0.8000
parameters
   -2.3958   21.1546   12.4924   -0.8856   -9.6927   -2.3707
    0.9848    0.4476    2.4102   22.5215   -2.5958  -24.4998
eta,q 0.96910 17.43295
  0.0328  0.0325  0.0319  0.0321  0.0330  0.0347  0.0321  0.0341  0.0318  0.0322  0.0317  0.0316
  0.0320  0.0319  0.0316  0.0317  0.0323  0.0335  0.0314  0.0321  0.0313  0.0315  0.0312  0.0312
  0.0316  0.0316  0.0315  0.0316  0.0318  0.0324  0.0310  0.0311  0.0310  0.0310  0.0310  0.0310
  0.0315  0.0315  0.0315  0.0315  0.0315  0.0314  0.0309  0.0309  0.0309  0.0309  0.0309  0.0309
  0.0316  0.0316  0.0316  0.0314  0.0315  0.0306  0.0311  0.0313  0.0310  0.0311  0.0309  0.0310
  0.0320  0.0320  0.0317  0.0315  0.0318  0.0310  0.0316  0.0322  0.0313  0.0315  0.0310  0.0312
  0.0327  0.0325  0.0320  0.0319  0.0325  0.0336  0.0323  0.0337  0.0318  0.0321  0.0313  0.0316
niter,ni,del,rscale     4    3    5.0000    0.7000
parameters
   -2.3712   21.0167   12.7307   -0.9738   -9.5385   -1.8468
    1.0113    0.2530    2.0861   22.3140   -1.9783  -24.3914
eta,q 0.96944 17.46467
  0.0320  0.0316  0.0316  0.0313  0.0319  0.0337  0.0316  0.0327  0.0312  0.0315  0.0312  0.0312
  0.0314  0.0312  0.0312  0.0310  0.0314  0.0327  0.0311  0.0314  0.0308  0.0309  0.0308  0.0308
  0.0310  0.0309  0.0310  0.0309  0.0311  0.0318  0.0307  0.0307  0.0306  0.0306  0.0306  0.0306
  0.0309  0.0309  0.0309  0.0309  0.0309  0.0309  0.0306  0.0306  0.0306  0.0306  0.0306  0.0306
  0.0310  0.0311  0.0309  0.0309  0.0309  0.0303  0.0307  0.0310  0.0307  0.0308  0.0306  0.0306
  0.0313  0.0314  0.0310  0.0310  0.0313  0.0309  0.0310  0.0318  0.0310  0.0312  0.0307  0.0308
  0.0319  0.0319  0.0312  0.0314  0.0319  0.0333  0.0316  0.0330  0.0314  0.0317  0.0309  0.0311
niter,ni,del,rscale     3    3    5.0000    0.6000
parameters
   -2.3526   20.9325   12.9104   -0.9719   -9.4233   -1.3766
    1.0168    0.1408    1.8045   22.1972   -1.5494  -24.2490
eta,q 0.96970 17.49580
  0.0313  0.0311  0.0311  0.0308  0.0314  0.0329  0.0311  0.0320  0.0308  0.0311  0.0307  0.0308
  0.0309  0.0308  0.0308  0.0307  0.0310  0.0321  0.0307  0.0309  0.0305  0.0306  0.0305  0.0305
  0.0307  0.0306  0.0306  0.0306  0.0307  0.0313  0.0304  0.0304  0.0304  0.0304  0.0304  0.0303
  0.0306  0.0306  0.0306  0.0306  0.0306  0.0306  0.0303  0.0303  0.0303  0.0303  0.0303  0.0303
  0.0306  0.0307  0.0306  0.0306  0.0306  0.0301  0.0304  0.0306  0.0304  0.0305  0.0303  0.0303
  0.0309  0.0309  0.0307  0.0306  0.0309  0.0306  0.0307  0.0312  0.0306  0.0307  0.0304  0.0305
  0.0313  0.0313  0.0308  0.0309  0.0313  0.0325  0.0311  0.0321  0.0309  0.0312  0.0306  0.0307
niter,ni,del,rscale     2    3    5.0000    0.5000
parameters
   -2.3412   20.8860   13.0932   -0.9660   -9.3412   -0.9042
    1.0260    0.0540    1.6199   22.1169   -1.2525  -24.0750
eta,q 0.96991 17.52244
  0.0309  0.0307  0.0308  0.0305  0.0309  0.0322  0.0306  0.0313  0.0304  0.0307  0.0304  0.0304
  0.0305  0.0305  0.0305  0.0304  0.0306  0.0315  0.0303  0.0305  0.0302  0.0304  0.0302  0.0302
  0.0304  0.0304  0.0304  0.0303  0.0304  0.0309  0.0302  0.0302  0.0301  0.0302  0.0301  0.0301
  0.0303  0.0303  0.0303  0.0303  0.0303  0.0303  0.0301  0.0301  0.0301  0.0301  0.0301  0.0301
  0.0303  0.0304  0.0303  0.0303  0.0304  0.0300  0.0302  0.0303  0.0302  0.0302  0.0301  0.0301
  0.0305  0.0306  0.0304  0.0304  0.0305  0.0303  0.0303  0.0307  0.0303  0.0304  0.0302  0.0302
  0.0308  0.0308  0.0305  0.0305  0.0308  0.0317  0.0306  0.0314  0.0305  0.0307  0.0303  0.0304
niter,ni,del,rscale     1    3    5.0000    0.4000
parameters
   -2.3378   20.8525   13.3242   -0.8503   -9.2968   -0.4022
    1.0190   -0.0058    1.4895   22.1032   -0.9982  -23.9033
eta,q 0.97010 17.55800
  0.0304  0.0304  0.0305  0.0302  0.0304  0.0315  0.0302  0.0307  0.0301  0.0303  0.0301  0.0301
  0.0302  0.0302  0.0303  0.0301  0.0303  0.0310  0.0301  0.0302  0.0300  0.0301  0.0300  0.0300
  0.0301  0.0301  0.0302  0.0301  0.0301  0.0305  0.0299  0.0300  0.0299  0.0299  0.0299  0.0299
  0.0301  0.0301  0.0301  0.0301  0.0301  0.0301  0.0299  0.0299  0.0299  0.0299  0.0299  0.0299
  0.0301  0.0301  0.0301  0.0301  0.0301  0.0299  0.0299  0.0300  0.0299  0.0299  0.0299  0.0299
  0.0302  0.0303  0.0301  0.0301  0.0302  0.0301  0.0301  0.0303  0.0300  0.0301  0.0300  0.0300
  0.0304  0.0304  0.0302  0.0302  0.0304  0.0309  0.0302  0.0307  0.0302  0.0303  0.0300  0.0301
registration optimization eta report
parameter search radius
    0.8000    0.8000    0.8000    2.4000    2.4000    2.4000
    2.4000    2.4000    2.4000    2.4000    2.4000    2.4000
100000*second partial in parameter space
       54.       49.       38.        2.        6.       20.
        6.       14.        4.        7.        3.        4.
  0.0304  0.0304  0.0305  0.0302  0.0304  0.0315  0.0302  0.0307  0.0301  0.0303  0.0301  0.0301
  0.0302  0.0302  0.0303  0.0301  0.0303  0.0310  0.0301  0.0302  0.0300  0.0301  0.0300  0.0300
  0.0301  0.0301  0.0302  0.0301  0.0301  0.0305  0.0299  0.0300  0.0299  0.0299  0.0299  0.0299
  0.0301  0.0301  0.0301  0.0301  0.0301  0.0301  0.0299  0.0299  0.0299  0.0299  0.0299  0.0299
  0.0301  0.0301  0.0301  0.0301  0.0301  0.0299  0.0299  0.0300  0.0299  0.0299  0.0299  0.0299
  0.0302  0.0303  0.0301  0.0301  0.0302  0.0301  0.0301  0.0303  0.0300  0.0301  0.0300  0.0300
  0.0304  0.0304  0.0302  0.0302  0.0304  0.0309  0.0302  0.0307  0.0302  0.0303  0.0300  0.0301
   -2.3378   20.8525   13.3242   -0.8503   -9.2968   -0.4022
    1.0190   -0.0058    1.4895   22.1032   -0.9982  -23.9033
eta,q 0.97010 17.55800

---------------------------------------------------------------------
imgreg_4dfp /opt/freesurfer/average/711-2C_as_mni_average_305 /opt/freesurfer/average/711-2B_as_mni_average_305_mask talsrcimg_g11 none talsrcimg_to_711-2C_as_mni_average_305_t4 2311
---------------------------------------------------------------------

freesurfer imgreg_4dfp.c
/opt/freesurfer/average/711-2C_as_mni_average_305.4dfp.img
       256       256       256         1
  1.000000  1.000000  1.000000
orientation T byte_order littleendian
Reading image: /opt/freesurfer/average/711-2C_as_mni_average_305.4dfp.img
dimensions:      256       256       256
mmppix:       1.0000   -1.0000   -1.0000
center:     128.0000 -129.0000 -129.0000
/opt/freesurfer/average/711-2B_as_mni_average_305_mask.4dfp.img
       256       256       256         1
  1.000000  1.000000  1.000000
orientation T byte_order littleendian
Reading mask: /opt/freesurfer/average/711-2B_as_mni_average_305_mask.4dfp.img (2306576 pixels)
talsrcimg_g11.4dfp.img
       256       256       256         1
  1.000000  1.000000  1.000000
orientation T byte_order littleendian
Reading image: talsrcimg_g11.4dfp.img
dimensions:      256       256       256
mmppix:       1.0000   -1.0000   -1.0000
center:     128.0000 -129.0000 -129.0000
fimgreg.f
image alignment mode   2311 decimal      907 hex
parameters
   -2.3378   20.8525   13.3242   -0.8503   -9.2968   -0.4022
    1.0190   -0.0058    1.4895   22.1032   -0.9982  -23.9033
eta,q 0.97010 17.55800
niter,ni,del,rscale     5    3    5.0000    0.8000
parameters
   -2.3415   20.8657   13.7547   -0.9710   -9.5443   -0.7897
    1.1407   -0.0528    1.5346   22.1838   -1.4619  -23.8766
eta,q 0.96993 17.54071
  0.0313  0.0312  0.0316  0.0305  0.0310  0.0330  0.0314  0.0329  0.0311  0.0315  0.0305  0.0308
  0.0305  0.0305  0.0307  0.0301  0.0304  0.0319  0.0307  0.0311  0.0305  0.0307  0.0302  0.0304
  0.0301  0.0300  0.0302  0.0299  0.0300  0.0309  0.0302  0.0302  0.0302  0.0303  0.0301  0.0301
  0.0299  0.0299  0.0299  0.0299  0.0299  0.0299  0.0301  0.0301  0.0301  0.0301  0.0301  0.0301
  0.0300  0.0300  0.0299  0.0299  0.0300  0.0298  0.0302  0.0304  0.0302  0.0303  0.0302  0.0302
  0.0305  0.0304  0.0300  0.0301  0.0305  0.0320  0.0306  0.0313  0.0305  0.0307  0.0303  0.0304
  0.0314  0.0311  0.0303  0.0306  0.0314  0.0355  0.0313  0.0329  0.0310  0.0314  0.0306  0.0307
niter,ni,del,rscale     4    3    5.0000    0.7000
parameters
   -2.3627   20.8840   13.5031   -1.0128   -9.4470   -0.9188
    1.1199    0.0047    1.6172   22.1557   -1.5539  -23.9590
eta,q 0.96991 17.52822
  0.0311  0.0310  0.0305  0.0305  0.0311  0.0327  0.0311  0.0324  0.0309  0.0312  0.0305  0.0306
  0.0305  0.0305  0.0301  0.0302  0.0305  0.0318  0.0305  0.0310  0.0305  0.0306  0.0302  0.0303
  0.0302  0.0302  0.0300  0.0301  0.0302  0.0309  0.0302  0.0303  0.0302  0.0302  0.0301  0.0301
  0.0301  0.0301  0.0301  0.0300  0.0300  0.0300  0.0301  0.0301  0.0301  0.0301  0.0301  0.0301
  0.0302  0.0302  0.0302  0.0300  0.0301  0.0298  0.0302  0.0304  0.0302  0.0303  0.0302  0.0302
  0.0305  0.0305  0.0305  0.0302  0.0304  0.0313  0.0305  0.0310  0.0304  0.0306  0.0303  0.0304
  0.0311  0.0310  0.0308  0.0305  0.0310  0.0341  0.0311  0.0322  0.0308  0.0312  0.0305  0.0306
niter,ni,del,rscale     3    3    5.0000    0.6000
parameters
   -2.3588   20.8771   13.3960   -0.9715   -9.3956   -0.8347
    1.0827    0.0257    1.6215   22.1423   -1.4473  -23.9854
eta,q 0.96996 17.53356
  0.0309  0.0308  0.0305  0.0304  0.0308  0.0324  0.0308  0.0318  0.0306  0.0309  0.0304  0.0305
  0.0304  0.0304  0.0302  0.0302  0.0305  0.0316  0.0304  0.0307  0.0303  0.0304  0.0302  0.0302
  0.0302  0.0302  0.0301  0.0301  0.0302  0.0308  0.0301  0.0302  0.0301  0.0301  0.0301  0.0301
  0.0301  0.0301  0.0301  0.0301  0.0301  0.0301  0.0300  0.0300  0.0300  0.0300  0.0300  0.0300
  0.0302  0.0302  0.0302  0.0301  0.0301  0.0298  0.0301  0.0303  0.0301  0.0302  0.0301  0.0301
  0.0304  0.0304  0.0304  0.0302  0.0304  0.0307  0.0304  0.0308  0.0303  0.0305  0.0302  0.0302
  0.0309  0.0308  0.0306  0.0304  0.0308  0.0329  0.0308  0.0317  0.0306  0.0309  0.0303  0.0305
niter,ni,del,rscale     2    3    5.0000    0.5000
parameters
   -2.3531   20.8624   13.4184   -0.8365   -9.3525   -0.5795
    1.0636    0.0133    1.5639   22.1261   -1.2728  -23.9146
eta,q 0.97006 17.55485
  0.0306  0.0305  0.0304  0.0302  0.0306  0.0319  0.0304  0.0312  0.0303  0.0305  0.0302  0.0303
  0.0303  0.0303  0.0302  0.0301  0.0303  0.0313  0.0302  0.0304  0.0301  0.0302  0.0301  0.0301
  0.0301  0.0301  0.0301  0.0301  0.0301  0.0306  0.0300  0.0300  0.0300  0.0300  0.0300  0.0300
  0.0300  0.0300  0.0300  0.0300  0.0300  0.0300  0.0299  0.0299  0.0299  0.0299  0.0299  0.0299
  0.0301  0.0301  0.0301  0.0300  0.0301  0.0298  0.0300  0.0301  0.0300  0.0300  0.0300  0.0300
  0.0303  0.0303  0.0302  0.0301  0.0303  0.0303  0.0302  0.0305  0.0301  0.0302  0.0300  0.0301
  0.0306  0.0305  0.0304  0.0302  0.0306  0.0318  0.0305  0.0311  0.0303  0.0305  0.0302  0.0302
niter,ni,del,rscale     1    3    5.0000    0.4000
parameters
   -2.3502   20.8528   13.5741   -0.5693   -9.3509   -0.1668
    1.0289   -0.0004    1.4828   22.1443   -1.0567  -23.7732
eta,q 0.97021 17.59250
  0.0303  0.0302  0.0303  0.0301  0.0303  0.0314  0.0301  0.0306  0.0300  0.0302  0.0300  0.0300
  0.0301  0.0301  0.0301  0.0300  0.0301  0.0309  0.0299  0.0301  0.0299  0.0300  0.0299  0.0299
  0.0300  0.0300  0.0300  0.0300  0.0300  0.0304  0.0298  0.0298  0.0298  0.0298  0.0298  0.0298
  0.0299  0.0299  0.0299  0.0299  0.0299  0.0299  0.0298  0.0298  0.0298  0.0298  0.0298  0.0298
  0.0300  0.0300  0.0299  0.0299  0.0300  0.0297  0.0298  0.0299  0.0298  0.0298  0.0298  0.0298
  0.0301  0.0301  0.0300  0.0299  0.0301  0.0300  0.0299  0.0302  0.0299  0.0300  0.0298  0.0299
  0.0303  0.0303  0.0301  0.0300  0.0303  0.0309  0.0301  0.0306  0.0301  0.0302  0.0299  0.0300
registration optimization eta report
parameter search radius
    0.8000    0.8000    0.8000    2.4000    2.4000    2.4000
    2.4000    2.4000    2.4000    2.4000    2.4000    2.4000
100000*second partial in parameter space
       55.       50.       37.        2.        6.       21.
        6.       15.        4.        7.        3.        3.
  0.0303  0.0302  0.0303  0.0301  0.0303  0.0314  0.0301  0.0306  0.0300  0.0302  0.0300  0.0300
  0.0301  0.0301  0.0301  0.0300  0.0301  0.0309  0.0299  0.0301  0.0299  0.0300  0.0299  0.0299
  0.0300  0.0300  0.0300  0.0300  0.0300  0.0304  0.0298  0.0298  0.0298  0.0298  0.0298  0.0298
  0.0299  0.0299  0.0299  0.0299  0.0299  0.0299  0.0298  0.0298  0.0298  0.0298  0.0298  0.0298
  0.0300  0.0300  0.0299  0.0299  0.0300  0.0297  0.0298  0.0299  0.0298  0.0298  0.0298  0.0298
  0.0301  0.0301  0.0300  0.0299  0.0301  0.0300  0.0299  0.0302  0.0299  0.0300  0.0298  0.0299
  0.0303  0.0303  0.0301  0.0300  0.0303  0.0309  0.0301  0.0306  0.0301  0.0302  0.0299  0.0300
   -2.3502   20.8528   13.5741   -0.5693   -9.3509   -0.1668
    1.0289   -0.0004    1.4828   22.1443   -1.0567  -23.7732
eta,q 0.97021 17.59250

---------------------------------------------------------------------
compute_vox2vox talsrcimg talsrcimg_to_711-2C_as_mni_average_305_t4 /opt/freesurfer/average/711-2C_as_mni_average_305
---------------------------------------------------------------------

freesurfer compute_vox2vox.c
Reading: talsrcimg.4dfp.ifh
Reading: talsrcimg_to_711-2C_as_mni_average_305_t4
Reading: /opt/freesurfer/average/711-2C_as_mni_average_305.4dfp.ifh
Writing: talsrcimg_to_711-2C_as_mni_average_305_t4_vox2vox.txt

start time Sun Mar 8 20:27:22 CET 2026
end		time Sun Mar 8 20:28:48 CET 2026

mpr2mni305 success

avi2talxfm orig_nu.mgz /opt/freesurfer/average/mni305.cor.mgz talsrcimg_to_711-2C_as_mni_average_305_t4_vox2vox.txt transforms/talairach.auto.xfm
avi2talxfm done
mv -f /out/sourcedata/freesurfer/sub-v1s15x0050184_ses-1/mri/talsrcimg_to_711-2C_as_mni_average_305_t4_vox2vox.txt /out/sourcedata/freesurfer/sub-v1s15x0050184_ses-1/mri/transforms/talsrcimg_to_711-2C_as_mni_average_305_t4_vox2vox.txt
lta_convert --src orig_nu.mgz --trg /opt/freesurfer/average/mni305.cor.mgz --inxfm transforms/talairach.auto.xfm --outlta transforms/talairach.auto.xfm.lta --subject fsaverage
7.3.2

--src: orig_nu.mgz src image (geometry).
--trg: /opt/freesurfer/average/mni305.cor.mgz trg image (geometry).
--inmni: transforms/talairach.auto.xfm input MNI/XFM transform.
--outlta: transforms/talairach.auto.xfm.lta output LTA.
--s: fsaverage subject name
 LTA read, type : 1
 1.00591   0.00240  -0.01079  -2.59911;
 0.00636   0.94662   0.24818  -22.27350;
-0.01801  -0.23129   1.04270   20.98409;
 0.00000   0.00000   0.00000   1.00000;
setting subject to fsaverage
Writing  LTA to file transforms/talairach.auto.xfm.lta...
lta_convert successful.
 
 
Started at Sun Mar 8 20:27:22 CET 2026
Ended   at Sun Mar  8 20:28:48 CET 2026
talairach_avi done
