status file for recon-all
Sun Mar  8 23:26:45 CET 2026
#@# Tessellate rh Sun Mar  8 23:26:45 CET 2026
#@# Smooth1 rh Sun Mar  8 23:26:48 CET 2026
#@# Inflation1 rh Sun Mar  8 23:26:51 CET 2026
#@# QSphere rh Sun Mar  8 23:27:03 CET 2026
#@# Fix Topology rh Sun Mar  8 23:28:31 CET 2026
#@# Smooth2 rh Sun Mar  8 23:33:41 CET 2026
#@# Inflation2 rh Sun Mar  8 23:33:43 CET 2026
#@# Curv .H and .K rh Sun Mar  8 23:33:58 CET 2026
#@# Sphere rh Sun Mar  8 23:34:42 CET 2026
#@# Surf Reg rh Sun Mar  8 23:37:37 CET 2026
#@# Jacobian white rh Sun Mar  8 23:41:43 CET 2026
#@# AvgCurv rh Sun Mar  8 23:41:44 CET 2026
#@# Cortical Parc rh Sun Mar  8 23:41:44 CET 2026
#@# white curv rh Sun Mar  8 23:47:39 CET 2026
#@# white area rh Sun Mar  8 23:47:41 CET 2026
#@# pial curv rh Sun Mar  8 23:47:42 CET 2026
#@# pial area rh Sun Mar  8 23:47:43 CET 2026
#@# thickness rh Sun Mar  8 23:47:44 CET 2026
#@# area and vertex vol rh Sun Mar  8 23:48:12 CET 2026
#@# Curvature Stats rh Sun Mar  8 23:48:14 CET 2026
#@# Cortical Parc 2 rh Sun Mar  8 23:48:16 CET 2026
#@# Cortical Parc 3 rh Sun Mar  8 23:48:29 CET 2026
#@# WM/GM Contrast rh Sun Mar  8 23:48:39 CET 2026
recon-all -s sub-v1s15x0050208_ses-1 finished without error at Sun Mar  8 23:48:42 CET 2026



#New# invocation of recon-all 



status file for recon-all
Sun Mar  8 23:58:49 CET 2026
#@# white curv rh Sun Mar  8 23:58:49 CET 2026
#@# white area rh Sun Mar  8 23:58:49 CET 2026
#@# pial curv rh Sun Mar  8 23:58:49 CET 2026
#@# pial area rh Sun Mar  8 23:58:49 CET 2026
#@# thickness rh Sun Mar  8 23:58:49 CET 2026
#@# area and vertex vol rh Sun Mar  8 23:58:49 CET 2026
#@# Parcellation Stats rh Sun Mar  8 23:58:49 CET 2026
#@# Parcellation Stats 2 rh Sun Mar  8 23:59:06 CET 2026
#@# Parcellation Stats 3 rh Sun Mar  8 23:59:15 CET 2026
#@# BA_exvivo Labels rh Sun Mar  8 23:59:23 CET 2026
recon-all -s sub-v1s15x0050208_ses-1 finished without error at Mon Mar  9 00:01:46 CET 2026
