status file for recon-all
Sun Mar  8 23:04:51 CET 2026
#@# Tessellate lh Sun Mar  8 23:04:51 CET 2026
#@# Smooth1 lh Sun Mar  8 23:04:54 CET 2026
#@# Inflation1 lh Sun Mar  8 23:04:57 CET 2026
#@# QSphere lh Sun Mar  8 23:05:09 CET 2026
#@# Fix Topology lh Sun Mar  8 23:06:16 CET 2026
#@# Smooth2 lh Sun Mar  8 23:11:41 CET 2026
#@# Inflation2 lh Sun Mar  8 23:11:44 CET 2026
#@# Curv .H and .K lh Sun Mar  8 23:11:57 CET 2026
#@# Sphere lh Sun Mar  8 23:12:42 CET 2026
#@# Surf Reg lh Sun Mar  8 23:15:39 CET 2026
#@# Jacobian white lh Sun Mar  8 23:19:25 CET 2026
#@# AvgCurv lh Sun Mar  8 23:19:26 CET 2026
#@# Cortical Parc lh Sun Mar  8 23:19:27 CET 2026
#@# white curv lh Sun Mar  8 23:25:39 CET 2026
#@# white area lh Sun Mar  8 23:25:41 CET 2026
#@# pial curv lh Sun Mar  8 23:25:41 CET 2026
#@# pial area lh Sun Mar  8 23:25:43 CET 2026
#@# thickness lh Sun Mar  8 23:25:44 CET 2026
#@# area and vertex vol lh Sun Mar  8 23:26:11 CET 2026
#@# Curvature Stats lh Sun Mar  8 23:26:13 CET 2026
#@# Cortical Parc 2 lh Sun Mar  8 23:26:15 CET 2026
#@# Cortical Parc 3 lh Sun Mar  8 23:26:28 CET 2026
#@# WM/GM Contrast lh Sun Mar  8 23:26:38 CET 2026
recon-all -s sub-v1s15x0050208_ses-1 finished without error at Sun Mar  8 23:26:41 CET 2026



#New# invocation of recon-all 



status file for recon-all
Sun Mar  8 23:55:47 CET 2026
#@# white curv lh Sun Mar  8 23:55:47 CET 2026
#@# white area lh Sun Mar  8 23:55:47 CET 2026
#@# pial curv lh Sun Mar  8 23:55:47 CET 2026
#@# pial area lh Sun Mar  8 23:55:47 CET 2026
#@# thickness lh Sun Mar  8 23:55:47 CET 2026
#@# area and vertex vol lh Sun Mar  8 23:55:47 CET 2026
#@# Parcellation Stats lh Sun Mar  8 23:55:47 CET 2026
#@# Parcellation Stats 2 lh Sun Mar  8 23:56:04 CET 2026
#@# Parcellation Stats 3 lh Sun Mar  8 23:56:13 CET 2026
#@# BA_exvivo Labels lh Sun Mar  8 23:56:22 CET 2026
recon-all -s sub-v1s15x0050208_ses-1 finished without error at Sun Mar  8 23:58:46 CET 2026
