status file for recon-all
Sun Mar  8 21:21:55 CET 2026
#@# MotionCor Sun Mar  8 21:21:56 CET 2026
#@# Talairach Sun Mar  8 21:22:04 CET 2026
#@# Talairach Failure Detection Sun Mar  8 21:26:30 CET 2026
#@# Nu Intensity Correction Sun Mar  8 21:26:30 CET 2026
#@# Intensity Normalization Sun Mar  8 21:29:45 CET 2026
recon-all -s sub-v1s15x0050208_ses-1 finished without error at Sun Mar  8 21:31:15 CET 2026



#New# invocation of recon-all 



status file for recon-all
Sun Mar  8 21:38:37 CET 2026
#@# EM Registration Sun Mar  8 21:38:37 CET 2026
recon-all -s sub-v1s15x0050208_ses-1 finished without error at Sun Mar  8 21:40:38 CET 2026



#New# invocation of recon-all 



status file for recon-all
Sun Mar  8 21:40:42 CET 2026
#@# CA Normalize Sun Mar  8 21:40:42 CET 2026
#@# CA Reg Sun Mar  8 21:42:05 CET 2026
#@# SubCort Seg Sun Mar  8 22:31:51 CET 2026
#@# CC Seg Sun Mar  8 22:58:45 CET 2026
#@# Merge ASeg Sun Mar  8 22:59:30 CET 2026
#@# Intensity Normalization2 Sun Mar  8 22:59:30 CET 2026
#@# Mask BFS Sun Mar  8 23:01:47 CET 2026
#@# WM Segmentation Sun Mar  8 23:01:47 CET 2026
#@# Fill Sun Mar  8 23:03:45 CET 2026
recon-all -s sub-v1s15x0050208_ses-1 finished without error at Sun Mar  8 23:04:46 CET 2026



#New# invocation of recon-all 



status file for recon-all
Sun Mar  8 23:48:45 CET 2026
#@# white curv lh Sun Mar  8 23:48:45 CET 2026
#@# white area lh Sun Mar  8 23:48:45 CET 2026
#@# pial curv lh Sun Mar  8 23:48:45 CET 2026
#@# pial area lh Sun Mar  8 23:48:45 CET 2026
#@# thickness lh Sun Mar  8 23:48:45 CET 2026
#@# area and vertex vol lh Sun Mar  8 23:48:45 CET 2026
#@# white curv rh Sun Mar  8 23:48:45 CET 2026
#@# white area rh Sun Mar  8 23:48:45 CET 2026
#@# pial curv rh Sun Mar  8 23:48:45 CET 2026
#@# pial area rh Sun Mar  8 23:48:45 CET 2026
#@# thickness rh Sun Mar  8 23:48:45 CET 2026
#@# area and vertex vol rh Sun Mar  8 23:48:45 CET 2026
#@# Cortical ribbon mask Sun Mar  8 23:48:45 CET 2026
recon-all -s sub-v1s15x0050208_ses-1 finished without error at Sun Mar  8 23:55:42 CET 2026



#New# invocation of recon-all 



status file for recon-all
Mon Mar  9 00:01:53 CET 2026
#@# white curv lh Mon Mar  9 00:01:53 CET 2026
#@# white area lh Mon Mar  9 00:01:53 CET 2026
#@# pial curv lh Mon Mar  9 00:01:53 CET 2026
#@# pial area lh Mon Mar  9 00:01:53 CET 2026
#@# thickness lh Mon Mar  9 00:01:53 CET 2026
#@# area and vertex vol lh Mon Mar  9 00:01:53 CET 2026
#@# white curv rh Mon Mar  9 00:01:53 CET 2026
#@# white area rh Mon Mar  9 00:01:53 CET 2026
#@# pial curv rh Mon Mar  9 00:01:53 CET 2026
#@# pial area rh Mon Mar  9 00:01:53 CET 2026
#@# thickness rh Mon Mar  9 00:01:53 CET 2026
#@# area and vertex vol rh Mon Mar  9 00:01:53 CET 2026
#@# Curvature Stats lh Mon Mar  9 00:01:54 CET 2026
#@# Curvature Stats rh Mon Mar  9 00:01:56 CET 2026
#@# Relabel Hypointensities Mon Mar  9 00:01:58 CET 2026
#@# APas-to-ASeg Mon Mar  9 00:02:13 CET 2026
#@# AParc-to-ASeg aparc Mon Mar  9 00:02:20 CET 2026
#@# AParc-to-ASeg aparc.a2009s Mon Mar  9 00:03:03 CET 2026
#@# AParc-to-ASeg aparc.DKTatlas Mon Mar  9 00:03:46 CET 2026
#@# WMParc Mon Mar  9 00:04:28 CET 2026
#@# ASeg Stats Mon Mar  9 00:08:21 CET 2026
recon-all -s sub-v1s15x0050208_ses-1 finished without error at Mon Mar  9 00:09:02 CET 2026
