status file for recon-all
Sun Mar  8 21:44:36 CET 2026
#@# Tessellate lh Sun Mar  8 21:44:36 CET 2026
#@# Smooth1 lh Sun Mar  8 21:44:38 CET 2026
#@# Inflation1 lh Sun Mar  8 21:44:40 CET 2026
#@# QSphere lh Sun Mar  8 21:44:53 CET 2026
#@# Fix Topology lh Sun Mar  8 21:45:55 CET 2026
#@# Smooth2 lh Sun Mar  8 21:52:06 CET 2026
#@# Inflation2 lh Sun Mar  8 21:52:09 CET 2026
#@# Curv .H and .K lh Sun Mar  8 21:52:22 CET 2026
#@# Sphere lh Sun Mar  8 21:53:02 CET 2026
#@# Surf Reg lh Sun Mar  8 21:58:10 CET 2026
#@# Jacobian white lh Sun Mar  8 22:05:58 CET 2026
#@# AvgCurv lh Sun Mar  8 22:05:58 CET 2026
#@# Cortical Parc lh Sun Mar  8 22:05:59 CET 2026
#@# white curv lh Sun Mar  8 22:12:22 CET 2026
#@# white area lh Sun Mar  8 22:12:24 CET 2026
#@# pial curv lh Sun Mar  8 22:12:24 CET 2026
#@# pial area lh Sun Mar  8 22:12:26 CET 2026
#@# thickness lh Sun Mar  8 22:12:26 CET 2026
#@# area and vertex vol lh Sun Mar  8 22:12:52 CET 2026
#@# Curvature Stats lh Sun Mar  8 22:12:53 CET 2026
#@# Cortical Parc 2 lh Sun Mar  8 22:12:55 CET 2026
#@# Cortical Parc 3 lh Sun Mar  8 22:13:07 CET 2026
#@# WM/GM Contrast lh Sun Mar  8 22:13:14 CET 2026
recon-all -s sub-v1s15x0050182_ses-1 finished without error at Sun Mar  8 22:13:17 CET 2026



#New# invocation of recon-all 



status file for recon-all
Sun Mar  8 22:45:22 CET 2026
#@# white curv lh Sun Mar  8 22:45:22 CET 2026
#@# white area lh Sun Mar  8 22:45:22 CET 2026
#@# pial curv lh Sun Mar  8 22:45:22 CET 2026
#@# pial area lh Sun Mar  8 22:45:22 CET 2026
#@# thickness lh Sun Mar  8 22:45:22 CET 2026
#@# area and vertex vol lh Sun Mar  8 22:45:22 CET 2026
#@# Parcellation Stats lh Sun Mar  8 22:45:22 CET 2026
#@# Parcellation Stats 2 lh Sun Mar  8 22:45:38 CET 2026
#@# Parcellation Stats 3 lh Sun Mar  8 22:45:46 CET 2026
#@# BA_exvivo Labels lh Sun Mar  8 22:45:54 CET 2026
recon-all -s sub-v1s15x0050182_ses-1 finished without error at Sun Mar  8 22:48:01 CET 2026
