status file for recon-all
Sun Mar  8 20:18:41 CET 2026
#@# MotionCor Sun Mar  8 20:18:42 CET 2026
#@# Talairach Sun Mar  8 20:18:48 CET 2026
#@# Talairach Failure Detection Sun Mar  8 20:21:37 CET 2026
#@# Nu Intensity Correction Sun Mar  8 20:21:37 CET 2026
#@# Intensity Normalization Sun Mar  8 20:24:22 CET 2026
recon-all -s sub-v1s15x0050182_ses-1 finished without error at Sun Mar  8 20:25:23 CET 2026



#New# invocation of recon-all 



status file for recon-all
Sun Mar  8 20:31:41 CET 2026
#@# EM Registration Sun Mar  8 20:31:41 CET 2026
recon-all -s sub-v1s15x0050182_ses-1 finished without error at Sun Mar  8 20:33:47 CET 2026



#New# invocation of recon-all 



status file for recon-all
Sun Mar  8 20:33:49 CET 2026
#@# CA Normalize Sun Mar  8 20:33:49 CET 2026
#@# CA Reg Sun Mar  8 20:34:46 CET 2026
#@# SubCort Seg Sun Mar  8 21:17:58 CET 2026
#@# CC Seg Sun Mar  8 21:40:29 CET 2026
#@# Merge ASeg Sun Mar  8 21:40:45 CET 2026
#@# Intensity Normalization2 Sun Mar  8 21:40:45 CET 2026
#@# Mask BFS Sun Mar  8 21:42:16 CET 2026
#@# WM Segmentation Sun Mar  8 21:42:16 CET 2026
#@# Fill Sun Mar  8 21:43:52 CET 2026
recon-all -s sub-v1s15x0050182_ses-1 finished without error at Sun Mar  8 21:44:31 CET 2026



#New# invocation of recon-all 



status file for recon-all
Sun Mar  8 22:38:51 CET 2026
#@# white curv lh Sun Mar  8 22:38:51 CET 2026
#@# white area lh Sun Mar  8 22:38:51 CET 2026
#@# pial curv lh Sun Mar  8 22:38:51 CET 2026
#@# pial area lh Sun Mar  8 22:38:51 CET 2026
#@# thickness lh Sun Mar  8 22:38:51 CET 2026
#@# area and vertex vol lh Sun Mar  8 22:38:51 CET 2026
#@# white curv rh Sun Mar  8 22:38:51 CET 2026
#@# white area rh Sun Mar  8 22:38:51 CET 2026
#@# pial curv rh Sun Mar  8 22:38:51 CET 2026
#@# pial area rh Sun Mar  8 22:38:51 CET 2026
#@# thickness rh Sun Mar  8 22:38:51 CET 2026
#@# area and vertex vol rh Sun Mar  8 22:38:51 CET 2026
#@# Cortical ribbon mask Sun Mar  8 22:38:51 CET 2026
recon-all -s sub-v1s15x0050182_ses-1 finished without error at Sun Mar  8 22:45:18 CET 2026



#New# invocation of recon-all 



status file for recon-all
Sun Mar  8 22:50:53 CET 2026
#@# white curv lh Sun Mar  8 22:50:53 CET 2026
#@# white area lh Sun Mar  8 22:50:53 CET 2026
#@# pial curv lh Sun Mar  8 22:50:53 CET 2026
#@# pial area lh Sun Mar  8 22:50:53 CET 2026
#@# thickness lh Sun Mar  8 22:50:53 CET 2026
#@# area and vertex vol lh Sun Mar  8 22:50:53 CET 2026
#@# white curv rh Sun Mar  8 22:50:53 CET 2026
#@# white area rh Sun Mar  8 22:50:53 CET 2026
#@# pial curv rh Sun Mar  8 22:50:53 CET 2026
#@# pial area rh Sun Mar  8 22:50:53 CET 2026
#@# thickness rh Sun Mar  8 22:50:53 CET 2026
#@# area and vertex vol rh Sun Mar  8 22:50:53 CET 2026
#@# Curvature Stats lh Sun Mar  8 22:50:53 CET 2026
#@# Curvature Stats rh Sun Mar  8 22:50:55 CET 2026
#@# Relabel Hypointensities Sun Mar  8 22:50:57 CET 2026
#@# APas-to-ASeg Sun Mar  8 22:51:08 CET 2026
#@# AParc-to-ASeg aparc Sun Mar  8 22:51:15 CET 2026
#@# AParc-to-ASeg aparc.a2009s Sun Mar  8 22:51:42 CET 2026
#@# AParc-to-ASeg aparc.DKTatlas Sun Mar  8 22:52:12 CET 2026
#@# WMParc Sun Mar  8 22:52:40 CET 2026
#@# ASeg Stats Sun Mar  8 22:55:00 CET 2026
recon-all -s sub-v1s15x0050182_ses-1 finished without error at Sun Mar  8 22:55:23 CET 2026
