/out/sourcedata/freesurfer/sub-v1s15x0050192_ses-1/mri
/opt/freesurfer/bin/talairach_avi
--i orig_nu.mgz --xfm transforms/talairach.auto.xfm
talairach_avi 7.3.2
Linux dna007 5.14.0-427.37.1.el9_4.x86_64 #1 SMP PREEMPT_DYNAMIC Fri Sep 13 12:41:50 EDT 2024 x86_64 x86_64 x86_64 GNU/Linux
Sun Mar  8 20:34:32 CET 2026
mri_convert orig_nu.mgz talsrcimg.img 
reading from orig_nu.mgz...
TR=0.00, TE=0.00, TI=0.00, flip angle=0.00
i_ras = (-1, 0, 0)
j_ras = (0, 0, -1)
k_ras = (0, 1, 0)
writing to talsrcimg.img...
Analyze Output Matrix
-1.00000   0.00000   0.00000   132.78101;
 0.00000   0.00000   1.00000  -106.00000;
 0.00000  -1.00000   0.00000   122.93700;
 0.00000   0.00000   0.00000   1.00000;
--------------------
INFO: set hdr.hist.orient to -1
mpr2mni305 talsrcimg
Sun Mar  8 20:34:33 CET 2026
/opt/freesurfer/bin/mpr2mni305 talsrcimg
mpr2mni305 7.3.2
target=711-2C_as_mni_average_305

---------------------------------------------------------------------
analyzeto4dfp talsrcimg -O0 -y
---------------------------------------------------------------------

freesurfer ifh2hdr.c
Sun Mar  8 20:34:33 2026
Writing: talsrcimg.4dfp.hdr
freesurfer analyzeto4dfp.c
Reading: talsrcimg.hdr
header size 348 bytes
hdr.dime.datatype	offset=70	value=2
hdr.dime.bitpix		offset=72	value=8
hdr.hist.orient		offset=252	value=-1
dimensionality     4
dimensions       256       256       256         1
Reading: talsrcimg.img
Writing: talsrcimg.4dfp.img
Writing: talsrcimg.4dfp.ifh
ifh2hdr talsrcimg -r0to218
ori=2

---------------------------------------------------------------------
gauss_4dfp talsrcimg 1.1
---------------------------------------------------------------------

freesurfer gauss_4dfp.c
Reading: talsrcimg.4dfp.img
Writing: talsrcimg_g11.4dfp.img
image dimensions 256 256 256 padded to 288 288 288
processing volume 1freesurfer ifh2hdr.c
Sun Mar  8 20:34:34 2026
Writing: talsrcimg_g11.4dfp.hdr

Writing: talsrcimg_g11.4dfp.ifh
including: talsrcimg.4dfp.img.rec in talsrcimg_g11.4dfp.img.rec

---------------------------------------------------------------------
imgreg_4dfp /opt/freesurfer/average/711-2C_as_mni_average_305 none talsrcimg_g11 none talsrcimg_to_711-2C_as_mni_average_305_t4 4355
---------------------------------------------------------------------

freesurfer imgreg_4dfp.c
/opt/freesurfer/average/711-2C_as_mni_average_305.4dfp.img
       256       256       256         1
  1.000000  1.000000  1.000000
orientation T byte_order littleendian
Reading image: /opt/freesurfer/average/711-2C_as_mni_average_305.4dfp.img
dimensions:      256       256       256
mmppix:       1.0000   -1.0000   -1.0000
center:     128.0000 -129.0000 -129.0000
talsrcimg_g11.4dfp.img
       256       256       256         1
  1.000000  1.000000  1.000000
orientation T byte_order littleendian
Reading image: talsrcimg_g11.4dfp.img
dimensions:      256       256       256
mmppix:       1.0000   -1.0000   -1.0000
center:     128.0000 -129.0000 -129.0000
t4_read: open error in t4_sub.f l:  41 t4_file(1:l)talsrcimg_to_711-2C_as_mni_average_305_t4 
t4_read: transform initialized to I4
rotation matrix determinant  1.000000
image alignment mode   4355 decimal     1103 hex
   -7.5000  -45.0000  -45.0000 8153.3042   21.2958
    0.0000  -45.0000  -45.0000 8598.7109   21.3069
    7.5000  -45.0000  -45.0000 8277.0703   21.3368
   -7.5000  -37.5000  -45.0000 8586.0361   21.2733
    0.0000  -37.5000  -45.0000 9066.3564   21.2834
    7.5000  -37.5000  -45.0000 8709.8125   21.3257
   -7.5000  -30.0000  -45.0000 9283.5039   21.2510
    0.0000  -30.0000  -45.0000 9812.4980   21.2651
    7.5000  -30.0000  -45.0000 9438.2773   21.3266
   -7.5000  -22.5000  -45.0000 9952.2295   21.2477
    0.0000  -22.5000  -45.000010507.5312   21.2652
    7.5000  -22.5000  -45.000010142.0557   21.3321
   -7.5000  -15.0000  -45.000010558.6729   21.2626
    0.0000  -15.0000  -45.000011174.8887   21.2813
    7.5000  -15.0000  -45.000010779.4297   21.3377
   -7.5000   -7.5000  -45.000011139.5977   21.2849
    0.0000   -7.5000  -45.000011797.0400   21.3012
    7.5000   -7.5000  -45.000011391.9102   21.3401
   -7.5000    0.0000  -45.000011543.3799   21.2923
    0.0000    0.0000  -45.000012212.6045   21.3035
    7.5000    0.0000  -45.000011823.1357   21.3334
   -7.5000    7.5000  -45.000011061.0635   21.2733
    0.0000    7.5000  -45.000011696.5020   21.2834
    7.5000    7.5000  -45.000011336.2314   21.3257
   -7.5000   15.0000  -45.000010482.5576   21.2510
    0.0000   15.0000  -45.000011061.3496   21.2651
    7.5000   15.0000  -45.000010739.4268   21.3266
   -7.5000   22.5000  -45.0000 9826.4639   21.2448
    0.0000   22.5000  -45.000010344.3906   21.2623
    7.5000   22.5000  -45.000010059.1992   21.3291
   -7.5000   30.0000  -45.0000 9064.1992   20.9792
    0.0000   30.0000  -45.0000 9530.7998   20.9977
    7.5000   30.0000  -45.0000 9250.1377   21.0534
   -7.5000   37.5000  -45.0000 8576.1396   21.0035
    0.0000   37.5000  -45.0000 9031.0791   21.0196
    7.5000   37.5000  -45.0000 8753.0488   21.0579
   -7.5000   45.0000  -45.0000 7802.0781   20.5610
    0.0000   45.0000  -45.0000 8222.8271   20.5717
    7.5000   45.0000  -45.0000 7951.4673   20.6006
   -7.5000  -45.0000  -37.5000 8532.3018   21.3335
    0.0000  -45.0000  -37.5000 9021.8955   21.3340
    7.5000  -45.0000  -37.5000 8693.3662   21.3469
   -7.5000  -37.5000  -37.5000 8965.1592   21.3080
    0.0000  -37.5000  -37.5000 9490.2822   21.3098
    7.5000  -37.5000  -37.5000 9141.8711   21.3341
   -7.5000  -30.0000  -37.5000 9705.6396   21.2892
    0.0000  -30.0000  -37.500010285.3535   21.2972
    7.5000  -30.0000  -37.5000 9907.1221   21.3395
   -7.5000  -22.5000  -37.500010417.6865   21.2927
    0.0000  -22.5000  -37.500011013.4424   21.3046
    7.5000  -22.5000  -37.500010638.1455   21.3519
   -7.5000  -15.0000  -37.500011075.0977   21.3118
    0.0000  -15.0000  -37.500011721.2754   21.3228
    7.5000  -15.0000  -37.500011285.8135   21.3604
   -7.5000   -7.5000  -37.500011664.9082   21.3305
    0.0000   -7.5000  -37.500012333.3428   21.3363
    7.5000   -7.5000  -37.500011904.5020   21.3575
   -7.5000    0.0000  -37.500012076.4453   21.3301
    0.0000    0.0000  -37.500012744.8105   21.3307
    7.5000    0.0000  -37.500012333.4961   21.3435
   -7.5000    7.5000  -37.500011579.8291   21.3080
    0.0000    7.5000  -37.500012226.9932   21.3098
    7.5000    7.5000  -37.500011837.2119   21.3341
   -7.5000   15.0000  -37.500010988.0420   21.2892
    0.0000   15.0000  -37.500011574.4141   21.2972
    7.5000   15.0000  -37.500011231.9678   21.3395
   -7.5000   22.5000  -37.500010295.9932   21.2898
    0.0000   22.5000  -37.500010813.6865   21.3017
    7.5000   22.5000  -37.500010508.3691   21.3490
   -7.5000   30.0000  -37.5000 9495.6279   21.0278
    0.0000   30.0000  -37.5000 9956.7139   21.0386
    7.5000   30.0000  -37.5000 9657.3145   21.0758
   -7.5000   37.5000  -37.5000 8985.4189   21.0485
    0.0000   37.5000  -37.5000 9449.6738   21.0543
    7.5000   37.5000  -37.5000 9140.0127   21.0752
   -7.5000   45.0000  -37.5000 8167.6401   20.6005
    0.0000   45.0000  -37.5000 8597.9053   20.6010
    7.5000   45.0000  -37.5000 8301.7383   20.6134
   -7.5000  -45.0000  -30.0000 9019.1592   22.2516
    0.0000  -45.0000  -30.0000 9550.8311   22.2573
    7.5000  -45.0000  -30.0000 9208.8662   22.2597
   -7.5000  -37.5000  -30.0000 9500.9844   22.2269
    0.0000  -37.5000  -30.000010063.6738   22.2357
    7.5000  -37.5000  -30.0000 9709.4912   22.2490
   -7.5000  -30.0000  -30.000010301.5830   22.2148
    0.0000  -30.0000  -30.000010921.4697   22.2313
    7.5000  -30.0000  -30.000010540.5254   22.2625
   -7.5000  -22.5000  -30.000011074.9189   22.2246
    0.0000  -22.5000  -30.000011698.7891   22.2448
    7.5000  -22.5000  -30.000011300.8828   22.2816
   -7.5000  -15.0000  -30.000011800.9512   22.2445
    0.0000  -15.0000  -30.000012459.2949   22.2622
    7.5000  -15.0000  -30.000012012.4512   22.2896
   -7.5000   -7.5000  -30.000012422.6045   22.2558
    0.0000   -7.5000  -30.000013078.4414   22.2668
    7.5000   -7.5000  -30.000012652.1865   22.2777
   -7.5000    0.0000  -30.000012866.7295   22.2480
    0.0000    0.0000  -30.000013526.3037   22.2537
    7.5000    0.0000  -30.000013100.9688   22.2562
   -7.5000    7.5000  -30.000012320.9697   22.2269
    0.0000    7.5000  -30.000012971.2695   22.2357
    7.5000    7.5000  -30.000012562.6523   22.2490
   -7.5000   15.0000  -30.000011679.8799   22.2148
    0.0000   15.0000  -30.000012287.2432   22.2313
    7.5000   15.0000  -30.000011922.2422   22.2625
   -7.5000   22.5000  -30.000010956.6826   22.2193
    0.0000   22.5000  -30.000011490.9355   22.2394
    7.5000   22.5000  -30.000011151.4580   22.2763
   -7.5000   30.0000  -30.000010108.7676   21.9502
    0.0000   30.0000  -30.000010577.6328   21.9677
    7.5000   30.0000  -30.000010253.3330   21.9947
   -7.5000   37.5000  -30.0000 9577.5391   21.9636
    0.0000   37.5000  -30.000010023.8506   21.9745
    7.5000   37.5000  -30.0000 9688.6543   21.9853
   -7.5000   45.0000  -30.0000 8690.7168   21.5051
    0.0000   45.0000  -30.0000 9115.0664   21.5103
    7.5000   45.0000  -30.0000 8788.5225   21.5127
   -7.5000  -45.0000  -22.5000 9540.0039   22.9911
    0.0000  -45.0000  -22.500010084.3486   23.0135
    7.5000  -45.0000  -22.5000 9740.6348   23.0241
   -7.5000  -37.5000  -22.500010082.4443   22.9711
    0.0000  -37.5000  -22.500010665.2920   22.9964
    7.5000  -37.5000  -22.500010294.4678   23.0188
   -7.5000  -30.0000  -22.500010949.4277   22.9619
    0.0000  -30.0000  -22.500011581.0664   22.9947
    7.5000  -30.0000  -22.500011201.7900   23.0367
   -7.5000  -22.5000  -22.500011761.6670   22.9700
    0.0000  -22.5000  -22.500012422.5127   23.0066
    7.5000  -22.5000  -22.500011999.2275   23.0549
   -7.5000  -15.0000  -22.500012550.8926   22.9847
    0.0000  -15.0000  -22.500013241.2607   23.0195
    7.5000  -15.0000  -22.500012788.9785   23.0576
   -7.5000   -7.5000  -22.500013226.6113   22.9929
    0.0000   -7.5000  -22.500013909.9512   23.0211
    7.5000   -7.5000  -22.500013467.8857   23.0413
   -7.5000    0.0000  -22.500013705.3008   22.9874
    0.0000    0.0000  -22.500014410.2998   23.0099
    7.5000    0.0000  -22.500013939.8945   23.0205
   -7.5000    7.5000  -22.500013122.9746   22.9711
    0.0000    7.5000  -22.500013792.1582   22.9964
    7.5000    7.5000  -22.500013369.5254   23.0188
   -7.5000   15.0000  -22.500012420.1719   22.9619
    0.0000   15.0000  -22.500013049.1758   22.9947
    7.5000   15.0000  -22.500012663.7422   23.0367
   -7.5000   22.5000  -22.500011646.6309   22.9629
    0.0000   22.5000  -22.500012207.4971   22.9995
    7.5000   22.5000  -22.500011842.4326   23.0477
   -7.5000   30.0000  -22.500010767.7363   22.6841
    0.0000   30.0000  -22.500011238.0273   22.7184
    7.5000   30.0000  -22.500010895.7275   22.7560
   -7.5000   37.5000  -22.500010213.9629   22.6942
    0.0000   37.5000  -22.500010658.9766   22.7221
    7.5000   37.5000  -22.500010295.6416   22.7420
   -7.5000   45.0000  -22.5000 9266.2744   22.2351
    0.0000   45.0000  -22.5000 9676.3242   22.2564
    7.5000   45.0000  -22.5000 9343.5254   22.2666
   -7.5000  -45.0000  -15.000010047.4902   23.4989
    0.0000  -45.0000  -15.000010589.9746   23.5330
    7.5000  -45.0000  -15.000010247.1641   23.5620
   -7.5000  -37.5000  -15.000010636.1016   23.4835
    0.0000  -37.5000  -15.000011227.2832   23.5179
    7.5000  -37.5000  -15.000010841.5234   23.5589
   -7.5000  -30.0000  -15.000011607.5244   23.4703
    0.0000  -30.0000  -15.000012254.3008   23.5108
    7.5000  -30.0000  -15.000011840.3086   23.5736
   -7.5000  -22.5000  -15.000012482.4902   23.4692
    0.0000  -22.5000  -15.000013206.7891   23.5142
    7.5000  -22.5000  -15.000012720.7588   23.5850
   -7.5000  -15.0000  -15.000013325.3359   23.4771
    0.0000  -15.0000  -15.000014071.0088   23.5230
    7.5000  -15.0000  -15.000013556.9111   23.5838
   -7.5000   -7.5000  -15.000014042.4551   23.4899
    0.0000   -7.5000  -15.000014778.0039   23.5310
    7.5000   -7.5000  -15.000014260.2920   23.5716
   -7.5000    0.0000  -15.000014602.5410   23.4951
    0.0000    0.0000  -15.000015358.2764   23.5293
    7.5000    0.0000  -15.000014794.0947   23.5583
   -7.5000    7.5000  -15.000013999.3008   23.4835
    0.0000    7.5000  -15.000014740.6982   23.5179
    7.5000    7.5000  -15.000014190.8701   23.5589
   -7.5000   15.0000  -15.000013255.7109   23.4703
    0.0000   15.0000  -15.000013915.3584   23.5108
    7.5000   15.0000  -15.000013431.4619   23.5736
   -7.5000   22.5000  -15.000012412.4717   23.4609
    0.0000   22.5000  -15.000012999.7627   23.5059
    7.5000   22.5000  -15.000012578.3086   23.5767
   -7.5000   30.0000  -15.000011500.3896   23.1733
    0.0000   30.0000  -15.000012020.5781   23.2186
    7.5000   30.0000  -15.000011625.2227   23.2785
   -7.5000   37.5000  -15.000010896.5605   23.1879
    0.0000   37.5000  -15.000011383.5166   23.2285
    7.5000   37.5000  -15.000010995.3193   23.2686
   -7.5000   45.0000  -15.0000 9877.2031   22.7359
    0.0000   45.0000  -15.000010336.0732   22.7686
    7.5000   45.0000  -15.0000 9968.8477   22.7965
   -7.5000  -45.0000   -7.500010484.3936   23.7542
    0.0000  -45.0000   -7.500011080.0430   23.7835
    7.5000  -45.0000   -7.500010668.6113   23.8235
   -7.5000  -37.5000   -7.500011143.3242   23.7369
    0.0000  -37.5000   -7.500011788.2695   23.7641
    7.5000  -37.5000   -7.500011332.5898   23.8169
   -7.5000  -30.0000   -7.500012284.8486   23.7163
    0.0000  -30.0000   -7.500013005.2549   23.7473
    7.5000  -30.0000   -7.500012490.2021   23.8225
   -7.5000  -22.5000   -7.500013379.0518   23.7093
    0.0000  -22.5000   -7.500014232.2773   23.7446
    7.5000  -22.5000   -7.500013575.7256   23.8277
   -7.5000  -15.0000   -7.500014308.9688   23.7181
    0.0000  -15.0000   -7.500015205.7295   23.7561
    7.5000  -15.0000   -7.500014483.8594   23.8286
   -7.5000   -7.5000   -7.500015106.4238   23.7387
    0.0000   -7.5000   -7.500015969.9814   23.7745
    7.5000   -7.5000   -7.500015231.9102   23.8263
   -7.5000    0.0000   -7.500015698.5039   23.7504
    0.0000    0.0000   -7.500016619.9531   23.7797
    7.5000    0.0000   -7.500015804.8887   23.8197
   -7.5000    7.5000   -7.500015063.6064   23.7369
    0.0000    7.5000   -7.500015934.3887   23.7641
    7.5000    7.5000   -7.500015192.7949   23.8169
   -7.5000   15.0000   -7.500014224.7246   23.7163
    0.0000   15.0000   -7.500014984.6289   23.7473
    7.5000   15.0000   -7.500014342.9570   23.8225
   -7.5000   22.5000   -7.500013287.7041   23.6983
    0.0000   22.5000   -7.500013973.9014   23.7336
    7.5000   22.5000   -7.500013417.0000   23.8167
   -7.5000   30.0000   -7.500012310.2021   23.4105
    0.0000   30.0000   -7.500012956.5195   23.4480
    7.5000   30.0000   -7.500012428.8506   23.5196
   -7.5000   37.5000   -7.500011687.7754   23.4331
    0.0000   37.5000   -7.500012321.8506   23.4684
    7.5000   37.5000   -7.500011811.2773   23.5196
   -7.5000   45.0000   -7.500010588.7920   22.9852
    0.0000   45.0000   -7.500011152.3135   23.0134
    7.5000   45.0000   -7.500010679.8193   23.0521
   -7.5000  -45.0000    0.000010777.1748   23.8257
    0.0000  -45.0000    0.000011497.9697   23.8382
    7.5000  -45.0000    0.000010980.7139   23.8718
   -7.5000  -37.5000    0.000011533.0654   23.8010
    0.0000  -37.5000    0.000012278.0244   23.8123
    7.5000  -37.5000    0.000011726.8037   23.8597
   -7.5000  -30.0000    0.000012894.4541   23.7761
    0.0000  -30.0000    0.000013765.8105   23.7917
    7.5000  -30.0000    0.000013103.5283   23.8606
   -7.5000  -22.5000    0.000014408.7090   23.7720
    0.0000  -22.5000    0.000015533.0586   23.7915
    7.5000  -22.5000    0.000014630.9561   23.8664
   -7.5000  -15.0000    0.000015481.1396   23.7882
    0.0000  -15.0000    0.000016786.7832   23.8091
    7.5000  -15.0000    0.000015646.5732   23.8725
   -7.5000   -7.5000    0.000016119.6074   23.8132
    0.0000   -7.5000    0.000017382.0898   23.8314
    7.5000   -7.5000    0.000016209.3535   23.8751
   -7.5000    0.0000    0.000016585.1484   23.8219
    0.0000    0.0000    0.000017808.7637   23.8344
    7.5000    0.0000    0.000016674.8730   23.8680
   -7.5000    7.5000    0.000015865.8008   23.8010
    0.0000    7.5000    0.000016966.2480   23.8123
    7.5000    7.5000    0.000015982.2754   23.8597
   -7.5000   15.0000    0.000014934.6309   23.7761
    0.0000   15.0000    0.000015921.4150   23.7917
    7.5000   15.0000    0.000015099.4727   23.8606
   -7.5000   22.5000    0.000013934.9951   23.7610
    0.0000   22.5000    0.000014863.7227   23.7805
    7.5000   22.5000    0.000014155.9346   23.8555
   -7.5000   30.0000    0.000012924.3975   23.4803
    0.0000   30.0000    0.000013777.8789   23.5010
    7.5000   30.0000    0.000013130.1328   23.5635
   -7.5000   37.5000    0.000012272.8105   23.5075
    0.0000   37.5000    0.000013067.9736   23.5255
    7.5000   37.5000    0.000012489.2490   23.5687
   -7.5000   45.0000    0.000011117.5000   23.0578
    0.0000   45.0000    0.000011777.2754   23.0698
    7.5000   45.0000    0.000011272.1885   23.1024
   -7.5000  -45.0000    7.500010182.5596   23.8727
    0.0000  -45.0000    7.500010905.5732   23.8734
    7.5000  -45.0000    7.500010434.0693   23.8878
   -7.5000  -37.5000    7.500010989.0986   23.8443
    0.0000  -37.5000    7.500011691.3682   23.8462
    7.5000  -37.5000    7.500011246.5625   23.8734
   -7.5000  -30.0000    7.500012533.8467   23.8232
    0.0000  -30.0000    7.500013345.9248   23.8321
    7.5000  -30.0000    7.500012831.5625   23.8795
   -7.5000  -22.5000    7.500014129.5176   23.8271
    0.0000  -22.5000    7.500015532.4512   23.8404
    7.5000  -22.5000    7.500014447.4736   23.8934
   -7.5000  -15.0000    7.500015070.6562   23.8485
    0.0000  -15.0000    7.500016772.5371   23.8607
    7.5000  -15.0000    7.500015379.3359   23.9029
   -7.5000   -7.5000    7.500015500.7402   23.8694
    0.0000   -7.5000    7.500017048.2305   23.8759
    7.5000   -7.5000    7.500015761.9131   23.8996
   -7.5000    0.0000    7.500015872.2139   23.8689
    0.0000    0.0000    7.500017254.0957   23.8696
    7.5000    0.0000    7.500016125.7363   23.8840
   -7.5000    7.5000    7.500015184.0693   23.8443
    0.0000    7.5000    7.500016394.6992   23.8462
    7.5000    7.5000    7.500015460.1182   23.8734
   -7.5000   15.0000    7.500014339.8984   23.8232
    0.0000   15.0000    7.500015415.4980   23.8321
    7.5000   15.0000    7.500014634.6904   23.8795
   -7.5000   22.5000    7.500013447.5908   23.8162
    0.0000   22.5000    7.500014399.6680   23.8294
    7.5000   22.5000    7.500013747.2471   23.8824
   -7.5000   30.0000    7.500012468.3809   23.5399
    0.0000   30.0000    7.500013292.8340   23.5519
    7.5000   30.0000    7.500012746.3691   23.5935
   -7.5000   37.5000    7.500011831.7393   23.5631
    0.0000   37.5000    7.500012607.7139   23.5695
    7.5000   37.5000    7.500012122.7607   23.5929
   -7.5000   45.0000    7.500010701.1162   23.1068
    0.0000   45.0000    7.500011371.8320   23.1073
    7.5000   45.0000    7.500010926.9443   23.1213
   -7.5000  -45.0000   15.0000 9364.9121   23.8972
    0.0000  -45.0000   15.0000 9954.9248   23.9033
    7.5000  -45.0000   15.0000 9696.0654   23.9059
   -7.5000  -37.5000   15.000010114.8672   23.8707
    0.0000  -37.5000   15.000010665.4980   23.8801
    7.5000  -37.5000   15.000010429.9043   23.8943
   -7.5000  -30.0000   15.000011463.6680   23.8577
    0.0000  -30.0000   15.000012167.8779   23.8753
    7.5000  -30.0000   15.000011862.1426   23.9089
   -7.5000  -22.5000   15.000012750.1123   23.8682
    0.0000  -22.5000   15.000013928.0693   23.8898
    7.5000  -22.5000   15.000013310.9990   23.9294
   -7.5000  -15.0000   15.000013629.6631   23.8895
    0.0000  -15.0000   15.000015014.4385   23.9086
    7.5000  -15.0000   15.000014265.8184   23.9380
   -7.5000   -7.5000   15.000014256.1787   23.9017
    0.0000   -7.5000   15.000015539.2549   23.9135
    7.5000   -7.5000   15.000014834.0615   23.9252
   -7.5000    0.0000   15.000014777.9326   23.8934
    0.0000    0.0000   15.000015990.4297   23.8995
    7.5000    0.0000   15.000015286.9160   23.9021
   -7.5000    7.5000   15.000014202.3457   23.8707
    0.0000    7.5000   15.000015323.1094   23.8801
    7.5000    7.5000   15.000014624.2842   23.8943
   -7.5000   15.0000   15.000013450.5127   23.8577
    0.0000   15.0000   15.000014479.8691   23.8753
    7.5000   15.0000   15.000013833.9932   23.9089
   -7.5000   22.5000   15.000012654.1875   23.8572
    0.0000   22.5000   15.000013595.9170   23.8788
    7.5000   22.5000   15.000013001.7520   23.9183
   -7.5000   30.0000   15.000011746.4131   23.5804
    0.0000   30.0000   15.000012611.2676   23.5992
    7.5000   30.0000   15.000012085.0332   23.6282
   -7.5000   37.5000   15.000011205.5703   23.5949
    0.0000   37.5000   15.000011986.1045   23.6065
    7.5000   37.5000   15.000011519.5000   23.6181
   -7.5000   45.0000   15.000010151.3467   23.1329
    0.0000   45.0000   15.000010808.2168   23.1385
    7.5000   45.0000   15.000010419.1406   23.1411
   -7.5000  -45.0000   22.5000 8577.0430   23.9261
    0.0000  -45.0000   22.5000 9092.2705   23.9494
    7.5000  -45.0000   22.5000 8840.6328   23.9604
   -7.5000  -37.5000   22.5000 9262.0400   23.9046
    0.0000  -37.5000   22.5000 9776.5234   23.9309
    7.5000  -37.5000   22.5000 9494.8330   23.9541
   -7.5000  -30.0000   22.500010345.3447   23.8951
    0.0000  -30.0000   22.500011067.8760   23.9293
    7.5000  -30.0000   22.500010715.6230   23.9730
   -7.5000  -22.5000   22.500011291.6016   23.9044
    0.0000  -22.5000   22.500012255.0938   23.9425
    7.5000  -22.5000   22.500011857.6367   23.9928
   -7.5000  -15.0000   22.500012052.2637   23.9204
    0.0000  -15.0000   22.500013004.8223   23.9567
    7.5000  -15.0000   22.500012694.4424   23.9963
   -7.5000   -7.5000   22.500012795.4502   23.9287
    0.0000   -7.5000   22.500013686.8955   23.9582
    7.5000   -7.5000   22.500013441.5273   23.9791
   -7.5000    0.0000   22.500013487.7256   23.9223
    0.0000    0.0000   22.500014448.4316   23.9456
    7.5000    0.0000   22.500014079.5186   23.9566
   -7.5000    7.5000   22.500013160.0264   23.9046
    0.0000    7.5000   22.500014078.0693   23.9309
    7.5000    7.5000   22.500013621.2363   23.9541
   -7.5000   15.0000   22.500012558.5371   23.8951
    0.0000   15.0000   22.500013417.1328   23.9293
    7.5000   15.0000   22.500012914.9629   23.9730
   -7.5000   22.5000   22.500011840.3760   23.8934
    0.0000   22.5000   22.500012666.9980   23.9315
    7.5000   22.5000   22.500012160.5439   23.9817
   -7.5000   30.0000   22.500011013.6064   23.6108
    0.0000   30.0000   22.500011774.8633   23.6467
    7.5000   30.0000   22.500011314.8936   23.6858
   -7.5000   37.5000   22.500010474.1328   23.6213
    0.0000   37.5000   22.500011180.6699   23.6503
    7.5000   37.5000   22.500010746.1455   23.6709
   -7.5000   45.0000   22.5000 9490.2598   23.1596
    0.0000   45.0000   22.500010117.5732   23.1818
    7.5000   45.0000   22.5000 9717.9883   23.1924
   -7.5000  -45.0000   30.0000 7996.0972   24.4099
    0.0000  -45.0000   30.0000 8452.3291   24.4465
    7.5000  -45.0000   30.0000 8120.1304   24.4784
   -7.5000  -37.5000   30.0000 8629.8838   24.3937
    0.0000  -37.5000   30.0000 9157.5547   24.4302
    7.5000  -37.5000   30.0000 8765.4746   24.4744
   -7.5000  -30.0000   30.0000 9577.0850   24.3772
    0.0000  -30.0000   30.000010262.9590   24.4194
    7.5000  -30.0000   30.0000 9849.1973   24.4863
   -7.5000  -22.5000   30.000010405.3145   24.3728
    0.0000  -22.5000   30.000011208.8340   24.4198
    7.5000  -22.5000   30.000010770.3213   24.4953
   -7.5000  -15.0000   30.000011163.6562   24.3803
    0.0000  -15.0000   30.000011932.6016   24.4288
    7.5000  -15.0000   30.000011511.0684   24.4941
   -7.5000   -7.5000   30.000011845.5869   24.3968
    0.0000   -7.5000   30.000012609.8037   24.4407
    7.5000   -7.5000   30.000012206.1377   24.4850
   -7.5000    0.0000   30.000012432.9395   24.4059
    0.0000    0.0000   30.000013249.9893   24.4426
    7.5000    0.0000   30.000012797.5303   24.4744
   -7.5000    7.5000   30.000012137.9316   24.3937
    0.0000    7.5000   30.000012972.7695   24.4302
    7.5000    7.5000   30.000012478.8438   24.4744
   -7.5000   15.0000   30.000011668.7637   24.3772
    0.0000   15.0000   30.000012442.5430   24.4194
    7.5000   15.0000   30.000011926.3096   24.4863
   -7.5000   22.5000   30.000011046.0840   24.3616
    0.0000   22.5000   30.000011777.8623   24.4086
    7.5000   22.5000   30.000011289.4688   24.4840
   -7.5000   30.0000   30.000010274.9521   24.0648
    0.0000   30.0000   30.000010990.1445   24.1126
    7.5000   30.0000   30.000010535.6631   24.1771
   -7.5000   37.5000   30.0000 9777.3643   24.0833
    0.0000   37.5000   30.000010419.9082   24.1266
    7.5000   37.5000   30.000010004.9346   24.1703
   -7.5000   45.0000   30.0000 8899.5664   23.6259
    0.0000   45.0000   30.0000 9462.8994   23.6610
    7.5000   45.0000   30.0000 9092.4512   23.6918
   -7.5000  -45.0000   37.5000 7870.6431   25.4864
    0.0000  -45.0000   37.5000 8304.2510   25.5175
    7.5000  -45.0000   37.5000 7916.4087   25.5624
   -7.5000  -37.5000   37.5000 8471.5840   25.4628
    0.0000  -37.5000   37.5000 8986.3584   25.4908
    7.5000  -37.5000   37.5000 8587.2803   25.5497
   -7.5000  -30.0000   37.5000 9342.0928   25.4346
    0.0000  -30.0000   37.5000 9964.5713   25.4663
    7.5000  -30.0000   37.5000 9568.5518   25.5499
   -7.5000  -22.5000   37.500010156.7686   25.4255
    0.0000  -22.5000   37.500010818.5283   25.4620
    7.5000  -22.5000   37.500010404.5801   25.5550
   -7.5000  -15.0000   37.500010914.9072   25.4387
    0.0000  -15.0000   37.500011587.9336   25.4785
    7.5000  -15.0000   37.500011127.5332   25.5602
   -7.5000   -7.5000   37.500011616.7393   25.4671
    0.0000   -7.5000   37.500012324.0186   25.5052
    7.5000   -7.5000   37.500011818.4004   25.5635
   -7.5000    0.0000   37.500012181.6973   25.4820
    0.0000    0.0000   37.500012935.3438   25.5132
    7.5000    0.0000   37.500012380.6348   25.5580
   -7.5000    7.5000   37.500011866.3662   25.4628
    0.0000    7.5000   37.500012610.5791   25.4908
    7.5000    7.5000   37.500012044.2061   25.5497
   -7.5000   15.0000   37.500011401.9219   25.4346
    0.0000   15.0000   37.500012108.7930   25.4663
    7.5000   15.0000   37.500011541.0166   25.5499
   -7.5000   22.5000   37.500010811.0068   25.4138
    0.0000   22.5000   37.500011485.3672   25.4503
    7.5000   22.5000   37.500010969.8584   25.5432
   -7.5000   30.0000   37.500010059.8887   25.1095
    0.0000   30.0000   37.500010694.4434   25.1488
    7.5000   30.0000   37.500010256.9756   25.2294
   -7.5000   37.5000   37.5000 9559.0938   25.1401
    0.0000   37.5000   37.500010135.9121   25.1777
    7.5000   37.5000   37.5000 9737.5840   25.2352
   -7.5000   45.0000   37.5000 8715.5273   24.6646
    0.0000   45.0000   37.5000 9239.1143   24.6945
    7.5000   45.0000   37.5000 8862.6250   24.7379
   -7.5000  -45.0000   45.0000 7386.4058   26.6299
    0.0000  -45.0000   45.0000 7770.2959   26.6359
    7.5000  -45.0000   45.0000 7385.6431   26.6663
   -7.5000  -37.5000   45.0000 7940.0693   26.5982
    0.0000  -37.5000   45.0000 8393.6494   26.6022
    7.5000  -37.5000   45.0000 8002.3359   26.6498
   -7.5000  -30.0000   45.0000 8732.3545   26.5624
    0.0000  -30.0000   45.0000 9233.5469   26.5717
    7.5000  -30.0000   45.0000 8871.9775   26.6473
   -7.5000  -22.5000   45.0000 9499.2998   26.5527
    0.0000  -22.5000   45.000010025.9072   26.5672
    7.5000  -22.5000   45.0000 9635.4170   26.6519
   -7.5000  -15.0000   45.000010175.5752   26.5731
    0.0000  -15.0000   45.000010733.2891   26.5895
    7.5000  -15.0000   45.000010284.0713   26.6603
   -7.5000   -7.5000   45.000010819.6641   26.6097
    0.0000   -7.5000   45.000011417.7441   26.6228
    7.5000   -7.5000   45.000010916.9531   26.6674
   -7.5000    0.0000   45.000011365.4268   26.6251
    0.0000    0.0000   45.000012001.7734   26.6311
    7.5000    0.0000   45.000011458.1270   26.6616
   -7.5000    7.5000   45.000011074.2529   26.5982
    0.0000    7.5000   45.000011691.2324   26.6022
    7.5000    7.5000   45.000011148.3828   26.6498
   -7.5000   15.0000   45.000010635.3076   26.5624
    0.0000   15.0000   45.000011237.8096   26.5717
    7.5000   15.0000   45.000010692.7129   26.6473
   -7.5000   22.5000   45.000010045.3115   26.5403
    0.0000   22.5000   45.000010609.4971   26.5549
    7.5000   22.5000   45.000010136.6191   26.6396
   -7.5000   30.0000   45.0000 9332.0059   26.2269
    0.0000   30.0000   45.0000 9880.5537   26.2431
    7.5000   30.0000   45.0000 9444.3809   26.3129
   -7.5000   37.5000   45.0000 8917.1338   26.2639
    0.0000   37.5000   45.0000 9434.7812   26.2768
    7.5000   37.5000   45.0000 9002.7188   26.3209
   -7.5000   45.0000   45.0000 8156.4033   25.7489
    0.0000   45.0000   45.0000 8600.0029   25.7543
    7.5000   45.0000   45.0000 8199.1621   25.7836

---------------------------------------------------------------------
imgreg_4dfp /opt/freesurfer/average/711-2C_as_mni_average_305 /opt/freesurfer/average/711-2B_as_mni_average_305_mask talsrcimg_g11 none talsrcimg_to_711-2C_as_mni_average_305_t4 4355
---------------------------------------------------------------------

freesurfer imgreg_4dfp.c
/opt/freesurfer/average/711-2C_as_mni_average_305.4dfp.img
       256       256       256         1
  1.000000  1.000000  1.000000
orientation T byte_order littleendian
Reading image: /opt/freesurfer/average/711-2C_as_mni_average_305.4dfp.img
dimensions:      256       256       256
mmppix:       1.0000   -1.0000   -1.0000
center:     128.0000 -129.0000 -129.0000
/opt/freesurfer/average/711-2B_as_mni_average_305_mask.4dfp.img
       256       256       256         1
  1.000000  1.000000  1.000000
orientation T byte_order littleendian
Reading mask: /opt/freesurfer/average/711-2B_as_mni_average_305_mask.4dfp.img (2306576 pixels)
talsrcimg_g11.4dfp.img
       256       256       256         1
  1.000000  1.000000  1.000000
orientation T byte_order littleendian
Reading image: talsrcimg_g11.4dfp.img
dimensions:      256       256       256
mmppix:       1.0000   -1.0000   -1.0000
center:     128.0000 -129.0000 -129.0000
rotation matrix determinant  1.000000
image alignment mode   4355 decimal     1103 hex
   -7.5000  -45.0000  -45.0000 2197.8096   24.0535
    0.0000  -45.0000  -45.0000 2207.6660   23.5535
    7.5000  -45.0000  -45.0000 2187.0383   23.5637
   -7.5000  -37.5000  -45.0000 2270.9922   22.4847
    0.0000  -37.5000  -45.0000 2281.1572   22.0052
    7.5000  -37.5000  -45.0000 2259.2012   22.0081
   -7.5000  -30.0000  -45.0000 2314.7148   21.3259
    0.0000  -30.0000  -45.0000 2322.4834   20.8793
    7.5000  -30.0000  -45.0000 2304.1252   20.9631
   -7.5000  -22.5000  -45.0000 2344.6294   20.5183
    0.0000  -22.5000  -45.0000 2350.7019   20.1253
    7.5000  -22.5000  -45.0000 2333.2605   20.1963
   -7.5000  -15.0000  -45.0000 2352.8450   20.1300
    0.0000  -15.0000  -45.0000 2361.3862   19.7377
    7.5000  -15.0000  -45.0000 2345.7009   19.8443
   -7.5000   -7.5000  -45.0000 2346.7361   20.2481
    0.0000   -7.5000  -45.0000 2359.1157   19.8361
    7.5000   -7.5000  -45.0000 2346.4893   19.9562
   -7.5000    0.0000  -45.0000 2313.7825   20.7000
    0.0000    0.0000  -45.0000 2330.5496   20.2662
    7.5000    0.0000  -45.0000 2319.0957   20.4015
   -7.5000    7.5000  -45.0000 2275.5911   21.4985
    0.0000    7.5000  -45.0000 2291.6519   21.0687
    7.5000    7.5000  -45.0000 2276.9473   21.1627
   -7.5000   15.0000  -45.0000 2220.1687   22.5704
    0.0000   15.0000  -45.0000 2236.0903   22.1448
    7.5000   15.0000  -45.0000 2223.2278   22.2419
   -7.5000   22.5000  -45.0000 2149.9299   24.1065
    0.0000   22.5000  -45.0000 2160.7471   23.6952
    7.5000   22.5000  -45.0000 2149.8030   23.8276
   -7.5000   30.0000  -45.0000 2049.6421   26.2806
    0.0000   30.0000  -45.0000 2062.3826   25.8699
    7.5000   30.0000  -45.0000 2044.8813   26.0020
   -7.5000   37.5000  -45.0000 1934.6246   29.2450
    0.0000   37.5000  -45.0000 1946.8918   28.8642
    7.5000   37.5000  -45.0000 1932.8850   28.8887
   -7.5000   45.0000  -45.0000 1824.8246   33.1192
    0.0000   45.0000  -45.0000 1834.0902   32.6440
    7.5000   45.0000  -45.0000 1817.7253   32.6220
   -7.5000  -45.0000  -37.5000 2260.6902   23.0738
    0.0000  -45.0000  -37.5000 2274.6746   22.5262
    7.5000  -45.0000  -37.5000 2258.3691   22.4256
   -7.5000  -37.5000  -37.5000 2335.9124   21.3718
    0.0000  -37.5000  -37.5000 2350.8962   20.9266
    7.5000  -37.5000  -37.5000 2334.7742   20.8271
   -7.5000  -30.0000  -37.5000 2391.2075   20.2474
    0.0000  -30.0000  -37.5000 2405.6824   19.7991
    7.5000  -30.0000  -37.5000 2385.3838   19.7932
   -7.5000  -22.5000  -37.5000 2427.5242   19.4319
    0.0000  -22.5000  -37.5000 2440.9795   19.0120
    7.5000  -22.5000  -37.5000 2421.6191   19.0532
   -7.5000  -15.0000  -37.5000 2439.0586   19.0111
    0.0000  -15.0000  -37.5000 2454.0544   18.6136
    7.5000  -15.0000  -37.5000 2431.4197   18.6672
   -7.5000   -7.5000  -37.5000 2432.1084   19.0540
    0.0000   -7.5000  -37.5000 2449.7664   18.6621
    7.5000   -7.5000  -37.5000 2433.4399   18.7414
   -7.5000    0.0000  -37.5000 2400.4749   19.4125
    0.0000    0.0000  -37.5000 2418.3418   18.9795
    7.5000    0.0000  -37.5000 2407.3696   19.0529
   -7.5000    7.5000  -37.5000 2360.7339   20.0650
    0.0000    7.5000  -37.5000 2381.8748   19.6516
    7.5000    7.5000  -37.5000 2370.7217   19.7112
   -7.5000   15.0000  -37.5000 2307.2178   21.0492
    0.0000   15.0000  -37.5000 2328.2317   20.6174
    7.5000   15.0000  -37.5000 2318.8115   20.7062
   -7.5000   22.5000  -37.5000 2233.1846   22.4439
    0.0000   22.5000  -37.5000 2252.2332   22.0480
    7.5000   22.5000  -37.5000 2243.1897   22.1990
   -7.5000   30.0000  -37.5000 2132.1162   24.3609
    0.0000   30.0000  -37.5000 2148.2441   23.9692
    7.5000   30.0000  -37.5000 2137.6860   24.1763
   -7.5000   37.5000  -37.5000 2014.0399   27.0447
    0.0000   37.5000  -37.5000 2038.3331   26.7538
    7.5000   37.5000  -37.5000 2020.9119   26.8395
   -7.5000   45.0000  -37.5000 1893.5305   30.6189
    0.0000   45.0000  -37.5000 1915.5830   30.2965
    7.5000   45.0000  -37.5000 1901.6287   30.3353
   -7.5000  -45.0000  -30.0000 2349.9402   23.0428
    0.0000  -45.0000  -30.0000 2370.4558   22.4672
    7.5000  -45.0000  -30.0000 2363.0593   22.3034
   -7.5000  -37.5000  -30.0000 2433.3540   21.2908
    0.0000  -37.5000  -30.0000 2448.9114   20.7551
    7.5000  -37.5000  -30.0000 2442.1470   20.6328
   -7.5000  -30.0000  -30.0000 2492.0518   19.9937
    0.0000  -30.0000  -30.0000 2514.5796   19.5222
    7.5000  -30.0000  -30.0000 2504.7222   19.4459
   -7.5000  -22.5000  -30.0000 2538.7051   19.1229
    0.0000  -22.5000  -30.0000 2555.5574   18.6688
    7.5000  -22.5000  -30.0000 2546.1509   18.6797
   -7.5000  -15.0000  -30.0000 2557.4824   18.6442
    0.0000  -15.0000  -30.0000 2570.4741   18.2368
    7.5000  -15.0000  -30.0000 2557.6235   18.2741
   -7.5000   -7.5000  -30.0000 2556.0264   18.6244
    0.0000   -7.5000  -30.0000 2570.7417   18.2081
    7.5000   -7.5000  -30.0000 2564.0088   18.2825
   -7.5000    0.0000  -30.0000 2530.5122   18.9039
    0.0000    0.0000  -30.0000 2547.2129   18.4830
    7.5000    0.0000  -30.0000 2540.3494   18.5271
   -7.5000    7.5000  -30.0000 2488.3223   19.5014
    0.0000    7.5000  -30.0000 2509.7927   19.0664
    7.5000    7.5000  -30.0000 2502.3879   19.0832
   -7.5000   15.0000  -30.0000 2432.5146   20.3975
    0.0000   15.0000  -30.0000 2455.1228   19.9430
    7.5000   15.0000  -30.0000 2450.4004   20.0262
   -7.5000   22.5000  -30.0000 2360.1606   21.7363
    0.0000   22.5000  -30.0000 2380.1741   21.2985
    7.5000   22.5000  -30.0000 2372.9495   21.4679
   -7.5000   30.0000  -30.0000 2259.3604   23.6596
    0.0000   30.0000  -30.0000 2273.3616   23.1900
    7.5000   30.0000  -30.0000 2267.9856   23.3574
   -7.5000   37.5000  -30.0000 2136.4966   26.2433
    0.0000   37.5000  -30.0000 2154.9216   25.7861
    7.5000   37.5000  -30.0000 2141.7695   25.8854
   -7.5000   45.0000  -30.0000 1999.7812   29.6073
    0.0000   45.0000  -30.0000 2026.8488   29.2626
    7.5000   45.0000  -30.0000 2008.8524   29.2386
   -7.5000  -45.0000  -22.5000 2409.3425   22.8019
    0.0000  -45.0000  -22.5000 2425.2739   22.1920
    7.5000  -45.0000  -22.5000 2427.3733   22.1334
   -7.5000  -37.5000  -22.5000 2498.7087   21.0500
    0.0000  -37.5000  -22.5000 2517.1946   20.4982
    7.5000  -37.5000  -22.5000 2516.7029   20.4494
   -7.5000  -30.0000  -22.5000 2566.2556   19.6706
    0.0000  -30.0000  -22.5000 2584.6833   19.1606
    7.5000  -30.0000  -22.5000 2584.9968   19.1288
   -7.5000  -22.5000  -22.5000 2618.0764   18.6826
    0.0000  -22.5000  -22.5000 2632.7932   18.2031
    7.5000  -22.5000  -22.5000 2630.1948   18.2438
   -7.5000  -15.0000  -22.5000 2650.9934   18.1076
    0.0000  -15.0000  -22.5000 2661.2427   17.6633
    7.5000  -15.0000  -22.5000 2658.1841   17.7465
   -7.5000   -7.5000  -22.5000 2658.9783   18.0326
    0.0000   -7.5000  -22.5000 2673.0430   17.5965
    7.5000   -7.5000  -22.5000 2668.0686   17.7374
   -7.5000    0.0000  -22.5000 2634.6467   18.2995
    0.0000    0.0000  -22.5000 2652.2681   17.8792
    7.5000    0.0000  -22.5000 2647.4900   17.9515
   -7.5000    7.5000  -22.5000 2592.5842   18.8559
    0.0000    7.5000  -22.5000 2612.2463   18.4369
    7.5000    7.5000  -22.5000 2612.5154   18.4774
   -7.5000   15.0000  -22.5000 2535.8669   19.7097
    0.0000   15.0000  -22.5000 2557.7554   19.2898
    7.5000   15.0000  -22.5000 2558.1838   19.4003
   -7.5000   22.5000  -22.5000 2464.5115   20.9632
    0.0000   22.5000  -22.5000 2486.2617   20.5666
    7.5000   22.5000  -22.5000 2483.6582   20.7270
   -7.5000   30.0000  -22.5000 2359.9829   22.8036
    0.0000   30.0000  -22.5000 2378.3105   22.3883
    7.5000   30.0000  -22.5000 2373.8489   22.4972
   -7.5000   37.5000  -22.5000 2240.5486   25.3586
    0.0000   37.5000  -22.5000 2254.8684   24.8280
    7.5000   37.5000  -22.5000 2243.2910   25.0078
   -7.5000   45.0000  -22.5000 2093.4363   28.6624
    0.0000   45.0000  -22.5000 2106.6436   28.1386
    7.5000   45.0000  -22.5000 2096.5913   28.2558
   -7.5000  -45.0000  -15.0000 2432.4910   22.8729
    0.0000  -45.0000  -15.0000 2433.9829   22.1948
    7.5000  -45.0000  -15.0000 2444.5796   22.1165
   -7.5000  -37.5000  -15.0000 2527.1499   20.9296
    0.0000  -37.5000  -15.0000 2528.6177   20.3415
    7.5000  -37.5000  -15.0000 2540.7866   20.3385
   -7.5000  -30.0000  -15.0000 2604.4597   19.4872
    0.0000  -30.0000  -15.0000 2604.1777   18.9741
    7.5000  -30.0000  -15.0000 2617.4053   18.9977
   -7.5000  -22.5000  -15.0000 2656.9224   18.4138
    0.0000  -22.5000  -15.0000 2659.8589   17.9456
    7.5000  -22.5000  -15.0000 2664.9705   17.9602
   -7.5000  -15.0000  -15.0000 2697.8154   17.7557
    0.0000  -15.0000  -15.0000 2699.3135   17.2765
    7.5000  -15.0000  -15.0000 2697.7395   17.3705
   -7.5000   -7.5000  -15.0000 2718.5525   17.5519
    0.0000   -7.5000  -15.0000 2723.9646   17.0630
    7.5000   -7.5000  -15.0000 2715.4412   17.2265
   -7.5000    0.0000  -15.0000 2703.7529   17.8181
    0.0000    0.0000  -15.0000 2714.1460   17.3691
    7.5000    0.0000  -15.0000 2700.5081   17.4403
   -7.5000    7.5000  -15.0000 2675.0662   18.3408
    0.0000    7.5000  -15.0000 2688.7312   17.9490
    7.5000    7.5000  -15.0000 2679.3447   17.9922
   -7.5000   15.0000  -15.0000 2617.5601   19.1036
    0.0000   15.0000  -15.0000 2631.7092   18.7172
    7.5000   15.0000  -15.0000 2625.7825   18.8308
   -7.5000   22.5000  -15.0000 2534.7146   20.2432
    0.0000   22.5000  -15.0000 2550.0715   19.8409
    7.5000   22.5000  -15.0000 2541.3440   20.0164
   -7.5000   30.0000  -15.0000 2429.0710   22.0129
    0.0000   30.0000  -15.0000 2448.5554   21.5952
    7.5000   30.0000  -15.0000 2437.7512   21.7546
   -7.5000   37.5000  -15.0000 2298.7900   24.4021
    0.0000   37.5000  -15.0000 2317.4387   23.9840
    7.5000   37.5000  -15.0000 2303.4492   24.1706
   -7.5000   45.0000  -15.0000 2143.0078   27.6229
    0.0000   45.0000  -15.0000 2157.6794   27.1101
    7.5000   45.0000  -15.0000 2146.0266   27.2752
   -7.5000  -45.0000   -7.5000 2428.9736   23.1984
    0.0000  -45.0000   -7.5000 2413.5544   22.5462
    7.5000  -45.0000   -7.5000 2424.7568   22.2805
   -7.5000  -37.5000   -7.5000 2533.0828   21.1741
    0.0000  -37.5000   -7.5000 2518.7017   20.6388
    7.5000  -37.5000   -7.5000 2524.6133   20.3660
   -7.5000  -30.0000   -7.5000 2622.3560   19.6694
    0.0000  -30.0000   -7.5000 2608.0398   19.2454
    7.5000  -30.0000   -7.5000 2605.8296   18.9649
   -7.5000  -22.5000   -7.5000 2689.3606   18.5999
    0.0000  -22.5000   -7.5000 2678.4084   18.2322
    7.5000  -22.5000   -7.5000 2670.5710   17.9857
   -7.5000  -15.0000   -7.5000 2732.3101   17.7941
    0.0000  -15.0000   -7.5000 2724.4609   17.4014
    7.5000  -15.0000   -7.5000 2709.6726   17.2771
   -7.5000   -7.5000   -7.5000 2765.9500   17.4200
    0.0000   -7.5000   -7.5000 2758.5415   16.9861
    7.5000   -7.5000   -7.5000 2736.5396   16.9984
   -7.5000    0.0000   -7.5000 2768.3240   17.5576
    0.0000    0.0000   -7.5000 2756.9553   17.1921
    7.5000    0.0000   -7.5000 2733.2505   17.1225
   -7.5000    7.5000   -7.5000 2741.2356   17.9818
    0.0000    7.5000   -7.5000 2737.4556   17.6515
    7.5000    7.5000   -7.5000 2718.4888   17.5863
   -7.5000   15.0000   -7.5000 2680.7454   18.6864
    0.0000   15.0000   -7.5000 2671.1775   18.2962
    7.5000   15.0000   -7.5000 2664.2776   18.3208
   -7.5000   22.5000   -7.5000 2598.1760   19.7992
    0.0000   22.5000   -7.5000 2592.0828   19.3838
    7.5000   22.5000   -7.5000 2581.0891   19.4906
   -7.5000   30.0000   -7.5000 2483.8826   21.4869
    0.0000   30.0000   -7.5000 2488.1216   21.0709
    7.5000   30.0000   -7.5000 2475.5898   21.1982
   -7.5000   37.5000   -7.5000 2354.0278   23.8385
    0.0000   37.5000   -7.5000 2362.8096   23.3571
    7.5000   37.5000   -7.5000 2352.1794   23.5836
   -7.5000   45.0000   -7.5000 2193.8667   26.7994
    0.0000   45.0000   -7.5000 2199.2795   26.3472
    7.5000   45.0000   -7.5000 2188.5762   26.4894
   -7.5000  -45.0000    0.0000 2425.9973   24.2929
    0.0000  -45.0000    0.0000 2423.8364   23.8164
    7.5000  -45.0000    0.0000 2404.4717   23.1234
   -7.5000  -37.5000    0.0000 2530.0132   22.1024
    0.0000  -37.5000    0.0000 2529.3999   21.7344
    7.5000  -37.5000    0.0000 2504.3232   21.1081
   -7.5000  -30.0000    0.0000 2622.0940   20.5570
    0.0000  -30.0000    0.0000 2625.4519   20.2993
    7.5000  -30.0000    0.0000 2592.4727   19.6768
   -7.5000  -22.5000    0.0000 2717.4766   19.4980
    0.0000  -22.5000    0.0000 2730.3376   19.3872
    7.5000  -22.5000    0.0000 2676.5718   18.6422
   -7.5000  -15.0000    0.0000 2760.9929   18.4235
    0.0000  -15.0000    0.0000 2785.0547   18.3186
    7.5000  -15.0000    0.0000 2721.4363   17.7420
   -7.5000   -7.5000    0.0000 2783.9150   17.6066
    0.0000   -7.5000    0.0000 2795.0073   17.4533
    7.5000   -7.5000    0.0000 2735.5691   17.0488
   -7.5000    0.0000    0.0000 2779.6235   17.4600
    0.0000    0.0000    0.0000 2793.7039   17.2979
    7.5000    0.0000    0.0000 2732.9526   16.9902
   -7.5000    7.5000    0.0000 2760.4910   17.7670
    0.0000    7.5000    0.0000 2775.5959   17.6168
    7.5000    7.5000    0.0000 2721.6855   17.3805
   -7.5000   15.0000    0.0000 2703.8650   18.5199
    0.0000   15.0000    0.0000 2719.6294   18.3011
    7.5000   15.0000    0.0000 2674.9905   18.1577
   -7.5000   22.5000    0.0000 2625.4946   19.6691
    0.0000   22.5000    0.0000 2649.8503   19.4176
    7.5000   22.5000    0.0000 2608.7104   19.3627
   -7.5000   30.0000    0.0000 2525.2861   21.3600
    0.0000   30.0000    0.0000 2552.1040   21.0903
    7.5000   30.0000    0.0000 2515.1509   21.0648
   -7.5000   37.5000    0.0000 2400.9873   23.6883
    0.0000   37.5000    0.0000 2424.0383   23.3809
    7.5000   37.5000    0.0000 2395.6064   23.3249
   -7.5000   45.0000    0.0000 2236.8091   26.5529
    0.0000   45.0000    0.0000 2248.9907   26.1642
    7.5000   45.0000    0.0000 2225.8767   26.1630
   -7.5000  -45.0000    7.5000 2432.8325   25.7470
    0.0000  -45.0000    7.5000 2448.4722   25.3863
    7.5000  -45.0000    7.5000 2408.7017   24.5536
   -7.5000  -37.5000    7.5000 2551.7898   23.5763
    0.0000  -37.5000    7.5000 2571.4561   23.3092
    7.5000  -37.5000    7.5000 2524.5818   22.5461
   -7.5000  -30.0000    7.5000 2663.9814   22.0133
    0.0000  -30.0000    7.5000 2687.9688   21.8234
    7.5000  -30.0000    7.5000 2633.8271   21.1301
   -7.5000  -22.5000    7.5000 2771.2654   20.8566
    0.0000  -22.5000    7.5000 2809.2769   20.8498
    7.5000  -22.5000    7.5000 2740.0005   20.0179
   -7.5000  -15.0000    7.5000 2808.2764   19.4491
    0.0000  -15.0000    7.5000 2869.6338   19.6427
    7.5000  -15.0000    7.5000 2778.1948   18.7300
   -7.5000   -7.5000    7.5000 2787.2290   17.9855
    0.0000   -7.5000    7.5000 2839.1194   18.0994
    7.5000   -7.5000    7.5000 2769.0051   17.5598
   -7.5000    0.0000    7.5000 2778.3813   17.5174
    0.0000    0.0000    7.5000 2810.6379   17.4672
    7.5000    0.0000    7.5000 2763.5605   17.2362
   -7.5000    7.5000    7.5000 2768.4224   17.7871
    0.0000    7.5000    7.5000 2791.0649   17.6404
    7.5000    7.5000    7.5000 2758.2461   17.6215
   -7.5000   15.0000    7.5000 2721.8831   18.5978
    0.0000   15.0000    7.5000 2737.1946   18.4108
    7.5000   15.0000    7.5000 2717.0613   18.4655
   -7.5000   22.5000    7.5000 2653.6868   19.8281
    0.0000   22.5000    7.5000 2671.0149   19.5991
    7.5000   22.5000    7.5000 2652.5002   19.6832
   -7.5000   30.0000    7.5000 2555.9607   21.5603
    0.0000   30.0000    7.5000 2572.1926   21.3073
    7.5000   30.0000    7.5000 2553.0054   21.3775
   -7.5000   37.5000    7.5000 2427.1711   23.8837
    0.0000   37.5000    7.5000 2449.5032   23.5748
    7.5000   37.5000    7.5000 2431.7537   23.5983
   -7.5000   45.0000    7.5000 2261.1091   26.7542
    0.0000   45.0000    7.5000 2277.3342   26.3863
    7.5000   45.0000    7.5000 2255.9238   26.3748
   -7.5000  -45.0000   15.0000 2413.1836   27.2853
    0.0000  -45.0000   15.0000 2431.7771   26.9068
    7.5000  -45.0000   15.0000 2404.3318   26.2920
   -7.5000  -37.5000   15.0000 2541.1685   24.9270
    0.0000  -37.5000   15.0000 2563.6560   24.6251
    7.5000  -37.5000   15.0000 2537.7830   24.0621
   -7.5000  -30.0000   15.0000 2666.5425   23.0622
    0.0000  -30.0000   15.0000 2690.5217   22.8870
    7.5000  -30.0000   15.0000 2664.3713   22.4312
   -7.5000  -22.5000   15.0000 2773.4272   21.6614
    0.0000  -22.5000   15.0000 2819.0708   21.7102
    7.5000  -22.5000   15.0000 2780.0269   21.1580
   -7.5000  -15.0000   15.0000 2788.6660   19.9976
    0.0000  -15.0000   15.0000 2874.8267   20.2479
    7.5000  -15.0000   15.0000 2825.5496   19.7204
   -7.5000   -7.5000   15.0000 2808.3591   18.7513
    0.0000   -7.5000   15.0000 2853.5056   18.7172
    7.5000   -7.5000   15.0000 2827.4016   18.5338
   -7.5000    0.0000   15.0000 2808.4604   18.2056
    0.0000    0.0000   15.0000 2823.2190   18.0442
    7.5000    0.0000   15.0000 2802.9460   18.0719
   -7.5000    7.5000   15.0000 2768.8223   18.3206
    0.0000    7.5000   15.0000 2782.3411   18.1596
    7.5000    7.5000   15.0000 2763.4001   18.2736
   -7.5000   15.0000   15.0000 2706.1729   19.0230
    0.0000   15.0000   15.0000 2717.6711   18.8790
    7.5000   15.0000   15.0000 2700.2371   18.9969
   -7.5000   22.5000   15.0000 2638.4851   20.1710
    0.0000   22.5000   15.0000 2651.3684   19.9500
    7.5000   22.5000   15.0000 2639.5330   20.1123
   -7.5000   30.0000   15.0000 2539.4644   21.8958
    0.0000   30.0000   15.0000 2560.9353   21.6537
    7.5000   30.0000   15.0000 2546.1062   21.7692
   -7.5000   37.5000   15.0000 2418.1421   24.1698
    0.0000   37.5000   15.0000 2440.7971   23.8050
    7.5000   37.5000   15.0000 2424.2000   23.9345
   -7.5000   45.0000   15.0000 2247.3271   27.0563
    0.0000   45.0000   15.0000 2265.3616   26.6071
    7.5000   45.0000   15.0000 2256.5959   26.7523
   -7.5000  -45.0000   22.5000 2361.3347   28.3966
    0.0000  -45.0000   22.5000 2383.3950   27.9349
    7.5000  -45.0000   22.5000 2362.1196   27.4927
   -7.5000  -37.5000   22.5000 2488.5867   25.6993
    0.0000  -37.5000   22.5000 2508.0544   25.2958
    7.5000  -37.5000   22.5000 2487.7073   24.9308
   -7.5000  -30.0000   22.5000 2602.4607   23.6194
    0.0000  -30.0000   22.5000 2636.6155   23.3970
    7.5000  -30.0000   22.5000 2613.7612   23.0900
   -7.5000  -22.5000   22.5000 2677.4541   21.7329
    0.0000  -22.5000   22.5000 2750.0068   21.9200
    7.5000  -22.5000   22.5000 2719.5515   21.5258
   -7.5000  -15.0000   22.5000 2716.5750   20.0695
    0.0000  -15.0000   22.5000 2759.5408   20.0787
    7.5000  -15.0000   22.5000 2764.1648   20.0551
   -7.5000   -7.5000   22.5000 2772.4790   19.2123
    0.0000   -7.5000   22.5000 2782.7117   18.9597
    7.5000   -7.5000   22.5000 2796.6135   19.1716
   -7.5000    0.0000   22.5000 2789.2900   19.0063
    0.0000    0.0000   22.5000 2799.4353   18.7396
    7.5000    0.0000   22.5000 2800.0630   18.9094
   -7.5000    7.5000   22.5000 2771.6873   19.3125
    0.0000    7.5000   22.5000 2776.5740   19.0779
    7.5000    7.5000   22.5000 2768.3311   19.2178
   -7.5000   15.0000   22.5000 2700.9451   19.9715
    0.0000   15.0000   22.5000 2706.8533   19.7570
    7.5000   15.0000   22.5000 2688.4539   19.9274
   -7.5000   22.5000   22.5000 2620.5378   21.0398
    0.0000   22.5000   22.5000 2633.0464   20.8435
    7.5000   22.5000   22.5000 2611.1340   21.0031
   -7.5000   30.0000   22.5000 2519.6543   22.6371
    0.0000   30.0000   22.5000 2535.7422   22.3654
    7.5000   30.0000   22.5000 2520.7344   22.5211
   -7.5000   37.5000   22.5000 2382.2737   24.7579
    0.0000   37.5000   22.5000 2396.0625   24.3925
    7.5000   37.5000   22.5000 2386.1472   24.4678
   -7.5000   45.0000   22.5000 2210.4358   27.5201
    0.0000   45.0000   22.5000 2223.2483   27.0652
    7.5000   45.0000   22.5000 2218.7229   27.1467
   -7.5000  -45.0000   30.0000 2309.0537   29.5723
    0.0000  -45.0000   30.0000 2326.9016   29.1181
    7.5000  -45.0000   30.0000 2302.7903   28.6891
   -7.5000  -37.5000   30.0000 2427.6729   26.5989
    0.0000  -37.5000   30.0000 2454.3010   26.3040
    7.5000  -37.5000   30.0000 2429.5923   25.9209
   -7.5000  -30.0000   30.0000 2519.3845   24.2693
    0.0000  -30.0000   30.0000 2567.5471   24.2343
    7.5000  -30.0000   30.0000 2547.9116   23.8624
   -7.5000  -22.5000   30.0000 2591.7490   22.2240
    0.0000  -22.5000   30.0000 2628.9309   22.1573
    7.5000  -22.5000   30.0000 2635.0212   22.0269
   -7.5000  -15.0000   30.0000 2663.8638   20.6880
    0.0000  -15.0000   30.0000 2670.2876   20.4115
    7.5000  -15.0000   30.0000 2688.0127   20.5567
   -7.5000   -7.5000   30.0000 2719.8645   19.9713
    0.0000   -7.5000   30.0000 2728.5996   19.6587
    7.5000   -7.5000   30.0000 2733.2756   19.8201
   -7.5000    0.0000   30.0000 2735.3591   19.8067
    0.0000    0.0000   30.0000 2745.4583   19.5500
    7.5000    0.0000   30.0000 2743.4014   19.6247
   -7.5000    7.5000   30.0000 2723.3311   20.1311
    0.0000    7.5000   30.0000 2737.3628   19.9166
    7.5000    7.5000   30.0000 2725.6484   19.9956
   -7.5000   15.0000   30.0000 2667.9773   20.9231
    0.0000   15.0000   30.0000 2671.3289   20.7008
    7.5000   15.0000   30.0000 2654.7166   20.8897
   -7.5000   22.5000   30.0000 2588.7710   22.1472
    0.0000   22.5000   30.0000 2592.5952   21.9097
    7.5000   22.5000   30.0000 2578.5068   22.0956
   -7.5000   30.0000   30.0000 2464.4822   23.6787
    0.0000   30.0000   30.0000 2491.6152   23.4690
    7.5000   30.0000   30.0000 2470.1306   23.5817
   -7.5000   37.5000   30.0000 2317.6277   25.7866
    0.0000   37.5000   30.0000 2331.1143   25.5070
    7.5000   37.5000   30.0000 2323.7542   25.5326
   -7.5000   45.0000   30.0000 2161.0679   28.4221
    0.0000   45.0000   30.0000 2166.0105   27.9811
    7.5000   45.0000   30.0000 2168.3589   28.0687
   -7.5000  -45.0000   37.5000 2247.7295   31.1290
    0.0000  -45.0000   37.5000 2270.8633   30.6031
    7.5000  -45.0000   37.5000 2245.2720   30.2331
   -7.5000  -37.5000   37.5000 2344.6619   27.7985
    0.0000  -37.5000   37.5000 2382.1436   27.5269
    7.5000  -37.5000   37.5000 2369.5928   27.2572
   -7.5000  -30.0000   37.5000 2429.3594   25.1371
    0.0000  -30.0000   37.5000 2464.1631   24.9694
    7.5000  -30.0000   37.5000 2468.1887   24.8823
   -7.5000  -22.5000   37.5000 2517.7195   23.0742
    0.0000  -22.5000   37.5000 2526.9619   22.7516
    7.5000  -22.5000   37.5000 2544.2693   22.8509
   -7.5000  -15.0000   37.5000 2601.9939   21.7123
    0.0000  -15.0000   37.5000 2608.4941   21.3046
    7.5000  -15.0000   37.5000 2607.0481   21.4720
   -7.5000   -7.5000   37.5000 2657.9309   21.1101
    0.0000   -7.5000   37.5000 2669.3477   20.7619
    7.5000   -7.5000   37.5000 2660.1865   20.8629
   -7.5000    0.0000   37.5000 2666.8752   20.9729
    0.0000    0.0000   37.5000 2681.5452   20.7143
    7.5000    0.0000   37.5000 2667.6936   20.7055
   -7.5000    7.5000   37.5000 2652.8115   21.2601
    0.0000    7.5000   37.5000 2665.1982   21.0531
    7.5000    7.5000   37.5000 2647.5269   21.0435
   -7.5000   15.0000   37.5000 2599.3330   21.9668
    0.0000   15.0000   37.5000 2606.5522   21.7356
    7.5000   15.0000   37.5000 2585.9512   21.8640
   -7.5000   22.5000   37.5000 2527.3438   23.1880
    0.0000   22.5000   37.5000 2539.2126   22.9239
    7.5000   22.5000   37.5000 2525.8662   23.1281
   -7.5000   30.0000   37.5000 2402.0623   24.8454
    0.0000   30.0000   37.5000 2419.8948   24.6043
    7.5000   30.0000   37.5000 2417.5635   24.7633
   -7.5000   37.5000   37.5000 2250.3450   27.0225
    0.0000   37.5000   37.5000 2265.4077   26.7349
    7.5000   37.5000   37.5000 2266.1406   26.8148
   -7.5000   45.0000   37.5000 2103.6033   29.6299
    0.0000   45.0000   37.5000 2118.8916   29.3394
    7.5000   45.0000   37.5000 2113.4182   29.4247
   -7.5000  -45.0000   45.0000 2158.9175   32.7695
    0.0000  -45.0000   45.0000 2189.7615   32.2594
    7.5000  -45.0000   45.0000 2180.1631   32.0734
   -7.5000  -37.5000   45.0000 2266.1414   29.2303
    0.0000  -37.5000   45.0000 2287.4626   28.7956
    7.5000  -37.5000   45.0000 2294.6611   28.8027
   -7.5000  -30.0000   45.0000 2345.2893   26.3625
    0.0000  -30.0000   45.0000 2363.3474   26.0036
    7.5000  -30.0000   45.0000 2378.1658   26.1493
   -7.5000  -22.5000   45.0000 2444.4341   24.3743
    0.0000  -22.5000   45.0000 2448.7556   23.8859
    7.5000  -22.5000   45.0000 2455.5203   24.1130
   -7.5000  -15.0000   45.0000 2526.0872   23.0625
    0.0000  -15.0000   45.0000 2531.6353   22.6295
    7.5000  -15.0000   45.0000 2519.5466   22.7677
   -7.5000   -7.5000   45.0000 2583.2043   22.4980
    0.0000   -7.5000   45.0000 2587.9358   22.1131
    7.5000   -7.5000   45.0000 2570.7671   22.2082
   -7.5000    0.0000   45.0000 2583.9900   22.4076
    0.0000    0.0000   45.0000 2595.7883   22.1080
    7.5000    0.0000   45.0000 2574.3586   22.1028
   -7.5000    7.5000   45.0000 2563.6218   22.6710
    0.0000    7.5000   45.0000 2572.9700   22.3934
    7.5000    7.5000   45.0000 2558.0015   22.4111
   -7.5000   15.0000   45.0000 2513.4414   23.2698
    0.0000   15.0000   45.0000 2522.1650   22.9678
    7.5000   15.0000   45.0000 2507.8188   23.1170
   -7.5000   22.5000   45.0000 2439.6875   24.3056
    0.0000   22.5000   45.0000 2452.4043   24.0504
    7.5000   22.5000   45.0000 2444.2451   24.2713
   -7.5000   30.0000   45.0000 2316.5078   25.9947
    0.0000   30.0000   45.0000 2335.4248   25.7658
    7.5000   30.0000   45.0000 2330.2122   26.0008
   -7.5000   37.5000   45.0000 2183.9524   28.4064
    0.0000   37.5000   45.0000 2200.2883   28.1268
    7.5000   37.5000   45.0000 2196.8965   28.3054
   -7.5000   45.0000   45.0000 2048.4172   31.2342
    0.0000   45.0000   45.0000 2052.4604   30.9013
    7.5000   45.0000   45.0000 2051.6631   30.9912

---------------------------------------------------------------------
imgreg_4dfp /opt/freesurfer/average/711-2C_as_mni_average_305 /opt/freesurfer/average/711-2B_as_mni_average_305_mask talsrcimg_g11 none talsrcimg_to_711-2C_as_mni_average_305_t4 1283
---------------------------------------------------------------------

freesurfer imgreg_4dfp.c
/opt/freesurfer/average/711-2C_as_mni_average_305.4dfp.img
       256       256       256         1
  1.000000  1.000000  1.000000
orientation T byte_order littleendian
Reading image: /opt/freesurfer/average/711-2C_as_mni_average_305.4dfp.img
dimensions:      256       256       256
mmppix:       1.0000   -1.0000   -1.0000
center:     128.0000 -129.0000 -129.0000
/opt/freesurfer/average/711-2B_as_mni_average_305_mask.4dfp.img
       256       256       256         1
  1.000000  1.000000  1.000000
orientation T byte_order littleendian
Reading mask: /opt/freesurfer/average/711-2B_as_mni_average_305_mask.4dfp.img (2306576 pixels)
talsrcimg_g11.4dfp.img
       256       256       256         1
  1.000000  1.000000  1.000000
orientation T byte_order littleendian
Reading image: talsrcimg_g11.4dfp.img
dimensions:      256       256       256
mmppix:       1.0000   -1.0000   -1.0000
center:     128.0000 -129.0000 -129.0000
rotation matrix determinant  1.000000
fimgreg.f
image alignment mode   1283 decimal      503 hex
parameters
    0.0000  -15.0000   15.0000    0.0000    0.0000    0.0000
eta,q 0.90244 20.30803
niter,ni,del,rscale     5    3   12.0000    1.2000
parameter  3  0.752553 ->  0.500000 qaram    1.1500
parameter  4  0.988783 ->  0.500000 qaram    1.1500
parameters
    1.2276  -15.1084   11.5500   -3.4500    0.3773   -2.4397
eta,q 0.91812 20.62572
  0.1209  0.1097  0.0916  0.0832  0.0910  0.0841
  0.1099  0.1013  0.0865  0.0826  0.0876  0.0824
  0.1015  0.0972  0.0896  0.0847  0.0845  0.0819
  0.0980  0.0975  0.0973  0.0863  0.0830  0.0830
  0.0982  0.0994  0.1066  0.0876  0.0842  0.0850
  0.1010  0.1034  0.1167  0.0909  0.0865  0.0874
  0.1074  0.1090  0.1293  0.0947  0.0891  0.0902
niter,ni,del,rscale     6    3   12.0000    1.2000
parameter  4  0.695977 ->  0.500000 qaram    1.3225
parameter  6  0.526193 ->  0.500000 qaram    1.1500
parameters
    0.3741  -13.0901   10.3010   -7.4175    0.7824   -5.8897
eta,q 0.92169 20.44276
  0.0953  0.1053  0.1003  0.0781  0.0850  0.0787
  0.0864  0.0965  0.0915  0.0789  0.0804  0.0784
  0.0820  0.0872  0.0830  0.0780  0.0782  0.0782
  0.0819  0.0815  0.0805  0.0804  0.0785  0.0787
  0.0851  0.0805  0.0902  0.0850  0.0792  0.0804
  0.0930  0.0821  0.1056  0.0907  0.0801  0.0826
  0.1072  0.0872  0.1196  0.0963  0.0825  0.0850
niter,ni,del,rscale     7    3   12.0000    1.2000
parameter  4  0.603426 ->  0.500000 qaram    1.5209
parameters
   -0.1159  -11.0135    9.2017  -11.9801    0.9402   -4.1914
eta,q 0.92850 20.20365
  0.0948  0.1001  0.1005  0.0734  0.0788  0.0807
  0.0849  0.0908  0.0825  0.0719  0.0749  0.0771
  0.0794  0.0827  0.0749  0.0720  0.0728  0.0739
  0.0783  0.0783  0.0748  0.0739  0.0720  0.0719
  0.0807  0.0749  0.0844  0.0805  0.0722  0.0715
  0.0887  0.0755  0.1013  0.0876  0.0743  0.0726
  0.1023  0.0830  0.1186  0.0944  0.0783  0.0753
niter,ni,del,rscale     7    3   12.0000    1.2000
parameters
   -0.2410  -10.9358    8.5320  -12.6120    1.1138   -4.3011
eta,q 0.92976 20.22642
  0.0934  0.0928  0.0978  0.0834  0.0774  0.0762
  0.0811  0.0803  0.0819  0.0744  0.0732  0.0730
  0.0736  0.0721  0.0716  0.0706  0.0709  0.0707
  0.0715  0.0715  0.0715  0.0704  0.0703  0.0702
  0.0742  0.0751  0.0787  0.0713  0.0707  0.0711
  0.0824  0.0818  0.0914  0.0779  0.0726  0.0733
  0.0954  0.0892  0.1081  0.0877  0.0766  0.0765
niter,ni,del,rscale     6    3   12.0000    1.2000
parameters
   -0.4141  -11.0033    8.3858  -12.8174    1.3131   -4.4613
eta,q 0.93012 20.26817
  0.0929  0.0913  0.1018  0.0844  0.0771  0.0756
  0.0800  0.0779  0.0858  0.0752  0.0729  0.0726
  0.0722  0.0700  0.0730  0.0706  0.0705  0.0704
  0.0702  0.0702  0.0701  0.0699  0.0699  0.0699
  0.0734  0.0745  0.0768  0.0709  0.0702  0.0708
  0.0819  0.0812  0.0871  0.0761  0.0722  0.0730
  0.0955  0.0890  0.1039  0.0860  0.0763  0.0761
niter,ni,del,rscale     5    3   12.0000    1.2000
parameters
   -0.4951  -11.0051    8.3349  -12.9256    1.3937   -4.5443
eta,q 0.93025 20.28387
  0.0936  0.0918  0.1027  0.0846  0.0767  0.0756
  0.0803  0.0780  0.0867  0.0753  0.0727  0.0726
  0.0721  0.0699  0.0733  0.0705  0.0704  0.0703
  0.0699  0.0699  0.0699  0.0698  0.0698  0.0698
  0.0729  0.0742  0.0766  0.0708  0.0700  0.0707
  0.0813  0.0807  0.0866  0.0756  0.0722  0.0728
  0.0948  0.0886  0.1032  0.0854  0.0765  0.0758
niter,ni,del,rscale     4    3   12.0000    1.2000
parameters
   -0.5255  -11.0018    8.3117  -12.9767    1.4222   -4.5794
eta,q 0.93030 20.28981
  0.0941  0.0918  0.1030  0.0846  0.0766  0.0756
  0.0806  0.0780  0.0870  0.0754  0.0726  0.0726
  0.0721  0.0698  0.0733  0.0705  0.0703  0.0703
  0.0698  0.0697  0.0697  0.0697  0.0697  0.0697
  0.0727  0.0741  0.0766  0.0708  0.0700  0.0706
  0.0810  0.0806  0.0865  0.0754  0.0723  0.0727
  0.0944  0.0886  0.1030  0.0851  0.0767  0.0756
registration optimization eta report
parameter search radius
    6.0000    6.0000    6.9000    9.1253    6.0000    6.9000
100000*second partial in parameter space
       68.       57.       68.       19.       20.       12.
  0.0941  0.0918  0.1030  0.0846  0.0766  0.0756
  0.0806  0.0780  0.0870  0.0754  0.0726  0.0726
  0.0721  0.0698  0.0733  0.0705  0.0703  0.0703
  0.0698  0.0697  0.0697  0.0697  0.0697  0.0697
  0.0727  0.0741  0.0766  0.0708  0.0700  0.0706
  0.0810  0.0806  0.0865  0.0754  0.0723  0.0727
  0.0944  0.0886  0.1030  0.0851  0.0767  0.0756
   -0.5255  -11.0018    8.3117  -12.9767    1.4222   -4.5794
eta,q 0.93030 20.28981

---------------------------------------------------------------------
imgreg_4dfp /opt/freesurfer/average/711-2C_as_mni_average_305 /opt/freesurfer/average/711-2B_as_mni_average_305_mask talsrcimg_g11 none talsrcimg_to_711-2C_as_mni_average_305_t4 3335
---------------------------------------------------------------------

freesurfer imgreg_4dfp.c
/opt/freesurfer/average/711-2C_as_mni_average_305.4dfp.img
       256       256       256         1
  1.000000  1.000000  1.000000
orientation T byte_order littleendian
Reading image: /opt/freesurfer/average/711-2C_as_mni_average_305.4dfp.img
dimensions:      256       256       256
mmppix:       1.0000   -1.0000   -1.0000
center:     128.0000 -129.0000 -129.0000
/opt/freesurfer/average/711-2B_as_mni_average_305_mask.4dfp.img
       256       256       256         1
  1.000000  1.000000  1.000000
orientation T byte_order littleendian
Reading mask: /opt/freesurfer/average/711-2B_as_mni_average_305_mask.4dfp.img (2306576 pixels)
talsrcimg_g11.4dfp.img
       256       256       256         1
  1.000000  1.000000  1.000000
orientation T byte_order littleendian
Reading image: talsrcimg_g11.4dfp.img
dimensions:      256       256       256
mmppix:       1.0000   -1.0000   -1.0000
center:     128.0000 -129.0000 -129.0000
fimgreg.f
image alignment mode   3335 decimal      D07 hex
parameters
   -0.5255  -11.0018    8.3117   -0.3499   -2.9094   -2.5839
    8.3357   -0.6181   -7.9816   22.5769    2.4820  -22.4486
eta,q 0.92923 20.25375
niter,ni,del,rscale     5    3    5.0000    1.2000
parameter  4  0.614103 ->  0.500000 qaram    1.1500
parameter  5  1.586546 ->  0.500000 qaram    1.1500
parameter  6  0.580350 ->  0.500000 qaram    1.1500
parameter 10  0.750102 ->  0.500000 qaram    1.1500
parameter 12 -0.557229 -> -0.500000 qaram    1.1500
parameters
   -0.6430  -10.9945    8.0482   -4.4899   -7.0494   -6.7239
    9.3966   -2.2166   -6.2925   18.4369    4.0449  -18.3086
eta,q 0.94556 19.52967
  0.0746  0.0750  0.0761  0.0690  0.0564  0.0590  0.0607  0.0599  0.0604  0.0548  0.0565  0.0595
  0.0724  0.0727  0.0730  0.0689  0.0593  0.0580  0.0592  0.0579  0.0589  0.0548  0.0556  0.0570
  0.0712  0.0712  0.0711  0.0694  0.0634  0.0573  0.0583  0.0573  0.0579  0.0557  0.0551  0.0557
  0.0708  0.0708  0.0708  0.0707  0.0690  0.0603  0.0577  0.0577  0.0573  0.0572  0.0550  0.0550
  0.0713  0.0713  0.0720  0.0730  0.0764  0.0709  0.0578  0.0588  0.0573  0.0598  0.0550  0.0546
  0.0729  0.0727  0.0749  0.0768  0.0851  0.0861  0.0583  0.0604  0.0576  0.0638  0.0552  0.0544
  0.0756  0.0748  0.0791  0.0830  0.0938  0.0987  0.0594  0.0626  0.0585  0.0688  0.0554  0.0545
niter,ni,del,rscale     7    3    5.0000    1.2000
parameter  2 -1.373920 -> -0.500000 qaram    1.1500
parameter  3  1.934770 ->  0.500000 qaram    1.1500
parameter  5  0.847867 ->  0.500000 qaram    1.3225
parameter 11  0.580906 ->  0.500000 qaram    1.1500
parameters
   -0.4256   -9.6145    6.6682   -2.3245  -11.8104   -9.2328
    8.6319   -3.0692   -6.2264   16.3503   -0.0951  -15.5108
eta,q 0.95632 18.89737
  0.0574  0.0650  0.0467  0.0512  0.0416  0.0483  0.0460  0.0470  0.0465  0.0461  0.0439  0.0465
  0.0559  0.0611  0.0475  0.0498  0.0425  0.0461  0.0450  0.0450  0.0452  0.0447  0.0438  0.0449
  0.0549  0.0575  0.0489  0.0486  0.0444  0.0444  0.0444  0.0442  0.0444  0.0440  0.0438  0.0441
  0.0544  0.0544  0.0507  0.0478  0.0475  0.0429  0.0443  0.0442  0.0441  0.0441  0.0440  0.0438
  0.0546  0.0519  0.0527  0.0475  0.0532  0.0459  0.0447  0.0450  0.0444  0.0452  0.0442  0.0437
  0.0553  0.0503  0.0550  0.0478  0.0616  0.0578  0.0457  0.0464  0.0452  0.0472  0.0445  0.0438
  0.0565  0.0496  0.0575  0.0491  0.0710  0.0726  0.0469  0.0484  0.0464  0.0507  0.0448  0.0441
niter,ni,del,rscale     7    3    5.0000    1.2000
parameter  2 -1.039868 -> -0.500000 qaram    1.3225
parameter  3  1.105492 ->  0.500000 qaram    1.3225
parameters
   -0.3648   -8.0275    5.0812   -3.5788  -16.4573  -11.7130
    8.5360   -3.0008   -6.0577   17.8302   -0.6386  -18.2622
eta,q 0.96196 18.23630
  0.0466  0.0543  0.0386  0.0413  0.0381  0.0417  0.0407  0.0427  0.0405  0.0432  0.0388  0.0384
  0.0450  0.0501  0.0386  0.0400  0.0374  0.0399  0.0393  0.0399  0.0393  0.0410  0.0383  0.0381
  0.0440  0.0465  0.0393  0.0391  0.0376  0.0384  0.0385  0.0386  0.0386  0.0393  0.0381  0.0380
  0.0437  0.0437  0.0406  0.0387  0.0388  0.0374  0.0383  0.0383  0.0383  0.0383  0.0382  0.0381
  0.0439  0.0416  0.0421  0.0391  0.0415  0.0394  0.0387  0.0389  0.0385  0.0382  0.0383  0.0383
  0.0448  0.0403  0.0439  0.0408  0.0477  0.0496  0.0396  0.0402  0.0392  0.0390  0.0385  0.0387
  0.0463  0.0400  0.0460  0.0450  0.0573  0.0635  0.0407  0.0422  0.0403  0.0408  0.0388  0.0392
niter,ni,del,rscale     7    3    5.0000    1.2000
parameter  2 -0.549639 -> -0.500000 qaram    1.5209
parameter  3  0.780130 ->  0.500000 qaram    1.5209
parameters
   -0.2900   -6.2024    3.2562   -3.7537  -19.0941  -14.3109
    8.7269   -2.8743   -6.0218   21.2562    0.2489  -19.4505
eta,q 0.96456 17.84978
  0.0413  0.0479  0.0358  0.0387  0.0374  0.0390  0.0383  0.0402  0.0376  0.0407  0.0363  0.0358
  0.0396  0.0436  0.0353  0.0373  0.0360  0.0372  0.0369  0.0373  0.0366  0.0385  0.0357  0.0356
  0.0385  0.0403  0.0357  0.0361  0.0352  0.0359  0.0361  0.0360  0.0360  0.0369  0.0355  0.0355
  0.0380  0.0380  0.0367  0.0353  0.0353  0.0352  0.0358  0.0358  0.0358  0.0358  0.0354  0.0354
  0.0383  0.0369  0.0381  0.0353  0.0365  0.0373  0.0361  0.0364  0.0361  0.0354  0.0355  0.0355
  0.0393  0.0368  0.0397  0.0366  0.0392  0.0473  0.0369  0.0376  0.0366  0.0356  0.0356  0.0358
  0.0409  0.0376  0.0415  0.0399  0.0459  0.0613  0.0379  0.0395  0.0375  0.0363  0.0359  0.0362
niter,ni,del,rscale     7    3    5.0000    1.2000
parameter  3  0.727908 ->  0.500000 qaram    1.7490
parameter 10 -0.548725 -> -0.500000 qaram    1.3225
parameters
   -0.2141   -5.3789    1.1574   -3.0805  -21.4016  -16.6890
    8.6562   -2.5442   -5.8359   26.0172    2.2646  -20.6063
eta,q 0.96671 17.61767
  0.0387  0.0432  0.0344  0.0376  0.0356  0.0373  0.0363  0.0386  0.0360  0.0386  0.0348  0.0338
  0.0370  0.0392  0.0338  0.0360  0.0345  0.0356  0.0351  0.0358  0.0350  0.0369  0.0340  0.0335
  0.0359  0.0366  0.0342  0.0348  0.0338  0.0343  0.0344  0.0345  0.0344  0.0354  0.0335  0.0333
  0.0354  0.0354  0.0353  0.0338  0.0337  0.0337  0.0342  0.0342  0.0342  0.0342  0.0333  0.0333
  0.0357  0.0354  0.0369  0.0337  0.0346  0.0349  0.0345  0.0346  0.0344  0.0334  0.0333  0.0334
  0.0367  0.0364  0.0388  0.0346  0.0365  0.0430  0.0352  0.0358  0.0349  0.0334  0.0335  0.0337
  0.0383  0.0382  0.0410  0.0371  0.0407  0.0575  0.0363  0.0374  0.0358  0.0341  0.0338  0.0342
niter,ni,del,rscale     7    3    5.0000    1.2000
parameters
   -0.1835   -4.4169   -0.6356   -2.3654  -24.5814  -18.5459
    8.5385   -2.1189   -5.7634   27.7792    3.6529  -22.5241
eta,q 0.96807 17.30573
  0.0365  0.0423  0.0337  0.0355  0.0332  0.0356  0.0343  0.0365  0.0343  0.0379  0.0333  0.0325
  0.0348  0.0379  0.0325  0.0341  0.0324  0.0339  0.0332  0.0340  0.0332  0.0355  0.0326  0.0321
  0.0337  0.0348  0.0324  0.0330  0.0320  0.0326  0.0326  0.0328  0.0325  0.0336  0.0322  0.0319
  0.0333  0.0333  0.0331  0.0323  0.0322  0.0320  0.0323  0.0323  0.0323  0.0323  0.0320  0.0320
  0.0336  0.0331  0.0347  0.0322  0.0333  0.0322  0.0326  0.0327  0.0326  0.0321  0.0320  0.0323
  0.0347  0.0341  0.0370  0.0329  0.0353  0.0365  0.0334  0.0337  0.0332  0.0330  0.0322  0.0327
  0.0363  0.0359  0.0399  0.0350  0.0391  0.0492  0.0344  0.0354  0.0342  0.0352  0.0326  0.0333
niter,ni,del,rscale     6    3    5.0000    1.2000
parameters
   -0.0488   -3.9718   -1.2851   -1.9115  -26.0025  -19.4598
    8.4522   -1.8876   -5.7950   28.6915    3.9996  -23.0896
eta,q 0.96804 17.18485
  0.0352  0.0392  0.0347  0.0345  0.0339  0.0360  0.0340  0.0358  0.0340  0.0373  0.0330  0.0329
  0.0335  0.0353  0.0330  0.0332  0.0328  0.0342  0.0329  0.0336  0.0329  0.0349  0.0324  0.0323
  0.0324  0.0328  0.0320  0.0323  0.0321  0.0327  0.0323  0.0324  0.0323  0.0330  0.0321  0.0320
  0.0319  0.0319  0.0319  0.0319  0.0319  0.0319  0.0321  0.0321  0.0321  0.0321  0.0320  0.0320
  0.0322  0.0324  0.0328  0.0319  0.0323  0.0316  0.0323  0.0324  0.0323  0.0321  0.0321  0.0322
  0.0331  0.0338  0.0346  0.0325  0.0337  0.0331  0.0331  0.0335  0.0330  0.0334  0.0324  0.0326
  0.0345  0.0360  0.0371  0.0343  0.0361  0.0424  0.0340  0.0351  0.0340  0.0359  0.0328  0.0331
niter,ni,del,rscale     5    3    5.0000    1.2000
parameters
    0.0259   -3.7268   -1.6137   -1.8847  -26.6158  -19.7618
    8.4024   -1.7568   -5.8464   29.1667    4.1001  -23.3385
eta,q 0.96796 17.13051
  0.0349  0.0383  0.0352  0.0343  0.0343  0.0362  0.0340  0.0356  0.0340  0.0369  0.0330  0.0330
  0.0334  0.0347  0.0334  0.0331  0.0331  0.0345  0.0329  0.0335  0.0329  0.0346  0.0324  0.0324
  0.0323  0.0326  0.0323  0.0323  0.0323  0.0329  0.0323  0.0324  0.0323  0.0329  0.0321  0.0321
  0.0320  0.0320  0.0320  0.0320  0.0320  0.0320  0.0321  0.0321  0.0321  0.0321  0.0320  0.0320
  0.0322  0.0326  0.0326  0.0321  0.0322  0.0317  0.0324  0.0325  0.0323  0.0323  0.0322  0.0322
  0.0331  0.0342  0.0341  0.0327  0.0333  0.0324  0.0331  0.0336  0.0330  0.0337  0.0324  0.0326
  0.0346  0.0364  0.0365  0.0345  0.0353  0.0394  0.0340  0.0352  0.0340  0.0363  0.0329  0.0331
niter,ni,del,rscale     4    3    5.0000    1.2000
parameters
    0.0624   -3.6130   -1.7362   -1.8869  -26.9046  -19.8393
    8.3662   -1.6839   -5.8602   29.3897    4.1017  -23.4303
eta,q 0.96792 17.10766
  0.0349  0.0378  0.0356  0.0343  0.0345  0.0363  0.0340  0.0356  0.0340  0.0367  0.0330  0.0330
  0.0333  0.0344  0.0337  0.0331  0.0333  0.0346  0.0329  0.0335  0.0329  0.0344  0.0324  0.0325
  0.0324  0.0325  0.0325  0.0323  0.0325  0.0330  0.0323  0.0324  0.0323  0.0328  0.0321  0.0322
  0.0320  0.0320  0.0321  0.0321  0.0321  0.0321  0.0321  0.0321  0.0321  0.0321  0.0321  0.0321
  0.0323  0.0328  0.0325  0.0322  0.0322  0.0318  0.0324  0.0325  0.0323  0.0324  0.0322  0.0322
  0.0332  0.0344  0.0339  0.0328  0.0332  0.0323  0.0331  0.0337  0.0330  0.0339  0.0325  0.0326
  0.0347  0.0367  0.0361  0.0345  0.0351  0.0385  0.0340  0.0352  0.0340  0.0365  0.0330  0.0330
niter,ni,del,rscale     3    3    5.0000    1.2000
parameters
    0.0811   -3.5613   -1.7724   -1.8944  -27.0367  -19.8540
    8.3416   -1.6459   -5.8625   29.4869    4.1041  -23.4586
eta,q 0.96791 17.09756
  0.0348  0.0376  0.0357  0.0343  0.0345  0.0363  0.0340  0.0356  0.0340  0.0366  0.0330  0.0331
  0.0333  0.0343  0.0338  0.0331  0.0333  0.0346  0.0330  0.0335  0.0330  0.0343  0.0324  0.0325
  0.0324  0.0325  0.0326  0.0323  0.0325  0.0330  0.0323  0.0324  0.0323  0.0328  0.0322  0.0322
  0.0321  0.0321  0.0321  0.0321  0.0321  0.0321  0.0321  0.0321  0.0321  0.0321  0.0321  0.0321
  0.0324  0.0329  0.0325  0.0322  0.0322  0.0318  0.0324  0.0326  0.0323  0.0325  0.0322  0.0322
  0.0333  0.0345  0.0338  0.0328  0.0331  0.0323  0.0331  0.0337  0.0330  0.0340  0.0325  0.0326
  0.0347  0.0368  0.0359  0.0345  0.0350  0.0383  0.0340  0.0353  0.0340  0.0367  0.0330  0.0330
niter,ni,del,rscale     2    3    5.0000    1.2000
parameters
    0.0897   -3.5389   -1.7817   -1.8945  -27.0923  -19.8529
    8.3289   -1.6337   -5.8630   29.5237    4.0929  -23.4801
eta,q 0.96790 17.09416
  0.0348  0.0375  0.0357  0.0343  0.0346  0.0363  0.0341  0.0356  0.0340  0.0366  0.0330  0.0331
  0.0333  0.0342  0.0339  0.0331  0.0333  0.0346  0.0330  0.0335  0.0330  0.0343  0.0324  0.0325
  0.0324  0.0324  0.0326  0.0324  0.0325  0.0330  0.0323  0.0324  0.0323  0.0328  0.0322  0.0322
  0.0321  0.0321  0.0321  0.0321  0.0321  0.0321  0.0321  0.0321  0.0321  0.0321  0.0321  0.0321
  0.0324  0.0329  0.0325  0.0323  0.0322  0.0318  0.0324  0.0326  0.0323  0.0325  0.0322  0.0322
  0.0333  0.0346  0.0338  0.0328  0.0331  0.0323  0.0331  0.0337  0.0330  0.0341  0.0325  0.0326
  0.0348  0.0369  0.0359  0.0345  0.0349  0.0382  0.0340  0.0353  0.0340  0.0367  0.0330  0.0331
registration optimization eta report
parameter search radius
    2.4000    3.6501    4.1976    8.2800    9.5220    8.2800
    7.2000    7.2000    7.2000    9.5220    8.2800    8.2800
100000*second partial in parameter space
       47.       38.       21.        3.        3.        8.
        4.        6.        4.        5.        1.        1.
  0.0348  0.0375  0.0357  0.0343  0.0346  0.0363  0.0341  0.0356  0.0340  0.0366  0.0330  0.0331
  0.0333  0.0342  0.0339  0.0331  0.0333  0.0346  0.0330  0.0335  0.0330  0.0343  0.0324  0.0325
  0.0324  0.0324  0.0326  0.0324  0.0325  0.0330  0.0323  0.0324  0.0323  0.0328  0.0322  0.0322
  0.0321  0.0321  0.0321  0.0321  0.0321  0.0321  0.0321  0.0321  0.0321  0.0321  0.0321  0.0321
  0.0324  0.0329  0.0325  0.0323  0.0322  0.0318  0.0324  0.0326  0.0323  0.0325  0.0322  0.0322
  0.0333  0.0346  0.0338  0.0328  0.0331  0.0323  0.0331  0.0337  0.0330  0.0341  0.0325  0.0326
  0.0348  0.0369  0.0359  0.0345  0.0349  0.0382  0.0340  0.0353  0.0340  0.0367  0.0330  0.0331
    0.0897   -3.5389   -1.7817   -1.8945  -27.0923  -19.8529
    8.3289   -1.6337   -5.8630   29.5237    4.0929  -23.4801
eta,q 0.96790 17.09416

---------------------------------------------------------------------
imgreg_4dfp /opt/freesurfer/average/711-2C_as_mni_average_305 /opt/freesurfer/average/711-2B_as_mni_average_305_mask talsrcimg_g11 none talsrcimg_to_711-2C_as_mni_average_305_t4 2311
---------------------------------------------------------------------

freesurfer imgreg_4dfp.c
/opt/freesurfer/average/711-2C_as_mni_average_305.4dfp.img
       256       256       256         1
  1.000000  1.000000  1.000000
orientation T byte_order littleendian
Reading image: /opt/freesurfer/average/711-2C_as_mni_average_305.4dfp.img
dimensions:      256       256       256
mmppix:       1.0000   -1.0000   -1.0000
center:     128.0000 -129.0000 -129.0000
/opt/freesurfer/average/711-2B_as_mni_average_305_mask.4dfp.img
       256       256       256         1
  1.000000  1.000000  1.000000
orientation T byte_order littleendian
Reading mask: /opt/freesurfer/average/711-2B_as_mni_average_305_mask.4dfp.img (2306576 pixels)
talsrcimg_g11.4dfp.img
       256       256       256         1
  1.000000  1.000000  1.000000
orientation T byte_order littleendian
Reading image: talsrcimg_g11.4dfp.img
dimensions:      256       256       256
mmppix:       1.0000   -1.0000   -1.0000
center:     128.0000 -129.0000 -129.0000
fimgreg.f
image alignment mode   2311 decimal      907 hex
parameters
    0.0897   -3.5389   -1.7817   -1.8945  -27.0923  -19.8529
    8.3289   -1.6337   -5.8630   29.5237    4.0929  -23.4801
eta,q 0.96790 17.09416
niter,ni,del,rscale     5    3    5.0000    0.8000
parameter  6 -0.655716 -> -0.500000 qaram    1.1500
parameters
    0.0930   -3.7813   -1.6863   -1.4709  -26.0535  -17.0929
    8.4082   -1.5408   -5.7980   29.8500    3.8203  -23.9967
eta,q 0.96838 17.46078
  0.0333  0.0328  0.0327  0.0328  0.0330  0.0343  0.0327  0.0338  0.0326  0.0330  0.0321  0.0320
  0.0327  0.0323  0.0324  0.0324  0.0326  0.0333  0.0322  0.0324  0.0321  0.0323  0.0318  0.0317
  0.0322  0.0321  0.0322  0.0321  0.0323  0.0325  0.0318  0.0317  0.0318  0.0319  0.0316  0.0316
  0.0321  0.0321  0.0321  0.0321  0.0321  0.0320  0.0316  0.0316  0.0317  0.0317  0.0316  0.0316
  0.0322  0.0323  0.0321  0.0321  0.0320  0.0318  0.0317  0.0319  0.0318  0.0317  0.0317  0.0317
  0.0327  0.0328  0.0323  0.0323  0.0321  0.0316  0.0321  0.0326  0.0321  0.0321  0.0319  0.0319
  0.0333  0.0334  0.0326  0.0326  0.0325  0.0317  0.0326  0.0334  0.0326  0.0327  0.0321  0.0321
niter,ni,del,rscale     5    3    5.0000    0.8000
parameters
    0.0693   -3.9262   -1.0005   -1.4775  -25.8936  -17.4365
    8.3381   -1.8605   -5.7958   29.4581    3.0992  -23.9469
eta,q 0.96852 17.42855
  0.0329  0.0325  0.0328  0.0323  0.0323  0.0336  0.0325  0.0331  0.0325  0.0326  0.0318  0.0319
  0.0322  0.0319  0.0322  0.0318  0.0319  0.0326  0.0320  0.0320  0.0319  0.0320  0.0316  0.0316
  0.0318  0.0316  0.0318  0.0316  0.0316  0.0319  0.0317  0.0316  0.0316  0.0316  0.0315  0.0315
  0.0316  0.0316  0.0316  0.0315  0.0315  0.0315  0.0315  0.0315  0.0315  0.0315  0.0315  0.0315
  0.0318  0.0318  0.0315  0.0315  0.0315  0.0313  0.0316  0.0319  0.0316  0.0317  0.0316  0.0315
  0.0322  0.0322  0.0315  0.0318  0.0318  0.0319  0.0320  0.0325  0.0320  0.0322  0.0318  0.0317
  0.0330  0.0328  0.0317  0.0323  0.0322  0.0354  0.0325  0.0334  0.0325  0.0331  0.0320  0.0319
niter,ni,del,rscale     4    3    5.0000    0.7000
parameters
    0.0614   -3.9622   -1.0255   -1.5264  -25.6338  -17.3065
    8.3323   -1.8242   -5.7280   29.3904    3.0433  -23.9953
eta,q 0.96855 17.45740
  0.0325  0.0323  0.0320  0.0321  0.0321  0.0333  0.0322  0.0331  0.0322  0.0324  0.0318  0.0318
  0.0319  0.0318  0.0317  0.0318  0.0318  0.0325  0.0318  0.0320  0.0318  0.0319  0.0316  0.0316
  0.0316  0.0315  0.0315  0.0316  0.0316  0.0318  0.0316  0.0315  0.0315  0.0316  0.0315  0.0315
  0.0315  0.0315  0.0315  0.0315  0.0315  0.0315  0.0315  0.0314  0.0315  0.0314  0.0315  0.0315
  0.0316  0.0316  0.0315  0.0315  0.0315  0.0313  0.0315  0.0317  0.0315  0.0316  0.0315  0.0315
  0.0319  0.0319  0.0317  0.0318  0.0317  0.0317  0.0318  0.0322  0.0318  0.0319  0.0316  0.0316
  0.0325  0.0323  0.0320  0.0322  0.0320  0.0337  0.0323  0.0328  0.0322  0.0325  0.0318  0.0318
niter,ni,del,rscale     3    3    5.0000    0.6000
parameters
    0.0705   -4.0100   -1.0076   -1.4745  -25.4858  -16.9408
    8.3120   -1.8278   -5.7062   29.3979    3.1063  -23.9634
eta,q 0.96861 17.50320
  0.0322  0.0320  0.0318  0.0320  0.0319  0.0329  0.0320  0.0326  0.0320  0.0321  0.0317  0.0317
  0.0318  0.0317  0.0316  0.0317  0.0317  0.0322  0.0317  0.0318  0.0316  0.0317  0.0315  0.0315
  0.0315  0.0315  0.0315  0.0315  0.0315  0.0317  0.0315  0.0315  0.0315  0.0315  0.0314  0.0314
  0.0315  0.0315  0.0314  0.0314  0.0314  0.0314  0.0314  0.0314  0.0314  0.0314  0.0314  0.0314
  0.0315  0.0315  0.0315  0.0315  0.0315  0.0313  0.0315  0.0316  0.0315  0.0315  0.0314  0.0314
  0.0318  0.0318  0.0316  0.0317  0.0316  0.0315  0.0317  0.0320  0.0316  0.0317  0.0315  0.0315
  0.0322  0.0321  0.0318  0.0320  0.0319  0.0327  0.0320  0.0325  0.0319  0.0321  0.0317  0.0316
niter,ni,del,rscale     2    3    5.0000    0.5000
parameters
    0.0664   -4.0471   -0.9265   -1.4816  -25.3877  -16.5049
    8.3229   -1.8649   -5.7072   29.4217    3.2513  -23.8989
eta,q 0.96867 17.54501
  0.0319  0.0318  0.0317  0.0317  0.0317  0.0324  0.0318  0.0322  0.0317  0.0319  0.0316  0.0315
  0.0316  0.0316  0.0315  0.0316  0.0315  0.0319  0.0315  0.0316  0.0315  0.0316  0.0314  0.0314
  0.0315  0.0314  0.0314  0.0314  0.0314  0.0316  0.0314  0.0314  0.0314  0.0314  0.0313  0.0313
  0.0314  0.0314  0.0314  0.0314  0.0314  0.0314  0.0313  0.0313  0.0313  0.0313  0.0313  0.0313
  0.0315  0.0315  0.0314  0.0314  0.0314  0.0313  0.0314  0.0315  0.0314  0.0314  0.0314  0.0314
  0.0316  0.0316  0.0315  0.0315  0.0315  0.0314  0.0315  0.0318  0.0315  0.0316  0.0314  0.0314
  0.0320  0.0319  0.0316  0.0318  0.0317  0.0321  0.0318  0.0322  0.0317  0.0319  0.0315  0.0315
niter,ni,del,rscale     1    3    5.0000    0.4000
parameters
    0.0430   -4.0763   -0.8370   -1.5049  -25.3058  -16.0610
    8.3463   -1.9133   -5.7114   29.4404    3.4273  -23.8872
eta,q 0.96872 17.58595
  0.0317  0.0316  0.0316  0.0316  0.0315  0.0320  0.0316  0.0318  0.0315  0.0316  0.0315  0.0314
  0.0315  0.0314  0.0314  0.0314  0.0314  0.0317  0.0314  0.0315  0.0314  0.0314  0.0314  0.0313
  0.0314  0.0314  0.0314  0.0314  0.0314  0.0315  0.0313  0.0313  0.0313  0.0313  0.0313  0.0313
  0.0313  0.0313  0.0313  0.0313  0.0313  0.0313  0.0313  0.0313  0.0313  0.0313  0.0313  0.0313
  0.0314  0.0314  0.0313  0.0314  0.0313  0.0313  0.0313  0.0314  0.0313  0.0313  0.0313  0.0313
  0.0315  0.0315  0.0314  0.0314  0.0314  0.0313  0.0314  0.0316  0.0314  0.0314  0.0313  0.0313
  0.0317  0.0316  0.0315  0.0316  0.0315  0.0317  0.0316  0.0318  0.0315  0.0316  0.0314  0.0314
registration optimization eta report
parameter search radius
    0.8000    0.8000    0.8000    2.4000    2.4000    2.7600
    2.4000    2.4000    2.4000    2.4000    2.4000    2.4000
100000*second partial in parameter space
       57.       44.       28.        4.        3.        7.
        5.       10.        4.        6.        3.        2.
  0.0317  0.0316  0.0316  0.0316  0.0315  0.0320  0.0316  0.0318  0.0315  0.0316  0.0315  0.0314
  0.0315  0.0314  0.0314  0.0314  0.0314  0.0317  0.0314  0.0315  0.0314  0.0314  0.0314  0.0313
  0.0314  0.0314  0.0314  0.0314  0.0314  0.0315  0.0313  0.0313  0.0313  0.0313  0.0313  0.0313
  0.0313  0.0313  0.0313  0.0313  0.0313  0.0313  0.0313  0.0313  0.0313  0.0313  0.0313  0.0313
  0.0314  0.0314  0.0313  0.0314  0.0313  0.0313  0.0313  0.0314  0.0313  0.0313  0.0313  0.0313
  0.0315  0.0315  0.0314  0.0314  0.0314  0.0313  0.0314  0.0316  0.0314  0.0314  0.0313  0.0313
  0.0317  0.0316  0.0315  0.0316  0.0315  0.0317  0.0316  0.0318  0.0315  0.0316  0.0314  0.0314
    0.0430   -4.0763   -0.8370   -1.5049  -25.3058  -16.0610
    8.3463   -1.9133   -5.7114   29.4404    3.4273  -23.8872
eta,q 0.96872 17.58595

---------------------------------------------------------------------
imgreg_4dfp /opt/freesurfer/average/711-2C_as_mni_average_305 /opt/freesurfer/average/711-2B_as_mni_average_305_mask talsrcimg_g11 none talsrcimg_to_711-2C_as_mni_average_305_t4 2311
---------------------------------------------------------------------

freesurfer imgreg_4dfp.c
/opt/freesurfer/average/711-2C_as_mni_average_305.4dfp.img
       256       256       256         1
  1.000000  1.000000  1.000000
orientation T byte_order littleendian
Reading image: /opt/freesurfer/average/711-2C_as_mni_average_305.4dfp.img
dimensions:      256       256       256
mmppix:       1.0000   -1.0000   -1.0000
center:     128.0000 -129.0000 -129.0000
/opt/freesurfer/average/711-2B_as_mni_average_305_mask.4dfp.img
       256       256       256         1
  1.000000  1.000000  1.000000
orientation T byte_order littleendian
Reading mask: /opt/freesurfer/average/711-2B_as_mni_average_305_mask.4dfp.img (2306576 pixels)
talsrcimg_g11.4dfp.img
       256       256       256         1
  1.000000  1.000000  1.000000
orientation T byte_order littleendian
Reading image: talsrcimg_g11.4dfp.img
dimensions:      256       256       256
mmppix:       1.0000   -1.0000   -1.0000
center:     128.0000 -129.0000 -129.0000
fimgreg.f
image alignment mode   2311 decimal      907 hex
parameters
    0.0430   -4.0763   -0.8370   -1.5049  -25.3058  -16.0610
    8.3463   -1.9133   -5.7114   29.4404    3.4273  -23.8872
eta,q 0.96872 17.58594
niter,ni,del,rscale     5    3    5.0000    0.8000
parameters
   -0.0079   -4.0400   -0.6914   -1.7484  -25.5932  -16.8294
    8.3872   -1.8806   -5.7645   29.2765    3.1126  -23.8369
eta,q 0.96861 17.47141
  0.0326  0.0325  0.0322  0.0322  0.0320  0.0328  0.0324  0.0334  0.0324  0.0326  0.0318  0.0318
  0.0319  0.0318  0.0317  0.0317  0.0316  0.0320  0.0319  0.0321  0.0318  0.0320  0.0315  0.0316
  0.0314  0.0314  0.0314  0.0314  0.0314  0.0316  0.0315  0.0315  0.0315  0.0316  0.0314  0.0314
  0.0313  0.0313  0.0313  0.0313  0.0313  0.0313  0.0314  0.0314  0.0314  0.0314  0.0314  0.0314
  0.0315  0.0314  0.0313  0.0314  0.0314  0.0313  0.0315  0.0317  0.0315  0.0316  0.0315  0.0314
  0.0320  0.0318  0.0315  0.0317  0.0317  0.0323  0.0318  0.0323  0.0319  0.0320  0.0317  0.0316
  0.0328  0.0323  0.0319  0.0324  0.0322  0.0358  0.0324  0.0332  0.0324  0.0329  0.0319  0.0318
niter,ni,del,rscale     4    3    5.0000    0.7000
parameters
    0.0358   -4.0153   -0.8766   -1.5846  -25.5052  -16.8664
    8.3465   -1.8244   -5.7230   29.3337    3.1457  -23.9139
eta,q 0.96861 17.49464
  0.0325  0.0323  0.0318  0.0321  0.0320  0.0327  0.0322  0.0331  0.0322  0.0324  0.0318  0.0317
  0.0319  0.0318  0.0315  0.0318  0.0317  0.0321  0.0318  0.0320  0.0317  0.0319  0.0315  0.0315
  0.0315  0.0315  0.0314  0.0315  0.0315  0.0316  0.0315  0.0315  0.0315  0.0315  0.0314  0.0314
  0.0314  0.0314  0.0314  0.0314  0.0314  0.0314  0.0314  0.0314  0.0314  0.0314  0.0314  0.0314
  0.0315  0.0315  0.0315  0.0314  0.0314  0.0313  0.0315  0.0316  0.0315  0.0315  0.0314  0.0314
  0.0318  0.0318  0.0317  0.0316  0.0316  0.0316  0.0318  0.0321  0.0317  0.0318  0.0316  0.0315
  0.0324  0.0322  0.0320  0.0321  0.0320  0.0332  0.0322  0.0328  0.0321  0.0324  0.0318  0.0317
niter,ni,del,rscale     3    3    5.0000    0.6000
parameters
    0.0541   -4.0392   -0.9038   -1.5168  -25.4313  -16.5546
    8.3183   -1.8153   -5.7106   29.3998    3.2511  -23.8817
eta,q 0.96866 17.53308
  0.0322  0.0320  0.0318  0.0319  0.0318  0.0324  0.0319  0.0326  0.0319  0.0321  0.0317  0.0316
  0.0318  0.0316  0.0315  0.0316  0.0316  0.0320  0.0316  0.0318  0.0316  0.0317  0.0315  0.0314
  0.0315  0.0314  0.0314  0.0315  0.0314  0.0316  0.0314  0.0314  0.0314  0.0314  0.0314  0.0314
  0.0314  0.0314  0.0314  0.0314  0.0314  0.0314  0.0313  0.0313  0.0313  0.0313  0.0313  0.0313
  0.0315  0.0315  0.0314  0.0314  0.0314  0.0313  0.0314  0.0315  0.0314  0.0314  0.0314  0.0314
  0.0317  0.0317  0.0316  0.0316  0.0316  0.0315  0.0316  0.0319  0.0316  0.0317  0.0315  0.0315
  0.0321  0.0320  0.0318  0.0319  0.0318  0.0323  0.0320  0.0325  0.0319  0.0321  0.0316  0.0316
niter,ni,del,rscale     2    3    5.0000    0.5000
parameters
    0.0524   -4.0636   -0.8418   -1.5012  -25.3652  -16.1563
    8.3288   -1.8464   -5.7133   29.4289    3.4211  -23.8505
eta,q 0.96871 17.57214
  0.0319  0.0318  0.0317  0.0317  0.0317  0.0321  0.0317  0.0322  0.0317  0.0318  0.0316  0.0315
  0.0316  0.0315  0.0315  0.0315  0.0315  0.0318  0.0315  0.0316  0.0315  0.0315  0.0314  0.0314
  0.0314  0.0314  0.0314  0.0314  0.0314  0.0315  0.0314  0.0313  0.0313  0.0314  0.0313  0.0313
  0.0313  0.0313  0.0313  0.0313  0.0313  0.0313  0.0313  0.0313  0.0313  0.0313  0.0313  0.0313
  0.0314  0.0314  0.0314  0.0314  0.0314  0.0313  0.0313  0.0314  0.0313  0.0313  0.0313  0.0313
  0.0316  0.0316  0.0314  0.0315  0.0315  0.0314  0.0315  0.0317  0.0315  0.0315  0.0314  0.0314
  0.0319  0.0318  0.0316  0.0317  0.0316  0.0319  0.0317  0.0321  0.0317  0.0318  0.0315  0.0315
niter,ni,del,rscale     1    3    5.0000    0.4000
parameters
    0.0316   -4.0883   -0.7664   -1.5120  -25.2875  -15.7683
    8.3655   -1.8869   -5.7252   29.4609    3.5857  -23.8172
eta,q 0.96874 17.60921
  0.0316  0.0316  0.0315  0.0315  0.0315  0.0318  0.0316  0.0318  0.0315  0.0316  0.0315  0.0314
  0.0314  0.0314  0.0314  0.0314  0.0314  0.0316  0.0314  0.0315  0.0314  0.0314  0.0313  0.0313
  0.0313  0.0313  0.0313  0.0313  0.0313  0.0314  0.0313  0.0313  0.0313  0.0313  0.0313  0.0313
  0.0313  0.0313  0.0313  0.0313  0.0313  0.0313  0.0313  0.0313  0.0313  0.0313  0.0313  0.0313
  0.0313  0.0313  0.0313  0.0313  0.0313  0.0312  0.0313  0.0314  0.0313  0.0313  0.0313  0.0313
  0.0315  0.0314  0.0314  0.0314  0.0314  0.0313  0.0314  0.0315  0.0314  0.0314  0.0313  0.0313
  0.0317  0.0316  0.0314  0.0315  0.0315  0.0316  0.0315  0.0318  0.0315  0.0316  0.0314  0.0314
registration optimization eta report
parameter search radius
    0.8000    0.8000    0.8000    2.4000    2.4000    2.4000
    2.4000    2.4000    2.4000    2.4000    2.4000    2.4000
100000*second partial in parameter space
       57.       44.       29.        4.        3.        7.
        5.       10.        4.        6.        3.        2.
  0.0316  0.0316  0.0315  0.0315  0.0315  0.0318  0.0316  0.0318  0.0315  0.0316  0.0315  0.0314
  0.0314  0.0314  0.0314  0.0314  0.0314  0.0316  0.0314  0.0315  0.0314  0.0314  0.0313  0.0313
  0.0313  0.0313  0.0313  0.0313  0.0313  0.0314  0.0313  0.0313  0.0313  0.0313  0.0313  0.0313
  0.0313  0.0313  0.0313  0.0313  0.0313  0.0313  0.0313  0.0313  0.0313  0.0313  0.0313  0.0313
  0.0313  0.0313  0.0313  0.0313  0.0313  0.0312  0.0313  0.0314  0.0313  0.0313  0.0313  0.0313
  0.0315  0.0314  0.0314  0.0314  0.0314  0.0313  0.0314  0.0315  0.0314  0.0314  0.0313  0.0313
  0.0317  0.0316  0.0314  0.0315  0.0315  0.0316  0.0315  0.0318  0.0315  0.0316  0.0314  0.0314
    0.0316   -4.0883   -0.7664   -1.5120  -25.2875  -15.7683
    8.3655   -1.8869   -5.7252   29.4609    3.5857  -23.8172
eta,q 0.96874 17.60921

---------------------------------------------------------------------
compute_vox2vox talsrcimg talsrcimg_to_711-2C_as_mni_average_305_t4 /opt/freesurfer/average/711-2C_as_mni_average_305
---------------------------------------------------------------------

freesurfer compute_vox2vox.c
Reading: talsrcimg.4dfp.ifh
Reading: talsrcimg_to_711-2C_as_mni_average_305_t4
Reading: /opt/freesurfer/average/711-2C_as_mni_average_305.4dfp.ifh
Writing: talsrcimg_to_711-2C_as_mni_average_305_t4_vox2vox.txt

start time Sun Mar 8 20:34:33 CET 2026
end		time Sun Mar 8 20:35:59 CET 2026

mpr2mni305 success

avi2talxfm orig_nu.mgz /opt/freesurfer/average/mni305.cor.mgz talsrcimg_to_711-2C_as_mni_average_305_t4_vox2vox.txt transforms/talairach.auto.xfm
avi2talxfm done
mv -f /out/sourcedata/freesurfer/sub-v1s15x0050192_ses-1/mri/talsrcimg_to_711-2C_as_mni_average_305_t4_vox2vox.txt /out/sourcedata/freesurfer/sub-v1s15x0050192_ses-1/mri/transforms/talsrcimg_to_711-2C_as_mni_average_305_t4_vox2vox.txt
lta_convert --src orig_nu.mgz --trg /opt/freesurfer/average/mni305.cor.mgz --inxfm transforms/talairach.auto.xfm --outlta transforms/talairach.auto.xfm.lta --subject fsaverage
7.3.2

--src: orig_nu.mgz src image (geometry).
--trg: /opt/freesurfer/average/mni305.cor.mgz trg image (geometry).
--inmni: transforms/talairach.auto.xfm input MNI/XFM transform.
--outlta: transforms/talairach.auto.xfm.lta output LTA.
--s: fsaverage subject name
 LTA read, type : 1
 1.00779   0.05582  -0.09505  -5.99237;
-0.01895   1.06706   0.34228  -20.11060;
 0.08470  -0.41649   1.19621   20.66374;
 0.00000   0.00000   0.00000   1.00000;
setting subject to fsaverage
Writing  LTA to file transforms/talairach.auto.xfm.lta...
lta_convert successful.
 
 
Started at Sun Mar 8 20:34:32 CET 2026
Ended   at Sun Mar  8 20:35:59 CET 2026
talairach_avi done
