/out/sourcedata/freesurfer/sub-v1s15x0050200_ses-1/mri
/opt/freesurfer/bin/talairach_avi
--i orig_nu.mgz --xfm transforms/talairach.auto.xfm
talairach_avi 7.3.2
Linux dna028 5.14.0-427.37.1.el9_4.x86_64 #1 SMP PREEMPT_DYNAMIC Fri Sep 13 12:41:50 EDT 2024 x86_64 x86_64 x86_64 GNU/Linux
Sun Mar  8 20:43:30 CET 2026
mri_convert orig_nu.mgz talsrcimg.img 
reading from orig_nu.mgz...
TR=0.00, TE=0.00, TI=0.00, flip angle=0.00
i_ras = (-1, 0, 0)
j_ras = (0, 0, -1)
k_ras = (0, 1, 0)
writing to talsrcimg.img...
Analyze Output Matrix
-1.00000   0.00000   0.00000   134.65601;
 0.00000   0.00000   1.00000  -127.56200;
 0.00000  -1.00000   0.00000   117.78101;
 0.00000   0.00000   0.00000   1.00000;
--------------------
INFO: set hdr.hist.orient to -1
mpr2mni305 talsrcimg
Sun Mar  8 20:43:30 CET 2026
/opt/freesurfer/bin/mpr2mni305 talsrcimg
mpr2mni305 7.3.2
target=711-2C_as_mni_average_305

---------------------------------------------------------------------
analyzeto4dfp talsrcimg -O0 -y
---------------------------------------------------------------------

freesurfer ifh2hdr.c
Sun Mar  8 20:43:31 2026
Writing: talsrcimg.4dfp.hdr
freesurfer analyzeto4dfp.c
Reading: talsrcimg.hdr
header size 348 bytes
hdr.dime.datatype	offset=70	value=2
hdr.dime.bitpix		offset=72	value=8
hdr.hist.orient		offset=252	value=-1
dimensionality     4
dimensions       256       256       256         1
Reading: talsrcimg.img
Writing: talsrcimg.4dfp.img
Writing: talsrcimg.4dfp.ifh
ifh2hdr talsrcimg -r0to218
ori=2

---------------------------------------------------------------------
gauss_4dfp talsrcimg 1.1
---------------------------------------------------------------------

freesurfer gauss_4dfp.c
Reading: talsrcimg.4dfp.img
Writing: talsrcimg_g11.4dfp.img
image dimensions 256 256 256 padded to 288 288 288
processing volume 1freesurfer ifh2hdr.c
Sun Mar  8 20:43:32 2026
Writing: talsrcimg_g11.4dfp.hdr

Writing: talsrcimg_g11.4dfp.ifh
including: talsrcimg.4dfp.img.rec in talsrcimg_g11.4dfp.img.rec

---------------------------------------------------------------------
imgreg_4dfp /opt/freesurfer/average/711-2C_as_mni_average_305 none talsrcimg_g11 none talsrcimg_to_711-2C_as_mni_average_305_t4 4355
---------------------------------------------------------------------

freesurfer imgreg_4dfp.c
/opt/freesurfer/average/711-2C_as_mni_average_305.4dfp.img
       256       256       256         1
  1.000000  1.000000  1.000000
orientation T byte_order littleendian
Reading image: /opt/freesurfer/average/711-2C_as_mni_average_305.4dfp.img
dimensions:      256       256       256
mmppix:       1.0000   -1.0000   -1.0000
center:     128.0000 -129.0000 -129.0000
talsrcimg_g11.4dfp.img
       256       256       256         1
  1.000000  1.000000  1.000000
orientation T byte_order littleendian
Reading image: talsrcimg_g11.4dfp.img
dimensions:      256       256       256
mmppix:       1.0000   -1.0000   -1.0000
center:     128.0000 -129.0000 -129.0000
t4_read: open error in t4_sub.f l:  41 t4_file(1:l)talsrcimg_to_711-2C_as_mni_average_305_t4 
t4_read: transform initialized to I4
rotation matrix determinant  1.000000
image alignment mode   4355 decimal     1103 hex
   -7.5000  -45.0000  -45.0000 4633.2290   24.8791
    0.0000  -45.0000  -45.0000 4807.4331   24.8698
    7.5000  -45.0000  -45.0000 4566.2280   24.8738
   -7.5000  -37.5000  -45.0000 5197.6396   24.2037
    0.0000  -37.5000  -45.0000 5359.8599   24.2107
    7.5000  -37.5000  -45.0000 5099.0547   24.2180
   -7.5000  -30.0000  -45.0000 5960.6904   23.7673
    0.0000  -30.0000  -45.0000 6170.6479   23.7964
    7.5000  -30.0000  -45.0000 5864.7256   23.8025
   -7.5000  -22.5000  -45.0000 6733.7847   23.4864
    0.0000  -22.5000  -45.0000 6992.6436   23.5163
    7.5000  -22.5000  -45.0000 6668.5664   23.5202
   -7.5000  -15.0000  -45.0000 7529.9819   23.3953
    0.0000  -15.0000  -45.0000 7820.0151   23.4156
    7.5000  -15.0000  -45.0000 7467.3535   23.4169
   -7.5000   -7.5000  -45.0000 8381.9053   23.3541
    0.0000   -7.5000  -45.0000 8696.4443   23.3586
    7.5000   -7.5000  -45.0000 8285.7607   23.3576
   -7.5000    0.0000  -45.0000 9234.0010   23.3293
    0.0000    0.0000  -45.0000 9564.6699   23.3261
    7.5000    0.0000  -45.0000 9075.4561   23.3265
   -7.5000    7.5000  -45.0000 9345.9873   23.3422
    0.0000    7.5000  -45.0000 9682.5420   23.3506
    7.5000    7.5000  -45.0000 9173.0674   23.3541
   -7.5000   15.0000  -45.0000 9279.6230   23.3755
    0.0000   15.0000  -45.0000 9617.7178   23.4009
    7.5000   15.0000  -45.0000 9128.1025   23.4053
   -7.5000   22.5000  -45.0000 9124.2754   23.3926
    0.0000   22.5000  -45.0000 9476.5508   23.4220
    7.5000   22.5000  -45.0000 8993.7715   23.4258
   -7.5000   30.0000  -45.0000 8892.5938   23.0752
    0.0000   30.0000  -45.0000 9248.0312   23.0953
    7.5000   30.0000  -45.0000 8790.2100   23.0965
   -7.5000   37.5000  -45.0000 9001.3018   23.0426
    0.0000   37.5000  -45.0000 9373.1074   23.0470
    7.5000   37.5000  -45.0000 8919.9141   23.0460
   -7.5000   45.0000  -45.0000 8799.5117   22.4339
    0.0000   45.0000  -45.0000 9157.6201   22.4309
    7.5000   45.0000  -45.0000 8738.8896   22.4313
   -7.5000  -45.0000  -37.5000 5044.3882   24.5116
    0.0000  -45.0000  -37.5000 5202.4404   24.5127
    7.5000  -45.0000  -37.5000 4944.3267   24.5131
   -7.5000  -37.5000  -37.5000 5616.2754   23.8572
    0.0000  -37.5000  -37.5000 5780.6001   23.8794
    7.5000  -37.5000  -37.5000 5517.3677   23.8806
   -7.5000  -30.0000  -37.5000 6392.6377   23.4300
    0.0000  -30.0000  -37.5000 6619.7700   23.4723
    7.5000  -30.0000  -37.5000 6339.0815   23.4714
   -7.5000  -22.5000  -37.5000 7222.6587   23.1526
    0.0000  -22.5000  -37.5000 7487.7148   23.1890
    7.5000  -22.5000  -37.5000 7165.4609   23.1863
   -7.5000  -15.0000  -37.5000 8108.5361   23.0630
    0.0000  -15.0000  -37.5000 8415.1045   23.0840
    7.5000  -15.0000  -37.5000 8016.8979   23.0792
   -7.5000   -7.5000  -37.5000 9047.0664   23.0256
    0.0000   -7.5000  -37.5000 9394.6904   23.0327
    7.5000   -7.5000  -37.5000 8917.0645   23.0278
   -7.5000    0.0000  -37.5000 9947.6191   23.0044
    0.0000    0.0000  -37.500010329.2773   23.0104
    7.5000    0.0000  -37.5000 9776.4648   23.0075
   -7.5000    7.5000  -37.500010040.7920   23.0182
    0.0000    7.5000  -37.500010419.8369   23.0409
    7.5000    7.5000  -37.5000 9869.4326   23.0392
   -7.5000   15.0000  -37.5000 9949.7148   23.0490
    0.0000   15.0000  -37.500010341.6318   23.0876
    7.5000   15.0000  -37.5000 9803.0059   23.0856
   -7.5000   22.5000  -37.5000 9752.7295   23.0613
    0.0000   22.5000  -37.500010156.6553   23.0971
    7.5000   22.5000  -37.5000 9632.7822   23.0943
   -7.5000   30.0000  -37.5000 9499.9561   22.7475
    0.0000   30.0000  -37.5000 9903.1562   22.7681
    7.5000   30.0000  -37.5000 9390.3555   22.7636
   -7.5000   37.5000  -37.5000 9615.8320   22.7184
    0.0000   37.5000  -37.500010033.3145   22.7254
    7.5000   37.5000  -37.5000 9503.4199   22.7206
   -7.5000   45.0000  -37.5000 9402.4609   22.1215
    0.0000   45.0000  -37.5000 9793.5781   22.1272
    7.5000   45.0000  -37.5000 9304.2549   22.1244
   -7.5000  -45.0000  -30.0000 5508.8320   25.1640
    0.0000  -45.0000  -30.0000 5659.5264   25.1702
    7.5000  -45.0000  -30.0000 5392.7798   25.1715
   -7.5000  -37.5000  -30.0000 6090.2759   24.4991
    0.0000  -37.5000  -30.0000 6282.8179   24.5256
    7.5000  -37.5000  -30.0000 6017.0146   24.5256
   -7.5000  -30.0000  -30.0000 6934.6162   24.0628
    0.0000  -30.0000  -30.0000 7182.5625   24.1078
    7.5000  -30.0000  -30.0000 6894.4863   24.1042
   -7.5000  -22.5000  -30.0000 7874.6646   23.7826
    0.0000  -22.5000  -30.0000 8159.4668   23.8208
    7.5000  -22.5000  -30.0000 7807.0361   23.8140
   -7.5000  -15.0000  -30.0000 8876.8467   23.6958
    0.0000  -15.0000  -30.0000 9197.9844   23.7195
    7.5000  -15.0000  -30.0000 8754.2139   23.7104
   -7.5000   -7.5000  -30.0000 9903.4639   23.6599
    0.0000   -7.5000  -30.000010260.4971   23.6708
    7.5000   -7.5000  -30.0000 9734.6143   23.6644
   -7.5000    0.0000  -30.000010843.4922   23.6363
    0.0000    0.0000  -30.000011241.3828   23.6465
    7.5000    0.0000  -30.000010637.9053   23.6437
   -7.5000    7.5000  -30.000010930.3730   23.6473
    0.0000    7.5000  -30.000011342.2578   23.6740
    7.5000    7.5000  -30.000010716.5850   23.6713
   -7.5000   15.0000  -30.000010797.2168   23.6766
    0.0000   15.0000  -30.000011252.0146   23.7181
    7.5000   15.0000  -30.000010622.4414   23.7138
   -7.5000   22.5000  -30.000010587.8760   23.6876
    0.0000   22.5000  -30.000011049.1426   23.7254
    7.5000   22.5000  -30.000010437.8506   23.7184
   -7.5000   30.0000  -30.000010306.5176   23.3738
    0.0000   30.0000  -30.000010749.0420   23.3972
    7.5000   30.0000  -30.000010168.9756   23.3884
   -7.5000   37.5000  -30.000010414.7236   23.3465
    0.0000   37.5000  -30.000010849.2412   23.3573
    7.5000   37.5000  -30.000010278.2422   23.3510
   -7.5000   45.0000  -30.000010156.8398   22.7459
    0.0000   45.0000  -30.000010561.2305   22.7557
    7.5000   45.0000  -30.000010040.2061   22.7530
   -7.5000  -45.0000  -22.5000 6043.0317   26.0339
    0.0000  -45.0000  -22.5000 6220.6348   26.0309
    7.5000  -45.0000  -22.5000 5935.8784   26.0347
   -7.5000  -37.5000  -22.5000 6680.4229   25.3476
    0.0000  -37.5000  -22.5000 6902.3750   25.3609
    7.5000  -37.5000  -22.5000 6607.3374   25.3622
   -7.5000  -30.0000  -22.5000 7635.9531   24.8918
    0.0000  -30.0000  -22.5000 7905.7070   24.9238
    7.5000  -30.0000  -22.5000 7561.3071   24.9220
   -7.5000  -22.5000  -22.5000 8692.3604   24.5967
    0.0000  -22.5000  -22.5000 9001.1709   24.6276
    7.5000  -22.5000  -22.5000 8564.2852   24.6218
   -7.5000  -15.0000  -22.5000 9800.2402   24.5058
    0.0000  -15.0000  -22.500010137.9492   24.5281
    7.5000  -15.0000  -22.5000 9621.2744   24.5209
   -7.5000   -7.5000  -22.500010911.3076   24.4728
    0.0000   -7.5000  -22.500011303.7803   24.4810
    7.5000   -7.5000  -22.500010679.6270   24.4768
   -7.5000    0.0000  -22.500011935.3408   24.4533
    0.0000    0.0000  -22.500012351.5791   24.4552
    7.5000    0.0000  -22.500011653.5303   24.4536
   -7.5000    7.5000  -22.500012006.7422   24.4656
    0.0000    7.5000  -22.500012431.9141   24.4795
    7.5000    7.5000  -22.500011726.1943   24.4781
   -7.5000   15.0000  -22.500011832.3975   24.4921
    0.0000   15.0000  -22.500012333.3164   24.5209
    7.5000   15.0000  -22.500011621.8301   24.5179
   -7.5000   22.5000  -22.500011596.4375   24.4969
    0.0000   22.5000  -22.500012091.2480   24.5276
    7.5000   22.5000  -22.500011416.1504   24.5217
   -7.5000   30.0000  -22.500011259.1650   24.1766
    0.0000   30.0000  -22.500011757.7666   24.1986
    7.5000   30.0000  -22.500011111.3330   24.1915
   -7.5000   37.5000  -22.500011338.0459   24.1523
    0.0000   37.5000  -22.500011824.2168   24.1604
    7.5000   37.5000  -22.500011182.2939   24.1563
   -7.5000   45.0000  -22.500011037.4160   23.5498
    0.0000   45.0000  -22.500011501.9932   23.5516
    7.5000   45.0000  -22.500010896.5811   23.5500
   -7.5000  -45.0000  -15.0000 6613.8066   26.6710
    0.0000  -45.0000  -15.0000 6796.4585   26.6570
    7.5000  -45.0000  -15.0000 6475.5151   26.6632
   -7.5000  -37.5000  -15.0000 7313.1514   25.9724
    0.0000  -37.5000  -15.0000 7541.7192   25.9693
    7.5000  -37.5000  -15.0000 7221.1909   25.9737
   -7.5000  -30.0000  -15.0000 8375.2539   25.5098
    0.0000  -30.0000  -15.0000 8659.8711   25.5261
    7.5000  -30.0000  -15.0000 8266.3271   25.5279
   -7.5000  -22.5000  -15.0000 9545.7451   25.2063
    0.0000  -22.5000  -15.0000 9867.0957   25.2281
    7.5000  -22.5000  -15.0000 9370.4971   25.2267
   -7.5000  -15.0000  -15.000010752.7471   25.1088
    0.0000  -15.0000  -15.000011101.8027   25.1278
    7.5000  -15.0000  -15.000010497.8564   25.1263
   -7.5000   -7.5000  -15.000011958.7021   25.0718
    0.0000   -7.5000  -15.000012345.7803   25.0758
    7.5000   -7.5000  -15.000011648.2871   25.0751
   -7.5000    0.0000  -15.000013061.1162   25.0529
    0.0000    0.0000  -15.000013491.5928   25.0448
    7.5000    0.0000  -15.000012729.7070   25.0454
   -7.5000    7.5000  -15.000013104.4551   25.0696
    0.0000    7.5000  -15.000013573.0605   25.0681
    7.5000    7.5000  -15.000012799.0977   25.0692
   -7.5000   15.0000  -15.000012918.3037   25.1001
    0.0000   15.0000  -15.000013447.7871   25.1133
    7.5000   15.0000  -15.000012687.1230   25.1133
   -7.5000   22.5000  -15.000012645.5303   25.1030
    0.0000   22.5000  -15.000013180.4600   25.1247
    7.5000   22.5000  -15.000012442.1299   25.1232
   -7.5000   30.0000  -15.000012263.1787   24.7751
    0.0000   30.0000  -15.000012794.0361   24.7939
    7.5000   30.0000  -15.000012070.4629   24.7923
   -7.5000   37.5000  -15.000012318.0977   24.7469
    0.0000   37.5000  -15.000012860.6045   24.7509
    7.5000   37.5000  -15.000012134.4609   24.7503
   -7.5000   45.0000  -15.000011944.4912   24.1417
    0.0000   45.0000  -15.000012472.7598   24.1340
    7.5000   45.0000  -15.000011778.4072   24.1345
   -7.5000  -45.0000   -7.5000 7194.8315   26.9383
    0.0000  -45.0000   -7.5000 7386.9429   26.9225
    7.5000  -45.0000   -7.5000 7052.1558   26.9301
   -7.5000  -37.5000   -7.5000 7999.8774   26.2350
    0.0000  -37.5000   -7.5000 8254.0186   26.2310
    7.5000  -37.5000   -7.5000 7882.7764   26.2403
   -7.5000  -30.0000   -7.5000 9197.0322   25.7761
    0.0000  -30.0000   -7.5000 9507.5859   25.7937
    7.5000  -30.0000   -7.5000 9033.9922   25.8016
   -7.5000  -22.5000   -7.500010454.1934   25.4750
    0.0000  -22.5000   -7.500010786.6162   25.4987
    7.5000  -22.5000   -7.500010215.6250   25.5034
   -7.5000  -15.0000   -7.500011713.8896   25.3748
    0.0000  -15.0000   -7.500012119.8916   25.3948
    7.5000  -15.0000   -7.500011432.3994   25.3977
   -7.5000   -7.5000   -7.500013014.6045   25.3310
    0.0000   -7.5000   -7.500013462.0107   25.3344
    7.5000   -7.5000   -7.500012699.5127   25.3359
   -7.5000    0.0000   -7.500014231.1836   25.3080
    0.0000    0.0000   -7.500014748.6807   25.2987
    7.5000    0.0000   -7.500013889.2178   25.3013
   -7.5000    7.5000   -7.500014256.7373   25.3268
    0.0000    7.5000   -7.500014830.5547   25.3247
    7.5000    7.5000   -7.500013959.1777   25.3300
   -7.5000   15.0000   -7.500014057.9160   25.3630
    0.0000   15.0000   -7.500014660.4502   25.3773
    7.5000   15.0000   -7.500013809.6729   25.3829
   -7.5000   22.5000   -7.500013719.4912   25.3680
    0.0000   22.5000   -7.500014362.4863   25.3914
    7.5000   22.5000   -7.500013508.6406   25.3960
   -7.5000   30.0000   -7.500013273.7480   25.0370
    0.0000   30.0000   -7.500013904.2021   25.0567
    7.5000   30.0000   -7.500013093.0078   25.0596
   -7.5000   37.5000   -7.500013342.2422   25.0021
    0.0000   37.5000   -7.500013973.4609   25.0055
    7.5000   37.5000   -7.500013137.7061   25.0070
   -7.5000   45.0000   -7.500012944.3037   24.3921
    0.0000   45.0000   -7.500013535.6104   24.3832
    7.5000   45.0000   -7.500012730.7188   24.3857
   -7.5000  -45.0000    0.0000 7722.3721   26.9426
    0.0000  -45.0000    0.0000 7946.0645   26.9321
    7.5000  -45.0000    0.0000 7579.3066   26.9355
   -7.5000  -37.5000    0.0000 8643.8730   26.2382
    0.0000  -37.5000    0.0000 8945.7686   26.2462
    7.5000  -37.5000    0.0000 8491.9551   26.2535
   -7.5000  -30.0000    0.0000 9965.5557   25.7805
    0.0000  -30.0000    0.000010324.6582   25.8122
    7.5000  -30.0000    0.0000 9747.5986   25.8188
   -7.5000  -22.5000    0.000011288.0586   25.4816
    0.0000  -22.5000    0.000011687.3428   25.5134
    7.5000  -22.5000    0.000011025.8740   25.5180
   -7.5000  -15.0000    0.000012617.9902   25.3825
    0.0000  -15.0000    0.000013081.0381   25.4031
    7.5000  -15.0000    0.000012332.5547   25.4045
   -7.5000   -7.5000    0.000013978.5098   25.3386
    0.0000   -7.5000    0.000014515.3379   25.3420
    7.5000   -7.5000    0.000013693.3486   25.3405
   -7.5000    0.0000    0.000015264.9131   25.3149
    0.0000    0.0000    0.000015902.8330   25.3110
    7.5000    0.0000    0.000014941.4189   25.3108
   -7.5000    7.5000    0.000015315.4102   25.3324
    0.0000    7.5000    0.000016010.1338   25.3419
    7.5000    7.5000    0.000015044.0898   25.3453
   -7.5000   15.0000    0.000015079.2275   25.3683
    0.0000   15.0000    0.000015861.3779   25.3961
    7.5000   15.0000    0.000014894.8486   25.4010
   -7.5000   22.5000    0.000014668.3535   25.3746
    0.0000   22.5000    0.000015463.7471   25.4060
    7.5000   22.5000    0.000014526.3174   25.4103
   -7.5000   30.0000    0.000014173.1201   25.0452
    0.0000   30.0000    0.000014924.4385   25.0655
    7.5000   30.0000    0.000014055.1875   25.0670
   -7.5000   37.5000    0.000014274.6338   25.0103
    0.0000   37.5000    0.000014992.0918   25.0137
    7.5000   37.5000    0.000014098.1582   25.0122
   -7.5000   45.0000    0.000013823.5439   24.4007
    0.0000   45.0000    0.000014501.5703   24.3969
    7.5000   45.0000    0.000013631.0039   24.3967
   -7.5000  -45.0000    7.5000 7706.8745   26.9348
    0.0000  -45.0000    7.5000 7974.1616   26.9357
    7.5000  -45.0000    7.5000 7575.2495   26.9352
   -7.5000  -37.5000    7.5000 8627.5527   26.2281
    0.0000  -37.5000    7.5000 8962.6914   26.2518
    7.5000  -37.5000    7.5000 8492.0820   26.2528
   -7.5000  -30.0000    7.5000 9916.8076   25.7680
    0.0000  -30.0000    7.500010317.9834   25.8135
    7.5000  -30.0000    7.5000 9747.6875   25.8125
   -7.5000  -22.5000    7.500011217.2861   25.4697
    0.0000  -22.5000    7.500011671.9941   25.5086
    7.5000  -22.5000    7.500011044.4941   25.5057
   -7.5000  -15.0000    7.500012526.4600   25.3732
    0.0000  -15.0000    7.500013049.0156   25.3954
    7.5000  -15.0000    7.500012355.4639   25.3898
   -7.5000   -7.5000    7.500013855.4736   25.3313
    0.0000   -7.5000    7.500014452.3232   25.3385
    7.5000   -7.5000    7.500013667.8203   25.3324
   -7.5000    0.0000    7.500015087.1377   25.3066
    0.0000    0.0000    7.500015756.1123   25.3127
    7.5000    0.0000    7.500014902.4365   25.3089
   -7.5000    7.5000    7.500015197.0283   25.3214
    0.0000    7.5000    7.500015977.1201   25.3457
    7.5000    7.5000    7.500015063.9600   25.3435
   -7.5000   15.0000    7.500014987.5547   25.3560
    0.0000   15.0000    7.500015947.2461   25.3975
    7.5000   15.0000    7.500014983.4756   25.3954
   -7.5000   22.5000    7.500014504.6387   25.3626
    0.0000   22.5000    7.500015370.6572   25.4010
    7.5000   22.5000    7.500014550.9619   25.3980
   -7.5000   30.0000    7.500013993.4111   25.0359
    0.0000   30.0000    7.500014767.1182   25.0579
    7.5000   30.0000    7.500013982.5039   25.0524
   -7.5000   37.5000    7.500014095.9873   25.0031
    0.0000   37.5000    7.500014856.6533   25.0102
    7.5000   37.5000    7.500014035.8271   25.0042
   -7.5000   45.0000    7.500013619.6758   24.3926
    0.0000   45.0000    7.500014356.4463   24.3986
    7.5000   45.0000    7.500013550.7568   24.3948
   -7.5000  -45.0000   15.0000 7528.1323   26.9693
    0.0000  -45.0000   15.0000 7824.7271   26.9759
    7.5000  -45.0000   15.0000 7425.9214   26.9772
   -7.5000  -37.5000   15.0000 8480.1572   26.2583
    0.0000  -37.5000   15.0000 8855.6045   26.2868
    7.5000  -37.5000   15.0000 8373.2500   26.2867
   -7.5000  -30.0000   15.0000 9792.4473   25.7919
    0.0000  -30.0000   15.000010204.7246   25.8402
    7.5000  -30.0000   15.0000 9653.2666   25.8364
   -7.5000  -22.5000   15.000011090.0234   25.4922
    0.0000  -22.5000   15.000011555.2520   25.5331
    7.5000  -22.5000   15.000010970.5967   25.5257
   -7.5000  -15.0000   15.000012373.8633   25.3991
    0.0000  -15.0000   15.000012905.1914   25.4243
    7.5000  -15.0000   15.000012280.8145   25.4145
   -7.5000   -7.5000   15.000013640.8975   25.3604
    0.0000   -7.5000   15.000014242.5049   25.3719
    7.5000   -7.5000   15.000013549.6445   25.3649
   -7.5000    0.0000   15.000014815.5527   25.3351
    0.0000    0.0000   15.000015521.4336   25.3459
    7.5000    0.0000   15.000014757.5605   25.3428
   -7.5000    7.5000   15.000015014.3076   25.3471
    0.0000    7.5000   15.000015879.5068   25.3757
    7.5000    7.5000   15.000015008.2812   25.3728
   -7.5000   15.0000   15.000014917.5283   25.3787
    0.0000   15.0000   15.000015779.4189   25.4233
    7.5000   15.0000   15.000015048.3398   25.4187
   -7.5000   22.5000   15.000014369.6084   25.3849
    0.0000   22.5000   15.000015110.0166   25.4254
    7.5000   22.5000   15.000014531.8701   25.4179
   -7.5000   30.0000   15.000013819.5459   25.0614
    0.0000   30.0000   15.000014484.8965   25.0863
    7.5000   30.0000   15.000013886.1143   25.0767
   -7.5000   37.5000   15.000013882.7949   25.0318
    0.0000   37.5000   15.000014586.2100   25.0432
    7.5000   37.5000   15.000013918.9697   25.0363
   -7.5000   45.0000   15.000013369.9844   24.4201
    0.0000   45.0000   15.000014074.9531   24.4306
    7.5000   45.0000   15.000013373.3750   24.4275
   -7.5000  -45.0000   22.5000 7331.2949   27.0213
    0.0000  -45.0000   22.5000 7623.9985   27.0183
    7.5000  -45.0000   22.5000 7244.9556   27.0222
   -7.5000  -37.5000   22.5000 8251.3291   26.3092
    0.0000  -37.5000   22.5000 8606.2988   26.3229
    7.5000  -37.5000   22.5000 8140.9766   26.3243
   -7.5000  -30.0000   22.5000 9503.7969   25.8362
    0.0000  -30.0000   22.5000 9916.3105   25.8694
    7.5000  -30.0000   22.5000 9367.9189   25.8675
   -7.5000  -22.5000   22.500010749.0283   25.5300
    0.0000  -22.5000   22.500011221.5391   25.5620
    7.5000  -22.5000   22.500010662.2656   25.5560
   -7.5000  -15.0000   22.500011989.8711   25.4356
    0.0000  -15.0000   22.500012537.2178   25.4587
    7.5000  -15.0000   22.500011959.5723   25.4512
   -7.5000   -7.5000   22.500013220.5811   25.4013
    0.0000   -7.5000   22.500013787.1104   25.4097
    7.5000   -7.5000   22.500013188.7598   25.4054
   -7.5000    0.0000   22.500014331.8232   25.3811
    0.0000    0.0000   22.500014883.4990   25.3830
    7.5000    0.0000   22.500014328.8379   25.3813
   -7.5000    7.5000   22.500014430.3604   25.3938
    0.0000    7.5000   22.500015023.1484   25.4083
    7.5000    7.5000   22.500014427.2373   25.4068
   -7.5000   15.0000   22.500014318.8252   25.4214
    0.0000   15.0000   22.500014864.6143   25.4512
    7.5000   15.0000   22.500014367.8984   25.4481
   -7.5000   22.5000   22.500013969.2588   25.4225
    0.0000   22.5000   22.500014442.6299   25.4543
    7.5000   22.5000   22.500014025.6523   25.4482
   -7.5000   30.0000   22.500013535.0029   25.0974
    0.0000   30.0000   22.500014063.4971   25.1202
    7.5000   30.0000   22.500013557.1318   25.1128
   -7.5000   37.5000   22.500013612.6299   25.0722
    0.0000   37.5000   22.500014212.1123   25.0805
    7.5000   37.5000   22.500013587.9902   25.0762
   -7.5000   45.0000   22.500013030.0850   24.4645
    0.0000   45.0000   22.500013646.4482   24.4663
    7.5000   45.0000   22.500012970.8936   24.4646
   -7.5000  -45.0000   30.0000 6998.6738   27.0405
    0.0000  -45.0000   30.0000 7301.4893   27.0263
    7.5000  -45.0000   30.0000 6933.0649   27.0326
   -7.5000  -37.5000   30.0000 7878.7349   26.3321
    0.0000  -37.5000   30.0000 8236.2744   26.3290
    7.5000  -37.5000   30.0000 7801.2949   26.3334
   -7.5000  -30.0000   30.0000 9069.3955   25.8631
    0.0000  -30.0000   30.0000 9467.1416   25.8795
    7.5000  -30.0000   30.0000 8994.9609   25.8814
   -7.5000  -22.5000   30.000010268.3887   25.5554
    0.0000  -22.5000   30.000010692.2607   25.5775
    7.5000  -22.5000   30.000010200.7529   25.5760
   -7.5000  -15.0000   30.000011459.6377   25.4566
    0.0000  -15.0000   30.000011920.3408   25.4758
    7.5000  -15.0000   30.000011406.0254   25.4742
   -7.5000   -7.5000   30.000012601.4648   25.4189
    0.0000   -7.5000   30.000013081.3330   25.4229
    7.5000   -7.5000   30.000012544.2939   25.4223
   -7.5000    0.0000   30.000013640.4492   25.3998
    0.0000    0.0000   30.000014148.3447   25.3916
    7.5000    0.0000   30.000013597.8037   25.3921
   -7.5000    7.5000   30.000013691.0781   25.4167
    0.0000    7.5000   30.000014223.2734   25.4151
    7.5000    7.5000   30.000013626.9180   25.4163
   -7.5000   15.0000   30.000013526.4932   25.4476
    0.0000   15.0000   30.000014089.8408   25.4610
    7.5000   15.0000   30.000013520.7129   25.4610
   -7.5000   22.5000   30.000013253.5918   25.4479
    0.0000   22.5000   30.000013833.5410   25.4698
    7.5000   22.5000   30.000013246.5439   25.4683
   -7.5000   30.0000   30.000012930.8574   25.1182
    0.0000   30.0000   30.000013552.1660   25.1372
    7.5000   30.0000   30.000012897.2217   25.1356
   -7.5000   37.5000   30.000013014.9336   25.0896
    0.0000   37.5000   30.000013633.3877   25.0936
    7.5000   37.5000   30.000012945.4609   25.0930
   -7.5000   45.0000   30.000012415.2754   24.4824
    0.0000   45.0000   30.000012981.0967   24.4745
    7.5000   45.0000   30.000012347.5020   24.4751
   -7.5000  -45.0000   37.5000 6899.0381   27.0156
    0.0000  -45.0000   37.5000 7196.9697   26.9997
    7.5000  -45.0000   37.5000 6841.7402   27.0073
   -7.5000  -37.5000   37.5000 7729.0098   26.3098
    0.0000  -37.5000   37.5000 8071.5542   26.3058
    7.5000  -37.5000   37.5000 7676.9004   26.3151
   -7.5000  -30.0000   37.5000 8869.5547   25.8492
    0.0000  -30.0000   37.5000 9256.4531   25.8669
    7.5000  -30.0000   37.5000 8810.1934   25.8748
   -7.5000  -22.5000   37.500010048.1182   25.5470
    0.0000  -22.5000   37.500010469.6074   25.5708
    7.5000  -22.5000   37.5000 9972.2217   25.5756
   -7.5000  -15.0000   37.500011225.6768   25.4464
    0.0000  -15.0000   37.500011691.1074   25.4664
    7.5000  -15.0000   37.500011128.2920   25.4695
   -7.5000   -7.5000   37.500012347.9102   25.4024
    0.0000   -7.5000   37.500012852.9824   25.4058
    7.5000   -7.5000   37.500012253.8486   25.4074
   -7.5000    0.0000   37.500013394.0088   25.3794
    0.0000    0.0000   37.500013905.7998   25.3701
    7.5000    0.0000   37.500013291.7021   25.3727
   -7.5000    7.5000   37.500013439.0498   25.3983
    0.0000    7.5000   37.500013921.4512   25.3962
    7.5000    7.5000   37.500013313.0850   25.4014
   -7.5000   15.0000   37.500013249.7773   25.4347
    0.0000   15.0000   37.500013738.7646   25.4489
    7.5000   15.0000   37.500013197.8652   25.4547
   -7.5000   22.5000   37.500012938.9902   25.4396
    0.0000   22.5000   37.500013437.5537   25.4632
    7.5000   22.5000   37.500012911.2158   25.4678
   -7.5000   30.0000   37.500012603.7578   25.1083
    0.0000   30.0000   37.500013108.6074   25.1281
    7.5000   30.0000   37.500012574.7148   25.1311
   -7.5000   37.5000   37.500012684.1572   25.0733
    0.0000   37.5000   37.500013207.0596   25.0767
    7.5000   37.5000   37.500012646.7822   25.0782
   -7.5000   45.0000   37.500012076.8867   24.4628
    0.0000   45.0000   37.500012595.4375   24.4538
    7.5000   45.0000   37.500012044.8965   24.4563
   -7.5000  -45.0000   45.0000 6445.9536   26.9641
    0.0000  -45.0000   45.0000 6702.8706   26.9537
    7.5000  -45.0000   45.0000 6402.5400   26.9576
   -7.5000  -37.5000   45.0000 7206.9189   26.2557
    0.0000  -37.5000   45.0000 7506.3892   26.2639
    7.5000  -37.5000   45.0000 7159.6084   26.2717
   -7.5000  -30.0000   45.0000 8266.5518   25.7948
    0.0000  -30.0000   45.0000 8622.7305   25.8269
    7.5000  -30.0000   45.0000 8224.7354   25.8341
   -7.5000  -22.5000   45.0000 9377.5615   25.4931
    0.0000  -22.5000   45.0000 9770.7646   25.5254
    7.5000  -22.5000   45.0000 9297.0400   25.5306
   -7.5000  -15.0000   45.000010461.5195   25.3926
    0.0000  -15.0000   45.000010878.2012   25.4134
    7.5000  -15.0000   45.000010356.1172   25.4155
   -7.5000   -7.5000   45.000011516.4043   25.3481
    0.0000   -7.5000   45.000011967.7871   25.3517
    7.5000   -7.5000   45.000011406.7041   25.3507
   -7.5000    0.0000   45.000012471.4971   25.3249
    0.0000    0.0000   45.000012940.5508   25.3211
    7.5000    0.0000   45.000012362.6133   25.3212
   -7.5000    7.5000   45.000012465.0596   25.3432
    0.0000    7.5000   45.000012919.5762   25.3529
    7.5000    7.5000   45.000012380.0400   25.3567
   -7.5000   15.0000   45.000012270.5625   25.3795
    0.0000   15.0000   45.000012722.4102   25.4077
    7.5000   15.0000   45.000012249.8965   25.4131
   -7.5000   22.5000   45.000011981.2070   25.3854
    0.0000   22.5000   45.000012437.0615   25.4171
    7.5000   22.5000   45.000011994.2998   25.4221
   -7.5000   30.0000   45.000011667.0479   25.0529
    0.0000   30.0000   45.000012130.5459   25.0735
    7.5000   30.0000   45.000011686.6113   25.0756
   -7.5000   37.5000   45.000011744.8955   25.0176
    0.0000   37.5000   45.000012211.3740   25.0211
    7.5000   37.5000   45.000011749.9033   25.0201
   -7.5000   45.0000   45.000011225.9551   24.4213
    0.0000   45.0000   45.000011667.2197   24.4177
    7.5000   45.0000   45.000011179.1904   24.4178

---------------------------------------------------------------------
imgreg_4dfp /opt/freesurfer/average/711-2C_as_mni_average_305 /opt/freesurfer/average/711-2B_as_mni_average_305_mask talsrcimg_g11 none talsrcimg_to_711-2C_as_mni_average_305_t4 4355
---------------------------------------------------------------------

freesurfer imgreg_4dfp.c
/opt/freesurfer/average/711-2C_as_mni_average_305.4dfp.img
       256       256       256         1
  1.000000  1.000000  1.000000
orientation T byte_order littleendian
Reading image: /opt/freesurfer/average/711-2C_as_mni_average_305.4dfp.img
dimensions:      256       256       256
mmppix:       1.0000   -1.0000   -1.0000
center:     128.0000 -129.0000 -129.0000
/opt/freesurfer/average/711-2B_as_mni_average_305_mask.4dfp.img
       256       256       256         1
  1.000000  1.000000  1.000000
orientation T byte_order littleendian
Reading mask: /opt/freesurfer/average/711-2B_as_mni_average_305_mask.4dfp.img (2306576 pixels)
talsrcimg_g11.4dfp.img
       256       256       256         1
  1.000000  1.000000  1.000000
orientation T byte_order littleendian
Reading image: talsrcimg_g11.4dfp.img
dimensions:      256       256       256
mmppix:       1.0000   -1.0000   -1.0000
center:     128.0000 -129.0000 -129.0000
rotation matrix determinant  1.000000
image alignment mode   4355 decimal     1103 hex
   -7.5000  -37.5000  -45.0000 1569.3530   47.1200
    0.0000  -37.5000  -45.0000 1570.2932   46.6708
    7.5000  -37.5000  -45.0000 1551.1201   46.7871
   -7.5000  -30.0000  -45.0000 1687.1266   40.9469
    0.0000  -30.0000  -45.0000 1688.7819   40.5450
    7.5000  -30.0000  -45.0000 1675.4402   40.7165
   -7.5000  -22.5000  -45.0000 1796.5287   36.0096
    0.0000  -22.5000  -45.0000 1806.4722   35.8976
    7.5000  -22.5000  -45.0000 1799.7366   36.1959
   -7.5000  -15.0000  -45.0000 1893.8347   32.2305
    0.0000  -15.0000  -45.0000 1903.0409   32.2583
    7.5000  -15.0000  -45.0000 1896.1898   32.6092
   -7.5000   -7.5000  -45.0000 1984.0510   29.4684
    0.0000   -7.5000  -45.0000 1992.0928   29.5359
    7.5000   -7.5000  -45.0000 1982.1649   29.9419
   -7.5000    0.0000  -45.0000 2055.9504   27.5747
    0.0000    0.0000  -45.0000 2061.1008   27.6661
    7.5000    0.0000  -45.0000 2043.8872   27.9856
   -7.5000    7.5000  -45.0000 2105.1472   26.2757
    0.0000    7.5000  -45.0000 2108.8435   26.3626
    7.5000    7.5000  -45.0000 2089.2659   26.7157
   -7.5000   15.0000  -45.0000 2126.7471   25.4164
    0.0000   15.0000  -45.0000 2131.3772   25.4243
    7.5000   15.0000  -45.0000 2114.3699   25.8330
   -7.5000   22.5000  -45.0000 2130.7178   24.9078
    0.0000   22.5000  -45.0000 2134.4597   24.9956
    7.5000   22.5000  -45.0000 2117.0015   25.4092
   -7.5000   30.0000  -45.0000 2110.3889   24.8876
    0.0000   30.0000  -45.0000 2121.4346   25.0193
    7.5000   30.0000  -45.0000 2099.7812   25.6000
   -7.5000   37.5000  -45.0000 2083.5608   25.5356
    0.0000   37.5000  -45.0000 2097.4856   25.7194
    7.5000   37.5000  -45.0000 2072.8149   26.3077
   -7.5000   45.0000  -45.0000 2042.9907   26.7124
    0.0000   45.0000  -45.0000 2056.6763   26.8327
    7.5000   45.0000  -45.0000 2032.6660   27.4852
   -7.5000   52.5000  -45.0000 1973.7283   28.1895
    0.0000   52.5000  -45.0000 1981.4241   28.2758
    7.5000   52.5000  -45.0000 1959.1775   28.9868
   -7.5000  -37.5000  -37.5000 1653.5293   43.2226
    0.0000  -37.5000  -37.5000 1648.6173   42.8567
    7.5000  -37.5000  -37.5000 1639.6647   43.0118
   -7.5000  -30.0000  -37.5000 1763.2499   37.3037
    0.0000  -30.0000  -37.5000 1764.6868   37.1983
    7.5000  -30.0000  -37.5000 1762.2448   37.3661
   -7.5000  -22.5000  -37.5000 1876.8502   32.7119
    0.0000  -22.5000  -37.5000 1885.2172   32.7317
    7.5000  -22.5000  -37.5000 1879.0383   33.1283
   -7.5000  -15.0000  -37.5000 1987.0791   29.3667
    0.0000  -15.0000  -37.5000 1994.9313   29.4692
    7.5000  -15.0000  -37.5000 1980.0955   29.8903
   -7.5000   -7.5000  -37.5000 2084.6196   26.9821
    0.0000   -7.5000  -37.5000 2094.3889   27.0905
    7.5000   -7.5000  -37.5000 2075.2969   27.4498
   -7.5000    0.0000  -37.5000 2160.2258   25.2492
    0.0000    0.0000  -37.5000 2169.6238   25.3449
    7.5000    0.0000  -37.5000 2149.5718   25.6534
   -7.5000    7.5000  -37.5000 2211.8350   23.9793
    0.0000    7.5000  -37.5000 2219.2654   24.0958
    7.5000    7.5000  -37.5000 2203.0903   24.3625
   -7.5000   15.0000  -37.5000 2234.3970   23.1671
    0.0000   15.0000  -37.5000 2243.8115   23.2409
    7.5000   15.0000  -37.5000 2228.0051   23.5391
   -7.5000   22.5000  -37.5000 2233.6516   22.7270
    0.0000   22.5000  -37.5000 2242.0466   22.8415
    7.5000   22.5000  -37.5000 2228.1287   23.2091
   -7.5000   30.0000  -37.5000 2210.0125   22.7508
    0.0000   30.0000  -37.5000 2220.9167   22.8875
    7.5000   30.0000  -37.5000 2205.9109   23.3085
   -7.5000   37.5000  -37.5000 2185.4797   23.2935
    0.0000   37.5000  -37.5000 2203.9185   23.3879
    7.5000   37.5000  -37.5000 2175.5630   23.8094
   -7.5000   45.0000  -37.5000 2144.7871   24.2013
    0.0000   45.0000  -37.5000 2158.2783   24.3512
    7.5000   45.0000  -37.5000 2135.7112   24.8461
   -7.5000   52.5000  -37.5000 2076.3923   25.5310
    0.0000   52.5000  -37.5000 2084.5674   25.6588
    7.5000   52.5000  -37.5000 2060.4634   26.2322
   -7.5000  -37.5000  -30.0000 1746.9834   40.9343
    0.0000  -37.5000  -30.0000 1745.9056   40.7708
    7.5000  -37.5000  -30.0000 1742.5598   41.2072
   -7.5000  -30.0000  -30.0000 1864.4509   35.2225
    0.0000  -30.0000  -30.0000 1876.6533   35.3584
    7.5000  -30.0000  -30.0000 1870.3718   35.7407
   -7.5000  -22.5000  -30.0000 1993.1471   31.0330
    0.0000  -22.5000  -30.0000 1998.4766   31.0932
    7.5000  -22.5000  -30.0000 1995.1565   31.4563
   -7.5000  -15.0000  -30.0000 2112.5437   27.8648
    0.0000  -15.0000  -30.0000 2118.8901   28.0696
    7.5000  -15.0000  -30.0000 2104.1016   28.3207
   -7.5000   -7.5000  -30.0000 2226.9944   25.5381
    0.0000   -7.5000  -30.0000 2230.6729   25.7212
    7.5000   -7.5000  -30.0000 2209.7178   26.0243
   -7.5000    0.0000  -30.0000 2303.4004   23.8662
    0.0000    0.0000  -30.0000 2307.3884   24.0089
    7.5000    0.0000  -30.0000 2285.4255   24.2820
   -7.5000    7.5000  -30.0000 2358.3477   22.6098
    0.0000    7.5000  -30.0000 2367.1633   22.7821
    7.5000    7.5000  -30.0000 2338.0540   23.0357
   -7.5000   15.0000  -30.0000 2383.8823   21.8137
    0.0000   15.0000  -30.0000 2393.3052   21.9522
    7.5000   15.0000  -30.0000 2369.4038   22.2435
   -7.5000   22.5000  -30.0000 2385.2188   21.4427
    0.0000   22.5000  -30.0000 2396.4275   21.5756
    7.5000   22.5000  -30.0000 2373.0107   21.8853
   -7.5000   30.0000  -30.0000 2362.4690   21.4980
    0.0000   30.0000  -30.0000 2373.7009   21.6642
    7.5000   30.0000  -30.0000 2354.6646   21.9727
   -7.5000   37.5000  -30.0000 2334.8936   21.9443
    0.0000   37.5000  -30.0000 2348.4417   22.0445
    7.5000   37.5000  -30.0000 2327.3938   22.4372
   -7.5000   45.0000  -30.0000 2293.3989   22.8140
    0.0000   45.0000  -30.0000 2300.6211   22.9147
    7.5000   45.0000  -30.0000 2285.0303   23.3389
   -7.5000   52.5000  -30.0000 2215.9265   24.0887
    0.0000   52.5000  -30.0000 2224.6917   24.1795
    7.5000   52.5000  -30.0000 2206.1489   24.6550
   -7.5000  -37.5000  -22.5000 1812.6132   38.4503
    0.0000  -37.5000  -22.5000 1825.2891   38.5071
    7.5000  -37.5000  -22.5000 1824.7782   38.9023
   -7.5000  -30.0000  -22.5000 1946.6554   33.0976
    0.0000  -30.0000  -22.5000 1959.7394   33.1606
    7.5000  -30.0000  -22.5000 1958.6533   33.5770
   -7.5000  -22.5000  -22.5000 2085.3198   29.1305
    0.0000  -22.5000  -22.5000 2097.5715   29.3086
    7.5000  -22.5000  -22.5000 2087.9436   29.5122
   -7.5000  -15.0000  -22.5000 2216.4109   26.2388
    0.0000  -15.0000  -22.5000 2222.5850   26.3770
    7.5000  -15.0000  -22.5000 2207.4358   26.5832
   -7.5000   -7.5000  -22.5000 2335.7280   24.0070
    0.0000   -7.5000  -22.5000 2340.4817   24.1565
    7.5000   -7.5000  -22.5000 2316.8533   24.3811
   -7.5000    0.0000  -22.5000 2419.4719   22.3044
    0.0000    0.0000  -22.5000 2420.5710   22.4872
    7.5000    0.0000  -22.5000 2398.8594   22.7029
   -7.5000    7.5000  -22.5000 2481.4919   21.0982
    0.0000    7.5000  -22.5000 2487.2915   21.2657
    7.5000    7.5000  -22.5000 2460.3403   21.5395
   -7.5000   15.0000  -22.5000 2510.3203   20.2834
    0.0000   15.0000  -22.5000 2524.4939   20.4616
    7.5000   15.0000  -22.5000 2494.9492   20.7514
   -7.5000   22.5000  -22.5000 2519.6165   19.9851
    0.0000   22.5000  -22.5000 2531.1370   20.0987
    7.5000   22.5000  -22.5000 2505.4014   20.4344
   -7.5000   30.0000  -22.5000 2501.5991   20.0999
    0.0000   30.0000  -22.5000 2514.1917   20.2351
    7.5000   30.0000  -22.5000 2491.3948   20.5551
   -7.5000   37.5000  -22.5000 2471.2747   20.5570
    0.0000   37.5000  -22.5000 2486.2117   20.6114
    7.5000   37.5000  -22.5000 2462.1575   20.9469
   -7.5000   45.0000  -22.5000 2425.7380   21.3596
    0.0000   45.0000  -22.5000 2438.0874   21.4333
    7.5000   45.0000  -22.5000 2416.1973   21.7763
   -7.5000   52.5000  -22.5000 2336.2168   22.5773
    0.0000   52.5000  -22.5000 2349.3477   22.6409
    7.5000   52.5000  -22.5000 2328.0110   23.0347
   -7.5000  -37.5000  -15.0000 1863.0499   36.1108
    0.0000  -37.5000  -15.0000 1873.3795   36.1375
    7.5000  -37.5000  -15.0000 1873.6208   36.7640
   -7.5000  -30.0000  -15.0000 2004.3522   31.0350
    0.0000  -30.0000  -15.0000 2017.8434   31.1132
    7.5000  -30.0000  -15.0000 2013.6691   31.6436
   -7.5000  -22.5000  -15.0000 2155.4985   27.3448
    0.0000  -22.5000  -15.0000 2167.3376   27.4730
    7.5000  -22.5000  -15.0000 2153.5188   27.7836
   -7.5000  -15.0000  -15.0000 2290.1453   24.5280
    0.0000  -15.0000  -15.0000 2295.5356   24.6402
    7.5000  -15.0000  -15.0000 2276.4136   24.9258
   -7.5000   -7.5000  -15.0000 2410.3047   22.3729
    0.0000   -7.5000  -15.0000 2414.7568   22.5374
    7.5000   -7.5000  -15.0000 2391.6926   22.7480
   -7.5000    0.0000  -15.0000 2502.2461   20.7906
    0.0000    0.0000  -15.0000 2507.1814   20.9400
    7.5000    0.0000  -15.0000 2485.6067   21.1694
   -7.5000    7.5000  -15.0000 2568.9707   19.6673
    0.0000    7.5000  -15.0000 2578.3059   19.7711
    7.5000    7.5000  -15.0000 2554.9177   20.0794
   -7.5000   15.0000  -15.0000 2610.8481   18.9131
    0.0000   15.0000  -15.0000 2624.4807   19.0447
    7.5000   15.0000  -15.0000 2599.5771   19.3800
   -7.5000   22.5000  -15.0000 2633.5369   18.6049
    0.0000   22.5000  -15.0000 2643.4858   18.7046
    7.5000   22.5000  -15.0000 2616.2471   19.0725
   -7.5000   30.0000  -15.0000 2624.2192   18.7022
    0.0000   30.0000  -15.0000 2634.4775   18.8261
    7.5000   30.0000  -15.0000 2607.7424   19.1598
   -7.5000   37.5000  -15.0000 2592.5781   19.1733
    0.0000   37.5000  -15.0000 2605.8889   19.2411
    7.5000   37.5000  -15.0000 2576.6257   19.5305
   -7.5000   45.0000  -15.0000 2539.5713   20.0125
    0.0000   45.0000  -15.0000 2553.2717   20.0399
    7.5000   45.0000  -15.0000 2519.0957   20.3397
   -7.5000   52.5000  -15.0000 2437.8035   21.1581
    0.0000   52.5000  -15.0000 2453.0176   21.2247
    7.5000   52.5000  -15.0000 2423.1604   21.5507
   -7.5000  -37.5000   -7.5000 1906.1541   34.0272
    0.0000  -37.5000   -7.5000 1919.2526   34.1013
    7.5000  -37.5000   -7.5000 1920.6691   34.8076
   -7.5000  -30.0000   -7.5000 2057.2778   29.2775
    0.0000  -30.0000   -7.5000 2071.3623   29.3811
    7.5000  -30.0000   -7.5000 2066.7361   29.8954
   -7.5000  -22.5000   -7.5000 2211.7329   25.7276
    0.0000  -22.5000   -7.5000 2222.2358   25.8276
    7.5000  -22.5000   -7.5000 2207.3726   26.2264
   -7.5000  -15.0000   -7.5000 2342.9592   22.9433
    0.0000  -15.0000   -7.5000 2353.9451   23.0890
    7.5000  -15.0000   -7.5000 2331.0801   23.4536
   -7.5000   -7.5000   -7.5000 2466.8706   20.8427
    0.0000   -7.5000   -7.5000 2479.0891   21.0168
    7.5000   -7.5000   -7.5000 2454.7158   21.3361
   -7.5000    0.0000   -7.5000 2568.4475   19.3233
    0.0000    0.0000   -7.5000 2582.1528   19.4871
    7.5000    0.0000   -7.5000 2559.0691   19.7904
   -7.5000    7.5000   -7.5000 2645.9622   18.3125
    0.0000    7.5000   -7.5000 2661.4321   18.4471
    7.5000    7.5000   -7.5000 2638.3545   18.7948
   -7.5000   15.0000   -7.5000 2699.8528   17.6556
    0.0000   15.0000   -7.5000 2720.1516   17.7860
    7.5000   15.0000   -7.5000 2687.1536   18.1258
   -7.5000   22.5000   -7.5000 2727.7454   17.3283
    0.0000   22.5000   -7.5000 2743.2861   17.4616
    7.5000   22.5000   -7.5000 2711.8811   17.8253
   -7.5000   30.0000   -7.5000 2719.4861   17.4361
    0.0000   30.0000   -7.5000 2737.8835   17.5350
    7.5000   30.0000   -7.5000 2706.3208   17.8577
   -7.5000   37.5000   -7.5000 2697.9946   17.8532
    0.0000   37.5000   -7.5000 2712.5010   17.9342
    7.5000   37.5000   -7.5000 2674.1113   18.2294
   -7.5000   45.0000   -7.5000 2640.9092   18.7361
    0.0000   45.0000   -7.5000 2655.9253   18.8117
    7.5000   45.0000   -7.5000 2615.3613   19.1097
   -7.5000   52.5000   -7.5000 2527.9136   19.9148
    0.0000   52.5000   -7.5000 2541.0632   19.9432
    7.5000   52.5000   -7.5000 2509.4539   20.2516
   -7.5000  -37.5000    0.0000 1943.7616   32.4447
    0.0000  -37.5000    0.0000 1962.1099   32.6257
    7.5000  -37.5000    0.0000 1958.1897   33.3554
   -7.5000  -30.0000    0.0000 2099.0842   27.9516
    0.0000  -30.0000    0.0000 2121.2451   28.1347
    7.5000  -30.0000    0.0000 2110.4915   28.6252
   -7.5000  -22.5000    0.0000 2245.3018   24.4669
    0.0000  -22.5000    0.0000 2265.1033   24.5733
    7.5000  -22.5000    0.0000 2250.0955   25.0551
   -7.5000  -15.0000    0.0000 2376.8008   21.7047
    0.0000  -15.0000    0.0000 2394.6245   21.9046
    7.5000  -15.0000    0.0000 2379.3018   22.3101
   -7.5000   -7.5000    0.0000 2506.3184   19.6835
    0.0000   -7.5000    0.0000 2522.8127   19.8398
    7.5000   -7.5000    0.0000 2510.6409   20.2431
   -7.5000    0.0000    0.0000 2619.2527   18.2093
    0.0000    0.0000    0.0000 2640.7083   18.3471
    7.5000    0.0000    0.0000 2616.7842   18.7128
   -7.5000    7.5000    0.0000 2709.0286   17.2086
    0.0000    7.5000    0.0000 2735.1252   17.3573
    7.5000    7.5000    0.0000 2706.5393   17.7040
   -7.5000   15.0000    0.0000 2776.1133   16.5848
    0.0000   15.0000    0.0000 2802.9578   16.7423
    7.5000   15.0000    0.0000 2765.1418   17.0877
   -7.5000   22.5000    0.0000 2812.3105   16.2766
    0.0000   22.5000    0.0000 2831.5903   16.4284
    7.5000   22.5000    0.0000 2797.0205   16.7763
   -7.5000   30.0000    0.0000 2808.0364   16.3920
    0.0000   30.0000    0.0000 2829.9231   16.5050
    7.5000   30.0000    0.0000 2795.2964   16.7989
   -7.5000   37.5000    0.0000 2787.0303   16.7835
    0.0000   37.5000    0.0000 2801.8970   16.8813
    7.5000   37.5000    0.0000 2766.3059   17.1813
   -7.5000   45.0000    0.0000 2719.8521   17.7246
    0.0000   45.0000    0.0000 2735.2983   17.7133
    7.5000   45.0000    0.0000 2701.6682   18.0591
   -7.5000   52.5000    0.0000 2597.1858   18.9291
    0.0000   52.5000    0.0000 2610.2468   18.9302
    7.5000   52.5000    0.0000 2579.2336   19.2386
   -7.5000  -37.5000    7.5000 1975.3153   31.4056
    0.0000  -37.5000    7.5000 1996.5175   31.5653
    7.5000  -37.5000    7.5000 1990.7500   32.2409
   -7.5000  -30.0000    7.5000 2128.7239   26.9886
    0.0000  -30.0000    7.5000 2152.0854   27.0799
    7.5000  -30.0000    7.5000 2139.7246   27.5986
   -7.5000  -22.5000    7.5000 2267.9871   23.4589
    0.0000  -22.5000    7.5000 2293.3640   23.6252
    7.5000  -22.5000    7.5000 2283.2866   24.1195
   -7.5000  -15.0000    7.5000 2401.6814   20.8015
    0.0000  -15.0000    7.5000 2426.5823   20.9883
    7.5000  -15.0000    7.5000 2418.8896   21.4803
   -7.5000   -7.5000    7.5000 2539.7249   18.8277
    0.0000   -7.5000    7.5000 2558.3889   18.9672
    7.5000   -7.5000    7.5000 2550.1279   19.4206
   -7.5000    0.0000    7.5000 2652.4460   17.3582
    0.0000    0.0000    7.5000 2678.7683   17.5029
    7.5000    0.0000    7.5000 2661.2795   17.8787
   -7.5000    7.5000    7.5000 2753.6721   16.3864
    0.0000    7.5000    7.5000 2787.7517   16.5236
    7.5000    7.5000    7.5000 2763.5916   16.8876
   -7.5000   15.0000    7.5000 2841.5508   15.8195
    0.0000   15.0000    7.5000 2877.0430   15.9375
    7.5000   15.0000    7.5000 2834.6738   16.3116
   -7.5000   22.5000    7.5000 2889.3462   15.4620
    0.0000   22.5000    7.5000 2916.0920   15.6217
    7.5000   22.5000    7.5000 2873.8486   15.9825
   -7.5000   30.0000    7.5000 2886.0317   15.5327
    0.0000   30.0000    7.5000 2910.8499   15.6004
    7.5000   30.0000    7.5000 2870.5886   15.9587
   -7.5000   37.5000    7.5000 2854.4241   16.0449
    0.0000   37.5000    7.5000 2873.4360   16.0256
    7.5000   37.5000    7.5000 2835.6753   16.3933
   -7.5000   45.0000    7.5000 2779.5327   16.9664
    0.0000   45.0000    7.5000 2795.9001   16.9393
    7.5000   45.0000    7.5000 2765.1519   17.3086
   -7.5000   52.5000    7.5000 2649.1912   18.1706
    0.0000   52.5000    7.5000 2664.0491   18.2082
    7.5000   52.5000    7.5000 2632.4500   18.5825
   -7.5000  -37.5000   15.0000 1989.1853   30.8461
    0.0000  -37.5000   15.0000 2011.2260   30.9706
    7.5000  -37.5000   15.0000 1999.4850   31.6845
   -7.5000  -30.0000   15.0000 2144.7078   26.3984
    0.0000  -30.0000   15.0000 2170.4741   26.4856
    7.5000  -30.0000   15.0000 2157.7427   27.1292
   -7.5000  -22.5000   15.0000 2295.0278   22.9335
    0.0000  -22.5000   15.0000 2313.7759   22.9336
    7.5000  -22.5000   15.0000 2308.3906   23.6428
   -7.5000  -15.0000   15.0000 2427.6204   20.2714
    0.0000  -15.0000   15.0000 2446.2136   20.2813
    7.5000  -15.0000   15.0000 2446.7686   20.9216
   -7.5000   -7.5000   15.0000 2559.2708   18.2864
    0.0000   -7.5000   15.0000 2578.4524   18.3191
    7.5000   -7.5000   15.0000 2577.5103   18.8403
   -7.5000    0.0000   15.0000 2670.4680   16.8241
    0.0000    0.0000   15.0000 2696.4065   16.8406
    7.5000    0.0000   15.0000 2691.6326   17.3284
   -7.5000    7.5000   15.0000 2780.4497   15.8935
    0.0000    7.5000   15.0000 2813.8354   15.9246
    7.5000    7.5000   15.0000 2796.7170   16.3583
   -7.5000   15.0000   15.0000 2875.2029   15.3556
    0.0000   15.0000   15.0000 2921.4780   15.4565
    7.5000   15.0000   15.0000 2879.3560   15.8269
   -7.5000   22.5000   15.0000 2936.1650   14.9677
    0.0000   22.5000   15.0000 2975.8501   14.9571
    7.5000   22.5000   15.0000 2922.2297   15.5549
   -7.5000   30.0000   15.0000 2943.8755   15.0603
    0.0000   30.0000   15.0000 2963.9187   14.8912
    7.5000   30.0000   15.0000 2913.1438   15.4619
   -7.5000   37.5000   15.0000 2899.4810   15.6456
    0.0000   37.5000   15.0000 2914.1641   15.5275
    7.5000   37.5000   15.0000 2878.2209   15.9420
   -7.5000   45.0000   15.0000 2813.3010   16.5803
    0.0000   45.0000   15.0000 2828.2258   16.5218
    7.5000   45.0000   15.0000 2795.1904   16.9320
   -7.5000   52.5000   15.0000 2669.2222   17.7745
    0.0000   52.5000   15.0000 2684.0164   17.7834
    7.5000   52.5000   15.0000 2656.3621   18.1547
   -7.5000  -37.5000   22.5000 1989.2632   30.5472
    0.0000  -37.5000   22.5000 2004.8173   30.5907
    7.5000  -37.5000   22.5000 2004.5983   31.4117
   -7.5000  -30.0000   22.5000 2151.5496   26.0521
    0.0000  -30.0000   22.5000 2163.7563   26.0282
    7.5000  -30.0000   22.5000 2160.4097   26.7552
   -7.5000  -22.5000   22.5000 2303.5215   22.6033
    0.0000  -22.5000   22.5000 2313.1958   22.5921
    7.5000  -22.5000   22.5000 2316.3750   23.3230
   -7.5000  -15.0000   22.5000 2435.6064   20.0105
    0.0000  -15.0000   22.5000 2451.9373   19.9762
    7.5000  -15.0000   22.5000 2458.2080   20.6842
   -7.5000   -7.5000   22.5000 2570.0190   18.0428
    0.0000   -7.5000   22.5000 2582.8774   17.9589
    7.5000   -7.5000   22.5000 2591.5408   18.5953
   -7.5000    0.0000   22.5000 2685.4058   16.5604
    0.0000    0.0000   22.5000 2699.7542   16.4250
    7.5000    0.0000   22.5000 2706.3708   17.0596
   -7.5000    7.5000   22.5000 2795.3787   15.5785
    0.0000    7.5000   22.5000 2815.8899   15.4584
    7.5000    7.5000   22.5000 2809.9424   16.0454
   -7.5000   15.0000   22.5000 2881.8259   15.0582
    0.0000   15.0000   22.5000 2916.2012   14.9667
    7.5000   15.0000   22.5000 2887.8247   15.4935
   -7.5000   22.5000   22.5000 2942.9963   14.8668
    0.0000   22.5000   22.5000 2969.6772   14.6477
    7.5000   22.5000   22.5000 2930.9705   15.2753
   -7.5000   30.0000   22.5000 2955.4797   15.0351
    0.0000   30.0000   22.5000 2980.9819   14.8727
    7.5000   30.0000   22.5000 2929.8604   15.3604
   -7.5000   37.5000   22.5000 2916.0347   15.5911
    0.0000   37.5000   22.5000 2935.5034   15.5190
    7.5000   37.5000   22.5000 2887.3503   15.8789
   -7.5000   45.0000   22.5000 2817.4028   16.4810
    0.0000   45.0000   22.5000 2832.9060   16.4490
    7.5000   45.0000   22.5000 2796.5979   16.7762
   -7.5000   52.5000   22.5000 2663.7380   17.5911
    0.0000   52.5000   22.5000 2676.7939   17.5911
    7.5000   52.5000   22.5000 2654.9102   17.9368
   -7.5000  -37.5000   30.0000 1979.0098   30.5911
    0.0000  -37.5000   30.0000 1983.9110   30.5969
    7.5000  -37.5000   30.0000 1990.6979   31.4261
   -7.5000  -30.0000   30.0000 2142.5649   26.1186
    0.0000  -30.0000   30.0000 2150.5425   26.0457
    7.5000  -30.0000   30.0000 2153.5530   26.8601
   -7.5000  -22.5000   30.0000 2301.4297   22.7057
    0.0000  -22.5000   30.0000 2308.5044   22.5271
    7.5000  -22.5000   30.0000 2311.6897   23.3613
   -7.5000  -15.0000   30.0000 2442.1089   20.1274
    0.0000  -15.0000   30.0000 2450.0708   19.9269
    7.5000  -15.0000   30.0000 2453.7649   20.7048
   -7.5000   -7.5000   30.0000 2572.2932   18.1663
    0.0000   -7.5000   30.0000 2580.1292   17.9450
    7.5000   -7.5000   30.0000 2585.9678   18.6059
   -7.5000    0.0000   30.0000 2683.1843   16.7218
    0.0000    0.0000   30.0000 2696.1594   16.5393
    7.5000    0.0000   30.0000 2700.3091   17.1489
   -7.5000    7.5000   30.0000 2791.0259   15.7678
    0.0000    7.5000   30.0000 2802.7783   15.6386
    7.5000    7.5000   30.0000 2799.6589   16.1387
   -7.5000   15.0000   30.0000 2864.9363   15.2047
    0.0000   15.0000   30.0000 2894.4004   15.1099
    7.5000   15.0000   30.0000 2867.3101   15.5946
   -7.5000   22.5000   30.0000 2917.8103   14.9973
    0.0000   22.5000   30.0000 2946.5862   14.9745
    7.5000   22.5000   30.0000 2908.8201   15.4304
   -7.5000   30.0000   30.0000 2923.5903   15.2788
    0.0000   30.0000   30.0000 2956.1624   15.2818
    7.5000   30.0000   30.0000 2910.1589   15.5976
   -7.5000   37.5000   30.0000 2882.0974   15.8639
    0.0000   37.5000   30.0000 2902.1013   15.8840
    7.5000   37.5000   30.0000 2863.6931   16.1405
   -7.5000   45.0000   30.0000 2787.4375   16.7657
    0.0000   45.0000   30.0000 2797.4734   16.7929
    7.5000   45.0000   30.0000 2772.4524   17.0604
   -7.5000   52.5000   30.0000 2639.5371   17.8451
    0.0000   52.5000   30.0000 2650.4521   17.8762
    7.5000   52.5000   30.0000 2628.2124   18.2074
   -7.5000  -37.5000   37.5000 1960.6490   30.7909
    0.0000  -37.5000   37.5000 1969.1230   30.7235
    7.5000  -37.5000   37.5000 1971.0172   31.6056
   -7.5000  -30.0000   37.5000 2123.7876   26.3515
    0.0000  -30.0000   37.5000 2132.0449   26.2230
    7.5000  -30.0000   37.5000 2135.6182   27.0589
   -7.5000  -22.5000   37.5000 2287.9827   23.0289
    0.0000  -22.5000   37.5000 2292.1611   22.8418
    7.5000  -22.5000   37.5000 2294.7764   23.5839
   -7.5000  -15.0000   37.5000 2433.0583   20.5062
    0.0000  -15.0000   37.5000 2438.7720   20.3240
    7.5000  -15.0000   37.5000 2436.3010   21.0073
   -7.5000   -7.5000   37.5000 2561.7402   18.6060
    0.0000   -7.5000   37.5000 2573.9792   18.3851
    7.5000   -7.5000   37.5000 2566.6877   19.0166
   -7.5000    0.0000   37.5000 2674.1602   17.2475
    0.0000    0.0000   37.5000 2683.1763   17.0302
    7.5000    0.0000   37.5000 2674.6685   17.5812
   -7.5000    7.5000   37.5000 2774.6775   16.3003
    0.0000    7.5000   37.5000 2779.6240   16.0896
    7.5000    7.5000   37.5000 2768.9978   16.6041
   -7.5000   15.0000   37.5000 2835.4443   15.6915
    0.0000   15.0000   37.5000 2858.6018   15.5399
    7.5000   15.0000   37.5000 2837.2566   16.0577
   -7.5000   22.5000   37.5000 2871.0649   15.4587
    0.0000   22.5000   37.5000 2892.6709   15.3986
    7.5000   22.5000   37.5000 2868.3276   15.8631
   -7.5000   30.0000   37.5000 2866.6016   15.7004
    0.0000   30.0000   37.5000 2891.7842   15.6544
    7.5000   30.0000   37.5000 2858.2053   16.0501
   -7.5000   37.5000   37.5000 2823.2085   16.2960
    0.0000   37.5000   37.5000 2837.4216   16.2780
    7.5000   37.5000   37.5000 2811.8096   16.6141
   -7.5000   45.0000   37.5000 2730.4995   17.2513
    0.0000   45.0000   37.5000 2740.6995   17.2433
    7.5000   45.0000   37.5000 2719.7451   17.5463
   -7.5000   52.5000   37.5000 2593.6331   18.3965
    0.0000   52.5000   37.5000 2603.2893   18.4133
    7.5000   52.5000   37.5000 2580.2581   18.7179
   -7.5000  -37.5000   45.0000 1931.5461   31.4259
    0.0000  -37.5000   45.0000 1937.8790   31.1478
    7.5000  -37.5000   45.0000 1939.5653   32.0968
   -7.5000  -30.0000   45.0000 2093.8882   26.9697
    0.0000  -30.0000   45.0000 2105.0264   26.7425
    7.5000  -30.0000   45.0000 2105.5833   27.5074
   -7.5000  -22.5000   45.0000 2257.7036   23.7235
    0.0000  -22.5000   45.0000 2266.2649   23.4356
    7.5000  -22.5000   45.0000 2263.0745   24.0933
   -7.5000  -15.0000   45.0000 2400.4521   21.2249
    0.0000  -15.0000   45.0000 2410.8276   21.0085
    7.5000  -15.0000   45.0000 2399.4153   21.5600
   -7.5000   -7.5000   45.0000 2531.8264   19.3209
    0.0000   -7.5000   45.0000 2545.2959   19.0797
    7.5000   -7.5000   45.0000 2529.0300   19.6305
   -7.5000    0.0000   45.0000 2638.1055   17.9251
    0.0000    0.0000   45.0000 2649.2310   17.6768
    7.5000    0.0000   45.0000 2631.9792   18.2013
   -7.5000    7.5000   45.0000 2726.1113   16.9711
    0.0000    7.5000   45.0000 2738.8555   16.7217
    7.5000    7.5000   45.0000 2720.9697   17.2529
   -7.5000   15.0000   45.0000 2782.7112   16.3425
    0.0000   15.0000   45.0000 2802.0195   16.1746
    7.5000   15.0000   45.0000 2780.9382   16.7016
   -7.5000   22.5000   45.0000 2805.8645   16.1200
    0.0000   22.5000   45.0000 2821.2542   16.0284
    7.5000   22.5000   45.0000 2807.7854   16.5264
   -7.5000   30.0000   45.0000 2787.3843   16.3332
    0.0000   30.0000   45.0000 2806.3521   16.2626
    7.5000   30.0000   45.0000 2790.3213   16.6791
   -7.5000   37.5000   45.0000 2736.6316   16.8950
    0.0000   37.5000   45.0000 2752.1245   16.8646
    7.5000   37.5000   45.0000 2735.4780   17.2447
   -7.5000   45.0000   45.0000 2653.4343   17.8787
    0.0000   45.0000   45.0000 2665.1763   17.8453
    7.5000   45.0000   45.0000 2646.1943   18.1978
   -7.5000   52.5000   45.0000 2525.3716   19.0310
    0.0000   52.5000   45.0000 2539.9460   19.0493
    7.5000   52.5000   45.0000 2519.6321   19.3698

---------------------------------------------------------------------
imgreg_4dfp /opt/freesurfer/average/711-2C_as_mni_average_305 /opt/freesurfer/average/711-2B_as_mni_average_305_mask talsrcimg_g11 none talsrcimg_to_711-2C_as_mni_average_305_t4 1283
---------------------------------------------------------------------

freesurfer imgreg_4dfp.c
/opt/freesurfer/average/711-2C_as_mni_average_305.4dfp.img
       256       256       256         1
  1.000000  1.000000  1.000000
orientation T byte_order littleendian
Reading image: /opt/freesurfer/average/711-2C_as_mni_average_305.4dfp.img
dimensions:      256       256       256
mmppix:       1.0000   -1.0000   -1.0000
center:     128.0000 -129.0000 -129.0000
/opt/freesurfer/average/711-2B_as_mni_average_305_mask.4dfp.img
       256       256       256         1
  1.000000  1.000000  1.000000
orientation T byte_order littleendian
Reading mask: /opt/freesurfer/average/711-2B_as_mni_average_305_mask.4dfp.img (2306576 pixels)
talsrcimg_g11.4dfp.img
       256       256       256         1
  1.000000  1.000000  1.000000
orientation T byte_order littleendian
Reading image: talsrcimg_g11.4dfp.img
dimensions:      256       256       256
mmppix:       1.0000   -1.0000   -1.0000
center:     128.0000 -129.0000 -129.0000
rotation matrix determinant  1.000000
fimgreg.f
image alignment mode   1283 decimal      503 hex
parameters
    0.0000   30.0000   22.5000    0.0000    0.0000    0.0000
eta,q 0.93735 14.84997
niter,ni,del,rscale     5    3   12.0000    1.2000
parameter  5  0.824496 ->  0.500000 qaram    1.1500
parameter  6  1.076483 ->  0.500000 qaram    1.1500
parameters
   -1.4697   29.1714   21.1491    0.1949   -3.4500   -3.4500
eta,q 0.94173 14.57396
  0.0688  0.0684  0.0664  0.0669  0.0622  0.0589
  0.0657  0.0663  0.0651  0.0660  0.0616  0.0583
  0.0637  0.0648  0.0637  0.0650  0.0621  0.0590
  0.0646  0.0631  0.0635  0.0636  0.0634  0.0616
  0.0673  0.0645  0.0658  0.0632  0.0663  0.0652
  0.0710  0.0686  0.0680  0.0649  0.0691  0.0686
  0.0756  0.0734  0.0686  0.0675  0.0712  0.0708
niter,ni,del,rscale     6    3   12.0000    1.2000
parameters
   -0.3287   28.5435   20.1401    1.0977   -5.3903   -4.5564
eta,q 0.94263 14.63428
  0.0714  0.0638  0.0623  0.0636  0.0617  0.0606
  0.0655  0.0618  0.0592  0.0613  0.0584  0.0592
  0.0610  0.0593  0.0582  0.0591  0.0572  0.0578
  0.0583  0.0576  0.0580  0.0581  0.0583  0.0573
  0.0577  0.0586  0.0588  0.0589  0.0606  0.0583
  0.0597  0.0634  0.0630  0.0601  0.0645  0.0608
  0.0648  0.0685  0.0666  0.0608  0.0687  0.0645
niter,ni,del,rscale     5    3   12.0000    1.2000
parameter  4 -0.552976 -> -0.500000 qaram    1.1500
parameters
    0.8357   26.4328   19.1212    4.5477   -7.0262   -4.4779
eta,q 0.94507 14.67332
  0.0691  0.0584  0.0613  0.0612  0.0590  0.0585
  0.0657  0.0569  0.0577  0.0599  0.0565  0.0559
  0.0615  0.0559  0.0559  0.0576  0.0550  0.0547
  0.0574  0.0566  0.0559  0.0555  0.0553  0.0549
  0.0567  0.0587  0.0581  0.0549  0.0572  0.0554
  0.0590  0.0623  0.0613  0.0554  0.0612  0.0558
  0.0644  0.0665  0.0663  0.0558  0.0656  0.0581
niter,ni,del,rscale     5    3   12.0000    1.2000
parameter  2  0.552449 ->  0.500000 qaram    1.1500
parameters
    0.5739   22.9828   19.4452    6.0513   -6.6532   -5.5159
eta,q 0.94903 14.56536
  0.0660  0.0551  0.0604  0.0630  0.0598  0.0567
  0.0615  0.0516  0.0555  0.0594  0.0570  0.0535
  0.0570  0.0516  0.0519  0.0546  0.0537  0.0514
  0.0549  0.0549  0.0511  0.0511  0.0513  0.0511
  0.0571  0.0585  0.0511  0.0521  0.0516  0.0530
  0.0620  0.0614  0.0533  0.0545  0.0549  0.0568
  0.0688  0.0651  0.0591  0.0565  0.0592  0.0613
niter,ni,del,rscale     5    3   12.0000    1.2000
parameters
    0.4806   23.2147   19.4825    6.2434   -6.8316   -5.7063
eta,q 0.94873 14.58025
  0.0643  0.0633  0.0590  0.0605  0.0590  0.0582
  0.0585  0.0583  0.0541  0.0556  0.0559  0.0547
  0.0533  0.0534  0.0514  0.0514  0.0530  0.0522
  0.0510  0.0510  0.0510  0.0510  0.0512  0.0513
  0.0532  0.0526  0.0511  0.0534  0.0520  0.0523
  0.0586  0.0566  0.0537  0.0556  0.0561  0.0551
  0.0656  0.0623  0.0591  0.0584  0.0605  0.0592
niter,ni,del,rscale     4    3   12.0000    1.2000
parameters
    0.4799   23.2171   19.4980    6.2894   -6.9055   -5.7357
eta,q 0.94866 14.58598
  0.0645  0.0626  0.0590  0.0601  0.0591  0.0585
  0.0588  0.0578  0.0542  0.0551  0.0561  0.0549
  0.0537  0.0529  0.0516  0.0512  0.0532  0.0524
  0.0513  0.0513  0.0513  0.0513  0.0513  0.0513
  0.0532  0.0529  0.0512  0.0535  0.0518  0.0522
  0.0584  0.0570  0.0539  0.0557  0.0558  0.0549
  0.0650  0.0631  0.0592  0.0586  0.0603  0.0588
niter,ni,del,rscale     3    3   12.0000    1.2000
parameters
    0.4904   23.2138   19.5083    6.3016   -6.9258   -5.7411
eta,q 0.94865 14.58776
  0.0645  0.0625  0.0590  0.0600  0.0592  0.0586
  0.0589  0.0578  0.0542  0.0550  0.0561  0.0549
  0.0537  0.0529  0.0517  0.0512  0.0533  0.0524
  0.0513  0.0513  0.0513  0.0513  0.0513  0.0514
  0.0532  0.0529  0.0513  0.0535  0.0518  0.0522
  0.0584  0.0570  0.0539  0.0557  0.0556  0.0548
  0.0649  0.0631  0.0593  0.0586  0.0602  0.0588
registration optimization eta report
parameter search radius
    6.0000    6.9000    6.0000    6.9000    6.9000    6.9000
100000*second partial in parameter space
       36.       24.       23.       17.       17.       15.
  0.0645  0.0625  0.0590  0.0600  0.0592  0.0586
  0.0589  0.0578  0.0542  0.0550  0.0561  0.0549
  0.0537  0.0529  0.0517  0.0512  0.0533  0.0524
  0.0513  0.0513  0.0513  0.0513  0.0513  0.0514
  0.0532  0.0529  0.0513  0.0535  0.0518  0.0522
  0.0584  0.0570  0.0539  0.0557  0.0556  0.0548
  0.0649  0.0631  0.0593  0.0586  0.0602  0.0588
    0.4904   23.2138   19.5083    6.3016   -6.9258   -5.7411
eta,q 0.94865 14.58776

---------------------------------------------------------------------
imgreg_4dfp /opt/freesurfer/average/711-2C_as_mni_average_305 /opt/freesurfer/average/711-2B_as_mni_average_305_mask talsrcimg_g11 none talsrcimg_to_711-2C_as_mni_average_305_t4 3335
---------------------------------------------------------------------

freesurfer imgreg_4dfp.c
/opt/freesurfer/average/711-2C_as_mni_average_305.4dfp.img
       256       256       256         1
  1.000000  1.000000  1.000000
orientation T byte_order littleendian
Reading image: /opt/freesurfer/average/711-2C_as_mni_average_305.4dfp.img
dimensions:      256       256       256
mmppix:       1.0000   -1.0000   -1.0000
center:     128.0000 -129.0000 -129.0000
/opt/freesurfer/average/711-2B_as_mni_average_305_mask.4dfp.img
       256       256       256         1
  1.000000  1.000000  1.000000
orientation T byte_order littleendian
Reading mask: /opt/freesurfer/average/711-2B_as_mni_average_305_mask.4dfp.img (2306576 pixels)
talsrcimg_g11.4dfp.img
       256       256       256         1
  1.000000  1.000000  1.000000
orientation T byte_order littleendian
Reading image: talsrcimg_g11.4dfp.img
dimensions:      256       256       256
mmppix:       1.0000   -1.0000   -1.0000
center:     128.0000 -129.0000 -129.0000
fimgreg.f
image alignment mode   3335 decimal      D07 hex
parameters
    0.4904   23.2138   19.5083   -1.2276   -1.2352   -1.3295
   11.2599   10.8274   -9.9304  -12.1202  -12.0584   10.8962
eta,q 0.94801 14.54163
niter,ni,del,rscale     5    3    5.0000    1.2000
parameter  4  3.737804 ->  0.500000 qaram    1.1500
parameter  5  7.457550 ->  0.500000 qaram    1.1500
parameter  6  1.452784 ->  0.500000 qaram    1.1500
parameter 12  0.768288 ->  0.500000 qaram    1.1500
parameters
    0.7301   22.8928   19.2756   -5.3676   -5.3752   -5.4695
    7.8367    9.2143   -6.6366  -14.0300  -10.6857    6.7562
eta,q 0.96797 14.28585
  0.0543  0.0529  0.0528  0.0437  0.0373  0.0344  0.0354  0.0382  0.0374  0.0358  0.0369  0.0321
  0.0531  0.0522  0.0522  0.0455  0.0398  0.0348  0.0347  0.0355  0.0360  0.0341  0.0352  0.0320
  0.0523  0.0519  0.0519  0.0485  0.0430  0.0369  0.0346  0.0341  0.0349  0.0333  0.0340  0.0323
  0.0520  0.0520  0.0519  0.0519  0.0462  0.0406  0.0352  0.0345  0.0341  0.0337  0.0333  0.0332
  0.0521  0.0523  0.0521  0.0554  0.0495  0.0451  0.0365  0.0366  0.0337  0.0352  0.0333  0.0346
  0.0526  0.0528  0.0525  0.0590  0.0528  0.0495  0.0383  0.0396  0.0337  0.0373  0.0339  0.0365
  0.0535  0.0535  0.0531  0.0625  0.0564  0.0539  0.0405  0.0432  0.0343  0.0397  0.0350  0.0387
niter,ni,del,rscale     7    3    5.0000    1.2000
parameter  5  0.846005 ->  0.500000 qaram    1.3225
parameters
    1.0110   23.5893   19.9119   -9.1293  -10.1362   -7.0811
    6.8924    9.1700   -7.8033  -11.8781  -12.1639    5.6479
eta,q 0.97214 13.96044
  0.0376  0.0365  0.0359  0.0324  0.0282  0.0308  0.0308  0.0329  0.0298  0.0333  0.0287  0.0293
  0.0350  0.0344  0.0339  0.0311  0.0277  0.0296  0.0293  0.0304  0.0288  0.0310  0.0281  0.0285
  0.0330  0.0328  0.0325  0.0305  0.0286  0.0287  0.0285  0.0289  0.0283  0.0293  0.0279  0.0280
  0.0320  0.0319  0.0317  0.0315  0.0306  0.0278  0.0284  0.0283  0.0283  0.0283  0.0279  0.0279
  0.0321  0.0317  0.0315  0.0346  0.0337  0.0278  0.0291  0.0287  0.0288  0.0279  0.0283  0.0282
  0.0333  0.0321  0.0319  0.0390  0.0375  0.0315  0.0305  0.0304  0.0298  0.0283  0.0289  0.0291
  0.0356  0.0332  0.0330  0.0438  0.0412  0.0383  0.0324  0.0333  0.0312  0.0296  0.0297  0.0306
niter,ni,del,rscale     7    3    5.0000    1.2000
parameters
    0.7685   24.5396   20.3971   -9.2984  -12.9194   -7.2614
    7.4245    9.3096   -7.0828  -10.8743  -11.7416    5.1098
eta,q 0.97298 13.76559
  0.0308  0.0328  0.0298  0.0312  0.0296  0.0306  0.0304  0.0315  0.0294  0.0303  0.0286  0.0285
  0.0290  0.0305  0.0287  0.0298  0.0282  0.0291  0.0288  0.0291  0.0282  0.0286  0.0277  0.0277
  0.0280  0.0289  0.0279  0.0283  0.0272  0.0279  0.0277  0.0277  0.0274  0.0276  0.0272  0.0272
  0.0279  0.0278  0.0274  0.0272  0.0273  0.0271  0.0272  0.0271  0.0271  0.0271  0.0270  0.0270
  0.0285  0.0274  0.0273  0.0273  0.0291  0.0265  0.0273  0.0274  0.0272  0.0270  0.0271  0.0272
  0.0300  0.0276  0.0276  0.0292  0.0322  0.0278  0.0282  0.0287  0.0277  0.0276  0.0276  0.0279
  0.0323  0.0284  0.0285  0.0325  0.0363  0.0326  0.0297  0.0313  0.0286  0.0290  0.0282  0.0292
niter,ni,del,rscale     6    3    5.0000    1.2000
parameters
    0.5762   25.1922   20.6358   -9.1808  -14.1790   -7.2791
    7.4658    9.1592   -6.8200   -9.7073  -11.1440    4.3149
eta,q 0.97317 13.66720
  0.0300  0.0308  0.0289  0.0306  0.0300  0.0305  0.0297  0.0308  0.0288  0.0298  0.0286  0.0282
  0.0282  0.0290  0.0279  0.0292  0.0287  0.0290  0.0282  0.0287  0.0278  0.0284  0.0277  0.0275
  0.0272  0.0277  0.0272  0.0278  0.0274  0.0278  0.0273  0.0274  0.0271  0.0274  0.0271  0.0270
  0.0270  0.0270  0.0268  0.0267  0.0267  0.0269  0.0269  0.0269  0.0269  0.0269  0.0268  0.0268
  0.0276  0.0268  0.0268  0.0266  0.0274  0.0265  0.0272  0.0272  0.0271  0.0268  0.0269  0.0270
  0.0290  0.0272  0.0273  0.0283  0.0298  0.0276  0.0282  0.0287  0.0276  0.0273  0.0274  0.0278
  0.0310  0.0281  0.0283  0.0313  0.0333  0.0319  0.0297  0.0314  0.0285  0.0285  0.0281  0.0291
niter,ni,del,rscale     5    3    5.0000    1.2000
parameters
    0.4981   25.6751   20.5698   -9.1024  -14.9539   -7.3320
    7.4282    9.0214   -6.9187   -8.4429  -10.7290    3.6109
eta,q 0.97320 13.60679
  0.0301  0.0299  0.0284  0.0304  0.0299  0.0304  0.0294  0.0307  0.0285  0.0297  0.0285  0.0282
  0.0282  0.0284  0.0276  0.0291  0.0287  0.0289  0.0281  0.0286  0.0275  0.0283  0.0276  0.0275
  0.0271  0.0274  0.0270  0.0277  0.0275  0.0277  0.0272  0.0274  0.0270  0.0274  0.0270  0.0270
  0.0268  0.0268  0.0267  0.0267  0.0267  0.0269  0.0269  0.0269  0.0269  0.0269  0.0268  0.0268
  0.0273  0.0268  0.0269  0.0266  0.0269  0.0266  0.0272  0.0272  0.0271  0.0268  0.0269  0.0270
  0.0286  0.0272  0.0276  0.0282  0.0289  0.0276  0.0281  0.0286  0.0276  0.0272  0.0274  0.0277
  0.0305  0.0282  0.0288  0.0311  0.0321  0.0318  0.0296  0.0313  0.0285  0.0283  0.0281  0.0290
niter,ni,del,rscale     4    3    5.0000    1.2000
parameters
    0.4451   26.1607   20.3886   -9.1160  -15.7199   -7.4826
    7.4326    8.9540   -7.1435   -7.0747  -10.3820    3.0352
eta,q 0.97328 13.54257
  0.0301  0.0297  0.0282  0.0301  0.0296  0.0302  0.0293  0.0306  0.0283  0.0297  0.0283  0.0281
  0.0282  0.0283  0.0274  0.0289  0.0284  0.0287  0.0280  0.0286  0.0274  0.0284  0.0275  0.0274
  0.0271  0.0273  0.0269  0.0277  0.0275  0.0276  0.0272  0.0274  0.0270  0.0274  0.0269  0.0269
  0.0268  0.0268  0.0267  0.0267  0.0267  0.0268  0.0269  0.0269  0.0269  0.0269  0.0267  0.0267
  0.0273  0.0267  0.0269  0.0266  0.0268  0.0266  0.0271  0.0271  0.0271  0.0267  0.0268  0.0269
  0.0284  0.0271  0.0277  0.0281  0.0286  0.0276  0.0280  0.0285  0.0276  0.0271  0.0273  0.0276
  0.0303  0.0280  0.0289  0.0310  0.0318  0.0318  0.0294  0.0310  0.0285  0.0283  0.0280  0.0288
niter,ni,del,rscale     3    3    5.0000    1.2000
parameters
    0.3859   26.6593   20.1675   -9.1604  -16.4972   -7.7653
    7.4440    8.9220   -7.4432   -5.7668  -10.0136    2.6001
eta,q 0.97336 13.47186
  0.0299  0.0296  0.0280  0.0298  0.0294  0.0299  0.0291  0.0304  0.0283  0.0298  0.0282  0.0281
  0.0281  0.0283  0.0272  0.0287  0.0282  0.0285  0.0279  0.0286  0.0274  0.0285  0.0274  0.0273
  0.0270  0.0273  0.0267  0.0275  0.0273  0.0274  0.0271  0.0274  0.0269  0.0274  0.0269  0.0268
  0.0267  0.0267  0.0266  0.0266  0.0266  0.0267  0.0268  0.0268  0.0268  0.0268  0.0266  0.0266
  0.0272  0.0266  0.0269  0.0265  0.0267  0.0266  0.0270  0.0270  0.0270  0.0266  0.0267  0.0268
  0.0284  0.0270  0.0276  0.0280  0.0284  0.0277  0.0278  0.0283  0.0276  0.0271  0.0272  0.0274
  0.0302  0.0280  0.0288  0.0308  0.0315  0.0316  0.0292  0.0308  0.0285  0.0283  0.0279  0.0286
niter,ni,del,rscale     2    3    5.0000    1.2000
parameters
    0.3328   27.0942   19.9527   -9.1792  -17.0915   -8.1009
    7.4251    8.9271   -7.7130   -4.7484   -9.7193    2.3086
eta,q 0.97339 13.41479
  0.0298  0.0296  0.0280  0.0296  0.0294  0.0297  0.0289  0.0304  0.0282  0.0298  0.0281  0.0281
  0.0280  0.0282  0.0272  0.0285  0.0282  0.0283  0.0278  0.0285  0.0273  0.0284  0.0273  0.0273
  0.0269  0.0272  0.0267  0.0275  0.0272  0.0273  0.0270  0.0273  0.0268  0.0273  0.0268  0.0268
  0.0266  0.0266  0.0265  0.0266  0.0266  0.0267  0.0267  0.0267  0.0267  0.0267  0.0266  0.0266
  0.0271  0.0266  0.0268  0.0264  0.0265  0.0265  0.0269  0.0269  0.0269  0.0267  0.0267  0.0268
  0.0282  0.0271  0.0275  0.0278  0.0281  0.0276  0.0277  0.0282  0.0275  0.0273  0.0272  0.0274
  0.0300  0.0281  0.0287  0.0305  0.0312  0.0314  0.0290  0.0307  0.0285  0.0285  0.0279  0.0284
niter,ni,del,rscale     1    3    5.0000    1.2000
parameters
    0.3088   27.4263   19.7722   -9.1829  -17.4738   -8.3961
    7.3821    8.9603   -7.9103   -4.0126   -9.5598    2.1117
eta,q 0.97337 13.37679
  0.0298  0.0294  0.0280  0.0295  0.0295  0.0296  0.0288  0.0303  0.0283  0.0297  0.0280  0.0281
  0.0280  0.0280  0.0272  0.0285  0.0282  0.0283  0.0277  0.0285  0.0273  0.0282  0.0273  0.0273
  0.0269  0.0271  0.0267  0.0274  0.0272  0.0273  0.0270  0.0273  0.0268  0.0272  0.0268  0.0268
  0.0266  0.0266  0.0266  0.0266  0.0266  0.0266  0.0267  0.0267  0.0267  0.0267  0.0266  0.0266
  0.0270  0.0266  0.0268  0.0264  0.0265  0.0265  0.0269  0.0269  0.0269  0.0267  0.0268  0.0268
  0.0281  0.0272  0.0275  0.0277  0.0278  0.0276  0.0277  0.0282  0.0275  0.0274  0.0272  0.0273
  0.0298  0.0282  0.0286  0.0304  0.0309  0.0311  0.0289  0.0306  0.0284  0.0288  0.0279  0.0284
registration optimization eta report
parameter search radius
    2.4000    2.4000    2.4000    8.2800    9.5220    8.2800
    7.2000    7.2000    7.2000    7.2000    7.2000    8.2800
100000*second partial in parameter space
       55.       38.       30.        5.        4.        6.
        4.        7.        3.        5.        3.        2.
  0.0298  0.0294  0.0280  0.0295  0.0295  0.0296  0.0288  0.0303  0.0283  0.0297  0.0280  0.0281
  0.0280  0.0280  0.0272  0.0285  0.0282  0.0283  0.0277  0.0285  0.0273  0.0282  0.0273  0.0273
  0.0269  0.0271  0.0267  0.0274  0.0272  0.0273  0.0270  0.0273  0.0268  0.0272  0.0268  0.0268
  0.0266  0.0266  0.0266  0.0266  0.0266  0.0266  0.0267  0.0267  0.0267  0.0267  0.0266  0.0266
  0.0270  0.0266  0.0268  0.0264  0.0265  0.0265  0.0269  0.0269  0.0269  0.0267  0.0268  0.0268
  0.0281  0.0272  0.0275  0.0277  0.0278  0.0276  0.0277  0.0282  0.0275  0.0274  0.0272  0.0273
  0.0298  0.0282  0.0286  0.0304  0.0309  0.0311  0.0289  0.0306  0.0284  0.0288  0.0279  0.0284
    0.3088   27.4263   19.7722   -9.1829  -17.4738   -8.3961
    7.3821    8.9603   -7.9103   -4.0126   -9.5598    2.1117
eta,q 0.97337 13.37679

---------------------------------------------------------------------
imgreg_4dfp /opt/freesurfer/average/711-2C_as_mni_average_305 /opt/freesurfer/average/711-2B_as_mni_average_305_mask talsrcimg_g11 none talsrcimg_to_711-2C_as_mni_average_305_t4 2311
---------------------------------------------------------------------

freesurfer imgreg_4dfp.c
/opt/freesurfer/average/711-2C_as_mni_average_305.4dfp.img
       256       256       256         1
  1.000000  1.000000  1.000000
orientation T byte_order littleendian
Reading image: /opt/freesurfer/average/711-2C_as_mni_average_305.4dfp.img
dimensions:      256       256       256
mmppix:       1.0000   -1.0000   -1.0000
center:     128.0000 -129.0000 -129.0000
/opt/freesurfer/average/711-2B_as_mni_average_305_mask.4dfp.img
       256       256       256         1
  1.000000  1.000000  1.000000
orientation T byte_order littleendian
Reading mask: /opt/freesurfer/average/711-2B_as_mni_average_305_mask.4dfp.img (2306576 pixels)
talsrcimg_g11.4dfp.img
       256       256       256         1
  1.000000  1.000000  1.000000
orientation T byte_order littleendian
Reading image: talsrcimg_g11.4dfp.img
dimensions:      256       256       256
mmppix:       1.0000   -1.0000   -1.0000
center:     128.0000 -129.0000 -129.0000
fimgreg.f
image alignment mode   2311 decimal      907 hex
parameters
    0.3088   27.4263   19.7722   -9.1829  -17.4738   -8.3961
    7.3821    8.9603   -7.9103   -4.0126   -9.5598    2.1117
eta,q 0.97337 13.37679
niter,ni,del,rscale     5    3    5.0000    0.8000
parameters
    0.2747   27.6663   19.6645   -7.8657  -16.3253   -7.5403
    7.7600    8.9589   -7.5692   -3.9488   -9.1722    1.2138
eta,q 0.97390 13.53891
  0.0280  0.0279  0.0273  0.0282  0.0275  0.0277  0.0276  0.0282  0.0272  0.0275  0.0270  0.0265
  0.0272  0.0273  0.0269  0.0276  0.0270  0.0270  0.0269  0.0272  0.0267  0.0268  0.0266  0.0263
  0.0267  0.0268  0.0267  0.0271  0.0267  0.0266  0.0264  0.0265  0.0263  0.0263  0.0263  0.0261
  0.0266  0.0266  0.0266  0.0266  0.0264  0.0262  0.0262  0.0261  0.0261  0.0261  0.0261  0.0261
  0.0268  0.0266  0.0267  0.0263  0.0262  0.0262  0.0262  0.0263  0.0262  0.0262  0.0262  0.0263
  0.0273  0.0269  0.0270  0.0265  0.0263  0.0264  0.0266  0.0271  0.0265  0.0267  0.0264  0.0266
  0.0281  0.0273  0.0275  0.0272  0.0269  0.0270  0.0273  0.0284  0.0269  0.0274  0.0268  0.0271
niter,ni,del,rscale     4    3    5.0000    0.7000
parameters
    0.4148   27.4869   19.5674   -7.7505  -15.7548   -7.0170
    7.4349    8.9401   -7.7015   -4.0274   -9.2726    0.8758
eta,q 0.97401 13.60941
  0.0277  0.0267  0.0267  0.0273  0.0269  0.0272  0.0269  0.0277  0.0267  0.0270  0.0266  0.0264
  0.0269  0.0263  0.0263  0.0268  0.0266  0.0267  0.0264  0.0268  0.0263  0.0264  0.0262  0.0262
  0.0263  0.0261  0.0261  0.0264  0.0263  0.0263  0.0261  0.0262  0.0260  0.0261  0.0261  0.0260
  0.0261  0.0261  0.0261  0.0261  0.0261  0.0260  0.0260  0.0260  0.0260  0.0260  0.0260  0.0260
  0.0262  0.0263  0.0262  0.0261  0.0260  0.0260  0.0261  0.0261  0.0261  0.0261  0.0261  0.0261
  0.0265  0.0266  0.0264  0.0265  0.0262  0.0262  0.0266  0.0268  0.0263  0.0265  0.0263  0.0263
  0.0271  0.0271  0.0269  0.0274  0.0267  0.0268  0.0272  0.0278  0.0267  0.0271  0.0266  0.0266
niter,ni,del,rscale     3    3    5.0000    0.6000
parameters
    0.4921   27.3688   19.5200   -7.5592  -15.4949   -6.6944
    7.4014    8.9486   -7.6716   -4.1652   -9.4852    0.7316
eta,q 0.97409 13.65115
  0.0271  0.0265  0.0264  0.0270  0.0266  0.0268  0.0267  0.0273  0.0265  0.0266  0.0263  0.0262
  0.0265  0.0262  0.0262  0.0266  0.0263  0.0264  0.0263  0.0266  0.0262  0.0262  0.0261  0.0261
  0.0261  0.0260  0.0260  0.0262  0.0261  0.0261  0.0260  0.0261  0.0260  0.0260  0.0260  0.0260
  0.0260  0.0260  0.0260  0.0260  0.0259  0.0259  0.0259  0.0259  0.0259  0.0259  0.0259  0.0259
  0.0261  0.0261  0.0260  0.0260  0.0259  0.0259  0.0260  0.0260  0.0260  0.0260  0.0260  0.0260
  0.0263  0.0263  0.0262  0.0263  0.0261  0.0261  0.0263  0.0265  0.0261  0.0263  0.0262  0.0261
  0.0268  0.0267  0.0265  0.0270  0.0265  0.0266  0.0267  0.0273  0.0264  0.0268  0.0264  0.0263
niter,ni,del,rscale     2    3    5.0000    0.5000
parameters
    0.5493   27.2852   19.4836   -7.3915  -15.2289   -6.4133
    7.3787    8.9450   -7.5545   -4.3264   -9.7249    0.5416
eta,q 0.97414 13.68807
  0.0267  0.0263  0.0262  0.0267  0.0264  0.0265  0.0264  0.0268  0.0263  0.0264  0.0261  0.0261
  0.0263  0.0261  0.0261  0.0264  0.0262  0.0262  0.0261  0.0263  0.0261  0.0261  0.0260  0.0260
  0.0260  0.0259  0.0259  0.0261  0.0260  0.0260  0.0259  0.0260  0.0259  0.0259  0.0259  0.0259
  0.0259  0.0259  0.0259  0.0259  0.0259  0.0259  0.0259  0.0259  0.0259  0.0259  0.0259  0.0259
  0.0260  0.0260  0.0260  0.0259  0.0259  0.0259  0.0259  0.0260  0.0259  0.0259  0.0259  0.0259
  0.0262  0.0262  0.0261  0.0261  0.0260  0.0260  0.0261  0.0263  0.0260  0.0261  0.0261  0.0260
  0.0265  0.0264  0.0263  0.0267  0.0263  0.0263  0.0265  0.0269  0.0262  0.0265  0.0263  0.0262
niter,ni,del,rscale     1    3    5.0000    0.4000
parameters
    0.5983   27.2023   19.4367   -7.2348  -14.9563   -6.0628
    7.3352    8.9007   -7.4109   -4.5136   -9.9818    0.2707
eta,q 0.97418 13.72665
  0.0264  0.0261  0.0261  0.0264  0.0262  0.0262  0.0262  0.0265  0.0261  0.0261  0.0260  0.0259
  0.0261  0.0260  0.0259  0.0262  0.0260  0.0261  0.0260  0.0261  0.0260  0.0260  0.0259  0.0259
  0.0259  0.0259  0.0259  0.0260  0.0259  0.0259  0.0259  0.0259  0.0259  0.0259  0.0258  0.0258
  0.0259  0.0259  0.0259  0.0259  0.0259  0.0258  0.0258  0.0258  0.0258  0.0258  0.0258  0.0258
  0.0259  0.0259  0.0259  0.0259  0.0258  0.0258  0.0259  0.0259  0.0258  0.0259  0.0259  0.0258
  0.0260  0.0260  0.0260  0.0260  0.0259  0.0259  0.0260  0.0261  0.0259  0.0260  0.0260  0.0259
  0.0263  0.0262  0.0261  0.0264  0.0261  0.0261  0.0262  0.0265  0.0260  0.0263  0.0261  0.0260
registration optimization eta report
parameter search radius
    0.8000    0.8000    0.8000    2.4000    2.4000    2.4000
    2.4000    2.4000    2.4000    2.4000    2.4000    2.4000
100000*second partial in parameter space
       73.       46.       36.        9.        5.        6.
        7.       12.        4.        6.        4.        3.
  0.0264  0.0261  0.0261  0.0264  0.0262  0.0262  0.0262  0.0265  0.0261  0.0261  0.0260  0.0259
  0.0261  0.0260  0.0259  0.0262  0.0260  0.0261  0.0260  0.0261  0.0260  0.0260  0.0259  0.0259
  0.0259  0.0259  0.0259  0.0260  0.0259  0.0259  0.0259  0.0259  0.0259  0.0259  0.0258  0.0258
  0.0259  0.0259  0.0259  0.0259  0.0259  0.0258  0.0258  0.0258  0.0258  0.0258  0.0258  0.0258
  0.0259  0.0259  0.0259  0.0259  0.0258  0.0258  0.0259  0.0259  0.0258  0.0259  0.0259  0.0258
  0.0260  0.0260  0.0260  0.0260  0.0259  0.0259  0.0260  0.0261  0.0259  0.0260  0.0260  0.0259
  0.0263  0.0262  0.0261  0.0264  0.0261  0.0261  0.0262  0.0265  0.0260  0.0263  0.0261  0.0260
    0.5983   27.2023   19.4367   -7.2348  -14.9563   -6.0628
    7.3352    8.9007   -7.4109   -4.5136   -9.9818    0.2707
eta,q 0.97418 13.72665

---------------------------------------------------------------------
imgreg_4dfp /opt/freesurfer/average/711-2C_as_mni_average_305 /opt/freesurfer/average/711-2B_as_mni_average_305_mask talsrcimg_g11 none talsrcimg_to_711-2C_as_mni_average_305_t4 2311
---------------------------------------------------------------------

freesurfer imgreg_4dfp.c
/opt/freesurfer/average/711-2C_as_mni_average_305.4dfp.img
       256       256       256         1
  1.000000  1.000000  1.000000
orientation T byte_order littleendian
Reading image: /opt/freesurfer/average/711-2C_as_mni_average_305.4dfp.img
dimensions:      256       256       256
mmppix:       1.0000   -1.0000   -1.0000
center:     128.0000 -129.0000 -129.0000
/opt/freesurfer/average/711-2B_as_mni_average_305_mask.4dfp.img
       256       256       256         1
  1.000000  1.000000  1.000000
orientation T byte_order littleendian
Reading mask: /opt/freesurfer/average/711-2B_as_mni_average_305_mask.4dfp.img (2306576 pixels)
talsrcimg_g11.4dfp.img
       256       256       256         1
  1.000000  1.000000  1.000000
orientation T byte_order littleendian
Reading image: talsrcimg_g11.4dfp.img
dimensions:      256       256       256
mmppix:       1.0000   -1.0000   -1.0000
center:     128.0000 -129.0000 -129.0000
fimgreg.f
image alignment mode   2311 decimal      907 hex
parameters
    0.5983   27.2023   19.4367   -7.2348  -14.9563   -6.0628
    7.3352    8.9007   -7.4109   -4.5136   -9.9818    0.2707
eta,q 0.97418 13.72665
niter,ni,del,rscale     5    3    5.0000    0.8000
parameters
    0.6488   27.1191   19.3609   -7.7225  -15.2403   -6.5906
    7.1786    8.9956   -7.4743   -4.4471  -10.1996    0.9416
eta,q 0.97407 13.67900
  0.0278  0.0269  0.0267  0.0274  0.0269  0.0271  0.0272  0.0283  0.0268  0.0272  0.0266  0.0267
  0.0267  0.0263  0.0262  0.0267  0.0264  0.0265  0.0265  0.0271  0.0263  0.0266  0.0262  0.0263
  0.0261  0.0259  0.0259  0.0261  0.0261  0.0261  0.0261  0.0263  0.0260  0.0262  0.0260  0.0261
  0.0258  0.0258  0.0258  0.0258  0.0259  0.0259  0.0260  0.0260  0.0260  0.0259  0.0259  0.0259
  0.0260  0.0260  0.0259  0.0260  0.0259  0.0259  0.0261  0.0261  0.0260  0.0260  0.0261  0.0259
  0.0266  0.0264  0.0263  0.0270  0.0264  0.0266  0.0266  0.0269  0.0264  0.0265  0.0263  0.0261
  0.0276  0.0271  0.0268  0.0285  0.0274  0.0284  0.0274  0.0282  0.0269  0.0273  0.0268  0.0264
niter,ni,del,rscale     4    3    5.0000    0.7000
parameters
    0.5881   27.2119   19.4330   -7.6919  -15.3459   -6.6827
    7.3385    9.0758   -7.3639   -4.4096  -10.0727    0.9340
eta,q 0.97408 13.66447
  0.0272  0.0269  0.0266  0.0273  0.0267  0.0269  0.0270  0.0277  0.0267  0.0269  0.0265  0.0264
  0.0264  0.0264  0.0263  0.0267  0.0264  0.0264  0.0265  0.0268  0.0263  0.0264  0.0262  0.0261
  0.0260  0.0261  0.0260  0.0262  0.0261  0.0261  0.0261  0.0262  0.0260  0.0261  0.0260  0.0260
  0.0259  0.0259  0.0259  0.0259  0.0259  0.0259  0.0259  0.0259  0.0259  0.0259  0.0259  0.0259
  0.0261  0.0260  0.0260  0.0259  0.0259  0.0259  0.0260  0.0260  0.0260  0.0260  0.0260  0.0260
  0.0266  0.0262  0.0262  0.0264  0.0263  0.0262  0.0263  0.0266  0.0262  0.0263  0.0262  0.0261
  0.0274  0.0267  0.0265  0.0275  0.0270  0.0273  0.0269  0.0277  0.0266  0.0270  0.0265  0.0264
niter,ni,del,rscale     3    3    5.0000    0.6000
parameters
    0.5688   27.2341   19.4798   -7.5758  -15.2513   -6.4946
    7.3320    9.0556   -7.3366   -4.4457   -9.9776    0.7194
eta,q 0.97412 13.67902
  0.0269  0.0266  0.0265  0.0270  0.0265  0.0267  0.0267  0.0272  0.0264  0.0266  0.0264  0.0262
  0.0263  0.0262  0.0262  0.0265  0.0263  0.0263  0.0263  0.0265  0.0261  0.0262  0.0261  0.0260
  0.0260  0.0260  0.0260  0.0262  0.0260  0.0261  0.0260  0.0261  0.0259  0.0260  0.0259  0.0259
  0.0259  0.0259  0.0259  0.0259  0.0259  0.0259  0.0259  0.0259  0.0259  0.0259  0.0259  0.0259
  0.0260  0.0260  0.0259  0.0259  0.0259  0.0259  0.0260  0.0260  0.0259  0.0260  0.0259  0.0259
  0.0264  0.0262  0.0261  0.0263  0.0261  0.0260  0.0262  0.0265  0.0261  0.0262  0.0261  0.0261
  0.0269  0.0265  0.0264  0.0270  0.0266  0.0267  0.0267  0.0273  0.0264  0.0267  0.0263  0.0263
niter,ni,del,rscale     2    3    5.0000    0.5000
parameters
    0.5861   27.1993   19.4688   -7.4114  -15.0602   -6.2365
    7.3171    8.9977   -7.3223   -4.5324  -10.0307    0.4855
eta,q 0.97416 13.70705
  0.0266  0.0263  0.0262  0.0267  0.0264  0.0264  0.0264  0.0268  0.0262  0.0264  0.0262  0.0261
  0.0262  0.0261  0.0260  0.0263  0.0261  0.0262  0.0261  0.0263  0.0260  0.0261  0.0260  0.0259
  0.0260  0.0259  0.0259  0.0261  0.0260  0.0260  0.0259  0.0260  0.0259  0.0259  0.0259  0.0259
  0.0259  0.0259  0.0259  0.0259  0.0259  0.0259  0.0258  0.0258  0.0258  0.0258  0.0258  0.0258
  0.0260  0.0259  0.0259  0.0259  0.0259  0.0258  0.0259  0.0260  0.0259  0.0259  0.0259  0.0259
  0.0262  0.0261  0.0260  0.0261  0.0260  0.0259  0.0261  0.0263  0.0260  0.0261  0.0260  0.0260
  0.0266  0.0264  0.0262  0.0266  0.0263  0.0263  0.0264  0.0269  0.0262  0.0264  0.0262  0.0261
niter,ni,del,rscale     1    3    5.0000    0.4000
parameters
    0.6219   27.1412   19.4238   -7.2532  -14.8388   -5.9000
    7.2755    8.9251   -7.2386   -4.6790  -10.1992    0.1813
eta,q 0.97420 13.74089
  0.0264  0.0261  0.0260  0.0264  0.0262  0.0262  0.0262  0.0264  0.0261  0.0261  0.0260  0.0259
  0.0261  0.0259  0.0259  0.0262  0.0260  0.0260  0.0260  0.0261  0.0259  0.0259  0.0259  0.0258
  0.0259  0.0259  0.0259  0.0260  0.0259  0.0259  0.0258  0.0259  0.0258  0.0258  0.0258  0.0258
  0.0258  0.0258  0.0258  0.0258  0.0258  0.0258  0.0258  0.0258  0.0258  0.0258  0.0258  0.0258
  0.0259  0.0259  0.0259  0.0258  0.0258  0.0258  0.0258  0.0259  0.0258  0.0258  0.0258  0.0258
  0.0260  0.0260  0.0260  0.0260  0.0259  0.0259  0.0260  0.0261  0.0259  0.0260  0.0259  0.0259
  0.0263  0.0262  0.0261  0.0263  0.0261  0.0261  0.0262  0.0265  0.0260  0.0262  0.0261  0.0260
registration optimization eta report
parameter search radius
    0.8000    0.8000    0.8000    2.4000    2.4000    2.4000
    2.4000    2.4000    2.4000    2.4000    2.4000    2.4000
100000*second partial in parameter space
       73.       47.       37.       10.        5.        6.
        7.       12.        4.        6.        4.        3.
  0.0264  0.0261  0.0260  0.0264  0.0262  0.0262  0.0262  0.0264  0.0261  0.0261  0.0260  0.0259
  0.0261  0.0259  0.0259  0.0262  0.0260  0.0260  0.0260  0.0261  0.0259  0.0259  0.0259  0.0258
  0.0259  0.0259  0.0259  0.0260  0.0259  0.0259  0.0258  0.0259  0.0258  0.0258  0.0258  0.0258
  0.0258  0.0258  0.0258  0.0258  0.0258  0.0258  0.0258  0.0258  0.0258  0.0258  0.0258  0.0258
  0.0259  0.0259  0.0259  0.0258  0.0258  0.0258  0.0258  0.0259  0.0258  0.0258  0.0258  0.0258
  0.0260  0.0260  0.0260  0.0260  0.0259  0.0259  0.0260  0.0261  0.0259  0.0260  0.0259  0.0259
  0.0263  0.0262  0.0261  0.0263  0.0261  0.0261  0.0262  0.0265  0.0260  0.0262  0.0261  0.0260
    0.6219   27.1412   19.4238   -7.2532  -14.8388   -5.9000
    7.2755    8.9251   -7.2386   -4.6790  -10.1992    0.1813
eta,q 0.97420 13.74089

---------------------------------------------------------------------
compute_vox2vox talsrcimg talsrcimg_to_711-2C_as_mni_average_305_t4 /opt/freesurfer/average/711-2C_as_mni_average_305
---------------------------------------------------------------------

freesurfer compute_vox2vox.c
Reading: talsrcimg.4dfp.ifh
Reading: talsrcimg_to_711-2C_as_mni_average_305_t4
Reading: /opt/freesurfer/average/711-2C_as_mni_average_305.4dfp.ifh
Writing: talsrcimg_to_711-2C_as_mni_average_305_t4_vox2vox.txt

start time Sun Mar 8 20:43:30 CET 2026
end		time Sun Mar 8 20:44:57 CET 2026

mpr2mni305 success

avi2talxfm orig_nu.mgz /opt/freesurfer/average/mni305.cor.mgz talsrcimg_to_711-2C_as_mni_average_305_t4_vox2vox.txt transforms/talairach.auto.xfm
avi2talxfm done
mv -f /out/sourcedata/freesurfer/sub-v1s15x0050200_ses-1/mri/talsrcimg_to_711-2C_as_mni_average_305_t4_vox2vox.txt /out/sourcedata/freesurfer/sub-v1s15x0050200_ses-1/mri/transforms/talsrcimg_to_711-2C_as_mni_average_305_t4_vox2vox.txt
lta_convert --src orig_nu.mgz --trg /opt/freesurfer/average/mni305.cor.mgz --inxfm transforms/talairach.auto.xfm --outlta transforms/talairach.auto.xfm.lta --subject fsaverage
7.3.2

--src: orig_nu.mgz src image (geometry).
--trg: /opt/freesurfer/average/mni305.cor.mgz trg image (geometry).
--inmni: transforms/talairach.auto.xfm input MNI/XFM transform.
--outlta: transforms/talairach.auto.xfm.lta output LTA.
--s: fsaverage subject name
 LTA read, type : 1
 1.05961  -0.10499  -0.09030  -3.12909;
 0.11466   1.05123  -0.01203  -22.40748;
 0.09637   0.04883   1.16591  -20.13879;
 0.00000   0.00000   0.00000   1.00000;
setting subject to fsaverage
Writing  LTA to file transforms/talairach.auto.xfm.lta...
lta_convert successful.
 
 
Started at Sun Mar 8 20:43:30 CET 2026
Ended   at Sun Mar  8 20:44:58 CET 2026
talairach_avi done
