status file for recon-all
Sun Mar  8 22:22:01 CET 2026
#@# Tessellate rh Sun Mar  8 22:22:01 CET 2026
#@# Smooth1 rh Sun Mar  8 22:22:04 CET 2026
#@# Inflation1 rh Sun Mar  8 22:22:07 CET 2026
#@# QSphere rh Sun Mar  8 22:22:15 CET 2026
#@# Fix Topology rh Sun Mar  8 22:23:09 CET 2026
#@# Smooth2 rh Sun Mar  8 22:27:40 CET 2026
#@# Inflation2 rh Sun Mar  8 22:27:43 CET 2026
#@# Curv .H and .K rh Sun Mar  8 22:27:53 CET 2026
#@# Sphere rh Sun Mar  8 22:28:36 CET 2026
#@# Surf Reg rh Sun Mar  8 22:30:32 CET 2026
#@# Jacobian white rh Sun Mar  8 22:33:17 CET 2026
#@# AvgCurv rh Sun Mar  8 22:33:17 CET 2026
#@# Cortical Parc rh Sun Mar  8 22:33:18 CET 2026
#@# white curv rh Sun Mar  8 22:38:22 CET 2026
#@# white area rh Sun Mar  8 22:38:24 CET 2026
#@# pial curv rh Sun Mar  8 22:38:24 CET 2026
#@# pial area rh Sun Mar  8 22:38:26 CET 2026
#@# thickness rh Sun Mar  8 22:38:27 CET 2026
#@# area and vertex vol rh Sun Mar  8 22:38:54 CET 2026
#@# Curvature Stats rh Sun Mar  8 22:38:55 CET 2026
#@# Cortical Parc 2 rh Sun Mar  8 22:38:57 CET 2026
#@# Cortical Parc 3 rh Sun Mar  8 22:39:09 CET 2026
#@# WM/GM Contrast rh Sun Mar  8 22:39:18 CET 2026
recon-all -s sub-v1s15x0050194_ses-1 finished without error at Sun Mar  8 22:39:21 CET 2026



#New# invocation of recon-all 



status file for recon-all
Sun Mar  8 22:47:12 CET 2026
#@# white curv rh Sun Mar  8 22:47:12 CET 2026
#@# white area rh Sun Mar  8 22:47:12 CET 2026
#@# pial curv rh Sun Mar  8 22:47:12 CET 2026
#@# pial area rh Sun Mar  8 22:47:12 CET 2026
#@# thickness rh Sun Mar  8 22:47:12 CET 2026
#@# area and vertex vol rh Sun Mar  8 22:47:12 CET 2026
#@# Parcellation Stats rh Sun Mar  8 22:47:12 CET 2026
#@# Parcellation Stats 2 rh Sun Mar  8 22:47:28 CET 2026
#@# Parcellation Stats 3 rh Sun Mar  8 22:47:36 CET 2026
#@# BA_exvivo Labels rh Sun Mar  8 22:47:44 CET 2026
recon-all -s sub-v1s15x0050194_ses-1 finished without error at Sun Mar  8 22:49:55 CET 2026
