/out/sourcedata/freesurfer/sub-v1s15x0050190_ses-1/mri
/opt/freesurfer/bin/talairach_avi
--i orig_nu.mgz --xfm transforms/talairach.auto.xfm
talairach_avi 7.3.2
Linux dna007 5.14.0-427.37.1.el9_4.x86_64 #1 SMP PREEMPT_DYNAMIC Fri Sep 13 12:41:50 EDT 2024 x86_64 x86_64 x86_64 GNU/Linux
Sun Mar  8 20:31:32 CET 2026
mri_convert orig_nu.mgz talsrcimg.img 
reading from orig_nu.mgz...
TR=0.00, TE=0.00, TI=0.00, flip angle=0.00
i_ras = (-1, 0, 0)
j_ras = (0, 0, -1)
k_ras = (0, 1, 0)
writing to talsrcimg.img...
Analyze Output Matrix
-1.00000   0.00000   0.00000   126.33570;
 0.00000   0.00000   1.00000  -122.87500;
 0.00000  -1.00000   0.00000   103.95300;
 0.00000   0.00000   0.00000   1.00000;
--------------------
INFO: set hdr.hist.orient to -1
mpr2mni305 talsrcimg
Sun Mar  8 20:31:32 CET 2026
/opt/freesurfer/bin/mpr2mni305 talsrcimg
mpr2mni305 7.3.2
target=711-2C_as_mni_average_305

---------------------------------------------------------------------
analyzeto4dfp talsrcimg -O0 -y
---------------------------------------------------------------------

freesurfer ifh2hdr.c
Sun Mar  8 20:31:32 2026
Writing: talsrcimg.4dfp.hdr
freesurfer analyzeto4dfp.c
Reading: talsrcimg.hdr
header size 348 bytes
hdr.dime.datatype	offset=70	value=2
hdr.dime.bitpix		offset=72	value=8
hdr.hist.orient		offset=252	value=-1
dimensionality     4
dimensions       256       256       256         1
Reading: talsrcimg.img
Writing: talsrcimg.4dfp.img
Writing: talsrcimg.4dfp.ifh
ifh2hdr talsrcimg -r0to220
ori=2

---------------------------------------------------------------------
gauss_4dfp talsrcimg 1.1
---------------------------------------------------------------------

freesurfer gauss_4dfp.c
Reading: talsrcimg.4dfp.img
Writing: talsrcimg_g11.4dfp.img
image dimensions 256 256 256 padded to 288 288 288
processing volume 1freesurfer ifh2hdr.c
Sun Mar  8 20:31:34 2026
Writing: talsrcimg_g11.4dfp.hdr

Writing: talsrcimg_g11.4dfp.ifh
including: talsrcimg.4dfp.img.rec in talsrcimg_g11.4dfp.img.rec

---------------------------------------------------------------------
imgreg_4dfp /opt/freesurfer/average/711-2C_as_mni_average_305 none talsrcimg_g11 none talsrcimg_to_711-2C_as_mni_average_305_t4 4355
---------------------------------------------------------------------

freesurfer imgreg_4dfp.c
/opt/freesurfer/average/711-2C_as_mni_average_305.4dfp.img
       256       256       256         1
  1.000000  1.000000  1.000000
orientation T byte_order littleendian
Reading image: /opt/freesurfer/average/711-2C_as_mni_average_305.4dfp.img
dimensions:      256       256       256
mmppix:       1.0000   -1.0000   -1.0000
center:     128.0000 -129.0000 -129.0000
talsrcimg_g11.4dfp.img
       256       256       256         1
  1.000000  1.000000  1.000000
orientation T byte_order littleendian
Reading image: talsrcimg_g11.4dfp.img
dimensions:      256       256       256
mmppix:       1.0000   -1.0000   -1.0000
center:     128.0000 -129.0000 -129.0000
t4_read: open error in t4_sub.f l:  41 t4_file(1:l)talsrcimg_to_711-2C_as_mni_average_305_t4 
t4_read: transform initialized to I4
rotation matrix determinant  1.000000
image alignment mode   4355 decimal     1103 hex
   -7.5000  -45.0000  -45.0000 5057.9673   23.3549
    0.0000  -45.0000  -45.0000 5348.4307   23.3510
    7.5000  -45.0000  -45.0000 5225.9834   23.3424
   -7.5000  -37.5000  -45.0000 5584.7891   22.5817
    0.0000  -37.5000  -45.0000 5925.7930   22.5937
    7.5000  -37.5000  -45.0000 5762.2300   22.5959
   -7.5000  -30.0000  -45.0000 6312.7822   21.9838
    0.0000  -30.0000  -45.0000 6722.5918   21.9912
    7.5000  -30.0000  -45.0000 6504.9448   21.9882
   -7.5000  -22.5000  -45.0000 7083.6841   21.6334
    0.0000  -22.5000  -45.0000 7540.6382   21.6158
    7.5000  -22.5000  -45.0000 7283.3149   21.5921
   -7.5000  -15.0000  -45.0000 7936.3848   21.6054
    0.0000  -15.0000  -45.0000 8420.1348   21.5707
    7.5000  -15.0000  -45.0000 8150.0869   21.5347
   -7.5000   -7.5000  -45.0000 8796.1826   21.6164
    0.0000   -7.5000  -45.0000 9342.9912   21.5894
    7.5000   -7.5000  -45.0000 9038.1191   21.5632
   -7.5000    0.0000  -45.0000 9609.8242   21.6171
    0.0000    0.0000  -45.000010210.0547   21.6124
    7.5000    0.0000  -45.0000 9883.3555   21.6051
   -7.5000    7.5000  -45.0000 9686.1992   21.6072
    0.0000    7.5000  -45.000010294.7275   21.6190
    7.5000    7.5000  -45.0000 9955.0254   21.6227
   -7.5000   15.0000  -45.0000 9651.2100   21.5956
    0.0000   15.0000  -45.000010259.8955   21.6023
    7.5000   15.0000  -45.0000 9877.4648   21.5994
   -7.5000   22.5000  -45.0000 9584.8262   21.5913
    0.0000   22.5000  -45.000010166.7998   21.5738
    7.5000   22.5000  -45.0000 9770.3779   21.5502
   -7.5000   30.0000  -45.0000 9397.8896   21.3174
    0.0000   30.0000  -45.0000 9933.7041   21.2831
    7.5000   30.0000  -45.0000 9563.1045   21.2476
   -7.5000   37.5000  -45.0000 9441.6094   21.3283
    0.0000   37.5000  -45.0000 9972.1504   21.3017
    7.5000   37.5000  -45.0000 9603.4238   21.2758
   -7.5000   45.0000  -45.0000 9091.7188   20.7874
    0.0000   45.0000  -45.0000 9640.5029   20.7829
    7.5000   45.0000  -45.0000 9243.2363   20.7759
   -7.5000  -45.0000  -37.5000 5349.3164   23.0782
    0.0000  -45.0000  -37.5000 5686.4062   23.0738
    7.5000  -45.0000  -37.5000 5551.8887   23.0684
   -7.5000  -37.5000  -37.5000 5884.5142   22.3096
    0.0000  -37.5000  -37.5000 6270.3960   22.3202
    7.5000  -37.5000  -37.5000 6096.0093   22.3241
   -7.5000  -30.0000  -37.5000 6667.6206   21.7205
    0.0000  -30.0000  -37.5000 7107.2646   21.7297
    7.5000  -30.0000  -37.5000 6894.8452   21.7273
   -7.5000  -22.5000  -37.5000 7526.0835   21.3807
    0.0000  -22.5000  -37.5000 7998.9189   21.3700
    7.5000  -22.5000  -37.5000 7759.7725   21.3476
   -7.5000  -15.0000  -37.5000 8438.6045   21.3619
    0.0000  -15.0000  -37.5000 8943.4512   21.3362
    7.5000  -15.0000  -37.5000 8685.4619   21.3026
   -7.5000   -7.5000  -37.5000 9340.4951   21.3779
    0.0000   -7.5000  -37.5000 9916.4209   21.3567
    7.5000   -7.5000  -37.5000 9629.9160   21.3337
   -7.5000    0.0000  -37.500010210.3828   21.3755
    0.0000    0.0000  -37.500010857.2607   21.3715
    7.5000    0.0000  -37.500010522.3184   21.3673
   -7.5000    7.5000  -37.500010256.9160   21.3578
    0.0000    7.5000  -37.500010920.8145   21.3684
    7.5000    7.5000  -37.500010555.8125   21.3736
   -7.5000   15.0000  -37.500010180.6426   21.3410
    0.0000   15.0000  -37.500010823.4922   21.3495
    7.5000   15.0000  -37.500010436.6172   21.3471
   -7.5000   22.5000  -37.500010075.0586   21.3395
    0.0000   22.5000  -37.500010686.1045   21.3289
    7.5000   22.5000  -37.500010309.4824   21.3065
   -7.5000   30.0000  -37.5000 9883.0752   21.0771
    0.0000   30.0000  -37.500010462.0439   21.0518
    7.5000   30.0000  -37.500010110.1064   21.0186
   -7.5000   37.5000  -37.5000 9943.5127   21.0930
    0.0000   37.5000  -37.500010525.5381   21.0721
    7.5000   37.5000  -37.500010146.2871   21.0494
   -7.5000   45.0000  -37.5000 9585.6553   20.5551
    0.0000   45.0000  -37.500010183.7236   20.5512
    7.5000   45.0000  -37.5000 9777.8193   20.5472
   -7.5000  -45.0000  -30.0000 5761.7896   23.9688
    0.0000  -45.0000  -30.0000 6132.9111   23.9706
    7.5000  -45.0000  -30.0000 5965.6040   23.9651
   -7.5000  -37.5000  -30.0000 6330.8340   23.1535
    0.0000  -37.5000  -30.0000 6740.5361   23.1683
    7.5000  -37.5000  -30.0000 6551.6772   23.1743
   -7.5000  -30.0000  -30.0000 7191.5298   22.5330
    0.0000  -30.0000  -30.0000 7643.3975   22.5469
    7.5000  -30.0000  -30.0000 7436.9927   22.5492
   -7.5000  -22.5000  -30.0000 8145.4224   22.1858
    0.0000  -22.5000  -30.0000 8646.1338   22.1828
    7.5000  -22.5000  -30.0000 8410.7998   22.1672
   -7.5000  -15.0000  -30.0000 9133.4053   22.1808
    0.0000  -15.0000  -30.0000 9692.3877   22.1649
    7.5000  -15.0000  -30.0000 9433.9434   22.1370
   -7.5000   -7.5000  -30.000010118.7383   22.2101
    0.0000   -7.5000  -30.000010747.6777   22.1969
    7.5000   -7.5000  -30.000010436.8965   22.1760
   -7.5000    0.0000  -30.000011053.2930   22.2043
    0.0000    0.0000  -30.000011763.7393   22.2058
    7.5000    0.0000  -30.000011385.8389   22.2018
   -7.5000    7.5000  -30.000011103.6299   22.1690
    0.0000    7.5000  -30.000011786.8809   22.1836
    7.5000    7.5000  -30.000011411.8164   22.1907
   -7.5000   15.0000  -30.000011003.1279   22.1406
    0.0000   15.0000  -30.000011669.7080   22.1536
    7.5000   15.0000  -30.000011300.3193   22.1558
   -7.5000   22.5000  -30.000010859.5625   22.1410
    0.0000   22.5000  -30.000011501.2656   22.1380
    7.5000   22.5000  -30.000011133.4209   22.1224
   -7.5000   30.0000  -30.000010659.0547   21.8872
    0.0000   30.0000  -30.000011275.0273   21.8715
    7.5000   30.0000  -30.000010914.4824   21.8440
   -7.5000   37.5000  -30.000010688.4238   21.9162
    0.0000   37.5000  -30.000011336.6865   21.9032
    7.5000   37.5000  -30.000010942.9795   21.8826
   -7.5000   45.0000  -30.000010278.4531   21.3678
    0.0000   45.0000  -30.000010926.7324   21.3692
    7.5000   45.0000  -30.000010528.9404   21.3654
   -7.5000  -45.0000  -22.5000 6178.7754   24.7793
    0.0000  -45.0000  -22.5000 6580.9712   24.7884
    7.5000  -45.0000  -22.5000 6391.4224   24.7798
   -7.5000  -37.5000  -22.5000 6811.2852   23.9319
    0.0000  -37.5000  -22.5000 7238.7925   23.9540
    7.5000  -37.5000  -22.5000 7037.8511   23.9620
   -7.5000  -30.0000  -22.5000 7766.6558   23.2867
    0.0000  -30.0000  -22.5000 8235.2646   23.3069
    7.5000  -30.0000  -22.5000 8015.8525   23.3163
   -7.5000  -22.5000  -22.5000 8796.5264   22.9312
    0.0000  -22.5000  -22.5000 9343.2227   22.9335
    7.5000  -22.5000  -22.5000 9094.5078   22.9260
   -7.5000  -15.0000  -22.5000 9892.5186   22.9310
    0.0000  -15.0000  -22.500010500.4561   22.9195
    7.5000  -15.0000  -22.500010202.0391   22.8967
   -7.5000   -7.5000  -22.500010948.3086   22.9669
    0.0000   -7.5000  -22.500011626.7686   22.9578
    7.5000   -7.5000  -22.500011289.5566   22.9359
   -7.5000    0.0000  -22.500011968.7012   22.9596
    0.0000    0.0000  -22.500012734.0312   22.9664
    7.5000    0.0000  -22.500012362.0420   22.9598
   -7.5000    7.5000  -22.500012014.8994   22.9149
    0.0000    7.5000  -22.500012770.3330   22.9360
    7.5000    7.5000  -22.500012409.5625   22.9450
   -7.5000   15.0000  -22.500011895.7148   22.8818
    0.0000   15.0000  -22.500012612.9307   22.9008
    7.5000   15.0000  -22.500012253.8193   22.9098
   -7.5000   22.5000  -22.500011731.0918   22.8834
    0.0000   22.5000  -22.500012404.3828   22.8857
    7.5000   22.5000  -22.500012026.7627   22.8781
   -7.5000   30.0000  -22.500011490.6582   22.6310
    0.0000   30.0000  -22.500012143.4561   22.6196
    7.5000   30.0000  -22.500011777.7852   22.5971
   -7.5000   37.5000  -22.500011491.5049   22.6665
    0.0000   37.5000  -22.500012148.3945   22.6575
    7.5000   37.5000  -22.500011785.2080   22.6359
   -7.5000   45.0000  -22.500011002.0137   22.1112
    0.0000   45.0000  -22.500011653.6924   22.1178
    7.5000   45.0000  -22.500011304.4883   22.1114
   -7.5000  -45.0000  -15.0000 6600.6567   25.3439
    0.0000  -45.0000  -15.0000 7031.5469   25.3549
    7.5000  -45.0000  -15.0000 6839.6440   25.3422
   -7.5000  -37.5000  -15.0000 7315.9731   24.4886
    0.0000  -37.5000  -15.0000 7773.5894   24.5132
    7.5000  -37.5000  -15.0000 7570.3120   24.5204
   -7.5000  -30.0000  -15.0000 8361.3848   23.8317
    0.0000  -30.0000  -15.0000 8877.1133   23.8524
    7.5000  -30.0000  -15.0000 8647.5146   23.8644
   -7.5000  -22.5000  -15.0000 9493.6064   23.4664
    0.0000  -22.5000  -15.000010089.2480   23.4660
    7.5000  -22.5000  -15.0000 9819.5195   23.4609
   -7.5000  -15.0000  -15.000010659.1133   23.4606
    0.0000  -15.0000  -15.000011328.7363   23.4445
    7.5000  -15.0000  -15.000011012.2178   23.4218
   -7.5000   -7.5000  -15.000011785.7812   23.4945
    0.0000   -7.5000  -15.000012536.1836   23.4825
    7.5000   -7.5000  -15.000012189.0469   23.4575
   -7.5000    0.0000  -15.000012878.3789   23.4898
    0.0000    0.0000  -15.000013711.7695   23.4970
    7.5000    0.0000  -15.000013342.8477   23.4865
   -7.5000    7.5000  -15.000012949.2656   23.4488
    0.0000    7.5000  -15.000013780.8955   23.4720
    7.5000    7.5000  -15.000013419.5850   23.4804
   -7.5000   15.0000  -15.000012810.3984   23.4180
    0.0000   15.0000  -15.000013594.4717   23.4375
    7.5000   15.0000  -15.000013220.9541   23.4490
   -7.5000   22.5000  -15.000012608.4219   23.4165
    0.0000   22.5000  -15.000013352.0391   23.4161
    7.5000   22.5000  -15.000012961.4102   23.4109
   -7.5000   30.0000  -15.000012356.2041   23.1569
    0.0000   30.0000  -15.000013089.5645   23.1410
    7.5000   30.0000  -15.000012684.8867   23.1186
   -7.5000   37.5000  -15.000012334.4160   23.1905
    0.0000   37.5000  -15.000013060.5283   23.1786
    7.5000   37.5000  -15.000012658.0010   23.1539
   -7.5000   45.0000  -15.000011752.9082   22.6355
    0.0000   45.0000  -15.000012456.3975   22.6425
    7.5000   45.0000  -15.000012117.1514   22.6323
   -7.5000  -45.0000   -7.5000 7093.6079   25.6064
    0.0000  -45.0000   -7.5000 7541.4253   25.6121
    7.5000  -45.0000   -7.5000 7352.1196   25.6001
   -7.5000  -37.5000   -7.5000 7883.6143   24.7637
    0.0000  -37.5000   -7.5000 8383.5127   24.7836
    7.5000  -37.5000   -7.5000 8178.6885   24.7888
   -7.5000  -30.0000   -7.5000 9010.7031   24.1121
    0.0000  -30.0000   -7.5000 9601.4736   24.1259
    7.5000  -30.0000   -7.5000 9358.8574   24.1316
   -7.5000  -22.5000   -7.500010218.0381   23.7384
    0.0000  -22.5000   -7.500010884.7725   23.7269
    7.5000  -22.5000   -7.500010593.6006   23.7123
   -7.5000  -15.0000   -7.500011457.2793   23.7176
    0.0000  -15.0000   -7.500012184.3086   23.6891
    7.5000  -15.0000   -7.500011867.9033   23.6579
   -7.5000   -7.5000   -7.500012677.9980   23.7385
    0.0000   -7.5000   -7.500013523.9160   23.7178
    7.5000   -7.5000   -7.500013172.1670   23.6898
   -7.5000    0.0000   -7.500013859.9434   23.7366
    0.0000    0.0000   -7.500014818.9307   23.7390
    7.5000    0.0000   -7.500014433.1182   23.7288
   -7.5000    7.5000   -7.500013949.0371   23.7131
    0.0000    7.5000   -7.500014925.3867   23.7320
    7.5000    7.5000   -7.500014501.3496   23.7386
   -7.5000   15.0000   -7.500013797.3760   23.6939
    0.0000   15.0000   -7.500014722.5508   23.7067
    7.5000   15.0000   -7.500014273.6396   23.7122
   -7.5000   22.5000   -7.500013556.0078   23.6854
    0.0000   22.5000   -7.500014387.1729   23.6739
    7.5000   22.5000   -7.500013993.5898   23.6592
   -7.5000   30.0000   -7.500013259.2500   23.4099
    0.0000   30.0000   -7.500014079.6904   23.3818
    7.5000   30.0000   -7.500013670.7510   23.3510
   -7.5000   37.5000   -7.500013230.9951   23.4306
    0.0000   37.5000   -7.500014046.3701   23.4102
    7.5000   37.5000   -7.500013655.9326   23.3826
   -7.5000   45.0000   -7.500012605.5391   22.8776
    0.0000   45.0000   -7.500013357.7910   22.8800
    7.5000   45.0000   -7.500013042.3008   22.8701
   -7.5000  -45.0000    0.0000 7552.3784   25.6560
    0.0000  -45.0000    0.0000 8040.7114   25.6531
    7.5000  -45.0000    0.0000 7886.8184   25.6444
   -7.5000  -37.5000    0.0000 8381.9834   24.8213
    0.0000  -37.5000    0.0000 8938.5381   24.8353
    7.5000  -37.5000    0.0000 8750.0381   24.8392
   -7.5000  -30.0000    0.0000 9570.3477   24.1760
    0.0000  -30.0000    0.000010223.1230   24.1849
    7.5000  -30.0000    0.0000 9986.9297   24.1830
   -7.5000  -22.5000    0.000010847.0703   23.7977
    0.0000  -22.5000    0.000011584.9766   23.7799
    7.5000  -22.5000    0.000011301.9248   23.7545
   -7.5000  -15.0000    0.000012175.7520   23.7676
    0.0000  -15.0000    0.000012989.3984   23.7316
    7.5000  -15.0000    0.000012666.9932   23.6920
   -7.5000   -7.5000    0.000013484.9863   23.7793
    0.0000   -7.5000    0.000014435.9463   23.7515
    7.5000   -7.5000    0.000014077.1621   23.7226
   -7.5000    0.0000    0.000014782.6758   23.7794
    0.0000    0.0000    0.000015866.4648   23.7754
    7.5000    0.0000    0.000015437.9893   23.7680
   -7.5000    7.5000    0.000014941.4316   23.7684
    0.0000    7.5000    0.000016046.6455   23.7820
    7.5000    7.5000    0.000015567.9062   23.7875
   -7.5000   15.0000    0.000014806.7822   23.7563
    0.0000   15.0000    0.000015852.3262   23.7645
    7.5000   15.0000    0.000015335.0000   23.7626
   -7.5000   22.5000    0.000014501.1445   23.7444
    0.0000   22.5000    0.000015415.7822   23.7267
    7.5000   22.5000    0.000014964.2744   23.7014
   -7.5000   30.0000    0.000014150.9014   23.4599
    0.0000   30.0000    0.000015043.7236   23.4243
    7.5000   30.0000    0.000014607.5879   23.3853
   -7.5000   37.5000    0.000014099.5508   23.4715
    0.0000   37.5000    0.000015026.5107   23.4441
    7.5000   37.5000    0.000014596.5439   23.4156
   -7.5000   45.0000    0.000013440.5000   22.9206
    0.0000   45.0000    0.000014291.4199   22.9167
    7.5000   45.0000    0.000013921.5186   22.9096
   -7.5000  -45.0000    7.5000 7337.0098   25.6981
    0.0000  -45.0000    7.5000 7835.9736   25.6932
    7.5000  -45.0000    7.5000 7689.2588   25.6868
   -7.5000  -37.5000    7.5000 8190.5454   24.8453
    0.0000  -37.5000    7.5000 8739.7129   24.8572
    7.5000  -37.5000    7.5000 8572.3252   24.8613
   -7.5000  -30.0000    7.5000 9392.9316   24.1906
    0.0000  -30.0000    7.500010051.2480   24.2009
    7.5000  -30.0000    7.5000 9832.1650   24.1982
   -7.5000  -22.5000    7.500010662.3018   23.8134
    0.0000  -22.5000    7.500011395.1094   23.8013
    7.5000  -22.5000    7.500011128.8516   23.7764
   -7.5000  -15.0000    7.500011978.1279   23.7934
    0.0000  -15.0000    7.500012788.9229   23.7646
    7.5000  -15.0000    7.500012462.5957   23.7271
   -7.5000   -7.5000    7.500013264.3193   23.8127
    0.0000   -7.5000    7.500014220.2881   23.7890
    7.5000   -7.5000    7.500013822.3564   23.7630
   -7.5000    0.0000    7.500014541.9902   23.8108
    0.0000    0.0000    7.500015639.2656   23.8063
    7.5000    0.0000    7.500015170.9111   23.8012
   -7.5000    7.5000    7.500014850.0078   23.7901
    0.0000    7.5000    7.500015993.0869   23.8021
    7.5000    7.5000    7.500015435.1572   23.8077
   -7.5000   15.0000    7.500014859.5576   23.7699
    0.0000   15.0000    7.500016039.9795   23.7794
    7.5000   15.0000    7.500015343.3359   23.7768
   -7.5000   22.5000    7.500014565.8096   23.7600
    0.0000   22.5000    7.500015598.2988   23.7481
    7.5000   22.5000    7.500014938.1816   23.7232
   -7.5000   30.0000    7.500014144.3496   23.4854
    0.0000   30.0000    7.500015089.1445   23.4569
    7.5000   30.0000    7.500014493.3379   23.4199
   -7.5000   37.5000    7.500014082.0947   23.5045
    0.0000   37.5000    7.500015027.0195   23.4811
    7.5000   37.5000    7.500014459.5889   23.4555
   -7.5000   45.0000    7.500013425.2393   22.9508
    0.0000   45.0000    7.500014332.3096   22.9465
    7.5000   45.0000    7.500013808.9365   22.9416
   -7.5000  -45.0000   15.0000 7068.7627   25.7316
    0.0000  -45.0000   15.0000 7537.9502   25.7336
    7.5000  -45.0000   15.0000 7401.1152   25.7277
   -7.5000  -37.5000   15.0000 7887.1855   24.8562
    0.0000  -37.5000   15.0000 8438.9453   24.8721
    7.5000  -37.5000   15.0000 8269.6807   24.8786
   -7.5000  -30.0000   15.0000 9050.0186   24.1902
    0.0000  -30.0000   15.0000 9726.8369   24.2052
    7.5000  -30.0000   15.0000 9472.8994   24.2078
   -7.5000  -22.5000   15.000010292.2432   23.8181
    0.0000  -22.5000   15.000011066.4580   23.8149
    7.5000  -22.5000   15.000010710.0225   23.7982
   -7.5000  -15.0000   15.000011579.8740   23.8130
    0.0000  -15.0000   15.000012448.0576   23.7960
    7.5000  -15.0000   15.000012006.9619   23.7662
   -7.5000   -7.5000   15.000012837.2344   23.8444
    0.0000   -7.5000   15.000013803.2617   23.8303
    7.5000   -7.5000   15.000013309.5127   23.8080
   -7.5000    0.0000   15.000014156.0850   23.8378
    0.0000    0.0000   15.000015192.1602   23.8394
    7.5000    0.0000   15.000014641.2041   23.8353
   -7.5000    7.5000   15.000014616.5312   23.7996
    0.0000    7.5000   15.000015890.8887   23.8153
    7.5000    7.5000   15.000015049.4141   23.8230
   -7.5000   15.0000   15.000014836.7988   23.7691
    0.0000   15.0000   15.000016225.5869   23.7831
    7.5000   15.0000   15.000015133.5947   23.7856
   -7.5000   22.5000   15.000014535.2441   23.7647
    0.0000   22.5000   15.000015658.8740   23.7616
    7.5000   22.5000   15.000014655.4707   23.7449
   -7.5000   30.0000   15.000014016.3867   23.5047
    0.0000   30.0000   15.000014985.1855   23.4880
    7.5000   30.0000   15.000014119.7881   23.4585
   -7.5000   37.5000   15.000013926.0869   23.5358
    0.0000   37.5000   15.000014923.5049   23.5219
    7.5000   37.5000   15.000014078.0586   23.4999
   -7.5000   45.0000   15.000013240.7520   22.9769
    0.0000   45.0000   15.000014213.2803   22.9785
    7.5000   45.0000   15.000013419.7207   22.9745
   -7.5000  -45.0000   22.5000 6694.1885   25.7246
    0.0000  -45.0000   22.5000 7193.8052   25.7341
    7.5000  -45.0000   22.5000 7031.7163   25.7251
   -7.5000  -37.5000   22.5000 7523.8926   24.8448
    0.0000  -37.5000   22.5000 8079.2114   24.8677
    7.5000  -37.5000   22.5000 7902.7578   24.8761
   -7.5000  -30.0000   22.5000 8701.2441   24.1750
    0.0000  -30.0000   22.5000 9324.9268   24.1959
    7.5000  -30.0000   22.5000 9078.3184   24.2057
   -7.5000  -22.5000   22.5000 9923.7910   23.8058
    0.0000  -22.5000   22.500010593.1074   23.8082
    7.5000  -22.5000   22.500010283.7559   23.8004
   -7.5000  -15.0000   22.500011169.7090   23.8057
    0.0000  -15.0000   22.500011921.9473   23.7937
    7.5000  -15.0000   22.500011538.8223   23.7700
   -7.5000   -7.5000   22.500012398.0938   23.8430
    0.0000   -7.5000   22.500013264.7588   23.8335
    7.5000   -7.5000   22.500012755.9287   23.8108
   -7.5000    0.0000   22.500013640.2002   23.8353
    0.0000    0.0000   22.500014656.2471   23.8425
    7.5000    0.0000   22.500013975.1221   23.8356
   -7.5000    7.5000   22.500014012.8789   23.7889
    0.0000    7.5000   22.500015357.2920   23.8109
    7.5000    7.5000   22.500014344.6211   23.8202
   -7.5000   15.0000   22.500014183.5078   23.7546
    0.0000   15.0000   22.500015679.2402   23.7743
    7.5000   15.0000   22.500014390.2148   23.7837
   -7.5000   22.5000   22.500013990.0332   23.7526
    0.0000   22.5000   22.500015329.1553   23.7550
    7.5000   22.5000   22.500014052.9102   23.7471
   -7.5000   30.0000   22.500013548.2295   23.4975
    0.0000   30.0000   22.500014741.3525   23.4857
    7.5000   30.0000   22.500013613.4512   23.4623
   -7.5000   37.5000   22.500013465.1006   23.5344
    0.0000   37.5000   22.500014569.0098   23.5250
    7.5000   37.5000   22.500013526.1055   23.5027
   -7.5000   45.0000   22.500012761.1016   22.9745
    0.0000   45.0000   22.500013714.6514   22.9814
    7.5000   45.0000   22.500012862.2266   22.9747
   -7.5000  -45.0000   30.0000 6275.4810   25.7043
    0.0000  -45.0000   30.0000 6734.9644   25.7155
    7.5000  -45.0000   30.0000 6593.4941   25.7027
   -7.5000  -37.5000   30.0000 7088.2803   24.8371
    0.0000  -37.5000   30.0000 7619.1392   24.8620
    7.5000  -37.5000   30.0000 7421.8501   24.8694
   -7.5000  -30.0000   30.0000 8213.3184   24.1709
    0.0000  -30.0000   30.0000 8837.0674   24.1919
    7.5000  -30.0000   30.0000 8541.9990   24.2042
   -7.5000  -22.5000   30.0000 9368.9229   23.8002
    0.0000  -22.5000   30.000010054.4248   23.7998
    7.5000  -22.5000   30.0000 9679.3672   23.7947
   -7.5000  -15.0000   30.000010556.1338   23.7942
    0.0000  -15.0000   30.000011332.5439   23.7779
    7.5000  -15.0000   30.000010844.8506   23.7550
   -7.5000   -7.5000   30.000011724.5908   23.8286
    0.0000   -7.5000   30.000012578.2656   23.8164
    7.5000   -7.5000   30.000011995.5098   23.7912
   -7.5000    0.0000   30.000012973.9609   23.8238
    0.0000    0.0000   30.000013921.1533   23.8312
    7.5000    0.0000   30.000013237.8086   23.8206
   -7.5000    7.5000   30.000013256.7881   23.7824
    0.0000    7.5000   30.000014313.6699   23.8059
    7.5000    7.5000   30.000013551.3223   23.8145
   -7.5000   15.0000   30.000013260.1436   23.7512
    0.0000   15.0000   30.000014280.6064   23.7709
    7.5000   15.0000   30.000013535.0576   23.7826
   -7.5000   22.5000   30.000013032.3936   23.7470
    0.0000   22.5000   30.000013953.7852   23.7466
    7.5000   22.5000   30.000013261.6260   23.7414
   -7.5000   30.0000   30.000012729.9678   23.4862
    0.0000   30.0000   30.000013634.3955   23.4701
    7.5000   30.0000   30.000012954.6738   23.4474
   -7.5000   37.5000   30.000012744.7490   23.5202
    0.0000   37.5000   30.000013634.0400   23.5082
    7.5000   37.5000   30.000012927.9434   23.4833
   -7.5000   45.0000   30.000012109.7725   22.9634
    0.0000   45.0000   30.000012931.0654   22.9705
    7.5000   45.0000   30.000012256.0137   22.9603
   -7.5000  -45.0000   37.5000 6018.6812   25.7039
    0.0000  -45.0000   37.5000 6480.0947   25.7095
    7.5000  -45.0000   37.5000 6317.7534   25.6975
   -7.5000  -37.5000   37.5000 6833.9487   24.8577
    0.0000  -37.5000   37.5000 7358.8315   24.8776
    7.5000  -37.5000   37.5000 7135.8066   24.8828
   -7.5000  -30.0000   37.5000 7944.8872   24.2033
    0.0000  -30.0000   37.5000 8553.3691   24.2170
    7.5000  -30.0000   37.5000 8266.9023   24.2229
   -7.5000  -22.5000   37.5000 9095.9756   23.8270
    0.0000  -22.5000   37.5000 9737.4365   23.8154
    7.5000  -22.5000   37.5000 9372.4131   23.8007
   -7.5000  -15.0000   37.500010231.5527   23.8057
    0.0000  -15.0000   37.500010898.8857   23.7771
    7.5000  -15.0000   37.500010506.9834   23.7459
   -7.5000   -7.5000   37.500011350.8232   23.8271
    0.0000   -7.5000   37.500012060.9004   23.8062
    7.5000   -7.5000   37.500011637.9453   23.7781
   -7.5000    0.0000   37.500012462.1035   23.8257
    0.0000    0.0000   37.500013265.9150   23.8281
    7.5000    0.0000   37.500012808.7188   23.8177
   -7.5000    7.5000   37.500012649.7256   23.8024
    0.0000    7.5000   37.500013506.0684   23.8213
    7.5000    7.5000   37.500013012.9727   23.8279
   -7.5000   15.0000   37.500012628.5146   23.7828
    0.0000   15.0000   37.500013417.7188   23.7955
    7.5000   15.0000   37.500012921.1660   23.8011
   -7.5000   22.5000   37.500012405.0752   23.7737
    0.0000   22.5000   37.500013151.9502   23.7621
    7.5000   22.5000   37.500012653.2031   23.7475
   -7.5000   30.0000   37.500012139.4844   23.4976
    0.0000   30.0000   37.500012860.6377   23.4693
    7.5000   30.0000   37.500012373.2461   23.4385
   -7.5000   37.5000   37.500012203.1504   23.5187
    0.0000   37.5000   37.500012940.4385   23.4981
    7.5000   37.5000   37.500012406.3320   23.4703
   -7.5000   45.0000   37.500011701.9463   22.9652
    0.0000   45.0000   37.500012388.8154   22.9675
    7.5000   45.0000   37.500011849.3770   22.9575
   -7.5000  -45.0000   45.0000 5504.8853   25.9244
    0.0000  -45.0000   45.0000 5938.8721   25.9205
    7.5000  -45.0000   45.0000 5769.0649   25.9120
   -7.5000  -37.5000   45.0000 6278.0674   25.0684
    0.0000  -37.5000   45.0000 6747.3745   25.0819
    7.5000  -37.5000   45.0000 6545.1626   25.0862
   -7.5000  -30.0000   45.0000 7303.2808   24.4069
    0.0000  -30.0000   45.0000 7831.2017   24.4151
    7.5000  -30.0000   45.0000 7590.7119   24.4133
   -7.5000  -22.5000   45.0000 8342.6191   24.0182
    0.0000  -22.5000   45.0000 8883.1045   23.9990
    7.5000  -22.5000   45.0000 8591.7275   23.9731
   -7.5000  -15.0000   45.0000 9349.9316   23.9873
    0.0000  -15.0000   45.0000 9915.9170   23.9496
    7.5000  -15.0000   45.0000 9609.2441   23.9092
   -7.5000   -7.5000   45.000010366.0264   24.0002
    0.0000   -7.5000   45.000010981.8047   23.9710
    7.5000   -7.5000   45.000010635.4961   23.9416
   -7.5000    0.0000   45.000011370.6445   24.0010
    0.0000    0.0000   45.000012069.6719   23.9962
    7.5000    0.0000   45.000011711.4697   23.9889
   -7.5000    7.5000   45.000011534.2314   23.9895
    0.0000    7.5000   45.000012259.8389   24.0027
    7.5000    7.5000   45.000011877.1504   24.0086
   -7.5000   15.0000   45.000011526.5371   23.9764
    0.0000   15.0000   45.000012182.6621   23.9839
    7.5000   15.0000   45.000011757.8477   23.9822
   -7.5000   22.5000   45.000011350.3555   23.9637
    0.0000   22.5000   45.000011956.0459   23.9446
    7.5000   22.5000   45.000011528.3193   23.9188
   -7.5000   30.0000   45.000011102.9648   23.6747
    0.0000   30.0000   45.000011697.7539   23.6375
    7.5000   30.0000   45.000011264.5078   23.5976
   -7.5000   37.5000   45.000011169.6074   23.6875
    0.0000   37.5000   45.000011769.2061   23.6588
    7.5000   37.5000   45.000011320.6543   23.6297
   -7.5000   45.0000   45.000010748.5098   23.1447
    0.0000   45.0000   45.000011324.3965   23.1401
    7.5000   45.0000   45.000010854.9668   23.1330

---------------------------------------------------------------------
imgreg_4dfp /opt/freesurfer/average/711-2C_as_mni_average_305 /opt/freesurfer/average/711-2B_as_mni_average_305_mask talsrcimg_g11 none talsrcimg_to_711-2C_as_mni_average_305_t4 4355
---------------------------------------------------------------------

freesurfer imgreg_4dfp.c
/opt/freesurfer/average/711-2C_as_mni_average_305.4dfp.img
       256       256       256         1
  1.000000  1.000000  1.000000
orientation T byte_order littleendian
Reading image: /opt/freesurfer/average/711-2C_as_mni_average_305.4dfp.img
dimensions:      256       256       256
mmppix:       1.0000   -1.0000   -1.0000
center:     128.0000 -129.0000 -129.0000
/opt/freesurfer/average/711-2B_as_mni_average_305_mask.4dfp.img
       256       256       256         1
  1.000000  1.000000  1.000000
orientation T byte_order littleendian
Reading mask: /opt/freesurfer/average/711-2B_as_mni_average_305_mask.4dfp.img (2306576 pixels)
talsrcimg_g11.4dfp.img
       256       256       256         1
  1.000000  1.000000  1.000000
orientation T byte_order littleendian
Reading image: talsrcimg_g11.4dfp.img
dimensions:      256       256       256
mmppix:       1.0000   -1.0000   -1.0000
center:     128.0000 -129.0000 -129.0000
rotation matrix determinant  1.000000
image alignment mode   4355 decimal     1103 hex
   -7.5000  -30.0000  -30.0000 1976.9722   31.9120
    0.0000  -30.0000  -30.0000 1998.8156   31.3898
    7.5000  -30.0000  -30.0000 2004.5687   30.9895
   -7.5000  -22.5000  -30.0000 2106.7134   28.4592
    0.0000  -22.5000  -30.0000 2126.6174   27.8885
    7.5000  -22.5000  -30.0000 2132.1572   27.5521
   -7.5000  -15.0000  -30.0000 2218.1768   25.6249
    0.0000  -15.0000  -30.0000 2239.6658   25.1284
    7.5000  -15.0000  -30.0000 2247.1675   24.8972
   -7.5000   -7.5000  -30.0000 2313.5327   23.4338
    0.0000   -7.5000  -30.0000 2337.8752   22.9740
    7.5000   -7.5000  -30.0000 2340.9124   22.7913
   -7.5000    0.0000  -30.0000 2385.7769   21.9776
    0.0000    0.0000  -30.0000 2411.2573   21.4655
    7.5000    0.0000  -30.0000 2406.0432   21.2903
   -7.5000    7.5000  -30.0000 2425.4292   20.9827
    0.0000    7.5000  -30.0000 2445.2275   20.3906
    7.5000    7.5000  -30.0000 2436.3784   20.2767
   -7.5000   15.0000  -30.0000 2449.1287   20.2715
    0.0000   15.0000  -30.0000 2466.0344   19.7141
    7.5000   15.0000  -30.0000 2459.9075   19.5488
   -7.5000   22.5000  -30.0000 2459.1748   20.0246
    0.0000   22.5000  -30.0000 2477.8506   19.4857
    7.5000   22.5000  -30.0000 2471.8020   19.3177
   -7.5000   30.0000  -30.0000 2448.0862   20.1417
    0.0000   30.0000  -30.0000 2473.5410   19.6093
    7.5000   30.0000  -30.0000 2466.4429   19.4328
   -7.5000   37.5000  -30.0000 2427.9087   20.6926
    0.0000   37.5000  -30.0000 2455.2356   20.1432
    7.5000   37.5000  -30.0000 2447.5540   19.9294
   -7.5000   45.0000  -30.0000 2380.0291   21.5399
    0.0000   45.0000  -30.0000 2410.5286   20.9823
    7.5000   45.0000  -30.0000 2403.1633   20.7954
   -7.5000   52.5000  -30.0000 2291.9153   22.5249
    0.0000   52.5000  -30.0000 2317.6350   22.0435
    7.5000   52.5000  -30.0000 2312.9153   21.8617
   -7.5000   60.0000  -30.0000 2161.5022   23.6910
    0.0000   60.0000  -30.0000 2181.5256   23.2034
    7.5000   60.0000  -30.0000 2176.6147   23.0691
   -7.5000  -30.0000  -22.5000 2057.1965   30.8513
    0.0000  -30.0000  -22.5000 2076.7727   30.1384
    7.5000  -30.0000  -22.5000 2079.1804   29.7992
   -7.5000  -22.5000  -22.5000 2194.3457   27.3940
    0.0000  -22.5000  -22.5000 2219.0872   26.7893
    7.5000  -22.5000  -22.5000 2221.1101   26.4716
   -7.5000  -15.0000  -22.5000 2318.8621   24.6448
    0.0000  -15.0000  -22.5000 2343.9678   24.1276
    7.5000  -15.0000  -22.5000 2344.0776   23.8778
   -7.5000   -7.5000  -22.5000 2418.2554   22.4959
    0.0000   -7.5000  -22.5000 2443.4099   21.9918
    7.5000   -7.5000  -22.5000 2442.2556   21.7731
   -7.5000    0.0000  -22.5000 2498.8569   20.9824
    0.0000    0.0000  -22.5000 2522.4951   20.4460
    7.5000    0.0000  -22.5000 2522.2307   20.2245
   -7.5000    7.5000  -22.5000 2552.2986   19.9256
    0.0000    7.5000  -22.5000 2568.8704   19.3535
    7.5000    7.5000  -22.5000 2567.5288   19.2428
   -7.5000   15.0000  -22.5000 2579.4197   19.2036
    0.0000   15.0000  -22.5000 2591.6592   18.6596
    7.5000   15.0000  -22.5000 2592.0427   18.5640
   -7.5000   22.5000  -22.5000 2595.5386   18.9285
    0.0000   22.5000  -22.5000 2606.3787   18.3873
    7.5000   22.5000  -22.5000 2599.5681   18.3076
   -7.5000   30.0000  -22.5000 2584.9175   19.0661
    0.0000   30.0000  -22.5000 2603.6331   18.5412
    7.5000   30.0000  -22.5000 2595.9604   18.4429
   -7.5000   37.5000  -22.5000 2560.9507   19.5301
    0.0000   37.5000  -22.5000 2585.8635   19.0312
    7.5000   37.5000  -22.5000 2580.9417   18.9005
   -7.5000   45.0000  -22.5000 2506.4221   20.2849
    0.0000   45.0000  -22.5000 2539.5320   19.7773
    7.5000   45.0000  -22.5000 2532.6677   19.7047
   -7.5000   52.5000  -22.5000 2412.5051   21.1691
    0.0000   52.5000  -22.5000 2443.9292   20.7244
    7.5000   52.5000  -22.5000 2436.1655   20.6280
   -7.5000   60.0000  -22.5000 2273.7891   22.3042
    0.0000   60.0000  -22.5000 2303.9114   21.8590
    7.5000   60.0000  -22.5000 2291.8459   21.7670
   -7.5000  -30.0000  -15.0000 2101.8479   29.7574
    0.0000  -30.0000  -15.0000 2125.4346   28.9829
    7.5000  -30.0000  -15.0000 2132.0161   28.7312
   -7.5000  -22.5000  -15.0000 2251.9771   26.3821
    0.0000  -22.5000  -15.0000 2283.0095   25.7336
    7.5000  -22.5000  -15.0000 2280.5503   25.4227
   -7.5000  -15.0000  -15.0000 2377.7021   23.6345
    0.0000  -15.0000  -15.0000 2408.5427   23.0420
    7.5000  -15.0000  -15.0000 2405.4131   22.7786
   -7.5000   -7.5000  -15.0000 2482.7649   21.5077
    0.0000   -7.5000  -15.0000 2512.2871   20.9755
    7.5000   -7.5000  -15.0000 2507.0474   20.7291
   -7.5000    0.0000  -15.0000 2572.6897   19.9887
    0.0000    0.0000  -15.0000 2597.5237   19.4255
    7.5000    0.0000  -15.0000 2594.3887   19.2063
   -7.5000    7.5000  -15.0000 2632.0273   18.8827
    0.0000    7.5000  -15.0000 2653.6460   18.3285
    7.5000    7.5000  -15.0000 2653.5459   18.1368
   -7.5000   15.0000  -15.0000 2666.6506   18.1375
    0.0000   15.0000  -15.0000 2682.6592   17.5945
    7.5000   15.0000  -15.0000 2684.9023   17.4884
   -7.5000   22.5000  -15.0000 2686.6204   17.7936
    0.0000   22.5000  -15.0000 2705.4373   17.3067
    7.5000   22.5000  -15.0000 2698.2380   17.2355
   -7.5000   30.0000  -15.0000 2685.3850   17.9226
    0.0000   30.0000  -15.0000 2714.5776   17.4358
    7.5000   30.0000  -15.0000 2703.6433   17.3741
   -7.5000   37.5000  -15.0000 2663.7244   18.3497
    0.0000   37.5000  -15.0000 2696.6624   17.8752
    7.5000   37.5000  -15.0000 2687.2971   17.8126
   -7.5000   45.0000  -15.0000 2604.3667   19.0757
    0.0000   45.0000  -15.0000 2641.4150   18.5844
    7.5000   45.0000  -15.0000 2635.2271   18.5544
   -7.5000   52.5000  -15.0000 2510.3738   19.9719
    0.0000   52.5000  -15.0000 2543.1523   19.4950
    7.5000   52.5000  -15.0000 2534.0928   19.4842
   -7.5000   60.0000  -15.0000 2367.8491   21.0601
    0.0000   60.0000  -15.0000 2390.0049   20.5830
    7.5000   60.0000  -15.0000 2382.9138   20.5322
   -7.5000  -30.0000   -7.5000 2136.3223   28.7898
    0.0000  -30.0000   -7.5000 2161.2910   28.0295
    7.5000  -30.0000   -7.5000 2158.0964   27.6130
   -7.5000  -22.5000   -7.5000 2284.1333   25.3916
    0.0000  -22.5000   -7.5000 2316.2493   24.7221
    7.5000  -22.5000   -7.5000 2310.0520   24.3600
   -7.5000  -15.0000   -7.5000 2414.9692   22.7062
    0.0000  -15.0000   -7.5000 2441.6047   22.0626
    7.5000  -15.0000   -7.5000 2440.2761   21.7831
   -7.5000   -7.5000   -7.5000 2525.9377   20.6234
    0.0000   -7.5000   -7.5000 2556.9585   20.0420
    7.5000   -7.5000   -7.5000 2555.5576   19.7908
   -7.5000    0.0000   -7.5000 2622.5566   19.0788
    0.0000    0.0000   -7.5000 2654.4478   18.5064
    7.5000    0.0000   -7.5000 2649.7632   18.2503
   -7.5000    7.5000   -7.5000 2696.6787   17.9477
    0.0000    7.5000   -7.5000 2724.6685   17.4064
    7.5000    7.5000   -7.5000 2718.8655   17.1461
   -7.5000   15.0000   -7.5000 2738.1804   17.1554
    0.0000   15.0000   -7.5000 2764.5205   16.6244
    7.5000   15.0000   -7.5000 2757.0422   16.4611
   -7.5000   22.5000   -7.5000 2764.8525   16.7454
    0.0000   22.5000   -7.5000 2785.6150   16.2010
    7.5000   22.5000   -7.5000 2778.5159   16.1383
   -7.5000   30.0000   -7.5000 2771.4827   16.8469
    0.0000   30.0000   -7.5000 2797.3774   16.3154
    7.5000   30.0000   -7.5000 2785.5422   16.2778
   -7.5000   37.5000   -7.5000 2746.9497   17.2824
    0.0000   37.5000   -7.5000 2781.3032   16.7586
    7.5000   37.5000   -7.5000 2770.9956   16.7199
   -7.5000   45.0000   -7.5000 2693.4265   17.9348
    0.0000   45.0000   -7.5000 2726.9795   17.4438
    7.5000   45.0000   -7.5000 2723.9067   17.4268
   -7.5000   52.5000   -7.5000 2591.2520   18.8224
    0.0000   52.5000   -7.5000 2623.1191   18.3478
    7.5000   52.5000   -7.5000 2614.6860   18.3409
   -7.5000   60.0000   -7.5000 2435.8579   19.9429
    0.0000   60.0000   -7.5000 2462.9236   19.4653
    7.5000   60.0000   -7.5000 2456.8171   19.4487
   -7.5000  -30.0000    0.0000 2141.4250   28.2577
    0.0000  -30.0000    0.0000 2167.3040   27.3978
    7.5000  -30.0000    0.0000 2164.6685   26.8914
   -7.5000  -22.5000    0.0000 2289.3809   24.7956
    0.0000  -22.5000    0.0000 2320.5696   24.0221
    7.5000  -22.5000    0.0000 2316.1689   23.5689
   -7.5000  -15.0000    0.0000 2424.0276   22.1167
    0.0000  -15.0000    0.0000 2454.2397   21.4023
    7.5000  -15.0000    0.0000 2452.8557   21.0043
   -7.5000   -7.5000    0.0000 2545.9050   20.0626
    0.0000   -7.5000    0.0000 2579.1802   19.4361
    7.5000   -7.5000    0.0000 2575.6907   19.0736
   -7.5000    0.0000    0.0000 2652.6711   18.4804
    0.0000    0.0000    0.0000 2685.0276   17.8902
    7.5000    0.0000    0.0000 2679.3313   17.5672
   -7.5000    7.5000    0.0000 2741.9856   17.3321
    0.0000    7.5000    0.0000 2770.2656   16.7574
    7.5000    7.5000    0.0000 2766.7810   16.4511
   -7.5000   15.0000    0.0000 2801.6553   16.5204
    0.0000   15.0000    0.0000 2825.0715   15.9221
    7.5000   15.0000    0.0000 2818.3101   15.6947
   -7.5000   22.5000    0.0000 2837.5247   15.9813
    0.0000   22.5000    0.0000 2853.1196   15.3886
    7.5000   22.5000    0.0000 2845.5176   15.2923
   -7.5000   30.0000    0.0000 2845.2539   16.0254
    0.0000   30.0000    0.0000 2862.9866   15.4386
    7.5000   30.0000    0.0000 2851.7598   15.3856
   -7.5000   37.5000    0.0000 2812.4355   16.4278
    0.0000   37.5000    0.0000 2844.7935   15.8847
    7.5000   37.5000    0.0000 2834.6606   15.8073
   -7.5000   45.0000    0.0000 2756.0337   17.1035
    0.0000   45.0000    0.0000 2789.6892   16.5812
    7.5000   45.0000    0.0000 2783.7026   16.5423
   -7.5000   52.5000    0.0000 2651.7456   18.0127
    0.0000   52.5000    0.0000 2683.5593   17.5095
    7.5000   52.5000    0.0000 2671.8457   17.5251
   -7.5000   60.0000    0.0000 2483.3823   19.1434
    0.0000   60.0000    0.0000 2518.1890   18.6489
    7.5000   60.0000    0.0000 2506.0601   18.6630
   -7.5000  -30.0000    7.5000 2144.8538   28.3027
    0.0000  -30.0000    7.5000 2171.6646   27.3238
    7.5000  -30.0000    7.5000 2163.9851   26.7116
   -7.5000  -22.5000    7.5000 2293.1074   24.7431
    0.0000  -22.5000    7.5000 2320.2202   23.8125
    7.5000  -22.5000    7.5000 2315.1025   23.3264
   -7.5000  -15.0000    7.5000 2429.0237   22.0278
    0.0000  -15.0000    7.5000 2449.4185   21.1810
    7.5000  -15.0000    7.5000 2446.6792   20.7329
   -7.5000   -7.5000    7.5000 2553.6746   19.9329
    0.0000   -7.5000    7.5000 2578.9688   19.1665
    7.5000   -7.5000    7.5000 2570.2241   18.7239
   -7.5000    0.0000    7.5000 2665.6455   18.2817
    0.0000    0.0000    7.5000 2692.4260   17.5996
    7.5000    0.0000    7.5000 2681.5818   17.1840
   -7.5000    7.5000    7.5000 2769.0669   17.0772
    0.0000    7.5000    7.5000 2793.4976   16.4714
    7.5000    7.5000    7.5000 2787.5867   16.0689
   -7.5000   15.0000    7.5000 2846.3386   16.2557
    0.0000   15.0000    7.5000 2873.3298   15.6478
    7.5000   15.0000    7.5000 2859.1270   15.3026
   -7.5000   22.5000    7.5000 2893.9358   15.6346
    0.0000   22.5000    7.5000 2910.5112   14.9877
    7.5000   22.5000    7.5000 2896.9390   14.8093
   -7.5000   30.0000    7.5000 2899.9021   15.5932
    0.0000   30.0000    7.5000 2920.9138   14.9391
    7.5000   30.0000    7.5000 2901.2437   14.8333
   -7.5000   37.5000    7.5000 2874.1208   15.9653
    0.0000   37.5000    7.5000 2897.5771   15.3840
    7.5000   37.5000    7.5000 2878.1377   15.2956
   -7.5000   45.0000    7.5000 2814.3926   16.6617
    0.0000   45.0000    7.5000 2837.8760   16.0736
    7.5000   45.0000    7.5000 2822.9915   16.0692
   -7.5000   52.5000    7.5000 2698.5088   17.5744
    0.0000   52.5000    7.5000 2726.5801   17.0123
    7.5000   52.5000    7.5000 2711.7861   17.0436
   -7.5000   60.0000    7.5000 2527.8601   18.7579
    0.0000   60.0000    7.5000 2552.6812   18.1816
    7.5000   60.0000    7.5000 2538.4312   18.2070
   -7.5000  -30.0000   15.0000 2132.8215   28.5872
    0.0000  -30.0000   15.0000 2156.8459   27.5687
    7.5000  -30.0000   15.0000 2143.2358   26.7605
   -7.5000  -22.5000   15.0000 2275.1025   24.9290
    0.0000  -22.5000   15.0000 2298.6204   24.0295
    7.5000  -22.5000   15.0000 2284.3691   23.3471
   -7.5000  -15.0000   15.0000 2411.1836   22.1691
    0.0000  -15.0000   15.0000 2429.4214   21.3429
    7.5000  -15.0000   15.0000 2409.3013   20.6825
   -7.5000   -7.5000   15.0000 2535.2375   19.9825
    0.0000   -7.5000   15.0000 2559.3606   19.2784
    7.5000   -7.5000   15.0000 2535.9995   18.6759
   -7.5000    0.0000   15.0000 2658.1880   18.2907
    0.0000    0.0000   15.0000 2677.8521   17.6364
    7.5000    0.0000   15.0000 2656.9990   17.0727
   -7.5000    7.5000   15.0000 2779.0588   17.1354
    0.0000    7.5000   15.0000 2796.5938   16.5254
    7.5000    7.5000   15.0000 2775.6584   15.9700
   -7.5000   15.0000   15.0000 2873.1707   16.3590
    0.0000   15.0000   15.0000 2903.3203   15.8724
    7.5000   15.0000   15.0000 2867.9998   15.2454
   -7.5000   22.5000   15.0000 2928.0400   15.6580
    0.0000   22.5000   15.0000 2964.0017   15.1413
    7.5000   22.5000   15.0000 2913.2454   14.6666
   -7.5000   30.0000   15.0000 2928.8887   15.3910
    0.0000   30.0000   15.0000 2963.9023   14.8502
    7.5000   30.0000   15.0000 2912.8979   14.5494
   -7.5000   37.5000   15.0000 2901.9470   15.6861
    0.0000   37.5000   15.0000 2932.2095   15.1521
    7.5000   37.5000   15.0000 2891.4946   14.9813
   -7.5000   45.0000   15.0000 2828.2307   16.4113
    0.0000   45.0000   15.0000 2857.1980   15.9618
    7.5000   45.0000   15.0000 2827.3372   15.8148
   -7.5000   52.5000   15.0000 2706.9531   17.3259
    0.0000   52.5000   15.0000 2739.5459   16.9118
    7.5000   52.5000   15.0000 2716.1313   16.7707
   -7.5000   60.0000   15.0000 2539.8423   18.4643
    0.0000   60.0000   15.0000 2567.7839   18.0492
    7.5000   60.0000   15.0000 2546.8052   17.8987
   -7.5000  -30.0000   22.5000 2110.8562   29.4270
    0.0000  -30.0000   22.5000 2129.8918   28.2108
    7.5000  -30.0000   22.5000 2113.7771   27.3317
   -7.5000  -22.5000   22.5000 2254.6938   25.5101
    0.0000  -22.5000   22.5000 2266.9561   24.4022
    7.5000  -22.5000   22.5000 2250.2104   23.7253
   -7.5000  -15.0000   22.5000 2389.9231   22.5594
    0.0000  -15.0000   22.5000 2393.7375   21.5507
    7.5000  -15.0000   22.5000 2376.9072   20.9989
   -7.5000   -7.5000   22.5000 2510.7244   20.3153
    0.0000   -7.5000   22.5000 2518.9060   19.5019
    7.5000   -7.5000   22.5000 2502.0776   18.9146
   -7.5000    0.0000   22.5000 2634.4536   18.6162
    0.0000    0.0000   22.5000 2648.2209   17.9558
    7.5000    0.0000   22.5000 2622.3098   17.2913
   -7.5000    7.5000   22.5000 2758.8984   17.4422
    0.0000    7.5000   22.5000 2787.2961   16.9465
    7.5000    7.5000   22.5000 2742.2566   16.2045
   -7.5000   15.0000   22.5000 2853.0420   16.5481
    0.0000   15.0000   22.5000 2900.4922   16.2941
    7.5000   15.0000   22.5000 2838.2012   15.4648
   -7.5000   22.5000   22.5000 2910.2842   15.8535
    0.0000   22.5000   22.5000 2965.8535   15.5277
    7.5000   22.5000   22.5000 2886.4351   14.8891
   -7.5000   30.0000   22.5000 2925.7483   15.5639
    0.0000   30.0000   22.5000 2967.1567   15.1108
    7.5000   30.0000   22.5000 2908.7163   14.7468
   -7.5000   37.5000   22.5000 2902.1638   15.7713
    0.0000   37.5000   22.5000 2935.9473   15.3585
    7.5000   37.5000   22.5000 2893.5103   15.1178
   -7.5000   45.0000   22.5000 2824.5173   16.5013
    0.0000   45.0000   22.5000 2853.7405   16.0843
    7.5000   45.0000   22.5000 2830.7954   15.9204
   -7.5000   52.5000   22.5000 2699.3337   17.4616
    0.0000   52.5000   22.5000 2726.0269   16.9752
    7.5000   52.5000   22.5000 2715.1248   16.8896
   -7.5000   60.0000   22.5000 2534.9199   18.5655
    0.0000   60.0000   22.5000 2558.6221   18.0656
    7.5000   60.0000   22.5000 2550.8484   18.0079
   -7.5000  -30.0000   30.0000 2077.5571   30.3994
    0.0000  -30.0000   30.0000 2085.6875   29.0803
    7.5000  -30.0000   30.0000 2069.0723   28.0890
   -7.5000  -22.5000   30.0000 2220.7668   26.3391
    0.0000  -22.5000   30.0000 2224.2439   25.1973
    7.5000  -22.5000   30.0000 2204.8220   24.3814
   -7.5000  -15.0000   30.0000 2354.2148   23.3124
    0.0000  -15.0000   30.0000 2357.9692   22.3842
    7.5000  -15.0000   30.0000 2332.1951   21.6293
   -7.5000   -7.5000   30.0000 2475.0845   21.0139
    0.0000   -7.5000   30.0000 2482.3730   20.2492
    7.5000   -7.5000   30.0000 2455.0808   19.5451
   -7.5000    0.0000   30.0000 2600.9038   19.3346
    0.0000    0.0000   30.0000 2608.9714   18.6367
    7.5000    0.0000   30.0000 2584.8530   17.9937
   -7.5000    7.5000   30.0000 2719.0029   18.0628
    0.0000    7.5000   30.0000 2731.6641   17.4664
    7.5000    7.5000   30.0000 2710.7390   16.8709
   -7.5000   15.0000   30.0000 2810.2988   17.0260
    0.0000   15.0000   30.0000 2840.9392   16.5266
    7.5000   15.0000   30.0000 2809.6304   16.0133
   -7.5000   22.5000   30.0000 2876.7620   16.3008
    0.0000   22.5000   30.0000 2914.1050   15.7061
    7.5000   22.5000   30.0000 2873.7534   15.4437
   -7.5000   30.0000   30.0000 2898.7427   16.0957
    0.0000   30.0000   30.0000 2938.1160   15.5442
    7.5000   30.0000   30.0000 2899.3452   15.3502
   -7.5000   37.5000   30.0000 2877.9575   16.3835
    0.0000   37.5000   30.0000 2910.8606   15.9044
    7.5000   37.5000   30.0000 2878.3394   15.7401
   -7.5000   45.0000   30.0000 2795.6550   17.0746
    0.0000   45.0000   30.0000 2826.9575   16.6177
    7.5000   45.0000   30.0000 2803.6226   16.4761
   -7.5000   52.5000   30.0000 2665.7473   17.9494
    0.0000   52.5000   30.0000 2689.8757   17.4899
    7.5000   52.5000   30.0000 2680.6077   17.4083
   -7.5000   60.0000   30.0000 2503.4568   18.9656
    0.0000   60.0000   30.0000 2525.9919   18.4992
    7.5000   60.0000   30.0000 2515.3174   18.3897
   -7.5000  -30.0000   37.5000 2032.9253   31.9093
    0.0000  -30.0000   37.5000 2037.0350   30.5688
    7.5000  -30.0000   37.5000 2021.8755   29.5253
   -7.5000  -22.5000   37.5000 2181.0127   27.6398
    0.0000  -22.5000   37.5000 2180.5178   26.4479
    7.5000  -22.5000   37.5000 2168.0916   25.7201
   -7.5000  -15.0000   37.5000 2314.7014   24.4316
    0.0000  -15.0000   37.5000 2315.5811   23.4004
    7.5000  -15.0000   37.5000 2300.1584   22.8011
   -7.5000   -7.5000   37.5000 2436.9399   22.0216
    0.0000   -7.5000   37.5000 2437.9583   21.0812
    7.5000   -7.5000   37.5000 2424.5173   20.5858
   -7.5000    0.0000   37.5000 2556.4663   20.2132
    0.0000    0.0000   37.5000 2562.2178   19.3714
    7.5000    0.0000   37.5000 2551.1763   18.9081
   -7.5000    7.5000   37.5000 2672.4333   18.8171
    0.0000    7.5000   37.5000 2679.7251   18.1037
    7.5000    7.5000   37.5000 2667.4075   17.6543
   -7.5000   15.0000   37.5000 2766.8643   17.7536
    0.0000   15.0000   37.5000 2782.3662   17.0216
    7.5000   15.0000   37.5000 2761.7473   16.7256
   -7.5000   22.5000   37.5000 2824.6060   17.0328
    0.0000   22.5000   37.5000 2855.4558   16.3703
    7.5000   22.5000   37.5000 2819.7004   16.1667
   -7.5000   30.0000   37.5000 2847.2771   16.8693
    0.0000   30.0000   37.5000 2877.6172   16.2922
    7.5000   30.0000   37.5000 2849.3884   16.0813
   -7.5000   37.5000   37.5000 2822.7668   17.1625
    0.0000   37.5000   37.5000 2850.3618   16.6421
    7.5000   37.5000   37.5000 2826.6758   16.4519
   -7.5000   45.0000   37.5000 2753.4158   17.8520
    0.0000   45.0000   37.5000 2774.8247   17.3471
    7.5000   45.0000   37.5000 2756.9863   17.2228
   -7.5000   52.5000   37.5000 2626.4368   18.7889
    0.0000   52.5000   37.5000 2648.5129   18.3037
    7.5000   52.5000   37.5000 2635.3047   18.1918
   -7.5000   60.0000   37.5000 2461.9609   19.7923
    0.0000   60.0000   37.5000 2487.0386   19.3428
    7.5000   60.0000   37.5000 2476.2300   19.1701
   -7.5000  -30.0000   45.0000 1977.0759   33.7849
    0.0000  -30.0000   45.0000 1972.8722   32.2971
    7.5000  -30.0000   45.0000 1968.9167   31.4290
   -7.5000  -22.5000   45.0000 2128.6208   29.1581
    0.0000  -22.5000   45.0000 2127.2034   27.7939
    7.5000  -22.5000   45.0000 2121.9160   27.2095
   -7.5000  -15.0000   45.0000 2261.1885   25.6607
    0.0000  -15.0000   45.0000 2259.6570   24.4645
    7.5000  -15.0000   45.0000 2258.1831   24.0554
   -7.5000   -7.5000   45.0000 2387.7268   23.1439
    0.0000   -7.5000   45.0000 2386.7407   22.0575
    7.5000   -7.5000   45.0000 2381.8594   21.6862
   -7.5000    0.0000   45.0000 2499.3149   21.1747
    0.0000    0.0000   45.0000 2507.1130   20.2513
    7.5000    0.0000   45.0000 2504.0046   19.9340
   -7.5000    7.5000   45.0000 2612.8623   19.7576
    0.0000    7.5000   45.0000 2622.3396   18.8850
    7.5000    7.5000   45.0000 2616.1489   18.5997
   -7.5000   15.0000   45.0000 2700.2004   18.6684
    0.0000   15.0000   45.0000 2717.1262   17.8704
    7.5000   15.0000   45.0000 2694.6030   17.6389
   -7.5000   22.5000   45.0000 2757.8909   17.9924
    0.0000   22.5000   45.0000 2776.5342   17.2997
    7.5000   22.5000   45.0000 2744.0630   17.0901
   -7.5000   30.0000   45.0000 2770.3232   17.8890
    0.0000   30.0000   45.0000 2790.8169   17.2712
    7.5000   30.0000   45.0000 2765.3901   17.0475
   -7.5000   37.5000   45.0000 2742.9146   18.2039
    0.0000   37.5000   45.0000 2764.4868   17.6288
    7.5000   37.5000   45.0000 2744.8159   17.4047
   -7.5000   45.0000   45.0000 2681.5520   18.8737
    0.0000   45.0000   45.0000 2699.8145   18.3165
    7.5000   45.0000   45.0000 2678.5295   18.1478
   -7.5000   52.5000   45.0000 2563.4150   19.7511
    0.0000   52.5000   45.0000 2580.6355   19.2408
    7.5000   52.5000   45.0000 2566.3677   19.1106
   -7.5000   60.0000   45.0000 2405.4944   20.7698
    0.0000   60.0000   45.0000 2425.7769   20.2918
    7.5000   60.0000   45.0000 2422.0300   20.1512
   -7.5000  -30.0000   52.5000 1912.7003   35.6413
    0.0000  -30.0000   52.5000 1910.4178   33.9766
    7.5000  -30.0000   52.5000 1918.6802   33.2965
   -7.5000  -22.5000   52.5000 2063.3284   30.6277
    0.0000  -22.5000   52.5000 2068.1155   29.1706
    7.5000  -22.5000   52.5000 2072.1028   28.7119
   -7.5000  -15.0000   52.5000 2195.6028   26.9195
    0.0000  -15.0000   52.5000 2200.4841   25.6690
    7.5000  -15.0000   52.5000 2208.9060   25.3920
   -7.5000   -7.5000   52.5000 2323.8508   24.2755
    0.0000   -7.5000   52.5000 2331.8264   23.1371
    7.5000   -7.5000   52.5000 2335.8098   22.9467
   -7.5000    0.0000   52.5000 2439.1301   22.3864
    0.0000    0.0000   52.5000 2446.0464   21.3616
    7.5000    0.0000   52.5000 2454.2812   21.1830
   -7.5000    7.5000   52.5000 2543.4939   20.9029
    0.0000    7.5000   52.5000 2551.7375   19.9405
    7.5000    7.5000   52.5000 2552.3848   19.7958
   -7.5000   15.0000   52.5000 2626.8005   19.8020
    0.0000   15.0000   52.5000 2635.8152   18.9348
    7.5000   15.0000   52.5000 2621.6877   18.7998
   -7.5000   22.5000   52.5000 2678.6760   19.1509
    0.0000   22.5000   52.5000 2688.4727   18.4327
    7.5000   22.5000   52.5000 2667.3108   18.2570
   -7.5000   30.0000   52.5000 2682.5791   19.0819
    0.0000   30.0000   52.5000 2696.1501   18.4096
    7.5000   30.0000   52.5000 2678.4277   18.2346
   -7.5000   37.5000   52.5000 2654.6724   19.4149
    0.0000   37.5000   52.5000 2668.3948   18.7943
    7.5000   37.5000   52.5000 2653.7263   18.6171
   -7.5000   45.0000   52.5000 2601.5955   20.0661
    0.0000   45.0000   52.5000 2614.0278   19.4585
    7.5000   45.0000   52.5000 2593.9280   19.3256
   -7.5000   52.5000   52.5000 2494.4956   20.8576
    0.0000   52.5000   52.5000 2513.7688   20.3271
    7.5000   52.5000   52.5000 2496.2856   20.2163
   -7.5000   60.0000   52.5000 2338.8979   21.8654
    0.0000   60.0000   52.5000 2359.0195   21.3686
    7.5000   60.0000   52.5000 2351.0371   21.2251
   -7.5000  -30.0000   60.0000 1822.3323   37.4233
    0.0000  -30.0000   60.0000 1831.9396   35.7530
    7.5000  -30.0000   60.0000 1840.0718   35.0760
   -7.5000  -22.5000   60.0000 1972.6771   32.0446
    0.0000  -22.5000   60.0000 1987.3372   30.6045
    7.5000  -22.5000   60.0000 1997.8442   30.2825
   -7.5000  -15.0000   60.0000 2106.7139   28.2900
    0.0000  -15.0000   60.0000 2122.1675   26.9635
    7.5000  -15.0000   60.0000 2131.4170   26.8069
   -7.5000   -7.5000   60.0000 2231.6030   25.5475
    0.0000   -7.5000   60.0000 2247.9468   24.4456
    7.5000   -7.5000   60.0000 2256.8149   24.3286
   -7.5000    0.0000   60.0000 2342.8120   23.6049
    0.0000    0.0000   60.0000 2359.3140   22.5853
    7.5000    0.0000   60.0000 2363.4014   22.4843
   -7.5000    7.5000   60.0000 2439.9541   22.1278
    0.0000    7.5000   60.0000 2454.4895   21.1886
    7.5000    7.5000   60.0000 2455.5657   21.1008
   -7.5000   15.0000   60.0000 2513.1719   20.9895
    0.0000   15.0000   60.0000 2524.7207   20.1751
    7.5000   15.0000   60.0000 2516.9817   20.0818
   -7.5000   22.5000   60.0000 2558.9451   20.4129
    0.0000   22.5000   60.0000 2566.7495   19.7071
    7.5000   22.5000   60.0000 2554.9343   19.5757
   -7.5000   30.0000   60.0000 2559.1125   20.3553
    0.0000   30.0000   60.0000 2570.4849   19.6895
    7.5000   30.0000   60.0000 2557.6462   19.5473
   -7.5000   37.5000   60.0000 2530.6763   20.6646
    0.0000   37.5000   60.0000 2539.8103   20.0613
    7.5000   37.5000   60.0000 2528.7595   19.9399
   -7.5000   45.0000   60.0000 2476.1145   21.2687
    0.0000   45.0000   60.0000 2491.6565   20.7179
    7.5000   45.0000   60.0000 2479.3555   20.6254
   -7.5000   52.5000   60.0000 2384.4304   22.0239
    0.0000   52.5000   60.0000 2407.1411   21.4930
    7.5000   52.5000   60.0000 2392.5425   21.4173
   -7.5000   60.0000   60.0000 2238.0950   22.9791
    0.0000   60.0000   60.0000 2254.1602   22.4651
    7.5000   60.0000   60.0000 2242.6941   22.3359

---------------------------------------------------------------------
imgreg_4dfp /opt/freesurfer/average/711-2C_as_mni_average_305 /opt/freesurfer/average/711-2B_as_mni_average_305_mask talsrcimg_g11 none talsrcimg_to_711-2C_as_mni_average_305_t4 1283
---------------------------------------------------------------------

freesurfer imgreg_4dfp.c
/opt/freesurfer/average/711-2C_as_mni_average_305.4dfp.img
       256       256       256         1
  1.000000  1.000000  1.000000
orientation T byte_order littleendian
Reading image: /opt/freesurfer/average/711-2C_as_mni_average_305.4dfp.img
dimensions:      256       256       256
mmppix:       1.0000   -1.0000   -1.0000
center:     128.0000 -129.0000 -129.0000
/opt/freesurfer/average/711-2B_as_mni_average_305_mask.4dfp.img
       256       256       256         1
  1.000000  1.000000  1.000000
orientation T byte_order littleendian
Reading mask: /opt/freesurfer/average/711-2B_as_mni_average_305_mask.4dfp.img (2306576 pixels)
talsrcimg_g11.4dfp.img
       256       256       256         1
  1.000000  1.000000  1.000000
orientation T byte_order littleendian
Reading image: talsrcimg_g11.4dfp.img
dimensions:      256       256       256
mmppix:       1.0000   -1.0000   -1.0000
center:     128.0000 -129.0000 -129.0000
rotation matrix determinant  1.000000
fimgreg.f
image alignment mode   1283 decimal      503 hex
parameters
    0.0000   30.0000   22.5000    0.0000    0.0000    0.0000
eta,q 0.93051 15.12227
niter,ni,del,rscale     5    3   12.0000    1.2000
parameter  2********** ->  0.500000 qaram    1.1500
parameter  3  1.974004 ->  0.500000 qaram    1.1500
parameter  4  2.363083 ->  0.500000 qaram    1.1500
parameters
    0.0436   26.5500   19.0500   -3.4500    0.2465   -1.8977
eta,q 0.93906 15.05219
  0.0834  0.0673  0.0670  0.0607  0.0696  0.0629
  0.0795  0.0704  0.0656  0.0613  0.0657  0.0615
  0.0760  0.0736  0.0676  0.0628  0.0626  0.0609
  0.0737  0.0736  0.0710  0.0662  0.0615  0.0614
  0.0740  0.0740  0.0730  0.0692  0.0616  0.0627
  0.0777  0.0763  0.0741  0.0711  0.0641  0.0650
  0.0848  0.0800  0.0767  0.0743  0.0689  0.0682
niter,ni,del,rscale     7    3   12.0000    1.2000
parameters
   -0.8600   25.4929   18.3014   -4.3181    1.5789   -1.7210
eta,q 0.94191 15.23292
  0.0736  0.0685  0.0722  0.0646  0.0689  0.0630
  0.0668  0.0631  0.0639  0.0606  0.0644  0.0606
  0.0619  0.0603  0.0589  0.0586  0.0609  0.0590
  0.0609  0.0606  0.0600  0.0587  0.0585  0.0581
  0.0669  0.0649  0.0653  0.0602  0.0582  0.0583
  0.0745  0.0688  0.0705  0.0642  0.0594  0.0599
  0.0815  0.0715  0.0744  0.0675  0.0631  0.0628
niter,ni,del,rscale     6    3   12.0000    1.2000
parameters
   -1.5377   25.9488   17.9968   -5.1516    2.5287   -1.4742
eta,q 0.94292 15.23935
  0.0727  0.0719  0.0725  0.0636  0.0670  0.0623
  0.0653  0.0638  0.0648  0.0599  0.0631  0.0597
  0.0597  0.0596  0.0593  0.0576  0.0596  0.0580
  0.0581  0.0579  0.0580  0.0577  0.0575  0.0571
  0.0633  0.0592  0.0632  0.0587  0.0571  0.0573
  0.0717  0.0637  0.0688  0.0628  0.0588  0.0589
  0.0791  0.0673  0.0723  0.0674  0.0632  0.0618
niter,ni,del,rscale     5    3   12.0000    1.2000
parameters
   -2.0299   26.5344   17.9330   -5.8964    3.2947   -1.1282
eta,q 0.94357 15.21134
  0.0727  0.0711  0.0720  0.0629  0.0669  0.0621
  0.0653  0.0631  0.0648  0.0600  0.0627  0.0592
  0.0592  0.0589  0.0595  0.0573  0.0590  0.0575
  0.0571  0.0570  0.0570  0.0570  0.0568  0.0565
  0.0616  0.0583  0.0617  0.0578  0.0567  0.0567
  0.0699  0.0623  0.0673  0.0617  0.0589  0.0583
  0.0777  0.0659  0.0703  0.0671  0.0636  0.0611
niter,ni,del,rscale     4    3   12.0000    1.2000
parameters
   -2.3711   27.0385   18.0113   -6.3848    3.7794   -0.7800
eta,q 0.94350 15.18691
  0.0732  0.0702  0.0715  0.0628  0.0667  0.0620
  0.0658  0.0624  0.0642  0.0604  0.0622  0.0593
  0.0595  0.0582  0.0591  0.0576  0.0586  0.0577
  0.0564  0.0565  0.0566  0.0567  0.0567  0.0566
  0.0604  0.0584  0.0610  0.0572  0.0570  0.0568
  0.0688  0.0620  0.0659  0.0606  0.0594  0.0584
  0.0771  0.0654  0.0688  0.0662  0.0646  0.0611
niter,ni,del,rscale     3    3   12.0000    1.2000
parameters
   -2.5900   27.3667   18.0915   -6.6718    4.0293   -0.5009
eta,q 0.94321 15.17669
  0.0738  0.0691  0.0710  0.0629  0.0663  0.0619
  0.0663  0.0620  0.0636  0.0606  0.0618  0.0596
  0.0600  0.0579  0.0585  0.0580  0.0584  0.0579
  0.0565  0.0566  0.0568  0.0568  0.0569  0.0568
  0.0600  0.0590  0.0609  0.0571  0.0573  0.0572
  0.0681  0.0621  0.0649  0.0600  0.0601  0.0587
  0.0767  0.0656  0.0684  0.0655  0.0655  0.0613
niter,ni,del,rscale     2    3   12.0000    1.2000
parameters
   -2.7028   27.5822   18.1545   -6.8457    4.1415   -0.3481
eta,q 0.94292 15.17105
  0.0746  0.0683  0.0708  0.0631  0.0662  0.0618
  0.0669  0.0618  0.0631  0.0607  0.0616  0.0596
  0.0605  0.0577  0.0581  0.0582  0.0585  0.0580
  0.0568  0.0569  0.0570  0.0571  0.0571  0.0571
  0.0599  0.0593  0.0608  0.0572  0.0576  0.0575
  0.0678  0.0621  0.0643  0.0598  0.0606  0.0591
  0.0763  0.0657  0.0684  0.0651  0.0661  0.0616
niter,ni,del,rscale     1    3   12.0000    1.2000
parameters
   -2.7455   27.7128   18.1664   -6.9697    4.1768   -0.2655
eta,q 0.94276 15.16783
  0.0752  0.0679  0.0705  0.0632  0.0661  0.0617
  0.0674  0.0618  0.0628  0.0607  0.0616  0.0596
  0.0609  0.0577  0.0579  0.0583  0.0585  0.0580
  0.0571  0.0571  0.0572  0.0572  0.0573  0.0572
  0.0599  0.0595  0.0608  0.0572  0.0578  0.0577
  0.0677  0.0622  0.0641  0.0598  0.0609  0.0592
  0.0761  0.0658  0.0686  0.0649  0.0665  0.0617
registration optimization eta report
parameter search radius
    6.0000    6.9000    6.9000    6.9000    6.0000    6.0000
100000*second partial in parameter space
       49.       20.       25.       15.       25.       12.
  0.0752  0.0679  0.0705  0.0632  0.0661  0.0617
  0.0674  0.0618  0.0628  0.0607  0.0616  0.0596
  0.0609  0.0577  0.0579  0.0583  0.0585  0.0580
  0.0571  0.0571  0.0572  0.0572  0.0573  0.0572
  0.0599  0.0595  0.0608  0.0572  0.0578  0.0577
  0.0677  0.0622  0.0641  0.0598  0.0609  0.0592
  0.0761  0.0658  0.0686  0.0649  0.0665  0.0617
   -2.7455   27.7128   18.1664   -6.9697    4.1768   -0.2655
eta,q 0.94276 15.16783

---------------------------------------------------------------------
imgreg_4dfp /opt/freesurfer/average/711-2C_as_mni_average_305 /opt/freesurfer/average/711-2B_as_mni_average_305_mask talsrcimg_g11 none talsrcimg_to_711-2C_as_mni_average_305_t4 3335
---------------------------------------------------------------------

freesurfer imgreg_4dfp.c
/opt/freesurfer/average/711-2C_as_mni_average_305.4dfp.img
       256       256       256         1
  1.000000  1.000000  1.000000
orientation T byte_order littleendian
Reading image: /opt/freesurfer/average/711-2C_as_mni_average_305.4dfp.img
dimensions:      256       256       256
mmppix:       1.0000   -1.0000   -1.0000
center:     128.0000 -129.0000 -129.0000
/opt/freesurfer/average/711-2B_as_mni_average_305_mask.4dfp.img
       256       256       256         1
  1.000000  1.000000  1.000000
orientation T byte_order littleendian
Reading mask: /opt/freesurfer/average/711-2B_as_mni_average_305_mask.4dfp.img (2306576 pixels)
talsrcimg_g11.4dfp.img
       256       256       256         1
  1.000000  1.000000  1.000000
orientation T byte_order littleendian
Reading image: talsrcimg_g11.4dfp.img
dimensions:      256       256       256
mmppix:       1.0000   -1.0000   -1.0000
center:     128.0000 -129.0000 -129.0000
fimgreg.f
image alignment mode   3335 decimal      D07 hex
parameters
   -2.7455   27.7128   18.1664   -0.2667   -0.7441   -1.0026
    1.3438   -7.1732   -0.4622   12.1678    7.2834  -12.1022
eta,q 0.94244 15.26513
niter,ni,del,rscale     5    3    5.0000    1.2000
parameter  4  0.954997 ->  0.500000 qaram    1.1500
parameter  5 -7.510705 ->  0.500000 qaram    1.1500
parameter  6  0.749783 ->  0.500000 qaram    1.1500
parameters
   -2.5911   27.9751   17.7459   -4.4067   -4.8841   -5.1426
    1.0687   -6.2420   -1.0614   12.0101    7.4728  -12.6236
eta,q 0.95644 15.16570
  0.0618  0.0584  0.0587  0.0532  0.0409  0.0433  0.0457  0.0502  0.0451  0.0463  0.0445  0.0446
  0.0597  0.0579  0.0580  0.0537  0.0449  0.0435  0.0446  0.0461  0.0443  0.0447  0.0440  0.0439
  0.0582  0.0576  0.0576  0.0549  0.0496  0.0442  0.0438  0.0442  0.0437  0.0438  0.0437  0.0436
  0.0576  0.0575  0.0575  0.0575  0.0539  0.0462  0.0436  0.0436  0.0436  0.0436  0.0436  0.0436
  0.0578  0.0576  0.0579  0.0620  0.0575  0.0503  0.0440  0.0439  0.0440  0.0440  0.0436  0.0438
  0.0590  0.0578  0.0588  0.0675  0.0614  0.0569  0.0448  0.0450  0.0447  0.0449  0.0439  0.0443
  0.0609  0.0580  0.0602  0.0726  0.0650  0.0622  0.0461  0.0470  0.0457  0.0465  0.0444  0.0449
niter,ni,del,rscale     7    3    5.0000    1.2000
parameter  1 -0.911539 -> -0.500000 qaram    1.1500
parameter  3  1.667637 ->  0.500000 qaram    1.1500
parameter  5  1.442969 ->  0.500000 qaram    1.3225
parameter 11 -0.580455 -> -0.500000 qaram    1.1500
parameters
   -1.2111   27.0999   16.3659   -6.8894   -9.6451   -6.6477
    2.5902   -5.8275   -0.0605   12.8479   11.6128  -13.0916
eta,q 0.96578 14.95138
  0.0504  0.0424  0.0380  0.0403  0.0329  0.0378  0.0381  0.0389  0.0367  0.0377  0.0347  0.0350
  0.0477  0.0416  0.0386  0.0397  0.0336  0.0363  0.0365  0.0357  0.0356  0.0360  0.0345  0.0345
  0.0454  0.0415  0.0398  0.0392  0.0355  0.0350  0.0353  0.0345  0.0349  0.0349  0.0344  0.0343
  0.0436  0.0418  0.0415  0.0389  0.0392  0.0340  0.0346  0.0344  0.0344  0.0344  0.0343  0.0342
  0.0423  0.0425  0.0435  0.0395  0.0443  0.0344  0.0344  0.0348  0.0344  0.0343  0.0343  0.0343
  0.0417  0.0435  0.0457  0.0429  0.0490  0.0385  0.0349  0.0358  0.0349  0.0350  0.0342  0.0347
  0.0416  0.0447  0.0480  0.0485  0.0533  0.0448  0.0361  0.0374  0.0358  0.0365  0.0343  0.0353
niter,ni,del,rscale     7    3    5.0000    1.2000
parameter  2 -0.673941 -> -0.500000 qaram    1.1500
parameter  3  1.054963 ->  0.500000 qaram    1.3225
parameter  5  0.654822 ->  0.500000 qaram    1.5209
parameter 12  0.571929 ->  0.500000 qaram    1.1500
parameters
   -0.1500   28.4799   14.7789   -7.0369  -15.1202   -7.5118
    2.6985   -5.8559   -0.1019   15.5401   12.0209  -17.2316
eta,q 0.97129 14.60462
  0.0399  0.0395  0.0307  0.0338  0.0296  0.0328  0.0316  0.0333  0.0312  0.0338  0.0295  0.0288
  0.0374  0.0371  0.0308  0.0326  0.0290  0.0314  0.0305  0.0306  0.0302  0.0319  0.0292  0.0287
  0.0355  0.0352  0.0315  0.0316  0.0292  0.0301  0.0297  0.0295  0.0296  0.0304  0.0291  0.0288
  0.0342  0.0337  0.0325  0.0310  0.0310  0.0290  0.0294  0.0294  0.0294  0.0294  0.0289  0.0289
  0.0337  0.0328  0.0338  0.0307  0.0351  0.0287  0.0296  0.0298  0.0296  0.0289  0.0289  0.0293
  0.0340  0.0325  0.0355  0.0317  0.0407  0.0313  0.0303  0.0310  0.0302  0.0292  0.0291  0.0298
  0.0350  0.0329  0.0377  0.0351  0.0456  0.0374  0.0316  0.0330  0.0313  0.0301  0.0295  0.0304
niter,ni,del,rscale     7    3    5.0000    1.2000
parameter  2 -0.541858 -> -0.500000 qaram    1.3225
parameters
    0.0261   30.0669   13.5481   -5.9235  -18.1605   -8.2810
    2.5650   -5.3132   -1.0038   18.6854   12.7971  -21.0841
eta,q 0.97306 14.50773
  0.0327  0.0351  0.0283  0.0312  0.0301  0.0315  0.0298  0.0334  0.0289  0.0317  0.0280  0.0272
  0.0306  0.0325  0.0274  0.0297  0.0285  0.0300  0.0287  0.0297  0.0282  0.0299  0.0276  0.0270
  0.0293  0.0303  0.0272  0.0284  0.0273  0.0286  0.0279  0.0279  0.0277  0.0285  0.0273  0.0270
  0.0287  0.0287  0.0277  0.0272  0.0268  0.0271  0.0276  0.0276  0.0276  0.0276  0.0272  0.0271
  0.0290  0.0278  0.0286  0.0265  0.0286  0.0270  0.0278  0.0280  0.0280  0.0272  0.0271  0.0275
  0.0300  0.0278  0.0298  0.0272  0.0340  0.0300  0.0287  0.0292  0.0287  0.0273  0.0273  0.0280
  0.0318  0.0285  0.0315  0.0304  0.0406  0.0358  0.0301  0.0314  0.0298  0.0279  0.0279  0.0286
niter,ni,del,rscale     7    3    5.0000    1.2000
parameters
    0.1658   30.5998   12.7140   -5.4642  -19.9397   -8.9291
    2.7027   -4.9925   -1.5787   20.9109   12.6895  -21.6355
eta,q 0.97321 14.41987
  0.0311  0.0320  0.0281  0.0305  0.0301  0.0314  0.0293  0.0328  0.0285  0.0304  0.0279  0.0277
  0.0289  0.0294  0.0269  0.0291  0.0284  0.0298  0.0282  0.0292  0.0276  0.0288  0.0273  0.0271
  0.0275  0.0277  0.0265  0.0278  0.0271  0.0283  0.0274  0.0273  0.0272  0.0277  0.0269  0.0268
  0.0269  0.0269  0.0269  0.0265  0.0263  0.0266  0.0270  0.0270  0.0271  0.0271  0.0268  0.0268
  0.0272  0.0270  0.0277  0.0259  0.0266  0.0267  0.0272  0.0276  0.0274  0.0268  0.0268  0.0270
  0.0283  0.0278  0.0288  0.0273  0.0299  0.0297  0.0280  0.0290  0.0280  0.0270  0.0272  0.0273
  0.0303  0.0294  0.0303  0.0308  0.0365  0.0352  0.0292  0.0314  0.0290  0.0279  0.0281  0.0278
niter,ni,del,rscale     6    3    5.0000    1.2000
parameters
    0.3248   31.1616   12.1803   -5.3480  -21.1062   -9.6158
    2.6409   -4.6389   -1.5342   22.7024   12.3692  -22.3300
eta,q 0.97313 14.34398
  0.0310  0.0316  0.0285  0.0303  0.0302  0.0312  0.0291  0.0326  0.0288  0.0300  0.0280  0.0277
  0.0288  0.0292  0.0271  0.0290  0.0284  0.0297  0.0280  0.0291  0.0279  0.0287  0.0273  0.0271
  0.0274  0.0276  0.0265  0.0277  0.0272  0.0283  0.0273  0.0273  0.0273  0.0277  0.0270  0.0269
  0.0268  0.0268  0.0267  0.0265  0.0265  0.0266  0.0271  0.0271  0.0271  0.0271  0.0269  0.0269
  0.0270  0.0268  0.0274  0.0261  0.0265  0.0266  0.0273  0.0276  0.0273  0.0269  0.0270  0.0271
  0.0281  0.0276  0.0285  0.0277  0.0286  0.0297  0.0281  0.0289  0.0279  0.0272  0.0274  0.0274
  0.0302  0.0290  0.0298  0.0313  0.0343  0.0351  0.0292  0.0312  0.0288  0.0282  0.0282  0.0279
niter,ni,del,rscale     5    3    5.0000    1.2000
parameters
    0.4643   31.6402   11.7030   -5.3056  -22.0028  -10.2563
    2.4941   -4.3145   -1.2758   24.0801   11.8925  -22.9692
eta,q 0.97300 14.27866
  0.0309  0.0315  0.0286  0.0303  0.0304  0.0311  0.0291  0.0326  0.0291  0.0299  0.0281  0.0278
  0.0288  0.0291  0.0272  0.0291  0.0286  0.0297  0.0280  0.0291  0.0281  0.0287  0.0274  0.0273
  0.0274  0.0276  0.0266  0.0278  0.0273  0.0284  0.0274  0.0274  0.0275  0.0278  0.0271  0.0270
  0.0269  0.0268  0.0268  0.0266  0.0266  0.0267  0.0272  0.0272  0.0272  0.0272  0.0270  0.0270
  0.0271  0.0270  0.0274  0.0263  0.0267  0.0265  0.0274  0.0277  0.0273  0.0270  0.0271  0.0272
  0.0282  0.0278  0.0284  0.0279  0.0283  0.0296  0.0282  0.0290  0.0279  0.0274  0.0276  0.0275
  0.0302  0.0293  0.0297  0.0315  0.0336  0.0349  0.0292  0.0312  0.0289  0.0286  0.0284  0.0280
niter,ni,del,rscale     4    3    5.0000    1.2000
parameters
    0.5689   32.0150   11.3194   -5.2829  -22.6640  -10.7914
    2.3390   -4.0562   -1.0376   25.0826   11.5060  -23.4622
eta,q 0.97282 14.22867
  0.0308  0.0315  0.0288  0.0305  0.0306  0.0311  0.0292  0.0326  0.0293  0.0299  0.0282  0.0280
  0.0288  0.0291  0.0275  0.0292  0.0288  0.0298  0.0282  0.0291  0.0283  0.0287  0.0276  0.0275
  0.0275  0.0276  0.0269  0.0280  0.0276  0.0286  0.0275  0.0275  0.0276  0.0278  0.0273  0.0272
  0.0270  0.0270  0.0270  0.0269  0.0269  0.0269  0.0273  0.0273  0.0273  0.0273  0.0272  0.0272
  0.0272  0.0272  0.0275  0.0265  0.0269  0.0265  0.0276  0.0278  0.0275  0.0272  0.0273  0.0273
  0.0284  0.0281  0.0284  0.0282  0.0283  0.0294  0.0283  0.0292  0.0281  0.0277  0.0277  0.0277
  0.0304  0.0297  0.0296  0.0316  0.0332  0.0345  0.0293  0.0314  0.0291  0.0289  0.0285  0.0282
niter,ni,del,rscale     3    3    5.0000    1.2000
parameters
    0.6413   32.2989   11.0236   -5.2799  -23.1399  -11.2145
    2.2427   -3.8822   -0.8423   25.8108   11.2143  -23.7692
eta,q 0.97261 14.19147
  0.0309  0.0314  0.0290  0.0306  0.0309  0.0312  0.0294  0.0326  0.0295  0.0299  0.0284  0.0282
  0.0289  0.0292  0.0277  0.0294  0.0291  0.0300  0.0283  0.0292  0.0285  0.0288  0.0278  0.0277
  0.0277  0.0277  0.0272  0.0283  0.0278  0.0288  0.0277  0.0276  0.0277  0.0279  0.0275  0.0274
  0.0272  0.0272  0.0272  0.0271  0.0271  0.0272  0.0274  0.0274  0.0275  0.0275  0.0274  0.0274
  0.0274  0.0275  0.0276  0.0267  0.0271  0.0266  0.0277  0.0280  0.0276  0.0274  0.0275  0.0275
  0.0286  0.0285  0.0285  0.0284  0.0284  0.0292  0.0285  0.0294  0.0283  0.0280  0.0279  0.0278
  0.0306  0.0300  0.0296  0.0318  0.0330  0.0342  0.0295  0.0316  0.0293  0.0293  0.0286  0.0283
niter,ni,del,rscale     2    3    5.0000    1.2000
parameters
    0.6842   32.4991   10.7927   -5.2832  -23.4880  -11.5563
    2.1935   -3.7738   -0.6831   26.3358   10.9859  -23.9721
eta,q 0.97243 14.16303
  0.0310  0.0314  0.0292  0.0308  0.0312  0.0312  0.0296  0.0326  0.0297  0.0299  0.0286  0.0284
  0.0291  0.0292  0.0280  0.0296  0.0294  0.0301  0.0285  0.0293  0.0286  0.0289  0.0280  0.0279
  0.0279  0.0278  0.0274  0.0285  0.0281  0.0290  0.0278  0.0278  0.0279  0.0281  0.0277  0.0276
  0.0274  0.0274  0.0274  0.0274  0.0274  0.0274  0.0276  0.0276  0.0276  0.0276  0.0276  0.0276
  0.0277  0.0277  0.0278  0.0270  0.0273  0.0267  0.0279  0.0282  0.0278  0.0276  0.0277  0.0277
  0.0288  0.0288  0.0285  0.0286  0.0286  0.0291  0.0286  0.0296  0.0285  0.0282  0.0281  0.0280
  0.0309  0.0303  0.0296  0.0319  0.0329  0.0340  0.0296  0.0318  0.0295  0.0296  0.0287  0.0285
niter,ni,del,rscale     1    3    5.0000    1.2000
parameters
    0.7081   32.6483   10.6071   -5.2961  -23.7513  -11.8377
    2.1658   -3.7025   -0.5734   26.7271   10.7939  -24.0876
eta,q 0.97226 14.13999
  0.0311  0.0314  0.0293  0.0309  0.0314  0.0313  0.0297  0.0326  0.0298  0.0300  0.0288  0.0286
  0.0292  0.0293  0.0281  0.0297  0.0296  0.0302  0.0287  0.0293  0.0288  0.0289  0.0281  0.0281
  0.0280  0.0280  0.0276  0.0286  0.0283  0.0291  0.0280  0.0279  0.0280  0.0282  0.0278  0.0278
  0.0276  0.0276  0.0276  0.0276  0.0276  0.0276  0.0278  0.0278  0.0278  0.0278  0.0277  0.0277
  0.0279  0.0280  0.0279  0.0272  0.0276  0.0268  0.0280  0.0284  0.0280  0.0278  0.0278  0.0278
  0.0290  0.0290  0.0286  0.0288  0.0287  0.0290  0.0287  0.0298  0.0286  0.0284  0.0282  0.0281
  0.0311  0.0306  0.0296  0.0321  0.0329  0.0339  0.0297  0.0319  0.0297  0.0298  0.0289  0.0286
registration optimization eta report
parameter search radius
    2.7600    3.1740    3.1740    8.2800   10.9503    8.2800
    7.2000    7.2000    7.2000    7.2000    8.2800    8.2800
100000*second partial in parameter space
       46.       34.       19.        6.        4.        7.
        4.        9.        4.        4.        2.        1.
  0.0311  0.0314  0.0293  0.0309  0.0314  0.0313  0.0297  0.0326  0.0298  0.0300  0.0288  0.0286
  0.0292  0.0293  0.0281  0.0297  0.0296  0.0302  0.0287  0.0293  0.0288  0.0289  0.0281  0.0281
  0.0280  0.0280  0.0276  0.0286  0.0283  0.0291  0.0280  0.0279  0.0280  0.0282  0.0278  0.0278
  0.0276  0.0276  0.0276  0.0276  0.0276  0.0276  0.0278  0.0278  0.0278  0.0278  0.0277  0.0277
  0.0279  0.0280  0.0279  0.0272  0.0276  0.0268  0.0280  0.0284  0.0280  0.0278  0.0278  0.0278
  0.0290  0.0290  0.0286  0.0288  0.0287  0.0290  0.0287  0.0298  0.0286  0.0284  0.0282  0.0281
  0.0311  0.0306  0.0296  0.0321  0.0329  0.0339  0.0297  0.0319  0.0297  0.0298  0.0289  0.0286
    0.7081   32.6483   10.6071   -5.2961  -23.7513  -11.8377
    2.1658   -3.7025   -0.5734   26.7271   10.7939  -24.0876
eta,q 0.97226 14.13999

---------------------------------------------------------------------
imgreg_4dfp /opt/freesurfer/average/711-2C_as_mni_average_305 /opt/freesurfer/average/711-2B_as_mni_average_305_mask talsrcimg_g11 none talsrcimg_to_711-2C_as_mni_average_305_t4 2311
---------------------------------------------------------------------

freesurfer imgreg_4dfp.c
/opt/freesurfer/average/711-2C_as_mni_average_305.4dfp.img
       256       256       256         1
  1.000000  1.000000  1.000000
orientation T byte_order littleendian
Reading image: /opt/freesurfer/average/711-2C_as_mni_average_305.4dfp.img
dimensions:      256       256       256
mmppix:       1.0000   -1.0000   -1.0000
center:     128.0000 -129.0000 -129.0000
/opt/freesurfer/average/711-2B_as_mni_average_305_mask.4dfp.img
       256       256       256         1
  1.000000  1.000000  1.000000
orientation T byte_order littleendian
Reading mask: /opt/freesurfer/average/711-2B_as_mni_average_305_mask.4dfp.img (2306576 pixels)
talsrcimg_g11.4dfp.img
       256       256       256         1
  1.000000  1.000000  1.000000
orientation T byte_order littleendian
Reading image: talsrcimg_g11.4dfp.img
dimensions:      256       256       256
mmppix:       1.0000   -1.0000   -1.0000
center:     128.0000 -129.0000 -129.0000
fimgreg.f
image alignment mode   2311 decimal      907 hex
parameters
    0.7081   32.6483   10.6071   -5.2961  -23.7513  -11.8377
    2.1658   -3.7025   -0.5734   26.7271   10.7939  -24.0876
eta,q 0.97226 14.13999
niter,ni,del,rscale     5    3    5.0000    0.8000
parameters
    0.7834   32.6326   10.2644   -3.8100  -22.0412  -10.8609
    1.3455   -3.3839   -0.7735   26.1914   10.8555  -24.3737
eta,q 0.97321 14.34574
  0.0290  0.0286  0.0280  0.0296  0.0284  0.0297  0.0276  0.0309  0.0278  0.0278  0.0277  0.0272
  0.0283  0.0281  0.0278  0.0290  0.0279  0.0290  0.0271  0.0285  0.0272  0.0272  0.0272  0.0269
  0.0279  0.0278  0.0277  0.0283  0.0276  0.0282  0.0268  0.0271  0.0269  0.0269  0.0269  0.0268
  0.0277  0.0277  0.0277  0.0277  0.0273  0.0272  0.0268  0.0268  0.0268  0.0268  0.0268  0.0268
  0.0278  0.0279  0.0279  0.0273  0.0272  0.0267  0.0271  0.0272  0.0269  0.0270  0.0269  0.0269
  0.0282  0.0282  0.0280  0.0275  0.0273  0.0271  0.0276  0.0283  0.0273  0.0275  0.0272  0.0270
  0.0288  0.0286  0.0283  0.0284  0.0275  0.0289  0.0284  0.0296  0.0279  0.0284  0.0276  0.0273
niter,ni,del,rscale     4    3    5.0000    0.7000
parameters
    0.8453   32.4989   10.7979   -3.8868  -21.6915   -9.9193
    1.3098   -3.4333   -0.9837   25.6253   10.9168  -24.1363
eta,q 0.97368 14.38621
  0.0282  0.0274  0.0279  0.0283  0.0273  0.0292  0.0273  0.0292  0.0271  0.0271  0.0271  0.0268
  0.0275  0.0270  0.0274  0.0277  0.0270  0.0284  0.0268  0.0274  0.0267  0.0267  0.0267  0.0265
  0.0270  0.0268  0.0270  0.0271  0.0268  0.0276  0.0264  0.0265  0.0264  0.0264  0.0264  0.0264
  0.0268  0.0268  0.0268  0.0267  0.0267  0.0267  0.0263  0.0263  0.0263  0.0263  0.0263  0.0263
  0.0269  0.0269  0.0267  0.0268  0.0267  0.0263  0.0265  0.0269  0.0265  0.0265  0.0264  0.0264
  0.0273  0.0272  0.0268  0.0274  0.0269  0.0267  0.0268  0.0278  0.0268  0.0270  0.0267  0.0265
  0.0280  0.0276  0.0269  0.0287  0.0272  0.0281  0.0273  0.0290  0.0272  0.0278  0.0271  0.0267
niter,ni,del,rscale     3    3    5.0000    0.6000
parameters
    0.8330   32.3310   11.2154   -3.8589  -21.3844   -9.3734
    1.3106   -3.5944   -1.1151   25.0841   10.9728  -23.8834
eta,q 0.97393 14.41905
  0.0273  0.0267  0.0272  0.0275  0.0267  0.0285  0.0268  0.0281  0.0266  0.0267  0.0267  0.0265
  0.0268  0.0265  0.0268  0.0270  0.0265  0.0277  0.0264  0.0268  0.0263  0.0263  0.0263  0.0262
  0.0264  0.0263  0.0265  0.0266  0.0263  0.0269  0.0262  0.0262  0.0261  0.0261  0.0261  0.0261
  0.0263  0.0263  0.0263  0.0263  0.0262  0.0262  0.0261  0.0261  0.0261  0.0261  0.0261  0.0261
  0.0264  0.0264  0.0263  0.0263  0.0263  0.0261  0.0262  0.0265  0.0262  0.0262  0.0261  0.0261
  0.0268  0.0267  0.0263  0.0268  0.0264  0.0266  0.0264  0.0273  0.0264  0.0266  0.0263  0.0262
  0.0273  0.0270  0.0265  0.0277  0.0266  0.0278  0.0268  0.0283  0.0267  0.0272  0.0266  0.0263
niter,ni,del,rscale     2    3    5.0000    0.5000
parameters
    0.7829   32.1534   11.4777   -3.7785  -21.1150   -8.9766
    1.3106   -3.7533   -1.1713   24.5910   11.0112  -23.5975
eta,q 0.97410 14.44574
  0.0267  0.0263  0.0267  0.0270  0.0263  0.0278  0.0264  0.0274  0.0263  0.0263  0.0264  0.0262
  0.0263  0.0261  0.0264  0.0266  0.0262  0.0271  0.0262  0.0265  0.0261  0.0261  0.0261  0.0260
  0.0261  0.0261  0.0262  0.0262  0.0261  0.0265  0.0260  0.0260  0.0260  0.0259  0.0260  0.0259
  0.0261  0.0261  0.0260  0.0260  0.0260  0.0260  0.0259  0.0259  0.0259  0.0259  0.0259  0.0259
  0.0262  0.0261  0.0260  0.0260  0.0260  0.0260  0.0260  0.0262  0.0260  0.0260  0.0260  0.0259
  0.0264  0.0263  0.0261  0.0264  0.0261  0.0264  0.0262  0.0268  0.0261  0.0263  0.0261  0.0260
  0.0268  0.0266  0.0262  0.0271  0.0263  0.0273  0.0264  0.0276  0.0264  0.0267  0.0263  0.0261
niter,ni,del,rscale     1    3    5.0000    0.4000
parameters
    0.7173   31.9963   11.6795   -3.6934  -20.8591   -8.6695
    1.3384   -3.9006   -1.2053   24.1465   11.0315  -23.3492
eta,q 0.97420 14.47011
  0.0263  0.0261  0.0263  0.0266  0.0261  0.0272  0.0262  0.0268  0.0261  0.0261  0.0261  0.0260
  0.0261  0.0259  0.0261  0.0263  0.0260  0.0266  0.0260  0.0262  0.0259  0.0259  0.0259  0.0259
  0.0259  0.0259  0.0260  0.0260  0.0259  0.0262  0.0259  0.0259  0.0258  0.0258  0.0258  0.0258
  0.0259  0.0259  0.0259  0.0259  0.0259  0.0259  0.0258  0.0258  0.0258  0.0258  0.0258  0.0258
  0.0260  0.0260  0.0259  0.0259  0.0259  0.0259  0.0259  0.0260  0.0258  0.0259  0.0258  0.0258
  0.0261  0.0261  0.0259  0.0261  0.0259  0.0262  0.0260  0.0264  0.0259  0.0261  0.0259  0.0259
  0.0264  0.0263  0.0260  0.0266  0.0260  0.0267  0.0261  0.0270  0.0261  0.0264  0.0261  0.0259
registration optimization eta report
parameter search radius
    0.8000    0.8000    0.8000    2.4000    2.4000    2.4000
    2.4000    2.4000    2.4000    2.4000    2.4000    2.4000
100000*second partial in parameter space
       72.       40.       45.       12.        3.       19.
        6.       18.        5.        7.        5.        3.
  0.0263  0.0261  0.0263  0.0266  0.0261  0.0272  0.0262  0.0268  0.0261  0.0261  0.0261  0.0260
  0.0261  0.0259  0.0261  0.0263  0.0260  0.0266  0.0260  0.0262  0.0259  0.0259  0.0259  0.0259
  0.0259  0.0259  0.0260  0.0260  0.0259  0.0262  0.0259  0.0259  0.0258  0.0258  0.0258  0.0258
  0.0259  0.0259  0.0259  0.0259  0.0259  0.0259  0.0258  0.0258  0.0258  0.0258  0.0258  0.0258
  0.0260  0.0260  0.0259  0.0259  0.0259  0.0259  0.0259  0.0260  0.0258  0.0259  0.0258  0.0258
  0.0261  0.0261  0.0259  0.0261  0.0259  0.0262  0.0260  0.0264  0.0259  0.0261  0.0259  0.0259
  0.0264  0.0263  0.0260  0.0266  0.0260  0.0267  0.0261  0.0270  0.0261  0.0264  0.0261  0.0259
    0.7173   31.9963   11.6795   -3.6934  -20.8591   -8.6695
    1.3384   -3.9006   -1.2053   24.1465   11.0315  -23.3492
eta,q 0.97420 14.47011

---------------------------------------------------------------------
imgreg_4dfp /opt/freesurfer/average/711-2C_as_mni_average_305 /opt/freesurfer/average/711-2B_as_mni_average_305_mask talsrcimg_g11 none talsrcimg_to_711-2C_as_mni_average_305_t4 2311
---------------------------------------------------------------------

freesurfer imgreg_4dfp.c
/opt/freesurfer/average/711-2C_as_mni_average_305.4dfp.img
       256       256       256         1
  1.000000  1.000000  1.000000
orientation T byte_order littleendian
Reading image: /opt/freesurfer/average/711-2C_as_mni_average_305.4dfp.img
dimensions:      256       256       256
mmppix:       1.0000   -1.0000   -1.0000
center:     128.0000 -129.0000 -129.0000
/opt/freesurfer/average/711-2B_as_mni_average_305_mask.4dfp.img
       256       256       256         1
  1.000000  1.000000  1.000000
orientation T byte_order littleendian
Reading mask: /opt/freesurfer/average/711-2B_as_mni_average_305_mask.4dfp.img (2306576 pixels)
talsrcimg_g11.4dfp.img
       256       256       256         1
  1.000000  1.000000  1.000000
orientation T byte_order littleendian
Reading image: talsrcimg_g11.4dfp.img
dimensions:      256       256       256
mmppix:       1.0000   -1.0000   -1.0000
center:     128.0000 -129.0000 -129.0000
fimgreg.f
image alignment mode   2311 decimal      907 hex
parameters
    0.7173   31.9963   11.6795   -3.6934  -20.8591   -8.6695
    1.3384   -3.9006   -1.2053   24.1465   11.0315  -23.3492
eta,q 0.97420 14.47011
niter,ni,del,rscale     5    3    5.0000    0.8000
parameters
    0.5955   31.8717   11.8728   -4.2841  -20.8588   -8.9427
    1.7579   -3.9406   -1.2535   23.8627   11.0554  -23.3203
eta,q 0.97406 14.44854
  0.0273  0.0267  0.0272  0.0275  0.0266  0.0287  0.0273  0.0293  0.0269  0.0271  0.0268  0.0265
  0.0265  0.0262  0.0265  0.0268  0.0263  0.0278  0.0266  0.0272  0.0264  0.0265  0.0263  0.0262
  0.0260  0.0259  0.0260  0.0262  0.0260  0.0267  0.0262  0.0261  0.0261  0.0261  0.0260  0.0260
  0.0258  0.0258  0.0258  0.0258  0.0259  0.0259  0.0259  0.0259  0.0259  0.0259  0.0259  0.0259
  0.0261  0.0260  0.0259  0.0261  0.0259  0.0261  0.0260  0.0265  0.0260  0.0261  0.0261  0.0260
  0.0268  0.0264  0.0261  0.0272  0.0262  0.0275  0.0263  0.0276  0.0264  0.0266  0.0263  0.0262
  0.0280  0.0270  0.0266  0.0292  0.0267  0.0304  0.0269  0.0290  0.0269  0.0275  0.0268  0.0264
niter,ni,del,rscale     4    3    5.0000    0.7000
parameters
    0.6454   31.8162   11.7052   -4.1962  -20.5596   -8.9203
    1.6622   -3.9207   -1.2058   23.7882   11.0994  -23.3006
eta,q 0.97412 14.46528
  0.0272  0.0267  0.0265  0.0276  0.0265  0.0285  0.0268  0.0287  0.0267  0.0269  0.0267  0.0264
  0.0266  0.0262  0.0261  0.0269  0.0262  0.0276  0.0263  0.0269  0.0263  0.0263  0.0262  0.0261
  0.0261  0.0260  0.0259  0.0263  0.0260  0.0266  0.0260  0.0260  0.0260  0.0260  0.0259  0.0259
  0.0259  0.0259  0.0259  0.0259  0.0259  0.0259  0.0259  0.0259  0.0259  0.0259  0.0259  0.0259
  0.0260  0.0260  0.0261  0.0259  0.0259  0.0260  0.0260  0.0263  0.0259  0.0260  0.0260  0.0259
  0.0264  0.0263  0.0264  0.0265  0.0261  0.0270  0.0263  0.0272  0.0262  0.0264  0.0262  0.0261
  0.0271  0.0268  0.0269  0.0278  0.0264  0.0290  0.0269  0.0284  0.0266  0.0270  0.0266  0.0263
niter,ni,del,rscale     3    3    5.0000    0.6000
parameters
    0.6557   31.8092   11.7093   -4.0290  -20.4811   -8.7671
    1.5683   -3.9580   -1.2069   23.7470   11.1056  -23.2255
eta,q 0.97418 14.47826
  0.0268  0.0265  0.0265  0.0272  0.0263  0.0280  0.0265  0.0279  0.0264  0.0266  0.0264  0.0262
  0.0263  0.0261  0.0261  0.0267  0.0261  0.0273  0.0261  0.0266  0.0261  0.0262  0.0261  0.0260
  0.0260  0.0259  0.0259  0.0262  0.0259  0.0264  0.0259  0.0259  0.0259  0.0259  0.0259  0.0259
  0.0259  0.0259  0.0259  0.0259  0.0259  0.0259  0.0258  0.0258  0.0258  0.0258  0.0258  0.0258
  0.0260  0.0259  0.0260  0.0259  0.0259  0.0259  0.0259  0.0262  0.0259  0.0259  0.0259  0.0259
  0.0263  0.0261  0.0262  0.0263  0.0260  0.0266  0.0262  0.0269  0.0261  0.0262  0.0261  0.0260
  0.0268  0.0265  0.0265  0.0272  0.0263  0.0281  0.0266  0.0278  0.0264  0.0267  0.0264  0.0261
niter,ni,del,rscale     2    3    5.0000    0.5000
parameters
    0.6372   31.7798   11.7831   -3.8873  -20.4320   -8.5740
    1.5241   -4.0210   -1.2165   23.6245   11.0970  -23.1244
eta,q 0.97424 14.49000
  0.0265  0.0262  0.0263  0.0268  0.0261  0.0276  0.0263  0.0273  0.0262  0.0263  0.0262  0.0261
  0.0261  0.0260  0.0261  0.0264  0.0259  0.0269  0.0260  0.0264  0.0259  0.0260  0.0259  0.0259
  0.0259  0.0259  0.0259  0.0260  0.0258  0.0262  0.0258  0.0259  0.0258  0.0258  0.0258  0.0258
  0.0258  0.0258  0.0258  0.0258  0.0258  0.0258  0.0258  0.0258  0.0258  0.0258  0.0258  0.0258
  0.0259  0.0259  0.0258  0.0258  0.0258  0.0258  0.0258  0.0260  0.0258  0.0258  0.0258  0.0258
  0.0261  0.0260  0.0260  0.0261  0.0259  0.0264  0.0260  0.0265  0.0259  0.0261  0.0260  0.0259
  0.0265  0.0262  0.0262  0.0268  0.0261  0.0274  0.0263  0.0273  0.0262  0.0264  0.0262  0.0260
niter,ni,del,rscale     1    3    5.0000    0.4000
parameters
    0.6038   31.7319   11.8872   -3.7763  -20.3587   -8.3913
    1.4906   -4.1079   -1.2112   23.4370   11.1025  -23.0139
eta,q 0.97428 14.50212
  0.0262  0.0260  0.0261  0.0265  0.0259  0.0270  0.0260  0.0267  0.0260  0.0260  0.0260  0.0259
  0.0259  0.0258  0.0259  0.0261  0.0258  0.0265  0.0259  0.0261  0.0258  0.0259  0.0258  0.0258
  0.0258  0.0258  0.0258  0.0259  0.0258  0.0260  0.0258  0.0258  0.0258  0.0257  0.0257  0.0257
  0.0258  0.0258  0.0258  0.0258  0.0257  0.0257  0.0257  0.0257  0.0257  0.0257  0.0257  0.0257
  0.0258  0.0258  0.0258  0.0258  0.0258  0.0258  0.0258  0.0259  0.0257  0.0258  0.0258  0.0257
  0.0260  0.0259  0.0258  0.0260  0.0258  0.0261  0.0259  0.0263  0.0258  0.0259  0.0259  0.0258
  0.0263  0.0260  0.0260  0.0264  0.0259  0.0268  0.0261  0.0268  0.0260  0.0262  0.0260  0.0259
registration optimization eta report
parameter search radius
    0.8000    0.8000    0.8000    2.4000    2.4000    2.4000
    2.4000    2.4000    2.4000    2.4000    2.4000    2.4000
100000*second partial in parameter space
       71.       40.       47.       12.        3.       20.
        6.       18.        5.        7.        5.        3.
  0.0262  0.0260  0.0261  0.0265  0.0259  0.0270  0.0260  0.0267  0.0260  0.0260  0.0260  0.0259
  0.0259  0.0258  0.0259  0.0261  0.0258  0.0265  0.0259  0.0261  0.0258  0.0259  0.0258  0.0258
  0.0258  0.0258  0.0258  0.0259  0.0258  0.0260  0.0258  0.0258  0.0258  0.0257  0.0257  0.0257
  0.0258  0.0258  0.0258  0.0258  0.0257  0.0257  0.0257  0.0257  0.0257  0.0257  0.0257  0.0257
  0.0258  0.0258  0.0258  0.0258  0.0258  0.0258  0.0258  0.0259  0.0257  0.0258  0.0258  0.0257
  0.0260  0.0259  0.0258  0.0260  0.0258  0.0261  0.0259  0.0263  0.0258  0.0259  0.0259  0.0258
  0.0263  0.0260  0.0260  0.0264  0.0259  0.0268  0.0261  0.0268  0.0260  0.0262  0.0260  0.0259
    0.6038   31.7319   11.8872   -3.7763  -20.3587   -8.3913
    1.4906   -4.1079   -1.2112   23.4370   11.1025  -23.0139
eta,q 0.97428 14.50212

---------------------------------------------------------------------
compute_vox2vox talsrcimg talsrcimg_to_711-2C_as_mni_average_305_t4 /opt/freesurfer/average/711-2C_as_mni_average_305
---------------------------------------------------------------------

freesurfer compute_vox2vox.c
Reading: talsrcimg.4dfp.ifh
Reading: talsrcimg_to_711-2C_as_mni_average_305_t4
Reading: /opt/freesurfer/average/711-2C_as_mni_average_305.4dfp.ifh
Writing: talsrcimg_to_711-2C_as_mni_average_305_t4_vox2vox.txt

start time Sun Mar 8 20:31:32 CET 2026
end		time Sun Mar 8 20:32:59 CET 2026

mpr2mni305 success

avi2talxfm orig_nu.mgz /opt/freesurfer/average/mni305.cor.mgz talsrcimg_to_711-2C_as_mni_average_305_t4_vox2vox.txt transforms/talairach.auto.xfm
avi2talxfm done
mv -f /out/sourcedata/freesurfer/sub-v1s15x0050190_ses-1/mri/talsrcimg_to_711-2C_as_mni_average_305_t4_vox2vox.txt /out/sourcedata/freesurfer/sub-v1s15x0050190_ses-1/mri/transforms/talsrcimg_to_711-2C_as_mni_average_305_t4_vox2vox.txt
lta_convert --src orig_nu.mgz --trg /opt/freesurfer/average/mni305.cor.mgz --inxfm transforms/talairach.auto.xfm --outlta transforms/talairach.auto.xfm.lta --subject fsaverage
7.3.2

--src: orig_nu.mgz src image (geometry).
--trg: /opt/freesurfer/average/mni305.cor.mgz trg image (geometry).
--inmni: transforms/talairach.auto.xfm input MNI/XFM transform.
--outlta: transforms/talairach.auto.xfm.lta output LTA.
--s: fsaverage subject name
 LTA read, type : 1
 1.03366   0.04777  -0.00554   1.35429;
-0.11297   1.01123   0.29433  -20.40368;
 0.04897  -0.29686   1.16893  -2.66298;
 0.00000   0.00000   0.00000   1.00000;
setting subject to fsaverage
Writing  LTA to file transforms/talairach.auto.xfm.lta...
lta_convert successful.
 
 
Started at Sun Mar 8 20:31:32 CET 2026
Ended   at Sun Mar  8 20:32:59 CET 2026
talairach_avi done
