/out/sourcedata/freesurfer/sub-v1s15x0050212_ses-1/mri
/opt/freesurfer/bin/talairach_avi
--i orig_nu.mgz --xfm transforms/talairach.auto.xfm
talairach_avi 7.3.2
Linux dna061 5.14.0-427.37.1.el9_4.x86_64 #1 SMP PREEMPT_DYNAMIC Fri Sep 13 12:41:50 EDT 2024 x86_64 x86_64 x86_64 GNU/Linux
Sun Mar  8 21:27:03 CET 2026
mri_convert orig_nu.mgz talsrcimg.img 
reading from orig_nu.mgz...
TR=0.00, TE=0.00, TI=0.00, flip angle=0.00
i_ras = (-1, 0, 0)
j_ras = (0, 0, -1)
k_ras = (0, 1, 0)
writing to talsrcimg.img...
Analyze Output Matrix
-1.00000   0.00000   0.00000   132.31219;
 0.00000   0.00000   1.00000  -117.25000;
 0.00000  -1.00000   0.00000   86.37469;
 0.00000   0.00000   0.00000   1.00000;
--------------------
INFO: set hdr.hist.orient to -1
mpr2mni305 talsrcimg
Sun Mar  8 21:27:04 CET 2026
/opt/freesurfer/bin/mpr2mni305 talsrcimg
mpr2mni305 7.3.2
target=711-2C_as_mni_average_305

---------------------------------------------------------------------
analyzeto4dfp talsrcimg -O0 -y
---------------------------------------------------------------------

freesurfer ifh2hdr.c
Sun Mar  8 21:27:04 2026
Writing: talsrcimg.4dfp.hdr
freesurfer analyzeto4dfp.c
Reading: talsrcimg.hdr
header size 348 bytes
hdr.dime.datatype	offset=70	value=2
hdr.dime.bitpix		offset=72	value=8
hdr.hist.orient		offset=252	value=-1
dimensionality     4
dimensions       256       256       256         1
Reading: talsrcimg.img
Writing: talsrcimg.4dfp.img
Writing: talsrcimg.4dfp.ifh
ifh2hdr talsrcimg -r0to213
ori=2

---------------------------------------------------------------------
gauss_4dfp talsrcimg 1.1
---------------------------------------------------------------------

freesurfer gauss_4dfp.c
Reading: talsrcimg.4dfp.img
Writing: talsrcimg_g11.4dfp.img
image dimensions 256 256 256 padded to 288 288 288
processing volume 1freesurfer ifh2hdr.c
Sun Mar  8 21:27:06 2026
Writing: talsrcimg_g11.4dfp.hdr

Writing: talsrcimg_g11.4dfp.ifh
including: talsrcimg.4dfp.img.rec in talsrcimg_g11.4dfp.img.rec

---------------------------------------------------------------------
imgreg_4dfp /opt/freesurfer/average/711-2C_as_mni_average_305 none talsrcimg_g11 none talsrcimg_to_711-2C_as_mni_average_305_t4 4355
---------------------------------------------------------------------

freesurfer imgreg_4dfp.c
/opt/freesurfer/average/711-2C_as_mni_average_305.4dfp.img
       256       256       256         1
  1.000000  1.000000  1.000000
orientation T byte_order littleendian
Reading image: /opt/freesurfer/average/711-2C_as_mni_average_305.4dfp.img
dimensions:      256       256       256
mmppix:       1.0000   -1.0000   -1.0000
center:     128.0000 -129.0000 -129.0000
talsrcimg_g11.4dfp.img
       256       256       256         1
  1.000000  1.000000  1.000000
orientation T byte_order littleendian
Reading image: talsrcimg_g11.4dfp.img
dimensions:      256       256       256
mmppix:       1.0000   -1.0000   -1.0000
center:     128.0000 -129.0000 -129.0000
t4_read: open error in t4_sub.f l:  41 t4_file(1:l)talsrcimg_to_711-2C_as_mni_average_305_t4 
t4_read: transform initialized to I4
rotation matrix determinant  1.000000
image alignment mode   4355 decimal     1103 hex
   -7.5000  -45.0000  -45.0000 5864.9863   23.2287
    0.0000  -45.0000  -45.0000 6234.8018   23.2627
    7.5000  -45.0000  -45.0000 6064.4648   23.3081
   -7.5000  -37.5000  -45.0000 6437.2725   22.5718
    0.0000  -37.5000  -45.0000 6846.2173   22.6084
    7.5000  -37.5000  -45.0000 6648.0254   22.6544
   -7.5000  -30.0000  -45.0000 7285.1387   22.0722
    0.0000  -30.0000  -45.0000 7742.1001   22.1024
    7.5000  -30.0000  -45.0000 7513.3467   22.1464
   -7.5000  -22.5000  -45.0000 8168.7891   21.7497
    0.0000  -22.5000  -45.0000 8662.1650   21.7699
    7.5000  -22.5000  -45.0000 8415.6455   21.8098
   -7.5000  -15.0000  -45.0000 9090.2148   21.6880
    0.0000  -15.0000  -45.0000 9627.8916   21.7048
    7.5000  -15.0000  -45.0000 9369.8486   21.7431
   -7.5000   -7.5000  -45.000010018.8789   21.7099
    0.0000   -7.5000  -45.000010622.7793   21.7332
    7.5000   -7.5000  -45.000010314.0049   21.7717
   -7.5000    0.0000  -45.000010902.7949   21.7423
    0.0000    0.0000  -45.000011540.4473   21.7748
    7.5000    0.0000  -45.000011199.0518   21.8152
   -7.5000    7.5000  -45.000010917.2207   21.7514
    0.0000    7.5000  -45.000011567.3291   21.7870
    7.5000    7.5000  -45.000011202.8955   21.8297
   -7.5000   15.0000  -45.000010839.8545   21.7328
    0.0000   15.0000  -45.000011449.1211   21.7626
    7.5000   15.0000  -45.000011094.4902   21.8051
   -7.5000   22.5000  -45.000010688.4268   21.6980
    0.0000   22.5000  -45.000011285.4512   21.7182
    7.5000   22.5000  -45.000010909.6113   21.7582
   -7.5000   30.0000  -45.000010389.0771   21.3981
    0.0000   30.0000  -45.000010945.9170   21.4147
    7.5000   30.0000  -45.000010567.4209   21.4525
   -7.5000   37.5000  -45.000010360.9561   21.4206
    0.0000   37.5000  -45.000010911.7119   21.4435
    7.5000   37.5000  -45.000010530.9248   21.4816
   -7.5000   45.0000  -45.0000 9896.4805   20.9079
    0.0000   45.0000  -45.000010441.0967   20.9391
    7.5000   45.0000  -45.000010058.9531   20.9779
   -7.5000  -45.0000  -37.5000 6207.9829   23.1689
    0.0000  -45.0000  -37.5000 6592.6826   23.2098
    7.5000  -45.0000  -37.5000 6406.3228   23.2652
   -7.5000  -37.5000  -37.5000 6792.1509   22.5212
    0.0000  -37.5000  -37.5000 7210.8901   22.5635
    7.5000  -37.5000  -37.5000 7005.5752   22.6198
   -7.5000  -30.0000  -37.5000 7701.9014   22.0302
    0.0000  -30.0000  -37.5000 8175.5869   22.0721
    7.5000  -30.0000  -37.5000 7953.1494   22.1263
   -7.5000  -22.5000  -37.5000 8669.2119   21.7028
    0.0000  -22.5000  -37.5000 9209.1768   21.7403
    7.5000  -22.5000  -37.5000 8939.1641   21.7901
   -7.5000  -15.0000  -37.5000 9667.3545   21.6297
    0.0000  -15.0000  -37.500010252.7158   21.6649
    7.5000  -15.0000  -37.5000 9940.7363   21.7128
   -7.5000   -7.5000  -37.500010643.5723   21.6455
    0.0000   -7.5000  -37.500011303.2090   21.6815
    7.5000   -7.5000  -37.500010925.0088   21.7296
   -7.5000    0.0000  -37.500011562.4980   21.6829
    0.0000    0.0000  -37.500012262.3936   21.7214
    7.5000    0.0000  -37.500011848.1904   21.7708
   -7.5000    7.5000  -37.500011566.8867   21.7035
    0.0000    7.5000  -37.500012239.8691   21.7449
    7.5000    7.5000  -37.500011833.1367   21.7971
   -7.5000   15.0000  -37.500011485.5059   21.6918
    0.0000   15.0000  -37.500012105.6904   21.7331
    7.5000   15.0000  -37.500011706.9062   21.7858
   -7.5000   22.5000  -37.500011304.8945   21.6515
    0.0000   22.5000  -37.500011896.9473   21.6890
    7.5000   22.5000  -37.500011480.5957   21.7387
   -7.5000   30.0000  -37.500010948.3340   21.3406
    0.0000   30.0000  -37.500011521.8340   21.3753
    7.5000   30.0000  -37.500011118.6699   21.4226
   -7.5000   37.5000  -37.500010879.2090   21.3570
    0.0000   37.5000  -37.500011473.9775   21.3926
    7.5000   37.5000  -37.500011064.9902   21.4400
   -7.5000   45.0000  -37.500010390.2637   20.8507
    0.0000   45.0000  -37.500010965.4551   20.8877
    7.5000   45.0000  -37.500010566.6572   20.9352
   -7.5000  -45.0000  -30.0000 6635.6323   24.0741
    0.0000  -45.0000  -30.0000 7052.0786   24.1263
    7.5000  -45.0000  -30.0000 6835.1855   24.1960
   -7.5000  -37.5000  -30.0000 7274.4766   23.4088
    0.0000  -37.5000  -30.0000 7717.5610   23.4577
    7.5000  -37.5000  -30.0000 7481.6538   23.5182
   -7.5000  -30.0000  -30.0000 8278.1943   22.9005
    0.0000  -30.0000  -30.0000 8781.4160   22.9527
    7.5000  -30.0000  -30.0000 8515.2246   23.0078
   -7.5000  -22.5000  -30.0000 9337.5869   22.5539
    0.0000  -22.5000  -30.0000 9915.2812   22.6089
    7.5000  -22.5000  -30.0000 9608.1279   22.6663
   -7.5000  -15.0000  -30.000010410.2197   22.4706
    0.0000  -15.0000  -30.000011066.4941   22.5270
    7.5000  -15.0000  -30.000010693.0137   22.5911
   -7.5000   -7.5000  -30.000011451.1426   22.4854
    0.0000   -7.5000  -30.000012160.8213   22.5387
    7.5000   -7.5000  -30.000011764.2471   22.6052
   -7.5000    0.0000  -30.000012428.0342   22.5298
    0.0000    0.0000  -30.000013198.0420   22.5783
    7.5000    0.0000  -30.000012761.5479   22.6403
   -7.5000    7.5000  -30.000012440.2939   22.5586
    0.0000    7.5000  -30.000013159.2705   22.6068
    7.5000    7.5000  -30.000012724.7227   22.6633
   -7.5000   15.0000  -30.000012332.8945   22.5485
    0.0000   15.0000  -30.000013009.1934   22.6000
    7.5000   15.0000  -30.000012573.9746   22.6541
   -7.5000   22.5000  -30.000012100.8330   22.4985
    0.0000   22.5000  -30.000012743.3408   22.5534
    7.5000   22.5000  -30.000012320.7168   22.6106
   -7.5000   30.0000  -30.000011709.6611   22.1723
    0.0000   30.0000  -30.000012323.0830   22.2280
    7.5000   30.0000  -30.000011931.1611   22.2913
   -7.5000   37.5000  -30.000011611.9248   22.1879
    0.0000   37.5000  -30.000012241.5029   22.2405
    7.5000   37.5000  -30.000011841.4658   22.3060
   -7.5000   45.0000  -30.000011061.0859   21.6810
    0.0000   45.0000  -30.000011666.6689   21.7276
    7.5000   45.0000  -30.000011266.6719   21.7874
   -7.5000  -45.0000  -22.5000 7037.0327   24.8516
    0.0000  -45.0000  -22.5000 7483.7100   24.9054
    7.5000  -45.0000  -22.5000 7253.0557   24.9794
   -7.5000  -37.5000  -22.5000 7751.7349   24.1690
    0.0000  -37.5000  -22.5000 8224.8613   24.2162
    7.5000  -37.5000  -22.5000 7979.3408   24.2694
   -7.5000  -30.0000  -22.5000 8839.9922   23.6374
    0.0000  -30.0000  -22.5000 9393.1543   23.6853
    7.5000  -30.0000  -22.5000 9101.7607   23.7294
   -7.5000  -22.5000  -22.5000 9990.4170   23.2762
    0.0000  -22.5000  -22.500010641.6348   23.3277
    7.5000  -22.5000  -22.500010293.4883   23.3826
   -7.5000  -15.0000  -22.500011140.5459   23.1932
    0.0000  -15.0000  -22.500011872.8203   23.2482
    7.5000  -15.0000  -22.500011466.2178   23.3197
   -7.5000   -7.5000  -22.500012236.2969   23.2147
    0.0000   -7.5000  -22.500013016.6592   23.2689
    7.5000   -7.5000  -22.500012601.9453   23.3450
   -7.5000    0.0000  -22.500013296.4590   23.2643
    0.0000    0.0000  -22.500014137.4414   23.3141
    7.5000    0.0000  -22.500013669.2988   23.3798
   -7.5000    7.5000  -22.500013307.6748   23.2911
    0.0000    7.5000  -22.500014123.0312   23.3377
    7.5000    7.5000  -22.500013674.9707   23.3877
   -7.5000   15.0000  -22.500013142.5215   23.2741
    0.0000   15.0000  -22.500013933.1055   23.3213
    7.5000   15.0000  -22.500013484.5771   23.3651
   -7.5000   22.5000  -22.500012880.5850   23.2175
    0.0000   22.5000  -22.500013621.3389   23.2689
    7.5000   22.5000  -22.500013187.0312   23.3237
   -7.5000   30.0000  -22.500012480.7900   22.8888
    0.0000   30.0000  -22.500013203.3496   22.9432
    7.5000   30.0000  -22.500012758.9395   23.0137
   -7.5000   37.5000  -22.500012376.2002   22.9110
    0.0000   37.5000  -22.500013081.1553   22.9645
    7.5000   37.5000  -22.500012650.7979   23.0396
   -7.5000   45.0000  -22.500011759.3174   22.4046
    0.0000   45.0000  -22.500012423.2168   22.4526
    7.5000   45.0000  -22.500012012.5186   22.5159
   -7.5000  -45.0000  -15.0000 7475.3486   25.4647
    0.0000  -45.0000  -15.0000 7935.2954   25.5115
    7.5000  -45.0000  -15.0000 7713.6221   25.5770
   -7.5000  -37.5000  -15.0000 8250.0684   24.7590
    0.0000  -37.5000  -15.0000 8758.0713   24.7993
    7.5000  -37.5000  -15.0000 8520.8428   24.8431
   -7.5000  -30.0000  -15.0000 9393.1318   24.2049
    0.0000  -30.0000  -15.0000 9996.1650   24.2403
    7.5000  -30.0000  -15.0000 9699.8877   24.2750
   -7.5000  -22.5000  -15.000010590.2090   23.8402
    0.0000  -22.5000  -15.000011283.9600   23.8743
    7.5000  -22.5000  -15.000010926.7275   23.9215
   -7.5000  -15.0000  -15.000011817.2578   23.7676
    0.0000  -15.0000  -15.000012572.7793   23.8051
    7.5000  -15.0000  -15.000012186.6396   23.8700
   -7.5000   -7.5000  -15.000013005.6953   23.7979
    0.0000   -7.5000  -15.000013834.1943   23.8400
    7.5000   -7.5000  -15.000013406.3154   23.9091
   -7.5000    0.0000  -15.000014130.7461   23.8451
    0.0000    0.0000  -15.000015015.7383   23.8888
    7.5000    0.0000  -15.000014544.0479   23.9468
   -7.5000    7.5000  -15.000014129.7012   23.8599
    0.0000    7.5000  -15.000015035.5850   23.8996
    7.5000    7.5000  -15.000014552.5752   23.9408
   -7.5000   15.0000  -15.000013924.8721   23.8332
    0.0000   15.0000  -15.000014817.1943   23.8680
    7.5000   15.0000  -15.000014317.0703   23.9025
   -7.5000   22.5000  -15.000013649.6084   23.7788
    0.0000   22.5000  -15.000014485.8633   23.8129
    7.5000   22.5000  -15.000013998.9424   23.8600
   -7.5000   30.0000  -15.000013249.8477   23.4590
    0.0000   30.0000  -15.000014047.5713   23.4960
    7.5000   30.0000  -15.000013564.9365   23.5601
   -7.5000   37.5000  -15.000013116.7275   23.4899
    0.0000   37.5000  -15.000013896.1035   23.5315
    7.5000   37.5000  -15.000013403.4375   23.5996
   -7.5000   45.0000  -15.000012445.1006   22.9779
    0.0000   45.0000  -15.000013161.8506   23.0200
    7.5000   45.0000  -15.000012721.6973   23.0759
   -7.5000  -45.0000   -7.5000 7939.5703   25.8403
    0.0000  -45.0000   -7.5000 8415.4658   25.8801
    7.5000  -45.0000   -7.5000 8227.4170   25.9336
   -7.5000  -37.5000   -7.5000 8758.1074   25.1132
    0.0000  -37.5000   -7.5000 9303.8711   25.1511
    7.5000  -37.5000   -7.5000 9084.9551   25.1937
   -7.5000  -30.0000   -7.5000 9951.0547   24.5505
    0.0000  -30.0000   -7.500010609.4717   24.5796
    7.5000  -30.0000   -7.500010301.6611   24.6168
   -7.5000  -22.5000   -7.500011195.5938   24.1898
    0.0000  -22.5000   -7.500011945.8018   24.2105
    7.5000  -22.5000   -7.500011575.1719   24.2527
   -7.5000  -15.0000   -7.500012489.3154   24.1256
    0.0000  -15.0000   -7.500013328.2471   24.1464
    7.5000  -15.0000   -7.500012924.2832   24.1965
   -7.5000   -7.5000   -7.500013762.6514   24.1570
    0.0000   -7.5000   -7.500014681.6768   24.1861
    7.5000   -7.5000   -7.500014217.9141   24.2380
   -7.5000    0.0000   -7.500014961.4521   24.1961
    0.0000    0.0000   -7.500015963.2012   24.2339
    7.5000    0.0000   -7.500015438.8994   24.2811
   -7.5000    7.5000   -7.500015067.4043   24.2017
    0.0000    7.5000   -7.500016083.3145   24.2388
    7.5000    7.5000   -7.500015499.4092   24.2786
   -7.5000   15.0000   -7.500014908.4346   24.1737
    0.0000   15.0000   -7.500015889.9688   24.2022
    7.5000   15.0000   -7.500015203.9785   24.2386
   -7.5000   22.5000   -7.500014615.8916   24.1246
    0.0000   22.5000   -7.500015457.4150   24.1454
    7.5000   22.5000   -7.500014800.9238   24.1875
   -7.5000   30.0000   -7.500014102.7490   23.8118
    0.0000   30.0000   -7.500014895.7998   23.8322
    7.5000   30.0000   -7.500014311.1094   23.8817
   -7.5000   37.5000   -7.500013908.7695   23.8437
    0.0000   37.5000   -7.500014714.1533   23.8725
    7.5000   37.5000   -7.500014151.3984   23.9237
   -7.5000   45.0000   -7.500013172.1465   23.3205
    0.0000   45.0000   -7.500013931.0146   23.3569
    7.5000   45.0000   -7.500013409.7451   23.4024
   -7.5000  -45.0000    0.0000 8262.4736   25.9507
    0.0000  -45.0000    0.0000 8777.1250   25.9886
    7.5000  -45.0000    0.0000 8588.1514   26.0395
   -7.5000  -37.5000    0.0000 9166.9570   25.2186
    0.0000  -37.5000    0.0000 9751.9414   25.2595
    7.5000  -37.5000    0.0000 9506.0576   25.3112
   -7.5000  -30.0000    0.000010439.9424   24.6611
    0.0000  -30.0000    0.000011125.5596   24.6950
    7.5000  -30.0000    0.000010786.8203   24.7443
   -7.5000  -22.5000    0.000011754.1631   24.3003
    0.0000  -22.5000    0.000012521.3174   24.3229
    7.5000  -22.5000    0.000012138.8809   24.3680
   -7.5000  -15.0000    0.000013130.8076   24.2307
    0.0000  -15.0000    0.000013948.8945   24.2495
    7.5000  -15.0000    0.000013505.8525   24.2928
   -7.5000   -7.5000    0.000014451.4844   24.2555
    0.0000   -7.5000    0.000015356.4785   24.2814
    7.5000   -7.5000    0.000014835.8672   24.3249
   -7.5000    0.0000    0.000015750.9561   24.2927
    0.0000    0.0000    0.000016802.8145   24.3289
    7.5000    0.0000    0.000016184.7793   24.3743
   -7.5000    7.5000    0.000016089.0654   24.3035
    0.0000    7.5000    0.000017165.0977   24.3433
    7.5000    7.5000    0.000016320.3340   24.3911
   -7.5000   15.0000    0.000016120.6641   24.2825
    0.0000   15.0000    0.000017077.7891   24.3158
    7.5000   15.0000    0.000016039.0947   24.3636
   -7.5000   22.5000    0.000015614.0410   24.2347
    0.0000   22.5000    0.000016403.6309   24.2574
    7.5000   22.5000    0.000015539.2070   24.3025
   -7.5000   30.0000    0.000014915.0332   23.9161
    0.0000   30.0000    0.000015657.6260   23.9347
    7.5000   30.0000    0.000014959.6250   23.9774
   -7.5000   37.5000    0.000014720.4590   23.9416
    0.0000   37.5000    0.000015494.8369   23.9672
    7.5000   37.5000    0.000014824.8467   24.0101
   -7.5000   45.0000    0.000013961.4932   23.4154
    0.0000   45.0000    0.000014707.4033   23.4502
    7.5000   45.0000    0.000014072.4951   23.4940
   -7.5000  -45.0000    7.5000 8006.8223   25.9260
    0.0000  -45.0000    7.5000 8499.6182   25.9718
    7.5000  -45.0000    7.5000 8302.2656   26.0337
   -7.5000  -37.5000    7.5000 8891.1836   25.2013
    0.0000  -37.5000    7.5000 9483.9268   25.2487
    7.5000  -37.5000    7.5000 9201.3984   25.3117
   -7.5000  -30.0000    7.500010116.8008   24.6519
    0.0000  -30.0000    7.500010811.1953   24.6988
    7.5000  -30.0000    7.500010415.3857   24.7594
   -7.5000  -22.5000    7.500011395.2500   24.2855
    0.0000  -22.5000    7.500012163.1387   24.3274
    7.5000  -22.5000    7.500011703.1572   24.3831
   -7.5000  -15.0000    7.500012704.3008   24.2036
    0.0000  -15.0000    7.500013553.9365   24.2429
    7.5000  -15.0000    7.500013002.1025   24.2966
   -7.5000   -7.5000    7.500013996.7705   24.2213
    0.0000   -7.5000    7.500014893.7637   24.2616
    7.5000   -7.5000    7.500014249.3564   24.3154
   -7.5000    0.0000    7.500015307.0283   24.2632
    0.0000    0.0000    7.500016240.6514   24.3063
    7.5000    0.0000    7.500015520.5029   24.3615
   -7.5000    7.5000    7.500015684.1250   24.2864
    0.0000    7.5000    7.500016674.0430   24.3327
    7.5000    7.5000    7.500015708.8945   24.3911
   -7.5000   15.0000    7.500015780.8838   24.2732
    0.0000   15.0000    7.500016699.6250   24.3194
    7.5000   15.0000    7.500015538.6504   24.3784
   -7.5000   22.5000    7.500015335.4609   24.2201
    0.0000   22.5000    7.500016143.4756   24.2621
    7.5000   22.5000    7.500015115.3330   24.3177
   -7.5000   30.0000    7.500014680.6387   23.8893
    0.0000   30.0000    7.500015396.9668   23.9282
    7.5000   30.0000    7.500014525.4795   23.9811
   -7.5000   37.5000    7.500014516.4580   23.9078
    0.0000   37.5000    7.500015216.6484   23.9476
    7.5000   37.5000    7.500014351.8193   24.0007
   -7.5000   45.0000    7.500013716.2031   23.3869
    0.0000   45.0000    7.500014401.5801   23.4285
    7.5000   45.0000    7.500013616.7656   23.4817
   -7.5000  -45.0000   15.0000 7550.7012   25.8534
    0.0000  -45.0000   15.0000 8053.0488   25.9094
    7.5000  -45.0000   15.0000 7832.9653   25.9843
   -7.5000  -37.5000   15.0000 8450.8691   25.1389
    0.0000  -37.5000   15.0000 9008.8428   25.1914
    7.5000  -37.5000   15.0000 8720.9697   25.2564
   -7.5000  -30.0000   15.0000 9705.4512   24.5930
    0.0000  -30.0000   15.000010299.9375   24.6491
    7.5000  -30.0000   15.0000 9937.2871   24.7082
   -7.5000  -22.5000   15.000010967.8154   24.2207
    0.0000  -22.5000   15.000011595.3506   24.2798
    7.5000  -22.5000   15.000011207.4629   24.3414
   -7.5000  -15.0000   15.000012230.9482   24.1313
    0.0000  -15.0000   15.000012909.0400   24.1918
    7.5000  -15.0000   15.000012456.4727   24.2607
   -7.5000   -7.5000   15.000013428.4395   24.1472
    0.0000   -7.5000   15.000014176.6230   24.2044
    7.5000   -7.5000   15.000013632.4707   24.2758
   -7.5000    0.0000   15.000014675.2314   24.1948
    0.0000    0.0000   15.000015489.4395   24.2469
    7.5000    0.0000   15.000014800.5811   24.3136
   -7.5000    7.5000   15.000014928.0195   24.2258
    0.0000    7.5000   15.000015874.7949   24.2775
    7.5000    7.5000   15.000014935.8154   24.3382
   -7.5000   15.0000   15.000014973.3096   24.2149
    0.0000   15.0000   15.000016033.5225   24.2702
    7.5000   15.0000   15.000014883.9346   24.3283
   -7.5000   22.5000   15.000014756.7383   24.1559
    0.0000   22.5000   15.000015846.4766   24.2148
    7.5000   22.5000   15.000014628.0361   24.2763
   -7.5000   30.0000   15.000014264.8809   23.8179
    0.0000   30.0000   15.000015249.2334   23.8777
    7.5000   30.0000   15.000014099.9336   23.9457
   -7.5000   37.5000   15.000014073.7588   23.8346
    0.0000   37.5000   15.000014904.5000   23.8911
    7.5000   37.5000   15.000013874.1611   23.9616
   -7.5000   45.0000   15.000013207.4951   23.3210
    0.0000   45.0000   15.000013897.1992   23.3712
    7.5000   45.0000   15.000013054.0078   23.4355
   -7.5000  -45.0000   22.5000 7073.0962   25.8169
    0.0000  -45.0000   22.5000 7526.8716   25.8728
    7.5000  -45.0000   22.5000 7337.2134   25.9497
   -7.5000  -37.5000   22.5000 7943.8877   25.1088
    0.0000  -37.5000   22.5000 8443.4023   25.1578
    7.5000  -37.5000   22.5000 8162.6475   25.2132
   -7.5000  -30.0000   22.5000 9122.9180   24.5567
    0.0000  -30.0000   22.5000 9689.5742   24.6065
    7.5000  -30.0000   22.5000 9316.2207   24.6523
   -7.5000  -22.5000   22.500010306.8701   24.1813
    0.0000  -22.5000   22.500010928.6201   24.2349
    7.5000  -22.5000   22.500010515.5752   24.2918
   -7.5000  -15.0000   22.500011500.9297   24.0950
    0.0000  -15.0000   22.500012176.8857   24.1522
    7.5000  -15.0000   22.500011689.4355   24.2265
   -7.5000   -7.5000   22.500012685.6553   24.1171
    0.0000   -7.5000   22.500013448.2500   24.1734
    7.5000   -7.5000   22.500012886.9580   24.2526
   -7.5000    0.0000   22.500013840.7793   24.1684
    0.0000    0.0000   22.500014683.0000   24.2202
    7.5000    0.0000   22.500014008.4092   24.2885
   -7.5000    7.5000   22.500013997.5127   24.1964
    0.0000    7.5000   22.500014856.7598   24.2448
    7.5000    7.5000   22.500014125.8340   24.2968
   -7.5000   15.0000   22.500013883.9697   24.1789
    0.0000   15.0000   22.500014721.1416   24.2280
    7.5000   15.0000   22.500014052.8633   24.2735
   -7.5000   22.5000   22.500013630.7051   24.1167
    0.0000   22.5000   22.500014453.3838   24.1701
    7.5000   22.5000   22.500013806.7676   24.2269
   -7.5000   30.0000   22.500013266.7656   23.7822
    0.0000   30.0000   22.500014044.6748   23.8387
    7.5000   30.0000   22.500013402.7461   23.9119
   -7.5000   37.5000   22.500013194.9453   23.8050
    0.0000   37.5000   22.500013909.0908   23.8605
    7.5000   37.5000   22.500013239.0996   23.9386
   -7.5000   45.0000   22.500012429.2842   23.2956
    0.0000   45.0000   22.500013060.9619   23.3455
    7.5000   45.0000   22.500012418.9053   23.4114
   -7.5000  -45.0000   30.0000 6510.0938   25.8895
    0.0000  -45.0000   30.0000 6931.0190   25.9370
    7.5000  -45.0000   30.0000 6704.8872   26.0034
   -7.5000  -37.5000   30.0000 7335.9204   25.1739
    0.0000  -37.5000   30.0000 7795.9009   25.2148
    7.5000  -37.5000   30.0000 7493.9087   25.2590
   -7.5000  -30.0000   30.0000 8423.1367   24.6115
    0.0000  -30.0000   30.0000 8935.4111   24.6473
    7.5000  -30.0000   30.0000 8595.3447   24.6823
   -7.5000  -22.5000   30.0000 9516.9111   24.2401
    0.0000  -22.5000   30.000010082.3125   24.2746
    7.5000  -22.5000   30.0000 9734.0137   24.3225
   -7.5000  -15.0000   30.000010608.2500   24.1659
    0.0000  -15.0000   30.000011236.2598   24.2040
    7.5000  -15.0000   30.000010867.3018   24.2699
   -7.5000   -7.5000   30.000011665.5098   24.1961
    0.0000   -7.5000   30.000012351.8447   24.2389
    7.5000   -7.5000   30.000011973.9326   24.3090
   -7.5000    0.0000   30.000012693.2148   24.2436
    0.0000    0.0000   30.000013428.7471   24.2879
    7.5000    0.0000   30.000012987.7383   24.3467
   -7.5000    7.5000   30.000012766.1758   24.2589
    0.0000    7.5000   30.000013488.5039   24.2992
    7.5000    7.5000   30.000013011.6436   24.3408
   -7.5000   15.0000   30.000012624.8242   24.2324
    0.0000   15.0000   30.000013306.3574   24.2676
    7.5000   15.0000   30.000012853.8721   24.3025
   -7.5000   22.5000   30.000012351.4229   24.1749
    0.0000   22.5000   30.000013031.9922   24.2094
    7.5000   22.5000   30.000012566.2803   24.2572
   -7.5000   30.0000   30.000012030.3574   23.8522
    0.0000   30.0000   30.000012706.4014   23.8897
    7.5000   30.0000   30.000012232.0811   23.9548
   -7.5000   37.5000   30.000011993.9307   23.8830
    0.0000   37.5000   30.000012636.4385   23.9251
    7.5000   37.5000   30.000012133.9424   23.9943
   -7.5000   45.0000   30.000011381.7246   23.3680
    0.0000   45.0000   30.000011966.6475   23.4107
    7.5000   45.0000   30.000011473.8535   23.4674
   -7.5000  -45.0000   37.5000 6174.5317   26.3088
    0.0000  -45.0000   37.5000 6582.6562   26.3501
    7.5000  -45.0000   37.5000 6355.9126   26.4057
   -7.5000  -37.5000   37.5000 6967.7271   25.5647
    0.0000  -37.5000   37.5000 7400.8760   25.6039
    7.5000  -37.5000   37.5000 7131.6060   25.6483
   -7.5000  -30.0000   37.5000 7992.4092   24.9892
    0.0000  -30.0000   37.5000 8467.9648   25.0188
    7.5000  -30.0000   37.5000 8189.6895   25.0572
   -7.5000  -22.5000   37.5000 9007.3379   24.6171
    0.0000  -22.5000   37.5000 9535.1494   24.6377
    7.5000  -22.5000   37.5000 9256.1230   24.6811
   -7.5000  -15.0000   37.500010026.2539   24.5503
    0.0000  -15.0000   37.500010625.4346   24.5710
    7.5000  -15.0000   37.500010329.2021   24.6226
   -7.5000   -7.5000   37.500011036.6777   24.5814
    0.0000   -7.5000   37.500011694.0010   24.6112
    7.5000   -7.5000   37.500011360.9854   24.6648
   -7.5000    0.0000   37.500012040.4023   24.6209
    0.0000    0.0000   37.500012721.8721   24.6599
    7.5000    0.0000   37.500012340.2510   24.7091
   -7.5000    7.5000   37.500012120.3203   24.6272
    0.0000    7.5000   37.500012786.1621   24.6655
    7.5000    7.5000   37.500012372.1543   24.7069
   -7.5000   15.0000   37.500011996.4902   24.5997
    0.0000   15.0000   37.500012626.6777   24.6287
    7.5000   15.0000   37.500012208.5557   24.6663
   -7.5000   22.5000   37.500011743.1924   24.5500
    0.0000   22.5000   37.500012354.6465   24.5706
    7.5000   22.5000   37.500011920.9814   24.6140
   -7.5000   30.0000   37.500011424.9307   24.2316
    0.0000   30.0000   37.500012004.4238   24.2520
    7.5000   30.0000   37.500011585.9307   24.3029
   -7.5000   37.5000   37.500011390.9580   24.2632
    0.0000   37.5000   37.500011963.9375   24.2926
    7.5000   37.5000   37.500011541.1318   24.3456
   -7.5000   45.0000   37.500010823.5371   23.7317
    0.0000   45.0000   37.500011379.3154   23.7693
    7.5000   45.0000   37.500010951.5156   23.8167
   -7.5000  -45.0000   45.0000 5589.4258   26.8624
    0.0000  -45.0000   45.0000 5926.7944   26.9032
    7.5000  -45.0000   45.0000 5728.6392   26.9570
   -7.5000  -37.5000   45.0000 6279.0371   26.0867
    0.0000  -37.5000   45.0000 6665.3521   26.1306
    7.5000  -37.5000   45.0000 6432.5620   26.1854
   -7.5000  -30.0000   45.0000 7208.4292   25.4984
    0.0000  -30.0000   45.0000 7641.6567   25.5343
    7.5000  -30.0000   45.0000 7400.2446   25.5862
   -7.5000  -22.5000   45.0000 8142.7788   25.1127
    0.0000  -22.5000   45.0000 8618.4082   25.1362
    7.5000  -22.5000   45.0000 8369.5020   25.1832
   -7.5000  -15.0000   45.0000 9075.7959   25.0383
    0.0000  -15.0000   45.0000 9617.7627   25.0578
    7.5000  -15.0000   45.0000 9335.5889   25.1028
   -7.5000   -7.5000   45.000010015.6660   25.0629
    0.0000   -7.5000   45.000010574.2441   25.0905
    7.5000   -7.5000   45.000010266.9648   25.1359
   -7.5000    0.0000   45.000010927.2920   25.1003
    0.0000    0.0000   45.000011526.4365   25.1393
    7.5000    0.0000   45.000011184.8066   25.1872
   -7.5000    7.5000   45.000010991.2998   25.1118
    0.0000    7.5000   45.000011579.3037   25.1544
    7.5000    7.5000   45.000011220.3506   25.2051
   -7.5000   15.0000   45.000010871.0537   25.0913
    0.0000   15.0000   45.000011432.6836   25.1266
    7.5000   15.0000   45.000011062.7783   25.1769
   -7.5000   22.5000   45.000010643.4531   25.0426
    0.0000   22.5000   45.000011178.9062   25.0662
    7.5000   22.5000   45.000010817.0479   25.1132
   -7.5000   30.0000   45.000010348.0537   24.7110
    0.0000   30.0000   45.000010840.6611   24.7303
    7.5000   30.0000   45.000010489.1367   24.7747
   -7.5000   37.5000   45.000010344.0635   24.7364
    0.0000   37.5000   45.000010815.9922   24.7636
    7.5000   37.5000   45.000010459.5361   24.8084
   -7.5000   45.0000   45.0000 9844.2246   24.2048
    0.0000   45.0000   45.000010302.1064   24.2423
    7.5000   45.0000   45.0000 9952.8350   24.2885

---------------------------------------------------------------------
imgreg_4dfp /opt/freesurfer/average/711-2C_as_mni_average_305 /opt/freesurfer/average/711-2B_as_mni_average_305_mask talsrcimg_g11 none talsrcimg_to_711-2C_as_mni_average_305_t4 4355
---------------------------------------------------------------------

freesurfer imgreg_4dfp.c
/opt/freesurfer/average/711-2C_as_mni_average_305.4dfp.img
       256       256       256         1
  1.000000  1.000000  1.000000
orientation T byte_order littleendian
Reading image: /opt/freesurfer/average/711-2C_as_mni_average_305.4dfp.img
dimensions:      256       256       256
mmppix:       1.0000   -1.0000   -1.0000
center:     128.0000 -129.0000 -129.0000
/opt/freesurfer/average/711-2B_as_mni_average_305_mask.4dfp.img
       256       256       256         1
  1.000000  1.000000  1.000000
orientation T byte_order littleendian
Reading mask: /opt/freesurfer/average/711-2B_as_mni_average_305_mask.4dfp.img (2306576 pixels)
talsrcimg_g11.4dfp.img
       256       256       256         1
  1.000000  1.000000  1.000000
orientation T byte_order littleendian
Reading image: talsrcimg_g11.4dfp.img
dimensions:      256       256       256
mmppix:       1.0000   -1.0000   -1.0000
center:     128.0000 -129.0000 -129.0000
rotation matrix determinant  1.000000
image alignment mode   4355 decimal     1103 hex
   -7.5000  -37.5000  -45.0000 1814.1398   34.3706
    0.0000  -37.5000  -45.0000 1839.8862   33.5782
    7.5000  -37.5000  -45.0000 1849.4333   33.0481
   -7.5000  -30.0000  -45.0000 1926.7539   30.3348
    0.0000  -30.0000  -45.0000 1954.8478   29.6116
    7.5000  -30.0000  -45.0000 1961.3070   29.1574
   -7.5000  -22.5000  -45.0000 2030.7921   27.1321
    0.0000  -22.5000  -45.0000 2057.9485   26.4894
    7.5000  -22.5000  -45.0000 2070.5747   26.2116
   -7.5000  -15.0000  -45.0000 2125.9773   24.6961
    0.0000  -15.0000  -45.0000 2152.1277   24.1574
    7.5000  -15.0000  -45.0000 2168.5603   23.9507
   -7.5000   -7.5000  -45.0000 2204.9543   22.9496
    0.0000   -7.5000  -45.0000 2232.7634   22.4613
    7.5000   -7.5000  -45.0000 2244.7515   22.2423
   -7.5000    0.0000  -45.0000 2261.3291   21.6905
    0.0000    0.0000  -45.0000 2287.9121   21.1964
    7.5000    0.0000  -45.0000 2296.4053   20.9979
   -7.5000    7.5000  -45.0000 2293.3206   20.8771
    0.0000    7.5000  -45.0000 2325.5530   20.4027
    7.5000    7.5000  -45.0000 2328.8257   20.1901
   -7.5000   15.0000  -45.0000 2310.4521   20.4149
    0.0000   15.0000  -45.0000 2336.3281   19.9185
    7.5000   15.0000  -45.0000 2341.1338   19.7208
   -7.5000   22.5000  -45.0000 2313.8123   20.2942
    0.0000   22.5000  -45.0000 2341.7834   19.7761
    7.5000   22.5000  -45.0000 2346.9038   19.6039
   -7.5000   30.0000  -45.0000 2306.4883   20.5608
    0.0000   30.0000  -45.0000 2338.1990   20.0778
    7.5000   30.0000  -45.0000 2339.3604   19.9203
   -7.5000   37.5000  -45.0000 2286.5793   21.2636
    0.0000   37.5000  -45.0000 2318.4153   20.7914
    7.5000   37.5000  -45.0000 2315.7166   20.6111
   -7.5000   45.0000  -45.0000 2244.2329   22.3666
    0.0000   45.0000  -45.0000 2276.8772   21.8849
    7.5000   45.0000  -45.0000 2272.7808   21.7326
   -7.5000   52.5000  -45.0000 2160.6033   23.7316
    0.0000   52.5000  -45.0000 2186.8584   23.1879
    7.5000   52.5000  -45.0000 2188.9456   23.0255
   -7.5000  -37.5000  -37.5000 1867.8450   32.3337
    0.0000  -37.5000  -37.5000 1893.5702   31.5496
    7.5000  -37.5000  -37.5000 1903.6543   31.1460
   -7.5000  -30.0000  -37.5000 1990.8058   28.5158
    0.0000  -30.0000  -37.5000 2017.2372   27.8486
    7.5000  -30.0000  -37.5000 2026.6115   27.5254
   -7.5000  -22.5000  -37.5000 2107.8833   25.5191
    0.0000  -22.5000  -37.5000 2136.3044   24.9509
    7.5000  -22.5000  -37.5000 2143.3879   24.6714
   -7.5000  -15.0000  -37.5000 2212.8831   23.1481
    0.0000  -15.0000  -37.5000 2240.7805   22.6683
    7.5000  -15.0000  -37.5000 2245.9360   22.4932
   -7.5000   -7.5000  -37.5000 2295.0574   21.3884
    0.0000   -7.5000  -37.5000 2329.1746   20.9196
    7.5000   -7.5000  -37.5000 2328.4543   20.7719
   -7.5000    0.0000  -37.5000 2356.5107   20.1478
    0.0000    0.0000  -37.5000 2385.5771   19.6731
    7.5000    0.0000  -37.5000 2382.8303   19.5313
   -7.5000    7.5000  -37.5000 2390.3701   19.3537
    0.0000    7.5000  -37.5000 2418.5115   18.8812
    7.5000    7.5000  -37.5000 2417.8738   18.7924
   -7.5000   15.0000  -37.5000 2412.6902   18.9085
    0.0000   15.0000  -37.5000 2438.3760   18.4370
    7.5000   15.0000  -37.5000 2439.9834   18.3539
   -7.5000   22.5000  -37.5000 2424.3652   18.7891
    0.0000   22.5000  -37.5000 2447.1262   18.3078
    7.5000   22.5000  -37.5000 2449.9126   18.1864
   -7.5000   30.0000  -37.5000 2414.0652   19.0357
    0.0000   30.0000  -37.5000 2443.3630   18.5338
    7.5000   30.0000  -37.5000 2440.6050   18.4557
   -7.5000   37.5000  -37.5000 2389.9045   19.6559
    0.0000   37.5000  -37.5000 2420.5903   19.1707
    7.5000   37.5000  -37.5000 2414.8574   19.0806
   -7.5000   45.0000  -37.5000 2348.3867   20.6711
    0.0000   45.0000  -37.5000 2376.1062   20.1959
    7.5000   45.0000  -37.5000 2368.7881   20.0746
   -7.5000   52.5000  -37.5000 2258.5105   21.9264
    0.0000   52.5000  -37.5000 2285.1919   21.4552
    7.5000   52.5000  -37.5000 2275.0952   21.3259
   -7.5000  -37.5000  -30.0000 1952.1285   31.5171
    0.0000  -37.5000  -30.0000 1979.2544   30.7962
    7.5000  -37.5000  -30.0000 1986.7015   30.3661
   -7.5000  -30.0000  -30.0000 2088.5874   27.7945
    0.0000  -30.0000  -30.0000 2116.9919   27.1316
    7.5000  -30.0000  -30.0000 2122.1316   26.8054
   -7.5000  -22.5000  -30.0000 2217.0256   24.8195
    0.0000  -22.5000  -30.0000 2246.8289   24.2407
    7.5000  -22.5000  -30.0000 2251.3359   23.9938
   -7.5000  -15.0000  -30.0000 2330.4795   22.4816
    0.0000  -15.0000  -30.0000 2364.3521   21.9865
    7.5000  -15.0000  -30.0000 2362.3726   21.7859
   -7.5000   -7.5000  -30.0000 2421.0354   20.7056
    0.0000   -7.5000  -30.0000 2456.3530   20.2328
    7.5000   -7.5000  -30.0000 2457.1208   20.0803
   -7.5000    0.0000  -30.0000 2488.0925   19.4364
    0.0000    0.0000  -30.0000 2520.7571   18.9480
    7.5000    0.0000  -30.0000 2523.6663   18.8475
   -7.5000    7.5000  -30.0000 2532.5212   18.6101
    0.0000    7.5000  -30.0000 2560.1299   18.1036
    7.5000    7.5000  -30.0000 2562.4741   18.0632
   -7.5000   15.0000  -30.0000 2565.4265   18.1110
    0.0000   15.0000  -30.0000 2588.8022   17.6331
    7.5000   15.0000  -30.0000 2587.6326   17.6028
   -7.5000   22.5000  -30.0000 2575.5894   17.9654
    0.0000   22.5000  -30.0000 2601.5120   17.5404
    7.5000   22.5000  -30.0000 2596.8560   17.5056
   -7.5000   30.0000  -30.0000 2561.2773   18.2055
    0.0000   30.0000  -30.0000 2594.8831   17.7773
    7.5000   30.0000  -30.0000 2591.8696   17.7797
   -7.5000   37.5000  -30.0000 2535.6167   18.7735
    0.0000   37.5000  -30.0000 2573.0334   18.3637
    7.5000   37.5000  -30.0000 2565.5076   18.3424
   -7.5000   45.0000  -30.0000 2490.5903   19.7488
    0.0000   45.0000  -30.0000 2524.0923   19.3442
    7.5000   45.0000  -30.0000 2513.7227   19.2649
   -7.5000   52.5000  -30.0000 2395.7266   20.9379
    0.0000   52.5000  -30.0000 2424.8855   20.5124
    7.5000   52.5000  -30.0000 2412.0386   20.4329
   -7.5000  -37.5000  -22.5000 2008.0607   30.6738
    0.0000  -37.5000  -22.5000 2036.4791   29.9313
    7.5000  -37.5000  -22.5000 2046.8477   29.6365
   -7.5000  -30.0000  -22.5000 2150.6980   26.9961
    0.0000  -30.0000  -22.5000 2186.2051   26.3384
    7.5000  -30.0000  -22.5000 2194.6104   26.1018
   -7.5000  -22.5000  -22.5000 2292.5908   24.0470
    0.0000  -22.5000  -22.5000 2331.8027   23.4762
    7.5000  -22.5000  -22.5000 2333.7483   23.2485
   -7.5000  -15.0000  -22.5000 2411.2183   21.7049
    0.0000  -15.0000  -22.5000 2452.4775   21.2094
    7.5000  -15.0000  -22.5000 2454.3296   21.0008
   -7.5000   -7.5000  -22.5000 2505.9385   19.9327
    0.0000   -7.5000  -22.5000 2547.0901   19.4435
    7.5000   -7.5000  -22.5000 2550.5933   19.2977
   -7.5000    0.0000  -22.5000 2585.7937   18.6883
    0.0000    0.0000  -22.5000 2625.0310   18.1909
    7.5000    0.0000  -22.5000 2626.5815   18.0854
   -7.5000    7.5000  -22.5000 2639.2002   17.7913
    0.0000    7.5000  -22.5000 2677.1934   17.3109
    7.5000    7.5000  -22.5000 2678.8525   17.2121
   -7.5000   15.0000  -22.5000 2676.2810   17.2064
    0.0000   15.0000  -22.5000 2714.9824   16.7609
    7.5000   15.0000  -22.5000 2710.3013   16.7037
   -7.5000   22.5000  -22.5000 2688.7954   17.0388
    0.0000   22.5000  -22.5000 2726.7063   16.6285
    7.5000   22.5000  -22.5000 2723.6482   16.6340
   -7.5000   30.0000  -22.5000 2681.9990   17.2748
    0.0000   30.0000  -22.5000 2724.9065   16.8859
    7.5000   30.0000  -22.5000 2717.5576   16.9196
   -7.5000   37.5000  -22.5000 2659.8328   17.8682
    0.0000   37.5000  -22.5000 2700.7981   17.4886
    7.5000   37.5000  -22.5000 2694.6418   17.4911
   -7.5000   45.0000  -22.5000 2610.0854   18.8019
    0.0000   45.0000  -22.5000 2645.6086   18.3959
    7.5000   45.0000  -22.5000 2636.2375   18.3794
   -7.5000   52.5000  -22.5000 2506.3240   19.9353
    0.0000   52.5000  -22.5000 2534.2507   19.5055
    7.5000   52.5000  -22.5000 2526.9358   19.4658
   -7.5000  -37.5000  -15.0000 2044.2932   30.2230
    0.0000  -37.5000  -15.0000 2073.0405   29.4009
    7.5000  -37.5000  -15.0000 2086.0283   29.0837
   -7.5000  -30.0000  -15.0000 2184.1575   26.4590
    0.0000  -30.0000  -15.0000 2222.9966   25.7750
    7.5000  -30.0000  -15.0000 2231.6467   25.4843
   -7.5000  -22.5000  -15.0000 2325.9043   23.4473
    0.0000  -22.5000  -15.0000 2368.1887   22.8799
    7.5000  -22.5000  -15.0000 2370.8494   22.5704
   -7.5000  -15.0000  -15.0000 2453.7402   21.0918
    0.0000  -15.0000  -15.0000 2491.0359   20.5621
    7.5000  -15.0000  -15.0000 2498.3989   20.3049
   -7.5000   -7.5000  -15.0000 2558.6599   19.3070
    0.0000   -7.5000  -15.0000 2599.3479   18.7956
    7.5000   -7.5000  -15.0000 2606.5125   18.6241
   -7.5000    0.0000  -15.0000 2644.0952   18.0531
    0.0000    0.0000  -15.0000 2686.3906   17.5341
    7.5000    0.0000  -15.0000 2687.3984   17.3650
   -7.5000    7.5000  -15.0000 2702.9734   17.0753
    0.0000    7.5000  -15.0000 2750.9197   16.6095
    7.5000    7.5000  -15.0000 2750.4438   16.4797
   -7.5000   15.0000  -15.0000 2746.6165   16.4469
    0.0000   15.0000  -15.0000 2797.4028   15.9877
    7.5000   15.0000  -15.0000 2792.1025   15.8954
   -7.5000   22.5000  -15.0000 2770.3342   16.2513
    0.0000   22.5000  -15.0000 2815.0559   15.7879
    7.5000   22.5000  -15.0000 2808.5662   15.7903
   -7.5000   30.0000  -15.0000 2778.5542   16.5174
    0.0000   30.0000  -15.0000 2817.1956   16.0965
    7.5000   30.0000  -15.0000 2809.9089   16.1161
   -7.5000   37.5000  -15.0000 2750.0610   17.1373
    0.0000   37.5000  -15.0000 2793.2158   16.7404
    7.5000   37.5000  -15.0000 2781.6621   16.7146
   -7.5000   45.0000  -15.0000 2694.6926   18.0021
    0.0000   45.0000  -15.0000 2731.8359   17.6044
    7.5000   45.0000  -15.0000 2723.7886   17.5664
   -7.5000   52.5000  -15.0000 2584.8196   19.0640
    0.0000   52.5000  -15.0000 2613.1714   18.6278
    7.5000   52.5000  -15.0000 2607.9475   18.6292
   -7.5000  -37.5000   -7.5000 2064.4622   29.8988
    0.0000  -37.5000   -7.5000 2093.2998   28.9917
    7.5000  -37.5000   -7.5000 2108.5044   28.6626
   -7.5000  -30.0000   -7.5000 2198.2107   26.0748
    0.0000  -30.0000   -7.5000 2236.9905   25.2880
    7.5000  -30.0000   -7.5000 2250.4546   24.9765
   -7.5000  -22.5000   -7.5000 2335.2454   23.0182
    0.0000  -22.5000   -7.5000 2379.5066   22.3630
    7.5000  -22.5000   -7.5000 2389.1108   22.0553
   -7.5000  -15.0000   -7.5000 2466.7705   20.6959
    0.0000  -15.0000   -7.5000 2509.1414   20.0897
    7.5000  -15.0000   -7.5000 2520.7512   19.7892
   -7.5000   -7.5000   -7.5000 2582.4270   18.9130
    0.0000   -7.5000   -7.5000 2627.7131   18.3474
    7.5000   -7.5000   -7.5000 2632.1118   18.0751
   -7.5000    0.0000   -7.5000 2676.8657   17.5686
    0.0000    0.0000   -7.5000 2721.4561   17.0473
    7.5000    0.0000   -7.5000 2724.4192   16.7998
   -7.5000    7.5000   -7.5000 2753.3972   16.6055
    0.0000    7.5000   -7.5000 2800.3420   16.1110
    7.5000    7.5000   -7.5000 2803.9336   15.8890
   -7.5000   15.0000   -7.5000 2811.1511   15.9933
    0.0000   15.0000   -7.5000 2854.1213   15.4610
    7.5000   15.0000   -7.5000 2850.8511   15.2919
   -7.5000   22.5000   -7.5000 2848.4023   15.6843
    0.0000   22.5000   -7.5000 2882.3513   15.1697
    7.5000   22.5000   -7.5000 2872.1697   15.1105
   -7.5000   30.0000   -7.5000 2854.8042   15.9017
    0.0000   30.0000   -7.5000 2883.1667   15.4236
    7.5000   30.0000   -7.5000 2873.0347   15.3751
   -7.5000   37.5000   -7.5000 2817.3721   16.4951
    0.0000   37.5000   -7.5000 2856.2485   16.0441
    7.5000   37.5000   -7.5000 2844.8977   16.0062
   -7.5000   45.0000   -7.5000 2754.3372   17.3713
    0.0000   45.0000   -7.5000 2790.8394   16.9472
    7.5000   45.0000   -7.5000 2783.4216   16.9583
   -7.5000   52.5000   -7.5000 2636.4924   18.4764
    0.0000   52.5000   -7.5000 2666.4780   18.0378
    7.5000   52.5000   -7.5000 2657.4226   18.0547
   -7.5000  -37.5000    0.0000 2059.0637   29.8213
    0.0000  -37.5000    0.0000 2094.6189   28.8946
    7.5000  -37.5000    0.0000 2104.6265   28.4378
   -7.5000  -30.0000    0.0000 2194.6501   25.9780
    0.0000  -30.0000    0.0000 2230.6570   25.1010
    7.5000  -30.0000    0.0000 2238.4539   24.6967
   -7.5000  -22.5000    0.0000 2334.1113   22.9177
    0.0000  -22.5000    0.0000 2374.4910   22.0961
    7.5000  -22.5000    0.0000 2378.9995   21.7709
   -7.5000  -15.0000    0.0000 2469.5786   20.6293
    0.0000  -15.0000    0.0000 2502.7798   19.8416
    7.5000  -15.0000    0.0000 2510.2068   19.5214
   -7.5000   -7.5000    0.0000 2591.4390   18.8019
    0.0000   -7.5000    0.0000 2625.1721   18.0867
    7.5000   -7.5000    0.0000 2626.8970   17.7842
   -7.5000    0.0000    0.0000 2692.6013   17.4048
    0.0000    0.0000    0.0000 2731.4436   16.7793
    7.5000    0.0000    0.0000 2731.4783   16.4885
   -7.5000    7.5000    0.0000 2789.4731   16.4457
    0.0000    7.5000    0.0000 2822.9321   15.8522
    7.5000    7.5000    0.0000 2826.2036   15.5746
   -7.5000   15.0000    0.0000 2863.4736   15.8758
    0.0000   15.0000    0.0000 2897.3115   15.2738
    7.5000   15.0000    0.0000 2887.2952   14.9958
   -7.5000   22.5000    0.0000 2908.4043   15.5001
    0.0000   22.5000    0.0000 2931.2947   14.8735
    7.5000   22.5000    0.0000 2908.2019   14.7299
   -7.5000   30.0000    0.0000 2903.2712   15.5407
    0.0000   30.0000    0.0000 2918.6938   14.9593
    7.5000   30.0000    0.0000 2897.9985   14.9820
   -7.5000   37.5000    0.0000 2865.6233   16.1188
    0.0000   37.5000    0.0000 2885.4177   15.5989
    7.5000   37.5000    0.0000 2870.6948   15.6583
   -7.5000   45.0000    0.0000 2795.8772   17.0848
    0.0000   45.0000    0.0000 2814.0962   16.5814
    7.5000   45.0000    0.0000 2802.6001   16.6241
   -7.5000   52.5000    0.0000 2669.8262   18.2321
    0.0000   52.5000    0.0000 2687.1521   17.6965
    7.5000   52.5000    0.0000 2680.0410   17.7208
   -7.5000  -37.5000    7.5000 2055.5105   30.3598
    0.0000  -37.5000    7.5000 2086.4814   29.2553
    7.5000  -37.5000    7.5000 2095.6753   28.7481
   -7.5000  -30.0000    7.5000 2183.8252   26.1798
    0.0000  -30.0000    7.5000 2218.0583   25.2848
    7.5000  -30.0000    7.5000 2219.2078   24.7149
   -7.5000  -22.5000    7.5000 2316.4902   22.9746
    0.0000  -22.5000    7.5000 2353.3159   22.1658
    7.5000  -22.5000    7.5000 2354.0054   21.7127
   -7.5000  -15.0000    7.5000 2447.0386   20.5680
    0.0000  -15.0000    7.5000 2481.2957   19.8488
    7.5000  -15.0000    7.5000 2482.9084   19.3940
   -7.5000   -7.5000    7.5000 2572.2522   18.7156
    0.0000   -7.5000    7.5000 2605.3169   18.0444
    7.5000   -7.5000    7.5000 2602.7534   17.6418
   -7.5000    0.0000    7.5000 2686.1096   17.3536
    0.0000    0.0000    7.5000 2716.1873   16.7409
    7.5000    0.0000    7.5000 2714.8416   16.3876
   -7.5000    7.5000    7.5000 2796.6978   16.4491
    0.0000    7.5000    7.5000 2823.7876   15.8687
    7.5000    7.5000    7.5000 2823.2793   15.5141
   -7.5000   15.0000    7.5000 2889.3691   15.9257
    0.0000   15.0000    7.5000 2921.6611   15.3637
    7.5000   15.0000    7.5000 2896.9927   14.9398
   -7.5000   22.5000    7.5000 2936.3279   15.4973
    0.0000   22.5000    7.5000 2967.7837   14.9681
    7.5000   22.5000    7.5000 2929.3533   14.6976
   -7.5000   30.0000    7.5000 2924.3240   15.4237
    0.0000   30.0000    7.5000 2942.8152   14.9829
    7.5000   30.0000    7.5000 2914.3096   14.8756
   -7.5000   37.5000    7.5000 2886.1155   15.9553
    0.0000   37.5000    7.5000 2899.4958   15.5309
    7.5000   37.5000    7.5000 2868.8503   15.4659
   -7.5000   45.0000    7.5000 2797.0652   16.9427
    0.0000   45.0000    7.5000 2813.3010   16.5129
    7.5000   45.0000    7.5000 2794.6833   16.3974
   -7.5000   52.5000    7.5000 2664.7048   18.1843
    0.0000   52.5000    7.5000 2685.6584   17.7004
    7.5000   52.5000    7.5000 2666.6128   17.5818
   -7.5000  -37.5000   15.0000 2023.5769   31.3963
    0.0000  -37.5000   15.0000 2059.4070   30.2166
    7.5000  -37.5000   15.0000 2058.6567   29.6094
   -7.5000  -30.0000   15.0000 2163.1262   27.0006
    0.0000  -30.0000   15.0000 2191.9343   25.8838
    7.5000  -30.0000   15.0000 2188.7891   25.4373
   -7.5000  -22.5000   15.0000 2297.1487   23.6041
    0.0000  -22.5000   15.0000 2318.9697   22.5906
    7.5000  -22.5000   15.0000 2323.9951   22.2798
   -7.5000  -15.0000   15.0000 2426.4829   21.0050
    0.0000  -15.0000   15.0000 2443.0557   20.1116
    7.5000  -15.0000   15.0000 2453.7441   19.8517
   -7.5000   -7.5000   15.0000 2550.7380   19.1056
    0.0000   -7.5000   15.0000 2567.3564   18.3499
    7.5000   -7.5000   15.0000 2576.7539   18.0420
   -7.5000    0.0000   15.0000 2666.6804   17.7311
    0.0000    0.0000   15.0000 2684.7573   17.0561
    7.5000    0.0000   15.0000 2690.5818   16.7398
   -7.5000    7.5000   15.0000 2784.9358   16.8646
    0.0000    7.5000   15.0000 2810.5664   16.3035
    7.5000    7.5000   15.0000 2801.9580   15.8681
   -7.5000   15.0000   15.0000 2878.5715   16.2575
    0.0000   15.0000   15.0000 2920.6663   15.8211
    7.5000   15.0000   15.0000 2886.2180   15.3411
   -7.5000   22.5000   15.0000 2931.6836   15.8137
    0.0000   22.5000   15.0000 2982.2520   15.4558
    7.5000   22.5000   15.0000 2931.8445   15.1085
   -7.5000   30.0000   15.0000 2922.8628   15.8634
    0.0000   30.0000   15.0000 2961.6509   15.5047
    7.5000   30.0000   15.0000 2918.1604   15.2441
   -7.5000   37.5000   15.0000 2876.6523   16.2614
    0.0000   37.5000   15.0000 2893.9590   15.8675
    7.5000   37.5000   15.0000 2864.3074   15.7022
   -7.5000   45.0000   15.0000 2780.1775   17.1922
    0.0000   45.0000   15.0000 2792.5476   16.7214
    7.5000   45.0000   15.0000 2775.3826   16.5953
   -7.5000   52.5000   15.0000 2641.9075   18.4151
    0.0000   52.5000   15.0000 2657.0891   17.8766
    7.5000   52.5000   15.0000 2644.0334   17.7695
   -7.5000  -37.5000   22.5000 1990.5126   32.8605
    0.0000  -37.5000   22.5000 2017.6647   31.4102
    7.5000  -37.5000   22.5000 2018.0001   30.8238
   -7.5000  -30.0000   22.5000 2135.8914   28.0829
    0.0000  -30.0000   22.5000 2157.4700   26.8792
    7.5000  -30.0000   22.5000 2152.9570   26.3856
   -7.5000  -22.5000   22.5000 2275.6699   24.5839
    0.0000  -22.5000   22.5000 2289.5188   23.5111
    7.5000  -22.5000   22.5000 2288.8157   23.1316
   -7.5000  -15.0000   22.5000 2404.0396   21.9423
    0.0000  -15.0000   22.5000 2420.2483   21.0710
    7.5000  -15.0000   22.5000 2415.3916   20.6870
   -7.5000   -7.5000   22.5000 2527.6060   20.0174
    0.0000   -7.5000   22.5000 2545.1523   19.2798
    7.5000   -7.5000   22.5000 2546.0073   18.9335
   -7.5000    0.0000   22.5000 2638.2715   18.6468
    0.0000    0.0000   22.5000 2659.1594   17.9882
    7.5000    0.0000   22.5000 2662.2009   17.6546
   -7.5000    7.5000   22.5000 2750.0186   17.7046
    0.0000    7.5000   22.5000 2774.2646   17.0851
    7.5000    7.5000   22.5000 2775.0830   16.7432
   -7.5000   15.0000   22.5000 2834.1079   16.9023
    0.0000   15.0000   22.5000 2869.2793   16.3645
    7.5000   15.0000   22.5000 2858.0276   16.1762
   -7.5000   22.5000   22.5000 2889.0754   16.4605
    0.0000   22.5000   22.5000 2929.0554   15.9843
    7.5000   22.5000   22.5000 2903.6191   15.8619
   -7.5000   30.0000   22.5000 2883.3301   16.5933
    0.0000   30.0000   22.5000 2916.2627   16.1187
    7.5000   30.0000   22.5000 2893.4263   16.0206
   -7.5000   37.5000   22.5000 2837.0239   17.0811
    0.0000   37.5000   22.5000 2855.8054   16.6247
    7.5000   37.5000   22.5000 2832.8130   16.5014
   -7.5000   45.0000   22.5000 2742.8647   17.9574
    0.0000   45.0000   22.5000 2756.8201   17.4813
    7.5000   45.0000   22.5000 2737.9009   17.3289
   -7.5000   52.5000   22.5000 2604.0737   19.1185
    0.0000   52.5000   22.5000 2616.7549   18.5764
    7.5000   52.5000   22.5000 2602.4839   18.4325
   -7.5000  -37.5000   30.0000 1944.6365   34.7937
    0.0000  -37.5000   30.0000 1961.9719   33.1780
    7.5000  -37.5000   30.0000 1958.6727   32.4501
   -7.5000  -30.0000   30.0000 2094.7607   29.7375
    0.0000  -30.0000   30.0000 2116.2053   28.5050
    7.5000  -30.0000   30.0000 2108.8621   27.9338
   -7.5000  -22.5000   30.0000 2233.1475   25.9937
    0.0000  -22.5000   30.0000 2255.0796   24.9988
    7.5000  -22.5000   30.0000 2254.6711   24.6046
   -7.5000  -15.0000   30.0000 2363.4270   23.2344
    0.0000  -15.0000   30.0000 2387.7944   22.3477
    7.5000  -15.0000   30.0000 2384.6423   22.0693
   -7.5000   -7.5000   30.0000 2484.3152   21.1698
    0.0000   -7.5000   30.0000 2507.9580   20.3956
    7.5000   -7.5000   30.0000 2509.6218   20.1875
   -7.5000    0.0000   30.0000 2593.4922   19.7016
    0.0000    0.0000   30.0000 2611.5854   18.9786
    7.5000    0.0000   30.0000 2620.8525   18.7493
   -7.5000    7.5000   30.0000 2700.8621   18.6075
    0.0000    7.5000   30.0000 2717.9521   17.9383
    7.5000    7.5000   30.0000 2720.9578   17.7240
   -7.5000   15.0000   30.0000 2781.0522   17.7809
    0.0000   15.0000   30.0000 2801.0789   17.1802
    7.5000   15.0000   30.0000 2790.0579   17.0546
   -7.5000   22.5000   30.0000 2819.4443   17.3844
    0.0000   22.5000   30.0000 2842.7676   16.8231
    7.5000   22.5000   30.0000 2828.2627   16.6990
   -7.5000   30.0000   30.0000 2810.9084   17.4934
    0.0000   30.0000   30.0000 2839.6562   16.9746
    7.5000   30.0000   30.0000 2823.2954   16.8167
   -7.5000   37.5000   30.0000 2762.7773   17.9853
    0.0000   37.5000   30.0000 2782.4436   17.5100
    7.5000   37.5000   30.0000 2765.8838   17.3211
   -7.5000   45.0000   30.0000 2677.3303   18.8997
    0.0000   45.0000   30.0000 2694.5244   18.3739
    7.5000   45.0000   30.0000 2678.7070   18.2181
   -7.5000   52.5000   30.0000 2550.5974   20.0346
    0.0000   52.5000   30.0000 2569.3123   19.5032
    7.5000   52.5000   30.0000 2552.9812   19.3536
   -7.5000  -37.5000   37.5000 1888.7142   37.0766
    0.0000  -37.5000   37.5000 1908.6151   35.5117
    7.5000  -37.5000   37.5000 1908.2871   34.7650
   -7.5000  -30.0000   37.5000 2041.7288   31.6430
    0.0000  -30.0000   37.5000 2063.5906   30.3440
    7.5000  -30.0000   37.5000 2068.5164   29.8965
   -7.5000  -22.5000   37.5000 2183.5620   27.5647
    0.0000  -22.5000   37.5000 2205.2869   26.5023
    7.5000  -22.5000   37.5000 2214.0024   26.2363
   -7.5000  -15.0000   37.5000 2311.7837   24.5533
    0.0000  -15.0000   37.5000 2340.3223   23.6866
    7.5000  -15.0000   37.5000 2341.2168   23.5509
   -7.5000   -7.5000   37.5000 2430.4497   22.4337
    0.0000   -7.5000   37.5000 2461.1458   21.6457
    7.5000   -7.5000   37.5000 2459.3567   21.5465
   -7.5000    0.0000   37.5000 2535.8167   20.8920
    0.0000    0.0000   37.5000 2562.7949   20.1671
    7.5000    0.0000   37.5000 2564.3406   20.0310
   -7.5000    7.5000   37.5000 2637.2546   19.7618
    0.0000    7.5000   37.5000 2661.0913   19.0516
    7.5000    7.5000   37.5000 2655.1169   18.9267
   -7.5000   15.0000   37.5000 2709.2424   18.9486
    0.0000   15.0000   37.5000 2729.4448   18.3115
    7.5000   15.0000   37.5000 2713.1787   18.2019
   -7.5000   22.5000   37.5000 2738.0835   18.5859
    0.0000   22.5000   37.5000 2757.5325   17.9787
    7.5000   22.5000   37.5000 2742.2634   17.8449
   -7.5000   30.0000   37.5000 2723.6531   18.6572
    0.0000   30.0000   37.5000 2743.7476   18.0826
    7.5000   30.0000   37.5000 2732.9153   17.9120
   -7.5000   37.5000   37.5000 2672.4785   19.1580
    0.0000   37.5000   37.5000 2690.5220   18.6277
    7.5000   37.5000   37.5000 2681.5596   18.4301
   -7.5000   45.0000   37.5000 2595.8889   20.0288
    0.0000   45.0000   37.5000 2612.7629   19.5014
    7.5000   45.0000   37.5000 2598.1746   19.3361
   -7.5000   52.5000   37.5000 2479.4954   21.1473
    0.0000   52.5000   37.5000 2495.0466   20.6473
    7.5000   52.5000   37.5000 2481.3528   20.4773
   -7.5000  -37.5000   45.0000 1820.0391   39.3159
    0.0000  -37.5000   45.0000 1845.2994   37.7653
    7.5000  -37.5000   45.0000 1848.2343   37.1504
   -7.5000  -30.0000   45.0000 1982.2823   33.4808
    0.0000  -30.0000   45.0000 2009.8563   32.2716
    7.5000  -30.0000   45.0000 2016.4916   32.0047
   -7.5000  -22.5000   45.0000 2128.5842   29.1964
    0.0000  -22.5000   45.0000 2154.9451   28.2079
    7.5000  -22.5000   45.0000 2162.7717   28.1036
   -7.5000  -15.0000   45.0000 2257.4351   26.1589
    0.0000  -15.0000   45.0000 2289.3489   25.2949
    7.5000  -15.0000   45.0000 2289.3745   25.2204
   -7.5000   -7.5000   45.0000 2373.5586   23.9730
    0.0000   -7.5000   45.0000 2402.8599   23.1912
    7.5000   -7.5000   45.0000 2399.8699   23.1177
   -7.5000    0.0000   45.0000 2471.9333   22.3817
    0.0000    0.0000   45.0000 2498.3345   21.6540
    7.5000    0.0000   45.0000 2498.2207   21.5723
   -7.5000    7.5000   45.0000 2562.0391   21.1917
    0.0000    7.5000   45.0000 2588.9109   20.5084
    7.5000    7.5000   45.0000 2579.9624   20.4698
   -7.5000   15.0000   45.0000 2619.7031   20.3367
    0.0000   15.0000   45.0000 2644.0540   19.7286
    7.5000   15.0000   45.0000 2629.6646   19.6742
   -7.5000   22.5000   45.0000 2641.5254   19.9736
    0.0000   22.5000   45.0000 2663.8264   19.3503
    7.5000   22.5000   45.0000 2652.9331   19.2812
   -7.5000   30.0000   45.0000 2623.2881   20.0577
    0.0000   30.0000   45.0000 2640.6731   19.4494
    7.5000   30.0000   45.0000 2633.0334   19.3259
   -7.5000   37.5000   45.0000 2576.3164   20.5757
    0.0000   37.5000   45.0000 2590.3447   19.9924
    7.5000   37.5000   45.0000 2583.9128   19.8735
   -7.5000   45.0000   45.0000 2509.2019   21.4243
    0.0000   45.0000   45.0000 2522.7102   20.8715
    7.5000   45.0000   45.0000 2510.1213   20.7524
   -7.5000   52.5000   45.0000 2409.0188   22.5132
    0.0000   52.5000   45.0000 2418.5125   21.9739
    7.5000   52.5000   45.0000 2402.4922   21.8408

---------------------------------------------------------------------
imgreg_4dfp /opt/freesurfer/average/711-2C_as_mni_average_305 /opt/freesurfer/average/711-2B_as_mni_average_305_mask talsrcimg_g11 none talsrcimg_to_711-2C_as_mni_average_305_t4 1283
---------------------------------------------------------------------

freesurfer imgreg_4dfp.c
/opt/freesurfer/average/711-2C_as_mni_average_305.4dfp.img
       256       256       256         1
  1.000000  1.000000  1.000000
orientation T byte_order littleendian
Reading image: /opt/freesurfer/average/711-2C_as_mni_average_305.4dfp.img
dimensions:      256       256       256
mmppix:       1.0000   -1.0000   -1.0000
center:     128.0000 -129.0000 -129.0000
/opt/freesurfer/average/711-2B_as_mni_average_305_mask.4dfp.img
       256       256       256         1
  1.000000  1.000000  1.000000
orientation T byte_order littleendian
Reading mask: /opt/freesurfer/average/711-2B_as_mni_average_305_mask.4dfp.img (2306576 pixels)
talsrcimg_g11.4dfp.img
       256       256       256         1
  1.000000  1.000000  1.000000
orientation T byte_order littleendian
Reading image: talsrcimg_g11.4dfp.img
dimensions:      256       256       256
mmppix:       1.0000   -1.0000   -1.0000
center:     128.0000 -129.0000 -129.0000
rotation matrix determinant  1.000000
fimgreg.f
image alignment mode   1283 decimal      503 hex
parameters
    0.0000   22.5000   15.0000    0.0000    0.0000    0.0000
eta,q 0.93429 15.52759
niter,ni,del,rscale     5    3   12.0000    1.2000
parameter  4 30.621468 ->  0.500000 qaram    1.1500
parameters
    0.3054   24.7485   12.9603   -3.4500    1.4087   -2.6334
eta,q 0.93749 15.19817
  0.0783  0.0786  0.0708  0.0621  0.0720  0.0635
  0.0737  0.0718  0.0679  0.0627  0.0674  0.0627
  0.0704  0.0683  0.0678  0.0651  0.0645  0.0625
  0.0685  0.0681  0.0688  0.0677  0.0632  0.0629
  0.0684  0.0686  0.0705  0.0685  0.0630  0.0643
  0.0715  0.0684  0.0748  0.0694  0.0644  0.0665
  0.0775  0.0682  0.0808  0.0724  0.0660  0.0686
niter,ni,del,rscale     5    3   12.0000    1.2000
parameters
   -0.5143   25.2399   11.8561   -4.8444    3.7693   -4.0777
eta,q 0.93939 15.04353
  0.0696  0.0738  0.0663  0.0659  0.0683  0.0633
  0.0654  0.0676  0.0632  0.0633  0.0656  0.0612
  0.0629  0.0640  0.0621  0.0621  0.0637  0.0605
  0.0625  0.0623  0.0622  0.0622  0.0619  0.0610
  0.0646  0.0627  0.0629  0.0644  0.0610  0.0621
  0.0689  0.0660  0.0666  0.0668  0.0612  0.0643
  0.0748  0.0703  0.0722  0.0690  0.0630  0.0672
niter,ni,del,rscale     4    3   12.0000    1.2000
parameters
   -1.6748   25.7481   10.9307   -6.8025    5.0525   -3.5955
eta,q 0.94077 15.08703
  0.0671  0.0684  0.0636  0.0621  0.0667  0.0649
  0.0635  0.0634  0.0603  0.0589  0.0651  0.0618
  0.0609  0.0611  0.0595  0.0595  0.0618  0.0599
  0.0606  0.0603  0.0601  0.0600  0.0596  0.0592
  0.0637  0.0603  0.0598  0.0609  0.0593  0.0598
  0.0686  0.0624  0.0627  0.0635  0.0608  0.0611
  0.0747  0.0657  0.0679  0.0665  0.0634  0.0630
niter,ni,del,rscale     3    3   12.0000    1.2000
parameters
   -2.3657   26.8644    9.9136   -8.7483    5.6018   -3.0325
eta,q 0.94431 15.08333
  0.0675  0.0669  0.0620  0.0605  0.0662  0.0629
  0.0629  0.0631  0.0576  0.0560  0.0615  0.0593
  0.0603  0.0604  0.0569  0.0552  0.0570  0.0566
  0.0592  0.0595  0.0589  0.0579  0.0556  0.0556
  0.0611  0.0585  0.0593  0.0595  0.0566  0.0563
  0.0662  0.0594  0.0607  0.0617  0.0596  0.0581
  0.0727  0.0631  0.0647  0.0654  0.0626  0.0603
niter,ni,del,rscale     2    3   12.0000    1.2000
parameters
   -2.4149   27.3112    9.4415   -9.2709    5.7551   -2.8539
eta,q 0.94533 15.05426
  0.0686  0.0661  0.0622  0.0617  0.0644  0.0613
  0.0626  0.0611  0.0572  0.0584  0.0592  0.0578
  0.0581  0.0572  0.0547  0.0542  0.0550  0.0553
  0.0557  0.0557  0.0555  0.0551  0.0546  0.0547
  0.0568  0.0557  0.0575  0.0579  0.0565  0.0557
  0.0623  0.0586  0.0595  0.0598  0.0596  0.0576
  0.0699  0.0639  0.0634  0.0629  0.0623  0.0602
niter,ni,del,rscale     1    3   12.0000    1.2000
parameters
   -2.3691   27.4390    9.2769   -9.5374    5.7679   -2.8057
eta,q 0.94572 15.04587
  0.0681  0.0652  0.0626  0.0620  0.0637  0.0608
  0.0619  0.0600  0.0577  0.0590  0.0585  0.0573
  0.0572  0.0559  0.0545  0.0544  0.0545  0.0548
  0.0547  0.0547  0.0546  0.0545  0.0543  0.0543
  0.0556  0.0552  0.0567  0.0573  0.0564  0.0553
  0.0610  0.0589  0.0587  0.0595  0.0595  0.0574
  0.0686  0.0647  0.0625  0.0625  0.0622  0.0602
registration optimization eta report
parameter search radius
    6.0000    6.0000    6.0000    6.9000    6.0000    6.0000
100000*second partial in parameter space
       38.       29.       22.       16.       24.       17.
  0.0681  0.0652  0.0626  0.0620  0.0637  0.0608
  0.0619  0.0600  0.0577  0.0590  0.0585  0.0573
  0.0572  0.0559  0.0545  0.0544  0.0545  0.0548
  0.0547  0.0547  0.0546  0.0545  0.0543  0.0543
  0.0556  0.0552  0.0567  0.0573  0.0564  0.0553
  0.0610  0.0589  0.0587  0.0595  0.0595  0.0574
  0.0686  0.0647  0.0625  0.0625  0.0622  0.0602
   -2.3691   27.4390    9.2769   -9.5374    5.7679   -2.8057
eta,q 0.94572 15.04587

---------------------------------------------------------------------
imgreg_4dfp /opt/freesurfer/average/711-2C_as_mni_average_305 /opt/freesurfer/average/711-2B_as_mni_average_305_mask talsrcimg_g11 none talsrcimg_to_711-2C_as_mni_average_305_t4 3335
---------------------------------------------------------------------

freesurfer imgreg_4dfp.c
/opt/freesurfer/average/711-2C_as_mni_average_305.4dfp.img
       256       256       256         1
  1.000000  1.000000  1.000000
orientation T byte_order littleendian
Reading image: /opt/freesurfer/average/711-2C_as_mni_average_305.4dfp.img
dimensions:      256       256       256
mmppix:       1.0000   -1.0000   -1.0000
center:     128.0000 -129.0000 -129.0000
/opt/freesurfer/average/711-2B_as_mni_average_305_mask.4dfp.img
       256       256       256         1
  1.000000  1.000000  1.000000
orientation T byte_order littleendian
Reading mask: /opt/freesurfer/average/711-2B_as_mni_average_305_mask.4dfp.img (2306576 pixels)
talsrcimg_g11.4dfp.img
       256       256       256         1
  1.000000  1.000000  1.000000
orientation T byte_order littleendian
Reading image: talsrcimg_g11.4dfp.img
dimensions:      256       256       256
mmppix:       1.0000   -1.0000   -1.0000
center:     128.0000 -129.0000 -129.0000
fimgreg.f
image alignment mode   3335 decimal      D07 hex
parameters
   -2.3691   27.4390    9.2769   -0.6256   -1.5819   -1.8815
    6.4905   -9.0880   -4.8702   17.0343   10.0499  -16.4852
eta,q 0.94487 15.13468
niter,ni,del,rscale     5    3    5.0000    1.2000
parameter  3 -0.632465 -> -0.500000 qaram    1.1500
parameter  4  1.088369 ->  0.500000 qaram    1.1500
parameter  5  5.040973 ->  0.500000 qaram    1.1500
parameter  6  0.642532 ->  0.500000 qaram    1.1500
parameter  7  0.705230 ->  0.500000 qaram    1.1500
parameter 11  0.620217 ->  0.500000 qaram    1.1500
parameters
   -2.9133   28.1873   10.6569   -4.7656   -5.7219   -6.0215
    2.3505  -10.5061   -5.2193   15.4056    5.9099  -14.4331
eta,q 0.95747 14.84809
  0.0564  0.0571  0.0574  0.0512  0.0427  0.0454  0.0437  0.0463  0.0448  0.0446  0.0429  0.0440
  0.0554  0.0560  0.0566  0.0516  0.0452  0.0446  0.0435  0.0439  0.0438  0.0438  0.0426  0.0433
  0.0550  0.0553  0.0558  0.0525  0.0484  0.0445  0.0437  0.0431  0.0433  0.0432  0.0427  0.0428
  0.0551  0.0550  0.0549  0.0543  0.0518  0.0461  0.0444  0.0435  0.0431  0.0431  0.0431  0.0426
  0.0558  0.0549  0.0543  0.0568  0.0552  0.0503  0.0454  0.0448  0.0434  0.0439  0.0436  0.0425
  0.0569  0.0551  0.0543  0.0597  0.0588  0.0537  0.0468  0.0466  0.0441  0.0453  0.0444  0.0426
  0.0583  0.0554  0.0548  0.0629  0.0628  0.0578  0.0484  0.0489  0.0451  0.0474  0.0452  0.0430
niter,ni,del,rscale     7    3    5.0000    1.2000
parameter  3  1.282429 ->  0.500000 qaram    1.3225
parameter  4  0.531960 ->  0.500000 qaram    1.3225
parameter  5  2.054071 ->  0.500000 qaram    1.3225
parameter 12  0.864994 ->  0.500000 qaram    1.1500
parameters
   -1.8450   28.0365    9.0699   -9.5266  -10.4829   -9.0997
    1.8433  -10.0735   -5.6045   14.3533    4.5920  -18.5731
eta,q 0.96642 14.34046
  0.0478  0.0434  0.0389  0.0395  0.0326  0.0365  0.0365  0.0392  0.0358  0.0361  0.0348  0.0335
  0.0456  0.0425  0.0394  0.0390  0.0340  0.0352  0.0351  0.0362  0.0348  0.0349  0.0343  0.0335
  0.0438  0.0420  0.0404  0.0389  0.0362  0.0340  0.0343  0.0345  0.0343  0.0342  0.0340  0.0337
  0.0425  0.0419  0.0419  0.0396  0.0389  0.0345  0.0341  0.0341  0.0341  0.0341  0.0341  0.0340
  0.0419  0.0422  0.0438  0.0416  0.0423  0.0372  0.0346  0.0346  0.0344  0.0346  0.0344  0.0345
  0.0421  0.0429  0.0462  0.0446  0.0460  0.0420  0.0356  0.0359  0.0351  0.0358  0.0348  0.0352
  0.0429  0.0438  0.0488  0.0479  0.0496  0.0460  0.0371  0.0378  0.0362  0.0381  0.0354  0.0360
niter,ni,del,rscale     7    3    5.0000    1.2000
parameter  3  1.113887 ->  0.500000 qaram    1.5209
parameter  5  0.641975 ->  0.500000 qaram    1.5209
parameters
   -0.9986   27.7423    7.2449   -8.4250  -15.9581  -10.0818
    2.3915   -9.0516   -4.5393   15.9513    6.4305  -21.9351
eta,q 0.97201 14.10736
  0.0381  0.0350  0.0301  0.0349  0.0287  0.0339  0.0321  0.0358  0.0311  0.0329  0.0308  0.0285
  0.0361  0.0339  0.0301  0.0330  0.0282  0.0319  0.0303  0.0323  0.0299  0.0309  0.0294  0.0280
  0.0345  0.0333  0.0313  0.0315  0.0287  0.0297  0.0291  0.0296  0.0290  0.0294  0.0286  0.0280
  0.0336  0.0332  0.0332  0.0304  0.0301  0.0283  0.0285  0.0285  0.0286  0.0285  0.0282  0.0282
  0.0332  0.0337  0.0357  0.0301  0.0328  0.0296  0.0288  0.0289  0.0286  0.0282  0.0282  0.0287
  0.0335  0.0347  0.0387  0.0312  0.0368  0.0335  0.0298  0.0303  0.0290  0.0288  0.0285  0.0294
  0.0344  0.0362  0.0418  0.0337  0.0415  0.0386  0.0313  0.0325  0.0300  0.0304  0.0291  0.0304
niter,ni,del,rscale     7    3    5.0000    1.2000
parameters
   -1.1147   28.0550    5.9919   -6.6916  -17.4045  -10.7770
    2.5421   -8.7034   -4.2096   16.9760    8.1486  -22.5437
eta,q 0.97301 14.11805
  0.0308  0.0316  0.0295  0.0320  0.0308  0.0328  0.0305  0.0336  0.0294  0.0310  0.0298  0.0282
  0.0292  0.0298  0.0278  0.0300  0.0288  0.0307  0.0287  0.0303  0.0282  0.0292  0.0284  0.0275
  0.0282  0.0286  0.0272  0.0284  0.0273  0.0285  0.0275  0.0278  0.0274  0.0278  0.0274  0.0271
  0.0280  0.0280  0.0279  0.0272  0.0268  0.0269  0.0271  0.0271  0.0271  0.0271  0.0270  0.0270
  0.0284  0.0281  0.0297  0.0268  0.0277  0.0281  0.0274  0.0279  0.0273  0.0271  0.0271  0.0273
  0.0296  0.0288  0.0320  0.0277  0.0300  0.0315  0.0286  0.0297  0.0280  0.0278  0.0275  0.0278
  0.0314  0.0301  0.0350  0.0299  0.0347  0.0362  0.0303  0.0322  0.0290  0.0294  0.0281  0.0285
niter,ni,del,rscale     6    3    5.0000    1.2000
parameters
   -1.1068   28.1582    5.6912   -5.7696  -17.4487  -11.0857
    2.7094   -8.8013   -4.4738   17.2524    9.0654  -22.6165
eta,q 0.97315 14.16297
  0.0303  0.0301  0.0308  0.0312  0.0315  0.0330  0.0303  0.0327  0.0289  0.0301  0.0293  0.0282
  0.0285  0.0284  0.0285  0.0294  0.0294  0.0309  0.0285  0.0295  0.0278  0.0284  0.0279  0.0274
  0.0274  0.0274  0.0271  0.0279  0.0277  0.0287  0.0273  0.0273  0.0271  0.0273  0.0271  0.0270
  0.0270  0.0270  0.0270  0.0269  0.0267  0.0267  0.0269  0.0269  0.0269  0.0269  0.0268  0.0269
  0.0273  0.0273  0.0280  0.0267  0.0270  0.0274  0.0272  0.0280  0.0272  0.0270  0.0270  0.0270
  0.0284  0.0282  0.0297  0.0279  0.0286  0.0305  0.0284  0.0300  0.0280  0.0280  0.0275  0.0275
  0.0303  0.0295  0.0319  0.0303  0.0324  0.0353  0.0300  0.0326  0.0292  0.0298  0.0283  0.0282
niter,ni,del,rscale     5    3    5.0000    1.2000
parameters
   -1.1084   28.1847    5.5579   -5.5018  -17.4585  -11.2276
    2.8104   -8.9199   -4.6516   17.3600    9.4781  -22.6264
eta,q 0.97317 14.17550
  0.0302  0.0298  0.0311  0.0308  0.0315  0.0330  0.0302  0.0326  0.0289  0.0299  0.0290  0.0282
  0.0284  0.0282  0.0286  0.0291  0.0294  0.0310  0.0285  0.0294  0.0278  0.0283  0.0277  0.0274
  0.0272  0.0272  0.0271  0.0277  0.0277  0.0288  0.0273  0.0272  0.0271  0.0273  0.0270  0.0270
  0.0269  0.0269  0.0269  0.0268  0.0268  0.0268  0.0268  0.0268  0.0268  0.0268  0.0268  0.0268
  0.0272  0.0272  0.0277  0.0269  0.0270  0.0272  0.0272  0.0280  0.0271  0.0271  0.0271  0.0270
  0.0284  0.0281  0.0292  0.0284  0.0286  0.0301  0.0284  0.0300  0.0279  0.0280  0.0276  0.0275
  0.0303  0.0296  0.0314  0.0309  0.0323  0.0349  0.0301  0.0325  0.0291  0.0299  0.0284  0.0282
niter,ni,del,rscale     4    3    5.0000    1.2000
parameters
   -1.1141   28.2001    5.4988   -5.4093  -17.4744  -11.2989
    2.8540   -8.9867   -4.7421   17.4120    9.6578  -22.6416
eta,q 0.97316 14.17898
  0.0302  0.0297  0.0312  0.0307  0.0315  0.0331  0.0302  0.0327  0.0289  0.0299  0.0288  0.0282
  0.0284  0.0281  0.0287  0.0291  0.0294  0.0310  0.0284  0.0294  0.0278  0.0283  0.0277  0.0274
  0.0272  0.0271  0.0271  0.0277  0.0278  0.0289  0.0273  0.0272  0.0271  0.0273  0.0270  0.0270
  0.0268  0.0268  0.0268  0.0268  0.0268  0.0268  0.0268  0.0268  0.0268  0.0268  0.0268  0.0268
  0.0272  0.0272  0.0276  0.0270  0.0271  0.0271  0.0272  0.0279  0.0271  0.0271  0.0271  0.0270
  0.0284  0.0281  0.0291  0.0286  0.0287  0.0299  0.0284  0.0299  0.0279  0.0281  0.0277  0.0275
  0.0303  0.0296  0.0312  0.0311  0.0323  0.0348  0.0301  0.0324  0.0291  0.0299  0.0285  0.0282
niter,ni,del,rscale     3    3    5.0000    1.2000
parameters
   -1.1159   28.2093    5.4696   -5.3753  -17.4812  -11.3383
    2.8711   -9.0184   -4.7827   17.4364    9.7394  -22.6564
eta,q 0.97315 14.18005
  0.0303  0.0297  0.0313  0.0307  0.0315  0.0331  0.0302  0.0327  0.0290  0.0299  0.0288  0.0282
  0.0284  0.0281  0.0287  0.0291  0.0295  0.0310  0.0284  0.0295  0.0279  0.0283  0.0276  0.0274
  0.0272  0.0271  0.0271  0.0277  0.0278  0.0289  0.0273  0.0273  0.0271  0.0273  0.0270  0.0270
  0.0268  0.0268  0.0268  0.0268  0.0268  0.0268  0.0269  0.0269  0.0268  0.0268  0.0268  0.0268
  0.0272  0.0272  0.0276  0.0270  0.0271  0.0271  0.0273  0.0279  0.0271  0.0271  0.0271  0.0270
  0.0284  0.0282  0.0291  0.0287  0.0287  0.0299  0.0284  0.0299  0.0279  0.0281  0.0277  0.0275
  0.0303  0.0296  0.0311  0.0311  0.0323  0.0347  0.0301  0.0324  0.0290  0.0300  0.0286  0.0282
registration optimization eta report
parameter search radius
    2.4000    2.4000    3.6501    9.5220   10.9503    8.2800
    8.2800    7.2000    7.2000    7.2000    8.2800    8.2800
100000*second partial in parameter space
       60.       49.       32.        4.        4.       10.
        5.       11.        4.        6.        3.        2.
  0.0303  0.0297  0.0313  0.0307  0.0315  0.0331  0.0302  0.0327  0.0290  0.0299  0.0288  0.0282
  0.0284  0.0281  0.0287  0.0291  0.0295  0.0310  0.0284  0.0295  0.0279  0.0283  0.0276  0.0274
  0.0272  0.0271  0.0271  0.0277  0.0278  0.0289  0.0273  0.0273  0.0271  0.0273  0.0270  0.0270
  0.0268  0.0268  0.0268  0.0268  0.0268  0.0268  0.0269  0.0269  0.0268  0.0268  0.0268  0.0268
  0.0272  0.0272  0.0276  0.0270  0.0271  0.0271  0.0273  0.0279  0.0271  0.0271  0.0271  0.0270
  0.0284  0.0282  0.0291  0.0287  0.0287  0.0299  0.0284  0.0299  0.0279  0.0281  0.0277  0.0275
  0.0303  0.0296  0.0311  0.0311  0.0323  0.0347  0.0301  0.0324  0.0290  0.0300  0.0286  0.0282
   -1.1159   28.2093    5.4696   -5.3753  -17.4812  -11.3383
    2.8711   -9.0184   -4.7827   17.4364    9.7394  -22.6564
eta,q 0.97315 14.18005

---------------------------------------------------------------------
imgreg_4dfp /opt/freesurfer/average/711-2C_as_mni_average_305 /opt/freesurfer/average/711-2B_as_mni_average_305_mask talsrcimg_g11 none talsrcimg_to_711-2C_as_mni_average_305_t4 2311
---------------------------------------------------------------------

freesurfer imgreg_4dfp.c
/opt/freesurfer/average/711-2C_as_mni_average_305.4dfp.img
       256       256       256         1
  1.000000  1.000000  1.000000
orientation T byte_order littleendian
Reading image: /opt/freesurfer/average/711-2C_as_mni_average_305.4dfp.img
dimensions:      256       256       256
mmppix:       1.0000   -1.0000   -1.0000
center:     128.0000 -129.0000 -129.0000
/opt/freesurfer/average/711-2B_as_mni_average_305_mask.4dfp.img
       256       256       256         1
  1.000000  1.000000  1.000000
orientation T byte_order littleendian
Reading mask: /opt/freesurfer/average/711-2B_as_mni_average_305_mask.4dfp.img (2306576 pixels)
talsrcimg_g11.4dfp.img
       256       256       256         1
  1.000000  1.000000  1.000000
orientation T byte_order littleendian
Reading image: talsrcimg_g11.4dfp.img
dimensions:      256       256       256
mmppix:       1.0000   -1.0000   -1.0000
center:     128.0000 -129.0000 -129.0000
fimgreg.f
image alignment mode   2311 decimal      907 hex
parameters
   -1.1159   28.2093    5.4696   -5.3753  -17.4812  -11.3383
    2.8711   -9.0184   -4.7827   17.4364    9.7394  -22.6564
eta,q 0.97315 14.18004
niter,ni,del,rscale     5    3    5.0000    0.8000
parameters
   -1.1021   28.1770    5.2327   -4.6703  -16.4603  -10.8124
    2.4930   -8.8719   -4.7278   17.6754   10.0640  -22.0552
eta,q 0.97349 14.28803
  0.0284  0.0281  0.0275  0.0283  0.0282  0.0302  0.0276  0.0300  0.0276  0.0282  0.0274  0.0272
  0.0276  0.0274  0.0270  0.0277  0.0275  0.0289  0.0270  0.0281  0.0270  0.0273  0.0269  0.0268
  0.0270  0.0270  0.0268  0.0272  0.0270  0.0277  0.0266  0.0269  0.0267  0.0268  0.0266  0.0266
  0.0268  0.0268  0.0268  0.0268  0.0267  0.0267  0.0265  0.0265  0.0265  0.0265  0.0265  0.0265
  0.0270  0.0270  0.0271  0.0267  0.0267  0.0266  0.0267  0.0269  0.0266  0.0266  0.0266  0.0265
  0.0275  0.0275  0.0275  0.0270  0.0269  0.0277  0.0272  0.0280  0.0270  0.0271  0.0268  0.0267
  0.0284  0.0282  0.0280  0.0278  0.0274  0.0294  0.0280  0.0294  0.0276  0.0279  0.0272  0.0269
niter,ni,del,rscale     4    3    5.0000    0.7000
parameters
   -1.1732   28.0880    5.3726   -4.5789  -16.4281  -10.3835
    2.5742   -8.9331   -4.8181   17.5429   10.0678  -21.8325
eta,q 0.97360 14.30303
  0.0276  0.0274  0.0275  0.0275  0.0274  0.0295  0.0274  0.0289  0.0272  0.0275  0.0270  0.0269
  0.0270  0.0269  0.0270  0.0271  0.0269  0.0284  0.0269  0.0275  0.0268  0.0269  0.0267  0.0266
  0.0266  0.0266  0.0266  0.0267  0.0266  0.0273  0.0265  0.0266  0.0265  0.0265  0.0264  0.0265
  0.0265  0.0265  0.0265  0.0265  0.0265  0.0265  0.0264  0.0264  0.0264  0.0264  0.0264  0.0264
  0.0267  0.0267  0.0265  0.0265  0.0266  0.0266  0.0265  0.0268  0.0265  0.0265  0.0265  0.0264
  0.0271  0.0271  0.0268  0.0269  0.0269  0.0274  0.0268  0.0277  0.0268  0.0270  0.0267  0.0266
  0.0279  0.0277  0.0272  0.0276  0.0274  0.0288  0.0273  0.0289  0.0273  0.0277  0.0270  0.0268
niter,ni,del,rscale     3    3    5.0000    0.6000
parameters
   -1.2410   28.0557    5.5741   -4.6087  -16.4918  -10.0778
    2.6196   -9.0276   -4.8439   17.4574    9.9432  -21.7873
eta,q 0.97367 14.30544
  0.0272  0.0271  0.0273  0.0271  0.0270  0.0289  0.0271  0.0282  0.0270  0.0272  0.0268  0.0267
  0.0267  0.0267  0.0268  0.0268  0.0267  0.0279  0.0267  0.0271  0.0266  0.0267  0.0265  0.0265
  0.0265  0.0265  0.0265  0.0265  0.0265  0.0269  0.0264  0.0265  0.0264  0.0264  0.0264  0.0264
  0.0264  0.0264  0.0264  0.0264  0.0264  0.0264  0.0263  0.0263  0.0263  0.0263  0.0263  0.0263
  0.0265  0.0265  0.0264  0.0264  0.0265  0.0265  0.0264  0.0267  0.0264  0.0264  0.0264  0.0264
  0.0269  0.0268  0.0265  0.0267  0.0267  0.0272  0.0266  0.0273  0.0266  0.0268  0.0266  0.0265
  0.0274  0.0272  0.0268  0.0272  0.0271  0.0283  0.0270  0.0283  0.0270  0.0273  0.0268  0.0266
niter,ni,del,rscale     2    3    5.0000    0.5000
parameters
   -1.2867   28.0350    5.7482   -4.6624  -16.5471   -9.8732
    2.6193   -9.1026   -4.8297   17.4056    9.7887  -21.8140
eta,q 0.97369 14.30485
  0.0269  0.0269  0.0270  0.0268  0.0268  0.0282  0.0268  0.0276  0.0268  0.0269  0.0266  0.0265
  0.0266  0.0266  0.0267  0.0266  0.0265  0.0274  0.0265  0.0268  0.0265  0.0266  0.0264  0.0264
  0.0264  0.0264  0.0264  0.0264  0.0264  0.0267  0.0264  0.0264  0.0264  0.0264  0.0263  0.0263
  0.0263  0.0263  0.0263  0.0263  0.0263  0.0263  0.0263  0.0263  0.0263  0.0263  0.0263  0.0263
  0.0264  0.0264  0.0263  0.0264  0.0264  0.0265  0.0264  0.0265  0.0264  0.0264  0.0264  0.0263
  0.0267  0.0266  0.0264  0.0266  0.0265  0.0270  0.0265  0.0270  0.0265  0.0266  0.0265  0.0264
  0.0270  0.0269  0.0266  0.0269  0.0268  0.0278  0.0268  0.0277  0.0267  0.0270  0.0266  0.0265
niter,ni,del,rscale     1    3    5.0000    0.4000
parameters
   -1.3086   28.0247    5.8695   -4.7010  -16.5784   -9.7690
    2.6130   -9.1626   -4.8155   17.3965    9.6784  -21.8930
eta,q 0.97371 14.30459
  0.0267  0.0267  0.0267  0.0266  0.0266  0.0276  0.0266  0.0271  0.0266  0.0267  0.0265  0.0264
  0.0265  0.0265  0.0265  0.0265  0.0264  0.0270  0.0264  0.0266  0.0264  0.0265  0.0264  0.0264
  0.0263  0.0263  0.0264  0.0263  0.0263  0.0265  0.0263  0.0264  0.0263  0.0263  0.0263  0.0263
  0.0263  0.0263  0.0263  0.0263  0.0263  0.0263  0.0263  0.0263  0.0263  0.0263  0.0263  0.0263
  0.0264  0.0264  0.0263  0.0263  0.0263  0.0264  0.0263  0.0264  0.0263  0.0263  0.0263  0.0263
  0.0265  0.0265  0.0264  0.0265  0.0264  0.0268  0.0264  0.0267  0.0264  0.0265  0.0264  0.0264
  0.0267  0.0267  0.0265  0.0267  0.0266  0.0274  0.0266  0.0272  0.0266  0.0267  0.0265  0.0264
registration optimization eta report
parameter search radius
    0.8000    0.8000    0.8000    2.4000    2.4000    2.4000
    2.4000    2.4000    2.4000    2.4000    2.4000    2.4000
100000*second partial in parameter space
       65.       56.       49.        6.        5.       21.
        6.       15.        5.        7.        3.        3.
  0.0267  0.0267  0.0267  0.0266  0.0266  0.0276  0.0266  0.0271  0.0266  0.0267  0.0265  0.0264
  0.0265  0.0265  0.0265  0.0265  0.0264  0.0270  0.0264  0.0266  0.0264  0.0265  0.0264  0.0264
  0.0263  0.0263  0.0264  0.0263  0.0263  0.0265  0.0263  0.0264  0.0263  0.0263  0.0263  0.0263
  0.0263  0.0263  0.0263  0.0263  0.0263  0.0263  0.0263  0.0263  0.0263  0.0263  0.0263  0.0263
  0.0264  0.0264  0.0263  0.0263  0.0263  0.0264  0.0263  0.0264  0.0263  0.0263  0.0263  0.0263
  0.0265  0.0265  0.0264  0.0265  0.0264  0.0268  0.0264  0.0267  0.0264  0.0265  0.0264  0.0264
  0.0267  0.0267  0.0265  0.0267  0.0266  0.0274  0.0266  0.0272  0.0266  0.0267  0.0265  0.0264
   -1.3086   28.0247    5.8695   -4.7010  -16.5784   -9.7690
    2.6130   -9.1626   -4.8155   17.3965    9.6784  -21.8930
eta,q 0.97371 14.30459

---------------------------------------------------------------------
imgreg_4dfp /opt/freesurfer/average/711-2C_as_mni_average_305 /opt/freesurfer/average/711-2B_as_mni_average_305_mask talsrcimg_g11 none talsrcimg_to_711-2C_as_mni_average_305_t4 2311
---------------------------------------------------------------------

freesurfer imgreg_4dfp.c
/opt/freesurfer/average/711-2C_as_mni_average_305.4dfp.img
       256       256       256         1
  1.000000  1.000000  1.000000
orientation T byte_order littleendian
Reading image: /opt/freesurfer/average/711-2C_as_mni_average_305.4dfp.img
dimensions:      256       256       256
mmppix:       1.0000   -1.0000   -1.0000
center:     128.0000 -129.0000 -129.0000
/opt/freesurfer/average/711-2B_as_mni_average_305_mask.4dfp.img
       256       256       256         1
  1.000000  1.000000  1.000000
orientation T byte_order littleendian
Reading mask: /opt/freesurfer/average/711-2B_as_mni_average_305_mask.4dfp.img (2306576 pixels)
talsrcimg_g11.4dfp.img
       256       256       256         1
  1.000000  1.000000  1.000000
orientation T byte_order littleendian
Reading image: talsrcimg_g11.4dfp.img
dimensions:      256       256       256
mmppix:       1.0000   -1.0000   -1.0000
center:     128.0000 -129.0000 -129.0000
fimgreg.f
image alignment mode   2311 decimal      907 hex
parameters
   -1.3086   28.0247    5.8695   -4.7010  -16.5784   -9.7690
    2.6130   -9.1626   -4.8155   17.3965    9.6784  -21.8930
eta,q 0.97371 14.30458
niter,ni,del,rscale     5    3    5.0000    0.8000
parameters
   -1.3372   28.0401    5.9397   -5.1367  -16.7184   -9.9566
    2.6594   -9.1520   -4.7882   17.2544    9.4023  -22.0410
eta,q 0.97368 14.27121
  0.0279  0.0277  0.0276  0.0274  0.0274  0.0296  0.0276  0.0296  0.0274  0.0278  0.0270  0.0269
  0.0270  0.0269  0.0269  0.0268  0.0268  0.0283  0.0269  0.0277  0.0268  0.0270  0.0266  0.0266
  0.0265  0.0264  0.0265  0.0265  0.0264  0.0270  0.0265  0.0266  0.0265  0.0265  0.0264  0.0264
  0.0263  0.0263  0.0263  0.0263  0.0263  0.0263  0.0263  0.0263  0.0263  0.0263  0.0263  0.0263
  0.0265  0.0265  0.0264  0.0265  0.0264  0.0268  0.0264  0.0268  0.0265  0.0265  0.0265  0.0264
  0.0271  0.0269  0.0268  0.0270  0.0269  0.0282  0.0269  0.0279  0.0268  0.0271  0.0267  0.0266
  0.0280  0.0277  0.0274  0.0280  0.0275  0.0306  0.0276  0.0293  0.0274  0.0281  0.0271  0.0269
niter,ni,del,rscale     4    3    5.0000    0.7000
parameters
   -1.2813   28.0459    5.8896   -5.0862  -16.6449   -9.9466
    2.5676   -9.0810   -4.7331   17.3115    9.4157  -22.0244
eta,q 0.97368 14.27682
  0.0277  0.0274  0.0272  0.0273  0.0272  0.0292  0.0272  0.0290  0.0272  0.0276  0.0269  0.0268
  0.0269  0.0268  0.0267  0.0269  0.0268  0.0280  0.0267  0.0275  0.0267  0.0269  0.0266  0.0265
  0.0265  0.0264  0.0264  0.0265  0.0264  0.0269  0.0264  0.0266  0.0264  0.0265  0.0264  0.0264
  0.0263  0.0263  0.0263  0.0263  0.0263  0.0263  0.0263  0.0263  0.0263  0.0263  0.0263  0.0263
  0.0264  0.0264  0.0265  0.0264  0.0264  0.0267  0.0264  0.0267  0.0264  0.0264  0.0264  0.0264
  0.0268  0.0268  0.0268  0.0267  0.0267  0.0277  0.0268  0.0275  0.0267  0.0268  0.0266  0.0265
  0.0275  0.0274  0.0273  0.0274  0.0272  0.0294  0.0273  0.0286  0.0271  0.0276  0.0269  0.0268
niter,ni,del,rscale     3    3    5.0000    0.6000
parameters
   -1.2724   28.0357    5.8695   -4.9529  -16.6129   -9.8730
    2.5535   -9.0582   -4.7382   17.3405    9.4768  -21.9606
eta,q 0.97369 14.28642
  0.0272  0.0271  0.0270  0.0271  0.0270  0.0286  0.0270  0.0283  0.0269  0.0272  0.0268  0.0267
  0.0267  0.0267  0.0266  0.0267  0.0266  0.0277  0.0266  0.0271  0.0266  0.0268  0.0265  0.0265
  0.0264  0.0264  0.0264  0.0265  0.0264  0.0268  0.0264  0.0265  0.0264  0.0264  0.0264  0.0263
  0.0263  0.0263  0.0263  0.0263  0.0263  0.0263  0.0263  0.0263  0.0263  0.0263  0.0263  0.0263
  0.0264  0.0264  0.0264  0.0263  0.0264  0.0266  0.0264  0.0266  0.0264  0.0264  0.0264  0.0263
  0.0267  0.0267  0.0266  0.0266  0.0266  0.0274  0.0266  0.0272  0.0266  0.0267  0.0265  0.0264
  0.0272  0.0271  0.0270  0.0271  0.0270  0.0286  0.0270  0.0281  0.0269  0.0272  0.0267  0.0266
niter,ni,del,rscale     2    3    5.0000    0.5000
parameters
   -1.2856   28.0266    5.8930   -4.8481  -16.6050   -9.7892
    2.5630   -9.0843   -4.7498   17.3542    9.5353  -21.9256
eta,q 0.97370 14.29425
  0.0269  0.0269  0.0268  0.0269  0.0268  0.0281  0.0268  0.0276  0.0267  0.0270  0.0266  0.0265
  0.0266  0.0265  0.0265  0.0266  0.0265  0.0273  0.0265  0.0269  0.0265  0.0266  0.0264  0.0264
  0.0264  0.0264  0.0264  0.0264  0.0264  0.0266  0.0264  0.0264  0.0263  0.0264  0.0263  0.0263
  0.0263  0.0263  0.0263  0.0263  0.0263  0.0263  0.0263  0.0263  0.0263  0.0263  0.0263  0.0263
  0.0264  0.0264  0.0264  0.0263  0.0263  0.0265  0.0263  0.0265  0.0264  0.0264  0.0263  0.0263
  0.0266  0.0266  0.0265  0.0265  0.0265  0.0271  0.0265  0.0269  0.0265  0.0266  0.0264  0.0264
  0.0270  0.0269  0.0268  0.0268  0.0268  0.0280  0.0268  0.0276  0.0267  0.0270  0.0266  0.0265
niter,ni,del,rscale     1    3    5.0000    0.4000
parameters
   -1.3033   28.0198    5.9304   -4.7712  -16.6083   -9.7362
    2.5858   -9.1328   -4.7764   17.3714    9.5461  -21.9456
eta,q 0.97371 14.29991
  0.0267  0.0267  0.0266  0.0267  0.0266  0.0276  0.0266  0.0271  0.0266  0.0267  0.0265  0.0264
  0.0265  0.0265  0.0265  0.0265  0.0264  0.0270  0.0264  0.0266  0.0264  0.0265  0.0264  0.0264
  0.0263  0.0263  0.0263  0.0264  0.0263  0.0265  0.0263  0.0264  0.0263  0.0264  0.0263  0.0263
  0.0263  0.0263  0.0263  0.0263  0.0263  0.0263  0.0263  0.0263  0.0263  0.0263  0.0263  0.0263
  0.0263  0.0263  0.0263  0.0263  0.0263  0.0264  0.0263  0.0264  0.0263  0.0263  0.0263  0.0263
  0.0265  0.0265  0.0264  0.0264  0.0264  0.0269  0.0264  0.0267  0.0264  0.0265  0.0264  0.0264
  0.0267  0.0267  0.0266  0.0266  0.0266  0.0275  0.0266  0.0272  0.0266  0.0267  0.0265  0.0264
registration optimization eta report
parameter search radius
    0.8000    0.8000    0.8000    2.4000    2.4000    2.4000
    2.4000    2.4000    2.4000    2.4000    2.4000    2.4000
100000*second partial in parameter space
       64.       56.       48.        6.        5.       21.
        6.       15.        5.        7.        3.        3.
  0.0267  0.0267  0.0266  0.0267  0.0266  0.0276  0.0266  0.0271  0.0266  0.0267  0.0265  0.0264
  0.0265  0.0265  0.0265  0.0265  0.0264  0.0270  0.0264  0.0266  0.0264  0.0265  0.0264  0.0264
  0.0263  0.0263  0.0263  0.0264  0.0263  0.0265  0.0263  0.0264  0.0263  0.0264  0.0263  0.0263
  0.0263  0.0263  0.0263  0.0263  0.0263  0.0263  0.0263  0.0263  0.0263  0.0263  0.0263  0.0263
  0.0263  0.0263  0.0263  0.0263  0.0263  0.0264  0.0263  0.0264  0.0263  0.0263  0.0263  0.0263
  0.0265  0.0265  0.0264  0.0264  0.0264  0.0269  0.0264  0.0267  0.0264  0.0265  0.0264  0.0264
  0.0267  0.0267  0.0266  0.0266  0.0266  0.0275  0.0266  0.0272  0.0266  0.0267  0.0265  0.0264
   -1.3033   28.0198    5.9304   -4.7712  -16.6083   -9.7362
    2.5858   -9.1328   -4.7764   17.3714    9.5461  -21.9456
eta,q 0.97371 14.29991

---------------------------------------------------------------------
compute_vox2vox talsrcimg talsrcimg_to_711-2C_as_mni_average_305_t4 /opt/freesurfer/average/711-2C_as_mni_average_305
---------------------------------------------------------------------

freesurfer compute_vox2vox.c
Reading: talsrcimg.4dfp.ifh
Reading: talsrcimg_to_711-2C_as_mni_average_305_t4
Reading: /opt/freesurfer/average/711-2C_as_mni_average_305.4dfp.ifh
Writing: talsrcimg_to_711-2C_as_mni_average_305_t4_vox2vox.txt

start time Sun Mar 8 21:27:04 CET 2026
end		time Sun Mar 8 21:28:43 CET 2026

mpr2mni305 success

avi2talxfm orig_nu.mgz /opt/freesurfer/average/mni305.cor.mgz talsrcimg_to_711-2C_as_mni_average_305_t4_vox2vox.txt transforms/talairach.auto.xfm
avi2talxfm done
mv -f /out/sourcedata/freesurfer/sub-v1s15x0050212_ses-1/mri/talsrcimg_to_711-2C_as_mni_average_305_t4_vox2vox.txt /out/sourcedata/freesurfer/sub-v1s15x0050212_ses-1/mri/transforms/talsrcimg_to_711-2C_as_mni_average_305_t4_vox2vox.txt
lta_convert --src orig_nu.mgz --trg /opt/freesurfer/average/mni305.cor.mgz --inxfm transforms/talairach.auto.xfm --outlta transforms/talairach.auto.xfm.lta --subject fsaverage
7.3.2

--src: orig_nu.mgz src image (geometry).
--trg: /opt/freesurfer/average/mni305.cor.mgz trg image (geometry).
--inmni: transforms/talairach.auto.xfm input MNI/XFM transform.
--outlta: transforms/talairach.auto.xfm.lta output LTA.
--s: fsaverage subject name
 LTA read, type : 1
 1.03926   0.10599  -0.00433  -3.91890;
-0.09084   1.04520   0.27787  -14.19331;
 0.07845  -0.21166   1.14103   20.03821;
 0.00000   0.00000   0.00000   1.00000;
setting subject to fsaverage
Writing  LTA to file transforms/talairach.auto.xfm.lta...
lta_convert successful.
 
 
Started at Sun Mar 8 21:27:03 CET 2026
Ended   at Sun Mar  8 21:28:43 CET 2026
talairach_avi done
