status file for recon-all
Sun Mar  8 22:13:41 CET 2026
#@# Tessellate rh Sun Mar  8 22:13:41 CET 2026
#@# Smooth1 rh Sun Mar  8 22:13:43 CET 2026
#@# Inflation1 rh Sun Mar  8 22:13:45 CET 2026
#@# QSphere rh Sun Mar  8 22:13:56 CET 2026
#@# Fix Topology rh Sun Mar  8 22:14:48 CET 2026
#@# Smooth2 rh Sun Mar  8 22:26:41 CET 2026
#@# Inflation2 rh Sun Mar  8 22:26:43 CET 2026
#@# Curv .H and .K rh Sun Mar  8 22:26:52 CET 2026
#@# Sphere rh Sun Mar  8 22:27:20 CET 2026
#@# Surf Reg rh Sun Mar  8 22:30:51 CET 2026
#@# Jacobian white rh Sun Mar  8 22:34:00 CET 2026
#@# AvgCurv rh Sun Mar  8 22:34:00 CET 2026
#@# Cortical Parc rh Sun Mar  8 22:34:01 CET 2026
#@# white curv rh Sun Mar  8 22:38:43 CET 2026
#@# white area rh Sun Mar  8 22:38:44 CET 2026
#@# pial curv rh Sun Mar  8 22:38:44 CET 2026
#@# pial area rh Sun Mar  8 22:38:45 CET 2026
#@# thickness rh Sun Mar  8 22:38:46 CET 2026
#@# area and vertex vol rh Sun Mar  8 22:39:00 CET 2026
#@# Curvature Stats rh Sun Mar  8 22:39:01 CET 2026
#@# Cortical Parc 2 rh Sun Mar  8 22:39:02 CET 2026
#@# Cortical Parc 3 rh Sun Mar  8 22:39:09 CET 2026
#@# WM/GM Contrast rh Sun Mar  8 22:39:15 CET 2026
recon-all -s sub-v1s15x0050185_ses-1 finished without error at Sun Mar  8 22:39:17 CET 2026



#New# invocation of recon-all 



status file for recon-all
Sun Mar  8 22:43:05 CET 2026
#@# white curv rh Sun Mar  8 22:43:05 CET 2026
#@# white area rh Sun Mar  8 22:43:05 CET 2026
#@# pial curv rh Sun Mar  8 22:43:05 CET 2026
#@# pial area rh Sun Mar  8 22:43:05 CET 2026
#@# thickness rh Sun Mar  8 22:43:05 CET 2026
#@# area and vertex vol rh Sun Mar  8 22:43:05 CET 2026
#@# Parcellation Stats rh Sun Mar  8 22:43:05 CET 2026
#@# Parcellation Stats 2 rh Sun Mar  8 22:43:14 CET 2026
#@# Parcellation Stats 3 rh Sun Mar  8 22:43:18 CET 2026
#@# BA_exvivo Labels rh Sun Mar  8 22:43:22 CET 2026
recon-all -s sub-v1s15x0050185_ses-1 finished without error at Sun Mar  8 22:44:55 CET 2026
