status file for recon-all
Sun Mar  8 21:49:11 CET 2026
#@# Tessellate lh Sun Mar  8 21:49:11 CET 2026
#@# Smooth1 lh Sun Mar  8 21:49:13 CET 2026
#@# Inflation1 lh Sun Mar  8 21:49:15 CET 2026
#@# QSphere lh Sun Mar  8 21:49:25 CET 2026
#@# Fix Topology lh Sun Mar  8 21:50:17 CET 2026
#@# Smooth2 lh Sun Mar  8 21:58:07 CET 2026
#@# Inflation2 lh Sun Mar  8 21:58:09 CET 2026
#@# Curv .H and .K lh Sun Mar  8 21:58:17 CET 2026
#@# Sphere lh Sun Mar  8 21:58:40 CET 2026
#@# Surf Reg lh Sun Mar  8 22:04:58 CET 2026
#@# Jacobian white lh Sun Mar  8 22:09:19 CET 2026
#@# AvgCurv lh Sun Mar  8 22:09:20 CET 2026
#@# Cortical Parc lh Sun Mar  8 22:09:20 CET 2026
#@# white curv lh Sun Mar  8 22:13:09 CET 2026
#@# white area lh Sun Mar  8 22:13:10 CET 2026
#@# pial curv lh Sun Mar  8 22:13:10 CET 2026
#@# pial area lh Sun Mar  8 22:13:11 CET 2026
#@# thickness lh Sun Mar  8 22:13:11 CET 2026
#@# area and vertex vol lh Sun Mar  8 22:13:23 CET 2026
#@# Curvature Stats lh Sun Mar  8 22:13:24 CET 2026
#@# Cortical Parc 2 lh Sun Mar  8 22:13:25 CET 2026
#@# Cortical Parc 3 lh Sun Mar  8 22:13:32 CET 2026
#@# WM/GM Contrast lh Sun Mar  8 22:13:37 CET 2026
recon-all -s sub-v1s15x0050185_ses-1 finished without error at Sun Mar  8 22:13:38 CET 2026



#New# invocation of recon-all 



status file for recon-all
Sun Mar  8 22:41:23 CET 2026
#@# white curv lh Sun Mar  8 22:41:23 CET 2026
#@# white area lh Sun Mar  8 22:41:23 CET 2026
#@# pial curv lh Sun Mar  8 22:41:23 CET 2026
#@# pial area lh Sun Mar  8 22:41:23 CET 2026
#@# thickness lh Sun Mar  8 22:41:23 CET 2026
#@# area and vertex vol lh Sun Mar  8 22:41:23 CET 2026
#@# Parcellation Stats lh Sun Mar  8 22:41:23 CET 2026
#@# Parcellation Stats 2 lh Sun Mar  8 22:41:30 CET 2026
#@# Parcellation Stats 3 lh Sun Mar  8 22:41:34 CET 2026
#@# BA_exvivo Labels lh Sun Mar  8 22:41:37 CET 2026
recon-all -s sub-v1s15x0050185_ses-1 finished without error at Sun Mar  8 22:43:02 CET 2026
