status file for recon-all
Sun Mar  8 20:23:50 CET 2026
#@# MotionCor Sun Mar  8 20:23:51 CET 2026
#@# Talairach Sun Mar  8 20:23:57 CET 2026
#@# Talairach Failure Detection Sun Mar  8 20:26:47 CET 2026
#@# Nu Intensity Correction Sun Mar  8 20:26:47 CET 2026
#@# Intensity Normalization Sun Mar  8 20:29:33 CET 2026
recon-all -s sub-v1s15x0050185_ses-1 finished without error at Sun Mar  8 20:30:37 CET 2026



#New# invocation of recon-all 



status file for recon-all
Sun Mar  8 20:36:54 CET 2026
#@# EM Registration Sun Mar  8 20:36:54 CET 2026
recon-all -s sub-v1s15x0050185_ses-1 finished without error at Sun Mar  8 20:38:32 CET 2026



#New# invocation of recon-all 



status file for recon-all
Sun Mar  8 20:38:36 CET 2026
#@# CA Normalize Sun Mar  8 20:38:36 CET 2026
#@# CA Reg Sun Mar  8 20:39:31 CET 2026
#@# SubCort Seg Sun Mar  8 21:21:15 CET 2026
#@# CC Seg Sun Mar  8 21:44:53 CET 2026
#@# Merge ASeg Sun Mar  8 21:45:19 CET 2026
#@# Intensity Normalization2 Sun Mar  8 21:45:19 CET 2026
#@# Mask BFS Sun Mar  8 21:46:47 CET 2026
#@# WM Segmentation Sun Mar  8 21:46:48 CET 2026
#@# Fill Sun Mar  8 21:48:25 CET 2026
recon-all -s sub-v1s15x0050185_ses-1 finished without error at Sun Mar  8 21:49:06 CET 2026



#New# invocation of recon-all 



status file for recon-all
Sun Mar  8 22:39:22 CET 2026
#@# white curv lh Sun Mar  8 22:39:22 CET 2026
#@# white area lh Sun Mar  8 22:39:22 CET 2026
#@# pial curv lh Sun Mar  8 22:39:22 CET 2026
#@# pial area lh Sun Mar  8 22:39:22 CET 2026
#@# thickness lh Sun Mar  8 22:39:22 CET 2026
#@# area and vertex vol lh Sun Mar  8 22:39:22 CET 2026
#@# white curv rh Sun Mar  8 22:39:22 CET 2026
#@# white area rh Sun Mar  8 22:39:22 CET 2026
#@# pial curv rh Sun Mar  8 22:39:22 CET 2026
#@# pial area rh Sun Mar  8 22:39:22 CET 2026
#@# thickness rh Sun Mar  8 22:39:22 CET 2026
#@# area and vertex vol rh Sun Mar  8 22:39:22 CET 2026
#@# Cortical ribbon mask Sun Mar  8 22:39:22 CET 2026
recon-all -s sub-v1s15x0050185_ses-1 finished without error at Sun Mar  8 22:41:19 CET 2026



#New# invocation of recon-all 



status file for recon-all
Sun Mar  8 22:44:59 CET 2026
#@# white curv lh Sun Mar  8 22:44:59 CET 2026
#@# white area lh Sun Mar  8 22:44:59 CET 2026
#@# pial curv lh Sun Mar  8 22:44:59 CET 2026
#@# pial area lh Sun Mar  8 22:44:59 CET 2026
#@# thickness lh Sun Mar  8 22:44:59 CET 2026
#@# area and vertex vol lh Sun Mar  8 22:44:59 CET 2026
#@# white curv rh Sun Mar  8 22:44:59 CET 2026
#@# white area rh Sun Mar  8 22:44:59 CET 2026
#@# pial curv rh Sun Mar  8 22:44:59 CET 2026
#@# pial area rh Sun Mar  8 22:44:59 CET 2026
#@# thickness rh Sun Mar  8 22:44:59 CET 2026
#@# area and vertex vol rh Sun Mar  8 22:44:59 CET 2026
#@# Curvature Stats lh Sun Mar  8 22:44:59 CET 2026
#@# Curvature Stats rh Sun Mar  8 22:45:00 CET 2026
#@# Relabel Hypointensities Sun Mar  8 22:45:01 CET 2026
#@# APas-to-ASeg Sun Mar  8 22:45:11 CET 2026
#@# AParc-to-ASeg aparc Sun Mar  8 22:45:16 CET 2026
#@# AParc-to-ASeg aparc.a2009s Sun Mar  8 22:45:28 CET 2026
#@# AParc-to-ASeg aparc.DKTatlas Sun Mar  8 22:45:41 CET 2026
#@# WMParc Sun Mar  8 22:45:52 CET 2026
#@# ASeg Stats Sun Mar  8 22:47:38 CET 2026
recon-all -s sub-v1s15x0050185_ses-1 finished without error at Sun Mar  8 22:47:56 CET 2026
