/out/sourcedata/freesurfer/sub-v1s15x0050186_ses-1/mri
/opt/freesurfer/bin/talairach_avi
--i orig_nu.mgz --xfm transforms/talairach.auto.xfm
talairach_avi 7.3.2
Linux dna063 5.14.0-427.37.1.el9_4.x86_64 #1 SMP PREEMPT_DYNAMIC Fri Sep 13 12:41:50 EDT 2024 x86_64 x86_64 x86_64 GNU/Linux
Sun Mar  8 20:29:47 CET 2026
mri_convert orig_nu.mgz talsrcimg.img 
reading from orig_nu.mgz...
TR=0.00, TE=0.00, TI=0.00, flip angle=0.00
i_ras = (-1, 0, 0)
j_ras = (0, 0, -1)
k_ras = (0, 1, 0)
writing to talsrcimg.img...
Analyze Output Matrix
-1.00000   0.00000   0.00000   133.24969;
 0.00000   0.00000   1.00000  -111.62500;
 0.00000  -1.00000   0.00000   97.62469;
 0.00000   0.00000   0.00000   1.00000;
--------------------
INFO: set hdr.hist.orient to -1
mpr2mni305 talsrcimg
Sun Mar  8 20:29:48 CET 2026
/opt/freesurfer/bin/mpr2mni305 talsrcimg
mpr2mni305 7.3.2
target=711-2C_as_mni_average_305

---------------------------------------------------------------------
analyzeto4dfp talsrcimg -O0 -y
---------------------------------------------------------------------

freesurfer ifh2hdr.c
Sun Mar  8 20:29:48 2026
Writing: talsrcimg.4dfp.hdr
freesurfer analyzeto4dfp.c
Reading: talsrcimg.hdr
header size 348 bytes
hdr.dime.datatype	offset=70	value=2
hdr.dime.bitpix		offset=72	value=8
hdr.hist.orient		offset=252	value=-1
dimensionality     4
dimensions       256       256       256         1
Reading: talsrcimg.img
Writing: talsrcimg.4dfp.img
Writing: talsrcimg.4dfp.ifh
ifh2hdr talsrcimg -r0to213
ori=2

---------------------------------------------------------------------
gauss_4dfp talsrcimg 1.1
---------------------------------------------------------------------

freesurfer gauss_4dfp.c
Reading: talsrcimg.4dfp.img
Writing: talsrcimg_g11.4dfp.img
image dimensions 256 256 256 padded to 288 288 288
processing volume 1freesurfer ifh2hdr.c
Sun Mar  8 20:29:49 2026
Writing: talsrcimg_g11.4dfp.hdr

Writing: talsrcimg_g11.4dfp.ifh
including: talsrcimg.4dfp.img.rec in talsrcimg_g11.4dfp.img.rec

---------------------------------------------------------------------
imgreg_4dfp /opt/freesurfer/average/711-2C_as_mni_average_305 none talsrcimg_g11 none talsrcimg_to_711-2C_as_mni_average_305_t4 4355
---------------------------------------------------------------------

freesurfer imgreg_4dfp.c
/opt/freesurfer/average/711-2C_as_mni_average_305.4dfp.img
       256       256       256         1
  1.000000  1.000000  1.000000
orientation T byte_order littleendian
Reading image: /opt/freesurfer/average/711-2C_as_mni_average_305.4dfp.img
dimensions:      256       256       256
mmppix:       1.0000   -1.0000   -1.0000
center:     128.0000 -129.0000 -129.0000
talsrcimg_g11.4dfp.img
       256       256       256         1
  1.000000  1.000000  1.000000
orientation T byte_order littleendian
Reading image: talsrcimg_g11.4dfp.img
dimensions:      256       256       256
mmppix:       1.0000   -1.0000   -1.0000
center:     128.0000 -129.0000 -129.0000
t4_read: open error in t4_sub.f l:  41 t4_file(1:l)talsrcimg_to_711-2C_as_mni_average_305_t4 
t4_read: transform initialized to I4
rotation matrix determinant  1.000000
image alignment mode   4355 decimal     1103 hex
   -7.5000  -45.0000  -45.0000 5631.7900   27.1401
    0.0000  -45.0000  -45.0000 5892.8467   27.1388
    7.5000  -45.0000  -45.0000 5712.0728   27.1364
   -7.5000  -37.5000  -45.0000 6130.0166   26.3926
    0.0000  -37.5000  -45.0000 6433.7505   26.3979
    7.5000  -37.5000  -45.0000 6208.8252   26.3873
   -7.5000  -30.0000  -45.0000 6879.9062   25.8906
    0.0000  -30.0000  -45.0000 7217.4438   25.8986
    7.5000  -30.0000  -45.0000 6954.1431   25.8814
   -7.5000  -22.5000  -45.0000 7684.9014   25.8471
    0.0000  -22.5000  -45.0000 8096.1172   25.8478
    7.5000  -22.5000  -45.0000 7785.4590   25.8311
   -7.5000  -15.0000  -45.0000 8497.2812   25.8483
    0.0000  -15.0000  -45.0000 8951.2236   25.8402
    7.5000  -15.0000  -45.0000 8632.6562   25.8318
   -7.5000   -7.5000  -45.0000 9318.6611   25.8354
    0.0000   -7.5000  -45.0000 9821.7129   25.8272
    7.5000   -7.5000  -45.0000 9476.6270   25.8269
   -7.5000    0.0000  -45.000010046.8730   25.8033
    0.0000    0.0000  -45.000010572.5312   25.8008
    7.5000    0.0000  -45.000010190.6377   25.7994
   -7.5000    7.5000  -45.0000 9994.6494   25.7800
    0.0000    7.5000  -45.000010564.3604   25.7852
    7.5000    7.5000  -45.000010146.4736   25.7752
   -7.5000   15.0000  -45.0000 9930.3213   25.7890
    0.0000   15.0000  -45.000010453.1025   25.7970
    7.5000   15.0000  -45.000010033.9131   25.7801
   -7.5000   22.5000  -45.0000 9770.9268   25.8211
    0.0000   22.5000  -45.000010261.9746   25.8218
    7.5000   22.5000  -45.0000 9808.5791   25.8052
   -7.5000   30.0000  -45.0000 9444.8398   25.5035
    0.0000   30.0000  -45.0000 9895.0908   25.4956
    7.5000   30.0000  -45.0000 9453.6396   25.4872
   -7.5000   37.5000  -45.0000 9411.0264   25.4911
    0.0000   37.5000  -45.0000 9847.3418   25.4830
    7.5000   37.5000  -45.0000 9404.3682   25.4827
   -7.5000   45.0000  -45.0000 8943.3604   24.8130
    0.0000   45.0000  -45.0000 9409.1602   24.8106
    7.5000   45.0000  -45.0000 8965.1836   24.8092
   -7.5000  -45.0000  -37.5000 5938.3276   26.7486
    0.0000  -45.0000  -37.5000 6243.8081   26.7588
    7.5000  -45.0000  -37.5000 6055.0728   26.7520
   -7.5000  -37.5000  -37.5000 6443.9292   26.0075
    0.0000  -37.5000  -37.5000 6792.4668   26.0238
    7.5000  -37.5000  -37.5000 6580.6128   26.0133
   -7.5000  -30.0000  -37.5000 7241.7261   25.5032
    0.0000  -30.0000  -37.5000 7631.2061   25.5216
    7.5000  -30.0000  -37.5000 7374.9028   25.5108
   -7.5000  -22.5000  -37.5000 8125.2671   25.4610
    0.0000  -22.5000  -37.5000 8576.0537   25.4719
    7.5000  -22.5000  -37.5000 8274.2734   25.4644
   -7.5000  -15.0000  -37.5000 9015.6338   25.4769
    0.0000  -15.0000  -37.5000 9504.6016   25.4799
    7.5000  -15.0000  -37.5000 9162.1807   25.4777
   -7.5000   -7.5000  -37.5000 9898.1182   25.4788
    0.0000   -7.5000  -37.500010439.9639   25.4821
    7.5000   -7.5000  -37.500010037.4023   25.4820
   -7.5000    0.0000  -37.500010633.6211   25.4499
    0.0000    0.0000  -37.500011226.7725   25.4584
    7.5000    0.0000  -37.500010794.2979   25.4537
   -7.5000    7.5000  -37.500010567.8857   25.4128
    0.0000    7.5000  -37.500011212.3516   25.4285
    7.5000    7.5000  -37.500010741.2051   25.4187
   -7.5000   15.0000  -37.500010450.8291   25.4046
    0.0000   15.0000  -37.500011029.3896   25.4229
    7.5000   15.0000  -37.500010559.1074   25.4124
   -7.5000   22.5000  -37.500010254.3291   25.4357
    0.0000   22.5000  -37.500010785.1270   25.4466
    7.5000   22.5000  -37.500010322.7031   25.4391
   -7.5000   30.0000  -37.5000 9903.7070   25.1371
    0.0000   30.0000  -37.500010409.4414   25.1401
    7.5000   30.0000  -37.5000 9973.6992   25.1379
   -7.5000   37.5000  -37.5000 9865.1426   25.1393
    0.0000   37.5000  -37.500010375.1660   25.1425
    7.5000   37.5000  -37.5000 9910.6943   25.1424
   -7.5000   45.0000  -37.5000 9385.7910   24.4732
    0.0000   45.0000  -37.5000 9904.0664   24.4813
    7.5000   45.0000  -37.5000 9438.7627   24.4768
   -7.5000  -45.0000  -30.0000 6386.3550   27.8092
    0.0000  -45.0000  -30.0000 6738.7773   27.8249
    7.5000  -45.0000  -30.0000 6526.6143   27.8081
   -7.5000  -37.5000  -30.0000 6943.8389   27.0240
    0.0000  -37.5000  -30.0000 7314.8384   27.0481
    7.5000  -37.5000  -30.0000 7083.3350   27.0353
   -7.5000  -30.0000  -30.0000 7804.9932   26.4911
    0.0000  -30.0000  -30.0000 8228.2549   26.5184
    7.5000  -30.0000  -30.0000 7950.1782   26.5094
   -7.5000  -22.5000  -30.0000 8799.1650   26.4566
    0.0000  -22.5000  -30.0000 9304.1074   26.4760
    7.5000  -22.5000  -30.0000 8974.4873   26.4680
   -7.5000  -15.0000  -30.0000 9781.1406   26.4921
    0.0000  -15.0000  -30.000010352.5137   26.5022
    7.5000  -15.0000  -30.0000 9966.1660   26.4934
   -7.5000   -7.5000  -30.000010734.6064   26.5022
    0.0000   -7.5000  -30.000011355.0459   26.5108
    7.5000   -7.5000  -30.000010920.4160   26.5000
   -7.5000    0.0000  -30.000011519.5254   26.4638
    0.0000    0.0000  -30.000012190.9961   26.4776
    7.5000    0.0000  -30.000011733.8125   26.4644
   -7.5000    7.5000  -30.000011445.6338   26.4079
    0.0000    7.5000  -30.000012098.7764   26.4312
    7.5000    7.5000  -30.000011645.1494   26.4191
   -7.5000   15.0000  -30.000011266.8486   26.3888
    0.0000   15.0000  -30.000011881.1416   26.4160
    7.5000   15.0000  -30.000011412.1895   26.4072
   -7.5000   22.5000  -30.000011069.4873   26.4277
    0.0000   22.5000  -30.000011645.4590   26.4470
    7.5000   22.5000  -30.000011158.2969   26.4390
   -7.5000   30.0000  -30.000010677.4521   26.1412
    0.0000   30.0000  -30.000011238.7061   26.1512
    7.5000   30.0000  -30.000010796.8916   26.1426
   -7.5000   37.5000  -30.000010601.4482   26.1515
    0.0000   37.5000  -30.000011179.9248   26.1600
    7.5000   37.5000  -30.000010721.1572   26.1493
   -7.5000   45.0000  -30.000010057.5098   25.4668
    0.0000   45.0000  -30.000010630.0869   25.4801
    7.5000   45.0000  -30.000010195.0244   25.4674
   -7.5000  -45.0000  -22.5000 6833.7554   28.7951
    0.0000  -45.0000  -22.5000 7214.0630   28.8006
    7.5000  -45.0000  -22.5000 6999.3589   28.7764
   -7.5000  -37.5000  -22.5000 7458.9058   27.9811
    0.0000  -37.5000  -22.5000 7878.3755   27.9986
    7.5000  -37.5000  -22.5000 7624.3267   27.9822
   -7.5000  -30.0000  -22.5000 8424.9219   27.4399
    0.0000  -30.0000  -22.5000 8906.5850   27.4638
    7.5000  -30.0000  -22.5000 8584.7188   27.4483
   -7.5000  -22.5000  -22.5000 9512.3545   27.4160
    0.0000  -22.5000  -22.500010057.2686   27.4323
    7.5000  -22.5000  -22.5000 9700.1729   27.4118
   -7.5000  -15.0000  -22.500010569.0371   27.4552
    0.0000  -15.0000  -22.500011164.9727   27.4596
    7.5000  -15.0000  -22.500010777.5000   27.4340
   -7.5000   -7.5000  -22.500011586.6152   27.4554
    0.0000   -7.5000  -22.500012255.7920   27.4542
    7.5000   -7.5000  -22.500011834.5850   27.4295
   -7.5000    0.0000  -22.500012432.1689   27.4017
    0.0000    0.0000  -22.500013195.2725   27.4060
    7.5000    0.0000  -22.500012741.4561   27.3858
   -7.5000    7.5000  -22.500012370.5762   27.3421
    0.0000    7.5000  -22.500013094.1045   27.3594
    7.5000    7.5000  -22.500012659.7178   27.3438
   -7.5000   15.0000  -22.500012181.2451   27.3337
    0.0000   15.0000  -22.500012845.9473   27.3575
    7.5000   15.0000  -22.500012379.4668   27.3422
   -7.5000   22.5000  -22.500011966.4941   27.3841
    0.0000   22.5000  -22.500012592.4697   27.4005
    7.5000   22.5000  -22.500012109.2539   27.3799
   -7.5000   30.0000  -22.500011550.5898   27.0957
    0.0000   30.0000  -22.500012161.0000   27.1002
    7.5000   30.0000  -22.500011714.8594   27.0749
   -7.5000   37.5000  -22.500011408.1572   27.0963
    0.0000   37.5000  -22.500012037.7090   27.0951
    7.5000   37.5000  -22.500011599.6445   27.0707
   -7.5000   45.0000  -22.500010788.7490   26.3892
    0.0000   45.0000  -22.500011400.7627   26.3933
    7.5000   45.0000  -22.500011003.7666   26.3739
   -7.5000  -45.0000  -15.0000 7306.9868   29.5440
    0.0000  -45.0000  -15.0000 7735.0918   29.5352
    7.5000  -45.0000  -15.0000 7505.9360   29.5140
   -7.5000  -37.5000  -15.0000 8001.6924   28.7233
    0.0000  -37.5000  -15.0000 8466.4551   28.7274
    7.5000  -37.5000  -15.0000 8196.9102   28.7104
   -7.5000  -30.0000  -15.0000 9058.3193   28.1873
    0.0000  -30.0000  -15.0000 9566.8877   28.1988
    7.5000  -30.0000  -15.0000 9236.1787   28.1760
   -7.5000  -22.5000  -15.000010196.0820   28.1653
    0.0000  -22.5000  -15.000010770.0537   28.1701
    7.5000  -22.5000  -15.000010407.8701   28.1382
   -7.5000  -15.0000  -15.000011333.1777   28.1895
    0.0000  -15.0000  -15.000011962.8418   28.1818
    7.5000  -15.0000  -15.000011564.6904   28.1464
   -7.5000   -7.5000  -15.000012415.2471   28.1714
    0.0000   -7.5000  -15.000013130.6699   28.1566
    7.5000   -7.5000  -15.000012712.9873   28.1289
   -7.5000    0.0000  -15.000013339.2490   28.1110
    0.0000    0.0000  -15.000014169.3486   28.1018
    7.5000    0.0000  -15.000013711.3008   28.0837
   -7.5000    7.5000  -15.000013260.7188   28.0654
    0.0000    7.5000  -15.000014054.6943   28.0699
    7.5000    7.5000  -15.000013608.4990   28.0536
   -7.5000   15.0000  -15.000013058.5176   28.0780
    0.0000   15.0000  -15.000013797.4668   28.0894
    7.5000   15.0000  -15.000013308.3945   28.0669
   -7.5000   22.5000  -15.000012851.3867   28.1312
    0.0000   22.5000  -15.000013571.3828   28.1361
    7.5000   22.5000  -15.000013054.2783   28.1042
   -7.5000   30.0000  -15.000012432.0137   27.8244
    0.0000   30.0000  -15.000013124.5693   27.8167
    7.5000   30.0000  -15.000012622.1543   27.7819
   -7.5000   37.5000  -15.000012241.7158   27.8068
    0.0000   37.5000  -15.000012939.1475   27.7922
    7.5000   37.5000  -15.000012461.4824   27.7649
   -7.5000   45.0000  -15.000011538.0840   27.0886
    0.0000   45.0000  -15.000012206.5244   27.0797
    7.5000   45.0000  -15.000011813.2109   27.0623
   -7.5000  -45.0000   -7.5000 7797.8574   29.9111
    0.0000  -45.0000   -7.5000 8263.1045   29.8998
    7.5000  -45.0000   -7.5000 8021.0146   29.8908
   -7.5000  -37.5000   -7.5000 8574.8672   29.0976
    0.0000  -37.5000   -7.5000 9069.2295   29.0962
    7.5000  -37.5000   -7.5000 8792.1221   29.0827
   -7.5000  -30.0000   -7.5000 9716.3838   28.5632
    0.0000  -30.0000   -7.500010242.0225   28.5672
    7.5000  -30.0000   -7.5000 9896.9756   28.5440
   -7.5000  -22.5000   -7.500010930.5977   28.5293
    0.0000  -22.5000   -7.500011527.6641   28.5263
    7.5000  -22.5000   -7.500011124.4189   28.4973
   -7.5000  -15.0000   -7.500012131.4785   28.5336
    0.0000  -15.0000   -7.500012810.0869   28.5199
    7.5000  -15.0000   -7.500012365.8027   28.4947
   -7.5000   -7.5000   -7.500013341.0752   28.5079
    0.0000   -7.5000   -7.500014129.8047   28.4901
    7.5000   -7.5000   -7.500013625.1631   28.4764
   -7.5000    0.0000   -7.500014383.9756   28.4575
    0.0000    0.0000   -7.500015318.4326   28.4456
    7.5000    0.0000   -7.500014738.5361   28.4382
   -7.5000    7.5000   -7.500014297.2314   28.4303
    0.0000    7.5000   -7.500015190.6348   28.4293
    7.5000    7.5000   -7.500014639.3262   28.4165
   -7.5000   15.0000   -7.500014072.1660   28.4525
    0.0000   15.0000   -7.500014867.8262   28.4565
    7.5000   15.0000   -7.500014289.5596   28.4335
   -7.5000   22.5000   -7.500013841.0039   28.4916
    0.0000   22.5000   -7.500014635.0889   28.4888
    7.5000   22.5000   -7.500014022.3291   28.4598
   -7.5000   30.0000   -7.500013409.7588   28.1633
    0.0000   30.0000   -7.500014200.3672   28.1497
    7.5000   30.0000   -7.500013574.2842   28.1248
   -7.5000   37.5000   -7.500013201.2881   28.1382
    0.0000   37.5000   -7.500013953.2998   28.1206
    7.5000   37.5000   -7.500013402.4629   28.1071
   -7.5000   45.0000   -7.500012461.1768   27.4276
    0.0000   45.0000   -7.500013168.9932   27.4162
    7.5000   45.0000   -7.500012688.1270   27.4091
   -7.5000  -45.0000    0.0000 8160.1396   29.9445
    0.0000  -45.0000    0.0000 8665.9121   29.9426
    7.5000  -45.0000    0.0000 8399.5674   29.9408
   -7.5000  -37.5000    0.0000 9016.6709   29.1326
    0.0000  -37.5000    0.0000 9556.6582   29.1378
    7.5000  -37.5000    0.0000 9235.6846   29.1268
   -7.5000  -30.0000    0.000010232.2803   28.5887
    0.0000  -30.0000    0.000010825.5928   28.5969
    7.5000  -30.0000    0.000010424.2627   28.5785
   -7.5000  -22.5000    0.000011570.9658   28.5423
    0.0000  -22.5000    0.000012212.6152   28.5427
    7.5000  -22.5000    0.000011745.9912   28.5249
   -7.5000  -15.0000    0.000012873.8926   28.5421
    0.0000  -15.0000    0.000013613.3984   28.5332
    7.5000  -15.0000    0.000013071.0137   28.5245
   -7.5000   -7.5000    0.000014186.5830   28.5256
    0.0000   -7.5000    0.000014993.9932   28.5164
    7.5000   -7.5000    0.000014401.8271   28.5168
   -7.5000    0.0000    0.000015440.4453   28.4893
    0.0000    0.0000    0.000016420.4629   28.4861
    7.5000    0.0000    0.000015717.2627   28.4853
   -7.5000    7.5000    0.000015442.1064   28.4655
    0.0000    7.5000    0.000016367.2734   28.4705
    7.5000    7.5000    0.000015592.4600   28.4601
   -7.5000   15.0000    0.000015195.2939   28.4781
    0.0000   15.0000    0.000015966.8730   28.4863
    7.5000   15.0000    0.000015139.2383   28.4682
   -7.5000   22.5000    0.000014938.6748   28.5047
    0.0000   22.5000    0.000015680.0752   28.5052
    7.5000   22.5000    0.000014872.4668   28.4874
   -7.5000   30.0000    0.000014428.9287   28.1724
    0.0000   30.0000    0.000015162.7285   28.1636
    7.5000   30.0000    0.000014387.7910   28.1550
   -7.5000   37.5000    0.000014184.4424   28.1564
    0.0000   37.5000    0.000014898.7588   28.1473
    7.5000   37.5000    0.000014190.2920   28.1477
   -7.5000   45.0000    0.000013374.6934   27.4604
    0.0000   45.0000    0.000014075.9814   27.4574
    7.5000   45.0000    0.000013427.1836   27.4566
   -7.5000  -45.0000    7.5000 8021.4229   29.8921
    0.0000  -45.0000    7.5000 8484.0791   29.9038
    7.5000  -45.0000    7.5000 8202.9385   29.8966
   -7.5000  -37.5000    7.5000 8864.8496   29.0653
    0.0000  -37.5000    7.5000 9348.2461   29.0836
    7.5000  -37.5000    7.5000 9015.6807   29.0723
   -7.5000  -30.0000    7.500010012.8936   28.5031
    0.0000  -30.0000    7.500010556.7168   28.5234
    7.5000  -30.0000    7.500010147.9521   28.5118
   -7.5000  -22.5000    7.500011287.3857   28.4562
    0.0000  -22.5000    7.500011885.5410   28.4682
    7.5000  -22.5000    7.500011421.0225   28.4601
   -7.5000  -15.0000    7.500012590.1025   28.4737
    0.0000  -15.0000    7.500013256.1572   28.4770
    7.5000  -15.0000    7.500012721.6934   28.4749
   -7.5000   -7.5000    7.500013976.0674   28.4753
    0.0000   -7.5000    7.500014723.9580   28.4791
    7.5000   -7.5000    7.500014094.2910   28.4793
   -7.5000    0.0000    7.500015464.9355   28.4427
    0.0000    0.0000    7.500016322.4619   28.4525
    7.5000    0.0000    7.500015451.1914   28.4475
   -7.5000    7.5000    7.500015839.3818   28.4016
    0.0000    7.5000    7.500016553.7168   28.4192
    7.5000    7.5000    7.500015461.5088   28.4086
   -7.5000   15.0000    7.500015576.3389   28.3930
    0.0000   15.0000    7.500016019.7734   28.4133
    7.5000   15.0000    7.500015019.1289   28.4019
   -7.5000   22.5000    7.500015098.3584   28.4187
    0.0000   22.5000    7.500015551.8799   28.4307
    7.5000   22.5000    7.500014681.7090   28.4227
   -7.5000   30.0000    7.500014517.2354   28.1048
    0.0000   30.0000    7.500015045.2715   28.1081
    7.5000   30.0000    7.500014209.1572   28.1060
   -7.5000   37.5000    7.500014284.6602   28.1068
    0.0000   37.5000    7.500014885.8066   28.1106
    7.5000   37.5000    7.500014023.8418   28.1107
   -7.5000   45.0000    7.500013404.7822   27.4155
    0.0000   45.0000    7.500014061.2178   27.4249
    7.5000   45.0000    7.500013236.8252   27.4202
   -7.5000  -45.0000   15.0000 7653.0669   29.8613
    0.0000  -45.0000   15.0000 8110.3428   29.8781
    7.5000  -45.0000   15.0000 7803.3677   29.8602
   -7.5000  -37.5000   15.0000 8472.2129   29.0182
    0.0000  -37.5000   15.0000 8962.8857   29.0441
    7.5000  -37.5000   15.0000 8603.1680   29.0304
   -7.5000  -30.0000   15.0000 9617.7441   28.4460
    0.0000  -30.0000   15.000010117.0684   28.4754
    7.5000  -30.0000   15.0000 9732.0557   28.4657
   -7.5000  -22.5000   15.000010897.9795   28.4091
    0.0000  -22.5000   15.000011390.0566   28.4298
    7.5000  -22.5000   15.000011003.1885   28.4213
   -7.5000  -15.0000   15.000012217.7100   28.4471
    0.0000  -15.0000   15.000012697.7803   28.4580
    7.5000  -15.0000   15.000012272.3320   28.4486
   -7.5000   -7.5000   15.000013634.3291   28.4580
    0.0000   -7.5000   15.000014160.6963   28.4672
    7.5000   -7.5000   15.000013674.2324   28.4556
   -7.5000    0.0000   15.000015171.3760   28.4167
    0.0000    0.0000   15.000015893.1348   28.4315
    7.5000    0.0000   15.000014969.2227   28.4174
   -7.5000    7.5000   15.000015606.0029   28.3566
    0.0000    7.5000   15.000016310.7871   28.3817
    7.5000    7.5000   15.000015061.6611   28.3688
   -7.5000   15.0000   15.000015333.1045   28.3362
    0.0000   15.0000   15.000015824.9961   28.3654
    7.5000   15.0000   15.000014714.1348   28.3560
   -7.5000   22.5000   15.000014791.2314   28.3717
    0.0000   22.5000   15.000015225.8184   28.3925
    7.5000   22.5000   15.000014279.0283   28.3840
   -7.5000   30.0000   15.000014213.4980   28.0786
    0.0000   30.0000   15.000014671.3838   28.0894
    7.5000   30.0000   15.000013758.6240   28.0801
   -7.5000   37.5000   15.000013907.4824   28.0897
    0.0000   37.5000   15.000014472.3496   28.0987
    7.5000   37.5000   15.000013535.1797   28.0873
   -7.5000   45.0000   15.000012975.7471   27.3904
    0.0000   45.0000   15.000013601.6855   27.4047
    7.5000   45.0000   15.000012717.1855   27.3911
   -7.5000  -45.0000   22.5000 7310.7202   29.9049
    0.0000  -45.0000   22.5000 7669.9692   29.9106
    7.5000  -45.0000   22.5000 7444.8857   29.8854
   -7.5000  -37.5000   22.5000 8106.1445   29.0592
    0.0000  -37.5000   22.5000 8481.7031   29.0773
    7.5000  -37.5000   22.5000 8215.2256   29.0603
   -7.5000  -30.0000   22.5000 9226.3408   28.4968
    0.0000  -30.0000   22.5000 9611.9912   28.5216
    7.5000  -30.0000   22.5000 9282.8242   28.5055
   -7.5000  -22.5000   22.500010483.8760   28.4720
    0.0000  -22.5000   22.500010914.2246   28.4889
    7.5000  -22.5000   22.500010471.8145   28.4675
   -7.5000  -15.0000   22.500011722.1045   28.5127
    0.0000  -15.0000   22.500012233.9668   28.5173
    7.5000  -15.0000   22.500011678.5586   28.4907
   -7.5000   -7.5000   22.500012995.5381   28.5129
    0.0000   -7.5000   22.500013644.8535   28.5117
    7.5000   -7.5000   22.500012967.2158   28.4860
   -7.5000    0.0000   22.500014309.2803   28.4572
    0.0000    0.0000   22.500015204.9600   28.4616
    7.5000    0.0000   22.500014096.1152   28.4406
   -7.5000    7.5000   22.500014412.3818   28.3953
    0.0000    7.5000   22.500015434.6611   28.4133
    7.5000    7.5000   22.500014135.8555   28.3969
   -7.5000   15.0000   22.500014177.7910   28.3865
    0.0000   15.0000   22.500015160.6260   28.4112
    7.5000   15.0000   22.500013946.6152   28.3953
   -7.5000   22.5000   22.500013941.7432   28.4345
    0.0000   22.5000   22.500014808.0215   28.4515
    7.5000   22.5000   22.500013643.4424   28.4301
   -7.5000   30.0000   22.500013501.0439   28.1433
    0.0000   30.0000   22.500014197.0693   28.1479
    7.5000   30.0000   22.500013136.3691   28.1216
   -7.5000   37.5000   22.500013219.2627   28.1439
    0.0000   37.5000   22.500013859.6914   28.1427
    7.5000   37.5000   22.500012876.6328   28.1173
   -7.5000   45.0000   22.500012322.4482   27.4294
    0.0000   45.0000   22.500012896.2705   27.4337
    7.5000   45.0000   22.500012060.2744   27.4135
   -7.5000  -45.0000   30.0000 6745.9722   30.0146
    0.0000  -45.0000   30.0000 7148.7280   30.0051
    7.5000  -45.0000   30.0000 6844.1860   29.9829
   -7.5000  -37.5000   30.0000 7512.0005   29.1791
    0.0000  -37.5000   30.0000 7960.2212   29.1828
    7.5000  -37.5000   30.0000 7577.2837   29.1651
   -7.5000  -30.0000   30.0000 8594.4883   28.6331
    0.0000  -30.0000   30.0000 9073.8857   28.6446
    7.5000  -30.0000   30.0000 8635.9580   28.6213
   -7.5000  -22.5000   30.0000 9761.0361   28.6111
    0.0000  -22.5000   30.000010287.3047   28.6158
    7.5000  -22.5000   30.0000 9808.8301   28.5832
   -7.5000  -15.0000   30.000010859.1982   28.6366
    0.0000  -15.0000   30.000011422.6582   28.6284
    7.5000  -15.0000   30.000010939.0977   28.5922
   -7.5000   -7.5000   30.000011997.5996   28.6187
    0.0000   -7.5000   30.000012629.9951   28.6032
    7.5000   -7.5000   30.000012090.9180   28.5746
   -7.5000    0.0000   30.000013105.0898   28.5570
    0.0000    0.0000   30.000013868.0400   28.5471
    7.5000    0.0000   30.000013077.4355   28.5283
   -7.5000    7.5000   30.000013119.5732   28.5098
    0.0000    7.5000   30.000013815.8438   28.5139
    7.5000    7.5000   30.000013083.6514   28.4971
   -7.5000   15.0000   30.000012931.0527   28.5220
    0.0000   15.0000   30.000013572.0928   28.5334
    7.5000   15.0000   30.000012866.9287   28.5103
   -7.5000   22.5000   30.000012786.7051   28.5734
    0.0000   22.5000   30.000013377.3848   28.5781
    7.5000   22.5000   30.000012641.4229   28.5456
   -7.5000   30.0000   30.000012503.5078   28.2657
    0.0000   30.0000   30.000013063.5713   28.2576
    7.5000   30.0000   30.000012286.9131   28.2219
   -7.5000   37.5000   30.000012362.2256   28.2483
    0.0000   37.5000   30.000012883.9014   28.2330
    7.5000   37.5000   30.000012105.0195   28.2048
   -7.5000   45.0000   30.000011551.8877   27.5257
    0.0000   45.0000   30.000012047.3848   27.5161
    7.5000   45.0000   30.000011342.9248   27.4980
   -7.5000  -45.0000   37.5000 6455.6445   30.2382
    0.0000  -45.0000   37.5000 6800.9199   30.2260
    7.5000  -45.0000   37.5000 6528.4136   30.2174
   -7.5000  -37.5000   37.5000 7205.8379   29.4100
    0.0000  -37.5000   37.5000 7568.0825   29.4080
    7.5000  -37.5000   37.5000 7255.9639   29.3945
   -7.5000  -30.0000   37.5000 8209.9795   28.8670
    0.0000  -30.0000   37.5000 8612.2998   28.8704
    7.5000  -30.0000   37.5000 8283.6885   28.8471
   -7.5000  -22.5000   37.5000 9271.4092   28.8344
    0.0000  -22.5000   37.5000 9716.3408   28.8307
    7.5000  -22.5000   37.5000 9360.5488   28.8017
   -7.5000  -15.0000   37.500010305.6670   28.8399
    0.0000  -15.0000   37.500010801.2568   28.8252
    7.5000  -15.0000   37.500010417.9229   28.8002
   -7.5000   -7.5000   37.500011409.5684   28.8138
    0.0000   -7.5000   37.500011961.5117   28.7950
    7.5000   -7.5000   37.500011508.8604   28.7817
   -7.5000    0.0000   37.500012422.9355   28.7616
    0.0000    0.0000   37.500013068.1807   28.7488
    7.5000    0.0000   37.500012459.8096   28.7417
   -7.5000    7.5000   37.500012414.9932   28.7328
    0.0000    7.5000   37.500012978.4453   28.7311
    7.5000    7.5000   37.500012458.9521   28.7184
   -7.5000   15.0000   37.500012264.1709   28.7552
    0.0000   15.0000   37.500012766.8066   28.7586
    7.5000   15.0000   37.500012245.6904   28.7356
   -7.5000   22.5000   37.500012108.4805   28.7962
    0.0000   22.5000   37.500012604.0889   28.7926
    7.5000   22.5000   37.500012044.3584   28.7636
   -7.5000   30.0000   37.500011849.5703   28.4663
    0.0000   30.0000   37.500012301.2559   28.4518
    7.5000   30.0000   37.500011720.4668   28.4271
   -7.5000   37.5000   37.500011796.9629   28.4409
    0.0000   37.5000   37.500012237.9053   28.4224
    7.5000   37.5000   37.500011628.3311   28.4092
   -7.5000   45.0000   37.500011066.1455   27.7228
    0.0000   45.0000   37.500011504.1367   27.7106
    7.5000   45.0000   37.500010910.0928   27.7037
   -7.5000  -45.0000   45.0000 5963.4575   30.7478
    0.0000  -45.0000   45.0000 6248.3838   30.7422
    7.5000  -45.0000   45.0000 6000.5278   30.7388
   -7.5000  -37.5000   45.0000 6622.3774   29.8913
    0.0000  -37.5000   45.0000 6931.2153   29.8940
    7.5000  -37.5000   45.0000 6645.5864   29.8806
   -7.5000  -30.0000   45.0000 7518.0879   29.3210
    0.0000  -30.0000   45.0000 7879.7075   29.3274
    7.5000  -30.0000   45.0000 7579.8042   29.3059
   -7.5000  -22.5000   45.0000 8486.0166   29.2773
    0.0000  -22.5000   45.0000 8900.8896   29.2752
    7.5000  -22.5000   45.0000 8582.8945   29.2543
   -7.5000  -15.0000   45.0000 9476.8213   29.2774
    0.0000  -15.0000   45.0000 9935.8320   29.2649
    7.5000  -15.0000   45.0000 9572.7842   29.2538
   -7.5000   -7.5000   45.000010471.8379   29.2572
    0.0000   -7.5000   45.000010990.9453   29.2441
    7.5000   -7.5000   45.000010558.3281   29.2431
   -7.5000    0.0000   45.000011375.3301   29.2159
    0.0000    0.0000   45.000011945.0869   29.2094
    7.5000    0.0000   45.000011438.2393   29.2071
   -7.5000    7.5000   45.000011347.6172   29.1907
    0.0000    7.5000   45.000011841.0596   29.1934
    7.5000    7.5000   45.000011432.0449   29.1808
   -7.5000   15.0000   45.000011187.8906   29.2066
    0.0000   15.0000   45.000011632.6562   29.2131
    7.5000   15.0000   45.000011225.8135   29.1919
   -7.5000   22.5000   45.000011020.6768   29.2379
    0.0000   22.5000   45.000011436.8516   29.2358
    7.5000   22.5000   45.000011002.2119   29.2149
   -7.5000   30.0000   45.000010803.8564   28.8956
    0.0000   30.0000   45.000011185.7324   28.8833
    7.5000   30.0000   45.000010739.1250   28.8724
   -7.5000   37.5000   45.000010772.0977   28.8761
    0.0000   37.5000   45.000011143.6650   28.8631
    7.5000   37.5000   45.000010675.9180   28.8621
   -7.5000   45.0000   45.000010132.6387   28.1735
    0.0000   45.0000   45.000010509.4033   28.1673
    7.5000   45.0000   45.000010024.4766   28.1651

---------------------------------------------------------------------
imgreg_4dfp /opt/freesurfer/average/711-2C_as_mni_average_305 /opt/freesurfer/average/711-2B_as_mni_average_305_mask talsrcimg_g11 none talsrcimg_to_711-2C_as_mni_average_305_t4 4355
---------------------------------------------------------------------

freesurfer imgreg_4dfp.c
/opt/freesurfer/average/711-2C_as_mni_average_305.4dfp.img
       256       256       256         1
  1.000000  1.000000  1.000000
orientation T byte_order littleendian
Reading image: /opt/freesurfer/average/711-2C_as_mni_average_305.4dfp.img
dimensions:      256       256       256
mmppix:       1.0000   -1.0000   -1.0000
center:     128.0000 -129.0000 -129.0000
/opt/freesurfer/average/711-2B_as_mni_average_305_mask.4dfp.img
       256       256       256         1
  1.000000  1.000000  1.000000
orientation T byte_order littleendian
Reading mask: /opt/freesurfer/average/711-2B_as_mni_average_305_mask.4dfp.img (2306576 pixels)
talsrcimg_g11.4dfp.img
       256       256       256         1
  1.000000  1.000000  1.000000
orientation T byte_order littleendian
Reading image: talsrcimg_g11.4dfp.img
dimensions:      256       256       256
mmppix:       1.0000   -1.0000   -1.0000
center:     128.0000 -129.0000 -129.0000
rotation matrix determinant  1.000000
image alignment mode   4355 decimal     1103 hex
   -7.5000  -37.5000  -37.5000 1857.9415   38.3635
    0.0000  -37.5000  -37.5000 1874.5415   37.6210
    7.5000  -37.5000  -37.5000 1870.9568   37.5659
   -7.5000  -30.0000  -37.5000 1976.1403   34.0863
    0.0000  -30.0000  -37.5000 1991.5238   33.5652
    7.5000  -30.0000  -37.5000 1988.7888   33.3834
   -7.5000  -22.5000  -37.5000 2083.2146   30.8913
    0.0000  -22.5000  -37.5000 2103.6909   30.5437
    7.5000  -22.5000  -37.5000 2098.3127   30.4036
   -7.5000  -15.0000  -37.5000 2178.2986   28.5731
    0.0000  -15.0000  -37.5000 2193.0364   28.2311
    7.5000  -15.0000  -37.5000 2188.3640   28.1311
   -7.5000   -7.5000  -37.5000 2245.1365   26.7919
    0.0000   -7.5000  -37.5000 2263.7288   26.5240
    7.5000   -7.5000  -37.5000 2251.9517   26.3755
   -7.5000    0.0000  -37.5000 2274.2737   25.4966
    0.0000    0.0000  -37.5000 2296.8164   25.1963
    7.5000    0.0000  -37.5000 2280.3711   25.0974
   -7.5000    7.5000  -37.5000 2291.5178   24.5835
    0.0000    7.5000  -37.5000 2315.7583   24.2944
    7.5000    7.5000  -37.5000 2299.6604   24.2122
   -7.5000   15.0000  -37.5000 2300.9050   24.3184
    0.0000   15.0000  -37.5000 2321.2175   23.8813
    7.5000   15.0000  -37.5000 2307.8850   23.8234
   -7.5000   22.5000  -37.5000 2297.5950   24.4436
    0.0000   22.5000  -37.5000 2323.2908   24.0218
    7.5000   22.5000  -37.5000 2307.7161   23.9327
   -7.5000   30.0000  -37.5000 2287.3743   25.1995
    0.0000   30.0000  -37.5000 2306.5696   24.7641
    7.5000   30.0000  -37.5000 2295.4678   24.6525
   -7.5000   37.5000  -37.5000 2258.4199   26.3256
    0.0000   37.5000  -37.5000 2276.5225   25.8682
    7.5000   37.5000  -37.5000 2265.2742   25.7267
   -7.5000   45.0000  -37.5000 2205.9861   27.7686
    0.0000   45.0000  -37.5000 2225.4204   27.3066
    7.5000   45.0000  -37.5000 2201.9338   27.1584
   -7.5000   52.5000  -37.5000 2107.7231   29.4330
    0.0000   52.5000  -37.5000 2132.1313   29.0026
    7.5000   52.5000  -37.5000 2105.6758   28.8690
   -7.5000  -37.5000  -30.0000 1950.7014   37.0469
    0.0000  -37.5000  -30.0000 1967.1853   36.5862
    7.5000  -37.5000  -30.0000 1966.8993   36.2837
   -7.5000  -30.0000  -30.0000 2080.1682   33.1360
    0.0000  -30.0000  -30.0000 2094.1914   32.6990
    7.5000  -30.0000  -30.0000 2095.4297   32.3901
   -7.5000  -22.5000  -30.0000 2193.9648   30.0234
    0.0000  -22.5000  -30.0000 2215.8723   29.6829
    7.5000  -22.5000  -30.0000 2214.7771   29.4426
   -7.5000  -15.0000  -30.0000 2295.6653   27.5678
    0.0000  -15.0000  -30.0000 2323.5957   27.2963
    7.5000  -15.0000  -30.0000 2312.7366   27.1094
   -7.5000   -7.5000  -30.0000 2370.0801   25.7074
    0.0000   -7.5000  -30.0000 2400.2527   25.4119
    7.5000   -7.5000  -30.0000 2388.4470   25.3071
   -7.5000    0.0000  -30.0000 2410.7493   24.4523
    0.0000    0.0000  -30.0000 2435.2068   24.1339
    7.5000    0.0000  -30.0000 2428.3594   24.0499
   -7.5000    7.5000  -30.0000 2435.1184   23.5620
    0.0000    7.5000  -30.0000 2459.3367   23.2509
    7.5000    7.5000  -30.0000 2447.6304   23.1799
   -7.5000   15.0000  -30.0000 2445.5349   23.1786
    0.0000   15.0000  -30.0000 2465.8792   22.7708
    7.5000   15.0000  -30.0000 2453.1567   22.7327
   -7.5000   22.5000  -30.0000 2446.7061   23.3744
    0.0000   22.5000  -30.0000 2473.5222   23.0139
    7.5000   22.5000  -30.0000 2453.0337   22.9436
   -7.5000   30.0000  -30.0000 2425.5525   24.0608
    0.0000   30.0000  -30.0000 2451.7339   23.6608
    7.5000   30.0000  -30.0000 2440.8630   23.6194
   -7.5000   37.5000  -30.0000 2396.7192   25.0487
    0.0000   37.5000  -30.0000 2424.9170   24.6972
    7.5000   37.5000  -30.0000 2409.9199   24.6641
   -7.5000   45.0000  -30.0000 2338.3708   26.3704
    0.0000   45.0000  -30.0000 2362.2627   26.0301
    7.5000   45.0000  -30.0000 2350.4060   26.0413
   -7.5000   52.5000  -30.0000 2234.1694   27.9475
    0.0000   52.5000  -30.0000 2260.1301   27.6149
    7.5000   52.5000  -30.0000 2246.7266   27.5927
   -7.5000  -37.5000  -22.5000 2024.7898   36.1322
    0.0000  -37.5000  -22.5000 2041.5322   35.5052
    7.5000  -37.5000  -22.5000 2039.5999   35.1991
   -7.5000  -30.0000  -22.5000 2159.3391   32.1830
    0.0000  -30.0000  -22.5000 2178.5742   31.6380
    7.5000  -30.0000  -22.5000 2173.9836   31.3011
   -7.5000  -22.5000  -22.5000 2284.8193   29.0366
    0.0000  -22.5000  -22.5000 2308.9375   28.6911
    7.5000  -22.5000  -22.5000 2303.1902   28.3841
   -7.5000  -15.0000  -22.5000 2396.4741   26.6542
    0.0000  -15.0000  -22.5000 2421.7634   26.3044
    7.5000  -15.0000  -22.5000 2411.4939   26.1212
   -7.5000   -7.5000  -22.5000 2470.1465   24.7326
    0.0000   -7.5000  -22.5000 2497.7725   24.3476
    7.5000   -7.5000  -22.5000 2489.5569   24.2270
   -7.5000    0.0000  -22.5000 2521.1602   23.3706
    0.0000    0.0000  -22.5000 2549.7290   22.9754
    7.5000    0.0000  -22.5000 2547.2822   22.9193
   -7.5000    7.5000  -22.5000 2556.1873   22.4367
    0.0000    7.5000  -22.5000 2582.6575   22.0927
    7.5000    7.5000  -22.5000 2576.4983   22.0480
   -7.5000   15.0000  -22.5000 2572.9302   21.9447
    0.0000   15.0000  -22.5000 2592.1306   21.6033
    7.5000   15.0000  -22.5000 2585.0527   21.5569
   -7.5000   22.5000  -22.5000 2570.5659   22.1596
    0.0000   22.5000  -22.5000 2593.3496   21.8279
    7.5000   22.5000  -22.5000 2581.7324   21.8420
   -7.5000   30.0000  -22.5000 2547.8750   22.7982
    0.0000   30.0000  -22.5000 2572.2007   22.4489
    7.5000   30.0000  -22.5000 2567.7319   22.4913
   -7.5000   37.5000  -22.5000 2513.9431   23.7038
    0.0000   37.5000  -22.5000 2541.9075   23.3701
    7.5000   37.5000  -22.5000 2534.5908   23.4091
   -7.5000   45.0000  -22.5000 2452.4436   24.9760
    0.0000   45.0000  -22.5000 2478.4861   24.6516
    7.5000   45.0000  -22.5000 2472.2551   24.7231
   -7.5000   52.5000  -22.5000 2342.9172   26.4924
    0.0000   52.5000  -22.5000 2366.2593   26.2145
    7.5000   52.5000  -22.5000 2360.1716   26.2515
   -7.5000  -37.5000  -15.0000 2084.3489   35.4671
    0.0000  -37.5000  -15.0000 2098.7383   34.8034
    7.5000  -37.5000  -15.0000 2090.7314   34.3529
   -7.5000  -30.0000  -15.0000 2217.2319   31.4400
    0.0000  -30.0000  -15.0000 2231.8472   30.8288
    7.5000  -30.0000  -15.0000 2223.5637   30.4446
   -7.5000  -22.5000  -15.0000 2345.3723   28.2598
    0.0000  -22.5000  -15.0000 2363.9551   27.7165
    7.5000  -22.5000  -15.0000 2353.7727   27.4827
   -7.5000  -15.0000  -15.0000 2459.4839   25.7856
    0.0000  -15.0000  -15.0000 2480.8335   25.2715
    7.5000  -15.0000  -15.0000 2465.1724   25.0672
   -7.5000   -7.5000  -15.0000 2538.7192   23.8561
    0.0000   -7.5000  -15.0000 2564.1345   23.3985
    7.5000   -7.5000  -15.0000 2553.4023   23.2367
   -7.5000    0.0000  -15.0000 2593.7839   22.4065
    0.0000    0.0000  -15.0000 2616.0361   21.9602
    7.5000    0.0000  -15.0000 2616.2622   21.8550
   -7.5000    7.5000  -15.0000 2633.1367   21.3812
    0.0000    7.5000  -15.0000 2654.7986   20.9578
    7.5000    7.5000  -15.0000 2651.4321   20.9317
   -7.5000   15.0000  -15.0000 2659.1270   20.7778
    0.0000   15.0000  -15.0000 2679.2612   20.3911
    7.5000   15.0000  -15.0000 2672.7656   20.4181
   -7.5000   22.5000  -15.0000 2669.0137   21.0168
    0.0000   22.5000  -15.0000 2687.1003   20.6751
    7.5000   22.5000  -15.0000 2680.0774   20.7196
   -7.5000   30.0000  -15.0000 2654.7124   21.6599
    0.0000   30.0000  -15.0000 2676.4106   21.3098
    7.5000   30.0000  -15.0000 2671.3916   21.3398
   -7.5000   37.5000  -15.0000 2622.8931   22.5178
    0.0000   37.5000  -15.0000 2639.7979   22.1658
    7.5000   37.5000  -15.0000 2629.8423   22.1836
   -7.5000   45.0000  -15.0000 2548.6433   23.7067
    0.0000   45.0000  -15.0000 2568.2471   23.3637
    7.5000   45.0000  -15.0000 2556.9226   23.4092
   -7.5000   52.5000  -15.0000 2434.2041   25.1587
    0.0000   52.5000  -15.0000 2455.0095   24.8791
    7.5000   52.5000  -15.0000 2439.0928   24.8875
   -7.5000  -37.5000   -7.5000 2121.5435   34.8482
    0.0000  -37.5000   -7.5000 2135.5959   34.0493
    7.5000  -37.5000   -7.5000 2119.1584   33.6607
   -7.5000  -30.0000   -7.5000 2260.1621   30.7541
    0.0000  -30.0000   -7.5000 2272.2258   30.0271
    7.5000  -30.0000   -7.5000 2249.9749   29.6476
   -7.5000  -22.5000   -7.5000 2388.9583   27.5520
    0.0000  -22.5000   -7.5000 2402.8613   26.8658
    7.5000  -22.5000   -7.5000 2378.2227   26.5501
   -7.5000  -15.0000   -7.5000 2502.9675   25.0216
    0.0000  -15.0000   -7.5000 2523.0464   24.4562
    7.5000  -15.0000   -7.5000 2495.7903   24.1169
   -7.5000   -7.5000   -7.5000 2591.6379   23.1079
    0.0000   -7.5000   -7.5000 2616.8757   22.5257
    7.5000   -7.5000   -7.5000 2594.5850   22.3040
   -7.5000    0.0000   -7.5000 2651.7771   21.5708
    0.0000    0.0000   -7.5000 2680.7454   21.0997
    7.5000    0.0000   -7.5000 2663.1587   20.8865
   -7.5000    7.5000   -7.5000 2697.0293   20.4517
    0.0000    7.5000   -7.5000 2722.2861   19.9799
    7.5000    7.5000   -7.5000 2709.5156   19.8883
   -7.5000   15.0000   -7.5000 2734.3403   19.7573
    0.0000   15.0000   -7.5000 2752.1809   19.3264
    7.5000   15.0000   -7.5000 2735.1904   19.3180
   -7.5000   22.5000   -7.5000 2753.4167   19.9628
    0.0000   22.5000   -7.5000 2767.8376   19.5877
    7.5000   22.5000   -7.5000 2752.4753   19.5619
   -7.5000   30.0000   -7.5000 2743.4648   20.5601
    0.0000   30.0000   -7.5000 2763.8215   20.1991
    7.5000   30.0000   -7.5000 2745.9983   20.1343
   -7.5000   37.5000   -7.5000 2711.9373   21.3880
    0.0000   37.5000   -7.5000 2723.5464   21.0209
    7.5000   37.5000   -7.5000 2705.1467   21.0243
   -7.5000   45.0000   -7.5000 2637.5791   22.4896
    0.0000   45.0000   -7.5000 2644.3330   22.1464
    7.5000   45.0000   -7.5000 2625.5476   22.2192
   -7.5000   52.5000   -7.5000 2514.7085   24.0534
    0.0000   52.5000   -7.5000 2525.1294   23.6824
    7.5000   52.5000   -7.5000 2508.4448   23.7942
   -7.5000  -37.5000    0.0000 2119.6685   34.3845
    0.0000  -37.5000    0.0000 2141.3281   33.4877
    7.5000  -37.5000    0.0000 2119.4016   33.1372
   -7.5000  -30.0000    0.0000 2258.3965   30.2728
    0.0000  -30.0000    0.0000 2279.7109   29.4352
    7.5000  -30.0000    0.0000 2250.6296   29.1176
   -7.5000  -22.5000    0.0000 2393.1731   27.1034
    0.0000  -22.5000    0.0000 2413.3401   26.2694
    7.5000  -22.5000    0.0000 2377.9333   25.9872
   -7.5000  -15.0000    0.0000 2511.1626   24.5757
    0.0000  -15.0000    0.0000 2533.7300   23.8238
    7.5000  -15.0000    0.0000 2499.3201   23.5047
   -7.5000   -7.5000    0.0000 2611.3906   22.5664
    0.0000   -7.5000    0.0000 2631.6248   21.9110
    7.5000   -7.5000    0.0000 2600.2017   21.5980
   -7.5000    0.0000    0.0000 2693.1521   21.0128
    0.0000    0.0000    0.0000 2715.6270   20.4043
    7.5000    0.0000    0.0000 2688.7134   20.1588
   -7.5000    7.5000    0.0000 2749.0046   19.8530
    0.0000    7.5000    0.0000 2772.0557   19.2542
    7.5000    7.5000    0.0000 2744.4988   19.1011
   -7.5000   15.0000    0.0000 2794.6392   19.1574
    0.0000   15.0000    0.0000 2802.7800   18.5311
    7.5000   15.0000    0.0000 2774.7363   18.4966
   -7.5000   22.5000    0.0000 2821.4475   19.2671
    0.0000   22.5000    0.0000 2822.0520   18.7426
    7.5000   22.5000    0.0000 2798.8381   18.6650
   -7.5000   30.0000    0.0000 2811.1726   19.7748
    0.0000   30.0000    0.0000 2815.1792   19.2920
    7.5000   30.0000    0.0000 2794.7688   19.2307
   -7.5000   37.5000    0.0000 2764.8555   20.5062
    0.0000   37.5000    0.0000 2772.2070   19.9987
    7.5000   37.5000    0.0000 2751.1729   20.1111
   -7.5000   45.0000    0.0000 2690.9717   21.6594
    0.0000   45.0000    0.0000 2697.2122   21.1927
    7.5000   45.0000    0.0000 2676.1179   21.3999
   -7.5000   52.5000    0.0000 2564.1387   23.2473
    0.0000   52.5000    0.0000 2571.9421   22.7991
    7.5000   52.5000    0.0000 2547.5496   22.9863
   -7.5000  -37.5000    7.5000 2138.0979   34.7505
    0.0000  -37.5000    7.5000 2141.6245   33.3639
    7.5000  -37.5000    7.5000 2128.5776   33.1062
   -7.5000  -30.0000    7.5000 2267.5288   30.3493
    0.0000  -30.0000    7.5000 2267.2024   29.1832
    7.5000  -30.0000    7.5000 2250.8066   28.9128
   -7.5000  -22.5000    7.5000 2392.2246   27.0389
    0.0000  -22.5000    7.5000 2394.0559   25.9695
    7.5000  -22.5000    7.5000 2371.0476   25.7001
   -7.5000  -15.0000    7.5000 2509.9458   24.4032
    0.0000  -15.0000    7.5000 2513.4373   23.4820
    7.5000  -15.0000    7.5000 2485.6167   23.2328
   -7.5000   -7.5000    7.5000 2621.1240   22.3748
    0.0000   -7.5000    7.5000 2622.5603   21.5209
    7.5000   -7.5000    7.5000 2595.8870   21.2576
   -7.5000    0.0000    7.5000 2722.7288   20.8181
    0.0000    0.0000    7.5000 2717.3445   19.9917
    7.5000    0.0000    7.5000 2691.4470   19.7513
   -7.5000    7.5000    7.5000 2813.7251   19.8100
    0.0000    7.5000    7.5000 2805.7839   18.9660
    7.5000    7.5000    7.5000 2772.6074   18.7632
   -7.5000   15.0000    7.5000 2870.4004   19.0598
    0.0000   15.0000    7.5000 2847.7195   18.1061
    7.5000   15.0000    7.5000 2810.2175   18.1438
   -7.5000   22.5000    7.5000 2889.4407   18.8686
    0.0000   22.5000    7.5000 2861.4368   18.0428
    7.5000   22.5000    7.5000 2829.9797   18.1501
   -7.5000   30.0000    7.5000 2863.4678   19.2007
    0.0000   30.0000    7.5000 2837.4941   18.5760
    7.5000   30.0000    7.5000 2822.3486   18.7181
   -7.5000   37.5000    7.5000 2807.9885   20.0068
    0.0000   37.5000    7.5000 2803.4165   19.4508
    7.5000   37.5000    7.5000 2787.0952   19.6453
   -7.5000   45.0000    7.5000 2725.7000   21.1998
    0.0000   45.0000    7.5000 2731.4021   20.7232
    7.5000   45.0000    7.5000 2710.6252   20.8852
   -7.5000   52.5000    7.5000 2596.4443   22.7640
    0.0000   52.5000    7.5000 2596.0361   22.3071
    7.5000   52.5000    7.5000 2576.4009   22.4694
   -7.5000  -37.5000   15.0000 2121.7517   35.3319
    0.0000  -37.5000   15.0000 2122.0896   33.8117
    7.5000  -37.5000   15.0000 2102.3767   33.3220
   -7.5000  -30.0000   15.0000 2258.1208   30.8217
    0.0000  -30.0000   15.0000 2246.8469   29.5353
    7.5000  -30.0000   15.0000 2230.4248   29.2153
   -7.5000  -22.5000   15.0000 2389.2661   27.5140
    0.0000  -22.5000   15.0000 2367.7822   26.2357
    7.5000  -22.5000   15.0000 2357.7100   26.0342
   -7.5000  -15.0000   15.0000 2513.6501   24.8831
    0.0000  -15.0000   15.0000 2478.2815   23.6969
    7.5000  -15.0000   15.0000 2472.9492   23.5033
   -7.5000   -7.5000   15.0000 2635.6677   22.7906
    0.0000   -7.5000   15.0000 2592.6006   21.7528
    7.5000   -7.5000   15.0000 2592.5684   21.4610
   -7.5000    0.0000   15.0000 2754.0686   21.2262
    0.0000    0.0000   15.0000 2706.6558   20.3074
    7.5000    0.0000   15.0000 2697.7715   19.9406
   -7.5000    7.5000   15.0000 2853.9480   20.2014
    0.0000    7.5000   15.0000 2823.2222   19.4367
    7.5000    7.5000   15.0000 2787.0498   18.8980
   -7.5000   15.0000   15.0000 2906.1794   19.2941
    0.0000   15.0000   15.0000 2890.7332   18.6160
    7.5000   15.0000   15.0000 2822.4998   18.2011
   -7.5000   22.5000   15.0000 2890.7249   18.6213
    0.0000   22.5000   15.0000 2876.3257   18.0043
    7.5000   22.5000   15.0000 2835.6868   18.0536
   -7.5000   30.0000   15.0000 2867.7544   18.8660
    0.0000   30.0000   15.0000 2852.6646   18.3886
    7.5000   30.0000   15.0000 2826.4980   18.4948
   -7.5000   37.5000   15.0000 2808.3630   19.8361
    0.0000   37.5000   15.0000 2807.6665   19.3682
    7.5000   37.5000   15.0000 2786.9480   19.4207
   -7.5000   45.0000   15.0000 2723.6145   21.1129
    0.0000   45.0000   15.0000 2729.3552   20.6603
    7.5000   45.0000   15.0000 2706.0916   20.7099
   -7.5000   52.5000   15.0000 2590.5728   22.7124
    0.0000   52.5000   15.0000 2598.0322   22.3237
    7.5000   52.5000   15.0000 2573.3108   22.3332
   -7.5000  -37.5000   22.5000 2121.5732   36.5970
    0.0000  -37.5000   22.5000 2084.6184   34.6592
    7.5000  -37.5000   22.5000 2084.4539   34.3298
   -7.5000  -30.0000   22.5000 2259.9729   31.7950
    0.0000  -30.0000   22.5000 2216.3457   30.2346
    7.5000  -30.0000   22.5000 2217.1548   29.9905
   -7.5000  -22.5000   22.5000 2397.4255   28.4429
    0.0000  -22.5000   22.5000 2351.8909   27.1057
    7.5000  -22.5000   22.5000 2341.5469   26.7525
   -7.5000  -15.0000   22.5000 2517.6467   25.8804
    0.0000  -15.0000   22.5000 2481.5388   24.7746
    7.5000  -15.0000   22.5000 2458.4858   24.2335
   -7.5000   -7.5000   22.5000 2630.8799   23.6227
    0.0000   -7.5000   22.5000 2611.1736   22.8052
    7.5000   -7.5000   22.5000 2582.4321   22.1992
   -7.5000    0.0000   22.5000 2734.8833   21.8639
    0.0000    0.0000   22.5000 2727.8567   21.2678
    7.5000    0.0000   22.5000 2684.5024   20.6065
   -7.5000    7.5000   22.5000 2830.8979   20.7076
    0.0000    7.5000   22.5000 2839.0229   20.2555
    7.5000    7.5000   22.5000 2775.0801   19.5153
   -7.5000   15.0000   22.5000 2879.3838   19.5965
    0.0000   15.0000   22.5000 2893.4929   19.3182
    7.5000   15.0000   22.5000 2828.5281   18.8973
   -7.5000   22.5000   22.5000 2911.9275   19.3505
    0.0000   22.5000   22.5000 2928.0479   19.0804
    7.5000   22.5000   22.5000 2856.8184   18.7945
   -7.5000   30.0000   22.5000 2895.9060   19.6471
    0.0000   30.0000   22.5000 2895.4265   19.3529
    7.5000   30.0000   22.5000 2834.5127   19.0923
   -7.5000   37.5000   22.5000 2819.3914   20.4014
    0.0000   37.5000   22.5000 2827.3171   20.0211
    7.5000   37.5000   22.5000 2781.9861   19.8736
   -7.5000   45.0000   22.5000 2717.4514   21.5697
    0.0000   45.0000   22.5000 2719.8538   21.1274
    7.5000   45.0000   22.5000 2694.1926   21.0487
   -7.5000   52.5000   22.5000 2584.4861   23.0703
    0.0000   52.5000   22.5000 2588.0081   22.5915
    7.5000   52.5000   22.5000 2567.7673   22.5338
   -7.5000  -37.5000   30.0000 2083.3979   38.1914
    0.0000  -37.5000   30.0000 2069.6311   36.7765
    7.5000  -37.5000   30.0000 2042.7875   35.9834
   -7.5000  -30.0000   30.0000 2230.0425   33.2346
    0.0000  -30.0000   30.0000 2218.2664   32.1111
    7.5000  -30.0000   30.0000 2193.8882   31.6115
   -7.5000  -22.5000   30.0000 2367.5876   29.6953
    0.0000  -22.5000   30.0000 2351.5918   28.6840
    7.5000  -22.5000   30.0000 2331.1328   28.3393
   -7.5000  -15.0000   30.0000 2487.3533   26.8718
    0.0000  -15.0000   30.0000 2465.6860   25.9653
    7.5000  -15.0000   30.0000 2446.4678   25.6361
   -7.5000   -7.5000   30.0000 2592.5471   24.4638
    0.0000   -7.5000   30.0000 2578.1428   23.7036
    7.5000   -7.5000   30.0000 2566.8208   23.3999
   -7.5000    0.0000   30.0000 2698.5234   22.6791
    0.0000    0.0000   30.0000 2689.6592   21.9909
    7.5000    0.0000   30.0000 2665.2019   21.5494
   -7.5000    7.5000   30.0000 2786.2261   21.2979
    0.0000    7.5000   30.0000 2779.0432   20.6707
    7.5000    7.5000   30.0000 2744.8855   20.3078
   -7.5000   15.0000   30.0000 2848.2749   20.2745
    0.0000   15.0000   30.0000 2843.6091   19.7761
    7.5000   15.0000   30.0000 2809.3220   19.6830
   -7.5000   22.5000   30.0000 2896.3303   20.2201
    0.0000   22.5000   30.0000 2895.8528   19.7188
    7.5000   22.5000   30.0000 2846.4246   19.5816
   -7.5000   30.0000   30.0000 2872.9114   20.6615
    0.0000   30.0000   30.0000 2872.9517   20.2166
    7.5000   30.0000   30.0000 2821.3887   20.0073
   -7.5000   37.5000   30.0000 2802.3022   21.4674
    0.0000   37.5000   30.0000 2799.8877   21.0135
    7.5000   37.5000   30.0000 2757.7761   20.8020
   -7.5000   45.0000   30.0000 2691.6006   22.5777
    0.0000   45.0000   30.0000 2694.6206   22.1520
    7.5000   45.0000   30.0000 2670.9121   21.9865
   -7.5000   52.5000   30.0000 2567.5278   23.9134
    0.0000   52.5000   30.0000 2564.5554   23.4325
    7.5000   52.5000   30.0000 2545.5586   23.3448
   -7.5000  -37.5000   37.5000 2031.2440   39.9123
    0.0000  -37.5000   37.5000 2025.2203   38.5236
    7.5000  -37.5000   37.5000 2014.9657   38.1592
   -7.5000  -30.0000   37.5000 2174.0879   34.6358
    0.0000  -30.0000   37.5000 2172.3359   33.5085
    7.5000  -30.0000   37.5000 2167.6658   33.4224
   -7.5000  -22.5000   37.5000 2305.4822   30.7402
    0.0000  -22.5000   37.5000 2302.0137   29.7635
    7.5000  -22.5000   37.5000 2295.3691   29.7865
   -7.5000  -15.0000   37.5000 2424.6904   27.6722
    0.0000  -15.0000   37.5000 2420.1343   26.8110
    7.5000  -15.0000   37.5000 2410.2466   26.8714
   -7.5000   -7.5000   37.5000 2543.5208   25.2701
    0.0000   -7.5000   37.5000 2534.9575   24.4945
    7.5000   -7.5000   37.5000 2529.5808   24.4980
   -7.5000    0.0000   37.5000 2647.2939   23.4114
    0.0000    0.0000   37.5000 2635.5425   22.6668
    7.5000    0.0000   37.5000 2624.7742   22.5723
   -7.5000    7.5000   37.5000 2731.0669   22.0080
    0.0000    7.5000   37.5000 2723.8098   21.3029
    7.5000    7.5000   37.5000 2702.5640   21.3896
   -7.5000   15.0000   37.5000 2798.2410   21.1812
    0.0000   15.0000   37.5000 2783.3291   20.5683
    7.5000   15.0000   37.5000 2754.5569   20.6245
   -7.5000   22.5000   37.5000 2839.3862   21.1315
    0.0000   22.5000   37.5000 2832.3860   20.5507
    7.5000   22.5000   37.5000 2791.6162   20.5113
   -7.5000   30.0000   37.5000 2812.0967   21.6069
    0.0000   30.0000   37.5000 2804.7651   21.0742
    7.5000   30.0000   37.5000 2765.2742   21.0006
   -7.5000   37.5000   37.5000 2748.8323   22.4714
    0.0000   37.5000   37.5000 2741.0657   21.9380
    7.5000   37.5000   37.5000 2708.0808   21.8334
   -7.5000   45.0000   37.5000 2640.0234   23.6143
    0.0000   45.0000   37.5000 2647.1292   23.1106
    7.5000   45.0000   37.5000 2625.4038   23.0200
   -7.5000   52.5000   37.5000 2523.4021   25.0200
    0.0000   52.5000   37.5000 2530.4551   24.5296
    7.5000   52.5000   37.5000 2507.9814   24.4574
   -7.5000  -37.5000   45.0000 1965.5359   41.3895
    0.0000  -37.5000   45.0000 1966.3271   40.1386
    7.5000  -37.5000   45.0000 1964.6694   40.0792
   -7.5000  -30.0000   45.0000 2107.2710   35.9906
    0.0000  -30.0000   45.0000 2113.0178   34.8989
    7.5000  -30.0000   45.0000 2113.4329   35.0146
   -7.5000  -22.5000   45.0000 2236.3369   31.8224
    0.0000  -22.5000   45.0000 2244.6643   30.9197
    7.5000  -22.5000   45.0000 2240.5854   31.2130
   -7.5000  -15.0000   45.0000 2359.5952   28.6730
    0.0000  -15.0000   45.0000 2367.9912   27.8711
    7.5000  -15.0000   45.0000 2362.2930   28.1192
   -7.5000   -7.5000   45.0000 2467.5454   26.1597
    0.0000   -7.5000   45.0000 2474.9871   25.4424
    7.5000   -7.5000   45.0000 2472.6055   25.7073
   -7.5000    0.0000   45.0000 2569.7407   24.2945
    0.0000    0.0000   45.0000 2572.1553   23.6208
    7.5000    0.0000   45.0000 2566.9509   23.8291
   -7.5000    7.5000   45.0000 2657.2957   23.0615
    0.0000    7.5000   45.0000 2651.8303   22.3649
    7.5000    7.5000   45.0000 2637.5320   22.6238
   -7.5000   15.0000   45.0000 2716.3152   22.3136
    0.0000   15.0000   45.0000 2700.7881   21.6950
    7.5000   15.0000   45.0000 2686.3430   21.8717
   -7.5000   22.5000   45.0000 2744.6609   22.2094
    0.0000   22.5000   45.0000 2733.8928   21.6122
    7.5000   22.5000   45.0000 2706.3760   21.6577
   -7.5000   30.0000   45.0000 2722.4768   22.7386
    0.0000   30.0000   45.0000 2707.9792   22.1504
    7.5000   30.0000   45.0000 2680.8086   22.1712
   -7.5000   37.5000   45.0000 2667.8103   23.5548
    0.0000   37.5000   45.0000 2655.1060   23.0064
    7.5000   37.5000   45.0000 2632.3022   23.0708
   -7.5000   45.0000   45.0000 2580.4199   24.7615
    0.0000   45.0000   45.0000 2580.5200   24.2108
    7.5000   45.0000   45.0000 2553.1370   24.2579
   -7.5000   52.5000   45.0000 2454.7036   26.1991
    0.0000   52.5000   45.0000 2463.2126   25.7362
    7.5000   52.5000   45.0000 2436.9678   25.7307
   -7.5000  -37.5000   52.5000 1900.8464   43.2397
    0.0000  -37.5000   52.5000 1918.1942   42.2000
    7.5000  -37.5000   52.5000 1915.6503   42.2746
   -7.5000  -30.0000   52.5000 2037.5802   37.4887
    0.0000  -30.0000   52.5000 2056.8223   36.6574
    7.5000  -30.0000   52.5000 2064.3828   37.0575
   -7.5000  -22.5000   52.5000 2171.6238   33.1927
    0.0000  -22.5000   52.5000 2190.7612   32.5230
    7.5000  -22.5000   52.5000 2191.0767   32.9777
   -7.5000  -15.0000   52.5000 2294.4219   29.9756
    0.0000  -15.0000   52.5000 2309.2727   29.2941
    7.5000  -15.0000   52.5000 2303.0464   29.6898
   -7.5000   -7.5000   52.5000 2402.6824   27.4250
    0.0000   -7.5000   52.5000 2418.5906   26.8418
    7.5000   -7.5000   52.5000 2411.5129   27.1613
   -7.5000    0.0000   52.5000 2503.9250   25.5714
    0.0000    0.0000   52.5000 2513.8218   24.9843
    7.5000    0.0000   52.5000 2504.1375   25.3461
   -7.5000    7.5000   52.5000 2577.8311   24.3314
    0.0000    7.5000   52.5000 2581.2830   23.7949
    7.5000    7.5000   52.5000 2569.6953   24.1094
   -7.5000   15.0000   52.5000 2625.5205   23.6402
    0.0000   15.0000   52.5000 2622.8533   23.0949
    7.5000   15.0000   52.5000 2605.8220   23.3483
   -7.5000   22.5000   52.5000 2641.0425   23.5860
    0.0000   22.5000   52.5000 2642.8892   23.0491
    7.5000   22.5000   52.5000 2618.7922   23.1735
   -7.5000   30.0000   52.5000 2620.4875   24.1267
    0.0000   30.0000   52.5000 2613.7456   23.5902
    7.5000   30.0000   52.5000 2596.5398   23.6598
   -7.5000   37.5000   52.5000 2584.5540   24.9138
    0.0000   37.5000   52.5000 2573.9114   24.4504
    7.5000   37.5000   52.5000 2552.9922   24.5410
   -7.5000   45.0000   52.5000 2508.9626   26.0934
    0.0000   45.0000   52.5000 2502.1382   25.5819
    7.5000   45.0000   52.5000 2479.0325   25.7053
   -7.5000   52.5000   52.5000 2380.7319   27.5407
    0.0000   52.5000   52.5000 2383.3865   27.0657
    7.5000   52.5000   52.5000 2363.7070   27.1491

---------------------------------------------------------------------
imgreg_4dfp /opt/freesurfer/average/711-2C_as_mni_average_305 /opt/freesurfer/average/711-2B_as_mni_average_305_mask talsrcimg_g11 none talsrcimg_to_711-2C_as_mni_average_305_t4 1283
---------------------------------------------------------------------

freesurfer imgreg_4dfp.c
/opt/freesurfer/average/711-2C_as_mni_average_305.4dfp.img
       256       256       256         1
  1.000000  1.000000  1.000000
orientation T byte_order littleendian
Reading image: /opt/freesurfer/average/711-2C_as_mni_average_305.4dfp.img
dimensions:      256       256       256
mmppix:       1.0000   -1.0000   -1.0000
center:     128.0000 -129.0000 -129.0000
/opt/freesurfer/average/711-2B_as_mni_average_305_mask.4dfp.img
       256       256       256         1
  1.000000  1.000000  1.000000
orientation T byte_order littleendian
Reading mask: /opt/freesurfer/average/711-2B_as_mni_average_305_mask.4dfp.img (2306576 pixels)
talsrcimg_g11.4dfp.img
       256       256       256         1
  1.000000  1.000000  1.000000
orientation T byte_order littleendian
Reading image: talsrcimg_g11.4dfp.img
dimensions:      256       256       256
mmppix:       1.0000   -1.0000   -1.0000
center:     128.0000 -129.0000 -129.0000
rotation matrix determinant  1.000000
fimgreg.f
image alignment mode   1283 decimal      503 hex
parameters
    0.0000   22.5000   22.5000    0.0000    0.0000    0.0000
eta,q 0.91689 19.05426
niter,ni,del,rscale     5    3   12.0000    1.2000
parameter  4  1.034668 ->  0.500000 qaram    1.1500
parameter  5 -0.807220 -> -0.500000 qaram    1.1500
parameters
   -1.8655   22.9077   22.2875   -3.4500    3.4500   -1.2411
eta,q 0.92175 18.92359
  0.0872  0.0872  0.0900  0.0805  0.0902  0.0805
  0.0824  0.0844  0.0884  0.0810  0.0868  0.0790
  0.0812  0.0824  0.0834  0.0812  0.0836  0.0783
  0.0820  0.0810  0.0815  0.0814  0.0810  0.0784
  0.0864  0.0826  0.0839  0.0814  0.0789  0.0793
  0.0930  0.0841  0.0870  0.0819  0.0784  0.0812
  0.0974  0.0853  0.0927  0.0832  0.0790  0.0827
niter,ni,del,rscale     6    3   12.0000    1.2000
parameters
   -3.4204   24.9907   21.8336   -6.4616    5.9957   -1.0202
eta,q 0.92673 19.15367
  0.0850  0.0874  0.0923  0.0771  0.0853  0.0770
  0.0797  0.0849  0.0835  0.0744  0.0813  0.0757
  0.0772  0.0815  0.0746  0.0748  0.0779  0.0747
  0.0782  0.0771  0.0772  0.0758  0.0746  0.0734
  0.0824  0.0771  0.0822  0.0774  0.0734  0.0733
  0.0896  0.0793  0.0876  0.0789  0.0741  0.0750
  0.0974  0.0802  0.0950  0.0787  0.0770  0.0772
niter,ni,del,rscale     5    3   12.0000    1.2000
parameters
   -4.4235   25.7003   21.2907   -5.6671    6.5011   -0.8154
eta,q 0.92645 19.24275
  0.0833  0.0899  0.0876  0.0819  0.0835  0.0761
  0.0772  0.0822  0.0789  0.0757  0.0789  0.0756
  0.0737  0.0743  0.0724  0.0728  0.0755  0.0748
  0.0733  0.0730  0.0745  0.0733  0.0738  0.0736
  0.0770  0.0776  0.0790  0.0742  0.0739  0.0733
  0.0838  0.0797  0.0838  0.0748  0.0768  0.0746
  0.0929  0.0818  0.0904  0.0773  0.0815  0.0768
niter,ni,del,rscale     4    3   12.0000    1.2000
parameters
   -4.7516   25.5511   21.2046   -5.6280    6.6758   -0.8115
eta,q 0.92689 19.24763
  0.0855  0.0843  0.0894  0.0797  0.0825  0.0756
  0.0797  0.0779  0.0821  0.0737  0.0779  0.0751
  0.0754  0.0723  0.0735  0.0720  0.0747  0.0742
  0.0735  0.0736  0.0733  0.0731  0.0731  0.0731
  0.0754  0.0774  0.0778  0.0739  0.0738  0.0729
  0.0808  0.0796  0.0822  0.0753  0.0771  0.0743
  0.0896  0.0831  0.0893  0.0778  0.0819  0.0765
niter,ni,del,rscale     3    3   12.0000    1.2000
parameters
   -4.7958   25.5258   21.1753   -5.6429    6.6973   -0.8204
eta,q 0.92700 19.24650
  0.0864  0.0845  0.0895  0.0796  0.0820  0.0754
  0.0805  0.0784  0.0824  0.0736  0.0776  0.0750
  0.0756  0.0726  0.0737  0.0719  0.0744  0.0741
  0.0731  0.0731  0.0731  0.0730  0.0730  0.0730
  0.0745  0.0770  0.0775  0.0738  0.0739  0.0728
  0.0795  0.0792  0.0819  0.0753  0.0774  0.0742
  0.0880  0.0828  0.0890  0.0778  0.0821  0.0764
registration optimization eta report
parameter search radius
    6.0000    6.0000    6.0000    6.9000    6.9000    6.0000
100000*second partial in parameter space
       39.       28.       44.       13.       19.        8.
  0.0864  0.0845  0.0895  0.0796  0.0820  0.0754
  0.0805  0.0784  0.0824  0.0736  0.0776  0.0750
  0.0756  0.0726  0.0737  0.0719  0.0744  0.0741
  0.0731  0.0731  0.0731  0.0730  0.0730  0.0730
  0.0745  0.0770  0.0775  0.0738  0.0739  0.0728
  0.0795  0.0792  0.0819  0.0753  0.0774  0.0742
  0.0880  0.0828  0.0890  0.0778  0.0821  0.0764
   -4.7958   25.5258   21.1753   -5.6429    6.6973   -0.8204
eta,q 0.92700 19.24650

---------------------------------------------------------------------
imgreg_4dfp /opt/freesurfer/average/711-2C_as_mni_average_305 /opt/freesurfer/average/711-2B_as_mni_average_305_mask talsrcimg_g11 none talsrcimg_to_711-2C_as_mni_average_305_t4 3335
---------------------------------------------------------------------

freesurfer imgreg_4dfp.c
/opt/freesurfer/average/711-2C_as_mni_average_305.4dfp.img
       256       256       256         1
  1.000000  1.000000  1.000000
orientation T byte_order littleendian
Reading image: /opt/freesurfer/average/711-2C_as_mni_average_305.4dfp.img
dimensions:      256       256       256
mmppix:       1.0000   -1.0000   -1.0000
center:     128.0000 -129.0000 -129.0000
/opt/freesurfer/average/711-2B_as_mni_average_305_mask.4dfp.img
       256       256       256         1
  1.000000  1.000000  1.000000
orientation T byte_order littleendian
Reading mask: /opt/freesurfer/average/711-2B_as_mni_average_305_mask.4dfp.img (2306576 pixels)
talsrcimg_g11.4dfp.img
       256       256       256         1
  1.000000  1.000000  1.000000
orientation T byte_order littleendian
Reading image: talsrcimg_g11.4dfp.img
dimensions:      256       256       256
mmppix:       1.0000   -1.0000   -1.0000
center:     128.0000 -129.0000 -129.0000
fimgreg.f
image alignment mode   3335 decimal      D07 hex
parameters
   -4.7958   25.5258   21.1753   -0.6926   -0.5112   -1.1637
    2.5716  -11.4640   -1.4221    9.9980   11.6625   -9.7657
eta,q 0.92418 19.09455
niter,ni,del,rscale     5    3    5.0000    1.2000
parameter  4  1.407916 ->  0.500000 qaram    1.1500
parameter  5  1.939081 ->  0.500000 qaram    1.1500
parameter 10 -0.892446 -> -0.500000 qaram    1.1500
parameter 11  7.308329 ->  0.500000 qaram    1.1500
parameter 12 -9.543060 -> -0.500000 qaram    1.1500
parameters
   -5.2370   25.7886   20.1908   -4.8326   -4.6512   -3.4488
   -0.6205  -12.9844   -3.4695   14.1380    7.5225   -5.6257
eta,q 0.93487 18.79720
  0.0772  0.0777  0.0761  0.0700  0.0664  0.0692  0.0701  0.0713  0.0698  0.0738  0.0666  0.0705
  0.0763  0.0768  0.0758  0.0713  0.0684  0.0696  0.0697  0.0693  0.0694  0.0718  0.0669  0.0694
  0.0759  0.0761  0.0756  0.0731  0.0698  0.0699  0.0696  0.0692  0.0692  0.0703  0.0674  0.0682
  0.0758  0.0758  0.0758  0.0756  0.0717  0.0688  0.0699  0.0696  0.0693  0.0692  0.0679  0.0670
  0.0763  0.0759  0.0764  0.0791  0.0744  0.0681  0.0705  0.0702  0.0697  0.0683  0.0684  0.0659
  0.0773  0.0763  0.0773  0.0832  0.0774  0.0721  0.0713  0.0715  0.0703  0.0678  0.0688  0.0649
  0.0789  0.0770  0.0783  0.0877  0.0808  0.0783  0.0724  0.0731  0.0712  0.0679  0.0693  0.0639
niter,ni,del,rscale     7    3    5.0000    1.2000
parameter  3-12.209856 ->  0.500000 qaram    1.1500
parameter  4  0.702340 ->  0.500000 qaram    1.3225
parameter  5  2.309127 ->  0.500000 qaram    1.3225
parameter 10  0.762744 ->  0.500000 qaram    1.3225
parameter 11  1.283365 ->  0.500000 qaram    1.3225
parameter 12 -3.236053 ->  0.500000 qaram    1.3225
parameters
   -4.7411   25.9390   18.8108   -9.5936   -9.4122   -6.6031
   -0.8768  -13.1678   -3.3768    9.3770    2.7615  -10.3867
eta,q 0.94331 18.09570
  0.0681  0.0665  0.0613  0.0603  0.0563  0.0573  0.0601  0.0612  0.0598  0.0579  0.0570  0.0564
  0.0668  0.0657  0.0622  0.0605  0.0576  0.0585  0.0593  0.0592  0.0592  0.0578  0.0572  0.0566
  0.0658  0.0651  0.0635  0.0610  0.0590  0.0585  0.0588  0.0586  0.0588  0.0580  0.0574  0.0569
  0.0651  0.0650  0.0650  0.0625  0.0606  0.0580  0.0586  0.0586  0.0586  0.0586  0.0578  0.0572
  0.0650  0.0651  0.0663  0.0656  0.0623  0.0578  0.0588  0.0590  0.0587  0.0594  0.0582  0.0575
  0.0654  0.0655  0.0674  0.0704  0.0644  0.0581  0.0594  0.0598  0.0591  0.0605  0.0588  0.0576
  0.0665  0.0661  0.0683  0.0758  0.0671  0.0613  0.0603  0.0611  0.0598  0.0620  0.0595  0.0578
niter,ni,del,rscale     7    3    5.0000    1.2000
parameter  2  3.162004 ->  0.500000 qaram    1.1500
parameter  3-24.013651 ->  0.500000 qaram    1.3225
parameter  5  1.738636 ->  0.500000 qaram    1.5209
parameter  6  1.286900 ->  0.500000 qaram    1.1500
parameter  8 -0.550238 -> -0.500000 qaram    1.1500
parameter 11 -0.580923 -> -0.500000 qaram    1.5209
parameters
   -3.7044   24.5590   17.2238  -14.0103  -14.8873  -10.7431
    2.5059   -9.0278   -0.5917    5.7975    8.2367  -10.6827
eta,q 0.96581 18.01769
  0.0602  0.0516  0.0437  0.0477  0.0407  0.0364  0.0421  0.0426  0.0387  0.0370  0.0371  0.0362
  0.0587  0.0528  0.0469  0.0473  0.0410  0.0369  0.0400  0.0401  0.0374  0.0353  0.0360  0.0352
  0.0575  0.0544  0.0502  0.0474  0.0431  0.0388  0.0384  0.0383  0.0364  0.0346  0.0352  0.0345
  0.0567  0.0563  0.0532  0.0478  0.0473  0.0413  0.0373  0.0368  0.0357  0.0355  0.0346  0.0342
  0.0563  0.0584  0.0562  0.0496  0.0525  0.0429  0.0368  0.0359  0.0355  0.0378  0.0343  0.0343
  0.0564  0.0606  0.0592  0.0541  0.0566  0.0448  0.0369  0.0358  0.0356  0.0413  0.0342  0.0351
  0.0570  0.0628  0.0624  0.0601  0.0602  0.0505  0.0375  0.0365  0.0362  0.0458  0.0344  0.0367
niter,ni,del,rscale     7    3    5.0000    1.2000
parameter  3  1.100109 ->  0.500000 qaram    1.5209
parameter  4 -0.523299 -> -0.500000 qaram    1.5209
parameters
   -3.7130   23.8532   15.3987   -8.5351  -17.3186  -11.2182
    2.7853  -10.3666   -0.6977    8.0957    8.7481   -8.0461
eta,q 0.96914 18.20125
  0.0368  0.0360  0.0304  0.0353  0.0356  0.0351  0.0340  0.0346  0.0331  0.0372  0.0327  0.0326
  0.0354  0.0347  0.0312  0.0336  0.0335  0.0337  0.0328  0.0325  0.0322  0.0346  0.0319  0.0320
  0.0345  0.0341  0.0324  0.0323  0.0319  0.0324  0.0319  0.0316  0.0317  0.0327  0.0314  0.0315
  0.0342  0.0342  0.0340  0.0315  0.0309  0.0314  0.0316  0.0315  0.0314  0.0314  0.0311  0.0311
  0.0345  0.0352  0.0365  0.0310  0.0327  0.0316  0.0317  0.0327  0.0316  0.0311  0.0312  0.0308
  0.0354  0.0372  0.0399  0.0309  0.0384  0.0338  0.0324  0.0347  0.0322  0.0318  0.0317  0.0310
  0.0368  0.0402  0.0438  0.0314  0.0444  0.0369  0.0338  0.0371  0.0333  0.0337  0.0325  0.0316
niter,ni,del,rscale     7    3    5.0000    1.2000
parameter  3  0.669733 ->  0.500000 qaram    1.7490
parameters
   -3.4513   23.9201   13.2999  -10.2482  -17.1828   -9.9849
    2.1873  -10.1892   -0.1183    8.9671   10.1165  -10.1616
eta,q 0.97099 18.09628
  0.0340  0.0339  0.0295  0.0320  0.0357  0.0340  0.0310  0.0349  0.0308  0.0340  0.0302  0.0296
  0.0324  0.0322  0.0295  0.0305  0.0333  0.0324  0.0299  0.0308  0.0300  0.0317  0.0296  0.0292
  0.0314  0.0312  0.0299  0.0298  0.0312  0.0310  0.0293  0.0294  0.0294  0.0300  0.0293  0.0290
  0.0309  0.0308  0.0308  0.0296  0.0297  0.0296  0.0292  0.0292  0.0292  0.0291  0.0291  0.0290
  0.0309  0.0311  0.0325  0.0295  0.0289  0.0288  0.0295  0.0298  0.0292  0.0292  0.0290  0.0292
  0.0316  0.0320  0.0352  0.0311  0.0313  0.0290  0.0304  0.0314  0.0296  0.0304  0.0292  0.0298
  0.0329  0.0337  0.0389  0.0364  0.0372  0.0332  0.0317  0.0337  0.0304  0.0327  0.0298  0.0309
niter,ni,del,rscale     7    3    5.0000    1.2000
parameters
   -3.1903   24.1510   11.6616  -10.3571  -17.1301  -10.8455
    2.2720   -9.8002    0.2059   11.0297   12.2186  -11.7842
eta,q 0.97134 18.09292
  0.0322  0.0320  0.0295  0.0323  0.0345  0.0326  0.0311  0.0351  0.0303  0.0335  0.0300  0.0292
  0.0306  0.0304  0.0288  0.0303  0.0322  0.0311  0.0299  0.0306  0.0296  0.0313  0.0294  0.0288
  0.0295  0.0294  0.0285  0.0291  0.0302  0.0298  0.0292  0.0291  0.0292  0.0297  0.0290  0.0287
  0.0290  0.0290  0.0289  0.0285  0.0286  0.0285  0.0289  0.0289  0.0289  0.0289  0.0288  0.0287
  0.0291  0.0291  0.0301  0.0283  0.0277  0.0276  0.0291  0.0295  0.0290  0.0288  0.0287  0.0288
  0.0298  0.0298  0.0323  0.0289  0.0302  0.0298  0.0298  0.0310  0.0293  0.0293  0.0288  0.0291
  0.0311  0.0311  0.0359  0.0338  0.0364  0.0394  0.0310  0.0332  0.0301  0.0307  0.0294  0.0297
niter,ni,del,rscale     6    3    5.0000    1.2000
parameters
   -3.0202   24.6885   10.9473  -10.1632  -17.7199  -11.4396
    2.4178   -9.9412   -0.5891   12.6374   12.4002  -11.3586
eta,q 0.97107 18.03632
  0.0316  0.0318  0.0305  0.0325  0.0339  0.0327  0.0311  0.0338  0.0299  0.0323  0.0300  0.0297
  0.0301  0.0302  0.0294  0.0305  0.0318  0.0312  0.0300  0.0302  0.0294  0.0307  0.0294  0.0293
  0.0291  0.0292  0.0288  0.0292  0.0300  0.0300  0.0293  0.0291  0.0291  0.0296  0.0291  0.0290
  0.0287  0.0286  0.0286  0.0286  0.0286  0.0288  0.0290  0.0290  0.0290  0.0290  0.0289  0.0289
  0.0288  0.0286  0.0291  0.0282  0.0281  0.0277  0.0292  0.0296  0.0292  0.0290  0.0289  0.0290
  0.0295  0.0290  0.0306  0.0288  0.0311  0.0293  0.0299  0.0311  0.0296  0.0294  0.0292  0.0292
  0.0309  0.0300  0.0329  0.0334  0.0374  0.0378  0.0310  0.0335  0.0305  0.0307  0.0301  0.0296
niter,ni,del,rscale     5    3    5.0000    1.2000
parameters
   -2.9782   25.3122   10.4820  -10.1028  -18.6887  -11.9349
    2.6133   -9.8706   -0.7574   14.6105   12.4357  -10.4414
eta,q 0.97091 17.94794
  0.0314  0.0319  0.0309  0.0326  0.0336  0.0325  0.0312  0.0339  0.0305  0.0324  0.0302  0.0301
  0.0301  0.0305  0.0298  0.0307  0.0316  0.0312  0.0302  0.0304  0.0299  0.0311  0.0296  0.0296
  0.0292  0.0295  0.0291  0.0295  0.0300  0.0301  0.0296  0.0294  0.0295  0.0300  0.0292  0.0293
  0.0289  0.0289  0.0288  0.0288  0.0288  0.0291  0.0293  0.0293  0.0293  0.0293  0.0291  0.0291
  0.0292  0.0288  0.0291  0.0285  0.0286  0.0280  0.0294  0.0298  0.0294  0.0291  0.0291  0.0291
  0.0299  0.0291  0.0303  0.0291  0.0318  0.0292  0.0301  0.0310  0.0299  0.0294  0.0294  0.0293
  0.0312  0.0301  0.0325  0.0338  0.0378  0.0368  0.0311  0.0332  0.0307  0.0308  0.0303  0.0298
niter,ni,del,rscale     4    3    5.0000    1.2000
parameters
   -2.9443   25.9163    9.9561  -10.0969  -19.8707  -12.5869
    2.5545   -9.7292   -0.8364   16.3151   12.2464  -10.1094
eta,q 0.97073 17.83609
  0.0314  0.0322  0.0309  0.0327  0.0335  0.0321  0.0311  0.0336  0.0309  0.0329  0.0303  0.0303
  0.0301  0.0308  0.0298  0.0308  0.0315  0.0309  0.0302  0.0305  0.0302  0.0315  0.0297  0.0298
  0.0294  0.0297  0.0292  0.0296  0.0300  0.0300  0.0297  0.0296  0.0297  0.0303  0.0294  0.0294
  0.0291  0.0291  0.0289  0.0290  0.0290  0.0293  0.0295  0.0295  0.0295  0.0295  0.0293  0.0293
  0.0293  0.0289  0.0292  0.0287  0.0290  0.0282  0.0296  0.0298  0.0296  0.0292  0.0293  0.0293
  0.0300  0.0293  0.0305  0.0293  0.0322  0.0295  0.0303  0.0309  0.0301  0.0297  0.0296  0.0296
  0.0313  0.0304  0.0328  0.0339  0.0381  0.0362  0.0312  0.0329  0.0311  0.0314  0.0305  0.0302
niter,ni,del,rscale     3    3    5.0000    1.2000
parameters
   -2.8636   26.3998    9.6243  -10.0310  -20.8524  -13.1007
    2.4008   -9.4964   -0.8472   17.3414   11.9447  -10.1709
eta,q 0.97054 17.75091
  0.0316  0.0324  0.0313  0.0328  0.0338  0.0319  0.0311  0.0336  0.0311  0.0331  0.0305  0.0305
  0.0303  0.0309  0.0301  0.0310  0.0318  0.0308  0.0303  0.0306  0.0303  0.0316  0.0299  0.0299
  0.0295  0.0298  0.0295  0.0297  0.0302  0.0300  0.0297  0.0297  0.0298  0.0303  0.0295  0.0296
  0.0293  0.0293  0.0292  0.0292  0.0292  0.0294  0.0296  0.0296  0.0296  0.0296  0.0295  0.0295
  0.0295  0.0292  0.0293  0.0290  0.0291  0.0284  0.0297  0.0299  0.0297  0.0294  0.0296  0.0295
  0.0301  0.0297  0.0304  0.0295  0.0321  0.0293  0.0304  0.0309  0.0302  0.0302  0.0299  0.0299
  0.0313  0.0308  0.0326  0.0338  0.0377  0.0352  0.0313  0.0327  0.0312  0.0322  0.0307  0.0306
niter,ni,del,rscale     2    3    5.0000    1.2000
parameters
   -2.7688   26.6953    9.4722   -9.9429  -21.4708  -13.3798
    2.1981   -9.2808   -0.7878   17.8953   11.6848  -10.2790
eta,q 0.97041 17.70400
  0.0317  0.0323  0.0317  0.0329  0.0341  0.0320  0.0312  0.0337  0.0312  0.0332  0.0307  0.0306
  0.0305  0.0308  0.0305  0.0311  0.0321  0.0309  0.0303  0.0307  0.0304  0.0315  0.0300  0.0301
  0.0297  0.0299  0.0298  0.0299  0.0305  0.0301  0.0298  0.0298  0.0299  0.0303  0.0297  0.0297
  0.0295  0.0295  0.0294  0.0294  0.0294  0.0296  0.0296  0.0296  0.0296  0.0296  0.0296  0.0296
  0.0296  0.0295  0.0295  0.0293  0.0292  0.0287  0.0298  0.0299  0.0298  0.0296  0.0297  0.0297
  0.0303  0.0301  0.0303  0.0297  0.0317  0.0292  0.0305  0.0309  0.0303  0.0305  0.0300  0.0300
  0.0314  0.0313  0.0324  0.0338  0.0370  0.0344  0.0314  0.0328  0.0313  0.0328  0.0308  0.0307
niter,ni,del,rscale     1    3    5.0000    1.2000
parameters
   -2.6812   26.8633    9.3954   -9.9011  -21.8002  -13.5307
    2.0169   -9.1167   -0.7334   18.2065   11.5387  -10.3557
eta,q 0.97033 17.67986
  0.0318  0.0321  0.0318  0.0330  0.0343  0.0320  0.0313  0.0337  0.0313  0.0332  0.0308  0.0307
  0.0306  0.0308  0.0307  0.0312  0.0324  0.0309  0.0304  0.0307  0.0305  0.0315  0.0301  0.0301
  0.0299  0.0299  0.0299  0.0300  0.0307  0.0302  0.0299  0.0298  0.0299  0.0303  0.0297  0.0298
  0.0296  0.0296  0.0296  0.0296  0.0296  0.0297  0.0297  0.0297  0.0297  0.0297  0.0297  0.0297
  0.0298  0.0297  0.0296  0.0295  0.0292  0.0288  0.0299  0.0300  0.0298  0.0297  0.0298  0.0298
  0.0304  0.0304  0.0304  0.0299  0.0315  0.0291  0.0305  0.0310  0.0304  0.0307  0.0301  0.0301
  0.0315  0.0316  0.0324  0.0340  0.0366  0.0341  0.0315  0.0329  0.0313  0.0332  0.0309  0.0308
registration optimization eta report
parameter search radius
    2.4000    2.7600    4.1976   10.9503   10.9503    8.2800
    7.2000    8.2800    7.2000    9.5220   10.9503    9.5220
100000*second partial in parameter space
       36.       30.       15.        3.        5.        5.
        3.        5.        3.        4.        1.        1.
  0.0318  0.0321  0.0318  0.0330  0.0343  0.0320  0.0313  0.0337  0.0313  0.0332  0.0308  0.0307
  0.0306  0.0308  0.0307  0.0312  0.0324  0.0309  0.0304  0.0307  0.0305  0.0315  0.0301  0.0301
  0.0299  0.0299  0.0299  0.0300  0.0307  0.0302  0.0299  0.0298  0.0299  0.0303  0.0297  0.0298
  0.0296  0.0296  0.0296  0.0296  0.0296  0.0297  0.0297  0.0297  0.0297  0.0297  0.0297  0.0297
  0.0298  0.0297  0.0296  0.0295  0.0292  0.0288  0.0299  0.0300  0.0298  0.0297  0.0298  0.0298
  0.0304  0.0304  0.0304  0.0299  0.0315  0.0291  0.0305  0.0310  0.0304  0.0307  0.0301  0.0301
  0.0315  0.0316  0.0324  0.0340  0.0366  0.0341  0.0315  0.0329  0.0313  0.0332  0.0309  0.0308
   -2.6812   26.8633    9.3954   -9.9011  -21.8002  -13.5307
    2.0169   -9.1167   -0.7334   18.2065   11.5387  -10.3557
eta,q 0.97033 17.67986

---------------------------------------------------------------------
imgreg_4dfp /opt/freesurfer/average/711-2C_as_mni_average_305 /opt/freesurfer/average/711-2B_as_mni_average_305_mask talsrcimg_g11 none talsrcimg_to_711-2C_as_mni_average_305_t4 2311
---------------------------------------------------------------------

freesurfer imgreg_4dfp.c
/opt/freesurfer/average/711-2C_as_mni_average_305.4dfp.img
       256       256       256         1
  1.000000  1.000000  1.000000
orientation T byte_order littleendian
Reading image: /opt/freesurfer/average/711-2C_as_mni_average_305.4dfp.img
dimensions:      256       256       256
mmppix:       1.0000   -1.0000   -1.0000
center:     128.0000 -129.0000 -129.0000
/opt/freesurfer/average/711-2B_as_mni_average_305_mask.4dfp.img
       256       256       256         1
  1.000000  1.000000  1.000000
orientation T byte_order littleendian
Reading mask: /opt/freesurfer/average/711-2B_as_mni_average_305_mask.4dfp.img (2306576 pixels)
talsrcimg_g11.4dfp.img
       256       256       256         1
  1.000000  1.000000  1.000000
orientation T byte_order littleendian
Reading image: talsrcimg_g11.4dfp.img
dimensions:      256       256       256
mmppix:       1.0000   -1.0000   -1.0000
center:     128.0000 -129.0000 -129.0000
fimgreg.f
image alignment mode   2311 decimal      907 hex
parameters
   -2.6812   26.8633    9.3954   -9.9011  -21.8002  -13.5307
    2.0169   -9.1167   -0.7334   18.2065   11.5387  -10.3557
eta,q 0.97033 17.67986
niter,ni,del,rscale     5    3    5.0000    0.8000
parameter  4 -0.689522 -> -0.500000 qaram    1.1500
parameter  6 -1.011950 -> -0.500000 qaram    1.1500
parameters
   -2.6392   26.9441    9.9195   -7.1411  -19.6835  -10.7707
    1.4103   -9.4227   -1.1898   16.9103   11.8332  -12.3336
eta,q 0.97174 18.14057
  0.0306  0.0305  0.0301  0.0303  0.0313  0.0307  0.0291  0.0305  0.0291  0.0291  0.0289  0.0284
  0.0301  0.0301  0.0299  0.0300  0.0306  0.0302  0.0287  0.0289  0.0287  0.0286  0.0286  0.0283
  0.0298  0.0298  0.0298  0.0297  0.0300  0.0297  0.0285  0.0284  0.0284  0.0284  0.0284  0.0283
  0.0297  0.0297  0.0297  0.0296  0.0296  0.0292  0.0284  0.0284  0.0284  0.0284  0.0283  0.0283
  0.0298  0.0297  0.0296  0.0296  0.0293  0.0287  0.0286  0.0288  0.0285  0.0288  0.0283  0.0285
  0.0301  0.0300  0.0297  0.0296  0.0293  0.0284  0.0290  0.0296  0.0289  0.0298  0.0285  0.0288
  0.0305  0.0304  0.0298  0.0295  0.0298  0.0288  0.0297  0.0308  0.0295  0.0312  0.0288  0.0292
niter,ni,del,rscale     6    3    5.0000    0.9000
parameters
   -2.5066   26.4213    9.6910   -8.4319  -18.5261  -11.7482
    1.8636   -9.4023   -0.8384   17.0351   12.5753  -12.0774
eta,q 0.97155 18.10137
  0.0298  0.0287  0.0288  0.0291  0.0301  0.0303  0.0298  0.0306  0.0296  0.0297  0.0289  0.0289
  0.0290  0.0283  0.0284  0.0287  0.0294  0.0296  0.0292  0.0290  0.0291  0.0291  0.0287  0.0287
  0.0285  0.0282  0.0282  0.0284  0.0288  0.0290  0.0287  0.0285  0.0287  0.0287  0.0286  0.0285
  0.0283  0.0282  0.0282  0.0282  0.0283  0.0281  0.0285  0.0285  0.0285  0.0285  0.0285  0.0285
  0.0283  0.0286  0.0283  0.0282  0.0280  0.0275  0.0286  0.0287  0.0285  0.0285  0.0284  0.0285
  0.0287  0.0292  0.0287  0.0293  0.0282  0.0299  0.0289  0.0293  0.0288  0.0289  0.0285  0.0286
  0.0295  0.0302  0.0292  0.0319  0.0293  0.0356  0.0295  0.0303  0.0294  0.0297  0.0288  0.0288
niter,ni,del,rscale     5    3    5.0000    0.8000
parameters
   -2.5725   26.4199    9.7173   -7.7967  -18.7661  -11.4585
    1.8418   -9.6727   -1.0466   17.1070   12.7287  -11.9706
eta,q 0.97172 18.14772
  0.0294  0.0294  0.0289  0.0294  0.0297  0.0304  0.0292  0.0299  0.0290  0.0293  0.0287  0.0286
  0.0288  0.0289  0.0287  0.0289  0.0292  0.0298  0.0287  0.0287  0.0286  0.0288  0.0285  0.0285
  0.0285  0.0286  0.0285  0.0287  0.0287  0.0292  0.0284  0.0283  0.0284  0.0285  0.0284  0.0283
  0.0285  0.0285  0.0285  0.0285  0.0284  0.0284  0.0283  0.0283  0.0283  0.0283  0.0283  0.0283
  0.0286  0.0285  0.0285  0.0283  0.0284  0.0277  0.0284  0.0285  0.0284  0.0283  0.0283  0.0283
  0.0289  0.0289  0.0286  0.0284  0.0290  0.0280  0.0287  0.0291  0.0287  0.0286  0.0284  0.0284
  0.0295  0.0295  0.0289  0.0292  0.0304  0.0312  0.0292  0.0301  0.0292  0.0294  0.0287  0.0286
niter,ni,del,rscale     4    3    5.0000    0.7000
parameters
   -2.5560   26.4088    9.6796   -7.6933  -18.5338  -11.0411
    1.8577   -9.7681   -1.1807   16.9950   12.7396  -12.3688
eta,q 0.97195 18.19024
  0.0290  0.0290  0.0286  0.0290  0.0294  0.0300  0.0288  0.0295  0.0286  0.0289  0.0284  0.0283
  0.0286  0.0286  0.0285  0.0287  0.0290  0.0295  0.0284  0.0285  0.0283  0.0285  0.0282  0.0282
  0.0284  0.0284  0.0283  0.0285  0.0286  0.0289  0.0281  0.0281  0.0281  0.0282  0.0281  0.0281
  0.0283  0.0283  0.0283  0.0283  0.0283  0.0282  0.0280  0.0281  0.0280  0.0280  0.0280  0.0280
  0.0283  0.0284  0.0283  0.0282  0.0282  0.0276  0.0281  0.0282  0.0281  0.0281  0.0281  0.0281
  0.0286  0.0286  0.0285  0.0283  0.0285  0.0279  0.0284  0.0287  0.0283  0.0284  0.0282  0.0282
  0.0290  0.0291  0.0287  0.0292  0.0294  0.0304  0.0288  0.0295  0.0288  0.0291  0.0284  0.0284
niter,ni,del,rscale     3    3    5.0000    0.6000
parameters
   -2.5538   26.3509    9.6496   -7.5383  -18.1166  -10.5852
    1.8680   -9.8641   -1.3106   16.8000   12.7241  -12.9223
eta,q 0.97223 18.25287
  0.0286  0.0285  0.0284  0.0287  0.0290  0.0297  0.0283  0.0291  0.0282  0.0284  0.0281  0.0279
  0.0283  0.0283  0.0282  0.0284  0.0286  0.0292  0.0280  0.0281  0.0280  0.0281  0.0279  0.0278
  0.0281  0.0281  0.0281  0.0282  0.0283  0.0286  0.0278  0.0278  0.0278  0.0279  0.0278  0.0278
  0.0281  0.0281  0.0281  0.0281  0.0280  0.0280  0.0278  0.0278  0.0278  0.0278  0.0278  0.0278
  0.0281  0.0281  0.0281  0.0280  0.0280  0.0275  0.0278  0.0280  0.0278  0.0278  0.0278  0.0278
  0.0283  0.0283  0.0282  0.0281  0.0282  0.0277  0.0280  0.0284  0.0280  0.0281  0.0279  0.0279
  0.0286  0.0287  0.0284  0.0288  0.0288  0.0298  0.0283  0.0291  0.0283  0.0286  0.0281  0.0281
niter,ni,del,rscale     2    3    5.0000    0.5000
parameters
   -2.5671   26.2537    9.6206   -7.4926  -17.6053  -10.1328
    1.9331   -9.9754   -1.4250   16.4977   12.6953  -13.5201
eta,q 0.97250 18.31291
  0.0282  0.0281  0.0280  0.0283  0.0285  0.0293  0.0280  0.0285  0.0278  0.0279  0.0278  0.0276
  0.0280  0.0279  0.0279  0.0281  0.0282  0.0288  0.0277  0.0278  0.0276  0.0277  0.0276  0.0275
  0.0278  0.0278  0.0278  0.0279  0.0280  0.0283  0.0276  0.0275  0.0275  0.0275  0.0275  0.0275
  0.0278  0.0278  0.0278  0.0278  0.0278  0.0277  0.0275  0.0275  0.0275  0.0275  0.0275  0.0275
  0.0278  0.0278  0.0278  0.0277  0.0277  0.0273  0.0275  0.0277  0.0275  0.0276  0.0275  0.0275
  0.0280  0.0280  0.0279  0.0279  0.0278  0.0275  0.0277  0.0280  0.0277  0.0278  0.0276  0.0276
  0.0282  0.0283  0.0281  0.0284  0.0282  0.0292  0.0279  0.0286  0.0279  0.0282  0.0278  0.0277
niter,ni,del,rscale     1    3    5.0000    0.4000
parameters
   -2.5953   26.1394    9.6185   -7.5553  -17.0466   -9.6761
    2.0117  -10.0970   -1.4530   16.0704   12.6285  -14.1441
eta,q 0.97277 18.36368
  0.0278  0.0277  0.0277  0.0279  0.0281  0.0288  0.0276  0.0280  0.0275  0.0275  0.0275  0.0273
  0.0276  0.0276  0.0276  0.0277  0.0278  0.0284  0.0274  0.0275  0.0273  0.0273  0.0273  0.0273
  0.0275  0.0275  0.0275  0.0276  0.0276  0.0279  0.0273  0.0273  0.0273  0.0273  0.0273  0.0272
  0.0275  0.0275  0.0275  0.0275  0.0275  0.0274  0.0272  0.0273  0.0272  0.0272  0.0272  0.0272
  0.0275  0.0276  0.0275  0.0275  0.0274  0.0271  0.0273  0.0274  0.0273  0.0273  0.0273  0.0273
  0.0277  0.0277  0.0276  0.0276  0.0275  0.0273  0.0274  0.0277  0.0274  0.0275  0.0274  0.0273
  0.0278  0.0278  0.0277  0.0280  0.0278  0.0285  0.0275  0.0281  0.0275  0.0278  0.0275  0.0274
registration optimization eta report
parameter search radius
    0.8000    0.8000    0.8000    2.7600    2.4000    2.7600
    2.4000    2.4000    2.4000    2.4000    2.4000    2.4000
100000*second partial in parameter space
       50.       42.       32.        6.        7.       17.
        5.       14.        4.        6.        4.        2.
  0.0278  0.0277  0.0277  0.0279  0.0281  0.0288  0.0276  0.0280  0.0275  0.0275  0.0275  0.0273
  0.0276  0.0276  0.0276  0.0277  0.0278  0.0284  0.0274  0.0275  0.0273  0.0273  0.0273  0.0273
  0.0275  0.0275  0.0275  0.0276  0.0276  0.0279  0.0273  0.0273  0.0273  0.0273  0.0273  0.0272
  0.0275  0.0275  0.0275  0.0275  0.0275  0.0274  0.0272  0.0273  0.0272  0.0272  0.0272  0.0272
  0.0275  0.0276  0.0275  0.0275  0.0274  0.0271  0.0273  0.0274  0.0273  0.0273  0.0273  0.0273
  0.0277  0.0277  0.0276  0.0276  0.0275  0.0273  0.0274  0.0277  0.0274  0.0275  0.0274  0.0273
  0.0278  0.0278  0.0277  0.0280  0.0278  0.0285  0.0275  0.0281  0.0275  0.0278  0.0275  0.0274
   -2.5953   26.1394    9.6185   -7.5553  -17.0466   -9.6761
    2.0117  -10.0970   -1.4530   16.0704   12.6285  -14.1441
eta,q 0.97277 18.36368

---------------------------------------------------------------------
imgreg_4dfp /opt/freesurfer/average/711-2C_as_mni_average_305 /opt/freesurfer/average/711-2B_as_mni_average_305_mask talsrcimg_g11 none talsrcimg_to_711-2C_as_mni_average_305_t4 2311
---------------------------------------------------------------------

freesurfer imgreg_4dfp.c
/opt/freesurfer/average/711-2C_as_mni_average_305.4dfp.img
       256       256       256         1
  1.000000  1.000000  1.000000
orientation T byte_order littleendian
Reading image: /opt/freesurfer/average/711-2C_as_mni_average_305.4dfp.img
dimensions:      256       256       256
mmppix:       1.0000   -1.0000   -1.0000
center:     128.0000 -129.0000 -129.0000
/opt/freesurfer/average/711-2B_as_mni_average_305_mask.4dfp.img
       256       256       256         1
  1.000000  1.000000  1.000000
orientation T byte_order littleendian
Reading mask: /opt/freesurfer/average/711-2B_as_mni_average_305_mask.4dfp.img (2306576 pixels)
talsrcimg_g11.4dfp.img
       256       256       256         1
  1.000000  1.000000  1.000000
orientation T byte_order littleendian
Reading image: talsrcimg_g11.4dfp.img
dimensions:      256       256       256
mmppix:       1.0000   -1.0000   -1.0000
center:     128.0000 -129.0000 -129.0000
fimgreg.f
image alignment mode   2311 decimal      907 hex
parameters
   -2.5953   26.1394    9.6185   -7.5553  -17.0466   -9.6761
    2.0117  -10.0970   -1.4530   16.0704   12.6285  -14.1441
eta,q 0.97277 18.36369
niter,ni,del,rscale     5    3    5.0000    0.8000
parameters
   -2.7025   25.8939    9.7828   -8.4319  -17.3018  -10.5092
    2.3962   -9.8786   -1.0991   15.8684   12.5702  -13.1739
eta,q 0.97221 18.25756
  0.0285  0.0280  0.0285  0.0281  0.0287  0.0296  0.0290  0.0304  0.0287  0.0285  0.0282  0.0282
  0.0278  0.0275  0.0278  0.0277  0.0281  0.0290  0.0283  0.0285  0.0282  0.0282  0.0280  0.0280
  0.0274  0.0273  0.0274  0.0274  0.0277  0.0282  0.0280  0.0279  0.0279  0.0279  0.0279  0.0279
  0.0272  0.0272  0.0272  0.0272  0.0273  0.0273  0.0278  0.0278  0.0278  0.0278  0.0278  0.0278
  0.0274  0.0274  0.0273  0.0274  0.0273  0.0272  0.0278  0.0280  0.0278  0.0278  0.0278  0.0278
  0.0280  0.0279  0.0276  0.0281  0.0279  0.0298  0.0281  0.0286  0.0280  0.0281  0.0280  0.0278
  0.0290  0.0287  0.0280  0.0298  0.0296  0.0347  0.0286  0.0297  0.0285  0.0288  0.0283  0.0280
niter,ni,del,rscale     4    3    5.0000    0.7000
parameters
   -2.7041   25.9911    9.7461   -7.6480  -17.4828  -10.3871
    2.1459   -9.8787   -1.1646   16.1337   12.5785  -13.1343
eta,q 0.97235 18.30458
  0.0286  0.0286  0.0282  0.0285  0.0288  0.0296  0.0284  0.0297  0.0283  0.0284  0.0281  0.0279
  0.0282  0.0282  0.0280  0.0282  0.0284  0.0291  0.0280  0.0283  0.0279  0.0281  0.0279  0.0278
  0.0279  0.0279  0.0278  0.0280  0.0280  0.0284  0.0277  0.0277  0.0277  0.0278  0.0277  0.0277
  0.0278  0.0278  0.0278  0.0278  0.0277  0.0277  0.0277  0.0277  0.0277  0.0277  0.0276  0.0276
  0.0279  0.0278  0.0278  0.0277  0.0277  0.0271  0.0278  0.0279  0.0277  0.0276  0.0277  0.0277
  0.0282  0.0280  0.0280  0.0278  0.0282  0.0276  0.0281  0.0285  0.0279  0.0279  0.0278  0.0277
  0.0286  0.0284  0.0282  0.0282  0.0294  0.0305  0.0286  0.0295  0.0283  0.0284  0.0281  0.0279
niter,ni,del,rscale     3    3    5.0000    0.6000
parameters
   -2.6582   26.0246    9.7152   -7.6190  -17.3504  -10.0122
    2.0741   -9.9458   -1.2513   16.0233   12.5308  -13.5414
eta,q 0.97257 18.32987
  0.0284  0.0282  0.0280  0.0282  0.0286  0.0293  0.0280  0.0291  0.0279  0.0280  0.0278  0.0276
  0.0280  0.0279  0.0278  0.0280  0.0282  0.0288  0.0277  0.0279  0.0276  0.0277  0.0276  0.0275
  0.0277  0.0277  0.0277  0.0278  0.0279  0.0283  0.0275  0.0275  0.0275  0.0275  0.0275  0.0274
  0.0276  0.0276  0.0276  0.0276  0.0276  0.0276  0.0274  0.0274  0.0274  0.0274  0.0274  0.0274
  0.0277  0.0277  0.0277  0.0276  0.0276  0.0271  0.0275  0.0277  0.0275  0.0275  0.0275  0.0275
  0.0279  0.0279  0.0278  0.0278  0.0279  0.0274  0.0277  0.0282  0.0276  0.0277  0.0276  0.0276
  0.0283  0.0282  0.0280  0.0283  0.0286  0.0294  0.0281  0.0290  0.0279  0.0282  0.0279  0.0277
niter,ni,del,rscale     2    3    5.0000    0.5000
parameters
   -2.6511   25.9987    9.6928   -7.6517  -16.9495   -9.6959
    2.0743  -10.0190   -1.2808   15.7906   12.4860  -14.0357
eta,q 0.97276 18.36595
  0.0279  0.0278  0.0277  0.0279  0.0282  0.0289  0.0277  0.0285  0.0276  0.0276  0.0276  0.0273
  0.0277  0.0276  0.0276  0.0277  0.0279  0.0285  0.0275  0.0276  0.0274  0.0274  0.0274  0.0273
  0.0275  0.0275  0.0275  0.0275  0.0276  0.0279  0.0273  0.0273  0.0273  0.0273  0.0273  0.0272
  0.0274  0.0274  0.0274  0.0274  0.0274  0.0274  0.0272  0.0272  0.0272  0.0272  0.0272  0.0272
  0.0275  0.0275  0.0275  0.0274  0.0274  0.0270  0.0273  0.0275  0.0273  0.0273  0.0273  0.0273
  0.0276  0.0276  0.0276  0.0276  0.0275  0.0273  0.0275  0.0279  0.0274  0.0275  0.0274  0.0273
  0.0279  0.0279  0.0278  0.0280  0.0280  0.0289  0.0277  0.0285  0.0276  0.0278  0.0276  0.0275
niter,ni,del,rscale     1    3    5.0000    0.4000
parameters
   -2.6698   25.9061    9.7129   -7.7308  -16.4730   -9.3397
    2.0924  -10.1056   -1.3035   15.4552   12.4667  -14.2705
eta,q 0.97298 18.39996
  0.0276  0.0274  0.0275  0.0275  0.0278  0.0285  0.0274  0.0279  0.0273  0.0273  0.0273  0.0271
  0.0274  0.0273  0.0273  0.0274  0.0276  0.0281  0.0272  0.0273  0.0271  0.0271  0.0271  0.0271
  0.0273  0.0272  0.0273  0.0273  0.0274  0.0276  0.0271  0.0271  0.0270  0.0270  0.0271  0.0270
  0.0272  0.0272  0.0272  0.0272  0.0272  0.0272  0.0270  0.0270  0.0270  0.0270  0.0270  0.0270
  0.0273  0.0273  0.0273  0.0273  0.0272  0.0269  0.0271  0.0272  0.0270  0.0271  0.0271  0.0271
  0.0274  0.0274  0.0273  0.0274  0.0273  0.0272  0.0272  0.0275  0.0271  0.0272  0.0271  0.0271
  0.0276  0.0276  0.0275  0.0277  0.0275  0.0282  0.0274  0.0280  0.0273  0.0275  0.0273  0.0272
registration optimization eta report
parameter search radius
    0.8000    0.8000    0.8000    2.4000    2.4000    2.4000
    2.4000    2.4000    2.4000    2.4000    2.4000    2.4000
100000*second partial in parameter space
       55.       42.       37.        6.        8.       21.
        6.       16.        4.        6.        5.        2.
  0.0276  0.0274  0.0275  0.0275  0.0278  0.0285  0.0274  0.0279  0.0273  0.0273  0.0273  0.0271
  0.0274  0.0273  0.0273  0.0274  0.0276  0.0281  0.0272  0.0273  0.0271  0.0271  0.0271  0.0271
  0.0273  0.0272  0.0273  0.0273  0.0274  0.0276  0.0271  0.0271  0.0270  0.0270  0.0271  0.0270
  0.0272  0.0272  0.0272  0.0272  0.0272  0.0272  0.0270  0.0270  0.0270  0.0270  0.0270  0.0270
  0.0273  0.0273  0.0273  0.0273  0.0272  0.0269  0.0271  0.0272  0.0270  0.0271  0.0271  0.0271
  0.0274  0.0274  0.0273  0.0274  0.0273  0.0272  0.0272  0.0275  0.0271  0.0272  0.0271  0.0271
  0.0276  0.0276  0.0275  0.0277  0.0275  0.0282  0.0274  0.0280  0.0273  0.0275  0.0273  0.0272
   -2.6698   25.9061    9.7129   -7.7308  -16.4730   -9.3397
    2.0924  -10.1056   -1.3035   15.4552   12.4667  -14.2705
eta,q 0.97298 18.39996

---------------------------------------------------------------------
compute_vox2vox talsrcimg talsrcimg_to_711-2C_as_mni_average_305_t4 /opt/freesurfer/average/711-2C_as_mni_average_305
---------------------------------------------------------------------

freesurfer compute_vox2vox.c
Reading: talsrcimg.4dfp.ifh
Reading: talsrcimg_to_711-2C_as_mni_average_305_t4
Reading: /opt/freesurfer/average/711-2C_as_mni_average_305.4dfp.ifh
Writing: talsrcimg_to_711-2C_as_mni_average_305_t4_vox2vox.txt

start time Sun Mar 8 20:29:48 CET 2026
end		time Sun Mar 8 20:31:15 CET 2026

mpr2mni305 success

avi2talxfm orig_nu.mgz /opt/freesurfer/average/mni305.cor.mgz talsrcimg_to_711-2C_as_mni_average_305_t4_vox2vox.txt transforms/talairach.auto.xfm
avi2talxfm done
mv -f /out/sourcedata/freesurfer/sub-v1s15x0050186_ses-1/mri/talsrcimg_to_711-2C_as_mni_average_305_t4_vox2vox.txt /out/sourcedata/freesurfer/sub-v1s15x0050186_ses-1/mri/transforms/talsrcimg_to_711-2C_as_mni_average_305_t4_vox2vox.txt
lta_convert --src orig_nu.mgz --trg /opt/freesurfer/average/mni305.cor.mgz --inxfm transforms/talairach.auto.xfm --outlta transforms/talairach.auto.xfm.lta --subject fsaverage
7.3.2

--src: orig_nu.mgz src image (geometry).
--trg: /opt/freesurfer/average/mni305.cor.mgz trg image (geometry).
--inmni: transforms/talairach.auto.xfm input MNI/XFM transform.
--outlta: transforms/talairach.auto.xfm.lta output LTA.
--s: fsaverage subject name
 LTA read, type : 1
 1.06748   0.12005  -0.00623  -4.85247;
-0.14009   1.05605   0.18393  -27.32283;
 0.04258  -0.19353   1.16309   11.34265;
 0.00000   0.00000   0.00000   1.00000;
setting subject to fsaverage
Writing  LTA to file transforms/talairach.auto.xfm.lta...
lta_convert successful.
 
 
Started at Sun Mar 8 20:29:47 CET 2026
Ended   at Sun Mar  8 20:31:15 CET 2026
talairach_avi done
