/out/sourcedata/freesurfer/sub-v1s15x0050187_ses-1/mri
/opt/freesurfer/bin/talairach_avi
--i orig_nu.mgz --xfm transforms/talairach.auto.xfm
talairach_avi 7.3.2
Linux dna076 5.14.0-427.37.1.el9_4.x86_64 #1 SMP PREEMPT_DYNAMIC Fri Sep 13 12:41:50 EDT 2024 x86_64 x86_64 x86_64 GNU/Linux
Sun Mar  8 20:29:14 CET 2026
mri_convert orig_nu.mgz talsrcimg.img 
reading from orig_nu.mgz...
TR=0.00, TE=0.00, TI=0.00, flip angle=0.00
i_ras = (-1, 0, 0)
j_ras = (0, 0, -1)
k_ras = (0, 1, 0)
writing to talsrcimg.img...
Analyze Output Matrix
-1.00000   0.00000   0.00000   130.43719;
 0.00000   0.00000   1.00000  -117.25000;
 0.00000  -1.00000   0.00000   93.40601;
 0.00000   0.00000   0.00000   1.00000;
--------------------
INFO: set hdr.hist.orient to -1
mpr2mni305 talsrcimg
Sun Mar  8 20:29:14 CET 2026
/opt/freesurfer/bin/mpr2mni305 talsrcimg
mpr2mni305 7.3.2
target=711-2C_as_mni_average_305

---------------------------------------------------------------------
analyzeto4dfp talsrcimg -O0 -y
---------------------------------------------------------------------

freesurfer ifh2hdr.c
Sun Mar  8 20:29:14 2026
Writing: talsrcimg.4dfp.hdr
freesurfer analyzeto4dfp.c
Reading: talsrcimg.hdr
header size 348 bytes
hdr.dime.datatype	offset=70	value=2
hdr.dime.bitpix		offset=72	value=8
hdr.hist.orient		offset=252	value=-1
dimensionality     4
dimensions       256       256       256         1
Reading: talsrcimg.img
Writing: talsrcimg.4dfp.img
Writing: talsrcimg.4dfp.ifh
ifh2hdr talsrcimg -r0to234
ori=2

---------------------------------------------------------------------
gauss_4dfp talsrcimg 1.1
---------------------------------------------------------------------

freesurfer gauss_4dfp.c
Reading: talsrcimg.4dfp.img
Writing: talsrcimg_g11.4dfp.img
image dimensions 256 256 256 padded to 288 288 288
processing volume 1freesurfer ifh2hdr.c
Sun Mar  8 20:29:16 2026
Writing: talsrcimg_g11.4dfp.hdr

Writing: talsrcimg_g11.4dfp.ifh
including: talsrcimg.4dfp.img.rec in talsrcimg_g11.4dfp.img.rec

---------------------------------------------------------------------
imgreg_4dfp /opt/freesurfer/average/711-2C_as_mni_average_305 none talsrcimg_g11 none talsrcimg_to_711-2C_as_mni_average_305_t4 4355
---------------------------------------------------------------------

freesurfer imgreg_4dfp.c
/opt/freesurfer/average/711-2C_as_mni_average_305.4dfp.img
       256       256       256         1
  1.000000  1.000000  1.000000
orientation T byte_order littleendian
Reading image: /opt/freesurfer/average/711-2C_as_mni_average_305.4dfp.img
dimensions:      256       256       256
mmppix:       1.0000   -1.0000   -1.0000
center:     128.0000 -129.0000 -129.0000
talsrcimg_g11.4dfp.img
       256       256       256         1
  1.000000  1.000000  1.000000
orientation T byte_order littleendian
Reading image: talsrcimg_g11.4dfp.img
dimensions:      256       256       256
mmppix:       1.0000   -1.0000   -1.0000
center:     128.0000 -129.0000 -129.0000
t4_read: open error in t4_sub.f l:  41 t4_file(1:l)talsrcimg_to_711-2C_as_mni_average_305_t4 
t4_read: transform initialized to I4
rotation matrix determinant  1.000000
image alignment mode   4355 decimal     1103 hex
   -7.5000  -45.0000  -45.0000 4648.9814   18.2994
    0.0000  -45.0000  -45.0000 4853.0190   18.2049
    7.5000  -45.0000  -45.0000 4683.0527   18.0713
   -7.5000  -37.5000  -45.0000 5177.7271   17.5206
    0.0000  -37.5000  -45.0000 5420.0371   17.4315
    7.5000  -37.5000  -45.0000 5222.3159   17.3119
   -7.5000  -30.0000  -45.0000 5951.6060   16.9462
    0.0000  -30.0000  -45.0000 6247.1982   16.8616
    7.5000  -30.0000  -45.0000 5996.9214   16.7535
   -7.5000  -22.5000  -45.0000 6808.9805   16.5519
    0.0000  -22.5000  -45.0000 7120.3140   16.4751
    7.5000  -22.5000  -45.0000 6838.7993   16.3719
   -7.5000  -15.0000  -45.0000 7654.7930   16.3401
    0.0000  -15.0000  -45.0000 8026.3633   16.2706
    7.5000  -15.0000  -45.0000 7693.6504   16.1682
   -7.5000   -7.5000  -45.0000 8579.5205   16.3442
    0.0000   -7.5000  -45.0000 8999.9688   16.2768
    7.5000   -7.5000  -45.0000 8612.8662   16.1732
   -7.5000    0.0000  -45.0000 9541.4395   16.3768
    0.0000    0.0000  -45.000010011.3750   16.3046
    7.5000    0.0000  -45.0000 9575.7129   16.2011
   -7.5000    7.5000  -45.0000 9727.3691   16.3764
    0.0000    7.5000  -45.000010221.0244   16.2986
    7.5000    7.5000  -45.0000 9760.5312   16.1970
   -7.5000   15.0000  -45.0000 9744.6182   16.3431
    0.0000   15.0000  -45.000010236.5068   16.2649
    7.5000   15.0000  -45.0000 9785.7227   16.1653
   -7.5000   22.5000  -45.0000 9701.3945   16.3075
    0.0000   22.5000  -45.000010175.4072   16.2331
    7.5000   22.5000  -45.0000 9717.9453   16.1331
   -7.5000   30.0000  -45.0000 9589.7324   16.0921
    0.0000   30.0000  -45.000010041.3555   16.0238
    7.5000   30.0000  -45.0000 9596.7705   15.9231
   -7.5000   37.5000  -45.0000 9775.2705   16.1252
    0.0000   37.5000  -45.000010201.4170   16.0586
    7.5000   37.5000  -45.0000 9769.3301   15.9564
   -7.5000   45.0000  -45.0000 9545.3799   15.7482
    0.0000   45.0000  -45.0000 9942.8750   15.6788
    7.5000   45.0000  -45.0000 9533.2627   15.5793
   -7.5000  -45.0000  -37.5000 4972.7314   18.1373
    0.0000  -45.0000  -37.5000 5220.1450   18.0411
    7.5000  -45.0000  -37.5000 5035.0220   17.8989
   -7.5000  -37.5000  -37.5000 5524.0068   17.3595
    0.0000  -37.5000  -37.5000 5802.3960   17.2704
    7.5000  -37.5000  -37.5000 5587.2427   17.1437
   -7.5000  -30.0000  -37.5000 6355.8135   16.7903
    0.0000  -30.0000  -37.5000 6655.7778   16.7105
    7.5000  -30.0000  -37.5000 6403.0952   16.6030
   -7.5000  -22.5000  -37.5000 7251.4785   16.4077
    0.0000  -22.5000  -37.5000 7594.1626   16.3376
    7.5000  -22.5000  -37.5000 7290.9829   16.2383
   -7.5000  -15.0000  -37.5000 8171.8330   16.2008
    0.0000  -15.0000  -37.5000 8570.2617   16.1358
    7.5000  -15.0000  -37.5000 8196.2344   16.0354
   -7.5000   -7.5000  -37.5000 9199.8145   16.2033
    0.0000   -7.5000  -37.5000 9667.7979   16.1357
    7.5000   -7.5000  -37.5000 9213.8691   16.0285
   -7.5000    0.0000  -37.500010229.0342   16.2333
    0.0000    0.0000  -37.500010746.0400   16.1585
    7.5000    0.0000  -37.500010253.1680   16.0476
   -7.5000    7.5000  -37.500010437.0576   16.2318
    0.0000    7.5000  -37.500010947.3467   16.1540
    7.5000    7.5000  -37.500010429.1113   16.0475
   -7.5000   15.0000  -37.500010442.0156   16.1997
    0.0000   15.0000  -37.500010957.7979   16.1259
    7.5000   15.0000  -37.500010439.5332   16.0271
   -7.5000   22.5000  -37.500010350.8506   16.1673
    0.0000   22.5000  -37.500010863.7148   16.0992
    7.5000   22.5000  -37.500010343.0312   16.0033
   -7.5000   30.0000  -37.500010185.9521   15.9551
    0.0000   30.0000  -37.500010679.0391   15.8912
    7.5000   30.0000  -37.500010178.7578   15.7925
   -7.5000   37.5000  -37.500010370.1797   15.9862
    0.0000   37.5000  -37.500010858.4854   15.9195
    7.5000   37.5000  -37.500010379.2949   15.8137
   -7.5000   45.0000  -37.500010128.1914   15.6103
    0.0000   45.0000  -37.500010604.6377   15.5383
    7.5000   45.0000  -37.500010149.7988   15.4317
   -7.5000  -45.0000  -30.0000 5366.7500   18.7962
    0.0000  -45.0000  -30.0000 5656.6938   18.6976
    7.5000  -45.0000  -30.0000 5451.2075   18.5491
   -7.5000  -37.5000  -30.0000 5966.3203   17.9828
    0.0000  -37.5000  -30.0000 6267.7017   17.8915
    7.5000  -37.5000  -30.0000 6029.8872   17.7533
   -7.5000  -30.0000  -30.0000 6855.8481   17.3896
    0.0000  -30.0000  -30.0000 7177.7910   17.3139
    7.5000  -30.0000  -30.0000 6896.6987   17.1997
   -7.5000  -22.5000  -30.0000 7819.5283   17.0079
    0.0000  -22.5000  -30.0000 8202.7705   16.9462
    7.5000  -22.5000  -30.0000 7856.1099   16.8460
   -7.5000  -15.0000  -30.0000 8855.6602   16.8003
    0.0000  -15.0000  -30.0000 9307.0381   16.7441
    7.5000  -15.0000  -30.0000 8885.7852   16.6463
   -7.5000   -7.5000  -30.000010001.1299   16.7984
    0.0000   -7.5000  -30.000010527.6084   16.7342
    7.5000   -7.5000  -30.000010021.7998   16.6259
   -7.5000    0.0000  -30.000011131.5234   16.8200
    0.0000    0.0000  -30.000011700.1182   16.7424
    7.5000    0.0000  -30.000011135.7266   16.6240
   -7.5000    7.5000  -30.000011338.5889   16.8129
    0.0000    7.5000  -30.000011880.5332   16.7330
    7.5000    7.5000  -30.000011328.4600   16.6165
   -7.5000   15.0000  -30.000011327.7881   16.7835
    0.0000   15.0000  -30.000011886.6943   16.7129
    7.5000   15.0000  -30.000011323.7783   16.6073
   -7.5000   22.5000  -30.000011216.3398   16.7583
    0.0000   22.5000  -30.000011765.0674   16.6982
    7.5000   22.5000  -30.000011205.5791   16.6014
   -7.5000   30.0000  -30.000011022.3936   16.5473
    0.0000   30.0000  -30.000011549.6309   16.4920
    7.5000   30.0000  -30.000011024.4951   16.3957
   -7.5000   37.5000  -30.000011188.0098   16.5750
    0.0000   37.5000  -30.000011725.3916   16.5115
    7.5000   37.5000  -30.000011209.0469   16.4047
   -7.5000   45.0000  -30.000010892.2881   16.1863
    0.0000   45.0000  -30.000011430.3125   16.1116
    7.5000   45.0000  -30.000010918.0254   15.9977
   -7.5000  -45.0000  -22.5000 5794.0156   19.4436
    0.0000  -45.0000  -22.5000 6105.7368   19.3498
    7.5000  -45.0000  -22.5000 5882.9702   19.2077
   -7.5000  -37.5000  -22.5000 6441.2944   18.6071
    0.0000  -37.5000  -22.5000 6751.5908   18.5173
    7.5000  -37.5000  -22.5000 6493.3462   18.3779
   -7.5000  -30.0000  -22.5000 7399.9731   17.9964
    0.0000  -30.0000  -22.5000 7768.4185   17.9213
    7.5000  -30.0000  -22.5000 7435.6797   17.8008
   -7.5000  -22.5000  -22.5000 8471.4756   17.6108
    0.0000  -22.5000  -22.5000 8894.6016   17.5514
    7.5000  -22.5000  -22.5000 8489.7197   17.4467
   -7.5000  -15.0000  -22.5000 9628.7598   17.3985
    0.0000  -15.0000  -22.500010119.9414   17.3482
    7.5000  -15.0000  -22.5000 9650.8975   17.2518
   -7.5000   -7.5000  -22.500010861.7871   17.3897
    0.0000   -7.5000  -22.500011422.7334   17.3323
    7.5000   -7.5000  -22.500010886.1768   17.2290
   -7.5000    0.0000  -22.500012072.1514   17.4016
    0.0000    0.0000  -22.500012678.1484   17.3283
    7.5000    0.0000  -22.500012086.9092   17.2127
   -7.5000    7.5000  -22.500012262.0391   17.3915
    0.0000    7.5000  -22.500012880.1211   17.3128
    7.5000    7.5000  -22.500012303.1074   17.1936
   -7.5000   15.0000  -22.500012257.6631   17.3687
    0.0000   15.0000  -22.500012870.3145   17.2981
    7.5000   15.0000  -22.500012296.1523   17.1858
   -7.5000   22.5000  -22.500012140.8252   17.3510
    0.0000   22.5000  -22.500012731.1445   17.2931
    7.5000   22.5000  -22.500012170.2744   17.1916
   -7.5000   30.0000  -22.500011911.7002   17.1391
    0.0000   30.0000  -22.500012476.7178   17.0897
    7.5000   30.0000  -22.500011929.9385   16.9948
   -7.5000   37.5000  -22.500012050.2500   17.1610
    0.0000   37.5000  -22.500012626.9229   17.1044
    7.5000   37.5000  -22.500012087.7598   17.0024
   -7.5000   45.0000  -22.500011706.2129   16.7586
    0.0000   45.0000  -22.500012287.7432   16.6880
    7.5000   45.0000  -22.500011748.1719   16.5766
   -7.5000  -45.0000  -15.0000 6218.5298   19.8973
    0.0000  -45.0000  -15.0000 6547.2065   19.8074
    7.5000  -45.0000  -15.0000 6310.0361   19.6753
   -7.5000  -37.5000  -15.0000 6918.7642   19.0566
    0.0000  -37.5000  -15.0000 7266.0391   18.9689
    7.5000  -37.5000  -15.0000 6998.6250   18.8375
   -7.5000  -30.0000  -15.0000 7987.9507   18.4402
    0.0000  -30.0000  -15.0000 8398.4287   18.3617
    7.5000  -30.0000  -15.0000 8032.9580   18.2402
   -7.5000  -22.5000  -15.0000 9172.9316   18.0438
    0.0000  -22.5000  -15.0000 9630.2441   17.9783
    7.5000  -22.5000  -15.0000 9199.1191   17.8686
   -7.5000  -15.0000  -15.000010430.8916   17.8246
    0.0000  -15.0000  -15.000010952.4385   17.7706
    7.5000  -15.0000  -15.000010460.3965   17.6711
   -7.5000   -7.5000  -15.000011743.5312   17.8134
    0.0000   -7.5000  -15.000012318.5576   17.7575
    7.5000   -7.5000  -15.000011779.9619   17.6575
   -7.5000    0.0000  -15.000013001.1943   17.8236
    0.0000    0.0000  -15.000013641.6318   17.7549
    7.5000    0.0000  -15.000013039.9990   17.6471
   -7.5000    7.5000  -15.000013221.9062   17.8147
    0.0000    7.5000  -15.000013876.8926   17.7379
    7.5000    7.5000  -15.000013265.3945   17.6240
   -7.5000   15.0000  -15.000013218.7236   17.7950
    0.0000   15.0000  -15.000013863.4287   17.7212
    7.5000   15.0000  -15.000013280.6738   17.6075
   -7.5000   22.5000  -15.000013087.2861   17.7768
    0.0000   22.5000  -15.000013713.3955   17.7132
    7.5000   22.5000  -15.000013114.7207   17.6066
   -7.5000   30.0000  -15.000012805.3291   17.5613
    0.0000   30.0000  -15.000013422.2227   17.5082
    7.5000   30.0000  -15.000012842.0420   17.4104
   -7.5000   37.5000  -15.000012973.1572   17.5815
    0.0000   37.5000  -15.000013607.4365   17.5264
    7.5000   37.5000  -15.000012993.2979   17.4276
   -7.5000   45.0000  -15.000012612.0361   17.1754
    0.0000   45.0000  -15.000013245.2246   17.1092
    7.5000   45.0000  -15.000012652.7773   17.0053
   -7.5000  -45.0000   -7.5000 6685.2559   20.1109
    0.0000  -45.0000   -7.5000 7016.4736   20.0160
    7.5000  -45.0000   -7.5000 6762.8638   19.8839
   -7.5000  -37.5000   -7.5000 7430.2676   19.2729
    0.0000  -37.5000   -7.5000 7802.3184   19.1806
    7.5000  -37.5000   -7.5000 7513.9102   19.0553
   -7.5000  -30.0000   -7.5000 8629.3604   18.6559
    0.0000  -30.0000   -7.5000 9056.1299   18.5683
    7.5000  -30.0000   -7.5000 8669.0977   18.4495
   -7.5000  -22.5000   -7.5000 9925.2217   18.2411
    0.0000  -22.5000   -7.500010404.0107   18.1636
    7.5000  -22.5000   -7.5000 9955.1523   18.0511
   -7.5000  -15.0000   -7.500011267.8359   18.0136
    0.0000  -15.0000   -7.500011822.4297   17.9469
    7.5000  -15.0000   -7.500011310.5049   17.8407
   -7.5000   -7.5000   -7.500012659.8408   18.0077
    0.0000   -7.5000   -7.500013243.6289   17.9434
    7.5000   -7.5000   -7.500012681.8301   17.8397
   -7.5000    0.0000   -7.500013986.6230   18.0293
    0.0000    0.0000   -7.500014650.1045   17.9571
    7.5000    0.0000   -7.500014030.0605   17.8521
   -7.5000    7.5000   -7.500014272.3359   18.0264
    0.0000    7.5000   -7.500014960.5576   17.9457
    7.5000    7.5000   -7.500014308.2910   17.8374
   -7.5000   15.0000   -7.500014309.0996   18.0014
    0.0000   15.0000   -7.500015023.2090   17.9198
    7.5000   15.0000   -7.500014367.5547   17.8092
   -7.5000   22.5000   -7.500014139.5518   17.9696
    0.0000   22.5000   -7.500014829.9443   17.8944
    7.5000   22.5000   -7.500014162.2510   17.7851
   -7.5000   30.0000   -7.500013830.5312   17.7471
    0.0000   30.0000   -7.500014477.1875   17.6815
    7.5000   30.0000   -7.500013813.2715   17.5771
   -7.5000   37.5000   -7.500013983.6865   17.7728
    0.0000   37.5000   -7.500014654.6025   17.7093
    7.5000   37.5000   -7.500013959.5605   17.6070
   -7.5000   45.0000   -7.500013581.2783   17.3768
    0.0000   45.0000   -7.500014245.5430   17.3073
    7.5000   45.0000   -7.500013581.4883   17.2061
   -7.5000  -45.0000    0.0000 7070.0400   20.1433
    0.0000  -45.0000    0.0000 7446.2993   20.0413
    7.5000  -45.0000    0.0000 7156.0801   19.8983
   -7.5000  -37.5000    0.0000 7894.0752   19.3014
    0.0000  -37.5000    0.0000 8297.6025   19.2043
    7.5000  -37.5000    0.0000 7990.9663   19.0759
   -7.5000  -30.0000    0.0000 9213.7705   18.6821
    0.0000  -30.0000    0.0000 9666.4590   18.5892
    7.5000  -30.0000    0.0000 9281.0762   18.4720
   -7.5000  -22.5000    0.000010635.9033   18.2551
    0.0000  -22.5000    0.000011152.5801   18.1709
    7.5000  -22.5000    0.000010674.7441   18.0586
   -7.5000  -15.0000    0.000012039.3672   18.0232
    0.0000  -15.0000    0.000012630.6436   17.9475
    7.5000  -15.0000    0.000012068.3730   17.8362
   -7.5000   -7.5000    0.000013480.8984   18.0244
    0.0000   -7.5000    0.000014124.9268   17.9515
    7.5000   -7.5000    0.000013501.4893   17.8396
   -7.5000    0.0000    0.000014893.5332   18.0578
    0.0000    0.0000    0.000015609.4717   17.9796
    7.5000    0.0000    0.000014915.5244   17.8685
   -7.5000    7.5000    0.000015240.3066   18.0592
    0.0000    7.5000    0.000015969.4590   17.9743
    7.5000    7.5000    0.000015241.9072   17.8649
   -7.5000   15.0000    0.000015370.1914   18.0267
    0.0000   15.0000    0.000016126.5117   17.9407
    7.5000   15.0000    0.000015336.3721   17.8328
   -7.5000   22.5000    0.000015214.6992   17.9835
    0.0000   22.5000    0.000015964.9619   17.9019
    7.5000   22.5000    0.000015150.9863   17.7931
   -7.5000   30.0000    0.000014828.5146   17.7570
    0.0000   30.0000    0.000015513.6260   17.6827
    7.5000   30.0000    0.000014705.4102   17.5732
   -7.5000   37.5000    0.000014954.0615   17.7897
    0.0000   37.5000    0.000015621.9980   17.7177
    7.5000   37.5000    0.000014820.0254   17.6074
   -7.5000   45.0000    0.000014462.8838   17.4056
    0.0000   45.0000    0.000015139.0938   17.3302
    7.5000   45.0000    0.000014395.3633   17.2232
   -7.5000  -45.0000    7.5000 6842.5225   20.1581
    0.0000  -45.0000    7.5000 7205.5854   20.0519
    7.5000  -45.0000    7.5000 6928.0918   19.8953
   -7.5000  -37.5000    7.5000 7712.7935   19.2992
    0.0000  -37.5000    7.5000 8123.4673   19.2008
    7.5000  -37.5000    7.5000 7801.9414   19.0609
   -7.5000  -30.0000    7.5000 9075.5537   18.6702
    0.0000  -30.0000    7.5000 9553.0664   18.5821
    7.5000  -30.0000    7.5000 9128.0049   18.4632
   -7.5000  -22.5000    7.500010518.9072   18.2474
    0.0000  -22.5000    7.500011040.5088   18.1700
    7.5000  -22.5000    7.500010533.5957   18.0602
   -7.5000  -15.0000    7.500011900.8594   18.0190
    0.0000  -15.0000    7.500012455.2891   17.9471
    7.5000  -15.0000    7.500011881.2842   17.8363
   -7.5000   -7.5000    7.500013304.2988   18.0218
    0.0000   -7.5000    7.500013896.0518   17.9471
    7.5000   -7.5000    7.500013267.9453   17.8289
   -7.5000    0.0000    7.500014682.0098   18.0548
    0.0000    0.0000    7.500015328.2158   17.9722
    7.5000    0.0000    7.500014627.2275   17.8499
   -7.5000    7.5000    7.500014992.2227   18.0531
    0.0000    7.5000    7.500015676.8252   17.9671
    7.5000    7.5000    7.500014916.8350   17.8494
   -7.5000   15.0000    7.500015207.2676   18.0175
    0.0000   15.0000    7.500015922.9229   17.9360
    7.5000   15.0000    7.500015025.1201   17.8267
   -7.5000   22.5000    7.500015217.1816   17.9759
    0.0000   22.5000    7.500015917.2900   17.9007
    7.5000   22.5000    7.500014911.5166   17.7946
   -7.5000   30.0000    7.500014837.6631   17.7528
    0.0000   30.0000    7.500015456.4424   17.6822
    7.5000   30.0000    7.500014512.1416   17.5732
   -7.5000   37.5000    7.500014872.8027   17.7872
    0.0000   37.5000    7.500015457.3174   17.7135
    7.5000   37.5000    7.500014565.8203   17.5969
   -7.5000   45.0000    7.500014302.2998   17.4028
    0.0000   45.0000    7.500014927.1211   17.3231
    7.5000   45.0000    7.500014117.8389   17.2052
   -7.5000  -45.0000   15.0000 6583.6177   20.1800
    0.0000  -45.0000   15.0000 6923.7163   20.0742
    7.5000  -45.0000   15.0000 6656.7471   19.9148
   -7.5000  -37.5000   15.0000 7463.3057   19.3069
    0.0000  -37.5000   15.0000 7844.3267   19.2089
    7.5000  -37.5000   15.0000 7513.2061   19.0606
   -7.5000  -30.0000   15.0000 8790.4941   18.6701
    0.0000  -30.0000   15.0000 9231.0791   18.5889
    7.5000  -30.0000   15.0000 8815.9600   18.4662
   -7.5000  -22.5000   15.000010178.8174   18.2604
    0.0000  -22.5000   15.000010693.9805   18.1941
    7.5000  -22.5000   15.000010173.7715   18.0864
   -7.5000  -15.0000   15.000011533.3125   18.0376
    0.0000  -15.0000   15.000012088.7510   17.9771
    7.5000  -15.0000   15.000011498.7559   17.8721
   -7.5000   -7.5000   15.000012909.2568   18.0356
    0.0000   -7.5000   15.000013529.8398   17.9665
    7.5000   -7.5000   15.000012858.1318   17.8503
   -7.5000    0.0000   15.000014253.9961   18.0587
    0.0000    0.0000   15.000014895.7217   17.9754
    7.5000    0.0000   15.000014181.0557   17.8484
   -7.5000    7.5000   15.000014584.0850   18.0511
    0.0000    7.5000   15.000015200.3096   17.9654
    7.5000    7.5000   15.000014466.9775   17.8403
   -7.5000   15.0000   15.000014914.7236   18.0195
    0.0000   15.0000   15.000015537.5273   17.9437
    7.5000   15.0000   15.000014607.5723   17.8303
   -7.5000   22.5000   15.000015049.4287   17.9884
    0.0000   22.5000   15.000015657.3184   17.9239
    7.5000   22.5000   15.000014565.0303   17.8199
   -7.5000   30.0000   15.000014711.3701   17.7711
    0.0000   30.0000   15.000015309.0234   17.7117
    7.5000   30.0000   15.000014272.9941   17.6083
   -7.5000   37.5000   15.000014755.5381   17.8009
    0.0000   37.5000   15.000015337.6895   17.7327
    7.5000   37.5000   15.000014335.8105   17.6180
   -7.5000   45.0000   15.000014112.9307   17.4065
    0.0000   45.0000   15.000014748.8213   17.3262
    7.5000   45.0000   15.000013817.9199   17.2038
   -7.5000  -45.0000   22.5000 6217.6064   20.1848
    0.0000  -45.0000   22.5000 6596.6396   20.0874
    7.5000  -45.0000   22.5000 6281.9868   19.9398
   -7.5000  -37.5000   22.5000 7112.4097   19.3163
    0.0000  -37.5000   22.5000 7498.8496   19.2231
    7.5000  -37.5000   22.5000 7131.8145   19.0783
   -7.5000  -30.0000   22.5000 8438.5928   18.6823
    0.0000  -30.0000   22.5000 8860.5371   18.6044
    7.5000  -30.0000   22.5000 8429.6270   18.4792
   -7.5000  -22.5000   22.5000 9800.7441   18.2820
    0.0000  -22.5000   22.500010262.3857   18.2204
    7.5000  -22.5000   22.5000 9782.1807   18.1116
   -7.5000  -15.0000   22.500011103.1846   18.0616
    0.0000  -15.0000   22.500011591.4854   18.0094
    7.5000  -15.0000   22.500011090.4551   17.9093
   -7.5000   -7.5000   22.500012436.7285   18.0525
    0.0000   -7.5000   22.500012957.0820   17.9929
    7.5000   -7.5000   22.500012396.4561   17.8856
   -7.5000    0.0000   22.500013667.6641   18.0648
    0.0000    0.0000   22.500014242.9697   17.9887
    7.5000    0.0000   22.500013625.5225   17.8687
   -7.5000    7.5000   22.500013952.0967   18.0543
    0.0000    7.5000   22.500014602.0000   17.9726
    7.5000    7.5000   22.500013876.1182   17.8489
   -7.5000   15.0000   22.500014151.3574   18.0307
    0.0000   15.0000   22.500014913.6055   17.9574
    7.5000   15.0000   22.500013974.0713   17.8408
   -7.5000   22.5000   22.500014142.1660   18.0095
    0.0000   22.5000   22.500014991.8223   17.9494
    7.5000   22.5000   22.500013896.9150   17.8441
   -7.5000   30.0000   22.500013922.7031   17.7948
    0.0000   30.0000   22.500014760.3301   17.7435
    7.5000   30.0000   22.500013643.9219   17.6450
   -7.5000   37.5000   22.500014112.1055   17.8175
    0.0000   37.5000   22.500014911.8770   17.7588
    7.5000   37.5000   22.500013773.6660   17.6528
   -7.5000   45.0000   22.500013534.9912   17.4124
    0.0000   45.0000   22.500014262.3457   17.3390
    7.5000   45.0000   22.500013262.5684   17.2234
   -7.5000  -45.0000   30.0000 5848.0254   20.1872
    0.0000  -45.0000   30.0000 6193.4482   20.0960
    7.5000  -45.0000   30.0000 5924.6665   19.9618
   -7.5000  -37.5000   30.0000 6692.8457   19.3340
    0.0000  -37.5000   30.0000 7041.0986   19.2449
    7.5000  -37.5000   30.0000 6705.0742   19.1114
   -7.5000  -30.0000   30.0000 7905.4946   18.7082
    0.0000  -30.0000   30.0000 8332.1250   18.6284
    7.5000  -30.0000   30.0000 7902.1113   18.5051
   -7.5000  -22.5000   30.0000 9158.2168   18.3058
    0.0000  -22.5000   30.0000 9662.8799   18.2392
    7.5000  -22.5000   30.0000 9157.4922   18.1279
   -7.5000  -15.0000   30.000010392.2646   18.0832
    0.0000  -15.0000   30.000010947.4023   18.0284
    7.5000  -15.0000   30.000010399.0186   17.9274
   -7.5000   -7.5000   30.000011640.8750   18.0719
    0.0000   -7.5000   30.000012286.1152   18.0152
    7.5000   -7.5000   30.000011650.9287   17.9136
   -7.5000    0.0000   30.000012829.6201   18.0822
    0.0000    0.0000   30.000013546.4131   18.0124
    7.5000    0.0000   30.000012847.3779   17.9030
   -7.5000    7.5000   30.000013111.5234   18.0732
    0.0000    7.5000   30.000013826.7188   17.9951
    7.5000    7.5000   30.000013107.3721   17.8795
   -7.5000   15.0000   30.000013227.2334   18.0532
    0.0000   15.0000   30.000013934.5215   17.9781
    7.5000   15.0000   30.000013151.2822   17.8628
   -7.5000   22.5000   30.000013132.2793   18.0328
    0.0000   22.5000   30.000013802.2061   17.9681
    7.5000   22.5000   30.000013049.7236   17.8599
   -7.5000   30.0000   30.000012894.5068   17.8161
    0.0000   30.0000   30.000013483.7793   17.7622
    7.5000   30.0000   30.000012787.4648   17.6629
   -7.5000   37.5000   30.000013113.6621   17.8366
    0.0000   37.5000   30.000013698.9648   17.7807
    7.5000   37.5000   30.000012954.6152   17.6804
   -7.5000   45.0000   30.000012687.2949   17.4292
    0.0000   45.0000   30.000013260.0557   17.3619
    7.5000   45.0000   30.000012524.9785   17.2564
   -7.5000  -45.0000   37.5000 5638.9258   20.1936
    0.0000  -45.0000   37.5000 5950.4668   20.0980
    7.5000  -45.0000   37.5000 5675.4038   19.9652
   -7.5000  -37.5000   37.5000 6427.4575   19.3515
    0.0000  -37.5000   37.5000 6761.9370   19.2587
    7.5000  -37.5000   37.5000 6427.8228   19.1326
   -7.5000  -30.0000   37.5000 7593.4214   18.7316
    0.0000  -30.0000   37.5000 7979.5615   18.6434
    7.5000  -30.0000   37.5000 7578.1504   18.5239
   -7.5000  -22.5000   37.5000 8822.7490   18.3152
    0.0000  -22.5000   37.5000 9247.5596   18.2371
    7.5000  -22.5000   37.5000 8799.3574   18.1239
   -7.5000  -15.0000   37.500010019.2949   18.0869
    0.0000  -15.0000   37.500010467.3105   18.0197
    7.5000  -15.0000   37.500010010.4375   17.9129
   -7.5000   -7.5000   37.500011223.1758   18.0811
    0.0000   -7.5000   37.500011711.2930   18.0163
    7.5000   -7.5000   37.500011214.3613   17.9120
   -7.5000    0.0000   37.500012359.9580   18.1026
    0.0000    0.0000   37.500012925.8213   18.0300
    7.5000    0.0000   37.500012386.0771   17.9244
   -7.5000    7.5000   37.500012595.2676   18.0997
    0.0000    7.5000   37.500013167.1123   18.0184
    7.5000    7.5000   37.500012614.6943   17.9094
   -7.5000   15.0000   37.500012625.2676   18.0745
    0.0000   15.0000   37.500013199.4707   17.9923
    7.5000   15.0000   37.500012614.3877   17.8811
   -7.5000   22.5000   37.500012514.9639   18.0426
    0.0000   22.5000   37.500013047.2998   17.9669
    7.5000   22.5000   37.500012481.1621   17.8570
   -7.5000   30.0000   37.500012287.2979   17.8198
    0.0000   30.0000   37.500012798.9834   17.7538
    7.5000   30.0000   37.500012224.7354   17.6488
   -7.5000   37.5000   37.500012492.2363   17.8457
    0.0000   37.5000   37.500013009.8193   17.7817
    7.5000   37.5000   37.500012390.8047   17.6788
   -7.5000   45.0000   37.500012114.7217   17.4488
    0.0000   45.0000   37.500012622.9648   17.3789
    7.5000   45.0000   37.500012031.5361   17.2770
   -7.5000  -45.0000   45.0000 5244.6294   20.3558
    0.0000  -45.0000   45.0000 5483.4990   20.2513
    7.5000  -45.0000   45.0000 5227.7031   20.1051
   -7.5000  -37.5000   45.0000 5957.4971   19.4934
    0.0000  -37.5000   45.0000 6222.2305   19.3939
    7.5000  -37.5000   45.0000 5931.0303   19.2628
   -7.5000  -30.0000   45.0000 7001.4077   18.8591
    0.0000  -30.0000   45.0000 7312.0532   18.7636
    7.5000  -30.0000   45.0000 6974.2036   18.6442
   -7.5000  -22.5000   45.0000 8124.5156   18.4226
    0.0000  -22.5000   45.0000 8446.0781   18.3360
    7.5000  -22.5000   45.0000 8062.0161   18.2215
   -7.5000  -15.0000   45.0000 9226.4062   18.1863
    0.0000  -15.0000   45.0000 9587.7764   18.1085
    7.5000  -15.0000   45.0000 9154.1328   17.9951
   -7.5000   -7.5000   45.000010316.1826   18.1888
    0.0000   -7.5000   45.000010747.8867   18.1141
    7.5000   -7.5000   45.000010275.2803   18.0002
   -7.5000    0.0000   45.000011376.4238   18.2236
    0.0000    0.0000   45.000011856.5332   18.1437
    7.5000    0.0000   45.000011351.5381   18.0305
   -7.5000    7.5000   45.000011571.2646   18.2250
    0.0000    7.5000   45.000012059.0889   18.1381
    7.5000    7.5000   45.000011530.8887   18.0266
   -7.5000   15.0000   45.000011583.4834   18.1913
    0.0000   15.0000   45.000012048.4805   18.1031
    7.5000   15.0000   45.000011513.7773   17.9930
   -7.5000   22.5000   45.000011458.4033   18.1468
    0.0000   22.5000   45.000011896.1729   18.0629
    7.5000   22.5000   45.000011364.2109   17.9520
   -7.5000   30.0000   45.000011235.6133   17.9168
    0.0000   30.0000   45.000011667.8838   17.8403
    7.5000   30.0000   45.000011142.0898   17.7288
   -7.5000   37.5000   45.000011435.9229   17.9507
    0.0000   37.5000   45.000011860.0498   17.8769
    7.5000   37.5000   45.000011318.6572   17.7645
   -7.5000   45.0000   45.000011116.0850   17.5734
    0.0000   45.0000   45.000011546.6367   17.4963
    7.5000   45.0000   45.000011037.4180   17.3872

---------------------------------------------------------------------
imgreg_4dfp /opt/freesurfer/average/711-2C_as_mni_average_305 /opt/freesurfer/average/711-2B_as_mni_average_305_mask talsrcimg_g11 none talsrcimg_to_711-2C_as_mni_average_305_t4 4355
---------------------------------------------------------------------

freesurfer imgreg_4dfp.c
/opt/freesurfer/average/711-2C_as_mni_average_305.4dfp.img
       256       256       256         1
  1.000000  1.000000  1.000000
orientation T byte_order littleendian
Reading image: /opt/freesurfer/average/711-2C_as_mni_average_305.4dfp.img
dimensions:      256       256       256
mmppix:       1.0000   -1.0000   -1.0000
center:     128.0000 -129.0000 -129.0000
/opt/freesurfer/average/711-2B_as_mni_average_305_mask.4dfp.img
       256       256       256         1
  1.000000  1.000000  1.000000
orientation T byte_order littleendian
Reading mask: /opt/freesurfer/average/711-2B_as_mni_average_305_mask.4dfp.img (2306576 pixels)
talsrcimg_g11.4dfp.img
       256       256       256         1
  1.000000  1.000000  1.000000
orientation T byte_order littleendian
Reading image: talsrcimg_g11.4dfp.img
dimensions:      256       256       256
mmppix:       1.0000   -1.0000   -1.0000
center:     128.0000 -129.0000 -129.0000
rotation matrix determinant  1.000000
image alignment mode   4355 decimal     1103 hex
   -7.5000  -30.0000  -45.0000 1691.3422   29.8283
    0.0000  -30.0000  -45.0000 1703.6781   29.8987
    7.5000  -30.0000  -45.0000 1691.5199   30.1055
   -7.5000  -22.5000  -45.0000 1807.5930   26.0657
    0.0000  -22.5000  -45.0000 1815.2756   26.0406
    7.5000  -22.5000  -45.0000 1802.4381   26.3302
   -7.5000  -15.0000  -45.0000 1907.9418   23.1034
    0.0000  -15.0000  -45.0000 1915.4689   23.0878
    7.5000  -15.0000  -45.0000 1902.4341   23.3199
   -7.5000   -7.5000  -45.0000 2005.1538   20.9009
    0.0000   -7.5000  -45.0000 2013.7832   20.8910
    7.5000   -7.5000  -45.0000 2000.9568   21.0294
   -7.5000    0.0000  -45.0000 2093.5264   19.2925
    0.0000    0.0000  -45.0000 2103.3982   19.2724
    7.5000    0.0000  -45.0000 2091.6018   19.3757
   -7.5000    7.5000  -45.0000 2150.9780   18.0479
    0.0000    7.5000  -45.0000 2164.2554   18.0393
    7.5000    7.5000  -45.0000 2148.2539   18.1583
   -7.5000   15.0000  -45.0000 2190.6863   17.0673
    0.0000   15.0000  -45.0000 2202.3735   17.0538
    7.5000   15.0000  -45.0000 2180.3264   17.2354
   -7.5000   22.5000  -45.0000 2212.4141   16.4327
    0.0000   22.5000  -45.0000 2221.4504   16.3926
    7.5000   22.5000  -45.0000 2199.6792   16.6171
   -7.5000   30.0000  -45.0000 2219.4631   16.1817
    0.0000   30.0000  -45.0000 2226.8154   16.1205
    7.5000   30.0000  -45.0000 2203.0376   16.3270
   -7.5000   37.5000  -45.0000 2211.9185   16.2654
    0.0000   37.5000  -45.0000 2215.3684   16.2031
    7.5000   37.5000  -45.0000 2192.2314   16.3829
   -7.5000   45.0000  -45.0000 2191.1384   16.7141
    0.0000   45.0000  -45.0000 2188.9731   16.6412
    7.5000   45.0000  -45.0000 2165.8181   16.8455
   -7.5000   52.5000  -45.0000 2133.7883   17.3138
    0.0000   52.5000  -45.0000 2134.7793   17.2640
    7.5000   52.5000  -45.0000 2113.9561   17.5238
   -7.5000   60.0000  -45.0000 2034.5974   17.9997
    0.0000   60.0000  -45.0000 2040.4979   17.9780
    7.5000   60.0000  -45.0000 2015.7886   18.2551
   -7.5000  -30.0000  -37.5000 1759.1868   27.5533
    0.0000  -30.0000  -37.5000 1768.0083   27.6551
    7.5000  -30.0000  -37.5000 1754.3896   27.7721
   -7.5000  -22.5000  -37.5000 1887.1263   24.0333
    0.0000  -22.5000  -37.5000 1887.5719   24.0200
    7.5000  -22.5000  -37.5000 1872.5205   24.1687
   -7.5000  -15.0000  -37.5000 1994.0474   21.2854
    0.0000  -15.0000  -37.5000 1995.8987   21.3148
    7.5000  -15.0000  -37.5000 1983.4530   21.4071
   -7.5000   -7.5000  -37.5000 2103.2334   19.3191
    0.0000   -7.5000  -37.5000 2111.3367   19.3533
    7.5000   -7.5000  -37.5000 2094.4766   19.3821
   -7.5000    0.0000  -37.5000 2197.3801   17.8303
    0.0000    0.0000  -37.5000 2201.9895   17.8726
    7.5000    0.0000  -37.5000 2188.4077   17.9008
   -7.5000    7.5000  -37.5000 2258.7224   16.6457
    0.0000    7.5000  -37.5000 2265.7334   16.6710
    7.5000    7.5000  -37.5000 2247.9214   16.7400
   -7.5000   15.0000  -37.5000 2295.4033   15.7871
    0.0000   15.0000  -37.5000 2304.3596   15.7642
    7.5000   15.0000  -37.5000 2278.3660   15.8828
   -7.5000   22.5000  -37.5000 2314.8899   15.1467
    0.0000   22.5000  -37.5000 2323.6555   15.1314
    7.5000   22.5000  -37.5000 2295.2070   15.3064
   -7.5000   30.0000  -37.5000 2321.2324   14.8622
    0.0000   30.0000  -37.5000 2328.0164   14.8154
    7.5000   30.0000  -37.5000 2302.8955   14.9905
   -7.5000   37.5000  -37.5000 2317.6216   14.9112
    0.0000   37.5000  -37.5000 2321.4875   14.8597
    7.5000   37.5000  -37.5000 2297.0447   15.0637
   -7.5000   45.0000  -37.5000 2301.1763   15.2717
    0.0000   45.0000  -37.5000 2303.0178   15.2327
    7.5000   45.0000  -37.5000 2277.2942   15.4398
   -7.5000   52.5000  -37.5000 2247.6985   15.8422
    0.0000   52.5000  -37.5000 2249.6077   15.8077
    7.5000   52.5000  -37.5000 2221.3577   16.0503
   -7.5000   60.0000  -37.5000 2140.6394   16.5019
    0.0000   60.0000  -37.5000 2141.4241   16.4754
    7.5000   60.0000  -37.5000 2113.9817   16.7201
   -7.5000  -30.0000  -30.0000 1853.5205   26.5526
    0.0000  -30.0000  -30.0000 1854.6310   26.6286
    7.5000  -30.0000  -30.0000 1845.5758   26.6709
   -7.5000  -22.5000  -30.0000 1987.7175   23.1596
    0.0000  -22.5000  -30.0000 1986.8840   23.2355
    7.5000  -22.5000  -30.0000 1975.7395   23.2711
   -7.5000  -15.0000  -30.0000 2109.7444   20.5618
    0.0000  -15.0000  -30.0000 2117.1577   20.6226
    7.5000  -15.0000  -30.0000 2100.8362   20.6133
   -7.5000   -7.5000  -30.0000 2229.1785   18.6510
    0.0000   -7.5000  -30.0000 2244.5303   18.6838
    7.5000   -7.5000  -30.0000 2222.0002   18.6883
   -7.5000    0.0000  -30.0000 2329.2200   17.1530
    0.0000    0.0000  -30.0000 2341.2971   17.1630
    7.5000    0.0000  -30.0000 2322.2148   17.1766
   -7.5000    7.5000  -30.0000 2396.5330   15.9533
    0.0000    7.5000  -30.0000 2403.8328   15.9454
    7.5000    7.5000  -30.0000 2385.2017   15.9871
   -7.5000   15.0000  -30.0000 2440.8083   15.0652
    0.0000   15.0000  -30.0000 2447.3823   15.0395
    7.5000   15.0000  -30.0000 2423.7666   15.1738
   -7.5000   22.5000  -30.0000 2466.8835   14.4870
    0.0000   22.5000  -30.0000 2472.6748   14.4539
    7.5000   22.5000  -30.0000 2446.9573   14.5893
   -7.5000   30.0000  -30.0000 2480.9346   14.1808
    0.0000   30.0000  -30.0000 2482.2639   14.1443
    7.5000   30.0000  -30.0000 2459.0823   14.3049
   -7.5000   37.5000  -30.0000 2481.1292   14.2458
    0.0000   37.5000  -30.0000 2481.6755   14.1881
    7.5000   37.5000  -30.0000 2451.9595   14.3839
   -7.5000   45.0000  -30.0000 2457.9226   14.5748
    0.0000   45.0000  -30.0000 2462.3147   14.5100
    7.5000   45.0000  -30.0000 2427.9075   14.7038
   -7.5000   52.5000  -30.0000 2397.7083   15.0976
    0.0000   52.5000  -30.0000 2403.1528   15.0638
    7.5000   52.5000  -30.0000 2366.5417   15.2807
   -7.5000   60.0000  -30.0000 2286.3174   15.7514
    0.0000   60.0000  -30.0000 2281.6626   15.7401
    7.5000   60.0000  -30.0000 2247.6211   15.9718
   -7.5000  -30.0000  -22.5000 1923.6561   25.6271
    0.0000  -30.0000  -22.5000 1923.4376   25.5387
    7.5000  -30.0000  -22.5000 1913.8076   25.6030
   -7.5000  -22.5000  -22.5000 2061.6963   22.2303
    0.0000  -22.5000  -22.5000 2067.4812   22.2711
    7.5000  -22.5000  -22.5000 2054.7690   22.2501
   -7.5000  -15.0000  -22.5000 2199.9236   19.7332
    0.0000  -15.0000  -22.5000 2209.5383   19.7466
    7.5000  -15.0000  -22.5000 2191.5986   19.6887
   -7.5000   -7.5000  -22.5000 2325.8447   17.8568
    0.0000   -7.5000  -22.5000 2340.1130   17.8596
    7.5000   -7.5000  -22.5000 2321.0288   17.8410
   -7.5000    0.0000  -22.5000 2427.4954   16.3656
    0.0000    0.0000  -22.5000 2442.8208   16.3491
    7.5000    0.0000  -22.5000 2426.2214   16.3410
   -7.5000    7.5000  -22.5000 2494.2820   15.1585
    0.0000    7.5000  -22.5000 2506.5820   15.0841
    7.5000    7.5000  -22.5000 2491.4258   15.1422
   -7.5000   15.0000  -22.5000 2552.2017   14.2790
    0.0000   15.0000  -22.5000 2558.8455   14.2191
    7.5000   15.0000  -22.5000 2539.6274   14.3100
   -7.5000   22.5000  -22.5000 2596.2791   13.6768
    0.0000   22.5000  -22.5000 2598.3083   13.6531
    7.5000   22.5000  -22.5000 2576.5125   13.7779
   -7.5000   30.0000  -22.5000 2616.6472   13.3967
    0.0000   30.0000  -22.5000 2614.4463   13.3553
    7.5000   30.0000  -22.5000 2593.9094   13.5401
   -7.5000   37.5000  -22.5000 2615.3850   13.4695
    0.0000   37.5000  -22.5000 2615.8687   13.4181
    7.5000   37.5000  -22.5000 2588.2512   13.6117
   -7.5000   45.0000  -22.5000 2594.6179   13.7845
    0.0000   45.0000  -22.5000 2601.0056   13.7489
    7.5000   45.0000  -22.5000 2562.3953   13.9230
   -7.5000   52.5000  -22.5000 2529.4116   14.3015
    0.0000   52.5000  -22.5000 2534.6118   14.2691
    7.5000   52.5000  -22.5000 2489.7798   14.4544
   -7.5000   60.0000  -22.5000 2405.6091   14.9195
    0.0000   60.0000  -22.5000 2410.5049   14.9138
    7.5000   60.0000  -22.5000 2365.1772   15.1103
   -7.5000  -30.0000  -15.0000 1961.6930   24.6642
    0.0000  -30.0000  -15.0000 1974.2491   24.6169
    7.5000  -30.0000  -15.0000 1962.8806   24.5548
   -7.5000  -22.5000  -15.0000 2109.5854   21.3540
    0.0000  -22.5000  -15.0000 2123.6379   21.3095
    7.5000  -22.5000  -15.0000 2110.2747   21.3080
   -7.5000  -15.0000  -15.0000 2254.6421   18.9063
    0.0000  -15.0000  -15.0000 2268.0122   18.8176
    7.5000  -15.0000  -15.0000 2254.9744   18.8772
   -7.5000   -7.5000  -15.0000 2382.5200   17.0184
    0.0000   -7.5000  -15.0000 2394.1658   16.9511
    7.5000   -7.5000  -15.0000 2384.4202   16.9966
   -7.5000    0.0000  -15.0000 2483.9827   15.5030
    0.0000    0.0000  -15.0000 2500.4548   15.4090
    7.5000    0.0000  -15.0000 2485.6174   15.4533
   -7.5000    7.5000  -15.0000 2565.7932   14.3406
    0.0000    7.5000  -15.0000 2577.1770   14.2468
    7.5000    7.5000  -15.0000 2564.2651   14.3271
   -7.5000   15.0000  -15.0000 2627.9675   13.4929
    0.0000   15.0000  -15.0000 2637.2581   13.3949
    7.5000   15.0000  -15.0000 2622.1006   13.4708
   -7.5000   22.5000  -15.0000 2686.0669   12.8870
    0.0000   22.5000  -15.0000 2689.4844   12.8295
    7.5000   22.5000  -15.0000 2666.7395   12.9481
   -7.5000   30.0000  -15.0000 2713.9475   12.5892
    0.0000   30.0000  -15.0000 2715.8918   12.5549
    7.5000   30.0000  -15.0000 2690.2134   12.7048
   -7.5000   37.5000  -15.0000 2719.7527   12.6729
    0.0000   37.5000  -15.0000 2725.5823   12.6267
    7.5000   37.5000  -15.0000 2688.8564   12.8025
   -7.5000   45.0000  -15.0000 2704.2275   13.0206
    0.0000   45.0000  -15.0000 2713.0532   12.9922
    7.5000   45.0000  -15.0000 2670.5981   13.1412
   -7.5000   52.5000  -15.0000 2634.1426   13.5218
    0.0000   52.5000  -15.0000 2638.3770   13.5001
    7.5000   52.5000  -15.0000 2592.1868   13.6666
   -7.5000   60.0000  -15.0000 2498.7385   14.1291
    0.0000   60.0000  -15.0000 2502.5122   14.0830
    7.5000   60.0000  -15.0000 2461.1548   14.2660
   -7.5000  -30.0000   -7.5000 2001.7592   23.7717
    0.0000  -30.0000   -7.5000 2012.1008   23.6906
    7.5000  -30.0000   -7.5000 2001.3247   23.6092
   -7.5000  -22.5000   -7.5000 2152.3779   20.5769
    0.0000  -22.5000   -7.5000 2162.8496   20.3791
    7.5000  -22.5000   -7.5000 2153.9299   20.3967
   -7.5000  -15.0000   -7.5000 2295.7419   18.1128
    0.0000  -15.0000   -7.5000 2310.2349   17.9413
    7.5000  -15.0000   -7.5000 2300.5383   17.9935
   -7.5000   -7.5000   -7.5000 2420.0637   16.2045
    0.0000   -7.5000   -7.5000 2433.5256   16.0732
    7.5000   -7.5000   -7.5000 2423.8586   16.1177
   -7.5000    0.0000   -7.5000 2528.4023   14.7082
    0.0000    0.0000   -7.5000 2541.8655   14.5714
    7.5000    0.0000   -7.5000 2533.5012   14.6376
   -7.5000    7.5000   -7.5000 2625.5178   13.5762
    0.0000    7.5000   -7.5000 2638.5100   13.4816
    7.5000    7.5000   -7.5000 2625.5000   13.5301
   -7.5000   15.0000   -7.5000 2699.4055   12.7336
    0.0000   15.0000   -7.5000 2713.7493   12.6601
    7.5000   15.0000   -7.5000 2697.0474   12.7263
   -7.5000   22.5000   -7.5000 2764.5713   12.1466
    0.0000   22.5000   -7.5000 2774.7278   12.0760
    7.5000   22.5000   -7.5000 2747.4319   12.1927
   -7.5000   30.0000   -7.5000 2805.2520   11.8201
    0.0000   30.0000   -7.5000 2811.5552   11.7579
    7.5000   30.0000   -7.5000 2774.5637   11.9144
   -7.5000   37.5000   -7.5000 2815.3845   11.9012
    0.0000   37.5000   -7.5000 2820.6121   11.8399
    7.5000   37.5000   -7.5000 2780.5513   11.9985
   -7.5000   45.0000   -7.5000 2796.2693   12.2548
    0.0000   45.0000   -7.5000 2802.5200   12.1949
    7.5000   45.0000   -7.5000 2759.5518   12.3492
   -7.5000   52.5000   -7.5000 2718.5642   12.7312
    0.0000   52.5000   -7.5000 2716.9600   12.7023
    7.5000   52.5000   -7.5000 2681.3279   12.8699
   -7.5000   60.0000   -7.5000 2572.4290   13.3263
    0.0000   60.0000   -7.5000 2571.9707   13.2831
    7.5000   60.0000   -7.5000 2538.9253   13.4512
   -7.5000  -30.0000    0.0000 2026.3802   23.2398
    0.0000  -30.0000    0.0000 2034.8447   23.0132
    7.5000  -30.0000    0.0000 2027.2605   23.1296
   -7.5000  -22.5000    0.0000 2182.3669   20.0332
    0.0000  -22.5000    0.0000 2191.3743   19.7843
    7.5000  -22.5000    0.0000 2184.5229   19.8820
   -7.5000  -15.0000    0.0000 2316.5933   17.5256
    0.0000  -15.0000    0.0000 2331.6165   17.3446
    7.5000  -15.0000    0.0000 2322.9741   17.4045
   -7.5000   -7.5000    0.0000 2437.7974   15.6105
    0.0000   -7.5000    0.0000 2453.8972   15.4652
    7.5000   -7.5000    0.0000 2441.9504   15.5051
   -7.5000    0.0000    0.0000 2558.0127   14.1601
    0.0000    0.0000    0.0000 2569.9143   13.9977
    7.5000    0.0000    0.0000 2556.0935   14.0452
   -7.5000    7.5000    0.0000 2671.2078   13.0280
    0.0000    7.5000    0.0000 2681.5334   12.8769
    7.5000    7.5000    0.0000 2667.6750   12.9200
   -7.5000   15.0000    0.0000 2760.9861   12.1925
    0.0000   15.0000    0.0000 2774.3584   12.0775
    7.5000   15.0000    0.0000 2754.4651   12.1388
   -7.5000   22.5000    0.0000 2835.9495   11.6033
    0.0000   22.5000    0.0000 2845.8357   11.5145
    7.5000   22.5000    0.0000 2817.2778   11.6143
   -7.5000   30.0000    0.0000 2889.5615   11.2512
    0.0000   30.0000    0.0000 2894.3696   11.1565
    7.5000   30.0000    0.0000 2848.7581   11.3233
   -7.5000   37.5000    0.0000 2903.1719   11.3136
    0.0000   37.5000    0.0000 2903.4006   11.2083
    7.5000   37.5000    0.0000 2857.1519   11.3717
   -7.5000   45.0000    0.0000 2871.8103   11.6340
    0.0000   45.0000    0.0000 2871.4802   11.5579
    7.5000   45.0000    0.0000 2828.3513   11.7268
   -7.5000   52.5000    0.0000 2778.5195   12.1195
    0.0000   52.5000    0.0000 2776.6465   12.0602
    7.5000   52.5000    0.0000 2739.1257   12.2600
   -7.5000   60.0000    0.0000 2622.0894   12.7546
    0.0000   60.0000    0.0000 2621.3069   12.6606
    7.5000   60.0000    0.0000 2587.0544   12.8657
   -7.5000  -30.0000    7.5000 2044.5529   23.1827
    0.0000  -30.0000    7.5000 2061.2993   22.9107
    7.5000  -30.0000    7.5000 2041.3533   22.9658
   -7.5000  -22.5000    7.5000 2204.7310   19.9623
    0.0000  -22.5000    7.5000 2218.6934   19.6882
    7.5000  -22.5000    7.5000 2201.9590   19.7685
   -7.5000  -15.0000    7.5000 2331.2800   17.3693
    0.0000  -15.0000    7.5000 2347.2410   17.1372
    7.5000  -15.0000    7.5000 2329.0051   17.2283
   -7.5000   -7.5000    7.5000 2455.6460   15.4077
    0.0000   -7.5000    7.5000 2462.4473   15.1461
    7.5000   -7.5000    7.5000 2448.6335   15.2702
   -7.5000    0.0000    7.5000 2577.0837   13.9107
    0.0000    0.0000    7.5000 2580.3523   13.6394
    7.5000    0.0000    7.5000 2563.6650   13.7670
   -7.5000    7.5000    7.5000 2691.1726   12.7308
    0.0000    7.5000    7.5000 2699.5745   12.5092
    7.5000    7.5000    7.5000 2679.3816   12.6071
   -7.5000   15.0000    7.5000 2797.2583   11.8808
    0.0000   15.0000    7.5000 2810.1404   11.6825
    7.5000   15.0000    7.5000 2780.4702   11.7729
   -7.5000   22.5000    7.5000 2894.1848   11.3272
    0.0000   22.5000    7.5000 2904.8901   11.1509
    7.5000   22.5000    7.5000 2867.1543   11.2607
   -7.5000   30.0000    7.5000 2971.0059   10.9671
    0.0000   30.0000    7.5000 2974.6211   10.8038
    7.5000   30.0000    7.5000 2907.4717   11.0068
   -7.5000   37.5000    7.5000 2981.5312   10.9714
    0.0000   37.5000    7.5000 2976.7173   10.7976
    7.5000   37.5000    7.5000 2906.9119   11.0343
   -7.5000   45.0000    7.5000 2928.9763   11.2847
    0.0000   45.0000    7.5000 2927.5842   11.1261
    7.5000   45.0000    7.5000 2870.0640   11.3747
   -7.5000   52.5000    7.5000 2826.3921   11.7659
    0.0000   52.5000    7.5000 2823.8198   11.6280
    7.5000   52.5000    7.5000 2773.9785   11.8839
   -7.5000   60.0000    7.5000 2662.2363   12.4464
    0.0000   60.0000    7.5000 2660.2573   12.3157
    7.5000   60.0000    7.5000 2623.0146   12.5095
   -7.5000  -30.0000   15.0000 2047.2382   23.4053
    0.0000  -30.0000   15.0000 2058.0764   23.0181
    7.5000  -30.0000   15.0000 2040.8497   23.0601
   -7.5000  -22.5000   15.0000 2205.4087   19.9909
    0.0000  -22.5000   15.0000 2218.0808   19.7310
    7.5000  -22.5000   15.0000 2192.2271   19.7227
   -7.5000  -15.0000   15.0000 2329.3496   17.3199
    0.0000  -15.0000   15.0000 2339.8074   17.1294
    7.5000  -15.0000   15.0000 2319.2139   17.1771
   -7.5000   -7.5000   15.0000 2453.9460   15.3632
    0.0000   -7.5000   15.0000 2458.9434   15.1638
    7.5000   -7.5000   15.0000 2434.3921   15.2335
   -7.5000    0.0000   15.0000 2578.6843   13.8545
    0.0000    0.0000   15.0000 2574.6770   13.6399
    7.5000    0.0000   15.0000 2555.6216   13.6958
   -7.5000    7.5000   15.0000 2696.8499   12.6311
    0.0000    7.5000   15.0000 2694.4558   12.4322
    7.5000    7.5000   15.0000 2675.6082   12.5110
   -7.5000   15.0000   15.0000 2811.8684   11.7639
    0.0000   15.0000   15.0000 2811.9019   11.5845
    7.5000   15.0000   15.0000 2784.3223   11.6810
   -7.5000   22.5000   15.0000 2927.8413   11.3149
    0.0000   22.5000   15.0000 2928.3491   11.1401
    7.5000   22.5000   15.0000 2882.6143   11.2027
   -7.5000   30.0000   15.0000 3020.2551   11.0227
    0.0000   30.0000   15.0000 3020.2839   10.8869
    7.5000   30.0000   15.0000 2937.6660   10.9901
   -7.5000   37.5000   15.0000 3023.9500   10.9354
    0.0000   37.5000   15.0000 3020.0889   10.8488
    7.5000   37.5000   15.0000 2935.8489   11.0403
   -7.5000   45.0000   15.0000 2954.9531   11.1783
    0.0000   45.0000   15.0000 2956.2700   11.0923
    7.5000   45.0000   15.0000 2889.4915   11.2890
   -7.5000   52.5000   15.0000 2835.2568   11.6467
    0.0000   52.5000   15.0000 2836.9902   11.5683
    7.5000   52.5000   15.0000 2789.6692   11.7407
   -7.5000   60.0000   15.0000 2665.9365   12.3176
    0.0000   60.0000   15.0000 2665.4983   12.2360
    7.5000   60.0000   15.0000 2627.3579   12.3813
   -7.5000  -30.0000   22.5000 2034.0050   23.8199
    0.0000  -30.0000   22.5000 2036.4125   23.5415
    7.5000  -30.0000   22.5000 2017.9739   23.5360
   -7.5000  -22.5000   22.5000 2190.4678   20.2941
    0.0000  -22.5000   22.5000 2197.5864   20.0106
    7.5000  -22.5000   22.5000 2173.2959   20.1037
   -7.5000  -15.0000   22.5000 2320.0181   17.5181
    0.0000  -15.0000   22.5000 2325.4448   17.2494
    7.5000  -15.0000   22.5000 2309.2725   17.4387
   -7.5000   -7.5000   22.5000 2447.9905   15.5034
    0.0000   -7.5000   22.5000 2446.1121   15.2585
    7.5000   -7.5000   22.5000 2427.9441   15.3857
   -7.5000    0.0000   22.5000 2563.8464   13.9797
    0.0000    0.0000   22.5000 2559.3967   13.7767
    7.5000    0.0000   22.5000 2542.3281   13.8537
   -7.5000    7.5000   22.5000 2687.2634   12.7697
    0.0000    7.5000   22.5000 2682.7976   12.6366
    7.5000    7.5000   22.5000 2662.9053   12.6729
   -7.5000   15.0000   22.5000 2806.0466   11.9036
    0.0000   15.0000   22.5000 2805.1765   11.8595
    7.5000   15.0000   22.5000 2774.2224   11.8486
   -7.5000   22.5000   22.5000 2918.3025   11.3936
    0.0000   22.5000   22.5000 2918.7266   11.4060
    7.5000   22.5000   22.5000 2867.9988   11.3636
   -7.5000   30.0000   22.5000 2987.4924   11.0874
    0.0000   30.0000   22.5000 2988.7976   11.1274
    7.5000   30.0000   22.5000 2915.9133   11.1724
   -7.5000   37.5000   22.5000 2994.9500   11.1674
    0.0000   37.5000   22.5000 2996.4937   11.1411
    7.5000   37.5000   22.5000 2917.4980   11.2343
   -7.5000   45.0000   22.5000 2932.9189   11.4227
    0.0000   45.0000   22.5000 2937.3289   11.3538
    7.5000   45.0000   22.5000 2876.2410   11.4585
   -7.5000   52.5000   22.5000 2816.2998   11.8208
    0.0000   52.5000   22.5000 2818.1572   11.7342
    7.5000   52.5000   22.5000 2774.9084   11.8916
   -7.5000   60.0000   22.5000 2645.9927   12.4286
    0.0000   60.0000   22.5000 2643.5698   12.3083
    7.5000   60.0000   22.5000 2614.6362   12.4567
   -7.5000  -30.0000   30.0000 2003.6714   24.4295
    0.0000  -30.0000   30.0000 2002.7225   24.0766
    7.5000  -30.0000   30.0000 1982.3914   24.0830
   -7.5000  -22.5000   30.0000 2156.9204   20.6888
    0.0000  -22.5000   30.0000 2164.0232   20.4673
    7.5000  -22.5000   30.0000 2143.2996   20.5835
   -7.5000  -15.0000   30.0000 2296.9417   17.9035
    0.0000  -15.0000   30.0000 2299.6030   17.7274
    7.5000  -15.0000   30.0000 2281.7593   17.8714
   -7.5000   -7.5000   30.0000 2428.9360   15.9046
    0.0000   -7.5000   30.0000 2428.1589   15.7762
    7.5000   -7.5000   30.0000 2403.9338   15.8800
   -7.5000    0.0000   30.0000 2548.6077   14.3544
    0.0000    0.0000   30.0000 2545.7974   14.2658
    7.5000    0.0000   30.0000 2521.0730   14.3457
   -7.5000    7.5000   30.0000 2674.1770   13.1913
    0.0000    7.5000   30.0000 2668.3035   13.1080
    7.5000    7.5000   30.0000 2640.8230   13.1673
   -7.5000   15.0000   30.0000 2788.4216   12.3459
    0.0000   15.0000   30.0000 2777.7822   12.2676
    7.5000   15.0000   30.0000 2744.4709   12.3236
   -7.5000   22.5000   30.0000 2879.4158   11.7747
    0.0000   22.5000   30.0000 2871.0095   11.7185
    7.5000   22.5000   30.0000 2828.9587   11.8132
   -7.5000   30.0000   30.0000 2931.4888   11.4806
    0.0000   30.0000   30.0000 2923.2488   11.4081
    7.5000   30.0000   30.0000 2873.4534   11.5743
   -7.5000   37.5000   30.0000 2941.5181   11.5769
    0.0000   37.5000   30.0000 2935.4839   11.4708
    7.5000   37.5000   30.0000 2877.4141   11.6054
   -7.5000   45.0000   30.0000 2882.4292   11.8965
    0.0000   45.0000   30.0000 2880.6377   11.7831
    7.5000   45.0000   30.0000 2829.3179   11.8904
   -7.5000   52.5000   30.0000 2769.8772   12.3297
    0.0000   52.5000   30.0000 2766.1226   12.2191
    7.5000   52.5000   30.0000 2727.2244   12.3416
   -7.5000   60.0000   30.0000 2605.8286   12.8492
    0.0000   60.0000   30.0000 2600.7698   12.7424
    7.5000   60.0000   30.0000 2570.1155   12.8597
   -7.5000  -30.0000   37.5000 1964.5692   25.2447
    0.0000  -30.0000   37.5000 1964.1136   24.9642
    7.5000  -30.0000   37.5000 1947.1049   25.1186
   -7.5000  -22.5000   37.5000 2126.2070   21.5119
    0.0000  -22.5000   37.5000 2125.1865   21.2607
    7.5000  -22.5000   37.5000 2108.9155   21.4978
   -7.5000  -15.0000   37.5000 2270.5315   18.5979
    0.0000  -15.0000   37.5000 2265.6807   18.4237
    7.5000  -15.0000   37.5000 2250.9968   18.7505
   -7.5000   -7.5000   37.5000 2400.7141   16.5247
    0.0000   -7.5000   37.5000 2393.4080   16.3517
    7.5000   -7.5000   37.5000 2372.6567   16.6426
   -7.5000    0.0000   37.5000 2523.9561   14.9698
    0.0000    0.0000   37.5000 2518.2783   14.8030
    7.5000    0.0000   37.5000 2497.2847   15.0459
   -7.5000    7.5000   37.5000 2650.7383   13.7972
    0.0000    7.5000   37.5000 2644.1040   13.6325
    7.5000    7.5000   37.5000 2617.4470   13.8337
   -7.5000   15.0000   37.5000 2754.8450   12.9005
    0.0000   15.0000   37.5000 2745.7761   12.7589
    7.5000   15.0000   37.5000 2709.5608   12.9274
   -7.5000   22.5000   37.5000 2836.7651   12.2955
    0.0000   22.5000   37.5000 2824.5386   12.1750
    7.5000   22.5000   37.5000 2784.7007   12.3858
   -7.5000   30.0000   37.5000 2874.4077   12.0212
    0.0000   30.0000   37.5000 2861.1282   11.9325
    7.5000   30.0000   37.5000 2817.6392   12.1016
   -7.5000   37.5000   37.5000 2870.9463   12.1204
    0.0000   37.5000   37.5000 2863.4976   12.0177
    7.5000   37.5000   37.5000 2814.4758   12.1512
   -7.5000   45.0000   37.5000 2813.5400   12.4710
    0.0000   45.0000   37.5000 2808.8577   12.3537
    7.5000   45.0000   37.5000 2769.1375   12.4659
   -7.5000   52.5000   37.5000 2705.3455   12.9262
    0.0000   52.5000   37.5000 2701.2046   12.8108
    7.5000   52.5000   37.5000 2670.3784   12.9605
   -7.5000   60.0000   37.5000 2548.0710   13.4319
    0.0000   60.0000   37.5000 2547.6770   13.3190
    7.5000   60.0000   37.5000 2521.0417   13.4745
   -7.5000  -30.0000   45.0000 1919.6879   26.3024
    0.0000  -30.0000   45.0000 1918.6881   25.9073
    7.5000  -30.0000   45.0000 1905.3815   26.1867
   -7.5000  -22.5000   45.0000 2083.0420   22.3383
    0.0000  -22.5000   45.0000 2080.3828   22.0411
    7.5000  -22.5000   45.0000 2066.4358   22.3886
   -7.5000  -15.0000   45.0000 2231.9412   19.4042
    0.0000  -15.0000   45.0000 2226.0784   19.1723
    7.5000  -15.0000   45.0000 2209.4878   19.5666
   -7.5000   -7.5000   45.0000 2363.6992   17.3027
    0.0000   -7.5000   45.0000 2359.8201   17.0968
    7.5000   -7.5000   45.0000 2337.8411   17.4252
   -7.5000    0.0000   45.0000 2487.1108   15.7321
    0.0000    0.0000   45.0000 2483.1685   15.5122
    7.5000    0.0000   45.0000 2460.2878   15.7865
   -7.5000    7.5000   45.0000 2609.5798   14.5021
    0.0000    7.5000   45.0000 2604.0000   14.3018
    7.5000    7.5000   45.0000 2571.2241   14.5361
   -7.5000   15.0000   45.0000 2704.3020   13.5658
    0.0000   15.0000   45.0000 2696.5374   13.4092
    7.5000   15.0000   45.0000 2658.5063   13.6374
   -7.5000   22.5000   45.0000 2770.3086   12.9932
    0.0000   22.5000   45.0000 2758.0876   12.8499
    7.5000   22.5000   45.0000 2716.1445   13.0703
   -7.5000   30.0000   45.0000 2795.3723   12.7346
    0.0000   30.0000   45.0000 2785.1619   12.6287
    7.5000   30.0000   45.0000 2744.3154   12.8117
   -7.5000   37.5000   45.0000 2787.5718   12.8346
    0.0000   37.5000   45.0000 2777.3684   12.7038
    7.5000   37.5000   45.0000 2732.6860   12.8790
   -7.5000   45.0000   45.0000 2729.5569   13.1652
    0.0000   45.0000   45.0000 2724.9385   13.0606
    7.5000   45.0000   45.0000 2689.8987   13.2209
   -7.5000   52.5000   45.0000 2627.1184   13.6152
    0.0000   52.5000   45.0000 2621.7104   13.5301
    7.5000   52.5000   45.0000 2598.4229   13.7086
   -7.5000   60.0000   45.0000 2477.5913   14.0985
    0.0000   60.0000   45.0000 2477.8574   13.9897
    7.5000   60.0000   45.0000 2448.8862   14.1902

---------------------------------------------------------------------
imgreg_4dfp /opt/freesurfer/average/711-2C_as_mni_average_305 /opt/freesurfer/average/711-2B_as_mni_average_305_mask talsrcimg_g11 none talsrcimg_to_711-2C_as_mni_average_305_t4 1283
---------------------------------------------------------------------

freesurfer imgreg_4dfp.c
/opt/freesurfer/average/711-2C_as_mni_average_305.4dfp.img
       256       256       256         1
  1.000000  1.000000  1.000000
orientation T byte_order littleendian
Reading image: /opt/freesurfer/average/711-2C_as_mni_average_305.4dfp.img
dimensions:      256       256       256
mmppix:       1.0000   -1.0000   -1.0000
center:     128.0000 -129.0000 -129.0000
/opt/freesurfer/average/711-2B_as_mni_average_305_mask.4dfp.img
       256       256       256         1
  1.000000  1.000000  1.000000
orientation T byte_order littleendian
Reading mask: /opt/freesurfer/average/711-2B_as_mni_average_305_mask.4dfp.img (2306576 pixels)
talsrcimg_g11.4dfp.img
       256       256       256         1
  1.000000  1.000000  1.000000
orientation T byte_order littleendian
Reading image: talsrcimg_g11.4dfp.img
dimensions:      256       256       256
mmppix:       1.0000   -1.0000   -1.0000
center:     128.0000 -129.0000 -129.0000
rotation matrix determinant  1.000000
fimgreg.f
image alignment mode   1283 decimal      503 hex
parameters
   -7.5000   37.5000   15.0000    0.0000    0.0000    0.0000
eta,q 0.94983 10.88887
niter,ni,del,rscale     5    3   12.0000    1.2000
parameter  1 -0.731918 -> -0.500000 qaram    1.1500
parameter  2  0.729932 ->  0.500000 qaram    1.1500
parameter  5 -0.801910 -> -0.500000 qaram    1.1500
parameter  6 -0.515736 -> -0.500000 qaram    1.1500
parameters
   -4.0500   34.0500   16.4521   -1.3990    3.4500    3.4500
eta,q 0.96643 10.87540
  0.0784  0.0440  0.0553  0.0449  0.0582  0.0478
  0.0691  0.0411  0.0512  0.0414  0.0521  0.0433
  0.0594  0.0423  0.0444  0.0406  0.0458  0.0391
  0.0520  0.0460  0.0412  0.0412  0.0406  0.0356
  0.0475  0.0523  0.0418  0.0434  0.0370  0.0335
  0.0455  0.0591  0.0427  0.0463  0.0355  0.0339
  0.0479  0.0640  0.0474  0.0485  0.0371  0.0359
niter,ni,del,rscale     7    3   12.0000    1.2000
parameters
   -4.1528   34.3301   16.1110   -1.6849    3.9588    3.0431
eta,q 0.96707 10.85368
  0.0605  0.0559  0.0447  0.0405  0.0488  0.0417
  0.0473  0.0448  0.0389  0.0353  0.0418  0.0372
  0.0369  0.0370  0.0345  0.0336  0.0368  0.0337
  0.0336  0.0335  0.0335  0.0335  0.0335  0.0331
  0.0387  0.0361  0.0349  0.0348  0.0337  0.0355
  0.0492  0.0430  0.0402  0.0374  0.0386  0.0389
  0.0611  0.0523  0.0483  0.0409  0.0457  0.0433
niter,ni,del,rscale     6    3   12.0000    1.2000
parameters
   -4.2721   34.4363   15.9697   -1.7515    4.0590    2.9549
eta,q 0.96720 10.84531
  0.0603  0.0552  0.0448  0.0408  0.0474  0.0424
  0.0471  0.0441  0.0394  0.0353  0.0406  0.0379
  0.0364  0.0362  0.0344  0.0332  0.0360  0.0341
  0.0329  0.0329  0.0329  0.0329  0.0329  0.0328
  0.0385  0.0363  0.0342  0.0342  0.0342  0.0349
  0.0488  0.0440  0.0391  0.0367  0.0397  0.0384
  0.0613  0.0532  0.0470  0.0401  0.0473  0.0426
niter,ni,del,rscale     5    3   12.0000    1.2000
parameters
   -4.3017   34.4689   15.9304   -1.7765    4.0813    2.9312
eta,q 0.96722 10.84309
  0.0609  0.0549  0.0449  0.0409  0.0471  0.0426
  0.0476  0.0438  0.0397  0.0354  0.0404  0.0381
  0.0367  0.0359  0.0346  0.0332  0.0358  0.0342
  0.0328  0.0328  0.0328  0.0328  0.0328  0.0328
  0.0380  0.0365  0.0339  0.0341  0.0343  0.0347
  0.0482  0.0445  0.0387  0.0366  0.0400  0.0383
  0.0608  0.0536  0.0464  0.0400  0.0476  0.0425
registration optimization eta report
parameter search radius
    6.9000    6.9000    6.0000    6.0000    6.9000    6.9000
100000*second partial in parameter space
       57.       44.       36.       21.       30.       20.
  0.0609  0.0549  0.0449  0.0409  0.0471  0.0426
  0.0476  0.0438  0.0397  0.0354  0.0404  0.0381
  0.0367  0.0359  0.0346  0.0332  0.0358  0.0342
  0.0328  0.0328  0.0328  0.0328  0.0328  0.0328
  0.0380  0.0365  0.0339  0.0341  0.0343  0.0347
  0.0482  0.0445  0.0387  0.0366  0.0400  0.0383
  0.0608  0.0536  0.0464  0.0400  0.0476  0.0425
   -4.3017   34.4689   15.9304   -1.7765    4.0813    2.9312
eta,q 0.96722 10.84309

---------------------------------------------------------------------
imgreg_4dfp /opt/freesurfer/average/711-2C_as_mni_average_305 /opt/freesurfer/average/711-2B_as_mni_average_305_mask talsrcimg_g11 none talsrcimg_to_711-2C_as_mni_average_305_t4 3335
---------------------------------------------------------------------

freesurfer imgreg_4dfp.c
/opt/freesurfer/average/711-2C_as_mni_average_305.4dfp.img
       256       256       256         1
  1.000000  1.000000  1.000000
orientation T byte_order littleendian
Reading image: /opt/freesurfer/average/711-2C_as_mni_average_305.4dfp.img
dimensions:      256       256       256
mmppix:       1.0000   -1.0000   -1.0000
center:     128.0000 -129.0000 -129.0000
/opt/freesurfer/average/711-2B_as_mni_average_305_mask.4dfp.img
       256       256       256         1
  1.000000  1.000000  1.000000
orientation T byte_order littleendian
Reading mask: /opt/freesurfer/average/711-2B_as_mni_average_305_mask.4dfp.img (2306576 pixels)
talsrcimg_g11.4dfp.img
       256       256       256         1
  1.000000  1.000000  1.000000
orientation T byte_order littleendian
Reading image: talsrcimg_g11.4dfp.img
dimensions:      256       256       256
mmppix:       1.0000   -1.0000   -1.0000
center:     128.0000 -129.0000 -129.0000
fimgreg.f
image alignment mode   3335 decimal      D07 hex
parameters
   -4.3017   34.4689   15.9304   -0.3841   -0.1675   -0.3015
   -4.8908   -7.2631    5.1007    2.7322    7.1173   -3.0921
eta,q 0.96754 10.86325
niter,ni,del,rscale     5    3    5.0000    1.2000
parameter  5  2.046669 ->  0.500000 qaram    1.1500
parameters
   -4.4963   34.7200   16.2105   -3.6228   -4.3075   -2.7160
   -3.9258   -6.8465    6.4663    1.6233    6.0662   -2.0632
eta,q 0.97315 10.66935
  0.0360  0.0358  0.0356  0.0328  0.0260  0.0309  0.0304  0.0345  0.0302  0.0298  0.0283  0.0286
  0.0338  0.0341  0.0341  0.0319  0.0273  0.0288  0.0288  0.0309  0.0288  0.0280  0.0274  0.0277
  0.0327  0.0329  0.0330  0.0316  0.0292  0.0272  0.0277  0.0281  0.0277  0.0270  0.0270  0.0271
  0.0325  0.0324  0.0324  0.0323  0.0316  0.0278  0.0272  0.0271  0.0271  0.0270  0.0269  0.0269
  0.0332  0.0326  0.0324  0.0342  0.0344  0.0315  0.0272  0.0278  0.0270  0.0278  0.0273  0.0269
  0.0348  0.0333  0.0331  0.0370  0.0376  0.0358  0.0278  0.0299  0.0275  0.0297  0.0282  0.0272
  0.0372  0.0346  0.0345  0.0404  0.0409  0.0403  0.0291  0.0329  0.0286  0.0324  0.0296  0.0278
niter,ni,del,rscale     5    3    5.0000    1.2000
parameter  5  0.738939 ->  0.500000 qaram    1.3225
parameters
   -4.3395   34.4430   15.1078   -2.6445   -9.0685   -3.7106
   -3.8102   -6.5450    7.1331    1.6404    6.1305   -2.6638
eta,q 0.97594 10.52224
  0.0314  0.0291  0.0270  0.0303  0.0244  0.0287  0.0271  0.0311  0.0268  0.0277  0.0262  0.0252
  0.0291  0.0277  0.0263  0.0286  0.0240  0.0268  0.0256  0.0278  0.0255  0.0257  0.0251  0.0245
  0.0275  0.0269  0.0262  0.0272  0.0245  0.0248  0.0245  0.0252  0.0245  0.0245  0.0243  0.0241
  0.0268  0.0268  0.0268  0.0262  0.0259  0.0240  0.0241  0.0241  0.0241  0.0241  0.0241  0.0241
  0.0271  0.0274  0.0279  0.0260  0.0281  0.0254  0.0244  0.0248  0.0242  0.0245  0.0243  0.0243
  0.0283  0.0287  0.0295  0.0269  0.0308  0.0288  0.0254  0.0270  0.0249  0.0257  0.0250  0.0248
  0.0305  0.0304  0.0315  0.0290  0.0343  0.0327  0.0270  0.0301  0.0260  0.0277  0.0261  0.0256
niter,ni,del,rscale     5    3    5.0000    1.2000
parameters
   -4.2368   34.8904   14.8370   -1.7755  -10.6364   -4.1917
   -3.9316   -6.4138    7.2092    2.5147    6.1853   -3.2937
eta,q 0.97630 10.47184
  0.0286  0.0284  0.0259  0.0279  0.0268  0.0285  0.0266  0.0303  0.0259  0.0276  0.0258  0.0248
  0.0263  0.0263  0.0247  0.0263  0.0250  0.0266  0.0250  0.0272  0.0247  0.0256  0.0247  0.0241
  0.0247  0.0248  0.0240  0.0249  0.0239  0.0247  0.0241  0.0247  0.0240  0.0243  0.0240  0.0238
  0.0241  0.0241  0.0240  0.0239  0.0238  0.0237  0.0237  0.0237  0.0237  0.0237  0.0237  0.0237
  0.0244  0.0241  0.0245  0.0238  0.0248  0.0244  0.0241  0.0245  0.0239  0.0238  0.0240  0.0239
  0.0257  0.0248  0.0255  0.0247  0.0270  0.0273  0.0251  0.0268  0.0246  0.0245  0.0247  0.0245
  0.0280  0.0260  0.0269  0.0268  0.0297  0.0305  0.0268  0.0299  0.0258  0.0261  0.0258  0.0253
niter,ni,del,rscale     4    3    5.0000    1.2000
parameters
   -4.2223   35.2978   14.6553   -1.5361  -11.1078   -4.4797
   -3.8563   -6.4362    7.2393    3.3355    6.2061   -3.7234
eta,q 0.97642 10.44640
  0.0280  0.0276  0.0258  0.0272  0.0275  0.0285  0.0266  0.0298  0.0256  0.0271  0.0257  0.0248
  0.0257  0.0256  0.0245  0.0257  0.0254  0.0266  0.0250  0.0268  0.0245  0.0252  0.0246  0.0241
  0.0242  0.0243  0.0238  0.0244  0.0240  0.0248  0.0240  0.0245  0.0238  0.0241  0.0238  0.0237
  0.0237  0.0237  0.0236  0.0236  0.0236  0.0236  0.0236  0.0236  0.0236  0.0236  0.0236  0.0236
  0.0242  0.0237  0.0241  0.0237  0.0242  0.0242  0.0239  0.0245  0.0238  0.0237  0.0238  0.0238
  0.0256  0.0244  0.0251  0.0249  0.0259  0.0268  0.0249  0.0268  0.0244  0.0243  0.0246  0.0243
  0.0280  0.0256  0.0265  0.0272  0.0284  0.0300  0.0265  0.0300  0.0256  0.0258  0.0256  0.0251
niter,ni,del,rscale     3    3    5.0000    1.2000
parameters
   -4.2380   35.5744   14.4727   -1.4982  -11.4680   -4.7243
   -3.7367   -6.5059    7.3047    3.9705    6.2357   -3.9711
eta,q 0.97649 10.42167
  0.0278  0.0270  0.0257  0.0269  0.0275  0.0285  0.0265  0.0296  0.0255  0.0268  0.0256  0.0248
  0.0255  0.0252  0.0244  0.0255  0.0254  0.0266  0.0250  0.0267  0.0245  0.0250  0.0245  0.0241
  0.0240  0.0241  0.0237  0.0242  0.0240  0.0248  0.0239  0.0244  0.0238  0.0240  0.0238  0.0236
  0.0236  0.0236  0.0235  0.0235  0.0235  0.0235  0.0236  0.0236  0.0236  0.0236  0.0235  0.0235
  0.0241  0.0237  0.0240  0.0237  0.0241  0.0241  0.0238  0.0244  0.0237  0.0236  0.0238  0.0237
  0.0255  0.0244  0.0250  0.0249  0.0258  0.0266  0.0248  0.0267  0.0244  0.0243  0.0245  0.0242
  0.0279  0.0257  0.0264  0.0273  0.0282  0.0298  0.0264  0.0299  0.0255  0.0258  0.0255  0.0250
niter,ni,del,rscale     2    3    5.0000    1.2000
parameters
   -4.2606   35.8011   14.3042   -1.5087  -11.7757   -4.9605
   -3.6425   -6.5790    7.3480    4.5129    6.2549   -4.1415
eta,q 0.97653 10.39897
  0.0276  0.0268  0.0257  0.0267  0.0275  0.0284  0.0264  0.0295  0.0255  0.0266  0.0255  0.0248
  0.0254  0.0251  0.0244  0.0254  0.0254  0.0265  0.0249  0.0266  0.0245  0.0250  0.0244  0.0240
  0.0240  0.0240  0.0237  0.0242  0.0239  0.0247  0.0239  0.0243  0.0238  0.0240  0.0237  0.0236
  0.0235  0.0235  0.0235  0.0235  0.0235  0.0235  0.0235  0.0235  0.0235  0.0235  0.0235  0.0235
  0.0240  0.0236  0.0239  0.0236  0.0241  0.0240  0.0238  0.0244  0.0237  0.0236  0.0237  0.0237
  0.0254  0.0244  0.0249  0.0249  0.0257  0.0265  0.0248  0.0266  0.0244  0.0243  0.0244  0.0241
  0.0278  0.0258  0.0263  0.0272  0.0281  0.0297  0.0263  0.0298  0.0255  0.0258  0.0255  0.0249
niter,ni,del,rscale     1    3    5.0000    1.2000
parameters
   -4.2811   35.9955   14.1437   -1.5194  -12.0346   -5.1913
   -3.5582   -6.6409    7.3738    4.9921    6.2813   -4.2883
eta,q 0.97655 10.37849
  0.0276  0.0268  0.0256  0.0267  0.0275  0.0283  0.0264  0.0294  0.0255  0.0265  0.0254  0.0248
  0.0253  0.0251  0.0244  0.0253  0.0254  0.0264  0.0249  0.0265  0.0245  0.0249  0.0244  0.0240
  0.0239  0.0240  0.0236  0.0241  0.0240  0.0247  0.0238  0.0243  0.0238  0.0239  0.0237  0.0236
  0.0235  0.0235  0.0234  0.0234  0.0234  0.0234  0.0235  0.0235  0.0235  0.0235  0.0234  0.0234
  0.0239  0.0236  0.0239  0.0236  0.0241  0.0239  0.0238  0.0243  0.0237  0.0236  0.0237  0.0236
  0.0254  0.0244  0.0248  0.0248  0.0257  0.0264  0.0247  0.0266  0.0244  0.0244  0.0244  0.0241
  0.0277  0.0259  0.0262  0.0272  0.0281  0.0296  0.0263  0.0296  0.0255  0.0258  0.0254  0.0249
registration optimization eta report
parameter search radius
    2.4000    2.4000    2.4000    7.2000    9.5220    7.2000
    7.2000    7.2000    7.2000    7.2000    7.2000    7.2000
100000*second partial in parameter space
       73.       49.       43.        7.        5.       10.
        5.       11.        4.        5.        4.        3.
  0.0276  0.0268  0.0256  0.0267  0.0275  0.0283  0.0264  0.0294  0.0255  0.0265  0.0254  0.0248
  0.0253  0.0251  0.0244  0.0253  0.0254  0.0264  0.0249  0.0265  0.0245  0.0249  0.0244  0.0240
  0.0239  0.0240  0.0236  0.0241  0.0240  0.0247  0.0238  0.0243  0.0238  0.0239  0.0237  0.0236
  0.0235  0.0235  0.0234  0.0234  0.0234  0.0234  0.0235  0.0235  0.0235  0.0235  0.0234  0.0234
  0.0239  0.0236  0.0239  0.0236  0.0241  0.0239  0.0238  0.0243  0.0237  0.0236  0.0237  0.0236
  0.0254  0.0244  0.0248  0.0248  0.0257  0.0264  0.0247  0.0266  0.0244  0.0244  0.0244  0.0241
  0.0277  0.0259  0.0262  0.0272  0.0281  0.0296  0.0263  0.0296  0.0255  0.0258  0.0254  0.0249
   -4.2811   35.9955   14.1437   -1.5194  -12.0346   -5.1913
   -3.5582   -6.6409    7.3738    4.9921    6.2813   -4.2883
eta,q 0.97655 10.37849

---------------------------------------------------------------------
imgreg_4dfp /opt/freesurfer/average/711-2C_as_mni_average_305 /opt/freesurfer/average/711-2B_as_mni_average_305_mask talsrcimg_g11 none talsrcimg_to_711-2C_as_mni_average_305_t4 2311
---------------------------------------------------------------------

freesurfer imgreg_4dfp.c
/opt/freesurfer/average/711-2C_as_mni_average_305.4dfp.img
       256       256       256         1
  1.000000  1.000000  1.000000
orientation T byte_order littleendian
Reading image: /opt/freesurfer/average/711-2C_as_mni_average_305.4dfp.img
dimensions:      256       256       256
mmppix:       1.0000   -1.0000   -1.0000
center:     128.0000 -129.0000 -129.0000
/opt/freesurfer/average/711-2B_as_mni_average_305_mask.4dfp.img
       256       256       256         1
  1.000000  1.000000  1.000000
orientation T byte_order littleendian
Reading mask: /opt/freesurfer/average/711-2B_as_mni_average_305_mask.4dfp.img (2306576 pixels)
talsrcimg_g11.4dfp.img
       256       256       256         1
  1.000000  1.000000  1.000000
orientation T byte_order littleendian
Reading image: talsrcimg_g11.4dfp.img
dimensions:      256       256       256
mmppix:       1.0000   -1.0000   -1.0000
center:     128.0000 -129.0000 -129.0000
fimgreg.f
image alignment mode   2311 decimal      907 hex
parameters
   -4.2811   35.9955   14.1437   -1.5194  -12.0346   -5.1913
   -3.5582   -6.6409    7.3738    4.9921    6.2813   -4.2883
eta,q 0.97655 10.37848
niter,ni,del,rscale     5    3    5.0000    0.8000
parameters
   -4.2938   36.1706   13.9851   -1.0618  -12.1600   -5.0860
   -3.5305   -6.6353    7.3554    5.5631    6.2253   -4.5596
eta,q 0.97667 10.38390
  0.0253  0.0251  0.0244  0.0253  0.0246  0.0262  0.0247  0.0265  0.0243  0.0248  0.0243  0.0239
  0.0242  0.0242  0.0238  0.0244  0.0239  0.0251  0.0240  0.0249  0.0238  0.0241  0.0238  0.0236
  0.0236  0.0237  0.0235  0.0238  0.0235  0.0240  0.0235  0.0238  0.0235  0.0236  0.0234  0.0234
  0.0234  0.0234  0.0234  0.0234  0.0234  0.0234  0.0234  0.0234  0.0234  0.0234  0.0233  0.0233
  0.0237  0.0235  0.0236  0.0234  0.0236  0.0236  0.0235  0.0238  0.0235  0.0234  0.0235  0.0234
  0.0243  0.0238  0.0241  0.0238  0.0240  0.0245  0.0239  0.0248  0.0238  0.0237  0.0238  0.0237
  0.0253  0.0245  0.0248  0.0248  0.0247  0.0264  0.0247  0.0265  0.0244  0.0243  0.0244  0.0241
niter,ni,del,rscale     4    3    5.0000    0.7000
parameters
   -4.3126   36.2905   14.0292   -1.0057  -12.3039   -4.9088
   -3.4812   -6.6771    7.3745    5.8284    6.1844   -4.6718
eta,q 0.97670 10.38183
  0.0247  0.0246  0.0243  0.0246  0.0243  0.0257  0.0244  0.0257  0.0241  0.0244  0.0241  0.0238
  0.0239  0.0239  0.0238  0.0240  0.0237  0.0248  0.0238  0.0244  0.0237  0.0238  0.0237  0.0235
  0.0235  0.0235  0.0235  0.0235  0.0234  0.0238  0.0234  0.0236  0.0234  0.0235  0.0234  0.0233
  0.0233  0.0233  0.0233  0.0233  0.0233  0.0233  0.0233  0.0233  0.0233  0.0233  0.0233  0.0233
  0.0235  0.0234  0.0234  0.0234  0.0235  0.0235  0.0234  0.0236  0.0234  0.0234  0.0234  0.0234
  0.0240  0.0237  0.0237  0.0238  0.0238  0.0242  0.0237  0.0245  0.0236  0.0236  0.0237  0.0235
  0.0248  0.0242  0.0242  0.0247  0.0244  0.0256  0.0243  0.0258  0.0241  0.0242  0.0241  0.0238
niter,ni,del,rscale     3    3    5.0000    0.6000
parameters
   -4.3350   36.3472   14.0992   -0.9767  -12.3917   -4.7131
   -3.4510   -6.7152    7.3881    5.9327    6.1386   -4.7461
eta,q 0.97672 10.38258
  0.0243  0.0241  0.0241  0.0243  0.0240  0.0253  0.0240  0.0251  0.0239  0.0240  0.0239  0.0236
  0.0237  0.0237  0.0237  0.0238  0.0236  0.0244  0.0236  0.0241  0.0236  0.0236  0.0235  0.0234
  0.0234  0.0234  0.0234  0.0234  0.0234  0.0237  0.0234  0.0235  0.0234  0.0234  0.0233  0.0233
  0.0233  0.0233  0.0233  0.0233  0.0233  0.0233  0.0233  0.0233  0.0233  0.0233  0.0233  0.0233
  0.0234  0.0234  0.0233  0.0234  0.0234  0.0234  0.0234  0.0235  0.0233  0.0233  0.0234  0.0233
  0.0238  0.0236  0.0235  0.0237  0.0237  0.0240  0.0236  0.0242  0.0235  0.0236  0.0236  0.0235
  0.0244  0.0240  0.0239  0.0243  0.0241  0.0250  0.0240  0.0252  0.0239  0.0240  0.0239  0.0237
niter,ni,del,rscale     2    3    5.0000    0.5000
parameters
   -4.3563   36.3595   14.1896   -0.9501  -12.4212   -4.5261
   -3.4382   -6.7428    7.3987    5.9271    6.0918   -4.7917
eta,q 0.97672 10.38624
  0.0240  0.0238  0.0238  0.0240  0.0238  0.0248  0.0238  0.0246  0.0237  0.0238  0.0237  0.0235
  0.0236  0.0235  0.0236  0.0236  0.0235  0.0241  0.0235  0.0239  0.0235  0.0235  0.0235  0.0234
  0.0234  0.0233  0.0234  0.0234  0.0233  0.0235  0.0233  0.0234  0.0233  0.0233  0.0233  0.0233
  0.0233  0.0233  0.0233  0.0233  0.0233  0.0233  0.0233  0.0233  0.0233  0.0233  0.0233  0.0233
  0.0234  0.0233  0.0233  0.0233  0.0233  0.0234  0.0233  0.0234  0.0233  0.0233  0.0233  0.0233
  0.0236  0.0235  0.0234  0.0235  0.0235  0.0238  0.0235  0.0239  0.0235  0.0235  0.0235  0.0234
  0.0240  0.0238  0.0237  0.0240  0.0238  0.0245  0.0238  0.0246  0.0237  0.0238  0.0237  0.0235
niter,ni,del,rscale     1    3    5.0000    0.4000
parameters
   -4.3740   36.3363   14.2824   -0.9348  -12.4188   -4.3856
   -3.4392   -6.7537    7.4385    5.8685    6.0320   -4.8009
eta,q 0.97673 10.39089
  0.0237  0.0236  0.0236  0.0237  0.0236  0.0243  0.0236  0.0241  0.0235  0.0236  0.0235  0.0234
  0.0235  0.0234  0.0235  0.0235  0.0234  0.0238  0.0234  0.0237  0.0234  0.0234  0.0234  0.0233
  0.0233  0.0233  0.0233  0.0233  0.0233  0.0234  0.0233  0.0234  0.0233  0.0233  0.0233  0.0233
  0.0233  0.0233  0.0233  0.0233  0.0233  0.0233  0.0233  0.0233  0.0233  0.0233  0.0233  0.0233
  0.0233  0.0233  0.0233  0.0233  0.0233  0.0234  0.0233  0.0234  0.0233  0.0233  0.0233  0.0233
  0.0235  0.0234  0.0234  0.0235  0.0234  0.0236  0.0234  0.0237  0.0234  0.0234  0.0234  0.0233
  0.0238  0.0236  0.0235  0.0237  0.0236  0.0241  0.0236  0.0241  0.0235  0.0236  0.0236  0.0234
registration optimization eta report
parameter search radius
    0.8000    0.8000    0.8000    2.4000    2.4000    2.4000
    2.4000    2.4000    2.4000    2.4000    2.4000    2.4000
100000*second partial in parameter space
       73.       54.       48.        8.        6.       16.
        6.       15.        5.        6.        5.        3.
  0.0237  0.0236  0.0236  0.0237  0.0236  0.0243  0.0236  0.0241  0.0235  0.0236  0.0235  0.0234
  0.0235  0.0234  0.0235  0.0235  0.0234  0.0238  0.0234  0.0237  0.0234  0.0234  0.0234  0.0233
  0.0233  0.0233  0.0233  0.0233  0.0233  0.0234  0.0233  0.0234  0.0233  0.0233  0.0233  0.0233
  0.0233  0.0233  0.0233  0.0233  0.0233  0.0233  0.0233  0.0233  0.0233  0.0233  0.0233  0.0233
  0.0233  0.0233  0.0233  0.0233  0.0233  0.0234  0.0233  0.0234  0.0233  0.0233  0.0233  0.0233
  0.0235  0.0234  0.0234  0.0235  0.0234  0.0236  0.0234  0.0237  0.0234  0.0234  0.0234  0.0233
  0.0238  0.0236  0.0235  0.0237  0.0236  0.0241  0.0236  0.0241  0.0235  0.0236  0.0236  0.0234
   -4.3740   36.3363   14.2824   -0.9348  -12.4188   -4.3856
   -3.4392   -6.7537    7.4385    5.8685    6.0320   -4.8009
eta,q 0.97673 10.39089

---------------------------------------------------------------------
imgreg_4dfp /opt/freesurfer/average/711-2C_as_mni_average_305 /opt/freesurfer/average/711-2B_as_mni_average_305_mask talsrcimg_g11 none talsrcimg_to_711-2C_as_mni_average_305_t4 2311
---------------------------------------------------------------------

freesurfer imgreg_4dfp.c
/opt/freesurfer/average/711-2C_as_mni_average_305.4dfp.img
       256       256       256         1
  1.000000  1.000000  1.000000
orientation T byte_order littleendian
Reading image: /opt/freesurfer/average/711-2C_as_mni_average_305.4dfp.img
dimensions:      256       256       256
mmppix:       1.0000   -1.0000   -1.0000
center:     128.0000 -129.0000 -129.0000
/opt/freesurfer/average/711-2B_as_mni_average_305_mask.4dfp.img
       256       256       256         1
  1.000000  1.000000  1.000000
orientation T byte_order littleendian
Reading mask: /opt/freesurfer/average/711-2B_as_mni_average_305_mask.4dfp.img (2306576 pixels)
talsrcimg_g11.4dfp.img
       256       256       256         1
  1.000000  1.000000  1.000000
orientation T byte_order littleendian
Reading image: talsrcimg_g11.4dfp.img
dimensions:      256       256       256
mmppix:       1.0000   -1.0000   -1.0000
center:     128.0000 -129.0000 -129.0000
fimgreg.f
image alignment mode   2311 decimal      907 hex
parameters
   -4.3740   36.3363   14.2824   -0.9348  -12.4188   -4.3856
   -3.4392   -6.7537    7.4385    5.8685    6.0320   -4.8009
eta,q 0.97673 10.39090
niter,ni,del,rscale     5    3    5.0000    0.8000
parameters
   -4.3748   36.3155   14.3220   -1.2317  -12.4373   -4.5888
   -3.3994   -6.7543    7.4573    5.7515    6.1080   -4.7006
eta,q 0.97672 10.38000
  0.0252  0.0246  0.0245  0.0248  0.0246  0.0261  0.0246  0.0264  0.0243  0.0245  0.0243  0.0240
  0.0241  0.0239  0.0239  0.0240  0.0239  0.0249  0.0239  0.0248  0.0238  0.0238  0.0238  0.0236
  0.0235  0.0234  0.0234  0.0235  0.0234  0.0238  0.0234  0.0237  0.0234  0.0234  0.0234  0.0234
  0.0233  0.0233  0.0233  0.0233  0.0233  0.0233  0.0233  0.0233  0.0233  0.0233  0.0233  0.0233
  0.0235  0.0234  0.0234  0.0235  0.0234  0.0237  0.0234  0.0237  0.0234  0.0234  0.0234  0.0233
  0.0241  0.0239  0.0238  0.0241  0.0239  0.0248  0.0239  0.0248  0.0237  0.0239  0.0237  0.0236
  0.0251  0.0247  0.0244  0.0253  0.0246  0.0270  0.0246  0.0264  0.0243  0.0246  0.0242  0.0239
niter,ni,del,rscale     4    3    5.0000    0.7000
parameters
   -4.3648   36.3132   14.2269   -1.1202  -12.4057   -4.6254
   -3.4295   -6.7445    7.4314    5.7972    6.1216   -4.7096
eta,q 0.97674 10.38230
  0.0247  0.0243  0.0241  0.0246  0.0243  0.0256  0.0243  0.0257  0.0240  0.0243  0.0241  0.0238
  0.0239  0.0237  0.0236  0.0240  0.0238  0.0246  0.0237  0.0244  0.0236  0.0237  0.0236  0.0235
  0.0234  0.0234  0.0233  0.0235  0.0234  0.0237  0.0234  0.0236  0.0234  0.0234  0.0234  0.0233
  0.0233  0.0233  0.0233  0.0233  0.0233  0.0233  0.0233  0.0233  0.0233  0.0233  0.0233  0.0233
  0.0234  0.0234  0.0234  0.0234  0.0234  0.0235  0.0234  0.0236  0.0234  0.0234  0.0234  0.0233
  0.0239  0.0238  0.0238  0.0238  0.0237  0.0244  0.0237  0.0244  0.0236  0.0237  0.0236  0.0235
  0.0247  0.0243  0.0243  0.0246  0.0243  0.0260  0.0243  0.0257  0.0241  0.0242  0.0240  0.0238
niter,ni,del,rscale     3    3    5.0000    0.6000
parameters
   -4.3634   36.3237   14.2234   -1.0285  -12.4045   -4.5452
   -3.4324   -6.7411    7.4229    5.8322    6.0905   -4.7319
eta,q 0.97673 10.38570
  0.0243  0.0241  0.0239  0.0243  0.0240  0.0252  0.0240  0.0251  0.0238  0.0240  0.0239  0.0236
  0.0237  0.0236  0.0236  0.0238  0.0236  0.0243  0.0236  0.0241  0.0235  0.0236  0.0235  0.0234
  0.0234  0.0234  0.0234  0.0234  0.0234  0.0236  0.0234  0.0235  0.0233  0.0234  0.0233  0.0233
  0.0233  0.0233  0.0233  0.0233  0.0233  0.0233  0.0233  0.0233  0.0233  0.0233  0.0233  0.0233
  0.0234  0.0234  0.0233  0.0233  0.0234  0.0235  0.0234  0.0235  0.0233  0.0233  0.0233  0.0233
  0.0237  0.0236  0.0236  0.0236  0.0236  0.0241  0.0236  0.0241  0.0235  0.0236  0.0236  0.0234
  0.0243  0.0240  0.0240  0.0242  0.0240  0.0252  0.0240  0.0251  0.0239  0.0240  0.0239  0.0236
niter,ni,del,rscale     2    3    5.0000    0.5000
parameters
   -4.3720   36.3206   14.2692   -0.9739  -12.4125   -4.4248
   -3.4451   -6.7506    7.4342    5.8162    6.0657   -4.7758
eta,q 0.97673 10.38951
  0.0240  0.0238  0.0238  0.0240  0.0238  0.0248  0.0238  0.0246  0.0237  0.0238  0.0237  0.0235
  0.0236  0.0235  0.0235  0.0236  0.0235  0.0240  0.0235  0.0239  0.0235  0.0235  0.0235  0.0234
  0.0233  0.0233  0.0233  0.0234  0.0233  0.0235  0.0233  0.0234  0.0233  0.0233  0.0233  0.0233
  0.0233  0.0233  0.0233  0.0233  0.0233  0.0233  0.0233  0.0233  0.0233  0.0233  0.0233  0.0233
  0.0233  0.0233  0.0233  0.0233  0.0233  0.0234  0.0233  0.0234  0.0233  0.0233  0.0233  0.0233
  0.0236  0.0235  0.0235  0.0235  0.0235  0.0238  0.0235  0.0239  0.0234  0.0235  0.0235  0.0234
  0.0240  0.0238  0.0237  0.0240  0.0238  0.0246  0.0238  0.0246  0.0237  0.0238  0.0237  0.0235
niter,ni,del,rscale     1    3    5.0000    0.4000
parameters
   -4.3783   36.3013   14.3348   -0.9479  -12.3850   -4.3200
   -3.4523   -6.7501    7.4562    5.7627    6.0139   -4.7892
eta,q 0.97674 10.39423
  0.0237  0.0236  0.0236  0.0237  0.0236  0.0243  0.0236  0.0241  0.0235  0.0236  0.0235  0.0234
  0.0235  0.0234  0.0234  0.0235  0.0234  0.0238  0.0234  0.0237  0.0234  0.0234  0.0234  0.0233
  0.0233  0.0233  0.0233  0.0233  0.0233  0.0234  0.0233  0.0234  0.0233  0.0233  0.0233  0.0233
  0.0233  0.0233  0.0233  0.0233  0.0233  0.0233  0.0233  0.0233  0.0233  0.0233  0.0233  0.0233
  0.0233  0.0233  0.0233  0.0233  0.0233  0.0234  0.0233  0.0234  0.0233  0.0233  0.0233  0.0233
  0.0235  0.0234  0.0234  0.0234  0.0234  0.0237  0.0234  0.0237  0.0234  0.0234  0.0234  0.0233
  0.0237  0.0236  0.0235  0.0237  0.0236  0.0241  0.0236  0.0241  0.0235  0.0236  0.0236  0.0234
registration optimization eta report
parameter search radius
    0.8000    0.8000    0.8000    2.4000    2.4000    2.4000
    2.4000    2.4000    2.4000    2.4000    2.4000    2.4000
100000*second partial in parameter space
       74.       54.       48.        8.        6.       16.
        6.       15.        5.        6.        5.        3.
  0.0237  0.0236  0.0236  0.0237  0.0236  0.0243  0.0236  0.0241  0.0235  0.0236  0.0235  0.0234
  0.0235  0.0234  0.0234  0.0235  0.0234  0.0238  0.0234  0.0237  0.0234  0.0234  0.0234  0.0233
  0.0233  0.0233  0.0233  0.0233  0.0233  0.0234  0.0233  0.0234  0.0233  0.0233  0.0233  0.0233
  0.0233  0.0233  0.0233  0.0233  0.0233  0.0233  0.0233  0.0233  0.0233  0.0233  0.0233  0.0233
  0.0233  0.0233  0.0233  0.0233  0.0233  0.0234  0.0233  0.0234  0.0233  0.0233  0.0233  0.0233
  0.0235  0.0234  0.0234  0.0234  0.0234  0.0237  0.0234  0.0237  0.0234  0.0234  0.0234  0.0233
  0.0237  0.0236  0.0235  0.0237  0.0236  0.0241  0.0236  0.0241  0.0235  0.0236  0.0236  0.0234
   -4.3783   36.3013   14.3348   -0.9479  -12.3850   -4.3200
   -3.4523   -6.7501    7.4562    5.7627    6.0139   -4.7892
eta,q 0.97674 10.39423

---------------------------------------------------------------------
compute_vox2vox talsrcimg talsrcimg_to_711-2C_as_mni_average_305_t4 /opt/freesurfer/average/711-2C_as_mni_average_305
---------------------------------------------------------------------

freesurfer compute_vox2vox.c
Reading: talsrcimg.4dfp.ifh
Reading: talsrcimg_to_711-2C_as_mni_average_305_t4
Reading: /opt/freesurfer/average/711-2C_as_mni_average_305.4dfp.ifh
Writing: talsrcimg_to_711-2C_as_mni_average_305_t4_vox2vox.txt

start time Sun Mar 8 20:29:14 CET 2026
end		time Sun Mar 8 20:29:28 CET 2026

mpr2mni305 success

avi2talxfm orig_nu.mgz /opt/freesurfer/average/mni305.cor.mgz talsrcimg_to_711-2C_as_mni_average_305_t4_vox2vox.txt transforms/talairach.auto.xfm
avi2talxfm done
mv -f /out/sourcedata/freesurfer/sub-v1s15x0050187_ses-1/mri/talsrcimg_to_711-2C_as_mni_average_305_t4_vox2vox.txt /out/sourcedata/freesurfer/sub-v1s15x0050187_ses-1/mri/transforms/talsrcimg_to_711-2C_as_mni_average_305_t4_vox2vox.txt
lta_convert --src orig_nu.mgz --trg /opt/freesurfer/average/mni305.cor.mgz --inxfm transforms/talairach.auto.xfm --outlta transforms/talairach.auto.xfm.lta --subject fsaverage
7.3.2

--src: orig_nu.mgz src image (geometry).
--trg: /opt/freesurfer/average/mni305.cor.mgz trg image (geometry).
--inmni: transforms/talairach.auto.xfm input MNI/XFM transform.
--outlta: transforms/talairach.auto.xfm.lta output LTA.
--s: fsaverage subject name
 LTA read, type : 1
 1.00218   0.06810   0.04321   1.20865;
-0.06704   1.03717   0.05405  -27.25247;
-0.08088  -0.07401   1.13412   0.81656;
 0.00000   0.00000   0.00000   1.00000;
setting subject to fsaverage
Writing  LTA to file transforms/talairach.auto.xfm.lta...
lta_convert successful.
 
 
Started at Sun Mar 8 20:29:14 CET 2026
Ended   at Sun Mar  8 20:29:28 CET 2026
talairach_avi done
