status file for recon-all
Sun Mar  8 21:40:36 CET 2026
#@# MotionCor Sun Mar  8 21:40:38 CET 2026
#@# Talairach Sun Mar  8 21:40:45 CET 2026
#@# Talairach Failure Detection Sun Mar  8 21:45:07 CET 2026
#@# Nu Intensity Correction Sun Mar  8 21:45:07 CET 2026
#@# Intensity Normalization Sun Mar  8 21:48:22 CET 2026
recon-all -s sub-v1s15x0050215_ses-1 finished without error at Sun Mar  8 21:49:55 CET 2026



#New# invocation of recon-all 



status file for recon-all
Sun Mar  8 21:57:16 CET 2026
#@# EM Registration Sun Mar  8 21:57:16 CET 2026
recon-all -s sub-v1s15x0050215_ses-1 finished without error at Sun Mar  8 21:58:57 CET 2026



#New# invocation of recon-all 



status file for recon-all
Sun Mar  8 21:59:00 CET 2026
#@# CA Normalize Sun Mar  8 21:59:00 CET 2026
#@# CA Reg Sun Mar  8 22:00:21 CET 2026
#@# SubCort Seg Sun Mar  8 22:45:35 CET 2026
#@# CC Seg Sun Mar  8 23:13:44 CET 2026
#@# Merge ASeg Sun Mar  8 23:14:34 CET 2026
#@# Intensity Normalization2 Sun Mar  8 23:14:34 CET 2026
#@# Mask BFS Sun Mar  8 23:16:57 CET 2026
#@# WM Segmentation Sun Mar  8 23:16:58 CET 2026
#@# Fill Sun Mar  8 23:18:47 CET 2026
recon-all -s sub-v1s15x0050215_ses-1 finished without error at Sun Mar  8 23:19:48 CET 2026



#New# invocation of recon-all 



status file for recon-all
Mon Mar  9 00:00:30 CET 2026
#@# white curv lh Mon Mar  9 00:00:30 CET 2026
#@# white area lh Mon Mar  9 00:00:30 CET 2026
#@# pial curv lh Mon Mar  9 00:00:30 CET 2026
#@# pial area lh Mon Mar  9 00:00:30 CET 2026
#@# thickness lh Mon Mar  9 00:00:30 CET 2026
#@# area and vertex vol lh Mon Mar  9 00:00:30 CET 2026
#@# white curv rh Mon Mar  9 00:00:30 CET 2026
#@# white area rh Mon Mar  9 00:00:30 CET 2026
#@# pial curv rh Mon Mar  9 00:00:30 CET 2026
#@# pial area rh Mon Mar  9 00:00:30 CET 2026
#@# thickness rh Mon Mar  9 00:00:30 CET 2026
#@# area and vertex vol rh Mon Mar  9 00:00:30 CET 2026
#@# Cortical ribbon mask Mon Mar  9 00:00:30 CET 2026
recon-all -s sub-v1s15x0050215_ses-1 finished without error at Mon Mar  9 00:06:48 CET 2026



#New# invocation of recon-all 



status file for recon-all
Mon Mar  9 00:13:11 CET 2026
#@# white curv lh Mon Mar  9 00:13:11 CET 2026
#@# white area lh Mon Mar  9 00:13:11 CET 2026
#@# pial curv lh Mon Mar  9 00:13:11 CET 2026
#@# pial area lh Mon Mar  9 00:13:11 CET 2026
#@# thickness lh Mon Mar  9 00:13:11 CET 2026
#@# area and vertex vol lh Mon Mar  9 00:13:11 CET 2026
#@# white curv rh Mon Mar  9 00:13:11 CET 2026
#@# white area rh Mon Mar  9 00:13:11 CET 2026
#@# pial curv rh Mon Mar  9 00:13:11 CET 2026
#@# pial area rh Mon Mar  9 00:13:11 CET 2026
#@# thickness rh Mon Mar  9 00:13:11 CET 2026
#@# area and vertex vol rh Mon Mar  9 00:13:11 CET 2026
#@# Curvature Stats lh Mon Mar  9 00:13:11 CET 2026
#@# Curvature Stats rh Mon Mar  9 00:13:14 CET 2026
#@# Relabel Hypointensities Mon Mar  9 00:13:16 CET 2026
#@# APas-to-ASeg Mon Mar  9 00:13:31 CET 2026
#@# AParc-to-ASeg aparc Mon Mar  9 00:13:40 CET 2026
#@# AParc-to-ASeg aparc.a2009s Mon Mar  9 00:14:15 CET 2026
#@# AParc-to-ASeg aparc.DKTatlas Mon Mar  9 00:14:46 CET 2026
#@# WMParc Mon Mar  9 00:15:20 CET 2026
#@# ASeg Stats Mon Mar  9 00:19:05 CET 2026
recon-all -s sub-v1s15x0050215_ses-1 finished without error at Mon Mar  9 00:19:46 CET 2026
