status file for recon-all
Sun Mar  8 23:40:42 CET 2026
#@# Tessellate rh Sun Mar  8 23:40:42 CET 2026
#@# Smooth1 rh Sun Mar  8 23:40:46 CET 2026
#@# Inflation1 rh Sun Mar  8 23:40:48 CET 2026
#@# QSphere rh Sun Mar  8 23:41:00 CET 2026
#@# Fix Topology rh Sun Mar  8 23:42:14 CET 2026
#@# Smooth2 rh Sun Mar  8 23:47:10 CET 2026
#@# Inflation2 rh Sun Mar  8 23:47:13 CET 2026
#@# Curv .H and .K rh Sun Mar  8 23:47:26 CET 2026
#@# Sphere rh Sun Mar  8 23:48:10 CET 2026
#@# Surf Reg rh Sun Mar  8 23:50:05 CET 2026
#@# Jacobian white rh Sun Mar  8 23:53:29 CET 2026
#@# AvgCurv rh Sun Mar  8 23:53:30 CET 2026
#@# Cortical Parc rh Sun Mar  8 23:53:30 CET 2026
#@# white curv rh Sun Mar  8 23:59:24 CET 2026
#@# white area rh Sun Mar  8 23:59:26 CET 2026
#@# pial curv rh Sun Mar  8 23:59:27 CET 2026
#@# pial area rh Sun Mar  8 23:59:28 CET 2026
#@# thickness rh Sun Mar  8 23:59:29 CET 2026
#@# area and vertex vol rh Sun Mar  8 23:59:56 CET 2026
#@# Curvature Stats rh Sun Mar  8 23:59:58 CET 2026
#@# Cortical Parc 2 rh Mon Mar  9 00:00:00 CET 2026
#@# Cortical Parc 3 rh Mon Mar  9 00:00:12 CET 2026
#@# WM/GM Contrast rh Mon Mar  9 00:00:21 CET 2026
recon-all -s sub-v1s15x0050215_ses-1 finished without error at Mon Mar  9 00:00:24 CET 2026



#New# invocation of recon-all 



status file for recon-all
Mon Mar  9 00:10:00 CET 2026
#@# white curv rh Mon Mar  9 00:10:01 CET 2026
#@# white area rh Mon Mar  9 00:10:01 CET 2026
#@# pial curv rh Mon Mar  9 00:10:01 CET 2026
#@# pial area rh Mon Mar  9 00:10:01 CET 2026
#@# thickness rh Mon Mar  9 00:10:01 CET 2026
#@# area and vertex vol rh Mon Mar  9 00:10:01 CET 2026
#@# Parcellation Stats rh Mon Mar  9 00:10:01 CET 2026
#@# Parcellation Stats 2 rh Mon Mar  9 00:10:18 CET 2026
#@# Parcellation Stats 3 rh Mon Mar  9 00:10:27 CET 2026
#@# BA_exvivo Labels rh Mon Mar  9 00:10:36 CET 2026
recon-all -s sub-v1s15x0050215_ses-1 finished without error at Mon Mar  9 00:13:06 CET 2026
