status file for recon-all
Sun Mar  8 23:19:53 CET 2026
#@# Tessellate lh Sun Mar  8 23:19:53 CET 2026
#@# Smooth1 lh Sun Mar  8 23:19:58 CET 2026
#@# Inflation1 lh Sun Mar  8 23:20:00 CET 2026
#@# QSphere lh Sun Mar  8 23:20:13 CET 2026
#@# Fix Topology lh Sun Mar  8 23:21:20 CET 2026
#@# Smooth2 lh Sun Mar  8 23:26:54 CET 2026
#@# Inflation2 lh Sun Mar  8 23:26:56 CET 2026
#@# Curv .H and .K lh Sun Mar  8 23:27:10 CET 2026
#@# Sphere lh Sun Mar  8 23:27:56 CET 2026
#@# Surf Reg lh Sun Mar  8 23:29:49 CET 2026
#@# Jacobian white lh Sun Mar  8 23:33:13 CET 2026
#@# AvgCurv lh Sun Mar  8 23:33:13 CET 2026
#@# Cortical Parc lh Sun Mar  8 23:33:14 CET 2026
#@# white curv lh Sun Mar  8 23:39:39 CET 2026
#@# white area lh Sun Mar  8 23:39:41 CET 2026
#@# pial curv lh Sun Mar  8 23:39:41 CET 2026
#@# pial area lh Sun Mar  8 23:39:43 CET 2026
#@# thickness lh Sun Mar  8 23:39:43 CET 2026
#@# area and vertex vol lh Sun Mar  8 23:40:12 CET 2026
#@# Curvature Stats lh Sun Mar  8 23:40:13 CET 2026
#@# Cortical Parc 2 lh Sun Mar  8 23:40:15 CET 2026
#@# Cortical Parc 3 lh Sun Mar  8 23:40:28 CET 2026
#@# WM/GM Contrast lh Sun Mar  8 23:40:38 CET 2026
recon-all -s sub-v1s15x0050215_ses-1 finished without error at Sun Mar  8 23:40:41 CET 2026



#New# invocation of recon-all 



status file for recon-all
Mon Mar  9 00:06:54 CET 2026
#@# white curv lh Mon Mar  9 00:06:54 CET 2026
#@# white area lh Mon Mar  9 00:06:54 CET 2026
#@# pial curv lh Mon Mar  9 00:06:54 CET 2026
#@# pial area lh Mon Mar  9 00:06:54 CET 2026
#@# thickness lh Mon Mar  9 00:06:54 CET 2026
#@# area and vertex vol lh Mon Mar  9 00:06:54 CET 2026
#@# Parcellation Stats lh Mon Mar  9 00:06:54 CET 2026
#@# Parcellation Stats 2 lh Mon Mar  9 00:07:12 CET 2026
#@# Parcellation Stats 3 lh Mon Mar  9 00:07:21 CET 2026
#@# BA_exvivo Labels lh Mon Mar  9 00:07:30 CET 2026
recon-all -s sub-v1s15x0050215_ses-1 finished without error at Mon Mar  9 00:09:58 CET 2026
