/out/sourcedata/freesurfer/sub-v1s15x0050210_ses-1/mri
/opt/freesurfer/bin/talairach_avi
--i orig_nu.mgz --xfm transforms/talairach.auto.xfm
talairach_avi 7.3.2
Linux dna082 5.14.0-427.37.1.el9_4.x86_64 #1 SMP PREEMPT_DYNAMIC Fri Sep 13 12:41:50 EDT 2024 x86_64 x86_64 x86_64 GNU/Linux
Thu Mar 12 11:38:13 CET 2026
mri_convert orig_nu.mgz talsrcimg.img 
reading from orig_nu.mgz...
TR=0.00, TE=0.00, TI=0.00, flip angle=0.00
i_ras = (-1, 0, 0)
j_ras = (0, 0, -1)
k_ras = (0, 1, 0)
writing to talsrcimg.img...
Analyze Output Matrix
-1.00000   0.00000   0.00000   130.90601;
 0.00000   0.00000   1.00000  -117.25000;
 0.00000  -1.00000   0.00000   77.46851;
 0.00000   0.00000   0.00000   1.00000;
--------------------
INFO: set hdr.hist.orient to -1
mpr2mni305 talsrcimg
Thu Mar 12 11:38:14 CET 2026
/opt/freesurfer/bin/mpr2mni305 talsrcimg
mpr2mni305 7.3.2
target=711-2C_as_mni_average_305

---------------------------------------------------------------------
analyzeto4dfp talsrcimg -O0 -y
---------------------------------------------------------------------

freesurfer ifh2hdr.c
Thu Mar 12 11:38:14 2026
Writing: talsrcimg.4dfp.hdr
freesurfer analyzeto4dfp.c
Reading: talsrcimg.hdr
header size 348 bytes
hdr.dime.datatype	offset=70	value=2
hdr.dime.bitpix		offset=72	value=8
hdr.hist.orient		offset=252	value=-1
dimensionality     4
dimensions       256       256       256         1
Reading: talsrcimg.img
Writing: talsrcimg.4dfp.img
Writing: talsrcimg.4dfp.ifh
ifh2hdr talsrcimg -r0to221
ori=2

---------------------------------------------------------------------
gauss_4dfp talsrcimg 1.1
---------------------------------------------------------------------

freesurfer gauss_4dfp.c
Reading: talsrcimg.4dfp.img
Writing: talsrcimg_g11.4dfp.img
image dimensions 256 256 256 padded to 288 288 288
processing volume 1freesurfer ifh2hdr.c
Thu Mar 12 11:38:15 2026
Writing: talsrcimg_g11.4dfp.hdr

Writing: talsrcimg_g11.4dfp.ifh
including: talsrcimg.4dfp.img.rec in talsrcimg_g11.4dfp.img.rec

---------------------------------------------------------------------
imgreg_4dfp /opt/freesurfer/average/711-2C_as_mni_average_305 none talsrcimg_g11 none talsrcimg_to_711-2C_as_mni_average_305_t4 4355
---------------------------------------------------------------------

freesurfer imgreg_4dfp.c
/opt/freesurfer/average/711-2C_as_mni_average_305.4dfp.img
       256       256       256         1
  1.000000  1.000000  1.000000
orientation T byte_order littleendian
Reading image: /opt/freesurfer/average/711-2C_as_mni_average_305.4dfp.img
dimensions:      256       256       256
mmppix:       1.0000   -1.0000   -1.0000
center:     128.0000 -129.0000 -129.0000
talsrcimg_g11.4dfp.img
       256       256       256         1
  1.000000  1.000000  1.000000
orientation T byte_order littleendian
Reading image: talsrcimg_g11.4dfp.img
dimensions:      256       256       256
mmppix:       1.0000   -1.0000   -1.0000
center:     128.0000 -129.0000 -129.0000
t4_read: open error in t4_sub.f l:  41 t4_file(1:l)talsrcimg_to_711-2C_as_mni_average_305_t4 
t4_read: transform initialized to I4
rotation matrix determinant  1.000000
image alignment mode   4355 decimal     1103 hex
   -7.5000  -45.0000  -45.0000 5259.6753   19.4637
    0.0000  -45.0000  -45.0000 5535.0098   19.4485
    7.5000  -45.0000  -45.0000 5367.9595   19.4823
   -7.5000  -37.5000  -45.0000 5820.6299   18.7952
    0.0000  -37.5000  -45.0000 6097.6445   18.7849
    7.5000  -37.5000  -45.0000 5940.6416   18.8206
   -7.5000  -30.0000  -45.0000 6654.6128   18.3139
    0.0000  -30.0000  -45.0000 6981.9062   18.2976
    7.5000  -30.0000  -45.0000 6784.5630   18.3252
   -7.5000  -22.5000  -45.0000 7539.7095   17.9554
    0.0000  -22.5000  -45.0000 7953.7129   17.9309
    7.5000  -22.5000  -45.0000 7690.2534   17.9566
   -7.5000  -15.0000  -45.0000 8465.6641   17.7357
    0.0000  -15.0000  -45.0000 8933.1973   17.7083
    7.5000  -15.0000  -45.0000 8607.2871   17.7351
   -7.5000   -7.5000  -45.0000 9456.9805   17.7187
    0.0000   -7.5000  -45.0000 9990.4482   17.6981
    7.5000   -7.5000  -45.0000 9629.3975   17.7281
   -7.5000    0.0000  -45.000010437.5488   17.7417
    0.0000    0.0000  -45.000011030.0693   17.7295
    7.5000    0.0000  -45.000010611.6182   17.7611
   -7.5000    7.5000  -45.000010558.0244   17.7731
    0.0000    7.5000  -45.000011158.2412   17.7632
    7.5000    7.5000  -45.000010729.3555   17.7931
   -7.5000   15.0000  -45.000010456.9326   17.7813
    0.0000   15.0000  -45.000011087.6660   17.7659
    7.5000   15.0000  -45.000010648.8916   17.7921
   -7.5000   22.5000  -45.000010295.8223   17.7553
    0.0000   22.5000  -45.000010917.0469   17.7311
    7.5000   22.5000  -45.000010484.9307   17.7556
   -7.5000   30.0000  -45.000010146.8936   17.4904
    0.0000   30.0000  -45.000010732.4766   17.4635
    7.5000   30.0000  -45.000010314.3857   17.4900
   -7.5000   37.5000  -45.000010342.9746   17.4826
    0.0000   37.5000  -45.000010913.2354   17.4622
    7.5000   37.5000  -45.000010501.9600   17.4918
   -7.5000   45.0000  -45.000010008.5566   17.0608
    0.0000   45.0000  -45.000010550.1143   17.0491
    7.5000   45.0000  -45.000010151.4893   17.0794
   -7.5000  -45.0000  -37.5000 5547.1895   19.3478
    0.0000  -45.0000  -37.5000 5844.5898   19.3233
    7.5000  -45.0000  -37.5000 5678.1084   19.3404
   -7.5000  -37.5000  -37.5000 6121.3535   18.6722
    0.0000  -37.5000  -37.5000 6421.2676   18.6505
    7.5000  -37.5000  -37.5000 6246.6016   18.6724
   -7.5000  -30.0000  -37.5000 6986.6396   18.1959
    0.0000  -30.0000  -37.5000 7344.8447   18.1736
    7.5000  -30.0000  -37.5000 7139.7344   18.1931
   -7.5000  -22.5000  -37.5000 7931.4766   17.8465
    0.0000  -22.5000  -37.5000 8369.0664   17.8237
    7.5000  -22.5000  -37.5000 8104.7930   17.8417
   -7.5000  -15.0000  -37.5000 8936.8965   17.6330
    0.0000  -15.0000  -37.5000 9454.8145   17.6102
    7.5000  -15.0000  -37.5000 9102.1865   17.6267
   -7.5000   -7.5000  -37.500010021.6641   17.6173
    0.0000   -7.5000  -37.500010599.1943   17.5962
    7.5000   -7.5000  -37.500010191.3984   17.6127
   -7.5000    0.0000  -37.500011036.6846   17.6381
    0.0000    0.0000  -37.500011653.1338   17.6183
    7.5000    0.0000  -37.500011191.7539   17.6355
   -7.5000    7.5000  -37.500011153.7910   17.6643
    0.0000    7.5000  -37.500011806.2012   17.6446
    7.5000    7.5000  -37.500011294.6777   17.6630
   -7.5000   15.0000  -37.500011042.9453   17.6706
    0.0000   15.0000  -37.500011705.6992   17.6496
    7.5000   15.0000  -37.500011193.7666   17.6679
   -7.5000   22.5000  -37.500010880.8818   17.6487
    0.0000   22.5000  -37.500011528.3506   17.6262
    7.5000   22.5000  -37.500011035.4248   17.6432
   -7.5000   30.0000  -37.500010683.9307   17.3892
    0.0000   30.0000  -37.500011322.5879   17.3670
    7.5000   30.0000  -37.500010826.6758   17.3832
   -7.5000   37.5000  -37.500010851.8857   17.3825
    0.0000   37.5000  -37.500011477.0010   17.3617
    7.5000   37.5000  -37.500011004.3799   17.3780
   -7.5000   45.0000  -37.500010480.6035   16.9611
    0.0000   45.0000  -37.500011071.4668   16.9421
    7.5000   45.0000  -37.500010629.3096   16.9586
   -7.5000  -45.0000  -30.0000 5900.6074   20.0752
    0.0000  -45.0000  -30.0000 6213.4771   20.0445
    7.5000  -45.0000  -30.0000 6030.3257   20.0506
   -7.5000  -37.5000  -30.0000 6514.9746   19.3537
    0.0000  -37.5000  -30.0000 6845.5415   19.3266
    7.5000  -37.5000  -30.0000 6647.9507   19.3379
   -7.5000  -30.0000  -30.0000 7454.9839   18.8632
    0.0000  -30.0000  -30.0000 7858.3081   18.8361
    7.5000  -30.0000  -30.0000 7617.3315   18.8460
   -7.5000  -22.5000  -30.0000 8500.1309   18.5161
    0.0000  -22.5000  -30.0000 8976.1836   18.4905
    7.5000  -22.5000  -30.0000 8668.7139   18.4991
   -7.5000  -15.0000  -30.0000 9587.1680   18.3085
    0.0000  -15.0000  -30.000010149.7383   18.2840
    7.5000  -15.0000  -30.0000 9761.7354   18.2907
   -7.5000   -7.5000  -30.000010750.5752   18.2915
    0.0000   -7.5000  -30.000011371.3613   18.2676
    7.5000   -7.5000  -30.000010916.7617   18.2741
   -7.5000    0.0000  -30.000011832.9004   18.3002
    0.0000    0.0000  -30.000012526.8896   18.2761
    7.5000    0.0000  -30.000012000.9180   18.2834
   -7.5000    7.5000  -30.000011948.0215   18.3138
    0.0000    7.5000  -30.000012639.9082   18.2892
    7.5000    7.5000  -30.000012095.9961   18.2978
   -7.5000   15.0000  -30.000011823.0312   18.3200
    0.0000   15.0000  -30.000012516.9092   18.2945
    7.5000   15.0000  -30.000011954.8086   18.3035
   -7.5000   22.5000  -30.000011659.7559   18.3098
    0.0000   22.5000  -30.000012367.7881   18.2845
    7.5000   22.5000  -30.000011797.6113   18.2923
   -7.5000   30.0000  -30.000011431.3457   18.0572
    0.0000   30.0000  -30.000012129.6836   18.0333
    7.5000   30.0000  -30.000011558.1064   18.0398
   -7.5000   37.5000  -30.000011570.4385   18.0495
    0.0000   37.5000  -30.000012273.7588   18.0259
    7.5000   37.5000  -30.000011708.6846   18.0323
   -7.5000   45.0000  -30.000011130.2832   17.6108
    0.0000   45.0000  -30.000011790.1221   17.5876
    7.5000   45.0000  -30.000011275.8467   17.5946
   -7.5000  -45.0000  -22.5000 6263.2607   20.7851
    0.0000  -45.0000  -22.5000 6601.4263   20.7585
    7.5000  -45.0000  -22.5000 6408.7002   20.7702
   -7.5000  -37.5000  -22.5000 6940.9536   20.0299
    0.0000  -37.5000  -22.5000 7309.7998   20.0087
    7.5000  -37.5000  -22.5000 7095.7432   20.0221
   -7.5000  -30.0000  -22.5000 7976.3281   19.5223
    0.0000  -30.0000  -22.5000 8417.5977   19.4944
    7.5000  -30.0000  -22.5000 8137.8169   19.5012
   -7.5000  -22.5000  -22.5000 9131.6787   19.1698
    0.0000  -22.5000  -22.5000 9647.4082   19.1373
    7.5000  -22.5000  -22.5000 9279.7822   19.1430
   -7.5000  -15.0000  -22.500010325.1992   18.9642
    0.0000  -15.0000  -22.500010914.1455   18.9322
    7.5000  -15.0000  -22.500010479.4688   18.9386
   -7.5000   -7.5000  -22.500011532.1230   18.9461
    0.0000   -7.5000  -22.500012179.8086   18.9204
    7.5000   -7.5000  -22.500011677.3945   18.9301
   -7.5000    0.0000  -22.500012685.1074   18.9455
    0.0000    0.0000  -22.500013380.3701   18.9259
    7.5000    0.0000  -22.500012821.4170   18.9376
   -7.5000    7.5000  -22.500012791.6631   18.9511
    0.0000    7.5000  -22.500013516.7021   18.9311
    7.5000    7.5000  -22.500012931.5176   18.9406
   -7.5000   15.0000  -22.500012672.4971   18.9577
    0.0000   15.0000  -22.500013397.8496   18.9314
    7.5000   15.0000  -22.500012810.5293   18.9375
   -7.5000   22.5000  -22.500012493.2520   18.9548
    0.0000   22.5000  -22.500013226.6514   18.9227
    7.5000   22.5000  -22.500012602.1025   18.9276
   -7.5000   30.0000  -22.500012234.7031   18.7069
    0.0000   30.0000  -22.500012950.3379   18.6754
    7.5000   30.0000  -22.500012309.1553   18.6816
   -7.5000   37.5000  -22.500012372.5205   18.6982
    0.0000   37.5000  -22.500013108.8271   18.6729
    7.5000   37.5000  -22.500012454.6084   18.6825
   -7.5000   45.0000  -22.500011872.8027   18.2455
    0.0000   45.0000  -22.500012578.3604   18.2265
    7.5000   45.0000  -22.500011981.0283   18.2379
   -7.5000  -45.0000  -15.0000 6643.6919   21.2479
    0.0000  -45.0000  -15.0000 6983.8740   21.2309
    7.5000  -45.0000  -15.0000 6773.6450   21.2614
   -7.5000  -37.5000  -15.0000 7389.9058   20.4898
    0.0000  -37.5000  -15.0000 7785.3071   20.4805
    7.5000  -37.5000  -15.0000 7540.1284   20.5089
   -7.5000  -30.0000  -15.0000 8535.8994   19.9711
    0.0000  -30.0000  -15.0000 9000.5527   19.9482
    7.5000  -30.0000  -15.0000 8671.3008   19.9635
   -7.5000  -22.5000  -15.0000 9777.9600   19.6064
    0.0000  -22.5000  -15.000010326.3604   19.5708
    7.5000  -22.5000  -15.0000 9895.7812   19.5849
   -7.5000  -15.0000  -15.000011020.0166   19.3948
    0.0000  -15.0000  -15.000011624.4814   19.3570
    7.5000  -15.0000  -15.000011157.6367   19.3750
   -7.5000   -7.5000  -15.000012281.8545   19.3765
    0.0000   -7.5000  -15.000012956.8926   19.3513
    7.5000   -7.5000  -15.000012426.6221   19.3764
   -7.5000    0.0000  -15.000013506.7646   19.3772
    0.0000    0.0000  -15.000014257.4199   19.3659
    7.5000    0.0000  -15.000013627.3838   19.3942
   -7.5000    7.5000  -15.000013665.9746   19.3861
    0.0000    7.5000  -15.000014408.9023   19.3762
    7.5000    7.5000  -15.000013768.8916   19.3983
   -7.5000   15.0000  -15.000013545.1699   19.3932
    0.0000   15.0000  -15.000014291.0879   19.3717
    7.5000   15.0000  -15.000013652.6660   19.3859
   -7.5000   22.5000  -15.000013349.0449   19.3861
    0.0000   22.5000  -15.000014088.1211   19.3508
    7.5000   22.5000  -15.000013380.6621   19.3639
   -7.5000   30.0000  -15.000013033.5674   19.1343
    0.0000   30.0000  -15.000013759.2559   19.0971
    7.5000   30.0000  -15.000013027.0166   19.1148
   -7.5000   37.5000  -15.000013179.6240   19.1257
    0.0000   37.5000  -15.000013940.5449   19.1008
    7.5000   37.5000  -15.000013222.5039   19.1256
   -7.5000   45.0000  -15.000012659.0967   18.6725
    0.0000   45.0000  -15.000013375.9102   18.6616
    7.5000   45.0000  -15.000012714.0371   18.6888
   -7.5000  -45.0000   -7.5000 7016.6255   21.4386
    0.0000  -45.0000   -7.5000 7390.5044   21.4267
    7.5000  -45.0000   -7.5000 7156.0649   21.4691
   -7.5000  -37.5000   -7.5000 7852.3433   20.6988
    0.0000  -37.5000   -7.5000 8274.1328   20.6946
    7.5000  -37.5000   -7.5000 7999.7949   20.7354
   -7.5000  -30.0000   -7.5000 9086.2920   20.1748
    0.0000  -30.0000   -7.5000 9573.0684   20.1577
    7.5000  -30.0000   -7.5000 9216.4258   20.1844
   -7.5000  -22.5000   -7.500010384.4971   19.7941
    0.0000  -22.5000   -7.500010951.7744   19.7621
    7.5000  -22.5000   -7.500010505.9570   19.7869
   -7.5000  -15.0000   -7.500011690.0439   19.5676
    0.0000  -15.0000   -7.500012303.8516   19.5315
    7.5000  -15.0000   -7.500011825.7910   19.5603
   -7.5000   -7.5000   -7.500013051.4453   19.5500
    0.0000   -7.5000   -7.500013738.4170   19.5264
    7.5000   -7.5000   -7.500013186.1572   19.5625
   -7.5000    0.0000   -7.500014358.7139   19.5639
    0.0000    0.0000   -7.500015138.3887   19.5556
    7.5000    0.0000   -7.500014471.8623   19.5947
   -7.5000    7.5000   -7.500014578.0518   19.5861
    0.0000    7.5000   -7.500015341.2031   19.5810
    7.5000    7.5000   -7.500014654.2842   19.6143
   -7.5000   15.0000   -7.500014507.9004   19.5935
    0.0000   15.0000   -7.500015293.2207   19.5774
    7.5000   15.0000   -7.500014549.6953   19.6026
   -7.5000   22.5000   -7.500014243.5186   19.5701
    0.0000   22.5000   -7.500014996.3711   19.5383
    7.5000   22.5000   -7.500014215.5723   19.5620
   -7.5000   30.0000   -7.500013873.2773   19.3042
    0.0000   30.0000   -7.500014574.4961   19.2686
    7.5000   30.0000   -7.500013817.5000   19.2971
   -7.5000   37.5000   -7.500014038.4268   19.2964
    0.0000   37.5000   -7.500014771.3301   19.2732
    7.5000   37.5000   -7.500014030.7754   19.3088
   -7.5000   45.0000   -7.500013466.4053   18.8559
    0.0000   45.0000   -7.500014189.3906   18.8479
    7.5000   45.0000   -7.500013494.1152   18.8856
   -7.5000  -45.0000    0.0000 7261.9512   21.4585
    0.0000  -45.0000    0.0000 7666.0918   21.4423
    7.5000  -45.0000    0.0000 7429.3506   21.4787
   -7.5000  -37.5000    0.0000 8178.0454   20.7284
    0.0000  -37.5000    0.0000 8617.9883   20.7172
    7.5000  -37.5000    0.0000 8336.7920   20.7554
   -7.5000  -30.0000    0.0000 9512.1377   20.2030
    0.0000  -30.0000    0.000010049.2812   20.1850
    7.5000  -30.0000    0.0000 9674.8105   20.2143
   -7.5000  -22.5000    0.000010912.4482   19.8142
    0.0000  -22.5000    0.000011516.8809   19.7874
    7.5000  -22.5000    0.000011053.6123   19.8148
   -7.5000  -15.0000    0.000012279.2383   19.5778
    0.0000  -15.0000    0.000012925.9502   19.5479
    7.5000  -15.0000    0.000012428.2471   19.5768
   -7.5000   -7.5000    0.000013687.2314   19.5611
    0.0000   -7.5000    0.000014412.2754   19.5388
    7.5000   -7.5000    0.000013810.7725   19.5713
   -7.5000    0.0000    0.000015081.4629   19.5854
    0.0000    0.0000    0.000015870.5088   19.5724
    7.5000    0.0000    0.000015158.7881   19.6066
   -7.5000    7.5000    0.000015354.3809   19.6166
    0.0000    7.5000    0.000016150.7070   19.6058
    7.5000    7.5000    0.000015403.9814   19.6378
   -7.5000   15.0000    0.000015427.9297   19.6236
    0.0000   15.0000    0.000016263.7842   19.6065
    7.5000   15.0000    0.000015409.9766   19.6343
   -7.5000   22.5000    0.000015156.2871   19.5901
    0.0000   22.5000    0.000015935.7266   19.5635
    7.5000   22.5000    0.000015071.0732   19.5897
   -7.5000   30.0000    0.000014668.2656   19.3147
    0.0000   30.0000    0.000015348.3711   19.2854
    7.5000   30.0000    0.000014557.7256   19.3139
   -7.5000   37.5000    0.000014811.9521   19.3079
    0.0000   37.5000    0.000015506.8174   19.2859
    7.5000   37.5000    0.000014749.8770   19.3180
   -7.5000   45.0000    0.000014203.9658   18.8780
    0.0000   45.0000    0.000014902.1240   18.8655
    7.5000   45.0000    0.000014202.6826   18.8985
   -7.5000  -45.0000    7.5000 6991.1450   21.4967
    0.0000  -45.0000    7.5000 7372.0273   21.4700
    7.5000  -45.0000    7.5000 7148.4741   21.4891
   -7.5000  -37.5000    7.5000 7910.1777   20.7487
    0.0000  -37.5000    7.5000 8329.6445   20.7252
    7.5000  -37.5000    7.5000 8068.4272   20.7495
   -7.5000  -30.0000    7.5000 9221.3271   20.2226
    0.0000  -30.0000    7.5000 9758.4990   20.1985
    7.5000  -30.0000    7.5000 9400.8477   20.2200
   -7.5000  -22.5000    7.500010573.6768   19.8390
    0.0000  -22.5000    7.500011181.5234   19.8143
    7.5000  -22.5000    7.500010732.3057   19.8343
   -7.5000  -15.0000    7.500011883.7607   19.6054
    0.0000  -15.0000    7.500012556.4072   19.5806
    7.5000  -15.0000    7.500012053.2256   19.5990
   -7.5000   -7.5000    7.500013213.7881   19.5883
    0.0000   -7.5000    7.500013963.9629   19.5651
    7.5000   -7.5000    7.500013356.7031   19.5837
   -7.5000    0.0000    7.500014519.0400   19.6094
    0.0000    0.0000    7.500015300.0029   19.5878
    7.5000    0.0000    7.500014594.9014   19.6070
   -7.5000    7.5000    7.500014809.4287   19.6361
    0.0000    7.5000    7.500015583.9570   19.6148
    7.5000    7.5000    7.500014870.2559   19.6351
   -7.5000   15.0000    7.500015040.5234   19.6426
    0.0000   15.0000    7.500015920.9502   19.6199
    7.5000   15.0000    7.500015014.8760   19.6402
   -7.5000   22.5000    7.500015039.5957   19.6141
    0.0000   22.5000    7.500015845.2129   19.5898
    7.5000   22.5000    7.500014909.6885   19.6087
   -7.5000   30.0000    7.500014611.8672   19.3420
    0.0000   30.0000    7.500015272.6465   19.3176
    7.5000   30.0000    7.500014467.5742   19.3359
   -7.5000   37.5000    7.500014706.7090   19.3347
    0.0000   37.5000    7.500015344.9365   19.3119
    7.5000   37.5000    7.500014546.1309   19.3302
   -7.5000   45.0000    7.500014075.2471   18.9012
    0.0000   45.0000    7.500014738.8330   18.8804
    7.5000   45.0000    7.500013938.7100   18.8988
   -7.5000  -45.0000   15.0000 6575.1445   21.5573
    0.0000  -45.0000   15.0000 6942.0381   21.5244
    7.5000  -45.0000   15.0000 6718.5767   21.5310
   -7.5000  -37.5000   15.0000 7487.8408   20.7826
    0.0000  -37.5000   15.0000 7920.3691   20.7535
    7.5000  -37.5000   15.0000 7624.6606   20.7656
   -7.5000  -30.0000   15.0000 8767.1240   20.2559
    0.0000  -30.0000   15.0000 9325.5029   20.2268
    7.5000  -30.0000   15.0000 8947.9111   20.2374
   -7.5000  -22.5000   15.000010068.6523   19.8832
    0.0000  -22.5000   15.000010680.4805   19.8557
    7.5000  -22.5000   15.000010280.2402   19.8649
   -7.5000  -15.0000   15.000011374.6299   19.6602
    0.0000  -15.0000   15.000012009.7168   19.6340
    7.5000  -15.0000   15.000011584.6904   19.6411
   -7.5000   -7.5000   15.000012652.5156   19.6420
    0.0000   -7.5000   15.000013346.2988   19.6163
    7.5000   -7.5000   15.000012874.9268   19.6233
   -7.5000    0.0000   15.000013913.0547   19.6513
    0.0000    0.0000   15.000014601.0869   19.6255
    7.5000    0.0000   15.000014079.4883   19.6332
   -7.5000    7.5000   15.000014209.5625   19.6659
    0.0000    7.5000   15.000014920.7080   19.6396
    7.5000    7.5000   15.000014296.4951   19.6488
   -7.5000   15.0000   15.000014530.5371   19.6725
    0.0000   15.0000   15.000015444.5146   19.6452
    7.5000   15.0000   15.000014449.0762   19.6549
   -7.5000   22.5000   15.000014706.9961   19.6573
    0.0000   22.5000   15.000015640.1416   19.6302
    7.5000   22.5000   15.000014455.7305   19.6385
   -7.5000   30.0000   15.000014432.9561   19.3961
    0.0000   30.0000   15.000015293.6445   19.3704
    7.5000   30.0000   15.000014126.0215   19.3774
   -7.5000   37.5000   15.000014494.4404   19.3878
    0.0000   37.5000   15.000015345.7480   19.3624
    7.5000   37.5000   15.000014174.3975   19.3693
   -7.5000   45.0000   15.000013745.0957   18.9416
    0.0000   45.0000   15.000014517.2578   18.9167
    7.5000   45.0000   15.000013493.9775   18.9242
   -7.5000  -45.0000   22.5000 6146.9072   21.5903
    0.0000  -45.0000   22.5000 6483.3530   21.5626
    7.5000  -45.0000   22.5000 6274.5566   21.5747
   -7.5000  -37.5000   22.5000 7028.9204   20.8054
    0.0000  -37.5000   22.5000 7423.0947   20.7833
    7.5000  -37.5000   22.5000 7158.3672   20.7972
   -7.5000  -30.0000   22.5000 8242.0264   20.2778
    0.0000  -30.0000   22.5000 8718.9463   20.2487
    7.5000  -30.0000   22.5000 8405.1162   20.2558
   -7.5000  -22.5000   22.5000 9474.7051   19.9113
    0.0000  -22.5000   22.500010018.3213   19.8775
    7.5000  -22.5000   22.5000 9676.6875   19.8836
   -7.5000  -15.0000   22.500010728.8164   19.6977
    0.0000  -15.0000   22.500011361.5459   19.6644
    7.5000  -15.0000   22.500010934.2939   19.6711
   -7.5000   -7.5000   22.500012012.6494   19.6789
    0.0000   -7.5000   22.500012741.4336   19.6522
    7.5000   -7.5000   22.500012191.8223   19.6623
   -7.5000    0.0000   22.500013242.3203   19.6784
    0.0000    0.0000   22.500014049.8408   19.6579
    7.5000    0.0000   22.500013357.6279   19.6701
   -7.5000    7.5000   22.500013542.7773   19.6842
    0.0000    7.5000   22.500014354.2773   19.6634
    7.5000    7.5000   22.500013566.1641   19.6733
   -7.5000   15.0000   22.500013714.5361   19.6910
    0.0000   15.0000   22.500014525.5283   19.6636
    7.5000   15.0000   22.500013653.9971   19.6700
   -7.5000   22.5000   22.500013580.6758   19.6849
    0.0000   22.5000   22.500014364.4199   19.6515
    7.5000   22.5000   22.500013514.4150   19.6567
   -7.5000   30.0000   22.500013261.3135   19.4331
    0.0000   30.0000   22.500014032.5566   19.4004
    7.5000   30.0000   22.500013199.0781   19.4069
   -7.5000   37.5000   22.500013412.9873   19.4242
    0.0000   37.5000   22.500014211.5342   19.3978
    7.5000   37.5000   22.500013333.7070   19.4078
   -7.5000   45.0000   22.500012861.9141   18.9677
    0.0000   45.0000   22.500013637.5742   18.9480
    7.5000   45.0000   22.500012789.2383   18.9598
   -7.5000  -45.0000   30.0000 5624.3691   21.5870
    0.0000  -45.0000   30.0000 5918.8604   21.5697
    7.5000  -45.0000   30.0000 5723.5903   21.6005
   -7.5000  -37.5000   30.0000 6435.3154   20.8176
    0.0000  -37.5000   30.0000 6792.2876   20.8080
    7.5000  -37.5000   30.0000 6552.7354   20.8366
   -7.5000  -30.0000   30.0000 7564.6436   20.2909
    0.0000  -30.0000   30.0000 8011.4502   20.2676
    7.5000  -30.0000   30.0000 7697.7451   20.2827
   -7.5000  -22.5000   30.0000 8729.1152   19.9201
    0.0000  -22.5000   30.0000 9250.7617   19.8838
    7.5000  -22.5000   30.0000 8873.0039   19.8979
   -7.5000  -15.0000   30.0000 9908.6660   19.7042
    0.0000  -15.0000   30.000010513.9863   19.6657
    7.5000  -15.0000   30.000010055.8408   19.6838
   -7.5000   -7.5000   30.000011118.4355   19.6853
    0.0000   -7.5000   30.000011777.3379   19.6596
    7.5000   -7.5000   30.000011235.3926   19.6850
   -7.5000    0.0000   30.000012229.3604   19.6863
    0.0000    0.0000   30.000012920.6768   19.6747
    7.5000    0.0000   30.000012343.0859   19.7033
   -7.5000    7.5000   30.000012454.4756   19.6959
    0.0000    7.5000   30.000013154.4365   19.6857
    7.5000    7.5000   30.000012556.9775   19.7079
   -7.5000   15.0000   30.000012480.7539   19.7034
    0.0000   15.0000   30.000013127.0400   19.6815
    7.5000   15.0000   30.000012571.9170   19.6955
   -7.5000   22.5000   30.000012280.5186   19.6938
    0.0000   22.5000   30.000012838.0850   19.6578
    7.5000   22.5000   30.000012385.7510   19.6709
   -7.5000   30.0000   30.000011997.5488   19.4395
    0.0000   30.0000   30.000012550.1973   19.4016
    7.5000   30.0000   30.000012118.4023   19.4194
   -7.5000   37.5000   30.000012183.3564   19.4305
    0.0000   37.5000   30.000012767.4717   19.4051
    7.5000   37.5000   30.000012263.2803   19.4302
   -7.5000   45.0000   30.000011784.4512   18.9753
    0.0000   45.0000   30.000012345.9619   18.9641
    7.5000   45.0000   30.000011820.5469   18.9917
   -7.5000  -45.0000   37.5000 5355.7378   21.9074
    0.0000  -45.0000   37.5000 5629.3145   21.8944
    7.5000  -45.0000   37.5000 5433.9482   21.9377
   -7.5000  -37.5000   37.5000 6126.2192   21.1412
    0.0000  -37.5000   37.5000 6448.8462   21.1361
    7.5000  -37.5000   37.5000 6232.6318   21.1777
   -7.5000  -30.0000   37.5000 7237.2949   20.5987
    0.0000  -30.0000   37.5000 7623.7217   20.5801
    7.5000  -30.0000   37.5000 7341.8198   20.6072
   -7.5000  -22.5000   37.5000 8360.8213   20.2045
    0.0000  -22.5000   37.5000 8819.2617   20.1703
    7.5000  -22.5000   37.5000 8489.4521   20.1955
   -7.5000  -15.0000   37.5000 9477.1162   19.9700
    0.0000  -15.0000   37.5000 9973.5439   19.9316
    7.5000  -15.0000   37.5000 9609.5127   19.9609
   -7.5000   -7.5000   37.500010605.5068   19.9513
    0.0000   -7.5000   37.500011141.8418   19.9263
    7.5000   -7.5000   37.500010726.1143   19.9630
   -7.5000    0.0000   37.500011663.7568   19.9658
    0.0000    0.0000   37.500012252.2520   19.9567
    7.5000    0.0000   37.500011792.4580   19.9966
   -7.5000    7.5000   37.500011869.8672   19.9894
    0.0000    7.5000   37.500012499.1055   19.9835
    7.5000    7.5000   37.500012011.3955   20.0174
   -7.5000   15.0000   37.500011869.6709   19.9974
    0.0000   15.0000   37.500012465.5410   19.9799
    7.5000   15.0000   37.500011999.0459   20.0055
   -7.5000   22.5000   37.500011686.1045   19.9731
    0.0000   22.5000   37.500012204.0439   19.9392
    7.5000   22.5000   37.500011781.1006   19.9632
   -7.5000   30.0000   37.500011448.6914   19.7015
    0.0000   30.0000   37.500011949.3516   19.6638
    7.5000   30.0000   37.500011525.4551   19.6926
   -7.5000   37.5000   37.500011641.5127   19.6931
    0.0000   37.5000   37.500012148.6904   19.6684
    7.5000   37.5000   37.500011682.1963   19.7046
   -7.5000   45.0000   37.500011274.1797   19.2447
    0.0000   45.0000   37.500011768.6787   19.2360
    7.5000   45.0000   37.500011310.9307   19.2744
   -7.5000  -45.0000   45.0000 4879.1191   22.3216
    0.0000  -45.0000   45.0000 5131.3398   22.3048
    7.5000  -45.0000   45.0000 4935.2148   22.3456
   -7.5000  -37.5000   45.0000 5584.0142   21.5313
    0.0000  -37.5000   45.0000 5859.1675   21.5199
    7.5000  -37.5000   45.0000 5658.8896   21.5620
   -7.5000  -30.0000   45.0000 6590.2021   20.9626
    0.0000  -30.0000   45.0000 6911.8213   20.9436
    7.5000  -30.0000   45.0000 6680.8081   20.9750
   -7.5000  -22.5000   45.0000 7614.0439   20.5438
    0.0000  -22.5000   45.0000 7984.6592   20.5152
    7.5000  -22.5000   45.0000 7711.6875   20.5442
   -7.5000  -15.0000   45.0000 8614.5449   20.2926
    0.0000  -15.0000   45.0000 9040.2383   20.2609
    7.5000  -15.0000   45.0000 8700.8809   20.2920
   -7.5000   -7.5000   45.0000 9637.2881   20.2774
    0.0000   -7.5000   45.000010107.7471   20.2539
    7.5000   -7.5000   45.0000 9718.3154   20.2895
   -7.5000    0.0000   45.000010616.8613   20.3048
    0.0000    0.0000   45.000011141.9463   20.2914
    7.5000    0.0000   45.000010711.8975   20.3293
   -7.5000    7.5000   45.000010828.7314   20.3367
    0.0000    7.5000   45.000011358.1924   20.3257
    7.5000    7.5000   45.000010921.3281   20.3609
   -7.5000   15.0000   45.000010828.4619   20.3415
    0.0000   15.0000   45.000011345.7764   20.3236
    7.5000   15.0000   45.000010917.3691   20.3533
   -7.5000   22.5000   45.000010656.0732   20.3048
    0.0000   22.5000   45.000011144.4795   20.2764
    7.5000   22.5000   45.000010721.7021   20.3041
   -7.5000   30.0000   45.000010427.5664   20.0178
    0.0000   30.0000   45.000010895.7090   19.9866
    7.5000   30.0000   45.000010481.4824   20.0173
   -7.5000   37.5000   45.000010582.6875   20.0132
    0.0000   37.5000   45.000011046.5752   19.9900
    7.5000   37.5000   45.000010614.6895   20.0252
   -7.5000   45.0000   45.000010301.6895   19.5803
    0.0000   45.0000   45.000010731.4453   19.5675
    7.5000   45.0000   45.000010322.5684   19.6040

---------------------------------------------------------------------
imgreg_4dfp /opt/freesurfer/average/711-2C_as_mni_average_305 /opt/freesurfer/average/711-2B_as_mni_average_305_mask talsrcimg_g11 none talsrcimg_to_711-2C_as_mni_average_305_t4 4355
---------------------------------------------------------------------

freesurfer imgreg_4dfp.c
/opt/freesurfer/average/711-2C_as_mni_average_305.4dfp.img
       256       256       256         1
  1.000000  1.000000  1.000000
orientation T byte_order littleendian
Reading image: /opt/freesurfer/average/711-2C_as_mni_average_305.4dfp.img
dimensions:      256       256       256
mmppix:       1.0000   -1.0000   -1.0000
center:     128.0000 -129.0000 -129.0000
/opt/freesurfer/average/711-2B_as_mni_average_305_mask.4dfp.img
       256       256       256         1
  1.000000  1.000000  1.000000
orientation T byte_order littleendian
Reading mask: /opt/freesurfer/average/711-2B_as_mni_average_305_mask.4dfp.img (2306576 pixels)
talsrcimg_g11.4dfp.img
       256       256       256         1
  1.000000  1.000000  1.000000
orientation T byte_order littleendian
Reading image: talsrcimg_g11.4dfp.img
dimensions:      256       256       256
mmppix:       1.0000   -1.0000   -1.0000
center:     128.0000 -129.0000 -129.0000
rotation matrix determinant  1.000000
image alignment mode   4355 decimal     1103 hex
   -7.5000  -30.0000  -45.0000 1758.4873   27.7069
    0.0000  -30.0000  -45.0000 1764.8458   27.3148
    7.5000  -30.0000  -45.0000 1759.4921   27.1949
   -7.5000  -22.5000  -45.0000 1877.0022   24.3502
    0.0000  -22.5000  -45.0000 1890.6483   24.0435
    7.5000  -22.5000  -45.0000 1880.7755   23.9313
   -7.5000  -15.0000  -45.0000 1991.0631   21.6749
    0.0000  -15.0000  -45.0000 2006.2074   21.4818
    7.5000  -15.0000  -45.0000 1992.6666   21.3452
   -7.5000   -7.5000  -45.0000 2098.6240   19.6912
    0.0000   -7.5000  -45.0000 2114.0205   19.5513
    7.5000   -7.5000  -45.0000 2105.0535   19.3773
   -7.5000    0.0000  -45.0000 2190.8232   18.2148
    0.0000    0.0000  -45.0000 2206.0579   18.0868
    7.5000    0.0000  -45.0000 2199.5518   17.9367
   -7.5000    7.5000  -45.0000 2244.2263   17.1653
    0.0000    7.5000  -45.0000 2259.3899   17.0605
    7.5000    7.5000  -45.0000 2252.9766   16.9181
   -7.5000   15.0000  -45.0000 2269.6306   16.4041
    0.0000   15.0000  -45.0000 2289.1975   16.2735
    7.5000   15.0000  -45.0000 2279.6450   16.1840
   -7.5000   22.5000  -45.0000 2287.5161   15.9719
    0.0000   22.5000  -45.0000 2306.8960   15.7993
    7.5000   22.5000  -45.0000 2292.9919   15.7649
   -7.5000   30.0000  -45.0000 2289.1685   15.9308
    0.0000   30.0000  -45.0000 2306.3145   15.7011
    7.5000   30.0000  -45.0000 2287.1433   15.6936
   -7.5000   37.5000  -45.0000 2285.4673   16.1047
    0.0000   37.5000  -45.0000 2297.8420   15.9386
    7.5000   37.5000  -45.0000 2276.7839   15.9302
   -7.5000   45.0000  -45.0000 2259.9192   16.7403
    0.0000   45.0000  -45.0000 2271.7920   16.5244
    7.5000   45.0000  -45.0000 2249.8638   16.5437
   -7.5000   52.5000  -45.0000 2190.3928   17.5114
    0.0000   52.5000  -45.0000 2199.5830   17.3433
    7.5000   52.5000  -45.0000 2184.6436   17.3551
   -7.5000   60.0000  -45.0000 2073.2107   18.4488
    0.0000   60.0000  -45.0000 2084.7664   18.2756
    7.5000   60.0000  -45.0000 2065.7749   18.2674
   -7.5000  -30.0000  -37.5000 1811.7589   26.1826
    0.0000  -30.0000  -37.5000 1824.5587   25.7724
    7.5000  -30.0000  -37.5000 1822.6980   25.6020
   -7.5000  -22.5000  -37.5000 1938.5416   23.0017
    0.0000  -22.5000  -37.5000 1956.7185   22.6575
    7.5000  -22.5000  -37.5000 1952.9967   22.4829
   -7.5000  -15.0000  -37.5000 2064.0303   20.4527
    0.0000  -15.0000  -37.5000 2087.1340   20.2020
    7.5000  -15.0000  -37.5000 2077.4485   19.9994
   -7.5000   -7.5000  -37.5000 2184.1353   18.5582
    0.0000   -7.5000  -37.5000 2206.7644   18.3587
    7.5000   -7.5000  -37.5000 2195.5718   18.1800
   -7.5000    0.0000  -37.5000 2280.2764   17.0825
    0.0000    0.0000  -37.5000 2296.1660   16.9455
    7.5000    0.0000  -37.5000 2285.9202   16.7412
   -7.5000    7.5000  -37.5000 2343.6572   16.0507
    0.0000    7.5000  -37.5000 2359.4915   15.9155
    7.5000    7.5000  -37.5000 2343.6626   15.7613
   -7.5000   15.0000  -37.5000 2372.5659   15.3236
    0.0000   15.0000  -37.5000 2393.6079   15.1929
    7.5000   15.0000  -37.5000 2377.2417   15.0717
   -7.5000   22.5000  -37.5000 2391.7319   14.9124
    0.0000   22.5000  -37.5000 2414.2659   14.7354
    7.5000   22.5000  -37.5000 2395.5090   14.6887
   -7.5000   30.0000  -37.5000 2393.2708   14.8162
    0.0000   30.0000  -37.5000 2414.6775   14.6067
    7.5000   30.0000  -37.5000 2395.8062   14.5963
   -7.5000   37.5000  -37.5000 2388.5969   14.9683
    0.0000   37.5000  -37.5000 2406.3376   14.7952
    7.5000   37.5000  -37.5000 2387.4380   14.7997
   -7.5000   45.0000  -37.5000 2362.2141   15.5350
    0.0000   45.0000  -37.5000 2379.5344   15.3116
    7.5000   45.0000  -37.5000 2363.0840   15.3354
   -7.5000   52.5000  -37.5000 2291.9067   16.2869
    0.0000   52.5000  -37.5000 2304.6609   16.0968
    7.5000   52.5000  -37.5000 2288.4714   16.1098
   -7.5000   60.0000  -37.5000 2167.3169   17.1359
    0.0000   60.0000  -37.5000 2181.5593   16.9577
    7.5000   60.0000  -37.5000 2163.4485   16.9691
   -7.5000  -30.0000  -30.0000 1896.9500   25.6550
    0.0000  -30.0000  -30.0000 1911.1106   25.2322
    7.5000  -30.0000  -30.0000 1913.0543   25.0021
   -7.5000  -22.5000  -30.0000 2031.6853   22.4712
    0.0000  -22.5000  -30.0000 2053.5776   22.1711
    7.5000  -22.5000  -30.0000 2050.0715   21.9096
   -7.5000  -15.0000  -30.0000 2166.9768   20.0495
    0.0000  -15.0000  -30.0000 2191.9861   19.7919
    7.5000  -15.0000  -30.0000 2183.3088   19.5394
   -7.5000   -7.5000  -30.0000 2295.2295   18.1784
    0.0000   -7.5000  -30.0000 2323.0801   17.9332
    7.5000   -7.5000  -30.0000 2311.0303   17.7252
   -7.5000    0.0000  -30.0000 2397.3774   16.6760
    0.0000    0.0000  -30.0000 2424.5942   16.4539
    7.5000    0.0000  -30.0000 2411.2261   16.2611
   -7.5000    7.5000  -30.0000 2467.4216   15.5482
    0.0000    7.5000  -30.0000 2489.9050   15.3420
    7.5000    7.5000  -30.0000 2476.3999   15.1823
   -7.5000   15.0000  -30.0000 2510.9414   14.8151
    0.0000   15.0000  -30.0000 2529.1384   14.6283
    7.5000   15.0000  -30.0000 2512.7109   14.5151
   -7.5000   22.5000  -30.0000 2538.2449   14.3962
    0.0000   22.5000  -30.0000 2565.3992   14.2155
    7.5000   22.5000  -30.0000 2544.6492   14.1534
   -7.5000   30.0000  -30.0000 2549.9014   14.2791
    0.0000   30.0000  -30.0000 2569.5437   14.0945
    7.5000   30.0000  -30.0000 2555.4656   14.0525
   -7.5000   37.5000  -30.0000 2544.5469   14.4450
    0.0000   37.5000  -30.0000 2565.6116   14.2807
    7.5000   37.5000  -30.0000 2544.2737   14.2776
   -7.5000   45.0000  -30.0000 2509.0750   14.9713
    0.0000   45.0000  -30.0000 2532.1680   14.7942
    7.5000   45.0000  -30.0000 2512.3438   14.8095
   -7.5000   52.5000  -30.0000 2431.1938   15.6589
    0.0000   52.5000  -30.0000 2454.0737   15.4949
    7.5000   52.5000  -30.0000 2431.2170   15.5042
   -7.5000   60.0000  -30.0000 2299.2424   16.4570
    0.0000   60.0000  -30.0000 2322.4397   16.2881
    7.5000   60.0000  -30.0000 2298.8005   16.3222
   -7.5000  -30.0000  -22.5000 1956.3958   24.9701
    0.0000  -30.0000  -22.5000 1976.5664   24.5538
    7.5000  -30.0000  -22.5000 1975.4431   24.3718
   -7.5000  -22.5000  -22.5000 2103.1794   21.9329
    0.0000  -22.5000  -22.5000 2128.4031   21.5368
    7.5000  -22.5000  -22.5000 2119.1169   21.3144
   -7.5000  -15.0000  -22.5000 2247.7319   19.4971
    0.0000  -15.0000  -22.5000 2272.9556   19.1675
    7.5000  -15.0000  -22.5000 2260.7507   18.9371
   -7.5000   -7.5000  -22.5000 2375.1729   17.5434
    0.0000   -7.5000  -22.5000 2400.6077   17.2585
    7.5000   -7.5000  -22.5000 2387.6416   17.0906
   -7.5000    0.0000  -22.5000 2483.1316   16.0800
    0.0000    0.0000  -22.5000 2504.4089   15.7978
    7.5000    0.0000  -22.5000 2493.9124   15.6453
   -7.5000    7.5000  -22.5000 2560.3835   14.9539
    0.0000    7.5000  -22.5000 2585.0552   14.7141
    7.5000    7.5000  -22.5000 2569.9131   14.5671
   -7.5000   15.0000  -22.5000 2613.8950   14.1939
    0.0000   15.0000  -22.5000 2637.8508   13.9773
    7.5000   15.0000  -22.5000 2622.9006   13.8729
   -7.5000   22.5000  -22.5000 2658.3840   13.7504
    0.0000   22.5000  -22.5000 2685.1592   13.5776
    7.5000   22.5000  -22.5000 2662.8887   13.4978
   -7.5000   30.0000  -22.5000 2678.6948   13.5701
    0.0000   30.0000  -22.5000 2700.5769   13.4271
    7.5000   30.0000  -22.5000 2680.2747   13.3579
   -7.5000   37.5000  -22.5000 2670.2883   13.7712
    0.0000   37.5000  -22.5000 2697.7290   13.6355
    7.5000   37.5000  -22.5000 2671.5640   13.6053
   -7.5000   45.0000  -22.5000 2632.1943   14.2585
    0.0000   45.0000  -22.5000 2660.2043   14.1124
    7.5000   45.0000  -22.5000 2634.9478   14.1234
   -7.5000   52.5000  -22.5000 2548.2275   14.9115
    0.0000   52.5000  -22.5000 2575.0305   14.7454
    7.5000   52.5000  -22.5000 2548.1189   14.7781
   -7.5000   60.0000  -22.5000 2408.5479   15.6671
    0.0000   60.0000  -22.5000 2428.5073   15.4973
    7.5000   60.0000  -22.5000 2404.0244   15.5627
   -7.5000  -30.0000  -15.0000 1997.5283   24.4221
    0.0000  -30.0000  -15.0000 2014.9603   23.9797
    7.5000  -30.0000  -15.0000 2013.2900   23.7455
   -7.5000  -22.5000  -15.0000 2150.9763   21.3781
    0.0000  -22.5000  -15.0000 2175.9502   20.9467
    7.5000  -22.5000  -15.0000 2162.3020   20.6940
   -7.5000  -15.0000  -15.0000 2291.8799   18.8777
    0.0000  -15.0000  -15.0000 2316.2251   18.5234
    7.5000  -15.0000  -15.0000 2305.2859   18.3270
   -7.5000   -7.5000  -15.0000 2420.4138   16.9302
    0.0000   -7.5000  -15.0000 2438.5107   16.5968
    7.5000   -7.5000  -15.0000 2432.5630   16.4874
   -7.5000    0.0000  -15.0000 2532.3210   15.4399
    0.0000    0.0000  -15.0000 2555.1624   15.1544
    7.5000    0.0000  -15.0000 2542.6482   15.0416
   -7.5000    7.5000  -15.0000 2624.5071   14.3415
    0.0000    7.5000  -15.0000 2646.4602   14.1000
    7.5000    7.5000  -15.0000 2630.9524   13.9948
   -7.5000   15.0000  -15.0000 2688.7983   13.6058
    0.0000   15.0000  -15.0000 2714.8621   13.3722
    7.5000   15.0000  -15.0000 2699.2124   13.2867
   -7.5000   22.5000  -15.0000 2740.2590   13.1103
    0.0000   22.5000  -15.0000 2769.7388   12.8892
    7.5000   22.5000  -15.0000 2742.1169   12.8424
   -7.5000   30.0000  -15.0000 2767.9111   12.8500
    0.0000   30.0000  -15.0000 2797.8135   12.7031
    7.5000   30.0000  -15.0000 2765.4219   12.6561
   -7.5000   37.5000  -15.0000 2763.1648   13.0864
    0.0000   37.5000  -15.0000 2796.0144   12.9435
    7.5000   37.5000  -15.0000 2766.0078   12.9374
   -7.5000   45.0000  -15.0000 2732.1350   13.5472
    0.0000   45.0000  -15.0000 2754.9656   13.4065
    7.5000   45.0000  -15.0000 2725.6360   13.4504
   -7.5000   52.5000  -15.0000 2641.1472   14.1722
    0.0000   52.5000  -15.0000 2658.3584   14.0213
    7.5000   52.5000  -15.0000 2628.0710   14.0820
   -7.5000   60.0000  -15.0000 2486.6885   14.9473
    0.0000   60.0000  -15.0000 2499.0232   14.7921
    7.5000   60.0000  -15.0000 2477.3325   14.8290
   -7.5000  -30.0000   -7.5000 2022.3633   24.1344
    0.0000  -30.0000   -7.5000 2045.4728   23.6180
    7.5000  -30.0000   -7.5000 2038.7301   23.3865
   -7.5000  -22.5000   -7.5000 2171.8950   20.9383
    0.0000  -22.5000   -7.5000 2197.0029   20.4593
    7.5000  -22.5000   -7.5000 2184.9421   20.2817
   -7.5000  -15.0000   -7.5000 2307.0081   18.3726
    0.0000  -15.0000   -7.5000 2329.0964   17.9813
    7.5000  -15.0000   -7.5000 2323.5959   17.8332
   -7.5000   -7.5000   -7.5000 2437.7678   16.4417
    0.0000   -7.5000   -7.5000 2455.6536   16.0941
    7.5000   -7.5000   -7.5000 2453.6990   15.9764
   -7.5000    0.0000   -7.5000 2561.0085   14.9514
    0.0000    0.0000   -7.5000 2580.0959   14.6615
    7.5000    0.0000   -7.5000 2571.4438   14.5666
   -7.5000    7.5000   -7.5000 2666.3066   13.8608
    0.0000    7.5000   -7.5000 2688.6697   13.5725
    7.5000    7.5000   -7.5000 2675.3628   13.5246
   -7.5000   15.0000   -7.5000 2745.2717   13.1121
    0.0000   15.0000   -7.5000 2771.9043   12.8372
    7.5000   15.0000   -7.5000 2753.7625   12.7929
   -7.5000   22.5000   -7.5000 2804.1882   12.5475
    0.0000   22.5000   -7.5000 2836.9363   12.2847
    7.5000   22.5000   -7.5000 2807.5906   12.2735
   -7.5000   30.0000   -7.5000 2842.9070   12.2448
    0.0000   30.0000   -7.5000 2871.7275   12.0012
    7.5000   30.0000   -7.5000 2838.0762   12.0393
   -7.5000   37.5000   -7.5000 2837.4075   12.4789
    0.0000   37.5000   -7.5000 2863.6494   12.2679
    7.5000   37.5000   -7.5000 2836.1565   12.3120
   -7.5000   45.0000   -7.5000 2794.7107   12.9403
    0.0000   45.0000   -7.5000 2816.6228   12.7556
    7.5000   45.0000   -7.5000 2794.6987   12.8014
   -7.5000   52.5000   -7.5000 2694.7068   13.5796
    0.0000   52.5000   -7.5000 2711.8806   13.3944
    7.5000   52.5000   -7.5000 2692.3103   13.4745
   -7.5000   60.0000   -7.5000 2538.6489   14.3572
    0.0000   60.0000   -7.5000 2550.5818   14.1763
    7.5000   60.0000   -7.5000 2531.6614   14.2593
   -7.5000  -30.0000    0.0000 2024.5168   24.1882
    0.0000  -30.0000    0.0000 2052.2725   23.5982
    7.5000  -30.0000    0.0000 2046.6309   23.4061
   -7.5000  -22.5000    0.0000 2180.4500   20.8588
    0.0000  -22.5000    0.0000 2207.3735   20.3471
    7.5000  -22.5000    0.0000 2196.9590   20.1842
   -7.5000  -15.0000    0.0000 2312.2732   18.2544
    0.0000  -15.0000    0.0000 2337.1030   17.7803
    7.5000  -15.0000    0.0000 2332.5928   17.6947
   -7.5000   -7.5000    0.0000 2437.1125   16.2803
    0.0000   -7.5000    0.0000 2464.7747   15.8458
    7.5000   -7.5000    0.0000 2457.2544   15.7726
   -7.5000    0.0000    0.0000 2564.2710   14.8190
    0.0000    0.0000    0.0000 2587.7834   14.3972
    7.5000    0.0000    0.0000 2576.7878   14.3199
   -7.5000    7.5000    0.0000 2680.5303   13.6847
    0.0000    7.5000    0.0000 2707.1270   13.2892
    7.5000    7.5000    0.0000 2693.4688   13.2459
   -7.5000   15.0000    0.0000 2778.2380   12.8833
    0.0000   15.0000    0.0000 2808.5586   12.5283
    7.5000   15.0000    0.0000 2793.5950   12.5039
   -7.5000   22.5000    0.0000 2849.9714   12.2791
    0.0000   22.5000    0.0000 2885.5435   11.9626
    7.5000   22.5000    0.0000 2856.1682   11.9723
   -7.5000   30.0000    0.0000 2890.6526   11.9185
    0.0000   30.0000    0.0000 2927.2356   11.5797
    7.5000   30.0000    0.0000 2882.8848   11.7227
   -7.5000   37.5000    0.0000 2887.2507   12.1236
    0.0000   37.5000    0.0000 2913.6309   11.8252
    7.5000   37.5000    0.0000 2881.0381   11.9492
   -7.5000   45.0000    0.0000 2838.5967   12.6073
    0.0000   45.0000    0.0000 2860.5066   12.3408
    7.5000   45.0000    0.0000 2838.9868   12.4693
   -7.5000   52.5000    0.0000 2737.3491   13.2738
    0.0000   52.5000    0.0000 2756.3696   13.0251
    7.5000   52.5000    0.0000 2737.8564   13.1766
   -7.5000   60.0000    0.0000 2576.8665   14.0750
    0.0000   60.0000    0.0000 2591.0317   13.8172
    7.5000   60.0000    0.0000 2570.0593   13.9752
   -7.5000  -30.0000    7.5000 2024.5391   24.5807
    0.0000  -30.0000    7.5000 2052.1367   23.8565
    7.5000  -30.0000    7.5000 2044.9045   23.7012
   -7.5000  -22.5000    7.5000 2170.1938   21.0631
    0.0000  -22.5000    7.5000 2196.2607   20.4499
    7.5000  -22.5000    7.5000 2191.5393   20.3501
   -7.5000  -15.0000    7.5000 2299.8667   18.3755
    0.0000  -15.0000    7.5000 2325.9399   17.8621
    7.5000  -15.0000    7.5000 2322.1553   17.7757
   -7.5000   -7.5000    7.5000 2429.0801   16.3511
    0.0000   -7.5000    7.5000 2453.7878   15.8933
    7.5000   -7.5000    7.5000 2444.6682   15.8056
   -7.5000    0.0000    7.5000 2556.1763   14.8205
    0.0000    0.0000    7.5000 2581.1033   14.3921
    7.5000    0.0000    7.5000 2567.0957   14.3182
   -7.5000    7.5000    7.5000 2677.7654   13.6588
    0.0000    7.5000    7.5000 2707.2830   13.2635
    7.5000    7.5000    7.5000 2692.9185   13.2217
   -7.5000   15.0000    7.5000 2786.5430   12.9108
    0.0000   15.0000    7.5000 2815.4639   12.5283
    7.5000   15.0000    7.5000 2801.8767   12.4783
   -7.5000   22.5000    7.5000 2883.2629   12.4289
    0.0000   22.5000    7.5000 2919.7573   12.0593
    7.5000   22.5000    7.5000 2890.7090   12.0251
   -7.5000   30.0000    7.5000 2944.4399   12.0544
    0.0000   30.0000    7.5000 2978.0190   11.6959
    7.5000   30.0000    7.5000 2930.9290   11.8014
   -7.5000   37.5000    7.5000 2933.7920   12.1424
    0.0000   37.5000    7.5000 2956.3577   11.8069
    7.5000   37.5000    7.5000 2910.9065   11.9426
   -7.5000   45.0000    7.5000 2873.0569   12.5761
    0.0000   45.0000    7.5000 2891.7842   12.3012
    7.5000   45.0000    7.5000 2861.0945   12.3820
   -7.5000   52.5000    7.5000 2760.4866   13.1824
    0.0000   52.5000    7.5000 2783.5117   12.9408
    7.5000   52.5000    7.5000 2752.6951   12.9992
   -7.5000   60.0000    7.5000 2595.0193   13.9840
    0.0000   60.0000    7.5000 2612.6052   13.7572
    7.5000   60.0000    7.5000 2584.1550   13.7834
   -7.5000  -30.0000   15.0000 1999.7833   25.2421
    0.0000  -30.0000   15.0000 2030.3850   24.6274
    7.5000  -30.0000   15.0000 2016.9303   24.3271
   -7.5000  -22.5000   15.0000 2144.5935   21.5000
    0.0000  -22.5000   15.0000 2180.1443   21.0039
    7.5000  -22.5000   15.0000 2168.3904   20.8365
   -7.5000  -15.0000   15.0000 2285.8250   18.6995
    0.0000  -15.0000   15.0000 2316.4431   18.2134
    7.5000  -15.0000   15.0000 2305.5002   18.1699
   -7.5000   -7.5000   15.0000 2414.0017   16.6264
    0.0000   -7.5000   15.0000 2439.2917   16.1415
    7.5000   -7.5000   15.0000 2429.5884   16.1632
   -7.5000    0.0000   15.0000 2541.1772   15.0799
    0.0000    0.0000   15.0000 2560.4451   14.6435
    7.5000    0.0000   15.0000 2554.4177   14.6455
   -7.5000    7.5000   15.0000 2665.1257   13.9634
    0.0000    7.5000   15.0000 2683.8145   13.5467
    7.5000    7.5000   15.0000 2678.6443   13.5248
   -7.5000   15.0000   15.0000 2779.9023   13.2337
    0.0000   15.0000   15.0000 2805.8093   12.8843
    7.5000   15.0000   15.0000 2790.6421   12.7721
   -7.5000   22.5000   15.0000 2893.8115   12.8033
    0.0000   22.5000   15.0000 2936.1516   12.5510
    7.5000   22.5000   15.0000 2885.3176   12.3379
   -7.5000   30.0000   15.0000 2958.0569   12.5426
    0.0000   30.0000   15.0000 3007.7100   12.3040
    7.5000   30.0000   15.0000 2926.9404   12.1470
   -7.5000   37.5000   15.0000 2940.1345   12.5355
    0.0000   37.5000   15.0000 2980.1138   12.2912
    7.5000   37.5000   15.0000 2909.2976   12.2583
   -7.5000   45.0000   15.0000 2867.4404   12.7789
    0.0000   45.0000   15.0000 2896.3452   12.5832
    7.5000   45.0000   15.0000 2852.2800   12.5541
   -7.5000   52.5000   15.0000 2752.1426   13.3044
    0.0000   52.5000   15.0000 2772.3821   13.0746
    7.5000   52.5000   15.0000 2745.7014   13.1092
   -7.5000   60.0000   15.0000 2584.7920   14.0497
    0.0000   60.0000   15.0000 2598.5249   13.8114
    7.5000   60.0000   15.0000 2575.7000   13.8443
   -7.5000  -30.0000   22.5000 1970.7545   26.2301
    0.0000  -30.0000   22.5000 1997.7548   25.6378
    7.5000  -30.0000   22.5000 1990.7921   25.3979
   -7.5000  -22.5000   22.5000 2121.9048   22.2532
    0.0000  -22.5000   22.5000 2151.0066   21.6926
    7.5000  -22.5000   22.5000 2146.3191   21.6340
   -7.5000  -15.0000   22.5000 2269.4744   19.3749
    0.0000  -15.0000   22.5000 2298.8984   18.8859
    7.5000  -15.0000   22.5000 2286.5405   18.8331
   -7.5000   -7.5000   22.5000 2401.8882   17.2940
    0.0000   -7.5000   22.5000 2432.4070   16.9114
    7.5000   -7.5000   22.5000 2410.3176   16.8444
   -7.5000    0.0000   22.5000 2527.2036   15.7654
    0.0000    0.0000   22.5000 2556.5598   15.4535
    7.5000    0.0000   22.5000 2533.3567   15.3335
   -7.5000    7.5000   22.5000 2654.0903   14.5978
    0.0000    7.5000   22.5000 2682.1062   14.2935
    7.5000    7.5000   22.5000 2654.9077   14.1811
   -7.5000   15.0000   22.5000 2768.8618   13.7835
    0.0000   15.0000   22.5000 2795.9580   13.5062
    7.5000   15.0000   22.5000 2768.0879   13.3636
   -7.5000   22.5000   22.5000 2866.6189   13.2104
    0.0000   22.5000   22.5000 2904.2920   12.9390
    7.5000   22.5000   22.5000 2854.4023   12.8418
   -7.5000   30.0000   22.5000 2913.2690   12.8866
    0.0000   30.0000   22.5000 2944.6919   12.6143
    7.5000   30.0000   22.5000 2892.5208   12.6233
   -7.5000   37.5000   22.5000 2898.5588   12.9833
    0.0000   37.5000   22.5000 2934.0518   12.7728
    7.5000   37.5000   22.5000 2880.5103   12.7352
   -7.5000   45.0000   22.5000 2840.0276   13.3490
    0.0000   45.0000   22.5000 2871.2314   13.1759
    7.5000   45.0000   22.5000 2829.3528   13.1166
   -7.5000   52.5000   22.5000 2725.1018   13.8405
    0.0000   52.5000   22.5000 2749.0051   13.6681
    7.5000   52.5000   22.5000 2714.8879   13.6619
   -7.5000   60.0000   22.5000 2556.6677   14.4946
    0.0000   60.0000   22.5000 2574.0247   14.3011
    7.5000   60.0000   22.5000 2549.7991   14.2968
   -7.5000  -30.0000   30.0000 1932.1771   27.7592
    0.0000  -30.0000   30.0000 1954.1061   27.0649
    7.5000  -30.0000   30.0000 1945.7095   26.8731
   -7.5000  -22.5000   30.0000 2092.7871   23.5202
    0.0000  -22.5000   30.0000 2116.1436   22.9619
    7.5000  -22.5000   30.0000 2107.4719   22.8742
   -7.5000  -15.0000   30.0000 2239.0063   20.4843
    0.0000  -15.0000   30.0000 2268.5586   20.0417
    7.5000  -15.0000   30.0000 2247.7124   19.9625
   -7.5000   -7.5000   30.0000 2376.1008   18.2780
    0.0000   -7.5000   30.0000 2410.3284   17.9159
    7.5000   -7.5000   30.0000 2377.4868   17.8610
   -7.5000    0.0000   30.0000 2500.8889   16.6218
    0.0000    0.0000   30.0000 2532.3025   16.2800
    7.5000    0.0000   30.0000 2504.4106   16.2705
   -7.5000    7.5000   30.0000 2622.6223   15.3570
    0.0000    7.5000   30.0000 2654.1106   15.0462
    7.5000    7.5000   30.0000 2630.5291   15.0423
   -7.5000   15.0000   30.0000 2729.6526   14.4644
    0.0000   15.0000   30.0000 2759.1650   14.1428
    7.5000   15.0000   30.0000 2734.1262   14.1367
   -7.5000   22.5000   30.0000 2808.1575   13.8155
    0.0000   22.5000   30.0000 2834.8604   13.4387
    7.5000   22.5000   30.0000 2804.3821   13.5770
   -7.5000   30.0000   30.0000 2848.1555   13.4839
    0.0000   30.0000   30.0000 2867.5435   13.1976
    7.5000   30.0000   30.0000 2841.8972   13.2911
   -7.5000   37.5000   30.0000 2842.4666   13.6101
    0.0000   37.5000   30.0000 2871.5601   13.3372
    7.5000   37.5000   30.0000 2834.4636   13.3903
   -7.5000   45.0000   30.0000 2789.9075   14.0116
    0.0000   45.0000   30.0000 2819.2405   13.7593
    7.5000   45.0000   30.0000 2782.7881   13.7886
   -7.5000   52.5000   30.0000 2676.8938   14.5622
    0.0000   52.5000   30.0000 2697.8076   14.3432
    7.5000   52.5000   30.0000 2672.3984   14.3757
   -7.5000   60.0000   30.0000 2518.3464   15.1838
    0.0000   60.0000   30.0000 2536.1294   15.0014
    7.5000   60.0000   30.0000 2510.1431   14.9980
   -7.5000  -30.0000   37.5000 1883.3694   29.4287
    0.0000  -30.0000   37.5000 1902.3390   28.6075
    7.5000  -30.0000   37.5000 1895.4100   28.6232
   -7.5000  -22.5000   37.5000 2049.2183   25.0166
    0.0000  -22.5000   37.5000 2074.5703   24.3786
    7.5000  -22.5000   37.5000 2064.5164   24.3541
   -7.5000  -15.0000   37.5000 2198.0872   21.6692
    0.0000  -15.0000   37.5000 2228.8633   21.2016
    7.5000  -15.0000   37.5000 2210.1252   21.2496
   -7.5000   -7.5000   37.5000 2337.6221   19.3269
    0.0000   -7.5000   37.5000 2369.2095   18.8701
    7.5000   -7.5000   37.5000 2343.3352   18.9724
   -7.5000    0.0000   37.5000 2459.5891   17.5465
    0.0000    0.0000   37.5000 2493.8735   17.1640
    7.5000    0.0000   37.5000 2469.0371   17.2593
   -7.5000    7.5000   37.5000 2584.4558   16.2456
    0.0000    7.5000   37.5000 2617.3086   15.9087
    7.5000    7.5000   37.5000 2594.2283   15.9725
   -7.5000   15.0000   37.5000 2681.8071   15.2767
    0.0000   15.0000   37.5000 2716.0759   14.9251
    7.5000   15.0000   37.5000 2690.9114   15.0403
   -7.5000   22.5000   37.5000 2749.7371   14.6123
    0.0000   22.5000   37.5000 2776.5161   14.2616
    7.5000   22.5000   37.5000 2745.1931   14.4081
   -7.5000   30.0000   37.5000 2782.0066   14.3433
    0.0000   30.0000   37.5000 2800.9006   14.0509
    7.5000   30.0000   37.5000 2773.5488   14.1421
   -7.5000   37.5000   37.5000 2776.8386   14.4311
    0.0000   37.5000   37.5000 2799.8542   14.1583
    7.5000   37.5000   37.5000 2764.2124   14.2101
   -7.5000   45.0000   37.5000 2720.3242   14.8174
    0.0000   45.0000   37.5000 2745.9563   14.5699
    7.5000   45.0000   37.5000 2712.6501   14.6216
   -7.5000   52.5000   37.5000 2614.4534   15.3673
    0.0000   52.5000   37.5000 2636.2966   15.1344
    7.5000   52.5000   37.5000 2612.4736   15.1901
   -7.5000   60.0000   37.5000 2461.8601   15.9890
    0.0000   60.0000   37.5000 2481.5334   15.7667
    7.5000   60.0000   37.5000 2460.4990   15.8298
   -7.5000  -30.0000   45.0000 1830.4185   31.2289
    0.0000  -30.0000   45.0000 1853.5298   30.3124
    7.5000  -30.0000   45.0000 1844.4321   30.4129
   -7.5000  -22.5000   45.0000 1999.1678   26.5013
    0.0000  -22.5000   45.0000 2026.0022   25.7924
    7.5000  -22.5000   45.0000 2013.3049   25.9079
   -7.5000  -15.0000   45.0000 2152.5894   23.0176
    0.0000  -15.0000   45.0000 2182.2441   22.4624
    7.5000  -15.0000   45.0000 2162.4604   22.5831
   -7.5000   -7.5000   45.0000 2292.1292   20.4946
    0.0000   -7.5000   45.0000 2324.4443   20.0547
    7.5000   -7.5000   45.0000 2299.1963   20.1501
   -7.5000    0.0000   45.0000 2414.5872   18.6265
    0.0000    0.0000   45.0000 2449.2571   18.2761
    7.5000    0.0000   45.0000 2424.0811   18.3701
   -7.5000    7.5000   45.0000 2533.5417   17.2736
    0.0000    7.5000   45.0000 2566.7500   16.9352
    7.5000    7.5000   45.0000 2542.7144   17.0319
   -7.5000   15.0000   45.0000 2625.0291   16.2923
    0.0000   15.0000   45.0000 2660.3535   15.9253
    7.5000   15.0000   45.0000 2628.3318   16.0740
   -7.5000   22.5000   45.0000 2682.4561   15.6263
    0.0000   22.5000   45.0000 2708.8354   15.3332
    7.5000   22.5000   45.0000 2676.3069   15.4389
   -7.5000   30.0000   45.0000 2699.8716   15.3939
    0.0000   30.0000   45.0000 2725.2949   15.1082
    7.5000   30.0000   45.0000 2695.3352   15.2276
   -7.5000   37.5000   45.0000 2691.9431   15.4366
    0.0000   37.5000   45.0000 2720.7354   15.1634
    7.5000   37.5000   45.0000 2686.6577   15.2319
   -7.5000   45.0000   45.0000 2641.7329   15.8225
    0.0000   45.0000   45.0000 2667.3628   15.5591
    7.5000   45.0000   45.0000 2636.7026   15.6500
   -7.5000   52.5000   45.0000 2541.7607   16.3478
    0.0000   52.5000   45.0000 2562.9033   16.1170
    7.5000   52.5000   45.0000 2541.3059   16.1783
   -7.5000   60.0000   45.0000 2395.4810   16.9148
    0.0000   60.0000   45.0000 2413.4539   16.6884
    7.5000   60.0000   45.0000 2393.8481   16.7632

---------------------------------------------------------------------
imgreg_4dfp /opt/freesurfer/average/711-2C_as_mni_average_305 /opt/freesurfer/average/711-2B_as_mni_average_305_mask talsrcimg_g11 none talsrcimg_to_711-2C_as_mni_average_305_t4 1283
---------------------------------------------------------------------

freesurfer imgreg_4dfp.c
/opt/freesurfer/average/711-2C_as_mni_average_305.4dfp.img
       256       256       256         1
  1.000000  1.000000  1.000000
orientation T byte_order littleendian
Reading image: /opt/freesurfer/average/711-2C_as_mni_average_305.4dfp.img
dimensions:      256       256       256
mmppix:       1.0000   -1.0000   -1.0000
center:     128.0000 -129.0000 -129.0000
/opt/freesurfer/average/711-2B_as_mni_average_305_mask.4dfp.img
       256       256       256         1
  1.000000  1.000000  1.000000
orientation T byte_order littleendian
Reading mask: /opt/freesurfer/average/711-2B_as_mni_average_305_mask.4dfp.img (2306576 pixels)
talsrcimg_g11.4dfp.img
       256       256       256         1
  1.000000  1.000000  1.000000
orientation T byte_order littleendian
Reading image: talsrcimg_g11.4dfp.img
dimensions:      256       256       256
mmppix:       1.0000   -1.0000   -1.0000
center:     128.0000 -129.0000 -129.0000
rotation matrix determinant  1.000000
fimgreg.f
image alignment mode   1283 decimal      503 hex
parameters
    0.0000   30.0000   15.0000    0.0000    0.0000    0.0000
eta,q 0.94309 12.30894
niter,ni,del,rscale     5    3   12.0000    1.2000
parameter  4  0.500561 ->  0.500000 qaram    1.1500
parameters
   -1.5923   31.3045   13.7516   -3.4500    1.3192    0.9513
eta,q 0.94685 12.24033
  0.0648  0.0733  0.0652  0.0569  0.0668  0.0615
  0.0592  0.0653  0.0597  0.0537  0.0606  0.0582
  0.0578  0.0592  0.0565  0.0544  0.0560  0.0554
  0.0584  0.0574  0.0577  0.0563  0.0536  0.0535
  0.0619  0.0585  0.0617  0.0587  0.0536  0.0533
  0.0694  0.0600  0.0672  0.0617  0.0553  0.0550
  0.0789  0.0628  0.0734  0.0647  0.0587  0.0582
niter,ni,del,rscale     5    3   12.0000    1.2000
parameters
   -1.9523   32.3245   13.2124   -3.5347    1.4713    0.8529
eta,q 0.94655 12.16849
  0.0679  0.0729  0.0639  0.0624  0.0623  0.0588
  0.0582  0.0640  0.0588  0.0583  0.0567  0.0561
  0.0536  0.0560  0.0544  0.0535  0.0539  0.0543
  0.0532  0.0530  0.0536  0.0535  0.0534  0.0534
  0.0556  0.0548  0.0560  0.0555  0.0544  0.0540
  0.0620  0.0581  0.0616  0.0583  0.0568  0.0561
  0.0709  0.0623  0.0685  0.0624  0.0608  0.0594
niter,ni,del,rscale     4    3   12.0000    1.2000
parameters
   -2.0449   32.4365   13.0974   -3.6176    1.4786    0.8369
eta,q 0.94650 12.15873
  0.0689  0.0684  0.0649  0.0625  0.0618  0.0588
  0.0589  0.0596  0.0603  0.0582  0.0564  0.0562
  0.0540  0.0536  0.0553  0.0535  0.0539  0.0544
  0.0535  0.0534  0.0535  0.0536  0.0535  0.0535
  0.0552  0.0562  0.0551  0.0556  0.0546  0.0539
  0.0607  0.0600  0.0599  0.0584  0.0570  0.0560
  0.0689  0.0657  0.0666  0.0624  0.0612  0.0592
niter,ni,del,rscale     3    3   12.0000    1.2000
parameters
   -2.0607   32.4613   13.0632   -3.6477    1.4779    0.8318
eta,q 0.94649 12.15604
  0.0693  0.0681  0.0650  0.0627  0.0618  0.0588
  0.0592  0.0594  0.0605  0.0584  0.0564  0.0562
  0.0541  0.0535  0.0554  0.0536  0.0538  0.0544
  0.0535  0.0535  0.0535  0.0535  0.0535  0.0535
  0.0551  0.0563  0.0549  0.0556  0.0545  0.0539
  0.0604  0.0603  0.0595  0.0583  0.0570  0.0560
  0.0684  0.0662  0.0662  0.0623  0.0612  0.0592
registration optimization eta report
parameter search radius
    6.0000    6.0000    6.0000    6.9000    6.0000    6.0000
100000*second partial in parameter space
       44.       38.       33.       19.       23.       15.
  0.0693  0.0681  0.0650  0.0627  0.0618  0.0588
  0.0592  0.0594  0.0605  0.0584  0.0564  0.0562
  0.0541  0.0535  0.0554  0.0536  0.0538  0.0544
  0.0535  0.0535  0.0535  0.0535  0.0535  0.0535
  0.0551  0.0563  0.0549  0.0556  0.0545  0.0539
  0.0604  0.0603  0.0595  0.0583  0.0570  0.0560
  0.0684  0.0662  0.0662  0.0623  0.0612  0.0592
   -2.0607   32.4613   13.0632   -3.6477    1.4779    0.8318
eta,q 0.94649 12.15604

---------------------------------------------------------------------
imgreg_4dfp /opt/freesurfer/average/711-2C_as_mni_average_305 /opt/freesurfer/average/711-2B_as_mni_average_305_mask talsrcimg_g11 none talsrcimg_to_711-2C_as_mni_average_305_t4 3335
---------------------------------------------------------------------

freesurfer imgreg_4dfp.c
/opt/freesurfer/average/711-2C_as_mni_average_305.4dfp.img
       256       256       256         1
  1.000000  1.000000  1.000000
orientation T byte_order littleendian
Reading image: /opt/freesurfer/average/711-2C_as_mni_average_305.4dfp.img
dimensions:      256       256       256
mmppix:       1.0000   -1.0000   -1.0000
center:     128.0000 -129.0000 -129.0000
/opt/freesurfer/average/711-2B_as_mni_average_305_mask.4dfp.img
       256       256       256         1
  1.000000  1.000000  1.000000
orientation T byte_order littleendian
Reading mask: /opt/freesurfer/average/711-2B_as_mni_average_305_mask.4dfp.img (2306576 pixels)
talsrcimg_g11.4dfp.img
       256       256       256         1
  1.000000  1.000000  1.000000
orientation T byte_order littleendian
Reading image: talsrcimg_g11.4dfp.img
dimensions:      256       256       256
mmppix:       1.0000   -1.0000   -1.0000
center:     128.0000 -129.0000 -129.0000
fimgreg.f
image alignment mode   3335 decimal      D07 hex
parameters
   -2.0607   32.4613   13.0632   -0.0438   -0.2107   -0.2358
   -1.2847   -2.6661    1.4512    6.3240    2.5792   -6.3600
eta,q 0.94738 12.19721
niter,ni,del,rscale     5    3    5.0000    1.2000
parameter  4  2.474706 ->  0.500000 qaram    1.1500
parameter  5  4.355055 ->  0.500000 qaram    1.1500
parameters
   -2.0640   32.7649   13.5667   -4.1838   -4.3507   -1.8636
   -1.7794   -1.7928    3.0851    5.7548    2.1992   -5.5863
eta,q 0.96035 12.11391
  0.0553  0.0546  0.0559  0.0444  0.0364  0.0455  0.0426  0.0499  0.0429  0.0444  0.0418  0.0419
  0.0538  0.0535  0.0544  0.0460  0.0391  0.0429  0.0410  0.0456  0.0415  0.0417  0.0405  0.0407
  0.0529  0.0529  0.0533  0.0487  0.0426  0.0404  0.0401  0.0418  0.0404  0.0400  0.0398  0.0399
  0.0526  0.0526  0.0526  0.0524  0.0466  0.0400  0.0399  0.0399  0.0398  0.0397  0.0397  0.0396
  0.0530  0.0527  0.0525  0.0565  0.0506  0.0433  0.0404  0.0404  0.0397  0.0408  0.0401  0.0398
  0.0538  0.0530  0.0530  0.0604  0.0548  0.0484  0.0417  0.0428  0.0401  0.0430  0.0409  0.0402
  0.0552  0.0538  0.0541  0.0646  0.0593  0.0540  0.0434  0.0462  0.0410  0.0458  0.0421  0.0411
niter,ni,del,rscale     6    3    5.0000    1.2000
parameter  3  0.673913 ->  0.500000 qaram    1.1500
parameter  4  0.681988 ->  0.500000 qaram    1.3225
parameter  5  1.230380 ->  0.500000 qaram    1.3225
parameters
   -1.4789   32.6867   12.1867   -8.9448   -9.1117   -2.1708
   -1.9689   -1.6027    3.8352    5.7931    3.3589   -6.0160
eta,q 0.96791 11.76643
  0.0459  0.0419  0.0386  0.0365  0.0310  0.0387  0.0351  0.0397  0.0347  0.0372  0.0343  0.0336
  0.0430  0.0405  0.0380  0.0360  0.0317  0.0364  0.0335  0.0358  0.0334  0.0345  0.0332  0.0327
  0.0409  0.0396  0.0383  0.0363  0.0333  0.0340  0.0325  0.0331  0.0326  0.0327  0.0324  0.0322
  0.0396  0.0393  0.0393  0.0380  0.0359  0.0320  0.0321  0.0322  0.0322  0.0321  0.0321  0.0321
  0.0394  0.0397  0.0409  0.0414  0.0397  0.0329  0.0326  0.0330  0.0322  0.0327  0.0322  0.0324
  0.0401  0.0407  0.0429  0.0460  0.0438  0.0364  0.0337  0.0354  0.0328  0.0344  0.0325  0.0330
  0.0419  0.0423  0.0453  0.0504  0.0482  0.0412  0.0354  0.0389  0.0339  0.0371  0.0332  0.0339
niter,ni,del,rscale     7    3    5.0000    1.2000
parameters
   -0.9618   32.6044   10.9802  -10.8118  -13.4240   -2.7596
   -2.4264   -1.6009    3.5035    6.2254    4.2856   -6.0902
eta,q 0.96946 11.38700
  0.0380  0.0348  0.0325  0.0343  0.0318  0.0364  0.0331  0.0373  0.0324  0.0355  0.0324  0.0319
  0.0352  0.0331  0.0314  0.0328  0.0308  0.0342  0.0317  0.0337  0.0314  0.0331  0.0314  0.0311
  0.0332  0.0321  0.0311  0.0317  0.0304  0.0320  0.0308  0.0312  0.0307  0.0314  0.0308  0.0307
  0.0321  0.0319  0.0319  0.0311  0.0313  0.0305  0.0306  0.0306  0.0306  0.0306  0.0305  0.0305
  0.0319  0.0323  0.0334  0.0320  0.0335  0.0317  0.0311  0.0315  0.0309  0.0309  0.0306  0.0307
  0.0327  0.0334  0.0355  0.0352  0.0372  0.0354  0.0322  0.0338  0.0316  0.0323  0.0310  0.0312
  0.0345  0.0351  0.0378  0.0400  0.0420  0.0393  0.0338  0.0371  0.0327  0.0345  0.0316  0.0319
niter,ni,del,rscale     6    3    5.0000    1.2000
parameters
   -0.8407   32.8073   10.4066  -10.5046  -14.2313   -3.3574
   -2.4790   -1.6718    3.1515    6.5581    4.6661   -6.4587
eta,q 0.96952 11.31995
  0.0348  0.0340  0.0324  0.0346  0.0336  0.0362  0.0333  0.0371  0.0322  0.0350  0.0321  0.0316
  0.0326  0.0322  0.0310  0.0328  0.0320  0.0341  0.0318  0.0335  0.0312  0.0328  0.0312  0.0309
  0.0311  0.0310  0.0304  0.0314  0.0309  0.0319  0.0308  0.0311  0.0307  0.0312  0.0306  0.0306
  0.0305  0.0305  0.0305  0.0304  0.0303  0.0304  0.0305  0.0305  0.0305  0.0305  0.0305  0.0305
  0.0308  0.0308  0.0314  0.0301  0.0307  0.0316  0.0309  0.0315  0.0308  0.0308  0.0306  0.0306
  0.0320  0.0316  0.0329  0.0315  0.0325  0.0353  0.0319  0.0338  0.0315  0.0322  0.0310  0.0311
  0.0340  0.0329  0.0347  0.0350  0.0356  0.0392  0.0333  0.0371  0.0326  0.0343  0.0317  0.0319
niter,ni,del,rscale     5    3    5.0000    1.2000
parameters
   -0.8520   32.9219   10.0243  -10.3645  -14.2128   -3.8266
   -2.4174   -1.7613    2.9636    6.7798    4.7576   -6.7340
eta,q 0.96950 11.30492
  0.0343  0.0336  0.0327  0.0344  0.0340  0.0364  0.0333  0.0371  0.0323  0.0348  0.0320  0.0317
  0.0322  0.0319  0.0312  0.0327  0.0324  0.0343  0.0318  0.0334  0.0313  0.0326  0.0311  0.0310
  0.0309  0.0308  0.0305  0.0314  0.0312  0.0320  0.0309  0.0311  0.0307  0.0312  0.0306  0.0306
  0.0305  0.0305  0.0305  0.0304  0.0304  0.0304  0.0305  0.0305  0.0305  0.0305  0.0305  0.0305
  0.0309  0.0308  0.0312  0.0302  0.0305  0.0314  0.0309  0.0315  0.0308  0.0309  0.0307  0.0306
  0.0322  0.0316  0.0325  0.0316  0.0318  0.0349  0.0318  0.0338  0.0314  0.0323  0.0311  0.0311
  0.0343  0.0330  0.0342  0.0351  0.0345  0.0390  0.0332  0.0371  0.0325  0.0344  0.0318  0.0319
niter,ni,del,rscale     4    3    5.0000    1.2000
parameters
   -0.8736   32.9931    9.7383  -10.2913  -14.1573   -4.1956
   -2.3465   -1.8260    2.8660    6.9419    4.8154   -6.8964
eta,q 0.96947 11.29468
  0.0342  0.0335  0.0329  0.0344  0.0340  0.0365  0.0333  0.0371  0.0324  0.0347  0.0320  0.0317
  0.0321  0.0318  0.0314  0.0327  0.0324  0.0344  0.0318  0.0334  0.0314  0.0326  0.0311  0.0310
  0.0309  0.0308  0.0306  0.0314  0.0312  0.0322  0.0309  0.0311  0.0307  0.0312  0.0306  0.0306
  0.0305  0.0305  0.0305  0.0304  0.0304  0.0304  0.0305  0.0306  0.0305  0.0305  0.0305  0.0305
  0.0309  0.0308  0.0312  0.0303  0.0305  0.0312  0.0309  0.0315  0.0308  0.0309  0.0307  0.0307
  0.0322  0.0317  0.0324  0.0317  0.0318  0.0347  0.0318  0.0338  0.0314  0.0323  0.0311  0.0311
  0.0343  0.0330  0.0339  0.0352  0.0345  0.0388  0.0332  0.0371  0.0324  0.0344  0.0319  0.0318
niter,ni,del,rscale     3    3    5.0000    1.2000
parameters
   -0.8887   33.0456    9.5212  -10.2292  -14.1234   -4.4844
   -2.2899   -1.8710    2.7903    7.0698    4.8750   -6.9935
eta,q 0.96942 11.28680
  0.0342  0.0334  0.0331  0.0344  0.0340  0.0366  0.0334  0.0372  0.0324  0.0347  0.0320  0.0318
  0.0322  0.0318  0.0315  0.0327  0.0325  0.0345  0.0319  0.0335  0.0314  0.0326  0.0312  0.0311
  0.0310  0.0308  0.0306  0.0314  0.0313  0.0323  0.0309  0.0312  0.0308  0.0312  0.0307  0.0307
  0.0305  0.0305  0.0305  0.0305  0.0305  0.0305  0.0306  0.0306  0.0306  0.0306  0.0306  0.0306
  0.0310  0.0309  0.0312  0.0303  0.0306  0.0312  0.0309  0.0315  0.0308  0.0310  0.0308  0.0307
  0.0323  0.0317  0.0323  0.0317  0.0319  0.0345  0.0319  0.0338  0.0315  0.0323  0.0312  0.0311
  0.0343  0.0331  0.0338  0.0353  0.0346  0.0387  0.0332  0.0371  0.0325  0.0344  0.0319  0.0319
niter,ni,del,rscale     2    3    5.0000    1.2000
parameters
   -0.8991   33.0892    9.3545  -10.1799  -14.1076   -4.7090
   -2.2556   -1.9058    2.7337    7.1741    4.9310   -7.0481
eta,q 0.96936 11.28010
  0.0343  0.0334  0.0332  0.0344  0.0341  0.0367  0.0334  0.0372  0.0324  0.0346  0.0321  0.0318
  0.0322  0.0318  0.0316  0.0328  0.0325  0.0347  0.0319  0.0335  0.0314  0.0326  0.0312  0.0312
  0.0310  0.0309  0.0307  0.0315  0.0313  0.0325  0.0310  0.0312  0.0308  0.0312  0.0307  0.0307
  0.0306  0.0306  0.0306  0.0306  0.0305  0.0305  0.0306  0.0306  0.0306  0.0306  0.0306  0.0306
  0.0310  0.0309  0.0312  0.0304  0.0306  0.0311  0.0310  0.0315  0.0309  0.0310  0.0308  0.0308
  0.0323  0.0318  0.0323  0.0318  0.0320  0.0343  0.0319  0.0338  0.0315  0.0324  0.0312  0.0312
  0.0343  0.0331  0.0337  0.0353  0.0346  0.0387  0.0333  0.0371  0.0325  0.0345  0.0319  0.0319
niter,ni,del,rscale     1    3    5.0000    1.2000
parameters
   -0.9061   33.1251    9.2242  -10.1434  -14.1009   -4.8847
   -2.2286   -1.9331    2.6838    7.2608    4.9939   -7.0817
eta,q 0.96931 11.27445
  0.0343  0.0334  0.0334  0.0345  0.0341  0.0368  0.0334  0.0372  0.0325  0.0346  0.0321  0.0319
  0.0323  0.0318  0.0317  0.0328  0.0326  0.0348  0.0319  0.0336  0.0315  0.0326  0.0312  0.0312
  0.0311  0.0309  0.0308  0.0315  0.0314  0.0326  0.0310  0.0312  0.0309  0.0313  0.0308  0.0308
  0.0306  0.0306  0.0306  0.0306  0.0306  0.0306  0.0307  0.0307  0.0307  0.0307  0.0307  0.0307
  0.0310  0.0310  0.0312  0.0304  0.0307  0.0311  0.0310  0.0316  0.0309  0.0311  0.0309  0.0308
  0.0323  0.0318  0.0323  0.0319  0.0320  0.0343  0.0320  0.0338  0.0315  0.0324  0.0313  0.0312
  0.0344  0.0331  0.0337  0.0354  0.0347  0.0386  0.0333  0.0371  0.0325  0.0345  0.0320  0.0319
registration optimization eta report
parameter search radius
    2.4000    2.4000    2.7600    9.5220    9.5220    7.2000
    7.2000    7.2000    7.2000    7.2000    7.2000    7.2000
100000*second partial in parameter space
       64.       46.       38.        5.        4.       13.
        5.       12.        3.        7.        3.        2.
  0.0343  0.0334  0.0334  0.0345  0.0341  0.0368  0.0334  0.0372  0.0325  0.0346  0.0321  0.0319
  0.0323  0.0318  0.0317  0.0328  0.0326  0.0348  0.0319  0.0336  0.0315  0.0326  0.0312  0.0312
  0.0311  0.0309  0.0308  0.0315  0.0314  0.0326  0.0310  0.0312  0.0309  0.0313  0.0308  0.0308
  0.0306  0.0306  0.0306  0.0306  0.0306  0.0306  0.0307  0.0307  0.0307  0.0307  0.0307  0.0307
  0.0310  0.0310  0.0312  0.0304  0.0307  0.0311  0.0310  0.0316  0.0309  0.0311  0.0309  0.0308
  0.0323  0.0318  0.0323  0.0319  0.0320  0.0343  0.0320  0.0338  0.0315  0.0324  0.0313  0.0312
  0.0344  0.0331  0.0337  0.0354  0.0347  0.0386  0.0333  0.0371  0.0325  0.0345  0.0320  0.0319
   -0.9061   33.1251    9.2242  -10.1434  -14.1009   -4.8847
   -2.2286   -1.9331    2.6838    7.2608    4.9939   -7.0817
eta,q 0.96931 11.27445

---------------------------------------------------------------------
imgreg_4dfp /opt/freesurfer/average/711-2C_as_mni_average_305 /opt/freesurfer/average/711-2B_as_mni_average_305_mask talsrcimg_g11 none talsrcimg_to_711-2C_as_mni_average_305_t4 2311
---------------------------------------------------------------------

freesurfer imgreg_4dfp.c
/opt/freesurfer/average/711-2C_as_mni_average_305.4dfp.img
       256       256       256         1
  1.000000  1.000000  1.000000
orientation T byte_order littleendian
Reading image: /opt/freesurfer/average/711-2C_as_mni_average_305.4dfp.img
dimensions:      256       256       256
mmppix:       1.0000   -1.0000   -1.0000
center:     128.0000 -129.0000 -129.0000
/opt/freesurfer/average/711-2B_as_mni_average_305_mask.4dfp.img
       256       256       256         1
  1.000000  1.000000  1.000000
orientation T byte_order littleendian
Reading mask: /opt/freesurfer/average/711-2B_as_mni_average_305_mask.4dfp.img (2306576 pixels)
talsrcimg_g11.4dfp.img
       256       256       256         1
  1.000000  1.000000  1.000000
orientation T byte_order littleendian
Reading image: talsrcimg_g11.4dfp.img
dimensions:      256       256       256
mmppix:       1.0000   -1.0000   -1.0000
center:     128.0000 -129.0000 -129.0000
fimgreg.f
image alignment mode   2311 decimal      907 hex
parameters
   -0.9061   33.1251    9.2242  -10.1434  -14.1009   -4.8847
   -2.2286   -1.9331    2.6838    7.2608    4.9939   -7.0817
eta,q 0.96931 11.27445
niter,ni,del,rscale     5    3    5.0000    0.8000
parameters
   -0.9122   33.1053    9.0059   -8.4933  -13.2457   -4.8381
   -1.9185   -1.8945    3.0144    6.8109    4.7638   -7.8336
eta,q 0.96974 11.39818
  0.0323  0.0319  0.0314  0.0321  0.0318  0.0346  0.0319  0.0341  0.0313  0.0320  0.0311  0.0308
  0.0314  0.0312  0.0309  0.0316  0.0312  0.0330  0.0311  0.0320  0.0308  0.0310  0.0306  0.0304
  0.0309  0.0308  0.0307  0.0311  0.0307  0.0314  0.0306  0.0307  0.0305  0.0304  0.0303  0.0303
  0.0307  0.0307  0.0307  0.0306  0.0304  0.0303  0.0303  0.0303  0.0303  0.0303  0.0303  0.0303
  0.0309  0.0308  0.0309  0.0304  0.0303  0.0307  0.0304  0.0308  0.0304  0.0307  0.0304  0.0305
  0.0314  0.0313  0.0313  0.0305  0.0306  0.0324  0.0308  0.0320  0.0306  0.0316  0.0308  0.0307
  0.0324  0.0319  0.0319  0.0310  0.0312  0.0350  0.0315  0.0339  0.0311  0.0328  0.0312  0.0312
niter,ni,del,rscale     4    3    5.0000    0.7000
parameters
   -0.9765   33.0654    9.0464   -8.4334  -12.8267   -4.5774
   -1.9627   -1.9065    3.2186    6.7551    4.6478   -8.1131
eta,q 0.96987 11.43069
  0.0316  0.0312  0.0313  0.0313  0.0313  0.0341  0.0312  0.0332  0.0309  0.0319  0.0308  0.0307
  0.0308  0.0306  0.0307  0.0309  0.0308  0.0327  0.0306  0.0315  0.0305  0.0309  0.0304  0.0303
  0.0304  0.0303  0.0304  0.0305  0.0305  0.0313  0.0303  0.0304  0.0303  0.0303  0.0302  0.0302
  0.0303  0.0303  0.0303  0.0303  0.0302  0.0302  0.0301  0.0301  0.0301  0.0301  0.0301  0.0301
  0.0305  0.0304  0.0304  0.0303  0.0302  0.0303  0.0303  0.0305  0.0302  0.0304  0.0303  0.0303
  0.0310  0.0307  0.0307  0.0307  0.0305  0.0316  0.0307  0.0316  0.0304  0.0310  0.0305  0.0305
  0.0318  0.0313  0.0311  0.0314  0.0310  0.0338  0.0313  0.0331  0.0308  0.0319  0.0309  0.0308
niter,ni,del,rscale     3    3    5.0000    0.6000
parameters
   -0.9884   33.0374    9.1923   -8.3835  -12.7433   -4.3010
   -1.9852   -1.8859    3.3314    6.7192    4.5675   -8.2288
eta,q 0.96995 11.44747
  0.0312  0.0309  0.0311  0.0310  0.0309  0.0334  0.0309  0.0324  0.0306  0.0314  0.0306  0.0305
  0.0306  0.0304  0.0306  0.0306  0.0305  0.0321  0.0304  0.0311  0.0303  0.0307  0.0303  0.0302
  0.0302  0.0302  0.0303  0.0303  0.0302  0.0309  0.0302  0.0303  0.0301  0.0302  0.0301  0.0301
  0.0301  0.0301  0.0301  0.0301  0.0301  0.0301  0.0301  0.0301  0.0301  0.0301  0.0300  0.0301
  0.0303  0.0302  0.0302  0.0302  0.0302  0.0302  0.0302  0.0303  0.0301  0.0302  0.0301  0.0301
  0.0306  0.0305  0.0304  0.0305  0.0304  0.0312  0.0304  0.0311  0.0303  0.0307  0.0303  0.0303
  0.0313  0.0309  0.0307  0.0310  0.0309  0.0329  0.0309  0.0323  0.0306  0.0314  0.0306  0.0305
niter,ni,del,rscale     2    3    5.0000    0.5000
parameters
   -0.9873   33.0105    9.3574   -8.3158  -12.7200   -4.0483
   -2.0020   -1.8603    3.4184    6.6769    4.5080   -8.2928
eta,q 0.97001 11.46195
  0.0308  0.0306  0.0308  0.0307  0.0306  0.0326  0.0306  0.0317  0.0304  0.0310  0.0304  0.0303
  0.0304  0.0303  0.0304  0.0304  0.0303  0.0316  0.0303  0.0307  0.0302  0.0304  0.0302  0.0301
  0.0301  0.0301  0.0302  0.0302  0.0301  0.0306  0.0301  0.0302  0.0300  0.0301  0.0300  0.0300
  0.0300  0.0300  0.0300  0.0300  0.0300  0.0300  0.0300  0.0300  0.0300  0.0300  0.0300  0.0300
  0.0301  0.0301  0.0301  0.0301  0.0301  0.0301  0.0301  0.0302  0.0300  0.0301  0.0300  0.0300
  0.0304  0.0303  0.0302  0.0303  0.0303  0.0309  0.0303  0.0307  0.0302  0.0305  0.0302  0.0302
  0.0308  0.0306  0.0304  0.0307  0.0306  0.0321  0.0306  0.0316  0.0304  0.0310  0.0304  0.0303
niter,ni,del,rscale     1    3    5.0000    0.4000
parameters
   -0.9857   32.9810    9.5225   -8.2520  -12.7089   -3.8231
   -2.0089   -1.8347    3.4901    6.6297    4.4561   -8.3062
eta,q 0.97005 11.47519
  0.0305  0.0303  0.0305  0.0304  0.0303  0.0319  0.0303  0.0311  0.0302  0.0306  0.0302  0.0302
  0.0302  0.0301  0.0302  0.0302  0.0302  0.0310  0.0301  0.0304  0.0301  0.0302  0.0301  0.0300
  0.0300  0.0300  0.0301  0.0301  0.0300  0.0303  0.0300  0.0301  0.0300  0.0300  0.0300  0.0300
  0.0300  0.0300  0.0300  0.0300  0.0300  0.0300  0.0300  0.0299  0.0299  0.0300  0.0299  0.0299
  0.0301  0.0300  0.0300  0.0300  0.0300  0.0300  0.0300  0.0301  0.0300  0.0300  0.0300  0.0300
  0.0302  0.0302  0.0301  0.0301  0.0301  0.0305  0.0301  0.0304  0.0300  0.0303  0.0301  0.0301
  0.0305  0.0304  0.0302  0.0304  0.0303  0.0314  0.0304  0.0310  0.0302  0.0306  0.0302  0.0302
registration optimization eta report
parameter search radius
    0.8000    0.8000    0.8000    2.4000    2.4000    2.4000
    2.4000    2.4000    2.4000    2.4000    2.4000    2.4000
100000*second partial in parameter space
       80.       55.       55.        8.        6.       28.
        7.       19.        4.       11.        5.        4.
  0.0305  0.0303  0.0305  0.0304  0.0303  0.0319  0.0303  0.0311  0.0302  0.0306  0.0302  0.0302
  0.0302  0.0301  0.0302  0.0302  0.0302  0.0310  0.0301  0.0304  0.0301  0.0302  0.0301  0.0300
  0.0300  0.0300  0.0301  0.0301  0.0300  0.0303  0.0300  0.0301  0.0300  0.0300  0.0300  0.0300
  0.0300  0.0300  0.0300  0.0300  0.0300  0.0300  0.0300  0.0299  0.0299  0.0300  0.0299  0.0299
  0.0301  0.0300  0.0300  0.0300  0.0300  0.0300  0.0300  0.0301  0.0300  0.0300  0.0300  0.0300
  0.0302  0.0302  0.0301  0.0301  0.0301  0.0305  0.0301  0.0304  0.0300  0.0303  0.0301  0.0301
  0.0305  0.0304  0.0302  0.0304  0.0303  0.0314  0.0304  0.0310  0.0302  0.0306  0.0302  0.0302
   -0.9857   32.9810    9.5225   -8.2520  -12.7089   -3.8231
   -2.0089   -1.8347    3.4901    6.6297    4.4561   -8.3062
eta,q 0.97005 11.47519

---------------------------------------------------------------------
imgreg_4dfp /opt/freesurfer/average/711-2C_as_mni_average_305 /opt/freesurfer/average/711-2B_as_mni_average_305_mask talsrcimg_g11 none talsrcimg_to_711-2C_as_mni_average_305_t4 2311
---------------------------------------------------------------------

freesurfer imgreg_4dfp.c
/opt/freesurfer/average/711-2C_as_mni_average_305.4dfp.img
       256       256       256         1
  1.000000  1.000000  1.000000
orientation T byte_order littleendian
Reading image: /opt/freesurfer/average/711-2C_as_mni_average_305.4dfp.img
dimensions:      256       256       256
mmppix:       1.0000   -1.0000   -1.0000
center:     128.0000 -129.0000 -129.0000
/opt/freesurfer/average/711-2B_as_mni_average_305_mask.4dfp.img
       256       256       256         1
  1.000000  1.000000  1.000000
orientation T byte_order littleendian
Reading mask: /opt/freesurfer/average/711-2B_as_mni_average_305_mask.4dfp.img (2306576 pixels)
talsrcimg_g11.4dfp.img
       256       256       256         1
  1.000000  1.000000  1.000000
orientation T byte_order littleendian
Reading image: talsrcimg_g11.4dfp.img
dimensions:      256       256       256
mmppix:       1.0000   -1.0000   -1.0000
center:     128.0000 -129.0000 -129.0000
fimgreg.f
image alignment mode   2311 decimal      907 hex
parameters
   -0.9857   32.9810    9.5225   -8.2520  -12.7089   -3.8231
   -2.0089   -1.8347    3.4901    6.6297    4.4561   -8.3062
eta,q 0.97005 11.47519
niter,ni,del,rscale     5    3    5.0000    0.8000
parameters
   -0.9957   32.9828    9.7025   -8.7153  -12.9637   -3.8332
   -2.1021   -1.8290    3.4144    6.7512    4.4669   -7.9242
eta,q 0.97003 11.45171
  0.0319  0.0314  0.0316  0.0312  0.0311  0.0343  0.0314  0.0338  0.0309  0.0324  0.0309  0.0309
  0.0308  0.0306  0.0308  0.0306  0.0306  0.0327  0.0306  0.0317  0.0304  0.0311  0.0304  0.0304
  0.0302  0.0301  0.0302  0.0302  0.0301  0.0310  0.0301  0.0304  0.0301  0.0303  0.0301  0.0301
  0.0299  0.0299  0.0299  0.0299  0.0300  0.0300  0.0300  0.0300  0.0300  0.0300  0.0300  0.0300
  0.0302  0.0301  0.0300  0.0301  0.0301  0.0305  0.0302  0.0305  0.0301  0.0302  0.0301  0.0300
  0.0309  0.0306  0.0304  0.0308  0.0306  0.0322  0.0307  0.0318  0.0304  0.0310  0.0304  0.0302
  0.0320  0.0313  0.0310  0.0320  0.0315  0.0349  0.0315  0.0337  0.0310  0.0322  0.0309  0.0306
niter,ni,del,rscale     4    3    5.0000    0.7000
parameters
   -0.9600   32.9812    9.6771   -8.6695  -12.9885   -3.8089
   -2.0764   -1.8036    3.4162    6.6528    4.4514   -7.9416
eta,q 0.97003 11.45005
  0.0315  0.0310  0.0309  0.0311  0.0309  0.0337  0.0311  0.0330  0.0307  0.0317  0.0307  0.0306
  0.0307  0.0304  0.0304  0.0306  0.0305  0.0322  0.0305  0.0313  0.0303  0.0308  0.0303  0.0302
  0.0302  0.0301  0.0301  0.0302  0.0301  0.0308  0.0301  0.0303  0.0301  0.0302  0.0300  0.0300
  0.0300  0.0300  0.0300  0.0300  0.0300  0.0300  0.0300  0.0300  0.0300  0.0300  0.0300  0.0300
  0.0301  0.0301  0.0301  0.0300  0.0300  0.0304  0.0301  0.0303  0.0300  0.0302  0.0301  0.0301
  0.0306  0.0305  0.0305  0.0304  0.0304  0.0318  0.0305  0.0313  0.0303  0.0309  0.0303  0.0302
  0.0314  0.0310  0.0310  0.0312  0.0310  0.0340  0.0311  0.0329  0.0307  0.0319  0.0307  0.0305
niter,ni,del,rscale     3    3    5.0000    0.6000
parameters
   -0.9571   32.9616    9.6795   -8.5214  -12.8919   -3.7306
   -2.0598   -1.7870    3.4708    6.5858    4.4247   -8.0261
eta,q 0.97006 11.46228
  0.0311  0.0307  0.0307  0.0309  0.0307  0.0330  0.0308  0.0323  0.0305  0.0313  0.0305  0.0304
  0.0305  0.0303  0.0303  0.0305  0.0304  0.0318  0.0303  0.0310  0.0302  0.0305  0.0302  0.0301
  0.0301  0.0300  0.0300  0.0302  0.0301  0.0306  0.0301  0.0302  0.0300  0.0301  0.0300  0.0300
  0.0300  0.0300  0.0300  0.0300  0.0300  0.0300  0.0299  0.0299  0.0299  0.0299  0.0299  0.0299
  0.0301  0.0301  0.0301  0.0300  0.0300  0.0303  0.0300  0.0302  0.0300  0.0301  0.0300  0.0300
  0.0305  0.0303  0.0303  0.0303  0.0303  0.0313  0.0303  0.0310  0.0302  0.0306  0.0302  0.0302
  0.0311  0.0308  0.0307  0.0308  0.0307  0.0330  0.0308  0.0322  0.0305  0.0314  0.0305  0.0304
niter,ni,del,rscale     2    3    5.0000    0.5000
parameters
   -0.9618   32.9462    9.7323   -8.4028  -12.8174   -3.6156
   -2.0602   -1.7760    3.5221    6.5533    4.3923   -8.1110
eta,q 0.97008 11.47509
  0.0307  0.0305  0.0305  0.0306  0.0305  0.0324  0.0305  0.0316  0.0303  0.0309  0.0303  0.0302
  0.0303  0.0302  0.0302  0.0303  0.0302  0.0313  0.0302  0.0307  0.0301  0.0304  0.0301  0.0300
  0.0300  0.0300  0.0300  0.0301  0.0300  0.0304  0.0300  0.0301  0.0300  0.0300  0.0300  0.0299
  0.0299  0.0299  0.0299  0.0299  0.0299  0.0299  0.0299  0.0299  0.0299  0.0299  0.0299  0.0299
  0.0300  0.0300  0.0300  0.0300  0.0300  0.0301  0.0300  0.0301  0.0300  0.0300  0.0300  0.0300
  0.0303  0.0302  0.0301  0.0302  0.0302  0.0309  0.0302  0.0307  0.0301  0.0304  0.0301  0.0301
  0.0307  0.0305  0.0304  0.0306  0.0305  0.0322  0.0305  0.0315  0.0303  0.0309  0.0303  0.0302
niter,ni,del,rscale     1    3    5.0000    0.4000
parameters
   -0.9653   32.9327    9.8065   -8.3145  -12.7871   -3.5001
   -2.0507   -1.7732    3.5689    6.5372    4.3763   -8.1803
eta,q 0.97009 11.48535
  0.0304  0.0303  0.0303  0.0304  0.0303  0.0317  0.0303  0.0310  0.0302  0.0306  0.0302  0.0301
  0.0302  0.0301  0.0301  0.0302  0.0301  0.0309  0.0301  0.0304  0.0300  0.0302  0.0300  0.0300
  0.0300  0.0300  0.0300  0.0300  0.0300  0.0302  0.0300  0.0300  0.0299  0.0300  0.0299  0.0299
  0.0299  0.0299  0.0299  0.0299  0.0299  0.0299  0.0299  0.0299  0.0299  0.0299  0.0299  0.0299
  0.0300  0.0300  0.0299  0.0299  0.0299  0.0300  0.0299  0.0300  0.0299  0.0300  0.0299  0.0299
  0.0302  0.0301  0.0300  0.0301  0.0301  0.0306  0.0301  0.0304  0.0300  0.0302  0.0300  0.0300
  0.0304  0.0303  0.0302  0.0303  0.0303  0.0314  0.0303  0.0310  0.0302  0.0306  0.0302  0.0301
registration optimization eta report
parameter search radius
    0.8000    0.8000    0.8000    2.4000    2.4000    2.4000
    2.4000    2.4000    2.4000    2.4000    2.4000    2.4000
100000*second partial in parameter space
       80.       55.       54.        8.        6.       28.
        7.       19.        4.       12.        5.        4.
  0.0304  0.0303  0.0303  0.0304  0.0303  0.0317  0.0303  0.0310  0.0302  0.0306  0.0302  0.0301
  0.0302  0.0301  0.0301  0.0302  0.0301  0.0309  0.0301  0.0304  0.0300  0.0302  0.0300  0.0300
  0.0300  0.0300  0.0300  0.0300  0.0300  0.0302  0.0300  0.0300  0.0299  0.0300  0.0299  0.0299
  0.0299  0.0299  0.0299  0.0299  0.0299  0.0299  0.0299  0.0299  0.0299  0.0299  0.0299  0.0299
  0.0300  0.0300  0.0299  0.0299  0.0299  0.0300  0.0299  0.0300  0.0299  0.0300  0.0299  0.0299
  0.0302  0.0301  0.0300  0.0301  0.0301  0.0306  0.0301  0.0304  0.0300  0.0302  0.0300  0.0300
  0.0304  0.0303  0.0302  0.0303  0.0303  0.0314  0.0303  0.0310  0.0302  0.0306  0.0302  0.0301
   -0.9653   32.9327    9.8065   -8.3145  -12.7871   -3.5001
   -2.0507   -1.7732    3.5689    6.5372    4.3763   -8.1803
eta,q 0.97009 11.48535

---------------------------------------------------------------------
compute_vox2vox talsrcimg talsrcimg_to_711-2C_as_mni_average_305_t4 /opt/freesurfer/average/711-2C_as_mni_average_305
---------------------------------------------------------------------

freesurfer compute_vox2vox.c
Reading: talsrcimg.4dfp.ifh
Reading: talsrcimg_to_711-2C_as_mni_average_305_t4
Reading: /opt/freesurfer/average/711-2C_as_mni_average_305.4dfp.ifh
Writing: talsrcimg_to_711-2C_as_mni_average_305_t4_vox2vox.txt

start time Thu Mar 12 11:38:14 CET 2026
end		time Thu Mar 12 11:38:27 CET 2026

mpr2mni305 success

avi2talxfm orig_nu.mgz /opt/freesurfer/average/mni305.cor.mgz talsrcimg_to_711-2C_as_mni_average_305_t4_vox2vox.txt transforms/talairach.auto.xfm
avi2talxfm done
mv -f /out/sourcedata/freesurfer/sub-v1s15x0050210_ses-1/mri/talsrcimg_to_711-2C_as_mni_average_305_t4_vox2vox.txt /out/sourcedata/freesurfer/sub-v1s15x0050210_ses-1/mri/transforms/talsrcimg_to_711-2C_as_mni_average_305_t4_vox2vox.txt
lta_convert --src orig_nu.mgz --trg /opt/freesurfer/average/mni305.cor.mgz --inxfm transforms/talairach.auto.xfm --outlta transforms/talairach.auto.xfm.lta --subject fsaverage
7.3.2

--src: orig_nu.mgz src image (geometry).
--trg: /opt/freesurfer/average/mni305.cor.mgz trg image (geometry).
--inmni: transforms/talairach.auto.xfm input MNI/XFM transform.
--outlta: transforms/talairach.auto.xfm.lta output LTA.
--s: fsaverage subject name
 LTA read, type : 1
 1.08876   0.01816   0.02730  -0.88960;
-0.05282   1.02885   0.09526  -20.32806;
-0.04059  -0.07786   1.13836   22.81088;
 0.00000   0.00000   0.00000   1.00000;
setting subject to fsaverage
Writing  LTA to file transforms/talairach.auto.xfm.lta...
lta_convert successful.
 
 
Started at Thu Mar 12 11:38:13 CET 2026
Ended   at Thu Mar 12 11:38:28 CET 2026
talairach_avi done
