status file for recon-all
Sun Mar  8 22:40:07 CET 2026
#@# Tessellate lh Sun Mar  8 22:40:07 CET 2026
#@# Smooth1 lh Sun Mar  8 22:40:10 CET 2026
#@# Inflation1 lh Sun Mar  8 22:40:14 CET 2026
#@# QSphere lh Sun Mar  8 22:40:27 CET 2026
#@# Fix Topology lh Sun Mar  8 22:41:39 CET 2026
#@# Smooth2 lh Sun Mar  8 22:47:26 CET 2026
#@# Inflation2 lh Sun Mar  8 22:47:29 CET 2026
#@# Curv .H and .K lh Sun Mar  8 22:47:44 CET 2026
#@# Sphere lh Sun Mar  8 22:48:35 CET 2026
#@# Surf Reg lh Sun Mar  8 22:50:54 CET 2026
#@# Jacobian white lh Sun Mar  8 22:55:24 CET 2026
#@# AvgCurv lh Sun Mar  8 22:55:24 CET 2026
#@# Cortical Parc lh Sun Mar  8 22:55:25 CET 2026
#@# white curv lh Sun Mar  8 23:02:42 CET 2026
#@# white area lh Sun Mar  8 23:02:44 CET 2026
#@# pial curv lh Sun Mar  8 23:02:45 CET 2026
#@# pial area lh Sun Mar  8 23:02:47 CET 2026
#@# thickness lh Sun Mar  8 23:02:47 CET 2026
#@# area and vertex vol lh Sun Mar  8 23:03:19 CET 2026
#@# Curvature Stats lh Sun Mar  8 23:03:21 CET 2026
#@# Cortical Parc 2 lh Sun Mar  8 23:03:24 CET 2026
#@# Cortical Parc 3 lh Sun Mar  8 23:03:38 CET 2026
#@# WM/GM Contrast lh Sun Mar  8 23:03:48 CET 2026
recon-all -s sub-v1s15x0050203_ses-1 finished without error at Sun Mar  8 23:03:52 CET 2026



#New# invocation of recon-all 



status file for recon-all
Sun Mar  8 23:33:59 CET 2026
#@# white curv lh Sun Mar  8 23:33:59 CET 2026
#@# white area lh Sun Mar  8 23:33:59 CET 2026
#@# pial curv lh Sun Mar  8 23:33:59 CET 2026
#@# pial area lh Sun Mar  8 23:33:59 CET 2026
#@# thickness lh Sun Mar  8 23:33:59 CET 2026
#@# area and vertex vol lh Sun Mar  8 23:33:59 CET 2026
#@# Parcellation Stats lh Sun Mar  8 23:33:59 CET 2026
#@# Parcellation Stats 2 lh Sun Mar  8 23:34:20 CET 2026
#@# Parcellation Stats 3 lh Sun Mar  8 23:34:31 CET 2026
#@# BA_exvivo Labels lh Sun Mar  8 23:34:44 CET 2026
recon-all -s sub-v1s15x0050203_ses-1 finished without error at Sun Mar  8 23:37:30 CET 2026
