status file for recon-all
Sun Mar  8 23:03:55 CET 2026
#@# Tessellate rh Sun Mar  8 23:03:55 CET 2026
#@# Smooth1 rh Sun Mar  8 23:03:58 CET 2026
#@# Inflation1 rh Sun Mar  8 23:04:01 CET 2026
#@# QSphere rh Sun Mar  8 23:04:15 CET 2026
#@# Fix Topology rh Sun Mar  8 23:05:43 CET 2026
#@# Smooth2 rh Sun Mar  8 23:11:41 CET 2026
#@# Inflation2 rh Sun Mar  8 23:11:44 CET 2026
#@# Curv .H and .K rh Sun Mar  8 23:12:00 CET 2026
#@# Sphere rh Sun Mar  8 23:12:51 CET 2026
#@# Surf Reg rh Sun Mar  8 23:15:16 CET 2026
#@# Jacobian white rh Sun Mar  8 23:19:57 CET 2026
#@# AvgCurv rh Sun Mar  8 23:19:58 CET 2026
#@# Cortical Parc rh Sun Mar  8 23:19:59 CET 2026
#@# white curv rh Sun Mar  8 23:27:06 CET 2026
#@# white area rh Sun Mar  8 23:27:08 CET 2026
#@# pial curv rh Sun Mar  8 23:27:08 CET 2026
#@# pial area rh Sun Mar  8 23:27:10 CET 2026
#@# thickness rh Sun Mar  8 23:27:11 CET 2026
#@# area and vertex vol rh Sun Mar  8 23:27:43 CET 2026
#@# Curvature Stats rh Sun Mar  8 23:27:45 CET 2026
#@# Cortical Parc 2 rh Sun Mar  8 23:27:47 CET 2026
#@# Cortical Parc 3 rh Sun Mar  8 23:28:02 CET 2026
#@# WM/GM Contrast rh Sun Mar  8 23:28:12 CET 2026
recon-all -s sub-v1s15x0050203_ses-1 finished without error at Sun Mar  8 23:28:15 CET 2026



#New# invocation of recon-all 



status file for recon-all
Sun Mar  8 23:37:33 CET 2026
#@# white curv rh Sun Mar  8 23:37:33 CET 2026
#@# white area rh Sun Mar  8 23:37:33 CET 2026
#@# pial curv rh Sun Mar  8 23:37:33 CET 2026
#@# pial area rh Sun Mar  8 23:37:33 CET 2026
#@# thickness rh Sun Mar  8 23:37:33 CET 2026
#@# area and vertex vol rh Sun Mar  8 23:37:33 CET 2026
#@# Parcellation Stats rh Sun Mar  8 23:37:33 CET 2026
#@# Parcellation Stats 2 rh Sun Mar  8 23:37:54 CET 2026
#@# Parcellation Stats 3 rh Sun Mar  8 23:38:05 CET 2026
#@# BA_exvivo Labels rh Sun Mar  8 23:38:15 CET 2026
recon-all -s sub-v1s15x0050203_ses-1 finished without error at Sun Mar  8 23:41:00 CET 2026
