/out/sourcedata/freesurfer/sub-v1s15x0050183_ses-1/mri
/opt/freesurfer/bin/talairach_avi
--i orig_nu.mgz --xfm transforms/talairach.auto.xfm
talairach_avi 7.3.2
Linux dna061 5.14.0-427.37.1.el9_4.x86_64 #1 SMP PREEMPT_DYNAMIC Fri Sep 13 12:41:50 EDT 2024 x86_64 x86_64 x86_64 GNU/Linux
Sun Mar  8 20:24:39 CET 2026
mri_convert orig_nu.mgz talsrcimg.img 
reading from orig_nu.mgz...
TR=0.00, TE=0.00, TI=0.00, flip angle=0.00
i_ras = (-1, 0, 0)
j_ras = (0, 0, -1)
k_ras = (0, 1, 0)
writing to talsrcimg.img...
Analyze Output Matrix
-1.00000   0.00000   0.00000   134.77319;
 0.00000   0.00000   1.00000  -115.84400;
 0.00000  -1.00000   0.00000   113.32800;
 0.00000   0.00000   0.00000   1.00000;
--------------------
INFO: set hdr.hist.orient to -1
mpr2mni305 talsrcimg
Sun Mar  8 20:24:40 CET 2026
/opt/freesurfer/bin/mpr2mni305 talsrcimg
mpr2mni305 7.3.2
target=711-2C_as_mni_average_305

---------------------------------------------------------------------
analyzeto4dfp talsrcimg -O0 -y
---------------------------------------------------------------------

freesurfer ifh2hdr.c
Sun Mar  8 20:24:40 2026
Writing: talsrcimg.4dfp.hdr
freesurfer analyzeto4dfp.c
Reading: talsrcimg.hdr
header size 348 bytes
hdr.dime.datatype	offset=70	value=2
hdr.dime.bitpix		offset=72	value=8
hdr.hist.orient		offset=252	value=-1
dimensionality     4
dimensions       256       256       256         1
Reading: talsrcimg.img
Writing: talsrcimg.4dfp.img
Writing: talsrcimg.4dfp.ifh
ifh2hdr talsrcimg -r0to233
ori=2

---------------------------------------------------------------------
gauss_4dfp talsrcimg 1.1
---------------------------------------------------------------------

freesurfer gauss_4dfp.c
Reading: talsrcimg.4dfp.img
Writing: talsrcimg_g11.4dfp.img
image dimensions 256 256 256 padded to 288 288 288
processing volume 1freesurfer ifh2hdr.c
Sun Mar  8 20:24:41 2026
Writing: talsrcimg_g11.4dfp.hdr

Writing: talsrcimg_g11.4dfp.ifh
including: talsrcimg.4dfp.img.rec in talsrcimg_g11.4dfp.img.rec

---------------------------------------------------------------------
imgreg_4dfp /opt/freesurfer/average/711-2C_as_mni_average_305 none talsrcimg_g11 none talsrcimg_to_711-2C_as_mni_average_305_t4 4355
---------------------------------------------------------------------

freesurfer imgreg_4dfp.c
/opt/freesurfer/average/711-2C_as_mni_average_305.4dfp.img
       256       256       256         1
  1.000000  1.000000  1.000000
orientation T byte_order littleendian
Reading image: /opt/freesurfer/average/711-2C_as_mni_average_305.4dfp.img
dimensions:      256       256       256
mmppix:       1.0000   -1.0000   -1.0000
center:     128.0000 -129.0000 -129.0000
talsrcimg_g11.4dfp.img
       256       256       256         1
  1.000000  1.000000  1.000000
orientation T byte_order littleendian
Reading image: talsrcimg_g11.4dfp.img
dimensions:      256       256       256
mmppix:       1.0000   -1.0000   -1.0000
center:     128.0000 -129.0000 -129.0000
t4_read: open error in t4_sub.f l:  41 t4_file(1:l)talsrcimg_to_711-2C_as_mni_average_305_t4 
t4_read: transform initialized to I4
rotation matrix determinant  1.000000
image alignment mode   4355 decimal     1103 hex
   -7.5000  -45.0000  -45.0000 4961.9976   16.3822
    0.0000  -45.0000  -45.0000 5227.8447   16.3982
    7.5000  -45.0000  -45.0000 4987.5044   16.3878
   -7.5000  -37.5000  -45.0000 5551.3340   15.7695
    0.0000  -37.5000  -45.0000 5837.9839   15.7905
    7.5000  -37.5000  -45.0000 5588.0923   15.7823
   -7.5000  -30.0000  -45.0000 6313.8389   15.4016
    0.0000  -30.0000  -45.0000 6629.7119   15.4225
    7.5000  -30.0000  -45.0000 6369.4424   15.4145
   -7.5000  -22.5000  -45.0000 7157.4082   15.1694
    0.0000  -22.5000  -45.0000 7513.3389   15.1873
    7.5000  -22.5000  -45.0000 7199.5654   15.1797
   -7.5000  -15.0000  -45.0000 8099.0879   14.9852
    0.0000  -15.0000  -45.0000 8497.5801   14.9998
    7.5000  -15.0000  -45.0000 8117.3223   14.9929
   -7.5000   -7.5000  -45.0000 9123.1475   14.8905
    0.0000   -7.5000  -45.0000 9595.8340   14.9069
    7.5000   -7.5000  -45.0000 9140.5039   14.9013
   -7.5000    0.0000  -45.000010208.1885   14.8249
    0.0000    0.0000  -45.000010721.0479   14.8445
    7.5000    0.0000  -45.000010214.8691   14.8390
   -7.5000    7.5000  -45.000010420.3613   14.8419
    0.0000    7.5000  -45.000010944.5938   14.8630
    7.5000    7.5000  -45.000010420.5986   14.8573
   -7.5000   15.0000  -45.000010379.4736   14.9196
    0.0000   15.0000  -45.000010905.2969   14.9401
    7.5000   15.0000  -45.000010371.4258   14.9340
   -7.5000   22.5000  -45.000010185.2236   14.9758
    0.0000   22.5000  -45.000010739.7041   14.9931
    7.5000   22.5000  -45.000010169.8369   14.9860
   -7.5000   30.0000  -45.0000 9965.4551   14.7660
    0.0000   30.0000  -45.000010532.3135   14.7804
    7.5000   30.0000  -45.0000 9964.7012   14.7737
   -7.5000   37.5000  -45.000010129.0967   14.6916
    0.0000   37.5000  -45.000010676.9180   14.7077
    7.5000   37.5000  -45.000010124.5059   14.7022
   -7.5000   45.0000  -45.0000 9971.4082   14.2559
    0.0000   45.0000  -45.000010491.9629   14.2747
    7.5000   45.0000  -45.0000 9948.0703   14.2695
   -7.5000  -45.0000  -37.5000 5297.3262   16.3327
    0.0000  -45.0000  -37.5000 5574.0396   16.3460
    7.5000  -45.0000  -37.5000 5313.3286   16.3433
   -7.5000  -37.5000  -37.5000 5897.2305   15.7269
    0.0000  -37.5000  -37.5000 6202.1445   15.7478
    7.5000  -37.5000  -37.5000 5942.3325   15.7464
   -7.5000  -30.0000  -37.5000 6713.5635   15.3668
    0.0000  -30.0000  -37.5000 7051.5591   15.3919
    7.5000  -30.0000  -37.5000 6765.3940   15.3882
   -7.5000  -22.5000  -37.5000 7606.7861   15.1369
    0.0000  -22.5000  -37.5000 7981.0767   15.1606
    7.5000  -22.5000  -37.5000 7662.8511   15.1576
   -7.5000  -15.0000  -37.5000 8618.4531   14.9487
    0.0000  -15.0000  -37.5000 9045.5537   14.9671
    7.5000  -15.0000  -37.5000 8657.4570   14.9660
   -7.5000   -7.5000  -37.5000 9752.3037   14.8510
    0.0000   -7.5000  -37.500010251.1953   14.8671
    7.5000   -7.5000  -37.5000 9785.7363   14.8676
   -7.5000    0.0000  -37.500010904.7607   14.7849
    0.0000    0.0000  -37.500011427.3330   14.8023
    7.5000    0.0000  -37.500010897.2490   14.8033
   -7.5000    7.5000  -37.500011092.2441   14.8050
    0.0000    7.5000  -37.500011632.8594   14.8263
    7.5000    7.5000  -37.500011071.6533   14.8262
   -7.5000   15.0000  -37.500011024.3721   14.8879
    0.0000   15.0000  -37.500011572.5469   14.9124
    7.5000   15.0000  -37.500011001.9131   14.9102
   -7.5000   22.5000  -37.500010833.0879   14.9440
    0.0000   22.5000  -37.500011388.9600   14.9671
    7.5000   22.5000  -37.500010800.0898   14.9644
   -7.5000   30.0000  -37.500010581.2979   14.7300
    0.0000   30.0000  -37.500011141.1621   14.7483
    7.5000   30.0000  -37.500010543.5762   14.7472
   -7.5000   37.5000  -37.500010735.2666   14.6526
    0.0000   37.5000  -37.500011295.8672   14.6685
    7.5000   37.5000  -37.500010695.3750   14.6689
   -7.5000   45.0000  -37.500010541.0684   14.2174
    0.0000   45.0000  -37.500011071.2725   14.2342
    7.5000   45.0000  -37.500010466.4512   14.2351
   -7.5000  -45.0000  -30.0000 5699.4956   17.0290
    0.0000  -45.0000  -30.0000 5986.7910   17.0415
    7.5000  -45.0000  -30.0000 5724.6763   17.0524
   -7.5000  -37.5000  -30.0000 6353.4121   16.3971
    0.0000  -37.5000  -30.0000 6666.5522   16.4141
    7.5000  -37.5000  -30.0000 6401.3447   16.4236
   -7.5000  -30.0000  -30.0000 7234.1221   16.0288
    0.0000  -30.0000  -30.0000 7598.3306   16.0527
    7.5000  -30.0000  -30.0000 7293.6836   16.0558
   -7.5000  -22.5000  -30.0000 8236.2715   15.7893
    0.0000  -22.5000  -30.0000 8632.2217   15.8172
    7.5000  -22.5000  -30.0000 8269.1240   15.8202
   -7.5000  -15.0000  -30.0000 9336.5732   15.5886
    0.0000  -15.0000  -30.0000 9803.5654   15.6142
    7.5000  -15.0000  -30.0000 9377.8721   15.6204
   -7.5000   -7.5000  -30.000010563.9209   15.4828
    0.0000   -7.5000  -30.000011072.8896   15.5026
    7.5000   -7.5000  -30.000010573.3105   15.5125
   -7.5000    0.0000  -30.000011751.4727   15.4128
    0.0000    0.0000  -30.000012326.9219   15.4288
    7.5000    0.0000  -30.000011754.9854   15.4408
   -7.5000    7.5000  -30.000011923.6670   15.4381
    0.0000    7.5000  -30.000012522.2500   15.4558
    7.5000    7.5000  -30.000011920.0928   15.4648
   -7.5000   15.0000  -30.000011839.3828   15.5292
    0.0000   15.0000  -30.000012420.7129   15.5525
    7.5000   15.0000  -30.000011828.5967   15.5565
   -7.5000   22.5000  -30.000011670.0137   15.5858
    0.0000   22.5000  -30.000012253.1719   15.6133
    7.5000   22.5000  -30.000011626.5322   15.6164
   -7.5000   30.0000  -30.000011392.0293   15.3621
    0.0000   30.0000  -30.000012000.4385   15.3873
    7.5000   30.0000  -30.000011325.9102   15.3934
   -7.5000   37.5000  -30.000011540.0762   15.2774
    0.0000   37.5000  -30.000012137.6455   15.2969
    7.5000   37.5000  -30.000011443.6523   15.3067
   -7.5000   45.0000  -30.000011271.6924   14.8321
    0.0000   45.0000  -30.000011845.8965   14.8476
    7.5000   45.0000  -30.000011179.8730   14.8591
   -7.5000  -45.0000  -22.5000 6111.5874   17.6120
    0.0000  -45.0000  -22.5000 6430.9253   17.6261
    7.5000  -45.0000  -22.5000 6145.0088   17.6426
   -7.5000  -37.5000  -22.5000 6816.1650   16.9536
    0.0000  -37.5000  -22.5000 7163.8198   16.9651
    7.5000  -37.5000  -22.5000 6865.4893   16.9779
   -7.5000  -30.0000  -22.5000 7789.1831   16.5737
    0.0000  -30.0000  -22.5000 8188.3599   16.5895
    7.5000  -30.0000  -22.5000 7846.8589   16.5945
   -7.5000  -22.5000  -22.5000 8898.8652   16.3257
    0.0000  -22.5000  -22.5000 9314.6631   16.3505
    7.5000  -22.5000  -22.5000 8908.5684   16.3550
   -7.5000  -15.0000  -22.500010106.9844   16.1203
    0.0000  -15.0000  -22.500010585.4307   16.1492
    7.5000  -15.0000  -22.500010101.8516   16.1573
   -7.5000   -7.5000  -22.500011409.7539   16.0110
    0.0000   -7.5000  -22.500011929.0391   16.0352
    7.5000   -7.5000  -22.500011358.8799   16.0488
   -7.5000    0.0000  -22.500012647.0752   15.9383
    0.0000    0.0000  -22.500013245.3311   15.9546
    7.5000    0.0000  -22.500012615.0508   15.9710
   -7.5000    7.5000  -22.500012796.0967   15.9645
    0.0000    7.5000  -22.500013439.2881   15.9765
    7.5000    7.5000  -22.500012772.5957   15.9886
   -7.5000   15.0000  -22.500012672.1816   16.0565
    0.0000   15.0000  -22.500013307.6631   16.0721
    7.5000   15.0000  -22.500012649.3838   16.0780
   -7.5000   22.5000  -22.500012491.4551   16.1138
    0.0000   22.5000  -22.500013116.7090   16.1383
    7.5000   22.5000  -22.500012412.9336   16.1430
   -7.5000   30.0000  -22.500012223.1133   15.8885
    0.0000   30.0000  -22.500012833.8486   15.9170
    7.5000   30.0000  -22.500012085.8535   15.9249
   -7.5000   37.5000  -22.500012369.6973   15.8010
    0.0000   37.5000  -22.500012985.1787   15.8249
    7.5000   37.5000  -22.500012200.9043   15.8384
   -7.5000   45.0000  -22.500012045.0645   15.3493
    0.0000   45.0000  -22.500012668.6680   15.3650
    7.5000   45.0000  -22.500011928.7686   15.3809
   -7.5000  -45.0000  -15.0000 6541.2573   18.0237
    0.0000  -45.0000  -15.0000 6877.2827   18.0394
    7.5000  -45.0000  -15.0000 6565.5630   18.0476
   -7.5000  -37.5000  -15.0000 7278.0322   17.3456
    0.0000  -37.5000  -15.0000 7638.7451   17.3559
    7.5000  -37.5000  -15.0000 7313.0459   17.3614
   -7.5000  -30.0000  -15.0000 8352.2002   16.9505
    0.0000  -30.0000  -15.0000 8754.8271   16.9605
    7.5000  -30.0000  -15.0000 8402.9678   16.9609
   -7.5000  -22.5000  -15.0000 9569.0742   16.6952
    0.0000  -22.5000  -15.000010006.3076   16.7130
    7.5000  -22.5000  -15.0000 9568.3877   16.7133
   -7.5000  -15.0000  -15.000010855.4795   16.4911
    0.0000  -15.0000  -15.000011365.0547   16.5155
    7.5000  -15.0000  -15.000010827.5605   16.5182
   -7.5000   -7.5000  -15.000012207.6641   16.3841
    0.0000   -7.5000  -15.000012752.9746   16.4079
    7.5000   -7.5000  -15.000012166.9805   16.4154
   -7.5000    0.0000  -15.000013528.9180   16.3111
    0.0000    0.0000  -15.000014145.8779   16.3285
    7.5000    0.0000  -15.000013472.8779   16.3382
   -7.5000    7.5000  -15.000013694.3359   16.3341
    0.0000    7.5000  -15.000014350.8965   16.3444
    7.5000    7.5000  -15.000013635.2920   16.3506
   -7.5000   15.0000  -15.000013547.1875   16.4210
    0.0000   15.0000  -15.000014209.8945   16.4310
    7.5000   15.0000  -15.000013491.2705   16.4330
   -7.5000   22.5000  -15.000013333.8818   16.4780
    0.0000   22.5000  -15.000013971.3359   16.4955
    7.5000   22.5000  -15.000013207.0186   16.4963
   -7.5000   30.0000  -15.000013047.7480   16.2563
    0.0000   30.0000  -15.000013637.8535   16.2804
    7.5000   30.0000  -15.000012843.1572   16.2829
   -7.5000   37.5000  -15.000013184.6982   16.1715
    0.0000   37.5000  -15.000013816.6006   16.1950
    7.5000   37.5000  -15.000012978.4102   16.2024
   -7.5000   45.0000  -15.000012859.3057   15.7179
    0.0000   45.0000  -15.000013498.7510   15.7346
    7.5000   45.0000  -15.000012690.7686   15.7440
   -7.5000  -45.0000   -7.5000 6926.0869   18.2251
    0.0000  -45.0000   -7.5000 7266.3135   18.2430
    7.5000  -45.0000   -7.5000 6933.7817   18.2372
   -7.5000  -37.5000   -7.5000 7760.8130   17.5416
    0.0000  -37.5000   -7.5000 8127.9053   17.5588
    7.5000  -37.5000   -7.5000 7789.0210   17.5536
   -7.5000  -30.0000   -7.5000 8977.5283   17.1352
    0.0000  -30.0000   -7.5000 9397.5723   17.1500
    7.5000  -30.0000   -7.5000 9003.4219   17.1438
   -7.5000  -22.5000   -7.500010281.6279   16.8761
    0.0000  -22.5000   -7.500010747.6523   16.8920
    7.5000  -22.5000   -7.500010260.0801   16.8860
   -7.5000  -15.0000   -7.500011627.5918   16.6729
    0.0000  -15.0000   -7.500012155.0391   16.6907
    7.5000  -15.0000   -7.500011592.6016   16.6854
   -7.5000   -7.5000   -7.500013037.9990   16.5683
    0.0000   -7.5000   -7.500013608.1035   16.5888
    7.5000   -7.5000   -7.500012984.9189   16.5862
   -7.5000    0.0000   -7.500014427.3818   16.4962
    0.0000    0.0000   -7.500015064.6562   16.5165
    7.5000    0.0000   -7.500014334.6748   16.5150
   -7.5000    7.5000   -7.500014622.7861   16.5161
    0.0000    7.5000   -7.500015262.3145   16.5329
    7.5000    7.5000   -7.500014501.9053   16.5301
   -7.5000   15.0000   -7.500014521.6064   16.6001
    0.0000   15.0000   -7.500015173.6689   16.6148
    7.5000   15.0000   -7.500014410.0439   16.6107
   -7.5000   22.5000   -7.500014261.7939   16.6555
    0.0000   22.5000   -7.500014851.4775   16.6710
    7.5000   22.5000   -7.500014102.9697   16.6656
   -7.5000   30.0000   -7.500013890.0713   16.4351
    0.0000   30.0000   -7.500014429.3320   16.4526
    7.5000   30.0000   -7.500013681.1660   16.4475
   -7.5000   37.5000   -7.500014016.9619   16.3529
    0.0000   37.5000   -7.500014599.9902   16.3731
    7.5000   37.5000   -7.500013799.9922   16.3706
   -7.5000   45.0000   -7.500013666.9658   15.8992
    0.0000   45.0000   -7.500014239.3242   15.9188
    7.5000   45.0000   -7.500013467.2305   15.9173
   -7.5000  -45.0000    0.0000 7233.3042   18.2614
    0.0000  -45.0000    0.0000 7581.2705   18.2794
    7.5000  -45.0000    0.0000 7258.3042   18.2677
   -7.5000  -37.5000    0.0000 8124.8472   17.5815
    0.0000  -37.5000    0.0000 8513.9600   17.6050
    7.5000  -37.5000    0.0000 8176.1299   17.5960
   -7.5000  -30.0000    0.0000 9454.0889   17.1730
    0.0000  -30.0000    0.0000 9907.2744   17.1965
    7.5000  -30.0000    0.0000 9464.6396   17.1876
   -7.5000  -22.5000    0.000010833.0703   16.9147
    0.0000  -22.5000    0.000011353.9990   16.9347
    7.5000  -22.5000    0.000010811.4004   16.9264
   -7.5000  -15.0000    0.000012256.5156   16.7095
    0.0000  -15.0000    0.000012830.6943   16.7258
    7.5000  -15.0000    0.000012234.2051   16.7183
   -7.5000   -7.5000    0.000013737.4707   16.6042
    0.0000   -7.5000    0.000014369.7344   16.6224
    7.5000   -7.5000    0.000013699.1182   16.6162
   -7.5000    0.0000    0.000015134.6270   16.5315
    0.0000    0.0000    0.000015808.3447   16.5534
    7.5000    0.0000    0.000015061.3232   16.5473
   -7.5000    7.5000    0.000015338.0996   16.5509
    0.0000    7.5000    0.000015963.4883   16.5745
    7.5000    7.5000    0.000015228.5713   16.5682
   -7.5000   15.0000    0.000015320.4883   16.6374
    0.0000   15.0000    0.000015958.6455   16.6605
    7.5000   15.0000    0.000015177.5117   16.6537
   -7.5000   22.5000    0.000015159.2197   16.6942
    0.0000   22.5000    0.000015716.4141   16.7135
    7.5000   22.5000    0.000014928.8232   16.7058
   -7.5000   30.0000    0.000014704.4834   16.4716
    0.0000   30.0000    0.000015195.3076   16.4877
    7.5000   30.0000    0.000014440.2842   16.4804
   -7.5000   37.5000    0.000014801.4121   16.3887
    0.0000   37.5000    0.000015317.2178   16.4067
    7.5000   37.5000    0.000014541.2930   16.4006
   -7.5000   45.0000    0.000014374.8857   15.9345
    0.0000   45.0000    0.000014881.9414   15.9556
    7.5000   45.0000    0.000014161.3916   15.9497
   -7.5000  -45.0000    7.5000 6963.6426   18.2743
    0.0000  -45.0000    7.5000 7301.2646   18.2892
    7.5000  -45.0000    7.5000 6997.6138   18.2862
   -7.5000  -37.5000    7.5000 7894.3892   17.5966
    0.0000  -37.5000    7.5000 8279.4072   17.6199
    7.5000  -37.5000    7.5000 7923.3262   17.6184
   -7.5000  -30.0000    7.5000 9201.1006   17.1937
    0.0000  -30.0000    7.5000 9661.1982   17.2217
    7.5000  -30.0000    7.5000 9200.9404   17.2177
   -7.5000  -22.5000    7.500010541.3164   16.9364
    0.0000  -22.5000    7.500011048.9863   16.9629
    7.5000  -22.5000    7.500010518.5225   16.9596
   -7.5000  -15.0000    7.500011897.5762   16.7259
    0.0000  -15.0000    7.500012489.4922   16.7465
    7.5000  -15.0000    7.500011900.8154   16.7452
   -7.5000   -7.5000    7.500013325.7861   16.6166
    0.0000   -7.5000    7.500013983.0215   16.6346
    7.5000   -7.5000    7.500013293.5537   16.6351
   -7.5000    0.0000    7.500014641.2979   16.5427
    0.0000    0.0000    7.500015326.4365   16.5622
    7.5000    0.0000    7.500014591.1455   16.5632
   -7.5000    7.5000    7.500014795.9951   16.5652
    0.0000    7.5000    7.500015430.1689   16.5890
    7.5000    7.5000    7.500014744.1309   16.5889
   -7.5000   15.0000    7.500014867.5029   16.6579
    0.0000   15.0000    7.500015529.8291   16.6853
    7.5000   15.0000    7.500014768.9346   16.6828
   -7.5000   22.5000    7.500014830.8320   16.7153
    0.0000   22.5000    7.500015375.4941   16.7411
    7.5000   22.5000    7.500014686.8066   16.7381
   -7.5000   30.0000    7.500014401.9766   16.4876
    0.0000   30.0000    7.500014812.9609   16.5081
    7.5000   30.0000    7.500014245.7305   16.5068
   -7.5000   37.5000    7.500014521.3789   16.4010
    0.0000   37.5000    7.500014920.8369   16.4188
    7.5000   37.5000    7.500014308.0518   16.4193
   -7.5000   45.0000    7.500014076.8115   15.9452
    0.0000   45.0000    7.500014495.0186   15.9640
    7.5000   45.0000    7.500013891.7930   15.9650
   -7.5000  -45.0000   15.0000 6622.4497   18.2864
    0.0000  -45.0000   15.0000 6931.5430   18.2998
    7.5000  -45.0000   15.0000 6651.2065   18.3115
   -7.5000  -37.5000   15.0000 7522.1685   17.6078
    0.0000  -37.5000   15.0000 7897.2290   17.6261
    7.5000  -37.5000   15.0000 7534.0913   17.6363
   -7.5000  -30.0000   15.0000 8793.8652   17.2123
    0.0000  -30.0000   15.0000 9248.9365   17.2380
    7.5000  -30.0000   15.0000 8790.6025   17.2413
   -7.5000  -22.5000   15.000010098.3604   16.9551
    0.0000  -22.5000   15.000010634.7070   16.9852
    7.5000  -22.5000   15.000010102.9434   16.9883
   -7.5000  -15.0000   15.000011416.7139   16.7396
    0.0000  -15.0000   15.000012033.6836   16.7671
    7.5000  -15.0000   15.000011432.4395   16.7737
   -7.5000   -7.5000   15.000012736.6006   16.6260
    0.0000   -7.5000   15.000013412.3926   16.6472
    7.5000   -7.5000   15.000012765.8389   16.6579
   -7.5000    0.0000   15.000013957.6621   16.5509
    0.0000    0.0000   15.000014629.5566   16.5681
    7.5000    0.0000   15.000013987.5918   16.5810
   -7.5000    7.5000   15.000014114.5010   16.5780
    0.0000    7.5000   15.000014737.6270   16.5971
    7.5000    7.5000   15.000014143.1484   16.6067
   -7.5000   15.0000   15.000014153.4121   16.6758
    0.0000   15.0000   15.000014803.9199   16.7009
    7.5000   15.0000   15.000014172.5566   16.7051
   -7.5000   22.5000   15.000014033.2344   16.7330
    0.0000   22.5000   15.000014618.6133   16.7624
    7.5000   22.5000   15.000014003.1543   16.7658
   -7.5000   30.0000   15.000013784.6338   16.5012
    0.0000   30.0000   15.000014299.4668   16.5284
    7.5000   30.0000   15.000013643.8389   16.5349
   -7.5000   37.5000   15.000014061.0889   16.4103
    0.0000   37.5000   15.000014551.6621   16.4312
    7.5000   37.5000   15.000013766.5566   16.4417
   -7.5000   45.0000   15.000013638.9502   15.9531
    0.0000   45.0000   15.000014104.0020   15.9697
    7.5000   45.0000   15.000013334.8291   15.9821
   -7.5000  -45.0000   22.5000 6248.4829   18.2898
    0.0000  -45.0000   22.5000 6555.2339   18.3043
    7.5000  -45.0000   22.5000 6270.0327   18.3215
   -7.5000  -37.5000   22.5000 7111.3120   17.6059
    0.0000  -37.5000   22.5000 7466.2012   17.6178
    7.5000  -37.5000   22.5000 7115.3247   17.6311
   -7.5000  -30.0000   22.5000 8286.9199   17.2112
    0.0000  -30.0000   22.5000 8701.4688   17.2276
    7.5000  -30.0000   22.5000 8306.3477   17.2328
   -7.5000  -22.5000   22.5000 9506.4062   16.9535
    0.0000  -22.5000   22.5000 9993.3369   16.9793
    7.5000  -22.5000   22.5000 9546.0605   16.9839
   -7.5000  -15.0000   22.500010736.6914   16.7401
    0.0000  -15.0000   22.500011305.7500   16.7701
    7.5000  -15.0000   22.500010790.4736   16.7785
   -7.5000   -7.5000   22.500011986.3145   16.6266
    0.0000   -7.5000   22.500012635.6514   16.6517
    7.5000   -7.5000   22.500012067.2393   16.6659
   -7.5000    0.0000   22.500013203.2930   16.5511
    0.0000    0.0000   22.500013917.3535   16.5680
    7.5000    0.0000   22.500013249.8164   16.5851
   -7.5000    7.5000   22.500013419.7148   16.5784
    0.0000    7.5000   22.500014140.1299   16.5908
    7.5000    7.5000   22.500013425.5771   16.6034
   -7.5000   15.0000   22.500013447.6523   16.6740
    0.0000   15.0000   22.500014162.8369   16.6901
    7.5000   15.0000   22.500013410.6650   16.6962
   -7.5000   22.5000   22.500013228.7900   16.7308
    0.0000   22.5000   22.500013881.0254   16.7562
    7.5000   22.5000   22.500013178.8848   16.7611
   -7.5000   30.0000   22.500012943.7539   16.5017
    0.0000   30.0000   22.500013535.7822   16.5313
    7.5000   30.0000   22.500012846.5967   16.5395
   -7.5000   37.5000   22.500013188.9727   16.4109
    0.0000   37.5000   22.500013767.3877   16.4357
    7.5000   37.5000   22.500013024.1943   16.4496
   -7.5000   45.0000   22.500012819.4121   15.9534
    0.0000   45.0000   22.500013373.1455   15.9697
    7.5000   45.0000   22.500012670.3018   15.9861
   -7.5000  -45.0000   30.0000 5807.1353   18.2916
    0.0000  -45.0000   30.0000 6090.8608   18.3074
    7.5000  -45.0000   30.0000 5819.3311   18.3156
   -7.5000  -37.5000   30.0000 6593.7524   17.6037
    0.0000  -37.5000   30.0000 6909.3931   17.6141
    7.5000  -37.5000   30.0000 6591.3398   17.6196
   -7.5000  -30.0000   30.0000 7661.8535   17.2027
    0.0000  -30.0000   30.0000 8045.3789   17.2128
    7.5000  -30.0000   30.0000 7666.5527   17.2132
   -7.5000  -22.5000   30.0000 8776.6670   16.9433
    0.0000  -22.5000   30.0000 9241.2607   16.9613
    7.5000  -22.5000   30.0000 8798.8467   16.9616
   -7.5000  -15.0000   30.0000 9927.2891   16.7358
    0.0000  -15.0000   30.000010473.8447   16.7605
    7.5000  -15.0000   30.0000 9976.5068   16.7631
   -7.5000   -7.5000   30.000011134.5830   16.6271
    0.0000   -7.5000   30.000011733.6953   16.6512
    7.5000   -7.5000   30.000011173.4014   16.6586
   -7.5000    0.0000   30.000012288.6934   16.5529
    0.0000    0.0000   30.000012982.3604   16.5705
    7.5000    0.0000   30.000012314.3232   16.5803
   -7.5000    7.5000   30.000012495.1299   16.5764
    0.0000    7.5000   30.000013172.5049   16.5868
    7.5000    7.5000   30.000012494.7256   16.5930
   -7.5000   15.0000   30.000012435.6367   16.6648
    0.0000   15.0000   30.000013087.9170   16.6749
    7.5000   15.0000   30.000012440.0156   16.6769
   -7.5000   22.5000   30.000012183.8877   16.7209
    0.0000   22.5000   30.000012769.9326   16.7386
    7.5000   22.5000   30.000012189.4658   16.7393
   -7.5000   30.0000   30.000011887.4854   16.4975
    0.0000   30.0000   30.000012446.9785   16.5219
    7.5000   30.0000   30.000011906.3555   16.5244
   -7.5000   37.5000   30.000012128.6035   16.4113
    0.0000   37.5000   30.000012675.6191   16.4351
    7.5000   37.5000   30.000012121.3398   16.4425
   -7.5000   45.0000   30.000011830.3281   15.9551
    0.0000   45.0000   30.000012341.3838   15.9721
    7.5000   45.0000   30.000011826.8027   15.9815
   -7.5000  -45.0000   37.5000 5584.7520   18.5064
    0.0000  -45.0000   37.5000 5849.3086   18.5249
    7.5000  -45.0000   37.5000 5591.4199   18.5190
   -7.5000  -37.5000   37.5000 6312.1782   17.8059
    0.0000  -37.5000   37.5000 6625.0889   17.8238
    7.5000  -37.5000   37.5000 6327.3140   17.8186
   -7.5000  -30.0000   37.5000 7321.0225   17.3891
    0.0000  -30.0000   37.5000 7697.1694   17.4046
    7.5000  -30.0000   37.5000 7346.1138   17.3985
   -7.5000  -22.5000   37.5000 8397.6963   17.1227
    0.0000  -22.5000   37.5000 8823.7646   17.1393
    7.5000  -22.5000   37.5000 8435.9316   17.1334
   -7.5000  -15.0000   37.5000 9516.0244   16.9136
    0.0000  -15.0000   37.500010007.6816   16.9320
    7.5000  -15.0000   37.5000 9573.3867   16.9267
   -7.5000   -7.5000   37.500010680.2861   16.8065
    0.0000   -7.5000   37.500011230.1152   16.8277
    7.5000   -7.5000   37.500010722.8174   16.8250
   -7.5000    0.0000   37.500011776.1035   16.7330
    0.0000    0.0000   37.500012381.5000   16.7539
    7.5000    0.0000   37.500011815.9414   16.7524
   -7.5000    7.5000   37.500011943.0439   16.7538
    0.0000    7.5000   37.500012580.1309   16.7712
    7.5000    7.5000   37.500011982.2861   16.7685
   -7.5000   15.0000   37.500011842.0859   16.8398
    0.0000   15.0000   37.500012458.8818   16.8552
    7.5000   15.0000   37.500011881.4648   16.8513
   -7.5000   22.5000   37.500011613.0918   16.8963
    0.0000   22.5000   37.500012188.2217   16.9124
    7.5000   22.5000   37.500011664.7764   16.9071
   -7.5000   30.0000   37.500011345.6758   16.6725
    0.0000   30.0000   37.500011888.8799   16.6907
    7.5000   30.0000   37.500011411.6758   16.6855
   -7.5000   37.5000   37.500011539.0293   16.5885
    0.0000   37.5000   37.500012091.8115   16.6093
    7.5000   37.5000   37.500011611.1777   16.6067
   -7.5000   45.0000   37.500011285.8799   16.1287
    0.0000   45.0000   37.500011795.0049   16.1489
    7.5000   45.0000   37.500011350.9375   16.1474
   -7.5000  -45.0000   45.0000 5125.5210   18.8213
    0.0000  -45.0000   45.0000 5370.3901   18.8398
    7.5000  -45.0000   45.0000 5123.9526   18.8278
   -7.5000  -37.5000   45.0000 5789.9961   18.0987
    0.0000  -37.5000   45.0000 6071.3984   18.1227
    7.5000  -37.5000   45.0000 5800.8716   18.1128
   -7.5000  -30.0000   45.0000 6700.8145   17.6651
    0.0000  -30.0000   45.0000 7025.1353   17.6889
    7.5000  -30.0000   45.0000 6727.3735   17.6790
   -7.5000  -22.5000   45.0000 7680.0625   17.3900
    0.0000  -22.5000   45.0000 8046.0522   17.4105
    7.5000  -22.5000   45.0000 7722.7773   17.4019
   -7.5000  -15.0000   45.0000 8718.1279   17.1718
    0.0000  -15.0000   45.0000 9133.5283   17.1889
    7.5000  -15.0000   45.0000 8758.0439   17.1816
   -7.5000   -7.5000   45.0000 9781.1182   17.0611
    0.0000   -7.5000   45.000010264.6025   17.0804
    7.5000   -7.5000   45.0000 9821.1104   17.0746
   -7.5000    0.0000   45.000010776.1963   16.9851
    0.0000    0.0000   45.000011316.3535   17.0078
    7.5000    0.0000   45.000010822.8223   17.0017
   -7.5000    7.5000   45.000010903.4092   17.0058
    0.0000    7.5000   45.000011470.4414   17.0298
    7.5000    7.5000   45.000010943.1963   17.0229
   -7.5000   15.0000   45.000010812.6719   17.0969
    0.0000   15.0000   45.000011362.0020   17.1202
    7.5000   15.0000   45.000010860.4434   17.1128
   -7.5000   22.5000   45.000010596.1426   17.1560
    0.0000   22.5000   45.000011135.5830   17.1760
    7.5000   22.5000   45.000010681.1914   17.1679
   -7.5000   30.0000   45.000010333.5215   16.9250
    0.0000   30.0000   45.000010845.1992   16.9420
    7.5000   30.0000   45.000010434.5137   16.9349
   -7.5000   37.5000   45.000010516.1328   16.8382
    0.0000   37.5000   45.000011015.7910   16.8572
    7.5000   37.5000   45.000010589.9795   16.8515
   -7.5000   45.0000   45.000010325.7031   16.3791
    0.0000   45.0000   45.000010779.0010   16.4010
    7.5000   45.0000   45.000010365.4902   16.3951

---------------------------------------------------------------------
imgreg_4dfp /opt/freesurfer/average/711-2C_as_mni_average_305 /opt/freesurfer/average/711-2B_as_mni_average_305_mask talsrcimg_g11 none talsrcimg_to_711-2C_as_mni_average_305_t4 4355
---------------------------------------------------------------------

freesurfer imgreg_4dfp.c
/opt/freesurfer/average/711-2C_as_mni_average_305.4dfp.img
       256       256       256         1
  1.000000  1.000000  1.000000
orientation T byte_order littleendian
Reading image: /opt/freesurfer/average/711-2C_as_mni_average_305.4dfp.img
dimensions:      256       256       256
mmppix:       1.0000   -1.0000   -1.0000
center:     128.0000 -129.0000 -129.0000
/opt/freesurfer/average/711-2B_as_mni_average_305_mask.4dfp.img
       256       256       256         1
  1.000000  1.000000  1.000000
orientation T byte_order littleendian
Reading mask: /opt/freesurfer/average/711-2B_as_mni_average_305_mask.4dfp.img (2306576 pixels)
talsrcimg_g11.4dfp.img
       256       256       256         1
  1.000000  1.000000  1.000000
orientation T byte_order littleendian
Reading image: talsrcimg_g11.4dfp.img
dimensions:      256       256       256
mmppix:       1.0000   -1.0000   -1.0000
center:     128.0000 -129.0000 -129.0000
rotation matrix determinant  1.000000
image alignment mode   4355 decimal     1103 hex
   -7.5000  -37.5000  -45.0000 1604.3143   28.0359
    0.0000  -37.5000  -45.0000 1620.7810   27.8232
    7.5000  -37.5000  -45.0000 1606.3079   27.6963
   -7.5000  -30.0000  -45.0000 1706.1348   24.1935
    0.0000  -30.0000  -45.0000 1721.0206   24.0366
    7.5000  -30.0000  -45.0000 1716.4352   24.0450
   -7.5000  -22.5000  -45.0000 1808.9539   21.2506
    0.0000  -22.5000  -45.0000 1825.6788   21.0105
    7.5000  -22.5000  -45.0000 1816.9364   21.0281
   -7.5000  -15.0000  -45.0000 1931.6997   18.7135
    0.0000  -15.0000  -45.0000 1947.5020   18.4921
    7.5000  -15.0000  -45.0000 1932.1968   18.5404
   -7.5000   -7.5000  -45.0000 2052.2590   16.7223
    0.0000   -7.5000  -45.0000 2071.1760   16.5836
    7.5000   -7.5000  -45.0000 2049.4749   16.5834
   -7.5000    0.0000  -45.0000 2164.1077   15.3359
    0.0000    0.0000  -45.0000 2179.7429   15.2199
    7.5000    0.0000  -45.0000 2162.5105   15.2109
   -7.5000    7.5000  -45.0000 2233.9658   14.3521
    0.0000    7.5000  -45.0000 2250.1877   14.2808
    7.5000    7.5000  -45.0000 2234.8789   14.2807
   -7.5000   15.0000  -45.0000 2268.7793   13.7097
    0.0000   15.0000  -45.0000 2289.5789   13.6258
    7.5000   15.0000  -45.0000 2266.8833   13.5932
   -7.5000   22.5000  -45.0000 2274.7141   13.3089
    0.0000   22.5000  -45.0000 2296.4514   13.1974
    7.5000   22.5000  -45.0000 2279.0083   13.2007
   -7.5000   30.0000  -45.0000 2272.1326   13.1310
    0.0000   30.0000  -45.0000 2300.6208   13.0177
    7.5000   30.0000  -45.0000 2280.8357   13.0279
   -7.5000   37.5000  -45.0000 2258.8342   13.2089
    0.0000   37.5000  -45.0000 2283.8948   13.1122
    7.5000   37.5000  -45.0000 2264.2659   13.1686
   -7.5000   45.0000  -45.0000 2236.5935   13.5821
    0.0000   45.0000  -45.0000 2263.6025   13.4457
    7.5000   45.0000  -45.0000 2237.9707   13.5535
   -7.5000   52.5000  -45.0000 2178.9834   14.1200
    0.0000   52.5000  -45.0000 2200.0090   14.0062
    7.5000   52.5000  -45.0000 2176.5784   14.1076
   -7.5000  -37.5000  -37.5000 1654.7255   26.1664
    0.0000  -37.5000  -37.5000 1673.0188   25.9668
    7.5000  -37.5000  -37.5000 1667.9285   25.8844
   -7.5000  -30.0000  -37.5000 1763.1807   22.5563
    0.0000  -30.0000  -37.5000 1775.0708   22.3100
    7.5000  -30.0000  -37.5000 1776.9320   22.3454
   -7.5000  -22.5000  -37.5000 1874.7565   19.8037
    0.0000  -22.5000  -37.5000 1889.0847   19.5616
    7.5000  -22.5000  -37.5000 1886.0042   19.6266
   -7.5000  -15.0000  -37.5000 2001.9253   17.4410
    0.0000  -15.0000  -37.5000 2019.8944   17.2525
    7.5000  -15.0000  -37.5000 2008.5779   17.3068
   -7.5000   -7.5000  -37.5000 2135.8416   15.5968
    0.0000   -7.5000  -37.5000 2159.2805   15.4555
    7.5000   -7.5000  -37.5000 2140.6401   15.4656
   -7.5000    0.0000  -37.5000 2255.3452   14.2508
    0.0000    0.0000  -37.5000 2272.7078   14.1231
    7.5000    0.0000  -37.5000 2253.6506   14.1405
   -7.5000    7.5000  -37.5000 2329.4961   13.3264
    0.0000    7.5000  -37.5000 2343.7561   13.2187
    7.5000    7.5000  -37.5000 2325.3420   13.2138
   -7.5000   15.0000  -37.5000 2363.5308   12.7006
    0.0000   15.0000  -37.5000 2385.2256   12.6114
    7.5000   15.0000  -37.5000 2364.5344   12.6172
   -7.5000   22.5000  -37.5000 2380.3086   12.3331
    0.0000   22.5000  -37.5000 2405.8625   12.2440
    7.5000   22.5000  -37.5000 2383.1279   12.2271
   -7.5000   30.0000  -37.5000 2378.4541   12.1574
    0.0000   30.0000  -37.5000 2405.9170   12.0523
    7.5000   30.0000  -37.5000 2383.8987   12.0666
   -7.5000   37.5000  -37.5000 2363.8904   12.2468
    0.0000   37.5000  -37.5000 2393.4626   12.1590
    7.5000   37.5000  -37.5000 2374.5496   12.1853
   -7.5000   45.0000  -37.5000 2339.3230   12.5580
    0.0000   45.0000  -37.5000 2367.1892   12.4479
    7.5000   45.0000  -37.5000 2342.2896   12.5160
   -7.5000   52.5000  -37.5000 2277.6321   13.0736
    0.0000   52.5000  -37.5000 2299.9697   12.9737
    7.5000   52.5000  -37.5000 2277.9312   13.0331
   -7.5000  -37.5000  -30.0000 1735.6140   25.4525
    0.0000  -37.5000  -30.0000 1750.1553   25.1281
    7.5000  -37.5000  -30.0000 1750.0599   25.2141
   -7.5000  -30.0000  -30.0000 1845.5566   21.8866
    0.0000  -30.0000  -30.0000 1865.9672   21.5989
    7.5000  -30.0000  -30.0000 1862.8536   21.6906
   -7.5000  -22.5000  -30.0000 1968.6074   19.1399
    0.0000  -22.5000  -30.0000 1989.4082   18.8842
    7.5000  -22.5000  -30.0000 1979.6384   18.9794
   -7.5000  -15.0000  -30.0000 2109.2976   16.8755
    0.0000  -15.0000  -30.0000 2129.5308   16.6721
    7.5000  -15.0000  -30.0000 2114.9346   16.7080
   -7.5000   -7.5000  -30.0000 2254.1936   15.0694
    0.0000   -7.5000  -30.0000 2275.1064   14.9119
    7.5000   -7.5000  -30.0000 2256.0134   14.9703
   -7.5000    0.0000  -30.0000 2374.4595   13.7193
    0.0000    0.0000  -30.0000 2396.2771   13.6022
    7.5000    0.0000  -30.0000 2374.2649   13.6302
   -7.5000    7.5000  -30.0000 2451.7114   12.7927
    0.0000    7.5000  -30.0000 2473.1753   12.6664
    7.5000    7.5000  -30.0000 2453.2490   12.6782
   -7.5000   15.0000  -30.0000 2494.2620   12.1990
    0.0000   15.0000  -30.0000 2516.3660   12.0866
    7.5000   15.0000  -30.0000 2495.6472   12.1111
   -7.5000   22.5000  -30.0000 2528.8469   11.8350
    0.0000   22.5000  -30.0000 2553.1362   11.7342
    7.5000   22.5000  -30.0000 2528.1064   11.7560
   -7.5000   30.0000  -30.0000 2536.8047   11.6615
    0.0000   30.0000  -30.0000 2564.2354   11.5645
    7.5000   30.0000  -30.0000 2536.3848   11.5741
   -7.5000   37.5000  -30.0000 2526.3123   11.7444
    0.0000   37.5000  -30.0000 2555.8418   11.6619
    7.5000   37.5000  -30.0000 2526.2986   11.6614
   -7.5000   45.0000  -30.0000 2494.6182   12.0760
    0.0000   45.0000  -30.0000 2524.1099   11.9711
    7.5000   45.0000  -30.0000 2491.2012   12.0082
   -7.5000   52.5000  -30.0000 2420.0784   12.5968
    0.0000   52.5000  -30.0000 2450.6714   12.5078
    7.5000   52.5000  -30.0000 2418.1174   12.5438
   -7.5000  -37.5000  -22.5000 1794.0415   24.5570
    0.0000  -37.5000  -22.5000 1810.3726   24.1575
    7.5000  -37.5000  -22.5000 1809.4772   24.3057
   -7.5000  -30.0000  -22.5000 1910.7207   21.0669
    0.0000  -30.0000  -22.5000 1936.7968   20.8075
    7.5000  -30.0000  -22.5000 1927.6022   20.8988
   -7.5000  -22.5000  -22.5000 2044.4231   18.3984
    0.0000  -22.5000  -22.5000 2065.1409   18.1043
    7.5000  -22.5000  -22.5000 2051.1423   18.2128
   -7.5000  -15.0000  -22.5000 2196.5774   16.1911
    0.0000  -15.0000  -22.5000 2215.7766   15.9667
    7.5000  -15.0000  -22.5000 2195.3982   16.0683
   -7.5000   -7.5000  -22.5000 2343.2085   14.4122
    0.0000   -7.5000  -22.5000 2363.6221   14.2131
    7.5000   -7.5000  -22.5000 2337.1758   14.3066
   -7.5000    0.0000  -22.5000 2468.2673   13.0821
    0.0000    0.0000  -22.5000 2485.8662   12.9162
    7.5000    0.0000  -22.5000 2462.4546   12.9569
   -7.5000    7.5000  -22.5000 2549.4543   12.1853
    0.0000    7.5000  -22.5000 2572.1948   12.0515
    7.5000    7.5000  -22.5000 2553.5503   12.0575
   -7.5000   15.0000  -22.5000 2597.1577   11.5977
    0.0000   15.0000  -22.5000 2625.8313   11.4466
    7.5000   15.0000  -22.5000 2602.0591   11.4875
   -7.5000   22.5000  -22.5000 2647.4336   11.2413
    0.0000   22.5000  -22.5000 2674.9788   11.1181
    7.5000   22.5000  -22.5000 2640.9092   11.1525
   -7.5000   30.0000  -22.5000 2667.6921   11.0644
    0.0000   30.0000  -22.5000 2695.3030   10.9656
    7.5000   30.0000  -22.5000 2659.8599   10.9770
   -7.5000   37.5000  -22.5000 2660.9656   11.1312
    0.0000   37.5000  -22.5000 2694.9070   11.0497
    7.5000   37.5000  -22.5000 2652.5288   11.0648
   -7.5000   45.0000  -22.5000 2623.7544   11.4862
    0.0000   45.0000  -22.5000 2659.7009   11.3968
    7.5000   45.0000  -22.5000 2616.5388   11.4301
   -7.5000   52.5000  -22.5000 2543.9946   12.0017
    0.0000   52.5000  -22.5000 2578.1797   11.9189
    7.5000   52.5000  -22.5000 2535.9553   11.9704
   -7.5000  -37.5000  -15.0000 1832.7219   23.7883
    0.0000  -37.5000  -15.0000 1850.9323   23.3748
    7.5000  -37.5000  -15.0000 1845.0323   23.5311
   -7.5000  -30.0000  -15.0000 1962.0034   20.4004
    0.0000  -30.0000  -15.0000 1982.4332   20.0172
    7.5000  -30.0000  -15.0000 1970.0166   20.2066
   -7.5000  -22.5000  -15.0000 2099.8391   17.7278
    0.0000  -22.5000  -15.0000 2115.5557   17.3816
    7.5000  -22.5000  -15.0000 2104.1067   17.5670
   -7.5000  -15.0000  -15.0000 2250.2786   15.5352
    0.0000  -15.0000  -15.0000 2273.8992   15.2887
    7.5000  -15.0000  -15.0000 2246.9307   15.4259
   -7.5000   -7.5000  -15.0000 2390.3618   13.7559
    0.0000   -7.5000  -15.0000 2410.3699   13.5533
    7.5000   -7.5000  -15.0000 2389.6482   13.6752
   -7.5000    0.0000  -15.0000 2521.6899   12.4710
    0.0000    0.0000  -15.0000 2544.2097   12.2797
    7.5000    0.0000  -15.0000 2526.2507   12.3768
   -7.5000    7.5000  -15.0000 2619.6897   11.5786
    0.0000    7.5000  -15.0000 2644.1562   11.4105
    7.5000    7.5000  -15.0000 2622.3535   11.4778
   -7.5000   15.0000  -15.0000 2678.2666   10.9985
    0.0000   15.0000  -15.0000 2707.8145   10.8588
    7.5000   15.0000  -15.0000 2684.6226   10.9069
   -7.5000   22.5000  -15.0000 2735.7920   10.6359
    0.0000   22.5000  -15.0000 2767.7112   10.5100
    7.5000   22.5000  -15.0000 2730.2532   10.5616
   -7.5000   30.0000  -15.0000 2767.1775   10.4395
    0.0000   30.0000  -15.0000 2797.1616   10.3527
    7.5000   30.0000  -15.0000 2756.4822   10.3939
   -7.5000   37.5000  -15.0000 2764.7329   10.5274
    0.0000   37.5000  -15.0000 2803.4470   10.4295
    7.5000   37.5000  -15.0000 2757.3372   10.4921
   -7.5000   45.0000  -15.0000 2728.2151   10.8837
    0.0000   45.0000  -15.0000 2767.2732   10.8018
    7.5000   45.0000  -15.0000 2720.6938   10.8678
   -7.5000   52.5000  -15.0000 2636.2148   11.3936
    0.0000   52.5000  -15.0000 2668.8674   11.3093
    7.5000   52.5000  -15.0000 2626.7451   11.3986
   -7.5000  -37.5000   -7.5000 1862.1902   23.1712
    0.0000  -37.5000   -7.5000 1880.8252   22.7787
    7.5000  -37.5000   -7.5000 1871.9301   22.9733
   -7.5000  -30.0000   -7.5000 1997.6210   19.8657
    0.0000  -30.0000   -7.5000 2018.9076   19.5263
    7.5000  -30.0000   -7.5000 2008.8090   19.7885
   -7.5000  -22.5000   -7.5000 2137.8687   17.2371
    0.0000  -22.5000   -7.5000 2157.1055   16.9368
    7.5000  -22.5000   -7.5000 2141.3948   17.1404
   -7.5000  -15.0000   -7.5000 2280.0808   15.0116
    0.0000  -15.0000   -7.5000 2303.9583   14.7503
    7.5000  -15.0000   -7.5000 2278.5886   14.9125
   -7.5000   -7.5000   -7.5000 2420.6550   13.2422
    0.0000   -7.5000   -7.5000 2438.1377   13.0107
    7.5000   -7.5000   -7.5000 2420.5696   13.1821
   -7.5000    0.0000   -7.5000 2552.7805   11.9365
    0.0000    0.0000   -7.5000 2577.4978   11.7425
    7.5000    0.0000   -7.5000 2558.3237   11.8640
   -7.5000    7.5000   -7.5000 2668.3740   11.0571
    0.0000    7.5000   -7.5000 2694.0222   10.8779
    7.5000    7.5000   -7.5000 2666.8079   10.9824
   -7.5000   15.0000   -7.5000 2747.5789   10.4868
    0.0000   15.0000   -7.5000 2779.4292   10.3287
    7.5000   15.0000   -7.5000 2748.6282   10.4339
   -7.5000   22.5000   -7.5000 2810.2634   10.1161
    0.0000   22.5000   -7.5000 2848.1511    9.9687
    7.5000   22.5000   -7.5000 2808.3518   10.0755
   -7.5000   30.0000   -7.5000 2854.7549    9.9034
    0.0000   30.0000   -7.5000 2891.9954    9.7735
    7.5000   30.0000   -7.5000 2839.0886    9.8842
   -7.5000   37.5000   -7.5000 2856.9336    9.9813
    0.0000   37.5000   -7.5000 2893.7979    9.8640
    7.5000   37.5000   -7.5000 2841.0669    9.9822
   -7.5000   45.0000   -7.5000 2811.6880   10.3221
    0.0000   45.0000   -7.5000 2843.4753   10.2341
    7.5000   45.0000   -7.5000 2799.1953   10.3381
   -7.5000   52.5000   -7.5000 2702.9817   10.8129
    0.0000   52.5000   -7.5000 2731.3906   10.7290
    7.5000   52.5000   -7.5000 2694.5588   10.8386
   -7.5000  -37.5000    0.0000 1871.2019   22.7418
    0.0000  -37.5000    0.0000 1892.3341   22.3701
    7.5000  -37.5000    0.0000 1884.1307   22.7152
   -7.5000  -30.0000    0.0000 2015.9208   19.5798
    0.0000  -30.0000    0.0000 2037.6433   19.2542
    7.5000  -30.0000    0.0000 2025.2350   19.5514
   -7.5000  -22.5000    0.0000 2153.5579   16.9392
    0.0000  -22.5000    0.0000 2177.7656   16.6870
    7.5000  -22.5000    0.0000 2155.7563   16.8947
   -7.5000  -15.0000    0.0000 2295.1841   14.7249
    0.0000  -15.0000    0.0000 2319.3235   14.4792
    7.5000  -15.0000    0.0000 2292.9241   14.6998
   -7.5000   -7.5000    0.0000 2434.7102   12.9526
    0.0000   -7.5000    0.0000 2456.4248   12.7300
    7.5000   -7.5000    0.0000 2433.4551   12.9332
   -7.5000    0.0000    0.0000 2566.8091   11.6445
    0.0000    0.0000    0.0000 2593.6265   11.4394
    7.5000    0.0000    0.0000 2567.7690   11.6041
   -7.5000    7.5000    0.0000 2686.3213   10.7278
    0.0000    7.5000    0.0000 2717.2449   10.5340
    7.5000    7.5000    0.0000 2683.9648   10.7005
   -7.5000   15.0000    0.0000 2782.2024   10.1613
    0.0000   15.0000    0.0000 2814.5190    9.9656
    7.5000   15.0000    0.0000 2778.2542   10.1365
   -7.5000   22.5000    0.0000 2863.7273    9.8127
    0.0000   22.5000    0.0000 2907.8865    9.6280
    7.5000   22.5000    0.0000 2853.4614    9.7845
   -7.5000   30.0000    0.0000 2922.6003    9.5814
    0.0000   30.0000    0.0000 2971.3657    9.3701
    7.5000   30.0000    0.0000 2897.4106    9.5818
   -7.5000   37.5000    0.0000 2925.2817    9.6421
    0.0000   37.5000    0.0000 2960.6682    9.5000
    7.5000   37.5000    0.0000 2899.2610    9.6470
   -7.5000   45.0000    0.0000 2865.7087    9.9611
    0.0000   45.0000    0.0000 2891.8530    9.8538
    7.5000   45.0000    0.0000 2847.4272    9.9902
   -7.5000   52.5000    0.0000 2747.2537   10.4198
    0.0000   52.5000    0.0000 2771.4846   10.3255
    7.5000   52.5000    0.0000 2733.8828   10.4794
   -7.5000  -37.5000    7.5000 1866.0830   22.7643
    0.0000  -37.5000    7.5000 1888.3296   22.4237
    7.5000  -37.5000    7.5000 1878.0135   22.7603
   -7.5000  -30.0000    7.5000 2024.2526   19.5946
    0.0000  -30.0000    7.5000 2051.6440   19.2807
    7.5000  -30.0000    7.5000 2022.6368   19.5431
   -7.5000  -22.5000    7.5000 2168.7871   16.8915
    0.0000  -22.5000    7.5000 2192.5247   16.5972
    7.5000  -22.5000    7.5000 2159.3406   16.8240
   -7.5000  -15.0000    7.5000 2301.9111   14.6226
    0.0000  -15.0000    7.5000 2325.1772   14.3698
    7.5000  -15.0000    7.5000 2300.0383   14.6263
   -7.5000   -7.5000    7.5000 2436.5942   12.8626
    0.0000   -7.5000    7.5000 2461.0088   12.6355
    7.5000   -7.5000    7.5000 2434.4465   12.8632
   -7.5000    0.0000    7.5000 2568.4504   11.5744
    0.0000    0.0000    7.5000 2594.9995   11.3441
    7.5000    0.0000    7.5000 2565.3616   11.5234
   -7.5000    7.5000    7.5000 2692.9592   10.6366
    0.0000    7.5000    7.5000 2722.9775   10.4258
    7.5000    7.5000    7.5000 2686.2668   10.6239
   -7.5000   15.0000    7.5000 2793.9038   10.0348
    0.0000   15.0000    7.5000 2826.4561    9.8297
    7.5000   15.0000    7.5000 2786.1050   10.0432
   -7.5000   22.5000    7.5000 2890.6145    9.7161
    0.0000   22.5000    7.5000 2934.6821    9.5239
    7.5000   22.5000    7.5000 2872.3816    9.7161
   -7.5000   30.0000    7.5000 2968.2661    9.5327
    0.0000   30.0000    7.5000 3012.7773    9.3149
    7.5000   30.0000    7.5000 2928.6553    9.5753
   -7.5000   37.5000    7.5000 2977.5552    9.5591
    0.0000   37.5000    7.5000 3009.2974    9.3526
    7.5000   37.5000    7.5000 2934.4309    9.6226
   -7.5000   45.0000    7.5000 2894.1218    9.8903
    0.0000   45.0000    7.5000 2917.6370    9.7273
    7.5000   45.0000    7.5000 2874.1470    9.9118
   -7.5000   52.5000    7.5000 2762.9661   10.3633
    0.0000   52.5000    7.5000 2785.4995   10.2181
    7.5000   52.5000    7.5000 2753.1697   10.3612
   -7.5000  -37.5000   15.0000 1844.3192   23.0635
    0.0000  -37.5000   15.0000 1868.9143   22.6794
    7.5000  -37.5000   15.0000 1853.6626   23.0095
   -7.5000  -30.0000   15.0000 2007.2784   19.8145
    0.0000  -30.0000   15.0000 2032.3712   19.5284
    7.5000  -30.0000   15.0000 2007.4991   19.7289
   -7.5000  -22.5000   15.0000 2154.2114   17.0656
    0.0000  -22.5000   15.0000 2178.6523   16.8382
    7.5000  -22.5000   15.0000 2146.6904   17.0372
   -7.5000  -15.0000   15.0000 2293.5146   14.7644
    0.0000  -15.0000   15.0000 2318.3889   14.5655
    7.5000  -15.0000   15.0000 2289.5986   14.7945
   -7.5000   -7.5000   15.0000 2433.0793   12.9855
    0.0000   -7.5000   15.0000 2459.2874   12.7606
    7.5000   -7.5000   15.0000 2426.8796   12.9760
   -7.5000    0.0000   15.0000 2560.3196   11.6375
    0.0000    0.0000   15.0000 2587.3835   11.4129
    7.5000    0.0000   15.0000 2557.1519   11.6274
   -7.5000    7.5000   15.0000 2677.2405   10.7320
    0.0000    7.5000   15.0000 2707.7615   10.4944
    7.5000    7.5000   15.0000 2674.4531   10.7383
   -7.5000   15.0000   15.0000 2776.6372   10.1788
    0.0000   15.0000   15.0000 2809.4116    9.9436
    7.5000   15.0000   15.0000 2773.7949   10.1649
   -7.5000   22.5000   15.0000 2872.0039    9.8211
    0.0000   22.5000   15.0000 2913.5269    9.6280
    7.5000   22.5000   15.0000 2855.6113    9.8155
   -7.5000   30.0000   15.0000 2944.4707    9.6291
    0.0000   30.0000   15.0000 2975.8584    9.4580
    7.5000   30.0000   15.0000 2909.5000    9.6599
   -7.5000   37.5000   15.0000 2946.6948    9.7655
    0.0000   37.5000   15.0000 2975.3823    9.6274
    7.5000   37.5000   15.0000 2908.9651    9.7319
   -7.5000   45.0000   15.0000 2871.0469   10.0765
    0.0000   45.0000   15.0000 2898.9553    9.9430
    7.5000   45.0000   15.0000 2850.8994   10.0205
   -7.5000   52.5000   15.0000 2743.8247   10.5179
    0.0000   52.5000   15.0000 2770.7979   10.3735
    7.5000   52.5000   15.0000 2739.1492   10.4688
   -7.5000  -37.5000   22.5000 1817.9141   23.6651
    0.0000  -37.5000   22.5000 1836.0457   23.3774
    7.5000  -37.5000   22.5000 1818.3976   23.6771
   -7.5000  -30.0000   22.5000 1976.8044   20.2404
    0.0000  -30.0000   22.5000 1998.6764   19.9825
    7.5000  -30.0000   22.5000 1977.3245   20.2672
   -7.5000  -22.5000   22.5000 2127.8342   17.4071
    0.0000  -22.5000   22.5000 2150.4717   17.1644
    7.5000  -22.5000   22.5000 2126.4077   17.4639
   -7.5000  -15.0000   22.5000 2277.4001   15.0697
    0.0000  -15.0000   22.5000 2298.6685   14.8781
    7.5000  -15.0000   22.5000 2270.7026   15.1283
   -7.5000   -7.5000   22.5000 2418.1162   13.2617
    0.0000   -7.5000   22.5000 2443.5452   13.0937
    7.5000   -7.5000   22.5000 2409.0605   13.3291
   -7.5000    0.0000   22.5000 2546.1326   11.9959
    0.0000    0.0000   22.5000 2576.4087   11.8182
    7.5000    0.0000   22.5000 2538.5952   12.0280
   -7.5000    7.5000   22.5000 2663.0967   11.1461
    0.0000    7.5000   22.5000 2694.5640   10.9614
    7.5000    7.5000   22.5000 2651.0615   11.1297
   -7.5000   15.0000   22.5000 2758.7087   10.5927
    0.0000   15.0000   22.5000 2791.3787   10.4211
    7.5000   15.0000   22.5000 2743.1833   10.5447
   -7.5000   22.5000   22.5000 2835.3550   10.1852
    0.0000   22.5000   22.5000 2870.4656   10.0216
    7.5000   22.5000   22.5000 2814.6138   10.1738
   -7.5000   30.0000   22.5000 2881.6074    9.9589
    0.0000   30.0000   22.5000 2910.0259    9.8200
    7.5000   30.0000   22.5000 2859.7068    9.9391
   -7.5000   37.5000   22.5000 2884.9663   10.0871
    0.0000   37.5000   22.5000 2912.4458    9.9635
    7.5000   37.5000   22.5000 2857.2590   10.0246
   -7.5000   45.0000   22.5000 2818.4856   10.4263
    0.0000   45.0000   22.5000 2842.6858   10.3095
    7.5000   45.0000   22.5000 2803.7612   10.3544
   -7.5000   52.5000   22.5000 2694.9651   10.8618
    0.0000   52.5000   22.5000 2723.8069   10.7446
    7.5000   52.5000   22.5000 2691.5876   10.8068
   -7.5000  -37.5000   30.0000 1775.5708   24.6131
    0.0000  -37.5000   30.0000 1786.9564   24.3042
    7.5000  -37.5000   30.0000 1772.6677   24.5867
   -7.5000  -30.0000   30.0000 1933.6952   20.9790
    0.0000  -30.0000   30.0000 1951.0114   20.6837
    7.5000  -30.0000   30.0000 1933.9897   20.9899
   -7.5000  -22.5000   30.0000 2090.3833   18.0381
    0.0000  -22.5000   30.0000 2109.8071   17.8506
    7.5000  -22.5000   30.0000 2086.7925   18.1076
   -7.5000  -15.0000   30.0000 2244.3645   15.6488
    0.0000  -15.0000   30.0000 2264.0398   15.5457
    7.5000  -15.0000   30.0000 2235.4773   15.7452
   -7.5000   -7.5000   30.0000 2392.7683   13.8473
    0.0000   -7.5000   30.0000 2412.0623   13.7154
    7.5000   -7.5000   30.0000 2375.0674   13.9202
   -7.5000    0.0000   30.0000 2521.4045   12.5798
    0.0000    0.0000   30.0000 2549.8770   12.4589
    7.5000    0.0000   30.0000 2503.7805   12.6132
   -7.5000    7.5000   30.0000 2635.2639   11.7404
    0.0000    7.5000   30.0000 2665.0337   11.6117
    7.5000    7.5000   30.0000 2612.6504   11.7140
   -7.5000   15.0000   30.0000 2718.4709   11.1511
    0.0000   15.0000   30.0000 2751.2405   10.9980
    7.5000   15.0000   30.0000 2698.8167   11.1214
   -7.5000   22.5000   30.0000 2780.2402   10.6624
    0.0000   22.5000   30.0000 2813.0657   10.5087
    7.5000   22.5000   30.0000 2759.1392   10.6681
   -7.5000   30.0000   30.0000 2808.8674   10.4529
    0.0000   30.0000   30.0000 2833.8342   10.3245
    7.5000   30.0000   30.0000 2793.4087   10.4405
   -7.5000   37.5000   30.0000 2805.6157   10.5654
    0.0000   37.5000   30.0000 2831.9346   10.4467
    7.5000   37.5000   30.0000 2787.3862   10.5345
   -7.5000   45.0000   30.0000 2743.2251   10.9276
    0.0000   45.0000   30.0000 2765.6172   10.7925
    7.5000   45.0000   30.0000 2730.7163   10.8760
   -7.5000   52.5000   30.0000 2629.6477   11.3399
    0.0000   52.5000   30.0000 2651.7249   11.2161
    7.5000   52.5000   30.0000 2622.2671   11.2954
   -7.5000  -37.5000   37.5000 1736.5518   25.7115
    0.0000  -37.5000   37.5000 1746.3954   25.4542
    7.5000  -37.5000   37.5000 1731.9447   25.7752
   -7.5000  -30.0000   37.5000 1891.1404   21.9069
    0.0000  -30.0000   37.5000 1907.9446   21.7071
    7.5000  -30.0000   37.5000 1888.7023   21.9722
   -7.5000  -22.5000   37.5000 2045.7490   18.8634
    0.0000  -22.5000   37.5000 2059.8713   18.7304
    7.5000  -22.5000   37.5000 2037.8872   18.9793
   -7.5000  -15.0000   37.5000 2202.1997   16.4322
    0.0000  -15.0000   37.5000 2219.0520   16.3242
    7.5000  -15.0000   37.5000 2193.1836   16.5450
   -7.5000   -7.5000   37.5000 2355.2329   14.5716
    0.0000   -7.5000   37.5000 2374.8811   14.4735
    7.5000   -7.5000   37.5000 2336.4663   14.6422
   -7.5000    0.0000   37.5000 2479.1196   13.2978
    0.0000    0.0000   37.5000 2504.2771   13.1743
    7.5000    0.0000   37.5000 2458.4709   13.2989
   -7.5000    7.5000   37.5000 2587.6230   12.4257
    0.0000    7.5000   37.5000 2617.2800   12.3043
    7.5000    7.5000   37.5000 2563.3062   12.4060
   -7.5000   15.0000   37.5000 2657.7053   11.7727
    0.0000   15.0000   37.5000 2694.1123   11.6405
    7.5000   15.0000   37.5000 2636.3474   11.7657
   -7.5000   22.5000   37.5000 2710.0051   11.3094
    0.0000   22.5000   37.5000 2740.1643   11.1921
    7.5000   22.5000   37.5000 2691.4680   11.3150
   -7.5000   30.0000   37.5000 2727.3093   11.1057
    0.0000   30.0000   37.5000 2754.9951   10.9760
    7.5000   30.0000   37.5000 2716.8433   11.0995
   -7.5000   37.5000   37.5000 2715.7473   11.1836
    0.0000   37.5000   37.5000 2743.0981   11.0701
    7.5000   37.5000   37.5000 2703.9990   11.1786
   -7.5000   45.0000   37.5000 2655.3599   11.5414
    0.0000   45.0000   37.5000 2677.2405   11.4210
    7.5000   45.0000   37.5000 2644.8494   11.5149
   -7.5000   52.5000   37.5000 2548.0388   11.9765
    0.0000   52.5000   37.5000 2567.8215   11.8525
    7.5000   52.5000   37.5000 2539.9890   11.9493
   -7.5000  -37.5000   45.0000 1694.4752   27.2305
    0.0000  -37.5000   45.0000 1702.8242   27.0363
    7.5000  -37.5000   45.0000 1686.5719   27.3491
   -7.5000  -30.0000   45.0000 1846.4291   23.1554
    0.0000  -30.0000   45.0000 1859.1095   22.9716
    7.5000  -30.0000   45.0000 1836.8115   23.2465
   -7.5000  -22.5000   45.0000 1998.7324   19.9215
    0.0000  -22.5000   45.0000 2011.5128   19.7779
    7.5000  -22.5000   45.0000 1989.6826   20.0819
   -7.5000  -15.0000   45.0000 2153.8733   17.4281
    0.0000  -15.0000   45.0000 2170.1433   17.2954
    7.5000  -15.0000   45.0000 2142.1504   17.4984
   -7.5000   -7.5000   45.0000 2301.1572   15.5071
    0.0000   -7.5000   45.0000 2320.7063   15.4047
    7.5000   -7.5000   45.0000 2282.0488   15.5360
   -7.5000    0.0000   45.0000 2421.0376   14.1708
    0.0000    0.0000   45.0000 2442.0066   14.0531
    7.5000    0.0000   45.0000 2401.2312   14.1639
   -7.5000    7.5000   45.0000 2516.5645   13.2555
    0.0000    7.5000   45.0000 2545.4824   13.1354
    7.5000    7.5000   45.0000 2497.1174   13.2428
   -7.5000   15.0000   45.0000 2579.7695   12.5945
    0.0000   15.0000   45.0000 2611.1958   12.4501
    7.5000   15.0000   45.0000 2562.1147   12.5733
   -7.5000   22.5000   45.0000 2620.1045   12.1100
    0.0000   22.5000   45.0000 2648.4297   11.9994
    7.5000   22.5000   45.0000 2609.5674   12.1101
   -7.5000   30.0000   45.0000 2625.6777   11.9176
    0.0000   30.0000   45.0000 2656.8037   11.7862
    7.5000   30.0000   45.0000 2624.7800   11.9086
   -7.5000   37.5000   45.0000 2615.2681   11.9587
    0.0000   37.5000   45.0000 2639.4961   11.8573
    7.5000   37.5000   45.0000 2607.1443   11.9499
   -7.5000   45.0000   45.0000 2569.5735   12.2947
    0.0000   45.0000   45.0000 2586.8782   12.1866
    7.5000   45.0000   45.0000 2555.5452   12.2873
   -7.5000   52.5000   45.0000 2467.7739   12.7257
    0.0000   52.5000   45.0000 2483.2312   12.6143
    7.5000   52.5000   45.0000 2455.7712   12.7195

---------------------------------------------------------------------
imgreg_4dfp /opt/freesurfer/average/711-2C_as_mni_average_305 /opt/freesurfer/average/711-2B_as_mni_average_305_mask talsrcimg_g11 none talsrcimg_to_711-2C_as_mni_average_305_t4 1283
---------------------------------------------------------------------

freesurfer imgreg_4dfp.c
/opt/freesurfer/average/711-2C_as_mni_average_305.4dfp.img
       256       256       256         1
  1.000000  1.000000  1.000000
orientation T byte_order littleendian
Reading image: /opt/freesurfer/average/711-2C_as_mni_average_305.4dfp.img
dimensions:      256       256       256
mmppix:       1.0000   -1.0000   -1.0000
center:     128.0000 -129.0000 -129.0000
/opt/freesurfer/average/711-2B_as_mni_average_305_mask.4dfp.img
       256       256       256         1
  1.000000  1.000000  1.000000
orientation T byte_order littleendian
Reading mask: /opt/freesurfer/average/711-2B_as_mni_average_305_mask.4dfp.img (2306576 pixels)
talsrcimg_g11.4dfp.img
       256       256       256         1
  1.000000  1.000000  1.000000
orientation T byte_order littleendian
Reading image: talsrcimg_g11.4dfp.img
dimensions:      256       256       256
mmppix:       1.0000   -1.0000   -1.0000
center:     128.0000 -129.0000 -129.0000
rotation matrix determinant  1.000000
fimgreg.f
image alignment mode   1283 decimal      503 hex
parameters
    0.0000   30.0000    7.5000    0.0000    0.0000    0.0000
eta,q 0.94642  9.26650
niter,ni,del,rscale     5    3   12.0000    1.2000
parameter  2 -0.756276 -> -0.500000 qaram    1.1500
parameter  5 -0.622983 -> -0.500000 qaram    1.1500
parameters
   -0.9968   33.4500    7.5876   -0.3756    3.4500   -2.1157
eta,q 0.95235  9.23003
  0.0632  0.0736  0.0611  0.0580  0.0607  0.0499
  0.0584  0.0682  0.0565  0.0534  0.0564  0.0483
  0.0560  0.0625  0.0529  0.0508  0.0532  0.0476
  0.0559  0.0558  0.0516  0.0516  0.0514  0.0480
  0.0574  0.0526  0.0527  0.0539  0.0491  0.0501
  0.0629  0.0520  0.0561  0.0556  0.0480  0.0541
  0.0723  0.0536  0.0606  0.0581  0.0502  0.0577
niter,ni,del,rscale     6    3   12.0000    1.2000
parameters
   -2.1660   33.7356    7.8668   -0.6638    3.4575   -2.1399
eta,q 0.95254  9.22530
  0.0565  0.0659  0.0594  0.0548  0.0566  0.0530
  0.0515  0.0586  0.0547  0.0506  0.0523  0.0504
  0.0483  0.0504  0.0498  0.0474  0.0493  0.0485
  0.0477  0.0476  0.0477  0.0477  0.0475  0.0475
  0.0511  0.0500  0.0489  0.0496  0.0481  0.0475
  0.0586  0.0560  0.0524  0.0519  0.0525  0.0497
  0.0683  0.0634  0.0581  0.0555  0.0568  0.0539
niter,ni,del,rscale     5    3   12.0000    1.2000
parameters
   -2.2664   33.9010    7.8759   -0.7598    3.4861   -2.1083
eta,q 0.95256  9.22462
  0.0602  0.0656  0.0584  0.0554  0.0566  0.0531
  0.0539  0.0583  0.0536  0.0510  0.0523  0.0505
  0.0496  0.0502  0.0491  0.0475  0.0493  0.0485
  0.0475  0.0475  0.0475  0.0475  0.0475  0.0475
  0.0483  0.0503  0.0490  0.0495  0.0480  0.0474
  0.0536  0.0566  0.0529  0.0516  0.0524  0.0496
  0.0623  0.0642  0.0588  0.0551  0.0567  0.0538
niter,ni,del,rscale     4    3   12.0000    1.2000
parameters
   -2.2679   33.9589    7.8629   -0.7958    3.4845   -2.0987
eta,q 0.95257  9.22457
  0.0606  0.0653  0.0582  0.0555  0.0565  0.0530
  0.0542  0.0579  0.0535  0.0511  0.0522  0.0505
  0.0498  0.0499  0.0490  0.0475  0.0492  0.0485
  0.0474  0.0474  0.0475  0.0475  0.0474  0.0474
  0.0481  0.0506  0.0490  0.0494  0.0480  0.0474
  0.0532  0.0571  0.0528  0.0515  0.0525  0.0496
  0.0618  0.0647  0.0588  0.0549  0.0567  0.0539
registration optimization eta report
parameter search radius
    6.0000    6.9000    6.0000    6.0000    6.9000    6.0000
100000*second partial in parameter space
       38.       36.       30.       21.       19.       17.
  0.0606  0.0653  0.0582  0.0555  0.0565  0.0530
  0.0542  0.0579  0.0535  0.0511  0.0522  0.0505
  0.0498  0.0499  0.0490  0.0475  0.0492  0.0485
  0.0474  0.0474  0.0475  0.0475  0.0474  0.0474
  0.0481  0.0506  0.0490  0.0494  0.0480  0.0474
  0.0532  0.0571  0.0528  0.0515  0.0525  0.0496
  0.0618  0.0647  0.0588  0.0549  0.0567  0.0539
   -2.2679   33.9589    7.8629   -0.7958    3.4845   -2.0987
eta,q 0.95257  9.22457

---------------------------------------------------------------------
imgreg_4dfp /opt/freesurfer/average/711-2C_as_mni_average_305 /opt/freesurfer/average/711-2B_as_mni_average_305_mask talsrcimg_g11 none talsrcimg_to_711-2C_as_mni_average_305_t4 3335
---------------------------------------------------------------------

freesurfer imgreg_4dfp.c
/opt/freesurfer/average/711-2C_as_mni_average_305.4dfp.img
       256       256       256         1
  1.000000  1.000000  1.000000
orientation T byte_order littleendian
Reading image: /opt/freesurfer/average/711-2C_as_mni_average_305.4dfp.img
dimensions:      256       256       256
mmppix:       1.0000   -1.0000   -1.0000
center:     128.0000 -129.0000 -129.0000
/opt/freesurfer/average/711-2B_as_mni_average_305_mask.4dfp.img
       256       256       256         1
  1.000000  1.000000  1.000000
orientation T byte_order littleendian
Reading mask: /opt/freesurfer/average/711-2B_as_mni_average_305_mask.4dfp.img (2306576 pixels)
talsrcimg_g11.4dfp.img
       256       256       256         1
  1.000000  1.000000  1.000000
orientation T byte_order littleendian
Reading image: talsrcimg_g11.4dfp.img
dimensions:      256       256       256
mmppix:       1.0000   -1.0000   -1.0000
center:     128.0000 -129.0000 -129.0000
fimgreg.f
image alignment mode   3335 decimal      D07 hex
parameters
   -2.2679   33.9589    7.8629   -0.2518   -0.0798   -0.1945
    3.7461   -6.0223   -3.6553    1.6105    6.0778   -1.3863
eta,q 0.95259  9.22660
niter,ni,del,rscale     5    3    5.0000    1.2000
parameter  4  5.657550 ->  0.500000 qaram    1.1500
parameter  5  3.643325 ->  0.500000 qaram    1.1500
parameter  6  0.887021 ->  0.500000 qaram    1.1500
parameter 10  0.515880 ->  0.500000 qaram    1.1500
parameter 12  0.513507 ->  0.500000 qaram    1.1500
parameters
   -2.2641   34.0193    7.9906   -4.3918   -4.2198   -4.3345
    2.7237   -3.9650   -1.3486   -2.5295    4.2770   -5.5263
eta,q 0.97130  8.91982
  0.0499  0.0491  0.0492  0.0363  0.0319  0.0317  0.0341  0.0402  0.0344  0.0306  0.0303  0.0292
  0.0486  0.0481  0.0483  0.0394  0.0340  0.0314  0.0324  0.0365  0.0329  0.0295  0.0296  0.0287
  0.0477  0.0476  0.0477  0.0433  0.0370  0.0323  0.0315  0.0335  0.0316  0.0294  0.0292  0.0287
  0.0474  0.0474  0.0474  0.0474  0.0404  0.0347  0.0315  0.0314  0.0308  0.0305  0.0293  0.0292
  0.0477  0.0475  0.0475  0.0517  0.0439  0.0380  0.0324  0.0308  0.0305  0.0327  0.0299  0.0301
  0.0485  0.0480  0.0481  0.0560  0.0475  0.0417  0.0339  0.0317  0.0309  0.0356  0.0309  0.0315
  0.0499  0.0489  0.0489  0.0606  0.0515  0.0460  0.0359  0.0342  0.0317  0.0388  0.0323  0.0332
niter,ni,del,rscale     7    3    5.0000    1.2000
parameter  4  0.820542 ->  0.500000 qaram    1.3225
parameter  5  0.708431 ->  0.500000 qaram    1.3225
parameters
   -2.5150   34.3372    8.0929   -9.1528   -8.9808   -4.3580
    2.9934   -3.8444   -0.9666   -1.0296    4.0556   -4.8514
eta,q 0.97786  8.72296
  0.0325  0.0328  0.0314  0.0253  0.0229  0.0285  0.0270  0.0299  0.0255  0.0299  0.0241  0.0246
  0.0302  0.0307  0.0299  0.0245  0.0224  0.0264  0.0246  0.0263  0.0239  0.0265  0.0231  0.0235
  0.0289  0.0293  0.0290  0.0255  0.0230  0.0245  0.0231  0.0236  0.0229  0.0239  0.0224  0.0226
  0.0287  0.0286  0.0286  0.0286  0.0246  0.0225  0.0225  0.0225  0.0225  0.0225  0.0222  0.0222
  0.0296  0.0287  0.0288  0.0333  0.0271  0.0223  0.0229  0.0233  0.0227  0.0223  0.0225  0.0222
  0.0316  0.0296  0.0297  0.0385  0.0307  0.0256  0.0242  0.0259  0.0235  0.0236  0.0232  0.0229
  0.0344  0.0311  0.0310  0.0441  0.0347  0.0299  0.0264  0.0296  0.0249  0.0261  0.0244  0.0240
niter,ni,del,rscale     7    3    5.0000    1.2000
parameters
   -2.3964   34.9743    8.0555  -10.8486  -10.0098   -4.1580
    3.1037   -3.8224   -0.8304   -0.5599    3.9500   -5.2155
eta,q 0.97802  8.64306
  0.0282  0.0276  0.0244  0.0265  0.0264  0.0280  0.0261  0.0289  0.0247  0.0280  0.0237  0.0238
  0.0250  0.0251  0.0230  0.0245  0.0242  0.0260  0.0239  0.0255  0.0233  0.0249  0.0228  0.0228
  0.0229  0.0232  0.0221  0.0228  0.0226  0.0242  0.0225  0.0229  0.0224  0.0229  0.0222  0.0222
  0.0221  0.0221  0.0219  0.0219  0.0221  0.0221  0.0220  0.0220  0.0220  0.0220  0.0220  0.0220
  0.0226  0.0219  0.0222  0.0233  0.0232  0.0216  0.0225  0.0229  0.0223  0.0225  0.0222  0.0222
  0.0243  0.0225  0.0231  0.0274  0.0255  0.0247  0.0238  0.0253  0.0232  0.0242  0.0228  0.0230
  0.0270  0.0238  0.0245  0.0328  0.0291  0.0288  0.0258  0.0289  0.0245  0.0268  0.0238  0.0242
niter,ni,del,rscale     6    3    5.0000    1.2000
parameters
   -2.3167   35.2027    8.0163  -11.0843  -10.2153   -4.1317
    3.0846   -3.7768   -0.8239   -0.2675    3.9048   -5.4568
eta,q 0.97798  8.62747
  0.0273  0.0262  0.0243  0.0275  0.0269  0.0278  0.0259  0.0288  0.0245  0.0277  0.0237  0.0238
  0.0245  0.0240  0.0230  0.0253  0.0247  0.0259  0.0238  0.0255  0.0232  0.0247  0.0228  0.0228
  0.0227  0.0226  0.0222  0.0235  0.0229  0.0241  0.0224  0.0230  0.0223  0.0228  0.0222  0.0222
  0.0220  0.0220  0.0220  0.0220  0.0220  0.0220  0.0220  0.0220  0.0220  0.0220  0.0220  0.0220
  0.0225  0.0222  0.0223  0.0220  0.0227  0.0217  0.0225  0.0229  0.0223  0.0226  0.0222  0.0223
  0.0241  0.0232  0.0231  0.0246  0.0246  0.0249  0.0239  0.0253  0.0232  0.0243  0.0228  0.0229
  0.0266  0.0248  0.0244  0.0295  0.0277  0.0291  0.0258  0.0287  0.0245  0.0269  0.0237  0.0241
niter,ni,del,rscale     5    3    5.0000    1.2000
parameters
   -2.2932   35.2866    7.9854  -11.0927  -10.2638   -4.1320
    3.0852   -3.7542   -0.8303   -0.1334    3.8983   -5.5817
eta,q 0.97797  8.62484
  0.0270  0.0257  0.0243  0.0276  0.0270  0.0278  0.0259  0.0288  0.0245  0.0274  0.0237  0.0238
  0.0243  0.0237  0.0230  0.0254  0.0248  0.0259  0.0238  0.0254  0.0232  0.0245  0.0228  0.0229
  0.0226  0.0225  0.0222  0.0236  0.0229  0.0240  0.0224  0.0230  0.0223  0.0227  0.0222  0.0223
  0.0220  0.0220  0.0220  0.0220  0.0220  0.0220  0.0220  0.0220  0.0220  0.0220  0.0220  0.0220
  0.0226  0.0224  0.0223  0.0219  0.0226  0.0218  0.0225  0.0229  0.0223  0.0227  0.0222  0.0222
  0.0242  0.0235  0.0231  0.0243  0.0244  0.0250  0.0238  0.0253  0.0232  0.0244  0.0228  0.0229
  0.0268  0.0252  0.0244  0.0290  0.0275  0.0291  0.0258  0.0287  0.0245  0.0270  0.0237  0.0240
niter,ni,del,rscale     4    3    5.0000    1.2000
parameters
   -2.2890   35.3184    7.9690  -11.0879  -10.2736   -4.1351
    3.0913   -3.7463   -0.8384   -0.0742    3.8948   -5.6272
eta,q 0.97797  8.62439
  0.0269  0.0256  0.0244  0.0276  0.0270  0.0278  0.0259  0.0287  0.0245  0.0273  0.0237  0.0239
  0.0242  0.0236  0.0230  0.0254  0.0248  0.0259  0.0238  0.0254  0.0232  0.0245  0.0228  0.0229
  0.0226  0.0224  0.0223  0.0236  0.0229  0.0240  0.0224  0.0229  0.0223  0.0227  0.0222  0.0223
  0.0220  0.0220  0.0220  0.0220  0.0220  0.0220  0.0220  0.0220  0.0220  0.0220  0.0220  0.0220
  0.0226  0.0225  0.0223  0.0219  0.0226  0.0218  0.0225  0.0229  0.0224  0.0227  0.0222  0.0222
  0.0243  0.0236  0.0231  0.0243  0.0244  0.0250  0.0238  0.0253  0.0232  0.0244  0.0228  0.0229
  0.0269  0.0253  0.0244  0.0290  0.0275  0.0291  0.0258  0.0288  0.0245  0.0271  0.0237  0.0240
niter,ni,del,rscale     3    3    5.0000    1.2000
parameters
   -2.2880   35.3304    7.9626  -11.0890  -10.2803   -4.1328
    3.0937   -3.7440   -0.8377   -0.0524    3.8936   -5.6514
eta,q 0.97797  8.62407
  0.0269  0.0255  0.0244  0.0276  0.0270  0.0278  0.0259  0.0287  0.0245  0.0273  0.0237  0.0239
  0.0242  0.0236  0.0231  0.0254  0.0248  0.0259  0.0238  0.0254  0.0232  0.0244  0.0228  0.0229
  0.0226  0.0224  0.0223  0.0236  0.0230  0.0241  0.0224  0.0229  0.0223  0.0226  0.0222  0.0223
  0.0220  0.0220  0.0220  0.0220  0.0220  0.0220  0.0220  0.0220  0.0220  0.0220  0.0220  0.0220
  0.0226  0.0225  0.0223  0.0219  0.0226  0.0218  0.0225  0.0229  0.0224  0.0228  0.0222  0.0222
  0.0243  0.0236  0.0231  0.0243  0.0244  0.0250  0.0238  0.0253  0.0232  0.0245  0.0228  0.0229
  0.0269  0.0253  0.0243  0.0290  0.0274  0.0291  0.0258  0.0288  0.0244  0.0271  0.0237  0.0240
registration optimization eta report
parameter search radius
    2.4000    2.4000    2.4000    9.5220    9.5220    8.2800
    7.2000    7.2000    7.2000    8.2800    7.2000    8.2800
100000*second partial in parameter space
       84.       59.       40.        7.        6.        9.
        7.       13.        5.        7.        3.        3.
  0.0269  0.0255  0.0244  0.0276  0.0270  0.0278  0.0259  0.0287  0.0245  0.0273  0.0237  0.0239
  0.0242  0.0236  0.0231  0.0254  0.0248  0.0259  0.0238  0.0254  0.0232  0.0244  0.0228  0.0229
  0.0226  0.0224  0.0223  0.0236  0.0230  0.0241  0.0224  0.0229  0.0223  0.0226  0.0222  0.0223
  0.0220  0.0220  0.0220  0.0220  0.0220  0.0220  0.0220  0.0220  0.0220  0.0220  0.0220  0.0220
  0.0226  0.0225  0.0223  0.0219  0.0226  0.0218  0.0225  0.0229  0.0224  0.0228  0.0222  0.0222
  0.0243  0.0236  0.0231  0.0243  0.0244  0.0250  0.0238  0.0253  0.0232  0.0245  0.0228  0.0229
  0.0269  0.0253  0.0243  0.0290  0.0274  0.0291  0.0258  0.0288  0.0244  0.0271  0.0237  0.0240
   -2.2880   35.3304    7.9626  -11.0890  -10.2803   -4.1328
    3.0937   -3.7440   -0.8377   -0.0524    3.8936   -5.6514
eta,q 0.97797  8.62407

---------------------------------------------------------------------
imgreg_4dfp /opt/freesurfer/average/711-2C_as_mni_average_305 /opt/freesurfer/average/711-2B_as_mni_average_305_mask talsrcimg_g11 none talsrcimg_to_711-2C_as_mni_average_305_t4 2311
---------------------------------------------------------------------

freesurfer imgreg_4dfp.c
/opt/freesurfer/average/711-2C_as_mni_average_305.4dfp.img
       256       256       256         1
  1.000000  1.000000  1.000000
orientation T byte_order littleendian
Reading image: /opt/freesurfer/average/711-2C_as_mni_average_305.4dfp.img
dimensions:      256       256       256
mmppix:       1.0000   -1.0000   -1.0000
center:     128.0000 -129.0000 -129.0000
/opt/freesurfer/average/711-2B_as_mni_average_305_mask.4dfp.img
       256       256       256         1
  1.000000  1.000000  1.000000
orientation T byte_order littleendian
Reading mask: /opt/freesurfer/average/711-2B_as_mni_average_305_mask.4dfp.img (2306576 pixels)
talsrcimg_g11.4dfp.img
       256       256       256         1
  1.000000  1.000000  1.000000
orientation T byte_order littleendian
Reading image: talsrcimg_g11.4dfp.img
dimensions:      256       256       256
mmppix:       1.0000   -1.0000   -1.0000
center:     128.0000 -129.0000 -129.0000
fimgreg.f
image alignment mode   2311 decimal      907 hex
parameters
   -2.2880   35.3304    7.9626  -11.0890  -10.2803   -4.1328
    3.0937   -3.7440   -0.8377   -0.0524    3.8936   -5.6514
eta,q 0.97797  8.62408
niter,ni,del,rscale     5    3    5.0000    0.8000
parameters
   -2.2949   35.3039    7.9342   -9.5032  -10.1242   -3.4932
    2.9042   -3.6173   -0.9313   -0.1543    3.9522   -5.9555
eta,q 0.97855  8.68144
  0.0242  0.0236  0.0231  0.0245  0.0234  0.0251  0.0233  0.0255  0.0227  0.0235  0.0225  0.0221
  0.0230  0.0227  0.0225  0.0236  0.0225  0.0240  0.0222  0.0235  0.0220  0.0224  0.0220  0.0217
  0.0223  0.0222  0.0221  0.0227  0.0219  0.0227  0.0216  0.0220  0.0216  0.0217  0.0216  0.0215
  0.0220  0.0220  0.0220  0.0220  0.0217  0.0217  0.0215  0.0215  0.0215  0.0214  0.0214  0.0214
  0.0223  0.0223  0.0222  0.0217  0.0218  0.0214  0.0217  0.0218  0.0216  0.0218  0.0216  0.0216
  0.0230  0.0228  0.0225  0.0219  0.0224  0.0222  0.0225  0.0231  0.0221  0.0225  0.0219  0.0219
  0.0243  0.0236  0.0231  0.0227  0.0232  0.0243  0.0235  0.0252  0.0227  0.0236  0.0225  0.0223
niter,ni,del,rscale     4    3    5.0000    0.7000
parameters
   -2.3784   35.2081    8.1654   -9.6926  -10.0959   -3.0759
    2.9588   -3.6866   -0.9268   -0.2578    3.9232   -5.8832
eta,q 0.97871  8.68871
  0.0231  0.0225  0.0227  0.0230  0.0227  0.0244  0.0229  0.0243  0.0223  0.0229  0.0221  0.0219
  0.0221  0.0219  0.0221  0.0223  0.0221  0.0233  0.0220  0.0227  0.0217  0.0220  0.0217  0.0216
  0.0216  0.0215  0.0216  0.0217  0.0216  0.0222  0.0215  0.0216  0.0214  0.0215  0.0214  0.0214
  0.0214  0.0214  0.0214  0.0214  0.0214  0.0214  0.0213  0.0213  0.0213  0.0213  0.0213  0.0213
  0.0218  0.0217  0.0214  0.0216  0.0216  0.0213  0.0215  0.0217  0.0214  0.0215  0.0214  0.0214
  0.0225  0.0221  0.0217  0.0223  0.0220  0.0221  0.0220  0.0228  0.0217  0.0221  0.0217  0.0216
  0.0236  0.0229  0.0221  0.0235  0.0227  0.0239  0.0228  0.0245  0.0223  0.0230  0.0222  0.0219
niter,ni,del,rscale     3    3    5.0000    0.6000
parameters
   -2.4032   35.1647    8.2947   -9.7213  -10.1488   -2.8323
    2.9531   -3.7017   -0.9064   -0.3495    3.9177   -5.8451
eta,q 0.97876  8.69170
  0.0227  0.0222  0.0222  0.0226  0.0222  0.0237  0.0224  0.0236  0.0220  0.0224  0.0219  0.0217
  0.0219  0.0217  0.0217  0.0220  0.0217  0.0227  0.0217  0.0223  0.0216  0.0218  0.0215  0.0215
  0.0214  0.0214  0.0214  0.0215  0.0214  0.0218  0.0214  0.0215  0.0213  0.0214  0.0213  0.0213
  0.0213  0.0213  0.0213  0.0213  0.0213  0.0213  0.0212  0.0212  0.0212  0.0212  0.0212  0.0212
  0.0215  0.0214  0.0213  0.0214  0.0214  0.0213  0.0214  0.0215  0.0213  0.0214  0.0213  0.0213
  0.0220  0.0218  0.0215  0.0219  0.0218  0.0219  0.0217  0.0223  0.0216  0.0219  0.0215  0.0214
  0.0228  0.0223  0.0219  0.0228  0.0223  0.0234  0.0224  0.0236  0.0220  0.0226  0.0219  0.0217
niter,ni,del,rscale     2    3    5.0000    0.5000
parameters
   -2.4160   35.1338    8.3670   -9.7077  -10.1887   -2.6515
    2.9393   -3.7045   -0.8976   -0.4233    3.9237   -5.8140
eta,q 0.97879  8.69408
  0.0222  0.0219  0.0218  0.0222  0.0219  0.0230  0.0220  0.0229  0.0217  0.0221  0.0217  0.0216
  0.0217  0.0215  0.0215  0.0217  0.0215  0.0222  0.0216  0.0220  0.0214  0.0216  0.0214  0.0214
  0.0213  0.0213  0.0213  0.0214  0.0213  0.0216  0.0213  0.0214  0.0213  0.0213  0.0213  0.0213
  0.0212  0.0212  0.0212  0.0212  0.0212  0.0212  0.0212  0.0212  0.0212  0.0212  0.0212  0.0212
  0.0214  0.0213  0.0213  0.0213  0.0213  0.0212  0.0213  0.0214  0.0213  0.0213  0.0213  0.0212
  0.0217  0.0216  0.0214  0.0217  0.0216  0.0218  0.0216  0.0220  0.0214  0.0216  0.0214  0.0214
  0.0223  0.0219  0.0217  0.0222  0.0220  0.0228  0.0220  0.0229  0.0217  0.0222  0.0217  0.0215
niter,ni,del,rscale     1    3    5.0000    0.4000
parameters
   -2.4259   35.1166    8.4218   -9.6909  -10.2260   -2.5060
    2.9287   -3.7088   -0.8946   -0.4643    3.9337   -5.8205
eta,q 0.97881  8.69590
  0.0218  0.0216  0.0216  0.0219  0.0217  0.0224  0.0217  0.0223  0.0215  0.0218  0.0215  0.0214
  0.0215  0.0214  0.0214  0.0215  0.0214  0.0219  0.0214  0.0217  0.0213  0.0214  0.0213  0.0213
  0.0213  0.0213  0.0213  0.0213  0.0213  0.0214  0.0213  0.0213  0.0212  0.0213  0.0212  0.0212
  0.0212  0.0212  0.0212  0.0212  0.0212  0.0212  0.0212  0.0212  0.0212  0.0212  0.0212  0.0212
  0.0213  0.0213  0.0212  0.0213  0.0213  0.0212  0.0213  0.0213  0.0212  0.0213  0.0212  0.0212
  0.0215  0.0214  0.0213  0.0215  0.0214  0.0216  0.0214  0.0217  0.0213  0.0215  0.0213  0.0213
  0.0219  0.0216  0.0215  0.0219  0.0217  0.0223  0.0217  0.0223  0.0215  0.0218  0.0215  0.0214
registration optimization eta report
parameter search radius
    0.8000    0.8000    0.8000    2.4000    2.4000    2.4000
    2.4000    2.4000    2.4000    2.4000    2.4000    2.4000
100000*second partial in parameter space
      101.       66.       53.       11.        8.       20.
        9.       19.        6.       10.        5.        4.
  0.0218  0.0216  0.0216  0.0219  0.0217  0.0224  0.0217  0.0223  0.0215  0.0218  0.0215  0.0214
  0.0215  0.0214  0.0214  0.0215  0.0214  0.0219  0.0214  0.0217  0.0213  0.0214  0.0213  0.0213
  0.0213  0.0213  0.0213  0.0213  0.0213  0.0214  0.0213  0.0213  0.0212  0.0213  0.0212  0.0212
  0.0212  0.0212  0.0212  0.0212  0.0212  0.0212  0.0212  0.0212  0.0212  0.0212  0.0212  0.0212
  0.0213  0.0213  0.0212  0.0213  0.0213  0.0212  0.0213  0.0213  0.0212  0.0213  0.0212  0.0212
  0.0215  0.0214  0.0213  0.0215  0.0214  0.0216  0.0214  0.0217  0.0213  0.0215  0.0213  0.0213
  0.0219  0.0216  0.0215  0.0219  0.0217  0.0223  0.0217  0.0223  0.0215  0.0218  0.0215  0.0214
   -2.4259   35.1166    8.4218   -9.6909  -10.2260   -2.5060
    2.9287   -3.7088   -0.8946   -0.4643    3.9337   -5.8205
eta,q 0.97881  8.69590

---------------------------------------------------------------------
imgreg_4dfp /opt/freesurfer/average/711-2C_as_mni_average_305 /opt/freesurfer/average/711-2B_as_mni_average_305_mask talsrcimg_g11 none talsrcimg_to_711-2C_as_mni_average_305_t4 2311
---------------------------------------------------------------------

freesurfer imgreg_4dfp.c
/opt/freesurfer/average/711-2C_as_mni_average_305.4dfp.img
       256       256       256         1
  1.000000  1.000000  1.000000
orientation T byte_order littleendian
Reading image: /opt/freesurfer/average/711-2C_as_mni_average_305.4dfp.img
dimensions:      256       256       256
mmppix:       1.0000   -1.0000   -1.0000
center:     128.0000 -129.0000 -129.0000
/opt/freesurfer/average/711-2B_as_mni_average_305_mask.4dfp.img
       256       256       256         1
  1.000000  1.000000  1.000000
orientation T byte_order littleendian
Reading mask: /opt/freesurfer/average/711-2B_as_mni_average_305_mask.4dfp.img (2306576 pixels)
talsrcimg_g11.4dfp.img
       256       256       256         1
  1.000000  1.000000  1.000000
orientation T byte_order littleendian
Reading image: talsrcimg_g11.4dfp.img
dimensions:      256       256       256
mmppix:       1.0000   -1.0000   -1.0000
center:     128.0000 -129.0000 -129.0000
fimgreg.f
image alignment mode   2311 decimal      907 hex
parameters
   -2.4259   35.1166    8.4218   -9.6909  -10.2260   -2.5060
    2.9287   -3.7088   -0.8946   -0.4643    3.9337   -5.8205
eta,q 0.97881  8.69591
niter,ni,del,rscale     5    3    5.0000    0.8000
parameters
   -2.4185   35.1244    8.4751  -10.0692  -10.2468   -2.8384
    2.9887   -3.7766   -0.8814   -0.4303    3.8901   -5.6650
eta,q 0.97872  8.68311
  0.0238  0.0229  0.0227  0.0231  0.0229  0.0243  0.0233  0.0250  0.0225  0.0234  0.0223  0.0221
  0.0223  0.0219  0.0219  0.0222  0.0220  0.0231  0.0222  0.0231  0.0218  0.0223  0.0218  0.0217
  0.0215  0.0214  0.0214  0.0215  0.0214  0.0219  0.0215  0.0217  0.0214  0.0215  0.0214  0.0214
  0.0212  0.0212  0.0212  0.0212  0.0212  0.0212  0.0213  0.0213  0.0213  0.0213  0.0213  0.0213
  0.0215  0.0214  0.0213  0.0215  0.0214  0.0216  0.0215  0.0218  0.0214  0.0215  0.0214  0.0213
  0.0223  0.0220  0.0218  0.0225  0.0220  0.0234  0.0221  0.0232  0.0218  0.0223  0.0218  0.0216
  0.0237  0.0228  0.0225  0.0241  0.0230  0.0259  0.0232  0.0253  0.0225  0.0234  0.0223  0.0220
niter,ni,del,rscale     4    3    5.0000    0.7000
parameters
   -2.4081   35.1376    8.3794   -9.8949  -10.1920   -2.8744
    2.9558   -3.7329   -0.8771   -0.4356    3.9046   -5.7037
eta,q 0.97874  8.68680
  0.0232  0.0226  0.0221  0.0231  0.0226  0.0240  0.0228  0.0244  0.0222  0.0229  0.0221  0.0219
  0.0221  0.0219  0.0216  0.0223  0.0219  0.0229  0.0219  0.0228  0.0217  0.0220  0.0216  0.0215
  0.0215  0.0214  0.0213  0.0216  0.0214  0.0219  0.0214  0.0217  0.0214  0.0215  0.0214  0.0213
  0.0213  0.0213  0.0213  0.0213  0.0213  0.0213  0.0213  0.0213  0.0213  0.0213  0.0213  0.0213
  0.0215  0.0214  0.0214  0.0213  0.0214  0.0214  0.0214  0.0216  0.0214  0.0215  0.0213  0.0213
  0.0221  0.0218  0.0218  0.0219  0.0218  0.0225  0.0220  0.0227  0.0217  0.0220  0.0216  0.0215
  0.0232  0.0225  0.0224  0.0230  0.0226  0.0246  0.0228  0.0243  0.0222  0.0229  0.0221  0.0219
niter,ni,del,rscale     3    3    5.0000    0.6000
parameters
   -2.4103   35.1321    8.3647   -9.7800  -10.1750   -2.7773
    2.9412   -3.7156   -0.8812   -0.4407    3.9215   -5.7633
eta,q 0.97877  8.69113
  0.0227  0.0222  0.0220  0.0226  0.0223  0.0235  0.0224  0.0236  0.0220  0.0225  0.0219  0.0217
  0.0219  0.0217  0.0216  0.0220  0.0217  0.0226  0.0217  0.0224  0.0216  0.0218  0.0215  0.0214
  0.0214  0.0213  0.0213  0.0215  0.0214  0.0217  0.0214  0.0215  0.0213  0.0214  0.0213  0.0213
  0.0213  0.0213  0.0213  0.0213  0.0212  0.0212  0.0212  0.0212  0.0212  0.0212  0.0212  0.0212
  0.0214  0.0214  0.0213  0.0213  0.0214  0.0213  0.0214  0.0215  0.0213  0.0214  0.0213  0.0213
  0.0219  0.0217  0.0216  0.0218  0.0217  0.0221  0.0217  0.0223  0.0216  0.0218  0.0215  0.0214
  0.0227  0.0222  0.0220  0.0226  0.0222  0.0236  0.0224  0.0236  0.0220  0.0225  0.0219  0.0217
niter,ni,del,rscale     2    3    5.0000    0.5000
parameters
   -2.4183   35.1213    8.3883   -9.7204  -10.2004   -2.6370
    2.9280   -3.7127   -0.8874   -0.4567    3.9320   -5.7830
eta,q 0.97880  8.69392
  0.0222  0.0219  0.0218  0.0222  0.0219  0.0230  0.0220  0.0229  0.0217  0.0221  0.0217  0.0215
  0.0217  0.0215  0.0215  0.0217  0.0215  0.0222  0.0216  0.0220  0.0214  0.0216  0.0214  0.0214
  0.0213  0.0213  0.0213  0.0214  0.0213  0.0216  0.0213  0.0214  0.0213  0.0213  0.0213  0.0212
  0.0212  0.0212  0.0212  0.0212  0.0212  0.0212  0.0212  0.0212  0.0212  0.0212  0.0212  0.0212
  0.0214  0.0213  0.0213  0.0213  0.0213  0.0213  0.0213  0.0214  0.0213  0.0213  0.0213  0.0212
  0.0217  0.0215  0.0214  0.0216  0.0216  0.0218  0.0216  0.0220  0.0214  0.0216  0.0214  0.0214
  0.0222  0.0219  0.0217  0.0222  0.0220  0.0229  0.0220  0.0229  0.0217  0.0221  0.0217  0.0216
niter,ni,del,rscale     1    3    5.0000    0.4000
parameters
   -2.4269   35.1101    8.4274   -9.6906  -10.2190   -2.5038
    2.9246   -3.7144   -0.8933   -0.4762    3.9476   -5.8046
eta,q 0.97881  8.69628
  0.0218  0.0216  0.0216  0.0219  0.0217  0.0224  0.0217  0.0223  0.0215  0.0218  0.0215  0.0214
  0.0215  0.0214  0.0214  0.0215  0.0214  0.0218  0.0214  0.0217  0.0213  0.0215  0.0213  0.0213
  0.0213  0.0212  0.0213  0.0213  0.0213  0.0214  0.0213  0.0213  0.0212  0.0213  0.0212  0.0212
  0.0212  0.0212  0.0212  0.0212  0.0212  0.0212  0.0212  0.0212  0.0212  0.0212  0.0212  0.0212
  0.0213  0.0213  0.0212  0.0213  0.0213  0.0212  0.0213  0.0213  0.0212  0.0212  0.0212  0.0212
  0.0215  0.0214  0.0213  0.0215  0.0214  0.0216  0.0214  0.0217  0.0213  0.0215  0.0213  0.0213
  0.0219  0.0216  0.0215  0.0219  0.0217  0.0223  0.0217  0.0223  0.0215  0.0218  0.0215  0.0214
registration optimization eta report
parameter search radius
    0.8000    0.8000    0.8000    2.4000    2.4000    2.4000
    2.4000    2.4000    2.4000    2.4000    2.4000    2.4000
100000*second partial in parameter space
      100.       67.       53.       11.        8.       20.
        9.       19.        6.       10.        5.        4.
  0.0218  0.0216  0.0216  0.0219  0.0217  0.0224  0.0217  0.0223  0.0215  0.0218  0.0215  0.0214
  0.0215  0.0214  0.0214  0.0215  0.0214  0.0218  0.0214  0.0217  0.0213  0.0215  0.0213  0.0213
  0.0213  0.0212  0.0213  0.0213  0.0213  0.0214  0.0213  0.0213  0.0212  0.0213  0.0212  0.0212
  0.0212  0.0212  0.0212  0.0212  0.0212  0.0212  0.0212  0.0212  0.0212  0.0212  0.0212  0.0212
  0.0213  0.0213  0.0212  0.0213  0.0213  0.0212  0.0213  0.0213  0.0212  0.0212  0.0212  0.0212
  0.0215  0.0214  0.0213  0.0215  0.0214  0.0216  0.0214  0.0217  0.0213  0.0215  0.0213  0.0213
  0.0219  0.0216  0.0215  0.0219  0.0217  0.0223  0.0217  0.0223  0.0215  0.0218  0.0215  0.0214
   -2.4269   35.1101    8.4274   -9.6906  -10.2190   -2.5038
    2.9246   -3.7144   -0.8933   -0.4762    3.9476   -5.8046
eta,q 0.97881  8.69628

---------------------------------------------------------------------
compute_vox2vox talsrcimg talsrcimg_to_711-2C_as_mni_average_305_t4 /opt/freesurfer/average/711-2C_as_mni_average_305
---------------------------------------------------------------------

freesurfer compute_vox2vox.c
Reading: talsrcimg.4dfp.ifh
Reading: talsrcimg_to_711-2C_as_mni_average_305_t4
Reading: /opt/freesurfer/average/711-2C_as_mni_average_305.4dfp.ifh
Writing: talsrcimg_to_711-2C_as_mni_average_305_t4_vox2vox.txt

start time Sun Mar 8 20:24:40 CET 2026
end		time Sun Mar 8 20:26:05 CET 2026

mpr2mni305 success

avi2talxfm orig_nu.mgz /opt/freesurfer/average/mni305.cor.mgz talsrcimg_to_711-2C_as_mni_average_305_t4_vox2vox.txt transforms/talairach.auto.xfm
avi2talxfm done
mv -f /out/sourcedata/freesurfer/sub-v1s15x0050183_ses-1/mri/talsrcimg_to_711-2C_as_mni_average_305_t4_vox2vox.txt /out/sourcedata/freesurfer/sub-v1s15x0050183_ses-1/mri/transforms/talsrcimg_to_711-2C_as_mni_average_305_t4_vox2vox.txt
lta_convert --src orig_nu.mgz --trg /opt/freesurfer/average/mni305.cor.mgz --inxfm transforms/talairach.auto.xfm --outlta transforms/talairach.auto.xfm.lta --subject fsaverage
7.3.2

--src: orig_nu.mgz src image (geometry).
--trg: /opt/freesurfer/average/mni305.cor.mgz trg image (geometry).
--inmni: transforms/talairach.auto.xfm input MNI/XFM transform.
--outlta: transforms/talairach.auto.xfm.lta output LTA.
--s: fsaverage subject name
 LTA read, type : 1
 1.10514   0.04194  -0.03329  -3.91438;
-0.04411   1.02433   0.06766  -23.25188;
 0.01076   0.00585   1.11385  -21.80753;
 0.00000   0.00000   0.00000   1.00000;
setting subject to fsaverage
Writing  LTA to file transforms/talairach.auto.xfm.lta...
lta_convert successful.
 
 
Started at Sun Mar 8 20:24:39 CET 2026
Ended   at Sun Mar  8 20:26:05 CET 2026
talairach_avi done
