/out/sourcedata/freesurfer/sub-v1s15x0050188_ses-1/mri
/opt/freesurfer/bin/talairach_avi
--i orig_nu.mgz --xfm transforms/talairach.auto.xfm
talairach_avi 7.3.2
Linux dna063 5.14.0-427.37.1.el9_4.x86_64 #1 SMP PREEMPT_DYNAMIC Fri Sep 13 12:41:50 EDT 2024 x86_64 x86_64 x86_64 GNU/Linux
Sun Mar  8 20:30:23 CET 2026
mri_convert orig_nu.mgz talsrcimg.img 
reading from orig_nu.mgz...
TR=0.00, TE=0.00, TI=0.00, flip angle=0.00
i_ras = (-1, 0, 0)
j_ras = (0, 0, -1)
k_ras = (0, 1, 0)
writing to talsrcimg.img...
Analyze Output Matrix
-1.00000   0.00000   0.00000   132.62469;
 0.00000   0.00000   1.00000  -135.53101;
 0.00000  -1.00000   0.00000   106.84300;
 0.00000   0.00000   0.00000   1.00000;
--------------------
INFO: set hdr.hist.orient to -1
mpr2mni305 talsrcimg
Sun Mar  8 20:30:23 CET 2026
/opt/freesurfer/bin/mpr2mni305 talsrcimg
mpr2mni305 7.3.2
target=711-2C_as_mni_average_305

---------------------------------------------------------------------
analyzeto4dfp talsrcimg -O0 -y
---------------------------------------------------------------------

freesurfer ifh2hdr.c
Sun Mar  8 20:30:24 2026
Writing: talsrcimg.4dfp.hdr
freesurfer analyzeto4dfp.c
Reading: talsrcimg.hdr
header size 348 bytes
hdr.dime.datatype	offset=70	value=2
hdr.dime.bitpix		offset=72	value=8
hdr.hist.orient		offset=252	value=-1
dimensionality     4
dimensions       256       256       256         1
Reading: talsrcimg.img
Writing: talsrcimg.4dfp.img
Writing: talsrcimg.4dfp.ifh
ifh2hdr talsrcimg -r0to239
ori=2

---------------------------------------------------------------------
gauss_4dfp talsrcimg 1.1
---------------------------------------------------------------------

freesurfer gauss_4dfp.c
Reading: talsrcimg.4dfp.img
Writing: talsrcimg_g11.4dfp.img
image dimensions 256 256 256 padded to 288 288 288
processing volume 1freesurfer ifh2hdr.c
Sun Mar  8 20:30:25 2026
Writing: talsrcimg_g11.4dfp.hdr

Writing: talsrcimg_g11.4dfp.ifh
including: talsrcimg.4dfp.img.rec in talsrcimg_g11.4dfp.img.rec

---------------------------------------------------------------------
imgreg_4dfp /opt/freesurfer/average/711-2C_as_mni_average_305 none talsrcimg_g11 none talsrcimg_to_711-2C_as_mni_average_305_t4 4355
---------------------------------------------------------------------

freesurfer imgreg_4dfp.c
/opt/freesurfer/average/711-2C_as_mni_average_305.4dfp.img
       256       256       256         1
  1.000000  1.000000  1.000000
orientation T byte_order littleendian
Reading image: /opt/freesurfer/average/711-2C_as_mni_average_305.4dfp.img
dimensions:      256       256       256
mmppix:       1.0000   -1.0000   -1.0000
center:     128.0000 -129.0000 -129.0000
talsrcimg_g11.4dfp.img
       256       256       256         1
  1.000000  1.000000  1.000000
orientation T byte_order littleendian
Reading image: talsrcimg_g11.4dfp.img
dimensions:      256       256       256
mmppix:       1.0000   -1.0000   -1.0000
center:     128.0000 -129.0000 -129.0000
t4_read: open error in t4_sub.f l:  41 t4_file(1:l)talsrcimg_to_711-2C_as_mni_average_305_t4 
t4_read: transform initialized to I4
rotation matrix determinant  1.000000
image alignment mode   4355 decimal     1103 hex
   -7.5000  -45.0000  -45.0000 5470.1973   16.4848
    0.0000  -45.0000  -45.0000 5699.5254   16.5073
    7.5000  -45.0000  -45.0000 5489.1021   16.4929
   -7.5000  -37.5000  -45.0000 5921.5811   16.2301
    0.0000  -37.5000  -45.0000 6177.7251   16.2573
    7.5000  -37.5000  -45.0000 5927.5503   16.2482
   -7.5000  -30.0000  -45.0000 6632.5928   16.1055
    0.0000  -30.0000  -45.0000 6922.6792   16.1348
    7.5000  -30.0000  -45.0000 6631.7505   16.1334
   -7.5000  -22.5000  -45.0000 7382.9268   16.0851
    0.0000  -22.5000  -45.0000 7707.6865   16.1095
    7.5000  -22.5000  -45.0000 7365.4810   16.1098
   -7.5000  -15.0000  -45.0000 8082.3252   16.0965
    0.0000  -15.0000  -45.0000 8418.8379   16.1140
    7.5000  -15.0000  -45.0000 8044.2202   16.1094
   -7.5000   -7.5000  -45.0000 8776.3447   16.1276
    0.0000   -7.5000  -45.0000 9143.4424   16.1444
    7.5000   -7.5000  -45.0000 8699.0010   16.1328
   -7.5000    0.0000  -45.0000 9418.2744   16.1486
    0.0000    0.0000  -45.0000 9798.0469   16.1700
    7.5000    0.0000  -45.0000 9337.7305   16.1558
   -7.5000    7.5000  -45.0000 9337.2773   16.1338
    0.0000    7.5000  -45.0000 9707.6484   16.1609
    7.5000    7.5000  -45.0000 9255.8672   16.1518
   -7.5000   15.0000  -45.0000 9187.8154   16.1014
    0.0000   15.0000  -45.0000 9529.7695   16.1308
    7.5000   15.0000  -45.0000 9092.7920   16.1293
   -7.5000   22.5000  -45.0000 8938.1992   16.0829
    0.0000   22.5000  -45.0000 9248.5977   16.1073
    7.5000   22.5000  -45.0000 8828.6064   16.1076
   -7.5000   30.0000  -45.0000 8566.5410   15.8820
    0.0000   30.0000  -45.0000 8872.1133   15.8993
    7.5000   30.0000  -45.0000 8451.5410   15.8947
   -7.5000   37.5000  -45.0000 8340.8682   15.9127
    0.0000   37.5000  -45.0000 8627.3818   15.9293
    7.5000   37.5000  -45.0000 8193.2002   15.9179
   -7.5000   45.0000  -45.0000 7773.5967   15.5288
    0.0000   45.0000  -45.0000 8052.3989   15.5494
    7.5000   45.0000  -45.0000 7627.7988   15.5357
   -7.5000  -45.0000  -37.5000 5860.3906   16.0487
    0.0000  -45.0000  -37.5000 6139.6279   16.0643
    7.5000  -45.0000  -37.5000 5887.5415   16.0445
   -7.5000  -37.5000  -37.5000 6331.0264   15.7970
    0.0000  -37.5000  -37.5000 6638.5239   15.8175
    7.5000  -37.5000  -37.5000 6342.5815   15.8065
   -7.5000  -30.0000  -37.5000 7083.7930   15.6763
    0.0000  -30.0000  -37.5000 7433.9370   15.6971
    7.5000  -30.0000  -37.5000 7098.7700   15.6945
   -7.5000  -22.5000  -37.5000 7882.2090   15.6667
    0.0000  -22.5000  -37.5000 8252.1924   15.6816
    7.5000  -22.5000  -37.5000 7889.9795   15.6776
   -7.5000  -15.0000  -37.5000 8617.3418   15.6891
    0.0000  -15.0000  -37.5000 9006.5293   15.6979
    7.5000  -15.0000  -37.5000 8619.7070   15.6856
   -7.5000   -7.5000  -37.5000 9361.5234   15.7193
    0.0000   -7.5000  -37.5000 9763.6768   15.7287
    7.5000   -7.5000  -37.5000 9322.9297   15.7094
   -7.5000    0.0000  -37.500010039.1299   15.7303
    0.0000    0.0000  -37.500010458.4248   15.7453
    7.5000    0.0000  -37.5000 9984.6357   15.7260
   -7.5000    7.5000  -37.5000 9974.6465   15.7058
    0.0000    7.5000  -37.500010384.4600   15.7262
    7.5000    7.5000  -37.5000 9897.5889   15.7152
   -7.5000   15.0000  -37.5000 9818.7852   15.6725
    0.0000   15.0000  -37.500010206.1436   15.6933
    7.5000   15.0000  -37.5000 9714.1533   15.6906
   -7.5000   22.5000  -37.5000 9518.4219   15.6645
    0.0000   22.5000  -37.5000 9859.4053   15.6795
    7.5000   22.5000  -37.5000 9375.2891   15.6755
   -7.5000   30.0000  -37.5000 9149.8818   15.4800
    0.0000   30.0000  -37.5000 9470.7607   15.4887
    7.5000   30.0000  -37.5000 8982.1660   15.4766
   -7.5000   37.5000  -37.5000 8905.5098   15.5098
    0.0000   37.5000  -37.5000 9209.9844   15.5191
    7.5000   37.5000  -37.5000 8746.4922   15.5000
   -7.5000   45.0000  -37.5000 8285.3916   15.1266
    0.0000   45.0000  -37.5000 8566.2891   15.1410
    7.5000   45.0000  -37.5000 8133.9375   15.1224
   -7.5000  -45.0000  -30.0000 6385.1509   16.3773
    0.0000  -45.0000  -30.0000 6701.9160   16.3853
    7.5000  -45.0000  -30.0000 6415.7559   16.3618
   -7.5000  -37.5000  -30.0000 6875.3809   16.1262
    0.0000  -37.5000  -30.0000 7217.4819   16.1393
    7.5000  -37.5000  -30.0000 6888.1733   16.1254
   -7.5000  -30.0000  -30.0000 7694.2686   16.0108
    0.0000  -30.0000  -30.0000 8060.5464   16.0229
    7.5000  -30.0000  -30.0000 7697.0830   16.0161
   -7.5000  -22.5000  -30.0000 8572.6719   16.0077
    0.0000  -22.5000  -30.0000 8964.5215   16.0126
    7.5000  -22.5000  -30.0000 8572.3320   16.0019
   -7.5000  -15.0000  -30.0000 9397.2070   16.0318
    0.0000  -15.0000  -30.0000 9814.4844   16.0310
    7.5000  -15.0000  -30.0000 9387.3682   16.0108
   -7.5000   -7.5000  -30.000010184.7939   16.0552
    0.0000   -7.5000  -30.000010639.7617   16.0567
    7.5000   -7.5000  -30.000010151.8262   16.0313
   -7.5000    0.0000  -30.000010912.1338   16.0592
    0.0000    0.0000  -30.000011384.7188   16.0672
    7.5000    0.0000  -30.000010851.7715   16.0445
   -7.5000    7.5000  -30.000010814.6660   16.0350
    0.0000    7.5000  -30.000011270.9121   16.0480
    7.5000    7.5000  -30.000010747.2861   16.0342
   -7.5000   15.0000  -30.000010629.7891   16.0070
    0.0000   15.0000  -30.000011053.2080   16.0190
    7.5000   15.0000  -30.000010539.9395   16.0122
   -7.5000   22.5000  -30.000010267.0938   16.0039
    0.0000   22.5000  -30.000010635.8828   16.0087
    7.5000   22.5000  -30.000010128.3057   15.9980
   -7.5000   30.0000  -30.0000 9879.7949   15.8196
    0.0000   30.0000  -30.000010237.2744   15.8189
    7.5000   30.0000  -30.0000 9701.4395   15.7989
   -7.5000   37.5000  -30.0000 9648.9727   15.8427
    0.0000   37.5000  -30.0000 9993.7490   15.8443
    7.5000   37.5000  -30.0000 9460.5830   15.8192
   -7.5000   45.0000  -30.0000 8973.6299   15.4542
    0.0000   45.0000  -30.0000 9289.7021   15.4619
    7.5000   45.0000  -30.0000 8808.4082   15.4400
   -7.5000  -45.0000  -22.5000 6975.6733   16.7148
    0.0000  -45.0000  -22.5000 7317.8960   16.7172
    7.5000  -45.0000  -22.5000 6982.2827   16.6958
   -7.5000  -37.5000  -22.5000 7516.5181   16.4680
    0.0000  -37.5000  -22.5000 7853.8696   16.4752
    7.5000  -37.5000  -22.5000 7508.2476   16.4617
   -7.5000  -30.0000  -22.5000 8426.9551   16.3548
    0.0000  -30.0000  -22.5000 8794.4375   16.3615
    7.5000  -30.0000  -22.5000 8411.9805   16.3544
   -7.5000  -22.5000  -22.5000 9399.4014   16.3472
    0.0000  -22.5000  -22.5000 9808.8965   16.3470
    7.5000  -22.5000  -22.5000 9390.0801   16.3369
   -7.5000  -15.0000  -22.500010295.0713   16.3647
    0.0000  -15.0000  -22.500010741.0928   16.3591
    7.5000  -15.0000  -22.500010269.8398   16.3413
   -7.5000   -7.5000  -22.500011113.7529   16.3865
    0.0000   -7.5000  -22.500011595.9248   16.3832
    7.5000   -7.5000  -22.500011088.8613   16.3612
   -7.5000    0.0000  -22.500011874.5977   16.3941
    0.0000    0.0000  -22.500012352.0459   16.3968
    7.5000    0.0000  -22.500011806.0566   16.3762
   -7.5000    7.5000  -22.500011780.6973   16.3759
    0.0000    7.5000  -22.500012219.2305   16.3833
    7.5000    7.5000  -22.500011663.0137   16.3699
   -7.5000   15.0000  -22.500011573.4668   16.3509
    0.0000   15.0000  -22.500011988.1396   16.3576
    7.5000   15.0000  -22.500011414.7129   16.3505
   -7.5000   22.5000  -22.500011136.2998   16.3422
    0.0000   22.5000  -22.500011529.4854   16.3420
    7.5000   22.5000  -22.500010975.6328   16.3319
   -7.5000   30.0000  -22.500010681.1768   16.1506
    0.0000   30.0000  -22.500011093.7188   16.1451
    7.5000   30.0000  -22.500010534.2656   16.1275
   -7.5000   37.5000  -22.500010434.5703   16.1722
    0.0000   37.5000  -22.500010835.8926   16.1689
    7.5000   37.5000  -22.500010282.6025   16.1472
   -7.5000   45.0000  -22.5000 9686.7490   15.7884
    0.0000   45.0000  -22.500010027.7021   15.7909
    7.5000   45.0000  -22.5000 9516.4561   15.7711
   -7.5000  -45.0000  -15.0000 7601.9380   16.9592
    0.0000  -45.0000  -15.0000 7948.8936   16.9669
    7.5000  -45.0000  -15.0000 7592.1855   16.9504
   -7.5000  -37.5000  -15.0000 8218.5010   16.7149
    0.0000  -37.5000  -15.0000 8578.5654   16.7273
    7.5000  -37.5000  -15.0000 8199.5342   16.7171
   -7.5000  -30.0000  -15.0000 9215.2920   16.5980
    0.0000  -30.0000  -15.0000 9618.5176   16.6104
    7.5000  -30.0000  -15.0000 9185.2871   16.6061
   -7.5000  -22.5000  -15.000010264.6367   16.5813
    0.0000  -22.5000  -15.000010732.3242   16.5864
    7.5000  -22.5000  -15.000010233.3848   16.5804
   -7.5000  -15.0000  -15.000011241.5811   16.5927
    0.0000  -15.0000  -15.000011750.5332   16.5920
    7.5000  -15.0000  -15.000011186.3574   16.5800
   -7.5000   -7.5000  -15.000012132.8145   16.6194
    0.0000   -7.5000  -15.000012663.3311   16.6210
    7.5000   -7.5000  -15.000012075.0352   16.6051
   -7.5000    0.0000  -15.000012921.8047   16.6364
    0.0000    0.0000  -15.000013462.7412   16.6439
    7.5000    0.0000  -15.000012833.4395   16.6279
   -7.5000    7.5000  -15.000012787.4609   16.6224
    0.0000    7.5000  -15.000013284.3096   16.6348
    7.5000    7.5000  -15.000012654.6875   16.6246
   -7.5000   15.0000  -15.000012514.7031   16.5941
    0.0000   15.0000  -15.000012990.0186   16.6065
    7.5000   15.0000  -15.000012371.1064   16.6021
   -7.5000   22.5000  -15.000012008.9248   16.5754
    0.0000   22.5000  -15.000012488.8066   16.5806
    7.5000   22.5000  -15.000011888.2305   16.5745
   -7.5000   30.0000  -15.000011517.9062   16.3780
    0.0000   30.0000  -15.000011995.4180   16.3772
    7.5000   30.0000  -15.000011385.9434   16.3655
   -7.5000   37.5000  -15.000011275.3408   16.4043
    0.0000   37.5000  -15.000011713.5869   16.4059
    7.5000   37.5000  -15.000011160.5098   16.3902
   -7.5000   45.0000  -15.000010420.4033   16.0314
    0.0000   45.0000  -15.000010803.6641   16.0386
    7.5000   45.0000  -15.000010303.4189   16.0232
   -7.5000  -45.0000   -7.5000 8294.1855   17.0571
    0.0000  -45.0000   -7.5000 8651.1328   17.0742
    7.5000  -45.0000   -7.5000 8264.1494   17.0585
   -7.5000  -37.5000   -7.5000 8996.3799   16.8135
    0.0000  -37.5000   -7.5000 9400.6934   16.8350
    7.5000  -37.5000   -7.5000 8978.4668   16.8250
   -7.5000  -30.0000   -7.500010085.3252   16.6909
    0.0000  -30.0000   -7.500010569.9219   16.7140
    7.5000  -30.0000   -7.500010069.4316   16.7110
   -7.5000  -22.5000   -7.500011227.7275   16.6670
    0.0000  -22.5000   -7.500011742.9541   16.6842
    7.5000  -22.5000   -7.500011185.0977   16.6816
   -7.5000  -15.0000   -7.500012303.2148   16.6768
    0.0000  -15.0000   -7.500012836.7598   16.6873
    7.5000  -15.0000   -7.500012240.1338   16.6794
   -7.5000   -7.5000   -7.500013265.9707   16.7100
    0.0000   -7.5000   -7.500013813.0732   16.7212
    7.5000   -7.5000   -7.500013171.6426   16.7076
   -7.5000    0.0000   -7.500014096.2783   16.7342
    0.0000    0.0000   -7.500014699.5918   16.7505
    7.5000    0.0000   -7.500014022.1064   16.7351
   -7.5000    7.5000   -7.500013928.0850   16.7210
    0.0000    7.5000   -7.500014487.7881   16.7425
    7.5000    7.5000   -7.500013809.4414   16.7324
   -7.5000   15.0000   -7.500013588.3564   16.6870
    0.0000   15.0000   -7.500014125.3975   16.7101
    7.5000   15.0000   -7.500013448.6777   16.7070
   -7.5000   22.5000   -7.500013026.4561   16.6593
    0.0000   22.5000   -7.500013546.9746   16.6765
    7.5000   22.5000   -7.500012914.2598   16.6739
   -7.5000   30.0000   -7.500012492.9062   16.4606
    0.0000   30.0000   -7.500012972.1270   16.4709
    7.5000   30.0000   -7.500012360.1309   16.4631
   -7.5000   37.5000   -7.500012236.6289   16.4933
    0.0000   37.5000   -7.500012705.0156   16.5043
    7.5000   37.5000   -7.500012125.9795   16.4909
   -7.5000   45.0000   -7.500011278.3291   16.1287
    0.0000   45.0000   -7.500011697.1064   16.1443
    7.5000   45.0000   -7.500011179.3262   16.1295
   -7.5000  -45.0000    0.0000 9026.6152   17.1008
    0.0000  -45.0000    0.0000 9426.5332   17.1217
    7.5000  -45.0000    0.0000 9007.4072   17.1035
   -7.5000  -37.5000    0.0000 9798.5391   16.8517
    0.0000  -37.5000    0.000010279.0537   16.8773
    7.5000  -37.5000    0.0000 9802.1426   16.8660
   -7.5000  -30.0000    0.000010984.7119   16.7259
    0.0000  -30.0000    0.000011520.6807   16.7536
    7.5000  -30.0000    0.000010993.7148   16.7506
   -7.5000  -22.5000    0.000012202.5566   16.7048
    0.0000  -22.5000    0.000012764.6777   16.7275
    7.5000  -22.5000    0.000012216.0371   16.7247
   -7.5000  -15.0000    0.000013373.7412   16.7195
    0.0000  -15.0000    0.000013981.3496   16.7355
    7.5000  -15.0000    0.000013370.7432   16.7261
   -7.5000   -7.5000    0.000014419.8398   16.7548
    0.0000   -7.5000    0.000015074.6641   16.7702
    7.5000   -7.5000    0.000014402.2246   16.7537
   -7.5000    0.0000    0.000015317.6768   16.7771
    0.0000    0.0000    0.000015997.5840   16.7970
    7.5000    0.0000    0.000015294.3857   16.7790
   -7.5000    7.5000    0.000015116.6309   16.7590
    0.0000    7.5000    0.000015760.5791   16.7844
    7.5000    7.5000    0.000015022.0010   16.7731
   -7.5000   15.0000    0.000014754.4150   16.7220
    0.0000   15.0000    0.000015352.3799   16.7497
    7.5000   15.0000    0.000014627.4062   16.7466
   -7.5000   22.5000    0.000014164.3965   16.6971
    0.0000   22.5000    0.000014729.2646   16.7198
    7.5000   22.5000    0.000014051.8721   16.7170
   -7.5000   30.0000    0.000013519.7529   16.5031
    0.0000   30.0000    0.000014030.5508   16.5189
    7.5000   30.0000    0.000013396.2451   16.5096
   -7.5000   37.5000    0.000013226.0449   16.5380
    0.0000   37.5000    0.000013712.3867   16.5532
    7.5000   37.5000    0.000013127.0840   16.5369
   -7.5000   45.0000    0.000012187.0273   16.1712
    0.0000   45.0000    0.000012616.5957   16.1904
    7.5000   45.0000    0.000012094.3447   16.1730
   -7.5000  -45.0000    7.5000 9112.8428   17.1011
    0.0000  -45.0000    7.5000 9540.1729   17.1162
    7.5000  -45.0000    7.5000 9117.2529   17.0944
   -7.5000  -37.5000    7.5000 9893.2383   16.8479
    0.0000  -37.5000    7.500010376.5508   16.8681
    7.5000  -37.5000    7.5000 9906.8799   16.8559
   -7.5000  -30.0000    7.500011098.2939   16.7259
    0.0000  -30.0000    7.500011619.1494   16.7470
    7.5000  -30.0000    7.500011126.2314   16.7427
   -7.5000  -22.5000    7.500012331.8037   16.7144
    0.0000  -22.5000    7.500012901.5586   16.7300
    7.5000  -22.5000    7.500012372.1279   16.7231
   -7.5000  -15.0000    7.500013501.7256   16.7352
    0.0000  -15.0000    7.500014126.2588   16.7446
    7.5000  -15.0000    7.500013541.6250   16.7284
   -7.5000   -7.5000    7.500014550.0498   16.7653
    0.0000   -7.5000    7.500015227.4961   16.7747
    7.5000   -7.5000    7.500014573.2686   16.7520
   -7.5000    0.0000    7.500015413.7080   16.7777
    0.0000    0.0000    7.500016127.3145   16.7924
    7.5000    0.0000    7.500015424.7295   16.7710
   -7.5000    7.5000    7.500015181.2773   16.7551
    0.0000    7.5000    7.500015877.6543   16.7752
    7.5000    7.5000    7.500015160.9326   16.7630
   -7.5000   15.0000    7.500014855.3252   16.7220
    0.0000   15.0000    7.500015485.7031   16.7431
    7.5000   15.0000    7.500014798.3330   16.7387
   -7.5000   22.5000    7.500014282.5488   16.7067
    0.0000   22.5000    7.500014894.5850   16.7223
    7.5000   22.5000    7.500014221.6768   16.7154
   -7.5000   30.0000    7.500013573.1953   16.5186
    0.0000   30.0000    7.500014106.8711   16.5279
    7.5000   30.0000    7.500013488.0449   16.5119
   -7.5000   37.5000    7.500013230.2715   16.5483
    0.0000   37.5000    7.500013748.3184   16.5576
    7.5000   37.5000    7.500013190.1592   16.5352
   -7.5000   45.0000    7.500012197.7412   16.1718
    0.0000   45.0000    7.500012664.6367   16.1859
    7.5000   45.0000    7.500012173.8760   16.1653
   -7.5000  -45.0000   15.0000 9086.8896   17.0934
    0.0000  -45.0000   15.0000 9504.3164   17.0994
    7.5000  -45.0000   15.0000 9104.0264   17.0765
   -7.5000  -37.5000   15.0000 9864.1895   16.8414
    0.0000  -37.5000   15.000010344.6934   16.8523
    7.5000  -37.5000   15.0000 9905.7314   16.8389
   -7.5000  -30.0000   15.000011078.4658   16.7261
    0.0000  -30.0000   15.000011612.7520   16.7365
    7.5000  -30.0000   15.000011133.3975   16.7296
   -7.5000  -22.5000   15.000012312.0635   16.7214
    0.0000  -22.5000   15.000012900.0098   16.7255
    7.5000  -22.5000   15.000012375.8047   16.7144
   -7.5000  -15.0000   15.000013486.5352   16.7428
    0.0000  -15.0000   15.000014128.1768   16.7417
    7.5000  -15.0000   15.000013524.5664   16.7212
   -7.5000   -7.5000   15.000014560.1260   16.7653
    0.0000   -7.5000   15.000015256.3789   16.7659
    7.5000   -7.5000   15.000014568.5762   16.7406
   -7.5000    0.0000   15.000015441.2842   16.7705
    0.0000    0.0000   15.000016187.3105   16.7767
    7.5000    0.0000   15.000015441.6113   16.7544
   -7.5000    7.5000   15.000015191.2178   16.7487
    0.0000    7.5000   15.000015898.2725   16.7596
    7.5000    7.5000   15.000015164.6211   16.7462
   -7.5000   15.0000   15.000014839.8730   16.7223
    0.0000   15.0000   15.000015490.0547   16.7326
    7.5000   15.0000   15.000014805.9375   16.7257
   -7.5000   22.5000   15.000014251.8701   16.7137
    0.0000   22.5000   15.000014894.0449   16.7178
    7.5000   22.5000   15.000014221.0234   16.7067
   -7.5000   30.0000   15.000013488.8760   16.5261
    0.0000   30.0000   15.000014061.3145   16.5250
    7.5000   30.0000   15.000013445.0596   16.5048
   -7.5000   37.5000   15.000013141.3672   16.5483
    0.0000   37.5000   15.000013702.8604   16.5489
    7.5000   37.5000   15.000013130.4033   16.5240
   -7.5000   45.0000   15.000012151.5566   16.1648
    0.0000   45.0000   15.000012651.2080   16.1708
    7.5000   45.0000   15.000012140.8682   16.1493
   -7.5000  -45.0000   22.5000 8998.7773   17.0818
    0.0000  -45.0000   22.5000 9414.8467   17.0840
    7.5000  -45.0000   22.5000 9028.8896   17.0632
   -7.5000  -37.5000   22.5000 9785.5312   16.8357
    0.0000  -37.5000   22.500010256.8594   16.8421
    7.5000  -37.5000   22.5000 9823.5020   16.8286
   -7.5000  -30.0000   22.500010977.3770   16.7242
    0.0000  -30.0000   22.500011506.1064   16.7297
    7.5000  -30.0000   22.500011030.1504   16.7219
   -7.5000  -22.5000   22.500012183.9414   16.7165
    0.0000  -22.5000   22.500012765.2324   16.7156
    7.5000  -22.5000   22.500012212.8975   16.7046
   -7.5000  -15.0000   22.500013329.9561   16.7317
    0.0000  -15.0000   22.500013979.0713   16.7264
    7.5000  -15.0000   22.500013307.3574   16.7081
   -7.5000   -7.5000   22.500014423.9180   16.7515
    0.0000   -7.5000   22.500015122.5879   16.7486
    7.5000   -7.5000   22.500014373.2676   16.7269
   -7.5000    0.0000   22.500015414.5859   16.7591
    0.0000    0.0000   22.500016155.8086   16.7616
    7.5000    0.0000   22.500015318.9180   16.7416
   -7.5000    7.5000   22.500015169.4639   16.7431
    0.0000    7.5000   22.500015855.6562   16.7495
    7.5000    7.5000   22.500015064.4863   16.7361
   -7.5000   15.0000   22.500014765.9600   16.7203
    0.0000   15.0000   22.500015400.8105   16.7258
    7.5000   15.0000   22.500014670.8994   16.7180
   -7.5000   22.5000   22.500014155.1641   16.7088
    0.0000   22.5000   22.500014777.9941   16.7079
    7.5000   22.5000   22.500014050.0215   16.6969
   -7.5000   30.0000   22.500013358.2969   16.5152
    0.0000   30.0000   22.500013957.3057   16.5099
    7.5000   30.0000   22.500013258.7607   16.4919
   -7.5000   37.5000   22.500013020.5312   16.5347
    0.0000   37.5000   22.500013598.7959   16.5319
    7.5000   37.5000   22.500012953.5586   16.5104
   -7.5000   45.0000   22.500012047.3203   16.1538
    0.0000   45.0000   22.500012549.3193   16.1563
    7.5000   45.0000   22.500011973.8359   16.1369
   -7.5000  -45.0000   30.0000 8731.8848   17.0798
    0.0000  -45.0000   30.0000 9182.7129   17.0872
    7.5000  -45.0000   30.0000 8772.9580   17.0702
   -7.5000  -37.5000   30.0000 9519.2656   16.8374
    0.0000  -37.5000   30.000010029.6270   16.8491
    7.5000  -37.5000   30.0000 9549.7549   16.8381
   -7.5000  -30.0000   30.000010682.7598   16.7220
    0.0000  -30.0000   30.000011255.0781   16.7339
    7.5000  -30.0000   30.000010712.5752   16.7287
   -7.5000  -22.5000   30.000011854.4512   16.7049
    0.0000  -22.5000   30.000012474.3730   16.7101
    7.5000  -22.5000   30.000011844.7725   16.7033
   -7.5000  -15.0000   30.000012999.9121   16.7147
    0.0000  -15.0000   30.000013653.4053   16.7143
    7.5000  -15.0000   30.000012926.0244   16.7019
   -7.5000   -7.5000   30.000014183.9551   16.7399
    0.0000   -7.5000   30.000014870.9043   16.7417
    7.5000   -7.5000   30.000014019.4287   16.7254
   -7.5000    0.0000   30.000015432.2393   16.7569
    0.0000    0.0000   30.000016150.1592   16.7641
    7.5000    0.0000   30.000015028.2510   16.7476
   -7.5000    7.5000   30.000015223.9863   16.7448
    0.0000    7.5000   30.000015914.2520   16.7565
    7.5000    7.5000   30.000014843.2695   16.7455
   -7.5000   15.0000   30.000014665.1523   16.7182
    0.0000   15.0000   30.000015370.6855   16.7300
    7.5000   15.0000   30.000014417.0273   16.7247
   -7.5000   22.5000   30.000013985.5205   16.6972
    0.0000   22.5000   30.000014655.9541   16.7024
    7.5000   22.5000   30.000013738.0312   16.6956
   -7.5000   30.0000   30.000013118.8643   16.4984
    0.0000   30.0000   30.000013748.9531   16.4980
    7.5000   30.0000   30.000012896.4160   16.4857
   -7.5000   37.5000   30.000012720.2588   16.5233
    0.0000   37.5000   30.000013342.4062   16.5251
    7.5000   37.5000   30.000012565.0742   16.5089
   -7.5000   45.0000   30.000011752.7979   16.1517
    0.0000   45.0000   30.000012296.1729   16.1587
    7.5000   45.0000   30.000011618.7637   16.1427
   -7.5000  -45.0000   37.5000 8781.6484   17.0910
    0.0000  -45.0000   37.5000 9219.4678   17.1081
    7.5000  -45.0000   37.5000 8815.7617   17.0924
   -7.5000  -37.5000   37.5000 9594.5449   16.8469
    0.0000  -37.5000   37.500010049.5127   16.8685
    7.5000  -37.5000   37.5000 9595.9150   16.8584
   -7.5000  -30.0000   37.500010774.3643   16.7240
    0.0000  -30.0000   37.500011271.0820   16.7472
    7.5000  -30.0000   37.500010738.5312   16.7443
   -7.5000  -22.5000   37.500011971.4541   16.7002
    0.0000  -22.5000   37.500012572.6406   16.7174
    7.5000  -22.5000   37.500011921.2627   16.7147
   -7.5000  -15.0000   37.500013173.0635   16.7100
    0.0000  -15.0000   37.500013908.1895   16.7205
    7.5000  -15.0000   37.500013085.3750   16.7126
   -7.5000   -7.5000   37.500014492.6211   16.7432
    0.0000   -7.5000   37.500015328.5254   16.7544
    7.5000   -7.5000   37.500014213.7959   16.7408
   -7.5000    0.0000   37.500015808.1992   16.7675
    0.0000    0.0000   37.500016699.5781   16.7838
    7.5000    0.0000   37.500015176.9463   16.7684
   -7.5000    7.5000   37.500015498.6748   16.7542
    0.0000    7.5000   37.500016409.6816   16.7757
    7.5000    7.5000   37.500014987.9502   16.7657
   -7.5000   15.0000   37.500014872.8477   16.7201
    0.0000   15.0000   37.500015742.2402   16.7433
    7.5000   15.0000   37.500014553.4180   16.7403
   -7.5000   22.5000   37.500014169.5967   16.6925
    0.0000   22.5000   37.500014887.0908   16.7097
    7.5000   22.5000   37.500013845.1953   16.7070
   -7.5000   30.0000   37.500013229.8965   16.4937
    0.0000   30.0000   37.500013860.5840   16.5041
    7.5000   30.0000   37.500012993.1270   16.4963
   -7.5000   37.5000   37.500012788.7666   16.5265
    0.0000   37.5000   37.500013368.6934   16.5376
    7.5000   37.5000   37.500012611.2227   16.5241
   -7.5000   45.0000   37.500011811.7207   16.1619
    0.0000   45.0000   37.500012326.6855   16.1776
    7.5000   45.0000   37.500011655.0713   16.1628
   -7.5000  -45.0000   45.0000 8338.3770   16.9897
    0.0000  -45.0000   45.0000 8770.8701   17.0104
    7.5000  -45.0000   45.0000 8337.5342   16.9923
   -7.5000  -37.5000   45.0000 9153.4189   16.7421
    0.0000  -37.5000   45.0000 9602.9561   16.7675
    7.5000  -37.5000   45.0000 9108.6025   16.7563
   -7.5000  -30.0000   45.000010322.3857   16.6171
    0.0000  -30.0000   45.000010828.6465   16.6446
    7.5000  -30.0000   45.000010248.8564   16.6416
   -7.5000  -22.5000   45.000011462.6504   16.5961
    0.0000  -22.5000   45.000012065.0879   16.6187
    7.5000  -22.5000   45.000011395.5967   16.6159
   -7.5000  -15.0000   45.000012547.3447   16.6108
    0.0000  -15.0000   45.000013180.6533   16.6266
    7.5000  -15.0000   45.000012446.5576   16.6173
   -7.5000   -7.5000   45.000013650.6758   16.6459
    0.0000   -7.5000   45.000014280.9238   16.6612
    7.5000   -7.5000   45.000013424.4561   16.6448
   -7.5000    0.0000   45.000014590.2441   16.6680
    0.0000    0.0000   45.000015280.2314   16.6878
    7.5000    0.0000   45.000014300.8457   16.6698
   -7.5000    7.5000   45.000014334.1387   16.6500
    0.0000    7.5000   45.000015047.4385   16.6752
    7.5000    7.5000   45.000014138.3730   16.6640
   -7.5000   15.0000   45.000014014.1260   16.6132
    0.0000   15.0000   45.000014697.8477   16.6407
    7.5000   15.0000   45.000013808.3525   16.6376
   -7.5000   22.5000   45.000013490.1846   16.5884
    0.0000   22.5000   45.000014092.8115   16.6110
    7.5000   22.5000   45.000013225.2275   16.6082
   -7.5000   30.0000   45.000012607.8887   16.3944
    0.0000   30.0000   45.000013164.8164   16.4100
    7.5000   30.0000   45.000012388.1787   16.4008
   -7.5000   37.5000   45.000012154.2207   16.4290
    0.0000   37.5000   45.000012680.2734   16.4441
    7.5000   37.5000   45.000011976.0801   16.4279
   -7.5000   45.0000   45.000011223.3105   16.0733
    0.0000   45.0000   45.000011731.0479   16.0924
    7.5000   45.0000   45.000011077.1777   16.0751

---------------------------------------------------------------------
imgreg_4dfp /opt/freesurfer/average/711-2C_as_mni_average_305 /opt/freesurfer/average/711-2B_as_mni_average_305_mask talsrcimg_g11 none talsrcimg_to_711-2C_as_mni_average_305_t4 4355
---------------------------------------------------------------------

freesurfer imgreg_4dfp.c
/opt/freesurfer/average/711-2C_as_mni_average_305.4dfp.img
       256       256       256         1
  1.000000  1.000000  1.000000
orientation T byte_order littleendian
Reading image: /opt/freesurfer/average/711-2C_as_mni_average_305.4dfp.img
dimensions:      256       256       256
mmppix:       1.0000   -1.0000   -1.0000
center:     128.0000 -129.0000 -129.0000
/opt/freesurfer/average/711-2B_as_mni_average_305_mask.4dfp.img
       256       256       256         1
  1.000000  1.000000  1.000000
orientation T byte_order littleendian
Reading mask: /opt/freesurfer/average/711-2B_as_mni_average_305_mask.4dfp.img (2306576 pixels)
talsrcimg_g11.4dfp.img
       256       256       256         1
  1.000000  1.000000  1.000000
orientation T byte_order littleendian
Reading image: talsrcimg_g11.4dfp.img
dimensions:      256       256       256
mmppix:       1.0000   -1.0000   -1.0000
center:     128.0000 -129.0000 -129.0000
rotation matrix determinant  1.000000
image alignment mode   4355 decimal     1103 hex
   -7.5000  -45.0000   -7.5000 2157.0562   21.3843
    0.0000  -45.0000   -7.5000 2163.8188   21.3286
    7.5000  -45.0000   -7.5000 2149.4587   21.4866
   -7.5000  -37.5000   -7.5000 2278.0947   19.1181
    0.0000  -37.5000   -7.5000 2288.7144   19.0716
    7.5000  -37.5000   -7.5000 2273.9939   19.2937
   -7.5000  -30.0000   -7.5000 2388.4333   17.3189
    0.0000  -30.0000   -7.5000 2404.1455   17.2824
    7.5000  -30.0000   -7.5000 2379.5591   17.4824
   -7.5000  -22.5000   -7.5000 2482.9971   15.8972
    0.0000  -22.5000   -7.5000 2499.2026   15.8466
    7.5000  -22.5000   -7.5000 2473.4849   16.0742
   -7.5000  -15.0000   -7.5000 2541.3132   14.8793
    0.0000  -15.0000   -7.5000 2551.9021   14.8228
    7.5000  -15.0000   -7.5000 2532.8049   15.0455
   -7.5000   -7.5000   -7.5000 2583.3933   14.2223
    0.0000   -7.5000   -7.5000 2587.5605   14.1384
    7.5000   -7.5000   -7.5000 2563.8149   14.3570
   -7.5000    0.0000   -7.5000 2605.2986   13.7718
    0.0000    0.0000   -7.5000 2606.8501   13.7290
    7.5000    0.0000   -7.5000 2583.1294   13.9460
   -7.5000    7.5000   -7.5000 2610.5195   13.6154
    0.0000    7.5000   -7.5000 2607.3687   13.5797
    7.5000    7.5000   -7.5000 2581.0386   13.8194
   -7.5000   15.0000   -7.5000 2598.7529   13.7206
    0.0000   15.0000   -7.5000 2598.9072   13.6560
    7.5000   15.0000   -7.5000 2567.0359   13.9313
   -7.5000   22.5000   -7.5000 2573.5720   14.0935
    0.0000   22.5000   -7.5000 2572.7803   14.0541
    7.5000   22.5000   -7.5000 2541.6970   14.2885
   -7.5000   30.0000   -7.5000 2529.7983   14.7236
    0.0000   30.0000   -7.5000 2532.2920   14.6988
    7.5000   30.0000   -7.5000 2492.8862   14.9468
   -7.5000   37.5000   -7.5000 2462.1531   15.6372
    0.0000   37.5000   -7.5000 2461.8848   15.6578
    7.5000   37.5000   -7.5000 2425.4688   15.9206
   -7.5000   45.0000   -7.5000 2363.8467   16.8976
    0.0000   45.0000   -7.5000 2365.0024   16.8941
    7.5000   45.0000   -7.5000 2329.6489   17.2035
   -7.5000  -45.0000    0.0000 2202.3711   20.3221
    0.0000  -45.0000    0.0000 2215.5164   20.2159
    7.5000  -45.0000    0.0000 2200.2908   20.4424
   -7.5000  -37.5000    0.0000 2333.5652   18.1138
    0.0000  -37.5000    0.0000 2353.4924   18.0679
    7.5000  -37.5000    0.0000 2333.4324   18.2698
   -7.5000  -30.0000    0.0000 2447.0046   16.3365
    0.0000  -30.0000    0.0000 2470.5488   16.3000
    7.5000  -30.0000    0.0000 2449.2087   16.4919
   -7.5000  -22.5000    0.0000 2545.3513   14.9650
    0.0000  -22.5000    0.0000 2563.5837   14.9187
    7.5000  -22.5000    0.0000 2547.1201   15.1067
   -7.5000  -15.0000    0.0000 2617.6343   13.9744
    0.0000  -15.0000    0.0000 2629.6567   13.8992
    7.5000  -15.0000    0.0000 2616.4292   14.0895
   -7.5000   -7.5000    0.0000 2665.6348   13.2893
    0.0000   -7.5000    0.0000 2672.6526   13.2294
    7.5000   -7.5000    0.0000 2655.3115   13.4219
   -7.5000    0.0000    0.0000 2693.1899   12.8080
    0.0000    0.0000    0.0000 2698.1460   12.8021
    7.5000    0.0000    0.0000 2676.9343   13.0214
   -7.5000    7.5000    0.0000 2708.3406   12.6509
    0.0000    7.5000    0.0000 2707.2068   12.6320
    7.5000    7.5000    0.0000 2678.7451   12.8397
   -7.5000   15.0000    0.0000 2703.4146   12.7460
    0.0000   15.0000    0.0000 2703.6167   12.7027
    7.5000   15.0000    0.0000 2668.3796   12.9449
   -7.5000   22.5000    0.0000 2681.0742   13.1184
    0.0000   22.5000    0.0000 2681.4817   13.0808
    7.5000   22.5000    0.0000 2643.4778   13.3335
   -7.5000   30.0000    0.0000 2630.5601   13.7322
    0.0000   30.0000    0.0000 2628.6157   13.6975
    7.5000   30.0000    0.0000 2592.7021   13.9376
   -7.5000   37.5000    0.0000 2555.8667   14.6228
    0.0000   37.5000    0.0000 2553.9873   14.5841
    7.5000   37.5000    0.0000 2517.2957   14.8557
   -7.5000   45.0000    0.0000 2451.6589   15.8050
    0.0000   45.0000    0.0000 2449.2424   15.7719
    7.5000   45.0000    0.0000 2415.9700   16.0216
   -7.5000  -45.0000    7.5000 2243.3125   19.5417
    0.0000  -45.0000    7.5000 2256.1870   19.4472
    7.5000  -45.0000    7.5000 2240.8970   19.6143
   -7.5000  -37.5000    7.5000 2376.9482   17.3453
    0.0000  -37.5000    7.5000 2395.6321   17.3067
    7.5000  -37.5000    7.5000 2376.9729   17.4617
   -7.5000  -30.0000    7.5000 2493.6797   15.5743
    0.0000  -30.0000    7.5000 2514.7417   15.5126
    7.5000  -30.0000    7.5000 2497.6721   15.6979
   -7.5000  -22.5000    7.5000 2600.2703   14.2117
    0.0000  -22.5000    7.5000 2617.0708   14.1366
    7.5000  -22.5000    7.5000 2605.3796   14.3323
   -7.5000  -15.0000    7.5000 2683.1406   13.2328
    0.0000  -15.0000    7.5000 2697.9399   13.1281
    7.5000  -15.0000    7.5000 2682.3867   13.3090
   -7.5000   -7.5000    7.5000 2737.8013   12.5315
    0.0000   -7.5000    7.5000 2748.1780   12.4538
    7.5000   -7.5000    7.5000 2728.5996   12.6176
   -7.5000    0.0000    7.5000 2770.1475   12.0350
    0.0000    0.0000    7.5000 2780.3306   11.9925
    7.5000    0.0000    7.5000 2753.0466   12.1902
   -7.5000    7.5000    7.5000 2797.9709   11.8329
    0.0000    7.5000    7.5000 2801.0176   11.7772
    7.5000    7.5000    7.5000 2768.5388   11.9911
   -7.5000   15.0000    7.5000 2804.1528   11.9315
    0.0000   15.0000    7.5000 2800.0430   11.8662
    7.5000   15.0000    7.5000 2762.9475   12.1126
   -7.5000   22.5000    7.5000 2780.2515   12.2996
    0.0000   22.5000    7.5000 2781.3005   12.2446
    7.5000   22.5000    7.5000 2740.1609   12.4825
   -7.5000   30.0000    7.5000 2724.4905   12.8923
    0.0000   30.0000    7.5000 2720.3010   12.8591
    7.5000   30.0000    7.5000 2685.4729   13.0731
   -7.5000   37.5000    7.5000 2639.5901   13.7550
    0.0000   37.5000    7.5000 2638.0007   13.7101
    7.5000   37.5000    7.5000 2600.9084   13.9487
   -7.5000   45.0000    7.5000 2531.1594   14.8770
    0.0000   45.0000    7.5000 2527.4858   14.8262
    7.5000   45.0000    7.5000 2492.4944   15.0545
   -7.5000  -45.0000   15.0000 2262.5073   18.9853
    0.0000  -45.0000   15.0000 2272.4934   18.8851
    7.5000  -45.0000   15.0000 2257.3132   19.0509
   -7.5000  -37.5000   15.0000 2398.0688   16.7729
    0.0000  -37.5000   15.0000 2413.3271   16.7000
    7.5000  -37.5000   15.0000 2399.7747   16.8492
   -7.5000  -30.0000   15.0000 2521.6904   15.0204
    0.0000  -30.0000   15.0000 2539.2168   14.9384
    7.5000  -30.0000   15.0000 2525.7329   15.0734
   -7.5000  -22.5000   15.0000 2634.5281   13.6739
    0.0000  -22.5000   15.0000 2650.2485   13.5752
    7.5000  -22.5000   15.0000 2639.8386   13.7081
   -7.5000  -15.0000   15.0000 2727.2502   12.6430
    0.0000  -15.0000   15.0000 2739.9866   12.5604
    7.5000  -15.0000   15.0000 2721.1775   12.6772
   -7.5000   -7.5000   15.0000 2797.4944   11.9114
    0.0000   -7.5000   15.0000 2805.9150   11.8343
    7.5000   -7.5000   15.0000 2779.8586   11.9799
   -7.5000    0.0000   15.0000 2845.1436   11.4344
    0.0000    0.0000   15.0000 2849.6074   11.3644
    7.5000    0.0000   15.0000 2816.4656   11.5549
   -7.5000    7.5000   15.0000 2882.1057   11.1952
    0.0000    7.5000   15.0000 2879.3657   11.1261
    7.5000    7.5000   15.0000 2839.1919   11.3345
   -7.5000   15.0000   15.0000 2886.4287   11.2813
    0.0000   15.0000   15.0000 2877.2366   11.2102
    7.5000   15.0000   15.0000 2836.2397   11.4455
   -7.5000   22.5000   15.0000 2857.1108   11.6494
    0.0000   22.5000   15.0000 2855.1252   11.5897
    7.5000   22.5000   15.0000 2814.3438   11.7858
   -7.5000   30.0000   15.0000 2800.8787   12.2327
    0.0000   30.0000   15.0000 2795.3728   12.1834
    7.5000   30.0000   15.0000 2757.6406   12.3991
   -7.5000   37.5000   15.0000 2709.7512   13.0450
    0.0000   37.5000   15.0000 2704.3037   13.0209
    7.5000   37.5000   15.0000 2664.3906   13.2510
   -7.5000   45.0000   15.0000 2595.9487   14.1397
    0.0000   45.0000   15.0000 2587.7937   14.0993
    7.5000   45.0000   15.0000 2550.3025   14.3420
   -7.5000  -45.0000   22.5000 2275.0947   18.7700
    0.0000  -45.0000   22.5000 2288.0261   18.5766
    7.5000  -45.0000   22.5000 2272.1172   18.7201
   -7.5000  -37.5000   22.5000 2412.1250   16.5230
    0.0000  -37.5000   22.5000 2425.5884   16.3876
    7.5000  -37.5000   22.5000 2409.7183   16.5163
   -7.5000  -30.0000   22.5000 2533.8738   14.7467
    0.0000  -30.0000   22.5000 2546.8616   14.5848
    7.5000  -30.0000   22.5000 2532.8955   14.7117
   -7.5000  -22.5000   22.5000 2645.4441   13.3400
    0.0000  -22.5000   22.5000 2657.3823   13.1993
    7.5000  -22.5000   22.5000 2643.3760   13.3078
   -7.5000  -15.0000   22.5000 2748.0959   12.2768
    0.0000  -15.0000   22.5000 2756.4629   12.1330
    7.5000  -15.0000   22.5000 2734.8557   12.2392
   -7.5000   -7.5000   22.5000 2835.8687   11.4975
    0.0000   -7.5000   22.5000 2842.8474   11.3870
    7.5000   -7.5000   22.5000 2814.5105   11.5132
   -7.5000    0.0000   22.5000 2902.0486   11.0632
    0.0000    0.0000   22.5000 2905.0945   10.9624
    7.5000    0.0000   22.5000 2865.9641   11.1142
   -7.5000    7.5000   22.5000 2954.2307   10.8127
    0.0000    7.5000   22.5000 2949.9270   10.7251
    7.5000    7.5000   22.5000 2901.5762   10.9172
   -7.5000   15.0000   22.5000 2957.9900   10.8543
    0.0000   15.0000   22.5000 2944.9402   10.7642
    7.5000   15.0000   22.5000 2896.5959   11.0160
   -7.5000   22.5000   22.5000 2925.6174   11.2291
    0.0000   22.5000   22.5000 2916.3953   11.1174
    7.5000   22.5000   22.5000 2866.9070   11.3497
   -7.5000   30.0000   22.5000 2861.2092   11.7711
    0.0000   30.0000   22.5000 2855.3103   11.6653
    7.5000   30.0000   22.5000 2807.3657   11.8949
   -7.5000   37.5000   22.5000 2763.5054   12.5736
    0.0000   37.5000   22.5000 2758.2087   12.4880
    7.5000   37.5000   22.5000 2715.6160   12.7359
   -7.5000   45.0000   22.5000 2638.6514   13.6824
    0.0000   45.0000   22.5000 2631.9084   13.5929
    7.5000   45.0000   22.5000 2593.8950   13.8452
   -7.5000  -45.0000   30.0000 2267.9465   18.6988
    0.0000  -45.0000   30.0000 2285.8611   18.5355
    7.5000  -45.0000   30.0000 2268.3677   18.5630
   -7.5000  -37.5000   30.0000 2399.9707   16.4198
    0.0000  -37.5000   30.0000 2416.9253   16.3057
    7.5000  -37.5000   30.0000 2395.2656   16.3259
   -7.5000  -30.0000   30.0000 2518.6426   14.6163
    0.0000  -30.0000   30.0000 2534.5195   14.5146
    7.5000  -30.0000   30.0000 2510.0874   14.5362
   -7.5000  -22.5000   30.0000 2636.6255   13.2027
    0.0000  -22.5000   30.0000 2643.7427   13.0683
    7.5000  -22.5000   30.0000 2621.3904   13.0974
   -7.5000  -15.0000   30.0000 2750.3218   12.0808
    0.0000  -15.0000   30.0000 2750.5945   11.9796
    7.5000  -15.0000   30.0000 2723.8330   12.0196
   -7.5000   -7.5000   30.0000 2850.4243   11.3354
    0.0000   -7.5000   30.0000 2849.9231   11.2488
    7.5000   -7.5000   30.0000 2822.9590   11.3041
   -7.5000    0.0000   30.0000 2933.7239   10.9252
    0.0000    0.0000   30.0000 2939.1638   10.8318
    7.5000    0.0000   30.0000 2903.6252   10.8869
   -7.5000    7.5000   30.0000 3003.6360   10.6888
    0.0000    7.5000   30.0000 3007.6436   10.6361
    7.5000    7.5000   30.0000 2946.8318   10.7050
   -7.5000   15.0000   30.0000 3005.6548   10.6493
    0.0000   15.0000   30.0000 2998.2346   10.6264
    7.5000   15.0000   30.0000 2938.6865   10.7624
   -7.5000   22.5000   30.0000 2965.0352   10.9269
    0.0000   22.5000   30.0000 2954.1924   10.8772
    7.5000   22.5000   30.0000 2897.0056   11.0421
   -7.5000   30.0000   30.0000 2889.5168   11.4748
    0.0000   30.0000   30.0000 2879.9109   11.4010
    7.5000   30.0000   30.0000 2827.1655   11.5624
   -7.5000   37.5000   30.0000 2790.2302   12.3000
    0.0000   37.5000   30.0000 2782.6570   12.2377
    7.5000   37.5000   30.0000 2739.5376   12.3948
   -7.5000   45.0000   30.0000 2662.8069   13.4161
    0.0000   45.0000   30.0000 2656.6270   13.3731
    7.5000   45.0000   30.0000 2616.6707   13.5352
   -7.5000  -45.0000   37.5000 2252.7192   19.0358
    0.0000  -45.0000   37.5000 2274.3118   18.7737
    7.5000  -45.0000   37.5000 2251.8943   18.8385
   -7.5000  -37.5000   37.5000 2384.6460   16.6215
    0.0000  -37.5000   37.5000 2399.2632   16.4145
    7.5000  -37.5000   37.5000 2376.7874   16.4936
   -7.5000  -30.0000   37.5000 2502.6794   14.7118
    0.0000  -30.0000   37.5000 2504.2273   14.5122
    7.5000  -30.0000   37.5000 2484.5049   14.6356
   -7.5000  -22.5000   37.5000 2620.5938   13.2644
    0.0000  -22.5000   37.5000 2616.8472   13.1249
    7.5000  -22.5000   37.5000 2599.6301   13.1880
   -7.5000  -15.0000   37.5000 2736.7178   12.1857
    0.0000  -15.0000   37.5000 2736.7825   12.1201
    7.5000  -15.0000   37.5000 2711.0530   12.1355
   -7.5000   -7.5000   37.5000 2844.0549   11.4217
    0.0000   -7.5000   37.5000 2845.7625   11.4180
    7.5000   -7.5000   37.5000 2815.8225   11.4170
   -7.5000    0.0000   37.5000 2943.5923   10.9893
    0.0000    0.0000   37.5000 2951.5168   10.9825
    7.5000    0.0000   37.5000 2905.2075   10.9188
   -7.5000    7.5000   37.5000 3018.0898   10.7097
    0.0000    7.5000   37.5000 3029.5415   10.6748
    7.5000    7.5000   37.5000 2958.3652   10.6646
   -7.5000   15.0000   37.5000 3016.6687   10.5559
    0.0000   15.0000   37.5000 3018.9180   10.5779
    7.5000   15.0000   37.5000 2955.4048   10.7251
   -7.5000   22.5000   37.5000 2979.8215   10.7969
    0.0000   22.5000   37.5000 2967.0947   10.7608
    7.5000   22.5000   37.5000 2908.4287   10.9880
   -7.5000   30.0000   37.5000 2894.0029   11.3775
    0.0000   30.0000   37.5000 2882.2473   11.2795
    7.5000   30.0000   37.5000 2837.8867   11.4810
   -7.5000   37.5000   37.5000 2788.5476   12.2301
    0.0000   37.5000   37.5000 2778.9976   12.1152
    7.5000   37.5000   37.5000 2743.5662   12.3347
   -7.5000   45.0000   37.5000 2662.6638   13.3537
    0.0000   45.0000   37.5000 2656.0288   13.2538
    7.5000   45.0000   37.5000 2616.2305   13.4756
   -7.5000  -45.0000   45.0000 2220.9094   19.5845
    0.0000  -45.0000   45.0000 2234.1936   19.2869
    7.5000  -45.0000   45.0000 2213.7180   19.3098
   -7.5000  -37.5000   45.0000 2356.1448   17.0504
    0.0000  -37.5000   45.0000 2363.9695   16.8528
    7.5000  -37.5000   45.0000 2340.1414   16.9047
   -7.5000  -30.0000   45.0000 2473.8865   15.0870
    0.0000  -30.0000   45.0000 2473.8464   14.9344
    7.5000  -30.0000   45.0000 2454.8364   15.0198
   -7.5000  -22.5000   45.0000 2593.4668   13.5928
    0.0000  -22.5000   45.0000 2589.9077   13.4945
    7.5000  -22.5000   45.0000 2570.9314   13.5781
   -7.5000  -15.0000   45.0000 2708.6953   12.4485
    0.0000  -15.0000   45.0000 2699.5684   12.3642
    7.5000  -15.0000   45.0000 2677.7007   12.4561
   -7.5000   -7.5000   45.0000 2815.7478   11.6317
    0.0000   -7.5000   45.0000 2800.3589   11.5615
    7.5000   -7.5000   45.0000 2781.7556   11.6535
   -7.5000    0.0000   45.0000 2909.7080   11.1145
    0.0000    0.0000   45.0000 2901.2898   11.0323
    7.5000    0.0000   45.0000 2873.0291   11.1061
   -7.5000    7.5000   45.0000 2973.8818   10.7056
    0.0000    7.5000   45.0000 2972.2476   10.6996
    7.5000    7.5000   45.0000 2928.0723   10.8413
   -7.5000   15.0000   45.0000 2984.5222   10.7134
    0.0000   15.0000   45.0000 2980.1404   10.6958
    7.5000   15.0000   45.0000 2930.5547   10.8973
   -7.5000   22.5000   45.0000 2957.4346   11.0437
    0.0000   22.5000   45.0000 2943.7581   10.9936
    7.5000   22.5000   45.0000 2888.8806   11.1745
   -7.5000   30.0000   45.0000 2864.2141   11.6004
    0.0000   30.0000   45.0000 2857.3308   11.5090
    7.5000   30.0000   45.0000 2815.1733   11.6889
   -7.5000   37.5000   45.0000 2759.4924   12.3700
    0.0000   37.5000   45.0000 2751.7029   12.2647
    7.5000   37.5000   45.0000 2720.4258   12.4905
   -7.5000   45.0000   45.0000 2640.1555   13.4225
    0.0000   45.0000   45.0000 2634.4741   13.3275
    7.5000   45.0000   45.0000 2600.0090   13.5528
   -7.5000  -45.0000   52.5000 2180.7832   20.3200
    0.0000  -45.0000   52.5000 2187.1160   20.0541
    7.5000  -45.0000   52.5000 2166.3198   20.0614
   -7.5000  -37.5000   52.5000 2318.4199   17.6894
    0.0000  -37.5000   52.5000 2322.7671   17.4322
    7.5000  -37.5000   52.5000 2302.6597   17.5020
   -7.5000  -30.0000   52.5000 2440.4744   15.5756
    0.0000  -30.0000   52.5000 2440.1934   15.3806
    7.5000  -30.0000   52.5000 2421.5388   15.5099
   -7.5000  -22.5000   52.5000 2560.5117   13.9732
    0.0000  -22.5000   52.5000 2557.2478   13.8080
    7.5000  -22.5000   52.5000 2539.7705   13.9905
   -7.5000  -15.0000   52.5000 2676.3503   12.7936
    0.0000  -15.0000   52.5000 2665.4607   12.6456
    7.5000  -15.0000   52.5000 2647.6802   12.8256
   -7.5000   -7.5000   52.5000 2785.5952   11.9869
    0.0000   -7.5000   52.5000 2767.0295   11.8642
    7.5000   -7.5000   52.5000 2746.9490   11.9866
   -7.5000    0.0000   52.5000 2872.9685   11.4044
    0.0000    0.0000   52.5000 2859.8501   11.2979
    7.5000    0.0000   52.5000 2832.0996   11.4347
   -7.5000    7.5000   52.5000 2933.1833   10.9938
    0.0000    7.5000   52.5000 2924.8027   10.9587
    7.5000    7.5000   52.5000 2887.2258   11.1808
   -7.5000   15.0000   52.5000 2941.8245   11.0364
    0.0000   15.0000   52.5000 2934.8516   10.9929
    7.5000   15.0000   52.5000 2887.6921   11.1906
   -7.5000   22.5000   52.5000 2904.0415   11.3932
    0.0000   22.5000   52.5000 2899.3928   11.3423
    7.5000   22.5000   52.5000 2851.8875   11.5104
   -7.5000   30.0000   52.5000 2821.1238   12.0286
    0.0000   30.0000   52.5000 2816.9485   11.9459
    7.5000   30.0000   52.5000 2776.7300   12.0913
   -7.5000   37.5000   52.5000 2711.9167   12.7939
    0.0000   37.5000   52.5000 2707.0374   12.7028
    7.5000   37.5000   52.5000 2678.6067   12.8589
   -7.5000   45.0000   52.5000 2597.3997   13.7588
    0.0000   45.0000   52.5000 2593.1460   13.6992
    7.5000   45.0000   52.5000 2561.9844   13.8836
   -7.5000  -45.0000   60.0000 2120.6184   21.0622
    0.0000  -45.0000   60.0000 2118.6331   20.7033
    7.5000  -45.0000   60.0000 2098.6394   20.6822
   -7.5000  -37.5000   60.0000 2260.1257   18.2909
    0.0000  -37.5000   60.0000 2257.8721   17.9299
    7.5000  -37.5000   60.0000 2244.9648   18.0507
   -7.5000  -30.0000   60.0000 2381.5405   16.1018
    0.0000  -30.0000   60.0000 2377.2361   15.8207
    7.5000  -30.0000   60.0000 2364.3274   16.0025
   -7.5000  -22.5000   60.0000 2505.0310   14.4864
    0.0000  -22.5000   60.0000 2496.1309   14.2504
    7.5000  -22.5000   60.0000 2481.6355   14.4613
   -7.5000  -15.0000   60.0000 2622.0002   13.2983
    0.0000  -15.0000   60.0000 2610.7327   13.1021
    7.5000  -15.0000   60.0000 2590.6533   13.2636
   -7.5000   -7.5000   60.0000 2721.5845   12.4448
    0.0000   -7.5000   60.0000 2711.6709   12.2896
    7.5000   -7.5000   60.0000 2689.2507   12.4246
   -7.5000    0.0000   60.0000 2803.8350   11.8278
    0.0000    0.0000   60.0000 2791.6001   11.6995
    7.5000    0.0000   60.0000 2760.4458   11.8921
   -7.5000    7.5000   60.0000 2851.8689   11.4773
    0.0000    7.5000   60.0000 2835.7214   11.3993
    7.5000    7.5000   60.0000 2802.5522   11.6022
   -7.5000   15.0000   60.0000 2852.3391   11.5141
    0.0000   15.0000   60.0000 2840.4131   11.4166
    7.5000   15.0000   60.0000 2808.1548   11.5960
   -7.5000   22.5000   60.0000 2811.1204   11.8751
    0.0000   22.5000   60.0000 2803.2109   11.7877
    7.5000   22.5000   60.0000 2766.4634   11.9206
   -7.5000   30.0000   60.0000 2733.3079   12.4948
    0.0000   30.0000   60.0000 2726.8296   12.4055
    7.5000   30.0000   60.0000 2693.9312   12.5445
   -7.5000   37.5000   60.0000 2631.8162   13.2539
    0.0000   37.5000   60.0000 2630.1394   13.1735
    7.5000   37.5000   60.0000 2602.2109   13.3352
   -7.5000   45.0000   60.0000 2524.9937   14.2640
    0.0000   45.0000   60.0000 2523.8652   14.1707
    7.5000   45.0000   60.0000 2494.6428   14.3203
   -7.5000  -45.0000   67.5000 2042.6921   21.6180
    0.0000  -45.0000   67.5000 2035.7145   21.1289
    7.5000  -45.0000   67.5000 2020.2312   21.2287
   -7.5000  -37.5000   67.5000 2181.1030   18.7805
    0.0000  -37.5000   67.5000 2178.0452   18.4119
    7.5000  -37.5000   67.5000 2167.3093   18.5668
   -7.5000  -30.0000   67.5000 2305.4631   16.5956
    0.0000  -30.0000   67.5000 2298.4744   16.2887
    7.5000  -30.0000   67.5000 2286.7871   16.5076
   -7.5000  -22.5000   67.5000 2426.1960   14.9831
    0.0000  -22.5000   67.5000 2419.8345   14.7035
    7.5000  -22.5000   67.5000 2402.8962   14.9172
   -7.5000  -15.0000   67.5000 2536.0828   13.7888
    0.0000  -15.0000   67.5000 2524.5906   13.5432
    7.5000  -15.0000   67.5000 2506.4631   13.7489
   -7.5000   -7.5000   67.5000 2626.1750   12.9179
    0.0000   -7.5000   67.5000 2619.8623   12.7149
    7.5000   -7.5000   67.5000 2597.5989   12.9179
   -7.5000    0.0000   67.5000 2699.3564   12.3110
    0.0000    0.0000   67.5000 2688.0500   12.1855
    7.5000    0.0000   67.5000 2656.6123   12.3873
   -7.5000    7.5000   67.5000 2731.8357   12.0149
    0.0000    7.5000   67.5000 2711.6731   11.9199
    7.5000    7.5000   67.5000 2688.1519   12.0983
   -7.5000   15.0000   67.5000 2726.3958   12.0483
    0.0000   15.0000   67.5000 2714.6465   11.9134
    7.5000   15.0000   67.5000 2682.9434   12.0831
   -7.5000   22.5000   67.5000 2684.4390   12.3917
    0.0000   22.5000   67.5000 2677.2649   12.2645
    7.5000   22.5000   67.5000 2645.4214   12.4030
   -7.5000   30.0000   67.5000 2614.7910   12.9566
    0.0000   30.0000   67.5000 2606.7493   12.8452
    7.5000   30.0000   67.5000 2576.7275   12.9945
   -7.5000   37.5000   67.5000 2526.0012   13.7035
    0.0000   37.5000   67.5000 2521.6196   13.6271
    7.5000   37.5000   67.5000 2493.3206   13.7947
   -7.5000   45.0000   67.5000 2418.8030   14.6579
    0.0000   45.0000   67.5000 2418.6365   14.6092
    7.5000   45.0000   67.5000 2392.7319   14.7942
   -7.5000  -45.0000   75.0000 1949.9337   22.1035
    0.0000  -45.0000   75.0000 1949.3217   21.6485
    7.5000  -45.0000   75.0000 1937.4652   21.8033
   -7.5000  -37.5000   75.0000 2090.8640   19.1434
    0.0000  -37.5000   75.0000 2088.9634   18.7919
    7.5000  -37.5000   75.0000 2077.4395   19.0268
   -7.5000  -30.0000   75.0000 2212.3374   16.9744
    0.0000  -30.0000   75.0000 2213.6318   16.6837
    7.5000  -30.0000   75.0000 2197.6108   16.9558
   -7.5000  -22.5000   75.0000 2331.8416   15.4102
    0.0000  -22.5000   75.0000 2329.2522   15.1101
    7.5000  -22.5000   75.0000 2307.7747   15.3835
   -7.5000  -15.0000   75.0000 2433.5627   14.2625
    0.0000  -15.0000   75.0000 2424.3516   14.0238
    7.5000  -15.0000   75.0000 2405.4890   14.2222
   -7.5000   -7.5000   75.0000 2513.9648   13.3832
    0.0000   -7.5000   75.0000 2506.7710   13.2064
    7.5000   -7.5000   75.0000 2487.6938   13.4334
   -7.5000    0.0000   75.0000 2571.6694   12.8230
    0.0000    0.0000   75.0000 2560.3914   12.6832
    7.5000    0.0000   75.0000 2535.2080   12.9012
   -7.5000    7.5000   75.0000 2598.3738   12.5690
    0.0000    7.5000   75.0000 2581.9927   12.4356
    7.5000    7.5000   75.0000 2558.9644   12.6118
   -7.5000   15.0000   75.0000 2585.5054   12.5834
    0.0000   15.0000   75.0000 2577.5339   12.4343
    7.5000   15.0000   75.0000 2550.2439   12.6156
   -7.5000   22.5000   75.0000 2549.4280   12.8667
    0.0000   22.5000   75.0000 2539.0168   12.7256
    7.5000   22.5000   75.0000 2514.8079   12.9061
   -7.5000   30.0000   75.0000 2491.2817   13.3647
    0.0000   30.0000   75.0000 2477.2620   13.2402
    7.5000   30.0000   75.0000 2450.3210   13.4450
   -7.5000   37.5000   75.0000 2408.8328   14.0905
    0.0000   37.5000   75.0000 2404.2319   14.0137
    7.5000   37.5000   75.0000 2372.3333   14.2187
   -7.5000   45.0000   75.0000 2305.6455   15.0914
    0.0000   45.0000   75.0000 2302.9097   15.0166
    7.5000   45.0000   75.0000 2275.6077   15.2253
   -7.5000  -45.0000   82.5000 1882.8259   23.4486
    0.0000  -45.0000   82.5000 1887.7870   23.1041
    7.5000  -45.0000   82.5000 1874.8623   23.4304
   -7.5000  -37.5000   82.5000 2024.7284   20.3549
    0.0000  -37.5000   82.5000 2029.5309   20.0405
    7.5000  -37.5000   82.5000 2014.5859   20.3975
   -7.5000  -30.0000   82.5000 2146.5898   18.0894
    0.0000  -30.0000   82.5000 2153.4932   17.8189
    7.5000  -30.0000   82.5000 2131.1538   18.1440
   -7.5000  -22.5000   82.5000 2263.4299   16.4655
    0.0000  -22.5000   82.5000 2265.1243   16.2108
    7.5000  -22.5000   82.5000 2237.7966   16.4786
   -7.5000  -15.0000   82.5000 2367.3887   15.2871
    0.0000  -15.0000   82.5000 2359.0066   15.0450
    7.5000  -15.0000   82.5000 2335.5366   15.3123
   -7.5000   -7.5000   82.5000 2438.9453   14.4495
    0.0000   -7.5000   82.5000 2436.1023   14.2503
    7.5000   -7.5000   82.5000 2412.2205   14.5120
   -7.5000    0.0000   82.5000 2483.5161   13.8955
    0.0000    0.0000   82.5000 2474.4734   13.7485
    7.5000    0.0000   82.5000 2452.9353   13.9747
   -7.5000    7.5000   82.5000 2505.7334   13.6251
    0.0000    7.5000   82.5000 2494.5884   13.4885
    7.5000    7.5000   82.5000 2468.9932   13.7020
   -7.5000   15.0000   82.5000 2491.2412   13.5956
    0.0000   15.0000   82.5000 2486.3115   13.4595
    7.5000   15.0000   82.5000 2457.8911   13.6522
   -7.5000   22.5000   82.5000 2455.8909   13.8672
    0.0000   22.5000   82.5000 2448.3755   13.7371
    7.5000   22.5000   82.5000 2421.8174   13.9169
   -7.5000   30.0000   82.5000 2399.8850   14.3336
    0.0000   30.0000   82.5000 2390.8525   14.2116
    7.5000   30.0000   82.5000 2364.5076   14.4210
   -7.5000   37.5000   82.5000 2327.3330   15.0983
    0.0000   37.5000   82.5000 2317.9746   14.9934
    7.5000   37.5000   82.5000 2293.3342   15.2094
   -7.5000   45.0000   82.5000 2221.4011   16.1290
    0.0000   45.0000   82.5000 2215.8992   16.0349
    7.5000   45.0000   82.5000 2192.7263   16.2424

---------------------------------------------------------------------
imgreg_4dfp /opt/freesurfer/average/711-2C_as_mni_average_305 /opt/freesurfer/average/711-2B_as_mni_average_305_mask talsrcimg_g11 none talsrcimg_to_711-2C_as_mni_average_305_t4 1283
---------------------------------------------------------------------

freesurfer imgreg_4dfp.c
/opt/freesurfer/average/711-2C_as_mni_average_305.4dfp.img
       256       256       256         1
  1.000000  1.000000  1.000000
orientation T byte_order littleendian
Reading image: /opt/freesurfer/average/711-2C_as_mni_average_305.4dfp.img
dimensions:      256       256       256
mmppix:       1.0000   -1.0000   -1.0000
center:     128.0000 -129.0000 -129.0000
/opt/freesurfer/average/711-2B_as_mni_average_305_mask.4dfp.img
       256       256       256         1
  1.000000  1.000000  1.000000
orientation T byte_order littleendian
Reading mask: /opt/freesurfer/average/711-2B_as_mni_average_305_mask.4dfp.img (2306576 pixels)
talsrcimg_g11.4dfp.img
       256       256       256         1
  1.000000  1.000000  1.000000
orientation T byte_order littleendian
Reading image: talsrcimg_g11.4dfp.img
dimensions:      256       256       256
mmppix:       1.0000   -1.0000   -1.0000
center:     128.0000 -129.0000 -129.0000
rotation matrix determinant  1.000000
fimgreg.f
image alignment mode   1283 decimal      503 hex
parameters
    0.0000    7.5000   37.5000    0.0000    0.0000    0.0000
eta,q 0.94877 10.70130
niter,ni,del,rscale     5    3   12.0000    1.2000
parameter  2 -0.542483 -> -0.500000 qaram    1.1500
parameter  4  0.736613 ->  0.500000 qaram    1.1500
parameter  5 -0.762198 -> -0.500000 qaram    1.1500
parameter  6 -0.919132 -> -0.500000 qaram    1.1500
parameters
   -2.7001   10.9500   35.4586   -3.4500    3.4500    3.4500
eta,q 0.96023 10.63613
  0.0533  0.0676  0.0509  0.0447  0.0546  0.0499
  0.0507  0.0605  0.0474  0.0446  0.0509  0.0471
  0.0506  0.0545  0.0462  0.0448  0.0474  0.0446
  0.0521  0.0502  0.0487  0.0462  0.0446  0.0422
  0.0559  0.0486  0.0510  0.0485  0.0428  0.0404
  0.0626  0.0486  0.0545  0.0511  0.0421  0.0397
  0.0695  0.0498  0.0605  0.0544  0.0428  0.0401
niter,ni,del,rscale     7    3   12.0000    1.2000
parameter  4  0.551140 ->  0.500000 qaram    1.3225
parameters
   -3.9482   12.2697   34.8732   -7.4175    4.8035    3.8731
eta,q 0.96430 10.67904
  0.0479  0.0579  0.0465  0.0384  0.0482  0.0450
  0.0413  0.0477  0.0416  0.0357  0.0427  0.0405
  0.0382  0.0408  0.0387  0.0361  0.0379  0.0370
  0.0398  0.0383  0.0385  0.0382  0.0356  0.0357
  0.0440  0.0394  0.0411  0.0413  0.0361  0.0365
  0.0496  0.0430  0.0448  0.0447  0.0377  0.0393
  0.0566  0.0457  0.0491  0.0480  0.0412  0.0429
niter,ni,del,rscale     7    3   12.0000    1.2000
parameters
   -4.7260   13.5068   34.1346   -7.8233    5.3771    3.9907
eta,q 0.96547 10.60074
  0.0478  0.0592  0.0422  0.0448  0.0454  0.0432
  0.0395  0.0484  0.0380  0.0396  0.0406  0.0387
  0.0347  0.0386  0.0357  0.0351  0.0365  0.0355
  0.0357  0.0347  0.0348  0.0348  0.0346  0.0345
  0.0403  0.0360  0.0373  0.0375  0.0352  0.0357
  0.0463  0.0405  0.0415  0.0413  0.0382  0.0385
  0.0535  0.0459  0.0462  0.0461  0.0426  0.0423
niter,ni,del,rscale     6    3   12.0000    1.2000
parameters
   -4.8082   13.8146   33.9771   -8.1072    5.4075    4.0688
eta,q 0.96536 10.59158
  0.0505  0.0542  0.0438  0.0451  0.0442  0.0429
  0.0415  0.0430  0.0387  0.0401  0.0396  0.0385
  0.0354  0.0357  0.0361  0.0353  0.0360  0.0355
  0.0345  0.0345  0.0347  0.0347  0.0346  0.0346
  0.0378  0.0378  0.0364  0.0374  0.0358  0.0358
  0.0433  0.0435  0.0401  0.0412  0.0393  0.0385
  0.0498  0.0485  0.0442  0.0461  0.0442  0.0423
niter,ni,del,rscale     5    3   12.0000    1.2000
parameters
   -4.8084   13.9264   33.9027   -8.2669    5.3915    4.0947
eta,q 0.96529 10.59074
  0.0509  0.0530  0.0440  0.0453  0.0440  0.0428
  0.0418  0.0422  0.0387  0.0406  0.0395  0.0384
  0.0357  0.0352  0.0361  0.0356  0.0360  0.0355
  0.0346  0.0346  0.0347  0.0347  0.0347  0.0347
  0.0376  0.0383  0.0363  0.0373  0.0359  0.0359
  0.0430  0.0442  0.0400  0.0410  0.0393  0.0386
  0.0494  0.0490  0.0438  0.0458  0.0444  0.0423
niter,ni,del,rscale     4    3   12.0000    1.2000
parameters
   -4.7985   13.9825   33.8576   -8.3564    5.3796    4.1057
eta,q 0.96525 10.59082
  0.0509  0.0526  0.0441  0.0454  0.0440  0.0428
  0.0418  0.0420  0.0388  0.0409  0.0396  0.0384
  0.0357  0.0352  0.0362  0.0357  0.0361  0.0355
  0.0347  0.0347  0.0348  0.0348  0.0348  0.0348
  0.0376  0.0384  0.0363  0.0372  0.0359  0.0360
  0.0430  0.0444  0.0399  0.0409  0.0393  0.0386
  0.0493  0.0492  0.0437  0.0456  0.0444  0.0424
niter,ni,del,rscale     3    3   12.0000    1.2000
parameters
   -4.7900   14.0146   33.8328   -8.4069    5.3702    4.1112
eta,q 0.96522 10.59105
  0.0509  0.0525  0.0442  0.0454  0.0440  0.0427
  0.0417  0.0420  0.0388  0.0411  0.0396  0.0384
  0.0357  0.0351  0.0362  0.0358  0.0361  0.0355
  0.0348  0.0348  0.0348  0.0348  0.0348  0.0348
  0.0376  0.0385  0.0362  0.0371  0.0359  0.0360
  0.0430  0.0445  0.0399  0.0409  0.0393  0.0387
  0.0493  0.0492  0.0436  0.0455  0.0443  0.0424
registration optimization eta report
parameter search radius
    6.0000    6.9000    6.0000    7.9350    6.9000    6.9000
100000*second partial in parameter space
       42.       33.       25.       16.       20.       16.
  0.0509  0.0525  0.0442  0.0454  0.0440  0.0427
  0.0417  0.0420  0.0388  0.0411  0.0396  0.0384
  0.0357  0.0351  0.0362  0.0358  0.0361  0.0355
  0.0348  0.0348  0.0348  0.0348  0.0348  0.0348
  0.0376  0.0385  0.0362  0.0371  0.0359  0.0360
  0.0430  0.0445  0.0399  0.0409  0.0393  0.0387
  0.0493  0.0492  0.0436  0.0455  0.0443  0.0424
   -4.7900   14.0146   33.8328   -8.4069    5.3702    4.1112
eta,q 0.96522 10.59105

---------------------------------------------------------------------
imgreg_4dfp /opt/freesurfer/average/711-2C_as_mni_average_305 /opt/freesurfer/average/711-2B_as_mni_average_305_mask talsrcimg_g11 none talsrcimg_to_711-2C_as_mni_average_305_t4 3335
---------------------------------------------------------------------

freesurfer imgreg_4dfp.c
/opt/freesurfer/average/711-2C_as_mni_average_305.4dfp.img
       256       256       256         1
  1.000000  1.000000  1.000000
orientation T byte_order littleendian
Reading image: /opt/freesurfer/average/711-2C_as_mni_average_305.4dfp.img
dimensions:      256       256       256
mmppix:       1.0000   -1.0000   -1.0000
center:     128.0000 -129.0000 -129.0000
/opt/freesurfer/average/711-2B_as_mni_average_305_mask.4dfp.img
       256       256       256         1
  1.000000  1.000000  1.000000
orientation T byte_order littleendian
Reading mask: /opt/freesurfer/average/711-2B_as_mni_average_305_mask.4dfp.img (2306576 pixels)
talsrcimg_g11.4dfp.img
       256       256       256         1
  1.000000  1.000000  1.000000
orientation T byte_order littleendian
Reading image: talsrcimg_g11.4dfp.img
dimensions:      256       256       256
mmppix:       1.0000   -1.0000   -1.0000
center:     128.0000 -129.0000 -129.0000
fimgreg.f
image alignment mode   3335 decimal      D07 hex
parameters
   -4.7900   14.0146   33.8328   -0.6951   -1.2310   -1.5087
   -5.7274  -10.2828    7.1378   13.9189    9.3590  -14.5561
eta,q 0.96609 10.66410
niter,ni,del,rscale     5    3    5.0000    1.2000
parameter  5  2.370493 ->  0.500000 qaram    1.1500
parameters
   -4.4813   13.9683   33.8627   -2.8788   -5.3710   -3.6432
   -7.7567   -9.2010    7.1809   11.8025   11.1620  -14.1883
eta,q 0.97148 10.48380
  0.0376  0.0356  0.0356  0.0348  0.0280  0.0318  0.0303  0.0348  0.0311  0.0305  0.0301  0.0299
  0.0358  0.0346  0.0346  0.0342  0.0291  0.0304  0.0294  0.0322  0.0300  0.0292  0.0294  0.0292
  0.0345  0.0341  0.0340  0.0338  0.0311  0.0293  0.0290  0.0301  0.0292  0.0286  0.0289  0.0287
  0.0339  0.0339  0.0339  0.0339  0.0338  0.0296  0.0292  0.0290  0.0289  0.0289  0.0286  0.0285
  0.0340  0.0341  0.0340  0.0345  0.0368  0.0313  0.0300  0.0290  0.0291  0.0301  0.0285  0.0286
  0.0347  0.0347  0.0346  0.0363  0.0397  0.0347  0.0312  0.0302  0.0299  0.0322  0.0287  0.0290
  0.0362  0.0357  0.0355  0.0390  0.0428  0.0384  0.0329  0.0323  0.0311  0.0348  0.0292  0.0296
niter,ni,del,rscale     5    3    5.0000    1.2000
parameter  5  0.622415 ->  0.500000 qaram    1.3225
parameters
   -4.0365   14.2565   33.4647   -1.2851  -10.1320   -4.0292
   -7.8024   -9.2501    6.9788   12.2175   11.7871  -14.9242
eta,q 0.97366 10.39056
  0.0323  0.0316  0.0295  0.0309  0.0273  0.0301  0.0289  0.0308  0.0284  0.0297  0.0276  0.0273
  0.0305  0.0299  0.0288  0.0298  0.0264  0.0288  0.0276  0.0285  0.0274  0.0280  0.0271  0.0267
  0.0292  0.0289  0.0284  0.0289  0.0266  0.0272  0.0267  0.0270  0.0266  0.0269  0.0266  0.0264
  0.0285  0.0284  0.0284  0.0284  0.0281  0.0263  0.0264  0.0264  0.0264  0.0264  0.0264  0.0264
  0.0285  0.0285  0.0287  0.0280  0.0305  0.0269  0.0266  0.0269  0.0266  0.0266  0.0264  0.0266
  0.0290  0.0292  0.0295  0.0283  0.0337  0.0286  0.0275  0.0285  0.0275  0.0275  0.0267  0.0271
  0.0303  0.0303  0.0306  0.0296  0.0373  0.0318  0.0290  0.0310  0.0288  0.0291  0.0274  0.0278
niter,ni,del,rscale     5    3    5.0000    1.2000
parameters
   -3.9814   14.8363   33.4680   -0.2355  -11.5106   -4.3763
   -7.8075   -9.4006    6.4887   13.0726   11.8760  -15.5902
eta,q 0.97397 10.37148
  0.0295  0.0303  0.0278  0.0289  0.0296  0.0298  0.0286  0.0305  0.0280  0.0295  0.0273  0.0270
  0.0278  0.0284  0.0270  0.0277  0.0279  0.0285  0.0273  0.0282  0.0269  0.0277  0.0267  0.0264
  0.0267  0.0271  0.0264  0.0268  0.0265  0.0269  0.0264  0.0266  0.0262  0.0266  0.0262  0.0261
  0.0263  0.0263  0.0262  0.0262  0.0260  0.0261  0.0261  0.0261  0.0261  0.0261  0.0260  0.0260
  0.0266  0.0262  0.0263  0.0259  0.0271  0.0266  0.0264  0.0267  0.0265  0.0262  0.0261  0.0262
  0.0276  0.0267  0.0269  0.0264  0.0295  0.0282  0.0272  0.0284  0.0273  0.0268  0.0266  0.0267
  0.0292  0.0277  0.0279  0.0280  0.0330  0.0314  0.0287  0.0309  0.0285  0.0282  0.0273  0.0274
niter,ni,del,rscale     4    3    5.0000    1.2000
parameters
   -4.0353   15.1012   33.3068    0.1485  -11.9449   -4.6399
   -7.6057   -9.5165    6.2330   13.7061   12.0336  -15.8374
eta,q 0.97401 10.36699
  0.0290  0.0291  0.0274  0.0285  0.0301  0.0297  0.0287  0.0304  0.0280  0.0291  0.0273  0.0271
  0.0273  0.0275  0.0266  0.0275  0.0284  0.0284  0.0273  0.0281  0.0269  0.0275  0.0266  0.0264
  0.0263  0.0265  0.0262  0.0267  0.0269  0.0269  0.0264  0.0266  0.0262  0.0265  0.0262  0.0261
  0.0260  0.0260  0.0260  0.0260  0.0259  0.0260  0.0260  0.0260  0.0260  0.0260  0.0260  0.0260
  0.0264  0.0262  0.0262  0.0259  0.0264  0.0264  0.0262  0.0267  0.0263  0.0261  0.0261  0.0261
  0.0275  0.0268  0.0269  0.0267  0.0284  0.0280  0.0271  0.0283  0.0271  0.0268  0.0265  0.0266
  0.0293  0.0280  0.0279  0.0285  0.0315  0.0312  0.0285  0.0308  0.0283  0.0282  0.0272  0.0272
niter,ni,del,rscale     3    3    5.0000    1.2000
parameters
   -4.0608   15.2588   33.1158    0.3070  -12.1763   -4.8766
   -7.4809   -9.5900    6.0685   14.1539   12.2261  -15.9265
eta,q 0.97401 10.36199
  0.0290  0.0287  0.0273  0.0284  0.0301  0.0297  0.0286  0.0305  0.0280  0.0289  0.0273  0.0271
  0.0274  0.0273  0.0266  0.0274  0.0284  0.0284  0.0273  0.0282  0.0269  0.0274  0.0266  0.0265
  0.0263  0.0264  0.0261  0.0266  0.0269  0.0269  0.0264  0.0266  0.0262  0.0264  0.0262  0.0261
  0.0260  0.0260  0.0260  0.0260  0.0260  0.0260  0.0260  0.0260  0.0260  0.0260  0.0260  0.0260
  0.0264  0.0262  0.0262  0.0259  0.0263  0.0264  0.0263  0.0266  0.0263  0.0261  0.0261  0.0261
  0.0274  0.0269  0.0269  0.0268  0.0282  0.0279  0.0271  0.0282  0.0270  0.0269  0.0265  0.0265
  0.0292  0.0281  0.0279  0.0287  0.0312  0.0311  0.0285  0.0307  0.0282  0.0283  0.0272  0.0272
niter,ni,del,rscale     2    3    5.0000    1.2000
parameters
   -4.0620   15.3902   32.9361    0.3857  -12.3448   -5.1024
   -7.4083   -9.6407    5.9472   14.5058   12.4087  -15.9585
eta,q 0.97399 10.35546
  0.0291  0.0286  0.0273  0.0284  0.0301  0.0296  0.0285  0.0305  0.0280  0.0287  0.0273  0.0272
  0.0274  0.0272  0.0266  0.0274  0.0284  0.0284  0.0272  0.0282  0.0269  0.0273  0.0266  0.0265
  0.0264  0.0263  0.0261  0.0266  0.0270  0.0269  0.0264  0.0266  0.0262  0.0264  0.0262  0.0261
  0.0260  0.0260  0.0260  0.0260  0.0260  0.0260  0.0260  0.0260  0.0260  0.0260  0.0260  0.0260
  0.0263  0.0262  0.0262  0.0259  0.0262  0.0264  0.0263  0.0266  0.0263  0.0262  0.0261  0.0261
  0.0274  0.0269  0.0268  0.0269  0.0281  0.0279  0.0271  0.0282  0.0270  0.0269  0.0265  0.0265
  0.0291  0.0281  0.0278  0.0288  0.0310  0.0310  0.0285  0.0306  0.0281  0.0283  0.0272  0.0272
niter,ni,del,rscale     1    3    5.0000    1.2000
parameters
   -4.0521   15.5048   32.7611    0.4365  -12.4874   -5.3319
   -7.3556   -9.6711    5.8522   14.8393   12.5670  -15.9641
eta,q 0.97397 10.34875
  0.0291  0.0286  0.0274  0.0284  0.0300  0.0296  0.0285  0.0305  0.0280  0.0287  0.0273  0.0272
  0.0274  0.0272  0.0266  0.0274  0.0284  0.0284  0.0272  0.0282  0.0269  0.0273  0.0267  0.0265
  0.0264  0.0263  0.0261  0.0266  0.0270  0.0269  0.0264  0.0266  0.0263  0.0264  0.0262  0.0261
  0.0260  0.0260  0.0260  0.0260  0.0260  0.0260  0.0260  0.0260  0.0260  0.0260  0.0260  0.0260
  0.0263  0.0262  0.0263  0.0260  0.0262  0.0264  0.0263  0.0266  0.0263  0.0262  0.0261  0.0261
  0.0274  0.0269  0.0269  0.0269  0.0280  0.0279  0.0271  0.0282  0.0270  0.0269  0.0265  0.0265
  0.0291  0.0281  0.0278  0.0288  0.0310  0.0309  0.0285  0.0306  0.0281  0.0283  0.0272  0.0272
registration optimization eta report
parameter search radius
    2.4000    2.4000    2.4000    7.2000    9.5220    7.2000
    7.2000    7.2000    7.2000    7.2000    7.2000    7.2000
100000*second partial in parameter space
       54.       41.       28.        5.        5.        8.
        5.        9.        4.        5.        2.        2.
  0.0291  0.0286  0.0274  0.0284  0.0300  0.0296  0.0285  0.0305  0.0280  0.0287  0.0273  0.0272
  0.0274  0.0272  0.0266  0.0274  0.0284  0.0284  0.0272  0.0282  0.0269  0.0273  0.0267  0.0265
  0.0264  0.0263  0.0261  0.0266  0.0270  0.0269  0.0264  0.0266  0.0263  0.0264  0.0262  0.0261
  0.0260  0.0260  0.0260  0.0260  0.0260  0.0260  0.0260  0.0260  0.0260  0.0260  0.0260  0.0260
  0.0263  0.0262  0.0263  0.0260  0.0262  0.0264  0.0263  0.0266  0.0263  0.0262  0.0261  0.0261
  0.0274  0.0269  0.0269  0.0269  0.0280  0.0279  0.0271  0.0282  0.0270  0.0269  0.0265  0.0265
  0.0291  0.0281  0.0278  0.0288  0.0310  0.0309  0.0285  0.0306  0.0281  0.0283  0.0272  0.0272
   -4.0521   15.5048   32.7611    0.4365  -12.4874   -5.3319
   -7.3556   -9.6711    5.8522   14.8393   12.5670  -15.9641
eta,q 0.97397 10.34875

---------------------------------------------------------------------
imgreg_4dfp /opt/freesurfer/average/711-2C_as_mni_average_305 /opt/freesurfer/average/711-2B_as_mni_average_305_mask talsrcimg_g11 none talsrcimg_to_711-2C_as_mni_average_305_t4 2311
---------------------------------------------------------------------

freesurfer imgreg_4dfp.c
/opt/freesurfer/average/711-2C_as_mni_average_305.4dfp.img
       256       256       256         1
  1.000000  1.000000  1.000000
orientation T byte_order littleendian
Reading image: /opt/freesurfer/average/711-2C_as_mni_average_305.4dfp.img
dimensions:      256       256       256
mmppix:       1.0000   -1.0000   -1.0000
center:     128.0000 -129.0000 -129.0000
/opt/freesurfer/average/711-2B_as_mni_average_305_mask.4dfp.img
       256       256       256         1
  1.000000  1.000000  1.000000
orientation T byte_order littleendian
Reading mask: /opt/freesurfer/average/711-2B_as_mni_average_305_mask.4dfp.img (2306576 pixels)
talsrcimg_g11.4dfp.img
       256       256       256         1
  1.000000  1.000000  1.000000
orientation T byte_order littleendian
Reading image: talsrcimg_g11.4dfp.img
dimensions:      256       256       256
mmppix:       1.0000   -1.0000   -1.0000
center:     128.0000 -129.0000 -129.0000
fimgreg.f
image alignment mode   2311 decimal      907 hex
parameters
   -4.0521   15.5048   32.7611    0.4364  -12.4874   -5.3319
   -7.3556   -9.6711    5.8522   14.8393   12.5670  -15.9641
eta,q 0.97397 10.34876
niter,ni,del,rscale     5    3    5.0000    0.8000
parameters
   -4.0320   15.6080   32.5830    1.1412  -11.7619   -5.1070
   -7.2758   -9.6631    5.7017   15.2641   12.3309  -15.9122
eta,q 0.97417 10.39672
  0.0275  0.0272  0.0266  0.0274  0.0276  0.0282  0.0271  0.0281  0.0268  0.0272  0.0264  0.0264
  0.0267  0.0266  0.0262  0.0269  0.0269  0.0272  0.0264  0.0269  0.0262  0.0265  0.0261  0.0261
  0.0262  0.0262  0.0261  0.0264  0.0263  0.0263  0.0260  0.0261  0.0259  0.0260  0.0259  0.0259
  0.0260  0.0260  0.0260  0.0260  0.0259  0.0258  0.0258  0.0258  0.0258  0.0258  0.0258  0.0258
  0.0262  0.0261  0.0262  0.0259  0.0259  0.0261  0.0260  0.0261  0.0260  0.0259  0.0259  0.0259
  0.0266  0.0264  0.0264  0.0262  0.0262  0.0268  0.0263  0.0269  0.0263  0.0262  0.0261  0.0260
  0.0274  0.0269  0.0269  0.0270  0.0269  0.0279  0.0270  0.0281  0.0269  0.0268  0.0265  0.0263
niter,ni,del,rscale     4    3    5.0000    0.7000
parameters
   -4.0961   15.4856   32.6699    1.2352  -11.6540   -4.8722
   -7.1709   -9.7161    5.7569   15.0760   12.2791  -15.9051
eta,q 0.97420 10.40723
  0.0269  0.0265  0.0265  0.0269  0.0270  0.0278  0.0268  0.0276  0.0266  0.0266  0.0263  0.0262
  0.0263  0.0261  0.0261  0.0264  0.0264  0.0269  0.0263  0.0266  0.0262  0.0262  0.0260  0.0260
  0.0259  0.0259  0.0259  0.0261  0.0260  0.0261  0.0259  0.0260  0.0259  0.0259  0.0259  0.0258
  0.0258  0.0258  0.0258  0.0258  0.0258  0.0258  0.0258  0.0258  0.0258  0.0258  0.0258  0.0258
  0.0260  0.0260  0.0259  0.0258  0.0259  0.0260  0.0259  0.0260  0.0259  0.0259  0.0258  0.0258
  0.0264  0.0263  0.0260  0.0262  0.0262  0.0266  0.0262  0.0267  0.0261  0.0262  0.0260  0.0260
  0.0271  0.0268  0.0263  0.0270  0.0270  0.0275  0.0267  0.0277  0.0265  0.0268  0.0263  0.0262
niter,ni,del,rscale     3    3    5.0000    0.6000
parameters
   -4.1365   15.3919   32.8477    1.3453  -11.5260   -4.6711
   -7.1756   -9.7532    5.7847   14.8198   12.1587  -15.9533
eta,q 0.97424 10.41708
  0.0266  0.0263  0.0263  0.0266  0.0267  0.0274  0.0265  0.0271  0.0263  0.0264  0.0261  0.0260
  0.0261  0.0260  0.0261  0.0263  0.0263  0.0266  0.0261  0.0264  0.0260  0.0260  0.0259  0.0259
  0.0259  0.0258  0.0259  0.0260  0.0259  0.0260  0.0258  0.0259  0.0258  0.0258  0.0258  0.0258
  0.0258  0.0258  0.0258  0.0258  0.0258  0.0258  0.0258  0.0258  0.0258  0.0258  0.0258  0.0258
  0.0259  0.0259  0.0258  0.0258  0.0258  0.0259  0.0258  0.0259  0.0258  0.0259  0.0258  0.0258
  0.0262  0.0262  0.0259  0.0261  0.0261  0.0264  0.0261  0.0264  0.0260  0.0261  0.0259  0.0259
  0.0267  0.0265  0.0261  0.0267  0.0266  0.0270  0.0265  0.0272  0.0263  0.0266  0.0262  0.0261
niter,ni,del,rscale     2    3    5.0000    0.5000
parameters
   -4.1756   15.2890   33.0293    1.4587  -11.4021   -4.4985
   -7.1698   -9.7628    5.8393   14.5802   11.9996  -15.9884
eta,q 0.97426 10.42658
  0.0263  0.0261  0.0262  0.0264  0.0264  0.0269  0.0262  0.0267  0.0262  0.0261  0.0260  0.0259
  0.0260  0.0259  0.0260  0.0261  0.0261  0.0263  0.0260  0.0262  0.0259  0.0259  0.0258  0.0258
  0.0258  0.0258  0.0258  0.0259  0.0259  0.0259  0.0258  0.0258  0.0258  0.0258  0.0258  0.0258
  0.0258  0.0258  0.0258  0.0257  0.0257  0.0257  0.0257  0.0257  0.0257  0.0257  0.0257  0.0257
  0.0259  0.0258  0.0258  0.0258  0.0258  0.0258  0.0258  0.0259  0.0258  0.0258  0.0258  0.0258
  0.0261  0.0260  0.0258  0.0260  0.0260  0.0262  0.0260  0.0262  0.0259  0.0260  0.0259  0.0258
  0.0264  0.0263  0.0259  0.0264  0.0264  0.0267  0.0262  0.0267  0.0261  0.0263  0.0260  0.0259
niter,ni,del,rscale     1    3    5.0000    0.4000
parameters
   -4.2056   15.1879   33.1844    1.5603  -11.2905   -4.3582
   -7.1924   -9.7589    5.8936   14.3613   11.8747  -15.9631
eta,q 0.97428 10.43460
  0.0261  0.0260  0.0260  0.0262  0.0262  0.0265  0.0260  0.0264  0.0260  0.0260  0.0259  0.0258
  0.0259  0.0258  0.0259  0.0260  0.0259  0.0261  0.0259  0.0260  0.0258  0.0258  0.0258  0.0258
  0.0258  0.0257  0.0258  0.0258  0.0258  0.0258  0.0258  0.0258  0.0257  0.0257  0.0257  0.0257
  0.0257  0.0257  0.0257  0.0257  0.0257  0.0257  0.0257  0.0257  0.0257  0.0257  0.0257  0.0257
  0.0258  0.0258  0.0257  0.0257  0.0257  0.0258  0.0258  0.0258  0.0257  0.0258  0.0257  0.0257
  0.0259  0.0259  0.0258  0.0259  0.0259  0.0260  0.0259  0.0260  0.0258  0.0259  0.0258  0.0258
  0.0262  0.0261  0.0258  0.0262  0.0261  0.0263  0.0260  0.0264  0.0260  0.0261  0.0259  0.0258
registration optimization eta report
parameter search radius
    0.8000    0.8000    0.8000    2.4000    2.4000    2.4000
    2.4000    2.4000    2.4000    2.4000    2.4000    2.4000
100000*second partial in parameter space
       61.       46.       30.        8.        7.       12.
        6.       11.        5.        5.        3.        2.
  0.0261  0.0260  0.0260  0.0262  0.0262  0.0265  0.0260  0.0264  0.0260  0.0260  0.0259  0.0258
  0.0259  0.0258  0.0259  0.0260  0.0259  0.0261  0.0259  0.0260  0.0258  0.0258  0.0258  0.0258
  0.0258  0.0257  0.0258  0.0258  0.0258  0.0258  0.0258  0.0258  0.0257  0.0257  0.0257  0.0257
  0.0257  0.0257  0.0257  0.0257  0.0257  0.0257  0.0257  0.0257  0.0257  0.0257  0.0257  0.0257
  0.0258  0.0258  0.0257  0.0257  0.0257  0.0258  0.0258  0.0258  0.0257  0.0258  0.0257  0.0257
  0.0259  0.0259  0.0258  0.0259  0.0259  0.0260  0.0259  0.0260  0.0258  0.0259  0.0258  0.0258
  0.0262  0.0261  0.0258  0.0262  0.0261  0.0263  0.0260  0.0264  0.0260  0.0261  0.0259  0.0258
   -4.2056   15.1879   33.1844    1.5603  -11.2905   -4.3582
   -7.1924   -9.7589    5.8936   14.3613   11.8747  -15.9631
eta,q 0.97428 10.43460

---------------------------------------------------------------------
imgreg_4dfp /opt/freesurfer/average/711-2C_as_mni_average_305 /opt/freesurfer/average/711-2B_as_mni_average_305_mask talsrcimg_g11 none talsrcimg_to_711-2C_as_mni_average_305_t4 2311
---------------------------------------------------------------------

freesurfer imgreg_4dfp.c
/opt/freesurfer/average/711-2C_as_mni_average_305.4dfp.img
       256       256       256         1
  1.000000  1.000000  1.000000
orientation T byte_order littleendian
Reading image: /opt/freesurfer/average/711-2C_as_mni_average_305.4dfp.img
dimensions:      256       256       256
mmppix:       1.0000   -1.0000   -1.0000
center:     128.0000 -129.0000 -129.0000
/opt/freesurfer/average/711-2B_as_mni_average_305_mask.4dfp.img
       256       256       256         1
  1.000000  1.000000  1.000000
orientation T byte_order littleendian
Reading mask: /opt/freesurfer/average/711-2B_as_mni_average_305_mask.4dfp.img (2306576 pixels)
talsrcimg_g11.4dfp.img
       256       256       256         1
  1.000000  1.000000  1.000000
orientation T byte_order littleendian
Reading image: talsrcimg_g11.4dfp.img
dimensions:      256       256       256
mmppix:       1.0000   -1.0000   -1.0000
center:     128.0000 -129.0000 -129.0000
fimgreg.f
image alignment mode   2311 decimal      907 hex
parameters
   -4.2056   15.1879   33.1844    1.5603  -11.2905   -4.3582
   -7.1924   -9.7589    5.8936   14.3613   11.8747  -15.9631
eta,q 0.97428 10.43460
niter,ni,del,rscale     5    3    5.0000    0.8000
parameters
   -4.2141   15.1129   33.2532    1.0663  -11.4090   -4.2453
   -7.2395   -9.7118    6.0202   14.0759   11.8432  -15.8937
eta,q 0.97426 10.41929
  0.0273  0.0268  0.0265  0.0269  0.0272  0.0282  0.0269  0.0282  0.0268  0.0268  0.0264  0.0263
  0.0264  0.0262  0.0261  0.0264  0.0265  0.0271  0.0263  0.0269  0.0262  0.0262  0.0260  0.0260
  0.0259  0.0258  0.0258  0.0259  0.0260  0.0262  0.0259  0.0260  0.0259  0.0258  0.0258  0.0258
  0.0257  0.0257  0.0257  0.0257  0.0257  0.0258  0.0257  0.0257  0.0257  0.0257  0.0257  0.0257
  0.0259  0.0259  0.0258  0.0259  0.0259  0.0260  0.0259  0.0260  0.0258  0.0259  0.0258  0.0258
  0.0264  0.0263  0.0260  0.0266  0.0265  0.0268  0.0263  0.0268  0.0262  0.0264  0.0260  0.0259
  0.0273  0.0270  0.0264  0.0278  0.0275  0.0281  0.0270  0.0281  0.0267  0.0272  0.0264  0.0263
niter,ni,del,rscale     4    3    5.0000    0.7000
parameters
   -4.1919   15.1081   33.3328    1.1218  -11.3426   -4.1416
   -7.2997   -9.6809    6.0396   13.9974   11.7604  -15.9317
eta,q 0.97428 10.42300
  0.0269  0.0266  0.0264  0.0268  0.0270  0.0277  0.0267  0.0276  0.0265  0.0266  0.0262  0.0261
  0.0263  0.0261  0.0260  0.0264  0.0264  0.0268  0.0261  0.0266  0.0261  0.0261  0.0259  0.0259
  0.0259  0.0258  0.0258  0.0260  0.0259  0.0260  0.0258  0.0259  0.0258  0.0258  0.0258  0.0258
  0.0257  0.0257  0.0257  0.0257  0.0257  0.0257  0.0257  0.0257  0.0257  0.0257  0.0257  0.0257
  0.0259  0.0258  0.0258  0.0258  0.0258  0.0259  0.0258  0.0259  0.0258  0.0258  0.0258  0.0258
  0.0262  0.0261  0.0259  0.0262  0.0262  0.0266  0.0262  0.0266  0.0261  0.0262  0.0260  0.0259
  0.0269  0.0266  0.0263  0.0270  0.0270  0.0276  0.0267  0.0276  0.0265  0.0267  0.0263  0.0261
niter,ni,del,rscale     3    3    5.0000    0.6000
parameters
   -4.2031   15.0615   33.4062    1.2493  -11.2681   -4.0632
   -7.2797   -9.6726    6.0597   13.9320   11.6538  -15.9335
eta,q 0.97430 10.42971
  0.0266  0.0263  0.0262  0.0266  0.0267  0.0272  0.0264  0.0271  0.0263  0.0264  0.0261  0.0260
  0.0261  0.0260  0.0259  0.0262  0.0262  0.0265  0.0260  0.0263  0.0260  0.0260  0.0259  0.0258
  0.0258  0.0258  0.0258  0.0259  0.0259  0.0259  0.0258  0.0259  0.0258  0.0258  0.0257  0.0257
  0.0257  0.0257  0.0257  0.0257  0.0257  0.0257  0.0257  0.0257  0.0257  0.0257  0.0257  0.0257
  0.0258  0.0258  0.0257  0.0257  0.0258  0.0259  0.0258  0.0259  0.0258  0.0258  0.0257  0.0257
  0.0261  0.0261  0.0259  0.0260  0.0261  0.0264  0.0260  0.0263  0.0260  0.0260  0.0259  0.0258
  0.0266  0.0264  0.0261  0.0266  0.0266  0.0271  0.0264  0.0271  0.0263  0.0265  0.0261  0.0260
niter,ni,del,rscale     2    3    5.0000    0.5000
parameters
   -4.2212   15.0175   33.4685    1.3684  -11.1972   -4.0157
   -7.2817   -9.6688    6.0946   13.8658   11.5894  -15.9267
eta,q 0.97431 10.43564
  0.0263  0.0261  0.0260  0.0264  0.0264  0.0268  0.0262  0.0267  0.0261  0.0262  0.0260  0.0259
  0.0260  0.0259  0.0259  0.0261  0.0260  0.0262  0.0259  0.0261  0.0259  0.0259  0.0258  0.0258
  0.0258  0.0257  0.0258  0.0258  0.0258  0.0258  0.0257  0.0258  0.0257  0.0257  0.0257  0.0257
  0.0257  0.0257  0.0257  0.0257  0.0257  0.0257  0.0257  0.0257  0.0257  0.0257  0.0257  0.0257
  0.0258  0.0258  0.0257  0.0257  0.0257  0.0258  0.0257  0.0258  0.0257  0.0258  0.0257  0.0257
  0.0260  0.0259  0.0258  0.0259  0.0260  0.0262  0.0259  0.0262  0.0259  0.0259  0.0258  0.0258
  0.0263  0.0262  0.0260  0.0264  0.0264  0.0267  0.0262  0.0267  0.0261  0.0262  0.0260  0.0259
niter,ni,del,rscale     1    3    5.0000    0.4000
parameters
   -4.2337   14.9734   33.5165    1.4623  -11.1354   -3.9823
   -7.2924   -9.6701    6.1255   13.8031   11.5431  -15.9188
eta,q 0.97432 10.44056
  0.0261  0.0260  0.0259  0.0262  0.0261  0.0264  0.0260  0.0263  0.0260  0.0260  0.0259  0.0258
  0.0259  0.0258  0.0258  0.0259  0.0259  0.0260  0.0258  0.0260  0.0258  0.0258  0.0258  0.0257
  0.0257  0.0257  0.0257  0.0258  0.0258  0.0258  0.0257  0.0258  0.0257  0.0257  0.0257  0.0257
  0.0257  0.0257  0.0257  0.0257  0.0257  0.0257  0.0257  0.0257  0.0257  0.0257  0.0257  0.0257
  0.0257  0.0257  0.0257  0.0257  0.0257  0.0258  0.0257  0.0258  0.0257  0.0257  0.0257  0.0257
  0.0259  0.0259  0.0258  0.0259  0.0259  0.0260  0.0258  0.0260  0.0258  0.0258  0.0258  0.0257
  0.0261  0.0260  0.0259  0.0261  0.0261  0.0264  0.0260  0.0263  0.0259  0.0260  0.0259  0.0258
registration optimization eta report
parameter search radius
    0.8000    0.8000    0.8000    2.4000    2.4000    2.4000
    2.4000    2.4000    2.4000    2.4000    2.4000    2.4000
100000*second partial in parameter space
       63.       47.       31.        8.        8.       13.
        6.       11.        5.        6.        3.        2.
  0.0261  0.0260  0.0259  0.0262  0.0261  0.0264  0.0260  0.0263  0.0260  0.0260  0.0259  0.0258
  0.0259  0.0258  0.0258  0.0259  0.0259  0.0260  0.0258  0.0260  0.0258  0.0258  0.0258  0.0257
  0.0257  0.0257  0.0257  0.0258  0.0258  0.0258  0.0257  0.0258  0.0257  0.0257  0.0257  0.0257
  0.0257  0.0257  0.0257  0.0257  0.0257  0.0257  0.0257  0.0257  0.0257  0.0257  0.0257  0.0257
  0.0257  0.0257  0.0257  0.0257  0.0257  0.0258  0.0257  0.0258  0.0257  0.0257  0.0257  0.0257
  0.0259  0.0259  0.0258  0.0259  0.0259  0.0260  0.0258  0.0260  0.0258  0.0258  0.0258  0.0257
  0.0261  0.0260  0.0259  0.0261  0.0261  0.0264  0.0260  0.0263  0.0259  0.0260  0.0259  0.0258
   -4.2337   14.9734   33.5165    1.4623  -11.1354   -3.9823
   -7.2924   -9.6701    6.1255   13.8031   11.5431  -15.9188
eta,q 0.97432 10.44056

---------------------------------------------------------------------
compute_vox2vox talsrcimg talsrcimg_to_711-2C_as_mni_average_305_t4 /opt/freesurfer/average/711-2C_as_mni_average_305
---------------------------------------------------------------------

freesurfer compute_vox2vox.c
Reading: talsrcimg.4dfp.ifh
Reading: talsrcimg_to_711-2C_as_mni_average_305_t4
Reading: /opt/freesurfer/average/711-2C_as_mni_average_305.4dfp.ifh
Writing: talsrcimg_to_711-2C_as_mni_average_305_t4_vox2vox.txt

start time Sun Mar 8 20:30:23 CET 2026
end		time Sun Mar 8 20:31:49 CET 2026

mpr2mni305 success

avi2talxfm orig_nu.mgz /opt/freesurfer/average/mni305.cor.mgz talsrcimg_to_711-2C_as_mni_average_305_t4_vox2vox.txt transforms/talairach.auto.xfm
avi2talxfm done
mv -f /out/sourcedata/freesurfer/sub-v1s15x0050188_ses-1/mri/talsrcimg_to_711-2C_as_mni_average_305_t4_vox2vox.txt /out/sourcedata/freesurfer/sub-v1s15x0050188_ses-1/mri/transforms/talsrcimg_to_711-2C_as_mni_average_305_t4_vox2vox.txt
lta_convert --src orig_nu.mgz --trg /opt/freesurfer/average/mni305.cor.mgz --inxfm transforms/talairach.auto.xfm --outlta transforms/talairach.auto.xfm.lta --subject fsaverage
7.3.2

--src: orig_nu.mgz src image (geometry).
--trg: /opt/freesurfer/average/mni305.cor.mgz trg image (geometry).
--inmni: transforms/talairach.auto.xfm input MNI/XFM transform.
--outlta: transforms/talairach.auto.xfm.lta output LTA.
--s: fsaverage subject name
 LTA read, type : 1
 0.97030   0.08411   0.09469  -0.91443;
-0.12453   1.00453   0.16973  -25.95987;
-0.04754  -0.16183   1.09242   12.02373;
 0.00000   0.00000   0.00000   1.00000;
setting subject to fsaverage
Writing  LTA to file transforms/talairach.auto.xfm.lta...
lta_convert successful.
 
 
Started at Sun Mar 8 20:30:23 CET 2026
Ended   at Sun Mar  8 20:31:49 CET 2026
talairach_avi done
