status file for recon-all
Sun Mar  8 22:33:50 CET 2026
#@# Tessellate rh Sun Mar  8 22:33:50 CET 2026
#@# Smooth1 rh Sun Mar  8 22:33:54 CET 2026
#@# Inflation1 rh Sun Mar  8 22:33:56 CET 2026
#@# QSphere rh Sun Mar  8 22:34:04 CET 2026
#@# Fix Topology rh Sun Mar  8 22:34:48 CET 2026
#@# Smooth2 rh Sun Mar  8 22:42:16 CET 2026
#@# Inflation2 rh Sun Mar  8 22:42:18 CET 2026
#@# Curv .H and .K rh Sun Mar  8 22:42:27 CET 2026
#@# Sphere rh Sun Mar  8 22:43:05 CET 2026
#@# Surf Reg rh Sun Mar  8 22:46:51 CET 2026
#@# Jacobian white rh Sun Mar  8 22:49:39 CET 2026
#@# AvgCurv rh Sun Mar  8 22:49:40 CET 2026
#@# Cortical Parc rh Sun Mar  8 22:49:40 CET 2026
#@# white curv rh Sun Mar  8 22:54:24 CET 2026
#@# white area rh Sun Mar  8 22:54:25 CET 2026
#@# pial curv rh Sun Mar  8 22:54:26 CET 2026
#@# pial area rh Sun Mar  8 22:54:27 CET 2026
#@# thickness rh Sun Mar  8 22:54:28 CET 2026
#@# area and vertex vol rh Sun Mar  8 22:54:51 CET 2026
#@# Curvature Stats rh Sun Mar  8 22:54:52 CET 2026
#@# Cortical Parc 2 rh Sun Mar  8 22:54:54 CET 2026
#@# Cortical Parc 3 rh Sun Mar  8 22:55:05 CET 2026
#@# WM/GM Contrast rh Sun Mar  8 22:55:13 CET 2026
recon-all -s sub-v1s15x0050192_ses-1 finished without error at Sun Mar  8 22:55:15 CET 2026



#New# invocation of recon-all 



status file for recon-all
Sun Mar  8 23:00:13 CET 2026
#@# white curv rh Sun Mar  8 23:00:13 CET 2026
#@# white area rh Sun Mar  8 23:00:13 CET 2026
#@# pial curv rh Sun Mar  8 23:00:13 CET 2026
#@# pial area rh Sun Mar  8 23:00:13 CET 2026
#@# thickness rh Sun Mar  8 23:00:13 CET 2026
#@# area and vertex vol rh Sun Mar  8 23:00:13 CET 2026
#@# Parcellation Stats rh Sun Mar  8 23:00:13 CET 2026
#@# Parcellation Stats 2 rh Sun Mar  8 23:00:26 CET 2026
#@# Parcellation Stats 3 rh Sun Mar  8 23:00:32 CET 2026
#@# BA_exvivo Labels rh Sun Mar  8 23:00:39 CET 2026
recon-all -s sub-v1s15x0050192_ses-1 finished without error at Sun Mar  8 23:02:36 CET 2026
