status file for recon-all
Sun Mar  8 20:31:29 CET 2026
#@# MotionCor Sun Mar  8 20:31:31 CET 2026
#@# Talairach Sun Mar  8 20:31:38 CET 2026
#@# Talairach Failure Detection Sun Mar  8 20:36:01 CET 2026
#@# Nu Intensity Correction Sun Mar  8 20:36:01 CET 2026
#@# Intensity Normalization Sun Mar  8 20:39:14 CET 2026
recon-all -s sub-v1s15x0050192_ses-1 finished without error at Sun Mar  8 20:40:45 CET 2026



#New# invocation of recon-all 



status file for recon-all
Sun Mar  8 20:47:19 CET 2026
#@# EM Registration Sun Mar  8 20:47:19 CET 2026
recon-all -s sub-v1s15x0050192_ses-1 finished without error at Sun Mar  8 20:49:27 CET 2026



#New# invocation of recon-all 



status file for recon-all
Sun Mar  8 20:49:32 CET 2026
#@# CA Normalize Sun Mar  8 20:49:32 CET 2026
#@# CA Reg Sun Mar  8 20:50:53 CET 2026
#@# SubCort Seg Sun Mar  8 21:33:13 CET 2026
#@# CC Seg Sun Mar  8 22:04:47 CET 2026
#@# Merge ASeg Sun Mar  8 22:05:20 CET 2026
#@# Intensity Normalization2 Sun Mar  8 22:05:20 CET 2026
#@# Mask BFS Sun Mar  8 22:07:32 CET 2026
#@# WM Segmentation Sun Mar  8 22:07:33 CET 2026
#@# Fill Sun Mar  8 22:09:25 CET 2026
recon-all -s sub-v1s15x0050192_ses-1 finished without error at Sun Mar  8 22:10:26 CET 2026



#New# invocation of recon-all 



status file for recon-all
Sun Mar  8 22:55:21 CET 2026
#@# white curv lh Sun Mar  8 22:55:21 CET 2026
#@# white area lh Sun Mar  8 22:55:21 CET 2026
#@# pial curv lh Sun Mar  8 22:55:21 CET 2026
#@# pial area lh Sun Mar  8 22:55:21 CET 2026
#@# thickness lh Sun Mar  8 22:55:21 CET 2026
#@# area and vertex vol lh Sun Mar  8 22:55:21 CET 2026
#@# white curv rh Sun Mar  8 22:55:21 CET 2026
#@# white area rh Sun Mar  8 22:55:21 CET 2026
#@# pial curv rh Sun Mar  8 22:55:21 CET 2026
#@# pial area rh Sun Mar  8 22:55:21 CET 2026
#@# thickness rh Sun Mar  8 22:55:21 CET 2026
#@# area and vertex vol rh Sun Mar  8 22:55:21 CET 2026
#@# Cortical ribbon mask Sun Mar  8 22:55:21 CET 2026
recon-all -s sub-v1s15x0050192_ses-1 finished without error at Sun Mar  8 22:57:57 CET 2026



#New# invocation of recon-all 



status file for recon-all
Sun Mar  8 23:02:43 CET 2026
#@# white curv lh Sun Mar  8 23:02:43 CET 2026
#@# white area lh Sun Mar  8 23:02:43 CET 2026
#@# pial curv lh Sun Mar  8 23:02:43 CET 2026
#@# pial area lh Sun Mar  8 23:02:43 CET 2026
#@# thickness lh Sun Mar  8 23:02:43 CET 2026
#@# area and vertex vol lh Sun Mar  8 23:02:43 CET 2026
#@# white curv rh Sun Mar  8 23:02:43 CET 2026
#@# white area rh Sun Mar  8 23:02:43 CET 2026
#@# pial curv rh Sun Mar  8 23:02:43 CET 2026
#@# pial area rh Sun Mar  8 23:02:43 CET 2026
#@# thickness rh Sun Mar  8 23:02:43 CET 2026
#@# area and vertex vol rh Sun Mar  8 23:02:43 CET 2026
#@# Curvature Stats lh Sun Mar  8 23:02:43 CET 2026
#@# Curvature Stats rh Sun Mar  8 23:02:44 CET 2026
#@# Relabel Hypointensities Sun Mar  8 23:02:46 CET 2026
#@# APas-to-ASeg Sun Mar  8 23:02:59 CET 2026
#@# AParc-to-ASeg aparc Sun Mar  8 23:03:05 CET 2026
#@# AParc-to-ASeg aparc.a2009s Sun Mar  8 23:03:22 CET 2026
#@# AParc-to-ASeg aparc.DKTatlas Sun Mar  8 23:03:39 CET 2026
#@# WMParc Sun Mar  8 23:03:58 CET 2026
#@# ASeg Stats Sun Mar  8 23:07:23 CET 2026
recon-all -s sub-v1s15x0050192_ses-1 finished without error at Sun Mar  8 23:07:52 CET 2026
