status file for recon-all
Sun Mar  8 22:10:30 CET 2026
#@# Tessellate lh Sun Mar  8 22:10:30 CET 2026
#@# Smooth1 lh Sun Mar  8 22:10:34 CET 2026
#@# Inflation1 lh Sun Mar  8 22:10:36 CET 2026
#@# QSphere lh Sun Mar  8 22:10:44 CET 2026
#@# Fix Topology lh Sun Mar  8 22:11:28 CET 2026
#@# Smooth2 lh Sun Mar  8 22:22:35 CET 2026
#@# Inflation2 lh Sun Mar  8 22:22:37 CET 2026
#@# Curv .H and .K lh Sun Mar  8 22:22:44 CET 2026
#@# Sphere lh Sun Mar  8 22:23:18 CET 2026
#@# Surf Reg lh Sun Mar  8 22:25:45 CET 2026
#@# Jacobian white lh Sun Mar  8 22:28:11 CET 2026
#@# AvgCurv lh Sun Mar  8 22:28:11 CET 2026
#@# Cortical Parc lh Sun Mar  8 22:28:12 CET 2026
#@# white curv lh Sun Mar  8 22:33:01 CET 2026
#@# white area lh Sun Mar  8 22:33:02 CET 2026
#@# pial curv lh Sun Mar  8 22:33:02 CET 2026
#@# pial area lh Sun Mar  8 22:33:03 CET 2026
#@# thickness lh Sun Mar  8 22:33:04 CET 2026
#@# area and vertex vol lh Sun Mar  8 22:33:25 CET 2026
#@# Curvature Stats lh Sun Mar  8 22:33:26 CET 2026
#@# Cortical Parc 2 lh Sun Mar  8 22:33:27 CET 2026
#@# Cortical Parc 3 lh Sun Mar  8 22:33:37 CET 2026
#@# WM/GM Contrast lh Sun Mar  8 22:33:44 CET 2026
recon-all -s sub-v1s15x0050192_ses-1 finished without error at Sun Mar  8 22:33:46 CET 2026



#New# invocation of recon-all 



status file for recon-all
Sun Mar  8 22:58:01 CET 2026
#@# white curv lh Sun Mar  8 22:58:01 CET 2026
#@# white area lh Sun Mar  8 22:58:01 CET 2026
#@# pial curv lh Sun Mar  8 22:58:01 CET 2026
#@# pial area lh Sun Mar  8 22:58:01 CET 2026
#@# thickness lh Sun Mar  8 22:58:01 CET 2026
#@# area and vertex vol lh Sun Mar  8 22:58:01 CET 2026
#@# Parcellation Stats lh Sun Mar  8 22:58:01 CET 2026
#@# Parcellation Stats 2 lh Sun Mar  8 22:58:12 CET 2026
#@# Parcellation Stats 3 lh Sun Mar  8 22:58:17 CET 2026
#@# BA_exvivo Labels lh Sun Mar  8 22:58:23 CET 2026
recon-all -s sub-v1s15x0050192_ses-1 finished without error at Sun Mar  8 23:00:11 CET 2026
